

제목 : 23.01.12(목) 조교현황

  ※기승자범례(조:조교사, 관:주로조교, 기:기수, 후:기수후보생)
  ※비고(금:금주출전예정마, 차:차주출전예정마, 특:특대상경주출전예정마)
  ※금주, 차주 또는 특별 대상경주 출전예상마는 출전신청 결과 및
  조교사의 의사에 따라 변동될 수 있는 미확정된 자료이오니 참고하시기 바랍니다.
━━━━━━━━━━━━━━━━━━━━━━━━━━━━━━━━━━━━━━━
  순 소속조 - 조번 마명              기승자 입장시각  퇴장시각  조교시간 비고
━━━━━━━━━━━━━━━━━━━━━━━━━━━━━━━━━━━━━━━
  1  1조(백광열)43 다함께달리자        기   06:00     06:10       0:10   금
  2  1조(백광열)40 닥터넥스트          관   07:11     07:25       0:14   차
  3  1조(백광열)12 닥터샤크            기   07:45     07:57       0:12   금
  4  1조(백광열)22 닥터시저            기   07:44     07:56       0:12   금
  5  1조(백광열)29 닥터오스카          관   09:09     09:28       0:19   차
  6  1조(백광열)24 닥터위키            관   07:09     07:24       0:15   차
  7  1조(백광열)16 닥터카슨            관   06:44     07:00       0:16   차
  8  1조(백광열) 9 닥터콩돌이          기   06:01     06:12       0:11   금
  9  1조(백광열) 6 닥터쿠쿠            관   08:35     08:49       0:14   금
 10  1조(백광열) 4 닥터테이크          관   09:11     09:25       0:14   차
 11  1조(백광열)30 닥터페로            관   06:26     06:46       0:20   차
 12  1조(백광열)15 닥터페르시아        기   06:22     06:30       0:08   금
 13  1조(백광열)39 닥터펜타곤          기   07:04     07:16       0:12   금
 14  1조(백광열)19 달릴래요            기   06:21     06:31       0:10   금
 15  1조(백광열)26 두무산              관   08:30     08:46       0:16   차
 16  1조(백광열) 8 두바이원정대        관   06:26     06:46       0:20   차
 17  1조(백광열)38 벌마의스타          관   07:56     08:13       0:17   금
 18  1조(백광열)13 아델보스            관   07:51     08:06       0:15   차
 19  1조(백광열) 3 아델스텔라          관   07:52     08:07       0:15   차
 20  1조(백광열)36 아델앨리스          관   07:52     08:07       0:15   차
 21  1조(백광열)25 아델축배            관   08:35     08:49       0:14   차
 22  1조(백광열)35 아델크라운          관   07:29     07:48       0:19   차
 23  1조(백광열) 2 아델플라이          관   06:01     06:15       0:14   차
 24  1조(백광열)11 아르크투루스        관   09:05     09:24       0:19   차
 25  1조(백광열)32 알파송당            관   08:35     08:49       0:14   금
 26  1조(백광열)42 에이스호랑이        관   07:54     08:12       0:18   차
 27  1조(백광열)18 영천솔레미오        관   06:04     06:21       0:17   금
 28  1조(백광열)34 킹그레이스          기   06:25     06:35       0:10   금
 29  1조(백광열) 7 파인의꿈            관   07:03     07:26       0:23   차
 30  1조(백광열)27 화랑베스트          기   06:50     07:07       0:17   차
 31  1조(백광열)37 화랑에이스          기   07:02     07:15       0:13   차
 32  2조(강형곤)36 그린치타            기   06:24     06:38       0:14   금
 33  2조(강형곤)20 노블카우보이        기   06:52     07:03       0:11   금
 34  2조(강형곤)34 더히트              관   07:52     08:07       0:15   차
 35  2조(강형곤)38 동부스타            기   06:00     06:06       0:06   차
 36  2조(강형곤)14 마더마운틴          관   06:00     06:18       0:18   차
 37  2조(강형곤) 5 마이플레저          관   07:37     07:54       0:17   차
 38  2조(강형곤)45 매직스위티          관   06:29     06:47       0:18   차
 39  2조(강형곤)27 불의검              관   06:00     06:18       0:18   차
 40  2조(강형곤)43 불의산              기   06:01     06:10       0:09   금
 41  2조(강형곤)15 불의여신            관   06:58     07:14       0:16   차
 42  2조(강형곤)17 불의축제            관   06:00     06:17       0:17   차
 43  2조(강형곤)12 비케이갤럽          관   07:52     08:07       0:15   차
 44  2조(강형곤)44 비케이누마          기   07:13     07:22       0:09   금
 45  2조(강형곤) 8 비케이마셜          관   06:29     06:45       0:16   금
 46  2조(강형곤)11 비케이하나          관   07:29     07:43       0:14   차
 47  2조(강형곤) 3 서귀플래시          기   07:35     07:45       0:10   금
 48  2조(강형곤)29 스파이스인디        기   06:00     06:10       0:10   차
 49  2조(강형곤)25 스페셜로드          관   06:59     07:18       0:19   차
 50  2조(강형곤)24 스페셜존            기   05:59     06:07       0:08   금
 51  2조(강형곤)16 아너로드            관   06:29     06:46       0:17   차
 52  2조(강형곤)23 언브레이크          관   07:27     07:43       0:16   차
 53  2조(강형곤)13 용상운기            관   06:29     06:45       0:16   차
 54  2조(강형곤) 2 최강총알            관   06:00     06:11       0:11   차
 55  2조(강형곤) 7 황우장사            관   06:59     07:23       0:24   차
 56  2조(강형곤) 9 황우퍼스트          관   06:59     07:23       0:24   차
 57  3조(문현철)14 대호나라            관   08:17     08:32       0:15   차
 58  3조(문현철)11 레몬불패            기   08:34     09:01       0:27   차
 59  3조(문현철)10 레이디버그          관   09:20     09:47       0:27   차
 60  3조(문현철) 7 매직챔프            관   08:34     09:01       0:27   차
 61  3조(문현철)18 삼바스텝            기   07:51     08:14       0:23   차
 62  3조(문현철)19 스마일킹            관   06:51     07:13       0:22   차
 63  3조(문현철)16 영광의파이트        기   07:49     08:05       0:16   차
 64  3조(문현철) 1 올오어낫싱          관   07:12     07:33       0:21   차
 65  3조(문현철)21 운주스타            관   06:14     06:33       0:19   차
 66  3조(문현철)23 청담드라이브        관   06:16     06:31       0:15   차
 67  3조(문현철)15 테이아              기   07:23     07:39       0:16   금
 68  3조(문현철) 5 톱메이트            기   07:24     07:39       0:15   금
 69  3조(문현철) 8 판타스틱맨          관   09:06     09:15       0:09   차
 70  3조(문현철) 3 포인트포지션        관   09:20     09:47       0:27   차
 71  3조(문현철)20 하마                기   07:52     08:14       0:22   차
 72  3조(문현철) 6 해피노던            기   07:31     07:45       0:14   차
 73  4조(임금만)13 가디언엔젤          기   08:26     08:35       0:09   금
 74  4조(임금만)36 글로벌여제          관   07:04     07:19       0:15   차
 75  4조(임금만)22 다이아몬드마린      관   07:54     08:12       0:18   차
 76  4조(임금만)11 릴리즈에디션        기   06:36     06:45       0:09   금
 77  4조(임금만)35 모스트래피드        관   06:00     06:06       0:06   차
 78  4조(임금만) 8 백투더레전드        관   07:29     07:46       0:17   차
 79  4조(임금만) 4 선더퓨리            관   07:14     07:32       0:18   차
 80  4조(임금만)31 스카이샷            관   06:06     06:23       0:17   차
 81  4조(임금만)10 시에라선셋          기   06:21     06:37       0:16   차
 82  4조(임금만)27 에코선              관   06:00     06:10       0:10   차
 83  4조(임금만) 6 영광의라이더        관   06:33     06:39       0:06   차
 84  4조(임금만)19 영광의레전드        관   07:14     07:32       0:18   차
 85  4조(임금만)20 영광의탱크          기   08:11     08:25       0:14   금
 86  4조(임금만)29 영광의함성          기   06:00     06:10       0:10   차
 87  4조(임금만)21 워리어클래스        관   06:41     06:52       0:11   금
 88  4조(임금만)33 장산도끼            관   07:53     08:12       0:19   차
 89  4조(임금만) 2 천년의약속          관   06:43     06:53       0:10   차
 90  4조(임금만)39 퀸오브스피릿        기   08:15     08:29       0:14   금
 91  4조(임금만)12 판타스틱로드        관   07:51     08:03       0:12   차
 92  4조(임금만) 3 판타스틱챔프        관   08:30     08:41       0:11   차
 93  4조(임금만)15 호랭이              관   07:09     07:19       0:10   차
 94  4조(임금만)26 황우머니            관   06:06     06:23       0:17   차
 95  6조(구영준)13 날라                관   07:08     07:41       0:33   차
 96  6조(구영준)21 대호누리            기   06:42     06:58       0:16   차
 97  6조(구영준)20 대호마              기   07:33     07:46       0:13   차
 98  6조(구영준)10 렛츠고고            관   06:29     06:49       0:20   차
 99  6조(구영준) 6 마하메루            조   07:57     08:17       0:20   차
100  6조(구영준) 4 바벨포세이돈        관   08:15     08:41       0:26   차
101  6조(구영준)28 베스트윈드          기   07:26     07:39       0:13   금
102  6조(구영준)14 운주글로벌          관   08:49     08:59       0:10   차
103  6조(구영준)25 운주오름            관   07:13     07:21       0:08   금
104  6조(구영준) 9 제타드림            관   06:28     06:49       0:21   차
105  6조(구영준)17 최강라이거          기   07:38     07:49       0:11   금
106  6조(구영준) 7 최강위크            관   07:08     07:40       0:32   차
107  6조(구영준) 1 탑드림              기   06:44     06:56       0:12   금
108  6조(구영준)26 판타스틱러브        관   08:25     08:37       0:12   차
109  7조(김병학)27 골드프린스          관   06:00     06:24       0:24   차
110  7조(김병학)19 네임드              관   07:03     07:17       0:14   차
111  7조(김병학)13 마스터로드          관   07:30     07:52       0:22   차
112  7조(김병학)17 매직일레븐          관   07:50     08:02       0:12   차
113  7조(김병학) 8 맨오브더이어        관   06:01     06:28       0:27   차
114  7조(김병학) 7 아이윌비프리        관   06:56     07:09       0:13   차
115  7조(김병학)12 원픽                관   06:45     07:00       0:15   차
116  7조(김병학)25 최강마린            기   06:00     06:21       0:21   차
117  7조(김병학)10 치어풀라이프        기   08:07     08:19       0:12   금
118  7조(김병학)23 캐치더빅토리        관   06:00     06:11       0:11   차
119  7조(김병학)20 킹오브글로리        기   07:02     07:14       0:12   금
120  7조(김병학) 6 킹오브더이어        관   06:35     06:56       0:21   차
121  7조(김병학) 5 파이널세븐          기   06:56     07:11       0:15   금
122  7조(김병학)18 해브어굿이어        관   07:30     07:52       0:22   차
123  8조(토마스) 1 그레이트굿          기   06:40     06:51       0:11   금
124  8조(토마스)25 꽃무리              기   06:00     06:08       0:08   차
125  8조(토마스)15 라인브레이커        관   06:55     07:02       0:07   금
126  8조(토마스)10 렛잇고              관   06:53     07:04       0:11   금
127  8조(토마스) 3 로키스카이          관   06:00     06:14       0:14   금
128  8조(토마스)17 무비모어            기   06:43     06:54       0:11   차
129  8조(토마스)31 뮤직박스            관   06:29     06:44       0:15   차
130  8조(토마스) 4 바벨드리머          관   06:15     06:24       0:09   차
131  8조(토마스)39 서부캣              관   06:29     06:45       0:16   금
132  8조(토마스)22 성원스타            관   06:00     06:08       0:08   차
133  8조(토마스)26 에이스굿잡          관   07:16     07:37       0:21   차
134  8조(토마스) 7 에이스포텐          관   07:00     07:05       0:05   차
135  8조(토마스)11 영광의에이스        기   06:00     06:09       0:09   금
136  8조(토마스)19 원더풀앤도버        관   07:17     07:34       0:17   차
137  8조(토마스)42 원더풀어필          기   06:00     06:08       0:08   차
138  8조(토마스) 6 원더풀임팩트        기   06:00     06:08       0:08   차
139  8조(토마스) 9 웨이팅포유          관   07:48     07:56       0:08   차
140  8조(토마스)37 으뜸이              기   06:01     06:12       0:11   금
141  8조(토마스)34 천마파워            관   06:00     06:07       0:07   차
142  8조(토마스)30 카르페바벨          관   06:00     06:09       0:09   차
143  8조(토마스)18 판타스틱데이        기   06:49     07:02       0:13   금
144  8조(토마스) 5 판타스틱타임        관   06:30     06:40       0:10   차
145  8조(토마스)32 플레이더인디        기   06:00     06:09       0:09   금
146  8조(토마스) 2 화랑스카이          관   06:46     06:51       0:05   차
147  9조(양귀선)35 그래핀랩월드        관   06:27     06:40       0:13   차
148  9조(양귀선)14 그랜드선            기   06:00     06:17       0:17   차
149  9조(양귀선)37 당대블루            기   06:21     06:36       0:15   금
150  9조(양귀선)34 대지초이스          관   06:00     06:21       0:21   차
151  9조(양귀선) 6 로드투브이          기   06:19     06:29       0:10   차
152  9조(양귀선)29 로드투퀸            기   06:42     06:54       0:12   차
153  9조(양귀선)40 로키블리스          기   06:17     06:30       0:13   차
154  9조(양귀선)21 마르카브            관   07:52     08:07       0:15   차
155  9조(양귀선)16 바벨선샤인          관   06:59     07:14       0:15   차
156  9조(양귀선)32 바벨하트            관   06:47     06:58       0:11   차
157  9조(양귀선) 8 뷰티풀킹            기   06:34     06:46       0:12   차
158  9조(양귀선)11 아이러브한센        관   07:24     07:45       0:21   차
159  9조(양귀선)18 에브리킹이지        관   07:16     07:29       0:13   차
160  9조(양귀선) 3 온누리질주          관   07:00     07:17       0:17   금
161  9조(양귀선)23 온누리축제          기   06:41     06:53       0:12   차
162  9조(양귀선)10 우승무패            기   07:19     07:32       0:13   차
163  9조(양귀선)33 원더풀킹            관   07:41     07:55       0:14   차
164  9조(양귀선)24 케이아이            기   06:21     06:39       0:18   금
165  9조(양귀선)41 켈리퀸              기   06:15     06:30       0:15   금
166  9조(양귀선) 9 파이트패밀리        기   06:00     06:12       0:12   차
167  9조(양귀선)17 퓨어매직            기   06:18     06:29       0:11   금
168  9조(양귀선) 4 하늘강자            관   08:15     08:33       0:18   차
169  9조(양귀선)13 하늘전사            관   08:08     08:20       0:12   차
170  9조(양귀선)31 하늘질주            기   06:31     06:47       0:16   금
171  9조(양귀선)12 핼러윈파티          관   06:02     06:17       0:15   차
172 10조(구민성) 3 그레이트캡틴        기   06:59     07:10       0:11   금
173 10조(구민성)13 니콜라스지          관   07:19     07:40       0:21   차
174 10조(구민성)27 대지플라이          기   06:58     07:08       0:10   금
175 10조(구민성)11 마이티스톰          관   06:17     06:32       0:15   차
176 10조(구민성) 4 모로                관   06:13     06:31       0:18   차
177 10조(구민성) 7 블루카슨            기   06:59     07:09       0:10   금
178 10조(구민성)30 샤인몬스터          기   07:00     07:09       0:09   금
179 10조(구민성) 6 서던킹              관   08:30     08:49       0:19   차
180 10조(구민성) 8 스카이팔콘          관   07:54     08:13       0:19   차
181 10조(구민성)25 스피드마스트        기   06:17     06:26       0:09   금
182 10조(구민성)21 신진강호            기   06:17     06:26       0:09   금
183 10조(구민성) 9 신해망치            관   07:54     08:18       0:24   차
184 10조(구민성)10 씽가                관   07:54     08:13       0:19   차
185 10조(구민성)22 영봉산              기   06:45     06:54       0:09   금
186 10조(구민성)16 이터널에이스        기   07:16     07:29       0:13   금
187 10조(구민성) 1 크레이지콘티        관   06:45     07:03       0:18   차
188 10조(구민성)17 패션포스원          관   06:55     07:16       0:21   차
189 10조(구민성) 5 한강세이버          기   06:37     06:47       0:10   금
190 10조(구민성) 2 함평이즈백          기   07:39     07:48       0:09   금
191 10조(구민성)20 해피브리애나        관   06:05     06:22       0:17   차
192 11조(김영민) 2 그래핀킹            기   07:46     07:59       0:13   금
193 11조(김영민)15 기적의금빛          관   07:42     08:01       0:19   차
194 11조(김영민) 8 기적의적토마        관   06:03     06:17       0:14   차
195 11조(김영민) 6 나이스투데이        관   07:48     07:59       0:11   금
196 11조(김영민)14 맨오브더월드        관   07:06     07:18       0:12   차
197 11조(김영민)19 메니글로리          관   06:06     06:26       0:20   차
198 11조(김영민)23 벌교의꿈            기   07:56     08:17       0:21   차
199 11조(김영민) 5 블루챔프            관   06:04     06:20       0:16   차
200 11조(김영민) 4 석세스프런트        관   06:06     06:26       0:20   차
201 11조(김영민)16 석세스플라잉        관   07:56     08:18       0:22   차
202 11조(김영민)24 순천여왕            관   07:42     08:08       0:26   차
203 11조(김영민)10 스카이마운틴        기   07:25     07:35       0:10   금
204 11조(김영민)13 에이스킬러          관   06:04     06:20       0:16   차
205 11조(김영민) 9 영원파워            관   07:00     07:24       0:24   차
206 11조(김영민)17 와일드아델          관   07:00     07:23       0:23   차
207 11조(김영민)11 캐치더스카이        기   07:06     07:19       0:13   금
208 11조(김영민) 7 폭풍언덕            조   06:00     06:32       0:32   차
209 11조(김영민) 1 해운대전설          기   06:50     07:07       0:17   금
210 12조(조용배)10 남도일등            기   06:42     06:53       0:11   금
211 12조(조용배)12 리벤지쿠로          기   06:56     07:10       0:14   금
212 12조(조용배) 6 배다리아이콘        관   06:01     06:13       0:12   차
213 12조(조용배)20 스타티세            관   07:29     07:39       0:10   차
214 12조(조용배)24 엑톤파워            관   07:14     07:24       0:10   차
215 12조(조용배)15 윈드하이            기   07:02     07:14       0:12   금
216 12조(조용배)21 유핑                기   06:39     06:50       0:11   금
217 12조(조용배)13 천마하서            기   07:26     07:37       0:11   금
218 12조(조용배)16 청마영웅            기   08:36     08:46       0:10   금
219 12조(조용배) 8 캡틴찰리            조   08:46     09:08       0:22   차
220 12조(조용배) 7 쾌한황금            기   06:39     06:51       0:12   금
221 12조(조용배)29 태풍의축제          기   06:37     06:49       0:12   금
222 12조(조용배)26 판타스틱우먼        관   08:31     08:45       0:14   차
223 12조(조용배)22 패스트건            관   06:41     06:54       0:13   차
224 12조(조용배)17 플렉스신화          관   08:17     08:27       0:10   차
225 12조(조용배)25 핀홀아이            기   07:30     07:43       0:13   금
226 12조(조용배) 2 호크모스            관   08:34     08:45       0:11   차
227 13조(박재호)27 글로벌위크          기   08:57     09:14       0:17   차
228 13조(박재호)17 디아블로퀸          기   07:57     08:08       0:11   금
229 13조(박재호)12 애니싱스            관   08:57     09:14       0:17   차
230 13조(박재호) 2 에이스런            기   07:03     07:14       0:11   금
231 13조(박재호)20 영보스              관   07:06     07:17       0:11   금
232 14조(윤영훈)16 다이아선더          관   06:44     07:07       0:23   차
233 14조(윤영훈) 2 동남불패            관   06:42     07:03       0:21   차
234 14조(윤영훈)19 무한열정            기   07:20     07:33       0:13   금
235 14조(윤영훈)22 블루치퍼            관   08:03     08:20       0:17   금
236 14조(윤영훈)24 승리의불길          관   08:09     08:32       0:23   차
237 14조(윤영훈)26 오케이스타          기   06:42     06:52       0:10   금
238 14조(윤영훈)23 원더풀찬스          관   06:04     06:23       0:19   차
239 14조(윤영훈) 5 월드로열캣          관   08:09     08:35       0:26   차
240 14조(윤영훈)15 위너스타임          관   07:28     07:41       0:13   금
241 14조(윤영훈)11 진마크              기   07:22     07:40       0:18   차
242 14조(윤영훈)12 창창대로            기   07:16     07:28       0:12   금
243 14조(윤영훈) 3 평정시대            관   06:13     06:33       0:20   차
244 14조(윤영훈)27 히어더퀸            관   07:46     07:58       0:12   금
245 15조(안우성)20 갤런트워리어        관   07:19     07:33       0:14   차
246 15조(안우성)23 구름속산책          기   08:03     08:20       0:17   차
247 15조(안우성)18 낙동전사            관   08:17     08:31       0:14   차
248 15조(안우성)19 라온더할리          관   08:19     08:36       0:17   차
249 15조(안우성)12 라온스트롱          관   06:03     06:21       0:18   차
250 15조(안우성) 8 라온탑포인트        관   06:03     06:19       0:16   차
251 15조(안우성) 9 러닝패션            관   06:03     06:21       0:18   차
252 15조(안우성) 2 베르다              관   07:44     07:58       0:14   차
253 15조(안우성)26 스카이모닝          관   06:06     06:23       0:17   차
254 15조(안우성)24 아너칼              관   06:41     06:59       0:18   차
255 15조(안우성)31 얼라이브캡틴        관   08:33     08:42       0:09   차
256 15조(안우성) 1 예스퍼펙트          관   07:00     07:12       0:12   금
257 15조(안우성)32 올크라운            기   06:21     06:30       0:09   금
258 15조(안우성)29 원더풀페이거        관   07:28     07:42       0:14   차
259 15조(안우성)11 원더풀폰            관   06:35     06:51       0:16   금
260 15조(안우성) 7 트라이엄프킹        관   07:10     07:27       0:17   차
261 15조(안우성)36 플라잉다이아        관   06:41     06:58       0:17   차
262 15조(안우성)33 플라잉더챔프        기   06:59     07:11       0:12   금
263 15조(안우성)22 필그림              관   07:56     08:08       0:12   차
264 15조(안우성)13 해남해머            관   07:53     08:06       0:13   차
265 17조(장세한) 2 골든스텔라          기   07:47     08:05       0:18   차
266 17조(장세한)13 그레이트인디        관   09:34     09:44       0:10   차
267 17조(장세한)11 금손클래스          기   08:12     08:25       0:13   금
268 17조(장세한)21 낭만대로            관   09:31     09:52       0:21   차
269 17조(장세한) 6 낭만전사            관   08:40     08:51       0:11   차
270 17조(장세한)22 다이나믹위너        관   08:26     08:47       0:21   차
271 17조(장세한)23 다이아포스          관   06:32     06:49       0:17   차
272 17조(장세한)24 더퓨어맨            관   09:31     09:52       0:21   차
273 17조(장세한)29 딴봉퀸              관   08:17     08:31       0:14   차
274 17조(장세한)18 런파이터            관   07:44     07:57       0:13   차
275 17조(장세한) 3 레이디골든          기   06:52     07:05       0:13   금
276 17조(장세한)12 로드투선더          관   08:46     09:00       0:14   차
277 17조(장세한)35 루카스선            기   06:59     07:13       0:14   금
278 17조(장세한)30 마이스타            관   08:18     08:31       0:13   차
279 17조(장세한) 5 메타퀸              관   07:18     07:40       0:22   차
280 17조(장세한) 8 성실양구            관   06:31     06:46       0:15   차
281 17조(장세한) 9 장성대로            기   06:50     07:07       0:17   차
282 17조(장세한)27 천마독주            관   09:31     09:52       0:21   차
283 17조(장세한) 4 청호보스            관   08:50     09:05       0:15   차
284 17조(장세한)34 칼잡이              관   07:07     07:27       0:20   차
285 17조(장세한) 7 킥앤드러시          관   08:00     08:13       0:13   차
286 17조(장세한)16 티케이앤드미        관   09:02     09:18       0:16   차
287 17조(장세한)26 푸른열정            기   07:18     07:31       0:13   차
288 18조(이정표) 5 가속제일            기   07:16     07:21       0:05   금
289 18조(이정표)30 나래                관   07:26     07:48       0:22   차
290 18조(이정표)20 노던라이츠          기   07:23     07:41       0:18   차
291 18조(이정표)16 로드투글로리        관   06:32     06:47       0:15   차
292 18조(이정표)21 모닝플로우          기   06:39     06:49       0:10   금
293 18조(이정표)19 스마티돌풍          관   06:19     06:30       0:11   차
294 18조(이정표) 2 시크릿레이디        관   07:00     07:10       0:10   차
295 18조(이정표)18 신출영웅            관   07:25     07:34       0:09   차
296 18조(이정표) 7 어메이징무브        관   07:00     07:12       0:12   차
297 18조(이정표) 1 언제나영웅          기   06:02     06:15       0:13   금
298 18조(이정표)26 에이원스            관   08:30     08:45       0:15   차
299 18조(이정표) 3 원더풀차차          관   06:06     06:19       0:13   차
300 18조(이정표)28 퀸로맨스            관   08:04     08:17       0:13   차
301 18조(이정표)13 퀸스타              기   08:07     08:22       0:15   금
302 18조(이정표)24 트리플질주          기   06:43     06:54       0:11   금
303 18조(이정표)22 함안백이산          관   06:00     06:11       0:11   금
304 19조(김영관) 7 강서자이언트        관   07:35     07:51       0:16   차
305 19조(김영관) 9 강서절영            관   08:17     08:27       0:10   차
306 19조(김영관) 1 금아데프트          기   09:44     09:57       0:13   차
307 19조(김영관) 5 금아마이아          관   09:01     09:08       0:07   차
308 19조(김영관)14 금아사이킥          관   06:46     07:02       0:16   차
309 19조(김영관) 4 금아스타리          관   07:13     07:26       0:13   차
310 19조(김영관)20 금아인피니티        관   07:13     07:28       0:15   차
311 19조(김영관)37 동트자보이          관   09:06     09:16       0:10   차
312 19조(김영관) 8 랜드뱅크            관   09:23     09:37       0:14   차
313 19조(김영관) 6 레몬도끼            관   08:09     08:28       0:19   차
314 19조(김영관)15 레이더              관   09:44     09:56       0:12   차
315 19조(김영관)12 레전드넘버원        기   08:59     09:18       0:19   차
316 19조(김영관)30 마군                관   07:46     07:58       0:12   차
317 19조(김영관)13 몽땅                기   07:53     08:04       0:11   차
318 19조(김영관)28 바람바람            기   08:36     08:46       0:10   금
319 19조(김영관)23 블랙맘바            관   08:37     08:53       0:16   차
320 19조(김영관)31 스타에이스          기   08:39     08:51       0:12   차
321 19조(김영관)19 아름다운인연        기   07:28     07:41       0:13   금
322 19조(김영관)33 어게인터치          기   08:09     08:24       0:15   금
323 19조(김영관)29 장산레몬            관   06:00     06:13       0:13   차
324 19조(김영관)27 제이에스데이        관   06:22     06:36       0:14   차
325 19조(김영관)22 즐거운여정          관   06:44     07:01       0:17   차
326 19조(김영관)25 터치스타맨          기   08:09     08:26       0:17   금
327 19조(김영관)21 할리우드파티        관   09:30     09:40       0:10   차
328 20조(최기홍) 9 그레이트미스        기   08:31     08:45       0:14   금
329 20조(최기홍) 4 그레이트블루        관   07:27     07:46       0:19   차
330 20조(최기홍)17 넥스트마린          관   07:54     08:05       0:11   금
331 20조(최기홍) 8 버닝파티            관   06:40     06:59       0:19   차
332 20조(최기홍)19 벨로시랩터          기   07:48     08:00       0:12   금
333 20조(최기홍)16 어나더마린          관   06:56     07:12       0:16   차
334 20조(최기홍)14 쿨러닝              관   07:31     07:43       0:12   차
335 20조(최기홍) 3 퀸오브더퀸          관   08:13     08:25       0:12   차
336 20조(최기홍)22 태왕신기            관   06:56     07:15       0:19   차
337 21조(민장기)32 골든포인트          기   07:44     07:56       0:12   금
338 21조(민장기)36 런투킹              관   06:01     06:19       0:18   차
339 21조(민장기)30 석세스쇼미          관   06:40     07:02       0:22   차
340 21조(민장기)21 석세스영광          기   06:48     06:58       0:10   금
341 21조(민장기)13 스페셜윈드          관   08:02     08:22       0:20   차
342 21조(민장기) 2 운주마하            관   07:18     07:36       0:18   차
343 21조(민장기)34 운주불패            관   06:19     06:34       0:15   차
344 21조(민장기)29 운주오션            관   08:01     08:16       0:15   차
345 21조(민장기)20 월드클래스캣        관   06:36     06:53       0:17   차
346 21조(민장기)14 위드선              관   08:03     08:22       0:19   차
347 21조(민장기)39 위드스타            관   06:01     06:22       0:21   차
348 21조(민장기)35 일번지              관   06:01     06:19       0:18   차
349 21조(민장기)16 일출골드            기   06:42     06:55       0:13   차
350 21조(민장기) 9 정든로              관   07:26     07:42       0:16   차
351 21조(민장기)33 캡틴코만도          관   08:02     08:22       0:20   차
352 21조(민장기)37 큐트가이            관   06:40     07:02       0:22   차
353 21조(민장기)38 탑스타              관   06:38     07:00       0:22   금
354 21조(민장기)24 플랫베이브          관   06:00     06:16       0:16   차
355 21조(민장기)27 하늘제왕            관   08:07     08:22       0:15   차
356 22조(강은석)12 글로리킹            관   07:59     08:13       0:14   금
357 22조(강은석) 2 달이뜨니            관   06:49     07:04       0:15   차
358 22조(강은석) 8 디먼스파이          관   07:13     07:25       0:12   금
359 22조(강은석)18 로드투매직          관   07:59     08:11       0:12   차
360 22조(강은석)21 맨오브더맨          관   09:13     09:25       0:12   차
361 22조(강은석)11 메인브리지          관   06:22     06:40       0:18   금
362 22조(강은석)16 소머치고            관   06:00     06:11       0:11   차
363 22조(강은석)28 시티위크            관   06:22     06:40       0:18   금
364 22조(강은석) 7 아틀라스            관   06:00     06:12       0:12   차
365 22조(강은석)22 운주본능            관   09:13     09:25       0:12   차
366 22조(강은석)26 운주아칸샤          관   09:06     09:20       0:14   차
367 22조(강은석)23 운주투하츠          관   07:37     07:48       0:11   차
368 22조(강은석) 1 운주히어로          관   07:37     07:49       0:12   차
369 22조(강은석)27 인피니티파워        관   09:06     09:20       0:14   차
370 22조(강은석)24 자이언트킹덤        관   07:37     07:48       0:11   차
371 22조(강은석) 4 정수시대            관   08:46     09:01       0:15   차
372 22조(강은석) 3 조이준마            관   05:59     06:12       0:13   차
373 22조(강은석) 6 챌린저레전드        관   08:21     08:32       0:11   차
374 22조(강은석)15 천년의구름          관   07:13     07:25       0:12   금
375 22조(강은석) 9 퀸데이              관   07:13     07:25       0:12   금
376 22조(강은석)29 퀸파티              관   08:21     08:39       0:18   차
377 22조(강은석)19 클린샷              관   06:23     06:39       0:16   금
378 22조(강은석)20 킹새터데이          관   08:46     09:01       0:15   차
379 22조(강은석) 5 투큐트걸            관   06:49     07:04       0:15   금
380 22조(강은석)14 플로잉리버          관   08:11     08:35       0:24   차
381 23조(손병직) 5 골드크라운          조   05:59     06:09       0:10   차
382 23조(손병직)16 돌아온제타          관   08:00     08:19       0:19   차
383 23조(손병직)20 무등산              기   08:16     08:25       0:09   금
384 23조(손병직) 3 블루캡틴            관   07:26     07:37       0:11   차
385 23조(손병직)13 천하넘버원          관   06:13     06:28       0:15   차
386 23조(손병직) 1 함안봉화산          관   06:45     06:59       0:14   차
387 23조(손병직)15 호명드림            관   08:36     08:50       0:14   차
388 23조(손병직) 6 화랑신화            조   06:17     06:30       0:13   차
389 24조(김길중) 7 갤럭시로드          관   06:29     06:42       0:13   차
390 24조(김길중)11 달에홀린광대        관   06:58     07:05       0:07   차
391 24조(김길중)10 대망의길            기   07:23     07:40       0:17   금
392 24조(김길중)33 딕시갈              관   07:12     07:27       0:15   차
393 24조(김길중)19 럭키밴드            관   07:52     08:09       0:17   차
394 24조(김길중)28 록파워              관   06:47     06:59       0:12   금
395 24조(김길중)30 마사랑길            관   06:20     06:33       0:13   차
396 24조(김길중) 9 블루파워            관   06:29     06:42       0:13   차
397 24조(김길중) 6 스타마타            관   06:00     06:11       0:11   금
398 24조(김길중) 4 스트리트록          기   06:00     06:10       0:10   금
399 24조(김길중) 2 알파킹이지          관   06:57     07:11       0:14   차
400 24조(김길중)32 킹비드              관   06:40     06:51       0:11   금
401 24조(김길중)18 킹애니데이          관   07:52     08:10       0:18   차
402 24조(김길중)16 포크록              관   07:52     08:17       0:25   차
403 24조(김길중) 1 행복한길            기   06:20     06:33       0:13   차
404 26조(방동석) 4 강서루다            기   06:25     06:41       0:16   금
405 26조(방동석) 8 그레이트월드        관   06:48     06:56       0:08   차
406 26조(방동석) 1 남양도리            관   07:17     07:32       0:15   차
407 26조(방동석)27 느닷                관   06:39     06:52       0:13   차
408 26조(방동석)25 마이데스티니        관   08:47     08:54       0:07   차
409 26조(방동석) 5 맨오브톱            관   06:48     06:56       0:08   차
410 26조(방동석)15 머니허거            관   07:59     08:30       0:31   차
411 26조(방동석)17 멀티히트            기   07:45     07:57       0:12   금
412 26조(방동석)31 바베어리언          기   06:23     06:39       0:16   금
413 26조(방동석)10 송당도리            관   07:17     07:34       0:17   차
414 26조(방동석)14 스피드영            관   08:33     08:47       0:14   차
415 26조(방동석)19 얼루어              관   07:17     07:32       0:15   차
416 26조(방동석) 2 원더풀브레이        관   06:48     06:56       0:08   차
417 26조(방동석)12 원더풀오션          관   08:44     08:58       0:14   차
418 26조(방동석)28 투오브어스          관   07:27     07:41       0:14   차
419 26조(방동석) 3 패뷸러스비터        관   07:55     08:17       0:22   차
420 26조(방동석) 6 히트예감            관   08:03     08:16       0:13   차
421 27조(이상영)22 금아굿포인트        관   06:21     06:36       0:15   차
422 27조(이상영) 5 금아니피            관   07:07     07:22       0:15   차
423 27조(이상영) 9 금아패셔너트        관   06:04     06:12       0:08   금
424 27조(이상영)21 남도퀸              기   07:44     07:59       0:15   금
425 27조(이상영) 6 라스트가디언        관   07:58     08:14       0:16   차
426 27조(이상영)16 무적찰리            관   08:32     08:45       0:13   차
427 27조(이상영)26 부경천사            관   06:05     06:18       0:13   차
428 27조(이상영) 1 브레이브캡틴        관   07:26     07:43       0:17   차
429 27조(이상영)10 아무르              관   06:59     07:13       0:14   차
430 27조(이상영) 8 애니카걸            관   07:33     07:45       0:12   차
431 27조(이상영) 4 오션스톰            관   06:30     06:47       0:17   차
432 27조(이상영)25 원더풀시크릿        관   07:55     08:20       0:25   차
433 27조(이상영)14 윈드매직            관   08:32     08:45       0:13   차
434 27조(이상영)15 해피매직            관   06:48     06:57       0:09   차
435 28조(하무선)29 맨오브더킹          기   09:11     09:24       0:13   차
436 28조(하무선)25 뷰어메이징          기   06:31     06:41       0:10   금
437 28조(하무선)27 신의전사            관   07:26     07:43       0:17   금
438 28조(하무선)31 아리온퀸            관   08:00     08:18       0:18   차
439 28조(하무선)10 앨버트킹            기   07:22     07:38       0:16   차
440 28조(하무선)32 워너비스타          관   06:45     07:05       0:20   차
441 28조(하무선)22 커널플라잉          기   07:20     07:30       0:10   금
442 28조(하무선) 7 컬러풀윈드          기   08:08     08:21       0:13   금
443 28조(하무선)17 케이에프오공        기   07:22     07:42       0:20   차
444 28조(하무선)12 케이에프원          관   07:22     07:40       0:18   차
445 28조(하무선)19 퀸오브조이          관   09:11     09:23       0:12   차
446 28조(하무선) 6 크라우드원          기   07:29     07:48       0:19   금
447 28조(하무선)11 타우루스킹          관   08:00     08:18       0:18   차
448 28조(하무선)20 팬텀에이스          관   06:31     06:42       0:11   금
449 28조(하무선) 4 하늘햇살            관   09:11     09:24       0:13   차
450 28조(하무선)21 해랑강자            관   07:26     07:40       0:14   차
451 28조(하무선) 3 해랑더원            기   07:14     07:22       0:08   금
452 28조(하무선)15 해피피버            관   08:19     08:42       0:23   차
453 30조(울즐리)17 거치갈              관   06:31     06:44       0:13   차
454 30조(울즐리)39 더세이버            관   07:44     08:02       0:18   차
455 30조(울즐리)19 더에어              관   06:00     06:09       0:09   차
456 30조(울즐리)18 라카르타            기   06:00     06:10       0:10   차
457 30조(울즐리) 5 마이럴러바이        관   07:47     08:02       0:15   차
458 30조(울즐리)16 마이맨트라          기   06:00     06:10       0:10   차
459 30조(울즐리) 2 미라쿨룸            관   08:23     08:32       0:09   차
460 30조(울즐리) 1 미스인디            관   07:44     07:58       0:14   차
461 30조(울즐리)29 미스터어플릿        관   06:28     06:47       0:19   차
462 30조(울즐리)34 바운티헌터          관   06:50     07:02       0:12   금
463 30조(울즐리)30 비제이치프          관   07:09     07:26       0:17   금
464 30조(울즐리)33 빅터바시움          관   08:20     08:34       0:14   차
465 30조(울즐리)31 선더클라우드        관   07:09     07:26       0:17   금
466 30조(울즐리)10 솔레다드            관   06:31     06:44       0:13   차
467 30조(울즐리)41 에코레이디          기   06:00     06:11       0:11   차
468 30조(울즐리) 9 영광의터치          기   06:22     06:35       0:13   금
469 30조(울즐리)26 인디불패            기   06:22     06:35       0:13   금
470 30조(울즐리)20 인세이셔블          관   07:09     07:26       0:17   차
471 30조(울즐리) 8 챔프고              기   06:00     06:13       0:13   차
472 30조(울즐리)13 트릭스터            기   06:31     06:44       0:13   차
473 30조(울즐리)37 패트리엇            관   07:48     08:02       0:14   차
474 30조(울즐리)42 프로칸설            관   06:00     06:07       0:07   금
475 30조(울즐리)21 해피블루            관   07:07     07:25       0:18   차
476 30조(울즐리)28 해피째즈            관   06:22     06:37       0:15   차
477 30조(울즐리)12 헌치                관   08:21     08:34       0:13   차
478 31조(라이스) 4 굿삭스              관   08:51     09:07       0:16   차
479 31조(라이스)33 그린레전드          관   06:14     06:27       0:13   차
480 31조(라이스) 9 그린스피드          관   07:33     07:49       0:16   차
481 31조(라이스) 1 그린파파고          기   06:25     06:35       0:10   금
482 31조(라이스)18 노던비드            관   09:11     09:25       0:14   차
483 31조(라이스) 6 다이니지            기   06:00     06:04       0:04   차
484 31조(라이스)20 더블탭              관   06:42     06:57       0:15   금
485 31조(라이스)22 배다리돌풍          관   09:14     09:28       0:14   차
486 31조(라이스)40 스파이스엑톤        관   06:02     06:13       0:11   차
487 31조(라이스)42 승리매직킹          관   06:26     06:40       0:14   차
488 31조(라이스)38 승리테이큰          관   09:11     09:25       0:14   차
489 31조(라이스) 8 아라산              관   08:48     09:01       0:13   차
490 31조(라이스)21 아임킹이지          기   06:00     06:10       0:10   차
491 31조(라이스) 7 알렉킹이지          관   08:34     08:48       0:14   차
492 31조(라이스)39 알파스타            관   08:25     08:39       0:14   차
493 31조(라이스)17 야생화              기   06:25     06:34       0:09   차
494 31조(라이스)43 에이스아모카        관   09:43     09:54       0:11   차
495 31조(라이스)28 장산블랙            관   08:02     08:17       0:15   차
496 31조(라이스)23 제시의꿈            관   07:51     08:04       0:13   차
497 31조(라이스)11 투혼의반석          관   07:07     07:23       0:16   차
498 31조(라이스)25 후사이치            관   09:01     09:13       0:12   차
499 32조(임동창)11 글로벌사랑          관   06:38     06:54       0:16   차
500 32조(임동창) 4 글로벌스카이        기   06:19     06:31       0:12   금
501 32조(임동창)19 글로벌최고          관   06:00     06:13       0:13   차
502 32조(임동창)22 성실스타            관   06:38     06:54       0:16   차
503 32조(임동창)15 성실시화            기   07:03     07:19       0:16   차
504 32조(임동창) 2 스타드래건          기   06:56     07:11       0:15   차
505 32조(임동창)14 쿠케난              기   06:51     07:00       0:09   금
506 32조(임동창)13 태양으뜸            기   07:03     07:19       0:16   차
507 32조(임동창)26 하디찰리            관   07:35     07:50       0:15   차
508 32조(임동창)12 하바나제인          기   07:04     07:16       0:12   금
509 33조(권승주)15 라온더보스          관   07:59     08:11       0:12   차
510 33조(권승주)13 라온더파워          관   06:36     06:52       0:16   차
511 33조(권승주)37 라온더플래시        관   06:36     06:52       0:16   차
512 33조(권승주)19 러닝파워            기   07:22     07:38       0:16   차
513 33조(권승주)24 마하불릿            관   07:55     08:13       0:18   차
514 33조(권승주)22 마하원더            기   08:16     08:31       0:15   차
515 33조(권승주)14 마하타이탄          기   08:48     09:02       0:14   차
516 33조(권승주) 5 볼라벤              관   06:36     06:52       0:16   차
517 33조(권승주) 3 블루모어            기   07:44     08:00       0:16   차
518 33조(권승주)45 블루아이콘          관   07:53     08:06       0:13   차
519 33조(권승주)28 서부특급            관   06:05     06:22       0:17   차
520 33조(권승주)38 선라이트보이        기   08:32     08:43       0:11   금
521 33조(권승주)30 스타파크            관   07:14     07:36       0:22   차
522 33조(권승주)43 알파토르            관   08:14     08:29       0:15   차
523 33조(권승주)23 알파하트            관   07:28     07:40       0:12   금
524 33조(권승주) 7 여수토네이도        기   07:23     07:34       0:11   금
525 33조(권승주)27 여수파이터          관   08:35     08:48       0:13   차
526 33조(권승주)41 위대한선택          관   06:29     06:46       0:17   차
527 33조(권승주)18 은성위너            관   06:04     06:19       0:15   차
528 33조(권승주)33 일념천하            기   06:01     06:11       0:10   금
529 33조(권승주) 4 제니스러너          관   06:11     06:24       0:13   금
530 33조(권승주)42 조던파이팅          관   07:14     07:36       0:22   차
531 33조(권승주)26 케이골드바          관   08:25     08:40       0:15   차
532 33조(권승주)34 케이케이원          기   06:16     06:29       0:13   금
533 33조(권승주)12 파이터스타          관   07:15     07:30       0:15   차
534 33조(권승주)25 퍼플라인            기   07:55     08:10       0:15   차
535 33조(권승주)21 피플파워            관   06:06     06:20       0:14   차
536 99조(휴양마)99 골든파워            관   07:48     08:04       0:16   차
━━━━━━━━━━━━━━━━━━━━━━━━━━━━━━━━━━━━━━━
                                                      출력일자 : 2023. 1.12

