

제목 : 22.10.28(금) 조교현황

  ※기승자범례(조:조교사, 관:주로조교, 기:기수, 후:기수후보생)
  ※비고(금:금주출전예정마, 차:차주출전예정마, 특:특대상경주출전예정마)
  ※금주, 차주 또는 특별 대상경주 출전예상마는 출전신청 결과 및
  조교사의 의사에 따라 변동될 수 있는 미확정된 자료이오니 참고하시기 바랍니다.
━━━━━━━━━━━━━━━━━━━━━━━━━━━━━━━━━━━━━━━
  순 소속조 - 조번 마명              기승자 입장시각  퇴장시각  조교시간 비고
━━━━━━━━━━━━━━━━━━━━━━━━━━━━━━━━━━━━━━━
  1  1조(박종곤) 5 라온더퀄리티        관   08:04     08:16       0:12   차
  2  1조(박종곤)33 라온더특급          기   06:12     06:21       0:09   금
  3  1조(박종곤)20 라온더하이맨        관   08:38     08:51       0:13   차
  4  1조(박종곤)35 라온슈퍼킹          관   07:57     08:10       0:13   차
  5  1조(박종곤)37 라온시티걸          관   07:20     07:31       0:11   차
  6  1조(박종곤)15 라온아메리칸        관   06:59     07:16       0:17   차
  7  1조(박종곤)31 라온에어포스        기   07:50     08:02       0:12   금
  8  1조(박종곤)10 라온자이언트        관   06:51     07:04       0:13   차
  9  1조(박종곤)21 라온탑맨            관   07:16     07:29       0:13   차
 10  1조(박종곤)25 라온핑크            기   08:05     08:23       0:18   차
 11  1조(박종곤)32 메티스선더          관   07:57     08:10       0:13   차
 12  1조(박종곤) 7 문학드림            관   07:35     07:52       0:17   차
 13  2조(손영표) 3 금성탈환            관   07:20     07:37       0:17   차
 14  2조(손영표)32 라스트콜            관   08:00     08:20       0:20   차
 15  2조(손영표)13 미르포인트          관   06:15     06:31       0:16   차
 16  2조(손영표)15 베스트빅뱅          관   06:30     06:42       0:12   차
 17  2조(손영표) 9 불의가속            관   07:13     07:31       0:18   차
 18  2조(손영표)16 쏘아라가가          관   07:51     08:14       0:23   차
 19  2조(손영표)27 트레비트            관   08:21     08:39       0:18   금
 20  3조(최영주) 5 골드카이저          관   08:42     08:50       0:08   차
 21  3조(최영주) 9 굿사이먼            관   06:12     06:26       0:14   차
 22  3조(최영주)20 김천영웅            관   07:20     07:30       0:10   차
 23  3조(최영주) 2 너트플레이          관   07:51     08:04       0:13   특
 24  3조(최영주)25 뉴청파              관   06:12     06:20       0:08   금
 25  3조(최영주)10 러너몬스터          관   07:38     07:47       0:09   금
 26  3조(최영주)14 록라인              관   06:54     07:06       0:12   차
 27  3조(최영주)13 블루아치            관   06:33     06:44       0:11   금
 28  3조(최영주)28 질주본              기   08:18     08:28       0:10   금
 29  3조(최영주) 8 피엔에스별          관   07:09     07:22       0:13   차
 30  3조(최영주)19 한강파워            관   08:19     08:31       0:12   차
 31  3조(최영주)15 희망오름            관   07:25     07:36       0:11   차
 32  4조(박윤규)19 걸작맨              관   07:54     08:10       0:16   차
 33  4조(박윤규)16 굿니센              관   06:44     06:56       0:12   차
 34  4조(박윤규)22 뉴킹맨              관   08:19     08:34       0:15   차
 35  4조(박윤규)34 라누트              관   06:16     06:34       0:18   차
 36  4조(박윤규)39 럭키클럽            기   07:23     07:36       0:13   금
 37  4조(박윤규)40 매니킹              관   08:50     09:06       0:16   차
 38  4조(박윤규)26 멋진기록            관   07:39     07:56       0:17   차
 39  4조(박윤규)28 브이퀸              관   08:07     08:26       0:19   금
 40  4조(박윤규)12 스타워즈            기   06:38     06:52       0:14   금
 41  4조(박윤규)29 원더풀티지          관   06:52     07:08       0:16   차
 42  4조(박윤규)20 월드킹맨            관   06:16     06:35       0:19   특
 43  4조(박윤규) 5 천지광풍            관   08:19     08:36       0:17   차
 44  4조(박윤규) 9 케이프렌지          관   07:39     07:56       0:17   차
 45  4조(박윤규) 3 티파니블루          관   08:29     08:50       0:21   차
 46  4조(박윤규)24 피엔에스찬스        관   07:12     07:20       0:08   금
 47  4조(박윤규)36 피엔에스탑          관   07:39     07:57       0:18   차
 48  4조(박윤규)38 하얀왕자            관   08:50     09:06       0:16   차
 49  5조(우창구)21 골드케이            관   08:13     08:24       0:11   금
 50  5조(우창구)35 금전사              관   08:40     08:53       0:13   차
 51  5조(우창구)18 동행퍼스트          관   07:14     07:28       0:14   차
 52  5조(우창구)26 미라클케이          관   06:36     06:48       0:12   차
 53  5조(우창구)17 빅스고              관   07:37     07:52       0:15   차
 54  5조(우창구)13 선더타임            관   06:21     06:40       0:19   차
 55  5조(우창구)27 알렉산더원          관   08:40     08:57       0:17   차
 56  5조(우창구)38 운외창천            관   07:30     07:47       0:17   차
 57  5조(우창구)24 장비무지개          관   08:40     08:49       0:09   차
 58  5조(우창구)28 제타마스터          관   06:57     07:06       0:09   금
 59  5조(우창구) 7 코브라볼            관   07:01     07:17       0:16   차
 60  5조(우창구)12 티즈블랙            관   06:21     06:39       0:18   차
 61  5조(우창구)31 퍼스트유저          관   08:13     08:23       0:10   차
 62  5조(우창구) 8 한강스카이          관   08:01     08:16       0:15   차
 63  5조(우창구)39 화씨벽              기   07:32     07:40       0:08   금
 64  6조(홍대유)11 강력한지금          관   08:00     08:19       0:19   금
 65  6조(홍대유)25 강한퀸              관   06:55     07:05       0:10   차
 66  6조(홍대유)40 그린스파크          관   06:58     07:12       0:14   차
 67  6조(홍대유)24 그린질주            관   08:14     08:25       0:11   차
 68  6조(홍대유)34 그린폭주            기   06:26     06:37       0:11   차
 69  6조(홍대유)19 내길의별            기   08:01     08:11       0:10   금
 70  6조(홍대유)15 문학문              기   07:22     07:35       0:13   금
 71  6조(홍대유)18 문학이든            관   08:43     09:01       0:18   차
 72  6조(홍대유)14 배다리공주          관   07:37     07:56       0:19   차
 73  6조(홍대유)35 배다리캔디          관   06:17     06:29       0:12   금
 74  6조(홍대유)22 베스트플랜          기   07:10     07:22       0:12   금
 75  6조(홍대유) 4 새내윈              관   06:12     06:20       0:08   금
 76  6조(홍대유)33 새내퀸              기   06:58     07:12       0:14   차
 77  6조(홍대유) 1 새내파워풀          관   06:45     07:09       0:24   차
 78  6조(홍대유)23 스마티글로리        관   07:36     07:54       0:18   차
 79  6조(홍대유)32 안양폭격기          관   06:45     06:56       0:11   차
 80  6조(홍대유)37 연희사랑            관   08:41     09:01       0:20   차
 81  6조(홍대유)21 용비퀸              기   06:45     06:55       0:10   차
 82  6조(홍대유) 6 위너콜              기   08:11     08:22       0:11   금
 83  6조(홍대유)31 정문볼트            관   08:31     08:42       0:11   금
 84  6조(홍대유) 2 차돌런              기   07:02     07:12       0:10   금
 85  6조(홍대유)27 킹스아이            기   08:23     08:37       0:14   금
 86  6조(홍대유) 3 피엔에스룩          관   08:00     08:13       0:13   차
 87  7조(구자흥) 8 다나은로즈          관   06:16     06:24       0:08   차
 88  7조(구자흥)22 대산특급            관   07:47     07:56       0:09   차
 89  7조(구자흥)15 사려니퀸            관   06:40     06:57       0:17   금
 90  7조(구자흥)14 스프링워터          기   06:48     06:59       0:11   차
 91  7조(구자흥)18 원더풀남촌          기   06:33     06:43       0:10   차
 92  7조(구자흥)11 이다나은            기   06:43     06:55       0:12   차
 93  7조(구자흥) 3 정문파파고          관   07:36     07:54       0:18   차
 94  7조(구자흥)12 질풍한별            관   07:36     07:54       0:18   차
 95  8조(최용구)21 더블블랙            관   07:37     07:49       0:12   차
 96  8조(최용구) 4 발베니              관   06:10     06:30       0:20   금
 97  8조(최용구)19 선드래곤            관   06:57     07:13       0:16   특
 98  8조(최용구)11 유니콘킹덤          관   06:57     07:06       0:09   금
 99  8조(최용구)28 은혜레코드          관   06:57     07:13       0:16   차
100  8조(최용구) 8 카우보이킹          관   08:14     08:25       0:11   차
101  8조(최용구) 7 티즈헌터            관   07:35     07:49       0:14   차
102  9조(강성오) 6 남산무적            관   06:22     06:37       0:15   차
103  9조(강성오)11 돈마                관   08:31     08:51       0:20   차
104  9조(강성오)19 마루마              관   08:04     08:15       0:11   차
105  9조(강성오)23 바덴바덴            관   06:30     06:44       0:14   차
106  9조(강성오)16 베스퍼              관   06:30     06:46       0:16   차
107  9조(강성오)17 비전스타            관   07:31     07:40       0:09   차
108  9조(강성오)27 옥룡                관   06:59     07:13       0:14   차
109  9조(강성오) 2 이너피스            관   06:52     07:15       0:23   금
110  9조(강성오)34 일격필살            관   09:15     09:26       0:11   차
111  9조(강성오)38 절대가치            관   06:20     06:45       0:25   차
112  9조(강성오)22 중추부사            관   07:32     07:45       0:13   차
113  9조(강성오)35 최고레이스          관   08:54     09:07       0:13   차
114  9조(강성오)26 최고블랙            기   06:54     07:12       0:18   금
115  9조(강성오)37 최고포인트          관   07:15     07:28       0:13   차
116  9조(강성오)33 컴플리트헌터        관   06:20     06:37       0:17   차
117  9조(강성오)10 터치나인            관   08:04     08:16       0:12   차
118  9조(강성오)24 텐배거              관   07:35     07:50       0:15   금
119  9조(강성오)15 톱클래스            관   08:49     09:03       0:14   차
120  9조(강성오) 1 퍼미션투윈          관   07:32     07:48       0:16   차
121  9조(강성오)40 플라잉골드          관   07:55     08:07       0:12   차
122  9조(강성오) 8 해피루키            관   08:31     08:51       0:20   차
123 10조(정호익)14 글로벌캡틴          관   06:11     06:28       0:17   차
124 10조(정호익)38 두손장군            관   07:20     07:34       0:14   차
125 10조(정호익) 9 두손챔프            기   06:11     06:22       0:11   금
126 10조(정호익) 1 두손클래식          기   08:11     08:25       0:14   차
127 10조(정호익)28 두손판타스틱        관   06:36     06:49       0:13   차
128 10조(정호익)12 레이스위너          기   06:18     06:31       0:13   금
129 10조(정호익)29 매직아워            기   06:33     06:44       0:11   특
130 10조(정호익)10 문학송              관   08:39     08:54       0:15   차
131 10조(정호익)21 문학스톰            관   06:12     06:28       0:16   차
132 10조(정호익)33 문학앙코르          관   07:24     07:34       0:10   차
133 10조(정호익)20 슈프림스타          관   07:35     07:48       0:13   차
134 10조(정호익)15 스마트태양          관   08:08     08:22       0:14   차
135 10조(정호익)26 승부사              관   07:54     08:08       0:14   차
136 10조(정호익) 5 영웅대마            기   06:25     06:37       0:12   차
137 10조(정호익)27 원모어러시          관   07:31     07:44       0:13   차
138 10조(정호익)19 원평가속            기   06:38     06:51       0:13   차
139 10조(정호익)36 원평스카이          관   07:02     07:15       0:13   차
140 10조(정호익)13 원평코드            관   07:50     08:02       0:12   차
141 10조(정호익)23 작두콩              관   08:15     08:24       0:09   차
142 10조(정호익)31 퀸톱                기   06:53     07:05       0:12   차
143 10조(정호익)16 터프가이            관   07:28     07:43       0:15   차
144 10조(정호익)11 터프맨              기   06:46     06:56       0:10   차
145 10조(정호익) 4 티즈퀸              관   08:48     09:03       0:15   차
146 10조(정호익)37 해들뫼              관   08:48     09:05       0:17   차
147 10조(정호익)25 화이트코멧          관   08:38     08:59       0:21   차
148 11조(조현수)29 나올탱크            관   06:35     06:49       0:14   차
149 11조(조현수)28 메니스피드          관   07:45     08:02       0:17   차
150 11조(조현수)30 메니윈              관   06:14     06:26       0:12   차
151 11조(조현수)39 보디가드            관   07:29     07:44       0:15   차
152 11조(조현수)13 브라이트러닝        관   06:51     07:10       0:19   차
153 11조(조현수) 6 슛업스파크          기   07:09     07:24       0:15   차
154 11조(조현수)31 시선집중            관   06:43     06:54       0:11   차
155 11조(조현수) 7 원더풀우먼          기   07:26     07:37       0:11   차
156 11조(조현수)10 은빛돌풍            관   07:09     07:30       0:21   차
157 11조(조현수)24 티즈로켓            관   06:51     07:05       0:14   차
158 11조(조현수)33 피엔에스심슨        관   06:27     06:45       0:18   차
159 12조(서범석) 2 검이불루            관   07:29     07:38       0:09   차
160 12조(서범석) 7 라피어반            기   06:10     06:21       0:11   금
161 12조(서범석) 6 러브카우걸          관   07:29     07:43       0:14   차
162 12조(서범석)20 런런런              기   06:20     06:31       0:11   금
163 12조(서범석) 4 로드반              관   06:25     06:45       0:20   차
164 12조(서범석) 8 브레인스피더        관   06:14     06:23       0:09   차
165 12조(서범석)25 제주의흑선          관   07:02     07:15       0:13   차
166 12조(서범석)26 카지노스타          관   07:09     07:20       0:11   차
167 12조(서범석)33 큐피드비상          관   06:11     06:23       0:12   차
168 13조(이희영)13 고업                관   08:18     08:28       0:10   차
169 13조(이희영)12 논스톱선더          관   07:00     07:10       0:10   차
170 13조(이희영)15 런던파워            기   07:52     08:13       0:21   금
171 13조(이희영) 9 베스트매드캠        기   07:36     07:46       0:10   차
172 13조(이희영) 8 베스트클론          관   07:39     07:57       0:18   차
173 13조(이희영) 5 베스트탑            기   07:19     07:31       0:12   금
174 13조(이희영)28 비트업              기   07:04     07:15       0:11   차
175 13조(이희영)23 샤크짱              관   06:45     06:59       0:14   차
176 13조(이희영)35 엘리트라인          기   07:49     07:57       0:08   차
177 13조(이희영)11 엘리트룰즈          관   06:17     06:30       0:13   차
178 13조(이희영) 3 특급대로            관   07:00     07:09       0:09   차
179 13조(이희영)24 함평호프            관   06:32     06:42       0:10   차
180 14조(이신영)25 갤럭시삭스          기   06:47     06:56       0:09   금
181 14조(이신영)11 그래티튜드          기   06:13     06:26       0:13   차
182 14조(이신영)39 내길의퀸            기   07:43     07:50       0:07   금
183 14조(이신영)36 들꽃향기            관   06:29     06:39       0:10   차
184 14조(이신영)23 맥캘란              관   08:27     08:41       0:14   차
185 14조(이신영)12 사려니로키          기   06:32     06:49       0:17   차
186 14조(이신영) 9 아이언삭스          관   08:12     08:22       0:10   차
187 14조(이신영)30 아인슈페너          기   06:13     06:26       0:13   차
188 14조(이신영)16 아침기상            관   07:02     07:22       0:20   차
189 14조(이신영) 5 엉클오              기   06:39     06:48       0:09   차
190 14조(이신영) 1 정성바이스          관   06:15     06:28       0:13   차
191 14조(이신영)34 청계기상            관   07:28     07:36       0:08   차
192 14조(이신영)13 체크포인트          관   08:13     08:25       0:12   차
193 14조(이신영)20 타이탄삭스          관   08:25     08:38       0:13   차
194 14조(이신영)17 파워풀비전          관   08:27     08:44       0:17   차
195 14조(이신영)14 플라잉아테나        기   08:16     08:28       0:12   차
196 14조(이신영)26 플라잉점프          기   06:30     06:39       0:09   차
197 14조(이신영)35 플로리다파워        관   08:13     08:26       0:13   차
198 14조(이신영)27 해피고고            기   08:42     08:54       0:12   차
199 15조(박희철) 4 마에스트로          관   06:57     07:07       0:10   금
200 15조(박희철)19 서울탱크            관   06:11     06:20       0:09   금
201 15조(박희철) 8 은파마운틴          관   06:21     06:33       0:12   금
202 15조(박희철)10 정상킹덤            관   06:48     07:05       0:17   금
203 15조(박희철)23 파티파워            관   07:43     07:52       0:09   차
204 15조(박희철)16 함평여왕            관   06:40     06:51       0:11   차
205 16조(최봉주)12 내추럴클래스        관   07:08     07:23       0:15   차
206 16조(최봉주)22 마하걸              관   06:33     06:46       0:13   금
207 16조(최봉주)34 부스터로켓          관   08:07     08:24       0:17   금
208 16조(최봉주)19 블루카이저          기   07:51     08:05       0:14   차
209 16조(최봉주)25 에이스퀸            기   06:10     06:21       0:11   차
210 16조(최봉주)14 차이밍보이          관   06:51     07:04       0:13   차
211 16조(최봉주) 7 천마챗              관   06:56     07:09       0:13   특
212 16조(최봉주)36 케이엔라이트        기   07:17     07:28       0:11   차
213 16조(최봉주)17 케이엔스케치        관   08:05     08:15       0:10   차
214 16조(최봉주) 2 플라이스타          기   06:48     07:00       0:12   금
215 16조(최봉주)24 호크의영광          관   07:24     07:33       0:09   차
216 19조(곽영효)26 나올천지            관   07:12     07:31       0:19   차
217 19조(곽영효)18 나올행복            관   08:12     08:27       0:15   차
218 19조(곽영효)29 메니에이스          기   07:24     07:35       0:11   차
219 19조(곽영효) 7 발바투              관   06:57     07:14       0:17   차
220 19조(곽영효)34 어카운트            관   06:28     06:37       0:09   금
221 19조(곽영효) 4 우승바람            관   06:33     06:42       0:09   금
222 19조(곽영효)32 원더풀뮤직          관   06:44     06:54       0:10   차
223 19조(곽영효)16 월드패션            기   07:59     08:18       0:19   차
224 19조(곽영효)13 한강보스            기   07:41     07:57       0:16   차
225 19조(곽영효)10 한강에이스          기   07:12     07:30       0:18   특
226 19조(곽영효) 9 한강지존            관   07:59     08:18       0:19   차
227 19조(곽영효)12 한강챔프            기   07:23     07:35       0:12   금
228 19조(곽영효)31 한강히어로          기   07:10     07:21       0:11   차
229 19조(곽영효) 1 햇무리              기   07:33     07:45       0:12   금
230 20조(배대선)34 골든럭키            기   07:20     07:31       0:11   차
231 20조(배대선)18 글로리케이          기   07:33     07:48       0:15   금
232 20조(배대선)11 농본바다            관   06:50     06:59       0:09   차
233 20조(배대선) 6 다울퀸              기   07:00     07:09       0:09   금
234 20조(배대선)24 레전드케이          기   06:23     06:34       0:11   차
235 20조(배대선)39 머니가락            기   06:50     06:59       0:09   차
236 20조(배대선)28 머니신              관   06:36     06:45       0:09   차
237 20조(배대선) 5 머니지프            기   07:30     07:41       0:11   차
238 20조(배대선)13 백색광채            관   07:14     07:23       0:09   특
239 20조(배대선)15 빛의대륙            기   06:36     06:45       0:09   차
240 20조(배대선)30 빛의카              관   07:26     07:36       0:10   차
241 20조(배대선)12 신한특송            기   07:41     07:50       0:09   차
242 20조(배대선)22 우주의봄            관   07:01     07:10       0:09   차
243 20조(배대선)40 원더풀케이          관   06:23     06:34       0:11   차
244 20조(배대선)25 천사박              기   07:20     07:31       0:11   차
245 20조(배대선)33 투게더웨이          관   06:42     06:50       0:08   차
246 21조(문병기)29 누리태양            관   07:32     07:54       0:22   차
247 21조(문병기) 4 마스크              관   07:02     07:21       0:19   차
248 21조(문병기) 8 마파람              기   07:37     07:51       0:14   차
249 21조(문병기) 6 만세                관   06:58     07:09       0:11   금
250 21조(문병기)13 미르베스트          기   06:25     06:36       0:11   차
251 21조(문병기)25 새터데이            관   08:18     08:43       0:25   차
252 21조(문병기)12 선더플래시          기   06:27     06:38       0:11   금
253 21조(문병기)26 성실인동            조   08:18     08:49       0:31   차
254 21조(문병기) 1 에이스티아라        관   07:32     07:58       0:26   차
255 21조(문병기)23 원더풀조이          관   08:34     08:50       0:16   차
256 21조(문병기)30 원스피어            관   06:20     06:38       0:18   차
257 21조(문병기)27 위너존              관   07:32     07:57       0:25   차
258 21조(문병기)20 천년의바람          조   06:20     06:38       0:18   금
259 21조(문병기)17 황금럭키            관   08:07     08:21       0:14   금
260 22조(안병기)13 광치기              조   06:11     06:25       0:14   금
261 22조(안병기) 6 네모프린세스        관   06:30     06:41       0:11   금
262 22조(안병기)30 다이아마이트        관   06:11     06:25       0:14   차
263 22조(안병기)26 로열로드            기   08:09     08:20       0:11   금
264 22조(안병기)37 봄날의기억          관   06:10     06:31       0:21   차
265 22조(안병기)19 블로마인드          관   06:56     07:05       0:09   금
266 22조(안병기)10 생일선물            기   06:41     06:54       0:13   차
267 22조(안병기)14 선더호스            관   07:19     07:33       0:14   차
268 22조(안병기)31 스톰매직            기   07:30     07:42       0:12   차
269 22조(안병기) 2 스프링백            관   07:01     07:17       0:16   차
270 22조(안병기)17 쓸모                기   07:23     07:36       0:13   차
271 22조(안병기)40 아르고꾸숑          기   07:48     08:06       0:18   차
272 22조(안병기)34 야무진새강자        관   07:36     07:49       0:13   차
273 22조(안병기)27 야무진왕초          관   06:41     06:52       0:11   금
274 22조(안병기)39 야무진재수          기   07:38     07:51       0:13   차
275 22조(안병기)21 원더루키            기   06:56     07:13       0:17   차
276 22조(안병기)22 월드포스            기   07:03     07:17       0:14   차
277 22조(안병기)29 타라타라타라        관   07:21     07:36       0:15   금
278 22조(안병기) 8 파르키우스          기   07:28     07:40       0:12   차
279 23조(유재길)11 강철여걸            관   06:14     06:27       0:13   차
280 23조(유재길) 1 골드참              관   07:44     07:56       0:12   차
281 23조(유재길) 7 미스윈스타          기   07:44     07:56       0:12   차
282 23조(유재길) 9 미지스타            관   06:52     07:07       0:15   차
283 23조(유재길)29 별빛보석            관   07:15     07:27       0:12   금
284 23조(유재길) 3 블랙이글스          관   07:50     08:05       0:15   차
285 23조(유재길)14 빛나는질주          관   06:38     06:47       0:09   금
286 23조(유재길)22 왈츠카우보이        관   07:44     08:00       0:16   차
287 23조(유재길) 6 원평버드            관   06:14     06:27       0:13   차
288 23조(유재길)16 총알커널            관   07:50     08:05       0:15   차
289 23조(유재길) 8 피엔에스헐          기   06:53     07:02       0:09   금
290 23조(유재길)26 하트시그널          관   06:57     07:17       0:20   차
291 23조(유재길)27 해피나이스          관   06:28     06:37       0:09   금
292 24조(서홍수)26 그레이캣            관   06:53     07:07       0:14   차
293 24조(서홍수)23 깡돌이              관   08:02     08:14       0:12   차
294 24조(서홍수)29 동서여걸            관   06:43     06:54       0:11   금
295 24조(서홍수)13 로터스미르          관   06:13     06:28       0:15   금
296 24조(서홍수)10 마이티고            관   06:14     06:27       0:13   차
297 24조(서홍수)11 마이티쎈            관   08:47     08:59       0:12   차
298 24조(서홍수) 7 마이티큐            기   07:40     07:52       0:12   금
299 24조(서홍수)30 마이티탭            관   09:02     09:15       0:13   차
300 24조(서홍수) 5 마이티팝            관   06:47     07:00       0:13   차
301 24조(서홍수)19 마이티후            기   07:30     07:40       0:10   금
302 24조(서홍수)33 마칼루파워          관   07:00     07:14       0:14   금
303 24조(서홍수) 9 배다리왕자          관   08:15     08:29       0:14   차
304 24조(서홍수)12 새내타운            기   06:40     06:55       0:15   특
305 24조(서홍수)40 시크릿킹            관   07:20     07:31       0:11   차
306 24조(서홍수)38 원더풀데블          관   06:16     06:26       0:10   금
307 24조(서홍수) 2 원앤온리            관   07:38     07:53       0:15   차
308 24조(서홍수)27 원퍼트              관   08:47     08:59       0:12   차
309 24조(서홍수)35 인듀어런스          관   07:20     07:32       0:12   차
310 25조(전승규)13 골든아너            기   06:30     06:41       0:11   금
311 25조(전승규)33 당찬대보            관   08:10     08:26       0:16   차
312 25조(전승규)16 럭키훈              관   08:42     08:53       0:11   차
313 25조(전승규)25 루킹굿              관   08:11     08:23       0:12   특
314 25조(전승규) 8 미스양호            관   07:39     07:52       0:13   차
315 25조(전승규)26 볼드어게인          관   08:14     08:27       0:13   차
316 25조(전승규)37 블랙초콜릿          관   06:19     06:36       0:17   차
317 25조(전승규)40 송암티즈            기   08:24     08:35       0:11   차
318 25조(전승규)12 스마트오피서        관   08:04     08:19       0:15   차
319 25조(전승규)22 아스펜태양          관   06:44     06:58       0:14   차
320 25조(전승규) 5 어나더레벨          관   06:43     06:55       0:12   차
321 25조(전승규)24 이글포인트          기   06:30     06:41       0:11   금
322 25조(전승규)23 제트비전            관   07:47     08:01       0:14   차
323 25조(전승규)38 질주대세            기   07:40     07:54       0:14   금
324 25조(전승규)30 질주의꿈            관   06:44     06:58       0:14   차
325 25조(전승규)15 초토마              관   08:20     08:34       0:14   차
326 25조(전승규)11 최강게임            관   06:37     06:49       0:12   특
327 25조(전승규)20 케이엔티즈원        관   06:10     06:22       0:12   차
328 25조(전승규) 4 크로마이트          기   06:46     07:00       0:14   금
329 25조(전승규)14 특별                관   06:10     06:22       0:12   차
330 25조(전승규)35 파이어굿            관   07:47     08:01       0:14   차
331 25조(전승규)18 항구스타            관   07:02     07:24       0:22   차
332 25조(전승규) 1 허쉬대보            관   08:17     08:29       0:12   차
333 25조(전승규)19 화랑투데이          기   07:26     07:39       0:13   금
334 26조(안해양) 4 나노메타            관   08:03     08:19       0:16   특
335 26조(안해양) 7 단디                관   06:23     06:40       0:17   차
336 26조(안해양)11 더블에지            관   07:44     08:03       0:19   차
337 26조(안해양)25 더블테이크          관   08:29     08:42       0:13   차
338 26조(안해양)33 더퀸저스티스        기   08:29     08:38       0:09   금
339 26조(안해양)37 럭키선              관   08:29     08:42       0:13   금
340 26조(안해양) 8 런던비상            기   08:18     08:29       0:11   금
341 26조(안해양)40 레드태풍            관   08:44     09:04       0:20   차
342 26조(안해양) 9 마구마              관   06:23     06:40       0:17   차
343 26조(안해양)34 바다의꿈            기   06:52     07:05       0:13   차
344 26조(안해양)10 벼락                기   06:52     07:00       0:08   금
345 26조(안해양)27 선샤인케이          관   07:22     07:31       0:09   차
346 26조(안해양) 2 세륭                기   06:37     06:51       0:14   차
347 26조(안해양)13 우아륭              관   07:27     07:40       0:13   차
348 26조(안해양)39 우청륭              관   06:55     07:04       0:09   금
349 26조(안해양)20 지산군              관   07:50     08:01       0:11   차
350 26조(안해양)12 파크윈              관   06:31     06:44       0:13   차
351 26조(안해양)21 플라잉바비          관   08:46     08:55       0:09   차
352 26조(안해양)18 히어로퀸            기   06:43     06:55       0:12   금
353 27조(박병일)20 검포                기   06:10     06:25       0:15   차
354 27조(박병일) 8 금세다              관   06:44     06:59       0:15   차
355 27조(박병일) 2 대마지풍            기   07:16     07:24       0:08   금
356 27조(박병일)38 더파이팅            기   06:20     06:30       0:10   차
357 27조(박병일)25 드림로즈            기   06:28     06:40       0:12   금
358 27조(박병일)17 리얼팩              기   06:10     06:19       0:09   금
359 27조(박병일)23 만석지기            관   08:51     09:16       0:25   차
360 27조(박병일) 6 문학태핏            관   07:57     08:12       0:15   차
361 27조(박병일)15 블루                관   07:15     07:33       0:18   차
362 27조(박병일)12 스마티드림          관   07:28     07:46       0:18   차
363 27조(박병일)13 엄청난걸            관   06:45     06:52       0:07   차
364 27조(박병일) 1 오월춘추            기   06:27     06:39       0:12   차
365 27조(박병일)24 오키드밸리          관   07:28     07:46       0:18   차
366 27조(박병일)30 포에버칸            관   07:25     07:35       0:10   차
367 27조(박병일)14 피닉스서브          기   06:34     06:46       0:12   금
368 27조(박병일)21 피닉스클래스        관   08:10     08:19       0:09   차
369 27조(박병일) 7 흥복드림            관   06:55     07:06       0:11   차
370 28조(최상식) 2 글로벌매직          기   06:10     06:22       0:12   차
371 28조(최상식)26 글로벌선            관   06:25     06:37       0:12   차
372 28조(최상식)13 글로벌신화          관   06:27     06:42       0:15   차
373 28조(최상식)10 글로벌축배          관   06:45     07:05       0:20   차
374 28조(최상식)22 글로벌프라임        기   07:02     07:12       0:10   금
375 28조(최상식) 1 베스트럭키          관   06:28     06:40       0:12   금
376 28조(최상식)15 선더갤러퍼          관   06:14     06:26       0:12   금
377 28조(최상식)17 퍼펙트파워          기   07:38     07:50       0:12   금
378 29조(배휴준)10 늘가을              기   06:55     07:10       0:15   금
379 29조(배휴준)14 딘시챔프            기   06:41     06:51       0:10   금
380 29조(배휴준)15 럭키크라운          관   06:26     06:37       0:11   차
381 29조(배휴준)22 세명기상            기   07:12     07:29       0:17   금
382 29조(배휴준) 5 세명레이디          관   06:50     07:06       0:16   차
383 29조(배휴준)11 천운챗              기   06:29     06:49       0:20   차
384 29조(배휴준) 2 천은총              기   07:10     07:26       0:16   금
385 29조(배휴준) 3 클라우터            관   06:10     06:20       0:10   차
386 29조(배휴준)24 피엔에스싱          기   07:30     07:51       0:21   차
387 30조(토니  )14 남산초콜릿          조   07:14     07:28       0:14   차
388 30조(토니  )11 더리퍼              조   08:18     08:32       0:14   차
389 30조(토니  )12 도끼블레이드        기   06:17     06:31       0:14   차
390 30조(토니  )22 뷰티풀멜로디        관   08:48     09:03       0:15   차
391 30조(토니  )19 성실공주핑크        기   06:45     06:55       0:10   금
392 30조(토니  ) 1 성실머니            관   07:14     07:28       0:14   금
393 30조(토니  )18 성실태양            기   07:44     07:58       0:14   차
394 30조(토니  )25 스타블레이드        조   09:14     09:29       0:15   차
395 30조(토니  )26 장산몬스터          관   08:28     08:41       0:13   차
396 30조(토니  ) 9 장산바다            기   07:14     07:28       0:14   특
397 30조(토니  )28 장산스타트          관   08:52     09:04       0:12   차
398 30조(토니  )15 장산플라이          관   08:18     08:32       0:14   차
399 30조(토니  )21 지르콘              관   08:48     09:03       0:15   차
400 30조(토니  ) 8 청담지니            관   07:49     08:03       0:14   차
401 30조(토니  )13 청담탱크            조   06:45     06:55       0:10   금
402 30조(토니  ) 3 청춘비바            관   06:45     06:59       0:14   차
403 30조(토니  )10 최강미래            관   06:17     06:31       0:14   금
404 30조(토니  )16 최강장산            관   08:18     08:32       0:14   차
405 30조(토니  ) 6 헌터블레이드        기   06:45     06:59       0:14   차
406 30조(토니  )23 헤라블레이드        조   08:48     09:03       0:15   차
407 31조(강환민)18 뉴스타영천          관   06:49     07:06       0:17   금
408 31조(강환민)12 데블케이            관   07:55     08:08       0:13   차
409 31조(강환민)35 레전드삭스          관   08:10     08:19       0:09   금
410 31조(강환민)20 버터케이            관   07:12     07:27       0:15   차
411 31조(강환민)13 블루해머            관   06:49     07:06       0:17   금
412 31조(강환민)16 빅야크              관   06:46     06:58       0:12   금
413 31조(강환민) 8 사바나찰리          관   07:51     08:07       0:16   차
414 31조(강환민) 6 수리수리마          관   06:10     06:19       0:09   차
415 31조(강환민) 9 스마트블루          관   06:28     06:43       0:15   차
416 31조(강환민)39 스위치송            관   08:01     08:26       0:25   차
417 31조(강환민)24 신의여인            관   07:12     07:27       0:15   차
418 31조(강환민)10 장산스포            관   06:28     06:55       0:27   차
419 31조(강환민)29 정상파이팅          관   06:49     07:05       0:16   차
420 31조(강환민)40 주몽천하            관   06:15     06:28       0:13   금
421 31조(강환민) 3 천비성              관   06:10     06:22       0:12   차
422 31조(강환민)37 컴플리트럭키        관   07:37     07:49       0:12   차
423 31조(강환민)14 컴플리트리더        관   08:01     08:26       0:25   차
424 31조(강환민)22 패스트트랙          관   06:10     06:26       0:16   차
425 31조(강환민)17 해피삭스            관   07:17     07:29       0:12   금
426 31조(강환민)25 히든블레이드        기   07:51     08:01       0:10   차
427 32조(김윤섭) 1 고고스타            기   08:01     08:13       0:12   금
428 32조(김윤섭)29 드림케이            관   06:57     07:11       0:14   차
429 32조(김윤섭)31 이글퀸              관   07:55     08:06       0:11   차
430 32조(김윤섭) 9 지금여기에          관   06:57     07:11       0:14   차
431 32조(김윤섭)20 테스메리            관   07:55     08:20       0:25   차
432 32조(김윤섭)28 페더럴캣            관   06:22     06:46       0:24   금
433 32조(김윤섭)26 하늘아              관   07:38     07:49       0:11   금
434 32조(김윤섭)25 함평나비            관   07:07     07:18       0:11   차
435 33조(서인석)21 금성크라운          기   07:42     07:57       0:15   금
436 33조(서인석)24 나올세상            관   08:55     09:09       0:14   차
437 33조(서인석)38 노던타임            기   06:36     06:48       0:12   금
438 33조(서인석)19 대승가온            관   07:45     08:03       0:18   차
439 33조(서인석) 7 드래곤스타          기   08:40     08:54       0:14   차
440 33조(서인석)35 디스챌린지          관   06:10     06:26       0:16   차
441 33조(서인석)14 매직주니어          기   06:29     06:41       0:12   차
442 33조(서인석) 6 매직주드            기   07:34     07:48       0:14   차
443 33조(서인석)22 매직콘서트          관   08:47     08:57       0:10   차
444 33조(서인석) 4 매직타이드          관   07:34     07:50       0:16   차
445 33조(서인석)34 모닝펄              기   06:10     06:22       0:12   차
446 33조(서인석) 2 빈체로킹            기   07:14     07:24       0:10   금
447 33조(서인석)15 아라대장군          관   07:55     08:09       0:14   차
448 33조(서인석)26 아침동자            관   06:32     06:49       0:17   차
449 33조(서인석)17 옐로우캣            기   06:50     07:03       0:13   차
450 33조(서인석)25 오천복              조   06:10     06:27       0:17   차
451 33조(서인석) 5 은파챔피언          관   07:45     08:03       0:18   차
452 33조(서인석)37 이스트트로스        기   07:20     07:36       0:16   금
453 33조(서인석)39 질주에바다          기   08:59     09:12       0:13   차
454 33조(서인석)12 천마비상            기   06:45     07:07       0:22   차
455 33조(서인석) 9 코스모킹            관   07:29     07:42       0:13   차
456 33조(서인석) 3 탭다운              기   07:03     07:19       0:16   차
457 33조(서인석)36 티즈에너지          기   06:42     06:54       0:12   금
458 34조(리카디)17 가로수길            기   06:50     07:05       0:15   금
459 34조(리카디)28 강철블레이드        관   09:06     09:22       0:16   차
460 34조(리카디)29 남산러브            관   07:59     08:08       0:09   차
461 34조(리카디) 7 남산호랑이          기   08:01     08:16       0:15   금
462 34조(리카디)21 드림스피드          기   06:32     06:46       0:14   금
463 34조(리카디)10 레디고              관   08:37     08:51       0:14   차
464 34조(리카디)35 메니골드            기   07:59     08:10       0:11   차
465 34조(리카디)24 몬스터파워          기   06:32     06:44       0:12   특
466 34조(리카디)22 벌말대장            관   09:05     09:18       0:13   차
467 34조(리카디)25 블랙마스크          관   06:15     06:28       0:13   차
468 34조(리카디)31 블랙모션            기   07:29     07:42       0:13   차
469 34조(리카디) 1 비제이스톰          관   07:14     07:24       0:10   차
470 34조(리카디) 8 선더프린스          관   07:43     07:58       0:15   차
471 34조(리카디)26 아이언머스킷        기   06:58     07:11       0:13   차
472 34조(리카디)20 얼티멋원더          관   09:06     09:22       0:16   차
473 34조(리카디)38 원더풀슬루          관   08:37     08:59       0:22   차
474 34조(리카디)12 장산포에버          관   06:50     07:03       0:13   차
475 34조(리카디)33 제이모션            기   06:46     06:58       0:12   차
476 34조(리카디)34 조이브라더          기   08:12     08:25       0:13   차
477 34조(리카디)37 지모션              관   09:06     09:18       0:12   차
478 34조(리카디) 3 최강블랙            기   06:33     06:45       0:12   차
479 34조(리카디)16 펄포인트            관   09:06     09:22       0:16   차
480 34조(리카디)40 프린세스레아        관   07:43     07:58       0:15   차
481 34조(리카디)23 호크프린스          기   06:20     06:42       0:22   차
482 35조(임채덕)27 드림스카이          관   07:15     07:29       0:14   차
483 35조(임채덕)28 라이드럭키          관   08:36     08:49       0:13   차
484 35조(임채덕)15 레이디태풍          관   08:36     08:49       0:13   차
485 35조(임채덕) 8 로즈골드            기   06:10     06:22       0:12   차
486 35조(임채덕)11 불의날개            관   07:15     07:29       0:14   차
487 35조(임채덕)30 스위트플레이        관   07:15     07:29       0:14   차
488 35조(임채덕)16 원더풀캣            관   06:10     06:17       0:07   금
489 35조(임채덕)14 쿨프린세스          기   07:25     07:37       0:12   차
490 35조(임채덕) 2 투에이스            기   07:42     07:55       0:13   차
491 37조(심승태)10 감곡선샤인          기   06:19     06:34       0:15   금
492 37조(심승태) 7 그랜드군황          관   08:46     09:01       0:15   차
493 37조(심승태)16 나이스존            기   07:50     08:13       0:23   차
494 37조(심승태)23 나인아이            관   06:33     06:46       0:13   차
495 37조(심승태)35 라스트보스          관   06:11     06:20       0:09   금
496 37조(심승태) 3 럭셔리캡틴          관   06:10     06:21       0:11   차
497 37조(심승태)24 스웨이              관   08:46     08:58       0:12   차
498 37조(심승태)40 심장의고동          관   07:54     08:03       0:09   특
499 37조(심승태)22 아치리버            관   06:24     06:36       0:12   차
500 37조(심승태)26 오스틴리더          관   08:46     09:01       0:15   차
501 37조(심승태)34 위너드래건          관   07:06     07:20       0:14   차
502 37조(심승태) 8 주얼리베스트        기   06:11     06:19       0:08   금
503 37조(심승태) 1 프라임라벨          관   07:50     08:15       0:25   차
504 40조(송문길)13 꿈의순간            기   07:32     07:45       0:13   차
505 40조(송문길)   뉴문워리어          관   07:57     08:09       0:12   차
506 40조(송문길)26 별의순간            기   07:19     07:32       0:13   금
507 40조(송문길)36 순간터치            기   06:27     06:39       0:12   차
508 40조(송문길)39 스카이돌풍          기   06:10     06:24       0:14   차
509 40조(송문길)   시리우스알파        관   07:37     07:49       0:12   차
510 40조(송문길)34 아델머스탱          기   07:14     07:25       0:11   차
511 40조(송문길) 7 어마어마            기   06:12     06:33       0:21   특
512 40조(송문길)   어메이징위즈        관   07:14     07:27       0:13   차
513 40조(송문길)25 온리위너            기   06:10     06:20       0:10   차
514 40조(송문길)18 월드레이서          관   08:29     08:45       0:16   차
515 40조(송문길)   위즈모멘트          관   08:15     08:35       0:20   차
516 40조(송문길)   제다이포스          관   06:50     07:04       0:14   차
517 40조(송문길)17 클레어베스트        기   06:10     06:24       0:14   차
518 40조(송문길)37 파워박스            관   06:10     06:19       0:09   차
519 40조(송문길)21 하이그랜드          기   06:31     06:43       0:12   차
520 41조(신삼영)11 금빛천하            관   06:50     06:58       0:08   금
521 41조(신삼영)28 돌아온날리          관   07:20     07:31       0:11   차
522 41조(신삼영)38 문학파이어          관   06:44     06:59       0:15   차
523 41조(신삼영)21 신의부활            관   06:12     06:31       0:19   차
524 41조(신삼영)22 아름다운사이        관   06:12     06:30       0:18   차
525 41조(신삼영)14 큐피드베이브        기   07:05     07:13       0:08   금
526 41조(신삼영) 4 큐피드워리어        관   07:56     08:05       0:09   차
527 42조(이관호) 7 거센챔프            기   07:52     08:05       0:13   차
528 42조(이관호)23 금빛마              기   06:14     06:26       0:12   차
529 42조(이관호) 3 금아얼루어          기   08:17     08:24       0:07   차
530 42조(이관호)35 다크플레이어        관   08:28     08:39       0:11   차
531 42조(이관호)26 레이먼드            기   06:10     06:21       0:11   차
532 42조(이관호)31 모르피스            관   06:26     06:37       0:11   차
533 42조(이관호)29 방탄여걸            기   06:10     06:20       0:10   금
534 42조(이관호)36 밴프                기   07:16     07:35       0:19   차
535 42조(이관호)20 불화산              관   08:40     08:49       0:09   차
536 42조(이관호)25 비트러너            기   07:16     07:32       0:16   차
537 42조(이관호) 6 빅에너지            기   06:27     06:37       0:10   차
538 42조(이관호)24 서울스퍼트          기   07:12     07:26       0:14   금
539 42조(이관호)28 서울을날다          기   07:03     07:15       0:12   차
540 42조(이관호) 5 성은크라운          기   06:59     07:08       0:09   금
541 42조(이관호)21 아이스스타          기   07:35     07:51       0:16   금
542 42조(이관호) 9 에이스함성          기   08:28     08:39       0:11   차
543 42조(이관호)11 와일드러너          관   08:57     09:07       0:10   차
544 42조(이관호)16 와일드삭스          기   06:43     06:52       0:09   차
545 42조(이관호)22 이무기              기   06:56     07:08       0:12   차
546 42조(이관호)10 전정사금            기   06:26     06:42       0:16   차
547 42조(이관호)37 제로백포            기   07:39     07:49       0:10   차
548 42조(이관호) 8 챌린지삭스          관   08:28     08:39       0:11   차
549 42조(이관호) 1 챔피언함성          기   07:03     07:15       0:12   차
550 42조(이관호)19 청산강호            기   06:10     06:20       0:10   금
551 42조(이관호)38 쿠레레쿠스          관   08:12     08:21       0:09   차
552 42조(이관호)39 포에이스            기   06:56     07:08       0:12   차
553 42조(이관호)17 피어리스            관   07:16     07:37       0:21   차
554 42조(이관호)40 해피드림            기   06:12     06:22       0:10   금
555 42조(이관호)14 히든돌풍            관   07:52     08:05       0:13   차
556 48조(이준철)18 그린실드            기   06:51     07:07       0:16   차
557 48조(이준철)11 기쁨환호            기   07:24     07:39       0:15   차
558 48조(이준철)14 나올스나이퍼        관   06:33     06:49       0:16   금
559 48조(이준철)30 나올인디            관   06:25     06:35       0:10   차
560 48조(이준철) 4 리치게이트          관   06:33     06:49       0:16   금
561 48조(이준철)22 원더풀위크          관   07:03     07:13       0:10   금
562 48조(이준철)29 투어퀸              기   07:08     07:23       0:15   차
563 48조(이준철) 8 흥행질주            관   07:12     07:23       0:11   차
564 50조(박재우) 3 국향                기   07:49     08:01       0:12   금
565 50조(박재우)38 그랜드스타          관   06:56     07:19       0:23   차
566 50조(박재우)39 금성세계            기   07:27     07:40       0:13   차
567 50조(박재우)27 금성시대            기   08:42     08:53       0:11   차
568 50조(박재우)21 댄싱위드유          기   07:10     07:25       0:15   금
569 50조(박재우) 9 럭키법전            관   08:34     08:45       0:11   차
570 50조(박재우)37 럭키파워            관   07:12     07:26       0:14   차
571 50조(박재우)23 문학타이거          관   06:20     06:46       0:26   차
572 50조(박재우)17 문학포리스트        기   07:13     07:27       0:14   금
573 50조(박재우) 6 베스트전사          관   07:49     07:59       0:10   차
574 50조(박재우)12 야호골든캣          관   06:35     06:51       0:16   금
575 50조(박재우) 8 엠제이타임          기   08:22     08:31       0:09   차
576 50조(박재우)14 유쾌한선택          기   07:49     07:59       0:10   차
577 50조(박재우)20 치프인디            관   08:10     08:24       0:14   특
578 50조(박재우)31 컴플리트레벨        기   07:04     07:16       0:12   특
579 50조(박재우)40 컴플리트타임        기   06:44     06:56       0:12   차
580 50조(박재우)16 쾌향                관   07:29     07:45       0:16   특
581 50조(박재우)15 트리플킹덤          기   08:02     08:15       0:13   금
582 50조(박재우) 1 파이어걸            관   08:54     09:06       0:12   특
583 50조(박재우)24 화이트퀸            관   06:53     07:03       0:10   금
584 51조(최용건)29 골든펄              기   06:10     06:25       0:15   차
585 51조(최용건)28 그레이트선더        관   07:28     07:44       0:16   차
586 51조(최용건)33 누리데이            관   07:10     07:25       0:15   차
587 51조(최용건)10 디자이어투윈        기   06:38     06:53       0:15   금
588 51조(최용건)35 서니블레이드        관   06:20     06:34       0:14   차
589 51조(최용건)20 송암레이서          기   06:53     07:07       0:14   차
590 51조(최용건) 7 실버스타            관   07:12     07:24       0:12   차
591 51조(최용건)19 장산레이저          관   07:16     07:28       0:12   차
592 51조(최용건) 6 장산포이즌          관   06:39     06:53       0:14   차
593 51조(최용건)13 제우시대            기   06:59     07:12       0:13   금
594 51조(최용건) 8 캠프세이버          관   06:49     07:03       0:14   차
595 51조(최용건)31 케이엔매직          관   07:51     08:07       0:16   차
596 51조(최용건)40 케이엔메니퀸        기   07:16     07:27       0:11   차
597 51조(최용건)18 희망챔프            기   07:53     08:05       0:12   금
598 52조(김동균)21 그로우              관   06:10     06:25       0:15   금
599 52조(김동균)35 네모프린스          관   09:12     09:24       0:12   차
600 52조(김동균)27 드림노크            기   07:46     07:58       0:12   차
601 52조(김동균)12 럭키월드            기   08:00     08:11       0:11   특
602 52조(김동균) 6 루나실버            기   09:12     09:23       0:11   차
603 52조(김동균)24 메니원더풀          관   06:10     06:24       0:14   차
604 52조(김동균)13 배다리쾌검          관   07:40     07:48       0:08   금
605 52조(김동균)22 비에스에너지        기   08:00     08:16       0:16   금
606 52조(김동균) 3 슈팅리버스          기   08:23     08:35       0:12   차
607 52조(김동균)10 일동박수            관   06:42     06:55       0:13   차
608 52조(김동균) 7 천둥세자            관   07:16     07:25       0:09   금
609 52조(김동균)36 캔디존              기   06:56     07:08       0:12   차
610 52조(김동균)40 토호스카이          관   08:07     08:25       0:18   특
611 52조(김동균)33 티시패밀리          기   08:03     08:13       0:10   금
612 52조(김동균)34 파이널축제          기   06:41     06:55       0:14   차
613 52조(김동균) 5 하이본미            기   08:36     08:47       0:11   차
614 52조(김동균)23 홀리스타            기   08:50     09:00       0:10   차
615 52조(김동균)16 후이넘              관   06:41     06:57       0:16   차
616 53조(김동철)34 교룡득수            기   07:20     07:32       0:12   차
617 53조(김동철)39 나올킹              관   06:22     06:43       0:21   차
618 53조(김동철)27 대변화              관   08:30     08:42       0:12   차
619 53조(김동철)   대왕순간이          관   08:04     08:21       0:17   차
620 53조(김동철) 2 대한질주            관   06:52     07:17       0:25   특
621 53조(김동철) 9 러피언이글          관   07:59     08:09       0:10   차
622 53조(김동철)11 러피언파크          관   08:48     09:00       0:12   금
623 53조(김동철)15 로드에이스          관   06:16     06:42       0:26   차
624 53조(김동철)28 미스터스타          기   07:46     08:02       0:16   금
625 53조(김동철)19 브라운              관   09:07     09:18       0:11   금
626 53조(김동철)   비단주머니          기   08:04     08:21       0:17   차
627 53조(김동철)29 샤크플레이          관   07:19     07:32       0:13   차
628 53조(김동철) 3 스타러시            관   08:48     09:05       0:17   차
629 53조(김동철) 1 스트롱참            관   08:17     08:30       0:13   차
630 53조(김동철)22 에이투제트          관   08:15     08:28       0:13   차
631 53조(김동철)14 큐피드챔프          관   09:38     09:48       0:10   차
632 53조(김동철)18 티케이데이          기   06:37     06:51       0:14   금
633 53조(김동철)21 팬시플레이          관   09:24     09:44       0:20   차
634 54조(박천서) 3 도리포              기   08:27     08:39       0:12   금
635 54조(박천서) 7 레이볼트            관   07:20     07:32       0:12   차
636 54조(박천서)13 마바위              기   06:59     07:09       0:10   금
637 54조(박천서)30 베스트선            기   08:15     08:27       0:12   금
638 54조(박천서)22 베스트천상          관   06:14     06:28       0:14   차
639 54조(박천서)24 베스트토치          관   06:49     07:05       0:16   차
640 54조(박천서) 5 불방울              관   07:34     07:57       0:23   차
641 54조(박천서)25 은성마루            기   08:14     08:25       0:11   차
━━━━━━━━━━━━━━━━━━━━━━━━━━━━━━━━━━━━━━━
                                                      출력일자 : 2022.10.28

