

제목 : 22.02.28(월) 조교현황

  ※기승자범례(조:조교사, 관:주로조교, 기:기수, 후:기수후보생)
  ※비고(금:금주출전예정마, 차:차주출전예정마, 특:특대상경주출전예정마)
  ※금주, 차주 또는 특별 대상경주 출전예상마는 출전신청 결과 및
  조교사의 의사에 따라 변동될 수 있는 미확정된 자료이오니 참고하시기 바랍니다.
━━━━━━━━━━━━━━━━━━━━━━━━━━━━━━━━━━━━━━━
  순 소속조 - 조번 마명              기승자 입장시각  퇴장시각  조교시간 비고
━━━━━━━━━━━━━━━━━━━━━━━━━━━━━━━━━━━━━━━
  1  1조(백광열) 2 닥터카이로          관   06:04     06:19       0:15   차
  2  1조(백광열)36 닥터칼리파          관   07:03     07:18       0:15   금
  3  1조(백광열)16 닥터캔디            관   06:04     06:17       0:13   금
  4  1조(백광열)34 닥터콩돌이          관   06:54     07:08       0:14   금
  5  1조(백광열)40 닥터콩순이          관   07:28     07:41       0:13   차
  6  1조(백광열)26 닥터파라오          관   08:36     08:50       0:14   차
  7  1조(백광열)39 닥터펜타곤          관   06:04     06:19       0:15   차
  8  1조(백광열)12 닥터프로            관   07:29     07:45       0:16   차
  9  1조(백광열)15 두무산              관   08:12     08:24       0:12   금
 10  1조(백광열)17 아델골드            관   07:33     07:47       0:14   금
 11  1조(백광열)33 아델로사리오        관   06:04     06:22       0:18   차
 12  1조(백광열)42 아델보스            기   08:40     08:57       0:17   차
 13  1조(백광열)13 아델스마트          관   06:31     06:48       0:17   차
 14  1조(백광열)20 아델앨리스          관   07:52     08:12       0:19   차
 15  1조(백광열)35 아델크라운          관   06:59     07:16       0:17   차
 16  1조(백광열)29 아델플라이          관   08:07     08:19       0:12   차
 17  1조(백광열)44 알파어게인          관   07:34     07:47       0:13   금
 18  1조(백광열)25 연승브라보          관   07:57     08:09       0:12   금
 19  1조(백광열)22 영원다이너모        관   07:03     07:18       0:15   금
 20  1조(백광열) 6 영천파워            관   06:30     06:43       0:13   금
 21  1조(백광열)21 위너스타            기   07:11     07:30       0:19   차
 22  1조(백광열)37 유로스타            관   08:26     08:37       0:12   차
 23  1조(백광열) 1 킹그레이스          관   06:32     06:45       0:13   금
 24  1조(백광열)19 파워원더풀          기   08:12     08:29       0:17   금
 25  1조(백광열) 9 화랑브라보          관   06:30     06:43       0:13   금
 26  1조(백광열)43 화랑에이스          관   08:26     08:54       0:28   차
 27  2조(강형곤) 2 그린치타            기   06:47     06:58       0:11   금
 28  2조(강형곤)33 글로벌캐처          관   08:29     08:42       0:14   차
 29  2조(강형곤)30 동부월드            관   06:26     06:39       0:13   금
 30  2조(강형곤)38 로열티켓            관   07:59     08:15       0:16   금
 31  2조(강형곤) 8 백구                관   07:18     07:36       0:18   차
 32  2조(강형곤)45 비케이존            관   06:03     06:16       0:13   금
 33  2조(강형곤)15 비케이하운드        기   06:27     06:38       0:11   금
 34  2조(강형곤)19 서귀포인트          관   06:50     07:05       0:15   차
 35  2조(강형곤)31 소리태풍            관   07:45     07:56       0:11   금
 36  2조(강형곤) 9 스페셜투게더        관   06:50     07:09       0:19   금
 37  2조(강형곤)24 에이원플러스        관   07:37     07:49       0:12   금
 38  2조(강형곤)36 우승멜로디          관   06:03     06:16       0:13   금
 39  2조(강형곤)18 최강무지개          관   06:26     06:40       0:14   금
 40  2조(강형곤)17 팀스카이            관   08:07     08:18       0:11   금
 41  2조(강형곤)29 풍운조화            관   07:16     07:27       0:11   금
 42  2조(강형곤)10 회자인구            관   08:29     08:42       0:14   차
 43  4조(임금만) 1 래피드게임          관   06:22     06:39       0:16   차
 44  4조(임금만)23 판타스틱매직        관   07:28     07:43       0:15   금
 45  6조(구영준)21 대호누리            관   07:50     08:05       0:15   차
 46  6조(구영준)14 렛츠고고            관   06:27     06:45       0:19   차
 47  6조(구영준)16 마인드존            관   06:34     06:47       0:13   금
 48  6조(구영준)28 베스트윈드          관   07:13     07:27       0:14   차
 49  6조(구영준)30 스마트프린스        관   07:33     07:46       0:13   차
 50  6조(구영준) 2 아이엠차터드        관   07:04     07:21       0:17   차
 51  6조(구영준)20 영광의라이더        관   07:50     08:07       0:17   금
 52  6조(구영준)17 최강라이거          관   06:48     07:06       0:17   차
 53  6조(구영준) 9 혼디글라            관   07:50     08:07       0:17   차
 54  6조(구영준) 1 히든보이            관   06:34     06:47       0:13   금
 55  7조(김병학) 8 가속데이            관   06:29     06:43       0:14   금
 56  7조(김병학)22 골드스위트          관   08:01     08:15       0:14   차
 57  7조(김병학)24 나르캣              관   08:24     08:40       0:16   차
 58  7조(김병학)19 네임드              관   06:40     06:52       0:12   차
 59  7조(김병학)16 리버스스윕          관   06:08     06:23       0:15   금
 60  7조(김병학)21 맨오브더이어        관   07:13     07:26       0:13   특
 61  7조(김병학)31 슈퍼빅토리          관   08:01     08:15       0:14   차
 62  7조(김병학)26 인디언파티          관   06:17     06:28       0:11   금
 63  7조(김병학) 5 캐치더빅토리        관   07:26     07:41       0:15   차
 64  7조(김병학) 3 쿨가이              관   06:56     07:11       0:15   금
 65  8조(토마스)30 경주의두레박        관   06:27     06:38       0:11   금
 66  8조(토마스)36 골드탭              관   07:45     07:57       0:12   차
 67  8조(토마스) 8 그레이트굿          관   06:28     06:39       0:11   금
 68  8조(토마스) 9 그레이트록          관   06:00     06:10       0:10   금
 69  8조(토마스)23 그레이트원          관   06:00     06:12       0:12   금
 70  8조(토마스) 7 그레이트킹          관   08:14     08:25       0:11   차
 71  8조(토마스)26 꽃무리              관   06:26     06:36       0:10   금
 72  8조(토마스)10 렛잇고              관   07:49     08:01       0:12   차
 73  8조(토마스)39 마리아스갈          관   06:00     06:10       0:10   금
 74  8조(토마스)31 마크에이스          관   06:28     06:39       0:11   금
 75  8조(토마스) 6 무적불패            관   08:13     08:26       0:13   차
 76  8조(토마스) 2 미드나이트퀸        관   06:55     07:07       0:12   금
 77  8조(토마스) 4 바벨드리머          관   06:55     07:05       0:10   금
 78  8조(토마스)27 스카이모어          관   08:17     08:29       0:12   차
 79  8조(토마스)32 스텔루나            관   07:47     08:00       0:13   차
 80  8조(토마스)33 알파킹이지          관   07:20     07:32       0:12   차
 81  8조(토마스)17 에이스포텐          관   06:55     07:05       0:10   금
 82  8조(토마스)29 여왕의미소          관   07:19     07:31       0:12   금
 83  8조(토마스)22 천마파워            관   07:49     08:00       0:11   차
 84  8조(토마스)34 태풍이              관   07:21     07:33       0:12   금
 85  8조(토마스)25 파워트레인          관   06:00     06:12       0:11   차
 86  8조(토마스)38 플레이더인디        관   06:55     07:06       0:11   금
 87  8조(토마스)42 힐모어              관   07:20     07:31       0:11   차
 88  9조(양귀선)24 골든캠프            관   06:01     06:15       0:14   금
 89  9조(양귀선)29 뉴크라운            관   07:21     07:38       0:18   차
 90  9조(양귀선)25 당대블루            관   06:29     06:40       0:11   금
 91  9조(양귀선)34 대지초이스          관   06:00     06:12       0:12   특
 92  9조(양귀선)37 독보                관   06:29     06:42       0:13   금
 93  9조(양귀선)30 로드투브이          관   06:27     06:47       0:20   차
 94  9조(양귀선)13 매지컬송            관   06:51     07:04       0:13   금
 95  9조(양귀선)10 메니어게인          관   06:29     06:42       0:13   금
 96  9조(양귀선) 2 바벨라일락          관   06:55     07:10       0:15   금
 97  9조(양귀선)36 바벨히트            관   07:27     07:57       0:30   금
 98  9조(양귀선)23 범이내려온다        관   06:00     06:14       0:14   특
 99  9조(양귀선) 8 뷰티풀킹            관   06:29     06:42       0:13   금
100  9조(양귀선)27 선더킹              관   06:01     06:14       0:13   차
101  9조(양귀선)12 어게인헬렌          관   07:21     07:36       0:15   차
102  9조(양귀선)33 원더풀킹            관   07:04     07:18       0:15   차
103  9조(양귀선)26 원더풀티즈          관   06:01     06:15       0:14   금
104  9조(양귀선)21 케이축제            관   07:19     07:40       0:21   차
105  9조(양귀선)17 파이트패밀리        관   07:42     07:58       0:15   차
106  9조(양귀선)35 하늘전사            관   06:51     07:10       0:19   차
107  9조(양귀선) 1 호랑가시            관   06:55     07:10       0:15   금
108 10조(구민성)27 대지플라이          관   06:02     06:19       0:16   차
109 10조(구민성)10 드림비거            조   06:53     07:13       0:20   차
110 10조(구민성)20 룰루                관   06:53     07:13       0:21   차
111 10조(구민성) 4 빅토리나인          관   06:28     06:47       0:19   차
112 10조(구민성)25 서던킹              조   06:28     06:47       0:19   차
113 10조(구민성)15 캡틴양키            조   06:01     06:12       0:11   특
114 10조(구민성) 1 크레이지콘티        조   07:24     07:40       0:16   차
115 10조(구민성)17 프레시스타트        관   07:27     07:48       0:21   차
116 11조(김영민) 4 말리부별            관   07:44     07:56       0:12   차
117 11조(김영민)23 메니피송            관   07:35     07:46       0:12   차
118 11조(김영민)18 블루챔프            관   07:00     07:14       0:14   차
119 11조(김영민)10 스타로드            관   08:01     08:08       0:06   차
120 11조(김영민) 8 캐치더스카이        관   06:07     06:38       0:31   차
121 11조(김영민)20 킹브라더            관   06:56     07:07       0:11   차
122 11조(김영민)15 해운대바다          관   07:50     08:04       0:14   차
123 11조(김영민)17 히든챔프            관   06:18     06:31       0:12   차
124 12조(조용배) 2 그린스캣            관   08:23     08:55       0:31   차
125 12조(조용배)12 리아논포인트        관   06:10     06:27       0:17   금
126 12조(조용배)18 마하메루            기   08:42     08:56       0:14   차
127 12조(조용배)14 밀크데이            관   07:07     07:24       0:17   금
128 12조(조용배) 8 배다리강호          관   06:04     06:15       0:11   금
129 12조(조용배) 6 배다리아이콘        관   07:41     07:54       0:12   차
130 12조(조용배)11 베스트챔피언        관   08:24     08:55       0:31   차
131 12조(조용배) 5 온누리강자          관   06:34     06:46       0:12   금
132 12조(조용배)13 천마하서            기   06:23     06:33       0:10   금
133 12조(조용배)32 청마영웅            기   08:58     09:11       0:13   금
134 12조(조용배) 4 청마황후            관   06:58     07:22       0:24   차
135 12조(조용배) 7 쾌한황금            관   06:35     06:51       0:16   금
136 12조(조용배)17 플렉스신화          관   07:30     07:54       0:24   차
137 13조(박재호) 3 내가새강자          관   07:57     08:10       0:13   차
138 13조(박재호)11 노블스피릿          조   07:47     08:11       0:24   차
139 13조(박재호)12 실버로드            관   08:50     09:07       0:17   차
140 13조(박재호)20 영보스              조   06:02     06:27       0:25   차
141 13조(박재호)17 인디초이스          관   06:14     06:33       0:19   차
142 13조(박재호)16 인투마린            조   06:52     07:16       0:24   금
143 13조(박재호) 4 총알참              관   06:57     07:20       0:23   차
144 13조(박재호) 7 킹파티              관   06:09     06:30       0:21   금
145 13조(박재호) 8 튠포인트            관   08:01     08:20       0:18   차
146 13조(박재호) 6 트리플선더          관   06:57     07:20       0:23   차
147 14조(윤영훈) 3 베라데이            기   08:39     08:58       0:19   차
148 14조(윤영훈)18 선마운틴            기   08:10     08:28       0:18   차
149 14조(윤영훈) 8 신비한강자          기   06:06     06:18       0:12   금
150 14조(윤영훈)20 오르다              기   09:12     09:28       0:16   특
151 14조(윤영훈)16 천마브라보          관   07:46     07:54       0:08   차
152 14조(윤영훈) 9 토함스타            관   07:15     07:27       0:12   차
153 15조(안우성)35 갤런트워리어        관   06:05     06:18       0:13   금
154 15조(안우성) 9 레거시              관   07:19     07:33       0:14   차
155 15조(안우성)20 모닝코리아          관   06:52     07:07       0:15   금
156 15조(안우성)15 무한열정            관   08:14     08:30       0:16   차
157 15조(안우성)34 스카이윈            관   07:24     07:38       0:14   금
158 15조(안우성)26 스카이제주향        관   06:51     07:08       0:17   금
159 15조(안우성)29 아너스마고          관   07:47     08:03       0:16   차
160 15조(안우성)30 아람나래            관   06:05     06:18       0:13   금
161 15조(안우성)22 얼라이브스타        기   07:20     07:37       0:17   금
162 15조(안우성)31 얼라이브캡틴        기   06:03     06:12       0:09   금
163 15조(안우성)14 얼라이브퀸          관   08:00     08:15       0:15   차
164 15조(안우성)21 원더풀보브캣        관   06:30     06:37       0:07   차
165 15조(안우성) 6 주말보배            기   06:50     07:08       0:18   특
166 15조(안우성) 5 켄드릭              관   06:51     07:08       0:17   차
167 15조(안우성)27 트라이엄프캣        기   06:30     06:37       0:07   차
168 15조(안우성)33 플라잉더챔프        기   06:03     06:11       0:08   금
169 15조(안우성)13 해남해머            관   07:51     08:07       0:17   차
170 16조(김재섭) 5 레인킬러            관   06:51     07:03       0:13   차
171 16조(김재섭)13 로즈불릿            관   07:28     07:42       0:14   금
172 16조(김재섭)14 백설퀸              관   06:31     06:44       0:13   금
173 16조(김재섭)19 스페이스마린        관   06:11     06:24       0:13   금
174 16조(김재섭)15 스피드선샤인        관   07:04     07:20       0:16   금
175 16조(김재섭) 1 퀸할리              관   07:32     07:43       0:11   차
176 16조(김재섭)10 크라운펑키          관   07:09     07:21       0:12   차
177 16조(김재섭)22 함안봉화산          관   06:13     06:24       0:11   금
178 17조(장세한)20 뉴프레시            관   08:38     08:52       0:14   차
179 17조(장세한)23 다이아포스          기   07:48     08:03       0:15   금
180 17조(장세한) 7 뜨거운만남          관   06:23     06:36       0:13   금
181 17조(장세한)18 런파이터            관   06:52     07:05       0:13   금
182 17조(장세한) 3 레이디골든          관   07:21     07:36       0:16   차
183 17조(장세한) 4 청호보스            기   08:39     08:55       0:16   차
184 17조(장세한) 5 플라잉킹즈          기   08:11     08:26       0:15   금
185 18조(이정표)17 대왕봉              관   06:35     06:44       0:09   금
186 18조(이정표) 1 언제나영웅          기   07:26     07:41       0:15   금
187 18조(이정표) 8 에이스로드          관   06:14     06:25       0:11   차
188 18조(이정표)26 에이원스            기   06:39     06:56       0:17   금
189 18조(이정표)14 연승글로리          관   07:02     07:14       0:12   금
190 18조(이정표) 6 오메가걸            관   07:30     07:40       0:11   차
191 18조(이정표)27 우리좋은날          관   07:30     07:43       0:13   금
192 18조(이정표) 5 원더풀강자          관   07:02     07:13       0:11   차
193 18조(이정표) 7 코코윈              관   06:16     06:27       0:11   금
194 18조(이정표)13 퀸스타              기   07:03     07:19       0:16   금
195 18조(이정표) 4 타이탄케이          관   08:03     08:21       0:18   차
196 18조(이정표)10 탐라하늘            관   06:34     06:45       0:11   금
197 19조(김영관)25 굿파워              관   06:06     06:20       0:15   차
198 19조(김영관)26 금아사이킥          기   08:17     08:29       0:12   금
199 19조(김영관) 5 금아스탈렛          기   06:38     06:50       0:12   금
200 19조(김영관) 1 금아우노            관   08:39     08:55       0:16   차
201 19조(김영관)12 금아인피니티        관   09:04     09:24       0:20   차
202 19조(김영관)29 뉴욕망치            관   06:36     06:51       0:16   차
203 19조(김영관)14 레전드넘버원        기   09:05     09:18       0:13   특
204 19조(김영관) 7 맨오브톱            기   06:56     07:08       0:12   금
205 19조(김영관)16 몽땅                기   07:15     07:26       0:11   특
206 19조(김영관)35 부산항갈매기        관   06:20     06:34       0:14   차
207 19조(김영관)18 수소파워            관   06:47     07:01       0:14   차
208 19조(김영관)19 에이치데이          관   09:40     09:55       0:15   차
209 19조(김영관)28 원더풀파일          기   08:42     08:57       0:15   금
210 19조(김영관) 9 월드투데이          관   07:18     07:34       0:16   금
211 19조(김영관)20 킹보스              관   09:04     09:26       0:22   차
212 19조(김영관)30 킹오브더매치        관   07:38     07:58       0:20   금
213 19조(김영관)33 터치스타맨          관   08:14     08:30       0:17   차
214 19조(김영관)23 파워가이            관   08:12     08:28       0:16   금
215 19조(김영관)32 파워투데이          관   07:47     08:02       0:15   금
216 19조(김영관)27 함양은산삼          관   07:10     07:25       0:16   차
217 20조(최기홍)25 솔라세일            관   06:44     06:58       0:13   차
218 20조(최기홍)11 영성퀸              관   06:11     06:25       0:14   차
219 20조(최기홍)10 영성프린스          관   06:44     06:58       0:13   차
220 20조(최기홍)17 와이즈킹            관   06:11     06:25       0:14   차
221 20조(최기홍)19 퀸브론스키          관   07:15     07:27       0:12   차
222 21조(민장기)40 골든선더볼트        관   06:49     07:06       0:17   차
223 21조(민장기)18 미녀봉              기   07:05     07:24       0:19   차
224 21조(민장기)17 스페셜윈드          관   06:52     07:11       0:19   차
225 21조(민장기)25 아델석세스          관   06:54     07:14       0:20   차
226 21조(민장기)13 와일드블루          관   06:44     06:56       0:12   금
227 21조(민장기)34 운주불패            관   06:07     06:18       0:11   금
228 21조(민장기)29 운주오션            관   06:11     06:31       0:20   금
229 21조(민장기)23 원러시              관   06:11     06:25       0:14   차
230 21조(민장기)21 월드보이            관   07:27     07:47       0:19   차
231 21조(민장기)33 위닝댄서            기   06:44     06:55       0:11   금
232 21조(민장기)36 이글스타            관   06:07     06:23       0:16   차
233 21조(민장기)20 컬러윈드            관   07:23     07:41       0:18   금
234 21조(민장기)30 큐트가이            관   06:11     06:32       0:21   금
235 21조(민장기) 6 톱아델              관   06:08     06:31       0:23   차
236 22조(강은석)13 달이뜨니            관   06:00     06:12       0:11   차
237 22조(강은석)28 맨오브더맨          관   06:01     06:15       0:14   차
238 22조(강은석)19 백두정기            관   07:16     07:24       0:08   금
239 22조(강은석) 4 부산미소            기   06:01     06:13       0:12   차
240 22조(강은석)11 상임여왕            기   06:20     06:29       0:09   차
241 22조(강은석)18 서귀플러스          관   06:22     06:31       0:09   차
242 22조(강은석)22 아너퀸              관   07:32     07:54       0:22   차
243 22조(강은석)21 영광의타임          관   06:20     06:34       0:14   차
244 22조(강은석) 6 천년의강            관   06:50     07:01       0:11   금
245 22조(강은석)38 최강드래곤          관   06:26     06:41       0:14   차
246 22조(강은석)27 클린샷              관   07:14     07:24       0:10   차
247 22조(강은석) 1 킹새터데이          관   06:50     06:59       0:09   금
248 22조(강은석) 9 포인트레인          관   06:01     06:12       0:11   차
249 23조(손병직) 2 최강큐피드          조   06:51     07:12       0:21   차
250 23조(손병직) 7 크로너스            조   08:55     09:21       0:26   차
251 23조(손병직)10 키튼스킹            관   08:54     09:23       0:30   차
252 24조(김길중)12 가속스텔스          관   07:12     07:25       0:13   차
253 24조(김길중)27 골든레이서          관   06:14     06:26       0:12   차
254 24조(김길중) 5 멋진하루            관   07:12     07:24       0:12   금
255 24조(김길중) 9 블루파워            기   06:22     06:32       0:10   금
256 24조(김길중) 6 스타마타            관   07:12     07:23       0:11   차
257 24조(김길중)25 원더풀스마티        관   06:10     06:23       0:13   금
258 24조(김길중) 2 원더풀피스          기   06:05     06:13       0:08   금
259 24조(김길중) 7 히트러너            관   06:12     06:25       0:13   금
260 26조(방동석)27 느닷                관   06:15     06:33       0:18   금
261 26조(방동석) 2 블랙지수            관   07:30     07:43       0:12   차
262 26조(방동석)22 에이스데이          관   06:55     07:12       0:17   금
263 26조(방동석)17 영성특급            관   06:56     07:06       0:10   차
264 26조(방동석)16 원더풀라이언        관   07:37     07:52       0:15   차
265 26조(방동석) 7 톱오브코리아        기   07:40     07:56       0:16   차
266 26조(방동석) 3 판타스틱맨          관   06:15     06:33       0:18   금
267 27조(이상영) 5 금아니피            관   08:09     08:25       0:15   차
268 27조(이상영)19 금아님블            관   07:37     07:48       0:11   차
269 27조(이상영)17 금아미스틱          관   07:00     07:14       0:14   금
270 27조(이상영)26 부경천사            기   07:41     07:56       0:15   금
271 27조(이상영) 6 슈퍼갤러리          관   07:04     07:21       0:17   차
272 27조(이상영) 2 윈드파크            관   07:41     07:56       0:15   금
273 27조(이상영) 7 조셉핀퀸            관   06:26     06:43       0:17   차
274 28조(하무선)17 부산소리            관   08:50     09:17       0:27   금
275 28조(하무선)18 신의전사            관   07:36     08:00       0:24   차
276 28조(하무선) 4 앨버트킹            관   07:09     07:19       0:10   금
277 28조(하무선)10 워너비스타          관   06:37     06:54       0:17   차
278 28조(하무선)13 최강두드림          관   07:24     07:39       0:15   금
279 28조(하무선)12 케이에프원          관   08:49     09:09       0:20   특
280 28조(하무선) 6 크라우드원          관   08:04     08:20       0:16   금
281 28조(하무선)14 팬텀에이스          관   08:50     09:17       0:27   금
282 28조(하무선)15 해피피버            관   06:37     06:54       0:16   차
283 30조(울즐리)35 더세이버            관   06:36     06:54       0:19   차
284 30조(울즐리) 6 덩컨                관   07:13     07:34       0:21   차
285 30조(울즐리) 9 라이트스토리        관   06:34     06:54       0:20   금
286 30조(울즐리)38 반지의기적          관   07:09     07:25       0:15   차
287 30조(울즐리) 8 반지의매직          관   07:15     07:31       0:16   차
288 30조(울즐리)17 선샤인스타          관   06:00     06:18       0:18   금
289 30조(울즐리)41 에코레이디          관   06:00     06:13       0:13   차
290 30조(울즐리)29 오렌지개라지        관   06:01     06:17       0:16   금
291 30조(울즐리)21 전설의펀치          관   06:31     06:47       0:16   차
292 30조(울즐리)14 카피댓              관   06:00     06:13       0:13   금
293 30조(울즐리)24 캣니스              관   07:13     07:28       0:15   금
294 30조(울즐리)20 프로칸설            관   06:37     06:53       0:16   차
295 31조(라이스)18 검은쏜살            관   08:32     08:48       0:16   차
296 31조(라이스)41 굿스타              관   07:00     07:21       0:21   금
297 31조(라이스)25 그린샤프            관   06:06     06:16       0:10   차
298 31조(라이스) 1 그린파파고          관   06:36     06:48       0:11   차
299 31조(라이스)20 돌풍                관   08:21     08:29       0:08   차
300 31조(라이스)19 메이저포스          관   07:03     07:18       0:15   금
301 31조(라이스)22 밥앤드조이          관   07:50     08:08       0:17   차
302 31조(라이스)17 뷰어메이징          관   06:06     06:16       0:10   차
303 31조(라이스)26 블루캡틴            관   06:00     06:05       0:05   금
304 31조(라이스)10 알파스타            관   07:47     07:58       0:11   차
305 31조(라이스)33 야생화              관   06:36     06:47       0:11   차
306 31조(라이스)39 원더풀트릭스        관   07:50     08:08       0:17   차
307 31조(라이스)34 인디매직            관   07:11     07:24       0:14   차
308 31조(라이스)27 정문치타            관   08:31     09:01       0:30   차
309 31조(라이스)23 제시의꿈            관   07:19     07:35       0:15   차
310 31조(라이스) 2 치프원              관   06:56     07:11       0:14   차
311 31조(라이스) 6 퀸마블이지          관   07:38     07:50       0:11   차
312 31조(라이스) 5 퀸앨리              관   08:31     09:01       0:30   차
313 31조(라이스)11 투혼의반석          관   06:01     06:19       0:18   차
314 31조(라이스)32 퍼스트스타          관   08:09     08:20       0:11   차
315 31조(라이스)40 픽처재스퍼          관   06:00     06:06       0:06   금
316 31조(라이스) 8 허리케인참          관   07:55     08:03       0:08   금
317 31조(라이스)43 후사이치            관   06:36     06:47       0:11   금
318 32조(임동창)18 골든                관   06:28     06:42       0:14   차
319 32조(임동창)19 글로벌최고          관   06:05     06:22       0:17   금
320 32조(임동창)10 금빛단우            관   07:50     08:06       0:15   차
321 32조(임동창) 1 다승이              관   06:55     07:10       0:15   차
322 32조(임동창)17 마이베이비걸        관   07:23     07:35       0:12   금
323 32조(임동창)24 솔인빅투스          관   08:20     08:34       0:14   차
324 33조(권승주)17 갤럽보이            관   06:18     06:36       0:18   금
325 33조(권승주)20 골든파워            기   07:38     07:52       0:14   금
326 33조(권승주)16 라온더탱크          기   08:00     08:16       0:16   특
327 33조(권승주)13 라온더파워          관   06:15     06:32       0:17   차
328 33조(권승주)37 라온더플래시        관   07:26     07:42       0:16   차
329 33조(권승주) 3 러닝워리어          관   07:40     07:54       0:14   차
330 33조(권승주) 9 마이송              관   07:16     07:29       0:13   차
331 33조(권승주) 8 마하비너스          관   07:19     07:34       0:15   차
332 33조(권승주)32 볼라벤              관   06:10     06:29       0:20   차
333 33조(권승주)28 서부특급            관   07:37     07:50       0:13   차
334 33조(권승주) 2 우승아이콘          관   06:47     07:02       0:15   금
335 33조(권승주)35 위대한선택          관   06:43     07:04       0:21   차
336 33조(권승주)40 은성영웅            기   08:24     08:37       0:13   금
337 33조(권승주)18 은성위너            관   07:00     07:18       0:17   차
338 33조(권승주)41 일념천하            관   06:10     06:25       0:15   차
339 33조(권승주)24 일념통천            관   06:24     06:46       0:22   차
340 33조(권승주) 1 천년의퀸            관   07:19     07:35       0:16   차
341 33조(권승주)38 청호리더            관   06:38     06:52       0:14   차
342 33조(권승주) 4 트리플질주          관   07:51     08:06       0:15   금
343 33조(권승주)42 파워게이트          관   06:34     06:51       0:17   차
344 33조(권승주) 5 핫플레이            관   06:55     07:12       0:17   차
345 33조(권승주)21 화이트갤로퍼        관   06:33     06:50       0:17   차
━━━━━━━━━━━━━━━━━━━━━━━━━━━━━━━━━━━━━━━
                                                      출력일자 : 2022. 2.28

