2022.02.03 골드프린스        07 마리동물병원 술후처치(거세술)                                                                                    
2022.02.03 그레이트캡틴      10 마리동물병원 우중족부찰과상                                                                                      
2022.02.03 달이뜨니          22 마리동물병원 마비성근색소뇨증                                                                                    
2022.02.03 대암장군          08 마리동물병원 진정(장제)                                                                                          
2022.02.03 리버스스윕        07 마리동물병원 좌후지 부종                                                                                         
2022.02.03 리아논포인트      12 마리동물병원 진정(장제)                                                                                          
2022.02.03 몽땅              19 마리동물병원 정치,발치                                                                                           
2022.02.03 미라클드리밍      07 마리동물병원 우후지파행                                                                                          
2022.02.03 미스고            08 마리동물병원 우전지파행                                                                                          
2022.02.03 베스트챔피언      12 마리동물병원 우후지 부종                                                                                         
2022.02.03 새로운함안        16 마리동물병원 진정(장제)                                                                                          
2022.02.03 샤이니스타        27 마리동물병원 우후지 부종                                                                                         
2022.02.03 서부퀸            08 마리동물병원 우전지교돌상                                                                                        
2022.02.03 실버로드          13 마리동물병원 흉추 극돌기 골절                                                                                    
2022.02.03 언제나영웅        18 마리동물병원 좌후 구절 열창                                                                                      
2022.02.03 에코레이디        30 마리동물병원 양전지파행                                                                                          
2022.02.03 월드금메달        23 마리동물병원 좌전제저타박상                                                                                      
2022.02.03 월드파워          19 마리동물병원 정치                                                                                                
2022.02.03 윈드위너          27 마리동물병원 우전지파행                                                                                          
2022.02.03 캐치더빅토리      07 마리동물병원 운동기인성 피로회복                                                                                 
2022.02.03 퀸즈대로          08 마리동물병원 좌전지교돌상                                                                                        
2022.02.03 힐모어            08 마리동물병원 우전답창                                                                                            
2022.02.03 닥터패션          01 부산부속동물 술후처치(후두성형술)                                                                                
2022.02.03 러닝에이스        24 부산부속동물 좌후제1지골근위척측부관절면결손골절,관절경수술(골편제거)                                            
2022.02.03 스파이스캔디      31 부산부속동물 술후처치(와이어고정술)                                                                              
2022.02.03 최강쏜살          02 부산부속동물 술후처치(관절경이용술)                                                                              
2022.02.03 닥터시저          01 스마일 동물  좌각막찰과상                                                                                        
2022.02.03 닥터콩돌이        01 스마일 동물  우각막찰과상                                                                                        
2022.02.03 닥터테이크        01 스마일 동물  정치                                                                                                
2022.02.03 닥터페르시아      01 스마일 동물  정치,발치                                                                                           
2022.02.03 도미네이션        11 스마일 동물  우각막찰과상                                                                                        
2022.02.03 돌풍              31 스마일 동물  양제3중수골골막염                                                                                   
2022.02.03 드로모스          26 스마일 동물  좌후지파행                                                                                          
2022.02.03 라온더탱크        33 스마일 동물  우각막찰과상                                                                                        
2022.02.03 리턴오브섭서디    20 스마일 동물  좌전제관상                                                                                          
2022.02.03 말리부별          11 스마일 동물  정치                                                                                                
2022.02.03 매지컬송          09 스마일 동물  정치,발치                                                                                           
2022.02.03 메니피송          11 스마일 동물  우각막찰과상                                                                                        
2022.02.03 무한열정          15 스마일 동물  전흉부 열창                                                                                         
2022.02.03 미스터고          04 스마일 동물  우전지 부종                                                                                         
2022.02.03 바비스패로우      31 스마일 동물  진정(보정)                                                                                          
2022.02.03 버닝파티          20 스마일 동물  좌전구절찰과상                                                                                      
2022.02.03 샤이드래건        26 스마일 동물  요배통                                                                                              
2022.02.03 석세스파티        21 스마일 동물  좌후 구절부 찰과상                                                                                  
2022.02.03 스톰브라운        33 스마일 동물  좌각막찰과상                                                                                        
2022.02.03 아델스마트        01 스마일 동물  좌각막찰과상                                                                                        
2022.02.03 아모르파티        26 스마일 동물  우전열제                                                                                            
2022.02.03 알렉킹이지        31 스마일 동물  진정(보정)                                                                                          
2022.02.03 운주불패          21 스마일 동물  요배통                                                                                              
2022.02.03 운주으뜸          21 스마일 동물  물리치료(쇽웨이브)                                                                                  
2022.02.03 원더풀킹          09 스마일 동물  좌후 구절부 찰과상                                                                                  
2022.02.03 위너스맨          20 스마일 동물  좌완슬부 찰과상                                                                                     
2022.02.03 위대한함안        99 스마일 동물  정치,발치                                                                                           
2022.02.03 인투마린          13 스마일 동물  물리치료(쇽웨이브)                                                                                  
2022.02.03 정문치타          31 스마일 동물  우후 구절부 찰과상                                                                                  
2022.02.03 제라게            21 스마일 동물  산통                                                                                                
2022.02.03 청호리더          33 스마일 동물  양각막찰과상                                                                                        
2022.02.03 컨피던스마린      20 스마일 동물  좌각막찰과상                                                                                        
2022.02.03 크리스털싱킹      09 스마일 동물  좌각막찰과상                                                                                        
2022.02.03 키튼스킹          23 스마일 동물  좌각막찰과상                                                                                        
2022.02.03 투투아치걸        24 스마일 동물  물리치료(쇽웨이브)                                                                                  
2022.02.03 파인트럼펫        11 스마일 동물  양각막찰과상                                                                                        
2022.02.03 판타스틱로드      04 스마일 동물  좌중수부 찰과상                                                                                     
2022.02.03 폭풍언덕          11 스마일 동물  좌각막찰과상                                                                                        
2022.02.03 행복한함안        99 스마일 동물  정치,좌후지 근육통                                                                                  
2022.02.03 허니드래건        31 스마일 동물  진정(보정)                                                                                          
2022.02.04 달이뜨니          22 마리동물병원 마비성근색소뇨증                                                                                    
2022.02.04 동트자보이        19 마리동물병원 우제3중수골골막염                                                                                   
2022.02.04 리버스스윕        07 마리동물병원 좌후지 부종                                                                                         
2022.02.04 메가포스          13 마리동물병원 양전지파행                                                                                          
2022.02.04 모닝대로          22 마리동물병원 마비성근색소뇨증                                                                                    
2022.02.04 모닝선더          18 마리동물병원 우중족부찰과상                                                                                      
2022.02.04 미스터인디        30 마리동물병원 좌전지파행                                                                                          
2022.02.04 스마트클래스      12 마리동물병원 진정(장제)                                                                                          
2022.02.04 실버로드          13 마리동물병원 흉추 극돌기 골절                                                                                    
2022.02.04 원더풀차차        18 마리동물병원 감기                                                                                                
2022.02.04 원더풀찬스        13 마리동물병원 좌중족부찰과상                                                                                      
2022.02.04 월드금메달        23 마리동물병원 좌전제저타박상                                                                                      
2022.02.04 윈드위너          27 마리동물병원 우전지파행                                                                                          
2022.02.04 장한질주          27 마리동물병원 양후지 근육통                                                                                       
2022.02.04 카피댓            30 마리동물병원 좌중수부근위부굴건건초염                                                                            
2022.02.04 퀸즈대로          08 마리동물병원 진정(장제)                                                                                          
2022.02.04 클리어            30 마리동물병원 물리치료(쇽웨이브)                                                                                  
2022.02.04 티라노파이브      10 마리동물병원 정치,발치                                                                                           
2022.02.04 힐모어            08 마리동물병원 우전답창                                                                                            
2022.02.04 러닝에이스        24 부산부속동물 술후처치(관절경이용술)                                                                              
2022.02.04 베스트함성        10 부산부속동물 우중수부 열창                                                                                       
2022.02.04 스파이스캔디      31 부산부속동물 술후처치(와이어고정술)                                                                              
2022.02.04 그레이룰즈        21 스마일 동물  산통                                                                                                
2022.02.04 난산스타          20 스마일 동물  우각막찰과상                                                                                        
2022.02.04 남양천리          06 스마일 동물  정치,발치                                                                                           
2022.02.04 뉴프레시          17 스마일 동물  정치                                                                                                
2022.02.04 닥터시저          01 스마일 동물  좌각막찰과상,정치                                                                                   
2022.02.04 닥터자이언츠      01 스마일 동물  좌각막찰과상                                                                                        
2022.02.04 닥터콩돌이        01 스마일 동물  우각막찰과상                                                                                        
2022.02.04 닥터페이스        01 스마일 동물  정치                                                                                                
2022.02.04 더블탭            31 스마일 동물  요배통                                                                                              
2022.02.04 드로모스          26 스마일 동물  좌후지파행                                                                                          
2022.02.04 뜨거운만남        17 스마일 동물  양후지 근육통                                                                                       
2022.02.04 라우드컬러        06 스마일 동물  감기                                                                                                
2022.02.04 라이언니스        20 스마일 동물  좌각막찰과상                                                                                        
2022.02.04 러닝워리어        33 스마일 동물  좌중수부 찰과상                                                                                     
2022.02.04 레이디골든        17 스마일 동물  양후지 근육통                                                                                       
2022.02.04 리턴오브섭서디    20 스마일 동물  좌전제관상                                                                                          
2022.02.04 무한열정          15 스마일 동물  전흉부 열창                                                                                         
2022.02.04 문화시그니쳐      04 스마일 동물  물리치료(쇽웨이브)                                                                                  
2022.02.04 미스터고          04 스마일 동물  우전지 부종                                                                                         
2022.02.04 바람공주          21 스마일 동물  요배통                                                                                              
2022.02.04 바벨스톰          09 스마일 동물  정치,발치                                                                                           
2022.02.04 바비스패로우      31 스마일 동물  진정(보정)                                                                                          
2022.02.04 뷰티힐            31 스마일 동물  좌전구절만성증식성활막염                                                                            
2022.02.04 아델스마트        01 스마일 동물  좌각막찰과상                                                                                        
2022.02.04 아델축배          01 스마일 동물  좌각막찰과상                                                                                        
2022.02.04 아델크라운        01 스마일 동물  우각막찰과상                                                                                        
2022.02.04 아모르파티        26 스마일 동물  우전열제                                                                                            
2022.02.04 알파송당          01 스마일 동물  좌각막찰과상                                                                                        
2022.02.04 앨버트윈          28 스마일 동물  진정(장제)                                                                                          
2022.02.04 역전명수          31 스마일 동물  진정(보정)                                                                                          
2022.02.04 영웅로드          04 스마일 동물  진정(장제)                                                                                          
2022.02.04 오케이선더        11 스마일 동물  좌각막찰과상                                                                                        
2022.02.04 위너스맨          20 스마일 동물  좌완슬부 찰과상                                                                                     
2022.02.04 윈드크로스        06 스마일 동물  정치                                                                                                
2022.02.04 최강리사          06 스마일 동물  감기                                                                                                
2022.02.04 컨피던스마린      20 스마일 동물  좌각막찰과상                                                                                        
2022.02.04 크리스털싱킹      09 스마일 동물  좌각막찰과상                                                                                        
2022.02.04 키튼스킹          23 스마일 동물  좌각막찰과상                                                                                        
2022.02.04 테이크아델        21 스마일 동물  좌후 계부 열창                                                                                      
2022.02.04 파이트패밀리      09 스마일 동물  좌각막찰과상                                                                                        
2022.02.04 판타스틱로드      04 스마일 동물  좌중수부 찰과상                                                                                     
2022.02.04 폭풍언덕          11 스마일 동물  우전지파행                                                                                          
2022.02.05 그레이트캡틴      10 마리동물병원 정치,발치                                                                                           
2022.02.05 꽃과구름          08 마리동물병원 진정(장제)                                                                                          
2022.02.05 논스톱송          23 마리동물병원 양후지 근육통                                                                                       
2022.02.05 달이뜨니          22 마리동물병원 마비성근색소뇨증                                                                                    
2022.02.05 대지플라이        10 마리동물병원 정치,발치                                                                                           
2022.02.05 록페가수스        10 마리동물병원 마체검사                                                                                            
2022.02.05 리버스스윕        07 마리동물병원 좌후지 부종                                                                                         
2022.02.05 모닝선더          18 마리동물병원 마비성근색소뇨증                                                                                    
2022.02.05 미스터인디        30 마리동물병원 좌전지파행                                                                                          
2022.02.05 상임여왕          22 마리동물병원 양후지 근육통                                                                                       
2022.02.05 스타에이스        19 마리동물병원 정치,발치                                                                                           
2022.02.05 스타티세          12 마리동물병원 운동기인성 피로회복(수액처치)                                                                       
2022.02.05 스타티세          12 마리동물병원 운동기인성 피로회복(수액처치)                                                                       
2022.02.05 실버로드          13 마리동물병원 흉추 극돌기 골절                                                                                    
2022.02.05 영광의타임        22 마리동물병원 운동기인성 피로회복(수액처치)                                                                       
2022.02.05 영광의타임        22 마리동물병원 운동기인성 피로회복(수액처치)                                                                       
2022.02.05 와이즈킹          20 마리동물병원 양후지 근육통                                                                                       
2022.02.05 원더풀레이즈      19 마리동물병원 정치,발치                                                                                           
2022.02.05 원더풀차차        18 마리동물병원 감기                                                                                                
2022.02.05 원더풀파일        19 마리동물병원 정치,발치                                                                                           
2022.02.05 윈드위너          27 마리동물병원 우전지파행                                                                                          
2022.02.05 정수시대          22 마리동물병원 양전구절염                                                                                          
2022.02.05 카피댓            30 마리동물병원 좌중수부근위부굴건건초염                                                                            
2022.02.05 캡틴양키          10 마리동물병원 정치,낭치                                                                                           
2022.02.05 콰트로맥스        22 마리동물병원 좌후지 근육통                                                                                       
2022.02.05 퀸오브캡틴        07 마리동물병원 우전제저타박상                                                                                      
2022.02.05 프로칸설          30 마리동물병원 우전제저타박상                                                                                      
2022.02.05 플렉스신화        12 마리동물병원 좌전지파행                                                                                          
2022.02.05 함안자양산        12 마리동물병원 우후지 근육통                                                                                       
2022.02.05 힐모어            08 마리동물병원 우전답창                                                                                            
2022.02.05 러닝에이스        24 부산부속동물 술후처치(관절경이용술)                                                                              
2022.02.05 고블린            31 스마일 동물  좌하퇴부 찰과상                                                                                     
2022.02.05 골든크라운        21 스마일 동물  좌전지파행                                                                                          
2022.02.05 난산스타          20 스마일 동물  우각막찰과상                                                                                        
2022.02.05 닥터칼리파        01 스마일 동물  좌각막찰과상                                                                                        
2022.02.05 닥터콩순이        01 스마일 동물  좌각막찰과상                                                                                        
2022.02.05 더블탭            31 스마일 동물  요배통                                                                                              
2022.02.05 드로모스          26 스마일 동물  좌후지파행                                                                                          
2022.02.05 라우드컬러        06 스마일 동물  감기                                                                                                
2022.02.05 라이언니스        20 스마일 동물  좌각막찰과상                                                                                        
2022.02.05 러닝워리어        33 스마일 동물  좌중수부 찰과상                                                                                     
2022.02.05 루사              33 스마일 동물  전흉부혈종                                                                                          
2022.02.05 리턴오브섭서디    20 스마일 동물  좌전제관상                                                                                          
2022.02.05 문화시그니쳐      04 스마일 동물  좌전지파행                                                                                          
2022.02.05 미스터고          04 스마일 동물  우전지 부종                                                                                         
2022.02.05 스마트프린스      06 스마일 동물  좌각막찰과상                                                                                        
2022.02.05 슬림퀸            04 스마일 동물  좌각막찰과상                                                                                        
2022.02.05 아델축배          01 스마일 동물  좌각막찰과상                                                                                        
2022.02.05 아모르파티        26 스마일 동물  우전열제                                                                                            
2022.02.05 알파송당          01 스마일 동물  좌각막찰과상                                                                                        
2022.02.05 영웅로드          04 스마일 동물  물리치료(쇽웨이브)                                                                                  
2022.02.05 위너버드          15 스마일 동물  정치                                                                                                
2022.02.05 위너스맨          20 스마일 동물  좌완슬부 찰과상                                                                                     
2022.02.05 주말보배          15 스마일 동물  정치,발치                                                                                           
2022.02.05 최강리사          06 스마일 동물  감기                                                                                                
2022.02.05 컨피던스마린      20 스마일 동물  좌각막찰과상                                                                                        
2022.02.05 케이에프원        28 스마일 동물  진정(장제)                                                                                          
2022.02.05 크리스털싱킹      09 스마일 동물  좌각막찰과상                                                                                        
2022.02.05 테이크아델        21 스마일 동물  좌후 계부 열창                                                                                      
2022.02.05 파이트패밀리      09 스마일 동물  좌각막찰과상                                                                                        
2022.02.05 판타스틱로드      04 스마일 동물  좌중수부 찰과상                                                                                     
2022.02.05 폭풍언덕          11 스마일 동물  우전지파행                                                                                          
2022.02.06 금아님블          27 마리동물병원 양후지 근육통                                                                                       
2022.02.06 남도일등          12 마리동물병원 좌후지 부종                                                                                         
2022.02.06 논스톱송          23 마리동물병원 양후지 근육통                                                                                       
2022.02.06 맨오브더맨        99 마리동물병원 정치                                                                                                
2022.02.06 머니케이스        07 마리동물병원 발치                                                                                                
2022.02.06 메가포스          13 마리동물병원 양전지파행                                                                                          
2022.02.06 모닝선더          18 마리동물병원 우중족부찰과상                                                                                      
2022.02.06 미스터인디        30 마리동물병원 좌중수부계인대염                                                                                    
2022.02.06 상임여왕          22 마리동물병원 양후지 근육통                                                                                       
2022.02.06 샤이니스타        27 마리동물병원 양후지 근육통                                                                                       
2022.02.06 서귀플러스        22 마리동물병원 양후지 근육통                                                                                       
2022.02.06 수소엔진          23 마리동물병원 양후지 근육통                                                                                       
2022.02.06 스마트모드        12 마리동물병원 양후지 근육통                                                                                       
2022.02.06 스카이아치        27 마리동물병원 좌비절부찰과상                                                                                      
2022.02.06 와이즈킹          20 마리동물병원 양후지 근육통                                                                                       
2022.02.06 운주스타          12 마리동물병원 운동기인성 피로회복(수액처치)                                                                       
2022.02.06 운주스타          12 마리동물병원 운동기인성 피로회복(수액처치)                                                                       
2022.02.06 원더풀차차        18 마리동물병원 감기                                                                                                
2022.02.06 윈드위너          27 마리동물병원 우전지파행                                                                                          
2022.02.06 인디언파티        07 마리동물병원 정치                                                                                                
2022.02.06 전설의파이트      08 마리동물병원 양전구절염                                                                                          
2022.02.06 전설의펀치        30 마리동물병원 좌전지파행                                                                                          
2022.02.06 정수시대          22 마리동물병원 양전구절염                                                                                          
2022.02.06 카피댓            30 마리동물병원 좌중수부근위부굴건건초염                                                                            
2022.02.06 콰트로맥스        22 마리동물병원 양후지 근육통                                                                                       
2022.02.06 크로너스          23 마리동물병원 양전구절염,물리치료(쇽웨이브)                                                                       
2022.02.06 프로칸설          30 마리동물병원 우전제저타박상                                                                                      
2022.02.06 플렉스신화        12 마리동물병원 좌전지파행                                                                                          
2022.02.06 함안자양산        12 마리동물병원 우후지 근육통                                                                                       
2022.02.06 해가뜨고          08 마리동물병원 진정(장제)                                                                                          
2022.02.06 힐모어            08 마리동물병원 우전답창                                                                                            
2022.02.06 닥터패션          01 부산부속동물 술후처치(후두성형술)                                                                                
2022.02.06 러닝에이스        24 부산부속동물 술후처치(관절경이용술)                                                                              
2022.02.06 스파이스캔디      31 부산부속동물 술후처치(와이어고정술)                                                                              
2022.02.06 최강쏜살          02 부산부속동물 술후처치(관절경이용술)                                                                              
2022.02.06 고블린            31 스마일 동물  좌하퇴부 찰과상                                                                                     
2022.02.06 드로모스          26 스마일 동물  좌후지파행                                                                                          
2022.02.06 메니피송          11 스마일 동물  운동기인성 피로회복(수액처치)                                                                       
2022.02.06 메니피송          11 스마일 동물  운동기인성 피로회복(수액처치)                                                                       
2022.02.06 보람이            24 스마일 동물  정치,발치                                                                                           
2022.02.06 비케이존          02 스마일 동물  요배통                                                                                              
2022.02.06 아모르파티        26 스마일 동물  우전열제                                                                                            
2022.02.06 오케이선더        11 스마일 동물  좌각막찰과상                                                                                        
2022.02.06 킹브라더          11 스마일 동물  우각막찰과상                                                                                        
2022.02.06 폭풍언덕          11 스마일 동물  우전지파행                                                                                          
2022.02.06 하늘전사          09 스마일 동물  우각막염                                                                                            
2022.02.06 해운대바다        11 스마일 동물  양각막찰과상                                                                                        
