출전마진료및장구사용

경주일: 2022.04.16   1 경주
─────────────────────────────────────────────────────────  
 No  마명                보조장구               폐출혈            진료사항                  
─────────────────────────────────────────────────────────  
  1  나올챔프             망사가면                                                        
                                                                                          
  2  레이볼트             망사눈가면                        2022.03.20정치,발치           
                          혀보정끈                                                        
  3  매디슨뮤직           망사눈가면                        2022.04.03양제3중수골골막염   
                                                                                          
  4  에클레어더원         구각자극판                        2022.03.26좌비절부찰과상      
                          망사눈가면                                                      
  5  원더풀뮤직           계란형큰고리재갈                  2022.04.14운동기인성 피로회복(수액처치)
                          망사눈가면                        2022.03.27정치,발치           
  6  피엔에스안                                             2022.02.20좌각막염            
                                                            2022.02.09정치,발치           
  7  비밀상자             반가지큰고리재갈                  2022.03.14좌후지교돌상        
                                                                                          
  8  클래식스타           망사눈가면                                                      
                                                                                          
  9  채플프린세스                                           2022.02.09우전 제차탈락       
                                                                                          
 10  티즈석세스           망사눈가면                        2022.04.14우후지 근육통       
                                                            2022.04.14운동기인성 피로회복(수액처치)
 11  베스트플랜           망사눈가면                        2022.03.05우전지파행          
                                                                                          
 12  챔프스타일           계란형큰고리재갈   2021.11.13 1회 2022.04.06양후지 근육통       
                          망사눈가면                        2022.03.14좌후지교돌상        

경주일: 2022.04.16   2 경주
─────────────────────────────────────────────────────────  
 No  마명                보조장구               폐출혈            진료사항                  
─────────────────────────────────────────────────────────  
  1  남산호랑이           망사눈가면                        2022.01.23구내염              
                          혀보정끈                          2022.01.22정치,발치           
  2  국대클래스           망사눈가면                        2022.04.14운동기인성 피로회복(수액처치)
                                                            2022.04.01진정(보정)          
  3  리저브드존           망사눈가면                        2022.04.06좌후지교돌상        
                                                            2022.03.31양후지 근육통       
  4  건곤일척             계란형큰고리재갈                  2022.03.20양후지교돌상        
                          망사눈가면                        2022.02.20좌후지교돌상        
  5  라온더피버           귀가면(예시&출장                  2022.04.01진정(보정)          
                          망사눈가면                        2022.03.21양각막염            
  6  야무진새강자                                           2022.04.06좌후지 부종         
                                                            2022.04.02우중수부찰과상      
  7  슈발도리앙           귀가면(예시&출장                  2022.04.14운동기인성 피로회복(수액처치)
                          반가지큰고리재갈                  2022.04.01우후지 근육통       
  8  지스타               망사가면                          2022.03.12양후지교돌상        
                          귀가면(예시&출장                  2022.01.31구내염              
  9  더페이버릿           망사가면                          2022.03.13좌후 구절부 찰과상  
                                                            2022.03.11운동기인성 피로회복(수액처치)
 10  미르베스트           반가지큰고리재갈                  2022.04.06좌후지교돌상        
                                                            2022.03.09우완관절염          

경주일: 2022.04.16   3 경주
─────────────────────────────────────────────────────────  
 No  마명                보조장구               폐출혈            진료사항                  
─────────────────────────────────────────────────────────  
  1  신데렐라             반가지큰고리재갈                                                
                          망사눈가면                                                      
  2  에피파니             망사가면                          2022.03.19좌후지교돌상        
                          계란형큰고리재갈                  2022.02.26좌후지파행          
  3  신대로               계란형큰고리재갈                  2022.03.18좌후지파행          
                                                            2022.03.13우각막염            
  4  빛나는질주           망사눈가면                        2022.02.16좌전지 부종         
                                                            2022.02.02운동기인성 피로회복 
  5  베스트빅뱅           망사눈가면                        2022.04.14운동기인성 피로회복(수액처치)
                                                            2022.03.21좌후지교돌상        
  6  포사포사             계란형큰고리재갈                  2022.03.15좌전구절염좌        
                          망사눈가면                                                      
  7  너를응원해           망사눈가면                        2022.04.14운동기인성 피로회복(수액처치)
                                                                                          
  8  천상성               망사눈가면                        2022.03.23좌전지 근육통       
                          계란형큰고리재갈                  2022.03.21좌전지 근육통,정장처치
  9  나나랜드             Triabit러깅재갈                   2022.04.13운동기인성 피로회복(수액처치)
                          망사눈가면                        2022.02.25비정상 치아 마모,정치
 10  워프나인                                               2022.03.19좌후지교돌상        
                                                                                          
 11  서머에이스           망사눈가면                        2022.02.03양후지 부종         
                                                                                          
 12  피엔에스빌           귀가면(예시&출장                  2022.03.13좌각막염            
                          망사가면                          2022.02.13정치,발치           

경주일: 2022.04.16   4 경주
─────────────────────────────────────────────────────────  
 No  마명                보조장구               폐출혈            진료사항                  
─────────────────────────────────────────────────────────  
  1  스마트대보           Triabit러깅재갈                   2022.03.26좌각막염            
                          망사눈가면                        2022.03.04좌전지골류(환골류)  
  2  페더럴아이           망사눈가면                        2022.03.28좌후답창            
                          Triabit러깅재갈                                                 
  3  새내파워풀           망사눈가면                        2022.04.06좌후 구절부 찰과상  
                                                            2022.03.02양후지 근육통       
  4  메니원더풀           BlueBond편자                      2022.03.05좌요완골골연골증    
                                                            2022.02.28좌전지파행          
  5  천문                 귀가면(예시)                      2022.04.14운동기인성 피로회복(수액처치)
                          혀보정끈                          2022.03.27좌후 구절부 찰과상  
  6  킹크러시                                               2022.03.21양각막염            
                                                            2022.03.09양후지 근육통       
  7  비엔토               망사눈가면                        2022.03.21양각막염            
                                                            2022.03.07운동기인성 피로회복 
  8  원더풀스톰                                                                           
                                                                                          
  9  라온더펄             귀가면(예시&출장                  2022.04.14운동기인성 피로회복(수액처치)
                          망사눈가면                        2022.04.06운동기인성 피로회복 
 10  바람과함께           계란형큰고리재갈                  2022.03.13좌후지교돌상        
                          망사눈가면                        2022.02.13우후지교돌상        
 11  드림스피드           망사눈가면                        2022.03.04운동기인성 피로회복(수액처치)
                          귀가면(예시)                      2022.02.12양각막염            
 12  메인오브킹           귀가면(예시&출장                  2022.02.24좌비절염좌          
                          망사눈가면                                                      

경주일: 2022.04.16   5 경주
─────────────────────────────────────────────────────────  
 No  마명                보조장구               폐출혈            진료사항                  
─────────────────────────────────────────────────────────  
  1  보리보리             눈가면                            2022.03.07좌전지파행          
                                                            2022.01.30우전지 부종         
  2  럭키클럽                                               2022.04.06좌후지 부종         
                                                                                          
  3  그린짱               망사눈가면                        2022.03.09양전지 근육통       
                                                                                          
  4  동행                                                   2022.03.01우후지교돌상        
                                                            2022.02.25운동기인성 피로회복(수액처치)
  5  마파람               망사눈가면                        2022.01.27진정(장제)          
                                                                                          
  6  골든선더             망사눈가면                        2022.03.15양제3중수골골막염   
                                                            2022.03.13좌후지교돌상        
  7  아마존킹             귀가면(예시)                                                    
                          계란형큰고리재갈                                                
  8  라온더대쉬           망사눈가면                        2022.04.14운동기인성 피로회복(수액처치)
                                                            2022.04.06운동기인성 피로회복 
  9  드림걸스             Triabit러깅재갈                   2022.03.08우후지교돌상        
                                                            2022.03.03운동기인성 피로회복(수액처치)
 10  프린세스삭스         양털코굴레                        2022.04.14운동기인성 피로회복(수액처치)
                                                            2022.04.03양각막염            
 11  천은총               귀가면(예시)                      2022.04.14운동기인성 피로회복(수액처치)
                          망사가면                          2022.03.23좌후지교돌상        
 12  불의가속             계란형큰고리재갈                  2022.04.14운동기인성 피로회복(수액처치)
                          망사눈가면                        2022.03.05좌후지교돌상        

경주일: 2022.04.16   6 경주
─────────────────────────────────────────────────────────  
 No  마명                보조장구               폐출혈            진료사항                  
─────────────────────────────────────────────────────────  
  1  피렌체힐             혀보정끈                          2022.04.06운동기인성 피로회복 
                                                            2022.03.20좌후지교돌상        
  2  당찬세력             계란형큰고리재갈                  2022.03.14우전지파행          
                          망사눈가면                        2022.02.26좌후지교돌상        
  3  장산몬스터           귀가면(예시)                      2022.01.18우후지 부종         
                          망사눈가면                                                      
  4  사려니위너           반가지큰고리재갈                  2022.03.30운동기인성 피로회복 
                          망사눈가면                        2022.02.27양각막염,양후지교돌상
  5  빅야크               귀가면(예시&출장                  2022.01.25양후지교돌상        
                          망사가면                                                        
  6  온포인트                                               2022.03.14우후지 근육통       
                                                            2022.03.12우후지 근육통,침치료(수침)
  7  문학스트롱           귀가면(예시&출장                  2022.04.14운동기인성 피로회복(수액처치)
                          망사눈가면                        2022.04.06운동기인성 피로회복 
  8  유정챔프             망사눈가면                        2022.03.12좌후지교돌상        
                          계란형큰고리재갈                                                
  9  피버디니             혀보정끈                          2022.03.07양전지 부종         
                          Triabit러깅재갈                   2022.02.16우비절부 찰과상     
 10  파노라마칸           계란형큰고리재갈                                                
                                                                                          
 11  은어축제             망사눈가면         2021.07.17 1회 2022.02.24요배통              
                                                            2022.02.20우후지교돌상        
 12  그린질주             망사눈가면                        2022.04.06양전지 근육통       
                                                            2022.02.23양각막염            

경주일: 2022.04.16   7 경주
─────────────────────────────────────────────────────────  
 No  마명                보조장구               폐출혈            진료사항                  
─────────────────────────────────────────────────────────  
  1  사람이라는별         망사가면                          2022.03.13좌후지교돌상        
                          계란형큰고리재갈                  2022.03.02양후지 근육통       
  2  천비성               계란형큰고리재갈                  2022.04.06좌후지교돌상        
                          망사가면                          2022.02.09좌후지 부종         
  3  농본바다             망사가면                          2022.03.25양후지파행          
                                                            2022.03.21양후지파행,침치료(신침)
  4  명진데이             Triabit러깅재갈                   2022.03.22양전지 부종,좌중수부 찰과상
                          망사눈가면                        2022.02.25좌전지 부종         
  5  광마힐               망사가면           2018.10.06 1회 2022.03.13우후지교돌상        
                                                            2022.01.31운동기인성 피로회복 
  6  킹칸모르             귀가면(예시)                      2022.02.27좌후지교돌상        
                                                            2022.01.27양전지파행          
  7  서브에이스           귀가면(예시)                      2022.03.09우후지 부종         
                                                                                          
  8  콜조이               망사눈가면                        2022.03.16마비성근색소뇨증    
                                                            2022.03.06정치                
  9  그레이캣             계란형큰고리재갈                  2022.01.30정치,발치           
                          망사눈가면                                                      

경주일: 2022.04.16   8 경주
─────────────────────────────────────────────────────────  
 No  마명                보조장구               폐출혈            진료사항                  
─────────────────────────────────────────────────────────  
  1  케미블루                                               2022.03.08좌후지교돌상        
                                                                                          
  2  블루마카롱           귀가면(예시)                      2022.03.24운동기인성 피로회복(수액처치)
                          망사눈가면                        2022.03.06정치                
  3  더스파이커           계란형큰고리재갈                  2022.04.14운동기인성 피로회복(수액처치)
                          망사가면                          2022.04.06운동기인성 피로회복 
  4  춘산                 계란형큰고리재갈                  2022.04.06양전지 부종         
                          혀보정끈                          2022.03.29양전지 부종,양후 구절부 찰과상
  5  역전의우승           Triabit러깅재갈                   2022.04.04우후지교돌상        
                          망사눈가면                        2022.03.08좌후지교돌상        
  6  트리플킹덤           BlueBond편자                      2022.03.23좌전지 부종         
                          망사가면                          2022.03.17운동기인성 피로회복(수액처치)
  7  인천캡틴             망사가면                          2022.03.27정치                
                                                            2022.02.26좌후지교돌상        
  8  백색광채             망사가면                          2022.02.21우후지교돌상        
                                                            2022.02.18운동기인성 피로회복(수액처치)
  9  럭셔리캡틴           눈가면                            2022.04.14운동기인성 피로회복(수액처치)
                                                                                          

경주일: 2022.04.16   9 경주
─────────────────────────────────────────────────────────  
 No  마명                보조장구               폐출혈            진료사항                  
─────────────────────────────────────────────────────────  
  1  이겨주마             Triabit러깅재갈                                                 
                                                                                          
  2  블루키톤             귀가면(예시)                      2022.04.14운동기인성 피로회복(수액처치)
                                                            2022.04.06우후제구염          
  3  대변화               계란형큰고리재갈                  2022.04.14운동기인성 피로회복(수액처치)
                          망사눈가면                                                      
  4  마이티후             귀가면(예시)                      2022.03.07우중수부계인대좌상  
                                                            2022.03.04우전지파행          
  5  킬리의제왕           망사눈가면                        2022.02.12좌후지교돌상        
                                                                                          
  6  디터미네이션         귀가면(예시&출장                  2022.04.14운동기인성 피로회복(수액처치)
                          망사가면                          2022.03.29우후제구염          
  7  문학조이             망사가면                          2022.03.25좌후지교돌상        
                                                                                          
  8  레이먼드             눈가면                            2022.03.26양전구절염          
                          귀가면(예시)                      2022.03.22양전 구절부 좌상    

경주일: 2022.04.17   1 경주
─────────────────────────────────────────────────────────  
 No  마명                보조장구               폐출혈            진료사항                  
─────────────────────────────────────────────────────────  
  1  송암베스트           망사가면                          2022.04.06우후지교돌상        
                                                            2022.03.01양후지교돌상        
  2  엔비전사             귀가면(예시&출장                  2022.01.28우후지교돌상        
                          망사눈가면                                                      
  3  빛의카               망사가면                          2022.02.22진정(보정)          
                                                            2022.01.31구내염              
  4  은파마운틴           계란형큰고리재갈                  2022.04.11운동기인성 피로회복(수액처치)
                          망사눈가면                                                      
  5  한강히어로           계란형큰고리재갈                  2022.04.14운동기인성 피로회복(수액처치)
                          망사눈가면                        2022.02.04마비성근색소뇨증    
  6  미르파워                                               2022.04.05우후 구절부 찰과상  
                                                            2022.04.03진정(장제)          
  7  내길의별                                               2022.03.07양제3중수골골막염   
                                                                                          
  8  강철부대             망사눈가면                        2022.03.30진정(장제)          
                                                            2022.03.19운동기인성 피로회복 
  9  황우강자             망사눈가면                        2022.04.06운동기인성 피로회복 
                                                            2022.04.01진정(장제)          
 10  컴플리트조이         망사가면                          2022.04.14운동기인성 피로회복(수액처치)
                                                            2022.04.06우전지 근육통       
 11  톱클래스             계란형큰고리재갈                  2022.03.22우후 구절부 찰과상  
                          망사눈가면                        2022.03.05구내염              
 12  로즈골드             망사눈가면                                                      
                                                                                          

경주일: 2022.04.17   2 경주
─────────────────────────────────────────────────────────  
 No  마명                보조장구               폐출혈            진료사항                  
─────────────────────────────────────────────────────────  
  1  트로트퀸                                               2022.03.30정치,발치           
                                                            2022.01.20우전지파행          
  2  그레이트매직         망사눈가면                        2022.04.02정치,발치           
                                                            2022.03.23진정(보정)          
  3  머니스톤             망사눈가면                                                      
                                                                                          
  4  스탠바이미           눈가면                            2022.03.23귀진드기감염증      
                                                            2022.03.08산통                
  5  랠리퀸               망사눈가면                                                      
                                                                                          
  6  이스트트로스         구각자극판                        2022.03.05양후지교돌상        
                                                            2022.01.30좌후지교돌상        
  7  선더소니아           망사눈가면                        2022.03.14양전구절염          
                          귀가면(예시)                      2022.03.07우전구절염          
  8  럭키인디                                               2022.04.02마비성근색소뇨증    
                                                                                          
  9  원평광야             망사눈가면                        2022.04.03구내염              
                          반가지큰고리재갈                  2022.04.02정치,발치           
 10  명진캔디             눈가면                                                          
                                                                                          
 11  장군별               귀가면(예시)                      2022.03.13좌후제차부란(제차퇴행성괴사),우후외측근위종자골첨부골절
                                                            2022.02.21양전지 근육통       
 12  카지노스타           망사가면                                                        
                                                                                          

경주일: 2022.04.17   3 경주
─────────────────────────────────────────────────────────  
 No  마명                보조장구               폐출혈            진료사항                  
─────────────────────────────────────────────────────────  
  1  퍼스트로드           혀보정끈                          2022.03.17운동기인성 피로회복(수액처치)
                          망사가면                                                        
  2  토루크막토           눈가면                                                          
                          반가지큰고리재갈                                                
  3  그레이트제니         망사눈가면                        2022.02.09좌후지 부종         
                          계란형큰고리재갈                                                
  4  퍼지퀸               계란형큰고리재갈                  2022.03.14양각막염            
                                                                                          
  5  샤인뮤직             눈가면                            2022.03.07양각막염            
                                                            2022.02.02우전구절염          
  6  슈퍼파크             혀보정끈                          2022.04.11운동기인성 피로회복(수액처치)
                          계란형큰고리재갈                  2022.03.02좌후 구절부 찰과상  
  7  해피드림             눈가면                            2022.03.06양후지 근육통       
                          계란형큰고리재갈                  2022.02.06정치                
  8  엄청난걸             망사눈가면                        2022.03.17운동기인성 피로회복(수액처치)
                                                            2022.02.07좌전내측 제구부 찰과상

경주일: 2022.04.17   4 경주
─────────────────────────────────────────────────────────  
 No  마명                보조장구               폐출혈            진료사항                  
─────────────────────────────────────────────────────────  
  1  브레인스피더                                           2022.03.14좌전지 부종         
                                                            2022.02.06정치                
  2  카우보이탱고                                           2022.03.13좌후지교돌상        
                                                                                          
  3  송암캣                                                 2022.04.06양전지 근육통       
                                                            2022.04.02복대상              
  4  더리퍼               눈가면                            2022.03.19정치,발치           
                          계란형큰고리재갈                                                
  5  미르캡틴             망사가면                                                        
                                                                                          
  6  트루                 망사눈가면                                                      
                                                                                          
  7  럭셔리킹                                               2022.03.23좌제3중수골골막염   
                                                            2022.03.07양전지 근육통       
  8  블루해머             계란형큰고리재갈                  2022.03.20좌후지교돌상        
                                                            2022.01.31양전 구절부 좌상    
  9  에이스샤인           혀보정끈                          2022.03.19정치                
                          망사눈가면                        2022.03.03운동기인성 피로회복(수액처치)
 10  마패봉               망사눈가면         2021.06.13 1회 2022.02.17운동기인성 피로회복(수액처치)
                                                                                          
 11  쿨프린세스           가지재갈                          2022.04.13운동기인성 피로회복(수액처치)
                          망사눈가면                        2022.03.21좌전구절찰과상      
 12  은혜충만                                               2022.03.13양각막염            
                                                            2022.03.11운동기인성 피로회복(수액처치)

경주일: 2022.04.17   5 경주
─────────────────────────────────────────────────────────  
 No  마명                보조장구               폐출혈            진료사항                  
─────────────────────────────────────────────────────────  
  1  천리총               귀가면(예시)                      2022.04.11운동기인성 피로회복(수액처치)
                          망사가면                          2022.03.27진정(장제)          
  2  그린필스타           망사가면                          2022.04.06좌후 구절부 찰과상  
                                                            2022.02.10우전지 근육통       
  3  플렉스퀸             계란형큰고리재갈                  2022.04.07우전지 근육통       
                                                            2022.04.06식이성 식욕부진     
  4  은성마루             혀보정끈                                                        
                          망사눈가면                                                      
  5  빅비트               계란형큰고리재갈                  2022.03.14좌중수부 찰과상     
                                                            2022.03.13좌전지 부종         
  6  은혜서브             망사눈가면                        2022.03.27양각막염            
                                                            2022.03.25운동기인성 피로회복(수액처치)
  7  런투골               망사눈가면                        2022.03.23좌전구절찰과상      
                                                            2022.03.05좌중족부 열창       
  8  디에코                                  2021.12.19 1회 2022.03.18정치                
                                                            2022.03.13운동기인성 피로회복 
  9  메니스피어           망사가면                                                        
                                                                                          
 10  엘리트룰즈           망사눈가면                        2022.03.29우후지 부종         
                                                            2022.02.11좌전외측 제구부 찰과상
 11  원더풀금성           귀가면(예시)                      2022.03.24양후지 근육통       
                          망사가면                          2022.03.09우후지교돌상        

경주일: 2022.04.17   6 경주
─────────────────────────────────────────────────────────  
 No  마명                보조장구               폐출혈            진료사항                  
─────────────────────────────────────────────────────────  
  1  해피먼스             눈가면                            2022.03.07좌둔부혈종          
                          계란형큰고리재갈                  2022.02.23좌둔부찰과상        
  2  아델나래             망사가면                          2022.04.03양후지 부종         
                                                            2022.03.26좌후지교돌상        
  3  벼락                                                                                 
                                                                                          
  4  새내황제             망사눈가면                        2022.03.07정치                
                                                            2022.03.06우중족부찰과상      
  5  푸른요정             망사눈가면                        2022.04.07양후지 근육통       
                                                            2022.03.23좌후지교돌상        
  6  금세다               혀보정끈                                                        
                          계란형큰고리재갈                                                
  7  좋은관계             망사가면                          2022.04.06담마진              
                                                            2022.03.21양후지 근육통       
  8  어메이징위즈         망사가면                          2022.04.01양후지 근육통       
                                                            2022.03.22우후지교돌상        

경주일: 2022.04.17   7 경주
─────────────────────────────────────────────────────────  
 No  마명                보조장구               폐출혈            진료사항                  
─────────────────────────────────────────────────────────  
  1  타이탄삭스           망사가면                          2022.04.06운동기인성 피로회복 
                                                            2022.03.21양각막염            
  2  선포레               계란형큰고리재갈                  2022.03.20좌후지교돌상        
                          망사눈가면                        2022.02.20우후지교돌상        
  3  정상킹덤             눈가면                            2022.03.29좌후지교돌상        
                          귀가면(예시)                      2022.02.28우후지교돌상        
  4  나는스타             망사눈가면                        2022.03.16우전구절찰과상      
                                                                                          
  5  천지폭풍             귀가면(예시)                      2022.04.06양후지 근육통       
                          양털코굴레                        2022.03.13좌후지교돌상        
  6  나올영웅             계란형큰고리재갈                  2022.04.06운동기인성 피로회복 
                          망사가면                          2022.04.04안상                
  7  신의열매             귀가면(예시)                      2022.03.12우후지교돌상        
                          계란형큰고리재갈                  2022.03.02좌후지교돌상        
  8  에이스파워풀         망사눈가면                        2022.01.27운동기인성 피로회복(수액처치)
                                                            2022.01.19좌후지 부종         
  9  케이엔라이트         망사가면                          2022.03.28양전지 근육통       
                          혀보정끈                          2022.03.18운동기인성 피로회복(수액처치)
 10  로열함성             눈가면                                                          
                          귀가면(예시)                                                    

경주일: 2022.04.17   8 경주
─────────────────────────────────────────────────────────  
 No  마명                보조장구               폐출혈            진료사항                  
─────────────────────────────────────────────────────────  
  1  이무기               혀보정끈                          2022.04.06운동기인성 피로회복 
                          망사눈가면                        2022.03.19좌후지교돌상        
  2  영광의미소           망사가면                          2022.04.10운동기인성 피로회복(수액처치)
                                                            2022.03.30정치                
  3  네모프린세스         반가지큰고리재갈                  2022.03.12좌후지교돌상        
                          망사눈가면                        2022.03.02좌후지 부종         
  4  바잉블레이드         계란형큰고리재갈                  2022.04.06좌후지교돌상        
                          망사눈가면                        2022.03.09우후지 부종         
  5  정문지존                                                                             
                                                                                          
  6  글로벌골드           망사눈가면                        2022.04.13운동기인성 피로회복(수액처치)
                                                            2022.04.03운동기인성 피로회복 
  7  러닝킹               망사가면                          2022.03.17운동기인성 피로회복(수액처치)
                          계란형큰고리재갈                                                
  8  벌말대장             눈가면                            2022.03.04운동기인성 피로회복(수액처치)
                          귀가면(예시)                                                    

경주일: 2022.04.17   9 경주
─────────────────────────────────────────────────────────  
 No  마명                보조장구               폐출혈            진료사항                  
─────────────────────────────────────────────────────────  
  1  텐배거               망사눈가면                        2022.03.22양후지 근육통       
                                                                                          
  2  정상으뜸             귀가면(예시)                      2022.03.22좌후지교돌상        
                          망사눈가면                                                      
  3  슈퍼엑톤             망사가면                          2022.03.02좌후지 부종         
                                                            2022.01.28정치                
  4  레이디퍼스트         망사가면                          2022.04.07운동기인성 피로회복(수액처치)
                                                            2022.04.06양후지 근육통       
  5  화이트참             눈가면(오른쪽)                    2022.01.30비정상 치아 마모,정치
                          계란형큰고리재갈                                                
  6  에이스솔롱고         BlueBond편자                      2022.02.28운동기인성 피로회복 
                          눈가면                                                          
  7  스카이망치           혀보정끈                          2022.04.06운동기인성 피로회복 
                          계란형큰고리재갈                  2022.03.21양각막염            
  8  보디가드             혀보정끈                          2022.03.21양각막염            
                          귀가면(예시&출장                  2022.03.06마비성근색소뇨증    
  9  밀키셰리                                               2022.01.19산통                
                                                                                          

경주일: 2022.04.17   10경주
─────────────────────────────────────────────────────────  
 No  마명                보조장구               폐출혈            진료사항                  
─────────────────────────────────────────────────────────  
  1  열린문                                                 2022.02.26좌후지교돌상        
                                                            2022.01.23우후지교돌상        
  2  해들뫼               망사눈가면                        2022.04.02정치                
                                                            2022.03.19좌후지교돌상        
  3  최강파티             눈가면                            2022.02.26양각막염            
                          계란형큰고리재갈                  2022.02.24운동기인성 피로회복(수액처치)
  4  장산바다             BlueBond편자                                                    
                          망사눈가면                                                      
  5  제주의흑선           계란형큰고리재갈                  2022.04.13운동기인성 피로회복(수액처치)
                          망사가면                          2022.02.15산통                
  6  송암캔디             계란형큰고리재갈                  2022.04.06양전지 근육통       
                                                            2022.04.02물리치료            
  7  만석지기             귀가면(예시&출장                  2022.04.06운동기인성 피로회복 
                          망사눈가면                        2022.03.21우후 구절부 찰과상  
  8  베스트럭키           망사눈가면                        2022.03.21좌후지교돌상        
                                                            2022.02.13양후지파행          
  9  록라인                                                 2022.04.06좌중수부 찰과상     
                                                            2022.03.26운동기인성 피로회복 

경주일: 2022.04.17   11경주
─────────────────────────────────────────────────────────  
 No  마명                보조장구               폐출혈            진료사항                  
─────────────────────────────────────────────────────────  
  1  슬립웰               귀가면(예시)                                                    
                          눈가면                                                          
  2  샤크짱               망사눈가면                        2022.02.09정치                
                          계란형큰고리재갈                  2022.01.31좌후계부찰과상      
  3  문학에카티           망사눈가면                        2022.03.19좌후지교돌상        
                                                                                          
  4  문학선                                                 2022.03.31양후지교돌상        
                                                            2022.03.18운동기인성 피로회복(수액처치)
  5  별나라질주           망사가면                          2022.01.28운동기인성 피로회복(수액처치)
                          혀보정끈                                                        
  6  파이널칸지노         망사눈가면                        2022.03.20양후지교돌상        
                          귀가면(예시)                      2022.03.18운동기인성 피로회복(수액처치)
  7  모닝힐               계란형큰고리재갈                  2022.03.12좌후지교돌상        
                          망사눈가면                        2022.01.30우후지교돌상        
  8  이스트반             계란형큰고리재갈                  2022.04.06운동기인성 피로회복 
                          망사눈가면                        2022.04.04좌후지 부종         
  9  마이티붐             망사가면                                                        
                          계란형큰고리재갈                                                
 10  스프링킹             눈가면                            2022.02.28운동기인성 피로회복 
                          귀가면(예시)                                                    
 11  금자유               계란형큰고리재갈   2020.08.29 2회 2022.03.18운동기인성 피로회복(수액처치)
                          망사눈가면         2019.12.07 1회 2022.02.19양각막염            

