

제목 : 22년06월17일(금)  제 1경주

(부산) 제45일 1200M 국6등급별정A       경주명 : 일반                        
경주조건:  R0~0           3세이하                    날씨:맑음 주로:양호  (6%)
순위상금: 22,000천원   8,800천원   5,600천원   2,000천원   1,600천원
부가상금:      0천원       0천원       0천원
-------------------------------------------------------------------------------------------------
순위 마번    마    명         산지   성별 연령 부담중량  기수명   조교사   마주명           레이팅
-------------------------------------------------------------------------------------------------
  1    2  해남짱돌             한     거     3    56.0   정도윤   안우성   임한용                
  2    7  원더풀오션           한     암     3    54.0   요아니스 방동석   지대섭                
  3    3  닥터펜타곤           한     수     3    56.0   최시대   백광열   권혁희                
  4    4  마이티스톰           한     거     3    56.0   박재이   구민성   최종복                
  5    6  폴투윈               한     수     3    56.0   유현명   김영관   오상철                
  6    1  스카이아치           한     암     3    50.0   서강주   이상영   박광순                
  7    5  한라백두             한     수     3    56.0   김어수   양귀선   임순하                
  8    8  가원의빛             한     수     3    52.0   권오찬   김길중   허필도                
-------------------------------------------------------------------------------------------------
순위 마번    마      명       마 체 중  기 록  도 착 차  (S1F-S8F-G6F-G4F-G3F-G2F-G1F)
-------------------------------------------------------------------------------------------------
  1    2  해남짱돌             466( +8) 1:17.2            5-  -  - 7- 7- 7- 7
  2    7  원더풀오션           500( -9) 1:17.2  목        2-  -  - 3- 3- 2- 3
  3    3  닥터펜타곤           511( -2) 1:17.3  목        4-  -  - 5- 5- 6- 4
  4    4  마이티스톰           451( -3) 1:17.5  1½       6-  -  - 6- 6- 5- 5
  5    6  폴투윈               474(+14) 1:17.6  목        3-  -  - 2- 2- 3- 2
  6    1  스카이아치           492( -3) 1:17.6  코        8-  -  - 8- 8- 8- 8
  7    5  한라백두             475( +1) 1:17.8  1½       7-  -  - 4- 4- 4- 6
  8    8  가원의빛             464(-16) 1:17.9  ½        1-  -  - 1- 1- 1- 1
-------------------------------------------------------------------------------------------------
순위 마번 G-3F S-1F    400      400     400     400     G-2F    G-1F    단승식 연승식
-------------------------------------------------------------------------------------------------
  1    2  38.3  0:14.2                  0:26.2  0:25.2  0:25.8  0:13.4     6.4    2.0
  2    7  39.4  0:13.9                  0:25.3  0:25.2  0:26.7  0:13.9     7.5    1.8
  3    3  39.0  0:14.1                  0:25.7  0:25.2  0:26.4  0:13.9     4.4    1.3
  4    4  39.1  0:14.2                  0:25.9  0:24.9  0:26.7  0:14.0    22.0    4.2
  5    6  39.8  0:14.0                  0:25.3  0:25.3  0:27.0  0:14.3     5.7    1.8
  6    1  38.5  0:15.1                  0:26.9  0:24.7  0:26.0  0:13.4     6.9    2.2
  7    5  39.8  0:14.2                  0:25.6  0:25.0  0:27.2  0:14.3    36.8    9.9
  8    8  40.3  0:13.8                  0:25.1  0:25.2  0:27.6  0:14.8     2.9    1.7
-------------------------------------------------------------------------------------------------
(복승식 배당률)
  1- 2    18.5  2- 9     0.0  4- 5   217.8  5-15     0.0  8- 9     0.0 11-12     0.0
  1- 3    13.8  2-10     0.0  4- 6    41.2  5-16     0.0  8-10     0.0 11-13     0.0
  1- 4    71.5  2-11     0.0  4- 7    60.3  6- 7    20.2  8-11     0.0 11-14     0.0
  1- 5   213.8  2-12     0.0  4- 8    33.0  6- 8     9.1  8-12     0.0 11-15     0.0
  1- 6    19.9  2-13     0.0  4- 9     0.0  6- 9     0.0  8-13     0.0 11-16     0.0
  1- 7    25.8  2-14     0.0  4-10     0.0  6-10     0.0  8-14     0.0 12-13     0.0
  1- 8    12.6  2-15     0.0  4-11     0.0  6-11     0.0  8-15     0.0 12-14     0.0
  1- 9     0.0  2-16     0.0  4-12     0.0  6-12     0.0  8-16     0.0 12-15     0.0
  1-10     0.0  3- 4    30.7  4-13     0.0  6-13     0.0  9-10     0.0 12-16     0.0
  1-11     0.0  3- 5    88.4  4-14     0.0  6-14     0.0  9-11     0.0 13-14     0.0
  1-12     0.0  3- 6     9.6  4-15     0.0  6-15     0.0  9-12     0.0 13-15     0.0
  1-13     0.0  3- 7    10.4  4-16     0.0  6-16     0.0  9-13     0.0 13-16     0.0
  1-14     0.0  3- 8     6.9  5- 6   154.6  7- 8    10.6  9-14     0.0 14-15     0.0
  1-15     0.0  3- 9     0.0  5- 7   181.1  7- 9     0.0  9-15     0.0 14-16     0.0
  1-16     0.0  3-10     0.0  5- 8    80.2  7-10     0.0  9-16     0.0 15-16     0.0
  2- 3    11.7  3-11     0.0  5- 9     0.0  7-11     0.0 10-11     0.0  0- 0     0.0
  2- 4    52.0  3-12     0.0  5-10     0.0  7-12     0.0 10-12     0.0  0- 0     0.0
  2- 5   204.5  3-13     0.0  5-11     0.0  7-13     0.0 10-13     0.0  0- 0     0.0
  2- 6    15.4  3-14     0.0  5-12     0.0  7-14     0.0 10-14     0.0  0- 0     0.0
  2- 7    18.3  3-15     0.0  5-13     0.0  7-15     0.0 10-15     0.0  0- 0     0.0
  2- 8    11.7  3-16     0.0  5-14     0.0  7-16     0.0 10-16     0.0  0- 0     0.0
-------------------------------------------------------------------------------------------------
매출액 단식:     18,696,600    연식:     28,078,400      복식:    448,452,000
       복연:     61,682,500    쌍식:    154,767,700      삼복:    443,813,400
       삼쌍:    214,255,700    합계:  1,369,746,300
-------------------------------------------------------------------------------------------------
배당률 단: ②6.4        연: ②2.0 ⑦1.8 ③1.3          복: ②⑦18.3      4F:52.1
                                                                         3F:39.6
                        쌍: ②⑦36.0
     복연: ②⑦6.6 ②③4.2 ⑦③3.9
     삼복: ②⑦③22.8 
     삼쌍: ②⑦③195.2 
-------------------------------------------------------------------------------------------------
펄 롱:13.8 11.3 12.5   12.7   12.8   14.1   
통과M:  200  400  600    800    1000   1200
통과T:13.8 25.1 37.6 0:50.3 1:03.1 1:17.2 
-------------------------------------------------------------------------------------------------
통과순위 S1F : (^8,7),(3,6),(2,4,5)=1                  
         G8F :                                         
         G6F :                                         
         G4F : 8,(6,7),(3,5),4,2-1                     
         G3F : 8,(6,7),5,(3,4)-2,1                     
         G2F : 8,(6,7,5),(3,4)-2,1                     
         G1F : 8,(6,7,3),(4,5),2-1                     
-------------------------------------------------------------------------------------------------
구분 출전번호  대상명            처분종류     처분내용                     세부내용
-------------------------------------------------------------------------------------------------
기수    7      요아니스          과태금       100,000원                    결승선 직선주로 채찍 과다사용                     
기수    8      권오찬            기승정지     4일(2022.06.24~2022.07.03)   출발 후 약 200m 지점 안으로 진로변경, 6번, 5번, 4번, 3번, 2번 주행방해
-------------------------------------------------------------------------------------------------


제목 : 22년06월17일(금)  제 2경주

(부산) 제45일 1200M 국6등급별정A       경주명 : 일반                        
경주조건:  R0~0           연령오픈                   날씨:맑음 주로:양호  (6%)
순위상금: 13,750천원   5,500천원   3,500천원   1,250천원   1,000천원
부가상금:      0천원       0천원       0천원
-------------------------------------------------------------------------------------------------
순위 마번    마    명         산지   성별 연령 부담중량  기수명   조교사   마주명           레이팅
-------------------------------------------------------------------------------------------------
  1   10  애니라인             한     거     4    56.0   유현명   구민성   권태일                
  2   12  배다리강호           한(포) 수     5    52.0   서강주   조용배   송한우                
  3    8  테이크아델           한     암     4    54.0   김혜선   민장기   이장현                
  4    5  풍운조화             한     암     3    52.0   김태현   강형곤   이남일                
  5    2  앨버트윈             한     암     3    50.0   권오찬   하무선   말구유                
  6    6  이터널에이스         한     거     3    56.0   다실바   구민성   김용구                
  7    1  승리의불길           한     암     6    50.0   윤형석   윤영훈   오종환                
  8    9  퓨전퀸               한     암     4    53.0   모준호   울즐리   이시돌협회            
  9    7  가속스텔스           한     암     3    54.0   최시대   김길중   곽영숙                
 10   11  라비오사             한     암     3    54.0   박재이   강형곤   변완수                
 11    4  장산왕자             한     수     4    56.0   최은경   윤영훈   김형란                
 12    3  튠포인트             한     암     3    54.0   이성재   박재호   강영종                
-------------------------------------------------------------------------------------------------
순위 마번    마      명       마 체 중  기 록  도 착 차  (S1F-S8F-G6F-G4F-G3F-G2F-G1F)
-------------------------------------------------------------------------------------------------
  1   10  애니라인             478( -7) 1:15.4            1-  -  - 1- 1- 1- 1
  2   12  배다리강호           532( +6) 1:16.4  6         6-  -  - 8- 7- 6- 5
  3    8  테이크아델           426(-13) 1:17.4  6         3-  -  - 4- 4- 3- 2
  4    5  풍운조화             438( +8) 1:17.5  ½        5-  -  - 6- 5- 4- 4
  5    2  앨버트윈             481( -7) 1:17.8  2         8-  -  -11- 9- 8- 7
  6    6  이터널에이스         460( -3) 1:17.9  ¾        2-  -  - 2- 2- 2- 3
  7    1  승리의불길           447( -2) 1:18.0  코       12-  -  -12-12-12- 8
  8    9  퓨전퀸               506(+17) 1:18.5  3         4-  -  - 3- 3- 5- 6
  9    7  가속스텔스           495( -1) 1:18.7  1         9-  -  -10-11-10-10
 10   11  라비오사             459(+15) 1:19.0  1¾      10-  -  - 7- 8- 7- 9
 11    4  장산왕자             470( -3) 1:19.6  3        11-  -  - 9-10- 9-11
 12    3  튠포인트             450( -2) 1:23.7  23        7-  -  - 5- 6-11-12
-------------------------------------------------------------------------------------------------
순위 마번 G-3F S-1F    400      400     400     400     G-2F    G-1F    단승식 연승식
-------------------------------------------------------------------------------------------------
  1   10  38.7  0:13.8                  0:24.8  0:24.3  0:26.3  0:13.9     1.5    1.0
  2   12  38.3  0:14.1                  0:25.8  0:24.8  0:25.8  0:13.3    18.9    4.0
  3    8  39.6  0:13.9                  0:25.2  0:25.0  0:27.2  0:14.4    11.9    2.8
  4    5  39.7  0:14.1                  0:25.6  0:24.6  0:27.3  0:14.5    37.8    7.4
  5    2  39.1  0:14.3                  0:26.3  0:25.1  0:26.4  0:13.9    16.0    2.8
  6    6  40.9  0:13.9                  0:24.9  0:24.8  0:28.2  0:14.9     8.8    1.9
  7    1  38.7  0:15.0                  0:26.5  0:25.3  0:26.2  0:13.6    24.9    4.5
  8    9  41.0  0:14.0                  0:25.1  0:25.2  0:28.2  0:15.0     7.7    2.0
  9    7  39.8  0:14.3                  0:26.2  0:25.2  0:27.3  0:14.3    81.7   13.5
 10   11  40.8  0:14.3                  0:25.8  0:25.1  0:28.1  0:14.6    26.6    6.8
 11    4  40.9  0:14.5                  0:26.0  0:25.4  0:28.2  0:14.8    41.4    6.4
 12    3  45.7  0:14.2                  0:25.4  0:26.1  0:32.2  0:17.4    82.8   23.4
-------------------------------------------------------------------------------------------------
(복승식 배당률)
  1- 2    50.9  2- 9    32.9  4- 5   239.9  5-15     0.0  8- 9    28.2 11-12   235.7
  1- 3   541.3  2-10    10.0  4- 6   117.3  5-16     0.0  8-10    10.1 11-13     0.0
  1- 4   226.3  2-11   257.9  4- 7   697.4  6- 7   220.3  8-11   160.5 11-14     0.0
  1- 5   134.0  2-12   110.9  4- 8    95.8  6- 8    29.4  8-12    95.5 11-15     0.0
  1- 6    37.4  2-13     0.0  4- 9    82.2  6- 9    17.8  8-13     0.0 11-16     0.0
  1- 7   586.4  2-14     0.0  4-10    25.0  6-10     6.3  8-14     0.0 12-13     0.0
  1- 8    67.3  2-15     0.0  4-11   468.6  6-11   135.2  8-15     0.0 12-14     0.0
  1- 9    45.2  2-16     0.0  4-12   341.1  6-12    68.1  8-16     0.0 12-15     0.0
  1-10    11.1  3- 4   777.8  4-13     0.0  6-13     0.0  9-10     5.0 12-16     0.0
  1-11   289.4  3- 5   949.5  4-14     0.0  6-14     0.0  9-11   133.0 13-14     0.0
  1-12   103.3  3- 6   578.9  4-15     0.0  6-15     0.0  9-12    54.8 13-15     0.0
  1-13     0.0  3- 7  1488.9  4-16     0.0  6-16     0.0  9-13     0.0 13-16     0.0
  1-14     0.0  3- 8   471.2  5- 6   107.1  7- 8   259.4  9-14     0.0 14-15     0.0
  1-15     0.0  3- 9   615.9  5- 7   582.4  7- 9   238.9  9-15     0.0 14-16     0.0
  1-16     0.0  3-10   159.5  5- 8    96.9  7-10    66.0  9-16     0.0 15-16     0.0
  2- 3   551.8  3-11  1678.4  5- 9    75.9  7-11   692.7 10-11    33.9  0- 0     0.0
  2- 4   153.5  3-12   945.5  5-10    21.1  7-12   464.0 10-12    15.0  0- 0     0.0
  2- 5   157.3  3-13     0.0  5-11   486.0  7-13     0.0 10-13     0.0  0- 0     0.0
  2- 6    37.9  3-14     0.0  5-12   224.0  7-14     0.0 10-14     0.0  0- 0     0.0
  2- 7   487.6  3-15     0.0  5-13     0.0  7-15     0.0 10-15     0.0  0- 0     0.0
  2- 8    68.1  3-16     0.0  5-14     0.0  7-16     0.0 10-16     0.0  0- 0     0.0
-------------------------------------------------------------------------------------------------
매출액 단식:     23,564,500    연식:     35,826,200      복식:    556,183,600
       복연:    100,251,800    쌍식:    191,585,400      삼복:    590,075,900
       삼쌍:    248,323,000    합계:  1,745,810,400
-------------------------------------------------------------------------------------------------
배당률 단: ⑩1.5        연: ⑩1.0 ⑫4.0 ⑧2.8          복: ⑩⑫15.0      4F:50.6
                                                                         3F:38.7
                        쌍: ⑩⑫18.3
     복연: ⑩⑫5.7 ⑩⑧4.4 ⑫⑧24.3
     삼복: ⑩⑫⑧37.0 
     삼쌍: ⑩⑫⑧132.3 
-------------------------------------------------------------------------------------------------
펄 롱:13.8 11.0 11.9   12.4   12.4   13.9   
통과M:  200  400  600    800    1000   1200
통과T:13.8 24.8 36.7 0:49.1 1:01.5 1:15.4 
-------------------------------------------------------------------------------------------------
통과순위 S1F : (6,8,^10),(5,9,12),(2,3,7,11),4-1       
         G8F :                                         
         G6F :                                         
         G4F : (6,^10),(8,9),3,5,(11,12),4,(2,7),1     
         G3F : 10,6-9,(8,5),(3,12),11-(2,4),7-1        
         G2F : 10-6-(8,9,5),12,11-(2,3,4,7),1          
         G1F : 10=(8,6,5,12)-9-2-(1,11,7)-4=3          
-------------------------------------------------------------------------------------------------
구분 출전번호  대상명            처분종류     처분내용                     세부내용
-------------------------------------------------------------------------------------------------
말      3      튠포인트          주행심사                                  경주능력부진(1위마와 47.0마신차)(최근 1년 이내 2회째)
말      3      튠포인트          출전정지     4개월(2022.06.18~2022.10.17) 경주능력부진(1위마와 47.0마신차)(최근 1년 이내 2회째)
말      5      풍운조화          주의                                      출발부터 4코너 지점까지 안팎으로 기댐             
말      9      퓨전퀸            출전정지     1개월(2022.06.18~2022.07.17) 폐출혈 발생 통산 1회                              
말      9      퓨전퀸            주행심사                                  폐출혈 발생 통산 1회                              
-------------------------------------------------------------------------------------------------


제목 : 22년06월17일(금)  제 3경주

(부산) 제45일 1200M 국5등급핸디캡      경주명 : 일반                        
경주조건:  R1~35          연령오픈                   날씨:맑음 주로:양호  (6%)
순위상금: 22,000천원   8,800천원   5,600천원   2,000천원   1,600천원
부가상금:      0천원       0천원       0천원
-------------------------------------------------------------------------------------------------
순위 마번    마    명         산지   성별 연령 부담중량  기수명   조교사   마주명           레이팅
-------------------------------------------------------------------------------------------------
  1   11  컬러풀윈드           한     암     3    52.0   김동영   하무선   김조은              30
  2    2  정문드래곤           한     수     3    54.5   서승운   라이스   김재영b             31
  3    5  원더블레이드         한     거     5    56.0   다실바   라이스   김형란              34
  4    9  인디초이스           한     거     3    54.0   최시대   박재호   김준현              30
  5    4  서부특급             한     암     3    53.0   페로비치 권승주   부건영              32
  6    7  블루스카이           한     암     4    52.5   정동철   이상영   박광순              31
  7   12  하바나제인           한     암     5    54.0   박재이   임동창   박병현              34
  8    6  골든선더볼트         한     거     3    54.5   유현명   민장기   김진영a             31
  9    8  플로잉리버           한     거     3    52.5   정도윤   강은석   하늬바람            27
 10    3  마인드존             한     거     3    53.5   송경윤   구영준   하늬바람            29
 11   10  아티스갈             한(포) 암     5    54.0   채상현   울즐리   이시돌협회          34
 12    1  핫플레이             한     수     3    53.5   김혜선   권승주   김삼목              29
-------------------------------------------------------------------------------------------------
순위 마번    마      명       마 체 중  기 록  도 착 차  (S1F-S8F-G6F-G4F-G3F-G2F-G1F)
-------------------------------------------------------------------------------------------------
  1   11  컬러풀윈드           475( -4) 1:14.5            6-  -  - 8-10- 8- 4
  2    2  정문드래곤           519( +6) 1:14.7  1         3-  -  - 1- 1- 1- 1
  3    5  원더블레이드         507( -8) 1:15.0  2         4-  -  - 4- 4- 4- 2
  4    9  인디초이스           468( -1) 1:15.3  1¾       2-  -  - 3- 3- 2- 3
  5    4  서부특급             488( +5) 1:15.7  2        12-  -  -12- 9-10- 6
  6    7  블루스카이           467( +4) 1:16.5  5         1-  -  - 2- 2- 3- 5
  7   12  하바나제인           471( -3) 1:17.2  4        11-  -  -10-12-11- 9
  8    6  골든선더볼트         495( -5) 1:17.2  목        8-  -  - 7- 7- 6- 7
  9    8  플로잉리버           444(-17) 1:17.2  코        5-  -  - 5- 5- 5- 8
 10    3  마인드존             469( +0) 1:17.4  1¼      10-  -  -11-11-12-11
 11   10  아티스갈             504( +0) 1:18.0  4         9-  -  - 9- 8- 7-10
 12    1  핫플레이             458( -8) 1:18.8  4         7-  -  - 6- 6- 9-12
-------------------------------------------------------------------------------------------------
순위 마번 G-3F S-1F    400      400     400     400     G-2F    G-1F    단승식 연승식
-------------------------------------------------------------------------------------------------
  1   11  37.2  0:13.8                  0:25.1  0:24.4  0:25.0  0:13.0    50.3    8.3
  2    2  38.5  0:13.7                  0:24.3  0:24.2  0:26.2  0:13.6     2.8    1.3
  3    5  38.5  0:13.8                  0:24.5  0:24.2  0:26.3  0:13.9     7.4    2.7
  4    9  39.0  0:13.6                  0:24.4  0:24.1  0:26.8  0:14.0    24.0    4.9
  5    4  38.4  0:14.3                  0:25.4  0:24.2  0:26.1  0:13.6     4.1    1.5
  6    7  40.2  0:13.6                  0:24.3  0:24.4  0:27.8  0:14.6    10.0    2.7
  7   12  39.8  0:14.2                  0:25.2  0:24.6  0:27.4  0:14.4    31.5    6.5
  8    6  40.2  0:14.0                  0:25.1  0:24.4  0:27.7  0:14.6     5.4    1.8
  9    8  40.4  0:13.8                  0:24.7  0:24.6  0:27.9  0:14.6    27.7    8.3
 10    3  40.0  0:14.2                  0:25.4  0:24.6  0:27.4  0:14.4    59.0   20.6
 11   10  41.0  0:14.0                  0:25.2  0:24.3  0:28.5  0:15.2    17.3    4.4
 12    1  41.8  0:14.0                  0:24.9  0:24.7  0:29.2  0:15.5    39.8    6.3
-------------------------------------------------------------------------------------------------
(복승식 배당률)
  1- 2    34.0  2- 9    41.3  4- 5    12.0  5-15     0.0  8- 9   394.8 11-12   343.8
  1- 3   502.4  2-10    31.7  4- 6     9.1  5-16     0.0  8-10   450.7 11-13     0.0
  1- 4    59.0  2-11    79.9  4- 7    24.5  6- 7    37.3  8-11   769.9 11-14     0.0
  1- 5    92.9  2-12    28.3  4- 8   106.2  6- 8   139.0  8-12   393.5 11-15     0.0
  1- 6    89.6  2-13     0.0  4- 9    55.9  6- 9    79.7  8-13     0.0 11-16     0.0
  1- 7   194.2  2-14     0.0  4-10    30.9  6-10    50.0  8-14     0.0 12-13     0.0
  1- 8   738.3  2-15     0.0  4-11   135.4  6-11   181.2  8-15     0.0 12-14     0.0
  1- 9   423.3  2-16     0.0  4-12    46.9  6-12    60.5  8-16     0.0 12-15     0.0
  1-10   248.3  3- 4   141.2  4-13     0.0  6-13     0.0  9-10   225.6 12-16     0.0
  1-11   544.6  3- 5   290.9  4-14     0.0  6-14     0.0  9-11   468.4 13-14     0.0
  1-12   259.3  3- 6   243.4  4-15     0.0  6-15     0.0  9-12   275.5 13-15     0.0
  1-13     0.0  3- 7   516.6  4-16     0.0  6-16     0.0  9-13     0.0 13-16     0.0
  1-14     0.0  3- 8   672.8  5- 6    15.5  7- 8   298.3  9-14     0.0 14-15     0.0
  1-15     0.0  3- 9   813.1  5- 7    32.5  7- 9   150.3  9-15     0.0 14-16     0.0
  1-16     0.0  3-10   504.7  5- 8   188.3  7-10   106.4  9-16     0.0 15-16     0.0
  2- 3   123.6  3-11  1181.1  5- 9    93.4  7-11   242.8 10-11   265.9  0- 0     0.0
  2- 4     4.4  3-12   703.0  5-10    73.0  7-12   188.7 10-12   136.4  0- 0     0.0
  2- 5    12.0  3-13     0.0  5-11   224.7  7-13     0.0 10-13     0.0  0- 0     0.0
  2- 6     6.8  3-14     0.0  5-12    65.6  7-14     0.0 10-14     0.0  0- 0     0.0
  2- 7    16.3  3-15     0.0  5-13     0.0  7-15     0.0 10-15     0.0  0- 0     0.0
  2- 8    93.5  3-16     0.0  5-14     0.0  7-16     0.0 10-16     0.0  0- 0     0.0
-------------------------------------------------------------------------------------------------
매출액 단식:     24,661,400    연식:     49,738,500      복식:    687,437,200
       복연:    112,040,900    쌍식:    225,125,500      삼복:    663,520,200
       삼쌍:    266,007,500    합계:  2,028,531,200
-------------------------------------------------------------------------------------------------
배당률 단: ⑪50.3       연: ⑪8.3 ②1.3 ⑤2.7          복: ⑪②79.9      4F:50.2
                                                                         3F:38.3
                        쌍: ⑪②391.6
     복연: ⑪②18.2 ⑪⑤40.6 ②⑤4.8
     삼복: ⑪②⑤206.9 
     삼쌍: ⑪②⑤3883.7 
-------------------------------------------------------------------------------------------------
펄 롱:13.6 10.7 11.9   12.3   12.6   13.4   
통과M:  200  400  600    800    1000   1200
통과T:13.6 24.3 36.2 0:48.5 1:01.1 1:14.5 
-------------------------------------------------------------------------------------------------
통과순위 S1F : (2,7,9),(5,8,11),(1,6,10),(3,4,12)      
         G8F :                                         
         G6F :                                         
         G4F : (2,7,9),5,8,1,(6,10,12,11),(3,4)        
         G3F : (^2,7,9),5,8,(1,6,10),(3,4,12,11)       
         G2F : (2,9),(7,5)-8,(1,6,4,10,11),12,3        
         G1F : (2,5),9,11-7,4-(6,8),(12,10),3,1        
-------------------------------------------------------------------------------------------------
구분 출전번호  대상명            처분종류     처분내용                     세부내용
-------------------------------------------------------------------------------------------------
말      6      골든선더볼트      출발심사                                  출발자세불량                                      
-------------------------------------------------------------------------------------------------


제목 : 22년06월17일(금)  제 4경주

(부산) 제45일 1600M 국5등급핸디캡      경주명 : 일반                        
경주조건:  R1~35          연령오픈                   날씨:맑음 주로:양호  (6%)
순위상금: 22,000천원   8,800천원   5,600천원   2,000천원   1,600천원
부가상금:      0천원       0천원       0천원
-------------------------------------------------------------------------------------------------
순위 마번    마    명         산지   성별 연령 부담중량  기수명   조교사   마주명           레이팅
-------------------------------------------------------------------------------------------------
  1    3  아이윌비프리         한(포) 수     3    55.0   페로비치 김병학   신우철              31
  2    6  새로운함안           한     수     3    55.5   서승운   최기홍   함안군              32
  3    7  용가리               한     수     3    55.0   송경윤   임동창   최종하              31
  4   10  원더풀파일           한     암     3    54.0   유현명   김영관   지대섭              33
  5    8  알파하트             한     암     5    51.0   김혜선   권승주   이성영              25
  6    4  에이스포텐           한     거     4    54.0   정우주   토마스   정재훈              29
  7    9  할리우드퀸           한     암     5    52.5   박재이   이정표   천사들의 안장       30
  8    5  트리플질주           한(포) 수     4    51.0   모준호   이정표   오영복              24
  9   11  배다리아이콘         한     암     4    51.0   서강주   조용배   송한우              26
 10    1  진마크               한     암     4    52.5   정도윤   윤영훈   강애순              30
 11    2  아델스마트           한     수     4    52.0   최시대   백광열   이종훈              24
-------------------------------------------------------------------------------------------------
순위 마번    마      명       마 체 중  기 록  도 착 차  (S1F-S8F-G6F-G4F-G3F-G2F-G1F)
-------------------------------------------------------------------------------------------------
  1    3  아이윌비프리         467( +3) 1:41.5            2-  - 2- 2- 2- 1- 1
  2    6  새로운함안           517(+18) 1:42.5  5         7-  - 8- 7- 6- 5- 3
  3    7  용가리               502( -3) 1:42.5  목        5-  - 5- 5- 4- 4- 2
  4   10  원더풀파일           513( +1) 1:43.7  7         4-  - 4- 3- 3- 3- 4
  5    8  알파하트             450( +2) 1:44.1  2½       6-  - 6- 6- 8- 8- 6
  6    4  에이스포텐           462( +0) 1:44.7  3         3-  - 3- 4- 5- 6- 7
  7    9  할리우드퀸           422( +2) 1:45.1  2½       8-  - 7- 8- 7- 7- 8
  8    5  트리플질주           478( +1) 1:45.1  코        1-  - 1- 1- 1- 2- 5
  9   11  배다리아이콘         491(+10) 1:45.7  3        11-  -11-11-10- 9- 9
 10    1  진마크               463( +8) 1:46.0  1¾      10-  - 9- 9-11-11-11
 11    2  아델스마트           490( +0) 1:46.0  코        9-  -10-10- 9-10-10
-------------------------------------------------------------------------------------------------
순위 마번 G-3F S-1F    400      400     400     400     G-2F    G-1F    단승식 연승식
-------------------------------------------------------------------------------------------------
  1    3  39.2  0:14.2          0:26.0  0:23.4  0:25.6  0:26.5  0:13.7     3.7    1.7
  2    6  39.3  0:14.8          0:26.7  0:23.6  0:25.7  0:26.5  0:13.6     3.3    1.4
  3    7  39.5  0:14.6          0:26.4  0:23.6  0:26.0  0:26.5  0:13.6     6.4    1.8
  4   10  41.2  0:14.4          0:26.0  0:23.5  0:26.0  0:28.2  0:14.6     5.8    2.0
  5    8  40.4  0:14.6          0:26.5  0:23.7  0:26.7  0:27.2  0:14.1    19.5    3.6
  6    4  41.5  0:14.3          0:26.0  0:24.0  0:26.5  0:28.2  0:14.6    31.2    5.0
  7    9  41.6  0:14.8          0:26.5  0:23.8  0:26.2  0:28.6  0:14.9     9.7    2.4
  8    5  43.0  0:14.1          0:25.8  0:23.4  0:26.0  0:29.9  0:15.8    66.4   21.4
  9   11  41.5  0:15.2          0:27.2  0:24.0  0:26.1  0:28.4  0:14.9    91.1   20.2
 10    1  41.6  0:15.1          0:27.2  0:23.8  0:26.8  0:28.2  0:14.7    39.7    9.0
 11    2  41.8  0:15.0          0:27.2  0:23.8  0:26.4  0:28.6  0:15.1     9.0    3.2
-------------------------------------------------------------------------------------------------
(복승식 배당률)
  1- 2   247.2  2- 9    59.1  4- 5   484.0  5-15     0.0  8- 9    57.0 11-12     0.0
  1- 3   122.1  2-10    29.7  4- 6    54.3  5-16     0.0  8-10    32.4 11-13     0.0
  1- 4   471.3  2-11   617.6  4- 7    90.1  6- 7     7.6  8-11   645.5 11-14     0.0
  1- 5   980.4  2-12     0.0  4- 8   147.1  6- 8    20.6  8-12     0.0 11-15     0.0
  1- 6   114.9  2-13     0.0  4- 9    86.0  6- 9    15.0  8-13     0.0 11-16     0.0
  1- 7   184.6  2-14     0.0  4-10    58.2  6-10     7.7  8-14     0.0 12-13     0.0
  1- 8   420.8  2-15     0.0  4-11  1133.2  6-11   322.0  8-15     0.0 12-14     0.0
  1- 9   242.5  2-16     0.0  4-12     0.0  6-12     0.0  8-16     0.0 12-15     0.0
  1-10   167.4  3- 4    57.3  4-13     0.0  6-13     0.0  9-10    17.4 12-16     0.0
  1-11  1071.0  3- 5   205.3  4-14     0.0  6-14     0.0  9-11   530.5 13-14     0.0
  1-12     0.0  3- 6     6.7  4-15     0.0  6-15     0.0  9-12     0.0 13-15     0.0
  1-13     0.0  3- 7    11.0  4-16     0.0  6-16     0.0  9-13     0.0 13-16     0.0
  1-14     0.0  3- 8    36.8  5- 6   204.7  7- 8    32.4  9-14     0.0 14-15     0.0
  1-15     0.0  3- 9    24.7  5- 7   260.7  7- 9    29.6  9-15     0.0 14-16     0.0
  1-16     0.0  3-10    12.1  5- 8   457.8  7-10    14.8  9-16     0.0 15-16     0.0
  2- 3    27.2  3-11   455.3  5- 9   450.6  7-11   480.5 10-11   259.7  0- 0     0.0
  2- 4   126.0  3-12     0.0  5-10   259.8  7-12     0.0 10-12     0.0  0- 0     0.0
  2- 5   420.5  3-13     0.0  5-11  1639.6  7-13     0.0 10-13     0.0  0- 0     0.0
  2- 6    18.7  3-14     0.0  5-12     0.0  7-14     0.0 10-14     0.0  0- 0     0.0
  2- 7    32.5  3-15     0.0  5-13     0.0  7-15     0.0 10-15     0.0  0- 0     0.0
  2- 8    66.4  3-16     0.0  5-14     0.0  7-16     0.0 10-16     0.0  0- 0     0.0
-------------------------------------------------------------------------------------------------
매출액 단식:     24,325,700    연식:     50,962,900      복식:    796,649,500
       복연:    104,379,500    쌍식:    228,043,300      삼복:    716,783,000
       삼쌍:    273,596,300    합계:  2,194,740,200
-------------------------------------------------------------------------------------------------
배당률 단: ③3.7        연: ③1.7 ⑥1.4 ⑦1.8          복: ③⑥6.7       4F:52.3
                                                                         3F:39.4
                        쌍: ③⑥13.1
     복연: ③⑥3.3 ③⑦4.5 ⑥⑦3.4
     삼복: ③⑥⑦10.5 
     삼쌍: ③⑥⑦45.8 
-------------------------------------------------------------------------------------------------
펄 롱:14.1 11.7 11.3   12.1   12.9   12.9   12.8   13.7   
통과M:  200  400  600    800    1000   1200   1400   1600       
통과T:14.1 25.8 37.1 0:49.2 1:02.1 1:15.0 1:27.8 1:41.5 
-------------------------------------------------------------------------------------------------
통과순위 S1F : (3,^5),(4,10),(7,8),(6,9),(1,2),11      
         G8F :                                         
         G6F : 5,(3,4,10)-(7,8,9),6-(1,2,11)           
         G4F : 5,(3,10)-(4,7),(6,8,9)-(1,2),11         
         G3F : 5,3,10-7,(4,6),9,8-(2,11),1             
         G2F : 3,5,10-(7,6)-(4,9)-8-(2,11)-1           
         G1F : 3=(7,6),10,5-(8,4),9-(2,11)-1           
-------------------------------------------------------------------------------------------------
구분 출전번호  대상명            처분종류     처분내용                     세부내용
-------------------------------------------------------------------------------------------------
말      4      에이스포텐        주의                                      전 구간 바깥으로 기댐                             
-------------------------------------------------------------------------------------------------


제목 : 22년06월17일(금)  제 5경주

(부산) 제45일 1400M 국4등급핸디캡      경주명 : 일반                        
경주조건:  R1~50          연령오픈                   날씨:맑음 주로:양호  (6%)
순위상금: 33,000천원  13,200천원   8,400천원   3,000천원   2,400천원
부가상금:      0천원       0천원       0천원
-------------------------------------------------------------------------------------------------
순위 마번    마    명         산지   성별 연령 부담중량  기수명   조교사   마주명           레이팅
-------------------------------------------------------------------------------------------------
  1    7  은성영웅             한     수     3    52.0   박재이   권승주   은성                37
  2    9  영천솔레미오         한     수     3    52.5   유현명   백광열   이종훈              39
  3    8  최강라이거           한     거     5    56.0   송경윤   구영준   고경현              46
  4    6  오르다               한     수     3    52.0   서승운   윤영훈   이동헌              37
  5   11  케이축제             한     거     4    51.0   김태현   양귀선   이성님              37
  6    2  킹브라더             한     수     5    54.5   최은경   김영민   이성인              43
  7   10  인디언파티           한     수     5    52.0   정도윤   김병학   배은정              36
  8    5  톱럭키               한(포) 암     5    52.0   채상현   임금만   류화영              37
  9    4  짱이                 한     거     4    54.0   김혜선   안우성   조영철              42
 10    3  베스트함성           한     암     4    52.0   이성재   구민성   김호종              42
 11    1  톱아델               한     수     4    52.5   권오찬   민장기   이장현              47
-------------------------------------------------------------------------------------------------
순위 마번    마      명       마 체 중  기 록  도 착 차  (S1F-S8F-G6F-G4F-G3F-G2F-G1F)
-------------------------------------------------------------------------------------------------
  1    7  은성영웅             473( -5) 1:27.4            5-  -  - 4- 2- 1- 1
  2    9  영천솔레미오         484( -4) 1:27.8  2         1-  -  - 1- 1- 2- 2
  3    8  최강라이거           477( -6) 1:28.7  5        11-  -  - 8- 8- 7- 6
  4    6  오르다               493(-11) 1:29.0  1¾       9-  -  - 6- 6- 6- 4
  5   11  케이축제             448( +8) 1:29.0  머리      7-  -  - 7- 5- 3- 3
  6    2  킹브라더             454( +5) 1:29.0  코        8-  -  -11- 9- 9- 7
  7   10  인디언파티           473( +1) 1:29.4  2½      10-  -  - 9-10-10- 8
  8    5  톱럭키               426( -4) 1:29.7  1½       4-  -  -10-11-11-11
  9    4  짱이                 538( +6) 1:29.8  ½        3-  -  - 3- 4- 4- 5
 10    3  베스트함성           483( +2) 1:30.9  7         6-  -  - 5- 7- 8-10
 11    1  톱아델               528( -3) 1:31.3  2         2-  -  - 2- 3- 5- 9
-------------------------------------------------------------------------------------------------
순위 마번 G-3F S-1F    400      400     400     400     G-2F    G-1F    단승식 연승식
-------------------------------------------------------------------------------------------------
  1    7  38.3  0:14.5                  0:22.3  0:24.4  0:26.2  0:13.8    25.2    3.5
  2    9  38.8  0:14.3                  0:22.2  0:24.8  0:26.5  0:14.0     3.3    1.5
  3    8  38.4  0:15.0                  0:22.7  0:25.0  0:26.0  0:13.3    44.1    6.1
  4    6  39.2  0:14.8                  0:22.6  0:25.1  0:26.5  0:13.8     6.0    1.9
  5   11  39.4  0:14.6                  0:22.8  0:24.5  0:27.1  0:14.3    40.9    5.1
  6    2  38.6  0:14.7                  0:23.3  0:25.1  0:25.9  0:13.3     7.9    1.8
  7   10  38.8  0:14.9                  0:23.0  0:25.5  0:26.0  0:13.4    68.3    8.8
  8    5  38.8  0:14.5                  0:23.4  0:26.0  0:25.8  0:13.0    48.7    8.0
  9    4  40.4  0:14.4                  0:22.4  0:25.3  0:27.7  0:14.5     2.5    1.4
 10    3  40.9  0:14.6                  0:22.6  0:25.9  0:27.8  0:14.4    24.9    6.0
 11    1  41.9  0:14.4                  0:22.4  0:25.5  0:29.0  0:15.2    11.8    4.1
-------------------------------------------------------------------------------------------------
(복승식 배당률)
  1- 2    33.6  2- 9     9.4  4- 5    78.2  5-15     0.0  8- 9    48.7 11-12     0.0
  1- 3   130.6  2-10   164.0  4- 6     7.2  5-16     0.0  8-10   488.8 11-13     0.0
  1- 4    21.0  2-11   126.5  4- 7    18.3  6- 7    25.2  8-11   484.8 11-14     0.0
  1- 5   383.6  2-12     0.0  4- 8    65.9  6- 8    82.9  8-12     0.0 11-15     0.0
  1- 6    39.7  2-13     0.0  4- 9     6.0  6- 9     7.9  8-13     0.0 11-16     0.0
  1- 7    79.2  2-14     0.0  4-10   115.7  6-10   142.3  8-14     0.0 12-13     0.0
  1- 8   249.2  2-15     0.0  4-11    55.1  6-11    94.7  8-15     0.0 12-14     0.0
  1- 9    25.5  2-16     0.0  4-12     0.0  6-12     0.0  8-16     0.0 12-15     0.0
  1-10   404.0  3- 4    35.8  4-13     0.0  6-13     0.0  9-10    75.3 12-16     0.0
  1-11   233.7  3- 5   432.3  4-14     0.0  6-14     0.0  9-11    58.4 13-14     0.0
  1-12     0.0  3- 6    71.8  4-15     0.0  6-15     0.0  9-12     0.0 13-15     0.0
  1-13     0.0  3- 7   201.9  4-16     0.0  6-16     0.0  9-13     0.0 13-16     0.0
  1-14     0.0  3- 8   410.3  5- 6   159.2  7- 8   221.4  9-14     0.0 14-15     0.0
  1-15     0.0  3- 9    46.3  5- 7   298.9  7- 9    18.4  9-15     0.0 14-16     0.0
  1-16     0.0  3-10   680.9  5- 8   805.3  7-10   375.0  9-16     0.0 15-16     0.0
  2- 3    80.4  3-11   373.6  5- 9   103.0  7-11   258.6 10-11   518.5  0- 0     0.0
  2- 4     8.5  3-12     0.0  5-10   832.7  7-12     0.0 10-12     0.0  0- 0     0.0
  2- 5   221.2  3-13     0.0  5-11   811.0  7-13     0.0 10-13     0.0  0- 0     0.0
  2- 6    14.6  3-14     0.0  5-12     0.0  7-14     0.0 10-14     0.0  0- 0     0.0
  2- 7    38.2  3-15     0.0  5-13     0.0  7-15     0.0 10-15     0.0  0- 0     0.0
  2- 8    89.3  3-16     0.0  5-14     0.0  7-16     0.0 10-16     0.0  0- 0     0.0
-------------------------------------------------------------------------------------------------
매출액 단식:     26,640,300    연식:     46,512,200      복식:    802,851,800
       복연:    118,312,000    쌍식:    252,173,500      삼복:    766,031,000
       삼쌍:    303,394,300    합계:  2,315,915,100
-------------------------------------------------------------------------------------------------
배당률 단: ⑦25.2       연: ⑦3.5 ⑨1.5 ⑧6.1          복: ⑦⑨18.4      4F:50.9
                                                                         3F:38.4
                        쌍: ⑦⑨52.4
     복연: ⑦⑨5.6 ⑦⑧54.2 ⑨⑧14.7
     삼복: ⑦⑨⑧196.5 
     삼쌍: ⑦⑨⑧1355.4 
-------------------------------------------------------------------------------------------------
펄 롱:14.3 10.7 11.5   12.5   12.2   12.4   13.8   
통과M:  200  400  600    800    1000   1200   1400
통과T:14.3 25.0 36.5 0:49.0 1:01.2 1:13.6 1:27.4 
-------------------------------------------------------------------------------------------------
통과순위 S1F : (1,4,^9),(3,5,7,11),(2,6),(8,10)        
         G8F :                                         
         G6F :                                         
         G4F : 9,(1,4,7)-3,(6,11),8,(2,10,5)           
         G3F : (^9,7),(1,4),11,6,3,(2,8),10,5          
         G2F : (9,^7)-11,4,1,6,8-(3,2),10-5            
         G1F : 7,9=11-(4,6),8,2,(1,10)-3,5             
-------------------------------------------------------------------------------------------------
구분 출전번호  대상명            처분종류     처분내용                     세부내용
-------------------------------------------------------------------------------------------------
특 
이 
사 
항
-------------------------------------------------------------------------------------------------


제목 : 22년06월17일(금)  제 6경주

(부산) 제45일 1800M 혼4등급별정B       경주명 : 일반                        
경주조건:  R1~50          연령오픈                   날씨:흐림 주로:양호  (6%)
순위상금: 33,000천원  13,200천원   8,400천원   3,000천원   2,400천원
부가상금:      0천원       0천원       0천원
-------------------------------------------------------------------------------------------------
순위 마번    마    명         산지   성별 연령 부담중량  기수명   조교사   마주명           레이팅
-------------------------------------------------------------------------------------------------
  1   10  불멸의길             한     거     5    54.0   권오찬   김길중   허필도              49
  2    5  오렌지개라지         한     수     3    56.0   서승운   울즐리   이경희              43
  3    3  킹골리앗             한     수     4    56.0   페로비치 김영관   강호남              42
  4    8  낭만전사             한     거     7    55.0   신윤섭   장세한   정광화              50
  5    9  미드나이트퀸         한(포) 암     4    51.0   서강주   토마스   이시돌협회          41
  6    6  그레이트댄스         한(포) 거     5    56.0   유현명   구민성   배수한              43
  7    7  화이트갤로퍼         한     암     4    52.0   이성재   권승주   고희종              38
  8    1  앨버트킹             한     수     6    51.0   박종호   하무선   태영종합건설        36
  9    4  허니드래건           미     거     4    54.0   최은경   토마스   류주영              36
 10    2  영봉산               한     거     6    56.0   요아니스 구민성   김봉겸              42
-------------------------------------------------------------------------------------------------
순위 마번    마      명       마 체 중  기 록  도 착 차  (S1F-S8F-G6F-G4F-G3F-G2F-G1F)
-------------------------------------------------------------------------------------------------
  1   10  불멸의길             478( +1) 1:57.6            4-  - 4- 3- 3- 1- 1
  2    5  오렌지개라지         477( +2) 1:58.6  6         8-  - 6- 4- 4- 2- 2
  3    3  킹골리앗             549( -2) 1:58.9  1¾       9-  - 9- 8- 6- 6- 5
  4    8  낭만전사             498( +5) 1:59.2  1¾       6-  - 7- 7- 8- 7- 6
  5    9  미드나이트퀸         478( +2) 1:59.2  코        1-  - 2- 1- 1- 3- 3
  6    6  그레이트댄스         505( -3) 1:59.9  4         3-  - 1- 2- 2- 4- 4
  7    7  화이트갤로퍼         429( +1) 2:00.6  4         5-  - 5- 5- 5- 5- 7
  8    1  앨버트킹             485(-10) 2:01.1  3        10-  -10-10-10- 9- 8
  9    4  허니드래건           506( -5) 2:01.9  5         2-  - 3- 6- 7- 8- 9
 10    2  영봉산               511( -6) 2:01.9  코        7-  - 8- 9- 9-10-10
-------------------------------------------------------------------------------------------------
순위 마번 G-3F S-1F    400      400     400     400     G-2F    G-1F    단승식 연승식
-------------------------------------------------------------------------------------------------
  1   10  39.6  0:14.3          0:24.5  0:25.8  0:26.7  0:26.3  0:13.5     4.8    2.0
  2    5  40.6  0:14.9          0:24.5  0:25.2  0:26.8  0:27.2  0:14.2     4.1    1.4
  3    3  40.3  0:15.0          0:25.1  0:25.1  0:27.2  0:26.5  0:13.5     5.1    1.6
  4    8  40.5  0:14.7          0:24.9  0:25.6  0:27.3  0:26.7  0:13.7    61.4   10.3
  5    9  41.4  0:14.2          0:24.3  0:25.9  0:27.1  0:27.7  0:14.4    15.3    3.4
  6    6  42.0  0:14.3          0:24.2  0:26.0  0:27.1  0:28.3  0:14.7     3.0    1.3
  7    7  42.2  0:14.4          0:24.7  0:25.7  0:27.2  0:28.6  0:15.0    13.5    2.8
  8    1  41.5  0:15.2          0:25.3  0:25.5  0:27.2  0:27.9  0:14.8    72.0   10.9
  9    4  43.2  0:14.3          0:24.3  0:26.4  0:27.7  0:29.2  0:15.2    19.9    6.1
 10    2  42.5  0:14.8          0:25.3  0:25.5  0:27.8  0:28.5  0:14.9    19.6    7.4
-------------------------------------------------------------------------------------------------
(복승식 배당률)
  1- 2   477.3  2- 9   191.5  4- 5    38.2  5-15     0.0  8- 9   368.7 11-12     0.0
  1- 3   256.1  2-10    71.9  4- 6    33.3  5-16     0.0  8-10   142.7 11-13     0.0
  1- 4   499.9  2-11     0.0  4- 7   161.3  6- 7    17.9  8-11     0.0 11-14     0.0
  1- 5   194.7  2-12     0.0  4- 8   416.8  6- 8   160.8  8-12     0.0 11-15     0.0
  1- 6   216.4  2-13     0.0  4- 9   141.4  6- 9    18.8  8-13     0.0 11-16     0.0
  1- 7   571.2  2-14     0.0  4-10    71.1  6-10     7.0  8-14     0.0 12-13     0.0
  1- 8  1125.8  2-15     0.0  4-11     0.0  6-11     0.0  8-15     0.0 12-14     0.0
  1- 9   574.7  2-16     0.0  4-12     0.0  6-12     0.0  8-16     0.0 12-15     0.0
  1-10   273.9  3- 4    62.2  4-13     0.0  6-13     0.0  9-10    22.8 12-16     0.0
  1-11     0.0  3- 5     9.0  4-14     0.0  6-14     0.0  9-11     0.0 13-14     0.0
  1-12     0.0  3- 6     8.2  4-15     0.0  6-15     0.0  9-12     0.0 13-15     0.0
  1-13     0.0  3- 7    46.3  4-16     0.0  6-16     0.0  9-13     0.0 13-16     0.0
  1-14     0.0  3- 8   161.5  5- 6     4.1  7- 8   457.9  9-14     0.0 14-15     0.0
  1-15     0.0  3- 9    35.8  5- 7    26.3  7- 9    67.7  9-15     0.0 14-16     0.0
  1-16     0.0  3-10    15.7  5- 8   178.0  7-10    36.1  9-16     0.0 15-16     0.0
  2- 3    68.4  3-11     0.0  5- 9    17.1  7-11     0.0 10-11     0.0  0- 0     0.0
  2- 4   232.8  3-12     0.0  5-10     9.9  7-12     0.0 10-12     0.0  0- 0     0.0
  2- 5    50.8  3-13     0.0  5-11     0.0  7-13     0.0 10-13     0.0  0- 0     0.0
  2- 6    51.2  3-14     0.0  5-12     0.0  7-14     0.0 10-14     0.0  0- 0     0.0
  2- 7   177.8  3-15     0.0  5-13     0.0  7-15     0.0 10-15     0.0  0- 0     0.0
  2- 8   655.7  3-16     0.0  5-14     0.0  7-16     0.0 10-16     0.0  0- 0     0.0
-------------------------------------------------------------------------------------------------
매출액 단식:     23,875,200    연식:     41,068,900      복식:    743,045,400
       복연:    100,758,500    쌍식:    241,095,500      삼복:    707,620,800
       삼쌍:    286,063,300    합계:  2,143,527,600
-------------------------------------------------------------------------------------------------
배당률 단: ⑩4.8        연: ⑩2.0 ⑤1.4 ③1.6          복: ⑩⑤9.9       4F:53.2
                                                                         3F:39.8
                        쌍: ⑩⑤21.4
     복연: ⑩⑤3.6 ⑩③6.3 ⑤③3.4
     삼복: ⑩⑤③16.8 
     삼쌍: ⑩⑤③103.7 
-------------------------------------------------------------------------------------------------
펄 롱:14.2 11.8 12.5   12.7   13.2   13.4   13.5   12.8   13.5   
통과M:  200  400  600    800    1000   1200   1400   1600   1800
통과T:14.2 26.0 38.5 0:51.2 1:04.4 1:17.8 1:31.3 1:44.1 1:57.6 
-------------------------------------------------------------------------------------------------
통과순위 S1F : (4,6,^9,10),7,(2,8),(3,5),1             
         G8F :                                         
         G6F : (4,6,9),10,7,5,8-(2,3)-1                
         G4F : (6,^9),(10,5),7,4,(8,3)-2-1             
         G3F : (6,^9),(10,5)-7,(4,8,3)-2,1             
         G2F : (^10,5),(6,9)-7-(8,3),4-1,2             
         G1F : 10,5-9-6,(8,3),7-1-4,2                  
-------------------------------------------------------------------------------------------------
구분 출전번호  대상명            처분종류     처분내용                     세부내용
-------------------------------------------------------------------------------------------------
기수    1      박종호            과태금       50,000원                     결승선 전방 약 400m 지점 채찍놓침                 
-------------------------------------------------------------------------------------------------


제목 : 22년06월17일(금)  제 7경주

(부산) 제45일 1600M 국3등급핸디캡      경주명 : 일반                        
경주조건:  R1~65          연령오픈                   날씨:흐림 주로:양호  (6%)
순위상금: 41,250천원  16,500천원  10,500천원   3,750천원   3,000천원
부가상금:      0천원       0천원       0천원
-------------------------------------------------------------------------------------------------
순위 마번    마    명         산지   성별 연령 부담중량  기수명   조교사   마주명           레이팅
-------------------------------------------------------------------------------------------------
  1    4  톱파이어             한(포) 거     5    54.5   유현명   토마스   류화영              58
  2    1  얼라이브캡틴         한     거     4    52.0   박재이   안우성   정영광              51
  3    9  파인의꿈             한     수     5    56.5   임성실   백광열   이장현              62
  4    7  체인지백             한     수     6    53.0   요아니스 임금만   김혜진              55
  5    6  금아카이로스         한     거     5    55.0   김태현   김영관   금아산업(주)        63
  6    8  런파이터             한     거     4    52.0   서승운   장세한   김갑수              50
  7    2  알파스타             한     거     5    53.5   모준호   라이스   이성영              58
  8    5  트루밸러             한     수     6    51.5   신윤섭   울즐리   이시돌협회          58
  9    3  선라이트보이         한     수     4    52.0   김혜선   권승주   제일우              53
-------------------------------------------------------------------------------------------------
순위 마번    마      명       마 체 중  기 록  도 착 차  (S1F-S8F-G6F-G4F-G3F-G2F-G1F)
-------------------------------------------------------------------------------------------------
  1    4  톱파이어             535( -3) 1:41.2            2-  - 2- 2- 2- 2- 1
  2    1  얼라이브캡틴         473( -1) 1:41.2  코        6-  - 7- 6- 6- 1- 2
  3    9  파인의꿈             500(-11) 1:42.3  6         9-  - 8- 9- 8- 7- 6
  4    7  체인지백             488( -3) 1:42.3  코        7-  - 6- 5- 4- 4- 3
  5    6  금아카이로스         497( +0) 1:42.3  코        5-  - 5- 7- 7- 8- 5
  6    8  런파이터             454( +5) 1:42.6  1¾       3-  - 4- 4- 3- 3- 4
  7    2  알파스타             494( +5) 1:44.3  10        1-  - 1- 1- 1- 5- 7
  8    5  트루밸러             475( +5) 1:44.7  2         8-  - 9- 8- 9- 9- 9
  9    3  선라이트보이         485( +1) 1:44.8  1         4-  - 3- 3- 5- 6- 8
-------------------------------------------------------------------------------------------------
순위 마번 G-3F S-1F    400      400     400     400     G-2F    G-1F    단승식 연승식
-------------------------------------------------------------------------------------------------
  1    4  38.4  0:14.0          0:25.9  0:23.9  0:25.4  0:26.0  0:13.6     6.2    2.0
  2    1  38.3  0:14.6          0:26.3  0:23.8  0:25.0  0:26.1  0:13.6     2.7    1.3
  3    9  39.0  0:15.1          0:26.7  0:23.8  0:25.4  0:26.4  0:13.6    11.7    2.2
  4    7  39.5  0:14.7          0:26.2  0:23.8  0:25.3  0:27.0  0:14.0    19.0    3.9
  5    6  39.1  0:14.3          0:26.2  0:24.0  0:25.7  0:26.4  0:13.7     6.0    1.9
  6    8  39.8  0:14.1          0:26.0  0:24.0  0:25.3  0:27.3  0:14.2    13.1    3.2
  7    2  41.8  0:13.9          0:25.7  0:23.9  0:25.8  0:28.9  0:15.2    18.4    4.0
  8    5  41.3  0:15.0          0:26.8  0:23.7  0:26.2  0:28.0  0:14.4    71.4    8.1
  9    3  41.9  0:14.2          0:26.0  0:24.0  0:25.9  0:28.9  0:15.2     3.7    1.8
-------------------------------------------------------------------------------------------------
(복승식 배당률)
  1- 2    27.1  2- 9    71.0  4- 5   162.4  5-15     0.0  8- 9    37.3 11-12     0.0
  1- 3     7.3  2-10     0.0  4- 6    15.0  5-16     0.0  8-10     0.0 11-13     0.0
  1- 4     8.4  2-11     0.0  4- 7    59.8  6- 7    48.1  8-11     0.0 11-14     0.0
  1- 5    95.9  2-12     0.0  4- 8    24.3  6- 8    29.9  8-12     0.0 11-15     0.0
  1- 6     8.9  2-13     0.0  4- 9    20.8  6- 9    16.7  8-13     0.0 11-16     0.0
  1- 7    35.6  2-14     0.0  4-10     0.0  6-10     0.0  8-14     0.0 12-13     0.0
  1- 8    17.0  2-15     0.0  4-11     0.0  6-11     0.0  8-15     0.0 12-14     0.0
  1- 9    12.6  2-16     0.0  4-12     0.0  6-12     0.0  8-16     0.0 12-15     0.0
  1-10     0.0  3- 4    11.1  4-13     0.0  6-13     0.0  9-10     0.0 12-16     0.0
  1-11     0.0  3- 5   133.3  4-14     0.0  6-14     0.0  9-11     0.0 13-14     0.0
  1-12     0.0  3- 6    11.1  4-15     0.0  6-15     0.0  9-12     0.0 13-15     0.0
  1-13     0.0  3- 7    55.7  4-16     0.0  6-16     0.0  9-13     0.0 13-16     0.0
  1-14     0.0  3- 8    20.6  5- 6   159.6  7- 8   100.2  9-14     0.0 14-15     0.0
  1-15     0.0  3- 9    15.2  5- 7   315.7  7- 9    67.2  9-15     0.0 14-16     0.0
  1-16     0.0  3-10     0.0  5- 8   255.4  7-10     0.0  9-16     0.0 15-16     0.0
  2- 3    38.4  3-11     0.0  5- 9   180.6  7-11     0.0 10-11     0.0  0- 0     0.0
  2- 4    44.1  3-12     0.0  5-10     0.0  7-12     0.0 10-12     0.0  0- 0     0.0
  2- 5   291.3  3-13     0.0  5-11     0.0  7-13     0.0 10-13     0.0  0- 0     0.0
  2- 6    49.8  3-14     0.0  5-12     0.0  7-14     0.0 10-14     0.0  0- 0     0.0
  2- 7   181.5  3-15     0.0  5-13     0.0  7-15     0.0 10-15     0.0  0- 0     0.0
  2- 8    76.8  3-16     0.0  5-14     0.0  7-16     0.0 10-16     0.0  0- 0     0.0
-------------------------------------------------------------------------------------------------
매출액 단식:     25,014,700    연식:     44,324,500      복식:    777,184,400
       복연:     90,616,500    쌍식:    247,155,800      삼복:    680,136,100
       삼쌍:    274,688,800    합계:  2,139,120,800
-------------------------------------------------------------------------------------------------
배당률 단: ④6.2        연: ④2.0 ①1.3 ⑨2.2          복: ④①8.4       4F:51.6
                                                                         3F:38.7
                        쌍: ④①14.4
     복연: ④①3.2 ④⑨7.7 ①⑨5.0
     삼복: ④①⑨17.2 
     삼쌍: ④①⑨88.8 
-------------------------------------------------------------------------------------------------
펄 롱:13.9 11.8 11.6   12.3   12.9   12.6   12.5   13.6   
통과M:  200  400  600    800    1000   1200   1400   1600       
통과T:13.9 25.7 37.3 0:49.6 1:02.5 1:15.1 1:27.6 1:41.2 
-------------------------------------------------------------------------------------------------
통과순위 S1F : (^2,4),(3,8),6,(1,7),(5,9)              
         G8F :                                         
         G6F : 2,(3,4,8),(6,1,7)-(5,9)                 
         G4F : 2,4,(3,1,8,7),6,(5,9)                   
         G3F : 2,(3,4,8,7,1),(9,6),5                   
         G2F : (4,^1),(2,8,7)-(3,9,6)=5                
         G1F : (4,1)-(8,7),(9,6)-2-3-5                 
-------------------------------------------------------------------------------------------------
구분 출전번호  대상명            처분종류     처분내용                     세부내용
-------------------------------------------------------------------------------------------------
기수    6      김태현            기승정지     2일(2022.06.24~2022.06.26)   결승선 직선주로 채찍 과다사용(1개월 이내 3회째)   
-------------------------------------------------------------------------------------------------


제목 : 22년06월17일(금)  제 8경주

(부산) 제45일 2000M 2등급  별정B       경주명 : 일반                        
경주조건:  R1~80          연령오픈                   날씨:흐림 주로:양호  (6%)
순위상금: 49,500천원  19,800천원  12,600천원   4,500천원   3,600천원
부가상금:      0천원       0천원       0천원
-------------------------------------------------------------------------------------------------
순위 마번    마    명         산지   성별 연령 부담중량  기수명   조교사   마주명           레이팅
-------------------------------------------------------------------------------------------------
  1    6  블루파워             한     수     5    54.0   채상현   김길중   허필도              67
  2   12  쿨가이               한     수     4    54.0   페로비치 김병학   송승규              68
  3    5  비케이존             한(포) 거     6    53.0   서강주   강형곤   함승원              77
  4    9  하늘울림             한     수     4    56.0   송경윤   양귀선   허도행              74
  5    8  소머치고             미     거     5    54.0   박재이   강은석   고재완              66
  6   10  말리부별             미     수     6    54.0   요아니스 김영민   최동호              65
  7   11  닥터테이크           한     수     4    55.0   정도윤   백광열   권혁희              70
  8    1  두무산               한     수     4    54.0   이성재   백광열   이장현              48
  9    2  장산도끼             미     거     6    57.0   다실바   임금만   김형란              75
 10    7  미스터스캣           한(포) 거     7    54.0   신윤섭   울즐리   이시돌협회          75
 11    4  운주으뜸             한(포) 거     4    54.0   김혜선   민장기   부수선              64
 12    3  스카이모어           한     거     4    54.0   서승운   토마스   허정완              67
-------------------------------------------------------------------------------------------------
순위 마번    마      명       마 체 중  기 록  도 착 차  (S1F-S8F-G6F-G4F-G3F-G2F-G1F)
-------------------------------------------------------------------------------------------------
  1    6  블루파워             475( -7) 2:08.8            5- 3- 2- 1- 1- 2- 2
  2   12  쿨가이               532( +6) 2:08.8  목        3- 5- 4- 3- 2- 1- 1
  3    5  비케이존             465( +9) 2:10.1  8         4- 4- 6- 7- 6- 4- 3
  4    9  하늘울림             516( +4) 2:10.3  ¾        7- 8- 8- 8- 7- 6- 4
  5    8  소머치고             438( -4) 2:10.8  3        10- 7- 5- 6- 5- 5- 5
  6   10  말리부별             526( -1) 2:11.5  4         8- 9- 9- 4- 3- 3- 6
  7   11  닥터테이크           519( -4) 2:11.8  1¾      11-11-11-10- 9- 8- 7
  8    1  두무산               483( -6) 2:12.4  4        12-12-12-12-12-12-11
  9    2  장산도끼             502( +1) 2:12.6  1¼       9- 6- 7- 9-10-10- 9
 10    7  미스터스캣           488( -3) 2:12.8  1         6-10-10-11-11-11-10
 11    4  운주으뜸             490(-10) 2:13.8  6         2- 1- 1- 2- 4- 7- 8
 12    3  스카이모어           450( -6) 2:15.5  10        1- 2- 3- 5- 8- 9-12
-------------------------------------------------------------------------------------------------
순위 마번 G-3F S-1F    400      400     400     400     G-2F    G-1F    단승식 연승식
-------------------------------------------------------------------------------------------------
  1    6  39.4  0:14.2  0:25.6  0:26.1  0:24.8  0:25.4  0:26.9  0:14.0    13.6    2.8
  2   12  39.4  0:14.0  0:25.7  0:26.3  0:24.6  0:25.2  0:27.0  0:14.1     3.7    1.5
  3    5  39.8  0:14.2  0:25.7  0:26.5  0:25.1  0:25.8  0:27.0  0:14.1     3.7    1.9
  4    9  39.9  0:14.4  0:26.1  0:26.3  0:25.1  0:25.7  0:27.1  0:14.2    10.0    2.7
  5    8  40.6  0:14.5  0:26.0  0:26.1  0:24.8  0:26.3  0:27.6  0:14.5    31.2    4.4
  6   10  41.7  0:14.4  0:26.1  0:26.3  0:24.4  0:26.1  0:28.6  0:15.0    18.1    4.5
  7   11  41.0  0:14.6  0:26.5  0:26.3  0:25.1  0:26.2  0:27.7  0:14.5     7.9    2.5
  8    1  40.4  0:15.0  0:27.4  0:26.3  0:24.9  0:26.7  0:27.1  0:13.8    21.4    8.1
  9    2  41.7  0:14.5  0:26.0  0:26.4  0:25.4  0:26.9  0:27.9  0:14.4    14.8    4.2
 10    7  41.4  0:14.4  0:26.3  0:26.4  0:25.3  0:26.8  0:28.0  0:14.5    53.3    7.2
 11    4  43.8  0:14.0  0:25.3  0:26.4  0:24.9  0:27.0  0:30.2  0:15.7    16.5    6.8
 12    3  45.0  0:14.0  0:25.4  0:26.4  0:25.1  0:27.8  0:30.8  0:15.9     7.7    3.0
-------------------------------------------------------------------------------------------------
(복승식 배당률)
  1- 2   106.7  2- 9    56.6  4- 5    40.2  5-15     0.0  8- 9   122.5 11-12    12.9
  1- 3   101.5  2-10   128.5  4- 6   124.8  5-16     0.0  8-10   251.9 11-13     0.0
  1- 4   135.0  2-11    63.0  4- 7   545.6  6- 7   355.2  8-11   121.5 11-14     0.0
  1- 5    47.5  2-12    20.9  4- 8   241.0  6- 8   118.4  8-12    38.9 11-15     0.0
  1- 6   137.7  2-13     0.0  4- 9    75.1  6- 9    42.7  8-13     0.0 11-16     0.0
  1- 7   714.6  2-14     0.0  4-10   208.3  6-10   159.8  8-14     0.0 12-13     0.0
  1- 8   307.8  2-15     0.0  4-11    79.3  6-11    42.8  8-15     0.0 12-14     0.0
  1- 9   121.4  2-16     0.0  4-12    36.2  6-12    15.9  8-16     0.0 12-15     0.0
  1-10   241.2  3- 4    78.3  4-13     0.0  6-13     0.0  9-10    91.8 12-16     0.0
  1-11    76.9  3- 5    21.6  4-14     0.0  6-14     0.0  9-11    36.2 13-14     0.0
  1-12    44.2  3- 6    59.8  4-15     0.0  6-15     0.0  9-12    12.9 13-15     0.0
  1-13     0.0  3- 7   455.2  4-16     0.0  6-16     0.0  9-13     0.0 13-16     0.0
  1-14     0.0  3- 8   150.8  5- 6    15.3  7- 8   700.6  9-14     0.0 14-15     0.0
  1-15     0.0  3- 9    50.0  5- 7   186.5  7- 9   340.7  9-15     0.0 14-16     0.0
  1-16     0.0  3-10   159.7  5- 8    48.0  7-10   650.3  9-16     0.0 15-16     0.0
  2- 3    68.1  3-11    52.5  5- 9    17.4  7-11   379.4 10-11    88.1  0- 0     0.0
  2- 4   100.0  3-12    22.0  5-10    37.5  7-12   157.4 10-12    34.7  0- 0     0.0
  2- 5    29.5  3-13     0.0  5-11    16.6  7-13     0.0 10-13     0.0  0- 0     0.0
  2- 6    55.8  3-14     0.0  5-12     6.3  7-14     0.0 10-14     0.0  0- 0     0.0
  2- 7   375.2  3-15     0.0  5-13     0.0  7-15     0.0 10-15     0.0  0- 0     0.0
  2- 8   179.1  3-16     0.0  5-14     0.0  7-16     0.0 10-16     0.0  0- 0     0.0
-------------------------------------------------------------------------------------------------
매출액 단식:     24,917,800    연식:     44,196,300      복식:    816,869,400
       복연:    101,957,800    쌍식:    208,392,100      삼복:    725,017,600
       삼쌍:    239,014,200    합계:  2,160,365,200
-------------------------------------------------------------------------------------------------
배당률 단: ⑥13.6       연: ⑥2.8 ⑫1.5 ⑤1.9          복: ⑥⑫15.9      4F:52.3
                                                                         3F:39.4
                        쌍: ⑥⑫45.0
     복연: ⑥⑫4.6 ⑥⑤4.8 ⑫⑤3.0
     삼복: ⑥⑫⑤17.7 
     삼쌍: ⑥⑫⑤161.2 
-------------------------------------------------------------------------------------------------
펄 롱:14.0 11.3 12.6   13.8   12.2   12.6   12.9   12.4   12.9   14.1   
통과M:  200  400  600    800    1000   1200   1400   1600   1800   2000
통과T:14.0 25.3 37.9 0:51.7 1:03.9 1:16.5 1:29.4 1:41.8 1:54.7 2:08.8 
-------------------------------------------------------------------------------------------------
통과순위 S1F : (3,4,12),(5,6),(2,7,8,9,10),11-1        
         G8F : (3,^4),(5,6,12),(2,8,9,10),7,11=1       
         G6F : (3,4,6),(8,12),5,(2,9,10),(7,11)=1      
         G4F : (4,^6,12),(3,8,10)-5,9,(2,11),7-1       
         G3F : (6,12)-10,4,(8,5),(3,9),(2,11)-7-1      
         G2F : (6,^12)=10,(8,9,5)-4-11-(3,2,7)-1       
         G1F : (6,^12)=(9,5),8,10=11=(4,2),7,1=3       
-------------------------------------------------------------------------------------------------
구분 출전번호  대상명            처분종류     처분내용                     세부내용
-------------------------------------------------------------------------------------------------
기수    5      서강주            과태금       100,000원                    결승선 직선주로 채찍 과다사용                     
기수    7      신윤섭            과태금       100,000원                    출발 후 100m부터 결승선 전방 400m 구간 채찍 과다사용
-------------------------------------------------------------------------------------------------
