

제목 : 22년01월23일(일)  제 1경주

(부산) 제 6일 1000M 국6등급별정A       경주명 : 일반                        
경주조건:  R0~0           3세                        날씨:흐림 주로:건조  (2%)
순위상금: 22,000천원   8,800천원   5,600천원   2,000천원   1,600천원
부가상금:      0천원       0천원       0천원
-------------------------------------------------------------------------------------------------
순위 마번    마    명         산지   성별 연령 부담중량  기수명   조교사   마주명           레이팅
-------------------------------------------------------------------------------------------------
  1    1  가디언엔젤           한     암     3    54.0   김혜선   임금만   임교철                
  2    2  닥터콩돌이           한     수     3    56.0   진겸     백광열   권혁희                
  3    3  플로잉리버           한     수     3    56.0   박재이   강은석   하늬바람              
  4   10  브라보함양           한     수     3    56.0   송경윤   김영관   유영준                
  5    6  위대한선택           한     수     3    54.0   모준호   권승주   빅크루즈              
  6    8  마하비너스           한     암     3    51.0   신윤섭   권승주   문상후                
  7    5  이터널에이스         한     수     3    56.0   이성재   구민성   김용구                
  8   11  디어킹               한     수     3    56.0   유현명   안우성   임성록                
  9    7  엑톤파워             한     수     3    53.0   김태현   조용배   고구려                
 10   12  비케이뉴문           한     암     3    54.0   전진구   강형곤   함승원                
 11    4  한라백두             한     수     3    56.0   최시대   양귀선   양호규                
 12    9  윈스팅               한     거     3    56.0   김철호   임금만   김혜진                
-------------------------------------------------------------------------------------------------
순위 마번    마      명       마 체 중  기 록  도 착 차  (S1F-S8F-G6F-G4F-G3F-G2F-G1F)
-------------------------------------------------------------------------------------------------
  1    1  가디언엔젤           493(+20) 1:01.5            1-  -  -  - 1- 1- 1
  2    2  닥터콩돌이           492( -1) 1:02.8  7         4-  -  -  - 6- 6- 5
  3    3  플로잉리버           469(+12) 1:02.8  코        6-  -  -  - 2- 2- 3
  4   10  브라보함양           511( -1) 1:02.9  ½        5-  -  -  - 5- 4- 2
  5    6  위대한선택           473( -4) 1:03.2  1½      12-  -  -  -10- 9- 7
  6    8  마하비너스           492( +1) 1:03.4  1½       3-  -  -  - 4- 3- 4
  7    5  이터널에이스         461( -1) 1:03.5  ¾        7-  -  -  - 7- 7- 8
  8   11  디어킹               445( +9) 1:04.1  3         9-  -  -  - 9-10-10
  9    7  엑톤파워             427(-13) 1:04.2  ¾        8-  -  -  - 8- 8- 9
 10   12  비케이뉴문           518(+17) 1:04.2  머리     11-  -  -  -12-12-12
 11    4  한라백두             468( -6) 1:04.9  4         2-  -  -  - 3- 5- 6
 12    9  윈스팅               477( -8) 1:05.4  3        10-  -  -  -11-11-11
-------------------------------------------------------------------------------------------------
순위 마번 G-3F S-1F    400      400     400     400     G-2F    G-1F    단승식 연승식
-------------------------------------------------------------------------------------------------
  1    1  36.4  0:13.7                          0:22.5  0:25.3  0:13.5     1.5    1.2
  2    2  37.2  0:13.9                          0:23.4  0:25.5  0:13.4    64.8    5.5
  3    3  37.5  0:14.0                          0:22.8  0:26.0  0:13.7    38.6    5.9
  4   10  37.5  0:13.9                          0:23.0  0:26.0  0:13.9     7.2    2.3
  5    6  36.8  0:14.5                          0:23.7  0:25.0  0:13.3   100.9    8.2
  6    8  38.1  0:13.8                          0:23.1  0:26.5  0:14.1    22.4    3.0
  7    5  37.5  0:14.0                          0:24.0  0:25.5  0:13.4     7.2    1.8
  8   11  38.0  0:14.1                          0:24.1  0:25.9  0:13.7    18.7    3.2
  9    7  38.1  0:14.1                          0:24.0  0:26.1  0:13.8   227.7   33.5
 10   12  36.9  0:14.3                          0:25.7  0:24.2  0:12.5     8.6    2.1
 11    4  39.6  0:13.8                          0:23.2  0:27.9  0:15.1    38.7    6.2
 12    9  38.9  0:14.3                          0:24.3  0:26.8  0:14.1    96.8    9.4
-------------------------------------------------------------------------------------------------
(복승식 배당률)
  1- 2    18.3  2- 9   728.4  4- 5    86.8  5-15     0.0  8- 9   395.3 11-12    58.2
  1- 3    16.0  2-10   175.5  4- 6   587.9  5-16     0.0  8-10    69.9 11-13     0.0
  1- 4    14.2  2-11   189.0  4- 7  1655.5  6- 7  1743.6  8-11   119.5 11-14     0.0
  1- 5     5.9  2-12   191.9  4- 8   210.3  6- 8   448.9  8-12    66.5 11-15     0.0
  1- 6    32.8  2-13     0.0  4- 9   606.9  6- 9   600.5  8-13     0.0 11-16     0.0
  1- 7   127.4  2-14     0.0  4-10   104.8  6-10   226.7  8-14     0.0 12-13     0.0
  1- 8    10.6  2-15     0.0  4-11   156.1  6-11   424.7  8-15     0.0 12-14     0.0
  1- 9    33.8  2-16     0.0  4-12   131.2  6-12   271.5  8-16     0.0 12-15     0.0
  1-10     5.6  3- 4   202.5  4-13     0.0  6-13     0.0  9-10   236.3 12-16     0.0
  1-11     9.0  3- 5    76.9  4-14     0.0  6-14     0.0  9-11   366.5 13-14     0.0
  1-12     5.5  3- 6   609.7  4-15     0.0  6-15     0.0  9-12   154.0 13-15     0.0
  1-13     0.0  3- 7  1881.4  4-16     0.0  6-16     0.0  9-13     0.0 13-16     0.0
  1-14     0.0  3- 8   229.4  5- 6   206.4  7- 8  1218.4  9-14     0.0 14-15     0.0
  1-15     0.0  3- 9   615.4  5- 7   643.2  7- 9  1339.2  9-15     0.0 14-16     0.0
  1-16     0.0  3-10   133.0  5- 8    56.5  7-10  1125.6  9-16     0.0 15-16     0.0
  2- 3   248.5  3-11   191.5  5- 9   219.9  7-11  1495.5 10-11    53.0  0- 0     0.0
  2- 4   322.4  3-12   152.4  5-10    30.2  7-12  1222.1 10-12    31.2  0- 0     0.0
  2- 5   126.1  3-13     0.0  5-11    50.7  7-13     0.0 10-13     0.0  0- 0     0.0
  2- 6   679.9  3-14     0.0  5-12    35.0  7-14     0.0 10-14     0.0  0- 0     0.0
  2- 7  1945.5  3-15     0.0  5-13     0.0  7-15     0.0 10-15     0.0  0- 0     0.0
  2- 8   341.2  3-16     0.0  5-14     0.0  7-16     0.0 10-16     0.0  0- 0     0.0
-------------------------------------------------------------------------------------------------
매출액 단식:     24,644,300    연식:     40,098,500      복식:    727,041,200
       복연:    125,680,800    쌍식:    298,671,300      삼복:    741,055,300
       삼쌍:    427,976,500    합계:  2,385,167,900
-------------------------------------------------------------------------------------------------
배당률 단: ①1.5        연: ①1.2 ②5.5 ③5.9          복: ①②18.3      4F:47.8
                                                                         3F:36.4
                        쌍: ①②23.3
     복연: ①②6.4 ①③7.4 ②③53.0
     삼복: ①②③65.6 
     삼쌍: ①②③175.5 
-------------------------------------------------------------------------------------------------
펄 롱:13.7 11.4 11.1   11.8   13.5   
통과M:  200  400  600    800    1000
통과T:13.7 25.1 36.2 0:48.0 1:01.5 
-------------------------------------------------------------------------------------------------
통과순위 S1F : (^1,4,8),(3,2,5,10),(7,11),(9,12),6     
         G8F :                                         
         G6F :                                         
         G4F :                                         
         G3F : 1,(3,4,8,10),2-(5,7,11),(6,9)=12        
         G2F : 1-(3,8,10),4,2-(5,7),(6,11)-9=12        
         G1F : 1=(3,10),(2,8)-(6,4),5,(7,11)=9-12      
-------------------------------------------------------------------------------------------------
구분 출전번호  대상명            처분종류     처분내용                     세부내용
-------------------------------------------------------------------------------------------------
기수    6      모준호            과태금       50,000원                     결승선 전방 약 300m 지점 채찍놓침                 
말     12      비케이뉴문        주의                                      출발 후 약 200m 지점부터 4코너 지점까지 바깥으로 기댐
-------------------------------------------------------------------------------------------------


제목 : 22년01월23일(일)  제 2경주

(부산) 제 6일 1400M 국6등급별정A       경주명 : 일반                        
경주조건:  R0~0           연령오픈                   날씨:흐림 주로:건조  (2%)
순위상금: 13,750천원   5,500천원   3,500천원   1,250천원   1,000천원
부가상금:      0천원       0천원       0천원
-------------------------------------------------------------------------------------------------
순위 마번    마    명         산지   성별 연령 부담중량  기수명   조교사   마주명           레이팅
-------------------------------------------------------------------------------------------------
  1   10  와일드아델           한     암     4    51.5   신윤섭   백광열   이장현                
  2    1  함안봉화산           한     암     4    52.5   모준호   김재섭   함안군                
  3    4  남도일등             한     암     4    54.5   정동철   조용배   차청일                
  4    7  백설퀸               한     암     4    54.5   최은경   김재섭   박평양                
  5    8  그린치타             한     암     3    54.0   전진구   강형곤   김재영b               
  6   12  그린파파고           한     암     3    54.0   서승운   라이스   김재영b               
  7    3  라온더밀리언         한     암     4    54.5   조인권   권승주   손천수                
  8   11  투투셀럽             한     암     4    54.5   요아니스 김길중   강용익                
  9    6  더프린세스           한     암     4    50.5   윤형석   이정표   오영복                
 10    2  실버레이디           한     암     5    54.5   김철호   이상영   정경목                
 11   13  닥터캔디             한     암     4    54.5   진겸     백광열   권혁희                
 12    5  달이뜨니             한     암     4    54.5   다실바   강은석   류주영                
 13   14  성실시화             한     암     3    54.0   김어수   임동창   이동훈                
 14    9  에이원스             한     암     5    51.5   김태현   이정표   성중희                
-------------------------------------------------------------------------------------------------
순위 마번    마      명       마 체 중  기 록  도 착 차  (S1F-S8F-G6F-G4F-G3F-G2F-G1F)
-------------------------------------------------------------------------------------------------
  1   10  와일드아델           529(+10) 1:29.2            1-  -  - 1- 1- 1- 1
  2    1  함안봉화산           504( -2) 1:29.2  목        2-  -  - 2- 2- 2- 2
  3    4  남도일등             472( -5) 1:29.2  코        6-  -  - 5- 7- 5- 6
  4    7  백설퀸               445( +1) 1:29.5  1¼      11-  -  -12-12-11- 8
  5    8  그린치타             463( +9) 1:29.5  코        3-  -  - 3- 3- 3- 5
  6   12  그린파파고           464( +3) 1:29.5  머리      7-  -  - 8- 8- 6- 4
  7    3  라온더밀리언         455( -5) 1:29.6  ¾        4-  -  - 4- 6- 4- 3
  8   11  투투셀럽             483( +1) 1:30.0  2        13-  -  -10- 9- 8- 7
  9    6  더프린세스           482(-12) 1:30.1  ¾       12-  -  -14-14-14-14
 10    2  실버레이디           492( -5) 1:30.4  1¾       8-  -  -11-11-12-12
 11   13  닥터캔디             434( +1) 1:30.5  ½        9-  -  - 9-10-10- 9
 12    5  달이뜨니             497( +5) 1:30.5  코        5-  -  - 6- 5- 9-10
 13   14  성실시화             474( -5) 1:31.0  3        10-  -  - 7- 4- 7-11
 14    9  에이원스             493( -1) 1:31.8  4        14-  -  -13-13-13-13
-------------------------------------------------------------------------------------------------
순위 마번 G-3F S-1F    400      400     400     400     G-2F    G-1F    단승식 연승식
-------------------------------------------------------------------------------------------------
  1   10  39.5  0:14.0                  0:22.5  0:25.6  0:27.1  0:14.2     5.2    2.0
  2    1  39.3  0:14.1                  0:22.6  0:25.6  0:26.9  0:14.1    21.6    6.4
  3    4  39.1  0:14.5                  0:22.5  0:25.7  0:26.5  0:13.6     4.4    1.8
  4    7  38.6  0:14.7                  0:23.2  0:25.5  0:26.1  0:13.4    17.4    5.7
  5    8  39.6  0:14.1                  0:22.6  0:25.8  0:27.0  0:14.0    21.1    5.9
  6   12  39.2  0:14.5                  0:22.7  0:25.6  0:26.7  0:14.0     8.0    2.8
  7    3  39.5  0:14.3                  0:22.6  0:25.7  0:27.0  0:14.1     7.5    2.4
  8   11  39.7  0:14.8                  0:22.7  0:25.4  0:27.1  0:14.1    12.4    3.1
  9    6  38.7  0:14.8                  0:23.6  0:25.7  0:26.0  0:13.3    75.1   15.4
 10    2  39.6  0:14.6                  0:23.0  0:25.9  0:26.9  0:13.9     7.3    2.4
 11   13  40.1  0:14.6                  0:22.7  0:25.8  0:27.4  0:14.3     9.6    3.4
 12    5  40.5  0:14.4                  0:22.7  0:25.9  0:27.5  0:14.3    20.2    5.9
 13   14  41.1  0:14.6                  0:22.5  0:25.7  0:28.2  0:14.7    43.1   10.9
 14    9  40.6  0:15.0                  0:23.4  0:25.2  0:28.2  0:15.1    79.0   12.0
-------------------------------------------------------------------------------------------------
(복승식 배당률)
  1- 2    67.4  2- 9   224.8  4- 5    43.7  5-15     0.0  8- 9   328.2 11-12    56.3
  1- 3    73.3  2-10    21.3  4- 6   230.3  5-16     0.0  8-10    49.2 11-13    43.0
  1- 4    43.2  2-11    41.9  4- 7    51.1  6- 7   573.9  8-11   110.7 11-14   182.5
  1- 5   152.0  2-12    44.1  4- 8    50.3  6- 8   699.1  8-12    84.3 11-15     0.0
  1- 6   699.3  2-13    35.4  4- 9   123.8  6- 9   962.3  8-13    76.6 11-16     0.0
  1- 7   119.7  2-14   229.9  4-10    12.1  6-10   238.0  8-14   363.1 12-13    36.7
  1- 8   178.2  2-15     0.0  4-11    28.9  6-11   635.0  8-15     0.0 12-14   243.5
  1- 9   419.5  2-16     0.0  4-12    25.1  6-12   477.0  8-16     0.0 12-15     0.0
  1-10    53.7  3- 4    15.8  4-13    23.3  6-13   548.4  9-10   102.6 12-16     0.0
  1-11   113.3  3- 5    66.6  4-14   124.8  6-14  1241.2  9-11   320.4 13-14   219.8
  1-12    94.3  3- 6   446.9  4-15     0.0  6-15     0.0  9-12   271.3 13-15     0.0
  1-13   121.7  3- 7    75.0  4-16     0.0  6-16     0.0  9-13   221.1 13-16     0.0
  1-14   290.9  3- 8    67.6  5- 6   467.8  7- 8   162.1  9-14  1038.1 14-15     0.0
  1-15     0.0  3- 9   201.8  5- 7   163.5  7- 9   412.7  9-15     0.0 14-16     0.0
  1-16     0.0  3-10    19.8  5- 8   155.3  7-10    58.7  9-16     0.0 15-16     0.0
  2- 3    22.9  3-11    39.7  5- 9   457.2  7-11   146.2 10-11    27.0  0- 0     0.0
  2- 4    15.3  3-12    37.9  5-10    49.0  7-12    92.5 10-12    25.0  0- 0     0.0
  2- 5    64.0  3-13    34.1  5-11   119.6  7-13    94.4 10-13    25.7  0- 0     0.0
  2- 6   388.5  3-14   195.4  5-12    87.9  7-14   422.3 10-14   161.8  0- 0     0.0
  2- 7    90.2  3-15     0.0  5-13    99.6  7-15     0.0 10-15     0.0  0- 0     0.0
  2- 8    61.5  3-16     0.0  5-14   580.9  7-16     0.0 10-16     0.0  0- 0     0.0
-------------------------------------------------------------------------------------------------
매출액 단식:     30,371,900    연식:     60,412,600      복식:  1,110,091,200
       복연:    152,318,800    쌍식:    287,113,700      삼복:    933,180,000
       삼쌍:    385,453,900    합계:  2,958,942,100
-------------------------------------------------------------------------------------------------
배당률 단: ⑩5.2        연: ⑩2.0 ①6.4 ④1.8          복: ⑩①53.7      4F:52.7
                                                                         3F:39.5
                        쌍: ⑩①77.1
     복연: ⑩①22.7 ⑩④4.2 ①④18.2
     삼복: ⑩①④75.0 
     삼쌍: ⑩①④458.9 
-------------------------------------------------------------------------------------------------
펄 롱:14.0 10.5 12.0   13.2   12.4   12.9   14.2   
통과M:  200  400  600    800    1000   1200   1400
통과T:14.0 24.5 36.5 0:49.7 1:02.1 1:15.0 1:29.2 
-------------------------------------------------------------------------------------------------
통과순위 S1F : (1,8,^10),(3,5),(2,4,12,13,14),(6,7,11),9
         G8F :                                         
         G6F :                                         
         G4F : 10,(1,8),(3,4),(12,5,14),13,(2,11),7-(9,6)
         G3F : 10,(1,8,5,14),(3,4),(13,12,11)-(2,7),9,6
         G2F : 10,1,(3,8),(12,4,14),(11,5),13,(2,7),9-6
         G1F : (1,^10)-(3,12,4,8),11,(13,7,5),14,2,(9,6)
-------------------------------------------------------------------------------------------------
구분 출전번호  대상명            처분종류     처분내용                     세부내용
-------------------------------------------------------------------------------------------------
기수    1      모준호            과태금       100,000원                    결승선 직선주로 채찍 과다사용                     
기수   10      신윤섭            과태금       100,000원                    결승선 직선주로 채찍 과다사용                     
기수   11      요아니스          견책                                      4코너를 돌아나오며 안으로 진로변경, 12번, 13번 주행방해
기수    3      조인권            과태금       100,000원                    결승선 직선주로 채찍 과다사용                     
말      2      실버레이디        출발심사                                  출발자세불량                                      
말      3      라온더밀리언      출발심사                                  진입 및 출발자세불량                              
-------------------------------------------------------------------------------------------------


제목 : 22년01월23일(일)  제 3경주

(부산) 제 6일 1300M 국5등급핸디캡      경주명 : 일반                        
경주조건:  R1~35          연령오픈                   날씨:흐림 주로:건조  (2%)
순위상금: 22,000천원   8,800천원   5,600천원   2,000천원   1,600천원
부가상금:      0천원       0천원       0천원
-------------------------------------------------------------------------------------------------
순위 마번    마    명         산지   성별 연령 부담중량  기수명   조교사   마주명           레이팅
-------------------------------------------------------------------------------------------------
  1   10  캡틴양키             한     수     3    55.0   조인권   구민성   김진영a             32
  2    6  크라운킹스타         한     수     4    56.0   유현명   안우성   이성영              33
  3    2  오르다               한     수     3    54.5   김철호   윤영훈   이동헌              31
  4    3  아나스타시아         한     암     3    51.5   최은경   김길중   허필도              29
  5    7  스파이스인디         한     암     4    53.0   요아니스 강형곤   정영식              31
  6   14  라이트스토리         한     수     3    55.5   서승운   울즐리   신우철              33
  7   12  뜨거운만남           한     암     4    53.5   다실바   장세한   정광화              32
  8    4  라온더플래시         한     암     3    52.0   최시대   권승주   손천수              27
  9    5  월드슬램             한(포) 거     6    52.0   박재이   하무선   김진영a             24
 10   13  자이언트칼           한     수     4    53.0   김어수   방동석   코리아호스랜드      27
 11    1  아델축배             한     수     3    54.0   진겸     백광열   이종훈              30
 12   11  운주히어로           한     수     3    54.0   김혜선   강은석   부수선              30
 13    9  클린히트             한     수     4    51.5   김태현   민장기   김종업              30
 14    8  에코문               한     암     5    51.0   정동철   임금만   류주영              25
-------------------------------------------------------------------------------------------------
순위 마번    마      명       마 체 중  기 록  도 착 차  (S1F-S8F-G6F-G4F-G3F-G2F-G1F)
-------------------------------------------------------------------------------------------------
  1   10  캡틴양키             495( -3) 1:20.9            3-  -  - 4- 3- 2- 1
  2    6  크라운킹스타         481( +4) 1:21.1  1¼       2-  -  - 2- 2- 1- 2
  3    2  오르다               513( +5) 1:22.0  5         5-  -  - 6- 6- 6- 4
  4    3  아나스타시아         442( +3) 1:22.3  1¾       1-  -  - 1- 1- 3- 3
  5    7  스파이스인디         452(+10) 1:22.4  1        11-  -  -11-11- 8- 7
  6   14  라이트스토리         514( +9) 1:22.5  목       12-  -  -12-13-13-10
  7   12  뜨거운만남           511( -5) 1:22.6  ¾        9-  -  - 8- 8- 7- 5
  8    4  라온더플래시         473( -3) 1:22.8  1¼       6-  -  - 5- 5- 4- 6
  9    5  월드슬램             461( -4) 1:22.9  ½       14-  -  -14-14-14-12
 10   13  자이언트칼           562(+18) 1:22.9  목       13-  -  -13-12-12-11
 11    1  아델축배             527( +7) 1:22.9  머리      4-  -  - 3- 4- 5- 8
 12   11  운주히어로           506( -2) 1:23.0  ¾        8-  -  -10-10- 9- 9
 13    9  클린히트             529( +2) 1:24.3  7        10-  -  - 9- 9-11-13
 14    8  에코문               474( +7) 1:24.7  2½       7-  -  - 7- 7-10-14
-------------------------------------------------------------------------------------------------
순위 마번 G-3F S-1F    400      400     400     400     G-2F    G-1F    단승식 연승식
-------------------------------------------------------------------------------------------------
  1   10  38.4  0:13.8          0:08.4  0:21.8  0:24.4  0:26.3  0:13.8     6.3    2.5
  2    6  38.8  0:13.7          0:08.4  0:21.7  0:24.4  0:26.6  0:13.9     5.4    2.3
  3    2  38.9  0:14.0          0:08.7  0:22.0  0:24.6  0:26.7  0:14.1     6.3    2.5
  4    3  40.0  0:13.6          0:08.4  0:21.5  0:25.0  0:27.4  0:14.6    26.9    7.2
  5    7  38.7  0:14.5          0:09.0  0:22.4  0:24.4  0:26.6  0:14.1    10.8    3.2
  6   14  38.4  0:14.6          0:08.9  0:22.7  0:24.7  0:26.2  0:13.7     4.9    2.2
  7   12  39.3  0:14.1          0:08.7  0:22.2  0:24.6  0:27.1  0:14.5    13.7    3.3
  8    4  40.2  0:14.0          0:08.6  0:21.7  0:24.7  0:27.8  0:14.6    47.9   17.0
  9    5  38.3  0:15.0          0:09.2  0:22.8  0:24.6  0:26.3  0:13.8    18.7    3.8
 10   13  38.9  0:14.9          0:09.0  0:22.9  0:24.3  0:26.7  0:13.9    62.1    9.0
 11    1  40.3  0:13.9          0:08.6  0:21.6  0:24.9  0:27.8  0:14.5     7.3    2.2
 12   11  39.4  0:14.1          0:08.7  0:22.5  0:24.6  0:27.2  0:14.2    13.8    4.2
 13    9  40.7  0:14.2          0:08.7  0:22.5  0:25.0  0:28.1  0:15.0    36.7    9.0
 14    8  41.6  0:14.0          0:08.6  0:22.1  0:25.1  0:28.9  0:15.2    81.1   12.1
-------------------------------------------------------------------------------------------------
(복승식 배당률)
  1- 2    18.0  2- 9    76.7  4- 5   146.1  5-15     0.0  8- 9   669.3 11-12    62.9
  1- 3   100.6  2-10    17.9  4- 6   184.7  5-16     0.0  8-10   304.9 11-13   250.5
  1- 4    95.1  2-11    30.1  4- 7   290.7  6- 7    45.1  8-11   351.7 11-14    26.4
  1- 5    50.6  2-12    32.3  4- 8  1042.3  6- 8   249.4  8-12   387.8 11-15     0.0
  1- 6    29.5  2-13   151.1  4- 9   550.0  6- 9   162.8  8-13  1052.4 11-16     0.0
  1- 7    59.1  2-14    14.6  4-10   141.4  6-10    34.2  8-14   177.7 12-13   316.9
  1- 8   257.3  2-15     0.0  4-11   184.8  6-11    36.7  8-15     0.0 12-14    30.2
  1- 9   136.9  2-16     0.0  4-12   280.6  6-12    54.7  8-16     0.0 12-15     0.0
  1-10    33.8  3- 4   399.9  4-13   931.4  6-13   184.0  9-10   159.3 12-16     0.0
  1-11    29.8  3- 5   217.0  4-14   140.7  6-14    19.9  9-11   143.9 13-14   129.8
  1-12    62.7  3- 6   186.0  4-15     0.0  6-15     0.0  9-12   249.5 13-15     0.0
  1-13   189.0  3- 7   301.1  4-16     0.0  6-16     0.0  9-13   622.8 13-16     0.0
  1-14    20.2  3- 8   736.7  5- 6    42.3  7- 8   257.4  9-14   107.9 14-15     0.0
  1-15     0.0  3- 9   502.7  5- 7    52.0  7- 9   199.1  9-15     0.0 14-16     0.0
  1-16     0.0  3-10   194.1  5- 8   356.7  7-10    40.2  9-16     0.0 15-16     0.0
  2- 3    82.6  3-11   112.5  5- 9   232.6  7-11    81.6 10-11    39.7  0- 0     0.0
  2- 4   122.3  3-12   325.2  5-10    51.0  7-12    50.1 10-12    44.4  0- 0     0.0
  2- 5    31.5  3-13   652.5  5-11    62.8  7-13   385.6 10-13   275.4  0- 0     0.0
  2- 6    20.6  3-14   141.1  5-12    63.6  7-14    39.8 10-14    21.3  0- 0     0.0
  2- 7    25.9  3-15     0.0  5-13   258.2  7-15     0.0 10-15     0.0  0- 0     0.0
  2- 8   176.4  3-16     0.0  5-14    31.9  7-16     0.0 10-16     0.0  0- 0     0.0
-------------------------------------------------------------------------------------------------
매출액 단식:     33,314,900    연식:     74,530,400      복식:  1,186,791,300
       복연:    154,497,200    쌍식:    276,657,900      삼복:    936,124,900
       삼쌍:    373,275,200    합계:  3,035,191,800
-------------------------------------------------------------------------------------------------
배당률 단: ⑩6.3        연: ⑩2.5 ⑥2.3 ②2.5          복: ⑩⑥34.2      4F:51.0
                                                                         3F:38.6
                        쌍: ⑩⑥72.7
     복연: ⑩⑥10.5 ⑩②7.6 ⑥②7.6
     삼복: ⑩⑥②48.3 
     삼쌍: ⑩⑥②349.5 
-------------------------------------------------------------------------------------------------
펄 롱:8.4 10.4 11.1   12.4   12.2   12.6   13.8   
통과M:  100  300  500    700    9000   1100   1300
통과T:08.4 18.8 29.9 0:42.3 0:54.5 1:07.1 1:20.9 
-------------------------------------------------------------------------------------------------
통과순위 S1F : (^3,6),(1,10),(2,4,8,11,12),9,(7,14),(5,13)
         G8F :                                         
         G6F : (3,6,10),(1,2,4,8,9,11,12),(7,13,14),5  
         G4F : 3,(6,1,10),4-(2,8),12,(9,11),7,14,(5,13)
         G3F : (3,6),(1,4,10)-(2,8),12,(9,7,11),(14,13)-5
         G2F : (^6,10),(3,4),1,2,12,(7,11,8)-(9,14,13),5
         G1F : (6,^10)-3,2,(12,4),(1,7)-(11,14),(5,13),9,8
-------------------------------------------------------------------------------------------------
구분 출전번호  대상명            처분종류     처분내용                     세부내용
-------------------------------------------------------------------------------------------------
기수   11      김혜선            과태금       100,000원                    결승선 직선주로 채찍 과다사용                     
기수    3      최은경            과태금       100,000원                    결승선 직선주로 채찍 과다사용                     
말      2      오르다            출발심사                                  진입불량                                          
-------------------------------------------------------------------------------------------------


제목 : 22년01월23일(일)  제 4경주

(부산) 제 6일 1200M 국5등급핸디캡      경주명 : 일반                        
경주조건:  R1~35          연령오픈                   날씨:흐림 주로:건조  (2%)
순위상금: 22,000천원   8,800천원   5,600천원   2,000천원   1,600천원
부가상금:      0천원       0천원       0천원
-------------------------------------------------------------------------------------------------
순위 마번    마    명         산지   성별 연령 부담중량  기수명   조교사   마주명           레이팅
-------------------------------------------------------------------------------------------------
  1    1  마이데스티니         한     암     4    54.5   유현명   방동석   이성인              31
  2    2  판타스틱러브         한     암     3    52.5   조인권   구영준   무지개렌트카        28
  3    6  디러블리퀸           한     암     4    54.0   김혜선   임금만   김중길              30
  4    8  퀸브론스키           한(포) 암     5    55.0   박재이   최기홍   이경희              32
  5    7  일념천하             한     암     3    53.5   최시대   권승주   김현우              30
  6    5  해피매직             한     암     7    51.0   정동철   이상영   고승태              21
  7   12  로드투브이           한     암     3    53.5   이성재   양귀선   최종복              30
  8    4  글로벌여신           한     암     3    53.5   전진구   임동창   이동좌              30
  9    9  투투라임             한     암     4    51.0   김태현   임동창   강용익              30
 10   11  파티인디             한     암     4    56.0   김어수   구민성   김용구              34
 11   10  라피도퀸             한     암     5    54.0   송경윤   이상영   우만식              30
 12   13  뷰티힐               한     암     5    55.0   서승운   라이스   최상일              32
 13    3  에이스로드           한     암     5    51.0   박종호   이정표   채찬식              28
 14   14  선셋멜로디           한     암     4    53.0   모준호   울즐리   이시돌협회          32
-------------------------------------------------------------------------------------------------
순위 마번    마      명       마 체 중  기 록  도 착 차  (S1F-S8F-G6F-G4F-G3F-G2F-G1F)
-------------------------------------------------------------------------------------------------
  1    1  마이데스티니         469( +2) 1:14.5            1-  -  - 1- 1- 1- 1
  2    2  판타스틱러브         476( +8) 1:15.5  5         2-  -  - 2- 2- 2- 2
  3    6  디러블리퀸           445( +5) 1:15.9  2½       6-  -  - 7- 9-10- 7
  4    8  퀸브론스키           479( -2) 1:16.0  ½       14-  -  -13-12-11- 9
  5    7  일념천하             494(+11) 1:16.1  ¾        7-  -  - 8- 7- 7- 3
  6    5  해피매직             483( +0) 1:16.2  ½       12-  -  -11-10- 9-10
  7   12  로드투브이           500( -8) 1:16.6  2        13-  -  -14-14-13-12
  8    4  글로벌여신           459( -6) 1:16.7  ½        9-  -  - 5- 4- 4- 4
  9    9  투투라임             397( -7) 1:16.7  목        4-  -  - 4- 5- 5- 5
 10   11  파티인디             418( -7) 1:17.1  2         3-  -  - 3- 3- 3- 6
 11   10  라피도퀸             503(+10) 1:17.2  ½        5-  -  - 6- 6- 6- 8
 12   13  뷰티힐               482(+12) 1:17.6  2½       8-  -  - 9- 8- 8-11
 13    3  에이스로드           411( -4) 1:17.8  1        11-  -  -10-11-12-13
 14   14  선셋멜로디           481( +1) 1:18.2  2½      10-  -  -12-13-14-14
-------------------------------------------------------------------------------------------------
순위 마번 G-3F S-1F    400      400     400     400     G-2F    G-1F    단승식 연승식
-------------------------------------------------------------------------------------------------
  1    1  38.0  0:13.7                  0:24.6  0:23.8  0:26.1  0:13.8     3.3    1.4
  2    2  38.9  0:13.7                  0:24.7  0:23.9  0:26.9  0:14.2     7.9    2.4
  3    6  38.1  0:14.0                  0:25.1  0:25.1  0:25.7  0:13.3     9.9    2.9
  4    8  37.5  0:14.9                  0:26.3  0:24.2  0:25.5  0:13.3    15.7    4.4
  5    7  38.8  0:14.0                  0:25.1  0:24.5  0:26.5  0:14.0     5.7    2.6
  6    5  38.3  0:14.5                  0:25.8  0:24.3  0:26.1  0:13.4    44.9    6.7
  7   12  37.5  0:14.5                  0:26.4  0:24.8  0:25.4  0:13.0    25.2    6.7
  8    4  39.6  0:14.1                  0:25.0  0:24.4  0:27.3  0:14.5     5.0    2.3
  9    9  39.6  0:13.8                  0:24.9  0:24.5  0:27.3  0:14.4    86.2   21.9
 10   11  40.3  0:13.7                  0:24.8  0:24.4  0:27.9  0:14.8    14.8    3.7
 11   10  40.1  0:13.8                  0:25.0  0:24.5  0:27.7  0:14.6    63.6   12.3
 12   13  39.8  0:14.0                  0:25.4  0:24.7  0:27.5  0:14.6    23.1    5.4
 13    3  39.7  0:14.4                  0:25.8  0:24.9  0:27.1  0:14.2    97.2   16.6
 14   14  39.3  0:14.3                  0:26.0  0:25.5  0:26.7  0:13.9    14.2    3.5
-------------------------------------------------------------------------------------------------
(복승식 배당률)
  1- 2    12.4  2- 9   392.1  4- 5    80.2  5-15     0.0  8- 9   537.3 11-12   158.4
  1- 3   147.5  2-10   250.2  4- 6    27.3  5-16     0.0  8-10   455.2 11-13   145.1
  1- 4    10.7  2-11    60.8  4- 7    18.4  6- 7    26.2  8-11    84.1 11-14    64.0
  1- 5    37.5  2-12   107.1  4- 8    58.8  6- 8    56.6  8-12   236.2 11-15     0.0
  1- 6    13.0  2-13   104.3  4- 9   294.2  6- 9   429.8  8-13   169.8 11-16     0.0
  1- 7    10.9  2-14    50.1  4-10   223.4  6-10   281.8  8-14    85.0 12-13   354.0
  1- 8    22.0  2-15     0.0  4-11    42.6  6-11    45.7  8-15     0.0 12-14   151.4
  1- 9   177.5  2-16     0.0  4-12    81.4  6-12   141.2  8-16     0.0 12-15     0.0
  1-10   109.2  3- 4   262.7  4-13   119.5  6-13   120.3  9-10   860.8 12-16     0.0
  1-11    17.7  3- 5   864.0  4-14    40.9  6-14    48.2  9-11   528.9 13-14   127.7
  1-12    55.0  3- 6   446.8  4-15     0.0  6-15     0.0  9-12  1023.1 13-15     0.0
  1-13    40.2  3- 7   499.7  4-16     0.0  6-16     0.0  9-13  1005.5 13-16     0.0
  1-14    17.2  3- 8   652.1  5- 6   115.6  7- 8    52.5  9-14   547.6 14-15     0.0
  1-15     0.0  3- 9  1444.3  5- 7    96.8  7- 9   342.1  9-15     0.0 14-16     0.0
  1-16     0.0  3-10  1622.6  5- 8   158.0  7-10   229.9  9-16     0.0 15-16     0.0
  2- 3   279.8  3-11   537.7  5- 9   833.5  7-11    38.9 10-11   330.8  0- 0     0.0
  2- 4    24.3  3-12  1273.9  5-10   654.2  7-12    79.1 10-12   546.8  0- 0     0.0
  2- 5   136.5  3-13   813.6  5-11   181.1  7-13   107.9 10-13   481.2  0- 0     0.0
  2- 6    33.5  3-14   795.2  5-12   498.4  7-14    46.4 10-14   411.8  0- 0     0.0
  2- 7    23.2  3-15     0.0  5-13   316.5  7-15     0.0 10-15     0.0  0- 0     0.0
  2- 8    68.2  3-16     0.0  5-14   165.2  7-16     0.0 10-16     0.0  0- 0     0.0
-------------------------------------------------------------------------------------------------
매출액 단식:     37,409,900    연식:     62,941,900      복식:  1,200,933,200
       복연:    175,299,500    쌍식:    325,116,500      삼복:    965,361,400
       삼쌍:    412,864,300    합계:  3,179,926,700
-------------------------------------------------------------------------------------------------
배당률 단: ①3.3        연: ①1.4 ②2.4 ⑥2.9          복: ①②12.4      4F:49.9
                                                                         3F:38.0
                        쌍: ①②16.1
     복연: ①②4.3 ①⑥5.0 ②⑥11.2
     삼복: ①②⑥25.4 
     삼쌍: ①②⑥73.5 
-------------------------------------------------------------------------------------------------
펄 롱:13.7 10.9 11.9   11.9   12.3   13.8   
통과M:  200  400  600    800    1000   1200
통과T:13.7 24.6 36.5 0:48.4 1:00.7 1:14.5 
-------------------------------------------------------------------------------------------------
통과순위 S1F : (1,2,9,10,11),(4,6,7,13),(3,14),(5,12)-8
         G8F :                                         
         G6F :                                         
         G4F : (^1,2),(9,11),(4,6,7,10),13-(3,5),14,(8,12)
         G3F : (^1,2),11,(4,9,10),7-(13,6,5),3-8-14,12 
         G2F : 1,2-11,(4,9,10),7-(13,6,5),8,3-12,14    
         G1F : 1-2=(4,7),(9,11),(8,6,10),5,13-(12,3)-14
-------------------------------------------------------------------------------------------------
구분 출전번호  대상명            처분종류     처분내용                     세부내용
-------------------------------------------------------------------------------------------------
말      3      에이스로드        주의                                      3-4코너 구간 바깥으로 기댐                        
-------------------------------------------------------------------------------------------------


제목 : 22년01월23일(일)  제 5경주

(부산) 제 6일 1600M 혼4등급핸디캡      경주명 : 일반                        
경주조건:  R1~50          연령오픈                   날씨:흐림 주로:건조  (2%)
순위상금: 33,000천원  13,200천원   8,400천원   3,000천원   2,400천원
부가상금:      0천원       0천원       0천원
-------------------------------------------------------------------------------------------------
순위 마번    마    명         산지   성별 연령 부담중량  기수명   조교사   마주명           레이팅
-------------------------------------------------------------------------------------------------
  1    7  부카티니             미     거     4    57.0   조인권   김영관   태립                48
  2    8  화이트갤로퍼         한     암     4    51.0   김혜선   권승주   고희종              38
  3    5  클린샷               미     수     4    58.0   요아니스 강은석   박희준              50
  4   14  킹골리앗             한     수     4    54.0   박재이   김영관   강호남              42
  5    1  월드금메달           미     수     4    52.0   진겸     손병직   김진영a             36
  6    3  맨오브더월드         한     거     5    51.0   모준호   김영민   신윤경              36
  7   11  퓨어킹               한     거     4    54.0   유현명   울즐리   신우철              42
  8    6  타핏원더풀           한     수     5    51.0   김태현   민장기   김욱수              36
  9    9  스나이더             미     수     4    56.0   최시대   김재섭   이경희              46
 10   13  여왕의미소           한     암     5    53.5   김어수   토마스   정영식              45
 11   10  아람나래             한     암     7    52.0   이성재   안우성   나종용              39
 12   12  라스트가디언         미     거     5    52.0   김철호   이상영   태립                36
 13    2  화랑의챔피언         한     거     6    57.0   송경윤   안우성   권주순              48
       4  투투리즈             미     암     5    52.0   최은경   임동창   강용익              42
-------------------------------------------------------------------------------------------------
순위 마번    마      명       마 체 중  기 록  도 착 차  (S1F-S8F-G6F-G4F-G3F-G2F-G1F)
-------------------------------------------------------------------------------------------------
  1    7  부카티니             524( -4) 1:40.1            4-  - 3- 3- 3- 2- 1
  2    8  화이트갤로퍼         431( +2) 1:40.7  4         8-  -11-10-10- 9- 4
  3    5  클린샷               453( -2) 1:40.7  코        7-  - 7- 7- 8- 4- 3
  4   14  킹골리앗             551( +6) 1:41.0  1½      10-  - 5- 6- 5- 6- 8
  5    1  월드금메달           477( +6) 1:41.0  머리     11-  - 9- 9- 9- 8- 6
  6    3  맨오브더월드         488( +5) 1:41.1  1         1-  - 1- 1- 1- 1- 2
  7   11  퓨어킹               533( +2) 1:41.3  1         3-  - 4- 4- 4- 5- 7
  8    6  타핏원더풀           504(-10) 1:41.3  코        5-  - 8- 8- 6- 7- 9
  9    9  스나이더             526( -5) 1:41.5  1         2-  - 2- 2- 2- 3- 5
 10   13  여왕의미소           477( +7) 1:41.9  2½      13-  -13-13-11-10-10
 11   10  아람나래             501( +0) 1:42.2  1½      12-  -12-12-13-12-11
 12   12  라스트가디언         571(+13) 1:42.3  ¾        9-  -10-11-12-13-12
 13    2  화랑의챔피언         527( -2) 1:44.9  15        6-  - 6- 5- 7-11-13
       4  투투리즈             490( -2)      0  출전제외   -  -  -  -  -  -  
-------------------------------------------------------------------------------------------------
순위 마번 G-3F S-1F    400      400     400     400     G-2F    G-1F    단승식 연승식
-------------------------------------------------------------------------------------------------
  1    7  38.4  0:14.3          0:25.4  0:23.4  0:25.3  0:26.0  0:13.6     6.6    2.0
  2    8  38.1  0:14.4          0:26.2  0:23.5  0:25.2  0:25.8  0:13.5    13.6    3.5
  3    5  38.4  0:14.4          0:25.9  0:23.6  0:25.0  0:26.2  0:13.7     6.2    2.2
  4   14  38.9  0:14.4          0:25.7  0:23.6  0:25.4  0:26.3  0:13.6     3.5    1.6
  5    1  38.5  0:14.5          0:26.1  0:23.6  0:25.2  0:26.1  0:13.7    38.1    7.7
  6    3  40.1  0:13.8          0:25.0  0:23.3  0:25.0  0:27.8  0:14.5    13.1    3.5
  7   11  39.4  0:14.1          0:25.6  0:23.5  0:25.4  0:26.8  0:13.9     6.4    2.2
  8    6  39.1  0:14.3          0:25.9  0:23.7  0:25.2  0:26.5  0:13.7    43.9    7.1
  9    9  39.9  0:14.1          0:25.3  0:23.4  0:25.4  0:27.4  0:14.3     4.5    1.9
 10   13  39.2  0:15.6          0:26.9  0:23.1  0:25.2  0:26.7  0:13.8    63.8    9.0
 11   10  39.4  0:15.1          0:26.5  0:23.4  0:25.4  0:26.9  0:14.0    65.1   22.1
 12   12  39.6  0:14.4          0:26.1  0:23.6  0:25.7  0:26.9  0:13.8    36.9    6.8
 13    2  42.6  0:14.4          0:25.8  0:23.5  0:26.0  0:29.6  0:15.4    51.1   17.1
       4                                                                             
-------------------------------------------------------------------------------------------------
(복승식 배당률)
  1- 2   359.7  2- 9   167.6  4- 5     0.0  5-15     0.0  8- 9    35.4 11-12   137.7
  1- 3   163.7  2-10   803.6  4- 6     0.0  5-16     0.0  8-10   310.3 11-13   139.9
  1- 4     0.0  2-11   163.1  4- 7     0.0  6- 7    95.3  8-11    37.6 11-14     9.8
  1- 5   112.6  2-12   959.7  4- 8     0.0  6- 8   172.7  8-12   263.2 11-15     0.0
  1- 6   425.8  2-13   814.6  4- 9     0.0  6- 9    86.2  8-13   254.9 11-16     0.0
  1- 7   142.8  2-14    80.8  4-10     0.0  6-10   895.8  8-14    18.1 12-13   424.2
  1- 8   230.3  2-15     0.0  4-11     0.0  6-11   110.0  8-15     0.0 12-14    68.7
  1- 9    91.3  2-16     0.0  4-12     0.0  6-12   523.6  8-16     0.0 12-15     0.0
  1-10   850.7  3- 4     0.0  4-13     0.0  6-13   572.0  9-10   188.6 12-16     0.0
  1-11   138.8  3- 5    47.9  4-14     0.0  6-14    55.8  9-11    13.6 13-14    66.8
  1-12   312.5  3- 6   192.3  4-15     0.0  6-15     0.0  9-12   121.8 13-15     0.0
  1-13   560.4  3- 7    58.0  4-16     0.0  6-16     0.0  9-13   134.8 13-16     0.0
  1-14    61.3  3- 8    54.3  5- 6    83.6  7- 8    50.0  9-14     8.5 14-15     0.0
  1-15     0.0  3- 9    40.6  5- 7    20.9  7- 9    14.7  9-15     0.0 14-16     0.0
  1-16     0.0  3-10   364.2  5- 8    54.4  7-10   324.3  9-16     0.0 15-16     0.0
  2- 3   211.9  3-11    38.5  5- 9    13.3  7-11    20.1 10-11   242.2  0- 0     0.0
  2- 4     0.0  3-12   279.4  5-10   250.1  7-12   174.0 10-12   959.7  0- 0     0.0
  2- 5   152.9  3-13   254.4  5-11    20.1  7-13   201.1 10-13   788.8  0- 0     0.0
  2- 6   305.3  3-14    22.7  5-12   147.8  7-14    14.3 10-14   142.1  0- 0     0.0
  2- 7   206.1  3-15     0.0  5-13   195.2  7-15     0.0 10-15     0.0  0- 0     0.0
  2- 8   346.3  3-16     0.0  5-14    11.7  7-16     0.0 10-16     0.0  0- 0     0.0
-------------------------------------------------------------------------------------------------
매출액 단식:     32,468,900    연식:     56,469,900      복식:  1,072,065,800
       복연:    142,017,700    쌍식:    288,138,100      삼복:    864,291,400
       삼쌍:    369,829,900    합계:  2,825,281,700
-------------------------------------------------------------------------------------------------
배당률 단: ⑦6.6        연: ⑦2.0 ⑧3.5 ⑤2.2          복: ⑦⑧50.0      4F:51.8
                                                                         3F:39.1
                        쌍: ⑦⑧99.0
     복연: ⑦⑧15.2 ⑦⑤6.0 ⑧⑤16.1
     삼복: ⑦⑧⑤88.2 
     삼쌍: ⑦⑧⑤732.6 
-------------------------------------------------------------------------------------------------
펄 롱:13.8 11.2 11.3   12.0   12.7   12.3   13.2   13.6   
통과M:  200  400  600    800    1000   1200   1400   1600       
통과T:13.8 25.0 36.3 0:48.3 1:01.0 1:13.3 1:26.5 1:40.1 
-------------------------------------------------------------------------------------------------
통과순위 S1F : 3,(9,11),(2,5,7,6,8,12,14),1-10-13      
         G8F :                                         
         G6F : 3,(7,9),(11,14),(2,5,6),(1,8,12),10-13  
         G4F : 3-(7,9),11,(2,14),(5,6),(1,8,12),(10,13)
         G3F : 3-(7,9),11,(14,6),(2,5),(1,8),(10,13,12)
         G2F : 3=(7,9)-(5,11),(14,6),(1,8),(2,10,13),12
         G1F : (^7,3)-5,(1,8,9),(11,14),6-(10,13),12=2 
-------------------------------------------------------------------------------------------------
구분 출전번호  대상명            처분종류     처분내용                     세부내용
-------------------------------------------------------------------------------------------------
말      4      투투리즈          출전제외                                  마체이상                                          
-------------------------------------------------------------------------------------------------


제목 : 22년01월23일(일)  제 6경주

(부산) 제 6일 1400M 2등급  핸디캡      경주명 : 일반                        
경주조건:  R1~80          연령오픈                   날씨:흐림 주로:건조  (2%)
순위상금: 49,500천원  19,800천원  12,600천원   4,500천원   3,600천원
부가상금:      0천원       0천원       0천원
-------------------------------------------------------------------------------------------------
순위 마번    마    명         산지   성별 연령 부담중량  기수명   조교사   마주명           레이팅
-------------------------------------------------------------------------------------------------
  1    2  퀸오브더월드         한     암     5    52.0   서승운   방동석   신윤경              69
  2    4  영웅루이스           미     수     4    55.5   최시대   권승주   고희종              74
  3    7  석세스파티           한     거     6    57.0   박재이   민장기   이종훈              77
  4    1  판타스틱로드         미     수     5    52.0   김철호   임금만   무지개렌트카        66
  5    9  소닉킹이지           미     수     4    56.0   유현명   토마스   춘강                75
  6    3  호크킹               한     거     7    53.5   김혜선   김병학   오종환              70
  7    5  에이커스드림         미     수     5    56.0   송경윤   김영관   정경목              75
  8    8  톱데이               한     거     5    55.5   조인권   방동석   고정수              74
  8   10  투투그레이트         한     암     5    52.0   정동철   강형곤   강용익              71
 10    6  그레이트록           한     거     7    55.0   모준호   토마스   정영식              77
 11   11  오섬킹이지           미     거     7    55.0   김태현   장세한   춘강                79
-------------------------------------------------------------------------------------------------
순위 마번    마      명       마 체 중  기 록  도 착 차  (S1F-S8F-G6F-G4F-G3F-G2F-G1F)
-------------------------------------------------------------------------------------------------
  1    2  퀸오브더월드         485( -4) 1:25.2            1-  -  - 1- 1- 1- 1
  2    4  영웅루이스           540( +0) 1:25.4  1         6-  -  - 3- 3- 2- 2
  3    7  석세스파티           539(+11) 1:26.0  3         2-  -  - 2- 2- 3- 3
  4    1  판타스틱로드         528(+12) 1:26.5  3         5-  -  - 6- 6- 7- 6
  5    9  소닉킹이지           529( +5) 1:26.5  ½        4-  -  - 4- 4- 4- 4
  6    3  호크킹               476( +3) 1:26.7  1¼       3-  -  - 5- 5- 5- 5
  7    5  에이커스드림         469( +4) 1:26.9  ¾        8-  -  - 7- 8- 8- 7
  8    8  톱데이               473(-10) 1:27.2  2         9-  -  -10-10- 9- 9
  8   10  투투그레이트         504(+13) 1:27.2  동순위   11-  -  -11-11-10-10
 10    6  그레이트록           494( +0) 1:27.5  1½      10-  -  - 8- 7- 6- 8
 11   11  오섬킹이지           488( +1) 1:29.8  13        7-  -  - 9- 9-11-11
-------------------------------------------------------------------------------------------------
순위 마번 G-3F S-1F    400      400     400     400     G-2F    G-1F    단승식 연승식
-------------------------------------------------------------------------------------------------
  1    2  36.7  0:14.0                  0:22.3  0:24.1  0:24.8  0:13.0     6.4    2.1
  2    4  36.6  0:14.2                  0:22.3  0:23.9  0:25.0  0:13.1     1.7    1.2
  3    7  37.5  0:14.0                  0:22.3  0:24.2  0:25.5  0:13.4     9.5    2.4
  4    1  37.3  0:14.2                  0:22.5  0:24.6  0:25.2  0:13.0    17.3    2.9
  5    9  37.7  0:14.1                  0:22.4  0:24.3  0:25.7  0:13.4     9.1    2.3
  6    3  37.6  0:14.1                  0:22.5  0:24.5  0:25.6  0:13.3    30.2    7.9
  7    5  37.4  0:14.4                  0:22.5  0:24.6  0:25.4  0:13.4    13.4    2.7
  8    8  37.5  0:14.4                  0:22.7  0:24.7  0:25.4  0:13.2    51.1    5.3
  8   10  37.2  0:15.0                  0:22.5  0:24.7  0:25.0  0:13.0    16.3    4.4
 10    6  38.2  0:14.5                  0:22.4  0:24.3  0:26.3  0:13.7    31.2    3.6
 11   11  40.2  0:14.2                  0:22.8  0:25.2  0:27.6  0:14.6   103.2   12.3
-------------------------------------------------------------------------------------------------
(복승식 배당률)
  1- 2    40.2  2- 9    34.4  4- 5     9.2  5-15     0.0  8- 9    95.4 11-12     0.0
  1- 3   165.3  2-10    65.2  4- 6    14.3  5-16     0.0  8-10   191.7 11-13     0.0
  1- 4     9.0  2-11   346.5  4- 7     7.5  6- 7    81.9  8-11   928.1 11-14     0.0
  1- 5    75.6  2-12     0.0  4- 8    30.3  6- 8   198.7  8-12     0.0 11-15     0.0
  1- 6   111.0  2-13     0.0  4- 9     6.3  6- 9    66.8  8-13     0.0 11-16     0.0
  1- 7    77.1  2-14     0.0  4-10    10.8  6-10   103.1  8-14     0.0 12-13     0.0
  1- 8   133.7  2-15     0.0  4-11    97.3  6-11   561.5  8-15     0.0 12-14     0.0
  1- 9    54.5  2-16     0.0  4-12     0.0  6-12     0.0  8-16     0.0 12-15     0.0
  1-10    80.3  3- 4    38.1  4-13     0.0  6-13     0.0  9-10    43.1 12-16     0.0
  1-11   415.5  3- 5   190.7  4-14     0.0  6-14     0.0  9-11   336.3 13-14     0.0
  1-12     0.0  3- 6   277.2  4-15     0.0  6-15     0.0  9-12     0.0 13-15     0.0
  1-13     0.0  3- 7   115.3  4-16     0.0  6-16     0.0  9-13     0.0 13-16     0.0
  1-14     0.0  3- 8   365.8  5- 6    72.8  7- 8   164.2  9-14     0.0 14-15     0.0
  1-15     0.0  3- 9   139.0  5- 7    52.1  7- 9    32.2  9-15     0.0 14-16     0.0
  1-16     0.0  3-10   262.0  5- 8   178.6  7-10    79.9  9-16     0.0 15-16     0.0
  2- 3   108.6  3-11   555.4  5- 9    38.9  7-11   336.5 10-11   500.5  0- 0     0.0
  2- 4     7.4  3-12     0.0  5-10    58.9  7-12     0.0 10-12     0.0  0- 0     0.0
  2- 5    50.6  3-13     0.0  5-11   525.1  7-13     0.0 10-13     0.0  0- 0     0.0
  2- 6    69.5  3-14     0.0  5-12     0.0  7-14     0.0 10-14     0.0  0- 0     0.0
  2- 7    35.8  3-15     0.0  5-13     0.0  7-15     0.0 10-15     0.0  0- 0     0.0
  2- 8   161.9  3-16     0.0  5-14     0.0  7-16     0.0 10-16     0.0  0- 0     0.0
-------------------------------------------------------------------------------------------------
매출액 단식:     33,849,500    연식:     52,808,500      복식:  1,201,409,400
       복연:    149,798,600    쌍식:    403,883,900      삼복:    996,871,800
       삼쌍:    472,522,600    합계:  3,311,144,300
-------------------------------------------------------------------------------------------------
배당률 단: ②6.4        연: ②2.1 ④1.2 ⑦2.4          복: ②④7.4       4F:48.9
                                                                         3F:36.7
                        쌍: ②④21.9
     복연: ②④3.1 ②⑦10.5 ④⑦3.0
     삼복: ②④⑦14.9 
     삼쌍: ②④⑦136.9 
-------------------------------------------------------------------------------------------------
펄 롱:14.0 10.8 11.5   12.2   11.9   11.8   13.0   
통과M:  200  400  600    800    1000   1200   1400
통과T:14.0 24.8 36.3 0:48.5 1:00.4 1:12.2 1:25.2 
-------------------------------------------------------------------------------------------------
통과순위 S1F : (2,3,7,9),(1,4,11),(5,6,8)-10           
         G8F :                                         
         G6F :                                         
         G4F : (2,7),(4,3,9),1,(5,6,11),8-10           
         G3F : (2,7),(4,9),(1,3),6,(5,11),8,10         
         G2F : (2,7,4),9,(3,6),1,5,8-(10,11)           
         G1F : (^2,4),7-9,(1,3,5),6,8,10=11            
-------------------------------------------------------------------------------------------------
구분 출전번호  대상명            처분종류     처분내용                     세부내용
-------------------------------------------------------------------------------------------------
기수    8      조인권            기승정지 (과태금 가중) 2일(2022.02.11~2022.02.13)   출발 후 100m부터 결승선 전방 400m 구간 채찍 과다사용(2주 유예)
-------------------------------------------------------------------------------------------------
