

제목 : 22.10.12(수) 조교현황

  ※기승자범례(조:조교사, 관:주로조교, 기:기수, 후:기수후보생)
  ※비고(금:금주출전예정마, 차:차주출전예정마, 특:특대상경주출전예정마)
  ※금주, 차주 또는 특별 대상경주 출전예상마는 출전신청 결과 및
  조교사의 의사에 따라 변동될 수 있는 미확정된 자료이오니 참고하시기 바랍니다.
━━━━━━━━━━━━━━━━━━━━━━━━━━━━━━━━━━━━━━━
  순 소속조 - 조번 마명              기승자 입장시각  퇴장시각  조교시간 비고
━━━━━━━━━━━━━━━━━━━━━━━━━━━━━━━━━━━━━━━
  1  1조(박종곤)22 라온더골드          기   06:29     06:40       0:11   금
  2  1조(박종곤)18 라온더찰리          관   08:22     08:34       0:12   금
  3  1조(박종곤)23 라온더타이거        관   08:40     08:53       0:13   차
  4  1조(박종곤)27 라온더파이터        기   07:04     07:18       0:14   특
  5  1조(박종곤)26 라온더펄            관   08:04     08:12       0:08   차
  6  1조(박종곤)40 라온엠파이어        관   08:53     09:09       0:16   차
  7  1조(박종곤)17 라온점프            관   07:43     07:58       0:15   차
  8  1조(박종곤)30 라온패션            기   06:56     07:09       0:13   금
  9  1조(박종곤)14 라온포레스트        관   07:57     08:09       0:12   차
 10  1조(박종곤)28 라온홀리데이        기   07:26     07:36       0:10   금
 11  1조(박종곤) 7 문학드림            관   06:49     07:04       0:15   차
 12  1조(박종곤) 8 문학럭키            관   08:19     08:32       0:13   금
 13  1조(박종곤) 9 에이펙스            기   07:26     07:36       0:10   차
 14  1조(박종곤)11 탑퀄리티            기   07:26     07:38       0:12   금
 15  1조(박종곤)19 플래시선더          기   08:05     08:18       0:13   금
 16  2조(손영표)25 금성환희            관   07:32     07:48       0:16   차
 17  2조(손영표)13 미르포인트          기   07:43     07:55       0:12   금
 18  2조(손영표)15 베스트빅뱅          기   06:41     06:52       0:11   금
 19  2조(손영표)20 사랑다모아          기   06:36     06:52       0:16   금
 20  2조(손영표)16 쏘아라가가          기   08:00     08:10       0:10   차
 21  2조(손영표)11 엑톤질주            기   07:15     07:25       0:10   금
 22  2조(손영표) 7 올드스타트          관   08:07     08:19       0:12   금
 23  2조(손영표)27 트레비트            관   08:25     08:37       0:12   차
 24  2조(손영표)26 퍼펙트타임          관   06:51     07:08       0:17   차
 25  3조(최영주) 5 골드카이저          관   07:59     08:09       0:10   금
 26  3조(최영주) 2 너트플레이          기   06:12     06:26       0:14   금
 27  3조(최영주) 6 울프플레이          관   06:48     06:59       0:11   차
 28  3조(최영주) 3 월드플레이          관   06:11     06:24       0:13   금
 29  3조(최영주)17 임페리얼본          관   07:30     07:44       0:14   차
 30  3조(최영주)26 피엔에스더킹        관   06:12     06:26       0:14   금
 31  3조(최영주)16 행복한문막          관   07:30     07:42       0:12   금
 32  4조(박윤규)15 걸작드림            관   08:24     08:41       0:17   차
 33  4조(박윤규)13 걸작선              관   07:44     07:57       0:13   차
 34  4조(박윤규)18 걸작우먼            관   08:25     08:45       0:20   차
 35  4조(박윤규)21 검은질주            기   08:59     09:20       0:21   금
 36  4조(박윤규)25 굿필승              관   08:23     08:42       0:19   특
 37  4조(박윤규)40 매니킹              관   09:02     09:23       0:21   차
 38  4조(박윤규)32 멋진강호            관   08:21     08:40       0:19   차
 39  4조(박윤규)26 멋진기록            기   06:49     07:01       0:12   금
 40  4조(박윤규)31 멋진왕자            관   08:40     08:55       0:15   금
 41  4조(박윤규)17 바로퀸              기   08:15     08:27       0:12   금
 42  4조(박윤규)12 스타워즈            기   06:59     07:10       0:11   차
 43  4조(박윤규) 6 아이스크림          기   07:39     07:50       0:11   금
 44  4조(박윤규) 4 에이스파워풀        관   09:19     09:41       0:22   차
 45  4조(박윤규)29 원더풀티지          관   06:21     06:36       0:15   금
 46  4조(박윤규)11 이스트반            관   08:57     09:17       0:20   금
 47  4조(박윤규) 9 케이프렌지          관   06:21     06:36       0:15   금
 48  4조(박윤규)27 킹아너              관   06:23     06:40       0:17   차
 49  4조(박윤규)33 파토스              관   08:21     08:40       0:19   금
 50  4조(박윤규)37 행복왕자            기   07:23     07:39       0:16   특
 51  4조(박윤규) 1 황금달빛            관   07:08     07:22       0:14   차
 52  5조(우창구)35 금전사              관   08:51     09:03       0:12   차
 53  5조(우창구)18 동행퍼스트          관   08:12     08:25       0:13   차
 54  5조(우창구) 9 러블리케이          기   07:12     07:24       0:12   금
 55  5조(우창구)14 럭키바운스          기   07:39     07:49       0:10   차
 56  5조(우창구)29 마에스트라          관   08:26     08:44       0:18   차
 57  5조(우창구)11 사이먼퀸            기   07:12     07:24       0:12   금
 58  5조(우창구)34 서울태양            관   07:39     07:48       0:09   차
 59  5조(우창구)10 스타케이            기   07:39     07:49       0:10   금
 60  5조(우창구) 5 위너골드            관   07:37     07:55       0:18   차
 61  5조(우창구)23 위너영              기   08:40     09:01       0:21   차
 62  5조(우창구) 1 점순이고            관   08:12     08:27       0:15   차
 63  5조(우창구)36 플라잉제스트        기   08:51     09:05       0:14   차
 64  6조(홍대유) 5 그레이스퀸          기   07:29     07:41       0:12   차
 65  6조(홍대유)39 그린드래건          관   06:57     07:09       0:12   차
 66  6조(홍대유)24 그린질주            관   07:47     07:55       0:08   차
 67  6조(홍대유)36 그린필스타          관   06:17     06:31       0:14   차
 68  6조(홍대유)19 내길의별            기   06:57     07:10       0:13   금
 69  6조(홍대유)15 문학문              관   08:36     08:48       0:12   차
 70  6조(홍대유)34 배다리공주          기   07:11     07:23       0:12   금
 71  6조(홍대유)38 새내선              기   06:33     06:45       0:12   금
 72  6조(홍대유)18 새내칸              기   06:33     06:45       0:12   금
 73  6조(홍대유)14 새내황제            관   07:40     07:58       0:18   차
 74  6조(홍대유) 8 섬싱로스트          관   08:31     08:56       0:25   차
 75  6조(홍대유)26 실버부스터          관   07:47     07:55       0:08   차
 76  6조(홍대유)12 안양호랑이          기   07:41     07:51       0:10   차
 77  6조(홍대유)37 연희사랑            관   06:33     06:45       0:12   금
 78  6조(홍대유)   용비천              관   08:31     08:56       0:25   차
 79  6조(홍대유)17 정문사이            관   08:55     09:11       0:16   차
 80  6조(홍대유)32 정문에이스          관   06:34     06:51       0:17   차
 81  6조(홍대유)   정문질주            관   08:52     09:07       0:15   차
 82  6조(홍대유)23 정문폭주            관   07:11     07:23       0:12   차
 83  6조(홍대유)27 킹스아이            관   08:21     08:33       0:12   차
 84  6조(홍대유)30 화이트위치          기   06:18     06:26       0:08   금
 85  7조(구자흥) 5 고마나루            기   07:51     08:05       0:14   금
 86  7조(구자흥)19 골든플라잉          관   08:29     08:42       0:13   차
 87  7조(구자흥) 4 그린불패            관   06:34     06:48       0:14   차
 88  7조(구자흥)13 대군파워            기   08:01     08:13       0:12   금
 89  7조(구자흥)25 매직모카신          기   06:34     06:47       0:13   금
 90  7조(구자흥)15 사려니퀸            관   07:26     07:43       0:17   차
 91  7조(구자흥)18 원더풀남촌          기   08:29     08:46       0:17   차
 92  7조(구자흥)12 질풍한별            관   06:34     06:47       0:13   금
 93  8조(최용구) 6 골든서비스          관   07:27     07:38       0:11   차
 94  8조(최용구)25 돌아온뽀빠이        관   06:48     07:03       0:15   특
 95  8조(최용구) 4 발베니              관   07:59     08:11       0:12   차
 96  8조(최용구)15 스피돔              관   06:10     06:22       0:12   금
 97  8조(최용구)29 원더플마고          관   06:14     06:25       0:11   차
 98  8조(최용구)20 유니콘히트          기   06:11     06:24       0:13   금
 99  8조(최용구)24 은혜글로리          관   06:59     07:13       0:14   차
100  8조(최용구)14 큐피드시크          기   06:14     06:25       0:11   차
101  8조(최용구)27 피엔에스골드        관   07:48     08:04       0:16   차
102  9조(강성오) 3 대박삭스            관   07:42     07:56       0:14   차
103  9조(강성오)32 대지의여인          관   07:27     07:46       0:19   차
104  9조(강성오)11 돈마                기   06:47     06:58       0:11   차
105  9조(강성오)13 로열태리            관   06:54     07:06       0:12   차
106  9조(강성오)37 루비캣              기   06:38     06:51       0:13   금
107  9조(강성오)19 마루마              기   06:45     06:55       0:10   금
108  9조(강성오) 7 마이공주            관   06:47     06:58       0:11   금
109  9조(강성오)23 바덴바덴            관   07:43     07:57       0:14   차
110  9조(강성오)16 브라운참            관   06:30     06:42       0:12   금
111  9조(강성오)21 온포인트            관   07:29     07:42       0:13   차
112  9조(강성오)12 왈가닥              기   06:57     07:10       0:13   차
113  9조(강성오)20 울트라삭스          기   07:38     07:53       0:15   금
114  9조(강성오)31 월드고              관   06:40     06:55       0:15   차
115  9조(강성오) 2 이너피스            관   08:51     09:00       0:09   차
116  9조(강성오)34 일격필살            기   07:52     08:03       0:11   금
117  9조(강성오)38 절대가치            관   09:20     09:32       0:12   차
118  9조(강성오)33 컴플리트헌터        관   09:20     09:37       0:17   차
119  9조(강성오)36 킹심바              관   07:02     07:17       0:15   차
120  9조(강성오)29 하얀태양            관   08:43     08:57       0:14   차
121 10조(정호익)18 강토마              관   06:19     06:33       0:14   차
122 10조(정호익) 8 네이비크롬          기   06:34     06:47       0:13   금
123 10조(정호익)21 두손멍군            기   06:52     07:04       0:12   금
124 10조(정호익) 9 두손챔프            관   08:43     08:52       0:09   차
125 10조(정호익)   레이스위너          관   09:06     09:16       0:10   차
126 10조(정호익) 6 리버태양            관   07:43     07:59       0:16   차
127 10조(정호익) 2 문학치프            기   07:38     07:52       0:14   특
128 10조(정호익)32 빅스마트            관   08:20     08:36       0:16   차
129 10조(정호익)34 소울메리트          관   06:20     06:33       0:13   차
130 10조(정호익)20 슈프림스타          기   06:27     06:40       0:13   금
131 10조(정호익)26 승부사              기   07:16     07:27       0:11   금
132 10조(정호익)40 알찬누리            기   08:38     08:50       0:12   차
133 10조(정호익) 5 영웅대마            기   07:16     07:26       0:10   금
134 10조(정호익) 4 원평광야            기   08:24     08:37       0:13   차
135 10조(정호익)13 원평코드            기   07:22     07:37       0:15   금
136 10조(정호익) 3 원평타운            관   08:35     08:47       0:12   차
137 10조(정호익)39 인천캡틴            관   07:17     07:31       0:14   차
138 10조(정호익)23 작두콩              기   06:41     06:53       0:12   금
139 10조(정호익)31 퀸톱                기   06:52     07:04       0:12   차
140 10조(정호익)16 터프가이            기   06:13     06:26       0:13   금
141 10조(정호익)35 터프여제            관   08:54     09:08       0:14   차
142 10조(정호익)37 해들뫼              관   06:13     06:24       0:11   금
143 10조(정호익) 7 황우강자            관   08:02     08:10       0:08   차
144 10조(정호익)24 흥드림              관   08:00     08:13       0:13   차
145 11조(조현수)17 나올스카이          관   08:16     08:24       0:08   차
146 11조(조현수)14 드림맥스            관   06:28     06:41       0:13   차
147 11조(조현수) 3 뮤직뱅크            관   08:17     08:31       0:14   차
148 11조(조현수)13 브라이트러닝        관   07:20     07:36       0:16   차
149 11조(조현수)32 브라이트위너        관   07:20     07:37       0:17   차
150 11조(조현수) 6 슛업스파크          관   06:48     07:02       0:14   차
151 11조(조현수) 5 스마트별            관   06:30     06:46       0:16   차
152 11조(조현수)16 아메리칸포스원      관   06:57     07:11       0:14   차
153 11조(조현수)10 은빛돌풍            관   06:48     07:03       0:15   차
154 11조(조현수) 8 컴플리트캡틴        관   07:43     08:01       0:18   차
155 11조(조현수)27 투투키튼            관   07:45     08:02       0:17   차
156 11조(조현수)12 풀부스터            관   06:10     06:22       0:12   금
157 11조(조현수) 9 프린세스데이        관   06:36     06:47       0:11   금
158 12조(서범석) 2 검이불루            관   08:38     08:50       0:12   차
159 12조(서범석)10 네버네버스톱        기   06:19     06:30       0:11   금
160 12조(서범석) 7 라피어반            관   06:23     06:32       0:09   차
161 12조(서범석)28 리드더웨이          관   07:35     07:44       0:09   차
162 12조(서범석)17 문더스트            관   08:08     08:16       0:08   차
163 12조(서범석) 5 브리가디어제너럴    관   06:46     06:57       0:11   차
164 12조(서범석)13 선파이팅            관   07:31     07:40       0:09   차
165 12조(서범석)21 슈어윈              관   06:42     06:56       0:14   차
166 12조(서범석)27 스트라이드업        기   07:29     07:42       0:13   금
167 12조(서범석)11 스트롱러너          기   06:13     06:27       0:14   금
168 12조(서범석)29 스트롱벌처          관   08:38     08:49       0:11   금
169 12조(서범석) 3 원더풀데퓨티        관   06:11     06:30       0:19   차
170 12조(서범석) 9 원더풀하와이        기   07:14     07:30       0:16   금
171 12조(서범석)16 채플프린세스        관   07:39     07:52       0:13   차
172 12조(서범석)24 큐피드미션          관   06:13     06:27       0:14   금
173 13조(이희영)12 논스톱선더          관   08:22     08:38       0:16   차
174 13조(이희영)16 루비어게인          기   07:43     07:59       0:16   차
175 13조(이희영)22 모던베스트          관   06:22     06:37       0:15   차
176 13조(이희영) 9 베스트매드캠        기   06:40     06:52       0:12   금
177 13조(이희영)19 베스트야            기   07:30     07:39       0:09   차
178 13조(이희영) 8 베스트클론          관   08:05     08:21       0:16   차
179 13조(이희영)20 별빛마루            관   06:12     06:22       0:10   금
180 13조(이희영)28 비트업              관   06:52     07:05       0:13   차
181 13조(이희영)21 최강나이스          관   08:36     08:48       0:12   차
182 13조(이희영)17 카메로투            관   08:22     08:35       0:13   차
183 13조(이희영)31 큐피드원더          기   07:11     07:23       0:12   금
184 13조(이희영) 3 특급대로            관   08:55     09:08       0:13   차
185 13조(이희영)18 히어로강자          관   06:38     06:49       0:11   차
186 14조(이신영)11 그래티튜드          관   06:13     06:25       0:12   차
187 14조(이신영)39 내길의퀸            기   06:42     06:50       0:08   차
188 14조(이신영) 7 바이킹하트          기   06:40     06:52       0:12   차
189 14조(이신영) 2 불의여왕            기   06:27     06:41       0:14   차
190 14조(이신영)22 사려니퍼스트        관   06:12     06:25       0:13   차
191 14조(이신영)24 스마트삭스          관   06:35     06:52       0:17   차
192 14조(이신영)15 스위트주스바        관   08:04     08:26       0:22   금
193 14조(이신영) 9 아이언삭스          조   07:28     07:43       0:15   차
194 14조(이신영)30 아인슈페너          관   06:13     06:32       0:19   차
195 14조(이신영) 5 엉클오              기   06:13     06:25       0:12   차
196 14조(이신영)10 영영삭스            기   07:02     07:14       0:12   금
197 14조(이신영)28 유레카              기   06:48     06:59       0:11   금
198 14조(이신영) 1 정성바이스          관   06:35     06:46       0:11   차
199 14조(이신영)34 청계기상            관   07:29     07:48       0:19   차
200 14조(이신영)13 체크포인트          관   07:34     07:47       0:13   차
201 14조(이신영)21 킹다이아            조   08:19     08:43       0:24   차
202 14조(이신영)20 타이탄삭스          조   07:54     08:11       0:17   차
203 14조(이신영)27 해피고고            기   07:07     07:15       0:08   차
204 14조(이신영)33 헤이큐피드          기   07:05     07:17       0:12   금
205 15조(박희철) 1 대세만세            관   06:16     06:30       0:14   차
206 15조(박희철)13 매디슨뮤직          관   08:21     08:31       0:10   차
207 15조(박희철)34 스페셜스토리        관   07:08     07:16       0:08   차
208 15조(박희철) 2 웰빙챔피언          관   07:41     07:50       0:09   차
209 15조(박희철) 3 정상히트            관   08:21     08:31       0:10   차
210 15조(박희철)11 젤로스              기   07:36     07:45       0:09   차
211 15조(박희철)17 투아레그나인        관   06:47     06:59       0:12   차
212 15조(박희철) 9 함평파이터          관   06:12     06:24       0:12   차
213 15조(박희철) 7 헬로퀸              관   06:10     06:24       0:14   금
214 16조(최봉주)18 국대클래스          관   09:20     09:38       0:18   차
215 16조(최봉주)12 내추럴클래스        관   09:20     09:38       0:18   차
216 16조(최봉주)35 돌격앞으로          기   08:08     08:22       0:14   차
217 16조(최봉주)29 바이킹스톰          조   09:38     09:52       0:14   차
218 16조(최봉주)33 별나라비마          조   09:20     09:38       0:18   차
219 16조(최봉주)34 부스터로켓          관   08:37     09:00       0:23   차
220 16조(최봉주)19 블루카이저          기   06:38     06:51       0:13   금
221 16조(최봉주)23 시킹더키튼          기   08:28     08:43       0:15   차
222 16조(최봉주)20 쌍옥루              관   07:26     07:37       0:11   차
223 16조(최봉주)25 에이스퀸            조   08:52     09:05       0:13   차
224 16조(최봉주) 1 장군별              조   07:18     07:33       0:15   차
225 16조(최봉주) 5 장흥클래스          관   07:01     07:17       0:16   차
226 16조(최봉주)16 제주의요정          기   07:38     07:51       0:13   금
227 16조(최봉주)31 챔피언가문          관   06:42     06:57       0:15   차
228 16조(최봉주) 7 천마챗              기   07:50     08:01       0:11   금
229 16조(최봉주)10 천송이              관   07:18     07:27       0:09   차
230 16조(최봉주) 9 케이엔골든킹        관   08:28     08:42       0:14   차
231 16조(최봉주)17 케이엔스케치        관   07:49     08:03       0:14   금
232 16조(최봉주)28 케이엔포스트        관   09:38     09:52       0:14   차
233 16조(최봉주)15 코스모              조   06:54     07:09       0:15   차
234 16조(최봉주)21 파이팅대디          조   08:02     08:17       0:15   차
235 16조(최봉주) 2 플라이스타          조   06:27     06:43       0:16   차
236 16조(최봉주)24 호크의영광          기   08:10     08:22       0:12   금
237 19조(곽영효)18 나올행복            기   07:25     07:44       0:19   차
238 19조(곽영효)28 라스트펀치          관   06:50     07:03       0:13   차
239 19조(곽영효)22 옥천최강            기   06:49     07:04       0:15   금
240 19조(곽영효)21 용암보스            기   06:26     06:40       0:14   차
241 19조(곽영효) 4 우승바람            관   07:23     07:38       0:15   차
242 19조(곽영효) 5 원더풀화성          관   07:31     07:44       0:13   차
243 19조(곽영효)16 월드패션            관   08:15     08:31       0:16   차
244 19조(곽영효)17 캡틴브라보          기   06:12     06:23       0:11   금
245 19조(곽영효)24 테이크뮤직          관   07:09     07:18       0:09   차
246 19조(곽영효)30 한강돌풍            관   07:23     07:37       0:14   차
247 19조(곽영효)13 한강보스            기   06:40     06:52       0:12   금
248 19조(곽영효)12 한강챔프            관   08:01     08:13       0:12   차
249 19조(곽영효)31 한강히어로          기   06:32     06:45       0:13   금
250 20조(배대선)11 농본바다            기   07:24     07:36       0:12   금
251 20조(배대선) 6 다울퀸              기   06:31     06:42       0:11   금
252 20조(배대선) 2 다이아키            기   07:38     07:50       0:12   차
253 20조(배대선)14 돌콩                기   06:17     06:28       0:11   특
254 20조(배대선)23 러닝넘버원          관   07:22     07:36       0:14   차
255 20조(배대선)17 머니시장            관   07:41     07:54       0:13   차
256 20조(배대선)28 머니신              기   07:21     07:32       0:11   차
257 20조(배대선) 9 머니장군            기   06:48     07:08       0:20   차
258 20조(배대선)26 바로챔피언          관   06:31     06:43       0:12   차
259 20조(배대선)13 백색광채            관   07:04     07:20       0:16   차
260 20조(배대선) 7 보스베이비          관   07:55     08:04       0:09   차
261 20조(배대선)30 빛의카              기   06:44     06:55       0:11   금
262 20조(배대선)12 신한특송            기   06:28     06:40       0:12   금
263 20조(배대선)22 우주의봄            기   07:08     07:19       0:11   금
264 20조(배대선) 8 원더풀퍼지          관   06:48     07:01       0:13   차
265 20조(배대선)19 킹덤스톰            관   06:47     06:57       0:10   차
266 20조(배대선)33 투게더웨이          관   06:58     07:11       0:13   차
267 21조(문병기)29 누리태양            관   08:48     09:03       0:15   차
268 21조(문병기) 6 만세                관   07:30     07:43       0:13   차
269 21조(문병기)21 명진캔디            관   06:21     06:32       0:11   금
270 21조(문병기)13 미르베스트          기   07:10     07:22       0:12   금
271 21조(문병기)15 베스트타임          관   06:55     07:08       0:13   차
272 21조(문병기)25 새터데이            관   08:15     08:37       0:22   차
273 21조(문병기)26 성실인동            관   08:57     09:19       0:22   차
274 21조(문병기)24 성실핑크            관   06:17     06:30       0:13   차
275 21조(문병기)18 스타프린세스        조   08:08     08:22       0:14   금
276 21조(문병기) 1 에이스티아라        관   07:37     07:48       0:11   차
277 21조(문병기)30 원스피어            관   06:57     07:14       0:17   차
278 21조(문병기)27 위너존              관   08:48     09:03       0:15   차
279 21조(문병기)20 천년의바람          기   07:10     07:21       0:11   차
280 21조(문병기)10 탁트인              관   07:43     08:01       0:18   차
281 21조(문병기) 9 프리맥스            기   06:41     06:53       0:12   차
282 21조(문병기)28 화수분              기   06:56     07:09       0:13   차
283 22조(안병기)33 갈색향기            관   07:22     07:34       0:12   금
284 22조(안병기) 9 다시태어나도        기   06:37     06:49       0:12   금
285 22조(안병기)16 대물                관   07:33     07:44       0:11   차
286 22조(안병기)26 로열로드            기   06:22     06:30       0:08   차
287 22조(안병기)12 메니챔프            관   06:22     06:41       0:19   금
288 22조(안병기)10 바람을그리다        기   06:14     06:32       0:18   금
289 22조(안병기)30 바람의검            관   07:52     08:08       0:16   차
290 22조(안병기)11 사람이라는별        관   06:29     06:43       0:14   차
291 22조(안병기)38 스프링꿈            관   06:56     07:08       0:12   금
292 22조(안병기)40 아르고꾸숑          관   07:33     07:44       0:11   차
293 22조(안병기)15 아르고리치          기   06:37     06:49       0:12   금
294 22조(안병기) 7 아르고무적          관   06:10     06:23       0:13   차
295 22조(안병기) 5 야무진배짱          기   08:16     08:42       0:26   금
296 22조(안병기)34 야무진새강자        기   07:43     07:55       0:12   차
297 22조(안병기)24 와일들리로맨틱      관   08:20     08:31       0:11   차
298 22조(안병기)18 짜릿한자유          기   07:59     08:11       0:12   차
299 22조(안병기)36 푸른요정            관   07:13     07:28       0:15   차
300 23조(유재길)12 경부도령            관   07:46     08:01       0:15   금
301 23조(유재길) 1 골드참              관   07:00     07:22       0:22   차
302 23조(유재길) 4 노블킹              관   07:00     07:22       0:22   차
303 23조(유재길) 5 대승퀸              관   07:12     07:20       0:08   금
304 23조(유재길) 9 미지스타            관   07:02     07:14       0:12   차
305 23조(유재길)21 스피어골드          관   06:10     06:22       0:12   차
306 23조(유재길)24 월드참              기   07:53     08:12       0:19   차
307 23조(유재길)10 은성사랑            관   06:34     06:45       0:11   금
308 23조(유재길)16 총알커널            기   07:03     07:12       0:09   차
309 23조(유재길)19 큐피드보우          관   06:22     06:37       0:15   차
310 23조(유재길)28 터치참              기   07:02     07:11       0:09   차
311 23조(유재길)26 하트시그널          관   07:53     08:09       0:16   차
312 23조(유재길)13 홀리데이참          관   06:10     06:25       0:15   차
313 24조(서홍수)23 깡돌이              기   07:24     07:32       0:08   금
314 24조(서홍수) 6 낭주여걸            기   06:29     06:39       0:10   금
315 24조(서홍수)37 리마커블            관   06:12     06:26       0:14   금
316 24조(서홍수)31 리월마              관   08:40     08:53       0:13   금
317 24조(서홍수)10 마이티고            관   08:57     09:10       0:13   차
318 24조(서홍수)15 마이티굿            기   07:06     07:16       0:10   금
319 24조(서홍수)36 마이티렘            관   09:04     09:15       0:11   차
320 24조(서홍수)18 마이티룩            관   07:55     08:14       0:19   차
321 24조(서홍수) 8 마이티쇼            관   07:55     08:08       0:13   차
322 24조(서홍수) 3 마이티앤            관   08:54     09:05       0:11   차
323 24조(서홍수)28 마이티웰            관   07:20     07:35       0:15   차
324 24조(서홍수)32 마이티지            기   06:15     06:26       0:11   금
325 24조(서홍수) 5 마이티팝            관   06:45     06:59       0:14   차
326 24조(서홍수)19 마이티후            관   06:12     06:26       0:14   차
327 24조(서홍수)24 블랙버미            기   07:33     07:42       0:09   금
328 24조(서홍수)20 시크릿보스          관   07:53     08:06       0:13   차
329 24조(서홍수)40 시크릿킹            관   06:29     06:39       0:10   금
330 24조(서홍수)29 아치참              기   07:44     08:14       0:30   금
331 24조(서홍수)22 아침누리            관   07:14     07:25       0:11   차
332 24조(서홍수)38 원더풀데블          관   07:04     07:18       0:14   차
333 24조(서홍수)34 원더풀머스킷        관   06:29     06:41       0:12   차
334 24조(서홍수)25 콰이어트참          관   06:47     06:59       0:12   차
335 25조(전승규)13 골든아너            관   07:59     08:12       0:13   차
336 25조(전승규)33 당찬대보            관   08:16     08:28       0:12   차
337 25조(전승규) 8 미스양호            기   06:56     07:06       0:10   금
338 25조(전승규)26 볼드어게인          관   07:31     07:47       0:16   금
339 25조(전승규)37 블랙초콜릿          기   06:12     06:25       0:13   금
340 25조(전승규)12 스마트오피서        관   09:14     09:28       0:14   차
341 25조(전승규)10 스테디챔피언        관   09:00     09:14       0:14   차
342 25조(전승규)22 아스펜태양          관   09:14     09:31       0:17   차
343 25조(전승규)28 아치데이            관   07:48     08:07       0:19   차
344 25조(전승규)24 이글포인트          관   09:14     09:28       0:14   차
345 25조(전승규)38 질주대세            관   07:24     07:38       0:14   차
346 25조(전승규) 3 찰나질주            관   07:15     07:44       0:29   차
347 25조(전승규)15 초토마              관   06:30     06:42       0:12   금
348 25조(전승규)11 최강게임            관   06:14     06:25       0:11   금
349 25조(전승규)21 최강현마            관   06:32     06:42       0:10   차
350 25조(전승규)34 춘산                관   08:45     08:55       0:10   차
351 25조(전승규) 6 케이엔스타트        관   06:14     06:27       0:13   차
352 25조(전승규)20 케이엔티즈원        기   06:56     07:06       0:10   금
353 25조(전승규) 4 크로마이트          관   08:40     08:50       0:10   차
354 25조(전승규) 7 킹에이스            관   07:27     07:46       0:19   차
355 25조(전승규)36 테마탄생            관   06:14     06:27       0:13   차
356 25조(전승규)35 파이어굿            관   07:48     08:07       0:19   차
357 25조(전승규)27 파이어파워          기   06:12     06:25       0:13   금
358 25조(전승규)18 항구스타            관   07:48     08:06       0:18   차
359 25조(전승규) 1 허쉬대보            관   08:48     08:59       0:11   차
360 25조(전승규)19 화랑투데이          관   09:14     09:28       0:14   차
361 26조(안해양)36 그레이토르          관   08:01     08:16       0:15   차
362 26조(안해양)23 럭키인디            관   07:33     07:43       0:10   차
363 26조(안해양)38 런보이런            관   06:31     06:45       0:14   차
364 26조(안해양)31 마구                관   06:55     07:09       0:14   차
365 26조(안해양) 3 문막의설기          관   06:30     06:42       0:12   차
366 26조(안해양)26 송암캣              관   07:53     08:06       0:13   금
367 26조(안해양)24 팍스누리            관   07:53     08:06       0:13   차
368 26조(안해양) 1 폭스파워            기   06:43     06:56       0:13   차
369 26조(안해양)22 플랜비              관   06:48     06:59       0:11   차
370 26조(안해양)29 히어로사랑          관   06:55     07:08       0:13   차
371 27조(박병일)18 금자유              관   07:24     07:35       0:11   차
372 27조(박병일)25 드림로즈            관   06:10     06:20       0:10   차
373 27조(박병일)29 떠오르다            기   06:47     06:59       0:12   금
374 27조(박병일)10 록임팩트            기   07:00     07:12       0:12   금
375 27조(박병일)17 리얼팩              관   07:51     08:01       0:10   차
376 27조(박병일) 6 문학태핏            기   08:03     08:14       0:11   금
377 27조(박병일)15 블루                관   06:15     06:35       0:20   차
378 27조(박병일)13 엄청난걸            기   07:01     07:12       0:11   금
379 27조(박병일) 1 오월춘추            기   07:58     08:07       0:09   차
380 27조(박병일)28 은혜드림            관   06:40     06:52       0:12   금
381 27조(박병일)32 은혜서브            관   06:53     07:07       0:14   차
382 27조(박병일) 3 은혜충만            기   06:43     06:56       0:13   차
383 27조(박병일)11 톱시드              기   07:40     07:52       0:12   금
384 27조(박병일)30 포에버칸            기   07:40     07:53       0:13   금
385 27조(박병일)14 피닉스서브          관   08:37     08:47       0:10   차
386 27조(박병일)31 해피믹스            기   06:57     07:12       0:15   차
387 28조(최상식) 4 거센돌풍            기   07:27     07:43       0:16   차
388 28조(최상식)12 글로벌럭키          기   06:28     06:37       0:09   금
389 28조(최상식) 9 글로벌천하          기   06:12     06:23       0:11   차
390 28조(최상식)14 글로벌파워          기   07:17     07:29       0:12   금
391 28조(최상식)27 노워                기   06:47     06:59       0:12   차
392 28조(최상식)20 대흥클래스          기   08:09     08:21       0:12   금
393 28조(최상식) 5 바람살              관   06:30     06:41       0:11   차
394 28조(최상식)24 쏘아라미미          관   06:16     06:29       0:13   차
395 28조(최상식)28 쏘아라투투          관   07:40     07:53       0:13   차
396 28조(최상식)17 퍼펙트파워          기   07:32     07:46       0:14   차
397 29조(배휴준)18 데스크탑            관   07:23     07:32       0:09   금
398 29조(배휴준) 8 매디슨마운틴        관   06:43     06:56       0:13   차
399 29조(배휴준)22 세명기상            기   07:11     07:20       0:09   차
400 29조(배휴준)16 세명나래            관   07:43     07:59       0:16   금
401 29조(배휴준) 9 싱싱메리            관   08:45     08:55       0:10   금
402 29조(배휴준)31 와일드킹덤          관   06:26     06:37       0:11   금
403 29조(배휴준)20 원더풀루비          관   07:53     08:05       0:12   금
404 29조(배휴준) 7 원더풀트루스        관   06:51     07:01       0:10   차
405 29조(배휴준) 2 천은총              관   06:12     06:20       0:08   금
406 29조(배휴준) 1 천존챗              관   08:10     08:22       0:12   차
407 29조(배휴준)17 천총챗              관   08:38     08:58       0:20   차
408 29조(배휴준)36 퀸오브레이싱        관   06:48     06:57       0:09   금
409 29조(배휴준) 3 클라우터            관   06:10     06:28       0:18   금
410 29조(배휴준) 4 클로버파티          관   08:38     08:58       0:20   차
411 30조(토니  )20 님의향기            조   06:14     06:26       0:12   차
412 30조(토니  ) 2 더검푸              기   06:56     07:06       0:10   차
413 30조(토니  )11 더리퍼              기   07:17     07:30       0:13   금
414 30조(토니  )12 도끼블레이드        관   06:56     07:06       0:10   차
415 30조(토니  )19 성실공주핑크        기   06:47     07:00       0:13   금
416 30조(토니  ) 1 성실머니            관   08:43     08:56       0:13   차
417 30조(토니  )18 성실태양            기   07:45     07:59       0:14   차
418 30조(토니  )25 스타블레이드        조   07:45     08:00       0:15   차
419 30조(토니  )17 아마존킹            관   07:17     07:31       0:14   차
420 30조(토니  ) 4 액티몬              조   07:17     07:31       0:14   차
421 30조(토니  )26 장산몬스터          관   07:57     08:09       0:12   차
422 30조(토니  ) 9 장산바다            관   07:43     08:00       0:17   차
423 30조(토니  )28 장산스타트          관   08:22     08:32       0:10   금
424 30조(토니  )15 장산플라이          기   06:14     06:26       0:12   금
425 30조(토니  )21 지르콘              관   08:51     09:06       0:15   차
426 30조(토니  )13 청담탱크            조   06:47     07:00       0:13   차
427 30조(토니  ) 3 청춘비바            조   08:19     08:32       0:13   차
428 30조(토니  )10 최강미래            관   06:14     06:26       0:12   차
429 30조(토니  )16 최강장산            기   06:14     06:26       0:12   금
430 30조(토니  )23 헤라블레이드        관   08:51     09:05       0:14   차
431 31조(강환민)31 국제공항            관   09:26     09:39       0:13   차
432 31조(강환민)34 레몬블레이드        관   09:43     09:58       0:15   차
433 31조(강환민)35 레전드삭스          관   07:31     07:40       0:09   차
434 31조(강환민)30 머스탱파워          관   07:47     08:02       0:15   차
435 31조(강환민) 7 메타블레이드        기   06:13     06:23       0:10   금
436 31조(강환민)20 버터케이            관   08:32     08:51       0:19   차
437 31조(강환민)15 블루인디            관   08:12     08:21       0:09   차
438 31조(강환민) 9 빅트리플            관   08:27     08:41       0:14   차
439 31조(강환민) 2 신의아들            관   07:28     07:40       0:12   차
440 31조(강환민)33 우리                관   06:12     06:28       0:16   차
441 31조(강환민) 5 정상럭키            기   07:26     07:36       0:10   금
442 31조(강환민)40 주몽천하            관   08:32     08:51       0:19   차
443 31조(강환민) 3 천비성              기   07:03     07:11       0:08   금
444 31조(강환민)27 최강블레이드        관   06:42     07:01       0:19   차
445 31조(강환민)28 큐피드스윙          기   06:23     06:35       0:12   금
446 31조(강환민)26 크레이지러브        관   06:11     06:24       0:13   차
447 31조(강환민)11 클래식스타          관   07:46     07:59       0:13   차
448 31조(강환민)21 클린업샤인          관   08:51     09:07       0:16   금
449 31조(강환민)22 패스트트랙          기   06:45     06:56       0:11   금
450 31조(강환민)17 해피삭스            관   07:26     07:36       0:10   금
451 32조(김윤섭) 8 달맞이              관   08:34     08:45       0:11   차
452 32조(김윤섭)33 룰즈클래스          관   06:58     07:12       0:14   금
453 32조(김윤섭)24 명품축제            관   08:09     08:18       0:09   차
454 32조(김윤섭)15 송암드래건          관   06:13     06:26       0:13   금
455 32조(김윤섭)14 스카이팡팡          기   06:55     07:08       0:13   금
456 32조(김윤섭) 6 탄산                관   06:34     06:46       0:12   차
457 32조(김윤섭)25 함평나비            관   07:00     07:11       0:11   차
458 33조(서인석)38 노던타임            관   07:53     08:04       0:11   차
459 33조(서인석)21 누비강자            기   07:07     07:14       0:07   금
460 33조(서인석)26 누비고              기   07:17     07:27       0:10   금
461 33조(서인석) 8 대장별              기   06:47     07:12       0:25   차
462 33조(서인석)29 라이오넷            관   06:48     07:12       0:24   금
463 33조(서인석)16 리걸하이            기   07:50     08:02       0:12   금
464 33조(서인석) 7 릴패트론            기   07:30     07:40       0:10   특
465 33조(서인석)40 매직그레이스        기   07:59     08:18       0:19   차
466 33조(서인석)31 매직러시            관   06:31     06:40       0:09   차
467 33조(서인석) 6 매직주드            기   07:17     07:31       0:14   차
468 33조(서인석)10 빅레드              기   07:30     07:42       0:12   금
469 33조(서인석)12 빅블레드            기   06:28     06:40       0:12   차
470 33조(서인석)18 새벽밴드            관   06:27     06:40       0:13   차
471 33조(서인석)23 성불축제            관   07:35     07:48       0:13   차
472 33조(서인석)24 슈퍼제나이          관   08:19     08:45       0:26   차
473 33조(서인석)15 아라대장군          기   06:28     06:40       0:12   차
474 33조(서인석)27 아라모아            기   08:12     08:25       0:13   차
475 33조(서인석)19 아라챔프            기   06:11     06:23       0:12   금
476 33조(서인석)25 에스테이크          기   06:36     06:48       0:12   금
477 33조(서인석) 2 열린문              기   07:12     07:24       0:12   금
478 33조(서인석)17 원더풀인디          기   06:11     06:22       0:11   금
479 33조(서인석)11 천지폭풍            관   06:11     06:24       0:13   금
480 33조(서인석)39 코스모런            관   08:37     08:49       0:12   차
481 33조(서인석) 9 클라우드나인        관   08:14     08:27       0:13   차
482 33조(서인석) 4 킹칸모르            기   08:26     08:42       0:16   차
483 33조(서인석) 3 탭다운              기   07:38     07:50       0:12   차
484 33조(서인석)30 티즈바로우즈        기   07:59     08:10       0:11   차
485 33조(서인석)36 티즈에너지          기   08:30     08:41       0:11   차
486 34조(리카디)17 가로수길            관   07:02     07:17       0:15   차
487 34조(리카디) 6 금아시크            관   07:33     07:54       0:21   차
488 34조(리카디) 5 남산의별            관   07:03     07:14       0:11   차
489 34조(리카디) 7 남산호랑이          관   07:57     08:10       0:13   차
490 34조(리카디) 9 대사리              관   08:55     09:11       0:16   차
491 34조(리카디)21 드림스피드          관   07:03     07:16       0:13   차
492 34조(리카디)10 레디고              관   09:27     09:44       0:17   차
493 34조(리카디)35 메니골드            기   06:42     06:53       0:11   금
494 34조(리카디)22 벌말대장            기   06:16     06:26       0:10   금
495 34조(리카디)31 블랙모션            관   07:02     07:18       0:16   차
496 34조(리카디)11 슈퍼삭스            관   08:32     08:47       0:15   차
497 34조(리카디)26 아이언머스킷        관   09:27     09:44       0:17   차
498 34조(리카디)20 얼티멋원더          관   08:35     08:46       0:11   차
499 34조(리카디)19 자이언트인디        기   06:57     07:08       0:11   차
500 34조(리카디)12 장산포에버          기   08:22     08:34       0:12   금
501 34조(리카디)33 제이모션            관   08:55     09:11       0:16   차
502 34조(리카디)37 지모션              기   07:02     07:13       0:11   금
503 34조(리카디) 4 최강파티            기   06:51     07:02       0:11   차
504 34조(리카디)30 트로팅라일리        관   08:16     08:28       0:12   차
505 34조(리카디)16 펄포인트            관   09:27     09:44       0:17   차
506 34조(리카디)13 포춘룰즈            관   06:42     06:54       0:12   차
507 34조(리카디)40 프린세스레아        관   08:20     08:40       0:20   차
508 34조(리카디)23 호크프린스          기   07:22     07:39       0:17   차
509 34조(리카디)27 화이트다이아        관   08:20     08:40       0:20   차
510 34조(리카디) 2 희망가득            기   06:34     06:44       0:10   금
511 35조(임채덕)23 당찬낭보            관   07:11     07:25       0:14   차
512 35조(임채덕)26 드림투어            기   07:11     07:25       0:14   차
513 35조(임채덕) 1 럭센                기   06:10     06:21       0:11   금
514 35조(임채덕) 5 마이티선샤인        기   07:37     07:48       0:11   차
515 35조(임채덕)29 민트플레이          관   07:11     07:25       0:14   차
516 35조(임채덕)24 불의꽃              관   08:25     08:41       0:16   차
517 35조(임채덕)22 불의신화            기   06:22     06:34       0:12   차
518 35조(임채덕) 7 우승탑              관   07:24     07:35       0:11   차
519 35조(임채덕)17 제왕의별            관   08:16     08:29       0:13   금
520 35조(임채덕)13 찬란한날            관   06:10     06:16       0:06   차
521 35조(임채덕)10 찬란한폭풍          기   07:37     08:01       0:24   차
522 35조(임채덕)25 캐츠우먼            관   06:22     06:36       0:14   차
523 35조(임채덕) 2 투에이스            기   08:39     08:52       0:13   금
524 35조(임채덕)18 황금해              기   07:24     07:35       0:11   금
525 37조(심승태)16 나이스존            기   08:04     08:13       0:09   차
526 37조(심승태) 6 넥스트레벨          관   06:50     07:04       0:14   차
527 37조(심승태)15 뉴스마트            관   06:26     06:38       0:12   차
528 37조(심승태) 5 비엔토              관   06:10     06:25       0:15   금
529 37조(심승태)18 선샤인아너          관   07:19     07:30       0:11   차
530 37조(심승태)17 소베라니아          관   08:25     08:35       0:10   차
531 37조(심승태)21 스타크레이지        관   07:47     08:00       0:13   차
532 37조(심승태)36 시대의명작          관   06:47     06:56       0:09   차
533 37조(심승태)38 아치메모리          기   06:30     06:42       0:12   금
534 37조(심승태)20 에펠탑              관   07:19     07:37       0:18   차
535 37조(심승태)33 인디언의별          기   07:20     07:32       0:12   금
536 37조(심승태)25 크레이지러시        기   06:10     06:30       0:20   차
537 37조(심승태)12 파워에치드          기   07:19     07:30       0:11   차
538 37조(심승태)28 파인데이            관   06:10     06:27       0:17   차
539 40조(송문길) 9 골드스파이크        관   07:26     07:44       0:18   차
540 40조(송문길)17 글라디아토레에이    기   07:12     07:25       0:13   금
541 40조(송문길)12 뉴문워리어          기   08:10     08:20       0:10   금
542 40조(송문길)19 드림윈디            기   07:12     07:25       0:13   금
543 40조(송문길) 2 라피도아레스        관   06:12     06:28       0:16   차
544 40조(송문길)10 마이윈              관   06:16     06:32       0:16   차
545 40조(송문길) 4 블랙참              관   07:17     07:37       0:20   차
546 40조(송문길)29 샴로커              기   06:25     06:37       0:12   특
547 40조(송문길)38 스마트전사          관   06:12     06:28       0:16   차
548 40조(송문길)20 시티참              관   07:22     07:39       0:17   차
549 40조(송문길) 7 어마어마            관   09:43     09:52       0:09   차
550 40조(송문길) 8 위즈업              관   06:47     07:04       0:17   차
551 40조(송문길)27 제이트로스          관   07:17     07:27       0:10   차
552 40조(송문길)24 콰이어트아델        관   06:16     06:27       0:11   차
553 40조(송문길)31 타우루스퀸          기   06:11     06:23       0:12   금
554 40조(송문길)14 파인캠프            기   06:11     06:23       0:12   금
555 41조(신삼영)16 네모스피릿          기   07:32     07:45       0:13   금
556 41조(신삼영) 8 대륜시대            관   07:33     07:44       0:11   차
557 41조(신삼영)17 더드림캐리어        관   08:26     08:39       0:13   차
558 41조(신삼영)10 빛나는금성          관   06:44     07:06       0:22   차
559 41조(신삼영)21 신의부활            관   06:44     07:06       0:22   차
560 41조(신삼영) 7 올포유어드림        기   07:45     07:58       0:13   금
561 41조(신삼영) 3 유로강자            관   07:39     07:51       0:12   금
562 41조(신삼영)37 좋은관계            관   08:20     08:31       0:11   차
563 41조(신삼영) 2 피렌체힐            관   06:10     06:21       0:11   차
564 42조(이관호) 7 거센챔프            기   08:25     08:37       0:12   차
565 42조(이관호) 4 금아스위프트        관   08:05     08:20       0:15   차
566 42조(이관호) 8 금아애크미          관   07:11     07:24       0:13   차
567 42조(이관호)35 다크플레이어        관   06:58     07:06       0:08   차
568 42조(이관호)25 대박행진            기   06:12     06:24       0:12   금
569 42조(이관호)12 디바인평화          기   08:35     08:49       0:14   차
570 42조(이관호)28 라스트피치          기   06:11     06:23       0:12   금
571 42조(이관호)32 메인오브킹          기   08:31     08:42       0:11   차
572 42조(이관호)34 베스트리치          기   06:50     07:02       0:12   차
573 42조(이관호)22 불화산              기   06:32     06:42       0:10   금
574 42조(이관호) 6 빅에너지            관   08:21     08:32       0:11   차
575 42조(이관호) 1 샤인온미            기   08:05     08:19       0:14   금
576 42조(이관호)11 서울크라운          기   08:13     08:23       0:10   차
577 42조(이관호) 5 성은크라운          기   08:10     08:18       0:08   차
578 42조(이관호)18 신의함성            기   07:59     08:18       0:19   차
579 42조(이관호) 9 에이스함성          기   06:25     06:42       0:17   금
580 42조(이관호)38 엔비전사            기   06:11     06:22       0:11   차
581 42조(이관호)16 와일드삭스          기   07:59     08:16       0:17   차
582 42조(이관호)37 제로백포            기   06:29     06:37       0:08   차
583 42조(이관호)29 천군                기   07:30     07:42       0:12   금
584 42조(이관호)40 쿠레레쿠스          기   06:11     06:23       0:12   금
585 42조(이관호) 2 톱포지션            관   06:12     06:24       0:12   차
586 42조(이관호)30 파워풀삭스          기   08:35     08:44       0:09   차
587 42조(이관호)15 포에버드림          기   06:14     06:26       0:12   차
588 42조(이관호)20 하이러너            기   06:23     06:36       0:13   차
589 42조(이관호)14 히든돌풍            관   08:35     08:47       0:12   차
590 48조(이준철)18 그린실드            관   07:35     07:49       0:14   차
591 48조(이준철)32 금아파이어리        기   08:00     08:19       0:19   금
592 48조(이준철)27 나올고니            관   08:08     08:26       0:18   차
593 48조(이준철)26 나올골드            관   07:35     07:49       0:14   차
594 48조(이준철) 6 너를응원해          관   08:25     08:33       0:08   차
595 48조(이준철)13 도끼불패            관   07:28     07:42       0:14   차
596 48조(이준철) 3 드림플레이          관   06:25     06:39       0:14   차
597 48조(이준철)16 메이블레이드        관   06:58     07:15       0:17   금
598 48조(이준철)17 불꽃환호            관   09:04     09:18       0:14   차
599 48조(이준철)33 카리즈마            관   09:04     09:18       0:14   차
600 48조(이준철)35 카미노              관   08:08     08:26       0:18   차
601 48조(이준철)23 캔디글로우          관   06:25     06:39       0:14   차
602 48조(이준철)24 티즈인디            관   06:25     06:39       0:14   차
603 48조(이준철) 7 피엔에스럭키        관   07:01     07:10       0:09   차
604 48조(이준철)19 황금꽃              관   07:01     07:10       0:09   차
605 48조(이준철) 2 흥록대부            관   06:24     06:35       0:11   차
606 48조(이준철)34 흥행열차            관   08:08     08:26       0:18   차
607 50조(박재우)36 강서브이            관   09:10     09:24       0:14   차
608 50조(박재우)29 두손드라이브        관   07:57     08:10       0:13   차
609 50조(박재우)23 문학타이거          관   07:15     07:29       0:14   차
610 50조(박재우)17 문학포리스트        기   06:45     06:55       0:10   금
611 50조(박재우)35 씽씽씽              관   07:40     07:49       0:09   차
612 50조(박재우)11 영광의미소          관   08:35     08:47       0:12   금
613 50조(박재우)25 옥스퍼드킹          관   08:50     09:07       0:17   금
614 50조(박재우)26 용호지마            관   07:00     07:14       0:14   차
615 50조(박재우)39 은어축제            기   08:25     08:37       0:12   금
616 50조(박재우)10 이스트매직          관   07:57     08:14       0:17   차
617 50조(박재우)14 이터널메모리        관   06:33     06:46       0:13   차
618 50조(박재우)40 제이에스군주        관   07:11     07:25       0:14   차
619 50조(박재우) 6 컴플리트엔젤        관   08:16     08:32       0:16   차
620 50조(박재우) 4 컴플리트웨펀        관   08:17     08:30       0:13   차
621 50조(박재우)34 컴플리트포스        관   06:45     06:55       0:10   금
622 51조(최용건)28 그레이트선더        관   07:38     07:51       0:13   차
623 51조(최용건)33 누리데이            기   07:38     07:51       0:13   차
624 51조(최용건)37 디바인퓨처즈        관   06:17     06:32       0:15   금
625 51조(최용건) 1 로열장다크          기   07:26     07:35       0:09   금
626 51조(최용건)23 마하스타            관   07:47     08:01       0:14   차
627 51조(최용건)14 스탈렛              관   08:07     08:20       0:13   차
628 51조(최용건)21 스포블레이드        관   07:10     07:22       0:12   차
629 51조(최용건)30 스프링킹            관   07:00     07:16       0:16   차
630 51조(최용건) 4 신의한수            관   06:50     07:03       0:13   차
631 51조(최용건)17 울트라갤럭시        관   07:30     07:41       0:11   차
632 51조(최용건)16 인빅터스            관   06:46     06:58       0:12   금
633 51조(최용건) 3 장산탱크            관   07:04     07:17       0:13   차
634 51조(최용건)36 케이엔언더킹        기   07:43     07:58       0:15   금
635 51조(최용건)11 퍼펙트건맨          관   06:21     06:35       0:14   금
636 51조(최용건)25 피엔에스번쩍        기   06:21     06:35       0:14   차
637 51조(최용건)38 할슈타트            기   06:52     07:17       0:25   차
638 52조(김동균)21 그로우              관   09:43     09:58       0:15   차
639 52조(김동균)37 글로리앤아너        관   06:47     06:59       0:12   금
640 52조(김동균)28 다산질주            기   08:32     08:46       0:14   차
641 52조(김동균)15 랠리퀸              관   09:04     09:19       0:15   금
642 52조(김동균)30 럭키허니            관   07:40     07:53       0:13   차
643 52조(김동균)39 베스트팰컨          기   09:04     09:14       0:10   차
644 52조(김동균)22 비에스에너지        관   06:17     06:32       0:15   차
645 52조(김동균)12 빅터문              관   09:20     09:35       0:15   금
646 52조(김동균)17 앱설루트명작        관   06:17     06:30       0:13   차
647 52조(김동균) 6 엠제이스톰          기   08:02     08:14       0:12   금
648 52조(김동균)19 엠제이포인트        기   08:48     09:00       0:12   차
649 52조(김동균)16 인생의감동          관   08:45     08:59       0:14   금
650 52조(김동균) 1 제축일호            관   07:44     07:56       0:12   차
651 52조(김동균) 7 천둥세자            관   09:08     09:18       0:10   차
652 52조(김동균)20 천지스카이          관   07:07     07:26       0:19   차
653 52조(김동균)36 캔디존              관   07:35     07:48       0:13   차
654 52조(김동균)14 클레어파워          관   07:28     07:40       0:12   금
655 52조(김동균) 5 하이본미            기   08:15     08:31       0:16   차
656 52조(김동균)32 허밍버드            관   07:15     07:28       0:13   금
657 53조(김동철)34 교룡득수            관   08:31     08:41       0:10   차
658 53조(김동철)39 나올킹              기   07:31     07:54       0:23   차
659 53조(김동철) 2 대한질주            관   06:40     06:56       0:16   특
660 53조(김동철) 7 밀키셰리            관   09:37     09:46       0:09   차
661 53조(김동철)32 블루키톤            관   06:48     07:01       0:13   차
662 53조(김동철)29 샤크플레이          관   09:04     09:13       0:09   차
663 53조(김동철) 5 스타태풍            기   07:44     07:54       0:10   금
664 53조(김동철)30 스틸플레이          관   09:40     09:48       0:08   차
665 53조(김동철)10 시크릿플레이        기   07:55     08:13       0:18   금
666 53조(김동철)17 에이원스타          기   08:33     08:48       0:15   차
667 53조(김동철)35 에코존              관   08:51     09:04       0:13   차
668 53조(김동철)24 영블러드            관   06:58     07:19       0:21   차
669 53조(김동철) 8 온천하              관   08:41     08:55       0:14   차
670 53조(김동철) 4 케이톱킹            관   08:26     08:36       0:10   금
671 53조(김동철) 6 태양타고            관   08:51     09:02       0:11   금
672 53조(김동철)25 페더럴킹            기   06:58     07:13       0:15   금
673 54조(박천서)17 그레이스리          관   08:38     08:56       0:18   차
674 54조(박천서) 3 도리포              관   07:55     08:15       0:20   차
675 54조(박천서)18 라로마네            기   07:21     07:36       0:15   금
676 54조(박천서) 8 레드백              기   06:43     06:55       0:12   금
677 54조(박천서)35 마의웨이            관   06:31     06:45       0:14   차
678 54조(박천서)29 보름달빛            관   06:14     06:30       0:16   차
679 54조(박천서) 5 불방울              관   07:09     07:28       0:19   차
680 54조(박천서)20 샤프선샤인          기   07:53     08:15       0:22   차
681 54조(박천서) 2 스카이텐            기   06:57     07:07       0:10   차
682 54조(박천서)39 은성노을            기   07:57     08:12       0:15   차
683 54조(박천서) 4 정우도다샤          관   08:27     08:39       0:12   금
684 54조(박천서)31 정우포에버          기   07:26     07:38       0:12   차
685 54조(박천서) 6 퍼플스톰            기   07:11     07:25       0:14   차
━━━━━━━━━━━━━━━━━━━━━━━━━━━━━━━━━━━━━━━
                                                      출력일자 : 2022.10.12

