

제목 : 22년05월21일(토)  제 1경주

(서울) 제37일 1200M 국6등급    별정A       경주명 : 일반                        
경주조건:       R0~0  3세이하                    날씨:맑음 주로:건조  (3%)
순위상금: 22,000천원   8,800천원   5,600천원   2,000천원   1,600천원
부가상금:      0천원       0천원       0천원
-------------------------------------------------------------------------------------------------
순위 마번    마    명         산지   성별 연령 부담중량  기수명   조교사   마주명           레이팅
-------------------------------------------------------------------------------------------------
  1    8  드림케이             한(포) 암     3    54.0   문세영   박대흥   강경운                
  2    5  머스탱참             한     암     3    54.0   조상범   김동철   김세민                
  3    4  이너피스             한     암     3    54.0   이동하   강성오   김경민                
  4    7  톱포지션             한     암     3    54.0   안토니오 이관호   (주)디알엠씨티        
  5   11  슈팅리버스           한     암     3    54.0   송재철   김동균   공이공팔              
  6    9  매디슨뮤직           한(포) 암     3    50.0   김태희   박희철   이미경                
  7    2  피엔에스싱           한     암     3    54.0   문정균   배휴준   피엔에스홈즈          
  8    6  헤이마마             한     암     3    54.0   김정준   유재길   오상철                
  9    3  비밀상자             한     암     3    54.0   유승완   송문길   정형철                
 10    1  초원의힘             한     암     3    54.0   임다빈   우창구   조홍구                
 11   10  투투키튼             한     암     3    54.0   다비드   서홍수   강용익                
-------------------------------------------------------------------------------------------------
순위 마번    마      명       마 체 중  기 록  도 착 차  S1F-1C-2C-3C-4C-G1F
-------------------------------------------------------------------------------------------------
  1    8  드림케이             474( -5) 1:16.1            7-  -  - 6- 5- 2
  2    5  머스탱참             484( +6) 1:16.5  2         3-  -  - 3- 3- 3
  3    4  이너피스             461(-20) 1:17.1  4         2-  -  - 2- 2- 1
  4    7  톱포지션             462(+10) 1:17.5  2         4-  -  - 4- 4- 5
  5   11  슈팅리버스           462(-20) 1:17.9  2½      10-  -  - 9- 9- 7
  6    9  매디슨뮤직           475( +0) 1:18.0  ½        5-  -  - 7- 8- 8
  7    2  피엔에스싱           472( +3) 1:18.3  1¾       1-  -  - 1- 1- 4
  8    6  헤이마마             459(-18) 1:18.6  2         6-  -  - 5- 6- 6
  9    3  비밀상자             420( -6) 1:18.9  1¾       9-  -  -11-11-10
 10    1  초원의힘             487( +1) 1:19.8  5         8-  -  - 8- 7- 9
 11   10  투투키튼             468( +2) 1:21.8  12       11-  -  -10-10-11
-------------------------------------------------------------------------------------------------
순위 마번    G-3Ｆ   S-1F  １코너  ２코너  ３코너  ４코너    G-1F  단승식 연승식
-------------------------------------------------------------------------------------------------
  1    8   39.2    0:14.2                  0:25.3  0:43.1   14.0      1.3    1.0
  2    5   40.0    0:13.7                  0:24.8  0:42.8   14.3     11.3    1.8
  3    4   41.1    0:13.6                  0:24.4  0:42.2   15.0    105.4   18.2
  4    7   40.8    0:13.9                  0:24.9  0:42.9   14.6      6.1    1.5
  5   11   40.0    0:14.5                  0:25.8  0:44.2   14.2     84.7    8.5
  6    9   40.3    0:14.1                  0:25.6  0:43.9   14.2     37.7    9.2
  7    2   42.3    0:13.6                  0:24.4  0:42.2   15.8     15.3    1.8
  8    6   41.3    0:14.2                  0:25.3  0:43.6   14.9    219.8   27.1
  9    3   40.4    0:14.5                  0:26.3  0:44.9   14.4     79.5   10.0
 10    1   42.2    0:14.5                  0:25.8  0:43.9   15.8    122.2   22.8
 11   10   43.8    0:15.0                  0:25.9  0:44.4   16.5     12.6    2.0
-------------------------------------------------------------------------------------------------
(복승식 배당률)
  1- 2   392.9  2- 9   155.3  4- 5   296.8  5-15     0.0  8- 9    26.4 11-12     0.0
  1- 3   964.8  2-10    44.8  4- 6  1454.7  5-16     0.0  8-10     6.2 11-13     0.0
  1- 4  1995.2  2-11   273.8  4- 7   251.9  6- 7   288.0  8-11    47.8 11-14     0.0
  1- 5   404.2  2-12     0.0  4- 8    61.2  6- 8    82.3  8-12     0.0 11-15     0.0
  1- 6  2539.7  2-13     0.0  4- 9  1091.4  6- 9  1135.7  8-13     0.0 11-16     0.0
  1- 7   273.7  2-14     0.0  4-10   550.8  6-10   524.7  8-14     0.0 12-13     0.0
  1- 8    79.1  2-15     0.0  4-11   861.9  6-11  1843.8  8-15     0.0 12-14     0.0
  1- 9  1459.3  2-16     0.0  4-12     0.0  6-12     0.0  8-16     0.0 12-15     0.0
  1-10   450.8  3- 4   755.4  4-13     0.0  6-13     0.0  9-10    94.0 12-16     0.0
  1-11  1428.6  3- 5   126.5  4-14     0.0  6-14     0.0  9-11   779.3 13-14     0.0
  1-12     0.0  3- 6  1373.0  4-15     0.0  6-15     0.0  9-12     0.0 13-15     0.0
  1-13     0.0  3- 7    97.6  4-16     0.0  6-16     0.0  9-13     0.0 13-16     0.0
  1-14     0.0  3- 8    33.3  5- 6   312.8  7- 8     3.0  9-14     0.0 14-15     0.0
  1-15     0.0  3- 9   558.7  5- 7    21.4  7- 9    94.5  9-15     0.0 14-16     0.0
  1-16     0.0  3-10   241.1  5- 8     5.0  7-10    25.0  9-16     0.0 15-16     0.0
  2- 3   135.9  3-11   814.4  5- 9   137.8  7-11   152.3 10-11   274.6  0- 0     0.0
  2- 4   306.3  3-12     0.0  5-10    39.7  7-12     0.0 10-12     0.0  0- 0     0.0
  2- 5    27.1  3-13     0.0  5-11   261.7  7-13     0.0 10-13     0.0  0- 0     0.0
  2- 6   399.9  3-14     0.0  5-12     0.0  7-14     0.0 10-14     0.0  0- 0     0.0
  2- 7    19.3  3-15     0.0  5-13     0.0  7-15     0.0 10-15     0.0  0- 0     0.0
  2- 8     5.1  3-16     0.0  5-14     0.0  7-16     0.0 10-16     0.0  0- 0     0.0
-------------------------------------------------------------------------------------------------
매출액 단식:     20,334,300    연식:     42,162,500      복식:    502,364,000
       복연:    102,093,500    쌍식:    206,258,600      삼복:    575,253,100
       삼쌍:    275,158,000    합계:  1,723,624,000
-------------------------------------------------------------------------------------------------
배당률 단: ⑧1.3        연: ⑧1.0 ⑤1.8 ④18.2         복: ⑧⑤5.0       4F:51.7
                                                                         3F:40.1
                        쌍: ⑧⑤6.2       
     복연: ⑧⑤2.5 ⑧④16.8 ⑤④42.6
     삼복: ⑧⑤④88.4 
     삼쌍: ⑧⑤④188.3 
-------------------------------------------------------------------------------------------------
펄 롱:13.6 10.8 11.6   12.7   13.4   14.0   
통과M:  200  400  600    800    1000   1200
통과T:13.6 24.4 36.0 0:48.7 1:02.1 1:16.1 
-------------------------------------------------------------------------------------------------
통과순위 S-1F : (2,4,5),7,(6,8,9),(1,3,11)-10           
           C1 :                                         
           C2 :                                         
           C3 : (2,4)-(5,7)-(6,8),9,(1,11,10)-3         
           C4 : (2,4)-(5,7),8-6,(1,9),11,10-3           
         G-1F : (4,5,8),2-7=(6,11,9),1-3=10             
-------------------------------------------------------------------------------------------------
구분 출전번호  대상명            처분종류     처분내용                     세부내용
-------------------------------------------------------------------------------------------------
기수    5      조상범            견책                                      결승선 전방 약 400m 지점 바깥으로 진로변경 7번 주행방해
기수    9      김태희            견책                                      3코너 지점 안으로 진로변경 11번 주행방해          
말     10      투투키튼          출발심사                                  출발불량                                          
말     10      투투키튼          주행심사                                  경주능력부진(1위마와 33.5마신 차)                 
말      7      톱포지션          출발심사                                  출발자세불량                                      
-------------------------------------------------------------------------------------------------


제목 : 22년05월21일(토)  제 2경주

(서울) 제37일 1300M 국6등급    별정A       경주명 : 일반                        
경주조건:       R0~0  3세이하                    날씨:맑음 주로:건조  (3%)
순위상금: 22,000천원   8,800천원   5,600천원   2,000천원   1,600천원
부가상금:      0천원       0천원       0천원
-------------------------------------------------------------------------------------------------
순위 마번    마    명         산지   성별 연령 부담중량  기수명   조교사   마주명           레이팅
-------------------------------------------------------------------------------------------------
  1    7  미르베스트           한     수     3    56.0   이용호   임봉춘   김은갑                
  2    6  고져스서브           한     암     3    54.0   송재철   김동균   박준배                
  3    4  디바인퓨처즈         한     수     3    56.0   정정희   최용건   김정철                
  4    8  미라클케이           한     암     3    54.0   안토니오 박대흥   강경운                
  5    2  로즈골드             한     거     3    56.0   김옥성   임채덕   황혜정                
  6    5  피엔에스린           한     거     3    56.0   문정균   구자흥   피엔에스홈즈          
  7    3  원평버드             한     수     3    56.0   박병윤   유재길   김용재                
  8    1  네버네버스톱         한(포) 거     3    56.0   김정준   서범석   서창식                
-------------------------------------------------------------------------------------------------
순위 마번    마      명       마 체 중  기 록  도 착 차  S1F-1C-2C-3C-4C-G1F
-------------------------------------------------------------------------------------------------
  1    7  미르베스트           528(+10) 1:22.7            2-  -  - 2- 2- 1
  2    6  고져스서브           490( -6) 1:22.8  ½        3-  -  - 4- 4- 2
  3    4  디바인퓨처즈         441( -2) 1:23.2  2         5-  -  - 5- 5- 4
  4    8  미라클케이           443( -4) 1:23.9  4         1-  -  - 1- 1- 3
  5    2  로즈골드             454( -6) 1:24.0  ¾        4-  -  - 3- 3- 5
  6    5  피엔에스린           499( +4) 1:25.5  9         6-  -  - 7- 6- 6
  7    3  원평버드             466( +1) 1:25.6  ½        8-  -  - 8- 8- 8
  8    1  네버네버스톱         482(+10) 1:25.6  코        7-  -  - 6- 7- 7
-------------------------------------------------------------------------------------------------
순위 마번    G-3Ｆ   S-1F  １코너  ２코너  ３코너  ４코너    G-1F  단승식 연승식
-------------------------------------------------------------------------------------------------
  1    7   40.0    0:13.5                  0:30.4  0:49.1   14.2      3.0    1.1
  2    6   39.8    0:13.6                  0:30.6  0:49.3   14.2      1.4    1.0
  3    4   40.1    0:13.9                  0:30.9  0:49.6   14.1     16.0    1.7
  4    8   41.3    0:13.4                  0:30.2  0:49.1   15.1     28.9    3.5
  5    2   41.1    0:13.7                  0:30.6  0:49.3   14.8     31.9    5.6
  6    5   41.9    0:14.4                  0:31.6  0:50.0   15.4     59.8    8.5
  7    3   41.3    0:15.6                  0:32.3  0:50.6   14.6     45.6    4.4
  8    1   42.0    0:14.5                  0:31.6  0:50.2   14.6     20.1    2.2
-------------------------------------------------------------------------------------------------
(복승식 배당률)
  1- 2   148.1  2- 9     0.0  4- 5   220.7  5-15     0.0  8- 9     0.0 11-12     0.0
  1- 3   166.8  2-10     0.0  4- 6     5.2  5-16     0.0  8-10     0.0 11-13     0.0
  1- 4    49.3  2-11     0.0  4- 7    12.5  6- 7     1.7  8-11     0.0 11-14     0.0
  1- 5   402.7  2-12     0.0  4- 8    75.7  6- 8    11.8  8-12     0.0 11-15     0.0
  1- 6     9.6  2-13     0.0  4- 9     0.0  6- 9     0.0  8-13     0.0 11-16     0.0
  1- 7    22.4  2-14     0.0  4-10     0.0  6-10     0.0  8-14     0.0 12-13     0.0
  1- 8   111.1  2-15     0.0  4-11     0.0  6-11     0.0  8-15     0.0 12-14     0.0
  1- 9     0.0  2-16     0.0  4-12     0.0  6-12     0.0  8-16     0.0 12-15     0.0
  1-10     0.0  3- 4    89.3  4-13     0.0  6-13     0.0  9-10     0.0 12-16     0.0
  1-11     0.0  3- 5   557.5  4-14     0.0  6-14     0.0  9-11     0.0 13-14     0.0
  1-12     0.0  3- 6    25.0  4-15     0.0  6-15     0.0  9-12     0.0 13-15     0.0
  1-13     0.0  3- 7    65.7  4-16     0.0  6-16     0.0  9-13     0.0 13-16     0.0
  1-14     0.0  3- 8   253.9  5- 6    44.2  7- 8    33.2  9-14     0.0 14-15     0.0
  1-15     0.0  3- 9     0.0  5- 7   141.0  7- 9     0.0  9-15     0.0 14-16     0.0
  1-16     0.0  3-10     0.0  5- 8   395.7  7-10     0.0  9-16     0.0 15-16     0.0
  2- 3   307.5  3-11     0.0  5- 9     0.0  7-11     0.0 10-11     0.0  0- 0     0.0
  2- 4   105.1  3-12     0.0  5-10     0.0  7-12     0.0 10-12     0.0  0- 0     0.0
  2- 5   500.2  3-13     0.0  5-11     0.0  7-13     0.0 10-13     0.0  0- 0     0.0
  2- 6    19.1  3-14     0.0  5-12     0.0  7-14     0.0 10-14     0.0  0- 0     0.0
  2- 7    59.4  3-15     0.0  5-13     0.0  7-15     0.0 10-15     0.0  0- 0     0.0
  2- 8   184.7  3-16     0.0  5-14     0.0  7-16     0.0 10-16     0.0  0- 0     0.0
-------------------------------------------------------------------------------------------------
매출액 단식:     20,449,400    연식:     35,341,000      복식:    502,987,900
       복연:    142,301,300    쌍식:    272,282,600      삼복:    696,325,400
       삼쌍:    413,659,700    합계:  2,083,347,300
-------------------------------------------------------------------------------------------------
배당률 단: ⑦3.0        연: ⑦1.1 ⑥1.0 ④1.7          복: ⑦⑥1.7       4F:52.5
                                                                         3F:40.1
                        쌍: ⑦⑥4.7       
     복연: ⑦⑥1.0 ⑦④2.5 ⑥④1.9
     삼복: ⑦⑥④3.0 
     삼쌍: ⑦⑥④15.6 
-------------------------------------------------------------------------------------------------
펄 롱: 8.0 10.8 11.4   12.4   12.9   13.0   14.2   
통과M:  100  300  500    700    900    1100   1300
통과T:08.0 18.8 30.2 0:42.6 0:55.5 1:08.5 1:22.7 
-------------------------------------------------------------------------------------------------
통과순위 S-1F : (7,^8),(2,6),4-(1,5)=3                  
           C1 :                                         
           C2 :                                         
           C3 : 8,7,(2,6),4-(1,5)-3                     
           C4 : (8,7),(2,6),4-5,1-3                     
         G-1F : (^7,6),8,(2,4)=5=(1,3)                  
-------------------------------------------------------------------------------------------------
구분 출전번호  대상명            처분종류     처분내용                     세부내용
-------------------------------------------------------------------------------------------------
기수    7      이용호            견책                                      출발 후 약 200m 지점 안으로 진로변경 6번 주행방해 
말      3      원평버드          출발심사                                  출발불량                                          
말      5      피엔에스린        출발심사                                  진입 및 출발자세불량                              
-------------------------------------------------------------------------------------------------


제목 : 22년05월21일(토)  제 3경주

(서울) 제37일 1300M 국6등급    별정A       경주명 : 일반                        
경주조건:       R0~0  연령오픈                   날씨:맑음 주로:건조  (3%)
순위상금: 13,750천원   5,500천원   3,500천원   1,250천원   1,000천원
부가상금:      0천원       0천원       0천원
-------------------------------------------------------------------------------------------------
순위 마번    마    명         산지   성별 연령 부담중량  기수명   조교사   마주명           레이팅
-------------------------------------------------------------------------------------------------
  1    8  스마트별             한     암     3    54.0   김용근   조현수   김조은                
  2    7  명진캔디             한(포) 암     4    50.0   김태희   임봉춘   (주)자성실업          
  3    9  에이스플랜           한     수     3    56.0   빅투아르 홍대유   황봉기                
  4   10  로스트워             한(포) 암     4    54.0   문정균   손영표   피엔에스홈즈          
  5    4  야무진왕초           한     수     3    56.0   조한별   안병기   우태율                
  6    2  방탄여걸             한     암     4    54.0   이혁     이관호   김태권                
  7    1  금성환희             한     수     3    56.0   김옥성   손영표   조창규                
  8    3  서머에이스           한     수     3    56.0   김정준   김동균   김한수                
  9    6  보스베이비           한     거     3    56.0   이동하   배대선   조중호                
 10    5  라온더피버           한     암     3    51.0   김아현   박종곤   손광섭                
-------------------------------------------------------------------------------------------------
순위 마번    마      명       마 체 중  기 록  도 착 차  S1F-1C-2C-3C-4C-G1F
-------------------------------------------------------------------------------------------------
  1    8  스마트별             441( +0) 1:22.3            5-  -  - 5- 5- 5
  2    7  명진캔디             489(+11) 1:22.4  ¾        1-  -  - 1- 1- 1
  3    9  에이스플랜           496( +1) 1:22.5  머리      3-  -  - 2- 2- 2
  4   10  로스트워             443( +5) 1:23.3  5         8-  -  - 4- 4- 4
  5    4  야무진왕초           465( -1) 1:23.4  ½        2-  -  - 3- 3- 3
  6    2  방탄여걸             441(+11) 1:23.4  코        9-  -  - 8- 7- 6
  7    1  금성환희             489( -5) 1:24.2  4         6-  -  -10-10- 9
  8    3  서머에이스           474( -3) 1:24.6  2         4-  -  - 7- 8- 8
  9    6  보스베이비           443( -5) 1:25.2  3         7-  -  - 6- 6- 7
 10    5  라온더피버           416( +5) 1:25.3  ¾       10-  -  - 9- 9-10
-------------------------------------------------------------------------------------------------
순위 마번    G-3Ｆ   S-1F  １코너  ２코너  ３코너  ４코너    G-1F  단승식 연승식
-------------------------------------------------------------------------------------------------
  1    8   39.3    0:13.7                  0:30.8  0:49.2   13.8     20.7    4.9
  2    7   40.6    0:13.4                  0:30.0  0:48.0   14.8      2.6    1.3
  3    9   40.3    0:13.6                  0:30.3  0:48.4   14.6      3.5    1.6
  4   10   40.7    0:13.9                  0:30.7  0:48.8   14.8      7.7    2.3
  5    4   40.9    0:13.6                  0:30.6  0:48.7   14.9     14.4    3.2
  6    2   39.6    0:14.0                  0:31.5  0:50.1   13.8      7.6    1.9
  7    1   39.4    0:13.9                  0:31.9  0:51.4   13.7     27.0    4.9
  8    3   40.8    0:13.7                  0:31.3  0:50.2   14.3     44.1    5.8
  9    6   42.1    0:13.9                  0:31.0  0:49.4   15.4     45.7    5.3
 10    5   41.1    0:14.0                  0:31.6  0:50.7   14.7      8.3    3.1
-------------------------------------------------------------------------------------------------
(복승식 배당률)
  1- 2    43.8  2- 9    11.8  4- 5    37.4  5-15     0.0  8- 9    29.9 11-12     0.0
  1- 3   262.7  2-10    30.7  4- 6   260.0  5-16     0.0  8-10    62.6 11-13     0.0
  1- 4    68.4  2-11     0.0  4- 7    10.4  6- 7    71.6  8-11     0.0 11-14     0.0
  1- 5    88.6  2-12     0.0  4- 8    74.1  6- 8   287.4  8-12     0.0 11-15     0.0
  1- 6   312.0  2-13     0.0  4- 9    18.2  6- 9   129.2  8-13     0.0 11-16     0.0
  1- 7    19.3  2-14     0.0  4-10    53.5  6-10   315.3  8-14     0.0 12-13     0.0
  1- 8   100.5  2-15     0.0  4-11     0.0  6-11     0.0  8-15     0.0 12-14     0.0
  1- 9    35.7  2-16     0.0  4-12     0.0  6-12     0.0  8-16     0.0 12-15     0.0
  1-10    65.4  3- 4   174.8  4-13     0.0  6-13     0.0  9-10    16.2 12-16     0.0
  1-11     0.0  3- 5   173.9  4-14     0.0  6-14     0.0  9-11     0.0 13-14     0.0
  1-12     0.0  3- 6   649.7  4-15     0.0  6-15     0.0  9-12     0.0 13-15     0.0
  1-13     0.0  3- 7    56.0  4-16     0.0  6-16     0.0  9-13     0.0 13-16     0.0
  1-14     0.0  3- 8   204.7  5- 6   307.8  7- 8    21.9  9-14     0.0 14-15     0.0
  1-15     0.0  3- 9    84.3  5- 7    14.4  7- 9     5.7  9-15     0.0 14-16     0.0
  1-16     0.0  3-10   204.5  5- 8    82.1  7-10    11.8  9-16     0.0 15-16     0.0
  2- 3   142.2  3-11     0.0  5- 9    23.8  7-11     0.0 10-11     0.0  0- 0     0.0
  2- 4    28.7  3-12     0.0  5-10    51.5  7-12     0.0 10-12     0.0  0- 0     0.0
  2- 5    30.0  3-13     0.0  5-11     0.0  7-13     0.0 10-13     0.0  0- 0     0.0
  2- 6   230.5  3-14     0.0  5-12     0.0  7-14     0.0 10-14     0.0  0- 0     0.0
  2- 7     7.4  3-15     0.0  5-13     0.0  7-15     0.0 10-15     0.0  0- 0     0.0
  2- 8    49.3  3-16     0.0  5-14     0.0  7-16     0.0 10-16     0.0  0- 0     0.0
-------------------------------------------------------------------------------------------------
매출액 단식:     30,859,800    연식:     62,677,500      복식:    961,610,300
       복연:    139,289,200    쌍식:    284,546,300      삼복:    929,838,100
       삼쌍:    356,549,000    합계:  2,765,370,200
-------------------------------------------------------------------------------------------------
배당률 단: ⑧20.7       연: ⑧4.9 ⑦1.3 ⑨1.6          복: ⑧⑦21.9      4F:52.3
                                                                         3F:40.5
                        쌍: ⑧⑦64.6      
     복연: ⑧⑦8.7 ⑧⑨10.3 ⑦⑨2.7
     삼복: ⑧⑦⑨20.5 
     삼쌍: ⑧⑦⑨235.5 
-------------------------------------------------------------------------------------------------
펄 롱: 8.0 11.0 11.0   11.8   12.8   13.0   14.7   
통과M:  100  300  500    700    900    1100   1300
통과T:08.0 19.0 30.0 0:41.8 0:54.6 1:07.6 1:22.3 
-------------------------------------------------------------------------------------------------
통과순위 S-1F : 7,(3,4,8,9),(1,2,5,6,10)                
           C1 :                                         
           C2 :                                         
           C3 : 7,9,(4,10),8,6,3,(2,5),1                
           C4 : 7-9,(4,10)-8,6-(3,2)-5-1                
         G-1F : 7,9-(4,10,8)=2,6-3,(1,5)                
-------------------------------------------------------------------------------------------------
구분 출전번호  대상명            처분종류     처분내용                     세부내용
-------------------------------------------------------------------------------------------------
기수    8      김용근            견책                                      결승선 통과 전 추진 멈춘 후 불필요한 우승 세리머니
기수    9      빅투아르          견책                                      출발 후 약 200m 지점 안으로 진로변경 8번 주행방해 
-------------------------------------------------------------------------------------------------


제목 : 22년05월21일(토)  제 4경주

(서울) 제37일 1300M 국5등급    핸디캡      경주명 : 일반                        
경주조건:      R1~35  연령오픈                   날씨:맑음 주로:건조  (3%)
순위상금: 33,000천원  13,200천원   8,400천원   3,000천원   2,400천원
부가상금:      0천원       0천원       0천원
-------------------------------------------------------------------------------------------------
순위 마번    마    명         산지   성별 연령 부담중량  기수명   조교사   마주명           레이팅
-------------------------------------------------------------------------------------------------
  1    2  정상제트             한(포) 암     3    52.0   정정희   박희철   정동진              29
  2    6  와일드삭스           한     수     3    54.5   안토니오 이관호   김창식              30
  3    4  미스양호             한     암     4    52.0   이혁     전승규   박기태              27
  4    1  불의꽃               한     암     3    52.0   임다빈   임채덕   황경호              29
  5    3  올가림               한     수     3    54.0   김태훈   지용철   임수복              29
  6    5  피엔에스아이         한     수     3    54.5   문정균   박천서   피엔에스커튼월      30
  7    7  삼정타퍼즈           한     거     5    55.5   하정훈   토니     김형란              32
  8    8  걸작우먼             한     암     4    54.5   박태종   박윤규   박덕희              34
  9    9  인듀어런스           한     수     6    57.0   김옥성   지용철   조용학              35
-------------------------------------------------------------------------------------------------
순위 마번    마      명       마 체 중  기 록  도 착 차  S1F-1C-2C-3C-4C-G1F
-------------------------------------------------------------------------------------------------
  1    2  정상제트             472( +4) 1:21.8            2-  -  - 2- 2- 1
  2    6  와일드삭스           457( +0) 1:22.3  2½       5-  -  - 5- 7- 5
  3    4  미스양호             468( +3) 1:22.5  1         9-  -  - 8- 8- 6
  4    1  불의꽃               482( +3) 1:22.7  1¼       1-  -  - 1- 1- 2
  5    3  올가림               508( +6) 1:23.0  1¾       3-  -  - 6- 6- 4
  6    5  피엔에스아이         499(-12) 1:23.3  1¾       4-  -  - 3- 3- 3
  7    7  삼정타퍼즈           481( +4) 1:23.6  1½       8-  -  - 7- 5- 8
  8    8  걸작우먼             492( +0) 1:23.8  1¼       7-  -  - 9- 9- 9
  9    9  인듀어런스           544(+10) 1:24.7  5         6-  -  - 4- 4- 7
-------------------------------------------------------------------------------------------------
순위 마번    G-3Ｆ   S-1F  １코너  ２코너  ３코너  ４코너    G-1F  단승식 연승식
-------------------------------------------------------------------------------------------------
  1    2   39.9    0:13.6                  0:29.9  0:48.1   14.2     34.5    5.9
  2    6   39.7    0:13.6                  0:30.4  0:49.0   13.8      5.6    1.8
  3    4   39.6    0:14.1                  0:30.8  0:49.2   13.8      5.7    1.7
  4    1   41.0    0:13.4                  0:29.8  0:48.0   14.8      6.1    1.9
  5    3   40.4    0:13.6                  0:30.5  0:48.9   14.5     16.7    3.2
  6    5   41.4    0:13.6                  0:29.9  0:48.1   15.0      7.3    2.3
  7    7   41.0    0:14.0                  0:30.5  0:48.8   14.9     12.1    2.7
  8    8   40.3    0:13.9                  0:31.0  0:49.7   14.6      2.7    1.6
  9    9   42.6    0:13.7                  0:30.0  0:48.3   16.0     20.1    5.9
-------------------------------------------------------------------------------------------------
(복승식 배당률)
  1- 2    72.0  2- 9   242.9  4- 5    21.0  5-15     0.0  8- 9    32.6 11-12     0.0
  1- 3    33.9  2-10     0.0  4- 6    11.8  5-16     0.0  8-10     0.0 11-13     0.0
  1- 4    12.1  2-11     0.0  4- 7    26.2  6- 7    35.2  8-11     0.0 11-14     0.0
  1- 5    23.4  2-12     0.0  4- 8     7.1  6- 8     9.7  8-12     0.0 11-15     0.0
  1- 6    13.8  2-13     0.0  4- 9    62.5  6- 9    69.1  8-13     0.0 11-16     0.0
  1- 7    37.1  2-14     0.0  4-10     0.0  6-10     0.0  8-14     0.0 12-13     0.0
  1- 8     8.1  2-15     0.0  4-11     0.0  6-11     0.0  8-15     0.0 12-14     0.0
  1- 9    64.3  2-16     0.0  4-12     0.0  6-12     0.0  8-16     0.0 12-15     0.0
  1-10     0.0  3- 4    31.6  4-13     0.0  6-13     0.0  9-10     0.0 12-16     0.0
  1-11     0.0  3- 5    46.2  4-14     0.0  6-14     0.0  9-11     0.0 13-14     0.0
  1-12     0.0  3- 6    37.4  4-15     0.0  6-15     0.0  9-12     0.0 13-15     0.0
  1-13     0.0  3- 7    75.7  4-16     0.0  6-16     0.0  9-13     0.0 13-16     0.0
  1-14     0.0  3- 8    17.7  5- 6    26.8  7- 8    16.1  9-14     0.0 14-15     0.0
  1-15     0.0  3- 9   136.7  5- 7    45.2  7- 9   131.9  9-15     0.0 14-16     0.0
  1-16     0.0  3-10     0.0  5- 8    10.7  7-10     0.0  9-16     0.0 15-16     0.0
  2- 3   155.0  3-11     0.0  5- 9   105.5  7-11     0.0 10-11     0.0  0- 0     0.0
  2- 4    86.6  3-12     0.0  5-10     0.0  7-12     0.0 10-12     0.0  0- 0     0.0
  2- 5   114.0  3-13     0.0  5-11     0.0  7-13     0.0 10-13     0.0  0- 0     0.0
  2- 6    72.2  3-14     0.0  5-12     0.0  7-14     0.0 10-14     0.0  0- 0     0.0
  2- 7   179.5  3-15     0.0  5-13     0.0  7-15     0.0 10-15     0.0  0- 0     0.0
  2- 8    53.9  3-16     0.0  5-14     0.0  7-16     0.0 10-16     0.0  0- 0     0.0
-------------------------------------------------------------------------------------------------
매출액 단식:     40,157,600    연식:     67,715,900      복식:  1,230,496,500
       복연:    154,821,000    쌍식:    341,596,100      삼복:  1,062,328,600
       삼쌍:    406,104,200    합계:  3,303,219,900
-------------------------------------------------------------------------------------------------
배당률 단: ②34.5       연: ②5.9 ⑥1.8 ④1.7          복: ②⑥72.2      4F:52.0
                                                                         3F:40.1
                        쌍: ②⑥199.8     
     복연: ②⑥16.1 ②④20.4 ⑥④3.6
     삼복: ②⑥④106.7 
     삼쌍: ②⑥④976.5 
-------------------------------------------------------------------------------------------------
펄 롱: 8.0 11.0 10.8   11.9   12.8   13.1   14.2   
통과M:  100  300  500    700    900    1100   1300
통과T:08.0 19.0 29.8 0:41.7 0:54.5 1:07.6 1:21.8 
-------------------------------------------------------------------------------------------------
통과순위 S-1F : 1,(2,3,5,6,9),(7,8),4                   
           C1 :                                         
           C2 :                                         
           C3 : (^1,2,5),9-(3,6,7),4,8                  
           C4 : (^1,2,5),9-(3,7),6,4-8                  
         G-1F : 2,1-5,(3,6),(4,9,7)-8                   
-------------------------------------------------------------------------------------------------
구분 출전번호  대상명            처분종류     처분내용                     세부내용
-------------------------------------------------------------------------------------------------
말      6      와일드삭스        주의                                      3-4코너 구간 바깥으로 기댐                        
말      7      삼정타퍼즈        주행심사                                  3-4코너 구간 바깥으로 기댐(최근 1년 이내 3회차)   
-------------------------------------------------------------------------------------------------


제목 : 22년05월21일(토)  제 5경주

(서울) 제37일 1400M 국5등급    핸디캡      경주명 : 일반                        
경주조건:      R1~35  연령오픈                   날씨:맑음 주로:건조  (3%)
순위상금: 22,000천원   8,800천원   5,600천원   2,000천원   1,600천원
부가상금:      0천원       0천원       0천원
-------------------------------------------------------------------------------------------------
순위 마번    마    명         산지   성별 연령 부담중량  기수명   조교사   마주명           레이팅
-------------------------------------------------------------------------------------------------
  1    1  하이퍼카             한     거     5    57.0   임다빈   김동균   장석은              35
  2    7  더블테이크           한     암     4    52.0   이동하   안해양   김성래              26
  3    8  피엔에스빌           한(포) 수     3    54.5   문정균   유재길   피엔에스홈즈        30
  4    9  라스트펀치           한     암     3    53.0   유승완   곽영효   강승연              31
  5    6  블루참               한     거     5    53.0   다비드   서홍수   김세민              27
  6    2  멋진가이             한     거     4    52.0   이용호   최영주   이장운              24
  7   10  데스크탑             한     수     4    53.0   조상범   배휴준   조금제              27
  8   11  은혜파도             한     암     5    52.0   박을운   김동철   강태구              27
  9    3  런런런               한     수     4    56.0   부민호   서범석   청메이칭            33
 10   12  카우보이탱고         한     거     4    53.5   신형철   최상식   임동현              28
 11    5  챔피언가문           한     거     4    56.0   이현종   박대흥   (주)케이씨피        33
       4  럭키어필             한(포) 수     4    52.5   조한별   김동철   금악목장            26
-------------------------------------------------------------------------------------------------
순위 마번    마      명       마 체 중  기 록  도 착 차  S1F-1C-2C-3C-4C-G1F
-------------------------------------------------------------------------------------------------
  1    1  하이퍼카             463( +1) 1:28.3            2-  -  - 4- 4- 1
  2    7  더블테이크           451( -6) 1:29.0  4        10-  -  - 8- 7- 3
  3    8  피엔에스빌           462( +0) 1:29.1  ½        1-  -  - 1- 1- 2
  4    9  라스트펀치           449( -6) 1:29.6  2½       4-  -  - 2- 2- 4
  5    6  블루참               524(-10) 1:29.7  ½        6-  -  - 6- 6- 5
  6    2  멋진가이             436( -5) 1:29.7  코        9-  -  - 7- 9- 6
  7   10  데스크탑             478( +2) 1:29.8  ½        5-  -  - 5- 8- 8
  8   11  은혜파도             438( +1) 1:30.1  1¾      11-  -  -11-11-11
  9    3  런런런               464( -1) 1:30.1  코        7-  -  -10-10-10
 10   12  카우보이탱고         494( +1) 1:30.1  목        8-  -  - 9- 5- 7
 11    5  챔피언가문           461( -3) 1:30.2  ½        3-  -  - 3- 3- 9
       4  럭키어필             468( +1) 0:00.0  주행중지   -  -  -  -  -99
-------------------------------------------------------------------------------------------------
순위 마번    G-3Ｆ   S-1F  １코너  ２코너  ３코너  ４코너    G-1F  단승식 연승식
-------------------------------------------------------------------------------------------------
  1    1   39.4    0:13.7                  0:36.8  0:55.5   13.8      2.7    1.8
  2    7   39.4    0:14.6                  0:37.6  0:55.8   14.2     35.7    8.6
  3    8   40.5    0:13.6                  0:36.1  0:55.1   14.3     12.7    2.6
  4    9   40.9    0:13.9                  0:36.2  0:55.2   14.7      7.2    2.0
  5    6   40.1    0:14.1                  0:37.5  0:55.8   14.4     13.3    2.8
  6    2   39.8    0:14.5                  0:37.6  0:56.0   14.4     34.6    6.3
  7   10   40.4    0:13.9                  0:37.0  0:55.9   14.4     26.9   13.5
  8   11   39.0    0:14.8                  0:38.7  0:57.3   13.8     42.3   10.6
  9    3   39.9    0:14.2                  0:38.0  0:56.6   14.3     15.0    3.9
 10   12   40.6    0:14.3                  0:37.9  0:55.8   14.7      6.7    2.1
 11    5   41.3    0:13.9                  0:36.5  0:55.5   14.5      4.6    1.5
       4                                                             32.0    7.7
-------------------------------------------------------------------------------------------------
(복승식 배당률)
  1- 2    40.4  2- 9    90.8  4- 5    87.1  5-15     0.0  8- 9    25.7 11-12    99.7
  1- 3    18.8  2-10   921.0  4- 6   228.5  5-16     0.0  8-10   399.8 11-13     0.0
  1- 4    60.6  2-11   588.4  4- 7   550.6  6- 7   169.1  8-11   223.9 11-14     0.0
  1- 5     8.5  2-12    81.1  4- 8   198.9  6- 8    64.2  8-12    33.0 11-15     0.0
  1- 6    14.2  2-13     0.0  4- 9   121.4  6- 9    33.3  8-13     0.0 11-16     0.0
  1- 7    60.3  2-14     0.0  4-10   764.9  6-10   495.7  8-14     0.0 12-13     0.0
  1- 8    17.7  2-15     0.0  4-11   517.0  6-11   278.4  8-15     0.0 12-14     0.0
  1- 9     9.1  2-16     0.0  4-12   114.6  6-12    35.9  8-16     0.0 12-15     0.0
  1-10   170.8  3- 4   236.2  4-13     0.0  6-13     0.0  9-10   268.6 12-16     0.0
  1-11    76.1  3- 5    26.1  4-14     0.0  6-14     0.0  9-11   157.2 13-14     0.0
  1-12     9.5  3- 6    63.9  4-15     0.0  6-15     0.0  9-12    17.7 13-15     0.0
  1-13     0.0  3- 7   254.6  4-16     0.0  6-16     0.0  9-13     0.0 13-16     0.0
  1-14     0.0  3- 8    65.1  5- 6    23.3  7- 8   205.2  9-14     0.0 14-15     0.0
  1-15     0.0  3- 9    32.2  5- 7   101.2  7- 9   118.9  9-15     0.0 14-16     0.0
  1-16     0.0  3-10   616.7  5- 8    24.2  7-10   957.4  9-16     0.0 15-16     0.0
  2- 3   126.1  3-11   307.1  5- 9    11.6  7-11   597.0 10-11   549.4  0- 0     0.0
  2- 4   377.4  3-12    38.8  5-10   100.2  7-12   140.1 10-12   210.6  0- 0     0.0
  2- 5    59.5  3-13     0.0  5-11   138.4  7-13     0.0 10-13     0.0  0- 0     0.0
  2- 6   120.1  3-14     0.0  5-12    16.1  7-14     0.0 10-14     0.0  0- 0     0.0
  2- 7   328.0  3-15     0.0  5-13     0.0  7-15     0.0 10-15     0.0  0- 0     0.0
  2- 8   174.1  3-16     0.0  5-14     0.0  7-16     0.0 10-16     0.0  0- 0     0.0
-------------------------------------------------------------------------------------------------
매출액 단식:     47,393,200    연식:     73,274,000      복식:  1,323,276,100
       복연:    176,895,100    쌍식:    329,422,300      삼복:  1,144,219,500
       삼쌍:    394,212,800    합계:  3,488,693,000
-------------------------------------------------------------------------------------------------
배당률 단: ①2.7        연: ①1.8 ⑦8.6 ⑧2.6          복: ①⑦60.3      4F:52.2
                                                                         3F:39.7
                        쌍: ①⑦85.3      
     복연: ①⑦21.0 ①⑧6.6 ⑦⑧41.0
     삼복: ①⑦⑧258.2 
     삼쌍: ①⑦⑧1344.1 
-------------------------------------------------------------------------------------------------
펄 롱:13.6 11.2 11.3   12.5   13.1   12.8   13.8   
통과M:  200  400  600    800    1000   1200   1400
통과T:13.6 24.8 36.1 0:48.6 1:01.7 1:14.5 1:28.3 
-------------------------------------------------------------------------------------------------
통과순위 S-1F : (1,^8),(5,9,10),(3,6),12,(2,7),11 ·4    
           C1 :                                         
           C2 :                                         
           C3 : (^8,9),5,1,10-(2,6,7),(3,12)-11 ·4      
           C4 : (^8,9),(5,1),(12,10,6,7),2-3-11 ·4      
         G-1F : 1,(8,9,7)-(12,10,6,2),(5,3)-11 ·4       
-------------------------------------------------------------------------------------------------
구분 출전번호  대상명            처분종류     처분내용                     세부내용
-------------------------------------------------------------------------------------------------
말      4      럭키어필          주행중지                                  결승선 통과 전 마체이상 주행중지                  
말      4      럭키어필          경주부적격마                              경주 중 폐사                                      
-------------------------------------------------------------------------------------------------


제목 : 22년05월21일(토)  제 6경주

(서울) 제37일 1200M 혼4등급    별정A       경주명 : 일반                        
경주조건:      R1~50  연령오픈                   날씨:맑음 주로:건조  (3%)
순위상금: 33,000천원  13,200천원   8,400천원   3,000천원   2,400천원
부가상금:      0천원       0천원       0천원
-------------------------------------------------------------------------------------------------
순위 마번    마    명         산지   성별 연령 부담중량  기수명   조교사   마주명           레이팅
-------------------------------------------------------------------------------------------------
  1    9  문학시바             캐     수     4    56.0   이혁     박종곤   권경자              45
  2    5  위너콰드릴           한(포) 암     5    54.0   문세영   박대흥   요시다 가츠미       36
  3    2  흥드림               한     거     4    56.0   박태종   정호익   임한용              45
  4    1  최강블레이드         미     거     4    56.0   김용근   강환민   김형란              41
  5    4  천지광풍             미     수     3    55.0   임기원   박윤규   김영선              50
  6    6  글로벌매직           한     수     3    55.0   김동수   최상식   장재형              37
  7   10  스파이스타워         미     수     4    52.0   김태희   임채덕   황경호              37
  8   12  호크프린스           미     거     3    55.0   김정준   송문길   최상일              38
  9    7  야무진재수           미     수     3    55.0   임다빈   안병기   우태율              38
 10    3  내생애최고           미     수     4    56.0   안토니오 안병기   우태율              41
 11    8  그린폭주             한     암     4    54.0   박을운   홍대유   김재영b             38
 12   11  문학다이얼           미     수     3    55.0   유승완   김윤섭   권경자              38
-------------------------------------------------------------------------------------------------
순위 마번    마      명       마 체 중  기 록  도 착 차  S1F-1C-2C-3C-4C-G1F
-------------------------------------------------------------------------------------------------
  1    9  문학시바             515(+19) 1:13.6            1-  -  - 1- 1- 1
  2    5  위너콰드릴           470( +5) 1:13.6  ½        7-  -  - 7- 5- 4
  3    2  흥드림               492( +5) 1:13.7  ½        3-  -  - 3- 3- 2
  4    1  최강블레이드         491(+13) 1:14.4  4         2-  -  - 2- 2- 3
  5    4  천지광풍             492( -6) 1:14.7  1½       6-  -  - 5- 4- 5
  6    6  글로벌매직           468( +7) 1:15.1  2         9-  -  - 9- 7- 6
  7   10  스파이스타워         472( +1) 1:15.5  2         5-  -  - 4- 6- 7
  8   12  호크프린스           464( -4) 1:15.6  1        11-  -  -11- 9- 8
  9    7  야무진재수           499( -3) 1:15.6  코       10-  -  -10-10- 9
 10    3  내생애최고           457( -5) 1:16.3  4        12-  -  -12-12-12
 11    8  그린폭주             478( +4) 1:16.8  3         4-  -  - 6- 8-10
 12   11  문학다이얼           468( -4) 1:17.8  6         8-  -  - 8-11-11
-------------------------------------------------------------------------------------------------
순위 마번    G-3Ｆ   S-1F  １코너  ２코너  ３코너  ４코너    G-1F  단승식 연승식
-------------------------------------------------------------------------------------------------
  1    9   38.1    0:13.2                  0:23.7  0:41.6   13.7      3.6    1.8
  2    5   37.2    0:13.7                  0:24.6  0:42.2   13.1      4.2    1.6
  3    2   37.8    0:13.5                  0:24.1  0:41.9   13.5      4.2    1.6
  4    1   38.7    0:13.3                  0:23.9  0:41.7   14.1      7.3    2.7
  5    4   38.6    0:13.7                  0:24.4  0:42.1   13.9      8.4    3.7
  6    6   38.4    0:13.9                  0:24.8  0:42.7   13.8     20.0    3.4
  7   10   39.2    0:13.6                  0:24.1  0:42.4   14.2     43.3    7.5
  8   12   38.8    0:14.0                  0:25.1  0:42.9   13.8     21.2    4.0
  9    7   38.7    0:13.9                  0:24.8  0:43.1   13.4     75.0   25.4
 10    3   37.6    0:16.0                  0:27.1  0:44.7   13.6     14.0    3.4
 11    8   40.3    0:13.5                  0:24.4  0:42.8   14.6     35.7    4.8
 12   11   41.0    0:13.8                  0:24.6  0:43.1   15.3     96.1   11.4
-------------------------------------------------------------------------------------------------
(복승식 배당률)
  1- 2    12.5  2- 9     8.9  4- 5    22.9  5-15     0.0  8- 9    51.2 11-12   589.0
  1- 3    41.9  2-10    73.2  4- 6    99.8  5-16     0.0  8-10   285.7 11-13     0.0
  1- 4    41.1  2-11   265.0  4- 7   708.7  6- 7   522.3  8-11   949.7 11-14     0.0
  1- 5    14.0  2-12    39.6  4- 8   162.5  6- 8   198.5  8-12   140.8 11-15     0.0
  1- 6    70.2  2-13     0.0  4- 9    20.9  6- 9    37.1  8-13     0.0 11-16     0.0
  1- 7   589.6  2-14     0.0  4-10   250.6  6-10   392.7  8-14     0.0 12-13     0.0
  1- 8   144.5  2-15     0.0  4-11   662.2  6-11   691.6  8-15     0.0 12-14     0.0
  1- 9    13.1  2-16     0.0  4-12   142.9  6-12   220.2  8-16     0.0 12-15     0.0
  1-10   151.5  3- 4    53.5  4-13     0.0  6-13     0.0  9-10    70.9 12-16     0.0
  1-11   284.0  3- 5    27.2  4-14     0.0  6-14     0.0  9-11   174.0 13-14     0.0
  1-12    97.2  3- 6   101.6  4-15     0.0  6-15     0.0  9-12    29.8 13-15     0.0
  1-13     0.0  3- 7   534.2  4-16     0.0  6-16     0.0  9-13     0.0 13-16     0.0
  1-14     0.0  3- 8   133.8  5- 6    36.8  7- 8   969.6  9-14     0.0 14-15     0.0
  1-15     0.0  3- 9    27.7  5- 7   329.3  7- 9   274.5  9-15     0.0 14-16     0.0
  1-16     0.0  3-10   256.5  5- 8    46.8  7-10  1173.3  9-16     0.0 15-16     0.0
  2- 3    17.0  3-11   617.0  5- 9     7.9  7-11  1442.1 10-11   706.4  0- 0     0.0
  2- 4    20.4  3-12   117.0  5-10    71.7  7-12   908.4 10-12   251.2  0- 0     0.0
  2- 5     8.0  3-13     0.0  5-11   182.6  7-13     0.0 10-13     0.0  0- 0     0.0
  2- 6    35.5  3-14     0.0  5-12    38.4  7-14     0.0 10-14     0.0  0- 0     0.0
  2- 7   301.1  3-15     0.0  5-13     0.0  7-15     0.0 10-15     0.0  0- 0     0.0
  2- 8    47.3  3-16     0.0  5-14     0.0  7-16     0.0 10-16     0.0  0- 0     0.0
-------------------------------------------------------------------------------------------------
매출액 단식:     41,101,400    연식:     74,651,900      복식:  1,313,502,600
       복연:    170,711,300    쌍식:    338,670,100      삼복:  1,109,679,200
       삼쌍:    398,257,200    합계:  3,446,573,700
-------------------------------------------------------------------------------------------------
배당률 단: ⑨3.6        연: ⑨1.8 ⑤1.6 ②1.6          복: ⑨⑤7.9       4F:49.9
                                                                         3F:38.1
                        쌍: ⑨⑤14.5      
     복연: ⑨⑤3.3 ⑨②3.6 ⑤②3.1
     삼복: ⑨⑤②9.6 
     삼쌍: ⑨⑤②41.2 
-------------------------------------------------------------------------------------------------
펄 롱:13.2 10.5 11.8   12.2   12.2   13.7   
통과M:  200  400  600    800    1000   1200
통과T:13.2 23.7 35.5 0:47.7 0:59.9 1:13.6 
-------------------------------------------------------------------------------------------------
통과순위 S-1F : (1,^9),(2,8,10),(4,5,11),(6,7,12)≡3     
           C1 :                                         
           C2 :                                         
           C3 : 9,1,(2,10),(4,8),(5,11),(6,7),12≡3      
           C4 : (^9,1),2,(4,5),10,(6,8),12,(7,11)≡3     
         G-1F : 9,(1,2),5,4-(6,10)-12-(7,8),11,3        
-------------------------------------------------------------------------------------------------
구분 출전번호  대상명            처분종류     처분내용                     세부내용
-------------------------------------------------------------------------------------------------
말     11      문학다이얼        주의                                      전 구간 바깥으로 기댐                             
말      3      내생애최고        출발심사                                  출발 및 발진불량                                  
-------------------------------------------------------------------------------------------------


제목 : 22년05월21일(토)  제 7경주

(서울) 제37일 1400M 국3등급    핸디캡      경주명 : 일반                        
경주조건:      R1~65  연령오픈                   날씨:맑음 주로:건조  (3%)
순위상금: 41,250천원  16,500천원  10,500천원   3,750천원   3,000천원
부가상금:      0천원       0천원       0천원
-------------------------------------------------------------------------------------------------
순위 마번    마    명         산지   성별 연령 부담중량  기수명   조교사   마주명           레이팅
-------------------------------------------------------------------------------------------------
  1    6  스카이망치           한(포) 거     4    53.0   박을운   이신영   윤우환              53
  2    3  장산레이저           한     수     4    52.5   문세영   최용건   삼정                52
  3    7  베스트탑             한     수     5    54.5   신형철   이희영   베스트샤인조합      56
  4    1  최강파티             한     거     6    52.0   먼로     박병일   이강운              51
  5    8  원더풀루비           한     암     6    53.5   김용근   배휴준   지대섭              58
  6    5  위너블루             한     거     5    52.5   유승완   우창구   전영범              52
  7    2  위즈모멘트           한     암     5    55.0   송재철   송문길   최몽주              61
  8    4  베스트럭키           한     수     5    54.0   이혁     최상식   임한용              55
-------------------------------------------------------------------------------------------------
순위 마번    마      명       마 체 중  기 록  도 착 차  S1F-1C-2C-3C-4C-G1F
-------------------------------------------------------------------------------------------------
  1    6  스카이망치           468( +2) 1:27.2            2-  -  - 1- 1- 1
  2    3  장산레이저           504( -8) 1:27.2  코        4-  -  - 4- 4- 2
  3    7  베스트탑             493( -1) 1:27.3  ¾        6-  -  - 7- 7- 3
  4    1  최강파티             500( +4) 1:27.5  1         7-  -  - 5- 5- 5
  5    8  원더풀루비           462( -3) 1:27.6  ½        3-  -  - 2- 2- 6
  6    5  위너블루             489( +0) 1:27.8  1¼       5-  -  - 6- 6- 7
  7    2  위즈모멘트           524(-12) 1:28.5  4         1-  -  - 3- 3- 4
  8    4  베스트럭키           488( -1) 1:28.7  1¼       8-  -  - 8- 8- 8
-------------------------------------------------------------------------------------------------
순위 마번    G-3Ｆ   S-1F  １코너  ２코너  ３코너  ４코너    G-1F  단승식 연승식
-------------------------------------------------------------------------------------------------
  1    6   37.7    0:13.8                  0:37.0  0:55.7   13.1      2.4    1.2
  2    3   37.4    0:13.9                  0:37.3  0:56.0   13.0      3.3    1.4
  3    7   37.1    0:14.1                  0:37.8  0:56.5   12.9      4.7    1.5
  4    1   37.5    0:14.2                  0:37.5  0:56.2   13.0     13.0    2.8
  5    8   38.0    0:13.8                  0:37.0  0:55.7   13.1     23.8    3.9
  6    5   37.8    0:14.0                  0:37.6  0:56.2   13.2     28.7    3.6
  7    2   38.7    0:13.8                  0:37.3  0:56.0   14.0      7.3    2.1
  8    4   38.1    0:14.2                  0:38.0  0:57.0   13.0     38.8    6.2
-------------------------------------------------------------------------------------------------
(복승식 배당률)
  1- 2    34.9  2- 9     0.0  4- 5   237.3  5-15     0.0  8- 9     0.0 11-12     0.0
  1- 3    14.8  2-10     0.0  4- 6    60.4  5-16     0.0  8-10     0.0 11-13     0.0
  1- 4   168.2  2-11     0.0  4- 7   137.3  6- 7     4.7  8-11     0.0 11-14     0.0
  1- 5    97.6  2-12     0.0  4- 8   256.8  6- 8    24.0  8-12     0.0 11-15     0.0
  1- 6    13.5  2-13     0.0  4- 9     0.0  6- 9     0.0  8-13     0.0 11-16     0.0
  1- 7    30.9  2-14     0.0  4-10     0.0  6-10     0.0  8-14     0.0 12-13     0.0
  1- 8    93.8  2-15     0.0  4-11     0.0  6-11     0.0  8-15     0.0 12-14     0.0
  1- 9     0.0  2-16     0.0  4-12     0.0  6-12     0.0  8-16     0.0 12-15     0.0
  1-10     0.0  3- 4    64.9  4-13     0.0  6-13     0.0  9-10     0.0 12-16     0.0
  1-11     0.0  3- 5    29.5  4-14     0.0  6-14     0.0  9-11     0.0 13-14     0.0
  1-12     0.0  3- 6     3.6  4-15     0.0  6-15     0.0  9-12     0.0 13-15     0.0
  1-13     0.0  3- 7     8.8  4-16     0.0  6-16     0.0  9-13     0.0 13-16     0.0
  1-14     0.0  3- 8    31.2  5- 6    25.5  7- 8    41.0  9-14     0.0 14-15     0.0
  1-15     0.0  3- 9     0.0  5- 7    54.7  7- 9     0.0  9-15     0.0 14-16     0.0
  1-16     0.0  3-10     0.0  5- 8   138.4  7-10     0.0  9-16     0.0 15-16     0.0
  2- 3     9.9  3-11     0.0  5- 9     0.0  7-11     0.0 10-11     0.0  0- 0     0.0
  2- 4   140.6  3-12     0.0  5-10     0.0  7-12     0.0 10-12     0.0  0- 0     0.0
  2- 5    66.1  3-13     0.0  5-11     0.0  7-13     0.0 10-13     0.0  0- 0     0.0
  2- 6     8.4  3-14     0.0  5-12     0.0  7-14     0.0 10-14     0.0  0- 0     0.0
  2- 7    24.3  3-15     0.0  5-13     0.0  7-15     0.0 10-15     0.0  0- 0     0.0
  2- 8    84.5  3-16     0.0  5-14     0.0  7-16     0.0 10-16     0.0  0- 0     0.0
-------------------------------------------------------------------------------------------------
매출액 단식:     43,608,100    연식:     59,366,700      복식:  1,147,427,000
       복연:    137,908,800    쌍식:    425,711,400      삼복:  1,143,974,100
       삼쌍:    512,645,000    합계:  3,470,641,100
-------------------------------------------------------------------------------------------------
배당률 단: ⑥2.4        연: ⑥1.2 ③1.4 ⑦1.5          복: ⑥③3.6       4F:50.2
                                                                         3F:37.7
                        쌍: ⑥③6.6       
     복연: ⑥③1.8 ⑥⑦2.1 ③⑦2.8
     삼복: ⑥③⑦4.4 
     삼쌍: ⑥③⑦18.0 
-------------------------------------------------------------------------------------------------
펄 롱:13.8 11.3 11.9   12.5   12.3   12.3   13.1   
통과M:  200  400  600    800    1000   1200   1400
통과T:13.8 25.1 37.0 0:49.5 1:01.8 1:14.1 1:27.2 
-------------------------------------------------------------------------------------------------
통과순위 S-1F : (2,3,6,8),(5,7),(1,4)                   
           C1 :                                         
           C2 :                                         
           C3 : (6,8),(2,3),(1,5),7,4                   
           C4 : (6,8),(2,3),(1,5),7-4                   
         G-1F : (^6,3),(7,2,1,8),5=4                    
-------------------------------------------------------------------------------------------------
구분 출전번호  대상명            처분종류     처분내용                     세부내용
-------------------------------------------------------------------------------------------------
기수    7      신형철            과태금       100,000원                    결승선 직선주로 채찍 과다사용                     
-------------------------------------------------------------------------------------------------


제목 : 22년05월21일(토)  제 8경주

(서울) 제37일 1800M 국4등급    별정B       경주명 : 일반                        
경주조건:      R1~50  연령오픈                   날씨:맑음 주로:건조  (3%)
순위상금: 33,000천원  13,200천원   8,400천원   3,000천원   2,400천원
부가상금:      0천원       0천원       0천원
-------------------------------------------------------------------------------------------------
순위 마번    마    명         산지   성별 연령 부담중량  기수명   조교사   마주명           레이팅
-------------------------------------------------------------------------------------------------
  1    4  청산강호             한     수     4    55.0   먼로     이관호   황은호              41
  2    8  밀키셰리             한     암     5    51.0   김아현   지용철   이수길              41
  3    7  타이탄삭스           한     수     3    55.0   문세영   이신영   김창식              39
  4    2  쏘아라바바           한     암     4    54.0   하정훈   이준철   현태봉              44
  5    3  청담탱크             한     암     5    53.0   박을운   토니     삼정                40
  6    6  골든배지             한     암     5    52.0   이동하   강성오   이경희              36
  7    5  황금주머니           한     거     7    58.0   신형철   김점오   박성하              50
  8    1  발바투               한     수     5    54.0   유승완   곽영효   안영환              36
-------------------------------------------------------------------------------------------------
순위 마번    마      명       마 체 중  기 록  도 착 차  S1F-1C-2C-3C-4C-G1F
-------------------------------------------------------------------------------------------------
  1    4  청산강호             495( +3) 1:59.0            7- 6- 6- 4- 3- 3
  2    8  밀키셰리             461(-10) 1:59.0  목        5- 4- 2- 1- 1- 1
  3    7  타이탄삭스           484( -5) 1:59.1  목        2- 2- 4- 3- 2- 2
  4    2  쏘아라바바           437( -2) 1:59.8  4         4- 5- 5- 6- 5- 5
  5    3  청담탱크             432( -6) 2:00.3  3         1- 1- 1- 2- 4- 4
  6    6  골든배지             436(-14) 2:00.4  ¾        3- 3- 3- 5- 6- 6
  7    5  황금주머니           485( -3) 2:01.3  5         8- 8- 8- 7- 7- 7
  8    1  발바투               491( +1) 2:01.5  1         6- 7- 7- 8- 8- 8
-------------------------------------------------------------------------------------------------
순위 마번    G-3Ｆ   S-1F  １코너  ２코너  ３코너  ４코너    G-1F  단승식 연승식
-------------------------------------------------------------------------------------------------
  1    4   40.6    0:15.1  0:21.1  0:34.3  1:10.7  1:25.6   14.1      9.9    2.0
  2    8   40.8    0:14.7  0:20.7  0:33.4  1:10.5  1:25.5   14.2     28.0    5.3
  3    7   40.7    0:14.2  0:20.3  0:33.6  1:10.7  1:25.6   14.2      1.9    1.1
  4    2   41.1    0:14.7  0:20.8  0:34.0  1:11.0  1:26.1   14.4      3.6    1.4
  5    3   41.9    0:13.8  0:19.9  0:33.3  1:10.7  1:25.7   14.9      6.1    1.8
  6    6   41.7    0:14.5  0:20.5  0:33.6  1:11.0  1:26.2   14.4     35.5    3.1
  7    5   41.8    0:15.4  0:21.6  0:34.7  1:11.6  1:27.1   14.4     42.7    7.7
  8    1   41.5    0:15.1  0:21.2  0:34.4  1:12.1  1:27.7   14.2     10.2    2.4
-------------------------------------------------------------------------------------------------
(복승식 배당률)
  1- 2    19.5  2- 9     0.0  4- 5   164.6  5-15     0.0  8- 9     0.0 11-12     0.0
  1- 3    38.2  2-10     0.0  4- 6    89.3  5-16     0.0  8-10     0.0 11-13     0.0
  1- 4    43.5  2-11     0.0  4- 7     7.5  6- 7    18.8  8-11     0.0 11-14     0.0
  1- 5   166.4  2-12     0.0  4- 8   115.3  6- 8   169.3  8-12     0.0 11-15     0.0
  1- 6   114.1  2-13     0.0  4- 9     0.0  6- 9     0.0  8-13     0.0 11-16     0.0
  1- 7    10.9  2-14     0.0  4-10     0.0  6-10     0.0  8-14     0.0 12-13     0.0
  1- 8   122.2  2-15     0.0  4-11     0.0  6-11     0.0  8-15     0.0 12-14     0.0
  1- 9     0.0  2-16     0.0  4-12     0.0  6-12     0.0  8-16     0.0 12-15     0.0
  1-10     0.0  3- 4    22.4  4-13     0.0  6-13     0.0  9-10     0.0 12-16     0.0
  1-11     0.0  3- 5   109.2  4-14     0.0  6-14     0.0  9-11     0.0 13-14     0.0
  1-12     0.0  3- 6    60.4  4-15     0.0  6-15     0.0  9-12     0.0 13-15     0.0
  1-13     0.0  3- 7     4.7  4-16     0.0  6-16     0.0  9-13     0.0 13-16     0.0
  1-14     0.0  3- 8    75.9  5- 6   227.8  7- 8    25.9  9-14     0.0 14-15     0.0
  1-15     0.0  3- 9     0.0  5- 7    36.3  7- 9     0.0  9-15     0.0 14-16     0.0
  1-16     0.0  3-10     0.0  5- 8   236.7  7-10     0.0  9-16     0.0 15-16     0.0
  2- 3     7.7  3-11     0.0  5- 9     0.0  7-11     0.0 10-11     0.0  0- 0     0.0
  2- 4    11.6  3-12     0.0  5-10     0.0  7-12     0.0 10-12     0.0  0- 0     0.0
  2- 5    77.8  3-13     0.0  5-11     0.0  7-13     0.0 10-13     0.0  0- 0     0.0
  2- 6    35.9  3-14     0.0  5-12     0.0  7-14     0.0 10-14     0.0  0- 0     0.0
  2- 7     3.4  3-15     0.0  5-13     0.0  7-15     0.0 10-15     0.0  0- 0     0.0
  2- 8    50.2  3-16     0.0  5-14     0.0  7-16     0.0 10-16     0.0  0- 0     0.0
-------------------------------------------------------------------------------------------------
매출액 단식:     32,958,500    연식:     44,509,900      복식:  1,038,668,000
       복연:    138,221,900    쌍식:    418,388,500      삼복:  1,034,114,100
       삼쌍:    471,755,600    합계:  3,178,616,500
-------------------------------------------------------------------------------------------------
배당률 단: ④9.9        연: ④2.0 ⑧5.3 ⑦1.1          복: ④⑧115.3     4F:53.4
                                                                         3F:40.8
                        쌍: ④⑧246.7     
     복연: ④⑧18.8 ④⑦3.0 ⑧⑦6.2
     삼복: ④⑧⑦46.1 
     삼쌍: ④⑧⑦654.5 
-------------------------------------------------------------------------------------------------
펄 롱:13.8 12.7 13.2   12.8   13.1   12.6   13.4   13.2   14.2   
통과M:  200  400  600    800    1000   1200   1400   1600   1800
통과T:13.8 26.5 39.7 0:52.5 1:05.6 1:18.2 1:31.6 1:44.8 1:59.0 
-------------------------------------------------------------------------------------------------
통과순위 S-1F : 3-7,6,(2,8)-(1,4),5                     
           C1 : 3-7,6,(2,8),(1,4)-5                     
           C2 : (^3,8),(6,7)-2,(1,4),5                  
           C3 : 8,(3,7,4),(6,2)-5-1                     
           C4 : (^8,7,4),3-(6,2)=5-1                    
         G-1F : (^8,7,4)-(3,2)-6=5-1                    
-------------------------------------------------------------------------------------------------
구분 출전번호  대상명            처분종류     처분내용                     세부내용
-------------------------------------------------------------------------------------------------
기수    7      문세영            기승정지 (견책 가중) 1일(2022.06.11~2022.06.11)   건녀편 직선주로 중간지점 바깥으로 진로변경 2번 주행방해(견책 가중)
-------------------------------------------------------------------------------------------------


제목 : 22년05월21일(토)  제 9경주

(서울) 제37일 1800M 1등급    별정B       경주명 : 일반                        
경주조건:     R1~140  연령오픈                   날씨:맑음 주로:건조  (3%)
순위상금: 60,500천원  24,200천원  15,400천원   5,500천원   4,400천원
부가상금:      0천원       0천원       0천원
-------------------------------------------------------------------------------------------------
순위 마번    마    명         산지   성별 연령 부담중량  기수명   조교사   마주명           레이팅
-------------------------------------------------------------------------------------------------
  1    2  릴패트론             미     거     6    54.0   빅투아르 서인석   고재완              99
  2    4  우리                 미     수     6    54.0   이용호   임봉춘   김진태a             84
  3    3  흥행질주             한     수     5    56.0   김용근   이준철   임한용             110
  4    8  위너골드             미     수     7    58.0   유승완   우창구   전영범             117
  5    5  허쉬대보             한     수     6    54.0   이혁     전승규   박철근              84
  6   11  슈퍼삭스             미     거     7    59.0   임다빈   리카디   김창식             123
  7   10  더검푸               미     거     5    55.0   안토니오 토니     한명로             101
  8    7  강토마               한     거     7    58.0   박태종   정호익   김광명             116
  9    9  플래티넘유로         한     거     6    54.0   정정희   최용건   박성구              84
 10    6  울트라펀치           미     거     6    51.0   김태희   안병기   조명식              85
 11    1  흥복드림             미     거     6    54.0   신형철   박병일   임한용              81
-------------------------------------------------------------------------------------------------
순위 마번    마      명       마 체 중  기 록  도 착 차  S1F-1C-2C-3C-4C-G1F
-------------------------------------------------------------------------------------------------
  1    2  릴패트론             494( +6) 1:56.0           10-10-10- 9- 8- 3
  2    4  우리                 496( -1) 1:56.5  2½       2- 2- 2- 3- 3- 1
  3    3  흥행질주             464( -9) 1:56.5  머리      1- 1- 1- 1- 1- 2
  4    8  위너골드             481( -3) 1:56.5  코        8- 8- 6- 8- 7- 4
  5    5  허쉬대보             500( +5) 1:56.9  2        11-11-11- 6- 6- 7
  6   11  슈퍼삭스             499( -4) 1:57.2  1¾       7- 6- 7- 5- 5- 6
  7   10  더검푸               468( -5) 1:57.6  2         4- 4- 4- 2- 2- 5
  8    7  강토마               502( +7) 1:57.9  2         9- 9- 9-11-10- 9
  9    9  플래티넘유로         509( +0) 1:58.2  1½       3- 3- 3- 4- 4- 8
 10    6  울트라펀치           497( +7) 1:58.6  2½       5- 5- 8-10-11-10
 11    1  흥복드림             499( -3) 2:02.1  20        6- 7- 5- 7- 9-11
-------------------------------------------------------------------------------------------------
순위 마번    G-3Ｆ   S-1F  １코너  ２코너  ３코너  ４코너    G-1F  단승식 연승식
-------------------------------------------------------------------------------------------------
  1    2   39.3    0:14.7  0:20.7  0:33.4  1:09.2  1:24.0   13.2      4.5    1.6
  2    4   40.3    0:14.0  0:19.7  0:32.0  1:08.5  1:23.5   14.1     15.0    3.0
  3    3   40.7    0:14.0  0:19.7  0:31.8  1:08.1  1:23.2   14.0      1.9    1.1
  4    8   39.8    0:14.4  0:20.3  0:32.7  1:09.1  1:24.0   13.6     10.7    2.7
  5    5   40.5    0:14.8  0:20.7  0:33.4  1:08.9  1:23.8   13.7     23.4    3.4
  6   11   40.8    0:14.3  0:20.0  0:32.7  1:08.9  1:23.8   14.0      9.2    3.3
  7   10   41.7    0:14.0  0:19.8  0:32.2  1:08.2  1:23.3   14.6     21.5    5.1
  8    7   40.8    0:14.5  0:20.5  0:33.4  1:09.7  1:24.4   14.3     12.4    2.4
  9    9   42.0    0:14.0  0:19.7  0:32.2  1:08.7  1:23.5   14.7     46.3   15.0
 10    6   41.5    0:14.2  0:20.0  0:33.2  1:09.3  1:24.8   13.9     94.3   12.4
 11    1   45.4    0:14.3  0:20.1  0:32.5  1:09.0  1:24.4   16.0     44.5    5.9
-------------------------------------------------------------------------------------------------
(복승식 배당률)
  1- 2    78.1  2- 9   292.0  4- 5   135.3  5-15     0.0  8- 9   351.3 11-12     0.0
  1- 3    29.8  2-10    49.2  4- 6   280.0  5-16     0.0  8-10    86.6 11-13     0.0
  1- 4   215.9  2-11    33.0  4- 7   104.0  6- 7   361.5  8-11    41.6 11-14     0.0
  1- 5   277.0  2-12     0.0  4- 8    66.3  6- 8   320.3  8-12     0.0 11-15     0.0
  1- 6   811.4  2-13     0.0  4- 9   420.5  6- 9   826.9  8-13     0.0 11-16     0.0
  1- 7   260.0  2-14     0.0  4-10   176.8  6-10   463.8  8-14     0.0 12-13     0.0
  1- 8   206.3  2-15     0.0  4-11   102.6  6-11   341.9  8-15     0.0 12-14     0.0
  1- 9   795.5  2-16     0.0  4-12     0.0  6-12     0.0  8-16     0.0 12-15     0.0
  1-10   395.7  3- 4     9.7  4-13     0.0  6-13     0.0  9-10   415.9 12-16     0.0
  1-11   226.8  3- 5    16.5  4-14     0.0  6-14     0.0  9-11   295.8 13-14     0.0
  1-12     0.0  3- 6    71.1  4-15     0.0  6-15     0.0  9-12     0.0 13-15     0.0
  1-13     0.0  3- 7     8.0  4-16     0.0  6-16     0.0  9-13     0.0 13-16     0.0
  1-14     0.0  3- 8     6.5  5- 6   348.3  7- 8    38.2  9-14     0.0 14-15     0.0
  1-15     0.0  3- 9    74.6  5- 7   101.8  7- 9   325.5  9-15     0.0 14-16     0.0
  1-16     0.0  3-10    15.8  5- 8    89.5  7-10   102.0  9-16     0.0 15-16     0.0
  2- 3     4.3  3-11    10.6  5- 9   566.2  7-11    29.8 10-11    70.7  0- 0     0.0
  2- 4    34.4  3-12     0.0  5-10   173.6  7-12     0.0 10-12     0.0  0- 0     0.0
  2- 5    44.0  3-13     0.0  5-11    83.2  7-13     0.0 10-13     0.0  0- 0     0.0
  2- 6   214.9  3-14     0.0  5-12     0.0  7-14     0.0 10-14     0.0  0- 0     0.0
  2- 7    24.1  3-15     0.0  5-13     0.0  7-15     0.0 10-15     0.0  0- 0     0.0
  2- 8    22.2  3-16     0.0  5-14     0.0  7-16     0.0 10-16     0.0  0- 0     0.0
-------------------------------------------------------------------------------------------------
매출액 단식:     43,820,800    연식:     63,812,600      복식:  1,333,297,900
       복연:    162,660,100    쌍식:    391,266,600      삼복:  1,148,395,900
       삼쌍:    413,327,100    합계:  3,556,581,000
-------------------------------------------------------------------------------------------------
배당률 단: ②4.5        연: ②1.6 ④3.0 ③1.1          복: ②④34.4      4F:53.0
                                                                         3F:40.2
                        쌍: ②④72.2      
     복연: ②④11.2 ②③2.2 ④③4.4
     삼복: ②④③14.8 
     삼쌍: ②④③212.7 
-------------------------------------------------------------------------------------------------
펄 롱:14.0 11.6 12.5   12.4   12.5   12.8   13.5   13.1   13.6   
통과M:  200  400  600    800    1000   1200   1400   1600   1800
통과T:14.0 25.6 38.1 0:50.5 1:03.0 1:15.8 1:29.3 1:42.4 1:56.0 
-------------------------------------------------------------------------------------------------
통과순위 S-1F : (3,4,9,10),(1,6,11),(7,8),(2,5)         
           C1 : (3,4,9,10),(1,6,11),8,7,(2,5)           
           C2 : 3,4,(9,10),1,(8,11)-6,(7,2,5)           
           C3 : (^3,10),4,9,(1,11,5),(8,2),6-7          
           C4 : (^3,10),(4,9),(11,5),(8,2)-(1,7)-6      
         G-1F : (^4,3),(8,2),10,(11,5),(9,7)=6=1        
-------------------------------------------------------------------------------------------------
구분 출전번호  대상명            처분종류     처분내용                     세부내용
-------------------------------------------------------------------------------------------------
말      1      흥복드림          주행심사                                  경주능력부진(1위마와 34.4마신 차)                 
-------------------------------------------------------------------------------------------------
