

제목 : 22년10월14일(금)  제 1경주

(부산) 제75일 1000M 국6등급별정A       경주명 : 일반                        
경주조건:  R0~0           2세                        날씨:맑음 주로:건조  (2%)
순위상금: 33,000천원  13,200천원   8,400천원   3,000천원   2,400천원
부가상금:      0천원       0천원       0천원
-------------------------------------------------------------------------------------------------
순위 마번    마    명         산지   성별 연령 부담중량  기수명   조교사   마주명           레이팅
-------------------------------------------------------------------------------------------------
  1    5  사바하               한     수     2    55.0   최시대   백광열   박웅진                
  2    3  날라                 한     암     2    53.0   송경윤   구영준   김종민                
  3    1  비케이론             한(포) 암     2    50.0   권오찬   강형곤   함승원                
  4    4  록스                 한     암     2    53.0   이성재   김길중   조재섭                
  5    6  헬로선샤인           한     거     2    55.0   임성실   김병학   신우철                
  6    8  한강세이버           한     수     2    55.0   유현명   구민성   나기두                
  7    2  나이스투데이         한     암     2    53.0   김어수   김영민   이성인                
  8    7  해랑더원             한     수     2    55.0   김혜선   하무선   이은영                
-------------------------------------------------------------------------------------------------
순위 마번    마      명       마 체 중  기 록  도 착 차  (S1F-S8F-G6F-G4F-G3F-G2F-G1F)
-------------------------------------------------------------------------------------------------
  1    5  사바하               465(+11) 1:01.2            1-  -  -  - 1- 1- 1
  2    3  날라                 480( +3) 1:02.9  10        3-  -  -  - 3- 3- 2
  3    1  비케이론             457( -5) 1:03.0  ½        7-  -  -  - 7- 7- 6
  4    4  록스                 450(+15) 1:03.6  3         6-  -  -  - 6- 6- 7
  5    6  헬로선샤인           462( +8) 1:03.7  ½        8-  -  -  - 8- 8- 8
  6    8  한강세이버           481( +7) 1:04.0  1½       5-  -  -  - 5- 5- 5
  7    2  나이스투데이         447( -7) 1:04.0  코        2-  -  -  - 2- 2- 4
  8    7  해랑더원             514(+14) 1:04.1  ¾        4-  -  -  - 4- 4- 3
-------------------------------------------------------------------------------------------------
순위 마번 G-3F S-1F    400      400     400     400     G-2F    G-1F    단승식 연승식
-------------------------------------------------------------------------------------------------
  1    5  36.7  0:13.5                          0:22.6  0:25.1  0:13.2     1.3    1.1
  2    3  38.0  0:13.6                          0:23.0  0:26.3  0:13.8     5.2    1.4
  3    1  36.6  0:14.3                          0:23.9  0:24.8  0:12.9    58.4    5.1
  4    4  37.7  0:14.2                          0:23.6  0:25.8  0:13.5    78.7    6.6
  5    6  36.9  0:14.9                          0:24.3  0:24.5  0:12.3    40.9    2.6
  6    8  38.8  0:14.0                          0:22.9  0:27.1  0:14.3     5.4    1.3
  7    2  39.2  0:13.6                          0:23.0  0:27.4  0:14.5    43.7    3.2
  8    7  38.9  0:13.9                          0:23.0  0:27.2  0:14.6    51.9    3.5
-------------------------------------------------------------------------------------------------
(복승식 배당률)
  1- 2   131.4  2- 9     0.0  4- 5    35.0  5-15     0.0  8- 9     0.0 11-12     0.0
  1- 3    66.4  2-10     0.0  4- 6   358.7  5-16     0.0  8-10     0.0 11-13     0.0
  1- 4   258.2  2-11     0.0  4- 7   320.5  6- 7   153.4  8-11     0.0 11-14     0.0
  1- 5    23.9  2-12     0.0  4- 8   180.9  6- 8    48.0  8-12     0.0 11-15     0.0
  1- 6   203.4  2-13     0.0  4- 9     0.0  6- 9     0.0  8-13     0.0 11-16     0.0
  1- 7   233.3  2-14     0.0  4-10     0.0  6-10     0.0  8-14     0.0 12-13     0.0
  1- 8    99.1  2-15     0.0  4-11     0.0  6-11     0.0  8-15     0.0 12-14     0.0
  1- 9     0.0  2-16     0.0  4-12     0.0  6-12     0.0  8-16     0.0 12-15     0.0
  1-10     0.0  3- 4    88.6  4-13     0.0  6-13     0.0  9-10     0.0 12-16     0.0
  1-11     0.0  3- 5     2.8  4-14     0.0  6-14     0.0  9-11     0.0 13-14     0.0
  1-12     0.0  3- 6    56.1  4-15     0.0  6-15     0.0  9-12     0.0 13-15     0.0
  1-13     0.0  3- 7    86.8  4-16     0.0  6-16     0.0  9-13     0.0 13-16     0.0
  1-14     0.0  3- 8    15.0  5- 6    10.6  7- 8    67.0  9-14     0.0 14-15     0.0
  1-15     0.0  3- 9     0.0  5- 7    19.6  7- 9     0.0  9-15     0.0 14-16     0.0
  1-16     0.0  3-10     0.0  5- 8     2.2  7-10     0.0  9-16     0.0 15-16     0.0
  2- 3    44.8  3-11     0.0  5- 9     0.0  7-11     0.0 10-11     0.0  0- 0     0.0
  2- 4   277.5  3-12     0.0  5-10     0.0  7-12     0.0 10-12     0.0  0- 0     0.0
  2- 5    12.8  3-13     0.0  5-11     0.0  7-13     0.0 10-13     0.0  0- 0     0.0
  2- 6   154.0  3-14     0.0  5-12     0.0  7-14     0.0 10-14     0.0  0- 0     0.0
  2- 7   170.6  3-15     0.0  5-13     0.0  7-15     0.0 10-15     0.0  0- 0     0.0
  2- 8    56.3  3-16     0.0  5-14     0.0  7-16     0.0 10-16     0.0  0- 0     0.0
-------------------------------------------------------------------------------------------------
매출액 단식:     17,517,000    연식:     19,133,100      복식:    323,110,500
       복연:     59,855,700    쌍식:    187,917,700      삼복:    439,220,700
       삼쌍:    274,764,800    합계:  1,321,519,500
-------------------------------------------------------------------------------------------------
배당률 단: ⑤1.3        연: ⑤1.1 ③1.4 ①5.1          복: ⑤③2.8       4F:47.7
                                                                         3F:36.7
                        쌍: ⑤③3.7
     복연: ⑤③1.5 ⑤①5.8 ③①9.2
     삼복: ⑤③①17.9 
     삼쌍: ⑤③①33.1 
-------------------------------------------------------------------------------------------------
펄 롱:13.5 11.0 11.6   11.9   13.2   
통과M:  200  400  600    800    1000
통과T:13.5 24.5 36.1 0:48.0 1:01.2 
-------------------------------------------------------------------------------------------------
통과순위 S1F : (2,3,^5),(7,8),(1,4)-6                  
         G8F :                                         
         G6F :                                         
         G4F :                                         
         G3F : 5,(2,3),(7,8)-4-1-6                     
         G2F : 5-(2,3),(7,8)=4-1=6                     
         G1F : 5=3-(7,2),8-(1,4)=6                     
-------------------------------------------------------------------------------------------------
구분 출전번호  대상명            처분종류     처분내용                     세부내용
-------------------------------------------------------------------------------------------------
특 
이 
사 
항
-------------------------------------------------------------------------------------------------


제목 : 22년10월14일(금)  제 2경주

(부산) 제75일 1600M 국6등급별정A       경주명 : 일반                        
경주조건:  R0~0           연령오픈                   날씨:맑음 주로:건조  (2%)
순위상금: 13,750천원   5,500천원   3,500천원   1,250천원   1,000천원
부가상금:      0천원       0천원       0천원
-------------------------------------------------------------------------------------------------
순위 마번    마    명         산지   성별 연령 부담중량  기수명   조교사   마주명           레이팅
-------------------------------------------------------------------------------------------------
  1    7  위시럭               한     암     3    54.0   송경윤   김병학   신윤경                
  2    5  글로벌캐처           한     암     3    51.0   서강주   강형곤   권주순                
  3    1  언제나영웅           한     수     3    52.0   박종호   이정표   김광원                
  4    6  함안백이산           한     수     4    52.0   윤형석   이정표   함안군                
  5    8  정문치타             한     거     3    56.0   모준호   라이스   김재영b               
  6    2  미라쿨룸             한     거     4    56.0   정동철   울즐리   양승홍                
  7    3  멋진하루             한     수     3    56.0   이성재   김길중   김응수                
       4  금의맨               한     수     3    56.0   다실바   최기홍   박평양                
-------------------------------------------------------------------------------------------------
순위 마번    마      명       마 체 중  기 록  도 착 차  (S1F-S8F-G6F-G4F-G3F-G2F-G1F)
-------------------------------------------------------------------------------------------------
  1    7  위시럭               496( -3) 1:43.6            2-  - 2- 2- 2- 1- 1
  2    5  글로벌캐처           474( -9) 1:44.1  3         4-  - 4- 3- 3- 4- 3
  3    1  언제나영웅           435( +1) 1:44.2  목        6-  - 6- 5- 5- 5- 4
  4    6  함안백이산           500( -3) 1:44.6  2½       7-  - 7- 7- 6- 3- 5
  5    8  정문치타             539(+13) 1:44.9  1¼       1-  - 1- 1- 1- 2- 2
  6    2  미라쿨룸             492( +2) 1:45.4  3         5-  - 5- 4- 4- 6- 6
  7    3  멋진하루             463( -2) 2:04.1  107       3-  - 3- 6- 7- 7- 7
       4  금의맨               502( +5)      0  출전제외   -  -  -  -  -  -  
-------------------------------------------------------------------------------------------------
순위 마번 G-3F S-1F    400      400     400     400     G-2F    G-1F    단승식 연승식
-------------------------------------------------------------------------------------------------
  1    7  39.4  0:14.6          0:26.3  0:24.5  0:26.1  0:26.7  0:13.9     3.8    1.6
  2    5  39.3  0:14.7          0:26.4  0:24.9  0:26.5  0:26.3  0:13.6     3.2    1.3
  3    1  39.0  0:14.9          0:26.9  0:24.9  0:26.1  0:26.3  0:13.7     9.4    1.8
  4    6  39.3  0:16.2          0:27.9  0:24.1  0:25.8  0:26.8  0:13.9    37.0    4.1
  5    8  40.8  0:14.5          0:26.2  0:24.5  0:26.5  0:27.7  0:14.4     3.5    1.3
  6    2  40.3  0:14.8          0:26.6  0:25.2  0:26.3  0:27.3  0:14.5    19.6    3.6
  7    3  57.3  0:14.7          0:26.4  0:25.5  0:30.5  0:41.7  0:24.0     5.0    2.0
       4                                                                             
-------------------------------------------------------------------------------------------------
(복승식 배당률)
  1- 2    53.9  2- 9     0.0  4- 5     0.0  5-15     0.0  8- 9     0.0 11-12     0.0
  1- 3    21.6  2-10     0.0  4- 6     0.0  5-16     0.0  8-10     0.0 11-13     0.0
  1- 4     0.0  2-11     0.0  4- 7     0.0  6- 7    38.3  8-11     0.0 11-14     0.0
  1- 5    14.1  2-12     0.0  4- 8     0.0  6- 8    55.2  8-12     0.0 11-15     0.0
  1- 6    82.6  2-13     0.0  4- 9     0.0  6- 9     0.0  8-13     0.0 11-16     0.0
  1- 7    15.8  2-14     0.0  4-10     0.0  6-10     0.0  8-14     0.0 12-13     0.0
  1- 8    19.0  2-15     0.0  4-11     0.0  6-11     0.0  8-15     0.0 12-14     0.0
  1- 9     0.0  2-16     0.0  4-12     0.0  6-12     0.0  8-16     0.0 12-15     0.0
  1-10     0.0  3- 4     0.0  4-13     0.0  6-13     0.0  9-10     0.0 12-16     0.0
  1-11     0.0  3- 5     7.0  4-14     0.0  6-14     0.0  9-11     0.0 13-14     0.0
  1-12     0.0  3- 6    56.2  4-15     0.0  6-15     0.0  9-12     0.0 13-15     0.0
  1-13     0.0  3- 7     8.6  4-16     0.0  6-16     0.0  9-13     0.0 13-16     0.0
  1-14     0.0  3- 8    10.8  5- 6    39.1  7- 8     5.6  9-14     0.0 14-15     0.0
  1-15     0.0  3- 9     0.0  5- 7     4.9  7- 9     0.0  9-15     0.0 14-16     0.0
  1-16     0.0  3-10     0.0  5- 8     6.8  7-10     0.0  9-16     0.0 15-16     0.0
  2- 3    38.0  3-11     0.0  5- 9     0.0  7-11     0.0 10-11     0.0  0- 0     0.0
  2- 4     0.0  3-12     0.0  5-10     0.0  7-12     0.0 10-12     0.0  0- 0     0.0
  2- 5    24.3  3-13     0.0  5-11     0.0  7-13     0.0 10-13     0.0  0- 0     0.0
  2- 6   172.9  3-14     0.0  5-12     0.0  7-14     0.0 10-14     0.0  0- 0     0.0
  2- 7    29.2  3-15     0.0  5-13     0.0  7-15     0.0 10-15     0.0  0- 0     0.0
  2- 8    34.6  3-16     0.0  5-14     0.0  7-16     0.0 10-16     0.0  0- 0     0.0
-------------------------------------------------------------------------------------------------
매출액 단식:     19,450,800    연식:     30,325,800      복식:    458,455,600
       복연:     65,229,500    쌍식:    158,611,600      삼복:    432,469,100
       삼쌍:    202,978,000    합계:  1,367,520,400
-------------------------------------------------------------------------------------------------
배당률 단: ⑦3.8        연: ⑦1.6 ⑤1.3 ①1.8          복: ⑦⑤4.9       4F:52.9
                                                                         3F:39.5
                        쌍: ⑦⑤11.1
     복연: ⑦⑤2.1 ⑦①4.6 ⑤①4.1
     삼복: ⑦⑤①10.9 
     삼쌍: ⑦⑤①47.9 
-------------------------------------------------------------------------------------------------
펄 롱:14.5 11.7 11.8   12.7   13.4   12.8   12.8   13.9   
통과M:  200  400  600    800    1000   1200   1400   1600       
통과T:14.5 26.2 38.0 0:50.7 1:04.1 1:16.9 1:29.7 1:43.6 
-------------------------------------------------------------------------------------------------
통과순위 S1F : (7,^8),(2,3,5),1=6                      
         G8F :                                         
         G6F : (^8,7),(3,5),2,1=6                      
         G4F : (^8,7)-5-(3,2,1),6                      
         G3F : (^8,7)-5,(2,1),6=3                      
         G2F : 7,8-(6,5,1),2≡3                         
         G1F : 7=(8,5,1),6,2≡3                         
-------------------------------------------------------------------------------------------------
구분 출전번호  대상명            처분종류     처분내용                     세부내용
-------------------------------------------------------------------------------------------------
기수    8      모준호            기승정지     2일(2022.10.21~2022.10.23)   출발 후 약 350m 지점 안으로 진로변경, 7번, 5번, 3번 주행방해
말      2      미라쿨룸          출발심사                                  출발자세불량                                      
말      2      미라쿨룸          출전정지     2개월(2022.10.15~2022.12.14) 최근 반복적 출발심사 처분(최근 1년 이내 3회째)    
말      3      멋진하루          주행심사                                  폐출혈 발생 통산 1회                              
말      3      멋진하루          출전정지     1개월(2022.10.15~2022.11.14) 폐출혈 발생 통산 1회                              
말      4      금의맨            출전제외                                  마체이상                                          
말      8      정문치타          출발심사                                  출발자세불량                                      
-------------------------------------------------------------------------------------------------


제목 : 22년10월14일(금)  제 3경주

(부산) 제75일 1200M 국6등급별정A       경주명 : 일반                        
경주조건:  R0~0           연령오픈                   날씨:맑음 주로:건조  (2%)
순위상금: 13,750천원   5,500천원   3,500천원   1,250천원   1,000천원
부가상금:      0천원       0천원       0천원
-------------------------------------------------------------------------------------------------
순위 마번    마    명         산지   성별 연령 부담중량  기수명   조교사   마주명           레이팅
-------------------------------------------------------------------------------------------------
  1    8  운주싹쓸이           한     암     3    54.0   김혜선   민장기   부수선                
  2    5  타이탄케이           한     암     3    51.0   서강주   이정표   이동헌                
  3    4  스톰어게인           한     암     3    54.0   모준호   강형곤   성태진                
  4    3  원더풀스마티         한     암     5    50.0   권오찬   김길중   (주)녹원목장          
  5    7  골든캠프             한     암     3    50.0   윤형석   윤영훈   윤지중                
  6    6  골드크라운           한     암     3    52.0   신윤섭   구민성   임순하                
  7    2  테이크아델           한     암     4    50.0   박종호   민장기   이장현                
  8    1  허리케인참           한     암     3    54.0   정우주   라이스   김세민                
-------------------------------------------------------------------------------------------------
순위 마번    마      명       마 체 중  기 록  도 착 차  (S1F-S8F-G6F-G4F-G3F-G2F-G1F)
-------------------------------------------------------------------------------------------------
  1    8  운주싹쓸이           480( -8) 1:15.8            8-  -  - 7- 6- 4- 4
  2    5  타이탄케이           473( -6) 1:15.9  ¾        6-  -  - 4- 3- 2- 2
  3    4  스톰어게인           490( -2) 1:15.9  머리      3-  -  - 3- 4- 6- 3
  4    3  원더풀스마티         458( +7) 1:16.3  2         2-  -  - 2- 2- 1- 1
  5    7  골든캠프             428( +4) 1:16.9  3         7-  -  - 8- 7- 5- 5
  6    6  골드크라운           490(-12) 1:17.9  6         4-  -  - 6- 8- 7- 8
  7    2  테이크아델           428( -6) 1:18.0  목        5-  -  - 5- 5- 8- 7
  8    1  허리케인참           503( +4) 1:18.0  머리      1-  -  - 1- 1- 3- 6
-------------------------------------------------------------------------------------------------
순위 마번 G-3F S-1F    400      400     400     400     G-2F    G-1F    단승식 연승식
-------------------------------------------------------------------------------------------------
  1    8  37.5  0:14.4                  0:26.0  0:24.3  0:25.5  0:13.2     2.4    1.3
  2    5  38.0  0:14.4                  0:25.9  0:24.2  0:25.8  0:13.4     5.1    1.7
  3    4  37.7  0:14.2                  0:25.8  0:24.7  0:25.4  0:13.3     5.4    1.4
  4    3  38.8  0:14.1                  0:25.3  0:24.4  0:26.6  0:13.9    15.8    2.6
  5    7  38.5  0:14.4                  0:26.2  0:24.2  0:26.5  0:13.9    27.8    8.5
  6    6  39.5  0:14.2                  0:25.9  0:25.0  0:27.0  0:13.9    21.7    5.5
  7    2  39.7  0:14.3                  0:25.9  0:25.1  0:27.0  0:14.3     4.7    1.5
  8    1  40.5  0:14.1                  0:25.3  0:24.9  0:27.8  0:14.6    12.0    2.7
-------------------------------------------------------------------------------------------------
(복승식 배당률)
  1- 2    16.8  2- 9     0.0  4- 5     9.6  5-15     0.0  8- 9     0.0 11-12     0.0
  1- 3    79.6  2-10     0.0  4- 6    89.2  5-16     0.0  8-10     0.0 11-13     0.0
  1- 4    31.3  2-11     0.0  4- 7   135.0  6- 7   204.3  8-11     0.0 11-14     0.0
  1- 5    30.0  2-12     0.0  4- 8     6.2  6- 8    39.1  8-12     0.0 11-15     0.0
  1- 6   150.4  2-13     0.0  4- 9     0.0  6- 9     0.0  8-13     0.0 11-16     0.0
  1- 7   140.1  2-14     0.0  4-10     0.0  6-10     0.0  8-14     0.0 12-13     0.0
  1- 8    15.7  2-15     0.0  4-11     0.0  6-11     0.0  8-15     0.0 12-14     0.0
  1- 9     0.0  2-16     0.0  4-12     0.0  6-12     0.0  8-16     0.0 12-15     0.0
  1-10     0.0  3- 4    24.6  4-13     0.0  6-13     0.0  9-10     0.0 12-16     0.0
  1-11     0.0  3- 5    20.1  4-14     0.0  6-14     0.0  9-11     0.0 13-14     0.0
  1-12     0.0  3- 6   163.5  4-15     0.0  6-15     0.0  9-12     0.0 13-15     0.0
  1-13     0.0  3- 7   220.3  4-16     0.0  6-16     0.0  9-13     0.0 13-16     0.0
  1-14     0.0  3- 8    16.0  5- 6    74.2  7- 8    53.0  9-14     0.0 14-15     0.0
  1-15     0.0  3- 9     0.0  5- 7    78.7  7- 9     0.0  9-15     0.0 14-16     0.0
  1-16     0.0  3-10     0.0  5- 8     6.6  7-10     0.0  9-16     0.0 15-16     0.0
  2- 3    20.8  3-11     0.0  5- 9     0.0  7-11     0.0 10-11     0.0  0- 0     0.0
  2- 4     8.5  3-12     0.0  5-10     0.0  7-12     0.0 10-12     0.0  0- 0     0.0
  2- 5     7.7  3-13     0.0  5-11     0.0  7-13     0.0 10-13     0.0  0- 0     0.0
  2- 6    63.3  3-14     0.0  5-12     0.0  7-14     0.0 10-14     0.0  0- 0     0.0
  2- 7    73.9  3-15     0.0  5-13     0.0  7-15     0.0 10-15     0.0  0- 0     0.0
  2- 8     6.5  3-16     0.0  5-14     0.0  7-16     0.0 10-16     0.0  0- 0     0.0
-------------------------------------------------------------------------------------------------
매출액 단식:     22,179,200    연식:     31,478,700      복식:    544,499,900
       복연:     65,443,300    쌍식:    209,476,200      삼복:    515,502,500
       삼쌍:    256,469,400    합계:  1,645,049,200
-------------------------------------------------------------------------------------------------
배당률 단: ⑧2.4        연: ⑧1.3 ⑤1.7 ④1.4          복: ⑧⑤6.6       4F:50.5
                                                                         3F:38.3
                        쌍: ⑧⑤11.2
     복연: ⑧⑤3.0 ⑧④2.3 ⑤④4.2
     삼복: ⑧⑤④7.7 
     삼쌍: ⑧⑤④32.4 
-------------------------------------------------------------------------------------------------
펄 롱:14.1 11.2 12.2   12.2   12.7   13.4   
통과M:  200  400  600    800    1000   1200
통과T:14.1 25.3 37.5 0:49.7 1:02.4 1:15.8 
-------------------------------------------------------------------------------------------------
통과순위 S1F : (1,3,4,6),(2,5,7,8)                     
         G8F :                                         
         G6F :                                         
         G4F : (1,3)-(5,2,4,6),8,7                     
         G3F : (1,3)-5,(2,4,8),(7,6)                   
         G2F : 3-(5,1),(7,8),4-(2,6)                   
         G1F : (5,^3),(4,8)-7-1,2,6                    
-------------------------------------------------------------------------------------------------
구분 출전번호  대상명            처분종류     처분내용                     세부내용
-------------------------------------------------------------------------------------------------
말      7      골든캠프          주의                                      3-4코너 구간 바깥으로 기댐                        
-------------------------------------------------------------------------------------------------


제목 : 22년10월14일(금)  제 4경주

(부산) 제75일 1200M 국5등급핸디캡      경주명 : 일반                        
경주조건:  R1~35          연령오픈                   날씨:맑음 주로:건조  (2%)
순위상금: 33,000천원  13,200천원   8,400천원   3,000천원   2,400천원
부가상금:      0천원       0천원       0천원
-------------------------------------------------------------------------------------------------
순위 마번    마    명         산지   성별 연령 부담중량  기수명   조교사   마주명           레이팅
-------------------------------------------------------------------------------------------------
  1    4  플라잉리걸           한     수     3    54.5   유현명   안우성   김형순              29
  2    8  레이더               한     암     4    55.0   송경윤   김영관   유길상              34
  3    6  이글스타             한     거     5    54.5   최은경   민장기   부수선              29
  4    2  아너퀸               한     암     5    54.0   김혜선   강은석   김호영              32
  5    1  나이스데이           한     거     3    55.0   다실바   손병직   임순하              30
  6    7  스페셜투게더         한     수     3    51.0   권오찬   강형곤   이혜란              30
  7   11  스마티돌풍           한     암     4    51.5   서강주   이정표   성중희              33
  8    3  함안방어산           한     암     4    52.0   정도윤   손병직   함안군              27
  9    5  부산소리             한     암     3    52.0   김어수   하무선   이시환              28
 10   10  글로벌여신           한     암     3    52.5   이성재   임동창   이동좌              29
 11    9  아델축배             한     수     3    52.5   신윤섭   백광열   이종훈              29
-------------------------------------------------------------------------------------------------
순위 마번    마      명       마 체 중  기 록  도 착 차  (S1F-S8F-G6F-G4F-G3F-G2F-G1F)
-------------------------------------------------------------------------------------------------
  1    4  플라잉리걸           469( -7) 1:14.1            4-  -  - 3- 4- 3- 1
  2    8  레이더               473( +1) 1:14.3  1¼       3-  -  - 4- 3- 2- 2
  3    6  이글스타             482( +6) 1:14.8  3         5-  -  - 6- 7- 7- 4
  4    2  아너퀸               468( -5) 1:14.8  코        6-  -  - 9- 9- 9- 6
  5    1  나이스데이           489( +7) 1:15.3  3         1-  -  - 1- 1- 1- 3
  6    7  스페셜투게더         513( +8) 1:15.4  코       11-  -  -11-11-11- 9
  7   11  스마티돌풍           522( -6) 1:15.4  코        9-  -  - 8- 6- 6- 7
  8    3  함안방어산           450( +6) 1:16.3  5         7-  -  - 5- 5- 5- 8
  9    5  부산소리             517(+16) 1:16.9  3         2-  -  - 2- 2- 4- 5
 10   10  글로벌여신           454( +7) 1:17.1  1¼       8-  -  - 7- 8- 8-10
 11    9  아델축배             534( +6) 1:17.8  4        10-  -  -10-10-10-11
-------------------------------------------------------------------------------------------------
순위 마번 G-3F S-1F    400      400     400     400     G-2F    G-1F    단승식 연승식
-------------------------------------------------------------------------------------------------
  1    4  37.0  0:13.8                  0:25.0  0:24.0  0:25.1  0:13.1    12.1    3.5
  2    8  37.4  0:13.7                  0:25.0  0:23.8  0:25.5  0:13.2     1.4    1.1
  3    6  37.1  0:13.9                  0:25.4  0:24.2  0:25.2  0:13.1     9.4    1.7
  4    2  36.5  0:14.1                  0:25.9  0:24.4  0:24.5  0:12.8    32.4    3.5
  5    1  38.5  0:13.6                  0:24.8  0:23.8  0:26.7  0:14.1     7.1    2.8
  6    7  36.4  0:14.8                  0:26.8  0:24.2  0:24.4  0:12.8    46.3    6.4
  7   11  37.9  0:14.1                  0:25.4  0:24.1  0:25.9  0:13.4    16.5    2.2
  8    3  39.0  0:14.1                  0:25.3  0:24.2  0:26.8  0:14.1    42.0    4.9
  9    5  40.0  0:13.6                  0:24.9  0:24.1  0:27.9  0:15.0    25.0    4.5
 10   10  39.4  0:14.1                  0:25.4  0:24.4  0:27.3  0:14.4    68.9    6.3
 11    9  39.2  0:14.5                  0:26.3  0:24.6  0:26.9  0:14.3    68.5   13.5
-------------------------------------------------------------------------------------------------
(복승식 배당률)
  1- 2    79.0  2- 9   403.5  4- 5   152.7  5-15     0.0  8- 9    37.7 11-12     0.0
  1- 3   208.7  2-10   407.9  4- 6    48.8  5-16     0.0  8-10    24.2 11-13     0.0
  1- 4    54.0  2-11   105.7  4- 7   196.0  6- 7   160.4  8-11     5.6 11-14     0.0
  1- 5   138.7  2-12     0.0  4- 8     6.4  6- 8     3.8  8-12     0.0 11-15     0.0
  1- 6    35.0  2-13     0.0  4- 9   250.3  6- 9   197.1  8-13     0.0 11-16     0.0
  1- 7   295.3  2-14     0.0  4-10   168.5  6-10   218.7  8-14     0.0 12-13     0.0
  1- 8     6.4  2-15     0.0  4-11    61.8  6-11    42.3  8-15     0.0 12-14     0.0
  1- 9   311.9  2-16     0.0  4-12     0.0  6-12     0.0  8-16     0.0 12-15     0.0
  1-10   194.3  3- 4   204.4  4-13     0.0  6-13     0.0  9-10   579.8 12-16     0.0
  1-11    70.6  3- 5   526.8  4-14     0.0  6-14     0.0  9-11   259.0 13-14     0.0
  1-12     0.0  3- 6   213.7  4-15     0.0  6-15     0.0  9-12     0.0 13-15     0.0
  1-13     0.0  3- 7   623.7  4-16     0.0  6-16     0.0  9-13     0.0 13-16     0.0
  1-14     0.0  3- 8    25.4  5- 6    90.5  7- 8    22.2  9-14     0.0 14-15     0.0
  1-15     0.0  3- 9   814.0  5- 7   400.7  7- 9   638.8  9-15     0.0 14-16     0.0
  1-16     0.0  3-10  1019.9  5- 8    20.5  7-10   671.7  9-16     0.0 15-16     0.0
  2- 3   252.4  3-11   353.3  5- 9   553.9  7-11   214.1 10-11   250.4  0- 0     0.0
  2- 4    67.2  3-12     0.0  5-10   387.1  7-12     0.0 10-12     0.0  0- 0     0.0
  2- 5   359.6  3-13     0.0  5-11   219.3  7-13     0.0 10-13     0.0  0- 0     0.0
  2- 6    58.7  3-14     0.0  5-12     0.0  7-14     0.0 10-14     0.0  0- 0     0.0
  2- 7   271.8  3-15     0.0  5-13     0.0  7-15     0.0 10-15     0.0  0- 0     0.0
  2- 8     9.6  3-16     0.0  5-14     0.0  7-16     0.0 10-16     0.0  0- 0     0.0
-------------------------------------------------------------------------------------------------
매출액 단식:     19,099,800    연식:     39,434,600      복식:    585,379,600
       복연:     95,848,100    쌍식:    235,598,700      삼복:    591,896,900
       삼쌍:    278,557,200    합계:  1,845,814,900
-------------------------------------------------------------------------------------------------
배당률 단: ④12.1       연: ④3.5 ⑧1.1 ⑥1.7          복: ④⑧6.4       4F:49.3
                                                                         3F:37.3
                        쌍: ④⑧29.5
     복연: ④⑧3.5 ④⑥9.6 ⑧⑥1.9
     삼복: ④⑧⑥12.2 
     삼쌍: ④⑧⑥153.3 
-------------------------------------------------------------------------------------------------
펄 롱:13.6 11.2 12.0   11.8   12.4   13.1   
통과M:  200  400  600    800    1000   1200
통과T:13.6 24.8 36.8 0:48.6 1:01.0 1:14.1 
-------------------------------------------------------------------------------------------------
통과순위 S1F : (1,5,8),(4,6),(2,3,10,11)-9,7           
         G8F :                                         
         G6F :                                         
         G4F : (^1,5),(4,8),(3,6,10,11)-2-9-7          
         G3F : (^1,5,8),4,3,11,(6,10)-2,9-7            
         G2F : 1,8,(4,5)-(6,3,11),10-2-(7,9)           
         G1F : (^4,8),1-6,(2,5,11),3-(7,10)=9          
-------------------------------------------------------------------------------------------------
구분 출전번호  대상명            처분종류     처분내용                     세부내용
-------------------------------------------------------------------------------------------------
기수    2      김혜선            기승정지     2일(2022.10.21~2022.10.23)   결승선 직선주로 채찍 과다사용(최근 1개월 이내 3회째)
말      2      아너퀸            출발심사                                  진입불량                                          
말      4      플라잉리걸        출발심사                                  진입불량                                          
말      4      플라잉리걸        출전정지     2개월(2022.10.15~2022.12.14) 최근 반복적 출발심사 처분(최근 1년 이내 3회째)    
-------------------------------------------------------------------------------------------------


제목 : 22년10월14일(금)  제 5경주

(부산) 제75일 1400M 국5등급핸디캡      경주명 : 일반                        
경주조건:  R1~35          연령오픈                   날씨:맑음 주로:건조  (2%)
순위상금: 22,000천원   8,800천원   5,600천원   2,000천원   1,600천원
부가상금:      0천원       0천원       0천원
-------------------------------------------------------------------------------------------------
순위 마번    마    명         산지   성별 연령 부담중량  기수명   조교사   마주명           레이팅
-------------------------------------------------------------------------------------------------
  1    7  플로잉리버           한     거     3    52.0   이성재   강은석   하늬바람            25
  2    5  윈드크로스           한(포) 수     4    56.0   정도윤   구영준   하늬바람            33
  3    9  노블카우보이         한     거     4    51.0   서강주   강형곤   이혜란              29
  4    2  골든포인트           한     수     3    54.0   다실바   민장기   윤지중              29
  5    6  슈퍼크랙             한     수     3    53.0   최시대   양귀선   이일형              27
  6    1  진마크               한     암     4    52.0   정우주   윤영훈   강애순              27
  7    8  리아논포인트         한     암     4    51.0   윤형석   조용배   김근영              26
  8   11  밀크데이             한     수     3    54.5   송경윤   조용배   김근영              30
  9    4  올크라운             한     암     3    54.0   유현명   안우성   정영광              33
 10    3  수소파워             한     암     4    51.0   모준호   손병직   구원모              25
 11   10  화랑에이스           한     수     3    53.0   김혜선   백광열   박웅진              27
 12   12  고수의파워           한     거     4    52.5   전진구   방동석   구영본              26
-------------------------------------------------------------------------------------------------
순위 마번    마      명       마 체 중  기 록  도 착 차  (S1F-S8F-G6F-G4F-G3F-G2F-G1F)
-------------------------------------------------------------------------------------------------
  1    7  플로잉리버           450( +7) 1:28.1            1-  -  - 1- 1- 1- 1
  2    5  윈드크로스           466(-13) 1:28.3  1¼       3-  -  - 4- 4- 4- 4
  3    9  노블카우보이         430(+15) 1:28.8  3        12-  -  -12- 9- 7- 5
  4    2  골든포인트           486( +2) 1:28.9  ¾        2-  -  - 3- 3- 2- 2
  5    6  슈퍼크랙             471( -4) 1:29.0  ½        4-  -  - 2- 2- 3- 3
  6    1  진마크               455( +5) 1:29.5  3        11-  -  -11-11- 8- 7
  7    8  리아논포인트         491( +2) 1:30.0  3         5-  -  - 5- 5- 5- 6
  8   11  밀크데이             460( +0) 1:30.1  머리      6-  -  - 7- 7- 9- 8
  9    4  올크라운             450( +6) 1:30.2  ¾        9-  -  - 6- 6- 6- 9
 10    3  수소파워             460( +9) 1:30.3  ½        8-  -  - 9-10-10-10
 11   10  화랑에이스           514(+16) 1:30.4  ½       10-  -  -10-12-11-11
 12   12  고수의파워           516( +3) 1:33.0  15        7-  -  - 8- 8-12-12
-------------------------------------------------------------------------------------------------
순위 마번 G-3F S-1F    400      400     400     400     G-2F    G-1F    단승식 연승식
-------------------------------------------------------------------------------------------------
  1    7  38.2  0:14.2                  0:23.0  0:25.0  0:25.9  0:13.6    39.8    9.6
  2    5  37.8  0:14.4                  0:23.1  0:25.6  0:25.2  0:12.9     3.3    1.4
  3    9  37.8  0:15.2                  0:23.5  0:24.6  0:25.5  0:13.1    17.2    2.9
  4    2  38.8  0:14.4                  0:23.0  0:25.0  0:26.5  0:13.8     3.5    2.0
  5    6  39.0  0:14.4                  0:22.9  0:25.1  0:26.6  0:13.9    27.3    3.9
  6    1  38.4  0:15.1                  0:23.4  0:24.9  0:26.1  0:13.5    46.2    6.5
  7    8  39.4  0:14.5                  0:23.2  0:25.5  0:26.8  0:14.0    90.7   17.2
  8   11  39.2  0:14.7                  0:23.2  0:25.6  0:26.6  0:13.9    13.0    3.0
  9    4  39.6  0:14.9                  0:22.8  0:25.5  0:27.0  0:14.0     5.5    2.3
 10    3  39.2  0:14.8                  0:23.5  0:25.7  0:26.3  0:13.4     5.2    1.7
 11   10  39.2  0:14.9                  0:23.4  0:25.8  0:26.3  0:13.4    35.8   10.4
 12   12  42.1  0:14.7                  0:23.2  0:26.2  0:28.9  0:15.3    32.3    6.4
-------------------------------------------------------------------------------------------------
(복승식 배당률)
  1- 2   123.6  2- 9    36.8  4- 5     7.1  5-15     0.0  8- 9   429.3 11-12    87.0
  1- 3   159.2  2-10   141.2  4- 6    60.7  5-16     0.0  8-10   873.6 11-13     0.0
  1- 4   109.3  2-11    29.2  4- 7    85.4  6- 7   312.3  8-11   416.7 11-14     0.0
  1- 5    76.1  2-12   105.9  4- 8   285.3  6- 8   719.8  8-12   560.5 11-15     0.0
  1- 6   510.9  2-13     0.0  4- 9    30.2  6- 9   181.8  8-13     0.0 11-16     0.0
  1- 7   768.5  2-14     0.0  4-10   107.6  6-10   360.2  8-14     0.0 12-13     0.0
  1- 8  1179.3  2-15     0.0  4-11    24.7  6-11   107.1  8-15     0.0 12-14     0.0
  1- 9   287.7  2-16     0.0  4-12    76.4  6-12   340.1  8-16     0.0 12-15     0.0
  1-10   623.1  3- 4    10.5  4-13     0.0  6-13     0.0  9-10   222.1 12-16     0.0
  1-11   286.0  3- 5     7.3  4-14     0.0  6-14     0.0  9-11    53.9 13-14     0.0
  1-12   586.7  3- 6    80.6  4-15     0.0  6-15     0.0  9-12   183.5 13-15     0.0
  1-13     0.0  3- 7    94.7  4-16     0.0  6-16     0.0  9-13     0.0 13-16     0.0
  1-14     0.0  3- 8   321.3  5- 6    34.3  7- 8   726.7  9-14     0.0 14-15     0.0
  1-15     0.0  3- 9    39.8  5- 7    69.3  7- 9   199.8  9-15     0.0 14-16     0.0
  1-16     0.0  3-10   161.4  5- 8   163.4  7-10   521.5  9-16     0.0 15-16     0.0
  2- 3    12.6  3-11    21.0  5- 9    20.5  7-11   203.5 10-11   173.5  0- 0     0.0
  2- 4    11.5  3-12    79.8  5-10    70.2  7-12   241.1 10-12   377.9  0- 0     0.0
  2- 5     7.7  3-13     0.0  5-11    13.8  7-13     0.0 10-13     0.0  0- 0     0.0
  2- 6    70.6  3-14     0.0  5-12    51.2  7-14     0.0 10-14     0.0  0- 0     0.0
  2- 7   136.5  3-15     0.0  5-13     0.0  7-15     0.0 10-15     0.0  0- 0     0.0
  2- 8   408.9  3-16     0.0  5-14     0.0  7-16     0.0 10-16     0.0  0- 0     0.0
-------------------------------------------------------------------------------------------------
매출액 단식:     23,872,500    연식:     43,856,600      복식:    650,059,400
       복연:    100,122,700    쌍식:    194,263,400      삼복:    601,347,100
       삼쌍:    237,042,200    합계:  1,850,563,900
-------------------------------------------------------------------------------------------------
배당률 단: ⑦39.8       연: ⑦9.6 ⑤1.4 ⑨2.9          복: ⑦⑤69.3      4F:50.9
                                                                         3F:38.2
                        쌍: ⑦⑤197.7
     복연: ⑦⑤24.5 ⑦⑨58.3 ⑤⑨5.6
     삼복: ⑦⑤⑨280.8 
     삼쌍: ⑦⑤⑨2879.2 
-------------------------------------------------------------------------------------------------
펄 롱:14.2 11.1 11.9   12.7   12.3   12.3   13.6   
통과M:  200  400  600    800    1000   1200   1400
통과T:14.2 25.3 37.2 0:49.9 1:02.2 1:14.5 1:28.1 
-------------------------------------------------------------------------------------------------
통과순위 S1F : 7,(2,5,6,8),(3,11,12),(4,10),(1,9)      
         G8F :                                         
         G6F :                                         
         G4F : (^7,6),(2,5),(8,4),(11,12)-(3,10),1,9   
         G3F : (^7,6),2-(8,5,4),(9,11,12),(3,10,1)     
         G2F : 7,(2,6)-(8,5,4),(9,1),11-(3,10,12)      
         G1F : 7-(2,6),5,9,(8,1),(11,4)-(3,10)-12      
-------------------------------------------------------------------------------------------------
구분 출전번호  대상명            처분종류     처분내용                     세부내용
-------------------------------------------------------------------------------------------------
특 
이 
사 
항
-------------------------------------------------------------------------------------------------


제목 : 22년10월14일(금)  제 6경주

(부산) 제75일 1400M 국4등급핸디캡      경주명 : 일반                        
경주조건:  R1~50          연령오픈                   날씨:맑음 주로:건조  (2%)
순위상금: 33,000천원  13,200천원   8,400천원   3,000천원   2,400천원
부가상금:      0천원       0천원       0천원
-------------------------------------------------------------------------------------------------
순위 마번    마    명         산지   성별 연령 부담중량  기수명   조교사   마주명           레이팅
-------------------------------------------------------------------------------------------------
  1    4  케이에프원           한     암     3    51.0   최은경   하무선   말구유              37
  2   10  라온더파이팅         한     수     3    56.0   최시대   권승주   손천수              46
  3    6  적도전사             한     거     3    51.0   김혜선   김영민   하늬바람            35
  4    2  비케이파워           한     암     4    51.0   정동철   강형곤   함승원              36
  5    9  용가리               한     수     3    54.0   송경윤   임동창   최종하              42
  6    8  크라운킹스타         한     수     4    55.0   이성재   안우성   이성영              44
  7    7  트리플질주           한(포) 수     4    52.0   다실바   이정표   오영복              38
  8   11  서귀포인트           한     암     3    52.0   정도윤   강형곤   서귀포시축협        39
  9    3  함안여항산           한     암     4    52.0   김어수   손병직   함안군              39
 10    1  천년의구름           한     암     6    51.0   서강주   강은석   류주영              42
 11   12  대호누리             한     수     3    51.5   모준호   구영준   고재완              37
 12    5  독보                 한     암     3    52.0   유현명   양귀선   이성인              42
-------------------------------------------------------------------------------------------------
순위 마번    마      명       마 체 중  기 록  도 착 차  (S1F-S8F-G6F-G4F-G3F-G2F-G1F)
-------------------------------------------------------------------------------------------------
  1    4  케이에프원           486( +3) 1:26.7            3-  -  - 3- 3- 1- 1
  2   10  라온더파이팅         488( +6) 1:27.6  5         4-  -  - 4- 5- 2- 2
  3    6  적도전사             453( -7) 1:27.7  ¾       11-  -  -11-11-10- 6
  4    2  비케이파워           511( -2) 1:28.3  3         9-  -  - 7- 7- 6- 5
  5    9  용가리               513( -6) 1:28.6  1½       7-  -  - 8- 8- 9-10
  6    8  크라운킹스타         468( +2) 1:28.6  목        2-  -  - 2- 2- 3- 3
  7    7  트리플질주           483( -3) 1:28.6  목        5-  -  - 5- 4- 5- 4
  8   11  서귀포인트           500( -5) 1:28.7  머리      8-  -  - 9- 9- 7- 8
  9    3  함안여항산           450( +6) 1:28.7  머리      6-  -  -10-10-11- 9
 10    1  천년의구름           475( +0) 1:29.3  3        12-  -  -12-12-12-12
 11   12  대호누리             484( +6) 1:29.4  1        10-  -  - 6- 6- 8-11
 12    5  독보                 481( -1) 1:30.5  6         1-  -  - 1- 1- 4- 7
-------------------------------------------------------------------------------------------------
순위 마번 G-3F S-1F    400      400     400     400     G-2F    G-1F    단승식 연승식
-------------------------------------------------------------------------------------------------
  1    4  37.8  0:14.1                  0:22.5  0:24.3  0:25.8  0:13.6     4.0    1.5
  2   10  38.7  0:14.1                  0:22.5  0:24.4  0:26.6  0:14.0     5.2    2.1
  3    6  37.8  0:14.8                  0:22.6  0:24.9  0:25.4  0:13.0     5.2    2.2
  4    2  38.7  0:14.5                  0:22.5  0:25.0  0:26.3  0:13.8    36.9    9.9
  5    9  38.9  0:14.4                  0:22.6  0:25.2  0:26.4  0:13.6    29.8    6.5
  6    8  39.8  0:14.0                  0:22.4  0:24.7  0:27.5  0:14.4    36.7    6.5
  7    7  39.7  0:14.2                  0:22.6  0:24.6  0:27.2  0:14.2     6.1    2.0
  8   11  39.0  0:14.4                  0:22.7  0:25.0  0:26.6  0:13.9    12.1    3.2
  9    3  38.8  0:14.3                  0:23.0  0:25.1  0:26.3  0:13.7    14.7    4.1
 10    1  39.1  0:14.9                  0:22.7  0:25.1  0:26.6  0:13.9    15.2    3.9
 11   12  40.1  0:14.5                  0:22.3  0:25.3  0:27.3  0:14.2    29.3    9.4
 12    5  41.8  0:14.0                  0:22.3  0:24.9  0:29.3  0:15.7     9.0    3.2
-------------------------------------------------------------------------------------------------
(복승식 배당률)
  1- 2   246.1  2- 9   374.9  4- 5    13.9  5-15     0.0  8- 9   247.9 11-12   215.5
  1- 3   169.3  2-10    99.4  4- 6     7.5  5-16     0.0  8-10    77.0 11-13     0.0
  1- 4    26.1  2-11   171.8  4- 7    10.3  6- 7    23.8  8-11   139.4 11-14     0.0
  1- 5    73.8  2-12   580.6  4- 8    57.0  6- 8    83.8  8-12   559.1 11-15     0.0
  1- 6    45.7  2-13     0.0  4- 9    49.7  6- 9    77.6  8-13     0.0 11-16     0.0
  1- 7    64.4  2-14     0.0  4-10     9.5  6-10    12.4  8-14     0.0 12-13     0.0
  1- 8   301.8  2-15     0.0  4-11    16.4  6-11    31.2  8-15     0.0 12-14     0.0
  1- 9   262.7  2-16     0.0  4-12    70.8  6-12    95.0  8-16     0.0 12-15     0.0
  1-10    41.2  3- 4    37.8  4-13     0.0  6-13     0.0  9-10    62.1 12-16     0.0
  1-11    95.8  3- 5    87.3  4-14     0.0  6-14     0.0  9-11   123.6 13-14     0.0
  1-12   231.4  3- 6    80.4  4-15     0.0  6-15     0.0  9-12   402.5 13-15     0.0
  1-13     0.0  3- 7   129.2  4-16     0.0  6-16     0.0  9-13     0.0 13-16     0.0
  1-14     0.0  3- 8   331.3  5- 6    20.7  7- 8   175.9  9-14     0.0 14-15     0.0
  1-15     0.0  3- 9   274.6  5- 7    36.3  7- 9   117.1  9-15     0.0 14-16     0.0
  1-16     0.0  3-10    63.5  5- 8   149.7  7-10    21.5  9-16     0.0 15-16     0.0
  2- 3   211.7  3-11   161.4  5- 9   127.7  7-11    54.2 10-11    25.0  0- 0     0.0
  2- 4    62.9  3-12   311.4  5-10    19.6  7-12   186.8 10-12    93.2  0- 0     0.0
  2- 5   143.9  3-13     0.0  5-11    45.2  7-13     0.0 10-13     0.0  0- 0     0.0
  2- 6   132.2  3-14     0.0  5-12   224.7  7-14     0.0 10-14     0.0  0- 0     0.0
  2- 7   221.3  3-15     0.0  5-13     0.0  7-15     0.0 10-15     0.0  0- 0     0.0
  2- 8   279.4  3-16     0.0  5-14     0.0  7-16     0.0 10-16     0.0  0- 0     0.0
-------------------------------------------------------------------------------------------------
매출액 단식:     20,943,000    연식:     50,095,500      복식:    719,821,100
       복연:     89,095,600    쌍식:    181,553,900      삼복:    616,493,300
       삼쌍:    214,720,400    합계:  1,892,722,800
-------------------------------------------------------------------------------------------------
배당률 단: ④4.0        연: ④1.5 ⑩2.1 ⑥2.2          복: ④⑩9.5       4F:50.4
                                                                         3F:38.0
                        쌍: ④⑩17.8
     복연: ④⑩4.0 ④⑥2.8 ⑩⑥4.3
     삼복: ④⑩⑥11.7 
     삼쌍: ④⑩⑥59.0 
-------------------------------------------------------------------------------------------------
펄 롱:14.0 10.7 11.6   12.4   12.2   12.2   13.6   
통과M:  200  400  600    800    1000   1200   1400
통과T:14.0 24.7 36.3 0:48.7 1:00.9 1:13.1 1:26.7 
-------------------------------------------------------------------------------------------------
통과순위 S1F : (4,5,8,10),(3,7),(2,9,11,12),(1,6)      
         G8F :                                         
         G6F :                                         
         G4F : (^5,8),(4,10),(7,12),(2,9,11),(3,6),1   
         G3F : (^5,8),(4,7,10)-12,(2,9,11),(3,6),1     
         G2F : (^4,10),(5,8),7-(2,11,12),(9,6),3,1     
         G1F : 4-10-8,(2,7),(5,11,6),(3,9),12,1        
-------------------------------------------------------------------------------------------------
구분 출전번호  대상명            처분종류     처분내용                     세부내용
-------------------------------------------------------------------------------------------------
말      1      천년의구름        출발심사                                  출발불량                                          
-------------------------------------------------------------------------------------------------


제목 : 22년10월14일(금)  제 7경주

(부산) 제75일 1600M 혼4등급별정B       경주명 : 일반                        
경주조건:  R1~50          연령오픈                   날씨:흐림 주로:건조  (2%)
순위상금: 33,000천원  13,200천원   8,400천원   3,000천원   2,400천원
부가상금:      0천원       0천원       0천원
-------------------------------------------------------------------------------------------------
순위 마번    마    명         산지   성별 연령 부담중량  기수명   조교사   마주명           레이팅
-------------------------------------------------------------------------------------------------
  1    9  케이케이원           한     수     4    56.0   김혜선   권승주   김광원              44
  2    3  대호전설             한     수     3    57.0   정도윤   백광열   고재완              45
  3   11  운주불패             한     수     3    54.0   이성재   민장기   부수선              38
  4    1  아이윌비프리         한(포) 수     3    56.0   송경윤   김병학   신우철              42
  5    8  라인브레이커         한     거     3    56.0   유현명   토마스   백용덕              43
  6    7  퍼스트스타           한     암     5    52.0   최은경   장세한   조창환              38
  7    5  금아굿포인트         한     거     5    54.0   서강주   이상영   금아산업(주)        45
  8   10  장산블랙             미     거     6    55.0   다실바   라이스   김형란              41
  9    6  스타캐치             한     암     3    52.0   정동철   강형곤   권주순              36
 10    4  핼러윈파티           한     거     3    57.0   최시대   양귀선   고구려              45
 11    2  무등산               미     거     3    52.0   신윤섭   손병직   배은정              36
 12   12  로열페넌트           미     거     5    57.0   모준호   울즐리   박희준              46
-------------------------------------------------------------------------------------------------
순위 마번    마      명       마 체 중  기 록  도 착 차  (S1F-S8F-G6F-G4F-G3F-G2F-G1F)
-------------------------------------------------------------------------------------------------
  1    9  케이케이원           481( +6) 1:41.7           11-  -10- 7- 7- 7- 2
  2    3  대호전설             479( +6) 1:41.7  목        5-  - 5- 5- 5- 2- 1
  3   11  운주불패             499( +2) 1:41.8  ¾        9-  - 9-12-12-10- 7
  4    1  아이윌비프리         471( +3) 1:42.4  3         8-  - 8- 9-10-11-10
  5    8  라인브레이커         476( +0) 1:42.6  1¼       7-  - 7- 8- 9- 9- 9
  6    7  퍼스트스타           443( +2) 1:42.6  머리      6-  - 6- 6- 6- 5- 6
  7    5  금아굿포인트         484( +3) 1:42.7  목        3-  - 3- 3- 3- 4- 4
  8   10  장산블랙             538( +1) 1:42.9  1½      12-  -11-10- 8- 8- 8
  9    6  스타캐치             448( +4) 1:43.1  1        10-  -12-11-11-12-11
 10    4  핼러윈파티           494( +5) 1:43.4  1¼       2-  - 2- 2- 2- 3- 5
 11    2  무등산               490( -8) 1:43.4  목        1-  - 1- 1- 1- 1- 3
 12   12  로열페넌트           479( +2) 1:44.9  9         4-  - 4- 4- 4- 6-12
-------------------------------------------------------------------------------------------------
순위 마번 G-3F S-1F    400      400     400     400     G-2F    G-1F    단승식 연승식
-------------------------------------------------------------------------------------------------
  1    9  39.9  0:14.5          0:25.9  0:23.0  0:25.8  0:27.0  0:13.9     4.6    1.6
  2    3  40.4  0:14.0          0:25.4  0:23.2  0:25.6  0:27.5  0:14.1     9.4    3.2
  3   11  39.1  0:14.3          0:25.8  0:24.1  0:25.5  0:26.4  0:13.6    28.1    5.8
  4    1  39.9  0:14.3          0:25.5  0:23.6  0:26.5  0:26.8  0:13.8     4.3    1.6
  5    8  40.6  0:14.0          0:25.4  0:23.5  0:26.1  0:27.6  0:14.1     9.6    3.2
  6    7  41.2  0:14.0          0:25.4  0:23.3  0:25.7  0:28.2  0:14.4    35.8    6.5
  7    5  41.7  0:13.9          0:25.1  0:23.1  0:26.0  0:28.5  0:14.7     8.7    2.6
  8   10  40.9  0:14.6          0:25.9  0:23.3  0:25.8  0:27.9  0:14.5    32.1    8.1
  9    6  40.4  0:14.5          0:26.1  0:23.8  0:25.7  0:27.5  0:14.4    45.1    4.4
 10    4  42.4  0:13.8          0:25.0  0:23.1  0:26.1  0:29.2  0:15.3     5.5    2.3
 11    2  42.6  0:13.8          0:25.0  0:22.9  0:26.1  0:29.4  0:15.5    55.0   19.8
 12   12  43.9  0:13.9          0:25.1  0:23.1  0:26.2  0:30.5  0:16.0     6.5    3.0
-------------------------------------------------------------------------------------------------
(복승식 배당률)
  1- 2   153.2  2- 9   194.8  4- 5    22.4  5-15     0.0  8- 9    17.5 11-12   139.6
  1- 3    14.8  2-10   587.8  4- 6   249.2  5-16     0.0  8-10   228.1 11-13     0.0
  1- 4    10.6  2-11   831.0  4- 7    92.2  6- 7   566.8  8-11   110.7 11-14     0.0
  1- 5    14.5  2-12   248.7  4- 8    22.4  6- 8   300.1  8-12    37.1 11-15     0.0
  1- 6   164.2  2-13     0.0  4- 9    11.7  6- 9   156.5  8-13     0.0 11-16     0.0
  1- 7    70.8  2-14     0.0  4-10   154.5  6-10   752.5  8-14     0.0 12-13     0.0
  1- 8    18.7  2-15     0.0  4-11   104.4  6-11   552.6  8-15     0.0 12-14     0.0
  1- 9     7.8  2-16     0.0  4-12    23.2  6-12   252.1  8-16     0.0 12-15     0.0
  1-10   117.0  3- 4    28.0  4-13     0.0  6-13     0.0  9-10   120.1 12-16     0.0
  1-11    52.8  3- 5    43.5  4-14     0.0  6-14     0.0  9-11    71.7 13-14     0.0
  1-12    19.2  3- 6   310.1  4-15     0.0  6-15     0.0  9-12    15.4 13-15     0.0
  1-13     0.0  3- 7   237.1  4-16     0.0  6-16     0.0  9-13     0.0 13-16     0.0
  1-14     0.0  3- 8    41.6  5- 6   262.3  7- 8   134.0  9-14     0.0 14-15     0.0
  1-15     0.0  3- 9    23.2  5- 7   151.2  7- 9    57.6  9-15     0.0 14-16     0.0
  1-16     0.0  3-10   288.7  5- 8    36.9  7-10   549.2  9-16     0.0 15-16     0.0
  2- 3   314.8  3-11   147.6  5- 9    14.4  7-11   379.2 10-11   405.4  0- 0     0.0
  2- 4   198.1  3-12    38.2  5-10   238.0  7-12   137.4 10-12   153.2  0- 0     0.0
  2- 5   338.4  3-13     0.0  5-11   113.2  7-13     0.0 10-13     0.0  0- 0     0.0
  2- 6   890.3  3-14     0.0  5-12    36.3  7-14     0.0 10-14     0.0  0- 0     0.0
  2- 7   724.1  3-15     0.0  5-13     0.0  7-15     0.0 10-15     0.0  0- 0     0.0
  2- 8   428.6  3-16     0.0  5-14     0.0  7-16     0.0 10-16     0.0  0- 0     0.0
-------------------------------------------------------------------------------------------------
매출액 단식:     25,172,800    연식:     43,356,700      복식:    718,107,300
       복연:     84,660,200    쌍식:    183,976,400      삼복:    625,074,200
       삼쌍:    219,811,200    합계:  1,900,158,800
-------------------------------------------------------------------------------------------------
배당률 단: ⑨4.6        연: ⑨1.6 ③3.2 ⑪5.8          복: ⑨③23.2      4F:53.8
                                                                         3F:40.9
                        쌍: ⑨③38.6
     복연: ⑨③8.5 ⑨⑪19.5 ③⑪51.6
     삼복: ⑨③⑪209.7 
     삼쌍: ⑨③⑪1052.9 
-------------------------------------------------------------------------------------------------
펄 롱:13.8 11.2 11.1   11.8   12.9   13.2   13.6   14.1   
통과M:  200  400  600    800    1000   1200   1400   1600       
통과T:13.8 25.0 36.1 0:47.9 1:00.8 1:14.0 1:27.6 1:41.7 
-------------------------------------------------------------------------------------------------
통과순위 S1F : (2,4,5,12),(3,7,8),(1,11),(6,9,10)      
         G8F :                                         
         G6F : (2,4,5,12),(1,3,7,8),(9,10,11),6        
         G4F : 2,(4,5,12)-(3,7),(9,8),(1,10)-(6,11)    
         G3F : 2,(4,5,12),(3,7)-9,(10,8)-1,(6,11)      
         G2F : 2,(3,4,5),(7,12),9,(10,8)-11,(1,6)      
         G1F : 3,(2,9),(4,5),(7,11),(10,8),(1,6),12    
-------------------------------------------------------------------------------------------------
구분 출전번호  대상명            처분종류     처분내용                     세부내용
-------------------------------------------------------------------------------------------------
기수   12      모준호            기승정지     1일(2022.10.28~2022.10.28)   출발 후 약 100m 이내 진로변경                     
-------------------------------------------------------------------------------------------------


제목 : 22년10월14일(금)  제 8경주

(부산) 제75일 1800M 혼3등급별정B       경주명 : 일반                        
경주조건:  R1~65          연령오픈                   날씨:흐림 주로:건조  (2%)
순위상금: 41,250천원  16,500천원  10,500천원   3,750천원   3,000천원
부가상금:      0천원       0천원       0천원
-------------------------------------------------------------------------------------------------
순위 마번    마    명         산지   성별 연령 부담중량  기수명   조교사   마주명           레이팅
-------------------------------------------------------------------------------------------------
  1    3  오르다               한     수     3    51.0   윤형석   윤영훈   이동헌              53
  2   12  워리어클래스         미     수     5    55.0   다실바   임금만   김중길              55
  3    4  폭풍언덕             미     수     5    54.0   서강주   김영민   이성인              62
  4    7  운주히어로           한     수     3    56.0   이성재   강은석   부수선              58
  5    9  트라이엄프킹         한     수     5    54.0   김혜선   안우성   임한용              51
  6    2  덩컨                 미     거     4    58.0   모준호   울즐리   박희상              64
  7   10  아델크라운           한(포) 거     4    56.0   유현명   백광열   이장현              58
  8   11  역전명수             미     거     4    53.0   권오찬   라이스   정영식              62
  9    1  파인의꿈             한     수     5    54.0   이홍락   백광열   이장현              64
 10    8  볼라벤               호     수     4    55.0   최시대   권승주   손병철              55
 11    5  바벨드리머           미     거     4    52.0   신윤섭   토마스   김명환              51
 12    6  부경천사             미     암     5    52.0   최은경   이상영   김상기              51
-------------------------------------------------------------------------------------------------
순위 마번    마      명       마 체 중  기 록  도 착 차  (S1F-S8F-G6F-G4F-G3F-G2F-G1F)
-------------------------------------------------------------------------------------------------
  1    3  오르다               511(+12) 1:55.8            1-  - 1- 1- 1- 1- 1
  2   12  워리어클래스         534( +5) 1:55.9  목        3-  - 3- 2- 2- 2- 2
  3    4  폭풍언덕             491( -5) 1:55.9  ½        9-  -12-10-12- 9- 5
  4    7  운주히어로           508( +5) 1:56.2  1¾      12-  - 9- 6- 7- 7- 3
  5    9  트라이엄프킹         473( -4) 1:56.8  3         4-  - 5- 5- 5- 3- 4
  6    2  덩컨                 483( +7) 1:57.2  2½       6-  - 6- 7- 6- 5- 6
  7   10  아델크라운           480(-17) 1:57.3  ½        8-  - 8-11-11-12-10
  8   11  역전명수             533(+10) 1:57.3  코        5-  - 4- 4- 4- 4- 7
  9    1  파인의꿈             500( +7) 1:57.4  ½       11-  -11-12-10- 8- 9
 10    8  볼라벤               495( +3) 1:57.7  2         2-  - 2- 3- 3- 6- 8
 11    5  바벨드리머           463( +1) 1:58.0  1¾      10-  - 7- 8- 8-10-12
 12    6  부경천사             475( -5) 1:58.1  ½        7-  -10- 9- 9-11-11
-------------------------------------------------------------------------------------------------
순위 마번 G-3F S-1F    400      400     400     400     G-2F    G-1F    단승식 연승식
-------------------------------------------------------------------------------------------------
  1    3  38.6  0:14.0          0:24.2  0:25.4  0:26.7  0:25.5  0:13.2     8.3    1.9
  2   12  38.7  0:14.0          0:24.3  0:25.3  0:26.7  0:25.6  0:13.3    11.8    3.7
  3    4  37.7  0:14.5          0:25.1  0:24.9  0:26.9  0:24.5  0:12.6     4.5    2.1
  4    7  38.5  0:15.0          0:24.2  0:24.9  0:26.9  0:25.2  0:12.9     4.2    2.1
  5    9  39.3  0:14.1          0:24.5  0:25.3  0:26.8  0:26.1  0:13.5    26.9    7.0
  6    2  39.5  0:14.3          0:24.5  0:25.5  0:26.6  0:26.3  0:13.7    12.5    3.4
  7   10  39.1  0:14.4          0:24.7  0:25.6  0:26.8  0:25.8  0:13.3    11.6    2.2
  8   11  39.9  0:14.2          0:24.3  0:25.3  0:26.9  0:26.6  0:13.8     4.9    2.7
  9    1  39.3  0:14.8          0:24.5  0:25.5  0:26.6  0:26.0  0:13.4    13.3    4.0
 10    8  40.4  0:14.0          0:24.3  0:25.4  0:27.2  0:26.8  0:13.8    24.0    5.6
 11    5  40.0  0:14.5          0:24.6  0:25.3  0:27.1  0:26.5  0:13.5    28.4    5.2
 12    6  40.1  0:14.3          0:24.9  0:25.2  0:27.1  0:26.6  0:13.8    39.6    9.2
-------------------------------------------------------------------------------------------------
(복승식 배당률)
  1- 2    69.7  2- 9   179.2  4- 5    45.6  5-15     0.0  8- 9   191.2 11-12    31.9
  1- 3    53.8  2-10    55.4  4- 6   149.9  5-16     0.0  8-10    84.3 11-13     0.0
  1- 4    28.6  2-11    27.7  4- 7    10.5  6- 7   100.7  8-11    85.3 11-14     0.0
  1- 5   249.2  2-12    80.6  4- 8    58.9  6- 8   387.8  8-12   116.3 11-15     0.0
  1- 6   312.7  2-13     0.0  4- 9    51.6  6- 9   163.4  8-13     0.0 11-16     0.0
  1- 7    43.9  2-14     0.0  4-10    22.2  6-10   215.4  8-14     0.0 12-13     0.0
  1- 8   192.3  2-15     0.0  4-11     9.8  6-11   163.0  8-15     0.0 12-14     0.0
  1- 9   181.6  2-16     0.0  4-12    26.7  6-12   308.5  8-16     0.0 12-15     0.0
  1-10    82.6  3- 4    14.9  4-13     0.0  6-13     0.0  9-10   105.5 12-16     0.0
  1-11    36.2  3- 5    95.9  4-14     0.0  6-14     0.0  9-11    63.6 13-14     0.0
  1-12    90.9  3- 6   244.9  4-15     0.0  6-15     0.0  9-12   192.3 13-15     0.0
  1-13     0.0  3- 7    13.5  4-16     0.0  6-16     0.0  9-13     0.0 13-16     0.0
  1-14     0.0  3- 8   106.5  5- 6   314.5  7- 8    52.1  9-14     0.0 14-15     0.0
  1-15     0.0  3- 9   152.7  5- 7   100.8  7- 9    66.1  9-15     0.0 14-16     0.0
  1-16     0.0  3-10    44.6  5- 8   406.8  7-10    26.1  9-16     0.0 15-16     0.0
  2- 3    44.4  3-11    25.8  5- 9   355.7  7-11    11.5 10-11    25.9  0- 0     0.0
  2- 4    23.4  3-12    46.1  5-10   163.6  7-12    30.8 10-12    47.0  0- 0     0.0
  2- 5   168.7  3-13     0.0  5-11   122.5  7-13     0.0 10-13     0.0  0- 0     0.0
  2- 6   258.5  3-14     0.0  5-12   210.9  7-14     0.0 10-14     0.0  0- 0     0.0
  2- 7    28.1  3-15     0.0  5-13     0.0  7-15     0.0 10-15     0.0  0- 0     0.0
  2- 8   132.6  3-16     0.0  5-14     0.0  7-16     0.0 10-16     0.0  0- 0     0.0
-------------------------------------------------------------------------------------------------
매출액 단식:     25,609,300    연식:     45,156,800      복식:    728,479,100
       복연:     87,673,200    쌍식:    189,194,200      삼복:    627,678,500
       삼쌍:    210,009,300    합계:  1,913,800,400
-------------------------------------------------------------------------------------------------
배당률 단: ③8.3        연: ③1.9 ⑫3.7 ④2.1          복: ③⑫46.1      4F:52.2
                                                                         3F:38.6
                        쌍: ③⑫96.4
     복연: ③⑫15.4 ③④6.0 ⑫④8.4
     삼복: ③⑫④78.8 
     삼쌍: ③⑫④437.3 
-------------------------------------------------------------------------------------------------
펄 롱:14.0 11.6 12.6   12.5   12.9   13.6   13.1   12.3   13.2   
통과M:  200  400  600    800    1000   1200   1400   1600   1800
통과T:14.0 25.6 38.2 0:50.7 1:03.6 1:17.2 1:30.3 1:42.6 1:55.8 
-------------------------------------------------------------------------------------------------
통과순위 S1F : (3,8,9,12),(2,6,11),(4,5,10),1,7        
         G8F :                                         
         G6F : (^3,8,12),(9,11),2,(5,7,6,10),1,4       
         G4F : (3,8,12),(9,11),7,(2,5,6),4,(1,10)      
         G3F : (3,8,12),(9,11),(2,7),(1,5,6),(10,4)    
         G2F : (3,12)-(9,11),(2,8,7)-(1,5,6,10,4)      
         G1F : (3,12)-(7,9,4),(2,11)-(1,8,10),6,5      
-------------------------------------------------------------------------------------------------
구분 출전번호  대상명            처분종류     처분내용                     세부내용
-------------------------------------------------------------------------------------------------
기수    4      서강주            과태금       100,000원                    결승선 직선주로 채찍 과다사용                     
말      7      운주히어로        출발심사                                  출발자세 및 출발불량                              
말      8      볼라벤            출발심사                                  진입불량                                          
-------------------------------------------------------------------------------------------------
