

제목 : 22.11.25 제 87 일  금 요일   1경주;   

 1000 M   출전:12두    국6등급 ( R0~0          2세       )     출발:12:30
 별정A         일반      
  33,000,000원   13,200,000원    8,400,000원    3,000,000원    2,400,000원 
------------------------------------------------------------------------------------------------------
 마번  마   명            산지  성별 연령 중량       기수       조교사     마주              레이팅
------------------------------------------------------------------------------------------------------
   1   골든플러스          한    암   2  53.0       조인권      김병학    신우철                   
   2   알파브라보          한(포)암   2  53.0       김혜선      권승주    이성영                   
   3   원더풀톱            한    암   2  53.0       유승완      구민성    김호종                   
   4   로즈파이터          한    암   2  53.0       최시대      박재호    손병철                   
   5   한솔브레인          한    암   2  50.0   (-4)이홍락      하무선    말구유                   
   6   아쿠아매직          한    암   2  53.0       서승운      임금만    전주동                   
   7   스페셜로드          한    암   2  51.0   (-2)서강주      강형곤    이혜란                   
   8   윈드매직            한    암   2  53.0       채상현      이상영    전주동                   
   9   푸른열정            한    암   2  53.0       유현명      장세한    그열정 그대로            
  10   그린치프            한    암   2  53.0       박재이      라이스    김재영b                  
  11   바벨하트            한    암   2  53.0       김어수      양귀선    김명환                   
  12   터보여걸            한    암   2  50.0   (-4)박종호      민장기    변공민                   
------------------------------------------------------------------------------------------------------
                                                                          --총전적--      --1년전적--
 마번  마  명                  수득상금     1년수득상금  6개월수득상금  1위/2위/3위/계  1위/2위/3위/계
------------------------------------------------------------------------------------------------------
   1   골든플러스                       0             0             0    0   0   0   0   0   0   0   0
   2   알파브라보               2,400,000     2,400,000     2,400,000    0   0   0   1   0   0   0   1
   3   원더풀톱                         0             0             0    0   0   0   1   0   0   0   1
   4   로즈파이터               3,000,000     3,000,000     3,000,000    0   0   0   2   0   0   0   2
   5   한솔브레인                       0             0             0    0   0   0   1   0   0   0   1
   6   아쿠아매직                       0             0             0    0   0   0   0   0   0   0   0
   7   스페셜로드                       0             0             0    0   0   0   0   0   0   0   0
   8   윈드매직                         0             0             0    0   0   0   0   0   0   0   0
   9   푸른열정                         0             0             0    0   0   0   0   0   0   0   0
  10   그린치프                         0             0             0    0   0   0   0   0   0   0   0
  11   바벨하트                         0             0             0    0   0   0   0   0   0   0   0
  12   터보여걸                         0             0             0    0   0   0   0   0   0   0   0
------------------------------------------------------------------------------------------------------


제목 : 22.11.25 제 87 일  금 요일   2경주;   

 1000 M   출전:12두    국6등급 ( R0~0          2세       )     출발:13:35
 별정A         일반      
  33,000,000원   13,200,000원    8,400,000원    3,000,000원    2,400,000원 
------------------------------------------------------------------------------------------------------
 마번  마   명            산지  성별 연령 중량       기수       조교사     마주              레이팅
------------------------------------------------------------------------------------------------------
   1   월드파이브          한    암   2  53.0       최시대      김영관    김평갑                   
   2   스카이샷            한    암   2  53.0       서승운      임금만    이경희                   
   3   황우태복            한    암   2  53.0       조인권      최기홍    남춘우                   
   4   퍼팩트위너          한    암   2  53.0       다실바      손병직    김진영a                  
   5   운주글로벌          한    암   2  53.0       이성재      구영준    부수선                   
   6   서귀플래시          한    암   2  53.0       정도윤      강형곤    서귀포시축협             
   7   성실양구            한    암   2  53.0       김어수      장세한    이동훈                   
   8   축복열차            한    암   2  53.0       김철호      권승주    장철환                   
   9   해피태양            한    암   2  53.0       전진구      방동석    (주)디알엠씨티           
  10   이캐시              한    암   2  53.0       정우주      하무선    김근영                   
  11   윈드토커            한    암   2  53.0       정동철      울즐리    페가수스                 
  12   월드클래스캣        한    암   2  53.0       박재이      민장기    윤지중                   
------------------------------------------------------------------------------------------------------
                                                                          --총전적--      --1년전적--
 마번  마  명                  수득상금     1년수득상금  6개월수득상금  1위/2위/3위/계  1위/2위/3위/계
------------------------------------------------------------------------------------------------------
   1   월드파이브                       0             0             0    0   0   0   0   0   0   0   0
   2   스카이샷                 3,000,000     3,000,000     3,000,000    0   0   0   1   0   0   0   1
   3   황우태복                         0             0             0    0   0   0   0   0   0   0   0
   4   퍼팩트위너                       0             0             0    0   0   0   0   0   0   0   0
   5   운주글로벌                       0             0             0    0   0   0   1   0   0   0   1
   6   서귀플래시                       0             0             0    0   0   0   1   0   0   0   1
   7   성실양구                         0             0             0    0   0   0   1   0   0   0   1
   8   축복열차                         0             0             0    0   0   0   0   0   0   0   0
   9   해피태양                         0             0             0    0   0   0   0   0   0   0   0
  10   이캐시                           0             0             0    0   0   0   1   0   0   0   1
  11   윈드토커                         0             0             0    0   0   0   0   0   0   0   0
  12   월드클래스캣                     0             0             0    0   0   0   1   0   0   0   1
------------------------------------------------------------------------------------------------------


제목 : 22.11.25 제 87 일  금 요일   3경주;   

 1200 M   출전: 9두    국6등급 ( R0~0          2세       )     출발:14:25
 별정A         일반      
  22,000,000원    8,800,000원    5,600,000원    2,000,000원    1,600,000원 
------------------------------------------------------------------------------------------------------
 마번  마   명            산지  성별 연령 중량       기수       조교사     마주              레이팅
------------------------------------------------------------------------------------------------------
   1   여수파이터          한    수   2  55.0       박재이      권승주    모순                     
   2   초이스로드          한    수   2  55.0       김혜선      박재호    손병철                   
   3   닥터쿠쿠            한    수   2  55.0       이성재      백광열    권혁희                   
   4   영광의탱크          한    수   2  55.0       채상현      임금만    변창덕                   
   5   케이골드바          한    수   2  55.0       조한별      권승주    김광원                   
   6   태풍의축제          한    수   2  55.0       정도윤      윤영훈    조현영                   
   7   헤이모닝            한    수   2  52.0   (-3)윤형석      김병학    최상일                   
   8   딴봉퀸              한    암   2  53.0       김어수      장세한    이동혁                   
   9   패스트퓨리          한    암   2  53.0       유현명      안우성    김지열                   
------------------------------------------------------------------------------------------------------
                                                                          --총전적--      --1년전적--
 마번  마  명                  수득상금     1년수득상금  6개월수득상금  1위/2위/3위/계  1위/2위/3위/계
------------------------------------------------------------------------------------------------------
   1   여수파이터              13,200,000    13,200,000    13,200,000    0   1   0   2   0   1   0   2
   2   초이스로드                       0             0             0    0   0   0   0   0   0   0   0
   3   닥터쿠쿠                         0             0             0    0   0   0   3   0   0   0   3
   4   영광의탱크              28,000,000    28,000,000    28,000,000    0   1   0   5   0   1   0   5
   5   케이골드바                       0             0             0    0   0   0   0   0   0   0   0
   6   태풍의축제                       0             0             0    0   0   0   0   0   0   0   0
   7   헤이모닝                         0             0             0    0   0   0   2   0   0   0   2
   8   딴봉퀸                           0             0             0    0   0   0   0   0   0   0   0
   9   패스트퓨리              13,200,000    13,200,000    13,200,000    0   1   0   2   0   1   0   2
------------------------------------------------------------------------------------------------------


제목 : 22.11.25 제 87 일  금 요일   4경주;   

 1200 M   출전:10두    국6등급 ( R0~0          연령오픈  )     출발:15:15
 별정A         일반      
  22,000,000원    8,800,000원    5,600,000원    2,000,000원    1,600,000원 
------------------------------------------------------------------------------------------------------
 마번  마   명            산지  성별 연령 중량       기수       조교사     마주              레이팅
------------------------------------------------------------------------------------------------------
   1   불의산              한    수   2  51.0   (-4)권오찬      강형곤    이혜란                   
   2   부미스타            한    거   4  56.0       조한별      하무선    박노식                   
   3   황우파이터          한    거   2  55.0       조인권      임금만    남춘우                   
   4   마하원더            한    수   2  53.0   (-2)서강주      권승주    문상후                   
   5   두바이평정          한    암   2  53.0       정도윤      백광열    이종훈                   
   6   그린샤프            한    암   3  54.0       정우주      라이스    김재영b                  
   7   빅터바시움          한    거   4  54.0   (-2)신윤섭      울즐리    양승홍                   
   8   글로벌사랑          한    수   2  55.0       최은경      임동창    이동좌                   
   9   팬텀에이스          한    수   3  52.0   (-4)이홍락      하무선    말구유                   
  10   나이스투데이        한    암   2  50.0   (-3)윤형석      김영민    이성인                   
------------------------------------------------------------------------------------------------------
                                                                          --총전적--      --1년전적--
 마번  마  명                  수득상금     1년수득상금  6개월수득상금  1위/2위/3위/계  1위/2위/3위/계
------------------------------------------------------------------------------------------------------
   1   불의산                           0             0             0    0   0   0   3   0   0   0   3
   2   부미스타                 5,500,000     5,500,000     5,500,000    0   0   1  14   0   0   1  13
   3   황우파이터              10,750,000    10,750,000    10,750,000    0   0   1   4   0   0   1   4
   4   마하원더                 5,700,000     5,700,000     5,700,000    0   0   1   3   0   0   1   3
   5   두바이평정               2,400,000     2,400,000     2,400,000    0   0   0   3   0   0   0   3
   6   그린샤프                         0             0             0    0   0   0   3   0   0   0   3
   7   빅터바시움              12,670,000    10,250,000    10,250,000    0   0   2   6   0   0   2   6
   8   글로벌사랑               2,400,000     2,400,000     2,400,000    0   0   0   3   0   0   0   3
   9   팬텀에이스               9,350,000     9,350,000     7,750,000    0   1   0  10   0   1   0  10
  10   나이스투데이                     0             0             0    0   0   0   2   0   0   0   2
------------------------------------------------------------------------------------------------------


제목 : 22.11.25 제 87 일  금 요일   5경주;   

 1300 M   출전:12두    국6등급 ( R0~0          연령오픈  )     출발:16:05
 별정A         일반      
  13,750,000원    5,500,000원    3,500,000원    1,250,000원    1,000,000원 
------------------------------------------------------------------------------------------------------
 마번  마   명            산지  성별 연령 중량       기수       조교사     마주              레이팅
------------------------------------------------------------------------------------------------------
   1   플렉스신화          한    수   3  52.0   (-4)권오찬      조용배    김근영                   
   2   명성차지            한    암   4  54.0       다실바      이정표    변완수                   
   3   불의여신            한    암   3  54.0       정도윤      강형곤    이혜란                   
   4   아델앨리스          한    수   3  56.0       최시대      백광열    이종훈                   
   5   폴투윈              한    거   3  56.0       유현명      김영관    오상철                   
   6   호랑가시            한    암   3  50.0   (-4)이홍락      양귀선    모순                     
   7   영광의로드          한    거   4  56.0       채상현      임금만    변창덕                   
   8   대지플라이          한    암   3  52.0   (-2)신윤섭      구민성    한정협                   
   9   스타드래건          한    수   2  55.0       임성실      임동창    김화원                   
  10   컨피던스마린        한    거   3  56.0       전진구      임금만    이경희                   
  11   스페셜존            한    수   3  54.0   (-2)서강주      강형곤    이혜란                   
  12   나르캣              한    암   4  51.0   (-3)윤형석      윤영훈    오종환                   
------------------------------------------------------------------------------------------------------
                                                                          --총전적--      --1년전적--
 마번  마  명                  수득상금     1년수득상금  6개월수득상금  1위/2위/3위/계  1위/2위/3위/계
------------------------------------------------------------------------------------------------------
   1   플렉스신화               8,250,000     8,250,000     8,250,000    0   0   2   9   0   0   2   9
   2   명성차지                10,400,000    10,400,000     8,750,000    0   1   0   6   0   1   0   6
   3   불의여신                 8,100,000     8,100,000     8,100,000    0   0   1  11   0   0   1   9
   4   아델앨리스              14,200,000    14,200,000     1,000,000    0   0   2   6   0   0   2   6
   5   폴투윈                   1,600,000     1,600,000     1,600,000    0   0   0   4   0   0   0   4
   6   호랑가시                 3,600,000     3,600,000     3,600,000    0   0   0  11   0   0   0  11
   7   영광의로드               5,500,000             0             0    0   1   0   4   0   0   0   0
   8   대지플라이               3,850,000     3,850,000     3,850,000    0   0   0  11   0   0   0  11
   9   스타드래건               1,250,000     1,250,000     1,250,000    0   0   0   2   0   0   0   2
  10   컨피던스마린                     0             0             0    0   0   0   3   0   0   0   3
  11   스페셜존                 8,600,000     8,600,000     7,000,000    0   0   2  12   0   0   2  12
  12   나르캣                  16,250,000    16,250,000    10,750,000    0   1   1  15   0   1   1  15
------------------------------------------------------------------------------------------------------


제목 : 22.11.25 제 87 일  금 요일   6경주;   

 1200 M   출전:12두    국5등급 ( R1~35         연령오픈  )     출발:16:35
 핸디캡        일반      
  22,000,000원    8,800,000원    5,600,000원    2,000,000원    1,600,000원 
------------------------------------------------------------------------------------------------------
 마번  마   명            산지  성별 연령 중량       기수       조교사     마주              레이팅
------------------------------------------------------------------------------------------------------
   1   스페셜히어로        한    암   3  52.5       정동철      강형곤    이혜란                 30
   2   투오브어스          한    암   3  53.0       유현명      방동석    민병욱                 31
   3   천하넘버원          한    거   4  55.0   (-2)서강주      손병직    구영본                 35
   4   리아논포인트        한    암   4  51.0   (-4)권오찬      조용배    김근영                 24
   5   릴리즈에디션        한(포)수   2  54.0       서승운      임금만    김혜진                 31
   6   닥터펜타곤          한    수   3  53.0       정도윤      백광열    권혁희                 27
   7   최강무지개          한    수   4  52.0       채상현      강형곤    전종섭                 24
   8   하늘미소            한    암   3  51.0       김혜선      박재호    허도행                 25
   9   한라백두            한    거   3  55.0       이동하      양귀선    임순하                 31
  10   와일드블루          한    수   4  52.0       김철호      민장기    김종업                 23
  11   해남짱돌            한    거   3  54.0       다실바      안우성    임한용                 29
  12   패트리엇            한    거   3  56.5       이성재      울즐리    페가수스               34
------------------------------------------------------------------------------------------------------
                                                                          --총전적--      --1년전적--
 마번  마  명                  수득상금     1년수득상금  6개월수득상금  1위/2위/3위/계  1위/2위/3위/계
------------------------------------------------------------------------------------------------------
   1   스페셜히어로            20,500,000    20,500,000    20,500,000    1   1   0   6   1   1   0   6
   2   투오브어스              42,400,000    42,400,000    26,000,000    1   1   1   7   1   1   1   7
   3   천하넘버원              41,970,000    23,600,000     1,600,000    2   0   1  17   1   0   0   9
   4   리아논포인트            16,980,000    13,900,000    10,400,000    0   1   2  23   0   1   1  15
   5   릴리즈에디션            22,150,000    22,150,000    22,150,000    1   0   0   5   1   0   0   5
   6   닥터펜타곤              23,700,000    21,450,000    21,450,000    0   1   3  11   0   1   3   9
   7   최강무지개              14,100,000    14,100,000     5,100,000    0   1   2  14   0   1   2  13
   8   하늘미소                22,000,000    22,000,000     8,800,000    0   2   0   7   0   2   0   7
   9   한라백두                21,500,000    21,500,000    21,500,000    1   1   0   9   1   1   0   9
  10   와일드블루              37,090,000     2,000,000     2,000,000    1   2   0  15   0   0   0   8
  11   해남짱돌                22,000,000    22,000,000    22,000,000    1   0   0   2   1   0   0   2
  12   패트리엇                30,300,000    30,300,000    28,050,000    1   2   0   4   1   2   0   4
------------------------------------------------------------------------------------------------------


제목 : 22.11.25 제 87 일  금 요일   7경주;   

 1300 M   출전:12두    국5등급 ( R1~35         연령오픈  )     출발:17:00
 핸디캡        일반      
  22,000,000원    8,800,000원    5,600,000원    2,000,000원    1,600,000원 
------------------------------------------------------------------------------------------------------
 마번  마   명            산지  성별 연령 중량       기수       조교사     마주              레이팅
------------------------------------------------------------------------------------------------------
   1   아름다운인연        한(포)암   3  52.0       채상현      김영관    유영준                 27
   2   퓨어매직            한    거   3  51.0   (-4)이홍락      양귀선    최종복                 31
   3   투투코인            한    암   3  54.0       정도윤      강형곤    강용익                 33
   4   토탈이클립스        한    암   3  52.5       조상범      울즐리    페가수스               30
   5   가디언엔젤          한    암   3  52.5       유현명      임금만    임교철                 30
   6   스카이제주향        한    암   3  52.5       김혜선      안우성    문애순                 30
   7   라우드컬러          한    암   3  53.0       서승운      구영준    하늬바람               31
   8   정문코빗            한    수   2  53.5       다실바      라이스    김재영b                30
   9   아델플라이          한    거   3  55.5       이성재      백광열    이종훈                 32
  10   제이에스데이        한    암   3  53.0       최시대      김영관    고정수                 31
  11   트리플선더          한    수   3  52.0       조인권      박재호    김진영a                25
  12   밀크데이            한    수   3  53.5       박재이      조용배    김근영                 28
------------------------------------------------------------------------------------------------------
                                                                          --총전적--      --1년전적--
 마번  마  명                  수득상금     1년수득상금  6개월수득상금  1위/2위/3위/계  1위/2위/3위/계
------------------------------------------------------------------------------------------------------
   1   아름다운인연            14,500,000    14,500,000    14,500,000    0   2   1   4   0   2   1   4
   2   퓨어매직                28,650,000    28,650,000    28,650,000    1   1   1   5   1   1   1   5
   3   투투코인                55,200,000    55,200,000    47,600,000    2   0   1  12   2   0   1  12
   4   토탈이클립스            17,250,000    17,250,000    17,250,000    1   0   1   4   1   0   1   4
   5   가디언엔젤              26,600,000    26,600,000     1,600,000    1   0   0   6   1   0   0   6
   6   스카이제주향            31,600,000    31,600,000     8,800,000    0   2   2   8   0   2   2   8
   7   라우드컬러              28,450,000    28,450,000    28,450,000    1   1   1   6   1   1   1   6
   8   정문코빗                33,000,000    33,000,000    33,000,000    1   0   0   3   1   0   0   3
   9   아델플라이              36,500,000    36,500,000    36,500,000    1   1   1  10   1   1   1   9
  10   제이에스데이            18,750,000    18,750,000    18,750,000    1   0   0   4   1   0   0   4
  11   트리플선더              19,900,000    19,900,000     5,500,000    0   2   0   9   0   2   0   9
  12   밀크데이                34,700,000    34,700,000    25,850,000    1   1   1  18   1   1   1  17
------------------------------------------------------------------------------------------------------


제목 : 22.11.25 제 87 일  금 요일   8경주;   

 1800 M   출전:12두    국4등급 ( R1~50         연령오픈  )     출발:17:30
 별정B         일반      
  33,000,000원   13,200,000원    8,400,000원    3,000,000원    2,400,000원 
------------------------------------------------------------------------------------------------------
 마번  마   명            산지  성별 연령 중량       기수       조교사     마주              레이팅
------------------------------------------------------------------------------------------------------
   1   럭키브레이크        한    암   4  52.0       조인권      김병학    신윤경                 38
   2   원더풀시크릿        한    수   4  58.0       유현명      이상영    지성배                 49
   3   운주스타            한    수   3  55.0       다실바      문현철    부수선                 40
   4   신진강호            한    수   5  56.0   (-2)서강주      구민성    박관탁                 48
   5   베텔게우스          한    수   2  57.0       최시대      백광열    이종훈                 48
   6   플라잉더챔프        한    수   3  58.0       박재이      안우성    김형순                 50
   7   청마황후            한(포)암   4  52.0       정도윤      조용배    차청일                 38
   8   파이널프런트        한    수   6  56.0       김철호      민장기    김욱수                 42
   9   베스트윈드          한    암   4  52.0       최은경      구영준    하늬바람               36
  10   애니카걸            한    암   4  52.0       김어수      이상영    우만식                 36
  11   로즈불릿            한    거   6  56.0       채상현      장세한    허용권                 43
  12   킹그레이스          한    거   4  56.0       임성실      백광열    이장현                 42
------------------------------------------------------------------------------------------------------
                                                                          --총전적--      --1년전적--
 마번  마  명                  수득상금     1년수득상금  6개월수득상금  1위/2위/3위/계  1위/2위/3위/계
------------------------------------------------------------------------------------------------------
   1   럭키브레이크            52,780,000    13,800,000     8,400,000    2   1   2  20   0   0   1   8
   2   원더풀시크릿            73,500,000    63,250,000    35,200,000    2   2   2  17   2   2   1  10
   3   운주스타                48,450,000    48,450,000    42,850,000    2   1   1  10   2   1   1   9
   4   신진강호                89,050,000    64,400,000    24,000,000    2   3   2  27   1   2   2  12
   5   베텔게우스              94,000,000    94,000,000    94,000,000    3   0   0   4   3   0   0   4
   6   플라잉더챔프           194,800,000   194,800,000   132,000,000    2   2   1   6   2   2   1   6
   7   청마황후                66,440,000    44,600,000     3,000,000    1   3   2  25   1   2   0  13
   8   파이널프런트           155,360,000    63,200,000    41,200,000    2   7   5  66   1   3   1  19
   9   베스트윈드              52,650,000    50,150,000    22,000,000    1   3   1  23   1   3   1  14
  10   애니카걸                47,580,000    35,250,000    25,000,000    1   2   1  18   1   1   1  11
  11   로즈불릿                91,280,000    34,800,000    21,600,000    2   2   3  27   0   1   2   8
  12   킹그레이스              59,080,000    54,900,000    11,400,000    2   1   1  16   2   1   1   9
------------------------------------------------------------------------------------------------------


제목 : 22.11.25 제 87 일  금 요일   9경주;   

 1600 M   출전:12두    국3등급 ( R1~65         연령오픈  )     출발:18:00
 별정B         일반      
  41,250,000원   16,500,000원   10,500,000원    3,750,000원    3,000,000원 
------------------------------------------------------------------------------------------------------
 마번  마   명            산지  성별 연령 중량       기수       조교사     마주              레이팅
------------------------------------------------------------------------------------------------------
   1   최강라이거          한    거   5  55.0       이성재      구영준    고경현                 54
   2   청담드라이브        한    수   5  54.0       최시대      문현철    김형란                 51
   3   스타아이            한(포)거   4  54.0       다실바      김영관    (주)금악목장           52
   4   청호리더            한    수   4  55.0       박재이      권승주    고은아                 55
   5   동남불패            한(포)거   4  54.0       김혜선      장세한    최상배                 52
   6   울트라파워          한    수   6  56.0       최은경      토마스    양국만                 59
   7   마이데스티니        한    암   4  51.0   (-2)서강주      방동석    이성인                 55
   8   운주오션            한    거   3  54.0       서승운      민장기    부수선                 51
   9   해피우먼            한    암   4  53.0       정도윤      토마스    변수정                 55
  10   라온더파워          한    거   4  56.0       유현명      권승주    손천수                 59
  11   에코선              한(포)거   5  56.0   (-2)신윤섭      임금만    류주영                 63
  12   뷰티풀킹            한    수   4  51.0   (-4)이홍락      양귀선    이성인                 54
------------------------------------------------------------------------------------------------------
                                                                          --총전적--      --1년전적--
 마번  마  명                  수득상금     1년수득상금  6개월수득상금  1위/2위/3위/계  1위/2위/3위/계
------------------------------------------------------------------------------------------------------
   1   최강라이거             146,180,000    85,200,000    43,800,000    3   2   5  29   2   0   1  10
   2   청담드라이브           127,830,000    82,950,000    49,950,000    2   3   5  28   1   2   2  12
   3   스타아이                96,060,000    31,050,000     7,350,000    4   2   3  18   0   1   1   9
   4   청호리더               107,790,000    94,350,000    46,800,000    2   3   3  21   2   2   2  13
   5   동남불패                84,010,000    59,600,000    26,400,000    2   4   1  16   1   3   0   7
   6   울트라파워             195,980,000     3,000,000     3,000,000    4   3   1  30   0   0   0   7
   7   마이데스티니           109,640,000    87,800,000    33,000,000    2   4   2  19   2   2   1  11
   8   운주오션               104,800,000   104,800,000    82,800,000    3   0   2   6   3   0   2   6
   9   해피우먼               122,630,000    71,400,000             0    4   1   1  18   2   0   0   9
  10   라온더파워             135,830,000    54,750,000     3,000,000    5   2   3  21   1   0   1  11
  11   에코선                 249,820,000    48,000,000    14,250,000    4   6   6  34   0   1   2   9
  12   뷰티풀킹               117,210,000   103,200,000    42,600,000    3   3   2  19   2   2   2  12
------------------------------------------------------------------------------------------------------


제목 : 22.11.27 제 88 일  일 요일   1경주;   

 1200 M   출전:11두    국6등급 ( R0~0          2세       )     출발:12:15
 별정A         일반      
  33,000,000원   13,200,000원    8,400,000원    3,000,000원    2,400,000원 
------------------------------------------------------------------------------------------------------
 마번  마   명            산지  성별 연령 중량       기수       조교사     마주              레이팅
------------------------------------------------------------------------------------------------------
   1   샤인몬스터          한    암   2  51.0   (-2)서강주      구민성    김용구                   
   2   우승무패            한    수   2  55.0       이성재      양귀선    김호종                   
   3   블루모어            한(포)수   2  55.0       최시대      권승주    허정완                   
   4   탑볼트              한    수   2  55.0       김혜선      박재호    김정두                   
   5   실크패션로드        한    수   2  55.0       유승완      백광열    이종훈                   
   6   아서킹이지          한    거   2  55.0       다실바      라이스    춘강                     
   7   창창대로            한    수   2  55.0       서승운      최기홍    송정아                   
   8   비케이누마          한    암   2  53.0       박재이      강형곤    함승원                   
   9   스트리트록          한    암   2  53.0       유현명      김길중    정영식                   
  10   성실천하            한    수   2  55.0       임성실      장세한    이동훈                   
  11   황우머니            한(포)수   2  55.0       채상현      임금만    남춘우                   
------------------------------------------------------------------------------------------------------
                                                                          --총전적--      --1년전적--
 마번  마  명                  수득상금     1년수득상금  6개월수득상금  1위/2위/3위/계  1위/2위/3위/계
------------------------------------------------------------------------------------------------------
   1   샤인몬스터                       0             0             0    0   0   0   1   0   0   0   1
   2   우승무패                 2,400,000     2,400,000     2,400,000    0   0   0   1   0   0   0   1
   3   블루모어                         0             0             0    0   0   0   0   0   0   0   0
   4   탑볼트                           0             0             0    0   0   0   0   0   0   0   0
   5   실크패션로드                     0             0             0    0   0   0   1   0   0   0   1
   6   아서킹이지                       0             0             0    0   0   0   2   0   0   0   2
   7   창창대로                 5,400,000     5,400,000     5,400,000    0   0   0   2   0   0   0   2
   8   비케이누마                       0             0             0    0   0   0   2   0   0   0   2
   9   스트리트록                       0             0             0    0   0   0   0   0   0   0   0
  10   성실천하                         0             0             0    0   0   0   1   0   0   0   1
  11   황우머니                         0             0             0    0   0   0   0   0   0   0   0
------------------------------------------------------------------------------------------------------


제목 : 22.11.27 제 88 일  일 요일   2경주;   

 1200 M   출전:10두    국6등급 ( R0~0          2세       )     출발:13:20
 별정A         일반      
  33,000,000원   13,200,000원    8,400,000원    3,000,000원    2,400,000원 
------------------------------------------------------------------------------------------------------
 마번  마   명            산지  성별 연령 중량       기수       조교사     마주              레이팅
------------------------------------------------------------------------------------------------------
   1   해피블루            한    수   2  55.0       이성재      울즐리    변수정                   
   2   강서루다            한    암   2  53.0       정우주      방동석    (주)디알엠씨티           
   3   파워라이드          한    수   2  55.0       김혜선      권승주    손병현                   
   4   백투더레전드        한    수   2  55.0       서승운      임금만    무지개렌트카             
   5   베르다              한    암   2  53.0       유현명      안우성    이광림                   
   6   온누리축제          한    수   2  55.0       박재이      양귀선    강성호                   
   7   한강세이버          한    수   2  55.0       유승완      구민성    나기두                   
   8   낭만대로            한    수   2  55.0       김어수      장세한    정광화                   
   9   닥터넥스트          한    수   2  55.0       정도윤      백광열    권혁희                   
  10   캡틴코만도          한    거   2  55.0       조인권      민장기    김진영a                  
------------------------------------------------------------------------------------------------------
                                                                          --총전적--      --1년전적--
 마번  마  명                  수득상금     1년수득상금  6개월수득상금  1위/2위/3위/계  1위/2위/3위/계
------------------------------------------------------------------------------------------------------
   1   해피블루                         0             0             0    0   0   0   1   0   0   0   1
   2   강서루다                         0             0             0    0   0   0   0   0   0   0   0
   3   파워라이드                       0             0             0    0   0   0   0   0   0   0   0
   4   백투더레전드                     0             0             0    0   0   0   0   0   0   0   0
   5   베르다                           0             0             0    0   0   0   1   0   0   0   1
   6   온누리축제               2,400,000     2,400,000     2,400,000    0   0   0   1   0   0   0   1
   7   한강세이버                       0             0             0    0   0   0   1   0   0   0   1
   8   낭만대로                         0             0             0    0   0   0   1   0   0   0   1
   9   닥터넥스트                       0             0             0    0   0   0   1   0   0   0   1
  10   캡틴코만도                       0             0             0    0   0   0   0   0   0   0   0
------------------------------------------------------------------------------------------------------


제목 : 22.11.27 제 88 일  일 요일   3경주;   

 1200 M   출전: 9두    국5등급 ( R1~35         연령오픈  )     출발:14:10
 핸디캡        일반      
  33,000,000원   13,200,000원    8,400,000원    3,000,000원    2,400,000원 
------------------------------------------------------------------------------------------------------
 마번  마   명            산지  성별 연령 중량       기수       조교사     마주              레이팅
------------------------------------------------------------------------------------------------------
   1   아이윌더스타        한    수   2  54.0       다실바      김병학    신윤경                 31
   2   백구                한    암   3  51.0   (-2)서강주      강형곤    범한산업               29
   3   판타스틱매직        한    암   3  51.0       김혜선      임금만    무지개렌트카           25
   4   사이먼탑건          한    암   4  51.0   (-3)윤형석      이정표    채찬식                 28
   5   해브어굿타임        한    수   4  54.0       김어수      장세한    심상순                 29
   6   스타클래스          한    수   2  53.5       서승운      김영관    유영준                 30
   7   글로벌여신          한    암   3  51.0       최은경      임동창    이동좌                 27
   8   서부빅스텝          한    수   2  54.0       최시대      권승주    부준혁                 31
   9   블루캡틴            한    거   3  53.5       채상현      손병직    김진영a                28
------------------------------------------------------------------------------------------------------
                                                                          --총전적--      --1년전적--
 마번  마  명                  수득상금     1년수득상금  6개월수득상금  1위/2위/3위/계  1위/2위/3위/계
------------------------------------------------------------------------------------------------------
   1   아이윌더스타            46,200,000    46,200,000    46,200,000    1   1   0   2   1   1   0   2
   2   백구                    55,800,000    53,400,000    16,600,000    1   1   1  16   1   1   1  15
   3   판타스틱매직            24,450,000    19,800,000     9,000,000    0   2   1  13   0   2   1  10
   4   사이먼탑건              26,030,000    17,450,000    15,850,000    0   1   2  17   0   1   2  10
   5   해브어굿타임            23,110,000     1,600,000             0    1   0   1  15   0   0   0   7
   6   스타클래스              33,000,000    33,000,000    33,000,000    1   0   0   2   1   0   0   2
   7   글로벌여신              44,200,000    44,200,000     5,600,000    1   0   2  13   1   0   2  13
   8   서부빅스텝              33,000,000    33,000,000    33,000,000    1   0   0   2   1   0   0   2
   9   블루캡틴                29,750,000    21,350,000    13,750,000    1   0   2  14   1   0   1  11
------------------------------------------------------------------------------------------------------


제목 : 22.11.27 제 88 일  일 요일   4경주;   

 1600 M   출전:12두    국5등급 ( R1~35         연령오픈  )     출발:15:00
 핸디캡        일반      
  22,000,000원    8,800,000원    5,600,000원    2,000,000원    1,600,000원 
------------------------------------------------------------------------------------------------------
 마번  마   명            산지  성별 연령 중량       기수       조교사     마주              레이팅
------------------------------------------------------------------------------------------------------
   1   후사이치            한    거   3  55.0       서승운      라이스    이시돌협회             31
   2   러닝워리어          한    암   3  52.0       최시대      권승주    손병철                 26
   3   마이티스톰          한    거   3  55.0       임성실      구민성    최종복                 31
   4   스텔루나            한    암   3  52.5       채상현      토마스    박치권                 30
   5   천마하서            한    거   5  53.0       최은경      조용배    박수영                 27
   6   제트캐시            한    수   3  55.0       전진구      하무선    허용권                 31
   7   센텀토르            한    거   4  53.0   (-2)신윤섭      권승주    조정현                 31
   8   진마크              한    암   4  52.0       박재이      윤영훈    강애순                 25
   9   쾌한황금            한    수   5  55.5       김혜선      조용배    김영근                 32
  10   레이디골든          한    암   3  53.5       정우주      장세한    김화원                 32
  11   글로벌캐처          한    암   3  51.0   (-2)서강주      강형곤    권주순                 27
  12   닥터칼리파          한    거   3  55.5       정도윤      백광열    권혁희                 32
------------------------------------------------------------------------------------------------------
                                                                          --총전적--      --1년전적--
 마번  마  명                  수득상금     1년수득상금  6개월수득상금  1위/2위/3위/계  1위/2위/3위/계
------------------------------------------------------------------------------------------------------
   1   후사이치                19,350,000    19,350,000    13,750,000    1   0   1   4   1   0   1   4
   2   러닝워리어              13,000,000    13,000,000     9,500,000    0   0   3  10   0   0   3  10
   3   마이티스톰              22,750,000    22,750,000    22,750,000    1   0   1   7   1   0   1   6
   4   스텔루나                38,500,000    13,750,000             0    1   1   1   8   1   0   0   5
   5   천마하서                54,570,000    31,600,000    10,800,000    1   2   2  34   0   2   1  17
   6   제트캐시                22,250,000    22,250,000    19,750,000    1   1   0  11   1   1   0  10
   7   센텀토르                46,830,000    21,600,000     5,600,000    0   3   2  17   0   1   1   6
   8   진마크                  33,550,000    32,550,000     3,200,000    1   1   1  22   1   1   1  17
   9   쾌한황금                63,130,000    32,400,000     5,000,000    2   0   4  30   1   0   0  14
  10   레이디골든              23,600,000    23,600,000     7,600,000    1   0   1  11   1   0   1  11
  11   글로벌캐처              16,600,000    16,600,000    16,600,000    0   2   1   9   0   2   1   9
  12   닥터칼리파              24,350,000    24,350,000    24,350,000    1   1   1   7   1   1   1   7
------------------------------------------------------------------------------------------------------


제목 : 22.11.27 제 88 일  일 요일   5경주;   

 1400 M   출전:12두    혼3등급 ( R1~65         연령오픈  )     출발:15:50
 핸디캡        일반      
  41,250,000원   16,500,000원   10,500,000원    3,750,000원    3,000,000원 
------------------------------------------------------------------------------------------------------
 마번  마   명            산지  성별 연령 중량       기수       조교사     마주              레이팅
------------------------------------------------------------------------------------------------------
   1   뜨거운만남          한    암   4  53.0       채상현      장세한    정광화                 59
   2   밀리언뱅크          한(포)암   4  54.0       다실바      이상영    배은정                 61
   3   패션블레이드        한    암   5  51.0       김혜선      문현철    김형란                 53
   4   매직위스퍼          한    수   3  52.5       조인권      김병학    최상희                 54
   5   그레이트굿          한    암   5  52.5       최은경      토마스    양정두                 58
   6   다르마              한    거   8  51.0       전진구      하무선    김봉겸                 51
   7   라온더보스          한    거   4  52.0       최시대      권승주    손천수                 53
   8   로드투브이          한    암   3  52.0       이성재      양귀선    최종복                 52
   9   부경천사            미    암   5  51.0       정동철      이상영    김상기                 51
  10   위닝댄서            한    거   5  55.0       박재이      민장기    송문관                 59
  11   캐치더빅토리        한    거   4  52.5   (-3)윤형석      김병학    신우철                 60
  12   영광의레전드        한    수   3  52.0       서승운      임금만    변창덕                 53
------------------------------------------------------------------------------------------------------
                                                                          --총전적--      --1년전적--
 마번  마  명                  수득상금     1년수득상금  6개월수득상금  1위/2위/3위/계  1위/2위/3위/계
------------------------------------------------------------------------------------------------------
   1   뜨거운만남             104,620,000    86,800,000    71,200,000    3   3   2  15   2   1   2  10
   2   밀리언뱅크             124,410,000   103,400,000    33,000,000    3   3   2   9   2   2   2   7
   3   패션블레이드            80,210,000    33,150,000     3,000,000    3   2   2  13   0   2   0   6
   4   매직위스퍼              86,350,000    86,350,000    77,550,000    3   2   0   8   3   2   0   7
   5   그레이트굿             216,710,000   110,250,000    63,750,000    4   2   4  22   1   1   3  12
   6   다르마                 272,710,000     9,750,000     6,000,000    5   3   6  55   0   0   0  13
   7   라온더보스              90,340,000    24,900,000    24,900,000    3   2   3  13   0   1   1   5
   8   로드투브이             121,000,000   121,000,000    66,000,000    4   0   0  10   4   0   0  10
   9   부경천사                82,940,000    68,400,000    66,000,000    2   0   0  17   2   0   0   5
  10   위닝댄서               182,600,000    95,250,000     6,750,000    5   2   1  17   2   0   1   6
  11   캐치더빅토리           134,420,000   100,900,000    19,500,000    3   5   2  14   2   3   0   7
  12   영광의레전드           266,500,000   266,500,000    13,200,000    3   2   0   7   3   2   0   7
------------------------------------------------------------------------------------------------------


제목 : 22.11.27 제 88 일  일 요일   6경주;   

 2000 M   출전:16두    혼OPEN ( R0~140        3세이상   )     출발:16:40
 별정A         경상남도지사배(GradeⅢ)
 247,500,000원   99,000,000원   63,000,000원   22,500,000원   18,000,000원 
------------------------------------------------------------------------------------------------------
 마번  마   명            산지  성별 연령 중량       기수       조교사     마주              레이팅
------------------------------------------------------------------------------------------------------
   1   에코피아            한    암   4  55.0       정도윤      강형곤    이혜란                 66
   2   [서]그린다르크      한    암   6  55.0       정정희      구자흥    김재영b                61
   3   [서]라온더스퍼트    한    암   3  53.5       최범현      박종곤    손천수                 86
   4   버닝파티            한(포)암   4  55.0       김혜선      최기홍    배은정                 62
   5   [서]천지여걸        한    암   5  55.0       유승완      김동균    최임규                 75
   6   골든파워            한    암   3  53.5       최시대      권승주    손병철                 72
   7   [서]아침함성        한    암   4  55.0       조한별      박희철    이미경                 51
   8   사키사키            한    암   7  55.0   (-3)윤형석      하무선    김봉겸                 69
   9   [서]어디가나        한    암   4  55.0       이동하      김윤섭    에스지이건설           63
  10   [서]최강블랙        한    암   4  55.0       이동진      리카디    이강운                 61
  11   은성위너            한    암   3  53.5       서승운      권승주    은성                   36
  12   플랫베이브          한(포)암   4  55.0       다실바      민장기    김종업                 73
  13   [서]플로리다파워    미    암   6  55.0       신형철      이신영    태립                   71
  14   캄스트롱            미    암   3  53.5       유현명      강형곤    이혜란                 83
  15   [서]퀸즈투어        한    암   4  55.0       조상범      문병기    안희철                 74
  16   [서]위시미          한    암   5  55.0       안토니오    최용구    강무웅                 95
------------------------------------------------------------------------------------------------------
                                                                          --총전적--      --1년전적--
 마번  마  명                  수득상금     1년수득상금  6개월수득상금  1위/2위/3위/계  1위/2위/3위/계
------------------------------------------------------------------------------------------------------
   1   에코피아               153,390,000    81,450,000    51,750,000    4   2   4  16   1   2   1   9
   2   [서]그린다르크         228,890,000    59,250,000    41,250,000    5   3   3  33   1   0   1   9
   3   [서]라온더스퍼트       587,800,000   532,500,000   321,750,000    5   4   1  11   3   3   1   8
   4   버닝파티               177,140,000   119,250,000     3,750,000    4   2   2  16   2   0   0   5
   5   [서]천지여걸           257,290,000   138,850,000    49,600,000    4   4   4  20   1   2   1   7
   6   골든파워               825,050,000   814,750,000   270,000,000    5   0   3  12   5   0   2   9
   7   [서]아침함성           126,080,000    86,500,000    22,800,000    3   1   3  21   1   1   2  10
   8   사키사키               354,010,000    89,250,000    41,250,000    7   2   5  61   2   0   0  13
   9   [서]어디가나           306,750,000   213,500,000             0    4   0   2  15   1   0   1   6
  10   [서]최강블랙           387,840,000   375,300,000    17,250,000    3   1   4  13   3   2   6  19
  11   은성위너               133,000,000   133,000,000    65,400,000    1   0   3  11   1   0   3  11
  12   플랫베이브             205,850,000   112,650,000    74,250,000    5   4   3  20   2   1   1  11
  13   [서]플로리다파워       227,550,000    63,600,000    18,000,000    3   0   5  21   0   0   1   7
  14   캄스트롱               383,300,000   383,300,000   311,900,000    4   0   1  12   4   0   1  10
  15   [서]퀸즈투어           288,080,000   220,600,000    53,100,000    4   3   2  15   3   0   1   7
  16   [서]위시미             808,740,000   565,300,000   511,500,000    6   5   0  13   1   5   0   7
------------------------------------------------------------------------------------------------------

