

제목 : 22.06.25(토) 조교현황

  ※기승자범례(조:조교사, 관:주로조교, 기:기수, 후:기수후보생)
  ※비고(금:금주출전예정마, 차:차주출전예정마, 특:특대상경주출전예정마)
  ※금주, 차주 또는 특별 대상경주 출전예상마는 출전신청 결과 및
  조교사의 의사에 따라 변동될 수 있는 미확정된 자료이오니 참고하시기 바랍니다.
━━━━━━━━━━━━━━━━━━━━━━━━━━━━━━━━━━━━━━━
  순 소속조 - 조번 마명              기승자 입장시각  퇴장시각  조교시간 비고
━━━━━━━━━━━━━━━━━━━━━━━━━━━━━━━━━━━━━━━
  1  1조(백광열)32 닥터칼리파          관   06:37     06:48       0:11   금
  2  1조(백광열)16 닥터캔디            관   07:58     08:17       0:19   차
  3  1조(백광열)30 닥터텍사스          관   07:14     07:39       0:25   차
  4  1조(백광열)26 닥터파라오          관   06:11     06:26       0:15   차
  5  1조(백광열)24 닥터팡팡            관   08:23     08:44       0:21   차
  6  1조(백광열) 5 닥터패션            기   07:31     07:45       0:14   차
  7  1조(백광열) 2 닥터페르시아        관   06:46     07:07       0:20   차
  8  1조(백광열)23 닥터페이스          관   07:37     07:54       0:17   차
  9  1조(백광열)40 닥터프로            기   07:03     07:18       0:15   금
 10  1조(백광열)15 두무산              기   08:18     08:38       0:20   차
 11  1조(백광열)25 두바이원정대        관   08:23     08:44       0:21   차
 12  1조(백광열)28 베텔게우스          기   07:58     08:17       0:19   차
 13  1조(백광열)17 아델골드            기   06:35     06:52       0:17   차
 14  1조(백광열)22 아델로사리오        관   06:35     06:52       0:16   차
 15  1조(백광열)42 아델보스            기   08:22     08:38       0:16   차
 16  1조(백광열)13 아델스마트          관   06:08     06:23       0:15   차
 17  1조(백광열)10 아델앨리스          관   06:08     06:23       0:15   차
 18  1조(백광열) 3 아델축배            기   06:30     06:44       0:14   차
 19  1조(백광열)35 아델크라운          관   06:07     06:24       0:17   차
 20  1조(백광열)11 아르크투루스        기   08:04     08:17       0:13   차
 21  1조(백광열) 8 알파송당            관   06:46     07:07       0:21   차
 22  1조(백광열) 7 영원파워            기   07:03     07:21       0:18   차
 23  1조(백광열)18 영천솔레미오        기   07:55     08:09       0:14   차
 24  1조(백광열)34 영천파워            관   07:58     08:20       0:21   차
 25  1조(백광열)37 유로스타            관   07:31     07:43       0:12   차
 26  1조(백광열)44 피스톨스타          관   07:27     07:43       0:16   차
 27  2조(강형곤)33 글로벌캐처          관   07:01     07:21       0:20   차
 28  2조(강형곤)35 노블카우보이        기   06:32     06:47       0:15   차
 29  2조(강형곤) 1 동부스타            관   06:33     06:47       0:14   차
 30  2조(강형곤)30 동부월드            관   06:02     06:19       0:17   차
 31  2조(강형곤) 6 마더마운틴          관   07:38     08:00       0:22   차
 32  2조(강형곤) 7 불의여신            기   06:24     06:33       0:09   차
 33  2조(강형곤)25 비케이누마          관   07:38     08:02       0:24   차
 34  2조(강형곤)16 비케이하나          관   06:02     06:20       0:18   차
 35  2조(강형곤) 2 서경대로            관   07:02     07:27       0:25   차
 36  2조(강형곤)31 소리태풍            관   06:32     06:48       0:16   차
 37  2조(강형곤)36 슈퍼카넬            관   07:01     07:27       0:26   차
 38  2조(강형곤)18 스페셜로드          관   07:38     08:00       0:22   차
 39  2조(강형곤)11 스페셜투게더        기   06:02     06:19       0:17   차
 40  2조(강형곤)24 에이원플러스        기   06:02     06:20       0:18   차
 41  2조(강형곤)34 에코피아            기   06:00     06:16       0:16   차
 42  2조(강형곤) 3 영광의축제          기   06:39     06:47       0:08   차
 43  2조(강형곤)38 제왕의미소          기   07:38     07:55       0:17   차
 44  2조(강형곤)17 투투그레이트        기   06:25     06:34       0:09   차
 45  2조(강형곤) 4 투투제이에스        관   06:02     06:19       0:17   차
 46  2조(강형곤)13 투투플라잉          기   07:02     07:27       0:25   차
 47  2조(강형곤)14 화차                관   07:38     07:55       0:17   차
 48  4조(임금만) 9 날아라꿀단지        관   06:18     06:26       0:08   차
 49  4조(임금만)14 디러블리퀸          관   06:52     07:03       0:11   차
 50  4조(임금만)34 모닝뮤즈            기   06:02     06:18       0:16   차
 51  4조(임금만)35 모스트래피드        관   07:53     08:07       0:14   차
 52  4조(임금만) 8 백투더레전드        관   07:25     07:42       0:17   차
 53  4조(임금만) 4 선더퓨리            관   07:53     08:18       0:25   차
 54  4조(임금만)31 스카이샷            관   07:26     07:43       0:17   차
 55  4조(임금만)19 영광의레전드        관   06:07     06:22       0:15   차
 56  4조(임금만)20 영광의탱크          관   06:52     07:04       0:12   차
 57  4조(임금만) 3 영광의파티          기   06:35     06:43       0:08   차
 58  4조(임금만)21 워리어클래스        관   06:03     06:15       0:12   차
 59  4조(임금만)29 월드파워            관   06:40     06:53       0:13   차
 60  4조(임금만)38 컨피던스마린        관   08:17     08:26       0:09   차
 61  4조(임금만)39 퀸오브스피릿        관   08:17     08:26       0:09   차
 62  4조(임금만) 5 톱에이스            관   06:08     06:18       0:10   차
 63  4조(임금만)12 판타스틱로드        기   06:45     06:59       0:14   차
 64  4조(임금만)23 판타스틱매직        관   07:29     07:36       0:07   차
 65  4조(임금만)32 판타스틱여걸        관   06:51     07:05       0:14   차
 66  6조(구영준)11 라우드컬러          관   07:02     07:14       0:12   금
 67  6조(구영준) 9 마인드존            관   07:07     07:29       0:22   차
 68  6조(구영준) 5 바벨포세이돈        관   07:45     08:08       0:23   차
 69  6조(구영준)28 베스트윈드          관   07:44     08:03       0:19   차
 70  6조(구영준) 3 전설의질주          조   07:07     07:25       0:18   차
 71  6조(구영준)27 최강포스            관   06:47     06:59       0:12   차
 72  6조(구영준) 2 컬러윈드            관   06:29     06:45       0:16   차
 73  7조(김병학)22 골드스위트          기   06:17     06:29       0:12   차
 74  7조(김병학)18 골드프린스          관   06:01     06:14       0:14   차
 75  7조(김병학) 4 골든플러스          관   06:35     06:52       0:16   차
 76  7조(김병학)24 나르캣              기   07:11     07:25       0:14   금
 77  7조(김병학)14 마이플레저          관   06:35     06:52       0:17   차
 78  7조(김병학)15 매직위스퍼          관   06:02     06:16       0:14   금
 79  7조(김병학)36 매직큐              관   08:41     08:59       0:18   차
 80  7조(김병학)38 바비스패로우        관   08:33     08:43       0:10   차
 81  7조(김병학)25 비제스코            관   07:13     07:30       0:17   차
 82  7조(김병학)21 아너로드            관   07:50     08:09       0:19   차
 83  7조(김병학)34 아이윌더스타        관   06:35     06:52       0:17   차
 84  7조(김병학)16 언브레이크          관   07:07     07:24       0:18   차
 85  7조(김병학)27 에스엘킹            관   06:36     06:52       0:16   차
 86  7조(김병학)32 위시럭              기   06:35     06:45       0:10   차
 87  7조(김병학)26 인디언파티          관   07:06     07:17       0:10   차
 88  7조(김병학) 2 최강마린            기   06:01     06:12       0:11   차
 89  7조(김병학)20 킹오브글로리        관   06:01     06:19       0:18   차
 90  7조(김병학) 5 파이널세븐          관   07:09     07:29       0:20   차
 91  7조(김병학) 9 프라임타임          관   08:41     08:59       0:17   차
 92  7조(김병학)37 플라잉터치          관   07:51     08:16       0:24   차
 93  7조(김병학) 6 해브어굿데이        관   06:01     06:17       0:16   차
 94  7조(김병학)30 헤이모닝            관   07:51     08:15       0:24   차
 95  7조(김병학)33 헬로선샤인          관   07:50     08:09       0:19   차
 96  8조(토마스)36 골드탭              관   06:28     06:39       0:11   차
 97  8조(토마스) 9 그레이트록          기   06:00     06:12       0:12   차
 98  8조(토마스)23 그레이트원          기   07:40     07:49       0:09   금
 99  8조(토마스)26 꽃과구름            기   06:28     06:38       0:10   차
100  8조(토마스)20 대암장군            관   06:01     06:14       0:13   차
101  8조(토마스) 8 딕시밴드            관   06:58     07:12       0:14   차
102  8조(토마스)15 라인브레이커        관   06:00     06:14       0:14   차
103  8조(토마스) 6 무적불패            관   06:28     06:39       0:11   차
104  8조(토마스) 2 미드나이트퀸        관   07:43     07:51       0:09   차
105  8조(토마스) 4 바벨드리머          관   07:50     07:56       0:06   차
106  8조(토마스)14 서부퀸              기   06:00     06:11       0:11   차
107  8조(토마스)24 소닉킹이지          관   06:00     06:12       0:12   차
108  8조(토마스)27 스카이모어          관   07:25     07:34       0:09   차
109  8조(토마스)31 아서킹이지          관   06:58     07:12       0:14   차
110  8조(토마스)33 알파킹이지          기   06:00     06:13       0:13   차
111  8조(토마스)17 에이스포텐          관   07:23     07:30       0:06   차
112  8조(토마스)19 원더풀앤도버        기   06:00     06:11       0:11   차
113  8조(토마스)41 으뜸이              기   06:30     06:39       0:09   금
114  8조(토마스)22 천마파워            관   07:48     08:08       0:20   차
115  8조(토마스)12 퀸즈대로            기   06:00     06:09       0:09   차
116  8조(토마스)34 태풍이              관   06:29     06:35       0:07   차
117  8조(토마스)29 트리모어            관   06:58     07:12       0:14   차
118  8조(토마스)25 파워트레인          관   06:56     07:04       0:07   차
119  8조(토마스)21 한라누리            관   07:21     07:38       0:17   차
120  8조(토마스) 5 해가뜨고            관   07:26     07:40       0:13   차
121  8조(토마스)40 해피우먼            관   06:28     06:40       0:12   차
122  8조(토마스)11 허니스타            기   06:32     06:43       0:11   차
123  8조(토마스)13 화랑스카이          관   07:45     07:53       0:08   차
124  9조(양귀선)35 그래핀랩월드        관   08:06     08:29       0:23   차
125  9조(양귀선)38 나인포스원          관   08:06     08:29       0:23   차
126  9조(양귀선)25 담양의신            관   07:18     07:26       0:08   차
127  9조(양귀선)29 당대블루            관   06:03     06:16       0:13   차
128  9조(양귀선) 6 대지스페셜          기   07:04     07:15       0:11   차
129  9조(양귀선)37 독보                관   06:30     06:42       0:12   차
130  9조(양귀선) 2 랩베르사            관   06:32     06:44       0:12   차
131  9조(양귀선)30 로드투브이          관   06:52     07:04       0:12   차
132  9조(양귀선)18 리즈원더풀          관   06:06     06:21       0:15   차
133  9조(양귀선)16 매직캠프            관   07:03     07:26       0:23   차
134  9조(양귀선)36 바벨히트            관   07:34     08:09       0:35   차
135  9조(양귀선) 8 뷰티풀킹            관   06:52     07:05       0:13   차
136  9조(양귀선)39 빌드업              관   06:30     06:45       0:15   차
137  9조(양귀선)11 아이러브한센        관   06:04     06:20       0:16   차
138  9조(양귀선) 3 온누리질주          기   06:31     06:45       0:14   차
139  9조(양귀선)27 원더풀질주          관   06:34     06:53       0:19   차
140  9조(양귀선)33 원더풀킹            관   06:03     06:16       0:13   차
141  9조(양귀선) 9 퓨어매직            기   07:21     07:33       0:12   차
142  9조(양귀선)13 하늘전사            관   07:05     07:20       0:15   차
143  9조(양귀선)17 함평맨              기   06:52     07:05       0:13   차
144  9조(양귀선) 1 호랑가시            관   07:37     07:52       0:15   차
145 10조(구민성)33 그레이트보스        기   06:19     06:34       0:15   차
146 10조(구민성)27 대지플라이          관   07:14     07:33       0:19   차
147 10조(구민성)21 머니파크            관   06:33     06:49       0:16   차
148 10조(구민성) 2 베스트함성          관   06:05     06:15       0:10   차
149 10조(구민성) 7 블루카슨            조   06:47     07:07       0:20   차
150 10조(구민성)19 서던조이            관   07:44     08:02       0:18   차
151 10조(구민성)25 서던킹              기   06:05     06:17       0:12   차
152 10조(구민성) 6 스텔라퀸            관   06:06     06:23       0:17   차
153 10조(구민성)22 영봉산              관   07:53     08:02       0:09   차
154 10조(구민성) 5 왈츠참              기   07:19     07:29       0:10   차
155 10조(구민성)12 좋구먼              관   07:44     08:11       0:27   차
156 10조(구민성)26 파티인디            관   06:04     06:21       0:17   차
157 10조(구민성)17 패션포스원          관   06:27     06:47       0:20   차
158 10조(구민성) 4 핼러윈데이          관   07:06     07:24       0:18   차
159 11조(김영민)19 그래핀킹            관   06:14     06:26       0:13   차
160 11조(김영민)13 기적의금빛          관   06:39     06:53       0:15   차
161 11조(김영민) 6 나이스투데이        관   07:47     08:09       0:22   차
162 11조(김영민)15 라이트세이버        관   08:51     09:09       0:19   차
163 11조(김영민)22 메니피송            관   07:12     07:28       0:15   차
164 11조(김영민)18 베스트듀오          관   08:45     09:01       0:16   차
165 11조(김영민) 5 블루챔프            기   06:23     06:37       0:14   차
166 11조(김영민)14 석세스배틀          기   06:25     06:38       0:13   차
167 11조(김영민)10 언매치드            관   06:47     06:59       0:12   차
168 11조(김영민)11 적도전사            기   06:51     07:00       0:09   금
169 11조(김영민) 3 퍼니라이프          관   07:22     07:33       0:11   차
170 11조(김영민)21 퍼스트코리아        관   08:51     09:10       0:19   차
171 11조(김영민)16 한빛영광            조   06:01     06:25       0:24   차
172 11조(김영민) 1 해운대전설          관   06:46     06:59       0:13   차
173 12조(조용배) 2 동반의시작          관   06:33     06:52       0:19   차
174 12조(조용배) 6 배다리아이콘        기   08:22     08:37       0:15   차
175 12조(조용배)24 엑톤파워            관   06:57     07:12       0:15   차
176 12조(조용배)17 플렉스신화          기   06:25     06:41       0:16   차
177 13조(박재호) 3 내가새강자          관   06:03     06:26       0:23   차
178 13조(박재호)14 다이아선더          관   07:47     08:05       0:18   차
179 13조(박재호) 9 로즈파이터          관   06:03     06:29       0:26   차
180 13조(박재호)13 스피드마스트        관   08:03     08:24       0:21   차
181 13조(박재호)12 실버로드            관   06:53     07:11       0:18   차
182 13조(박재호)20 영보스              조   06:41     07:02       0:20   차
183 13조(박재호)24 원더풀트릭스        관   06:53     07:11       0:18   차
184 13조(박재호)17 인디초이스          관   07:13     07:32       0:19   차
185 13조(박재호) 2 인트라플라잉        관   06:03     06:32       0:29   차
186 13조(박재호) 4 총알참              관   06:53     07:11       0:18   차
187 13조(박재호) 6 트리플선더          관   07:33     07:51       0:19   차
188 14조(윤영훈) 4 골든캠프            기   07:15     07:39       0:24   차
189 14조(윤영훈) 7 부미스타            기   08:29     08:46       0:17   차
190 14조(윤영훈)19 서귀대로            관   07:46     08:03       0:16   차
191 14조(윤영훈)18 선마운틴            기   06:50     07:03       0:13   금
192 14조(윤영훈)24 승리의불길          기   06:56     07:08       0:12   차
193 14조(윤영훈)20 오르다              관   06:05     06:27       0:22   차
194 14조(윤영훈)17 우승여걸            기   06:27     06:49       0:22   차
195 14조(윤영훈) 1 장산왕자            기   08:54     09:06       0:12   차
196 14조(윤영훈)11 진마크              기   09:05     09:20       0:15   차
197 14조(윤영훈)15 청담드라이브        관   06:03     06:24       0:21   차
198 14조(윤영훈)23 칼마크              기   07:13     07:37       0:24   차
199 14조(윤영훈)22 케이비보스          관   06:32     06:57       0:25   차
200 14조(윤영훈)21 패션블레이드        관   09:07     09:19       0:12   차
201 15조(안우성)35 갤런트워리어        관   06:17     06:31       0:14   차
202 15조(안우성) 4 구디                관   08:25     08:43       0:18   차
203 15조(안우성) 7 구름속산책          관   06:31     06:48       0:17   차
204 15조(안우성)17 금손클래스          관   08:57     09:10       0:13   차
205 15조(안우성)18 낙동전사            기   07:47     08:06       0:19   차
206 15조(안우성) 9 더베스트에버        관   08:25     08:43       0:18   차
207 15조(안우성) 3 디어스타            관   07:43     07:57       0:14   차
208 15조(안우성) 2 베르다              기   08:25     08:42       0:17   차
209 15조(안우성)23 스마일리래리        기   06:36     06:49       0:13   차
210 15조(안우성)26 스카이모닝          관   08:57     09:10       0:13   차
211 15조(안우성)24 어플리트타핏        기   07:00     07:15       0:15   차
212 15조(안우성) 1 예스퍼펙트          관   06:17     06:31       0:14   차
213 15조(안우성)32 올크라운            관   06:07     06:19       0:12   금
214 15조(안우성)20 원더풀디거          기   06:30     06:40       0:10   차
215 15조(안우성)21 원더풀보브캣        기   06:36     06:50       0:14   차
216 15조(안우성)11 원더풀페이거        기   06:08     06:17       0:09   차
217 15조(안우성) 6 주말보배            관   06:57     07:20       0:23   차
218 15조(안우성)25 짱이                관   07:12     07:27       0:15   차
219 15조(안우성)27 트라이엄프캣        기   06:04     06:16       0:12   차
220 15조(안우성)16 패스트퓨리          관   07:10     07:25       0:15   차
221 15조(안우성)29 팬스타              관   07:47     08:08       0:21   차
222 15조(안우성)36 플라잉다이아        관   07:43     07:57       0:14   차
223 15조(안우성)10 필그림              기   06:10     06:22       0:12   차
224 15조(안우성)12 화랑의챔피언        관   06:44     06:53       0:09   차
225 17조(장세한)24 그레이트고          기   07:46     08:03       0:17   차
226 17조(장세한) 6 낭만전사            관   07:24     07:42       0:18   차
227 17조(장세한)23 다이아포스          기   08:26     08:39       0:13   차
228 17조(장세한)11 로즈불릿            기   07:18     07:27       0:09   차
229 17조(장세한) 5 메타퀸              관   06:44     07:06       0:23   차
230 17조(장세한) 8 성실양구            관   06:44     07:06       0:23   차
231 17조(장세한)27 성실킹              관   07:38     08:03       0:25   차
232 17조(장세한)12 와칸다              관   07:38     08:03       0:25   차
233 17조(장세한)21 장성대로            관   08:28     08:37       0:09   금
234 17조(장세한) 4 청호보스            기   08:12     08:22       0:10   차
235 18조(이정표)18 명성탑걸            기   07:09     07:20       0:11   차
236 18조(이정표) 2 빅토리해피          관   08:03     08:20       0:17   차
237 18조(이정표)19 스마티돌풍          기   06:53     07:02       0:09   차
238 18조(이정표) 1 언제나영웅          관   07:32     07:47       0:15   차
239 18조(이정표)26 에이원스            기   06:56     07:05       0:09   금
240 18조(이정표)14 연승글로리          기   07:28     07:36       0:08   차
241 18조(이정표) 6 오메가걸            기   07:06     07:18       0:12   차
242 18조(이정표) 7 코코윈              기   06:03     06:20       0:17   차
243 18조(이정표)13 퀸스타              기   07:09     07:20       0:11   차
244 18조(이정표) 4 타이탄케이          관   06:12     06:30       0:18   차
245 18조(이정표)10 탐라하늘            관   07:32     07:46       0:14   차
246 18조(이정표)11 투데이스타          관   06:40     06:54       0:14   차
247 18조(이정표)24 트리플질주          관   07:05     07:19       0:14   차
248 18조(이정표)12 할리우드퀸          관   06:39     06:54       0:15   차
249 19조(김영관)14 강서절영            관   07:01     07:15       0:14   차
250 19조(김영관)25 골든벼락            기   07:43     08:00       0:17   차
251 19조(김영관) 1 금아데프트          관   08:58     09:10       0:12   차
252 19조(김영관) 7 금아마이아          관   06:32     06:47       0:15   차
253 19조(김영관)31 금아사이킥          관   06:03     06:18       0:15   차
254 19조(김영관) 4 금아스타리          관   08:21     08:40       0:19   차
255 19조(김영관) 5 금아우노            관   08:21     08:40       0:20   차
256 19조(김영관)12 금아인피니티        기   07:17     07:26       0:09   금
257 19조(김영관)36 동트자보이          기   08:54     09:08       0:14   차
258 19조(김영관)11 마군                관   07:28     07:37       0:09   차
259 19조(김영관)16 몽땅                관   07:44     08:05       0:21   차
260 19조(김영관)29 브라보함양          관   07:54     08:08       0:15   차
261 19조(김영관) 3 에이치데이          기   07:23     07:41       0:18   차
262 19조(김영관)34 원더풀레이즈        기   06:52     07:03       0:11   금
263 19조(김영관)28 원더풀파일          관   06:04     06:20       0:16   차
264 19조(김영관) 8 월드포에이          기   07:00     07:09       0:09   금
265 19조(김영관)38 킹골리앗            기   08:14     08:25       0:11   차
266 19조(김영관)20 킹보스              기   06:49     07:02       0:13   차
267 19조(김영관)30 킹오브더매치        기   07:09     07:17       0:08   특
268 19조(김영관)33 터치스타맨          기   07:33     07:44       0:11   특
269 19조(김영관)35 페어리퀸            관   07:01     07:15       0:14   차
270 19조(김영관)13 할리우드파티        관   06:32     06:47       0:16   차
271 19조(김영관)27 함양은산삼          관   07:30     07:43       0:12   차
272 20조(최기홍) 9 그레이트미스        관   07:58     08:20       0:22   차
273 20조(최기홍)13 금수파워            관   07:58     08:19       0:21   차
274 20조(최기홍)21 금의맨              관   08:43     09:00       0:17   차
275 20조(최기홍)19 벨로시랩터          관   06:41     06:56       0:15   차
276 20조(최기홍)22 솔라세일            관   06:51     07:06       0:15   차
277 20조(최기홍) 7 송도갈매기          관   07:58     08:13       0:15   차
278 20조(최기홍)18 연승고              관   06:41     06:56       0:15   차
279 20조(최기홍)10 영성프린스          관   06:14     06:25       0:11   차
280 20조(최기홍)15 월드플라워          관   08:43     08:56       0:13   차
281 20조(최기홍) 2 위너스맨            기   06:01     06:12       0:11   차
282 20조(최기홍) 3 퀸오브더퀸          관   06:14     06:32       0:18   차
283 20조(최기홍) 1 퀸할리              관   07:32     07:42       0:10   차
284 20조(최기홍)16 해피송송            관   07:34     07:48       0:14   차
285 21조(민장기)32 골든포인트          관   06:36     06:51       0:15   차
286 21조(민장기) 2 나이스원            기   07:12     07:25       0:13   차
287 21조(민장기)36 런투킹              관   07:59     08:29       0:30   차
288 21조(민장기)28 석세스쇼미          관   07:13     07:34       0:21   차
289 21조(민장기)18 운주싹쓸이          관   06:36     06:51       0:15   차
290 21조(민장기)29 운주오션            관   06:12     06:22       0:10   차
291 21조(민장기) 1 운주으뜸            관   07:21     07:31       0:10   차
292 21조(민장기)19 원마인드            관   07:59     08:28       0:29   차
293 21조(민장기)11 월드베스트캣        관   07:59     08:19       0:20   차
294 21조(민장기)20 월드클래스캣        관   07:58     08:22       0:24   차
295 21조(민장기)37 이글스타            기   06:49     07:01       0:12   차
296 21조(민장기)38 일번지              관   06:42     06:56       0:14   차
297 21조(민장기) 4 일출골드            관   07:59     08:22       0:23   차
298 21조(민장기)25 절대보스            관   07:13     07:34       0:21   차
299 21조(민장기) 9 정든로              관   06:09     06:24       0:15   차
300 21조(민장기)30 큐트가이            관   06:08     06:17       0:09   금
301 21조(민장기) 7 타핏원더풀          기   07:36     07:44       0:08   차
302 21조(민장기)24 플랫베이브          기   06:31     06:38       0:07   차
303 21조(민장기)27 하늘제왕            관   07:12     07:34       0:22   차
304 22조(강은석)19 더블랙퀸            관   06:21     06:37       0:16   차
305 22조(강은석)11 메인브리지          관   06:31     06:43       0:12   차
306 22조(강은석)17 아너퀸              관   06:54     07:04       0:10   차
307 22조(강은석) 2 영광의타임          관   06:00     06:15       0:15   차
308 22조(강은석) 7 와일드패션          관   07:14     07:35       0:21   차
309 22조(강은석)10 운주본능            관   07:14     07:35       0:21   차
310 22조(강은석) 1 운주히어로          관   07:51     08:12       0:21   차
311 22조(강은석) 3 퀸데이              관   06:21     06:37       0:16   차
312 22조(강은석)18 파샤                관   06:52     07:02       0:10   차
313 23조(손병직) 5 수소엔진            조   08:52     09:00       0:08   차
314 23조(손병직)14 수소파워            조   08:12     08:33       0:21   차
315 23조(손병직) 8 원더골              조   06:01     06:19       0:18   차
316 23조(손병직) 6 월드금메달          관   07:07     07:24       0:17   차
317 23조(손병직) 4 조셉핀퀸            관   07:43     08:04       0:20   차
318 23조(손병직)13 천하넘버원          조   07:36     07:54       0:18   차
319 23조(손병직)11 함안봉화산          조   06:30     06:52       0:22   차
320 23조(손병직)18 함안여항산          조   07:07     07:24       0:17   차
321 24조(김길중) 7 갤럭시로드          관   06:30     06:44       0:14   차
322 24조(김길중)14 로열골드            기   06:05     06:18       0:13   차
323 24조(김길중) 5 멋진하루            기   06:24     06:38       0:14   금
324 24조(김길중)31 보람이              관   06:05     06:17       0:12   차
325 24조(김길중) 6 스타마타            기   06:03     06:15       0:12   차
326 24조(김길중)25 원더풀스마티        관   06:32     06:44       0:12   차
327 24조(김길중)11 치프오피서          기   06:30     06:44       0:14   차
328 24조(김길중)15 캡틴스텔스          기   06:02     06:15       0:13   금
329 24조(김길중)32 킹비드              관   06:35     06:46       0:11   금
330 26조(방동석)13 골든카이저          관   06:24     06:31       0:07   금
331 26조(방동석)27 느닷                기   07:55     08:04       0:09   차
332 26조(방동석) 8 더원                관   07:03     07:21       0:18   차
333 26조(방동석)25 마이데스티니        관   08:47     08:54       0:07   차
334 26조(방동석)30 머니백              기   06:33     06:44       0:11   차
335 26조(방동석)16 월드포인트          관   07:03     07:21       0:18   차
336 26조(방동석) 6 윙크데이            관   06:19     06:40       0:21   차
337 27조(이상영)18 금아스마티          관   07:11     07:27       0:16   차
338 27조(이상영) 9 금아패셔너트        관   07:45     07:59       0:14   차
339 27조(이상영) 6 무적찰리            기   07:46     08:04       0:18   차
340 27조(이상영)14 샤이니스타          기   07:45     07:59       0:14   차
341 27조(이상영)24 스위트윈            관   07:45     08:02       0:18   차
342 27조(이상영)16 스톰투윈            기   07:45     08:05       0:20   차
343 27조(이상영) 8 애니카걸            관   06:42     06:56       0:14   금
344 27조(이상영) 4 오션스톰            관   06:22     06:42       0:19   차
345 27조(이상영)25 원더풀시크릿        관   06:10     06:26       0:16   차
346 28조(하무선)18 신의전사            관   06:50     07:13       0:23   차
347 28조(하무선) 4 앨버트킹            관   06:47     07:00       0:13   차
348 28조(하무선)10 워너비스타          관   07:30     07:43       0:12   차
349 28조(하무선) 3 월드슬램            관   07:30     07:48       0:18   차
350 28조(하무선) 1 제트캐시            기   06:46     07:03       0:17   차
351 28조(하무선)21 케이에프오공        관   06:49     07:09       0:20   차
352 28조(하무선) 6 크라우드원          관   06:49     07:08       0:19   차
353 28조(하무선)15 해피피버            관   08:18     08:31       0:12   차
354 30조(울즐리)27 갤럭시오브          관   07:46     07:57       0:11   차
355 30조(울즐리) 6 덩컨                기   07:04     07:19       0:15   차
356 30조(울즐리)17 로열페넌트          기   06:00     06:13       0:13   차
357 30조(울즐리)15 리턴오브섭서디      기   06:00     06:15       0:15   차
358 30조(울즐리) 2 미라쿨룸            관   08:17     08:28       0:11   차
359 30조(울즐리)11 미스인디            기   07:39     07:46       0:07   차
360 30조(울즐리)22 미스터밸러          기   07:05     07:21       0:16   차
361 30조(울즐리)21 미스터스캣          관   06:02     06:18       0:17   차
362 30조(울즐리)34 바운티헌터          관   07:35     07:42       0:08   차
363 30조(울즐리)31 선더클라우드        관   06:36     06:49       0:13   차
364 30조(울즐리)32 선셋멜로디          관   06:40     06:54       0:14   차
365 30조(울즐리)26 솔레다드            관   07:15     07:29       0:14   차
366 30조(울즐리)43 스나이더            관   08:07     08:17       0:10   차
367 30조(울즐리)44 스페이스마린        관   08:12     08:23       0:12   차
368 30조(울즐리)36 아티스갈            관   07:39     07:46       0:07   차
369 30조(울즐리)41 에코레이디          관   07:53     08:02       0:09   차
370 30조(울즐리) 9 영광의터치          관   06:00     06:17       0:16   차
371 30조(울즐리)42 인디불패            관   06:40     06:53       0:13   차
372 30조(울즐리) 8 챔프고              관   08:40     08:56       0:16   차
373 30조(울즐리)37 천사의노래          관   07:52     08:05       0:13   차
374 30조(울즐리)14 카피댓              기   06:00     06:12       0:12   차
375 30조(울즐리)24 캣니스              관   06:38     06:50       0:13   차
376 30조(울즐리)25 클리어              관   07:10     07:17       0:07   차
377 30조(울즐리) 5 토미리스            기   06:35     06:51       0:16   금
378 30조(울즐리)23 토탈이클립스        관   07:15     07:29       0:15   차
379 30조(울즐리) 1 트래픽마린          기   06:00     06:16       0:16   차
380 30조(울즐리)30 평화축제            관   08:29     08:37       0:08   차
381 30조(울즐리)18 퓨전퀸              관   06:40     06:52       0:12   차
382 30조(울즐리)38 프리깃버드          관   07:13     07:27       0:14   차
383 31조(라이스)39 그린레전드          관   08:59     09:12       0:13   차
384 31조(라이스)25 그린샤프            기   06:04     06:17       0:13   차
385 31조(라이스)26 그린스피드          관   07:17     07:32       0:15   차
386 31조(라이스) 1 그린파파고          기   06:35     06:46       0:11   차
387 31조(라이스)14 노던비드            관   08:59     09:12       0:13   차
388 31조(라이스)20 더블탭              기   06:04     06:16       0:12   차
389 31조(라이스)35 돌풍                관   06:07     06:17       0:10   차
390 31조(라이스)19 메이저포스          관   07:53     08:02       0:09   차
391 31조(라이스)31 밥앤드조이          기   06:51     07:00       0:09   차
392 31조(라이스)15 버닝패션            관   07:17     07:29       0:12   차
393 31조(라이스)40 스파이스엑톤        관   06:04     06:16       0:12   차
394 31조(라이스)22 알파브이            관   08:24     08:33       0:09   차
395 31조(라이스)33 야생화              관   08:59     09:12       0:13   차
396 31조(라이스)13 월드삭스            관   08:16     08:26       0:10   차
397 31조(라이스)34 인디매직            관   06:40     06:55       0:15   차
398 31조(라이스)12 장산바비            관   08:22     08:31       0:09   차
399 31조(라이스)32 정문드래곤          관   07:40     07:53       0:13   차
400 31조(라이스)27 정문치타            관   06:55     07:13       0:18   차
401 31조(라이스)16 정문코빗            관   06:04     06:16       0:12   차
402 31조(라이스)23 제시의꿈            관   08:17     08:35       0:18   차
403 31조(라이스) 6 퀸마블이지          관   06:14     06:23       0:09   차
404 31조(라이스) 5 퀸앨리              기   06:52     07:01       0:09   차
405 31조(라이스)44 퀸오브하츠          관   07:45     07:56       0:11   차
406 31조(라이스)43 킥앤드러시          기   06:49     07:02       0:13   차
407 31조(라이스)24 킹앨리              기   06:56     07:06       0:10   차
408 31조(라이스)45 퍼플망고            관   06:55     07:13       0:18   차
409 31조(라이스)36 프리티참            관   06:42     06:58       0:16   차
410 31조(라이스) 2 플래시참            기   06:04     06:17       0:13   차
411 32조(임동창)18 골든                관   06:04     06:17       0:13   차
412 32조(임동창)11 글로벌사랑          관   07:51     08:15       0:24   차
413 32조(임동창)10 더블플라잉          관   07:52     08:08       0:17   차
414 32조(임동창)20 로라이마            관   07:23     07:36       0:14   차
415 32조(임동창)22 성실스타            관   07:52     08:12       0:20   차
416 32조(임동창)15 성실시화            관   06:52     07:09       0:17   차
417 32조(임동창) 2 스타드래건          관   08:27     08:45       0:18   차
418 32조(임동창) 7 용가리              관   07:16     07:32       0:16   차
419 32조(임동창)23 용천                기   06:10     06:22       0:12   금
420 32조(임동창) 9 투투라임            기   06:37     06:49       0:12   차
421 32조(임동창)25 투투셀럽            관   06:23     06:31       0:08   금
422 32조(임동창)12 하바나제인          관   07:05     07:21       0:15   차
423 33조(권승주)17 갤럽보이            기   07:45     08:03       0:18   차
424 33조(권승주) 4 골드로즈            관   06:09     06:24       0:16   차
425 33조(권승주)20 골든파워            관   06:10     06:27       0:17   차
426 33조(권승주) 6 라온더탱고          관   07:45     08:15       0:29   차
427 33조(권승주) 3 러닝워리어          기   06:28     06:44       0:16   차
428 33조(권승주)44 로켓소리            관   07:07     07:25       0:18   차
429 33조(권승주)34 루사                관   06:03     06:21       0:18   차
430 33조(권승주)16 버럭                관   07:07     07:32       0:25   차
431 33조(권승주)32 볼라벤              기   06:03     06:21       0:18   차
432 33조(권승주)36 샤이닝보스          관   07:45     08:15       0:30   차
433 33조(권승주)28 서부특급            관   06:39     06:53       0:14   차
434 33조(권승주) 2 선더크라운          관   07:04     07:17       0:13   차
435 33조(권승주)30 센텀토르            관   06:42     06:58       0:16   차
436 33조(권승주)23 알파하트            관   06:39     06:54       0:15   차
437 33조(권승주)35 위대한선택          관   06:08     06:24       0:16   차
438 33조(권승주)25 은성여왕            관   07:44     08:04       0:20   차
439 33조(권승주)40 은성영웅            관   06:09     06:22       0:13   차
440 33조(권승주)26 일강대로            기   07:27     07:41       0:14   차
441 33조(권승주)41 일념천하            관   06:36     06:49       0:14   차
442 33조(권승주)24 일념통천            기   07:47     08:04       0:17   차
443 33조(권승주) 5 청호리더            기   07:59     08:13       0:14   차
444 33조(권승주) 8 초이스런            관   07:08     07:25       0:18   차
445 33조(권승주)27 케이케이원          기   07:12     07:26       0:14   차
446 33조(권승주)12 한센이천            관   07:47     08:04       0:17   차
447 33조(권승주)22 희망펀치            관   06:40     06:54       0:14   차
━━━━━━━━━━━━━━━━━━━━━━━━━━━━━━━━━━━━━━━
                                                      출력일자 : 2022. 6.25

