

제목 : 22년08월13일(토)  제 1경주

(서울) 제59일 1000M 국6등급    별정A       경주명 : 일반                        
경주조건:       R0~0  2세                        날씨:비   주로:포화  (15%)
순위상금: 33,000천원  13,200천원   8,400천원   3,000천원   2,400천원
부가상금:      0천원       0천원       0천원
-------------------------------------------------------------------------------------------------
순위 마번    마    명         산지   성별 연령 부담중량  기수명   조교사   마주명           레이팅
-------------------------------------------------------------------------------------------------
  1    3  울프플레이           한     수     2    55.0   장추열   최영주   조현영                
  2    6  크레이지러브         한     암     2    53.0   신형철   강환민   서창식                
  3    8  드림스카이           한     암     2    53.0   송재철   임채덕   박덕희                
  4    1  퍼펙트건맨           한     수     2    55.0   이동하   최용건   박재범                
  5    5  파워풀삭스           한     수     2    55.0   빅투아르 이관호   김창식                
  6    2  리걸하이             한     암     2    53.0   다비드   서인석   강균호                
  7    7  아르고공주           한     암     2    53.0   조한별   안병기   우태율                
  8    4  씽씽씽               한     수     2    55.0   임기원   박재우   (주)디알엠씨티        
-------------------------------------------------------------------------------------------------
순위 마번    마      명       마 체 중  기 록  도 착 차  S1F-1C-2C-3C-4C-G1F
-------------------------------------------------------------------------------------------------
  1    3  울프플레이           460( +4) 1:00.7            1-  -  - 1- 1- 1
  2    6  크레이지러브         462( -9) 1:01.0  2         2-  -  - 2- 2- 2
  3    8  드림스카이           457( +3) 1:01.3  1¾       3-  -  - 3- 5- 3
  4    1  퍼펙트건맨           478(-13) 1:01.5  1         6-  -  - 6- 3- 4
  5    5  파워풀삭스           447( +6) 1:01.7  1¼       8-  -  - 8- 8- 6
  6    2  리걸하이             464( +0) 1:01.8  목        7-  -  - 7- 6- 5
  7    7  아르고공주           491( +6) 1:02.3  3         5-  -  - 5- 7- 7
  8    4  씽씽씽               462( +7) 1:04.2  11        4-  -  - 4- 4- 8
-------------------------------------------------------------------------------------------------
순위 마번    G-3Ｆ   S-1F  １코너  ２코너  ３코너  ４코너    G-1F  단승식 연승식
-------------------------------------------------------------------------------------------------
  1    3   36.4    0:13.5                  0:13.5  0:30.4   12.8      7.8    1.9
  2    6   36.6    0:13.6                  0:13.6  0:30.5   12.6      3.4    1.5
  3    8   36.8    0:13.6                  0:13.6  0:30.7   12.8     11.1    2.4
  4    1   36.8    0:13.9                  0:13.9  0:30.7   12.9     10.0    2.7
  5    5   36.7    0:14.0                  0:14.0  0:31.2   12.8     18.9    3.1
  6    2   37.1    0:13.9                  0:13.9  0:30.8   13.1     10.2    2.7
  7    7   37.7    0:13.7                  0:13.7  0:30.8   13.1      2.2    1.3
  8    4   39.7    0:13.7                  0:13.7  0:30.7   14.4     26.1    3.9
-------------------------------------------------------------------------------------------------
(복승식 배당률)
  1- 2    56.9  2- 9     0.0  4- 5   107.2  5-15     0.0  8- 9     0.0 11-12     0.0
  1- 3    40.3  2-10     0.0  4- 6    26.2  5-16     0.0  8-10     0.0 11-13     0.0
  1- 4    88.0  2-11     0.0  4- 7    20.0  6- 7     3.6  8-11     0.0 11-14     0.0
  1- 5    94.9  2-12     0.0  4- 8    77.4  6- 8    15.3  8-12     0.0 11-15     0.0
  1- 6    19.5  2-13     0.0  4- 9     0.0  6- 9     0.0  8-13     0.0 11-16     0.0
  1- 7    14.4  2-14     0.0  4-10     0.0  6-10     0.0  8-14     0.0 12-13     0.0
  1- 8    64.8  2-15     0.0  4-11     0.0  6-11     0.0  8-15     0.0 12-14     0.0
  1- 9     0.0  2-16     0.0  4-12     0.0  6-12     0.0  8-16     0.0 12-15     0.0
  1-10     0.0  3- 4    34.1  4-13     0.0  6-13     0.0  9-10     0.0 12-16     0.0
  1-11     0.0  3- 5    71.3  4-14     0.0  6-14     0.0  9-11     0.0 13-14     0.0
  1-12     0.0  3- 6    12.2  4-15     0.0  6-15     0.0  9-12     0.0 13-15     0.0
  1-13     0.0  3- 7     6.6  4-16     0.0  6-16     0.0  9-13     0.0 13-16     0.0
  1-14     0.0  3- 8    27.7  5- 6    41.5  7- 8     9.9  9-14     0.0 14-15     0.0
  1-15     0.0  3- 9     0.0  5- 7    29.1  7- 9     0.0  9-15     0.0 14-16     0.0
  1-16     0.0  3-10     0.0  5- 8   101.9  7-10     0.0  9-16     0.0 15-16     0.0
  2- 3    28.1  3-11     0.0  5- 9     0.0  7-11     0.0 10-11     0.0  0- 0     0.0
  2- 4    72.7  3-12     0.0  5-10     0.0  7-12     0.0 10-12     0.0  0- 0     0.0
  2- 5    66.9  3-13     0.0  5-11     0.0  7-13     0.0 10-13     0.0  0- 0     0.0
  2- 6    17.0  3-14     0.0  5-12     0.0  7-14     0.0 10-14     0.0  0- 0     0.0
  2- 7    11.3  3-15     0.0  5-13     0.0  7-15     0.0 10-15     0.0  0- 0     0.0
  2- 8    52.8  3-16     0.0  5-14     0.0  7-16     0.0 10-16     0.0  0- 0     0.0
-------------------------------------------------------------------------------------------------
매출액 단식:     27,789,600    연식:     45,934,400      복식:    779,671,700
       복연:     93,100,000    쌍식:    270,212,200      삼복:    767,046,900
       삼쌍:    392,430,000    합계:  2,376,184,800
-------------------------------------------------------------------------------------------------
배당률 단: ③7.8        연: ③1.9 ⑥1.5 ⑧2.4          복: ③⑥12.2      4F:47.2
                                                                         3F:36.4
                        쌍: ③⑥25.9      
     복연: ③⑥4.1 ③⑧7.7 ⑥⑧4.8
     삼복: ③⑥⑧29.3 
     삼쌍: ③⑥⑧162.4 
-------------------------------------------------------------------------------------------------
펄 롱:13.5 10.8 12.1   11.5   12.8   
통과M:  200  400  600    800    1000
통과T:13.5 24.3 36.4 0:47.9 1:00.7 
-------------------------------------------------------------------------------------------------
통과순위 S-1F : (^3,6,8),(4,7),(1,2,5)                  
           C1 :                                         
           C2 :                                         
           C3 : (^3,6,8),(4,7),(1,2,5)                  
           C4 : (^3,6),(1,4,2,7,8)-5                    
         G-1F : 3-(6,8),(1,2),5,7-4                     
-------------------------------------------------------------------------------------------------
구분 출전번호  대상명            처분종류     처분내용                     세부내용
-------------------------------------------------------------------------------------------------
특 
이 
사 
항
-------------------------------------------------------------------------------------------------


제목 : 22년08월13일(토)  제 2경주

(서울) 제59일 1000M 국6등급    별정A       경주명 : 일반                        
경주조건:       R0~0  2세                        날씨:비   주로:포화  (15%)
순위상금: 33,000천원  13,200천원   8,400천원   3,000천원   2,400천원
부가상금:      0천원       0천원       0천원
-------------------------------------------------------------------------------------------------
순위 마번    마    명         산지   성별 연령 부담중량  기수명   조교사   마주명           레이팅
-------------------------------------------------------------------------------------------------
  1    5  컴플리트레벨         한     수     2    55.0   박을운   박재우   장세준                
  2    1  금빛마               한     수     2    55.0   임기원   이관호   (주)디알엠씨티        
  3    4  글로벌파워           한     수     2    55.0   이혁     최상식   장재형                
  4    8  선더브라보           한     수     2    55.0   조한별   홍대유   최동근                
  5    9  라온포레스트         한     암     2    53.0   박태종   박종곤   손광섭                
  6    3  검은질주             한     거     2    53.0   김아현   박윤규   박덕희                
  7    2  록임팩트             한     수     2    55.0   김정준   박병일   본투런                
  8    6  마의웨이             한     수     2    55.0   유승완   박천서   퍼플라인              
  9    7  불의날개             한     수     2    55.0   임다빈   임채덕   황경호                
-------------------------------------------------------------------------------------------------
순위 마번    마      명       마 체 중  기 록  도 착 차  S1F-1C-2C-3C-4C-G1F
-------------------------------------------------------------------------------------------------
  1    5  컴플리트레벨         503( +6) 1:00.3            1-  -  - 1- 1- 1
  2    1  금빛마               463( -4) 1:01.1  5         4-  -  - 4- 2- 2
  3    4  글로벌파워           450(+18) 1:01.2  ¾        5-  -  - 5- 6- 3
  4    8  선더브라보           455( +4) 1:01.5  1¾       3-  -  - 3- 4- 5
  5    9  라온포레스트         479( +7) 1:01.6  ½        7-  -  - 7- 5- 6
  6    3  검은질주             448( -1) 1:02.1  3         2-  -  - 2- 3- 4
  7    2  록임팩트             476(+15) 1:02.5  2         8-  -  - 8- 8- 7
  8    6  마의웨이             479( +0) 1:02.8  1½       6-  -  - 6- 7- 9
  9    7  불의날개             452( +6) 1:02.8  머리      9-  -  - 9- 9- 8
-------------------------------------------------------------------------------------------------
순위 마번    G-3Ｆ   S-1F  １코너  ２코너  ３코너  ４코너    G-1F  단승식 연승식
-------------------------------------------------------------------------------------------------
  1    5   36.4    0:13.3                  0:13.3  0:30.1   12.3      4.1    1.6
  2    1   36.7    0:13.8                  0:13.8  0:30.3   13.0      2.7    1.5
  3    4   36.6    0:13.8                  0:13.8  0:30.6   12.8      9.9    1.9
  4    8   37.2    0:13.5                  0:13.5  0:30.3   12.9     11.6    1.8
  5    9   37.1    0:13.8                  0:13.8  0:30.4   13.0      2.6    1.2
  6    3   37.9    0:13.4                  0:13.4  0:30.3   13.6     64.1    4.2
  7    2   37.3    0:14.2                  0:14.2  0:31.3   13.1     57.0    6.3
  8    6   38.2    0:13.8                  0:13.8  0:30.9   12.9     86.4   17.5
  9    7   36.8    0:14.5                  0:14.5  0:31.9   13.2     69.4   10.0
-------------------------------------------------------------------------------------------------
(복승식 배당률)
  1- 2    49.3  2- 9    44.3  4- 5    15.3  5-15     0.0  8- 9    11.0 11-12     0.0
  1- 3    47.5  2-10     0.0  4- 6   407.2  5-16     0.0  8-10     0.0 11-13     0.0
  1- 4    11.3  2-11     0.0  4- 7   345.5  6- 7   756.9  8-11     0.0 11-14     0.0
  1- 5     6.1  2-12     0.0  4- 8    31.7  6- 8   590.7  8-12     0.0 11-15     0.0
  1- 6   252.2  2-13     0.0  4- 9     9.0  6- 9   174.4  8-13     0.0 11-16     0.0
  1- 7   182.6  2-14     0.0  4-10     0.0  6-10     0.0  8-14     0.0 12-13     0.0
  1- 8    14.9  2-15     0.0  4-11     0.0  6-11     0.0  8-15     0.0 12-14     0.0
  1- 9     3.4  2-16     0.0  4-12     0.0  6-12     0.0  8-16     0.0 12-15     0.0
  1-10     0.0  3- 4   113.6  4-13     0.0  6-13     0.0  9-10     0.0 12-16     0.0
  1-11     0.0  3- 5    70.9  4-14     0.0  6-14     0.0  9-11     0.0 13-14     0.0
  1-12     0.0  3- 6   659.4  4-15     0.0  6-15     0.0  9-12     0.0 13-15     0.0
  1-13     0.0  3- 7   514.5  4-16     0.0  6-16     0.0  9-13     0.0 13-16     0.0
  1-14     0.0  3- 8   115.7  5- 6   288.2  7- 8   322.2  9-14     0.0 14-15     0.0
  1-15     0.0  3- 9    46.9  5- 7   196.2  7- 9   123.1  9-15     0.0 14-16     0.0
  1-16     0.0  3-10     0.0  5- 8    21.5  7-10     0.0  9-16     0.0 15-16     0.0
  2- 3   254.6  3-11     0.0  5- 9     4.7  7-11     0.0 10-11     0.0  0- 0     0.0
  2- 4   121.7  3-12     0.0  5-10     0.0  7-12     0.0 10-12     0.0  0- 0     0.0
  2- 5    80.2  3-13     0.0  5-11     0.0  7-13     0.0 10-13     0.0  0- 0     0.0
  2- 6   832.4  3-14     0.0  5-12     0.0  7-14     0.0 10-14     0.0  0- 0     0.0
  2- 7   765.9  3-15     0.0  5-13     0.0  7-15     0.0 10-15     0.0  0- 0     0.0
  2- 8   173.4  3-16     0.0  5-14     0.0  7-16     0.0 10-16     0.0  0- 0     0.0
-------------------------------------------------------------------------------------------------
매출액 단식:     38,589,200    연식:     40,177,100      복식:    924,181,500
       복연:    120,531,400    쌍식:    400,646,500      삼복:    985,054,600
       삼쌍:    537,028,700    합계:  3,046,209,000
-------------------------------------------------------------------------------------------------
배당률 단: ⑤4.1        연: ⑤1.6 ①1.5 ④1.9          복: ⑤①6.1       4F:47.0
                                                                         3F:36.4
                        쌍: ⑤①11.1      
     복연: ⑤①2.5 ⑤④5.0 ①④3.6
     삼복: ⑤①④13.1 
     삼쌍: ⑤①④48.8 
-------------------------------------------------------------------------------------------------
펄 롱:13.3 10.6 12.5   11.6   12.3   
통과M:  200  400  600    800    1000
통과T:13.3 23.9 36.4 0:48.0 1:00.3 
-------------------------------------------------------------------------------------------------
통과순위 S-1F : (3,^5),8,(1,4,6,9)-2,7                  
           C1 :                                         
           C2 :                                         
           C3 : (3,^5),8,(1,4,6,9)-2,7                  
           C4 : 5,(1,3,8,9),4,6-2-7                     
         G-1F : (1,^5),(4,3),(8,9)=2,7,6                
-------------------------------------------------------------------------------------------------
구분 출전번호  대상명            처분종류     처분내용                     세부내용
-------------------------------------------------------------------------------------------------
기수    5      박을운            견책                                      결승선 전방 약 300m 지점 바깥으로 진로변경 3번 주행방해
말      1      금빛마            출발심사                                  출발자세 및 출발불량                              
말      7      불의날개          주의                                      출발 후 약 200m 지점부터 4코너까지 바깥으로 기댐  
-------------------------------------------------------------------------------------------------


제목 : 22년08월13일(토)  제 3경주

(서울) 제59일 1200M 국6등급    별정A       경주명 : 일반                        
경주조건:       R0~0  연령오픈                   날씨:흐림 주로:포화  (15%)
순위상금: 13,750천원   5,500천원   3,500천원   1,250천원   1,000천원
부가상금:      0천원       0천원       0천원
-------------------------------------------------------------------------------------------------
순위 마번    마    명         산지   성별 연령 부담중량  기수명   조교사   마주명           레이팅
-------------------------------------------------------------------------------------------------
  1    3  럭키인디             한     암     3    50.0   오수철   안해양   김성래                
  2    8  베스트팔콘           한     암     3    54.0   조한별   김동균   정기환                
  3    2  대승가온             한     암     5    54.0   문성혁   서인석   문석현                
  4    1  금아위티             한     암     3    54.0   박현우   박천서   금아산업(주)          
  5    7  나우누리             한     암     3    54.0   김정준   김윤섭   최장석                
  6    4  스위트카카오         한     암     4    54.0   조상범   심승태   김용래                
  7    6  위대한한마           한     암     3    54.0   박을운   박재우   이미양                
  8    9  원더풀뮤직           한     암     3    54.0   박태종   곽영효   이미경                
  9    5  희망오름             한     암     3    54.0   송재철   최영주   김근영                
-------------------------------------------------------------------------------------------------
순위 마번    마      명       마 체 중  기 록  도 착 차  S1F-1C-2C-3C-4C-G1F
-------------------------------------------------------------------------------------------------
  1    3  럭키인디             411( +1) 1:14.2            1-  -  - 1- 1- 1
  2    8  베스트팔콘           446( -1) 1:14.5  1½       2-  -  - 2- 2- 2
  3    2  대승가온             439( -9) 1:14.7  1¼       9-  -  - 9- 8- 4
  4    1  금아위티             441( -1) 1:15.8  6         3-  -  - 3- 4- 3
  5    7  나우누리             472( -1) 1:16.0  1¾       6-  -  - 7- 6- 6
  6    4  스위트카카오         469( +3) 1:16.1  ½        7-  -  - 6- 7- 7
  7    6  위대한한마           465( +2) 1:16.6  2½       4-  -  - 4- 3- 5
  8    9  원더풀뮤직           454( +1) 1:16.8  1¼       8-  -  - 8- 9- 8
  9    5  희망오름             451(-20) 1:16.9  ½        5-  -  - 5- 5- 9
-------------------------------------------------------------------------------------------------
순위 마번    G-3Ｆ   S-1F  １코너  ２코너  ３코너  ４코너    G-1F  단승식 연승식
-------------------------------------------------------------------------------------------------
  1    3   37.7    0:13.5                  0:24.7  0:42.5   13.3      3.1    1.5
  2    8   37.7    0:13.6                  0:24.9  0:42.8   13.3      3.2    1.4
  3    2   36.5    0:15.3                  0:26.5  0:44.0   12.6     16.1    3.0
  4    1   38.7    0:13.9                  0:25.1  0:43.1   13.8      9.3    2.0
  5    7   38.2    0:14.5                  0:26.0  0:43.9   13.3     48.3    9.2
  6    4   38.3    0:14.6                  0:25.8  0:43.9   13.4     13.1    2.7
  7    6   39.8    0:13.9                  0:25.1  0:42.8   14.1     27.9    7.3
  8    9   38.6    0:14.8                  0:26.1  0:44.2   13.9      4.5    1.5
  9    5   39.4    0:14.0                  0:25.2  0:43.7   13.9     11.8    3.9
-------------------------------------------------------------------------------------------------
(복승식 배당률)
  1- 2    43.8  2- 9    37.8  4- 5    70.3  5-15     0.0  8- 9     6.7 11-12     0.0
  1- 3    11.0  2-10     0.0  4- 6   158.3  5-16     0.0  8-10     0.0 11-13     0.0
  1- 4    35.2  2-11     0.0  4- 7   211.9  6- 7   312.0  8-11     0.0 11-14     0.0
  1- 5    39.2  2-12     0.0  4- 8    15.1  6- 8    48.5  8-12     0.0 11-15     0.0
  1- 6   117.3  2-13     0.0  4- 9    28.9  6- 9    75.8  8-13     0.0 11-16     0.0
  1- 7   201.7  2-14     0.0  4-10     0.0  6-10     0.0  8-14     0.0 12-13     0.0
  1- 8    10.5  2-15     0.0  4-11     0.0  6-11     0.0  8-15     0.0 12-14     0.0
  1- 9    17.7  2-16     0.0  4-12     0.0  6-12     0.0  8-16     0.0 12-15     0.0
  1-10     0.0  3- 4    15.9  4-13     0.0  6-13     0.0  9-10     0.0 12-16     0.0
  1-11     0.0  3- 5    20.0  4-14     0.0  6-14     0.0  9-11     0.0 13-14     0.0
  1-12     0.0  3- 6    50.1  4-15     0.0  6-15     0.0  9-12     0.0 13-15     0.0
  1-13     0.0  3- 7    77.3  4-16     0.0  6-16     0.0  9-13     0.0 13-16     0.0
  1-14     0.0  3- 8     5.6  5- 6   117.8  7- 8    73.5  9-14     0.0 14-15     0.0
  1-15     0.0  3- 9     8.9  5- 7   181.7  7- 9    91.6  9-15     0.0 14-16     0.0
  1-16     0.0  3-10     0.0  5- 8    20.1  7-10     0.0  9-16     0.0 15-16     0.0
  2- 3    19.6  3-11     0.0  5- 9    34.7  7-11     0.0 10-11     0.0  0- 0     0.0
  2- 4    51.6  3-12     0.0  5-10     0.0  7-12     0.0 10-12     0.0  0- 0     0.0
  2- 5    69.5  3-13     0.0  5-11     0.0  7-13     0.0 10-13     0.0  0- 0     0.0
  2- 6   138.8  3-14     0.0  5-12     0.0  7-14     0.0 10-14     0.0  0- 0     0.0
  2- 7   245.6  3-15     0.0  5-13     0.0  7-15     0.0 10-15     0.0  0- 0     0.0
  2- 8    21.4  3-16     0.0  5-14     0.0  7-16     0.0 10-16     0.0  0- 0     0.0
-------------------------------------------------------------------------------------------------
매출액 단식:     36,561,500    연식:     58,038,200      복식:  1,191,576,200
       복연:    132,846,700    쌍식:    357,967,100      삼복:  1,066,597,900
       삼쌍:    478,035,100    합계:  3,321,622,700
-------------------------------------------------------------------------------------------------
배당률 단: ③3.1        연: ③1.5 ⑧1.4 ②3.0          복: ③⑧5.6       4F:49.5
                                                                         3F:37.7
                        쌍: ③⑧10.3      
     복연: ③⑧2.4 ③②6.7 ⑧②6.7
     삼복: ③⑧②18.7 
     삼쌍: ③⑧②78.9 
-------------------------------------------------------------------------------------------------
펄 롱:13.5 11.2 11.8   12.1   12.3   13.3   
통과M:  200  400  600    800    1000   1200
통과T:13.5 24.7 36.5 0:48.6 1:00.9 1:14.2 
-------------------------------------------------------------------------------------------------
통과순위 S-1F : (^3,8),(1,5,6)-(7,4),9-2                
           C1 :                                         
           C2 :                                         
           C3 : 3,8,(1,5,6)-4,(7,9)-2                   
           C4 : 3,(8,6),1-5,(7,4,2),9                   
         G-1F : 3,8=(1,2)-6,(7,4),(9,5)                 
-------------------------------------------------------------------------------------------------
구분 출전번호  대상명            처분종류     처분내용                     세부내용
-------------------------------------------------------------------------------------------------
말      6      위대한한마        주행심사                                  결승선 직선주로 안으로 기댐(최근 1년 이내 3회차)  
말      9      원더풀뮤직        출발심사                                  발진불량                                          
-------------------------------------------------------------------------------------------------


제목 : 22년08월13일(토)  제 4경주

(서울) 제59일 1200M 국6등급    별정A       경주명 : 일반                        
경주조건:       R0~0  연령오픈                   날씨:맑음 주로:포화  (15%)
순위상금: 13,750천원   5,500천원   3,500천원   1,250천원   1,000천원
부가상금:      0천원       0천원       0천원
-------------------------------------------------------------------------------------------------
순위 마번    마    명         산지   성별 연령 부담중량  기수명   조교사   마주명           레이팅
-------------------------------------------------------------------------------------------------
  1   10  동서여걸             한     암     4    54.0   문성혁   서홍수   김명식                
  2    5  피엔에스싱           한     암     3    54.0   이혁     배휴준   피엔에스홈즈          
  3    2  송암누리             한     암     3    50.0   이상규   최용구   송암축산              
  4    4  베스퍼               한     암     4    54.0   이동하   강성오   박호균                
  5    8  탄산                 한     암     3    54.0   임기원   김윤섭   배은정                
  6    3  원더레이서           한     암     3    54.0   임다빈   정호익   손병철                
  7    1  주얼리베스트         한     암     3    54.0   김태훈   심승태   김태성                
  8    6  스피어퀸             한     암     3    54.0   문정균   유재길   김수경                
  9    9  선더누리             한     암     3    54.0   박상우   박병일   임동현                
 10    7  하이로드             한     암     3    52.0   김아현   손영표   김은갑                
-------------------------------------------------------------------------------------------------
순위 마번    마      명       마 체 중  기 록  도 착 차  S1F-1C-2C-3C-4C-G1F
-------------------------------------------------------------------------------------------------
  1   10  동서여걸             426( -2) 1:14.8            1-  -  - 1- 1- 1
  2    5  피엔에스싱           476( +4) 1:15.4  4         3-  -  - 3- 3- 3
  3    2  송암누리             457( +0) 1:15.6  1         2-  -  - 2- 2- 2
  4    4  베스퍼               503( +1) 1:15.8  1        10-  -  - 9-10- 8
  5    8  탄산                 434( +0) 1:16.1  1¾       5-  -  - 5- 5- 5
  6    3  원더레이서           474(+20) 1:16.6  3         7-  -  - 7- 8- 9
  7    1  주얼리베스트         476( +4) 1:16.7  ¾        6-  -  - 6- 7- 4
  8    6  스피어퀸             464( +9) 1:16.8  ½        8-  -  -10- 9-10
  9    9  선더누리             436( +4) 1:17.1  2         9-  -  - 8- 6- 7
 10    7  하이로드             457( +6) 1:17.4  1½       4-  -  - 4- 4- 6
-------------------------------------------------------------------------------------------------
순위 마번    G-3Ｆ   S-1F  １코너  ２코너  ３코너  ４코너    G-1F  단승식 연승식
-------------------------------------------------------------------------------------------------
  1   10   37.7    0:13.5                  0:24.7  0:43.3   13.2      6.3    2.0
  2    5   38.1    0:13.8                  0:24.9  0:43.5   13.4      6.1    2.1
  3    2   38.3    0:13.6                  0:24.9  0:43.5   13.6     34.7    7.4
  4    4   37.5    0:14.5                  0:25.8  0:44.6   12.7      4.4    1.7
  5    8   38.4    0:13.9                  0:25.4  0:43.9   13.2      5.9    1.8
  6    3   38.6    0:14.1                  0:25.5  0:44.4   13.4      4.0    1.6
  7    1   38.7    0:14.0                  0:25.5  0:44.4   13.8     39.7   10.0
  8    6   38.5    0:14.4                  0:25.8  0:44.5   13.5      5.5    1.8
  9    9   39.2    0:14.4                  0:25.6  0:44.1   14.1     49.6    7.8
 10    7   39.7    0:13.9                  0:25.2  0:43.9   14.4     44.2    8.9
-------------------------------------------------------------------------------------------------
(복승식 배당률)
  1- 2   422.4  2- 9   567.2  4- 5    13.4  5-15     0.0  8- 9   189.1 11-12     0.0
  1- 3   217.4  2-10   150.7  4- 6     9.3  5-16     0.0  8-10    19.6 11-13     0.0
  1- 4   158.7  2-11     0.0  4- 7    99.5  6- 7   120.3  8-11     0.0 11-14     0.0
  1- 5   273.4  2-12     0.0  4- 8    13.0  6- 8    13.8  8-12     0.0 11-15     0.0
  1- 6   261.1  2-13     0.0  4- 9   135.1  6- 9   155.8  8-13     0.0 11-16     0.0
  1- 7   676.4  2-14     0.0  4-10    14.4  6-10    15.8  8-14     0.0 12-13     0.0
  1- 8   315.9  2-15     0.0  4-11     0.0  6-11     0.0  8-15     0.0 12-14     0.0
  1- 9   689.2  2-16     0.0  4-12     0.0  6-12     0.0  8-16     0.0 12-15     0.0
  1-10   235.1  3- 4     8.3  4-13     0.0  6-13     0.0  9-10   137.6 12-16     0.0
  1-11     0.0  3- 5    10.6  4-14     0.0  6-14     0.0  9-11     0.0 13-14     0.0
  1-12     0.0  3- 6     8.0  4-15     0.0  6-15     0.0  9-12     0.0 13-15     0.0
  1-13     0.0  3- 7    95.0  4-16     0.0  6-16     0.0  9-13     0.0 13-16     0.0
  1-14     0.0  3- 8    12.3  5- 6    14.2  7- 8   141.5  9-14     0.0 14-15     0.0
  1-15     0.0  3- 9   182.4  5- 7   106.2  7- 9   460.6  9-15     0.0 14-16     0.0
  1-16     0.0  3-10    14.8  5- 8    15.1  7-10   107.7  9-16     0.0 15-16     0.0
  2- 3    81.5  3-11     0.0  5- 9   227.4  7-11     0.0 10-11     0.0  0- 0     0.0
  2- 4    86.6  3-12     0.0  5-10    20.4  7-12     0.0 10-12     0.0  0- 0     0.0
  2- 5   143.1  3-13     0.0  5-11     0.0  7-13     0.0 10-13     0.0  0- 0     0.0
  2- 6   116.2  3-14     0.0  5-12     0.0  7-14     0.0 10-14     0.0  0- 0     0.0
  2- 7   453.4  3-15     0.0  5-13     0.0  7-15     0.0 10-15     0.0  0- 0     0.0
  2- 8   147.3  3-16     0.0  5-14     0.0  7-16     0.0 10-16     0.0  0- 0     0.0
-------------------------------------------------------------------------------------------------
매출액 단식:     39,683,600    연식:     51,489,000      복식:  1,232,310,600
       복연:    133,296,700    쌍식:    371,379,500      삼복:  1,080,488,300
       삼쌍:    474,668,200    합계:  3,383,315,900
-------------------------------------------------------------------------------------------------
배당률 단: ⑩6.3        연: ⑩2.0 ⑤2.1 ②7.4          복: ⑩⑤20.4      4F:50.1
                                                                         3F:37.7
                        쌍: ⑩⑤38.5      
     복연: ⑩⑤6.5 ⑩②29.8 ⑤②33.0
     삼복: ⑩⑤②259.9 
     삼쌍: ⑩⑤②901.4 
-------------------------------------------------------------------------------------------------
펄 롱:13.5 11.2 12.4   12.4   12.1   13.2   
통과M:  200  400  600    800    1000   1200
통과T:13.5 24.7 37.1 0:49.5 1:01.6 1:14.8 
-------------------------------------------------------------------------------------------------
통과순위 S-1F : (2,^10),(5,7,8),(1,3),(4,6,9)           
           C1 :                                         
           C2 :                                         
           C3 : 10,(2,5),7,(1,3,8),9,(4,6)              
           C4 : 10,(2,5)-(7,8),9,(1,3,6),4              
         G-1F : 10-(2,5)=(1,7,9,8),(4,3),6              
-------------------------------------------------------------------------------------------------
구분 출전번호  대상명            처분종류     처분내용                     세부내용
-------------------------------------------------------------------------------------------------
특 
이 
사 
항
-------------------------------------------------------------------------------------------------


제목 : 22년08월13일(토)  제 5경주

(서울) 제59일 1300M 국6등급    별정A       경주명 : 일반                        
경주조건:       R0~0  연령오픈                   날씨:맑음 주로:포화  (15%)
순위상금: 13,750천원   5,500천원   3,500천원   1,250천원   1,000천원
부가상금:      0천원       0천원       0천원
-------------------------------------------------------------------------------------------------
순위 마번    마    명         산지   성별 연령 부담중량  기수명   조교사   마주명           레이팅
-------------------------------------------------------------------------------------------------
  1    3  건곤일척             한     수     3    56.0   빅투아르 서인석   서상주                
  2    2  티즈파이팅           한     거     4    56.0   안토니오 안병기   신승열                
  3    4  콰이어트참           한     암     3    54.0   함완식   서홍수   김명식                
  4    1  보스베이비           한     거     3    56.0   이동하   배대선   조중호                
  5    9  럭센                 한     수     3    56.0   임다빈   임채덕   손칠규                
  6    7  클레어파워           한     거     3    56.0   송재철   김동균   박민지                
  7    5  슈발도리앙           한     거     3    56.0   박상우   구자흥   황혜정                
  8    8  플라잉바비           한     암     5    52.0   김아현   안해양   송암축산              
  9    6  파워플랜             한     암     3    54.0   유승완   김윤섭   에스지이건설          
-------------------------------------------------------------------------------------------------
순위 마번    마      명       마 체 중  기 록  도 착 차  S1F-1C-2C-3C-4C-G1F
-------------------------------------------------------------------------------------------------
  1    3  건곤일척             465( +0) 1:19.8            1-  -  - 1- 1- 1
  2    2  티즈파이팅           455( -1) 1:21.4  9         3-  -  - 3- 3- 2
  3    4  콰이어트참           465( -5) 1:21.9  3         7-  -  - 6- 6- 4
  4    1  보스베이비           455( +0) 1:22.0  ½        5-  -  - 4- 4- 5
  5    9  럭센                 511( +7) 1:22.0  머리      2-  -  - 2- 2- 3
  6    7  클레어파워           504( +4) 1:23.1  7         4-  -  - 5- 5- 6
  7    5  슈발도리앙           487( +9) 1:23.2  머리      9-  -  - 8- 8- 7
  8    8  플라잉바비           459(+11) 1:23.6  2½       8-  -  - 9- 9- 8
  9    6  파워플랜             455( -9) 1:26.0  14        6-  -  - 7- 7- 9
-------------------------------------------------------------------------------------------------
순위 마번    G-3Ｆ   S-1F  １코너  ２코너  ３코너  ４코너    G-1F  단승식 연승식
-------------------------------------------------------------------------------------------------
  1    3   37.5    0:13.4                  0:30.2  0:48.5   13.2      3.5    1.4
  2    2   38.8    0:13.7                  0:30.5  0:48.8   13.8      3.6    1.5
  3    4   38.6    0:14.1                  0:31.2  0:49.4   13.8     26.6    4.8
  4    1   39.1    0:13.8                  0:30.8  0:49.0   13.9      7.6    2.0
  5    9   39.6    0:13.4                  0:30.2  0:48.6   14.4      8.6    2.1
  6    7   40.1    0:13.7                  0:30.8  0:49.3   14.0      3.2    1.3
  7    5   39.3    0:14.4                  0:31.6  0:50.1   14.0     24.7    4.6
  8    8   39.5    0:14.2                  0:31.6  0:50.4   14.0     27.0    6.9
  9    6   42.6    0:14.0                  0:31.2  0:49.7   15.7     62.5   10.9
-------------------------------------------------------------------------------------------------
(복승식 배당률)
  1- 2    16.0  2- 9    16.4  4- 5   152.2  5-15     0.0  8- 9   129.8 11-12     0.0
  1- 3    11.1  2-10     0.0  4- 6   345.6  5-16     0.0  8-10     0.0 11-13     0.0
  1- 4    74.4  2-11     0.0  4- 7    44.8  6- 7   138.2  8-11     0.0 11-14     0.0
  1- 5    81.2  2-12     0.0  4- 8   282.2  6- 8   433.8  8-12     0.0 11-15     0.0
  1- 6   297.6  2-13     0.0  4- 9    83.7  6- 9   258.4  8-13     0.0 11-16     0.0
  1- 7    13.0  2-14     0.0  4-10     0.0  6-10     0.0  8-14     0.0 12-13     0.0
  1- 8   189.6  2-15     0.0  4-11     0.0  6-11     0.0  8-15     0.0 12-14     0.0
  1- 9    21.9  2-16     0.0  4-12     0.0  6-12     0.0  8-16     0.0 12-15     0.0
  1-10     0.0  3- 4    39.2  4-13     0.0  6-13     0.0  9-10     0.0 12-16     0.0
  1-11     0.0  3- 5    37.0  4-14     0.0  6-14     0.0  9-11     0.0 13-14     0.0
  1-12     0.0  3- 6   137.5  4-15     0.0  6-15     0.0  9-12     0.0 13-15     0.0
  1-13     0.0  3- 7     4.2  4-16     0.0  6-16     0.0  9-13     0.0 13-16     0.0
  1-14     0.0  3- 8    85.9  5- 6   320.1  7- 8    74.6  9-14     0.0 14-15     0.0
  1-15     0.0  3- 9    12.5  5- 7    37.0  7- 9    12.4  9-15     0.0 14-16     0.0
  1-16     0.0  3-10     0.0  5- 8   264.2  7-10     0.0  9-16     0.0 15-16     0.0
  2- 3     5.6  3-11     0.0  5- 9    66.8  7-11     0.0 10-11     0.0  0- 0     0.0
  2- 4    64.5  3-12     0.0  5-10     0.0  7-12     0.0 10-12     0.0  0- 0     0.0
  2- 5    58.3  3-13     0.0  5-11     0.0  7-13     0.0 10-13     0.0  0- 0     0.0
  2- 6   214.8  3-14     0.0  5-12     0.0  7-14     0.0 10-14     0.0  0- 0     0.0
  2- 7     5.7  3-15     0.0  5-13     0.0  7-15     0.0 10-15     0.0  0- 0     0.0
  2- 8   117.4  3-16     0.0  5-14     0.0  7-16     0.0 10-16     0.0  0- 0     0.0
-------------------------------------------------------------------------------------------------
매출액 단식:     33,897,400    연식:     45,129,400      복식:  1,169,664,500
       복연:    139,458,300    쌍식:    422,980,100      삼복:  1,161,566,000
       삼쌍:    551,463,000    합계:  3,524,158,700
-------------------------------------------------------------------------------------------------
배당률 단: ③3.5        연: ③1.4 ②1.5 ④4.8          복: ③②5.6       4F:49.6
                                                                         3F:37.5
                        쌍: ③②11.0      
     복연: ③②2.6 ③④11.3 ②④12.4
     삼복: ③②④41.2 
     삼쌍: ③②④146.0 
-------------------------------------------------------------------------------------------------
펄 롱: 7.9 11.1 11.2   12.1   12.2   12.1   13.2   
통과M:  100  300  500    700    900    1100   1300
통과T:07.9 19.0 30.2 0:42.3 0:54.5 1:06.6 1:19.8 
-------------------------------------------------------------------------------------------------
통과순위 S-1F : (3,9),(1,2,7),(4,6),8,5                 
           C1 :                                         
           C2 :                                         
           C3 : (3,9),2,(1,7)-(4,6)-(5,8)               
           C4 : (^3,9),2,1,(4,7),6-5,8                  
         G-1F : 3=(2,9)-(4,1)=(5,7)-8-6                 
-------------------------------------------------------------------------------------------------
구분 출전번호  대상명            처분종류     처분내용                     세부내용
-------------------------------------------------------------------------------------------------
말      3      건곤일척          출발심사                                  진입불량                                          
말      6      파워플랜          주행심사                                  경주능력부진(1위마와 36.2마신 차)                 
-------------------------------------------------------------------------------------------------


제목 : 22년08월13일(토)  제 6경주

(서울) 제59일 1400M 국5등급    핸디캡      경주명 : 일반                        
경주조건:      R1~35  연령오픈                   날씨:맑음 주로:포화  (15%)
순위상금: 22,000천원   8,800천원   5,600천원   2,000천원   1,600천원
부가상금:      0천원       0천원       0천원
-------------------------------------------------------------------------------------------------
순위 마번    마    명         산지   성별 연령 부담중량  기수명   조교사   마주명           레이팅
-------------------------------------------------------------------------------------------------
  1    7  일마레               한     수     6    56.5   방춘식   서범석   기무라요시아키      34
  2    2  비엔토               한     암     4    52.0   임다빈   심승태   전영애              27
  3    3  금성세계             한     수     4    53.5   조상범   박재우   조창규              28
  4    1  미사일캔디           한(포) 수     7    53.5   김정준   최영주   이장운              28
  5   10  블루참               한     거     5    52.0   오수철   서홍수   김세민              33
  6   12  페더럴캣             한     수     6    56.0   유승완   김윤섭   최성룡              33
  7    9  동방의혼             한     수     3    53.0   빅투아르 서인석   서상주              27
  8    6  원더풀캣             한     암     5    51.0   이상규   임채덕   (주)녹원목장        21
  9    5  일향달마             한     암     4    52.0   이현종   조현수   이창모              21
 10    8  대승퀸               한     암     5    52.0   문정균   유재길   김명식              24
 11    4  더블테이크           한     암     4    52.0   다비드   안해양   김성래              29
 12   11  순간터치             한     수     3    55.0   김용근   송문길   정형철              31
-------------------------------------------------------------------------------------------------
순위 마번    마      명       마 체 중  기 록  도 착 차  S1F-1C-2C-3C-4C-G1F
-------------------------------------------------------------------------------------------------
  1    7  일마레               457( +2) 1:27.2            6-  -  - 7- 6- 3
  2    2  비엔토               444( +7) 1:27.3  1         2-  -  - 1- 1- 2
  3    3  금성세계             513( -5) 1:27.5  1         3-  -  - 2- 2- 1
  4    1  미사일캔디           450( -5) 1:28.2  4         7-  -  - 5- 4- 4
  5   10  블루참               535(+10) 1:28.4  1        11-  -  -10-10- 5
  6   12  페더럴캣             502(+10) 1:28.9  2½       8-  -  - 8- 8- 7
  7    9  동방의혼             490( -3) 1:29.0  ¾        4-  -  - 4- 5- 6
  8    6  원더풀캣             435( -3) 1:29.0  목        5-  -  - 6- 9-11
  9    5  일향달마             431( +2) 1:29.1  목       10-  -  -11-11-10
 10    8  대승퀸               488(-12) 1:29.1  코       12-  -  -12-12-12
 11    4  더블테이크           462( +1) 1:29.1  ½        9-  -  - 9- 7- 9
 12   11  순간터치             493( +1) 1:30.2  6         1-  -  - 3- 3- 8
-------------------------------------------------------------------------------------------------
순위 마번    G-3Ｆ   S-1F  １코너  ２코너  ３코너  ４코너    G-1F  단승식 연승식
-------------------------------------------------------------------------------------------------
  1    7   38.2    0:13.9                  0:37.0  0:55.0   13.4     13.3    3.5
  2    2   40.2    0:13.5                  0:35.1  0:53.3   14.0     34.1    3.9
  3    3   40.4    0:13.5                  0:35.1  0:53.3   14.3      6.7    2.3
  4    1   39.7    0:14.0                  0:36.5  0:54.6   14.2     41.9    6.2
  5   10   38.5    0:14.4                  0:37.7  0:55.9   14.2      3.0    1.3
  6   12   39.4    0:14.1                  0:37.2  0:55.6   14.7      9.1    2.3
  7    9   40.4    0:13.7                  0:36.2  0:54.8   14.8     11.1    3.3
  8    6   39.5    0:13.9                  0:36.8  0:55.7   13.8     52.5   15.5
  9    5   39.2    0:14.2                  0:37.7  0:56.0   14.2     85.3   14.0
 10    8   38.6    0:14.8                  0:38.4  0:56.6   13.8     53.8   11.4
 11    4   39.5    0:14.2                  0:37.3  0:55.6   14.6     18.1    3.5
 12   11   43.1    0:13.4                  0:35.1  0:53.3   15.9      3.0    1.7
-------------------------------------------------------------------------------------------------
(복승식 배당률)
  1- 2   284.2  2- 9   128.7  4- 5   508.7  5-15     0.0  8- 9   265.5 11-12    15.3
  1- 3    85.2  2-10    35.0  4- 6   472.1  5-16     0.0  8-10    90.8 11-13     0.0
  1- 4   224.8  2-11    50.8  4- 7    68.8  6- 7   339.8  8-11   151.7 11-14     0.0
  1- 5   785.1  2-12    90.8  4- 8   394.3  6- 8   715.3  8-12   214.8 11-15     0.0
  1- 6   776.8  2-13     0.0  4- 9    64.0  6- 9   429.9  8-13     0.0 11-16     0.0
  1- 7   173.7  2-14     0.0  4-10    19.7  6-10   129.1  8-14     0.0 12-13     0.0
  1- 8   563.1  2-15     0.0  4-11    28.0  6-11   226.0  8-15     0.0 12-14     0.0
  1- 9   223.3  2-16     0.0  4-12    58.9  6-12   377.9  8-16     0.0 12-15     0.0
  1-10    54.1  3- 4    33.6  4-13     0.0  6-13     0.0  9-10    16.5 12-16     0.0
  1-11    87.2  3- 5   377.0  4-14     0.0  6-14     0.0  9-11    20.2 13-14     0.0
  1-12   159.4  3- 6   254.0  4-15     0.0  6-15     0.0  9-12    33.5 13-15     0.0
  1-13     0.0  3- 7    33.9  4-16     0.0  6-16     0.0  9-13     0.0 13-16     0.0
  1-14     0.0  3- 8   144.2  5- 6  1002.1  7- 8   180.2  9-14     0.0 14-15     0.0
  1-15     0.0  3- 9    29.0  5- 7   381.0  7- 9    73.3  9-15     0.0 14-16     0.0
  1-16     0.0  3-10     8.3  5- 8  1109.8  7-10    15.9  9-16     0.0 15-16     0.0
  2- 3    61.0  3-11    10.9  5- 9   660.5  7-11    25.0 10-11     5.3  0- 0     0.0
  2- 4   120.7  3-12    23.8  5-10   160.5  7-12    41.1 10-12    11.7  0- 0     0.0
  2- 5   843.7  3-13     0.0  5-11   285.8  7-13     0.0 10-13     0.0  0- 0     0.0
  2- 6   700.0  3-14     0.0  5-12   505.3  7-14     0.0 10-14     0.0  0- 0     0.0
  2- 7   118.4  3-15     0.0  5-13     0.0  7-15     0.0 10-15     0.0  0- 0     0.0
  2- 8   464.2  3-16     0.0  5-14     0.0  7-16     0.0 10-16     0.0  0- 0     0.0
-------------------------------------------------------------------------------------------------
매출액 단식:     44,426,300    연식:     62,888,500      복식:  1,269,563,900
       복연:    168,470,900    쌍식:    389,918,800      삼복:  1,211,869,200
       삼쌍:    483,612,800    합계:  3,630,750,400
-------------------------------------------------------------------------------------------------
배당률 단: ⑦13.3       연: ⑦3.5 ②3.9 ③2.3          복: ⑦②118.4     4F:52.1
                                                                         3F:40.1
                        쌍: ⑦②225.7     
     복연: ⑦②25.2 ⑦③11.4 ②③16.3
     삼복: ⑦②③194.2 
     삼쌍: ⑦②③1333.2 
-------------------------------------------------------------------------------------------------
펄 롱:13.4 10.8 10.9   12.0   12.6   13.5   14.0   
통과M:  200  400  600    800    1000   1200   1400
통과T:13.4 24.2 35.1 0:47.1 0:59.7 1:13.2 1:27.2 
-------------------------------------------------------------------------------------------------
통과순위 S-1F : (2,3,^11),9,(1,6,7),(4,5,12),10-8       
           C1 :                                         
           C2 :                                         
           C3 : (2,3,11)=9,1,6,7,(4,12)-(10,5)-8        
           C4 : (2,3,11)=1,9,7-(4,12,6),(10,5)-8        
         G-1F : (2,^3)-7,1,(10,9,12,11),4-5,(8,6)       
-------------------------------------------------------------------------------------------------
구분 출전번호  대상명            처분종류     처분내용                     세부내용
-------------------------------------------------------------------------------------------------
기수   12      유승완            견책                                      결승선 전방 약 250m 지점 안으로 진로변경 4번 주행방해
기수    7      방춘식            기승정지     2일(2022.08.20~2022.08.21)   출발 후 약 350m 지점 안으로 진로변경 4번 주행방해 
기수    9      빅투아르          견책                                      결승선 전방 약 250m 지점 바깥으로 진로변경 4번 주행방해
말     10      블루참            출전정지     1개월(2022.08.14~2022.09.13) 폐출혈 발생 통산 1회                              
말     10      블루참            주행심사                                  폐출혈 발생 통산 1회                              
말      2      비엔토            주행심사                                  3~4코너 구간 바깥으로 기댐(최근 1년 이내 3회차)   
-------------------------------------------------------------------------------------------------


제목 : 22년08월13일(토)  제 7경주

(서울) 제59일 1200M 국5등급    핸디캡      경주명 : 일반                        
경주조건:      R1~35  연령오픈                   날씨:맑음 주로:포화  (15%)
순위상금: 22,000천원   8,800천원   5,600천원   2,000천원   1,600천원
부가상금:      0천원       0천원       0천원
-------------------------------------------------------------------------------------------------
순위 마번    마    명         산지   성별 연령 부담중량  기수명   조교사   마주명           레이팅
-------------------------------------------------------------------------------------------------
  1    6  한강매직             한(포) 암     3    52.5   유승완   곽영효   김학록              30
  2    1  가나패션             한     암     3    52.5   장추열   안해양   김한수              30
  3   12  깡돌이               한     암     4    52.0   방춘식   서홍수   김영진              26
  4    4  고고스타             한     암     4    54.0   이동하   김윤섭   김재용              33
  5    5  그린드래건           한     암     3    52.0   김정준   홍대유   김재영b             29
  6   10  퀸오브레이싱         한     암     3    52.5   이혁     배휴준   김진철              30
  7    7  갈색향기             한     암     3    52.0   임다빈   안병기   김광명              28
  8    9  런던파워             한     암     4    52.0   임기원   이희영   임현성              29
  9    8  헤라블레이드         한     암     3    52.5   김용근   토니     김형란              30
 10    3  이스트매직           한     암     4    52.0   조상범   박재우   김영구              29
 11    2  리치모어리치         호     암     5    51.0   이상규   신삼영   서창식              35
 12   11  주말의시작           한     암     4    51.0   김아현   박윤규   퍼플라인            31
-------------------------------------------------------------------------------------------------
순위 마번    마      명       마 체 중  기 록  도 착 차  S1F-1C-2C-3C-4C-G1F
-------------------------------------------------------------------------------------------------
  1    6  한강매직             440(+12) 1:13.2           10-  -  - 9-10- 7
  2    1  가나패션             468( +6) 1:13.7  3         1-  -  - 1- 1- 1
  3   12  깡돌이               418( +9) 1:14.1  1¾       9-  -  -10- 7- 5
  4    4  고고스타             469( +3) 1:14.2  1         3-  -  - 3- 3- 2
  5    5  그린드래건           477( +3) 1:14.2  머리      6-  -  - 5- 5- 4
  6   10  퀸오브레이싱         430( +7) 1:14.4  ¾        7-  -  - 7- 8- 6
  7    7  갈색향기             481(+15) 1:14.5  ¾       11-  -  -11-11- 8
  8    9  런던파워             451(+10) 1:15.0  3         2-  -  - 2- 2- 3
  9    8  헤라블레이드         430( +8) 1:15.1  ½        8-  -  - 8- 9-10
 10    3  이스트매직           493( -7) 1:15.3  1¼       5-  -  - 6- 6- 9
 11    2  리치모어리치         465( +5) 1:16.9  9         4-  -  - 4- 4-11
 12   11  주말의시작           454( -7) 1:17.1  1¼      12-  -  -12-12-12
-------------------------------------------------------------------------------------------------
순위 마번    G-3Ｆ   S-1F  １코너  ２코너  ３코너  ４코너    G-1F  단승식 연승식
-------------------------------------------------------------------------------------------------
  1    6   35.8    0:14.3                  0:25.5  0:43.6   11.7      4.9    1.9
  2    1   37.5    0:13.3                  0:24.1  0:42.5   12.8      2.9    1.3
  3   12   36.9    0:14.1                  0:25.5  0:43.2   12.7     58.8   15.0
  4    4   37.7    0:13.4                  0:24.3  0:42.7   13.2      3.8    1.9
  5    5   37.4    0:13.6                  0:24.7  0:43.0   12.8      7.0    2.3
  6   10   37.3    0:13.7                  0:25.0  0:43.3   12.9     33.7    5.9
  7    7   36.9    0:14.5                  0:25.7  0:43.6   12.9     40.2    6.8
  8    9   38.6    0:13.3                  0:24.2  0:42.6   13.7     30.5    6.2
  9    8   38.0    0:14.0                  0:25.3  0:43.4   13.3     12.1    2.1
 10    3   38.4    0:13.6                  0:24.8  0:43.2   13.5     34.3    5.8
 11    2   40.2    0:13.6                  0:24.5  0:43.0   14.6     37.9    9.5
 12   11   39.1    0:14.5                  0:25.7  0:44.5   13.7     20.7    5.0
-------------------------------------------------------------------------------------------------
(복승식 배당률)
  1- 2    73.8  2- 9   610.8  4- 5    15.4  5-15     0.0  8- 9   126.8 11-12   489.0
  1- 3    40.9  2-10   537.0  4- 6    10.6  5-16     0.0  8-10    85.5 11-13     0.0
  1- 4     4.7  2-11   505.9  4- 7    67.0  6- 7    75.8  8-11    99.6 11-14     0.0
  1- 5    11.2  2-12   741.1  4- 8    17.0  6- 8    24.1  8-12   409.4 11-15     0.0
  1- 6     6.8  2-13     0.0  4- 9    64.8  6- 9    84.2  8-13     0.0 11-16     0.0
  1- 7    38.8  2-14     0.0  4-10    46.1  6-10    50.8  8-14     0.0 12-13     0.0
  1- 8    12.6  2-15     0.0  4-11    49.1  6-11    65.0  8-15     0.0 12-14     0.0
  1- 9    49.2  2-16     0.0  4-12   260.7  6-12   316.6  8-16     0.0 12-15     0.0
  1-10    28.0  3- 4    56.2  4-13     0.0  6-13     0.0  9-10   187.6 12-16     0.0
  1-11    36.0  3- 5    98.9  4-14     0.0  6-14     0.0  9-11   233.0 13-14     0.0
  1-12   171.8  3- 6   111.0  4-15     0.0  6-15     0.0  9-12   659.3 13-15     0.0
  1-13     0.0  3- 7   308.2  4-16     0.0  6-16     0.0  9-13     0.0 13-16     0.0
  1-14     0.0  3- 8   118.4  5- 6    21.5  7- 8   115.4  9-14     0.0 14-15     0.0
  1-15     0.0  3- 9   309.6  5- 7    91.0  7- 9   290.1  9-15     0.0 14-16     0.0
  1-16     0.0  3-10   276.3  5- 8    33.3  7-10   280.0  9-16     0.0 15-16     0.0
  2- 3   360.8  3-11   233.1  5- 9   121.8  7-11   263.0 10-11   140.6  0- 0     0.0
  2- 4   109.2  3-12   730.1  5-10    82.2  7-12   503.9 10-12   530.7  0- 0     0.0
  2- 5   272.7  3-13     0.0  5-11   112.4  7-13     0.0 10-13     0.0  0- 0     0.0
  2- 6   141.3  3-14     0.0  5-12   460.3  7-14     0.0 10-14     0.0  0- 0     0.0
  2- 7   369.1  3-15     0.0  5-13     0.0  7-15     0.0 10-15     0.0  0- 0     0.0
  2- 8   291.5  3-16     0.0  5-14     0.0  7-16     0.0 10-16     0.0  0- 0     0.0
-------------------------------------------------------------------------------------------------
매출액 단식:     42,893,600    연식:     53,694,400      복식:  1,299,221,200
       복연:    163,273,600    쌍식:    406,196,100      삼복:  1,114,335,900
       삼쌍:    459,002,500    합계:  3,538,617,300
-------------------------------------------------------------------------------------------------
배당률 단: ⑥4.9        연: ⑥1.9 ①1.3 ⑫15.0         복: ⑥①6.8       4F:49.1
                                                                         3F:37.0
                        쌍: ⑥①17.7      
     복연: ⑥①2.9 ⑥⑫64.1 ①⑫35.1
     삼복: ⑥①⑫315.1 
     삼쌍: ⑥①⑫1157.4 
-------------------------------------------------------------------------------------------------
펄 롱:13.3 10.8 12.1   12.5   12.2   12.3   
통과M:  200  400  600    800    1000   1200
통과T:13.3 24.1 36.2 0:48.7 1:00.9 1:13.2 
-------------------------------------------------------------------------------------------------
통과순위 S-1F : (1,4,9),(2,3,5,10),(8,12),6,(7,11)      
           C1 :                                         
           C2 :                                         
           C3 : (^1,9),4,2,(3,5),10,8,(6,12),(7,11)     
           C4 : (^1,9),4,(2,5),(3,10,12),8,(6,7)=11     
         G-1F : (4,^1),(9,5,12),(10,6,7),(3,8)-2=11     
-------------------------------------------------------------------------------------------------
구분 출전번호  대상명            처분종류     처분내용                     세부내용
-------------------------------------------------------------------------------------------------
특 
이 
사 
항
-------------------------------------------------------------------------------------------------


제목 : 22년08월13일(토)  제 8경주

(서울) 제59일 1800M 혼3등급    별정B       경주명 : 일반                        
경주조건:      R1~65  연령오픈                   날씨:맑음 주로:포화  (15%)
순위상금: 41,250천원  16,500천원  10,500천원   3,750천원   3,000천원
부가상금:      0천원       0천원       0천원
-------------------------------------------------------------------------------------------------
순위 마번    마    명         산지   성별 연령 부담중량  기수명   조교사   마주명           레이팅
-------------------------------------------------------------------------------------------------
  1    5  노던타임             미     거     4    57.0   빅투아르 서인석   최상기              60
  2    3  머니지프             한     거     7    57.0   이동하   배대선   강종우              62
  3    1  에이스함성           한     수     5    56.0   함완식   이관호   황의영              59
  4    2  야호골든캣           한     수     5    55.0   박을운   박재우   이태식              55
  5    8  제이에스군주         미     거     5    54.0   임기원   박재우   박민지              53
  6    4  티케이데이           한     암     5    52.0   이현종   김동철   김태권              53
  7    7  최강파티             한     거     6    54.0   다비드   리카디   이강운              51
  8    6  문학엠파이어         미     거     5    54.0   임다빈   정호익   권경자              51
-------------------------------------------------------------------------------------------------
순위 마번    마      명       마 체 중  기 록  도 착 차  S1F-1C-2C-3C-4C-G1F
-------------------------------------------------------------------------------------------------
  1    5  노던타임             501( -1) 1:55.4            3- 3- 2- 3- 3- 1
  2    3  머니지프             498( +5) 1:55.9  3         4- 4- 4- 4- 4- 4
  3    1  에이스함성           489( +4) 1:56.0  1         5- 5- 6- 5- 5- 5
  4    2  야호골든캣           501(+14) 1:56.6  3         1- 1- 1- 2- 1- 2
  5    8  제이에스군주         501( +0) 1:56.6  ½        6- 6- 5- 6- 7- 7
  6    4  티케이데이           535( +0) 1:56.7  ½        2- 2- 3- 1- 2- 3
  7    7  최강파티             502( +1) 1:56.9  1         7- 7- 7- 7- 6- 6
  8    6  문학엠파이어         514( +9) 1:57.1  ¾        8- 8- 8- 8- 8- 8
-------------------------------------------------------------------------------------------------
순위 마번    G-3Ｆ   S-1F  １코너  ２코너  ３코너  ４코너    G-1F  단승식 연승식
-------------------------------------------------------------------------------------------------
  1    5   37.5    0:14.2  0:14.2  0:26.4  1:05.3  1:24.0   13.1      2.5    1.2
  2    3   37.8    0:14.5  0:14.5  0:27.3  1:05.5  1:24.2   13.2      9.8    2.1
  3    1   37.9    0:14.9  0:14.9  0:27.6  1:05.5  1:24.2   13.1      3.9    1.6
  4    2   38.9    0:14.1  0:14.1  0:26.3  1:05.3  1:23.9   14.0      5.1    1.7
  5    8   38.3    0:14.9  0:14.9  0:27.4  1:05.5  1:24.6   12.9     25.5    4.9
  6    4   39.0    0:14.2  0:14.2  0:26.6  1:05.2  1:23.9   14.1     19.8    3.3
  7    7   38.7    0:15.2  0:15.2  0:27.7  1:05.5  1:24.3   13.6      5.6    1.6
  8    6   38.2    0:15.4  0:15.4  0:28.3  1:06.3  1:25.1   13.3     47.1    7.8
-------------------------------------------------------------------------------------------------
(복승식 배당률)
  1- 2     8.6  2- 9     0.0  4- 5    21.7  5-15     0.0  8- 9     0.0 11-12     0.0
  1- 3    17.8  2-10     0.0  4- 6   250.9  5-16     0.0  8-10     0.0 11-13     0.0
  1- 4    38.0  2-11     0.0  4- 7    49.9  6- 7   152.8  8-11     0.0 11-14     0.0
  1- 5     4.2  2-12     0.0  4- 8   145.0  6- 8   183.6  8-12     0.0 11-15     0.0
  1- 6   142.4  2-13     0.0  4- 9     0.0  6- 9     0.0  8-13     0.0 11-16     0.0
  1- 7    12.2  2-14     0.0  4-10     0.0  6-10     0.0  8-14     0.0 12-13     0.0
  1- 8    67.3  2-15     0.0  4-11     0.0  6-11     0.0  8-15     0.0 12-14     0.0
  1- 9     0.0  2-16     0.0  4-12     0.0  6-12     0.0  8-16     0.0 12-15     0.0
  1-10     0.0  3- 4    64.1  4-13     0.0  6-13     0.0  9-10     0.0 12-16     0.0
  1-11     0.0  3- 5    11.1  4-14     0.0  6-14     0.0  9-11     0.0 13-14     0.0
  1-12     0.0  3- 6   186.9  4-15     0.0  6-15     0.0  9-12     0.0 13-15     0.0
  1-13     0.0  3- 7    26.1  4-16     0.0  6-16     0.0  9-13     0.0 13-16     0.0
  1-14     0.0  3- 8   108.7  5- 6    66.2  7- 8    65.1  9-14     0.0 14-15     0.0
  1-15     0.0  3- 9     0.0  5- 7     5.6  7- 9     0.0  9-15     0.0 14-16     0.0
  1-16     0.0  3-10     0.0  5- 8    33.8  7-10     0.0  9-16     0.0 15-16     0.0
  2- 3    25.0  3-11     0.0  5- 9     0.0  7-11     0.0 10-11     0.0  0- 0     0.0
  2- 4    48.0  3-12     0.0  5-10     0.0  7-12     0.0 10-12     0.0  0- 0     0.0
  2- 5     5.2  3-13     0.0  5-11     0.0  7-13     0.0 10-13     0.0  0- 0     0.0
  2- 6   176.3  3-14     0.0  5-12     0.0  7-14     0.0 10-14     0.0  0- 0     0.0
  2- 7    12.8  3-15     0.0  5-13     0.0  7-15     0.0 10-15     0.0  0- 0     0.0
  2- 8    90.4  3-16     0.0  5-14     0.0  7-16     0.0 10-16     0.0  0- 0     0.0
-------------------------------------------------------------------------------------------------
매출액 단식:     34,701,800    연식:     40,892,000      복식:  1,119,499,500
       복연:    126,206,500    쌍식:    454,323,800      삼복:  1,050,293,400
       삼쌍:    527,219,800    합계:  3,353,136,800
-------------------------------------------------------------------------------------------------
배당률 단: ⑤2.5        연: ⑤1.2 ③2.1 ①1.6          복: ⑤③11.1      4F:50.2
                                                                         3F:37.7
                        쌍: ⑤③16.9      
     복연: ⑤③3.3 ⑤①2.1 ③①4.8
     삼복: ⑤③①10.0 
     삼쌍: ⑤③①49.0 
-------------------------------------------------------------------------------------------------
펄 롱:14.1 12.2 12.9   12.9   13.1   12.5   12.3   12.3   13.1   
통과M:  200  400  600    800    1000   1200   1400   1600   1800
통과T:14.1 26.3 39.2 0:52.1 1:05.2 1:17.7 1:30.0 1:42.3 1:55.4 
-------------------------------------------------------------------------------------------------
통과순위 S-1F : (^2,4,5),3-(1,8),7,6                    
           C1 : (^2,4,5),3-(1,8),7,6                    
           C2 : (^2,5),4-(3,8),(1,7)-6                  
           C3 : (2,5,^4),(3,1,8,7)=6                    
           C4 : (2,4,5),(3,1,7),8-6                     
         G-1F : 5,(3,2,4),1-7-(8,6)                     
-------------------------------------------------------------------------------------------------
구분 출전번호  대상명            처분종류     처분내용                     세부내용
-------------------------------------------------------------------------------------------------
특 
이 
사 
항
-------------------------------------------------------------------------------------------------


제목 : 22년08월13일(토)  제 9경주

(서울) 제59일 1400M 혼4등급    핸디캡      경주명 : 일반                        
경주조건:      R1~50  연령오픈                   날씨:맑음 주로:포화  (15%)
순위상금: 33,000천원  13,200천원   8,400천원   3,000천원   2,400천원
부가상금:      0천원       0천원       0천원
-------------------------------------------------------------------------------------------------
순위 마번    마    명         산지   성별 연령 부담중량  기수명   조교사   마주명           레이팅
-------------------------------------------------------------------------------------------------
  1    2  터프맨               한     거     4    56.5   장추열   정호익   김광명              47
  2    1  큐피드원더           한     암     4    51.0   김용근   이희영   서순배              36
  3   11  그레이스퀸           한     암     5    53.5   유승완   홍대유   정이철              45
  4    7  천비성               한     수     4    53.5   송재철   강환민   이긍열              41
  5    8  매직주니어           한     거     4    53.5   박태종   서인석   최상기              41
  6    4  스마트전사           한     거     4    54.5   김정준   송문길   김태성              43
  7    3  슈퍼엑톤             한     거     5    52.0   먼로     강환민   김병진              38
  8   12  쿨프린세스           한     암     4    55.0   박을운   임채덕   이용대              48
  9    9  타라타라타라         미     수     4    52.0   이동하   안병기   청수                36
 10    6  천지폭풍             한     거     6    52.0   이현종   서인석   홍상기              37
 11    5  나인아이             한     수     4    52.0   이혁     심승태   금악목장            36
 12   10  초토마               한(포) 거     5    52.0   문성혁   전승규   박남성              38
-------------------------------------------------------------------------------------------------
순위 마번    마      명       마 체 중  기 록  도 착 차  S1F-1C-2C-3C-4C-G1F
-------------------------------------------------------------------------------------------------
  1    2  터프맨               519( +0) 1:26.1            2-  -  - 2- 2- 1
  2    1  큐피드원더           452( +0) 1:26.5  2½       1-  -  - 1- 1- 2
  3   11  그레이스퀸           453( +4) 1:26.6  ½        5-  -  - 6- 6- 5
  4    7  천비성               484( +1) 1:26.7  목        6-  -  - 4- 3- 3
  5    8  매직주니어           438( +1) 1:26.8  ¾        3-  -  - 3- 4- 4
  6    4  스마트전사           485( +4) 1:26.9  ½        9-  -  - 7- 7- 6
  7    3  슈퍼엑톤             455( -5) 1:27.0  1         8-  -  - 9- 9- 7
  8   12  쿨프린세스           494(+12) 1:27.7  4         7-  -  - 8- 8- 8
  9    9  타라타라타라         496( -2) 1:28.4  4        11-  -  -10-10-11
 10    6  천지폭풍             464(+10) 1:28.5  ½       12-  -  -12-12-12
 11    5  나인아이             510( +8) 1:28.5  ½       10-  -  -11-11-10
 12   10  초토마               470( -4) 1:29.6  6         4-  -  - 5- 5- 9
-------------------------------------------------------------------------------------------------
순위 마번    G-3Ｆ   S-1F  １코너  ２코너  ３코너  ４코너    G-1F  단승식 연승식
-------------------------------------------------------------------------------------------------
  1    2   38.5    0:13.4                  0:35.7  0:53.7   13.8      4.0    1.8
  2    1   38.9    0:13.3                  0:35.6  0:53.7   14.0     24.0    6.1
  3   11   38.3    0:13.5                  0:36.1  0:54.5   13.1     16.9    4.0
  4    7   38.7    0:13.7                  0:36.0  0:54.1   13.7     13.2    3.8
  5    8   38.8    0:13.5                  0:35.9  0:54.1   13.5      9.0    3.1
  6    4   38.4    0:14.1                  0:36.5  0:54.8   13.3     27.8    6.9
  7    3   38.2    0:14.1                  0:36.8  0:55.1   13.1     13.0    3.1
  8   12   39.0    0:13.7                  0:36.6  0:54.9   13.8      2.9    1.4
  9    9   39.4    0:14.2                  0:36.9  0:55.2   13.6     45.9   12.8
 10    6   38.7    0:14.4                  0:37.9  0:55.9   13.7     53.1   10.5
 11    5   38.8    0:14.1                  0:37.3  0:55.9   13.7     12.2    2.7
 12   10   41.3    0:13.5                  0:36.1  0:54.5   15.1      7.7    2.2
-------------------------------------------------------------------------------------------------
(복승식 배당률)
  1- 2    31.7  2- 9   167.9  4- 5    70.2  5-15     0.0  8- 9   263.7 11-12    28.9
  1- 3   183.9  2-10    13.1  4- 6   467.3  5-16     0.0  8-10    33.1 11-13     0.0
  1- 4   183.3  2-11    34.2  4- 7   110.8  6- 7   263.7  8-11    64.9 11-14     0.0
  1- 5   125.4  2-12     5.9  4- 8    83.8  6- 8   238.5  8-12    12.9 11-15     0.0
  1- 6   525.9  2-13     0.0  4- 9   547.6  6- 9   585.6  8-13     0.0 11-16     0.0
  1- 7   166.4  2-14     0.0  4-10    79.0  6-10   213.6  8-14     0.0 12-13     0.0
  1- 8    91.4  2-15     0.0  4-11   135.2  6-11   362.9  8-15     0.0 12-14     0.0
  1- 9   557.3  2-16     0.0  4-12    37.1  6-12    99.4  8-16     0.0 12-15     0.0
  1-10    70.9  3- 4   103.8  4-13     0.0  6-13     0.0  9-10   217.9 12-16     0.0
  1-11    78.0  3- 5    85.6  4-14     0.0  6-14     0.0  9-11   337.4 13-14     0.0
  1-12    31.6  3- 6   325.2  4-15     0.0  6-15     0.0  9-12   132.2 13-15     0.0
  1-13     0.0  3- 7   112.8  4-16     0.0  6-16     0.0  9-13     0.0 13-16     0.0
  1-14     0.0  3- 8    50.8  5- 6   250.3  7- 8    51.7  9-14     0.0 14-15     0.0
  1-15     0.0  3- 9   424.6  5- 7    92.6  7- 9   368.6  9-15     0.0 14-16     0.0
  1-16     0.0  3-10    58.5  5- 8    35.2  7-10    43.6  9-16     0.0 15-16     0.0
  2- 3    27.5  3-11    95.6  5- 9   321.0  7-11   107.5 10-11    58.5  0- 0     0.0
  2- 4    41.8  3-12    28.4  5-10    38.5  7-12    25.3 10-12    13.0  0- 0     0.0
  2- 5    18.8  3-13     0.0  5-11    97.4  7-13     0.0 10-13     0.0  0- 0     0.0
  2- 6   151.5  3-14     0.0  5-12    17.4  7-14     0.0 10-14     0.0  0- 0     0.0
  2- 7    28.0  3-15     0.0  5-13     0.0  7-15     0.0 10-15     0.0  0- 0     0.0
  2- 8    14.8  3-16     0.0  5-14     0.0  7-16     0.0 10-16     0.0  0- 0     0.0
-------------------------------------------------------------------------------------------------
매출액 단식:     36,384,000    연식:     52,234,400      복식:  1,394,713,100
       복연:    153,522,200    쌍식:    351,475,600      삼복:  1,145,030,800
       삼쌍:    412,121,500    합계:  3,545,481,600
-------------------------------------------------------------------------------------------------
배당률 단: ②4.0        연: ②1.8 ①6.1 ⑪4.0          복: ②①31.7      4F:50.5
                                                                         3F:38.5
                        쌍: ②①51.6      
     복연: ②①12.1 ②⑪11.2 ①⑪41.5
     삼복: ②①⑪165.5 
     삼쌍: ②①⑪731.3 
-------------------------------------------------------------------------------------------------
펄 롱:13.3 10.9 11.4   12.0   12.2   12.5   13.8   
통과M:  200  400  600    800    1000   1200   1400
통과T:13.3 24.2 35.6 0:47.6 0:59.8 1:12.3 1:26.1 
-------------------------------------------------------------------------------------------------
통과순위 S-1F : (^1,2),(8,10,11),(7,12)-(3,4,5,9),6     
           C1 :                                         
           C2 :                                         
           C3 : (^1,2),(7,8),(10,11)-(4,12),(3,9)-5-6   
           C4 : (1,2)-(7,8)-(10,11),(4,12),(3,9)-(5,6)  
         G-1F : 2,1-7,8,(4,11),(3,12)-10,(5,9,6)        
-------------------------------------------------------------------------------------------------
구분 출전번호  대상명            처분종류     처분내용                     세부내용
-------------------------------------------------------------------------------------------------
특 
이 
사 
항
-------------------------------------------------------------------------------------------------


제목 : 22년08월13일(토)  제10경주

(서울) 제59일 1400M 혼4등급    핸디캡      경주명 : 일반                        
경주조건:      R1~50  연령오픈                   날씨:맑음 주로:포화  (15%)
순위상금: 33,000천원  13,200천원   8,400천원   3,000천원   2,400천원
부가상금:      0천원       0천원       0천원
-------------------------------------------------------------------------------------------------
순위 마번    마    명         산지   성별 연령 부담중량  기수명   조교사   마주명           레이팅
-------------------------------------------------------------------------------------------------
  1   11  컴플리트타임         한     암     3    52.0   임기원   박재우   장세준              41
  2   12  초인강자             한     수     5    56.0   안토니오 안병기   박남성              46
  3    6  마이티굿             한(포) 수     3    52.5   함완식   서홍수   조병태              39
  4    9  당찬세력             미     거     4    51.0   김용근   강성오   김기종              36
  5    2  글라디아토레에이     미     수     6    52.0   이동하   송문길   김형실              38
  6   10  티즈에너지           미     거     4    52.0   유승완   서인석   최상기              37
  7    8  엠제이포인트         미     암     4    52.0   김정준   김동균   박민지              41
  8    3  국제공항             미     암     3    52.0   다비드   강환민   배은정              38
  9    4  엉클벨               미     거     5    53.5   박을운   이신영   오종택              41
 10    5  위너이즈웰           한(포) 수     6    54.0   문성혁   전승규   요시다 가츠미       42
 11    7  청춘비바             미     거     4    56.5   먼로     토니     한명로              47
       1  문학스트롱           미     수     3    55.0   이혁     박종곤   권경자              44
-------------------------------------------------------------------------------------------------
순위 마번    마      명       마 체 중  기 록  도 착 차  S1F-1C-2C-3C-4C-G1F
-------------------------------------------------------------------------------------------------
  1   11  컴플리트타임         483( +3) 1:26.0            1-  -  - 2- 1- 1
  2   12  초인강자             485( -1) 1:26.5  3         6-  -  - 7- 5- 2
  3    6  마이티굿             475( +7) 1:27.0  2½       8-  -  - 8- 8- 3
  4    9  당찬세력             468(+26) 1:28.0  6         9-  -  -10-11- 9
  5    2  글라디아토레에이     473( +2) 1:28.0  ½       10-  -  - 9- 9- 8
  6   10  티즈에너지           497( -2) 1:28.1  ½       11-  -  -11-10- 5
  7    8  엠제이포인트         468(+12) 1:28.2  ¾        2-  -  - 4- 2- 4
  8    3  국제공항             480( -2) 1:29.6  8         7-  -  - 5- 6- 7
  9    4  엉클벨               500(+17) 1:30.2  3         3-  -  - 1- 3-10
 10    5  위너이즈웰           529( +4) 1:30.3  ¾        4-  -  - 3- 4- 6
 11    7  청춘비바             467( +9) 1:32.8  14        5-  -  - 6- 7-11
       1  문학스트롱           438( +7) 0:00.0  경주제외   -  -  -  -  -  
-------------------------------------------------------------------------------------------------
순위 마번    G-3Ｆ   S-1F  １코너  ２코너  ３코너  ４코너    G-1F  단승식 연승식
-------------------------------------------------------------------------------------------------
  1   11   38.6    0:13.2                  0:35.2  0:53.8   13.2      3.4    1.7
  2   12   37.9    0:13.5                  0:36.4  0:54.9   12.9      7.6    2.7
  3    6   38.3    0:13.8                  0:36.6  0:55.3   12.9      5.7    1.6
  4    9   39.0    0:14.1                  0:37.0  0:55.6   13.1     45.8    9.8
  5    2   39.1    0:14.4                  0:37.0  0:55.4   13.2     32.0    6.5
  6   10   38.8    0:14.8                  0:37.3  0:55.6   13.4     15.5    3.3
  7    8   40.2    0:13.3                  0:35.6  0:54.5   14.1     11.6    2.8
  8    3   41.1    0:13.8                  0:35.9  0:55.0   14.8     31.9   10.4
  9    4   42.0    0:13.5                  0:35.2  0:54.7   15.2     45.2    7.9
 10    5   42.1    0:13.5                  0:35.6  0:54.7   15.5      4.4    1.8
 11    7   44.2    0:13.5                  0:35.9  0:55.1   17.2      6.1    2.1
       1                                                                        
-------------------------------------------------------------------------------------------------
(복승식 배당률)
  1- 2     0.0  2- 9   388.1  4- 5    80.7  5-15     0.0  8- 9   267.6 11-12    14.6
  1- 3     0.0  2-10   206.2  4- 6   113.8  5-16     0.0  8-10    63.2 11-13     0.0
  1- 4     0.0  2-11    61.9  4- 7   168.8  6- 7    12.3  8-11    19.8 11-14     0.0
  1- 5     0.0  2-12   150.0  4- 8   178.4  6- 8    24.8  8-12    49.1 11-15     0.0
  1- 6     0.0  2-13     0.0  4- 9   433.1  6- 9   156.4  8-13     0.0 11-16     0.0
  1- 7     0.0  2-14     0.0  4-10   257.4  6-10    24.3  8-14     0.0 12-13     0.0
  1- 8     0.0  2-15     0.0  4-11    81.0  6-11     7.2  8-15     0.0 12-14     0.0
  1- 9     0.0  2-16     0.0  4-12   169.4  6-12    17.5  8-16     0.0 12-15     0.0
  1-10     0.0  3- 4   415.6  4-13     0.0  6-13     0.0  9-10   270.1 12-16     0.0
  1-11     0.0  3- 5   173.6  4-14     0.0  6-14     0.0  9-11   123.6 13-14     0.0
  1-12     0.0  3- 6   120.6  4-15     0.0  6-15     0.0  9-12   223.6 13-15     0.0
  1-13     0.0  3- 7   153.2  4-16     0.0  6-16     0.0  9-13     0.0 13-16     0.0
  1-14     0.0  3- 8   211.9  5- 6     9.4  7- 8    30.4  9-14     0.0 14-15     0.0
  1-15     0.0  3- 9   605.7  5- 7    15.3  7- 9   199.1  9-15     0.0 14-16     0.0
  1-16     0.0  3-10   253.0  5- 8    28.1  7-10    48.6  9-16     0.0 15-16     0.0
  2- 3   311.2  3-11    92.8  5- 9   229.3  7-11    10.2 10-11    21.4  0- 0     0.0
  2- 4   409.8  3-12   166.9  5-10    35.3  7-12    28.1 10-12    37.2  0- 0     0.0
  2- 5   110.5  3-13     0.0  5-11     9.4  7-13     0.0 10-13     0.0  0- 0     0.0
  2- 6    84.2  3-14     0.0  5-12    24.3  7-14     0.0 10-14     0.0  0- 0     0.0
  2- 7   141.1  3-15     0.0  5-13     0.0  7-15     0.0 10-15     0.0  0- 0     0.0
  2- 8   181.2  3-16     0.0  5-14     0.0  7-16     0.0 10-16     0.0  0- 0     0.0
-------------------------------------------------------------------------------------------------
매출액 단식:     38,309,800    연식:     48,416,400      복식:  1,242,267,300
       복연:    129,191,800    쌍식:    342,444,700      삼복:    983,735,700
       삼쌍:    351,072,100    합계:  3,135,437,800
-------------------------------------------------------------------------------------------------
배당률 단: ⑪3.4        연: ⑪1.7 ⑫2.7 ⑥1.6          복: ⑪⑫14.6      4F:50.8
                                                                         3F:38.6
                        쌍: ⑪⑫24.0      
     복연: ⑪⑫7.0 ⑪⑥3.2 ⑫⑥6.3
     삼복: ⑪⑫⑥17.4 
     삼쌍: ⑪⑫⑥95.4 
-------------------------------------------------------------------------------------------------
펄 롱:13.2 10.8 11.2   12.2   12.8   12.6   13.2   
통과M:  200  400  600    800    1000   1200   1400
통과T:13.2 24.0 35.2 0:47.4 1:00.2 1:12.8 1:26.0 
-------------------------------------------------------------------------------------------------
통과순위 S-1F : (8,^11),(4,5,7,12),(3,6),9,2-10         
           C1 :                                         
           C2 :                                         
           C3 : (4,11)-(5,8),(3,7)-12,6-(2,9),10        
           C4 : 11-8,(4,5),(3,12),7,(6,2),(10,9)        
         G-1F : 11=12-(6,8)-(5,3,10,2),(4,9)-7          
-------------------------------------------------------------------------------------------------
구분 출전번호  대상명            처분종류     처분내용                     세부내용
-------------------------------------------------------------------------------------------------
기수   11      임기원            기승정지     2일(2022.08.20~2022.08.21)   3코너 지점 안으로 진로변경 4번 주행방해           
말      1      문학스트롱        출전제외                                  마체이상                                          
말      7      청춘비바          주행심사                                  경주능력부진(1위마와 39.0마신 차)                 
-------------------------------------------------------------------------------------------------
