

제목 : 22.12.23(금) 조교현황

  ※기승자범례(조:조교사, 관:주로조교, 기:기수, 후:기수후보생)
  ※비고(금:금주출전예정마, 차:차주출전예정마, 특:특대상경주출전예정마)
  ※금주, 차주 또는 특별 대상경주 출전예상마는 출전신청 결과 및
  조교사의 의사에 따라 변동될 수 있는 미확정된 자료이오니 참고하시기 바랍니다.
━━━━━━━━━━━━━━━━━━━━━━━━━━━━━━━━━━━━━━━
  순 소속조 - 조번 마명              기승자 입장시각  퇴장시각  조교시간 비고
━━━━━━━━━━━━━━━━━━━━━━━━━━━━━━━━━━━━━━━
  1  1조(백광열)16 닥터카슨            관   07:35     07:54       0:19   차
  2  1조(백광열) 9 닥터콩돌이          관   06:21     06:34       0:13   금
  3  1조(백광열) 6 닥터쿠쿠            관   08:19     08:33       0:14   차
  4  1조(백광열) 4 닥터테이크          관   06:22     06:37       0:15   금
  5  1조(백광열)21 닥터티파니          관   06:56     07:09       0:13   차
  6  1조(백광열)23 닥터페이스          관   08:16     08:33       0:17   차
  7  1조(백광열) 1 두바이평정          관   06:51     07:05       0:14   차
  8  1조(백광열)20 버디버디            관   07:45     07:59       0:14   차
  9  1조(백광열)38 벌마의스타          관   08:17     08:39       0:22   차
 10  1조(백광열)28 베텔게우스          관   06:18     06:39       0:21   차
 11  1조(백광열)14 사바하              관   08:44     08:58       0:14   차
 12  1조(백광열)33 아델골드            관   06:56     07:08       0:12   차
 13  1조(백광열)13 아델보스            관   08:48     09:03       0:15   차
 14  1조(백광열) 3 아델스텔라          관   07:36     07:47       0:11   차
 15  1조(백광열)36 아델앨리스          관   08:13     08:27       0:14   차
 16  1조(백광열)25 아델축배            관   07:42     07:56       0:14   차
 17  1조(백광열)32 알파송당            관   07:33     07:46       0:13   금
 18  1조(백광열) 2 월드터치            관   06:19     06:31       0:12   차
 19  1조(백광열)44 피스톨스타          관   07:00     07:22       0:22   차
 20  2조(강형곤)36 그린치타            관   06:15     06:25       0:10   금
 21  2조(강형곤)38 동부스타            관   07:49     08:03       0:14   차
 22  2조(강형곤)32 백구                관   08:06     08:20       0:14   차
 23  2조(강형곤)10 범한골드            관   08:34     08:52       0:18   차
 24  2조(강형곤)43 불의산              관   08:33     08:48       0:15   차
 25  2조(강형곤)24 비케이갤럽          기   07:27     07:40       0:13   금
 26  2조(강형곤)44 비케이누마          관   07:02     07:11       0:09   차
 27  2조(강형곤)30 비케이뉴문          관   06:38     06:53       0:15   차
 28  2조(강형곤) 1 비케이론            관   06:41     06:57       0:16   차
 29  2조(강형곤)33 비케이헌터          관   07:34     07:45       0:11   차
 30  2조(강형곤)23 서경대로            관   08:06     08:17       0:11   차
 31  2조(강형곤) 3 서귀플래시          관   07:53     08:03       0:10   금
 32  2조(강형곤)31 소리태풍            기   07:08     07:17       0:09   차
 33  2조(강형곤)15 슈퍼카넬            관   06:15     06:31       0:16   차
 34  2조(강형곤)41 스토미데이          관   08:31     08:47       0:16   차
 35  2조(강형곤) 4 스톰어게인          기   07:32     07:42       0:10   차
 36  2조(강형곤)16 스페셜팩트          관   06:41     06:59       0:18   차
 37  2조(강형곤) 7 쌕쌕이              관   07:28     07:40       0:12   차
 38  2조(강형곤)29 정문레전드          관   07:10     07:28       0:18   차
 39  2조(강형곤)11 최강무지개          관   07:38     07:54       0:16   차
 40  2조(강형곤) 6 최강쏜살            관   07:56     08:11       0:15   차
 41  2조(강형곤) 2 최강총알            관   07:38     07:54       0:16   차
 42  2조(강형곤)39 캄스트롱            관   06:15     06:28       0:13   금
 43  2조(강형곤)18 투투브레인          관   06:38     06:53       0:15   차
 44  2조(강형곤)45 투투코인            관   07:10     07:25       0:15   차
 45  2조(강형곤) 5 투투플라잉          관   06:15     06:31       0:16   차
 46  2조(강형곤)35 함안청룡            관   08:34     08:52       0:18   차
 47  2조(강형곤)37 행복한함안          관   06:15     06:41       0:26   차
 48  2조(강형곤)21 히어로맨            관   06:14     06:29       0:15   차
 49  3조(문현철) 4 게미진              관   06:15     06:33       0:18   차
 50  3조(문현철) 9 마스터요다          관   07:15     07:38       0:23   차
 51  3조(문현철)10 브라이트            기   07:09     07:21       0:12   금
 52  3조(문현철)18 삼바스텝            관   06:08     06:24       0:16   차
 53  3조(문현철)19 스마일킹            관   07:02     07:12       0:10   금
 54  3조(문현철) 2 퀸오브더월드        관   07:53     08:09       0:16   차
 55  3조(문현철)15 테이아              관   08:31     08:56       0:25   차
 56  3조(문현철) 3 포인트포지션        관   08:31     08:56       0:25   차
 57  3조(문현철)20 하마                관   07:12     07:27       0:15   차
 58  4조(임금만)22 다이아몬드마린      관   06:49     07:01       0:12   차
 59  4조(임금만)35 모스트래피드        관   07:19     07:32       0:13   차
 60  4조(임금만) 8 백투더레전드        기   07:39     07:54       0:15   금
 61  4조(임금만)10 시에라선셋          관   07:19     07:32       0:13   차
 62  4조(임금만) 6 영광의라이더        관   06:07     06:12       0:05   차
 63  4조(임금만)32 영광의스타트        관   06:45     06:56       0:11   차
 64  4조(임금만)29 영광의함성          관   06:53     07:09       0:16   차
 65  4조(임금만) 7 윈스팅              관   07:19     07:32       0:13   차
 66  4조(임금만) 2 천년의약속          관   08:07     08:23       0:16   차
 67  4조(임금만)28 체인지백            관   07:43     07:59       0:16   차
 68  4조(임금만) 5 톱에이스            관   06:18     06:25       0:07   차
 69  4조(임금만)26 황우머니            관   06:18     06:30       0:12   금
 70  6조(구영준)13 날라                관   07:31     07:50       0:19   금
 71  6조(구영준) 5 남해미소            관   06:51     07:06       0:15   차
 72  6조(구영준)22 뉴크라운            관   07:26     07:35       0:09   차
 73  6조(구영준)20 대호마              관   06:35     06:44       0:09   차
 74  6조(구영준) 9 제타드림            관   06:51     07:06       0:15   차
 75  6조(구영준) 8 퍼스트메니          조   07:31     07:53       0:22   금
 76  7조(김병학)24 골든플러스          관   06:22     06:38       0:16   차
 77  7조(김병학) 3 라이트스토리        관   08:13     08:29       0:16   차
 78  7조(김병학)13 마스터로드          관   07:01     07:17       0:16   차
 79  7조(김병학)14 마이플레저          관   08:48     09:04       0:16   차
 80  7조(김병학)15 매직위스퍼          기   06:28     06:42       0:14   차
 81  7조(김병학) 8 맨오브더이어        관   06:22     06:35       0:13   차
 82  7조(김병학) 9 머니케이스          관   06:23     06:39       0:16   차
 83  7조(김병학) 4 명성차지            관   08:52     09:11       0:19   차
 84  7조(김병학)22 모닝위스퍼          관   07:00     07:12       0:12   차
 85  7조(김병학)29 미라클드리밍        기   06:48     06:59       0:11   금
 86  7조(김병학)38 바비스패로우        관   08:09     08:28       0:19   차
 87  7조(김병학)11 뷰티힐              관   06:59     07:10       0:11   차
 88  7조(김병학)21 아너로드            관   08:12     08:31       0:19   차
 89  7조(김병학)34 아이윌더스타        관   07:36     07:51       0:15   차
 90  7조(김병학) 2 와이즈킹            기   06:13     06:23       0:10   차
 91  7조(김병학)26 인디언파티          관   07:23     07:33       0:10   금
 92  7조(김병학)31 쿨가이              관   07:29     07:48       0:19   차
 93  7조(김병학) 6 킹오브더이어        기   07:05     07:19       0:14   금
 94  7조(김병학)33 해브어굿데이        관   07:36     07:49       0:13   차
 95  7조(김병학)30 헤이모닝            관   06:23     06:38       0:15   차
 96  8조(토마스)41 그레이트원          관   07:20     07:31       0:11   차
 97  8조(토마스)25 꽃무리              관   06:46     06:58       0:12   금
 98  8조(토마스)33 도미네이션          관   08:34     08:48       0:14   차
 99  8조(토마스) 8 딕시밴드            관   07:10     07:22       0:12   차
100  8조(토마스)15 라인브레이커        관   07:03     07:14       0:11   차
101  8조(토마스)10 렛잇고              관   08:11     08:21       0:10   차
102  8조(토마스) 3 로키스카이          관   07:57     08:02       0:05   차
103  8조(토마스) 4 바벨드리머          관   06:47     06:57       0:10   차
104  8조(토마스)23 베스트듀오          관   07:09     07:23       0:14   차
105  8조(토마스)12 빙고맨              관   06:30     06:40       0:10   차
106  8조(토마스)39 서부캣              관   07:37     07:45       0:08   차
107  8조(토마스)22 성원스타            관   06:16     06:29       0:13   금
108  8조(토마스)27 스카이모어          관   06:15     06:26       0:11   차
109  8조(토마스)26 에이스굿잡          관   07:40     07:56       0:16   차
110  8조(토마스) 6 원더풀임팩트        관   08:04     08:21       0:17   차
111  8조(토마스) 9 웨이팅포유          관   06:43     06:57       0:14   차
112  8조(토마스)37 으뜸이              관   07:10     07:23       0:13   차
113  8조(토마스)30 카르페바벨          관   06:15     06:32       0:17   금
114  8조(토마스)28 톱파이어            관   06:15     06:26       0:11   차
115  8조(토마스)24 파워플레인          관   07:38     07:50       0:12   차
116  8조(토마스)38 페가콘              기   06:43     06:53       0:10   차
117  8조(토마스)32 플레이더인디        관   06:16     06:28       0:12   차
118  8조(토마스)21 한라누리            관   07:37     07:48       0:11   차
119  8조(토마스)13 허니드래건          관   06:43     06:55       0:12   차
120  9조(양귀선)19 글로리송            관   07:09     07:24       0:15   차
121  9조(양귀선)38 나인포스원          관   06:20     06:34       0:14   차
122  9조(양귀선)25 담양의신            관   07:20     07:32       0:12   차
123  9조(양귀선)37 당대블루            관   06:25     06:39       0:14   차
124  9조(양귀선) 2 랩베르사            관   06:22     06:42       0:20   차
125  9조(양귀선)40 로키블리스          기   06:49     06:57       0:08   금
126  9조(양귀선)16 바벨선샤인          관   06:49     06:58       0:09   금
127  9조(양귀선)36 바벨히트            관   07:17     07:33       0:16   차
128  9조(양귀선) 8 뷰티풀킹            기   06:19     06:35       0:16   차
129  9조(양귀선) 7 선더킹              기   07:04     07:17       0:13   차
130  9조(양귀선)18 에브리킹이지        관   06:35     06:43       0:08   금
131  9조(양귀선)23 온누리축제          관   06:56     07:05       0:09   금
132  9조(양귀선)33 원더풀킹            관   06:51     07:00       0:09   차
133  9조(양귀선)17 퓨어매직            기   06:42     06:54       0:12   금
134  9조(양귀선) 4 하늘강자            관   07:17     07:31       0:14   차
135  9조(양귀선)13 하늘전사            관   07:35     07:58       0:23   차
136  9조(양귀선)31 하늘질주            관   07:45     07:59       0:14   차
137  9조(양귀선)12 핼러윈파티          관   06:20     06:30       0:10   금
138 10조(구민성)32 그레이트댄스        관   06:22     06:42       0:20   차
139 10조(구민성)33 그레이트보스        관   06:32     07:03       0:31   차
140 10조(구민성)26 대지물결            관   06:23     06:48       0:25   차
141 10조(구민성)11 마이티스톰          기   07:32     07:41       0:09   금
142 10조(구민성)19 서던조이            관   06:51     07:12       0:21   차
143 10조(구민성) 8 스카이팔콘          관   07:30     07:43       0:13   차
144 10조(구민성)10 씽가                관   07:30     07:43       0:13   차
145 10조(구민성)14 애니라인            관   07:46     07:55       0:09   차
146 10조(구민성)23 월드레전드          관   08:40     08:56       0:16   차
147 10조(구민성) 1 크레이지콘티        관   07:00     07:14       0:14   금
148 11조(김영민)15 기적의금빛          관   06:16     06:26       0:10   금
149 11조(김영민) 8 기적의적토마        관   06:15     06:32       0:17   차
150 11조(김영민) 6 나이스투데이        관   06:33     06:48       0:15   차
151 11조(김영민)12 맨오브더스타        관   06:52     07:12       0:20   차
152 11조(김영민)19 메니글로리          관   06:51     07:10       0:19   차
153 11조(김영민)23 벌교의꿈            관   06:16     06:26       0:10   금
154 11조(김영민) 5 블루챔프            관   07:34     07:46       0:12   차
155 11조(김영민) 4 석세스프런트        관   07:37     07:59       0:22   차
156 11조(김영민)16 석세스플라잉        관   07:37     07:59       0:22   차
157 11조(김영민)24 순천여왕            관   07:37     08:22       0:45   차
158 11조(김영민)10 스카이마운틴        관   06:51     07:00       0:09   차
159 11조(김영민) 3 언매치드            관   06:51     07:00       0:09   차
160 11조(김영민)13 에이스킬러          관   06:15     06:34       0:19   차
161 12조(조용배)21 유핑                관   09:23     09:40       0:17   차
162 12조(조용배)13 천마하서            관   06:23     06:39       0:16   금
163 12조(조용배) 8 캡틴찰리            관   09:41     09:53       0:12   차
164 12조(조용배)29 태풍의축제          관   09:23     09:40       0:17   차
165 12조(조용배)25 핀홀아이            관   06:46     07:04       0:18   금
166 13조(박재호)27 글로벌위크          관   06:14     06:34       0:20   차
167 13조(박재호) 1 다이아스피릿        관   06:14     06:29       0:15   차
168 13조(박재호)25 드림런              관   06:53     07:08       0:15   차
169 13조(박재호) 7 미녀검객            관   07:36     07:53       0:17   차
170 13조(박재호)10 보라챔프            관   07:30     07:47       0:17   차
171 13조(박재호)12 애니싱스            관   06:14     06:32       0:18   차
172 13조(박재호) 3 원더풀트릭스        관   06:53     07:12       0:19   차
173 13조(박재호) 4 총알참              관   06:53     07:09       0:16   차
174 13조(박재호)13 하늘불패            관   07:34     07:53       0:19   차
175 14조(윤영훈) 7 동남위너            관   08:20     08:50       0:30   차
176 14조(윤영훈)19 무한열정            관   06:21     06:43       0:22   차
177 14조(윤영훈)24 승리의불길          관   07:57     08:10       0:13   차
178 14조(윤영훈)20 오르다              관   07:57     08:11       0:14   차
179 14조(윤영훈)17 우승여걸            관   08:15     08:32       0:17   차
180 14조(윤영훈)23 원더풀찬스          관   07:12     07:40       0:28   금
181 14조(윤영훈)27 히어더퀸            관   06:34     06:56       0:22   금
182 15조(안우성) 4 구디                관   08:33     08:50       0:17   차
183 15조(안우성)23 구름속산책          관   06:56     07:12       0:16   차
184 15조(안우성)18 낙동전사            관   07:59     08:16       0:17   차
185 15조(안우성)17 라온더어게인        관   09:01     09:19       0:18   차
186 15조(안우성)12 라온스트롱          관   06:22     06:43       0:21   차
187 15조(안우성) 8 라온탑포인트        관   06:21     06:39       0:18   차
188 15조(안우성) 9 러닝패션            관   06:21     06:39       0:18   차
189 15조(안우성)14 스마일리래리        관   06:52     07:09       0:17   차
190 15조(안우성)26 스카이모닝          관   07:24     07:42       0:18   차
191 15조(안우성)30 스카이제주향        관   09:09     09:22       0:13   차
192 15조(안우성)34 스타퓨리            관   08:30     08:42       0:12   차
193 15조(안우성)24 아너칼              관   09:01     09:17       0:16   차
194 15조(안우성)25 원더풀보브캣        관   07:34     07:45       0:11   차
195 15조(안우성)29 원더풀페이거        관   07:54     08:19       0:25   차
196 15조(안우성) 3 주말포커스          관   06:54     07:17       0:23   차
197 15조(안우성) 5 켄드릭              관   06:41     06:53       0:12   금
198 15조(안우성)35 트라이엄프캣        관   07:26     07:40       0:14   차
199 15조(안우성) 7 트라이엄프킹        관   07:57     08:09       0:12   차
200 15조(안우성)16 패스트퓨리          관   08:06     08:25       0:19   차
201 15조(안우성)15 플라잉리걸          관   07:24     07:40       0:16   차
202 15조(안우성)28 플라잉아론          관   08:32     08:45       0:13   차
203 15조(안우성)21 해남짱돌            관   09:38     09:49       0:11   차
204 17조(장세한) 2 골든스텔라          관   08:09     08:20       0:11   차
205 17조(장세한)24 그레이트고          기   08:03     08:17       0:14   금
206 17조(장세한)11 금손클래스          관   09:22     09:34       0:12   차
207 17조(장세한)23 다이아포스          관   07:34     07:48       0:14   금
208 17조(장세한)17 런앤드건            기   07:12     07:29       0:17   차
209 17조(장세한)13 스피드로드          관   08:52     09:05       0:13   차
210 17조(장세한) 9 장성대로            관   08:01     08:15       0:14   차
211 17조(장세한) 4 청호보스            기   07:37     07:53       0:16   차
212 17조(장세한)16 티케이앤드미        관   08:52     09:11       0:19   차
213 17조(장세한)26 푸른열정            관   06:50     07:06       0:16   금
214 17조(장세한)19 함안불꽃            관   08:53     09:11       0:18   차
215 17조(장세한)25 해브어굿타임        관   08:07     08:24       0:17   차
216 18조(이정표)30 나래                관   06:13     06:28       0:15   차
217 18조(이정표)18 신출영웅            관   06:42     06:50       0:08   차
218 18조(이정표)14 연승글로리          관   06:31     06:45       0:14   차
219 18조(이정표) 4 타이탄케이          관   06:13     06:25       0:12   차
220 19조(김영관) 7 강서자이언트        기   07:03     07:18       0:15   금
221 19조(김영관)10 골드천사            관   08:22     08:34       0:12   차
222 19조(김영관) 5 금아마이아          관   07:37     07:48       0:11   차
223 19조(김영관)14 금아사이킥          기   08:12     08:24       0:12   차
224 19조(김영관) 4 금아스타리          관   09:09     09:15       0:06   차
225 19조(김영관) 6 레몬도끼            관   08:22     08:34       0:12   차
226 19조(김영관)28 바람바람            관   07:03     07:18       0:15   차
227 19조(김영관)38 브라보함양          기   07:54     08:04       0:10   차
228 19조(김영관)23 블랙맘바            관   08:45     08:59       0:14   차
229 19조(김영관)11 스타아이            관   09:09     09:17       0:08   차
230 19조(김영관)31 스타에이스          기   08:12     08:24       0:12   금
231 19조(김영관)19 아름다운인연        관   07:13     07:24       0:11   차
232 19조(김영관)16 에이치데이          관   06:18     06:31       0:13   차
233 19조(김영관)24 용산큰별            기   06:18     06:30       0:12   차
234 19조(김영관)18 원더풀파일          관   08:46     08:56       0:10   차
235 19조(김영관)36 월드포에이          관   06:41     06:55       0:14   차
236 19조(김영관)29 장산레몬            관   07:28     07:42       0:14   차
237 19조(김영관)17 킹보스              관   06:53     07:03       0:10   차
238 19조(김영관)25 터치스타맨          관   07:55     08:12       0:17   금
239 20조(최기홍) 4 그레이트블루        관   08:35     08:44       0:09   차
240 20조(최기홍) 6 황우대장군          관   08:11     08:26       0:15   차
241 20조(최기홍)18 황우쏜살            관   08:11     08:26       0:15   차
242 21조(민장기) 5 골든크라운          관   08:43     09:03       0:20   차
243 21조(민장기)17 그레이챔프          관   06:55     07:02       0:07   차
244 21조(민장기)21 석세스영광          관   06:32     06:42       0:10   차
245 21조(민장기) 2 운주마하            관   06:35     06:50       0:15   금
246 21조(민장기)26 원더풀월드          관   06:18     06:26       0:08   차
247 21조(민장기)23 원더풀차머          관   08:08     08:21       0:13   차
248 21조(민장기)19 원마인드            관   08:43     09:04       0:21   차
249 21조(민장기)11 월드베스트캣        관   06:51     07:06       0:15   차
250 21조(민장기)25 절대보스            관   06:51     07:05       0:14   차
251 21조(민장기) 3 카우라인            관   07:23     07:32       0:09   차
252 21조(민장기) 7 타핏원더풀          관   06:18     06:32       0:14   차
253 21조(민장기)38 탑스타              관   08:13     08:32       0:19   차
254 21조(민장기) 4 터보여걸            관   07:29     07:42       0:13   금
255 21조(민장기) 6 톱아델              관   06:18     06:31       0:13   차
256 22조(강은석)12 글로리킹            관   08:13     08:28       0:15   차
257 22조(강은석) 2 달이뜨니            관   06:37     06:47       0:10   차
258 22조(강은석)18 로드투매직          관   08:42     09:00       0:18   차
259 22조(강은석)21 맨오브더맨          관   08:13     08:31       0:18   차
260 22조(강은석)11 메인브리지          관   06:56     07:12       0:16   차
261 22조(강은석)25 블루캐비아          관   07:47     08:03       0:16   차
262 22조(강은석)13 상임여왕            관   06:16     06:28       0:12   차
263 22조(강은석)28 시티위크            관   06:56     07:12       0:16   차
264 22조(강은석)17 아너퀸              관   06:16     06:29       0:13   차
265 22조(강은석)22 운주본능            관   07:47     08:03       0:16   차
266 22조(강은석)26 운주아칸샤          관   07:21     07:36       0:15   차
267 22조(강은석)23 운주투하츠          관   07:21     07:36       0:15   차
268 22조(강은석)27 인피니티파워        관   08:13     08:38       0:25   차
269 22조(강은석)24 자이언트킹덤        관   07:47     08:03       0:16   차
270 22조(강은석) 3 조이준마            관   06:38     06:47       0:09   금
271 22조(강은석)20 킹새터데이          관   06:16     06:28       0:12   차
272 23조(손병직)21 글로벌레전드        조   07:48     08:03       0:15   차
273 23조(손병직)16 돌아온제타          관   08:17     08:42       0:25   차
274 23조(손병직) 3 블루캡틴            관   09:09     09:28       0:19   차
275 23조(손병직) 9 세이하트            조   08:16     08:41       0:25   차
276 23조(손병직)14 수소파워            조   09:11     09:28       0:17   차
277 23조(손병직)11 원더풀큐티          조   06:58     07:11       0:13   차
278 23조(손병직)18 채스팔팔            조   06:24     06:49       0:25   금
279 23조(손병직) 1 함안봉화산          관   07:19     07:33       0:14   금
280 23조(손병직)10 함안여항산          관   07:48     08:03       0:15   차
281 24조(김길중)27 골든레이서          관   06:54     07:06       0:12   차
282 24조(김길중)33 딕시갈              관   07:29     07:37       0:08   차
283 24조(김길중)14 로열골드            관   06:51     07:04       0:13   차
284 24조(김길중)17 록스                관   06:59     07:15       0:16   차
285 24조(김길중) 9 블루파워            관   06:51     07:08       0:17   금
286 24조(김길중) 2 알파킹이지          관   06:30     06:40       0:10   금
287 24조(김길중)13 원더풀러닝          관   06:35     06:49       0:14   차
288 24조(김길중)25 원더풀스마티        관   06:14     06:18       0:04   차
289 24조(김길중)29 잣나무길            관   06:13     06:25       0:12   금
290 24조(김길중)18 킹애니데이          관   07:39     07:50       0:11   차
291 24조(김길중)26 타이거런            관   07:39     07:50       0:11   차
292 24조(김길중)16 포크록              관   06:14     06:25       0:11   차
293 24조(김길중) 3 희망의아침          관   06:14     06:25       0:11   금
294 26조(방동석)11 고포잇              관   06:29     06:41       0:12   차
295 26조(방동석)15 머니허거            관   07:31     07:46       0:15   차
296 26조(방동석)13 세븐퀸              관   07:26     07:38       0:12   차
297 26조(방동석)10 송당도리            관   07:09     07:17       0:08   차
298 26조(방동석) 3 패뷸러스비터        관   07:09     07:17       0:08   차
299 26조(방동석) 6 히트예감            관   06:43     06:53       0:10   금
300 27조(이상영) 9 금아패셔너트        관   06:20     06:40       0:20   차
301 27조(이상영) 3 밀리언뱅크          관   08:15     08:29       0:14   차
302 27조(이상영)24 블루스카이          관   06:18     06:30       0:12   차
303 27조(이상영)23 스카이아치          관   06:42     06:54       0:12   차
304 27조(이상영)13 싱가포르파티        관   07:26     07:40       0:14   차
305 27조(이상영) 4 오션스톰            관   07:51     08:02       0:11   금
306 27조(이상영)11 윈드위너            관   07:03     07:15       0:12   차
307 27조(이상영) 2 윈드파크            관   06:52     07:00       0:08   차
308 27조(이상영)12 퍼스트파크          관   07:12     07:24       0:12   차
309 28조(하무선)29 맨오브더킹          관   07:52     08:13       0:21   차
310 28조(하무선) 9 사키사키            관   07:40     07:52       0:12   금
311 28조(하무선)27 신의전사            기   08:17     08:35       0:18   차
312 28조(하무선)19 퀸오브조이          기   07:52     08:13       0:21   차
313 28조(하무선) 5 트리플스톰          관   06:50     07:07       0:17   차
314 28조(하무선)20 팬텀에이스          관   07:26     07:43       0:17   차
315 28조(하무선)10 해랑이슬            관   07:26     07:43       0:17   차
316 30조(울즐리)17 거치갈              관   06:12     06:26       0:14   차
317 30조(울즐리)39 더세이버            관   07:22     07:31       0:09   차
318 30조(울즐리)19 더에어              관   06:15     06:29       0:14   금
319 30조(울즐리) 3 드림오브퀸          관   06:45     06:59       0:14   차
320 30조(울즐리)18 라카르타            관   06:38     06:49       0:11   금
321 30조(울즐리)44 리멤버미            관   07:49     07:59       0:10   차
322 30조(울즐리)29 미스터어플릿        기   06:12     06:21       0:09   차
323 30조(울즐리)30 비제이치프          기   06:35     06:46       0:11   차
324 30조(울즐리)10 솔레다드            기   06:13     06:24       0:11   차
325 30조(울즐리)41 에코레이디          관   07:49     07:59       0:10   차
326 30조(울즐리) 9 영광의터치          관   07:00     07:14       0:14   차
327 30조(울즐리)26 인디불패            관   06:51     07:05       0:14   차
328 30조(울즐리) 8 챔프고              관   07:22     07:40       0:18   차
329 30조(울즐리)14 카피댓              관   07:19     07:29       0:10   차
330 30조(울즐리)25 클리어              관   06:42     07:03       0:21   차
331 30조(울즐리)23 토탈이클립스        관   07:24     07:35       0:11   차
332 30조(울즐리)13 트릭스터            관   06:13     06:24       0:11   차
333 30조(울즐리)42 프로칸설            관   06:50     07:04       0:14   차
334 30조(울즐리)28 해피째즈            관   06:13     06:25       0:12   금
335 30조(울즐리) 6 행복축제            관   06:13     06:25       0:12   차
336 30조(울즐리)12 헌치                관   07:59     08:15       0:16   차
337 31조(라이스)41 굿스타              관   09:11     09:25       0:14   차
338 31조(라이스)33 그린레전드          관   06:43     06:56       0:13   차
339 31조(라이스)18 노던비드            관   08:10     08:23       0:13   차
340 31조(라이스) 6 다이니지            관   07:34     07:47       0:13   금
341 31조(라이스)20 더블탭              관   08:17     08:28       0:11   차
342 31조(라이스) 2 레드재스퍼          관   06:20     06:31       0:11   차
343 31조(라이스)26 비뢰인디            관   08:49     09:03       0:14   차
344 31조(라이스)35 스페셜리스트        관   08:10     08:23       0:13   차
345 31조(라이스)38 승리테이큰          관   09:07     09:13       0:06   차
346 31조(라이스) 8 아라산              관   07:23     07:32       0:09   차
347 31조(라이스)21 아임킹이지          관   09:02     09:12       0:10   차
348 31조(라이스)17 야생화              관   06:21     06:28       0:07   차
349 31조(라이스)43 에이스아모카        관   07:23     07:37       0:14   차
350 31조(라이스)24 용비칸              관   08:49     09:02       0:13   차
351 31조(라이스)13 월드삭스            관   06:46     07:05       0:19   차
352 31조(라이스)37 정문스펙터          관   06:20     06:34       0:14   차
353 31조(라이스)23 제시의꿈            기   06:41     06:48       0:07   금
354 31조(라이스)19 퀸마블이지          관   08:39     08:50       0:11   차
355 31조(라이스)45 퍼플망고            관   08:09     08:22       0:13   차
356 32조(임동창)21 고블린              관   06:08     06:23       0:15   금
357 32조(임동창)10 누리                관   08:17     08:36       0:19   차
358 32조(임동창) 6 성실태순            관   06:53     07:10       0:17   차
359 32조(임동창) 7 용가리              관   07:26     07:38       0:12   차
360 32조(임동창)23 용천                관   07:05     07:19       0:14   차
361 32조(임동창)16 위크스페셜          관   07:49     08:07       0:18   차
362 33조(권승주)22 감동에너지          관   06:50     07:05       0:15   차
363 33조(권승주)36 골드로즈            관   06:18     06:31       0:13   차
364 33조(권승주)17 러닝워리어          관   06:17     06:37       0:20   차
365 33조(권승주)25 마이송              관   07:18     07:33       0:15   차
366 33조(권승주)29 마하불릿            관   06:49     07:00       0:11   금
367 33조(권승주)14 마하타이탄          기   07:02     07:15       0:13   금
368 33조(권승주) 3 블루모어            관   06:43     06:59       0:16   금
369 33조(권승주)39 선데이머니          관   07:37     07:51       0:14   차
370 33조(권승주) 6 센텀토르            기   07:30     07:44       0:14   금
371 33조(권승주)30 스타파크            관   08:04     08:21       0:17   차
372 33조(권승주)12 아침빛              관   07:19     07:34       0:15   차
373 33조(권승주)43 알파토르            관   06:50     07:05       0:15   금
374 33조(권승주)20 윈드모어            관   08:04     08:21       0:17   차
375 33조(권승주)40 은성영웅            기   06:12     06:24       0:12   차
376 33조(권승주)24 일념통천            관   06:18     06:34       0:16   차
377 33조(권승주)42 조던파이팅          관   07:18     07:38       0:20   차
378 33조(권승주)45 청호리더            관   06:21     06:36       0:15   차
379 33조(권승주) 8 초이스런            기   06:30     06:43       0:13   차
380 33조(권승주)31 케이골드바          기   07:30     07:46       0:16   금
381 33조(권승주)21 피플파워            관   07:13     07:28       0:15   금
382 33조(권승주)16 희망펀치            관   06:17     06:33       0:16   금
━━━━━━━━━━━━━━━━━━━━━━━━━━━━━━━━━━━━━━━
                                                      출력일자 : 2022.12.23

