

제목 : 22.08.31(수) 조교현황

  ※기승자범례(조:조교사, 관:주로조교, 기:기수, 후:기수후보생)
  ※비고(금:금주출전예정마, 차:차주출전예정마, 특:특대상경주출전예정마)
  ※금주, 차주 또는 특별 대상경주 출전예상마는 출전신청 결과 및
  조교사의 의사에 따라 변동될 수 있는 미확정된 자료이오니 참고하시기 바랍니다.
━━━━━━━━━━━━━━━━━━━━━━━━━━━━━━━━━━━━━━━
  순 소속조 - 조번 마명              기승자 입장시각  퇴장시각  조교시간 비고
━━━━━━━━━━━━━━━━━━━━━━━━━━━━━━━━━━━━━━━
  1  1조(백광열)43 다함께달리자        관   06:07     06:25       0:18   차
  2  1조(백광열)10 닥터샤크            관   07:40     07:54       0:14   금
  3  1조(백광열)22 닥터시저            기   08:56     09:09       0:13   금
  4  1조(백광열)32 닥터칼리파          기   06:56     07:10       0:14   금
  5  1조(백광열)40 닥터콩순이          관   06:06     06:17       0:11   금
  6  1조(백광열)30 닥터티파니          관   08:33     08:48       0:14   차
  7  1조(백광열)16 닥터파라오          관   07:10     07:24       0:14   금
  8  1조(백광열) 5 닥터패션            관   07:14     07:30       0:16   차
  9  1조(백광열)12 닥터페로            관   07:14     07:26       0:13   차
 10  1조(백광열)19 달릴래요            관   06:07     06:25       0:18   차
 11  1조(백광열)31 대호전설            관   06:41     06:55       0:14   차
 12  1조(백광열)15 두무산              관   06:28     06:53       0:25   금
 13  1조(백광열) 1 두바이평정          관   06:41     06:58       0:17   차
 14  1조(백광열) 8 버디버디            관   07:47     08:02       0:15   차
 15  1조(백광열) 9 상상그이상          기   07:40     07:54       0:14   금
 16  1조(백광열)20 아델호랑이          기   08:03     08:15       0:12   차
 17  1조(백광열)36 알파송당            기   07:40     07:52       0:12   차
 18  1조(백광열)17 에버스타            관   07:40     08:11       0:31   차
 19  1조(백광열)13 에이스호랑이        관   08:17     08:34       0:17   차
 20  1조(백광열)18 영천솔레미오        관   09:04     09:19       0:15   차
 21  1조(백광열)42 우리다함께          관   08:17     08:34       0:17   차
 22  1조(백광열)27 화랑베스트          기   07:10     07:23       0:13   금
 23  2조(강형곤)36 그린치타            관   06:00     06:16       0:16   금
 24  2조(강형곤)38 동부스타            관   06:52     07:08       0:16   금
 25  2조(강형곤)14 마더마운틴          관   07:42     07:56       0:14   차
 26  2조(강형곤)27 불의검              기   06:23     06:34       0:11   금
 27  2조(강형곤)28 불의여신            기   06:17     06:29       0:12   금
 28  2조(강형곤)17 불의축제            관   08:06     08:26       0:20   차
 29  2조(강형곤)20 비케이가이아        관   08:06     08:21       0:15   차
 30  2조(강형곤)32 비케이뉴문          관   07:16     07:26       0:10   차
 31  2조(강형곤) 6 비케이론            관   07:42     07:56       0:14   차
 32  2조(강형곤)23 비케이하나          기   08:43     08:48       0:05   차
 33  2조(강형곤)33 비케이헌터          관   06:24     06:41       0:17   차
 34  2조(강형곤)19 서귀포인트          관   06:52     07:13       0:21   금
 35  2조(강형곤)31 소리태풍            기   08:03     08:17       0:14   금
 36  2조(강형곤)45 슈퍼카넬            관   07:42     07:56       0:14   차
 37  2조(강형곤)41 스토미데이          관   06:24     06:39       0:15   차
 38  2조(강형곤)18 스톰어게인          관   07:43     07:56       0:13   차
 39  2조(강형곤)10 스페셜팩트          관   06:00     06:15       0:15   차
 40  2조(강형곤)44 제왕의미소          관   06:24     06:41       0:17   금
 41  2조(강형곤)40 최강총알            관   06:25     06:39       0:14   차
 42  2조(강형곤)42 코르사              기   06:56     07:12       0:16   금
 43  2조(강형곤)25 투투브레인          관   06:52     07:07       0:15   금
 44  2조(강형곤)11 투투코인            관   06:00     06:16       0:16   금
 45  2조(강형곤)43 투투플라잉          관   06:00     06:14       0:14   금
 46  2조(강형곤)22 풍운조화            기   08:21     08:34       0:13   금
 47  2조(강형곤)21 히어로맨            기   07:36     07:47       0:11   금
 48  3조(문현철)14 대호나라            관   07:10     07:29       0:19   차
 49  3조(문현철) 6 레이디버그          조   07:10     07:29       0:19   차
 50  3조(문현철)13 매직일레븐          관   06:42     06:58       0:16   차
 51  3조(문현철)12 미라클원            관   08:28     08:44       0:16   차
 52  3조(문현철)18 스피드퓨리          관   06:08     06:23       0:15   차
 53  3조(문현철)16 영광의파이트        관   07:41     07:51       0:10   차
 54  3조(문현철) 7 저스트비해피        관   07:47     07:58       0:11   차
 55  3조(문현철)17 짜릿한이순간        조   06:42     06:58       0:16   차
 56  3조(문현철) 2 퀸오브더월드        기   07:10     07:23       0:13   차
 57  3조(문현철) 3 퓨어킹              조   06:10     06:29       0:19   차
 58  4조(임금만) 2 그랜드퓨리          관   06:30     06:51       0:21   차
 59  4조(임금만)36 글로벌여제          관   07:48     08:04       0:16   차
 60  4조(임금만) 9 날아라꿀단지        관   06:30     06:46       0:16   차
 61  4조(임금만)22 다이아몬드마린      관   07:16     07:32       0:16   차
 62  4조(임금만)35 모스트래피드        관   07:15     07:32       0:17   차
 63  4조(임금만)13 문화시그니쳐        관   06:00     06:07       0:07   금
 64  4조(임금만) 8 백투더레전드        관   06:30     06:51       0:21   차
 65  4조(임금만) 4 선더퓨리            관   06:29     06:45       0:16   차
 66  4조(임금만) 6 영광의라이더        관   07:48     08:07       0:19   금
 67  4조(임금만)19 영광의레전드        관   06:00     06:10       0:10   차
 68  4조(임금만)20 영광의탱크          관   06:00     06:07       0:07   금
 69  4조(임금만) 3 영광의파티          관   07:15     07:31       0:16   차
 70  4조(임금만) 7 영웅로드            기   06:27     06:44       0:17   금
 71  4조(임금만)24 와이즈보이          관   06:30     06:51       0:21   차
 72  4조(임금만)33 장산도끼            관   07:15     07:32       0:17   차
 73  4조(임금만)28 체인지백            관   07:10     07:21       0:11   차
 74  4조(임금만)38 컨피던스마린        관   08:00     08:18       0:18   차
 75  4조(임금만)26 황우머니            관   07:48     08:04       0:16   차
 76  6조(구영준)13 날라                관   08:18     08:38       0:20   차
 77  6조(구영준)22 뉴크라운            관   07:15     07:30       0:15   차
 78  6조(구영준)21 대호누리            관   06:45     06:59       0:14   차
 79  6조(구영준)20 대호마              관   06:54     07:14       0:20   차
 80  6조(구영준) 9 마인드존            관   06:48     06:59       0:11   금
 81  6조(구영준)18 매버릭              관   07:53     08:20       0:27   차
 82  6조(구영준) 3 바벨퀸              관   07:14     07:31       0:17   차
 83  6조(구영준) 5 바벨포세이돈        관   07:47     08:00       0:13   차
 84  6조(구영준)15 바벨피닉스          관   06:15     06:29       0:14   금
 85  6조(구영준)10 뷰티브라운          기   06:24     06:41       0:17   금
 86  6조(구영준)24 우승헌터            관   08:36     08:50       0:14   차
 87  6조(구영준)12 윈드크로스          관   07:14     07:30       0:16   차
 88  6조(구영준)27 최강포스            관   06:15     06:29       0:14   금
 89  6조(구영준) 4 탑드림              기   07:19     07:35       0:16   금
 90  6조(구영준)26 판타스틱러브        관   07:32     07:45       0:13   금
 91  6조(구영준) 8 퍼스트메니          관   07:53     08:17       0:24   차
 92  7조(김병학)19 네임드              기   06:46     06:55       0:09   금
 93  7조(김병학)28 두유어베스트        기   07:13     07:23       0:10   금
 94  7조(김병학)35 럭키브레이크        관   07:57     08:09       0:12   금
 95  7조(김병학)14 마이플레저          관   07:54     08:07       0:13   차
 96  7조(김병학)15 매직위스퍼          기   06:04     06:16       0:12   금
 97  7조(김병학)38 바비스패로우        관   06:00     06:18       0:18   차
 98  7조(김병학) 8 뷰티풀라이프        관   07:54     08:07       0:13   차
 99  7조(김병학)11 뷰티힐              관   06:03     06:21       0:18   차
100  7조(김병학)34 아이윌더스타        관   06:38     06:55       0:17   차
101  7조(김병학)27 에스엘킹            관   07:11     07:26       0:15   차
102  7조(김병학)13 에이스코리아        관   08:30     08:46       0:16   차
103  7조(김병학)31 엔들리스러닝        기   06:26     06:40       0:14   차
104  7조(김병학)10 치어풀라이프        관   06:38     07:03       0:25   차
105  7조(김병학) 1 컴온퍼스트          관   06:39     06:54       0:15   차
106  7조(김병학) 6 킹오브더이어        관   07:18     07:33       0:15   차
107  7조(김병학) 5 파이널세븐          기   07:57     08:14       0:17   금
108  7조(김병학) 9 프라임타임          관   07:18     07:33       0:15   차
109  7조(김병학)37 플라잉터치          관   06:00     06:21       0:21   차
110  7조(김병학)33 헬로선샤인          기   06:00     06:19       0:19   차
111  8조(토마스)36 골드탭              기   06:00     06:09       0:09   차
112  8조(토마스)26 꽃과구름            기   06:00     06:09       0:09   금
113  8조(토마스)25 꽃무리              관   07:34     07:47       0:13   차
114  8조(토마스) 8 딕시밴드            기   06:00     06:09       0:09   금
115  8조(토마스)10 렛잇고              기   06:00     06:08       0:08   금
116  8조(토마스) 4 바벨드리머          관   06:26     06:38       0:11   차
117  8조(토마스)14 서부퀸              관   06:00     06:12       0:12   금
118  8조(토마스)22 성원스타            관   07:36     07:49       0:13   차
119  8조(토마스) 9 소닉킹이지          관   07:32     07:42       0:10   차
120  8조(토마스)27 스카이모어          관   07:05     07:14       0:09   차
121  8조(토마스) 7 아임킹이지          관   06:28     06:43       0:15   차
122  8조(토마스)37 에이스잭팟          관   06:00     06:09       0:09   금
123  8조(토마스)11 영광의에이스        관   07:03     07:18       0:14   차
124  8조(토마스)16 울트라파워          기   06:27     06:41       0:14   차
125  8조(토마스)19 원더풀앤도버        관   07:35     07:47       0:12   차
126  8조(토마스) 6 원더풀임팩트        관   08:05     08:16       0:11   차
127  8조(토마스)30 카르페바벨          관   08:04     08:16       0:11   차
128  8조(토마스)12 퀸즈대로            기   06:00     06:09       0:09   금
129  8조(토마스)28 톱파이어            관   06:32     06:45       0:13   차
130  8조(토마스)29 트리모어            관   06:00     06:13       0:13   금
131  8조(토마스)24 파워플레인          관   07:04     07:18       0:14   차
132  8조(토마스)38 페가콘              관   08:27     08:39       0:12   차
133  8조(토마스)32 플레이더인디        관   08:31     08:42       0:11   차
134  8조(토마스)21 한라누리            관   06:00     06:08       0:08   금
135  8조(토마스)40 해피우먼            관   06:32     06:46       0:13   차
136  8조(토마스)13 화랑스카이          기   06:00     06:10       0:10   금
137  9조(양귀선)35 그래핀랩월드        관   06:01     06:15       0:14   차
138  9조(양귀선)38 나인포스원          관   08:03     08:31       0:28   차
139  9조(양귀선)25 담양의신            관   06:31     06:43       0:12   금
140  9조(양귀선) 6 대지스페셜          관   06:03     06:19       0:16   차
141  9조(양귀선)37 독보                관   06:02     06:14       0:12   금
142  9조(양귀선) 2 랩베르사            기   06:18     06:34       0:16   금
143  9조(양귀선)20 로드투브이          관   07:00     07:13       0:13   차
144  9조(양귀선)40 로키블리스          관   07:00     07:19       0:19   차
145  9조(양귀선)21 마르카브            관   06:29     06:46       0:17   금
146  9조(양귀선)10 메니어게인          관   07:27     07:35       0:08   차
147  9조(양귀선)16 바벨선샤인          관   07:00     07:19       0:19   차
148  9조(양귀선)36 바벨히트            관   07:22     07:34       0:12   차
149  9조(양귀선)39 빌드업              관   06:26     06:39       0:13   금
150  9조(양귀선)30 상승보이            기   07:21     07:35       0:14   금
151  9조(양귀선)29 선더킹              관   07:50     08:00       0:10   차
152  9조(양귀선) 7 슈퍼크랙            관   07:38     07:46       0:08   차
153  9조(양귀선)26 스카이펀치          관   08:03     08:31       0:28   차
154  9조(양귀선)11 아이러브한센        기   06:19     06:36       0:17   차
155  9조(양귀선) 3 온누리질주          관   07:12     07:34       0:22   차
156  9조(양귀선)15 우승무패            관   06:40     06:59       0:19   차
157  9조(양귀선)33 원더풀킹            기   06:45     06:53       0:08   차
158  9조(양귀선)42 원더풀티즈          기   06:00     06:15       0:15   금
159  9조(양귀선)41 켈리퀸              관   06:40     07:03       0:23   차
160  9조(양귀선) 9 파이트패밀리        관   06:01     06:19       0:18   차
161  9조(양귀선)13 하늘전사            관   06:07     06:19       0:12   차
162  9조(양귀선)22 한라백두            기   06:20     06:40       0:20   차
163  9조(양귀선)12 핼러윈파티          관   07:37     07:48       0:11   차
164 10조(구민성)12 골드크라운          조   07:01     07:15       0:14   차
165 10조(구민성) 3 그레이트캡틴        조   06:22     06:33       0:11   차
166 10조(구민성)27 대지플라이          관   07:22     07:33       0:11   차
167 10조(구민성)11 마이티스톰          기   08:38     08:47       0:09   금
168 10조(구민성) 7 블루카슨            기   08:24     08:39       0:15   금
169 10조(구민성) 6 스텔라퀸            기   06:51     07:07       0:16   금
170 10조(구민성)18 신해망치            관   06:19     06:29       0:10   차
171 10조(구민성)14 애니라인            기   06:50     07:05       0:15   금
172 10조(구민성)22 영봉산              관   06:35     06:46       0:11   차
173 10조(구민성)28 원더풀톱            조   08:02     08:17       0:15   차
174 10조(구민성)10 좋구먼              관   07:26     07:43       0:16   차
175 10조(구민성) 1 크레이지콘티        기   06:10     06:30       0:20   특
176 10조(구민성)17 패션포스원          기   08:15     08:30       0:15   금
177 10조(구민성) 5 한강세이버          관   07:01     07:11       0:11   차
178 10조(구민성) 8 함평샤인            기   07:39     07:56       0:17   금
179 10조(구민성) 2 함평이즈백          조   07:26     07:48       0:22   차
180 10조(구민성)20 해피브리애나        관   08:02     08:11       0:09   차
181 10조(구민성) 4 핼러윈데이          관   06:37     06:51       0:14   차
182 11조(김영민) 2 그래핀퀸            관   07:59     08:13       0:14   차
183 11조(김영민)19 그래핀킹            기   07:01     07:17       0:16   금
184 11조(김영민)13 기적의금빛          관   07:59     08:13       0:14   차
185 11조(김영민) 8 기적의적토마        관   06:23     06:33       0:10   차
186 11조(김영민) 6 나이스투데이        관   06:24     06:46       0:22   차
187 11조(김영민)20 뉴커넥트            관   07:12     07:39       0:27   차
188 11조(김영민)15 라이트세이버        조   08:03     08:24       0:21   차
189 11조(김영민) 5 블루챔프            관   07:14     07:24       0:10   금
190 11조(김영민) 9 석세스타임          관   06:23     06:46       0:23   차
191 11조(김영민)22 석세스프런트        관   07:13     07:39       0:26   차
192 11조(김영민)11 선샤인스타          조   07:01     07:18       0:17   금
193 11조(김영민) 7 폭풍언덕            조   06:02     06:24       0:22   금
194 11조(김영민)17 해운대스타          관   08:03     08:24       0:21   차
195 12조(조용배) 3 두승산캠프          기   08:30     08:42       0:12   차
196 12조(조용배)14 밀크데이            관   06:00     06:16       0:16   금
197 12조(조용배)20 스타티세            조   08:30     08:42       0:12   금
198 12조(조용배)24 엑톤파워            기   08:41     08:55       0:14   금
199 12조(조용배)21 우드스턱            관   08:57     09:09       0:12   차
200 12조(조용배) 1 운주스타            기   08:07     08:17       0:10   금
201 12조(조용배)13 천마하서            관   06:24     06:40       0:16   금
202 12조(조용배)16 청마영웅            조   07:39     07:53       0:14   금
203 12조(조용배) 4 청마황후            조   06:43     06:59       0:16   금
204 12조(조용배) 7 쾌한황금            조   07:13     07:29       0:16   금
205 12조(조용배)19 클라우드러브        관   07:18     07:45       0:27   차
206 12조(조용배)22 패스트건            관   07:18     07:45       0:27   차
207 12조(조용배) 9 핫플렉스            기   08:56     09:09       0:13   금
208 12조(조용배) 2 호크모스            관   06:50     07:09       0:19   차
209 13조(박재호)18 나이트메어          관   08:53     09:13       0:20   차
210 13조(박재호) 1 다이아스피릿        관   07:24     07:46       0:22   차
211 13조(박재호)15 드림비전            조   08:13     08:34       0:21   차
212 13조(박재호) 9 로즈파이터          조   07:00     07:13       0:13   차
213 13조(박재호) 3 비전월드            조   08:13     08:34       0:21   차
214 13조(박재호)13 스피드마스트        기   07:37     07:47       0:10   금
215 13조(박재호)20 영보스              기   07:37     07:47       0:10   금
216 13조(박재호)21 오렌지스타          기   06:23     06:37       0:14   금
217 13조(박재호)22 원더풀어필          관   06:07     06:27       0:20   차
218 13조(박재호)17 인디초이스          관   06:48     07:01       0:13   금
219 13조(박재호)24 인투마린            관   07:02     07:22       0:20   차
220 13조(박재호) 2 인트라플라잉        관   06:23     06:41       0:18   차
221 13조(박재호)26 저스트위너          관   08:53     09:13       0:20   차
222 13조(박재호)14 초이스로드          관   08:13     08:34       0:21   차
223 13조(박재호) 4 총알참              관   07:23     07:47       0:24   차
224 13조(박재호)23 프리덤나이트        기   06:48     07:00       0:12   금
225 13조(박재호)11 하트브레이커        조   06:23     06:39       0:16   차
226 14조(윤영훈) 4 골든캠프            기   07:21     07:31       0:10   금
227 14조(윤영훈)14 마크원              관   08:19     08:44       0:25   금
228 14조(윤영훈)19 서귀대로            관   07:38     08:02       0:24   금
229 14조(윤영훈) 2 서귀포에이스        기   07:27     07:43       0:16   금
230 14조(윤영훈)18 선마운틴            기   08:25     08:37       0:12   금
231 14조(윤영훈)24 승리의불길          기   07:07     07:17       0:10   금
232 14조(윤영훈)17 우승여걸            기   08:02     08:13       0:11   금
233 14조(윤영훈)11 진마크              관   07:05     07:29       0:24   차
234 14조(윤영훈)16 천마브라보          관   06:12     06:34       0:22   금
235 14조(윤영훈)15 청담드라이브        관   06:14     06:42       0:28   금
236 14조(윤영훈)23 칼마크              관   06:51     07:15       0:24   차
237 14조(윤영훈) 3 평정시대            기   08:17     08:34       0:17   차
238 15조(안우성) 4 구디                관   06:23     06:37       0:14   차
239 15조(안우성)18 낙동전사            관   06:58     07:12       0:14   차
240 15조(안우성) 8 라온탑포인트        관   07:48     08:00       0:12   차
241 15조(안우성)23 스마일리래리        기   06:20     06:33       0:13   금
242 15조(안우성)30 스카이제주향        관   06:10     06:26       0:16   차
243 15조(안우성)34 스타퓨리            기   07:48     08:08       0:20   차
244 15조(안우성) 9 아너칼              기   06:38     06:49       0:11   차
245 15조(안우성)24 아트켈리            기   06:13     06:25       0:12   차
246 15조(안우성)31 얼라이브캡틴        관   07:15     07:29       0:14   차
247 15조(안우성)11 원더풀폰            관   07:48     08:00       0:12   차
248 15조(안우성) 5 켄드릭              관   06:22     06:40       0:18   차
249 15조(안우성) 7 트라이엄프킹        관   07:25     07:44       0:19   차
250 15조(안우성)16 패스트퓨리          관   06:17     06:33       0:16   차
251 15조(안우성)29 팬스타              기   06:42     07:03       0:21   금
252 15조(안우성)36 플라잉다이아        관   06:39     07:06       0:27   차
253 15조(안우성)10 필그림              관   07:21     07:36       0:15   금
254 17조(장세한)24 그레이트고          기   06:46     06:56       0:10   금
255 17조(장세한)21 낭만대로            기   07:03     07:16       0:13   차
256 17조(장세한)29 딴봉퀸              관   06:58     07:23       0:25   차
257 17조(장세한)17 런앤드건            관   06:17     06:35       0:18   금
258 17조(장세한)18 런파이터            기   07:19     07:36       0:17   금
259 17조(장세한) 3 레이디골든          기   06:26     06:38       0:12   금
260 17조(장세한)30 마이스타            관   06:19     06:35       0:16   차
261 17조(장세한)10 매직클래스          기   08:23     08:35       0:12   금
262 17조(장세한)16 매직플라잉          관   08:13     08:38       0:25   차
263 17조(장세한)15 블랙볼트            관   07:36     07:53       0:17   차
264 17조(장세한)31 성실천하            관   07:03     07:16       0:13   차
265 17조(장세한)12 와칸다              기   07:23     07:33       0:10   금
266 17조(장세한)19 장성대로            기   07:41     07:56       0:15   차
267 17조(장세한) 4 청호보스            관   07:31     07:51       0:20   금
268 17조(장세한) 1 퀄리티퀸            관   08:15     08:32       0:17   금
269 17조(장세한)22 크라운펑키          관   06:52     07:13       0:22   차
270 17조(장세한) 2 팀스카이            관   08:42     08:57       0:15   금
271 18조(이정표)20 노던라이츠          관   07:13     07:26       0:13   차
272 18조(이정표)18 명성탑걸            관   06:08     06:21       0:13   차
273 18조(이정표)21 모닝플로우          관   06:58     07:14       0:16   차
274 18조(이정표)19 스마티돌풍          기   07:55     08:08       0:13   금
275 18조(이정표) 1 언제나영웅          기   06:27     06:48       0:21   금
276 18조(이정표)26 에이원스            기   07:19     07:34       0:15   금
277 18조(이정표)14 연승글로리          기   06:17     06:29       0:12   금
278 18조(이정표) 6 오메가걸            기   07:44     07:57       0:13   금
279 18조(이정표)27 우리좋은날          관   06:10     06:26       0:16   금
280 18조(이정표)28 퀸로맨스            기   06:58     07:18       0:20   차
281 18조(이정표)13 퀸스타              관   06:42     07:00       0:18   금
282 18조(이정표) 4 타이탄케이          기   08:05     08:16       0:11   차
283 18조(이정표)11 투데이스타          기   06:00     06:10       0:10   금
284 18조(이정표)24 트리플질주          기   07:48     07:59       0:11   금
285 18조(이정표)25 하비스트댄서        관   06:27     06:48       0:21   금
286 18조(이정표)12 할리우드퀸          관   06:37     06:49       0:12   금
287 18조(이정표)22 함안백이산          관   07:44     08:03       0:19   차
288 19조(김영관)32 강서루다            관   07:11     07:23       0:11   차
289 19조(김영관)18 강서불패            관   08:00     08:17       0:17   차
290 19조(김영관)14 강서절영            관   06:26     06:38       0:13   차
291 19조(김영관) 4 금아스타리          관   09:10     09:28       0:18   차
292 19조(김영관) 5 금아우노            기   09:03     09:13       0:10   차
293 19조(김영관)12 금아인피니티        기   07:32     07:43       0:11   금
294 19조(김영관)24 금아휴즈히트        기   08:36     08:52       0:16   차
295 19조(김영관)37 나이스최강          관   06:46     07:03       0:16   차
296 19조(김영관)36 동트자보이          관   08:34     08:44       0:10   차
297 19조(김영관) 9 럭키스트걸          관   09:10     09:28       0:18   차
298 19조(김영관)15 레이더              관   08:43     08:55       0:12   금
299 19조(김영관)11 마군                관   09:10     09:25       0:14   차
300 19조(김영관)13 몽땅                관   06:00     06:15       0:15   차
301 19조(김영관)28 바람바람            관   08:00     08:17       0:17   차
302 19조(김영관)16 부산항갈매기        관   06:00     06:15       0:15   차
303 19조(김영관)29 브라보함양          관   07:33     07:45       0:12   금
304 19조(김영관)33 어게인터치          관   09:39     09:49       0:10   차
305 19조(김영관) 6 장산레몬            관   07:11     07:23       0:11   차
306 19조(김영관)27 제이에스데이        기   08:42     08:55       0:13   금
307 19조(김영관)20 카론투데이          관   07:34     07:48       0:14   차
308 19조(김영관)17 킹보스              기   07:33     07:43       0:10   금
309 19조(김영관)30 킹오브더매치        기   06:10     06:21       0:11   특
310 19조(김영관)25 터치스타맨          관   06:46     07:03       0:16   차
311 19조(김영관) 2 한센코드걸          기   06:22     06:35       0:13   금
312 19조(김영관)23 함양은산삼          관   06:22     06:35       0:13   금
313 20조(최기홍) 9 그레이트미스        관   09:22     09:33       0:11   차
314 20조(최기홍)21 금의맨              기   08:32     08:43       0:11   금
315 20조(최기홍)23 오케이선더          관   07:16     07:27       0:11   차
316 20조(최기홍)24 오케이스타          관   07:46     08:08       0:22   차
317 20조(최기홍)15 월드플라워          관   07:04     07:15       0:11   금
318 20조(최기홍) 2 위너스맨            기   06:10     06:31       0:21   특
319 20조(최기홍)26 쿨러닝              관   08:46     08:56       0:10   차
320 20조(최기홍) 1 퀸할리              기   08:33     08:44       0:11   금
321 20조(최기홍)17 히어더퀸            관   07:46     08:16       0:30   차
322 21조(민장기)11 골든매직            관   06:09     06:22       0:13   차
323 21조(민장기)40 골든선더볼트        관   07:50     08:11       0:21   차
324 21조(민장기)36 런투킹              관   06:45     07:01       0:16   차
325 21조(민장기)39 석세스마초          기   06:10     06:36       0:26   특
326 21조(민장기)28 석세스모카          관   07:24     07:34       0:10   차
327 21조(민장기)21 석세스영광          관   07:24     07:37       0:13   차
328 21조(민장기)22 와일드블루          관   06:10     06:24       0:14   차
329 21조(민장기) 2 운주마하            관   06:49     07:07       0:18   차
330 21조(민장기)18 운주싹쓸이          기   06:23     06:34       0:11   금
331 21조(민장기)29 운주오션            관   06:08     06:19       0:11   차
332 21조(민장기)26 원더풀월드          관   06:10     06:24       0:14   차
333 21조(민장기)20 월드클래스캣        관   06:45     06:57       0:12   차
334 21조(민장기)35 위드스타            관   07:55     08:09       0:14   차
335 21조(민장기)23 자이언츠스텝        관   07:55     08:09       0:14   차
336 21조(민장기)25 절대보스            기   07:27     07:37       0:10   차
337 21조(민장기) 3 컴백투유            관   06:49     07:12       0:23   차
338 21조(민장기) 7 타핏원더풀          기   06:23     06:35       0:12   금
339 21조(민장기)31 탑스타              기   07:45     07:55       0:10   차
340 21조(민장기)16 테이크아델          기   07:26     07:40       0:14   금
341 21조(민장기) 6 톱아델              기   07:09     07:24       0:15   금
342 21조(민장기)12 특급캠프            기   06:40     06:51       0:11   차
343 21조(민장기)15 파이널프런트        관   07:50     08:01       0:11   금
344 21조(민장기)27 하늘제왕            관   07:24     07:37       0:13   차
345 22조(강은석)12 글로리킹            관   06:14     06:26       0:13   차
346 22조(강은석)18 노마드에디션        기   07:30     07:44       0:14   차
347 22조(강은석) 8 디먼스파이          관   07:08     07:21       0:13   금
348 22조(강은석)14 맨오브더맨          관   06:46     06:59       0:13   금
349 22조(강은석)19 부산미소            관   06:01     06:11       0:10   금
350 22조(강은석)13 사랑채              관   06:11     06:38       0:26   차
351 22조(강은석) 9 시티위크            관   07:52     08:17       0:25   차
352 22조(강은석) 7 아틀라스            기   07:08     07:21       0:13   금
353 22조(강은석)10 와일드패션          관   07:30     07:44       0:14   차
354 22조(강은석) 4 정수시대            관   07:52     08:11       0:19   차
355 22조(강은석)15 천년의구름          기   06:00     06:11       0:11   차
356 22조(강은석)20 콰트로맥스          기   06:46     06:59       0:13   금
357 22조(강은석) 3 퀸데이              기   06:45     06:55       0:10   금
358 23조(손병직) 7 나이스데이          기   08:05     08:14       0:09   금
359 23조(손병직) 1 논스톱송            조   08:43     08:53       0:10   금
360 23조(손병직) 5 수소엔진            조   07:23     07:58       0:35   금
361 23조(손병직)14 수소파워            기   06:50     07:01       0:11   금
362 23조(손병직)19 에이프릴퀸          기   06:00     06:12       0:12   차
363 23조(손병직)17 원더풀바우          조   09:25     09:46       0:21   차
364 23조(손병직) 4 조셉핀퀸            조   06:13     06:32       0:19   차
365 23조(손병직)15 채스팔팔            조   08:55     09:16       0:21   차
366 23조(손병직)13 천하넘버원          조   07:10     07:20       0:10   금
367 23조(손병직) 2 퍼팩트위너          조   09:53     10:10       0:17   차
368 23조(손병직)18 함안여항산          조   06:50     07:01       0:11   금
369 24조(김길중)12 가속스텔스          기   06:01     06:16       0:15   금
370 24조(김길중)27 골든레이서          기   06:44     06:56       0:12   금
371 24조(김길중)17 록스                관   06:58     07:17       0:19   차
372 24조(김길중) 5 멋진하루            기   06:24     06:34       0:10   금
373 24조(김길중) 6 스타마타            관   06:48     07:03       0:15   차
374 24조(김길중)30 원더풀버드          관   06:23     06:35       0:12   금
375 24조(김길중)24 원더풀체로키        관   06:19     06:31       0:12   차
376 24조(김길중)29 잣나무길            기   06:01     06:10       0:09   차
377 24조(김길중)32 킹비드              관   06:30     06:43       0:13   차
378 24조(김길중)18 행복한길            기   06:19     06:31       0:12   금
379 26조(방동석)11 고포잇              관   06:47     07:05       0:18   차
380 26조(방동석)21 데이바이데이        관   06:47     07:08       0:21   차
381 26조(방동석)30 머니백              관   07:55     08:05       0:10   차
382 26조(방동석)15 머니허거            관   06:47     07:09       0:22   차
383 26조(방동석) 2 블랙지수            관   06:09     06:23       0:14   금
384 26조(방동석)13 세븐퀸              관   06:47     07:05       0:18   차
385 26조(방동석) 3 용산큰별            관   07:36     07:53       0:17   차
386 26조(방동석) 4 위너스타임          관   06:09     06:21       0:12   차
387 26조(방동석)22 톱데이              관   07:36     07:52       0:16   차
388 26조(방동석)23 해피태양            관   07:36     07:53       0:17   차
389 27조(이상영) 6 라스트가디언        기   06:36     06:53       0:17   차
390 27조(이상영)16 스톰투윈            관   06:19     06:32       0:13   차
391 27조(이상영) 7 쏜살                관   06:19     06:32       0:13   차
392 27조(이상영)10 아무르              관   06:50     07:07       0:17   차
393 27조(이상영) 8 애니카걸            기   06:46     06:54       0:08   금
394 27조(이상영) 4 오션스톰            기   06:41     06:56       0:15   금
395 27조(이상영)20 위대한함안          기   06:58     07:11       0:13   금
396 27조(이상영) 2 윈드파크            기   07:20     07:30       0:10   차
397 27조(이상영)12 퍼스트파크          기   06:58     07:11       0:13   금
398 28조(하무선) 8 다르마              기   07:39     07:51       0:12   금
399 28조(하무선)26 부미스타            관   06:56     07:12       0:17   차
400 28조(하무선) 2 서귀축제            기   07:37     07:51       0:14   금
401 28조(하무선) 1 제트캐시            관   08:04     08:15       0:10   차
402 28조(하무선)22 커널플라잉          관   07:41     07:58       0:17   차
403 28조(하무선) 7 컬러풀윈드          관   07:06     07:18       0:12   차
404 28조(하무선)12 케이에프원          관   06:41     06:53       0:12   금
405 28조(하무선) 6 크라우드원          관   06:37     06:45       0:08   금
406 28조(하무선)20 팬텀에이스          관   06:16     06:29       0:13   금
407 28조(하무선) 3 해랑더원            관   07:41     08:07       0:26   차
408 30조(울즐리)19 더에어              기   06:00     06:12       0:12   금
409 30조(울즐리) 6 덩컨                관   06:00     06:11       0:11   금
410 30조(울즐리)18 라카르타            관   08:11     08:27       0:15   차
411 30조(울즐리)17 로열페넌트          기   06:26     06:37       0:11   금
412 30조(울즐리)40 록앤드롤            관   08:10     08:23       0:13   차
413 30조(울즐리)16 마이맨트라          관   08:11     08:26       0:15   차
414 30조(울즐리) 2 미라쿨룸            관   06:32     06:43       0:11   차
415 30조(울즐리)11 미스인디            관   06:31     06:43       0:12   차
416 30조(울즐리)22 미스터밸러          관   07:02     07:15       0:13   차
417 30조(울즐리)34 바운티헌터          관   06:29     06:42       0:13   금
418 30조(울즐리)33 빅터바시움          관   07:33     07:46       0:13   차
419 30조(울즐리)31 선더클라우드        기   06:00     06:11       0:11   금
420 30조(울즐리)32 선셋멜로디          관   06:34     06:46       0:12   차
421 30조(울즐리)24 시에라선셋          관   08:11     08:27       0:15   차
422 30조(울즐리)36 아티스갈            관   06:00     06:11       0:11   금
423 30조(울즐리)41 에코레이디          관   06:00     06:11       0:11   금
424 30조(울즐리) 9 영광의터치          관   07:00     07:17       0:17   차
425 30조(울즐리)45 영광의패밀리        관   08:43     09:01       0:18   차
426 30조(울즐리)20 인세이셔블          관   07:36     07:49       0:13   차
427 30조(울즐리)12 정문스펙터          관   07:00     07:17       0:17   차
428 30조(울즐리) 8 챔프고              관   07:02     07:17       0:15   차
429 30조(울즐리)14 카피댓              관   06:31     06:47       0:16   차
430 30조(울즐리) 1 트래픽마린          기   06:52     07:04       0:12   차
431 30조(울즐리)10 트루밸러            기   06:00     06:12       0:12   금
432 30조(울즐리)37 패트리엇            관   07:35     07:51       0:16   차
433 30조(울즐리)30 평화축제            관   07:36     07:49       0:13   차
434 30조(울즐리)38 프리깃버드          관   07:04     07:17       0:13   금
435 30조(울즐리)21 해피블루            관   08:45     08:59       0:14   차
436 30조(울즐리)13 행복축제            관   08:45     08:59       0:14   차
437 30조(울즐리)35 화이트마린          관   08:10     08:23       0:13   차
438 31조(라이스)21 굿삭스              관   06:30     06:37       0:07   차
439 31조(라이스)12 그린치프            관   07:12     07:24       0:12   차
440 31조(라이스) 1 그린파파고          관   06:35     06:47       0:12   차
441 31조(라이스) 6 다이니지            관   08:10     08:25       0:15   차
442 31조(라이스)20 더블탭              기   08:10     08:24       0:14   차
443 31조(라이스)10 드래건킹            관   07:43     07:56       0:13   차
444 31조(라이스)29 비스틀리            관   06:57     07:05       0:08   금
445 31조(라이스)40 스파이스엑톤        관   07:45     07:57       0:12   금
446 31조(라이스) 4 승리토우트          관   06:02     06:08       0:06   금
447 31조(라이스)37 쏜살처럼            기   07:12     07:23       0:11   차
448 31조(라이스) 7 알렉킹이지          관   08:21     08:31       0:10   차
449 31조(라이스)33 야생화              기   06:01     06:08       0:07   금
450 31조(라이스) 3 역전명수            기   06:01     06:06       0:05   금
451 31조(라이스)34 인디매직            기   07:11     07:21       0:10   금
452 31조(라이스)28 장산블랙            관   07:07     07:19       0:12   차
453 31조(라이스)32 정문드래곤          관   06:33     06:45       0:12   차
454 31조(라이스)16 정문코빗            관   07:26     07:39       0:13   차
455 31조(라이스) 5 퀸앨리              관   06:02     06:08       0:06   금
456 31조(라이스)44 퀸오브하츠          관   08:53     09:00       0:07   금
457 31조(라이스)24 킹앨리              기   07:07     07:20       0:13   금
458 31조(라이스)11 투혼의반석          관   08:15     08:31       0:16   차
459 31조(라이스) 8 허리케인참          관   06:01     06:06       0:05   금
460 32조(임동창)21 고블린              기   07:07     07:20       0:13   금
461 32조(임동창) 4 글로벌스카이        관   07:56     08:08       0:12   차
462 32조(임동창)16 모신나강            기   07:31     07:47       0:16   금
463 32조(임동창) 7 용가리              기   06:59     07:14       0:15   금
464 32조(임동창)23 용천                기   07:31     07:48       0:17   금
465 32조(임동창)14 쿠케난              관   08:02     08:08       0:06   차
466 32조(임동창)13 태양으뜸            기   07:56     08:08       0:12   차
467 32조(임동창)12 하바나제인          기   07:52     08:10       0:18   금
468 33조(권승주)12 감동에너지          기   08:17     08:32       0:15   금
469 33조(권승주)11 다이아보스          관   07:37     07:55       0:18   차
470 33조(권승주) 5 도쿄케이            관   08:45     09:02       0:17   차
471 33조(권승주) 6 라온더탱고          기   07:33     07:48       0:15   금
472 33조(권승주)10 라온더파이팅        기   08:05     08:18       0:13   차
473 33조(권승주)44 로켓소리            관   07:03     07:18       0:15   금
474 33조(권승주)34 루사                관   06:24     06:40       0:16   금
475 33조(권승주)25 마이송              기   08:15     08:28       0:13   금
476 33조(권승주)14 마하타이탄          관   06:06     06:19       0:13   차
477 33조(권승주)16 버럭                관   07:33     07:48       0:15   금
478 33조(권승주) 1 블루아이콘          관   06:29     06:43       0:14   차
479 33조(권승주)36 샤이닝보스          기   07:50     08:05       0:15   차
480 33조(권승주)35 서부빅스텝          기   08:18     08:31       0:13   차
481 33조(권승주)28 서부특급            기   07:56     08:11       0:15   금
482 33조(권승주)24 알파브라보          관   08:45     09:02       0:17   차
483 33조(권승주)43 알파토르            관   08:18     08:31       0:13   차
484 33조(권승주)27 여수파이터          관   06:13     06:26       0:13   차
485 33조(권승주)38 윈드모어            기   07:36     07:56       0:20   차
486 33조(권승주)40 은성영웅            기   08:38     08:52       0:14   금
487 33조(권승주) 7 케이케이원          기   06:59     07:12       0:13   차
488 33조(권승주)39 톱프렌드            관   07:48     08:12       0:24   차
489 33조(권승주)41 파이터스타          관   07:45     08:07       0:22   차
490 33조(권승주)21 화이트갤로퍼        관   06:27     06:43       0:16   금
491 33조(권승주)22 희망펀치            기   07:52     08:08       0:16   금
492 99조(휴양마)99 일념천하            기   07:17     07:30       0:13   차
493 99조(휴양마)99 일념통천            관   06:11     06:30       0:19   차
━━━━━━━━━━━━━━━━━━━━━━━━━━━━━━━━━━━━━━━
                                                      출력일자 : 2022. 8.31

