출전마진료및장구사용

경주일: 2022.08.06   1 경주
─────────────────────────────────────────────────────────  
 No  마명                보조장구               폐출혈            진료사항                  
─────────────────────────────────────────────────────────  
  1  가원의빛             Triabit러깅재갈                   2022.07.15좌전지파행          
                          망사가면                          2022.07.12좌각막찰과상        
  2  나이스데이           계란형큰고리재갈                  2022.07.26양후지 근육통       
                          귀가면(예시&출장                  2022.06.24양전지 근육통       
  3  우승여걸             계란형큰고리재갈                  2022.07.21진정(장제)          
                          망사가면                          2022.07.10우각막찰과상        
  4  원더풀질주           BlueBond편자                      2022.06.07좌각막찰과상        
                          반가지큰고리재갈                  2022.05.22인푸렌자예방접종,일본뇌염예방접종
  5  캣니스               망사가면                          2022.07.22우전지교돌상        
                          계란형큰고리재갈                  2022.07.03좌후지교돌상        
  6  금아우노             망사눈가면                        2022.07.17우전지교돌상        
                          귀가면(예시&출장                  2022.06.03정치                
  7  마이티스톰           망사가면                          2022.07.20좌전지교돌상        
                          반가지큰고리재갈                  2022.07.18좌중수부 찰과상     
  8  원더풀스마티         눈가리개                          2022.07.27우각막찰과상        
                          반가지큰고리재갈                  2022.06.10양전구절염          
  9  랩베르사             꼬리받침                          2022.07.15진드기성외이염      
                          계란형큰고리재갈                  2022.07.14마체검사            

경주일: 2022.08.06   2 경주
─────────────────────────────────────────────────────────  
 No  마명                보조장구               폐출혈            진료사항                  
─────────────────────────────────────────────────────────  
  1  테이크아델           계란형큰고리재갈                  2022.07.17좌각막찰과상        
                          망사눈가면                        2022.07.11운동기인성 피로회복(수액처치)
  2  제왕의미소           Triabit러깅재갈                   2022.07.01좌각막찰과상        
                          망사가면                          2022.05.15인푸렌자예방접종,일본뇌염예방접종
  3  마군                 계란형큰고리재갈                  2022.07.19양후지 근육통       
                          귀가면(예시&출장                  2022.07.09좌전지교돌상        
  4  호랑가시             망사눈가면                        2022.06.21우전구절염          
                          반가지큰고리재갈                  2022.06.14좌각막찰과상        
  5  소리태풍             JR러깅재갈                        2022.07.16좌각막찰과상        
                          망사눈가면                        2022.05.29우각막찰과상        
  6  스피드마스트         반가지큰고리재갈                  2022.07.25좌전지교돌상        
                          망사눈가면                        2022.07.22운동기인성 피로회복(수액처치)
  7  렛잇고               망사가면                          2022.07.16좌전지교돌상        
                          반가지큰고리재갈                  2022.07.03진정(장제)          
  8  미라쿨룸             JR러깅재갈                        2022.07.22좌전지교돌상        
                          망사눈가면                        2022.05.27인푸렌자예방접종,일본뇌염예방접종
  9  가속스텔스           망사눈가면                        2022.07.27좌각막찰과상        
                          반가지큰고리재갈                  2022.07.12양제3중수골골막염   

경주일: 2022.08.06   3 경주
─────────────────────────────────────────────────────────  
 No  마명                보조장구               폐출혈            진료사항                  
─────────────────────────────────────────────────────────  
  1  희망펀치             Triabit러깅재갈                   2022.07.27좌각막찰과상        
                          망사가면                          2022.05.25인푸렌자예방접종,일본뇌염예방접종
  2  아나스타시아         Triabit러깅재갈                   2022.07.22우후 구절부 찰과상  
                          망사가면                          2022.07.13요배통              
  3  칼마크               꼬리받침                          2022.07.28정치                
                          망사눈가면                        2022.07.18좌각막찰과상        
  4  오메가걸             망사눈가면                        2022.07.06양전 제차탈락       
                          반가지큰고리재갈                  2022.05.22정치                
  5  조셉핀퀸             계란형큰고리재갈                  2022.07.26양전지교돌상        
                          망사눈가면                        2022.07.23요배통              
  6  하바나제인                                             2022.07.09우각막찰과상        
                                                            2022.05.28인푸렌자예방접종,일본뇌염예방접종
  7  머니백               망사가면                          2022.07.09요배통              
                          반가지큰고리재갈                  2022.07.01운동기인성 피로회복(수액처치)
  8  투투브레인           망사눈가면                        2022.07.17좌각막찰과상        
                          반가지큰고리재갈                  2022.06.19우각막찰과상        
  9  런앤드건             반가지큰고리재갈                  2022.07.19우각막찰과상        
                          망사눈가면                        2022.06.28좌각막찰과상        
 10  하늘질주             혀보정끈                          2022.05.30인푸렌자예방접종,일본뇌염예방접종
                          망사눈가면                                                      

경주일: 2022.08.06   4 경주
─────────────────────────────────────────────────────────  
 No  마명                보조장구               폐출혈            진료사항                  
─────────────────────────────────────────────────────────  
  1  진마크               망사가면                          2022.07.28정치                
                          Triabit러깅재갈                   2022.07.25우각막찰과상        
  2  최강포스             귀가면(예시&출장                  2022.07.13산통                
                          망사가면                          2022.07.11좌전지파행          
  3  노블카우보이         망사눈가면                        2022.07.24좌각막찰과상        
                          Triabit러깅재갈                   2022.07.01우각막찰과상        
  4  마이송               Triabit러깅재갈                   2022.07.27좌각막찰과상        
                          망사가면                          2022.06.25우전지 근육통       
  5  그레이트원           망사가면                          2022.07.18우전지교돌상        
                          반가지큰고리재갈                  2022.06.05정치                
  6  용가리               계란형큰고리재갈                  2022.07.26양전지 근육통       
                          망사가면                          2022.07.11좌각막찰과상        
  7  닥터캔디             계란형큰고리재갈                  2022.07.25우각막찰과상        
                          망사눈가면                        2022.07.02좌전지교돌상        
  8  배다리아이콘         꼬리받침                          2022.07.26좌후지교돌상        
                          BlueBond편자                      2022.07.11양후지 근육통       
  9  퀸스타               귀가면(예시&출장                  2022.08.03운동기인성 피로회복(수액처치)
                          망사가면                          2022.07.10좌후지교돌상        
 10  해피송송             귀가면(예시&출장                  2022.07.26우각막찰과상        
                          망사가면                          2022.07.11좌각막찰과상        
 11  보람이               반가지큰고리재갈                  2022.07.24우후 구절부 찰과상  
                          BlueBond편자                      2022.07.16우후제저타박상      

경주일: 2022.08.06   5 경주
─────────────────────────────────────────────────────────  
 No  마명                보조장구               폐출혈            진료사항                  
─────────────────────────────────────────────────────────  
  1  바벨피닉스           꼬리받침                          2022.07.17우각막찰과상        
                          눈가면                            2022.06.02인푸렌자예방접종,일본뇌염예방접종
  2  이글스타             눈가리개                          2022.08.01운동기인성 피로회복(수액처치)
                          귀가면(예시&출장                  2022.07.26좌각막찰과상        
  3  아티스갈             JR러깅재갈                        2022.06.17우전지교돌상        
                          망사눈가면                        2022.05.27인푸렌자예방접종,일본뇌염예방접종
  4  투투코인             Triabit러깅재갈                   2022.07.27우각막찰과상        
                          망사가면                          2022.07.11감기                
  5  월드플라워           계란형큰고리재갈                  2022.07.26우각막찰과상        
                          귀가면(예시&출장                  2022.07.11좌각막찰과상        
  6  투투라임             계란형큰고리재갈                  2022.07.22우각막찰과상        
                          망사가면                          2022.05.20피부염              
  7  크라우드원           귀가면(예시&출장                  2022.07.04좌각막찰과상        
                          망사가면                          2022.07.01운동기인성 피로회복(수액처치)
  8  치프오피서           망사눈가면                        2022.07.06양전구절염          
                          반가지큰고리재갈                  2022.07.05좌각막찰과상        

경주일: 2022.08.06   6 경주
─────────────────────────────────────────────────────────  
 No  마명                보조장구               폐출혈            진료사항                  
─────────────────────────────────────────────────────────  
  1  마인드존             꼬리받침                          2022.07.03좌각막찰과상        
                          망사눈가면                        2022.05.26인푸렌자예방접종,일본뇌염예방접종
  2  천하넘버원           계란형큰고리재갈                  2022.07.26양전지 근육통       
                          망사눈가면                        2022.07.11우후지교돌상        
  3  샤카                 계란형큰고리재갈                  2022.07.21좌전지교돌상        
                          귀가면(예시&출장                  2022.07.11운동기인성 피로회복 
  4  저스트윈             계란형큰고리재갈                  2022.06.22양전구절염          
                          눈가면                            2022.06.20인푸렌자예방접종,일본뇌염예방접종
  5  로켓소리             망사눈가면                        2022.07.27좌각막찰과상        
                          귀가면(예시&출장                  2022.06.08인푸렌자예방접종,일본뇌염예방접종
  6  독보                 망사눈가면                        2022.07.03우각막찰과상        
                          계란형큰고리재갈                  2022.06.19정치,발치           
  7  한라누리             망사가면                          2022.07.23좌전지교돌상        
                          반가지큰고리재갈                  2022.06.11우전지교돌상        
  8  컬러풀윈드           귀가면(예시&출장                  2022.08.01운동기인성 피로회복(수액처치)
                          계란형큰고리재갈                  2022.07.18우각막찰과상        
  9  미녀봉               꼬리받침                          2022.08.01운동기인성 피로회복(수액처치)
                          귀가면(예시&출장                  2022.05.25인푸렌자예방접종,일본뇌염예방접종
 10  동부월드             Triabit러깅재갈                   2022.07.09좌각막찰과상        
                          망사가면                          2022.07.05운동기인성 피로회복(수액처치)
 11  청호보스             BlueBond편자                      2022.07.24우각막찰과상        
                          망사눈가면                        2022.07.18운동기인성 피로회복(수액처치)

경주일: 2022.08.06   7 경주
─────────────────────────────────────────────────────────  
 No  마명                보조장구               폐출혈            진료사항                  
─────────────────────────────────────────────────────────  
  1  대호전설             계란형큰고리재갈                  2022.07.25좌각막찰과상        
                          망사가면                          2022.07.18운동기인성 피로회복(수액처치)
  2  서던킹               계란형큰고리재갈                  2022.07.24정치                
                          망사눈가면                        2022.07.06양제3중수골골막염   
  3  부산미소             계란형큰고리재갈                  2022.08.03운동기인성 피로회복(수액처치)
                                                            2022.07.27양후지 근육통       
  4  스타캐치             Triabit러깅재갈                   2022.07.27양각막찰과상        
                          망사가면                          2022.07.08운동기인성 피로회복(수액처치)
  5  케이케이원           구각자극판                        2022.07.27좌각막찰과상        
                          Triabit러깅재갈                   2022.05.25인푸렌자예방접종,일본뇌염예방접종
  6  로열골드             망사눈가면                        2022.07.06양전구절염          
                          반가지큰고리재갈                  2022.07.05좌각막찰과상        
  7  퀸할리               귀가면(예시&출장                  2022.07.26우각막찰과상        
                          망사가면                          2022.07.15좌각막찰과상        
  8  마이데스티니         망사눈가면                        2022.07.17좌각막찰과상        
                          계란형큰고리재갈                  2022.07.02운동기인성 피로회복 
  9  맨오브더월드         계란형큰고리재갈                  2022.08.03운동기인성 피로회복(수액처치)
                          귀가면(예시&출장                  2022.07.27우각막찰과상        
 10  타핏원더풀           꼬리받침                          2022.07.31운동기인성 피로회복(수액처치)
                          귀가면(예시&출장                  2022.07.06우완관절염          

경주일: 2022.08.06   8 경주
─────────────────────────────────────────────────────────  
 No  마명                보조장구               폐출혈            진료사항                  
─────────────────────────────────────────────────────────  
  1  쏜살처럼             눈가리개                          2022.07.10진정(보정)          
                          망사가면                          2022.06.25양전지 근육통       
  2  캐치더빅토리         귀가면(예시&출장                  2022.07.31운동기인성 피로회복(수액처치)
                          반가지큰고리재갈                  2022.05.16인푸렌자예방접종,일본뇌염예방접종
  3  원더풀피스           Triabit러깅재갈                   2022.07.22좌완관절염          
                          망사가면                          2022.07.19좌전지파행          
  4  스페이스마린         Triabit러깅재갈                   2022.07.12술후처치(거세술)    
                          망사가면                          2022.07.03거세술              
  5  패션블레이드         계란형큰고리재갈                  2022.07.08우비절단종(우비절외상성점액낭염)
                          망사가면                          2022.06.14양전구절염          
  6  비케이룩스           에퀼락스편자                      2022.07.20우전의동            
                          BlueBond편자                      2022.07.17우각막찰과상        
  7  원픽                 반가지큰고리재갈                  2022.07.19좌전지교돌상        
                          망사눈가면                        2022.07.15운동기인성 피로회복(수액처치)
  8  그레이트굿           망사가면                          2022.07.18좌후지교돌상        
                          반가지큰고리재갈                  2022.06.25우후지교돌상        
  9  선더킹               Triabit러깅재갈                   2022.05.20인푸렌자예방접종,일본뇌염예방접종
                          혀보정끈                                                        
 10  에이스데이           망사가면                          2022.05.29인푸렌자예방접종,일본뇌염예방접종
                                                            2022.05.10양전지 근육통       
 11  마이베이비걸         BlueBond편자                      2022.07.03좌각막찰과상        
                          망사눈가면                        2022.05.20인푸렌자예방접종,일본뇌염예방접종

경주일: 2022.08.07   1 경주
─────────────────────────────────────────────────────────  
 No  마명                보조장구               폐출혈            진료사항                  
─────────────────────────────────────────────────────────  
  1  닥터쿠쿠             계란형큰고리재갈                  2022.07.17운동기인성 피로회복(수액처치)
                                                            2022.06.09좌각막찰과상        
  2  투투플라잉           Triabit러깅재갈                   2022.07.16좌각막찰과상        
                          망사가면                          2022.06.26감기                
  3  즐거운여정           계란형큰고리재갈                  2022.07.19좌전지교돌상        
                          귀가면(예시&출장                  2022.07.18운동기인성 피로회복 
  4  선더퓨리             귀가면(예시&출장                  2022.07.10좌각막찰과상        
                          망사눈가면                        2022.05.23인푸렌자예방접종,일본뇌염예방접종
  5  성실스타             계란형큰고리재갈                  2022.07.16좌각막찰과상        
                                                            2022.05.21정치,낭치           
  6  빌드업               반가지큰고리재갈                  2022.07.11우각막찰과상        
                                                            2022.07.08운동기인성 피로회복(수액처치)
  7  그레이트미스         귀가면(예시&출장                  2022.07.27좌각막찰과상        
                          망사가면                          2022.07.13물리치료(쇽웨이브)  
  8  구디                 계란형큰고리재갈                  2022.08.03운동기인성 피로회복(수액처치)
                          귀가면(예시&출장                  2022.07.03양각막찰과상        
  9  페가콘               망사가면                          2022.06.26좌전지교돌상        
                          반가지큰고리재갈                  2022.06.23술후처치            

경주일: 2022.08.07   2 경주
─────────────────────────────────────────────────────────  
 No  마명                보조장구               폐출혈            진료사항                  
─────────────────────────────────────────────────────────  
  1  담양의신             망사가면                          2022.07.11양각막찰과상        
                          혀보정끈                          2022.06.10감기                
  2  정문스펙터           계란형큰고리재갈                  2022.05.20인푸렌자예방접종,일본뇌염예방접종
                          망사가면                                                        
  3  영광의탱크           JR러깅재갈                        2022.07.15정치                
                          망사눈가면                        2022.07.05좌각막찰과상        
  4  하늘제왕             계란형큰고리재갈                  2022.07.31운동기인성 피로회복(수액처치)
                          귀가면(예시&출장                  2022.05.29인푸렌자예방접종,일본뇌염예방접종
  5  선더크라운           귀가면(예시&출장                  2022.07.28양후지 근육통       
                          Triabit러깅재갈                   2022.06.19우각막찰과상        
  6  버디버디             계란형큰고리재갈                  2022.07.20정치                
                          망사가면                          2022.05.26운동기인성 피로회복 
  7  불의산               Triabit러깅재갈                   2022.06.25우각막찰과상        
                          망사가면                          2022.06.12진정(장제)          
  8  원더풀앤도버         망사가면                          2022.07.04좌전지교돌상        
                          반가지큰고리재갈                  2022.06.05양전지 근육통       
  9  팬스타               망사눈가면                        2022.08.01운동기인성 피로회복(수액처치)
                          반가지큰고리재갈                  2022.07.09진정(장제)          

경주일: 2022.08.07   3 경주
─────────────────────────────────────────────────────────  
 No  마명                보조장구               폐출혈            진료사항                  
─────────────────────────────────────────────────────────  
  1  그래핀킹             계란형큰고리재갈                  2022.08.01운동기인성 피로회복(수액처치)
                          귀가면(예시&출장                  2022.07.28우각막찰과상        
  2  감동에너지           귀가면(예시&출장                  2022.07.28우각막찰과상        
                          Triabit러깅재갈                   2022.05.25인푸렌자예방접종,일본뇌염예방접종
  3  골든캠프             계란형큰고리재갈                  2022.07.04진정(장제)          
                          망사눈가면                        2022.06.11진정(장제),정치     
  4  스타마타             망사가면                          2022.07.25진정(장제)          
                          반가지큰고리재갈                  2022.07.24좌각막찰과상        
  5  블랙지수             망사가면                          2022.06.24정치,발치           
                          계란형큰고리재갈                  2022.05.15인푸렌자예방접종,일본뇌염예방접종
  6  스파이스엑톤         계란형큰고리재갈                  2022.07.20진정(보정)          
                          망사가면                          2022.06.14우제3중수골골막염   
  7  불의여신             Triabit러깅재갈                   2022.07.27우각막찰과상        
                          망사가면                          2022.05.15인푸렌자예방접종,일본뇌염예방접종
  8  금빛여장군           좌측 ROPE                         2022.07.31운동기인성 피로회복(수액처치)
                          망사가면                          2022.07.11좌중족부찰과상      
  9  아너칼               귀가면(예시&출장                  2022.08.01운동기인성 피로회복(수액처치)
                          망사가면                                                        
 10  제이에스데이         Triabit러깅재갈                                                 
                          망사가면                                                        
 11  팬텀에이스           망사가면                          2022.07.11좌각막찰과상        
                          계란형큰고리재갈                  2022.06.12인푸렌자예방접종,일본뇌염예방접종

경주일: 2022.08.07   4 경주
─────────────────────────────────────────────────────────  
 No  마명                보조장구               폐출혈            진료사항                  
─────────────────────────────────────────────────────────  
  1  원더풀티즈           계란형큰고리재갈                  2022.07.12좌전지 부종         
                          망사눈가면                        2022.07.11귀진드기감염증      
  2  엑톤파워             구각자극판                        2022.07.23좌전지교돌상        
                          망사눈가면                        2022.07.12좌후 구절부 찰과상  
  3  영성프린스           망사가면                          2022.07.11우각막찰과상        
                          우측 ROPE                         2022.05.30좌각막찰과상        
  4  스마일리래리         계란형큰고리재갈                  2022.08.03운동기인성 피로회복(수액처치)
                          귀가면(예시&출장                  2022.07.28물리치료(쇽웨이브)  
  5  굿바이래비츠         귀가면(예시&출장                  2022.07.11우각막찰과상        
                          계란형큰고리재갈                  2022.06.06좌각막찰과상        
  6  오렌지스타           JR러깅재갈                        2022.07.24좌각막찰과상        
                          귀가면(예시&출장                  2022.07.20운동기인성 피로회복(수액처치)
  7  이터널에이스         계란형큰고리재갈                  2022.07.17좌전지교돌상        
                          망사가면                          2022.06.20요배통              
  8  사이먼탑건           망사눈가면                        2022.07.26양후지 근육통       
                          반가지큰고리재갈                  2022.07.13양전구절염          
  9  딕시밴드             망사가면                          2022.07.02좌전지교돌상        
                          반가지큰고리재갈                  2022.06.05양전지 근육통       
 10  퓨어매직             BlueBond편자                      2022.05.22인푸렌자예방접종,일본뇌염예방접종
                          반가지큰고리재갈                                                

경주일: 2022.08.07   5 경주
─────────────────────────────────────────────────────────  
 No  마명                보조장구               폐출혈            진료사항                  
─────────────────────────────────────────────────────────  
  1  챔프고               혀보정끈                          2022.07.26양전지 근육통       
                          JR러깅재갈                        2022.06.03정치                
  2  나르캣               망사가면                          2022.07.10양전지 근육통       
                          반가지큰고리재갈                  2022.06.28좌전지교돌상        
  3  닥터칼리파           망사눈가면                        2022.07.23우각막찰과상        
                          계란형큰고리재갈                  2022.07.07진정(보정)          
  4  금아님블             귀가면(예시&출장                  2022.07.18좌전지교돌상        
                          망사눈가면                        2022.05.22인푸렌자예방접종,일본뇌염예방접종
  5  솔라세일             계란형큰고리재갈                  2022.07.06좌각막찰과상        
                          망사가면                          2022.05.30인푸렌자예방접종,일본뇌염예방접종
  6  패션포스원           망사눈가면                        2022.07.09양전지 근육통       
                          반가지큰고리재갈                  2022.07.06운동기인성 피로회복(수액처치)
  7  언제나영웅           망사눈가면                        2022.05.27인푸렌자예방접종,일본뇌염예방접종
                          반가지큰고리재갈                                                
  8  선샤인스타           귀가면(예시&출장                  2022.08.01운동기인성 피로회복(수액처치)
                          계란형큰고리재갈                  2022.07.28좌각막찰과상        
  9  원더골               BlueBond편자                      2022.07.26양후지 근육통       
                          계란형큰고리재갈                  2022.07.02좌전지교돌상        
 10  퀸오브스피릿         망사가면                          2022.07.16좌각막찰과상        
                          Triabit러깅재갈                   2022.06.10운동기인성 피로회복(수액처치)

경주일: 2022.08.07   6 경주
─────────────────────────────────────────────────────────  
 No  마명                보조장구               폐출혈            진료사항                  
─────────────────────────────────────────────────────────  
  1  성치대로             계란형큰고리재갈                  2022.07.18좌각막찰과상        
                          귀가면(예시&출장                  2022.05.30인푸렌자예방접종,일본뇌염예방접종
  2  샤이니스타           귀가면(예시&출장                  2022.07.12우후지파행          
                          Triabit러깅재갈                   2022.07.08좌전지교돌상        
  3  유로스타             Triabit러깅재갈                   2022.07.22우각막찰과상        
                          망사가면                          2022.07.10운동기인성 피로회복(수액처치)
  4  호랭이               계란형큰고리재갈                  2022.07.24운동기인성 피로회복(수액처치)
                          망사가면                          2022.07.12좌각막찰과상        
  5  더프린세스           반가지큰고리재갈                  2022.07.06운동기인성 피로회복(수액처치)
                          망사가면                          2022.06.17물리치료(쇽웨이브)  
  6  서귀포에이스         계란형큰고리재갈                  2022.06.03인푸렌자예방접종,일본뇌염예방접종
                          망사가면                          2022.05.21진정(보정)          
  7  스페셜존             Triabit러깅재갈                   2022.07.27좌각막찰과상        
                          망사가면                          2022.07.17요배통              
  8  금의맨               망사눈가면                        2022.07.26우각막찰과상        
                          계란형큰고리재갈                  2022.07.20좌각막찰과상        
  9  정문치타             계란형큰고리재갈                  2022.07.28진정(보정)          
                          망사가면                          2022.07.19좌전지파행          
 10  당대블루             꼬리받침                          2022.05.16인푸렌자예방접종,일본뇌염예방접종
                          눈가리개                                                        

경주일: 2022.08.07   7 경주
─────────────────────────────────────────────────────────  
 No  마명                보조장구               폐출혈            진료사항                  
─────────────────────────────────────────────────────────  
  1  에이원스             망사가면                          2022.07.05양전지 근육통       
                          반가지큰고리재갈                  2022.06.24운동기인성 피로회복(수액처치)
  2  굿삭스               눈가면                            2022.07.20정치                
                          계란형큰고리재갈                  2022.07.14진정(보정)          
  3  백구                 망사눈가면                        2022.07.27좌각막찰과상        
                                                            2022.07.10비출혈              
  4  탐라하늘             반가지큰고리재갈                  2022.07.24좌각막찰과상        
                                                            2022.07.22운동기인성 피로회복(수액처치)
  5  블루스카이           Triabit러깅재갈                   2022.07.28양후지 근육통       
                          망사눈가면                        2022.07.15양전지 근육통       
  6  우승헌터             망사눈가면                        2022.07.25좌각막찰과상        
                          BlueBond편자                      2022.06.20우각막찰과상        
  7  인디초이스           반가지큰고리재갈                  2022.07.10좌전지교돌상        
                          망사눈가면                        2022.07.08운동기인성 피로회복(수액처치)

경주일: 2022.08.07   8 경주
─────────────────────────────────────────────────────────  
 No  마명                보조장구               폐출혈            진료사항                  
─────────────────────────────────────────────────────────  
  1  운주스타             망사눈가면                        2022.08.03운동기인성 피로회복(수액처치)
                          반가지큰고리재갈                  2022.07.26운동기인성 피로회복 
  2  화랑스카이           망사가면                          2022.07.18좌전지교돌상        
                                                            2022.07.15운동기인성 피로회복(수액처치)
  3  금아인피니티         계란형큰고리재갈                  2022.07.21정치                
                          귀가면(예시&출장                  2022.07.10우전지교돌상        
  4  우승강자             꼬리받침           2021.05.02 1회 2022.05.22인푸렌자예방접종,일본뇌염예방접종
                          망사눈가면                                                      
  5  그린치타             Triabit러깅재갈                   2022.07.22좌각막찰과상        
                          망사가면                          2022.05.15인푸렌자예방접종,일본뇌염예방접종
  6  와일드아델           계란형큰고리재갈                  2022.07.14좌중족부찰과상      
                          망사가면                          2022.07.06진정(장제)          
  7  함안봉화산           귀가면(예시&출장                  2022.07.26좌중수부 찰과상     
                          망사가면                          2022.07.19좌전지교돌상        
  8  퍼스트파크           Triabit러깅재갈                   2022.07.28양전지 근육통       
                          귀가면(예시&출장                  2022.07.17우전지교돌상        
  9  스타티세             망사가면                          2022.07.23좌후지교돌상        
                          계란형큰고리재갈                  2022.07.11좌전지교돌상        
 10  서부특급             귀가면(예시&출장                  2022.07.28양각막찰과상        
                          망사눈가면                        2022.07.24좌각막찰과상        
 11  킹파티               망사눈가면                        2022.07.15우전지교돌상        
                                                            2022.07.13운동기인성 피로회복(수액처치)

경주일: 2022.08.07   9 경주
─────────────────────────────────────────────────────────  
 No  마명                보조장구               폐출혈            진료사항                  
─────────────────────────────────────────────────────────  
  1  수소파워             BlueBond편자                      2022.07.26양후지 근육통       
                          귀가면(예시&출장                  2022.07.11우전지교돌상        
  2  바운티헌터           망사눈가면                        2022.07.15좌전지교돌상        
                          JR러깅재갈                        2022.05.29인푸렌자예방접종,일본뇌염예방접종
  3  트리플질주           망사가면                          2022.05.16인푸렌자예방접종,일본뇌염예방접종
                          구각자극판                                                      
  4  할리우드파티         귀가면(예시&출장                  2022.07.18운동기인성 피로회복 
                          계란형큰고리재갈                  2022.07.17좌후지교돌상        
  5  대지스페셜           BlueBond편자                      2022.07.23좌각막찰과상        
                          망사가면                          2022.05.16인푸렌자예방접종,일본뇌염예방접종
  6  고수의파워           망사가면                          2022.07.11운동기인성 피로회복 
                          계란형큰고리재갈                  2022.05.20인푸렌자예방접종,일본뇌염예방접종
  7  퀸즈대로             망사가면                          2022.07.17진정(장제)          
                          반가지큰고리재갈                  2022.07.11우전지교돌상        
  8  아트켈리             귀가면(예시&출장                  2022.08.01운동기인성 피로회복(수액처치)
                          반가지큰고리재갈                                                
  9  애니라인             귀가면(예시&출장                  2022.07.20양전구절염          
                          망사눈가면                        2022.05.30인푸렌자예방접종,일본뇌염예방접종
 10  동부스타             망사눈가면                        2022.07.25좌각막찰과상        
                          Triabit러깅재갈                   2022.07.20좌전지 근육통       
 11  윈드크로스           반가지큰고리재갈                  2022.07.18좌각막찰과상        
                          망사가면                          2022.06.19우둔부 찰과상       

경주일: 2022.08.07   10경주
─────────────────────────────────────────────────────────  
 No  마명                보조장구               폐출혈            진료사항                  
─────────────────────────────────────────────────────────  
  1  할리우드퀸           망사눈가면                        2022.07.26좌완슬부 찰과상     
                          반가지큰고리재갈                  2022.06.18정치                
  2  폭풍질주             망사가면                          2022.08.01운동기인성 피로회복(수액처치)
                          귀가면(예시&출장                  2022.07.28우각막찰과상        
  3  야생화               망사눈가면                        2022.07.27양후지 근육통       
                                                            2022.07.19좌각막찰과상        
  4  킹비드               망사눈가면                        2022.07.17좌전지교돌상        
                          계란형큰고리재갈                  2022.06.28우전지교돌상        
  5  쾌한황금             계란형큰고리재갈                  2022.08.03운동기인성 피로회복(수액처치)
                          귀가면(예시&출장                  2022.07.26양후지 근육통       
  6  루사                 망사가면                          2022.06.08인푸렌자예방접종,일본뇌염예방접종
                          Triabit러깅재갈                   2022.06.04좌각막찰과상        
  7  용천                 망사가면                          2022.07.23좌각막찰과상        
                                                            2022.05.30인푸렌자예방접종,일본뇌염예방접종
  8  히어로맨             망사가면                          2022.07.22좌각막찰과상        
                          Triabit러깅재갈                   2022.05.29우각막찰과상        

경주일: 2022.08.07   11경주
─────────────────────────────────────────────────────────  
 No  마명                보조장구               폐출혈            진료사항                  
─────────────────────────────────────────────────────────  
  1  수소엔진             망사가면                          2022.07.26양후지교돌상        
                          귀가면(예시&출장                  2022.07.11좌후지교돌상        
  2  케이에프원           계란형큰고리재갈                  2022.07.18우각막찰과상        
                          망사가면                          2022.07.13운동기인성 피로회복(수액처치)
  3  캡틴스텔스           망사눈가면                        2022.07.20양전구절염          
                          BlueBond편자                      2022.07.19우각막찰과상        
  4  운주오션             귀가면(예시&출장                  2022.07.31운동기인성 피로회복(수액처치)
                          계란형큰고리재갈                  2022.07.17우각막찰과상        
  5  블랙올리브           계란형큰고리재갈                  2022.07.28진정(보정)          
                          양털코굴레                        2022.07.16우전구절찰과상      
  6  일념천하             망사눈가면                        2022.07.08좌각막찰과상        
                          Triabit러깅재갈                   2022.06.08인푸렌자예방접종,일본뇌염예방접종
  7  맨오브더스타         계란형큰고리재갈                  2022.08.01운동기인성 피로회복(수액처치)
                          귀가면(예시&출장                  2022.07.28좌각막찰과상        
  8  베스트함성           망사눈가면                        2022.07.24정치,발치           
                          반가지큰고리재갈                  2022.07.15우전구절염          
  9  서귀포인트           망사가면           2021.09.10 1회 2022.07.16좌각막찰과상        
                          Triabit러깅재갈                   2022.06.11양전구절염          
 10  천년의약속           Triabit러깅재갈                   2022.07.23우중수부원위부굴건건초염
                          망사가면                          2022.07.21좌각막찰과상        

경주일: 2022.08.07   12경주
─────────────────────────────────────────────────────────  
 No  마명                보조장구               폐출혈            진료사항                  
─────────────────────────────────────────────────────────  
  1  은성영웅             망사눈가면                        2022.07.28좌각막찰과상        
                          혀보정끈                          2022.07.04우각막찰과상        
  2  갤럭시오브           망사눈가면                        2022.07.12좌전지교돌상        
                          JR러깅재갈                        2022.06.17좌전지파행          
  3  루킹캣               귀가면(예시&출장                  2022.05.11인푸렌자예방접종,일본뇌염예방접종
                          망사가면                                                        
  4  원더블레이드         망사눈가면                        2022.07.28진정(보정)          
                                                            2022.07.24양전구절염          
  5  위너스타임           망사눈가면                        2022.06.24정치                
                          계란형큰고리재갈                  2022.06.21요배통              
  6  청담드라이브         우측 ROPE                         2022.07.09양전구절염          
                          망사가면                          2022.07.03좌각막찰과상        
  7  에이치데이           귀가면(예시&출장                  2022.07.24양전구절염          
                          계란형큰고리재갈                  2022.07.21양후지 근육통       
  8  비스틀리             혀보정끈                          2022.07.16양전지 근육통       
                          양털코굴레                        2022.07.15좌각막찰과상        
  9  허니드래건           JR러깅재갈                        2022.07.16좌후지교돌상        
                          망사눈가면                        2022.06.21우전지교돌상        
 10  골드프린스           구각자극판                        2022.07.17좌전지교돌상        
                          망사가면                          2022.07.15양전구절염          

경주일: 2022.08.07   13경주
─────────────────────────────────────────────────────────  
 No  마명                보조장구               폐출혈            진료사항                  
─────────────────────────────────────────────────────────  
  1  에이스잭팟           반가지큰고리재갈   2021.09.03 1회 2022.07.06정치                
                          망사가면                          2022.06.25우전지교돌상        
  2  금아니피             귀가면(예시&출장                  2022.06.10좌후지교돌상        
                          계란형큰고리재갈                  2022.06.08운동기인성 피로회복(수액처치)
  3  신비한강자           망사가면                          2022.07.27정치                
                                                            2022.07.26우각막찰과상        
  4  트래픽마린           망사눈가면                        2022.07.15우후지교돌상        
                          계란형큰고리재갈                  2022.07.13운동기인성 피로회복(수액처치)
  5  최강마린             망사눈가면                        2022.07.04좌후지교돌상        
                          반가지큰고리재갈                  2022.06.29운동기인성 피로회복(수액처치)
  6  원더풀월드           귀가면(예시&출장                  2022.07.31운동기인성 피로회복(수액처치)
                          망사가면                          2022.07.17좌각막찰과상        
  7  미드나이트퀸         망사가면                          2022.06.18좌후지교돌상        
                          반가지큰고리재갈                  2022.05.30우후지교돌상        
  8  애니카걸             망사눈가면                        2022.07.12좌주두점액낭염(좌주종)
                          Triabit러깅재갈                   2022.07.06운동기인성 피로회복(수액처치)
  9  온누리강자           귀가면(예시&출장   2019.09.06 1회 2022.07.24우전지교돌상        
                          계란형큰고리재갈                  2022.07.09좌전지교돌상        
 10  킹그레이스           망사가면                          2022.07.19양전지 근육통       
                          계란형큰고리재갈                  2022.06.11우각막찰과상        

경주일: 2022.08.07   14경주
─────────────────────────────────────────────────────────  
 No  마명                보조장구               폐출혈            진료사항                  
─────────────────────────────────────────────────────────  
  1  파인의꿈             계란형큰고리재갈                  2022.07.18우후지교돌상        
                          망사눈가면                        2022.07.10운동기인성 피로회복(수액처치)
  2  체인지백             JR러깅재갈                        2022.07.25좌각막찰과상        
                          구각자극판                        2022.06.02좌후 구절부 찰과상  
  3  기적의적토마         귀가면(예시&출장                  2022.08.01운동기인성 피로회복(수액처치)
                          망사가면                          2022.07.28좌각막찰과상        
  4  정수시대             망사가면                          2022.07.28양후지 근육통       
                          JR러깅재갈                        2022.07.25물리치료(쇽웨이브)  
  5  트루밸러             계란형큰고리재갈                  2022.07.26우전지교돌상        
                          망사눈가면                        2022.06.19우후지교돌상        
  6  다르마               꼬리받침                          2022.07.09우각막찰과상        
                          귀가면(예시&출장                  2022.07.06정치                
  7  파워트레인           망사가면                          2022.07.18우후지교돌상        
                          반가지큰고리재갈                  2022.06.20좌후지교돌상        
  8  불의검               망사눈가면                        2022.07.11좌각막찰과상        
                          Triabit러깅재갈                   2022.07.08운동기인성 피로회복(수액처치)
  9  해피우먼             망사가면                          2022.07.09우전지교돌상        
                          반가지큰고리재갈                  2022.07.04정치,발치           
 10  갤럭시로드           망사가면                          2022.07.13양전구절염          
                          반가지큰고리재갈                  2022.07.10우전지교돌상        
 11  트라이엄프캣         망사눈가면                        2022.08.03운동기인성 피로회복(수액처치)
                          혀보정끈                          2022.07.05우각막찰과상        

경주일: 2022.08.07   15경주
─────────────────────────────────────────────────────────  
 No  마명                보조장구               폐출혈            진료사항                  
─────────────────────────────────────────────────────────  
  1  톱파이어             눈가면                            2022.07.08진정(장제)          
                          반가지큰고리재갈                  2022.06.22우후지교돌상        
  2  카피댓               망사눈가면                        2022.07.22물리치료(쇽웨이브)  
                          JR러깅재갈                        2022.07.05좌전지교돌상        
  3  벌마의스타           계란형큰고리재갈                  2022.07.18좌후지교돌상        
                          망사가면                          2022.07.10운동기인성 피로회복(수액처치)
  4  해피피버             귀가면(예시&출장                  2022.07.22우후 구절부 찰과상  
                                                            2022.06.18정치                
  5  투투그레이트         Triabit러깅재갈                   2022.07.04좌각막찰과상        
                          망사가면                          2022.05.15인푸렌자예방접종,일본뇌염예방접종
  6  닥터패션             혀보정끈                          2022.07.08우각막찰과상        
                          망사가면                          2022.07.05좌후지교돌상        
  7  부산항갈매기         귀가면(예시&출장                  2022.07.28양전구절염,양후지 근육통
                          망사가면                          2022.07.22양전지 근육통       
  8  온누리질주           계란형큰고리재갈                  2022.07.28정치                
                                                            2022.06.05좌각막찰과상        
  9  영광의파티           망사눈가면                        2022.07.06운동기인성 피로회복 
                          계란형큰고리재갈                  2022.07.05좌각막찰과상        
 10  톱데이               망사가면                          2022.05.15인푸렌자예방접종,일본뇌염예방접종
                          계란형큰고리재갈                                                
 11  일념통천             Triabit러깅재갈                   2022.07.28우각막찰과상        
                          망사눈가면                        2022.06.08인푸렌자예방접종,일본뇌염예방접종

