

제목 : 22년06월05일(일)  제 1경주

(서울) 제42일 1300M 국6등급    별정A       경주명 : 일반                        
경주조건:       R0~0  3세이하                    날씨:흐림 주로:건조  (3%)
순위상금: 22,000천원   8,800천원   5,600천원   2,000천원   1,600천원
부가상금:      0천원       0천원       0천원
-------------------------------------------------------------------------------------------------
순위 마번    마    명         산지   성별 연령 부담중량  기수명   조교사   마주명           레이팅
-------------------------------------------------------------------------------------------------
  1    9  오천복               한     암     3    54.0   이현종   서인석   박정배                
  2    1  금아시크             한(포) 암     3    54.0   빅투아르 리카디   금아산업(주)          
  3   11  마루마               한     거     3    56.0   장추열   박대흥   (주)디알엠씨티        
  4    7  킹아너               한     수     3    56.0   안토니오 박윤규   희망홀스              
  5   12  리저브드존           한     암     3    54.0   먼로     강환민   김태권                
  6   10  트리플조이           한     거     3    56.0   유승완   곽영효   나기두                
  7    5  희망워리어           한     암     3    54.0   김태훈   신삼영   희망홀스              
  8    4  스피어퀸             한     암     3    54.0   신형철   유재길   김수경                
  9    3  매직신화             한     수     3    56.0   함완식   최영주   김근영                
 10    8  위대한한마           한     암     3    54.0   조상범   박재우   이미양                
 11    2  금성최고             한     수     3    56.0   박병윤   김윤섭   조창규                
 12    6  남산바이트           한     수     3    56.0   문성혁   서인석   이성님                
-------------------------------------------------------------------------------------------------
순위 마번    마      명       마 체 중  기 록  도 착 차  S1F-1C-2C-3C-4C-G1F
-------------------------------------------------------------------------------------------------
  1    9  오천복               509(+15) 1:21.7            5-  -  - 7- 5- 3
  2    1  금아시크             448( +6) 1:22.1  2½       1-  -  - 3- 3- 2
  3   11  마루마               455(-19) 1:22.1  목        4-  -  - 2- 1- 1
  4    7  킹아너               479( -3) 1:23.4  7         3-  -  - 4- 4- 5
  5   12  리저브드존           471( +2) 1:23.5  머리     12-  -  - 9- 9- 9
  6   10  트리플조이           504( +3) 1:23.7  1¼       6-  -  - 5- 7- 6
  7    5  희망워리어           451( +3) 1:23.8  ½        8-  -  - 8- 8- 8
  8    4  스피어퀸             451( +3) 1:24.3  3         7-  -  - 6- 6- 4
  9    3  매직신화             484( +3) 1:25.4  6         9-  -  -10-11-11
 10    8  위대한한마           459(+13) 1:25.9  2½       2-  -  - 1- 2- 7
 11    2  금성최고             508( +2) 1:26.7  5        10-  -  -12-12-12
 12    6  남산바이트           504(+22) 1:27.2  3        11-  -  -11-10-10
-------------------------------------------------------------------------------------------------
순위 마번    G-3Ｆ   S-1F  １코너  ２코너  ３코너  ４코너    G-1F  단승식 연승식
-------------------------------------------------------------------------------------------------
  1    9   37.7    0:14.0                  0:31.7  0:50.2   13.0      3.5    1.4
  2    1   38.8    0:13.8                  0:31.1  0:49.6   13.5     18.5    3.2
  3   11   39.0    0:13.9                  0:30.8  0:49.4   13.5      1.8    1.2
  4    7   40.0    0:13.9                  0:31.1  0:50.0   13.5     16.9    3.2
  5   12   38.7    0:14.7                  0:32.3  0:51.0   13.2     11.6    3.1
  6   10   39.6    0:14.0                  0:31.4  0:50.5   13.8      8.8    1.7
  7    5   39.2    0:14.2                  0:32.0  0:50.9   13.6     41.8    5.3
  8    4   40.3    0:14.1                  0:31.7  0:50.3   14.4    126.4   19.2
  9    3   40.0    0:14.4                  0:32.7  0:51.6   14.1     79.8   27.5
 10    8   42.8    0:13.8                  0:30.8  0:49.5   15.9     29.2    3.9
 11    2   40.5    0:14.5                  0:33.3  0:52.6   14.6    134.5   33.8
 12    6   41.9    0:14.5                  0:32.7  0:51.5   16.0     67.3    7.5
-------------------------------------------------------------------------------------------------
(복승식 배당률)
  1- 2   888.3  2- 9   567.3  4- 5   948.3  5-15     0.0  8- 9    32.8 11-12     9.2
  1- 3   655.1  2-10  1279.5  4- 6  2071.5  5-16     0.0  8-10    51.1 11-13     0.0
  1- 4   902.2  2-11   509.5  4- 7   995.4  6- 7   401.5  8-11    20.4 11-14     0.0
  1- 5   155.3  2-12  1256.8  4- 8  1259.9  6- 8   387.7  8-12    76.1 11-15     0.0
  1- 6   365.0  2-13     0.0  4- 9   357.0  6- 9   152.1  8-13     0.0 11-16     0.0
  1- 7    77.9  2-14     0.0  4-10   847.9  6-10   250.0  8-14     0.0 12-13     0.0
  1- 8   124.6  2-15     0.0  4-11   301.5  6-11    80.1  8-15     0.0 12-14     0.0
  1- 9    25.3  2-16     0.0  4-12   930.7  6-12   382.8  8-16     0.0 12-15     0.0
  1-10    40.6  3- 4  2842.8  4-13     0.0  6-13     0.0  9-10    11.3 12-16     0.0
  1-11    17.0  3- 5  1124.3  4-14     0.0  6-14     0.0  9-11     3.4 13-14     0.0
  1-12    50.9  3- 6  2350.0  4-15     0.0  6-15     0.0  9-12    16.2 13-15     0.0
  1-13     0.0  3- 7   765.4  4-16     0.0  6-16     0.0  9-13     0.0 13-16     0.0
  1-14     0.0  3- 8  1487.2  5- 6   572.7  7- 8   108.0  9-14     0.0 14-15     0.0
  1-15     0.0  3- 9   360.5  5- 7   118.7  7- 9    24.4  9-15     0.0 14-16     0.0
  1-16     0.0  3-10   779.7  5- 8    95.4  7-10    41.4  9-16     0.0 15-16     0.0
  2- 3  2531.4  3-11   254.8  5- 9    36.0  7-11    15.2 10-11     6.2  0- 0     0.0
  2- 4  2928.8  3-12   951.0  5-10    63.4  7-12    53.0 10-12    26.5  0- 0     0.0
  2- 5  1696.5  3-13     0.0  5-11    30.1  7-13     0.0 10-13     0.0  0- 0     0.0
  2- 6  3452.5  3-14     0.0  5-12   131.5  7-14     0.0 10-14     0.0  0- 0     0.0
  2- 7  1050.2  3-15     0.0  5-13     0.0  7-15     0.0 10-15     0.0  0- 0     0.0
  2- 8  2090.7  3-16     0.0  5-14     0.0  7-16     0.0 10-16     0.0  0- 0     0.0
-------------------------------------------------------------------------------------------------
매출액 단식:     28,604,900    연식:     53,611,400      복식:    835,699,100
       복연:    135,964,900    쌍식:    293,506,500      삼복:    861,756,500
       삼쌍:    382,975,400    합계:  2,592,118,700
-------------------------------------------------------------------------------------------------
배당률 단: ⑨3.5        연: ⑨1.4 ①3.2 ⑪1.2          복: ⑨①25.3      4F:50.9
                                                                         3F:38.6
                        쌍: ⑨①51.5      
     복연: ⑨①8.5 ⑨⑪1.7 ①⑪5.7
     삼복: ⑨①⑪14.8 
     삼쌍: ⑨①⑪143.2 
-------------------------------------------------------------------------------------------------
펄 롱: 8.3 11.0 11.5   12.3   12.8   12.7   13.1   
통과M:  100  300  500    700    900    1100   1300
통과T:08.3 19.3 30.8 0:43.1 0:55.9 1:08.6 1:21.7 
-------------------------------------------------------------------------------------------------
통과순위 S-1F : (1,7,8,11),(4,9,10),5,(2,3,6),12        
           C1 :                                         
           C2 :                                         
           C3 : (8,11),(1,7),10,(4,9),5,12-(3,6)-2      
           C4 : (8,^11),1-7,(4,9),10-(5,12)-(3,6)=2     
         G-1F : (9,11,1)=(8,4,7,10),(12,5)=(3,6)=2      
-------------------------------------------------------------------------------------------------
구분 출전번호  대상명            처분종류     처분내용                     세부내용
-------------------------------------------------------------------------------------------------
말      6      남산바이트        주행심사                                  경주능력부진(1위마와 31.1마신 차)                 
-------------------------------------------------------------------------------------------------


제목 : 22년06월05일(일)  제 2경주

(서울) 제42일 1300M 국6등급    별정A       경주명 : 일반                        
경주조건:       R0~0  연령오픈                   날씨:흐림 주로:건조  (3%)
순위상금: 13,750천원   5,500천원   3,500천원   1,250천원   1,000천원
부가상금:      0천원       0천원       0천원
-------------------------------------------------------------------------------------------------
순위 마번    마    명         산지   성별 연령 부담중량  기수명   조교사   마주명           레이팅
-------------------------------------------------------------------------------------------------
  1   10  테이크머니           한     거     3    56.0   안토니오 안병기   김용래                
  2    3  퍼펙트타임           한     암     3    54.0   조상범   손영표   김은갑                
  3    2  러너몬스터           한     수     3    53.0   김아현   최영주   손학봉                
  4    1  에이스플랜           한     수     3    56.0   빅투아르 홍대유   황봉기                
  5    5  대승가온             한     암     5    54.0   문성혁   서인석   문석현                
  6    6  너를응원해           한(포) 암     3    54.0   하정훈   이준철   임동현                
  7    9  빛나는질주           한     수     4    56.0   박상우   유재길   제주축산개발          
  8   11  토루크막토           한     암     4    54.0   유승완   박천서   김봉섭                
  9    7  플라잉바비           한     암     5    54.0   다비드   안해양   송암축산              
 10    8  블랙머니             한     거     3    56.0   송재철   구자흥   말사모                
 11   12  애플민트             한     거     4    53.0   김태희   리카디   이기훈                
 12    4  스타프린세스         한     암     3    54.0   박현우   임봉춘   금악목장              
-------------------------------------------------------------------------------------------------
순위 마번    마      명       마 체 중  기 록  도 착 차  S1F-1C-2C-3C-4C-G1F
-------------------------------------------------------------------------------------------------
  1   10  테이크머니           522( +4) 1:21.7            1-  -  - 1- 1- 1
  2    3  퍼펙트타임           465( +2) 1:21.8  1         7-  -  - 7- 7- 5
  3    2  러너몬스터           442( +1) 1:22.1  1¾       4-  -  - 6- 5- 6
  4    1  에이스플랜           496( +0) 1:22.6  2½       3-  -  - 4- 3- 2
  5    5  대승가온             441( +4) 1:22.9  2        11-  -  - 8- 8- 7
  6    6  너를응원해           430( +2) 1:23.0  ½        6-  -  - 3- 4- 4
  7    9  빛나는질주           517( +7) 1:23.0  머리     10-  -  -10-10- 8
  8   11  토루크막토           467( -1) 1:23.1  ½        2-  -  - 2- 2- 3
  9    7  플라잉바비           448(+17) 1:23.9  4        12-  -  -12-12-11
 10    8  블랙머니             465( -2) 1:23.9  목        8-  -  - 9- 9- 9
 11   12  애플민트             466( +6) 1:24.6  4         9-  -  -11-11-12
 12    4  스타프린세스         474( -2) 1:25.5  5         5-  -  - 5- 6-10
-------------------------------------------------------------------------------------------------
순위 마번    G-3Ｆ   S-1F  １코너  ２코너  ３코너  ４코너    G-1F  단승식 연승식
-------------------------------------------------------------------------------------------------
  1   10   38.9    0:13.5                  0:30.6  0:49.1   13.7     23.6    4.8
  2    3   38.1    0:14.4                  0:31.3  0:49.9   13.3     73.1    8.7
  3    2   38.7    0:13.9                  0:31.2  0:49.7   13.5     39.0    4.2
  4    1   39.5    0:13.9                  0:30.9  0:49.4   14.1      1.5    1.2
  5    5   38.7    0:14.9                  0:32.1  0:50.5   13.5     56.9    9.6
  6    6   39.9    0:13.9                  0:30.8  0:49.4   14.5      8.7    1.6
  7    9   38.2    0:14.7                  0:32.5  0:50.9   13.5     17.9    2.6
  8   11   40.1    0:13.7                  0:30.7  0:49.3   14.6     20.1    3.9
  9    7   38.6    0:15.0                  0:33.0  0:51.5   13.7     93.8    6.2
 10    8   39.4    0:14.4                  0:32.1  0:50.7   14.0    100.9   19.4
 11   12   39.7    0:14.6                  0:32.5  0:51.1   13.9      5.8    2.2
 12    4   42.1    0:13.9                  0:31.0  0:49.8   15.6     18.4    3.3
-------------------------------------------------------------------------------------------------
(복승식 배당률)
  1- 2    15.7  2- 9   152.2  4- 5   183.8  5-15     0.0  8- 9   618.8 11-12    70.6
  1- 3    35.5  2-10   188.1  4- 6    37.3  5-16     0.0  8-10  1021.8 11-13     0.0
  1- 4     7.4  2-11   245.6  4- 7   476.4  6- 7   211.1  8-11   924.9 11-14     0.0
  1- 5    30.3  2-12    94.4  4- 8   609.0  6- 8   402.7  8-12   607.9 11-15     0.0
  1- 6     4.3  2-13     0.0  4- 9    69.1  6- 9    35.2  8-13     0.0 11-16     0.0
  1- 7    53.4  2-14     0.0  4-10   110.2  6-10    75.3  8-14     0.0 12-13     0.0
  1- 8    97.5  2-15     0.0  4-11   147.9  6-11    58.7  8-15     0.0 12-14     0.0
  1- 9     8.0  2-16     0.0  4-12    39.8  6-12    20.6  8-16     0.0 12-15     0.0
  1-10    12.0  3- 4   249.7  4-13     0.0  6-13     0.0  9-10   113.1 12-16     0.0
  1-11    15.4  3- 5  1506.2  4-14     0.0  6-14     0.0  9-11    99.3 13-14     0.0
  1-12     5.5  3- 6   130.3  4-15     0.0  6-15     0.0  9-12    51.1 13-15     0.0
  1-13     0.0  3- 7  1654.3  4-16     0.0  6-16     0.0  9-13     0.0 13-16     0.0
  1-14     0.0  3- 8  2019.0  5- 6   113.4  7- 8  1669.9  9-14     0.0 14-15     0.0
  1-15     0.0  3- 9   392.5  5- 7  1153.5  7- 9   440.0  9-15     0.0 14-16     0.0
  1-16     0.0  3-10   641.3  5- 8  1357.3  7-10   621.6  9-16     0.0 15-16     0.0
  2- 3   381.6  3-11   546.6  5- 9   280.9  7-11   656.6 10-11   174.2  0- 0     0.0
  2- 4   124.8  3-12   297.0  5-10   308.4  7-12   259.7 10-12    80.7  0- 0     0.0
  2- 5   403.6  3-13     0.0  5-11   440.1  7-13     0.0 10-13     0.0  0- 0     0.0
  2- 6    75.9  3-14     0.0  5-12   212.5  7-14     0.0 10-14     0.0  0- 0     0.0
  2- 7   691.8  3-15     0.0  5-13     0.0  7-15     0.0 10-15     0.0  0- 0     0.0
  2- 8   902.2  3-16     0.0  5-14     0.0  7-16     0.0 10-16     0.0  0- 0     0.0
-------------------------------------------------------------------------------------------------
매출액 단식:     31,650,100    연식:     52,782,500      복식:    972,435,500
       복연:    158,434,700    쌍식:    360,290,400      삼복:    974,776,200
       삼쌍:    459,184,600    합계:  3,009,554,000
-------------------------------------------------------------------------------------------------
배당률 단: ⑩23.6       연: ⑩4.8 ③8.7 ②4.2          복: ⑩③641.3     4F:51.1
                                                                         3F:38.9
                        쌍: ⑩③1291.2    
     복연: ⑩③100.9 ⑩②41.6 ③②78.9
     삼복: ⑩③②3119.6 
     삼쌍: ⑩③②15886.5 
-------------------------------------------------------------------------------------------------
펄 롱: 8.0 11.0 11.6   12.2   12.6   12.6   13.7   
통과M:  100  300  500    700    900    1100   1300
통과T:08.0 19.0 30.6 0:42.8 0:55.4 1:08.0 1:21.7 
-------------------------------------------------------------------------------------------------
통과순위 S-1F : 10,11,(1,2,4,6)-(3,8),(9,12),(5,7)      
           C1 :                                         
           C2 :                                         
           C3 : (^10,11),(1,6),4,(2,3)=(5,8)-(9,12)-7   
           C4 : 10,(1,11,6),(2,4),3-5,8,9,12-7          
         G-1F : 10-(2,1,11,6,3)=(9,5)-(8,4),7-12        
-------------------------------------------------------------------------------------------------
구분 출전번호  대상명            처분종류     처분내용                     세부내용
-------------------------------------------------------------------------------------------------
조교사  8      구자흥            과태금       100,000원                    승인장구 오착용(신청:계란형큰고리재갈, 착용:반가지큰고리재갈)_교체후 출전
-------------------------------------------------------------------------------------------------


제목 : 22년06월05일(일)  제 3경주

(서울) 제42일 1200M 국6등급    별정A       경주명 : 일반                        
경주조건:       R0~0  연령오픈                   날씨:흐림 주로:건조  (3%)
순위상금: 13,750천원   5,500천원   3,500천원   1,250천원   1,000천원
부가상금:      0천원       0천원       0천원
-------------------------------------------------------------------------------------------------
순위 마번    마    명         산지   성별 연령 부담중량  기수명   조교사   마주명           레이팅
-------------------------------------------------------------------------------------------------
  1    3  웰빙챔피언           한     암     3    51.0   김태희   박희철   이효선                
  2    6  킹마운틴             한     수     3    56.0   박병윤   홍대유   이미경                
  3    4  스피드갤럽           한     암     3    54.0   정정희   리카디   홍종철                
  4    2  용천지상             한     거     3    56.0   송재철   김윤섭   함평제일              
  5    1  아치메모리           한     암     3    54.0   김정준   심승태   이종욱                
  6   12  글로벌프라임         한     암     3    54.0   장추열   최상식   장재형                
  7    8  에피파니             한     수     4    56.0   조한별   안병기   우태율                
  8    7  최고포인트           한     거     3    56.0   빅투아르 강성오   이강운                
  9    9  밀리언퀸             한     암     3    54.0   이현종   박천서   함운일                
 10   10  행복여왕             한     암     3    54.0   다비드   서홍수   김경남                
 11   11  논스톱알리           한     수     3    56.0   신형철   이희영   태립                  
       5  마이더스캠프         한     수     4    56.0   문성혁   서인석   이유환                
-------------------------------------------------------------------------------------------------
순위 마번    마      명       마 체 중  기 록  도 착 차  S1F-1C-2C-3C-4C-G1F
-------------------------------------------------------------------------------------------------
  1    3  웰빙챔피언           478(+15) 1:15.4            2-  -  - 2- 2- 2
  2    6  킹마운틴             518( +6) 1:15.4  목        4-  -  - 6- 6- 4
  3    4  스피드갤럽           461(-12) 1:15.8  2         6-  -  - 4- 4- 5
  4    2  용천지상             428( +0) 1:15.9  ¾        1-  -  - 1- 1- 1
  5    1  아치메모리           452( +3) 1:16.0  ½        3-  -  - 3- 3- 3
  6   12  글로벌프라임         516( +2) 1:16.2  1         5-  -  - 5- 5- 6
  7    8  에피파니             490( -4) 1:16.9  4         7-  -  - 8- 9- 9
  8    7  최고포인트           462( -1) 1:17.0  1        10-  -  -10-10- 8
  9    9  밀리언퀸             469( -7) 1:17.3  1¾      11-  -  -11-11-10
 10   10  행복여왕             447(-10) 1:17.4  목        8-  -  - 7- 7- 7
 11   11  논스톱알리           478( +2) 1:19.3  11        9-  -  - 9- 8-11
       5  마이더스캠프         448( +4) 0:00.0  경주제외   -  -  -  -  -  
-------------------------------------------------------------------------------------------------
순위 마번    G-3Ｆ   S-1F  １코너  ２코너  ３코너  ４코너    G-1F  단승식 연승식
-------------------------------------------------------------------------------------------------
  1    3   39.0    0:13.7                  0:24.6  0:42.4   13.8      8.9    2.0
  2    6   38.5    0:13.8                  0:25.1  0:43.1   13.4      4.2    1.8
  3    4   39.2    0:13.9                  0:24.8  0:42.7   13.8      5.4    2.5
  4    2   39.6    0:13.6                  0:24.5  0:42.4   14.4      4.7    1.6
  5    1   39.5    0:13.8                  0:24.8  0:42.7   14.1     28.2    7.0
  6   12   39.5    0:13.8                  0:24.8  0:42.9   14.1      4.0    1.7
  7    8   39.1    0:14.1                  0:25.8  0:44.1   13.8     12.4    3.0
  8    7   38.9    0:15.1                  0:26.3  0:44.2   14.0     20.6    4.5
  9    9   38.8    0:15.2                  0:26.6  0:44.5   13.9     38.0    8.0
 10   10   40.0    0:14.1                  0:25.5  0:43.7   14.4     25.3    5.3
 11   11   41.6    0:14.4                  0:25.9  0:44.0   15.5     50.2    8.9
       5                                                                        
-------------------------------------------------------------------------------------------------
(복승식 배당률)
  1- 2    44.8  2- 9   111.9  4- 5     0.0  5-15     0.0  8- 9   227.9 11-12    78.0
  1- 3    74.0  2-10    36.7  4- 6    15.2  5-16     0.0  8-10   144.0 11-13     0.0
  1- 4    67.3  2-11    88.2  4- 7    48.2  6- 7    32.4  8-11   251.3 11-14     0.0
  1- 5     0.0  2-12     7.7  4- 8    37.4  6- 8    28.9  8-12    25.0 11-15     0.0
  1- 6    77.4  2-13     0.0  4- 9   179.3  6- 9   162.6  8-13     0.0 11-16     0.0
  1- 7   196.0  2-14     0.0  4-10    73.5  6-10    79.2  8-14     0.0 12-13     0.0
  1- 8   140.7  2-15     0.0  4-11   143.8  6-11   141.8  8-15     0.0 12-14     0.0
  1- 9   496.7  2-16     0.0  4-12    12.1  6-12    10.6  8-16     0.0 12-15     0.0
  1-10   258.0  3- 4    24.4  4-13     0.0  6-13     0.0  9-10   327.9 12-16     0.0
  1-11   440.7  3- 5     0.0  4-14     0.0  6-14     0.0  9-11   562.5 13-14     0.0
  1-12    59.4  3- 6    26.4  4-15     0.0  6-15     0.0  9-12   112.3 13-15     0.0
  1-13     0.0  3- 7    35.0  4-16     0.0  6-16     0.0  9-13     0.0 13-16     0.0
  1-14     0.0  3- 8    48.1  5- 6     0.0  7- 8    90.5  9-14     0.0 14-15     0.0
  1-15     0.0  3- 9   174.3  5- 7     0.0  7- 9   329.8  9-15     0.0 14-16     0.0
  1-16     0.0  3-10    70.7  5- 8     0.0  7-10   164.5  9-16     0.0 15-16     0.0
  2- 3    13.8  3-11   210.2  5- 9     0.0  7-11   360.1 10-11   285.9  0- 0     0.0
  2- 4    11.8  3-12    16.5  5-10     0.0  7-12    32.9 10-12    43.6  0- 0     0.0
  2- 5     0.0  3-13     0.0  5-11     0.0  7-13     0.0 10-13     0.0  0- 0     0.0
  2- 6    11.7  3-14     0.0  5-12     0.0  7-14     0.0 10-14     0.0  0- 0     0.0
  2- 7    31.8  3-15     0.0  5-13     0.0  7-15     0.0 10-15     0.0  0- 0     0.0
  2- 8    29.3  3-16     0.0  5-14     0.0  7-16     0.0 10-16     0.0  0- 0     0.0
-------------------------------------------------------------------------------------------------
매출액 단식:     43,243,900    연식:     85,574,200      복식:  1,423,874,700
       복연:    193,210,100    쌍식:    382,533,800      삼복:  1,140,960,100
       삼쌍:    436,115,400    합계:  3,705,512,200
-------------------------------------------------------------------------------------------------
배당률 단: ③8.9        연: ③2.0 ⑥1.8 ④2.5          복: ③⑥26.4      4F:50.9
                                                                         3F:39.1
                        쌍: ③⑥55.7      
     복연: ③⑥8.6 ③④9.0 ⑥④5.5
     삼복: ③⑥④48.7 
     삼쌍: ③⑥④362.2 
-------------------------------------------------------------------------------------------------
펄 롱:13.6 10.9 11.8   12.3   12.9   13.9   
통과M:  200  400  600    800    1000   1200
통과T:13.6 24.5 36.3 0:48.6 1:01.5 1:15.4 
-------------------------------------------------------------------------------------------------
통과순위 S-1F : (^2,3),(1,4,6,12),(8,10),11-(7,9)       
           C1 :                                         
           C2 :                                         
           C3 : (^2,3),(1,4,12),6-10,(8,11)-7,9         
           C4 : (2,3),(1,4),12,6-10,(8,11),7,9          
         G-1F : (^2,3),(1,6,4),12=(10,8,7),9-11         
-------------------------------------------------------------------------------------------------
구분 출전번호  대상명            처분종류     처분내용                     세부내용
-------------------------------------------------------------------------------------------------
말     11      논스톱알리        경주부적격마                              왼 앞다리 질병 (좌중수부천지굴건단열)             
말      5      마이더스캠프      출전제외                                  마체이상                                          
말      6      킹마운틴          주의                                      3-4코너 구간 바깥으로 기댐                        
-------------------------------------------------------------------------------------------------


제목 : 22년06월05일(일)  제 4경주

(서울) 제42일 1200M 국5등급    핸디캡      경주명 : 일반                        
경주조건:      R1~35  연령오픈                   날씨:흐림 주로:건조  (3%)
순위상금: 33,000천원  13,200천원   8,400천원   3,000천원   2,400천원
부가상금:      0천원       0천원       0천원
-------------------------------------------------------------------------------------------------
순위 마번    마    명         산지   성별 연령 부담중량  기수명   조교사   마주명           레이팅
-------------------------------------------------------------------------------------------------
  1    2  와일드삭스           한     수     3    55.5   안토니오 이관호   김창식              32
  2    4  용호지마             한     수     3    54.5   정정희   박재우   (주)디알엠씨티      30
  3    5  원더풀키티           한     암     3    51.0   김태희   서인석   지대섭              30
  4    3  원앤온리             한     암     5    52.0   김아현   지용철   조용학              35
  5   10  터치나인             한(포) 수     3    55.0   이동하   강성오   강현철              31
  6    9  글로벌보배           한     수     3    53.0   김동수   최상식   장재형              27
  7    6  리버태양             한     거     3    55.0   장추열   박대흥   박남성              31
  8   11  인듀어런스           한     수     6    56.5   김태훈   지용철   조용학              34
  9    7  정상파이팅           한     암     3    52.0   임다빈   정호익   정동진              29
 10    8  초인스파크           한     수     4    53.5   조한별   안병기   박남성              28
 11    1  큐피드벨             한     암     3    51.5   박태종   이희영   서순배              28
-------------------------------------------------------------------------------------------------
순위 마번    마      명       마 체 중  기 록  도 착 차  S1F-1C-2C-3C-4C-G1F
-------------------------------------------------------------------------------------------------
  1    2  와일드삭스           458( +1) 1:13.9            3-  -  - 4- 3- 1
  2    4  용호지마             536(+11) 1:14.2  1¾       2-  -  - 3- 4- 3
  3    5  원더풀키티           443( +2) 1:14.7  2½      10-  -  -10-10- 8
  4    3  원앤온리             501( +1) 1:14.7  코        1-  -  - 1- 1- 2
  5   10  터치나인             468( -4) 1:14.7  목        4-  -  - 2- 2- 4
  6    9  글로벌보배           442( +5) 1:15.0  1½       5-  -  - 7- 5- 5
  7    6  리버태양             481( +5) 1:15.4  2½       7-  -  - 9- 8- 6
  8   11  인듀어런스           541( -3) 1:15.6  ¾       11-  -  - 8- 9- 9
  9    7  정상파이팅           502( -8) 1:15.9  1¾       8-  -  - 5- 6- 7
 10    8  초인스파크           468( -7) 1:16.7  4         9-  -  - 6- 7-10
 11    1  큐피드벨             456(+15) 1:17.6  5         6-  -  -11-11-11
-------------------------------------------------------------------------------------------------
순위 마번    G-3Ｆ   S-1F  １코너  ２코너  ３코너  ４코너    G-1F  단승식 연승식
-------------------------------------------------------------------------------------------------
  1    2   37.1    0:13.8                  0:24.9  0:42.8   13.1      5.1    1.8
  2    4   37.4    0:13.7                  0:24.7  0:42.8   13.4      7.8    2.5
  3    5   36.8    0:14.2                  0:25.7  0:44.0   12.8      3.0    1.4
  4    3   38.6    0:13.5                  0:24.4  0:42.2   13.9     12.9    3.6
  5   10   38.5    0:13.8                  0:24.4  0:42.4   13.8     11.0    3.0
  6    9   38.2    0:13.9                  0:24.9  0:42.8   13.4     13.0    3.2
  7    6   38.1    0:14.0                  0:25.4  0:43.3   13.7      5.1    1.9
  8   11   38.2    0:14.2                  0:25.3  0:43.5   13.6     59.6   13.5
  9    7   38.9    0:14.0                  0:24.9  0:43.0   14.0     13.0    3.2
 10    8   39.6    0:14.0                  0:24.9  0:43.2   14.3     41.6    7.8
 11    1   39.3    0:14.0                  0:25.8  0:44.7   14.1     29.1    8.4
-------------------------------------------------------------------------------------------------
(복승식 배당률)
  1- 2    60.2  2- 9    25.5  4- 5    12.6  5-15     0.0  8- 9   194.2 11-12     0.0
  1- 3   156.2  2-10    27.6  4- 6    25.4  5-16     0.0  8-10   189.8 11-13     0.0
  1- 4   161.1  2-11   311.8  4- 7    65.4  6- 7    46.2  8-11   783.0 11-14     0.0
  1- 5    45.4  2-12     0.0  4- 8   172.1  6- 8   111.7  8-12     0.0 11-15     0.0
  1- 6    79.8  2-13     0.0  4- 9    51.0  6- 9    31.9  8-13     0.0 11-16     0.0
  1- 7   248.9  2-14     0.0  4-10    61.5  6-10    31.9  8-14     0.0 12-13     0.0
  1- 8   462.4  2-15     0.0  4-11   410.5  6-11   287.9  8-15     0.0 12-14     0.0
  1- 9   173.7  2-16     0.0  4-12     0.0  6-12     0.0  8-16     0.0 12-15     0.0
  1-10   126.9  3- 4    57.6  4-13     0.0  6-13     0.0  9-10    49.0 12-16     0.0
  1-11   687.1  3- 5    14.0  4-14     0.0  6-14     0.0  9-11   377.2 13-14     0.0
  1-12     0.0  3- 6    42.7  4-15     0.0  6-15     0.0  9-12     0.0 13-15     0.0
  1-13     0.0  3- 7    69.9  4-16     0.0  6-16     0.0  9-13     0.0 13-16     0.0
  1-14     0.0  3- 8   170.0  5- 6     7.5  7- 8   229.0  9-14     0.0 14-15     0.0
  1-15     0.0  3- 9    60.3  5- 7    21.5  7- 9    80.1  9-15     0.0 14-16     0.0
  1-16     0.0  3-10    63.8  5- 8    54.3  7-10    71.8  9-16     0.0 15-16     0.0
  2- 3    25.2  3-11   311.5  5- 9    13.3  7-11   426.0 10-11   359.0  0- 0     0.0
  2- 4    24.6  3-12     0.0  5-10    15.9  7-12     0.0 10-12     0.0  0- 0     0.0
  2- 5     6.0  3-13     0.0  5-11   185.9  7-13     0.0 10-13     0.0  0- 0     0.0
  2- 6    14.6  3-14     0.0  5-12     0.0  7-14     0.0 10-14     0.0  0- 0     0.0
  2- 7    39.2  3-15     0.0  5-13     0.0  7-15     0.0 10-15     0.0  0- 0     0.0
  2- 8   101.5  3-16     0.0  5-14     0.0  7-16     0.0 10-16     0.0  0- 0     0.0
-------------------------------------------------------------------------------------------------
매출액 단식:     45,468,600    연식:     80,823,600      복식:  1,587,600,400
       복연:    213,924,900    쌍식:    485,397,500      삼복:  1,428,340,500
       삼쌍:    564,933,400    합계:  4,406,488,900
-------------------------------------------------------------------------------------------------
배당률 단: ②5.1        연: ②1.8 ④2.5 ⑤1.4          복: ②④24.6      4F:49.5
                                                                         3F:37.8
                        쌍: ②④55.8      
     복연: ②④8.4 ②⑤2.5 ④⑤6.0
     삼복: ②④⑤19.1 
     삼쌍: ②④⑤161.8 
-------------------------------------------------------------------------------------------------
펄 롱:13.5 10.9 11.7   12.2   12.5   13.1   
통과M:  200  400  600    800    1000   1200
통과T:13.5 24.4 36.1 0:48.3 1:00.8 1:13.9 
-------------------------------------------------------------------------------------------------
통과순위 S-1F : 3,(2,4,10),(1,6,7,8,9),(5,11)           
           C1 :                                         
           C2 :                                         
           C3 : (3,10),4,(2,7,8,9)-(6,11),(1,5)         
           C4 : 3,10-(2,4,9),7,(6,8),11-5-1             
         G-1F : (2,3,10,4)-(6,9),(7,11,5)-8=1           
-------------------------------------------------------------------------------------------------
구분 출전번호  대상명            처분종류     처분내용                     세부내용
-------------------------------------------------------------------------------------------------
특 
이 
사 
항
-------------------------------------------------------------------------------------------------


제목 : 22년06월05일(일)  제 5경주

(서울) 제42일 1300M 국5등급    핸디캡      경주명 : 일반                        
경주조건:      R1~35  연령오픈                   날씨:흐림 주로:건조  (3%)
순위상금: 22,000천원   8,800천원   5,600천원   2,000천원   1,600천원
부가상금:      0천원       0천원       0천원
-------------------------------------------------------------------------------------------------
순위 마번    마    명         산지   성별 연령 부담중량  기수명   조교사   마주명           레이팅
-------------------------------------------------------------------------------------------------
  1    5  시리우스알파         한(포) 암     3    54.5   유승완   송문길   선형조              31
  2    7  라이징호크           한     암     3    54.5   정정희   리카디   홍종철              31
  3   10  그린필스타           한(포) 암     4    53.0   박태종   홍대유   김재영b             28
  4    2  천사박               미     암     5    55.5   이현종   배대선   (주)디알엠씨티      33
  5    4  콩코드퀸             한     암     3    54.0   송재철   안병기   김순건              30
  6    1  은혜파도             한     암     5    52.0   임다빈   김동철   강태구              26
  7    3  와일드러너           한     암     3    54.5   안토니오 이관호   황은호              31
  8    9  파티파워             한(포) 암     9    52.5   하정훈   박희철   조병해              27
  9    6  일향달마             한     암     4    52.0   이동하   조현수   이창모              23
 10   11  원더풀캣             한     암     5    52.0   조한별   임채덕   (주)녹원목장        24
 11    8  천은총               한     암     3    54.0   장추열   배휴준   조금제              30
-------------------------------------------------------------------------------------------------
순위 마번    마      명       마 체 중  기 록  도 착 차  S1F-1C-2C-3C-4C-G1F
-------------------------------------------------------------------------------------------------
  1    5  시리우스알파         423( -1) 1:21.2            1-  -  - 1- 1- 1
  2    7  라이징호크           455( -9) 1:21.3  목        6-  -  - 5- 5- 4
  3   10  그린필스타           480( +7) 1:21.4  ¾       11-  -  -11-10- 6
  4    2  천사박               440( +2) 1:21.4  머리      3-  -  - 4- 3- 2
  5    4  콩코드퀸             501(-11) 1:21.7  1¾       2-  -  - 2- 2- 3
  6    1  은혜파도             435( -3) 1:22.1  2½       7-  -  - 7- 7- 5
  7    3  와일드러너           480( +4) 1:22.2  ½        5-  -  - 6- 6- 7
  8    9  파티파워             439( -9) 1:23.2  6         9-  -  - 9- 9- 8
  9    6  일향달마             433( -3) 1:23.5  1¾      10-  -  -10- 8- 9
 10   11  원더풀캣             438( +1) 1:24.0  3         8-  -  - 8-11-11
 11    8  천은총               472(+14) 1:24.6  3         4-  -  - 3- 4-10
-------------------------------------------------------------------------------------------------
순위 마번    G-3Ｆ   S-1F  １코너  ２코너  ３코너  ４코너    G-1F  단승식 연승식
-------------------------------------------------------------------------------------------------
  1    5   38.7    0:13.3                  0:30.1  0:48.8   13.6      2.9    1.2
  2    7   38.1    0:13.7                  0:30.8  0:49.5   13.4      9.0    2.4
  3   10   37.3    0:14.8                  0:32.0  0:50.3   12.9     19.1    4.1
  4    2   38.7    0:13.6                  0:30.6  0:49.0   13.6     29.4    6.0
  5    4   39.1    0:13.4                  0:30.3  0:48.8   13.9      3.8    1.6
  6    1   38.4    0:14.0                  0:31.3  0:49.9   13.6     27.1    3.8
  7    3   38.8    0:13.7                  0:31.1  0:49.7   13.7      3.8    1.6
  8    9   39.5    0:14.1                  0:31.5  0:50.1   14.1     73.7   21.3
  9    6   39.8    0:14.6                  0:31.7  0:49.9   14.4     63.3   11.8
 10   11   40.0    0:14.0                  0:31.3  0:50.5   14.1     76.5   20.0
 11    8   41.6    0:13.6                  0:30.5  0:49.3   15.4     10.0    2.4
-------------------------------------------------------------------------------------------------
(복승식 배당률)
  1- 2   205.9  2- 9  1053.7  4- 5     4.1  5-15     0.0  8- 9   565.7 11-12     0.0
  1- 3    55.0  2-10   258.4  4- 6   153.7  5-16     0.0  8-10    67.9 11-13     0.0
  1- 4    51.8  2-11   776.3  4- 7    21.4  6- 7   274.0  8-11   488.4 11-14     0.0
  1- 5    32.4  2-12     0.0  4- 8    14.7  6- 8   283.1  8-12     0.0 11-15     0.0
  1- 6   552.5  2-13     0.0  4- 9   314.6  6- 9  1040.6  8-13     0.0 11-16     0.0
  1- 7   118.6  2-14     0.0  4-10    37.0  6-10   373.0  8-14     0.0 12-13     0.0
  1- 8    94.7  2-15     0.0  4-11   292.2  6-11   768.1  8-15     0.0 12-14     0.0
  1- 9  1042.0  2-16     0.0  4-12     0.0  6-12     0.0  8-16     0.0 12-15     0.0
  1-10   202.9  3- 4     9.0  4-13     0.0  6-13     0.0  9-10   543.3 12-16     0.0
  1-11   676.0  3- 5     4.8  4-14     0.0  6-14     0.0  9-11  1098.0 13-14     0.0
  1-12     0.0  3- 6   172.8  4-15     0.0  6-15     0.0  9-12     0.0 13-15     0.0
  1-13     0.0  3- 7    23.0  4-16     0.0  6-16     0.0  9-13     0.0 13-16     0.0
  1-14     0.0  3- 8    21.5  5- 6    90.0  7- 8    37.9  9-14     0.0 14-15     0.0
  1-15     0.0  3- 9   385.1  5- 7    12.8  7- 9   535.6  9-15     0.0 14-16     0.0
  1-16     0.0  3-10    42.7  5- 8     8.5  7-10    80.4  9-16     0.0 15-16     0.0
  2- 3    59.6  3-11   315.5  5- 9   240.5  7-11   483.6 10-11   403.8  0- 0     0.0
  2- 4    56.0  3-12     0.0  5-10    22.7  7-12     0.0 10-12     0.0  0- 0     0.0
  2- 5    36.8  3-13     0.0  5-11   187.5  7-13     0.0 10-13     0.0  0- 0     0.0
  2- 6   468.1  3-14     0.0  5-12     0.0  7-14     0.0 10-14     0.0  0- 0     0.0
  2- 7   113.9  3-15     0.0  5-13     0.0  7-15     0.0 10-15     0.0  0- 0     0.0
  2- 8   118.3  3-16     0.0  5-14     0.0  7-16     0.0 10-16     0.0  0- 0     0.0
-------------------------------------------------------------------------------------------------
매출액 단식:     46,779,400    연식:     76,310,200      복식:  1,466,663,100
       복연:    214,190,800    쌍식:    513,677,500      삼복:  1,437,704,100
       삼쌍:    624,643,800    합계:  4,379,968,900
-------------------------------------------------------------------------------------------------
배당률 단: ⑤2.9        연: ⑤1.2 ⑦2.4 ⑩4.1          복: ⑤⑦12.8      4F:51.1
                                                                         3F:38.7
                        쌍: ⑤⑦17.3      
     복연: ⑤⑦4.8 ⑤⑩6.5 ⑦⑩19.4
     삼복: ⑤⑦⑩66.4 
     삼쌍: ⑤⑦⑩180.6 
-------------------------------------------------------------------------------------------------
펄 롱: 7.9 10.7 11.5   12.4   12.5   12.6   13.6   
통과M:  100  300  500    700    900    1100   1300
통과T:07.9 18.6 30.1 0:42.5 0:55.0 1:07.6 1:21.2 
-------------------------------------------------------------------------------------------------
통과순위 S-1F : (4,^5),(2,3,7,8),(1,9,11)-6,10          
           C1 :                                         
           C2 :                                         
           C3 : 5,4,(2,8),7,3,(1,11),9,6,10             
           C4 : (5,4),2,8,7,3,(1,6),9,10,11             
         G-1F : 5,(7,2,4)-(1,10,3)-(9,8,6)-11           
-------------------------------------------------------------------------------------------------
구분 출전번호  대상명            처분종류     처분내용                     세부내용
-------------------------------------------------------------------------------------------------
기수   10      박태종            과태금       100,000원                    결승선 직선주로 채찍 과다사용                     
-------------------------------------------------------------------------------------------------


제목 : 22년06월05일(일)  제 6경주

(서울) 제42일 1700M 국5등급    별정B       경주명 : 일반                        
경주조건:      R1~35  연령오픈                   날씨:흐림 주로:건조  (3%)
순위상금: 22,000천원   8,800천원   5,600천원   2,000천원   1,600천원
부가상금:      0천원       0천원       0천원
-------------------------------------------------------------------------------------------------
순위 마번    마    명         산지   성별 연령 부담중량  기수명   조교사   마주명           레이팅
-------------------------------------------------------------------------------------------------
  1    2  나의나라             한     거     4    57.0   이동하   강성오   이관형              35
  2    8  포에버칸             한     수     3    57.0   빅투아르 박병일   강태구              33
  3    7  지금여기에           한     수     4    55.0   박병윤   김윤섭   최성룡              26
  4    5  호크의영광           한     거     6    56.0   다비드   최봉주   오호극              29
  5    9  티나                 한     암     4    54.0   유승완   이관호   곽홍석              31
  6    1  델피니               한     암     4    53.0   임기원   이신영   이한준              27
  7    6  에이스파워풀         미     거     5    54.0   김태희   박윤규   민규동              35
  8    3  금성세계             한     수     4    56.0   정정희   박재우   조창규              30
  9    4  아델나래             한     거     4    56.0   박현우   송문길   이종훈              30
-------------------------------------------------------------------------------------------------
순위 마번    마      명       마 체 중  기 록  도 착 차  S1F-1C-2C-3C-4C-G1F
-------------------------------------------------------------------------------------------------
  1    2  나의나라             481( -5) 1:51.5            4- 4- 4- 5- 4- 2
  2    8  포에버칸             479( -4) 1:51.5  머리      2- 2- 2- 1- 1- 1
  3    7  지금여기에           435( +7) 1:52.0  2½       9- 9- 9- 9- 9- 8
  4    5  호크의영광           478( +2) 1:52.4  2½       6- 6- 5- 2- 3- 3
  5    9  티나                 482( -3) 1:52.6  1¼       7- 7- 6- 4- 5- 4
  6    1  델피니               468( +8) 1:52.6  코        5- 5- 7- 6- 6- 6
  7    6  에이스파워풀         464( +3) 1:53.2  3         8- 8- 8- 7- 7- 7
  8    3  금성세계             521( -5) 1:53.3  ¾        1- 1- 1- 3- 2- 5
  9    4  아델나래             500( -1) 1:55.2  11        3- 3- 3- 8- 8- 9
-------------------------------------------------------------------------------------------------
순위 마번    G-3Ｆ   S-1F  １코너  ２코너  ３코너  ４코너    G-1F  단승식 연승식
-------------------------------------------------------------------------------------------------
  1    2   39.7    0:14.2  0:14.2  0:26.8  1:03.8  1:19.2   13.1      3.8    1.6
  2    8   40.0    0:14.0  0:14.0  0:26.0  1:03.4  1:18.9   13.7      3.1    1.3
  3    7   39.5    0:15.2  0:15.2  0:27.9  1:04.5  1:20.4   12.9     41.5    7.3
  4    5   40.8    0:14.4  0:14.4  0:26.8  1:03.5  1:19.1   14.0     10.6    2.2
  5    9   40.9    0:14.4  0:14.4  0:26.8  1:03.7  1:19.2   13.9      4.5    1.6
  6    1   40.5    0:14.4  0:14.4  0:27.0  1:04.0  1:19.5   13.6      8.7    2.6
  7    6   41.2    0:14.5  0:14.5  0:27.0  1:04.0  1:19.5   14.1      9.8    2.6
  8    3   41.6    0:14.0  0:14.0  0:26.0  1:03.7  1:19.1   14.5     11.3    3.6
  9    4   42.9    0:14.1  0:14.1  0:26.5  1:04.1  1:20.1   15.3     66.6   11.1
-------------------------------------------------------------------------------------------------
(복승식 배당률)
  1- 2    13.8  2- 9     8.4  4- 5   217.3  5-15     0.0  8- 9     5.6 11-12     0.0
  1- 3    65.7  2-10     0.0  4- 6   225.1  5-16     0.0  8-10     0.0 11-13     0.0
  1- 4   258.6  2-11     0.0  4- 7   528.9  6- 7   207.6  8-11     0.0 11-14     0.0
  1- 5    47.1  2-12     0.0  4- 8    97.1  6- 8    12.5  8-12     0.0 11-15     0.0
  1- 6    38.7  2-13     0.0  4- 9   165.8  6- 9    17.4  8-13     0.0 11-16     0.0
  1- 7   266.0  2-14     0.0  4-10     0.0  6-10     0.0  8-14     0.0 12-13     0.0
  1- 8    12.1  2-15     0.0  4-11     0.0  6-11     0.0  8-15     0.0 12-14     0.0
  1- 9    16.2  2-16     0.0  4-12     0.0  6-12     0.0  8-16     0.0 12-15     0.0
  1-10     0.0  3- 4   280.8  4-13     0.0  6-13     0.0  9-10     0.0 12-16     0.0
  1-11     0.0  3- 5    81.1  4-14     0.0  6-14     0.0  9-11     0.0 13-14     0.0
  1-12     0.0  3- 6    62.3  4-15     0.0  6-15     0.0  9-12     0.0 13-15     0.0
  1-13     0.0  3- 7   316.9  4-16     0.0  6-16     0.0  9-13     0.0 13-16     0.0
  1-14     0.0  3- 8    25.9  5- 6    38.4  7- 8    92.0  9-14     0.0 14-15     0.0
  1-15     0.0  3- 9    47.4  5- 7   247.5  7- 9   146.3  9-15     0.0 14-16     0.0
  1-16     0.0  3-10     0.0  5- 8    13.2  7-10     0.0  9-16     0.0 15-16     0.0
  2- 3    28.9  3-11     0.0  5- 9    23.7  7-11     0.0 10-11     0.0  0- 0     0.0
  2- 4    90.7  3-12     0.0  5-10     0.0  7-12     0.0 10-12     0.0  0- 0     0.0
  2- 5    18.5  3-13     0.0  5-11     0.0  7-13     0.0 10-13     0.0  0- 0     0.0
  2- 6    17.9  3-14     0.0  5-12     0.0  7-14     0.0 10-14     0.0  0- 0     0.0
  2- 7   101.1  3-15     0.0  5-13     0.0  7-15     0.0 10-15     0.0  0- 0     0.0
  2- 8     5.2  3-16     0.0  5-14     0.0  7-16     0.0 10-16     0.0  0- 0     0.0
-------------------------------------------------------------------------------------------------
매출액 단식:     42,551,100    연식:     72,137,900      복식:  1,563,879,200
       복연:    183,846,000    쌍식:    533,327,700      삼복:  1,454,979,600
       삼쌍:    634,432,100    합계:  4,485,153,600
-------------------------------------------------------------------------------------------------
배당률 단: ②3.8        연: ②1.6 ⑧1.3 ⑦7.3          복: ②⑧5.2       4F:53.5
                                                                         3F:40.0
                        쌍: ②⑧10.2      
     복연: ②⑧2.2 ②⑦19.2 ⑧⑦18.9
     삼복: ②⑧⑦67.1 
     삼쌍: ②⑧⑦238.3 
-------------------------------------------------------------------------------------------------
펄 롱: 8.0 11.9 12.2   12.3   13.6   13.5   13.5   12.8   13.7   
통과M:  100  300  500    700    900    1100   1300   1500   1700
통과T:08.0 19.9 32.1 0:44.4 0:58.0 1:11.5 1:25.0 1:37.8 1:51.5 
-------------------------------------------------------------------------------------------------
통과순위 S-1F : (3,4,8),2,(1,5,6,9)-7                   
           C1 : (3,4,8),2,(1,5,6,9)-7                   
           C2 : (3,8)-4,(2,5,9),(1,6)=7                 
           C3 : (^8,5),(3,2,9),(4,1,6)-7                
           C4 : 8,(3,2,5,9),(1,6)-4,7                   
         G-1F : 8-(2,5),(3,9),(1,6,7)=4                 
-------------------------------------------------------------------------------------------------
구분 출전번호  대상명            처분종류     처분내용                     세부내용
-------------------------------------------------------------------------------------------------
기수    1      임기원            견책                                      4코너 지점 바깥으로 진로변경 6번 주행방해         
기수    8      빅투아르          과태금       50,000원                     결승선 전방 약 20m 지점 채찍 놓침                 
말      3      금성세계          출발심사                                  진입불량                                          
-------------------------------------------------------------------------------------------------


제목 : 22년06월05일(일)  제 7경주

(서울) 제42일 1200M 혼4등급    핸디캡      경주명 : 일반                        
경주조건:      R1~50  연령오픈                   날씨:흐림 주로:건조  (3%)
순위상금: 33,000천원  13,200천원   8,400천원   3,000천원   2,400천원
부가상금:      0천원       0천원       0천원
-------------------------------------------------------------------------------------------------
순위 마번    마    명         산지   성별 연령 부담중량  기수명   조교사   마주명           레이팅
-------------------------------------------------------------------------------------------------
  1    1  럭키재산             한     암     4    55.0   임기원   박재우   럭키팜              46
  2    2  아르폰스             미     수     6    52.0   임다빈   서정하   유정희              36
  3    6  청춘비바             미     거     4    52.5   먼로     토니     한명로              37
  4    4  달리는빛깔           한     수     5    54.5   김태훈   지용철   김종식              41
  5    3  도깨비               미     거     4    51.0   김아현   조현수   피닉스              36
  6    9  베스트타임           한(포) 암     4    53.5   송재철   임봉춘   박정재              43
  7   10  킹칼레               미     거     3    53.0   조상범   강성오   박호균              38
  8    8  제주의요정           한     암     6    52.0   다비드   최봉주   미즈타니 마사테루   36
  9    7  제다이포스           미     암     4    52.0   유승완   송문길   (주)나스카          39
 10    5  런타이거             미     암     3    52.0   조한별   안병기   손병철              38
-------------------------------------------------------------------------------------------------
순위 마번    마      명       마 체 중  기 록  도 착 차  S1F-1C-2C-3C-4C-G1F
-------------------------------------------------------------------------------------------------
  1    1  럭키재산             453( +9) 1:13.1            1-  -  - 1- 1- 1
  2    2  아르폰스             472( +6) 1:14.2  6         2-  -  - 2- 2- 2
  3    6  청춘비바             455( +2) 1:14.6  2         4-  -  - 3- 4- 4
  4    4  달리는빛깔           471( -1) 1:14.7  ¾        7-  -  - 7- 6- 5
  5    3  도깨비               497( +5) 1:14.8  목        3-  -  - 4- 3- 3
  6    9  베스트타임           473( +6) 1:14.9  ½        8-  -  - 9- 9- 8
  7   10  킹칼레               459( -7) 1:15.0  1         9-  -  - 8- 7- 7
  8    8  제주의요정           472( +1) 1:15.1  ½       10-  -  -10-10- 9
  9    7  제다이포스           455( -6) 1:15.2  ¾        6-  -  - 5- 5- 6
 10    5  런타이거             452( -2) 1:18.7  20        5-  -  - 6- 8-10
-------------------------------------------------------------------------------------------------
순위 마번    G-3Ｆ   S-1F  １코너  ２코너  ３코너  ４코너    G-1F  단승식 연승식
-------------------------------------------------------------------------------------------------
  1    1   36.9    0:13.6                  0:24.7  0:42.2   13.1      1.8    1.2
  2    2   37.9    0:13.7                  0:24.8  0:42.3   13.6     48.2    7.2
  3    6   38.1    0:13.8                  0:24.9  0:42.7   13.3      5.1    1.6
  4    4   37.7    0:14.2                  0:25.3  0:43.0   13.3     29.3    3.8
  5    3   38.2    0:13.8                  0:25.1  0:42.7   13.5      8.6    2.5
  6    9   37.7    0:14.2                  0:25.4  0:43.4   13.2      7.0    1.8
  7   10   37.8    0:14.4                  0:25.4  0:43.3   13.3     30.8    5.5
  8    8   37.7    0:14.7                  0:25.9  0:43.6   13.3     39.1    7.1
  9    7   38.4    0:14.1                  0:25.1  0:42.9   13.8      9.6    2.1
 10    5   41.7    0:14.0                  0:25.2  0:43.4   16.0     62.0   10.5
-------------------------------------------------------------------------------------------------
(복승식 배당률)
  1- 2    40.0  2- 9   177.7  4- 5   556.3  5-15     0.0  8- 9   116.4 11-12     0.0
  1- 3     7.3  2-10   758.2  4- 6    64.2  5-16     0.0  8-10   449.3 11-13     0.0
  1- 4    17.5  2-11     0.0  4- 7    95.9  6- 7    20.7  8-11     0.0 11-14     0.0
  1- 5    73.4  2-12     0.0  4- 8   346.8  6- 8   155.5  8-12     0.0 11-15     0.0
  1- 6     3.8  2-13     0.0  4- 9    54.8  6- 9    13.5  8-13     0.0 11-16     0.0
  1- 7     6.8  2-14     0.0  4-10   278.2  6-10   137.4  8-14     0.0 12-13     0.0
  1- 8    52.1  2-15     0.0  4-11     0.0  6-11     0.0  8-15     0.0 12-14     0.0
  1- 9     4.5  2-16     0.0  4-12     0.0  6-12     0.0  8-16     0.0 12-15     0.0
  1-10    37.8  3- 4    89.7  4-13     0.0  6-13     0.0  9-10    88.6 12-16     0.0
  1-11     0.0  3- 5   291.2  4-14     0.0  6-14     0.0  9-11     0.0 13-14     0.0
  1-12     0.0  3- 6    21.5  4-15     0.0  6-15     0.0  9-12     0.0 13-15     0.0
  1-13     0.0  3- 7    31.9  4-16     0.0  6-16     0.0  9-13     0.0 13-16     0.0
  1-14     0.0  3- 8   208.3  5- 6   287.9  7- 8   213.8  9-14     0.0 14-15     0.0
  1-15     0.0  3- 9    27.0  5- 7   371.4  7- 9    17.8  9-15     0.0 14-16     0.0
  1-16     0.0  3-10   145.4  5- 8   764.3  7-10   163.6  9-16     0.0 15-16     0.0
  2- 3   169.3  3-11     0.0  5- 9   257.0  7-11     0.0 10-11     0.0  0- 0     0.0
  2- 4   353.2  3-12     0.0  5-10   573.7  7-12     0.0 10-12     0.0  0- 0     0.0
  2- 5   698.0  3-13     0.0  5-11     0.0  7-13     0.0 10-13     0.0  0- 0     0.0
  2- 6   149.7  3-14     0.0  5-12     0.0  7-14     0.0 10-14     0.0  0- 0     0.0
  2- 7   222.3  3-15     0.0  5-13     0.0  7-15     0.0 10-15     0.0  0- 0     0.0
  2- 8   670.7  3-16     0.0  5-14     0.0  7-16     0.0 10-16     0.0  0- 0     0.0
-------------------------------------------------------------------------------------------------
매출액 단식:     44,543,200    연식:     65,391,800      복식:  1,475,018,200
       복연:    207,300,200    쌍식:    587,591,900      삼복:  1,430,710,900
       삼쌍:    674,744,300    합계:  4,485,300,500
-------------------------------------------------------------------------------------------------
배당률 단: ①1.8        연: ①1.2 ②7.2 ⑥1.6          복: ①②40.0      4F:48.4
                                                                         3F:36.9
                        쌍: ①②49.9      
     복연: ①②9.0 ①⑥2.0 ②⑥21.8
     삼복: ①②⑥51.9 
     삼쌍: ①②⑥264.7 
-------------------------------------------------------------------------------------------------
펄 롱:13.6 11.1 11.5   11.9   11.9   13.1   
통과M:  200  400  600    800    1000   1200
통과T:13.6 24.7 36.2 0:48.1 1:00.0 1:13.1 
-------------------------------------------------------------------------------------------------
통과순위 S-1F : (^1,2),(3,6),(5,7),(4,9),10,8           
           C1 :                                         
           C2 :                                         
           C3 : (^1,2),6,(3,5,7),(4,10,9)-8             
           C4 : (^1,2)-(3,6),(4,7),(10,5,9),8           
         G-1F : 1-2-(3,4,6,7),(8,10,9)=5                
-------------------------------------------------------------------------------------------------
구분 출전번호  대상명            처분종류     처분내용                     세부내용
-------------------------------------------------------------------------------------------------
말      5      런타이거          주행심사                                  경주능력부진(1위마와 31.7마신 차)                 
-------------------------------------------------------------------------------------------------


제목 : 22년06월05일(일)  제 8경주

(서울) 제42일 1200M 혼4등급    핸디캡      경주명 : 일반                        
경주조건:      R1~50  연령오픈                   날씨:흐림 주로:건조  (3%)
순위상금: 33,000천원  13,200천원   8,400천원   3,000천원   2,400천원
부가상금:      0천원       0천원       0천원
-------------------------------------------------------------------------------------------------
순위 마번    마    명         산지   성별 연령 부담중량  기수명   조교사   마주명           레이팅
-------------------------------------------------------------------------------------------------
  1    3  논스톱리워드         미     거     4    53.0   김동수   신삼영   태립                38
  2    4  문학스톰             미     수     3    52.0   임다빈   정호익   권경자              36
  3    6  알렉산더원           미     거     4    54.5   장추열   우창구   임영수              41
  4    7  마이티킥             미     거     4    53.0   김귀배   서홍수   조병태              38
  5   10  스파이스타워         미     수     4    52.0   이현종   임채덕   황경호              36
  6    5  라스트보스           한     수     4    55.0   빅투아르 지용철   김선식              42
  7    8  타라타라타라         미     수     4    52.0   조상범   박대흥   청수                36
  8    1  위대한군주           미     거     3    53.0   정정희   박재우   이미양              38
  9    2  제이에스군황         미     수     4    52.0   김정준   김동균   박민지              36
       9  밀키셰리             한     암     5    51.5   김아현   지용철   이수길              45
-------------------------------------------------------------------------------------------------
순위 마번    마      명       마 체 중  기 록  도 착 차  S1F-1C-2C-3C-4C-G1F
-------------------------------------------------------------------------------------------------
  1    3  논스톱리워드         467( +6) 1:13.9            5-  -  - 5- 5- 3
  2    4  문학스톰             526( -4) 1:14.1  ¾        1-  -  - 2- 2- 1
  3    6  알렉산더원           498(+10) 1:14.3  1½       4-  -  - 4- 4- 4
  4    7  마이티킥             438( -3) 1:14.4  목        7-  -  - 6- 6- 5
  5   10  스파이스타워         466( -6) 1:14.6  1¼       2-  -  - 1- 1- 2
  6    5  라스트보스           495( +1) 1:15.4  4         6-  -  - 7- 7- 7
  7    8  타라타라타라         484(+19) 1:15.6  1¼       8-  -  - 8- 8- 8
  8    1  위대한군주           479( +1) 1:15.8  1½       3-  -  - 3- 3- 6
  9    2  제이에스군황         482( -1) 1:15.9  목        9-  -  - 9- 9- 9
       9  밀키셰리             457( -4) 0:00.0  경주제외   -  -  -  -  -  
-------------------------------------------------------------------------------------------------
순위 마번    G-3Ｆ   S-1F  １코너  ２코너  ３코너  ４코너    G-1F  단승식 연승식
-------------------------------------------------------------------------------------------------
  1    3   36.9    0:13.8                  0:24.9  0:43.2   12.8      7.5    1.7
  2    4   37.9    0:13.5                  0:24.3  0:42.3   13.7      3.0    1.4
  3    6   37.7    0:13.7                  0:24.5  0:42.8   13.2      2.4    1.2
  4    7   37.3    0:14.3                  0:25.4  0:43.2   13.0     14.3    2.8
  5   10   38.5    0:13.5                  0:24.1  0:42.2   14.1     10.0    2.8
  6    5   38.1    0:14.1                  0:25.4  0:43.5   13.3     14.1    3.3
  7    8   38.1    0:14.5                  0:25.9  0:43.8   13.0     37.4    8.1
  8    1   39.3    0:13.7                  0:24.5  0:42.8   14.0     19.8    6.4
  9    2   37.8    0:14.6                  0:26.1  0:44.3   13.0     20.8    3.2
       9                                                                        
-------------------------------------------------------------------------------------------------
(복승식 배당률)
  1- 2   230.7  2- 9     0.0  4- 5    19.0  5-15     0.0  8- 9     0.0 11-12     0.0
  1- 3   146.3  2-10    85.6  4- 6     2.9  5-16     0.0  8-10   254.2 11-13     0.0
  1- 4    50.7  2-11     0.0  4- 7    18.5  6- 7    11.2  8-11     0.0 11-14     0.0
  1- 5   197.8  2-12     0.0  4- 8   100.2  6- 8    87.4  8-12     0.0 11-15     0.0
  1- 6    46.7  2-13     0.0  4- 9     0.0  6- 9     0.0  8-13     0.0 11-16     0.0
  1- 7   209.9  2-14     0.0  4-10    12.7  6-10    10.9  8-14     0.0 12-13     0.0
  1- 8   429.7  2-15     0.0  4-11     0.0  6-11     0.0  8-15     0.0 12-14     0.0
  1- 9     0.0  2-16     0.0  4-12     0.0  6-12     0.0  8-16     0.0 12-15     0.0
  1-10   148.6  3- 4    10.2  4-13     0.0  6-13     0.0  9-10     0.0 12-16     0.0
  1-11     0.0  3- 5    62.2  4-14     0.0  6-14     0.0  9-11     0.0 13-14     0.0
  1-12     0.0  3- 6     7.3  4-15     0.0  6-15     0.0  9-12     0.0 13-15     0.0
  1-13     0.0  3- 7    40.2  4-16     0.0  6-16     0.0  9-13     0.0 13-16     0.0
  1-14     0.0  3- 8   218.5  5- 6    15.4  7- 8   302.4  9-14     0.0 14-15     0.0
  1-15     0.0  3- 9     0.0  5- 7    71.6  7- 9     0.0  9-15     0.0 14-16     0.0
  1-16     0.0  3-10    37.0  5- 8   324.0  7-10    62.0  9-16     0.0 15-16     0.0
  2- 3    60.7  3-11     0.0  5- 9     0.0  7-11     0.0 10-11     0.0  0- 0     0.0
  2- 4    24.3  3-12     0.0  5-10    77.1  7-12     0.0 10-12     0.0  0- 0     0.0
  2- 5   132.8  3-13     0.0  5-11     0.0  7-13     0.0 10-13     0.0  0- 0     0.0
  2- 6    20.3  3-14     0.0  5-12     0.0  7-14     0.0 10-14     0.0  0- 0     0.0
  2- 7    91.8  3-15     0.0  5-13     0.0  7-15     0.0 10-15     0.0  0- 0     0.0
  2- 8   348.8  3-16     0.0  5-14     0.0  7-16     0.0 10-16     0.0  0- 0     0.0
-------------------------------------------------------------------------------------------------
매출액 단식:     43,801,500    연식:     64,275,700      복식:  1,513,123,200
       복연:    176,355,600    쌍식:    549,564,100      삼복:  1,373,247,800
       삼쌍:    609,025,700    합계:  4,329,393,600
-------------------------------------------------------------------------------------------------
배당률 단: ③7.5        연: ③1.7 ④1.4 ⑥1.2          복: ③④10.2      4F:49.8
                                                                         3F:37.8
                        쌍: ③④27.7      
     복연: ③④3.4 ③⑥2.8 ④⑥1.6
     삼복: ③④⑥5.3 
     삼쌍: ③④⑥63.9 
-------------------------------------------------------------------------------------------------
펄 롱:13.5 10.6 12.0   12.2   12.1   13.5   
통과M:  200  400  600    800    1000   1200
통과T:13.5 24.1 36.1 0:48.3 1:00.4 1:13.9 
-------------------------------------------------------------------------------------------------
통과순위 S-1F : (4,10),(1,3,6),5,7,(2,8)                
           C1 :                                         
           C2 :                                         
           C3 : 10,4,(1,6)-3-(7,5)-8,2                  
           C4 : (^10,4)-(1,6)-(3,7),5,8-2               
         G-1F : (10,^4)-(3,6),7-1,5-8,2                 
-------------------------------------------------------------------------------------------------
구분 출전번호  대상명            처분종류     처분내용                     세부내용
-------------------------------------------------------------------------------------------------
기수    5      빅투아르          견책                                      출발 후 약 200m 지점 안으로 진로변경 7번 주행방해 
말      9      밀키셰리          출전제외                                  경주로 입장 중 기수낙마 및 방마                   
말      9      밀키셰리          주행심사                                  경주로 입장불량으로 출전제외 초래                 
-------------------------------------------------------------------------------------------------


제목 : 22년06월05일(일)  제 9경주

(서울) 제42일 1400M 혼OPEN    별정A       경주명 : 뚝섬배(GradeⅡ)                        
경주조건:     R0~140  3세이상                    날씨:흐림 주로:건조  (3%)
순위상금:330,000천원 132,000천원  84,000천원  30,000천원  24,000천원
부가상금:  7,056천원   3,528천원   1,176천원
-------------------------------------------------------------------------------------------------
순위 마번    마    명         산지   성별 연령 부담중량  기수명   조교사   마주명           레이팅
-------------------------------------------------------------------------------------------------
  1    8  라온퍼스트           한     암     5    56.0   최범현   박종곤   손천수             117
  2    2  위시미               한     암     5    56.0   임기원   최용구   강무웅              72
  3   12  레이디켈리           한     암     5    56.0   다비드   안해양   (주)인펨            76
  4   13  바램                 미     암     6    56.0   장추열   박대흥   이미양              82
  5    4  새내선               미     암     4    56.0   함완식   홍대유   문금철              69
  6    3  [부]영광의타임       한(포) 암     5    56.0   김철호   강은석   변창덕              74
  7    6  클리어검             한     암     6    56.0   정정희   최용건   조창석              93
  8    9  어디가나             한     암     4    56.0   유승완   김윤섭   에스지이건설        64
  9    5  대박행진             미     암     6    56.0   김정준   이관호   최수군              72
 10   11  플로리다파워         미     암     6    56.0   신형철   이신영   태립                73
 11    1  클린업샤인           미     암     5    56.0   안토니오 강환민   씨유네트워크        70
 12   10  [부]마이티즈젬       미     암     5    56.0   정도윤   안우성   이성기              54
 13    7  청수여걸             미     암     7    56.0   먼로     박대흥   청수                85
-------------------------------------------------------------------------------------------------
순위 마번    마      명       마 체 중  기 록  도 착 차  S1F-1C-2C-3C-4C-G1F
-------------------------------------------------------------------------------------------------
  1    8  라온퍼스트           451( -5) 1:25.6            2-  -  - 2- 2- 1
  2    2  위시미               544( +1) 1:26.4  4         1-  -  - 1- 1- 2
  3   12  레이디켈리           517( +8) 1:26.5  ¾        3-  -  - 4- 4- 3
  4   13  바램                 510( +2) 1:26.7  1         6-  -  - 6- 6- 5
  5    4  새내선               489( +7) 1:26.8  1         5-  -  - 3- 3- 4
  6    3  [부]영광의타임       476( +1) 1:26.8  머리      7-  -  - 8- 7- 7
  7    6  클리어검             470( +1) 1:27.3  2½       8-  -  - 5- 5- 6
  8    9  어디가나             508( -2) 1:27.5  1¼      11-  -  -10- 9- 9
  9    5  대박행진             442( -6) 1:27.7  1¼      12-  -  -11-10- 8
 10   11  플로리다파워         511( +6) 1:27.7  코       10-  -  -12-12-11
 11    1  클린업샤인           467( +6) 1:28.1  2½       4-  -  - 7- 8-10
 12   10  [부]마이티즈젬       449( -3) 1:29.3  7        13-  -  -13-13-13
 13    7  청수여걸             484( -3) 1:29.4  ½        9-  -  - 9-11-12
-------------------------------------------------------------------------------------------------
순위 마번    G-3Ｆ   S-1F  １코너  ２코너  ３코너  ４코너    G-1F  단승식 연승식
-------------------------------------------------------------------------------------------------
  1    8   35.7    0:13.4                  0:37.6  0:55.9   12.3      1.2    1.0
  2    2   36.6    0:13.4                  0:37.5  0:55.9   12.7      6.3    1.5
  3   12   36.3    0:13.5                  0:37.8  0:56.3   12.6     63.9    7.3
  4   13   36.1    0:13.6                  0:38.1  0:56.6   12.5     25.2    3.4
  5    4   36.5    0:13.6                  0:37.8  0:56.3   12.8     21.9    3.0
  6    3   36.0    0:13.9                  0:38.3  0:57.0   12.0     38.6    4.8
  7    6   37.0    0:13.9                  0:37.9  0:56.5   12.9     16.0    2.0
  8    9   36.5    0:14.3                  0:38.6  0:57.2   12.4     57.4    5.0
  9    5   36.4    0:14.7                  0:38.9  0:57.4   12.6    119.7   22.2
 10   11   36.2    0:13.9                  0:38.9  0:57.7   12.3     81.8    8.0
 11    1   37.3    0:13.6                  0:38.3  0:57.1   12.8    117.2   14.8
 12   10   37.5    0:15.9                  0:39.0  0:58.0   12.8    130.8   13.8
 13    7   38.1    0:13.9                  0:38.5  0:57.6   13.4    123.6   13.0
-------------------------------------------------------------------------------------------------
(복승식 배당률)
  1- 2   149.3  2- 9   115.9  4- 5   837.0  5-15     0.0  8- 9    14.4 11-12   565.9
  1- 3   719.7  2-10   398.1  4- 6   109.3  5-16     0.0  8-10    51.2 11-13   288.5
  1- 4   547.2  2-11   171.7  4- 7   597.5  6- 7   485.8  8-11    22.1 11-14     0.0
  1- 5  2053.5  2-12   138.9  4- 8     7.4  6- 8     4.5  8-12    25.3 11-15     0.0
  1- 6   567.2  2-13    52.1  4- 9   290.0  6- 9   237.7  8-13     8.1 11-16     0.0
  1- 7  1286.4  2-14     0.0  4-10   959.5  6-10   807.6  8-14     0.0 12-13   308.3
  1- 8    41.4  2-15     0.0  4-11   575.7  6-11   302.9  8-15     0.0 12-14     0.0
  1- 9  1031.4  2-16     0.0  4-12   435.4  6-12   301.0  8-16     0.0 12-15     0.0
  1-10  2667.3  3- 4   221.5  4-13   145.2  6-13    98.9  9-10  1046.5 12-16     0.0
  1-11  1067.3  3- 5   963.6  4-14     0.0  6-14     0.0  9-11   580.8 13-14     0.0
  1-12   833.5  3- 6   233.2  4-15     0.0  6-15     0.0  9-12   603.0 13-15     0.0
  1-13   786.8  3- 7  1236.5  4-16     0.0  6-16     0.0  9-13   246.8 13-16     0.0
  1-14     0.0  3- 8    16.0  5- 6   653.7  7- 8    35.9  9-14     0.0 14-15     0.0
  1-15     0.0  3- 9   534.2  5- 7  2289.4  7- 9   957.2  9-15     0.0 14-16     0.0
  1-16     0.0  3-10   701.9  5- 8    52.1  7-10  1538.6  9-16     0.0 15-16     0.0
  2- 3    85.1  3-11   872.0  5- 9  1233.1  7-11  1203.9 10-11  1211.0  0- 0     0.0
  2- 4    43.5  3-12   508.0  5-10  2610.5  7-12  1091.6 10-12  1597.4  0- 0     0.0
  2- 5   359.6  3-13   273.8  5-11  1697.8  7-13   535.2 10-13   918.1  0- 0     0.0
  2- 6    38.4  3-14     0.0  5-12  2017.2  7-14     0.0 10-14     0.0  0- 0     0.0
  2- 7   331.9  3-15     0.0  5-13   825.5  7-15     0.0 10-15     0.0  0- 0     0.0
  2- 8     2.8  3-16     0.0  5-14     0.0  7-16     0.0 10-16     0.0  0- 0     0.0
-------------------------------------------------------------------------------------------------
매출액 단식:     61,567,100    연식:     74,446,800      복식:  1,157,554,900
       복연:    230,219,200    쌍식:    591,968,700      삼복:  1,401,442,700
       삼쌍:    722,131,400    합계:  4,239,330,800
-------------------------------------------------------------------------------------------------
배당률 단: ⑧1.2        연: ⑧1.0 ②1.5 ⑫7.3          복: ⑧②2.8       4F:48.1
                                                                         3F:35.8
                        쌍: ⑧②3.3       
     복연: ⑧②1.6 ⑧⑫8.3 ②⑫19.6
     삼복: ⑧②⑫31.0 
     삼쌍: ⑧②⑫56.4 
-------------------------------------------------------------------------------------------------
펄 롱:13.4 11.8 12.3   12.3   12.0   11.5   12.3   
통과M:  200  400  600    800    1000   1200   1400
통과T:13.4 25.2 37.5 0:49.8 1:01.8 1:13.3 1:25.6 
-------------------------------------------------------------------------------------------------
통과순위 S-1F : (2,8,12),(1,4,13),(3,6,7,11)-9-5=10     
           C1 :                                         
           C2 :                                         
           C3 : (^2,8),(4,6,12),13,(1,3),(9,7),(5,11,10)
           C4 : (2,8)-(4,12),(6,13)-(1,3),9,5,(7,11),10 
         G-1F : 8-2,(4,12),13,6-3,(5,9),(1,11)-7-10     
-------------------------------------------------------------------------------------------------
구분 출전번호  대상명            처분종류     처분내용                     세부내용
-------------------------------------------------------------------------------------------------
기수   12      다비드            견책                                      결승선 전방 약 200m 지점 안쪽으로 진로변경 4번 주행방해
기수    2      임기원            기승정지     2일(2022.06.11~2022.06.12)   결승선 전방 약 150m 지점 바깥으로 진로변경 4번 주행방해
말     10      마이티즈젬        출발심사                                  출발불량                                          
말      8      라온퍼스트        출발심사                                  진입불량                                          
조교사  7      박대흥            과태금       100,000원                    승인장구 오착용(신청:일반재갈, 착용:계란형큰고리재갈)_교체 후 출전
-------------------------------------------------------------------------------------------------


제목 : 22년06월05일(일)  제10경주

(서울) 제42일 1200M 국3등급    핸디캡      경주명 : 일반                        
경주조건:      R1~65  연령오픈                   날씨:흐림 주로:건조  (3%)
순위상금: 41,250천원  16,500천원  10,500천원   3,750천원   3,000천원
부가상금:      0천원       0천원       0천원
-------------------------------------------------------------------------------------------------
순위 마번    마    명         산지   성별 연령 부담중량  기수명   조교사   마주명           레이팅
-------------------------------------------------------------------------------------------------
  1   11  원평가속             한     수     3    54.5   장추열   정호익   김용재              58
  2    7  에이투제트           한     수     5    53.0   김정준   지용철   최성룡              55
  3   12  록라인               한     수     5    58.0   함완식   최영주   소태영              65
  4    6  바이스로이           한     거     4    52.5   조상범   임봉춘   김진태a             54
  5    5  스프링킹             미     거     5    52.0   임다빈   최용건   (주)디알엠씨티      51
  6    9  머니시장             한     암     5    52.0   이동하   배대선   박상헌              55
  7    2  검포                 한     수     5    54.0   김태희   박병일   드림커뮤니티        63
  8    1  미르스톰             한     거     6    55.5   조한별   김동철   이월희              60
  9   10  글로벌천하           한     수     6    52.5   김동수   최상식   장재형              54
 10    3  바람을그리다         한     수     6    54.0   문성혁   안병기   우태율              57
 11    4  모닝힐               한     거     4    51.0   이현종   서인석   최상기              51
 12    8  베스트라인           한     수     6    53.5   송재철   이희영   이진경              56
-------------------------------------------------------------------------------------------------
순위 마번    마      명       마 체 중  기 록  도 착 차  S1F-1C-2C-3C-4C-G1F
-------------------------------------------------------------------------------------------------
  1   11  원평가속             500( -4) 1:12.7            3-  -  - 2- 2- 1
  2    7  에이투제트           458( -9) 1:13.3  4         6-  -  - 6- 6- 3
  3   12  록라인               500( -7) 1:13.3  코       10-  -  -10-10- 6
  4    6  바이스로이           483( +1) 1:13.4  목        2-  -  - 1- 1- 2
  5    5  스프링킹             480( -6) 1:13.7  1¾       9-  -  - 8- 9- 9
  6    9  머니시장             452( -3) 1:13.7  ½       12-  -  -12-11-10
  7    2  검포                 468(-12) 1:13.8  목        1-  -  - 3- 4- 4
  8    1  미르스톰             451( -5) 1:14.0  1½       7-  -  - 7- 7- 8
  9   10  글로벌천하           489( -5) 1:14.1  목        4-  -  - 5- 3- 5
 10    3  바람을그리다         474( -6) 1:14.4  2         8-  -  - 9- 8-11
 11    4  모닝힐               487( -8) 1:14.5  ½        5-  -  - 4- 5- 7
 12    8  베스트라인           509( -4) 1:14.7  1½      11-  -  -11-12-12
-------------------------------------------------------------------------------------------------
순위 마번    G-3Ｆ   S-1F  １코너  ２코너  ３코너  ４코너    G-1F  단승식 연승식
-------------------------------------------------------------------------------------------------
  1   11   36.5    0:13.5                  0:24.3  0:42.3   12.7      1.8    1.2
  2    7   36.6    0:13.8                  0:24.8  0:42.8   12.5     21.4    4.1
  3   12   36.0    0:14.1                  0:25.6  0:43.3   12.5     16.1    3.5
  4    6   37.3    0:13.5                  0:24.1  0:42.2   13.1      4.8    1.6
  5    5   36.6    0:14.1                  0:25.4  0:43.2   12.5     99.6    9.7
  6    9   36.1    0:14.7                  0:26.2  0:43.6   12.5     13.5    2.7
  7    2   37.4    0:13.5                  0:24.4  0:42.6   13.0     11.1    2.8
  8    1   37.2    0:13.9                  0:25.1  0:42.9   12.9     19.0    3.3
  9   10   37.7    0:13.7                  0:24.5  0:42.5   13.3     47.5    7.1
 10    3   37.3    0:14.1                  0:25.5  0:43.2   13.0    120.9   16.2
 11    4   38.1    0:13.8                  0:24.5  0:42.6   13.4     10.7    2.9
 12    8   36.8    0:14.4                  0:26.0  0:43.9   12.8     85.5   12.5
-------------------------------------------------------------------------------------------------
(복승식 배당률)
  1- 2    43.8  2- 9    43.0  4- 5   336.4  5-15     0.0  8- 9   312.4 11-12    11.6
  1- 3   563.9  2-10   266.6  4- 6    21.9  5-16     0.0  8-10  1013.7 11-13     0.0
  1- 4    58.5  2-11    11.7  4- 7    88.8  6- 7    35.1  8-11    78.9 11-14     0.0
  1- 5   416.0  2-12    66.9  4- 8   423.3  6- 8   202.6  8-12   383.6 11-15     0.0
  1- 6    29.8  2-13     0.0  4- 9    37.0  6- 9    18.8  8-13     0.0 11-16     0.0
  1- 7    97.3  2-14     0.0  4-10   308.4  6-10   166.4  8-14     0.0 12-13     0.0
  1- 8   571.5  2-15     0.0  4-11    10.4  6-11     4.2  8-15     0.0 12-14     0.0
  1- 9    55.0  2-16     0.0  4-12    82.9  6-12    28.3  8-16     0.0 12-15     0.0
  1-10   463.4  3- 4   466.7  4-13     0.0  6-13     0.0  9-10   213.7 12-16     0.0
  1-11    14.9  3- 5  1176.2  4-14     0.0  6-14     0.0  9-11     8.2 13-14     0.0
  1-12    81.7  3- 6   293.0  4-15     0.0  6-15     0.0  9-12    53.6 13-15     0.0
  1-13     0.0  3- 7   911.5  4-16     0.0  6-16     0.0  9-13     0.0 13-16     0.0
  1-14     0.0  3- 8  1318.0  5- 6   251.0  7- 8   516.5  9-14     0.0 14-15     0.0
  1-15     0.0  3- 9   600.0  5- 7   572.8  7- 9    60.9  9-15     0.0 14-16     0.0
  1-16     0.0  3-10  1798.9  5- 8  1497.7  7-10   391.1  9-16     0.0 15-16     0.0
  2- 3   417.3  3-11   163.0  5- 9   346.8  7-11    16.5 10-11    53.1  0- 0     0.0
  2- 4    39.3  3-12   712.2  5-10   973.6  7-12   104.1 10-12   257.8  0- 0     0.0
  2- 5   364.9  3-13     0.0  5-11   125.9  7-13     0.0 10-13     0.0  0- 0     0.0
  2- 6    24.6  3-14     0.0  5-12   737.3  7-14     0.0 10-14     0.0  0- 0     0.0
  2- 7    82.1  3-15     0.0  5-13     0.0  7-15     0.0 10-15     0.0  0- 0     0.0
  2- 8   429.7  3-16     0.0  5-14     0.0  7-16     0.0 10-16     0.0  0- 0     0.0
-------------------------------------------------------------------------------------------------
매출액 단식:     51,204,400    연식:     72,217,700      복식:  1,740,967,200
       복연:    220,739,700    쌍식:    530,632,900      삼복:  1,545,906,600
       삼쌍:    577,708,700    합계:  4,739,377,200
-------------------------------------------------------------------------------------------------
배당률 단: ⑪1.8        연: ⑪1.2 ⑦4.1 ⑫3.5          복: ⑪⑦16.5      4F:48.6
                                                                         3F:36.6
                        쌍: ⑪⑦22.7      
     복연: ⑪⑦6.3 ⑪⑫5.2 ⑦⑫23.5
     삼복: ⑪⑦⑫55.0 
     삼쌍: ⑪⑦⑫195.0 
-------------------------------------------------------------------------------------------------
펄 롱:13.5 10.6 12.0   12.2   11.7   12.7   
통과M:  200  400  600    800    1000   1200
통과T:13.5 24.1 36.1 0:48.3 1:00.0 1:12.7 
-------------------------------------------------------------------------------------------------
통과순위 S-1F : (2,6,11),(4,7,10),1,(3,5,12),8,9        
           C1 :                                         
           C2 :                                         
           C3 : 6,(2,11),(4,10),7,1,(3,5),12-8,9        
           C4 : (^6,11),(2,4,10),(7,1),(3,12,5),9,8     
         G-1F : 11,6-(7,2,10,12),(4,1,5,9),3-8          
-------------------------------------------------------------------------------------------------
구분 출전번호  대상명            처분종류     처분내용                     세부내용
-------------------------------------------------------------------------------------------------
말      4      모닝힐            출발심사                                  출발자세불량                                      
말      5      스프링킹          출발심사                                  출발자세불량                                      
말      5      스프링킹          출전정지     2개월(2022.06.06~2022.08.05) 반복적 출발심사(최근 1년 이내 3회차)              
조교사  5      최용건            과태금       100,000원                    증량신청 누락으로 초과중량(51kg->52kg) 기승 초래  
-------------------------------------------------------------------------------------------------


제목 : 22년06월05일(일)  제11경주

(서울) 제42일 1800M 혼3등급    별정B       경주명 : 일반                        
경주조건:      R1~65  연령오픈                   날씨:흐림 주로:건조  (3%)
순위상금: 41,250천원  16,500천원  10,500천원   3,750천원   3,000천원
부가상금:      0천원       0천원       0천원
-------------------------------------------------------------------------------------------------
순위 마번    마    명         산지   성별 연령 부담중량  기수명   조교사   마주명           레이팅
-------------------------------------------------------------------------------------------------
  1    8  럭키영               미     거     4    56.0   김동수   전승규   럭키팜              59
  2    3  남산시대             한     수     4    56.0   빅투아르 리카디   이기선              59
  3    6  에이스함성           한     수     5    55.0   함완식   이관호   황의영              55
  4    4  머니지프             한     거     7    55.0   이동하   배대선   강종우              56
  5   12  정문볼트             한     수     5    54.0   이현종   홍대유   김재영b             52
  6    7  노던타임             미     거     4    56.0   박태종   서인석   최상기              58
  7    5  마이티윙             미     수     6    53.0   김태희   서홍수   조병태              57
  8    9  문학문               미     수     4    57.0   최범현   홍대유   권경자              60
  9   11  황금해               한     수     5    54.0   조상범   임봉춘   진교원              51
 10    2  톱시드               한(포) 거     5    54.0   김정준   박병일   임동현              52
 11    1  문학엠파이어         미     거     5    54.0   임다빈   정호익   권경자              51
 12   10  세명기상             한     수     6    57.0   조한별   배휴준   이기철              61
-------------------------------------------------------------------------------------------------
순위 마번    마      명       마 체 중  기 록  도 착 차  S1F-1C-2C-3C-4C-G1F
-------------------------------------------------------------------------------------------------
  1    8  럭키영               476( -1) 1:57.5           11-11-11- 6- 5- 2
  2    3  남산시대             491( -2) 1:57.6  목        2- 2- 2- 1- 1- 1
  3    6  에이스함성           482( -8) 1:57.6  목       12-12-12-11-11- 4
  4    4  머니지프             486( +6) 1:58.0  2         5- 5- 4- 7- 6- 6
  5   12  정문볼트             469( -7) 1:58.0  목        9-10-10-10-10- 9
  6    7  노던타임             487( -6) 1:58.0  목        3- 3- 5- 5- 7- 3
  7    5  마이티윙             473( -8) 1:58.6  3         4- 4- 3- 4- 2- 5
  8    9  문학문               479(-11) 1:58.8  ¾        6- 6- 6- 3- 4- 8
  9   11  황금해               481( +6) 1:58.8  머리     10- 9- 8- 8- 9-10
 10    2  톱시드               482( -7) 1:58.8  머리      1- 1- 1- 2- 3- 7
 11    1  문학엠파이어         504( +1) 1:58.9  ½        8- 8- 9-12-12-12
 12   10  세명기상             506(-10) 1:59.3  2½       7- 7- 7- 9- 8-11
-------------------------------------------------------------------------------------------------
순위 마번    G-3Ｆ   S-1F  １코너  ２코너  ３코너  ４코너    G-1F  단승식 연승식
-------------------------------------------------------------------------------------------------
  1    8   39.1    0:15.2  0:21.2  0:33.9  1:10.8  1:25.7   13.2      3.3    1.6
  2    3   39.5    0:14.0  0:19.7  0:32.7  1:10.3  1:25.6   13.3      4.5    1.8
  3    6   38.4    0:15.3  0:21.3  0:34.0  1:11.5  1:26.4   12.9      8.1    2.4
  4    4   39.3    0:14.3  0:20.2  0:33.3  1:11.0  1:26.0   13.1     28.0    4.9
  5   12   39.0    0:14.8  0:20.8  0:33.8  1:11.3  1:26.4   13.0      9.4    3.4
  6    7   39.5    0:14.0  0:19.8  0:33.3  1:10.8  1:26.0   13.3      6.4    2.4
  7    5   40.2    0:14.1  0:19.9  0:33.0  1:10.8  1:25.7   13.7     72.7   10.6
  8    9   40.5    0:14.3  0:20.2  0:33.3  1:10.5  1:25.7   13.8     16.8    4.3
  9   11   40.1    0:14.9  0:20.8  0:33.6  1:11.0  1:26.3   13.6     30.7    6.6
 10    2   40.5    0:14.0  0:19.7  0:32.7  1:10.5  1:25.7   13.9      6.7    2.3
 11    1   39.3    0:14.8  0:20.8  0:33.8  1:11.8  1:26.8   13.6     32.8    5.0
 12   10   40.3    0:14.5  0:20.5  0:33.6  1:11.3  1:26.3   14.0     73.1    9.6
-------------------------------------------------------------------------------------------------
(복승식 배당률)
  1- 2   104.1  2- 9    60.0  4- 5   668.4  5-15     0.0  8- 9    28.2 11-12   165.1
  1- 3    58.1  2-10   363.7  4- 6    76.2  5-16     0.0  8-10   169.6 11-13     0.0
  1- 4   333.2  2-11   128.4  4- 7    74.7  6- 7    23.4  8-11    76.9 11-14     0.0
  1- 5   805.3  2-12    42.0  4- 8    51.9  6- 8    11.8  8-12    21.6 11-15     0.0
  1- 6   126.2  2-13     0.0  4- 9   191.4  6- 9    56.7  8-13     0.0 11-16     0.0
  1- 7   131.3  2-14     0.0  4-10   606.8  6-10   279.7  8-14     0.0 12-13     0.0
  1- 8    68.2  2-15     0.0  4-11   262.3  6-11   141.4  8-15     0.0 12-14     0.0
  1- 9   230.0  2-16     0.0  4-12   128.1  6-12    32.5  8-16     0.0 12-15     0.0
  1-10   791.6  3- 4    48.0  4-13     0.0  6-13     0.0  9-10   450.8 12-16     0.0
  1-11   552.2  3- 5   206.0  4-14     0.0  6-14     0.0  9-11   282.0 13-14     0.0
  1-12   199.7  3- 6    13.5  4-15     0.0  6-15     0.0  9-12    80.9 13-15     0.0
  1-13     0.0  3- 7    10.8  4-16     0.0  6-16     0.0  9-13     0.0 13-16     0.0
  1-14     0.0  3- 8     7.9  5- 6   380.4  7- 8    13.1  9-14     0.0 14-15     0.0
  1-15     0.0  3- 9    34.2  5- 7   302.0  7- 9    46.2  9-15     0.0 14-16     0.0
  1-16     0.0  3-10   178.9  5- 8   185.9  7-10   229.9  9-16     0.0 15-16     0.0
  2- 3     9.9  3-11    76.9  5- 9   731.5  7-11   116.0 10-11   658.4  0- 0     0.0
  2- 4    82.7  3-12    22.3  5-10  1453.1  7-12    36.1 10-12   346.0  0- 0     0.0
  2- 5   273.4  3-13     0.0  5-11  1026.8  7-13     0.0 10-13     0.0  0- 0     0.0
  2- 6    22.4  3-14     0.0  5-12   535.0  7-14     0.0 10-14     0.0  0- 0     0.0
  2- 7    16.8  3-15     0.0  5-13     0.0  7-15     0.0 10-15     0.0  0- 0     0.0
  2- 8    13.1  3-16     0.0  5-14     0.0  7-16     0.0 10-16     0.0  0- 0     0.0
-------------------------------------------------------------------------------------------------
매출액 단식:     54,824,700    연식:     82,315,800      복식:  1,927,274,300
       복연:    216,346,100    쌍식:    501,500,300      삼복:  1,650,578,500
       삼쌍:    536,319,400    합계:  4,969,159,100
-------------------------------------------------------------------------------------------------
배당률 단: ⑧3.3        연: ⑧1.6 ③1.8 ⑥2.4          복: ⑧③7.9       4F:52.2
                                                                         3F:39.4
                        쌍: ⑧③13.5      
     복연: ⑧③3.7 ⑧⑥4.4 ③⑥6.5
     삼복: ⑧③⑥12.5 
     삼쌍: ⑧③⑥49.8 
-------------------------------------------------------------------------------------------------
펄 롱:14.0 11.9 13.5   12.7   13.2   12.8   13.5   12.7   13.2   
통과M:  200  400  600    800    1000   1200   1400   1600   1800
통과T:14.0 25.9 39.4 0:52.1 1:05.3 1:18.1 1:31.6 1:44.3 1:57.5 
-------------------------------------------------------------------------------------------------
통과순위 S-1F : (2,3,5,7),(4,9),10,(1,11,12),(6,8)      
           C1 : (2,3,7),5,(4,9),10,(1,11,12)-(6,8)      
           C2 : (2,3),5,(4,7,9),(10,11),(1,12,8),6      
           C3 : 3,(2,9),(5,7,8),(4,11),(10,12),6,1      
           C4 : (5,2,^3,9,8),(4,7),(10,11,12,6)-1       
         G-1F : (3,8)-(7,6),(5,4,2,9,12),(10,1,11)      
-------------------------------------------------------------------------------------------------
구분 출전번호  대상명            처분종류     처분내용                     세부내용
-------------------------------------------------------------------------------------------------
말     10      세명기상          출발심사                                  진입불량                                          
말     12      정문볼트          주의                                      1~3코너 구간 머리를 드는 등 주행불량              
-------------------------------------------------------------------------------------------------
