2022.02.17 가디스문          19 마리동물병원 우전제저타박상                                                                                      
2022.02.17 금아스탈렛        19 마리동물병원 우전지교돌상                                                                                        
2022.02.17 금의맨            99 마리동물병원 마체검사                                                                                            
2022.02.17 뉴럭스            22 마리동물병원 양후지 근육통                                                                                       
2022.02.17 레전드넘버원      19 마리동물병원 운동기인성 피로회복                                                                                 
2022.02.17 모닝대로          22 마리동물병원 양후지 근육통                                                                                       
2022.02.17 미라클선          07 마리동물병원 의사선역                                                                                            
2022.02.17 스마티돌풍        18 마리동물병원 좌주두점액낭염(좌주종)                                                                              
2022.02.17 정수시대          22 마리동물병원 양후지 근육통                                                                                       
2022.02.17 파이니스트워리어  23 마리동물병원 양후지 근육통                                                                                       
2022.02.17 함양은산삼        19 마리동물병원 좌전지 부종                                                                                         
2022.02.17 헌치              30 마리동물병원 양전구절염                                                                                          
2022.02.17 힐모어            08 마리동물병원 진정(장제)                                                                                          
2022.02.17 가원의빛          24 부산부속동물 술후처치(관절경이용술)                                                                              
2022.02.17 원더풀차머        21 부산부속동물 좌제3완골골편골절,관절경수술(골편제거)                                                              
2022.02.17 최강쏜살          02 부산부속동물 술후처치(관절경이용술)                                                                              
2022.02.17 금빛여장군        14 스마일 동물  진정(장제)                                                                                          
2022.02.17 대지초이스        09 스마일 동물  좌각막찰과상                                                                                        
2022.02.17 라온더탱크        33 스마일 동물  우각막찰과상                                                                                        
2022.02.17 라온더파이팅      33 스마일 동물  양각막찰과상                                                                                        
2022.02.17 루사              33 스마일 동물  우주두부 열창                                                                                       
2022.02.17 리턴오브섭서디    20 스마일 동물  좌전제관상                                                                                          
2022.02.17 마스터터치        11 스마일 동물  정치,발치                                                                                           
2022.02.17 마하타이탄        33 스마일 동물  우각막찰과상                                                                                        
2022.02.17 모신나강          32 스마일 동물  물리치료(쇽웨이브)                                                                                  
2022.02.17 석세스마초        21 스마일 동물  마체검사                                                                                            
2022.02.17 선마운틴          14 스마일 동물  양전구절염                                                                                          
2022.02.17 윈드크로스        06 스마일 동물  우전지파행                                                                                          
2022.02.17 인투마린          13 스마일 동물  물리치료(쇽웨이브)                                                                                  
2022.02.17 제트캐시          28 스마일 동물  우각막염                                                                                            
2022.02.17 퀸할리            16 스마일 동물  좌각막찰과상                                                                                        
2022.02.17 톱데이            26 스마일 동물  운동기인성 피로회복                                                                                 
2022.02.17 퍼니라이프        11 스마일 동물  발치                                                                                                
2022.02.17 하늘질주          09 스마일 동물  좌후 구절부 찰과상                                                                                  
2022.02.18 그레이트굿        08 마리동물병원 우후지교돌상                                                                                        
2022.02.18 금아굿포인트      27 마리동물병원 우전지교돌상                                                                                        
2022.02.18 꽃무리            08 마리동물병원 우전지교돌상                                                                                        
2022.02.18 달려라볼포니      22 마리동물병원 운동기인성 피로회복(수액처치)                                                                       
2022.02.18 달려라볼포니      22 마리동물병원 운동기인성 피로회복(수액처치)                                                                       
2022.02.18 덩컨              30 마리동물병원 우전지교돌상                                                                                        
2022.02.18 동반의시작        16 마리동물병원 좌후지교돌상                                                                                        
2022.02.18 라스트가디언      27 마리동물병원 우후지교돌상                                                                                        
2022.02.18 라이트스토리      30 마리동물병원 운동기인성 피로회복(수액처치)                                                                       
2022.02.18 라이트스토리      30 마리동물병원 운동기인성 피로회복(수액처치)                                                                       
2022.02.18 레인킬러          16 마리동물병원 우후지교돌상                                                                                        
2022.02.18 렛잇고            08 마리동물병원 진정(장제)                                                                                          
2022.02.18 룰루              10 마리동물병원 정치                                                                                                
2022.02.18 리아논포인트      12 마리동물병원 우전지교돌상                                                                                        
2022.02.18 맨오브더이어      07 마리동물병원 양전구절염                                                                                          
2022.02.18 맨오브톱          19 마리동물병원 좌전지교돌상                                                                                        
2022.02.18 미라클선          07 마리동물병원 의사선역                                                                                            
2022.02.18 미스고            08 마리동물병원 좌후지교돌상                                                                                        
2022.02.18 미스인디          30 마리동물병원 좌전지교돌상                                                                                        
2022.02.18 미스터스캣        22 마리동물병원 운동기인성 피로회복(수액처치)                                                                       
2022.02.18 미스터스캣        22 마리동물병원 운동기인성 피로회복(수액처치)                                                                       
2022.02.18 배다리아이콘      12 마리동물병원 좌후지교돌상                                                                                        
2022.02.18 백두정기          22 마리동물병원 운동기인성 피로회복(수액처치)                                                                       
2022.02.18 백두정기          22 마리동물병원 운동기인성 피로회복(수액처치)                                                                       
2022.02.18 부산미소          22 마리동물병원 좌후지교돌상                                                                                        
2022.02.18 부카티니          19 마리동물병원 우후지교돌상                                                                                        
2022.02.18 빅토리나인        10 마리동물병원 정치,발치                                                                                           
2022.02.18 상임여왕          22 마리동물병원 운동기인성 피로회복(수액처치)                                                                       
2022.02.18 상임여왕          22 마리동물병원 운동기인성 피로회복(수액처치)                                                                       
2022.02.18 수소엔진          23 마리동물병원 좌전지교돌상                                                                                        
2022.02.18 스마트모드        12 마리동물병원 좌전지교돌상                                                                                        
2022.02.18 스마티돌풍        18 마리동물병원 좌주두점액낭염(좌주종)                                                                              
2022.02.18 스타에이스        19 마리동물병원 좌후지교돌상                                                                                        
2022.02.18 스피드선샤인      16 마리동물병원 좌전지교돌상                                                                                        
2022.02.18 신진강호          10 마리동물병원 정치                                                                                                
2022.02.18 영보스            13 마리동물병원 우전지교돌상                                                                                        
2022.02.18 왈츠참            10 마리동물병원 정치,발치                                                                                           
2022.02.18 원더풀파일        19 마리동물병원 우전지교돌상                                                                                        
2022.02.18 장한질주          27 마리동물병원 좌후지교돌상                                                                                        
2022.02.18 천년의강          22 마리동물병원 양후지 근육통                                                                                       
2022.02.18 천년의강          22 마리동물병원 양후지 근육통                                                                                       
2022.02.18 천년의구름        22 마리동물병원 우후지교돌상                                                                                        
2022.02.18 천마파워          08 마리동물병원 좌전지교돌상                                                                                        
2022.02.18 최강드래곤        22 마리동물병원 운동기인성 피로회복(수액처치)                                                                       
2022.02.18 최강드래곤        22 마리동물병원 운동기인성 피로회복(수액처치)                                                                       
2022.02.18 콰트로맥스        22 마리동물병원 좌전지교돌상                                                                                        
2022.02.18 쾌한황금          12 마리동물병원 우후지교돌상                                                                                        
2022.02.18 클린샷            22 마리동물병원 우전지교돌상                                                                                        
2022.02.18 킹스랜딩          07 마리동물병원 운동기인성 피로회복(수액처치)                                                                       
2022.02.18 킹스랜딩          07 마리동물병원 운동기인성 피로회복(수액처치)                                                                       
2022.02.18 트리플선더        13 마리동물병원 좌전지교돌상                                                                                        
2022.02.18 파샤              22 마리동물병원 운동기인성 피로회복(수액처치)                                                                       
2022.02.18 파샤              22 마리동물병원 운동기인성 피로회복(수액처치)                                                                       
2022.02.18 폴투윈            19 마리동물병원 좌전지교돌상                                                                                        
2022.02.18 프로칸설          30 마리동물병원 운동기인성 피로회복(수액처치)                                                                       
2022.02.18 프로칸설          30 마리동물병원 운동기인성 피로회복(수액처치)                                                                       
2022.02.18 플렉스신화        12 마리동물병원 진정(장제)                                                                                          
2022.02.18 하늘미소          10 마리동물병원 정치,발치                                                                                           
2022.02.18 함안자양산        12 마리동물병원 좌전지교돌상                                                                                        
2022.02.18 함양은산삼        19 마리동물병원 좌전지 부종                                                                                         
2022.02.18 해피매직          27 마리동물병원 좌전지교돌상                                                                                        
2022.02.18 해피송송          16 마리동물병원 우전지교돌상                                                                                        
2022.02.18 헌치              30 마리동물병원 양전구절염                                                                                          
2022.02.18 힐모어            08 마리동물병원 양전지 근육통                                                                                       
2022.02.18 닥터자이언츠      01 부산부속동물 우제3중수골골절,우전양측근위종자골골절                                                              
2022.02.18 러닝에이스        24 부산부속동물 술후처치(관절경이용술)                                                                              
2022.02.18 엔들리스러닝      07 부산부속동물 마체검사                                                                                            
2022.02.18 원더풀차머        21 부산부속동물 술후처치(관절경이용술)                                                                              
2022.02.18 케이비아너        02 부산부속동물 우요완골골편골절                                                                                    
2022.02.18 가디언엔젤        04 스마일 동물  우각막찰과상                                                                                        
2022.02.18 검은쏜살          31 스마일 동물  진정(보정)                                                                                          
2022.02.18 그레이트댄스      09 스마일 동물  좌각막찰과상                                                                                        
2022.02.18 그린파파고        31 스마일 동물  좌각막찰과상                                                                                        
2022.02.18 닥터콩돌이        01 스마일 동물  좌각막찰과상                                                                                        
2022.02.18 대지초이스        09 스마일 동물  좌각막찰과상                                                                                        
2022.02.18 돌풍              31 스마일 동물  양제3중수골골막염                                                                                   
2022.02.18 동부월드          02 스마일 동물  좌각막찰과상                                                                                        
2022.02.18 두무산            01 스마일 동물  우각막찰과상                                                                                        
2022.02.18 라온더플래시      33 스마일 동물  좌각막찰과상                                                                                        
2022.02.18 래피드게임        04 스마일 동물  좌각막찰과상                                                                                        
2022.02.18 러닝워리어        33 스마일 동물  좌각막찰과상                                                                                        
2022.02.18 레츠고            31 스마일 동물  진정(보정)                                                                                          
2022.02.18 리턴오브섭서디    20 스마일 동물  좌전제관상                                                                                          
2022.02.18 매직위스퍼        31 스마일 동물  우각막찰과상                                                                                        
2022.02.18 메이저포스        31 스마일 동물  우각막찰과상                                                                                        
2022.02.18 백구              02 스마일 동물  좌각막찰과상                                                                                        
2022.02.18 버닝패션          31 스마일 동물  진정(보정)                                                                                          
2022.02.18 보람이            24 스마일 동물  좌각막찰과상                                                                                        
2022.02.18 불의검            02 스마일 동물  우각막찰과상                                                                                        
2022.02.18 블랙올리브        31 스마일 동물  진정(보정)                                                                                          
2022.02.18 블랙올리브        31 스마일 동물  진정(보정)                                                                                          
2022.02.18 비케이존          02 스마일 동물  좌각막찰과상                                                                                        
2022.02.18 비케이하나        02 스마일 동물  좌각막찰과상                                                                                        
2022.02.18 서귀대로          14 스마일 동물  진정(보정)                                                                                          
2022.02.18 소리태풍          02 스마일 동물  좌각막찰과상                                                                                        
2022.02.18 솔인빅투스        32 스마일 동물  좌각막찰과상                                                                                        
2022.02.18 슈퍼크랙          09 스마일 동물  좌각막찰과상                                                                                        
2022.02.18 스나이더          16 스마일 동물  좌각막찰과상                                                                                        
2022.02.18 스카이제주향      15 스마일 동물  좌전지 부종                                                                                         
2022.02.18 스페셜윈드        21 스마일 동물  물리치료(쇽웨이브)                                                                                  
2022.02.18 스페셜팩트        02 스마일 동물  좌각막찰과상                                                                                        
2022.02.18 승리의불길        14 스마일 동물  요배통                                                                                              
2022.02.18 아델크라운        01 스마일 동물  우각막찰과상                                                                                        
2022.02.18 아침빛            33 스마일 동물  좌각막찰과상                                                                                        
2022.02.18 앨버트윈          28 스마일 동물  좌각막찰과상                                                                                        
2022.02.18 에이원플러스      02 스마일 동물  우각막찰과상                                                                                        
2022.02.18 역전명수          31 스마일 동물  좌각막찰과상                                                                                        
2022.02.18 영웅로드          04 스마일 동물  물리치료(쇽웨이브)                                                                                  
2022.02.18 영원다이너모      01 스마일 동물  양각막찰과상                                                                                        
2022.02.18 운주오션          21 스마일 동물  정치,발치                                                                                           
2022.02.18 원더풀킹          09 스마일 동물  우각막찰과상                                                                                        
2022.02.18 월드금메달        23 스마일 동물  좌각막찰과상                                                                                        
2022.02.18 월드슬램          28 스마일 동물  좌각막찰과상                                                                                        
2022.02.18 윈드크로스        06 스마일 동물  우전지파행                                                                                          
2022.02.18 윈스팅            04 스마일 동물  우각막찰과상                                                                                        
2022.02.18 일념천하          33 스마일 동물  좌각막찰과상                                                                                        
2022.02.18 장산바비          31 스마일 동물  우각막찰과상                                                                                        
2022.02.18 정문치타          31 스마일 동물  진정(보정)                                                                                          
2022.02.18 천년의약속        04 스마일 동물  양각막찰과상                                                                                        
2022.02.18 청호리더          33 스마일 동물  우전지 부종                                                                                         
2022.02.18 컬러풀윈드        28 스마일 동물  우각막찰과상                                                                                        
2022.02.18 퀸앨리            31 스마일 동물  진정(보정)                                                                                          
2022.02.18 퀸오브하츠        31 스마일 동물  좌전구절염                                                                                          
2022.02.18 퀸할리            16 스마일 동물  좌각막찰과상                                                                                        
2022.02.18 킹브라더          11 스마일 동물  우각막찰과상                                                                                        
2022.02.18 타핏원더풀        21 스마일 동물  좌각막찰과상                                                                                        
2022.02.18 탑스타            21 스마일 동물  거세술                                                                                              
2022.02.18 토함스타          14 스마일 동물  양각막찰과상                                                                                        
2022.02.18 톱메이트          02 스마일 동물  양각막찰과상                                                                                        
2022.02.18 트래픽마린        16 스마일 동물  좌각막찰과상                                                                                        
2022.02.18 팬텀에이스        28 스마일 동물  우후지 근육통                                                                                       
2022.02.18 플라잉더챔프      15 스마일 동물  물리치료(쇽웨이브)                                                                                  
2022.02.18 하늘강자          09 스마일 동물  좌각막찰과상                                                                                        
2022.02.18 하늘질주          09 스마일 동물  좌후 구절부 찰과상                                                                                  
2022.02.18 함안여항산        23 스마일 동물  정치                                                                                                
2022.02.18 해운대바다        11 스마일 동물  우각막찰과상                                                                                        
2022.02.18 허리케인참        31 스마일 동물  진정(보정)                                                                                          
2022.02.19 가디스문          19 마리동물병원 우전제저타박상                                                                                      
2022.02.19 그레이트굿        08 마리동물병원 우후지교돌상                                                                                        
2022.02.19 금아스탈렛        19 마리동물병원 우전지교돌상                                                                                        
2022.02.19 꽃무리            08 마리동물병원 우전지교돌상                                                                                        
2022.02.19 달이뜨니          22 마리동물병원 좌전지파행                                                                                          
2022.02.19 디아블로퀸        13 마리동물병원 마비성근색소뇨증                                                                                    
2022.02.19 라스트가디언      27 마리동물병원 우후지교돌상                                                                                        
2022.02.19 레전드넘버원      19 마리동물병원 운동기인성 피로회복                                                                                 
2022.02.19 리아논포인트      12 마리동물병원 우전지교돌상                                                                                        
2022.02.19 마하메루          12 마리동물병원 마체검사                                                                                            
2022.02.19 맨오브더이어      07 마리동물병원 양전구절염                                                                                          
2022.02.19 맨오브톱          19 마리동물병원 운동기인성 피로회복                                                                                 
2022.02.19 몽땅              19 마리동물병원 운동기인성 피로회복                                                                                 
2022.02.19 미라클선          07 마리동물병원 의사선역                                                                                            
2022.02.19 미스고            08 마리동물병원 좌후지교돌상                                                                                        
2022.02.19 미스인디          30 마리동물병원 우전지파행                                                                                          
2022.02.19 부산미소          22 마리동물병원 양전구절염                                                                                          
2022.02.19 부카티니          19 마리동물병원 우후지교돌상                                                                                        
2022.02.19 블루카슨          10 마리동물병원 양전구절염                                                                                          
2022.02.19 서귀플러스        22 마리동물병원 좌제3중수골골막염                                                                                   
2022.02.19 소머치고          22 마리동물병원 운동기인성 피로회복(수액처치)                                                                       
2022.02.19 소머치고          22 마리동물병원 운동기인성 피로회복(수액처치)                                                                       
2022.02.19 수소엔진          23 마리동물병원 좌제3중수골골막염                                                                                   
2022.02.19 스마트모드        12 마리동물병원 좌전지교돌상                                                                                        
2022.02.19 스마티돌풍        18 마리동물병원 좌주두점액낭염(좌주종)                                                                              
2022.02.19 스타에이스        19 마리동물병원 운동기인성 피로회복                                                                                 
2022.02.19 엔들리스러닝      07 마리동물병원 우전지교돌상                                                                                        
2022.02.19 영보스            13 마리동물병원 우전지교돌상                                                                                        
2022.02.19 영봉산            10 마리동물병원 양전구절염                                                                                          
2022.02.19 원더풀강자        18 마리동물병원 정치                                                                                                
2022.02.19 원더풀차차        18 마리동물병원 정치,낭치                                                                                           
2022.02.19 이터널에이스      10 마리동물병원 양제3중수골골막염                                                                                   
2022.02.19 인디언파티        07 마리동물병원 좌전지교돌상                                                                                        
2022.02.19 인피니티파워      22 마리동물병원 좌전지파행                                                                                          
2022.02.19 장한질주          27 마리동물병원 좌후지교돌상                                                                                        
2022.02.19 천년의구름        22 마리동물병원 양전구절염                                                                                          
2022.02.19 천마파워          08 마리동물병원 좌전지교돌상                                                                                        
2022.02.19 컴온퍼스트        16 마리동물병원 양각막염                                                                                            
2022.02.19 콰트로맥스        22 마리동물병원 양전구절염                                                                                          
2022.02.19 쾌한황금          12 마리동물병원 우후지교돌상                                                                                        
2022.02.19 클린샷            22 마리동물병원 우전지교돌상                                                                                        
2022.02.19 폴투윈            19 마리동물병원 좌전지교돌상                                                                                        
2022.02.19 함안여항산        23 마리동물병원 양후지 근육통                                                                                       
2022.02.19 함안자양산        12 마리동물병원 좌전지교돌상                                                                                        
2022.02.19 함양은산삼        19 마리동물병원 좌전지 부종                                                                                         
2022.02.19 해가뜨고          08 마리동물병원 양전지 근육통                                                                                       
2022.02.19 헌치              30 마리동물병원 양전구절염                                                                                          
2022.02.19 가원의빛          24 부산부속동물 술후처치(관절경이용술)                                                                              
2022.02.19 러닝에이스        24 부산부속동물 술후처치(관절경이용술)                                                                              
2022.02.19 원더풀차머        21 부산부속동물 술후처치(관절경이용술)                                                                              
2022.02.19 최강쏜살          02 부산부속동물 술후처치(관절경이용술)                                                                              
2022.02.19 킹앨리            31 부산부속동물 우요골원위단골편골절,관절경수술(골편제거)                                                           
2022.02.19 킹앨리            31 부산부속동물 우요골원위단골편골절,관절경수술(골편제거)                                                           
2022.02.19 가디언엔젤        04 스마일 동물  우각막찰과상,산통                                                                                   
2022.02.19 골드캔디          02 스마일 동물  좌각막찰과상                                                                                        
2022.02.19 골든파워          33 스마일 동물  좌각막찰과상                                                                                        
2022.02.19 그린파파고        31 스마일 동물  좌전구절염좌                                                                                        
2022.02.19 뉴프레시          17 스마일 동물  좌각막찰과상                                                                                        
2022.02.19 닥터콩돌이        01 스마일 동물  좌각막찰과상                                                                                        
2022.02.19 대지초이스        09 스마일 동물  좌각막찰과상                                                                                        
2022.02.19 돌풍              31 스마일 동물  양제3중수골골막염                                                                                   
2022.02.19 동부월드          02 스마일 동물  좌각막찰과상                                                                                        
2022.02.19 두무산            01 스마일 동물  우각막찰과상                                                                                        
2022.02.19 디어킹            15 스마일 동물  우각막찰과상                                                                                        
2022.02.19 뜨거운만남        17 스마일 동물  양각막찰과상                                                                                        
2022.02.19 라온더굳센        33 스마일 동물  좌각막찰과상                                                                                        
2022.02.19 라온더탱크        33 스마일 동물  우각막찰과상                                                                                        
2022.02.19 라온더플래시      33 스마일 동물  좌각막찰과상                                                                                        
2022.02.19 라우드컬러        06 스마일 동물  양전지 근육통                                                                                       
2022.02.19 래피드            24 스마일 동물  좌각막찰과상                                                                                        
2022.02.19 래피드게임        04 스마일 동물  좌각막찰과상                                                                                        
2022.02.19 러닝워리어        33 스마일 동물  좌각막찰과상                                                                                        
2022.02.19 레이디골든        17 스마일 동물  양각막찰과상                                                                                        
2022.02.19 마이티즈젬        15 스마일 동물  우각막찰과상                                                                                        
2022.02.19 매직위스퍼        31 스마일 동물  좌전지파행                                                                                          
2022.02.19 머니백            26 스마일 동물  운동기인성 피로회복                                                                                 
2022.02.19 머스트맨          28 스마일 동물  좌각막찰과상                                                                                        
2022.02.19 메이저포스        31 스마일 동물  좌전지 근육통                                                                                       
2022.02.19 문화시그니쳐      04 스마일 동물  물리치료(쇽웨이브)                                                                                  
2022.02.19 바벨스톰          09 스마일 동물  우각막찰과상                                                                                        
2022.02.19 바벨포세이돈      06 스마일 동물  우각막찰과상                                                                                        
2022.02.19 백구              02 스마일 동물  좌각막찰과상                                                                                        
2022.02.19 벌마의스타        01 스마일 동물  우각막찰과상                                                                                        
2022.02.19 보람이            24 스마일 동물  좌각막찰과상                                                                                        
2022.02.19 불의검            02 스마일 동물  우각막찰과상                                                                                        
2022.02.19 뷰어메이징        31 스마일 동물  요배통                                                                                              
2022.02.19 비케이존          02 스마일 동물  좌각막찰과상                                                                                        
2022.02.19 비케이하나        02 스마일 동물  좌각막찰과상                                                                                        
2022.02.19 소리태풍          02 스마일 동물  좌각막찰과상                                                                                        
2022.02.19 슈퍼크랙          09 스마일 동물  좌각막찰과상                                                                                        
2022.02.19 스나이더          16 스마일 동물  좌각막찰과상                                                                                        
2022.02.19 스카이제주향      15 스마일 동물  좌전지 부종                                                                                         
2022.02.19 스타오름          02 스마일 동물  좌전지골류(환골류)                                                                                  
2022.02.19 스페셜팩트        02 스마일 동물  좌각막찰과상                                                                                        
2022.02.19 스페이스마린      16 스마일 동물  좌각막찰과상                                                                                        
2022.02.19 슬림퀸            04 스마일 동물  물리치료(쇽웨이브)                                                                                  
2022.02.19 승리의불길        14 스마일 동물  요배통                                                                                              
2022.02.19 아델로사리오      01 스마일 동물  우각막찰과상                                                                                        
2022.02.19 아델크라운        01 스마일 동물  우각막찰과상                                                                                        
2022.02.19 아침빛            33 스마일 동물  좌각막찰과상                                                                                        
2022.02.19 아트켈리          15 스마일 동물  좌각막찰과상                                                                                        
2022.02.19 앨버트윈          28 스마일 동물  좌각막찰과상                                                                                        
2022.02.19 어플리트타핏      15 스마일 동물  양각막찰과상                                                                                        
2022.02.19 에이원플러스      02 스마일 동물  우각막찰과상                                                                                        
2022.02.19 역전명수          31 스마일 동물  우전지파행,마체검사                                                                                 
2022.02.19 영광의스타트      04 스마일 동물  요배통                                                                                              
2022.02.19 오르다            14 스마일 동물  요배통                                                                                              
2022.02.19 와일드아델        01 스마일 동물  좌각막찰과상                                                                                        
2022.02.19 원더풀모닝        26 스마일 동물  좌전지파행                                                                                          
2022.02.19 원더풀오션        26 스마일 동물  운동기인성 피로회복                                                                                 
2022.02.19 원더풀킹          09 스마일 동물  우각막찰과상                                                                                        
2022.02.19 일념천하          33 스마일 동물  좌각막찰과상                                                                                        
2022.02.19 일번지            21 스마일 동물  우각막찰과상                                                                                        
2022.02.19 자메이카파워      11 스마일 동물  양전지 근육통                                                                                       
2022.02.19 자이언트칼        26 스마일 동물  운동기인성 피로회복                                                                                 
2022.02.19 장산바비          31 스마일 동물  양전지 근육통                                                                                       
2022.02.19 전설의불꽃        06 스마일 동물  요배통                                                                                              
2022.02.19 천년의약속        04 스마일 동물  양각막찰과상                                                                                        
2022.02.19 청호리더          33 스마일 동물  우전지 부종                                                                                         
2022.02.19 컬러풀윈드        28 스마일 동물  우각막찰과상                                                                                        
2022.02.19 코르사            02 스마일 동물  우각막찰과상                                                                                        
2022.02.19 퀸오브하츠        31 스마일 동물  좌전구절염                                                                                          
2022.02.19 퀸할리            16 스마일 동물  좌각막찰과상                                                                                        
2022.02.19 킹브라더          11 스마일 동물  우각막찰과상                                                                                        
2022.02.19 타핏원더풀        21 스마일 동물  양완관절염                                                                                          
2022.02.19 탑스타            21 스마일 동물  술후처치(거세술)                                                                                    
2022.02.19 톱메이트          02 스마일 동물  양각막찰과상                                                                                        
2022.02.19 트라이엄프킹      15 스마일 동물  좌각막찰과상                                                                                        
2022.02.19 트래픽마린        16 스마일 동물  좌각막찰과상                                                                                        
2022.02.19 팬텀에이스        28 스마일 동물  우후지 근육통                                                                                       
2022.02.19 하늘강자          09 스마일 동물  좌각막찰과상                                                                                        
2022.02.19 하늘질주          09 스마일 동물  좌후 구절부 찰과상                                                                                  
2022.02.19 해운대바다        11 스마일 동물  우각막찰과상                                                                                        
2022.02.19 허니드래건        31 스마일 동물  좌전지 근육통                                                                                       
2022.02.19 호랑가시          09 스마일 동물  좌중수부 찰과상                                                                                     
2022.02.19 화랑의챔피언      15 스마일 동물  양각막찰과상                                                                                        
2022.02.20 가디스문          19 마리동물병원 우전제저타박상                                                                                      
2022.02.20 그린스캣          12 마리동물병원 진정(장제)                                                                                          
2022.02.20 금아스탈렛        19 마리동물병원 우전지교돌상                                                                                        
2022.02.20 남도일등          12 마리동물병원 운동기인성 피로회복(수액처치)                                                                       
2022.02.20 남도일등          12 마리동물병원 운동기인성 피로회복(수액처치)                                                                       
2022.02.20 뉴럭스            22 마리동물병원 운동기인성 피로회복(수액처치)                                                                       
2022.02.20 뉴럭스            22 마리동물병원 운동기인성 피로회복(수액처치)                                                                       
2022.02.20 달이뜨니          22 마리동물병원 좌전지파행                                                                                          
2022.02.20 디아블로퀸        13 마리동물병원 마비성근색소뇨증                                                                                    
2022.02.20 맨오브더이어      07 마리동물병원 양전구절염                                                                                          
2022.02.20 미녀검객          10 마리동물병원 양전지 근육통                                                                                       
2022.02.20 미라클드리밍      07 마리동물병원 정치                                                                                                
2022.02.20 미라클선          07 마리동물병원 의사선역                                                                                            
2022.02.20 미스인디          30 마리동물병원 우전지파행                                                                                          
2022.02.20 부산미소          22 마리동물병원 양전구절염                                                                                          
2022.02.20 블루카슨          10 마리동물병원 양전구절염                                                                                          
2022.02.20 서귀플러스        22 마리동물병원 좌제3중수골골막염                                                                                   
2022.02.20 수소엔진          23 마리동물병원 좌제3중수골골막염                                                                                   
2022.02.20 스마트모드        12 마리동물병원 좌전지교돌상                                                                                        
2022.02.20 스마티돌풍        18 마리동물병원 좌주두점액낭염(좌주종)                                                                              
2022.02.20 스타티세          12 마리동물병원 운동기인성 피로회복(수액처치)                                                                       
2022.02.20 스타티세          12 마리동물병원 운동기인성 피로회복(수액처치)                                                                       
2022.02.20 엑톤파워          12 마리동물병원 운동기인성 피로회복(수액처치)                                                                       
2022.02.20 엑톤파워          12 마리동물병원 운동기인성 피로회복(수액처치)                                                                       
2022.02.20 엔들리스러닝      07 마리동물병원 양전구절염                                                                                          
2022.02.20 영보스            13 마리동물병원 우전지교돌상                                                                                        
2022.02.20 운주히어로        22 마리동물병원 운동기인성 피로회복(수액처치)                                                                       
2022.02.20 운주히어로        22 마리동물병원 운동기인성 피로회복(수액처치)                                                                       
2022.02.20 윈드하이          12 마리동물병원 운동기인성 피로회복(수액처치)                                                                       
2022.02.20 윈드하이          12 마리동물병원 운동기인성 피로회복(수액처치)                                                                       
2022.02.20 이터널에이스      10 마리동물병원 양제3중수골골막염                                                                                   
2022.02.20 인디언파티        07 마리동물병원 좌전지교돌상                                                                                        
2022.02.20 인피니티파워      22 마리동물병원 좌전지파행                                                                                          
2022.02.20 천년의구름        22 마리동물병원 양전구절염                                                                                          
2022.02.20 컴온퍼스트        16 마리동물병원 양후지 근육통                                                                                       
2022.02.20 콰트로맥스        22 마리동물병원 좌전제저타박상                                                                                      
2022.02.20 쾌한황금          12 마리동물병원 우후지교돌상                                                                                        
2022.02.20 클린샷            22 마리동물병원 우전지교돌상                                                                                        
2022.02.20 함안여항산        23 마리동물병원 양후지 근육통                                                                                       
2022.02.20 함안자양산        12 마리동물병원 좌전지교돌상                                                                                        
2022.02.20 함양은산삼        19 마리동물병원 좌전지 부종                                                                                         
2022.02.20 러닝에이스        24 부산부속동물 술후처치(관절경이용술)                                                                              
2022.02.20 원더풀차머        21 부산부속동물 술후처치(관절경이용술)                                                                              
2022.02.20 그린파파고        31 스마일 동물  좌전구절염좌                                                                                        
2022.02.20 금보성            20 스마일 동물  우각막찰과상                                                                                        
2022.02.20 도미네이션        11 스마일 동물  좌전구절염                                                                                          
2022.02.20 돌풍              31 스마일 동물  양제3중수골골막염                                                                                   
2022.02.20 라온더굳센        33 스마일 동물  좌각막찰과상                                                                                        
2022.02.20 라온더탱크        33 스마일 동물  우각막찰과상                                                                                        
2022.02.20 라온더플래시      33 스마일 동물  좌각막찰과상                                                                                        
2022.02.20 라우드컬러        06 스마일 동물  양전지 근육통                                                                                       
2022.02.20 매직위스퍼        31 스마일 동물  좌전지파행                                                                                          
2022.02.20 백구              02 스마일 동물  좌각막찰과상                                                                                        
2022.02.20 벌마의스타        01 스마일 동물  우각막찰과상                                                                                        
2022.02.20 보람이            24 스마일 동물  좌각막찰과상                                                                                        
2022.02.20 불의검            02 스마일 동물  우각막찰과상                                                                                        
2022.02.20 뷰어메이징        31 스마일 동물  요배통                                                                                              
2022.02.20 블루치퍼          11 스마일 동물  우전구절염                                                                                          
2022.02.20 비케이마셜        02 스마일 동물  우각막찰과상                                                                                        
2022.02.20 비케이존          02 스마일 동물  좌각막찰과상                                                                                        
2022.02.20 비케이하나        02 스마일 동물  좌각막찰과상                                                                                        
2022.02.20 빅토리마린        20 스마일 동물  좌각막찰과상                                                                                        
2022.02.20 소리태풍          02 스마일 동물  좌각막찰과상                                                                                        
2022.02.20 슈퍼크랙          09 스마일 동물  좌각막찰과상                                                                                        
2022.02.20 스페셜팩트        02 스마일 동물  좌각막찰과상                                                                                        
2022.02.20 스페이스마린      16 스마일 동물  좌각막찰과상                                                                                        
2022.02.20 아델로사리오      01 스마일 동물  우각막찰과상                                                                                        
2022.02.20 앨버트윈          28 스마일 동물  좌각막찰과상                                                                                        
2022.02.20 역전명수          31 스마일 동물  우전지파행,마체검사                                                                                 
2022.02.20 와일드아델        01 스마일 동물  좌각막찰과상                                                                                        
2022.02.20 원더풀모닝        26 스마일 동물  좌전지파행                                                                                          
2022.02.20 전설의불꽃        06 스마일 동물  요배통                                                                                              
2022.02.20 청호레전드        20 스마일 동물  좌각막찰과상                                                                                        
2022.02.20 청호리더          33 스마일 동물  우전지 부종                                                                                         
2022.02.20 컬러풀윈드        28 스마일 동물  우각막찰과상                                                                                        
2022.02.20 퀸오브하츠        31 스마일 동물  좌전구절염                                                                                          
2022.02.20 킹브라더          11 스마일 동물  요배통                                                                                              
2022.02.20 트래픽마린        16 스마일 동물  좌각막찰과상                                                                                        
2022.02.20 팬텀에이스        28 스마일 동물  우후지 근육통                                                                                       
2022.02.20 해운대바다        11 스마일 동물  양전구절염                                                                                          
2022.02.20 호랑가시          09 스마일 동물  좌중수부 찰과상                                                                                     
2022.02.20 혼디글라          06 스마일 동물  좌각막찰과상                                                                                        
