2022.01.16 교룡득수          49 닥터임동물병 좌전제구염                                                                                          
2022.01.16 국향              50 닥터임동물병 우전구절찰과상                                                                                      
2022.01.16 금아위티          54 닥터임동물병 정치,발치                                                                                           
2022.01.16 깡돌이            49 닥터임동물병 감기                                                                                                
2022.01.16 논스톱캣          12 닥터임동물병 양전지 부종                                                                                         
2022.01.16 대군제패          07 닥터임동물병 우전구절찰과상                                                                                      
2022.01.16 대박스타          53 닥터임동물병 좌제3중수골골막염                                                                                   
2022.01.16 더페이버릿        50 닥터임동물병 우각막염                                                                                            
2022.01.16 럭키법전          50 닥터임동물병 좌후지교돌상                                                                                        
2022.01.16 럭키어필          53 닥터임동물병 양전지 근육통                                                                                       
2022.01.16 로드위너          07 닥터임동물병 우후지교돌상                                                                                        
2022.01.16 문학보스          01 닥터임동물병 우후지교돌상                                                                                        
2022.01.16 문학스트롱        01 닥터임동물병 우후지교돌상                                                                                        
2022.01.16 별빛마루          50 닥터임동물병 우후지교돌상                                                                                        
2022.01.16 블랙펀치          01 닥터임동물병 좌각막염                                                                                            
2022.01.16 소중한당신        29 닥터임동물병 양전지 부종                                                                                         
2022.01.16 쇼미더골드        29 닥터임동물병 좌중족부찰과상,우중족부찰과상                                                                       
2022.01.16 알렉산더원        05 닥터임동물병 좌전지 부종                                                                                         
2022.01.16 에이투제트        49 닥터임동물병 좌후지파행                                                                                          
2022.01.16 엠제이타임        50 닥터임동물병 좌전계부찰과상                                                                                      
2022.01.16 옥스퍼드킹        50 닥터임동물병 좌제3중수골골막염                                                                                   
2022.01.16 위대한한마        50 닥터임동물병 좌후지교돌상                                                                                        
2022.01.16 유쾌한날들        50 닥터임동물병 좌각막염                                                                                            
2022.01.16 이스트포인트      50 닥터임동물병 우각막염                                                                                            
2022.01.16 제이에스군주      50 닥터임동물병 우각막염                                                                                            
2022.01.16 체인저            54 닥터임동물병 술후처치(거세술)                                                                                    
2022.01.16 컴플리트웨펀      50 닥터임동물병 요배통                                                                                              
2022.01.16 코스모킹          33 닥터임동물병 우후지골류(환골류)                                                                                  
2022.01.16 클린업해피        50 닥터임동물병 좌후지교돌상                                                                                        
2022.01.16 탑퀄리티          01 닥터임동물병 좌전지 부종                                                                                         
2022.01.16 트라이선더        01 닥터임동물병 우전지 부종                                                                                         
2022.01.16 트리플킹덤        50 닥터임동물병 우전의동                                                                                            
2022.01.16 티즈탭탭          12 닥터임동물병 좌후지 근육통                                                                                       
2022.01.16 페네트로          12 닥터임동물병 좌후지교돌상                                                                                        
2022.01.16 피엔에스린        07 닥터임동물병 좌전구절찰과상                                                                                      
2022.01.16 피엔에스안        23 닥터임동물병 우전지 부종                                                                                         
2022.01.16 피엔에스찬스      04 닥터임동물병 우각막염                                                                                            
2022.01.16 갈색향기          22 마사랑동물병 우후지교돌상                                                                                        
2022.01.16 거센광풍          28 마사랑동물병 좌후지교돌상                                                                                        
2022.01.16 고스트빌리지      40 마사랑동물병 좌후지교돌상                                                                                        
2022.01.16 골드카이저        03 마사랑동물병 양각막염                                                                                            
2022.01.16 광마힐            41 마사랑동물병 좌후지교돌상                                                                                        
2022.01.16 글로벌선          28 마사랑동물병 좌후지교돌상                                                                                        
2022.01.16 글로벌선더        28 마사랑동물병 좌후지교돌상                                                                                        
2022.01.16 금국화            05 마사랑동물병 우후지교돌상                                                                                        
2022.01.16 내생애최고        22 마사랑동물병 좌후지교돌상                                                                                        
2022.01.16 논스톱기상        41 마사랑동물병 좌전지파행                                                                                          
2022.01.16 눈부신한센        05 마사랑동물병 정치                                                                                                
2022.01.16 뉴청파            03 마사랑동물병 좌제3중수골골막염                                                                                   
2022.01.16 돌아온날리        41 마사랑동물병 좌후지교돌상                                                                                        
2022.01.16 돌아온뽀빠이      08 마사랑동물병 양후지파행                                                                                          
2022.01.16 동행              05 마사랑동물병 좌후지교돌상                                                                                        
2022.01.16 두손멍군          10 마사랑동물병 좌후지교돌상                                                                                        
2022.01.16 드림걸스          05 마사랑동물병 좌후지교돌상                                                                                        
2022.01.16 드림포스          22 마사랑동물병 우후지 부종                                                                                         
2022.01.16 레이디퍼스트      42 마사랑동물병 우전지파행,침치료(신침)                                                                             
2022.01.16 레이먼드          42 마사랑동물병 좌후지교돌상                                                                                        
2022.01.16 로열엘비스        08 마사랑동물병 우전 제차탈락                                                                                       
2022.01.16 록라인            03 마사랑동물병 우후지교돌상                                                                                        
2022.01.16 록파이터          28 마사랑동물병 우후지교돌상                                                                                        
2022.01.16 롤러블레이드      31 마사랑동물병 좌전지 부종                                                                                         
2022.01.16 루미너스퀸        41 마사랑동물병 식이성 식욕부진                                                                                     
2022.01.16 마성투혼          33 마사랑동물병 좌후지교돌상                                                                                        
2022.01.16 머니실크          20 마사랑동물병 좌후지교돌상                                                                                        
2022.01.16 머니탑            20 마사랑동물병 구내염                                                                                              
2022.01.16 머스탱파워        31 마사랑동물병 우후지 부종                                                                                         
2022.01.16 멋진아치          31 마사랑동물병 좌후지교돌상                                                                                        
2022.01.16 명동의봄          04 마사랑동물병 식이성 식욕부진                                                                                     
2022.01.16 명품축제          17 마사랑동물병 좌전제저타박상                                                                                      
2022.01.16 몬스터케이        05 마사랑동물병 우후지교돌상                                                                                        
2022.01.16 방방뜨네          33 마사랑동물병 양후지교돌상                                                                                        
2022.01.16 베스트마루        42 마사랑동물병 좌전구절염좌                                                                                        
2022.01.16 베오울프          40 마사랑동물병 양후지교돌상                                                                                        
2022.01.16 봄날의기억        22 마사랑동물병 좌후지교돌상                                                                                        
2022.01.16 블랙머니          03 마사랑동물병 양후지 부종                                                                                         
2022.01.16 생일선물          22 마사랑동물병 우후지 부종                                                                                         
2022.01.16 섀도우퀸          41 마사랑동물병 양후지 부종                                                                                         
2022.01.16 서울크라운        42 마사랑동물병 림프관염(임파관염)                                                                                  
2022.01.16 선더매직          05 마사랑동물병 정치,발치                                                                                           
2022.01.16 선더소니아        05 마사랑동물병 정치                                                                                                
2022.01.16 스마트블루        31 마사랑동물병 좌중수부 좌상                                                                                       
2022.01.16 스마트전사        40 마사랑동물병 좌후지교돌상                                                                                        
2022.01.16 스페셜스토리      15 마사랑동물병 양후지교돌상                                                                                        
2022.01.16 시티참            40 마사랑동물병 우후지교돌상                                                                                        
2022.01.16 아델머스탱        40 마사랑동물병 양후지교돌상                                                                                        
2022.01.16 아이스펀치        42 마사랑동물병 우후계부찰과상                                                                                      
2022.01.16 야무진새강자      22 마사랑동물병 좌후지 부종                                                                                         
2022.01.16 에스테이크        33 마사랑동물병 좌후지교돌상                                                                                        
2022.01.16 에피파니          22 마사랑동물병 좌후지교돌상                                                                                        
2022.01.16 엔비전사          42 마사랑동물병 좌후지 부종                                                                                         
2022.01.16 와우와우          40 마사랑동물병 정치,발치                                                                                           
2022.01.16 우주의봄          20 마사랑동물병 구내염                                                                                              
2022.01.16 원더풀샘          15 마사랑동물병 좌후지교돌상                                                                                        
2022.01.16 원더풀케이        20 마사랑동물병 구내염                                                                                              
2022.01.16 원평가속          10 마사랑동물병 우후지교돌상                                                                                        
2022.01.16 원평스카이        10 마사랑동물병 술후처치(거세술)                                                                                    
2022.01.16 일보등천          22 마사랑동물병 우후지교돌상                                                                                        
2022.01.16 자이언트킬링      40 마사랑동물병 양후지파행                                                                                          
2022.01.16 작두콩            10 마사랑동물병 좌후지교돌상                                                                                        
2022.01.16 정상파이팅        10 마사랑동물병 좌후지교돌상                                                                                        
2022.01.16 질주본            03 마사랑동물병 좌후지교돌상                                                                                        
2022.01.16 청산강호          42 마사랑동물병 양후지 부종                                                                                         
2022.01.16 초인강자          22 마사랑동물병 좌후지교돌상                                                                                        
2022.01.16 케미블루          43 마사랑동물병 우후지교돌상                                                                                        
2022.01.16 케이프렌지        04 마사랑동물병 식이성 식욕부진                                                                                     
2022.01.16 콰이어트아델      40 마사랑동물병 양전구절염                                                                                          
2022.01.16 클레어베스트      40 마사랑동물병 좌후지교돌상                                                                                        
2022.01.16 티즈바로우즈      33 마사랑동물병 좌후지교돌상                                                                                        
2022.01.16 티즈블랙          05 마사랑동물병 우후지교돌상                                                                                        
2022.01.16 티즈에너지        33 마사랑동물병 양후지파행                                                                                          
2022.01.16 파워돌풍          40 마사랑동물병 정치                                                                                                
2022.01.16 파이어하트        40 마사랑동물병 좌후지교돌상                                                                                        
2022.01.16 파티파워          15 마사랑동물병 좌후지교돌상                                                                                        
2022.01.16 퍼플케이          40 마사랑동물병 좌후지교돌상                                                                                        
2022.01.16 푸른요정          22 마사랑동물병 좌후지교돌상                                                                                        
2022.01.16 하늘아            17 마사랑동물병 구내염                                                                                              
2022.01.16 해피삭스          31 마사랑동물병 구내염                                                                                              
2022.01.16 감곡선샤인        35 명성동물병원 양각막염                                                                                            
2022.01.16 고고스타          32 명성동물병원 양각막염                                                                                            
2022.01.16 골디락스          11 명성동물병원 양후 발목피부염(계군)                                                                               
2022.01.16 국대클래스        16 명성동물병원 좌후지파행                                                                                          
2022.01.16 그린다르크        07 명성동물병원 양전지 근육통                                                                                       
2022.01.16 금아키튼          14 명성동물병원 양각막염                                                                                            
2022.01.16 뉴스마트          37 명성동물병원 양각막염                                                                                            
2022.01.16 뉴호프            16 명성동물병원 양전구절염                                                                                          
2022.01.16 더스파이커        14 명성동물병원 양각막염                                                                                            
2022.01.16 델피니            14 명성동물병원 좌후지 근육통                                                                                       
2022.01.16 드럼메이저        52 명성동물병원 거세술                                                                                              
2022.01.16 드림여왕          26 명성동물병원 좌후지교돌상                                                                                        
2022.01.16 라온더골드        01 명성동물병원 운동기인성 피로회복                                                                                 
2022.01.16 라온더아리아      01 명성동물병원 운동기인성 피로회복                                                                                 
2022.01.16 라온더와일드      01 명성동물병원 양각막염                                                                                            
2022.01.16 라온더제트        01 명성동물병원 구내염                                                                                              
2022.01.16 라온더축제        01 명성동물병원 양각막염                                                                                            
2022.01.16 라온더특급        01 명성동물병원 운동기인성 피로회복                                                                                 
2022.01.16 라온더파이터      01 명성동물병원 좌전제염                                                                                            
2022.01.16 라온더펄          01 명성동물병원 양각막염                                                                                            
2022.01.16 라온스페셜        01 명성동물병원 우전구절염좌                                                                                        
2022.01.16 매직모카신        07 명성동물병원 우후지교돌상                                                                                        
2022.01.16 메니스피드        11 명성동물병원 양각막염                                                                                            
2022.01.16 문학다이얼        06 명성동물병원 양제3중수골골막염                                                                                   
2022.01.16 바람의검          18 명성동물병원 피부병                                                                                              
2022.01.16 바이스로이        21 명성동물병원 양전지 부종                                                                                         
2022.01.16 부스터로켓        16 명성동물병원 운동기인성 피로회복(수액처치)                                                                       
2022.01.16 부스터로켓        16 명성동물병원 운동기인성 피로회복(수액처치)                                                                       
2022.01.16 빅포켓            16 명성동물병원 우전지파행                                                                                          
2022.01.16 사려니퍼스트      14 명성동물병원 식이성 식욕부진                                                                                     
2022.01.16 사만다치타        52 명성동물병원 좌전지 부종                                                                                         
2022.01.16 새로운빛깔        06 명성동물병원 진정(장제)                                                                                          
2022.01.16 샤인뮤직          37 명성동물병원 우전지파행                                                                                          
2022.01.16 세륭              26 명성동물병원 우중수부찰과상                                                                                      
2022.01.16 소베라니아        37 명성동물병원 우전지파행                                                                                          
2022.01.16 소울메리트        18 명성동물병원 좌후지 근육통                                                                                       
2022.01.16 슈퍼플랜          32 명성동물병원 좌전제염                                                                                            
2022.01.16 스위트주스바      14 명성동물병원 좌후지 근육통                                                                                       
2022.01.16 스카이팡팡        32 명성동물병원 양각막염                                                                                            
2022.01.16 심플퀸            03 명성동물병원 우완관절염                                                                                          
2022.01.16 엠제이스톰        52 명성동물병원 우전지 부종                                                                                         
2022.01.16 워리어선더        16 명성동물병원 좌후지교돌상                                                                                        
2022.01.16 유레카            14 명성동물병원 양각막염                                                                                            
2022.01.16 이천쌀            37 명성동물병원 양각막염                                                                                            
2022.01.16 이터널선샤인      35 명성동물병원 좌비절염                                                                                            
2022.01.16 장산몬스터        30 명성동물병원 우후지 부종                                                                                         
2022.01.16 주얼리베스트      37 명성동물병원 양각막염                                                                                            
2022.01.16 질주의칸          14 명성동물병원 양각막염                                                                                            
2022.01.16 찰리스타일        21 명성동물병원 좌전지 부종                                                                                         
2022.01.16 천은총            32 명성동물병원 양각막염                                                                                            
2022.01.16 퀸즈투어          21 명성동물병원 좌완슬부 열창                                                                                       
2022.01.16 클레어파워        52 명성동물병원 거세술                                                                                              
2022.01.16 팀임팩트          48 명성동물병원 좌중족부 열창                                                                                       
2022.01.16 프리맥스          21 명성동물병원 양후지 근육통                                                                                       
2022.01.16 플라잉풀문        35 명성동물병원 피부병                                                                                              
2022.01.16 플로리다파워      14 명성동물병원 양각막염                                                                                            
2022.01.16 피케이돌풍        37 명성동물병원 양각막염                                                                                            
2022.01.16 한강의기상        19 명성동물병원 우전답창                                                                                            
2022.01.16 화려한미소        14 명성동물병원 식이성 식욕부진                                                                                     
2022.01.16 휘파람            11 명성동물병원 양후 발목피부염(계군)                                                                               
2022.01.16 고업              13 삼포동물병원 좌전지파행                                                                                          
2022.01.16 논스톱알리        13 삼포동물병원 좌제3중수골골막염                                                                                   
2022.01.16 드림펠라          25 삼포동물병원 우전지 부종                                                                                         
2022.01.16 디바인퓨처즈      51 삼포동물병원 우전 제차탈락                                                                                       
2022.01.16 마이공주          09 삼포동물병원 우후 발목피부염(계군)                                                                               
2022.01.16 마크스토리        25 삼포동물병원 양전지 부종                                                                                         
2022.01.16 명진데이          25 삼포동물병원 양전지 부종                                                                                         
2022.01.16 사려니퀸          07 삼포동물병원 양후지 근육통                                                                                       
2022.01.16 삼바존            13 삼포동물병원 좌전지 부종,우후지 근육통                                                                           
2022.01.16 슈퍼챔피언        25 삼포동물병원 좌전지 부종                                                                                         
2022.01.16 스타워즈          24 삼포동물병원 우후 구절부 찰과상,양후 발목피부염(계군)                                                            
2022.01.16 스텔라로드        25 삼포동물병원 좌전지 부종                                                                                         
2022.01.16 스피어골드        23 삼포동물병원 우후계부찰과상                                                                                      
2022.01.16 에이피파텍        12 삼포동물병원 우후지 근육통                                                                                       
2022.01.16 에클레어더원      25 삼포동물병원 양전지 부종                                                                                         
2022.01.16 옥룡              09 삼포동물병원 좌전지파행                                                                                          
2022.01.16 위너브라운        25 삼포동물병원 좌후 발목피부염(계군)                                                                               
2022.01.16 은혜가이          27 삼포동물병원 구내염                                                                                              
2022.01.16 은혜드림          27 삼포동물병원 양각막염                                                                                            
2022.01.16 인빅터스          51 삼포동물병원 우전의동                                                                                            
2022.01.16 정성대로          51 삼포동물병원 우전지파행                                                                                          
2022.01.16 질주의꿈          18 삼포동물병원 요배통,침치료(수침)                                                                                 
2022.01.16 최강게임          25 삼포동물병원 양전지 부종                                                                                         
2022.01.16 최강미래          27 삼포동물병원 양전지 부종                                                                                         
2022.01.16 최강팀            18 삼포동물병원 감기                                                                                                
2022.01.16 최고블랙          09 삼포동물병원 감기                                                                                                
2022.01.16 치프인디          18 삼포동물병원 우전지 부종                                                                                         
2022.01.16 컨트리로드        27 삼포동물병원 양각막염                                                                                            
2022.01.16 케이엔티즈원      18 삼포동물병원 비정상 치아 마모,정치                                                                               
2022.01.16 콰이어트참        24 삼포동물병원 술후처치                                                                                            
2022.01.16 퀴클리런          09 삼포동물병원 우제3중수골골막염,양전지 부종                                                                       
2022.01.16 큐피드원더        13 삼포동물병원 좌전지파행                                                                                          
2022.01.16 킹크러시          51 삼포동물병원 양전지 부종                                                                                         
2022.01.16 테스고대보        25 삼포동물병원 우후지 부종                                                                                         
2022.01.16 티즈러너          51 삼포동물병원 양전지 부종,안상                                                                                    
2022.01.16 티케파이어        25 삼포동물병원 양후 발목피부염(계군)                                                                               
2022.01.16 포에버칸          27 삼포동물병원 양각막염                                                                                            
2022.01.16 하루온            27 삼포동물병원 양후지 근육통                                                                                       
2022.01.16 해피믹스          27 삼포동물병원 양각막염                                                                                            
2022.01.16 흥행대박          27 삼포동물병원 운동기인성 피로회복                                                                                 
2022.01.16 교룡득수          49 서울부속동물 좌전내측 제구부 찰과상,좌전외측 제구부 찰과상                                                       
2022.01.16 쇼미더골드        29 서울부속동물 우후 구절부 찰과상                                                                                  
2022.01.16 심장의고동        49 서울부속동물 술후처치(외상)                                                                                      
2022.01.16 짱콩              20 서울부속동물 술후처치(관절경이용술)                                                                              
2022.01.16 화랑투데이        25 서울부속동물 술후처치                                                                                            
2022.01.16 화이트윙          14 서울부속동물 좌상악동염                                                                                          
2022.01.17 교룡득수          49 닥터임동물병 좌전제구염                                                                                          
2022.01.17 국향              50 닥터임동물병 우전구절찰과상                                                                                      
2022.01.17 논스톱캣          12 닥터임동물병 양전지 부종                                                                                         
2022.01.17 대군제패          07 닥터임동물병 우전구절찰과상                                                                                      
2022.01.17 대박스타          53 닥터임동물병 좌제3중수골골막염                                                                                   
2022.01.17 더페이버릿        50 닥터임동물병 양전지 부종                                                                                         
2022.01.17 디터미네이션      12 닥터임동물병 양전지 부종                                                                                         
2022.01.17 럭키법전          50 닥터임동물병 좌전지 부종                                                                                         
2022.01.17 럭키어필          53 닥터임동물병 양전지 근육통                                                                                       
2022.01.17 문학보스          01 닥터임동물병 우후지교돌상                                                                                        
2022.01.17 문학스트롱        01 닥터임동물병 우후지교돌상                                                                                        
2022.01.17 별빛마루          50 닥터임동물병 우후지교돌상                                                                                        
2022.01.17 소중한당신        29 닥터임동물병 양전지 부종                                                                                         
2022.01.17 쇼미더골드        29 닥터임동물병 좌중족부찰과상,우중족부찰과상                                                                       
2022.01.17 에이투제트        49 닥터임동물병 좌후지파행                                                                                          
2022.01.17 엠제이타임        50 닥터임동물병 우후지교돌상                                                                                        
2022.01.17 옥스퍼드킹        50 닥터임동물병 좌제3중수골골막염                                                                                   
2022.01.17 위대한한마        50 닥터임동물병 좌후지교돌상                                                                                        
2022.01.17 체인저            54 닥터임동물병 술후처치(거세술)                                                                                    
2022.01.17 큐피드미션        12 닥터임동물병 우전지 부종                                                                                         
2022.01.17 클린업해피        50 닥터임동물병 좌후지교돌상                                                                                        
2022.01.17 탑퀄리티          01 닥터임동물병 좌전지 부종                                                                                         
2022.01.17 트라이선더        01 닥터임동물병 우전지 부종                                                                                         
2022.01.17 피엔에스안        23 닥터임동물병 우전지 부종                                                                                         
2022.01.17 갈색향기          22 마사랑동물병 우후지교돌상                                                                                        
2022.01.17 거센광풍          28 마사랑동물병 좌후지교돌상                                                                                        
2022.01.17 굿니센            04 마사랑동물병 양제3중수골골막염                                                                                   
2022.01.17 굿필승            04 마사랑동물병 좌후지교돌상                                                                                        
2022.01.17 글로벌선          28 마사랑동물병 좌후지교돌상                                                                                        
2022.01.17 글로벌선더        28 마사랑동물병 좌후지교돌상                                                                                        
2022.01.17 금국화            05 마사랑동물병 우후지교돌상                                                                                        
2022.01.17 뉴청파            03 마사랑동물병 좌제3중수골골막염                                                                                   
2022.01.17 돌아온뽀빠이      08 마사랑동물병 양후지파행                                                                                          
2022.01.17 동진최강          04 마사랑동물병 좌후지교돌상                                                                                        
2022.01.17 동행              05 마사랑동물병 좌후지교돌상                                                                                        
2022.01.17 드림걸스          05 마사랑동물병 좌후지교돌상                                                                                        
2022.01.17 레이디퍼스트      42 마사랑동물병 우전지파행                                                                                          
2022.01.17 로열엘비스        08 마사랑동물병 우전 제차탈락                                                                                       
2022.01.17 록라인            03 마사랑동물병 우후지교돌상                                                                                        
2022.01.17 록파이터          28 마사랑동물병 양후지파행                                                                                          
2022.01.17 롤러블레이드      31 마사랑동물병 좌전지 부종                                                                                         
2022.01.17 루미너스퀸        41 마사랑동물병 식이성 식욕부진                                                                                     
2022.01.17 머니실크          20 마사랑동물병 좌후지교돌상                                                                                        
2022.01.17 머스탱파워        31 마사랑동물병 우후지 부종                                                                                         
2022.01.17 멋진아치          31 마사랑동물병 좌후지교돌상                                                                                        
2022.01.17 멋진왕자          04 마사랑동물병 우후지교돌상                                                                                        
2022.01.17 명동의봄          04 마사랑동물병 식이성 식욕부진                                                                                     
2022.01.17 명품축제          17 마사랑동물병 좌전제저타박상                                                                                      
2022.01.17 몬스터케이        05 마사랑동물병 우후지교돌상                                                                                        
2022.01.17 바람을그리다      22 마사랑동물병 우후지 부종                                                                                         
2022.01.17 봄날의기억        22 마사랑동물병 좌후지교돌상                                                                                        
2022.01.17 블랙머니          03 마사랑동물병 양후지 부종                                                                                         
2022.01.17 생일선물          22 마사랑동물병 우후지 부종                                                                                         
2022.01.17 선더매직          05 마사랑동물병 구내염                                                                                              
2022.01.17 성실머니          04 마사랑동물병 운동기인성 피로회복(수액처치)                                                                       
2022.01.17 성실머니          04 마사랑동물병 운동기인성 피로회복(수액처치)                                                                       
2022.01.17 스마트블루        31 마사랑동물병 좌중수부 좌상                                                                                       
2022.01.17 스마트전사        40 마사랑동물병 좌후지교돌상                                                                                        
2022.01.17 스페셜스토리      15 마사랑동물병 양후지교돌상                                                                                        
2022.01.17 스피돔            08 마사랑동물병 좌후지교돌상                                                                                        
2022.01.17 시티참            40 마사랑동물병 우후지교돌상                                                                                        
2022.01.17 아델머스탱        40 마사랑동물병 양후지교돌상                                                                                        
2022.01.17 아이스펀치        42 마사랑동물병 우후계부찰과상                                                                                      
2022.01.17 야무진새강자      22 마사랑동물병 좌후지 부종                                                                                         
2022.01.17 에피파니          22 마사랑동물병 좌후지교돌상                                                                                        
2022.01.17 와우와우          40 마사랑동물병 구내염                                                                                              
2022.01.17 원더풀샘          15 마사랑동물병 좌후지교돌상                                                                                        
2022.01.17 원평가속          10 마사랑동물병 우후지교돌상                                                                                        
2022.01.17 원평스카이        10 마사랑동물병 술후처치(거세술)                                                                                    
2022.01.17 원평코드          10 마사랑동물병 복대상                                                                                              
2022.01.17 은혜              08 마사랑동물병 좌후지교돌상                                                                                        
2022.01.17 일보등천          22 마사랑동물병 우후지교돌상                                                                                        
2022.01.17 자이언트킬링      40 마사랑동물병 양후지파행                                                                                          
2022.01.17 작두콩            10 마사랑동물병 좌후지교돌상                                                                                        
2022.01.17 정상파워          31 마사랑동물병 양제3중수골골막염                                                                                   
2022.01.17 정상파이팅        10 마사랑동물병 좌후지교돌상                                                                                        
2022.01.17 질주본            03 마사랑동물병 좌후지교돌상                                                                                        
2022.01.17 천지광풍          04 마사랑동물병 우후지 부종                                                                                         
2022.01.17 청산강호          42 마사랑동물병 양후지 부종                                                                                         
2022.01.17 초인스파크        22 마사랑동물병 좌후지 부종                                                                                         
2022.01.17 카일룸제왕        08 마사랑동물병 좌후지교돌상                                                                                        
2022.01.17 케이프렌지        04 마사랑동물병 식이성 식욕부진                                                                                     
2022.01.17 콰이어트아델      40 마사랑동물병 양전구절염                                                                                          
2022.01.17 클레어베스트      40 마사랑동물병 좌후지교돌상                                                                                        
2022.01.17 티즈바로우즈      33 마사랑동물병 좌후지교돌상                                                                                        
2022.01.17 티즈블랙          05 마사랑동물병 우후지교돌상                                                                                        
2022.01.17 티즈에너지        33 마사랑동물병 양후지파행                                                                                          
2022.01.17 파워케이          40 마사랑동물병 좌완슬부 좌상                                                                                       
2022.01.17 파이어하트        40 마사랑동물병 좌후지교돌상                                                                                        
2022.01.17 파티파워          15 마사랑동물병 좌후지교돌상                                                                                        
2022.01.17 퍼플케이          40 마사랑동물병 좌후지교돌상                                                                                        
2022.01.17 푸른요정          22 마사랑동물병 좌후지교돌상                                                                                        
2022.01.17 피렌체힐          41 마사랑동물병 좌후지 부종                                                                                         
2022.01.17 해피삭스          31 마사랑동물병 우후지교돌상                                                                                        
2022.01.17 강서프린세스      30 명성동물병원 호흡기질환기타                                                                                      
2022.01.17 거센기상          14 명성동물병원 우전지파행                                                                                          
2022.01.17 고고스타          32 명성동물병원 양각막염                                                                                            
2022.01.17 그린다르크        07 명성동물병원 양전지 근육통                                                                                       
2022.01.17 그린질주          06 명성동물병원 양각막염                                                                                            
2022.01.17 그린폭주          06 명성동물병원 양전지 부종                                                                                         
2022.01.17 금아키튼          14 명성동물병원 우전지파행                                                                                          
2022.01.17 님의향기          30 명성동물병원 호흡기질환기타                                                                                      
2022.01.17 대산특급          07 명성동물병원 우전지 근육통                                                                                       
2022.01.17 대천얼짱          16 명성동물병원 양각막염                                                                                            
2022.01.17 댓츠마이걸        26 명성동물병원 양각막염                                                                                            
2022.01.17 더리퍼            30 명성동물병원 호흡기질환기타                                                                                      
2022.01.17 더스파이커        14 명성동물병원 양각막염                                                                                            
2022.01.17 델피니            14 명성동물병원 좌후지 근육통                                                                                       
2022.01.17 드럼메이저        52 명성동물병원 술후처치(거세술)                                                                                    
2022.01.17 라온더축제        01 명성동물병원 양각막염                                                                                            
2022.01.17 라온더파이터      01 명성동물병원 좌전제염                                                                                            
2022.01.17 라온더펄          01 명성동물병원 양각막염                                                                                            
2022.01.17 런던퀸            26 명성동물병원 우전구절염좌                                                                                        
2022.01.17 레이디켈리        26 명성동물병원 양전지 근육통                                                                                       
2022.01.17 리빙스턴          19 명성동물병원 우전지 부종                                                                                         
2022.01.17 매직모카신        07 명성동물병원 우후지교돌상                                                                                        
2022.01.17 바이스로이        21 명성동물병원 양전지 부종                                                                                         
2022.01.17 배다리캔디        06 명성동물병원 양전지 근육통                                                                                       
2022.01.17 벚꽃블레이드      30 명성동물병원 호흡기질환기타                                                                                      
2022.01.17 비엔토            37 명성동물병원 좌전답창                                                                                            
2022.01.17 빅포켓            16 명성동물병원 우전지파행                                                                                          
2022.01.17 삼정타퍼즈        30 명성동물병원 호흡기질환기타                                                                                      
2022.01.17 샤인뮤직          37 명성동물병원 우전지파행                                                                                          
2022.01.17 스위트주스바      14 명성동물병원 좌후지 근육통                                                                                       
2022.01.17 스프링킹          30 명성동물병원 호흡기질환기타                                                                                      
2022.01.17 심플퀸            03 명성동물병원 우완관절염                                                                                          
2022.01.17 액티몬            30 명성동물병원 호흡기질환기타                                                                                      
2022.01.17 어드밴스          16 명성동물병원 양각막염                                                                                            
2022.01.17 어플리트마린      06 명성동물병원 양후지 근육통                                                                                       
2022.01.17 에이스샤인        30 명성동물병원 호흡기질환기타                                                                                      
2022.01.17 에이스프린스      16 명성동물병원 좌후지교돌상                                                                                        
2022.01.17 엠제이스톰        52 명성동물병원 우전지 부종                                                                                         
2022.01.17 우아륭            26 명성동물병원 양전지 근육통                                                                                       
2022.01.17 월영이            06 명성동물병원 좌전지 부종                                                                                         
2022.01.17 유레카            14 명성동물병원 양각막염                                                                                            
2022.01.17 이천쌀            37 명성동물병원 양각막염                                                                                            
2022.01.17 이천아치          48 명성동물병원 좌전지 부종                                                                                         
2022.01.17 장산몬스터        30 명성동물병원 우후지 부종                                                                                         
2022.01.17 장산바다          30 명성동물병원 호흡기질환기타                                                                                      
2022.01.17 장산스타트        30 명성동물병원 호흡기질환기타                                                                                      
2022.01.17 장산플라이        30 명성동물병원 호흡기질환기타                                                                                      
2022.01.17 정문서미트        06 명성동물병원 좌전지파행                                                                                          
2022.01.17 정문프린스        06 명성동물병원 양각막염                                                                                            
2022.01.17 주얼리베스트      37 명성동물병원 양각막염                                                                                            
2022.01.17 질주의칸          14 명성동물병원 정치,발치                                                                                           
2022.01.17 찰리스타일        21 명성동물병원 좌전지 부종                                                                                         
2022.01.17 챈슬러            06 명성동물병원 좌후지교돌상                                                                                        
2022.01.17 천은총            32 명성동물병원 양각막염                                                                                            
2022.01.17 청담도끼          30 명성동물병원 호흡기질환기타                                                                                      
2022.01.17 청담제왕          30 명성동물병원 호흡기질환기타                                                                                      
2022.01.17 청담지니          30 명성동물병원 호흡기질환기타                                                                                      
2022.01.17 청담탱크          30 명성동물병원 호흡기질환기타                                                                                      
2022.01.17 초륭              26 명성동물병원 양전지 부종                                                                                         
2022.01.17 클레어파워        52 명성동물병원 술후처치(거세술)                                                                                    
2022.01.17 프리맥스          21 명성동물병원 양후지 근육통                                                                                       
2022.01.17 플라잉바비        26 명성동물병원 양전지 근육통                                                                                       
2022.01.17 플로리다파워      14 명성동물병원 양각막염                                                                                            
2022.01.17 피케이돌풍        37 명성동물병원 양각막염                                                                                            
2022.01.17 호크의영광        16 명성동물병원 양각막염                                                                                            
2022.01.17 고업              13 삼포동물병원 좌전지파행                                                                                          
2022.01.17 골드케이          18 삼포동물병원 양전지 부종,우후지 근육통                                                                           
2022.01.17 논스톱알리        13 삼포동물병원 좌제3중수골골막염                                                                                   
2022.01.17 디바인퓨처즈      51 삼포동물병원 우전 제차탈락                                                                                       
2022.01.17 럭키영            25 삼포동물병원 좌전지 부종                                                                                         
2022.01.17 마이공주          09 삼포동물병원 우후 발목피부염(계군)                                                                               
2022.01.17 마크스토리        25 삼포동물병원 양전지 부종                                                                                         
2022.01.17 매직페인터        09 삼포동물병원 우전지파행                                                                                          
2022.01.17 명진데이          25 삼포동물병원 양전지 부종                                                                                         
2022.01.17 사려니퀸          07 삼포동물병원 양후지 근육통                                                                                       
2022.01.17 삼바존            13 삼포동물병원 좌전지 부종,우후지 근육통                                                                           
2022.01.17 슈퍼챔피언        25 삼포동물병원 좌전지 부종                                                                                         
2022.01.17 스타워즈          24 삼포동물병원 우후 구절부 찰과상,양후 발목피부염(계군)                                                            
2022.01.17 스피어골드        23 삼포동물병원 우후계부찰과상                                                                                      
2022.01.17 에이피파텍        12 삼포동물병원 우후지 근육통                                                                                       
2022.01.17 옥룡              09 삼포동물병원 좌전지파행                                                                                          
2022.01.17 우소륭            13 삼포동물병원 요배통                                                                                              
2022.01.17 위너브라운        25 삼포동물병원 좌후 발목피부염(계군)                                                                               
2022.01.17 은혜가이          27 삼포동물병원 구내염                                                                                              
2022.01.17 이글포인트        25 삼포동물병원 양전지 부종                                                                                         
2022.01.17 인빅터스          51 삼포동물병원 우전의동                                                                                            
2022.01.17 정성대로          51 삼포동물병원 산통                                                                                                
2022.01.17 질주의꿈          18 삼포동물병원 요배통                                                                                              
2022.01.17 최강게임          25 삼포동물병원 양전지 부종                                                                                         
2022.01.17 최강미래          27 삼포동물병원 양전지 부종                                                                                         
2022.01.17 최강팀            18 삼포동물병원 감기                                                                                                
2022.01.17 최고블랙          09 삼포동물병원 감기                                                                                                
2022.01.17 치프인디          18 삼포동물병원 우전지 부종                                                                                         
2022.01.17 케이엔티즈원      18 삼포동물병원 구내염                                                                                              
2022.01.17 콰이어트참        24 삼포동물병원 술후처치                                                                                            
2022.01.17 퀴클리런          09 삼포동물병원 우제3중수골골막염,양전지 부종                                                                       
2022.01.17 큐피드원더        13 삼포동물병원 좌전지파행                                                                                          
2022.01.17 킹크러시          51 삼포동물병원 양전지 부종                                                                                         
2022.01.17 테스고대보        25 삼포동물병원 우후지 부종                                                                                         
2022.01.17 티즈러너          51 삼포동물병원 양전지 부종,안상                                                                                    
2022.01.17 티케파이어        25 삼포동물병원 양후 발목피부염(계군)                                                                               
2022.01.17 펀크레이지        25 삼포동물병원 양후지 근육통                                                                                       
2022.01.17 플라잉골드        09 삼포동물병원 양전지파행                                                                                          
2022.01.17 하루온            27 삼포동물병원 양후지 근육통                                                                                       
2022.01.17 해피믹스          27 삼포동물병원 양각막염                                                                                            
2022.01.17 정성대로          51 서울부속동물 산통                                                                                                
2022.01.17 짱콩              20 서울부속동물 술후처치(관절경이용술)                                                                              
2022.01.17 화랑투데이        25 서울부속동물 술후처치                                                                                            
2022.01.17 화이트윙          14 서울부속동물 좌상악동염                                                                                          
2022.01.18 대박스타          53 닥터임동물병 좌제3중수골골막염                                                                                   
2022.01.18 더페이버릿        50 닥터임동물병 양전지 부종                                                                                         
2022.01.18 디바인퓨처즈      51 닥터임동물병 우전 제차탈락                                                                                       
2022.01.18 디터미네이션      12 닥터임동물병 양전지 부종                                                                                         
2022.01.18 럭키법전          50 닥터임동물병 좌전지 부종                                                                                         
2022.01.18 럭키어필          53 닥터임동물병 양전지 근육통                                                                                       
2022.01.18 럭키영            25 닥터임동물병 좌전지 부종                                                                                         
2022.01.18 미르스톰          53 닥터임동물병 우전구절찰과상                                                                                      
2022.01.18 백두걸            50 닥터임동물병 좌후 구절부 찰과상                                                                                  
2022.01.18 쇼미더골드        29 닥터임동물병 좌중족부찰과상,우중족부찰과상                                                                       
2022.01.18 스타워즈          24 닥터임동물병 우후 구절부 찰과상                                                                                  
2022.01.18 에이투제트        49 닥터임동물병 좌후지파행                                                                                          
2022.01.18 엠제이타임        50 닥터임동물병 우후지교돌상                                                                                        
2022.01.18 옥스퍼드킹        50 닥터임동물병 좌제3중수골골막염                                                                                   
2022.01.18 위너브라운        25 닥터임동물병 좌후 발목피부염(계군)                                                                               
2022.01.18 이글포인트        25 닥터임동물병 양전지 부종                                                                                         
2022.01.18 정성대로          51 닥터임동물병 산통                                                                                                
2022.01.18 체인저            54 닥터임동물병 술후처치(거세술)                                                                                    
2022.01.18 콰이어트참        24 닥터임동물병 술후처치                                                                                            
2022.01.18 큐피드미션        12 닥터임동물병 우전지 부종                                                                                         
2022.01.18 트라이선더        01 닥터임동물병 우전지 부종                                                                                         
2022.01.18 펀크레이지        25 닥터임동물병 양후지 근육통                                                                                       
2022.01.18 갈색향기          22 마사랑동물병 우후지교돌상                                                                                        
2022.01.18 굿니센            04 마사랑동물병 양제3중수골골막염                                                                                   
2022.01.18 글로벌선          28 마사랑동물병 좌후지교돌상                                                                                        
2022.01.18 글로벌선더        28 마사랑동물병 좌후지교돌상                                                                                        
2022.01.18 금국화            05 마사랑동물병 우후지교돌상                                                                                        
2022.01.18 노스몰선          10 마사랑동물병 우비절부 찰과상                                                                                     
2022.01.18 뉴청파            03 마사랑동물병 좌제3중수골골막염                                                                                   
2022.01.18 동행              05 마사랑동물병 좌후지교돌상                                                                                        
2022.01.18 레이디퍼스트      42 마사랑동물병 우전지파행                                                                                          
2022.01.18 로열엘비스        08 마사랑동물병 우전 제차탈락                                                                                       
2022.01.18 록파이터          28 마사랑동물병 양후지파행                                                                                          
2022.01.18 롤러블레이드      31 마사랑동물병 좌전지 부종                                                                                         
2022.01.18 루미너스퀸        41 마사랑동물병 식이성 식욕부진                                                                                     
2022.01.18 머니실크          20 마사랑동물병 좌후지교돌상                                                                                        
2022.01.18 명동의봄          04 마사랑동물병 식이성 식욕부진                                                                                     
2022.01.18 봄날의기억        22 마사랑동물병 좌후지교돌상                                                                                        
2022.01.18 블랙머니          03 마사랑동물병 양후지 부종                                                                                         
2022.01.18 생일선물          22 마사랑동물병 우후지 부종                                                                                         
2022.01.18 스페셜스토리      15 마사랑동물병 양후지교돌상                                                                                        
2022.01.18 스피돔            08 마사랑동물병 좌후지교돌상                                                                                        
2022.01.18 야무진새강자      22 마사랑동물병 좌후지 부종                                                                                         
2022.01.18 원더풀샘          15 마사랑동물병 좌후지교돌상                                                                                        
2022.01.18 원모어러시        10 마사랑동물병 좌비절부찰과상                                                                                      
2022.01.18 원평광야          10 마사랑동물병 좌비절부찰과상                                                                                      
2022.01.18 원평스카이        10 마사랑동물병 술후처치(거세술)                                                                                    
2022.01.18 은혜              08 마사랑동물병 좌후지교돌상                                                                                        
2022.01.18 작두콩            10 마사랑동물병 우중수부찰과상                                                                                      
2022.01.18 정상파워          31 마사랑동물병 양제3중수골골막염                                                                                   
2022.01.18 정상파이팅        10 마사랑동물병 좌후지교돌상                                                                                        
2022.01.18 지스타            42 마사랑동물병 좌후지교돌상                                                                                        
2022.01.18 카일룸제왕        08 마사랑동물병 좌후지교돌상                                                                                        
2022.01.18 케이프렌지        04 마사랑동물병 식이성 식욕부진                                                                                     
2022.01.18 콰이어트아델      40 마사랑동물병 양전구절염                                                                                          
2022.01.18 클레어베스트      40 마사랑동물병 좌후지교돌상                                                                                        
2022.01.18 티즈바로우즈      33 마사랑동물병 양후지파행,침치료(신침)                                                                             
2022.01.18 티즈블랙          05 마사랑동물병 우후지교돌상                                                                                        
2022.01.18 파워케이          40 마사랑동물병 좌완슬부 좌상                                                                                       
2022.01.18 파티파워          15 마사랑동물병 좌후지교돌상                                                                                        
2022.01.18 포에버드림        42 마사랑동물병 우전 구절 좌상                                                                                      
2022.01.18 푸른요정          22 마사랑동물병 좌후지교돌상                                                                                        
2022.01.18 피렌체힐          41 마사랑동물병 좌후지 부종                                                                                         
2022.01.18 거센기상          14 명성동물병원 우전지파행                                                                                          
2022.01.18 고업              13 명성동물병원 좌전지파행                                                                                          
2022.01.18 골드케이          18 명성동물병원 양전지 부종,우후지 근육통                                                                           
2022.01.18 금아키튼          14 명성동물병원 우전지파행                                                                                          
2022.01.18 논스톱알리        13 명성동물병원 좌제3중수골골막염                                                                                   
2022.01.18 대산특급          07 명성동물병원 우전지 근육통                                                                                       
2022.01.18 더스파이커        14 명성동물병원 양각막염                                                                                            
2022.01.18 드럼메이저        52 명성동물병원 술후처치(거세술)                                                                                    
2022.01.18 라온더축제        01 명성동물병원 우전지파행                                                                                          
2022.01.18 라온더파이터      01 명성동물병원 좌전제염                                                                                            
2022.01.18 런던퀸            26 명성동물병원 우전구절염좌                                                                                        
2022.01.18 레이디켈리        26 명성동물병원 양전지 근육통                                                                                       
2022.01.18 리빙스턴          19 명성동물병원 우전지 부종                                                                                         
2022.01.18 매직페인터        09 명성동물병원 우전지파행                                                                                          
2022.01.18 바이스로이        21 명성동물병원 양전지 부종                                                                                         
2022.01.18 비엔토            37 명성동물병원 좌전답창                                                                                            
2022.01.18 심플퀸            03 명성동물병원 우완관절염                                                                                          
2022.01.18 에이스프린스      16 명성동물병원 좌후지교돌상                                                                                        
2022.01.18 우소륭            13 명성동물병원 요배통                                                                                              
2022.01.18 우아륭            26 명성동물병원 양전지 근육통                                                                                       
2022.01.18 유레카            14 명성동물병원 양각막염                                                                                            
2022.01.18 이천아치          48 명성동물병원 좌전지 부종                                                                                         
2022.01.18 장산몬스터        30 명성동물병원 우후지 부종                                                                                         
2022.01.18 정문서미트        06 명성동물병원 좌전지파행                                                                                          
2022.01.18 질주의꿈          18 명성동물병원 요배통,좌후지 부종                                                                                  
2022.01.18 질주의칸          14 명성동물병원 양제3중수골골막염                                                                                   
2022.01.18 찰리스타일        21 명성동물병원 좌전지 부종                                                                                         
2022.01.18 초륭              26 명성동물병원 양전지 부종                                                                                         
2022.01.18 최강팀            18 명성동물병원 감기                                                                                                
2022.01.18 케이엔티즈원      18 명성동물병원 구내염                                                                                              
2022.01.18 퀴클리런          09 명성동물병원 우제3중수골골막염,양전지 부종                                                                       
2022.01.18 큐피드원더        13 명성동물병원 좌전지파행                                                                                          
2022.01.18 클레어파워        52 명성동물병원 술후처치(거세술)                                                                                    
2022.01.18 팀임팩트          48 명성동물병원 좌중족부 열창                                                                                       
2022.01.18 프리맥스          21 명성동물병원 양후지 근육통                                                                                       
2022.01.18 플라잉골드        09 명성동물병원 양전지파행                                                                                          
2022.01.18 플라잉바비        26 명성동물병원 양전지 근육통                                                                                       
2022.01.18 플로리다파워      14 명성동물병원 양각막염                                                                                            
2022.01.18 짱콩              20 서울부속동물 술후처치(관절경이용술)                                                                              
2022.01.18 화이트윙          14 서울부속동물 좌상악동염                                                                                          
2022.01.19 나올영웅          53 닥터임동물병 좌전구절찰과상                                                                                      
2022.01.19 나올영웅          53 닥터임동물병 정치,발치                                                                                           
2022.01.19 대군제패          07 닥터임동물병 운동기인성 피로회복                                                                                 
2022.01.19 러피언파크        53 닥터임동물병 운동기인성 피로회복                                                                                 
2022.01.19 럭키법전          50 닥터임동물병 좌전지 부종                                                                                         
2022.01.19 머스탱참          53 닥터임동물병 좌전구절찰과상                                                                                      
2022.01.19 미르스톰          53 닥터임동물병 우전구절찰과상                                                                                      
2022.01.19 밀키셰리          49 닥터임동물병 산통                                                                                                
2022.01.19 백두걸            50 닥터임동물병 좌후 구절부 찰과상                                                                                  
2022.01.19 블루키톤          53 닥터임동물병 운동기인성 피로회복                                                                                 
2022.01.19 알렉산더원        05 닥터임동물병 좌전지 부종                                                                                         
2022.01.19 어메이징나우      01 닥터임동물병 운동기인성 피로회복                                                                                 
2022.01.19 체인저            54 닥터임동물병 술후처치(거세술)                                                                                    
2022.01.19 트라이선더        01 닥터임동물병 우전지 부종                                                                                         
2022.01.19 팬시팬츠          24 닥터임동물병 양후 발목피부염(계군)                                                                               
2022.01.19 피엔에스싱        29 닥터임동물병 좌전구절찰과상                                                                                      
2022.01.19 피엔에스안        23 닥터임동물병 우전지 부종                                                                                         
2022.01.19 행복한버미        24 닥터임동물병 피부병                                                                                              
2022.01.19 골든럭키          20 마사랑동물병 좌전지파행                                                                                          
2022.01.19 골든선더          10 마사랑동물병 좌견갑부찰과상                                                                                      
2022.01.19 굿니센            04 마사랑동물병 양제3중수골골막염                                                                                   
2022.01.19 굿필승            04 마사랑동물병 좌후지교돌상                                                                                        
2022.01.19 노스몰선          10 마사랑동물병 우비절부 찰과상                                                                                     
2022.01.19 돌아온날리        41 마사랑동물병 좌후지교돌상                                                                                        
2022.01.19 동진최강          04 마사랑동물병 좌후지교돌상                                                                                        
2022.01.19 드림포스          22 마사랑동물병 양후지 근육통                                                                                       
2022.01.19 레이디퍼스트      42 마사랑동물병 우전지파행                                                                                          
2022.01.19 레이먼드          42 마사랑동물병 좌후지교돌상                                                                                        
2022.01.19 레전드스톰        10 마사랑동물병 우후지교돌상                                                                                        
2022.01.19 롤러블레이드      31 마사랑동물병 좌전지 부종                                                                                         
2022.01.19 루미너스퀸        41 마사랑동물병 식이성 식욕부진                                                                                     
2022.01.19 매직주드          33 마사랑동물병 좌전지 부종                                                                                         
2022.01.19 머니실크          20 마사랑동물병 좌후지교돌상                                                                                        
2022.01.19 머스탱파워        31 마사랑동물병 우후지 부종                                                                                         
2022.01.19 멋진왕자          04 마사랑동물병 우후지교돌상                                                                                        
2022.01.19 명동의봄          04 마사랑동물병 식이성 식욕부진                                                                                     
2022.01.19 명품축제          17 마사랑동물병 피부염                                                                                              
2022.01.19 바람을그리다      22 마사랑동물병 우후지 부종                                                                                         
2022.01.19 베스트마루        42 마사랑동물병 좌전구절염좌                                                                                        
2022.01.19 불의가속          02 마사랑동물병 정치,발치                                                                                           
2022.01.19 블랙머니          03 마사랑동물병 양후지 부종                                                                                         
2022.01.19 사람이라는별      22 마사랑동물병 양후지 근육통                                                                                       
2022.01.19 생일선물          22 마사랑동물병 우후지 부종                                                                                         
2022.01.19 송암레전드        08 마사랑동물병 양후지 근육통                                                                                       
2022.01.19 스마트블루        31 마사랑동물병 좌중수부 좌상                                                                                       
2022.01.19 스위트캠프        08 마사랑동물병 좌후지교돌상                                                                                        
2022.01.19 아이스펀치        42 마사랑동물병 우후계부찰과상                                                                                      
2022.01.19 에이스파워풀      04 마사랑동물병 좌후지 부종                                                                                         
2022.01.19 에피파니          22 마사랑동물병 좌후지교돌상                                                                                        
2022.01.19 원평광야          10 마사랑동물병 좌비절부찰과상                                                                                      
2022.01.19 원평스카이        10 마사랑동물병 술후처치(거세술)                                                                                    
2022.01.19 원평코드          10 마사랑동물병 복대상                                                                                              
2022.01.19 월드레이서        40 마사랑동물병 우비절부 찰과상                                                                                     
2022.01.19 유니콘브라보      08 마사랑동물병 발목피부염(계군)                                                                                    
2022.01.19 유니콘알파        08 마사랑동물병 양후지 부종                                                                                         
2022.01.19 일보등천          22 마사랑동물병 우후지교돌상                                                                                        
2022.01.19 작두콩            10 마사랑동물병 우중수부찰과상                                                                                      
2022.01.19 장산클리어        31 마사랑동물병 좌후지교돌상                                                                                        
2022.01.19 정상파워          31 마사랑동물병 양제3중수골골막염                                                                                   
2022.01.19 제이에스파워      02 마사랑동물병 정치                                                                                                
2022.01.19 지스타            42 마사랑동물병 좌후지교돌상                                                                                        
2022.01.19 천지광풍          04 마사랑동물병 우후지 부종                                                                                         
2022.01.19 초인스파크        22 마사랑동물병 좌후지 부종                                                                                         
2022.01.19 케이프렌지        04 마사랑동물병 식이성 식욕부진                                                                                     
2022.01.19 콘도르여왕        17 마사랑동물병 좌전내측 제구부 찰과상                                                                              
2022.01.19 콰이어트아델      40 마사랑동물병 양전구절염                                                                                          
2022.01.19 클레어베스트      40 마사랑동물병 좌후지교돌상                                                                                        
2022.01.19 티즈바로우즈      33 마사랑동물병 양후지파행                                                                                          
2022.01.19 파워케이          40 마사랑동물병 좌완슬부 좌상                                                                                       
2022.01.19 포에버드림        42 마사랑동물병 우전 구절 좌상                                                                                      
2022.01.19 푸른요정          22 마사랑동물병 좌후지교돌상                                                                                        
2022.01.19 피렌체힐          41 마사랑동물병 운동기인성 피로회복                                                                                 
2022.01.19 해피삭스          31 마사랑동물병 우후지교돌상                                                                                        
2022.01.19 회두령            08 마사랑동물병 양후지 근육통                                                                                       
2022.01.19 희망오름          03 마사랑동물병 감기,진정(장제)                                                                                     
2022.01.19 거센기상          14 명성동물병원 우전지파행                                                                                          
2022.01.19 골든럭키          20 명성동물병원 좌전지파행                                                                                          
2022.01.19 골디락스          11 명성동물병원 정치                                                                                                
2022.01.19 국대클래스        16 명성동물병원 거세술                                                                                              
2022.01.19 그린다르크        07 명성동물병원 식이성 식욕부진                                                                                     
2022.01.19 그린폭주          06 명성동물병원 양전지 부종                                                                                         
2022.01.19 금아키튼          14 명성동물병원 우완관절염                                                                                          
2022.01.19 금아플로러스      14 명성동물병원 식이성 식욕부진                                                                                     
2022.01.19 대천뷰티          16 명성동물병원 감기                                                                                                
2022.01.19 델피니            14 명성동물병원 좌후지 근육통                                                                                       
2022.01.19 드럼메이저        52 명성동물병원 술후처치(거세술)                                                                                    
2022.01.19 라스트펀치        19 명성동물병원 식이성 식욕부진                                                                                     
2022.01.19 라온더파이터      01 명성동물병원 좌전제염                                                                                            
2022.01.19 라온패션          01 명성동물병원 운동기인성 피로회복                                                                                 
2022.01.19 라온퍼스트        01 명성동물병원 운동기인성 피로회복                                                                                 
2022.01.19 라온핑크          01 명성동물병원 운동기인성 피로회복                                                                                 
2022.01.19 런던퀸            26 명성동물병원 우전구절염좌                                                                                        
2022.01.19 레이디켈리        26 명성동물병원 양전지 근육통                                                                                       
2022.01.19 매직모카신        07 명성동물병원 식이성 식욕부진                                                                                     
2022.01.19 메니에이스        19 명성동물병원 식이성 식욕부진                                                                                     
2022.01.19 배다리캔디        06 명성동물병원 양전지 근육통                                                                                       
2022.01.19 비엔토            37 명성동물병원 좌전답창                                                                                            
2022.01.19 사려니퍼스트      14 명성동물병원 식이성 식욕부진                                                                                     
2022.01.19 소베라니아        37 명성동물병원 우전지파행                                                                                          
2022.01.19 스위트주스바      14 명성동물병원 좌후지 근육통                                                                                       
2022.01.19 시선집중          11 명성동물병원 정치                                                                                                
2022.01.19 아스펜태양        18 명성동물병원 운동기인성 피로회복                                                                                 
2022.01.19 어플리트마린      06 명성동물병원 양후지 근육통                                                                                       
2022.01.19 옥천최강          19 명성동물병원 식이성 식욕부진                                                                                     
2022.01.19 우아륭            26 명성동물병원 양전지 근육통                                                                                       
2022.01.19 정문사이          06 명성동물병원 식이성 식욕부진                                                                                     
2022.01.19 챈슬러            06 명성동물병원 좌후지교돌상                                                                                        
2022.01.19 천지지대          19 명성동물병원 식이성 식욕부진                                                                                     
2022.01.19 콜조이            19 명성동물병원 식이성 식욕부진                                                                                     
2022.01.19 클레어파워        52 명성동물병원 술후처치(거세술)                                                                                    
2022.01.19 트로트퀸          52 명성동물병원 우전지파행                                                                                          
2022.01.19 프린세스데이      11 명성동물병원 정치,발치                                                                                           
2022.01.19 플라잉바비        26 명성동물병원 양전지 근육통                                                                                       
2022.01.19 한강챔프          19 명성동물병원 식이성 식욕부진                                                                                     
2022.01.19 햇무리            19 명성동물병원 식이성 식욕부진                                                                                     
2022.01.19 화려한미소        14 명성동물병원 식이성 식욕부진                                                                                     
2022.01.19 고업              13 삼포동물병원 좌전지파행                                                                                          
2022.01.19 골드케이          18 삼포동물병원 양전지 부종,우후지 근육통                                                                           
2022.01.19 그레이트선더      51 삼포동물병원 양후지 근육통                                                                                       
2022.01.19 논스톱알리        13 삼포동물병원 좌제3중수골골막염                                                                                   
2022.01.19 뉴에이원          18 삼포동물병원 우후지파행                                                                                          
2022.01.19 다울퀸            51 삼포동물병원 양후지 근육통                                                                                       
2022.01.19 디바인퓨처즈      51 삼포동물병원 우전 제차탈락                                                                                       
2022.01.19 럭키훈            25 삼포동물병원 운동기인성 피로회복(수액처치)                                                                       
2022.01.19 럭키훈            25 삼포동물병원 운동기인성 피로회복(수액처치)                                                                       
2022.01.19 리얼팩            27 삼포동물병원 운동기인성 피로회복                                                                                 
2022.01.19 마크스토리        25 삼포동물병원 양전지 부종                                                                                         
2022.01.19 매직페인터        09 삼포동물병원 우전지파행                                                                                          
2022.01.19 빛나는질주        23 삼포동물병원 정치                                                                                                
2022.01.19 사려니퀸          07 삼포동물병원 운동기인성 피로회복                                                                                 
2022.01.19 슈퍼챔피언        25 삼포동물병원 좌전지 부종                                                                                         
2022.01.19 스타워즈          24 삼포동물병원 우후 구절부 찰과상                                                                                  
2022.01.19 스피어건          23 삼포동물병원 운동기인성 피로회복                                                                                 
2022.01.19 스피어퀸          23 삼포동물병원 진단서 발급                                                                                         
2022.01.19 우소륭            13 삼포동물병원 요배통                                                                                              
2022.01.19 정겨운            23 삼포동물병원 정치                                                                                                
2022.01.19 질주의꿈          18 삼포동물병원 요배통,좌후지 부종                                                                                  
2022.01.19 최강게임          25 삼포동물병원 우후제관상                                                                                          
2022.01.19 콰이어트참        24 삼포동물병원 술후처치                                                                                            
2022.01.19 퀴클리런          09 삼포동물병원 우제3중수골골막염,양전지 부종                                                                       
2022.01.19 파란왕자          27 삼포동물병원 운동기인성 피로회복                                                                                 
2022.01.19 펀크레이지        25 삼포동물병원 좌중족부찰과상                                                                                      
2022.01.19 플라잉골드        09 삼포동물병원 양전지파행                                                                                          
2022.01.19 하루온            27 삼포동물병원 운동기인성 피로회복                                                                                 
2022.01.19 흥행대박          27 삼포동물병원 운동기인성 피로회복                                                                                 
2022.01.19 굿필승            04 서울부속동물 기타 파행                                                                                           
2022.01.19 선더누리          27 서울부속동물 우후두편마비                                                                                        
2022.01.19 짱콩              20 서울부속동물 술후처치(관절경이용술)                                                                              
2022.01.19 화이트윙          14 서울부속동물 좌상악동염                                                                                          
2022.01.19 희망오름          03 서울부속동물 감기                                                                                                
2022.01.20 디터미네이션      12 닥터임동물병 좌전답창                                                                                            
2022.01.20 라스트보스        49 닥터임동물병 우전답창                                                                                            
2022.01.20 로맨스참          53 닥터임동물병 운동기인성 피로회복(수액처치)                                                                       
2022.01.20 로맨스참          53 닥터임동물병 운동기인성 피로회복(수액처치)                                                                       
2022.01.20 리틀보이플래시    04 닥터임동물병 운동기인성 피로회복(수액처치)                                                                       
2022.01.20 리틀보이플래시    04 닥터임동물병 운동기인성 피로회복(수액처치)                                                                       
2022.01.20 머스탱참          53 닥터임동물병 좌전구절찰과상                                                                                      
2022.01.20 미르스톰          53 닥터임동물병 운동기인성 피로회복                                                                                 
2022.01.20 블루마카롱        53 닥터임동물병 운동기인성 피로회복(수액처치)                                                                       
2022.01.20 블루마카롱        53 닥터임동물병 운동기인성 피로회복(수액처치)                                                                       
2022.01.20 쇼미더골드        29 닥터임동물병 좌제3중수골골막염                                                                                   
2022.01.20 올드스타트        27 닥터임동물병 거세술                                                                                              
2022.01.20 체인저            54 닥터임동물병 술후처치(거세술)                                                                                    
2022.01.20 컴플리트웨펀      50 닥터임동물병 요배통,양제3중수골골막염                                                                            
2022.01.20 퀸오브레이싱      29 닥터임동물병 운동기인성 피로회복(수액처치)                                                                       
2022.01.20 퀸오브레이싱      29 닥터임동물병 운동기인성 피로회복(수액처치)                                                                       
2022.01.20 토스코노바캣      07 닥터임동물병 우전지 부종,좌전 제차탈락                                                                           
2022.01.20 팬시팬츠          24 닥터임동물병 양후 발목피부염(계군)                                                                               
2022.01.20 피엔에스안        23 닥터임동물병 우전지 부종                                                                                         
2022.01.20 행복한버미        24 닥터임동물병 피부병                                                                                              
2022.01.20 국대클래스        16 명성동물병원 술후처치(거세술)                                                                                    
2022.01.20 금아키튼          14 명성동물병원 우완관절염                                                                                          
2022.01.20 대천뷰티          16 명성동물병원 감기                                                                                                
2022.01.20 돌격앞으로        16 명성동물병원 운동기인성 피로회복(수액처치)                                                                       
2022.01.20 돌격앞으로        16 명성동물병원 운동기인성 피로회복(수액처치)                                                                       
2022.01.20 드럼메이저        52 명성동물병원 술후처치(거세술)                                                                                    
2022.01.20 라온다이아        01 명성동물병원 운동기인성 피로회복(수액처치)                                                                       
2022.01.20 라온다이아        01 명성동물병원 운동기인성 피로회복(수액처치)                                                                       
2022.01.20 라온더대쉬        01 명성동물병원 정치,발치                                                                                           
2022.01.20 라온더펄          01 명성동물병원 정치,발치                                                                                           
2022.01.20 루비로드          53 명성동물병원 운동기인성 피로회복(수액처치)                                                                       
2022.01.20 루비로드          53 명성동물병원 운동기인성 피로회복(수액처치)                                                                       
2022.01.20 메이블레이드      48 명성동물병원 운동기인성 피로회복(수액처치)                                                                       
2022.01.20 메이블레이드      48 명성동물병원 운동기인성 피로회복(수액처치)                                                                       
2022.01.20 베스트타임        21 명성동물병원 식이성 식욕부진                                                                                     
2022.01.20 빅포켓            16 명성동물병원 감기                                                                                                
2022.01.20 송암누리          32 명성동물병원 마비성근색소뇨증                                                                                    
2022.01.20 쏘아라바바        48 명성동물병원 운동기인성 피로회복(수액처치)                                                                       
2022.01.20 쏘아라바바        48 명성동물병원 운동기인성 피로회복(수액처치)                                                                       
2022.01.20 원더풀룰즈        07 명성동물병원 우후지 부종                                                                                         
2022.01.20 찬란한날          21 명성동물병원 식이성 식욕부진                                                                                     
2022.01.20 클레어파워        52 명성동물병원 술후처치(거세술)                                                                                    
2022.01.20 트로트퀸          52 명성동물병원 우전지파행                                                                                          
2022.01.20 함평나비          03 명성동물병원 좌전지 근육통                                                                                       
2022.01.20 황금해            21 명성동물병원 식이성 식욕부진                                                                                     
2022.01.20 명진고스트        18 서울부속동물 기관지염                                                                                            
2022.01.20 선더누리          27 서울부속동물 우후두편마비                                                                                        
2022.01.20 희망오름          03 서울부속동물 감기                                                                                                
