

제목 : 22년 8월27일 (토)   제32차 주행심사성적  제 1경주

날    씨 : 흐림                               주로상태 : 양호 (8%)
--------------------------------------------------------------------------------
   순위  마번  마    명         산지  성  연령   부  담  기수명    조교사명
--------------------------------------------------------------------------------
     1     1   스피드영          한   수    2    53      조인권     방동석   
     2     5   하늘승리          한   수    2    53+ 1.0 송경윤     양귀선   
     3     4   파워사운드        한   수    2    53      유현명     김영관   
     4     8   스마일보이        한   수    2    53      김어수     구민성   
     5     3   벨로시랩터        한   암    2    53      전진구     최기홍   
     6     2   헤이모닝          한   수    2    53+ 1.0 정도윤     김병학   
     7     7   운주글로벌        한   암    2    53      이성재     구영준   
     8     6   평정시대          한   암    2    53      윤형석     윤영훈   
--------------------------------------------------------------------------------
   순위 마번  마    명        마체중 기  록  도착차    판정 불합격사유   검사사유
--------------------------------------------------------------------------------
     1    1   스피드영          461  1:03.6            합             주행미합(신)
     2    5   하늘승리          457  1:04.0   2½      합             주행미합(신)
     3    4   파워사운드        472  1:04.5   3        합             주행미합(신)
     4    8   스마일보이        511  1:05.0   2½      연             연습주행    
     5    3   벨로시랩터        447  1:05.0   코       합             주행미합(신)
     6    2   헤이모닝          455  1:05.2   1¼      합             주행미합(신)
     7    7   운주글로벌        469  1:06.7   8        불   능력미달  주행미합(신)
     8    6   평정시대          482  1:07.7   6        불   능력미달  주행미합(신)
--------------------------------------------------------------------------------
   순위  마번   S1F-G3F-G2F-G1F  S1-F    400     G400     G-3F     G-1F 
--------------------------------------------------------------------------------
     1     1     6- 5- 4- 2      14.9    24.2    24.5     0:36.9   0:12.5
     2     5     1- 1- 1- 1      13.9    24.7    25.4     0:38.3   0:13.0
     3     4     2- 2- 2- 3      14.0    24.8    25.7     0:38.5   0:13.2
     4     8     4- 3- 3- 4      14.5    24.3    26.2     0:38.8   0:13.7
     5     3     5- 6- 5- 5      14.8    24.3    25.9     0:38.3   0:13.4
     6     2     7- 7- 7- 6      15.3    24.1    25.8     0:38.1   0:13.4
     7     7     3- 4- 6- 7      14.2    24.9    27.6     0:40.4   0:14.2
     8     6     8- 8- 8- 8      15.4    25.6    26.7     0:39.8   0:13.6
--------------------------------------------------------------------------------
      4펄롱 :  49.7       3펄롱 :  37.9
--------------------------------------------------------------------------------


제목 : 22년 8월27일 (토)   제32차 주행심사성적  제 2경주

날    씨 : 흐림                               주로상태 : 양호 (8%)
--------------------------------------------------------------------------------
   순위  마번  마    명         산지  성  연령   부  담  기수명    조교사명
--------------------------------------------------------------------------------
     1     8   함안방어산        한   암    4    55      정우주     손병직   
     2     1   스타클래스        한   수    2    53+ 2.0 박재이     김영관   
     3     6   온누리축제        한   수    2    53      조인권     양귀선   
     4     2   런퍼스트          한   수    2    53      이성재     구영준   
     5     7   스카이샷          한   암    2    53      김혜선     임금만   
     6     5   성실킹            한   수    2    53      채상현     장세한   
     7     4   투투러블리        한   수    2    53      전진구     임동창   
    95     3   한강세이버        한   수    2    53      유현명     구민성   
--------------------------------------------------------------------------------
   순위 마번  마    명        마체중 기  록  도착차    판정 불합격사유   검사사유
--------------------------------------------------------------------------------
     1    8   함안방어산        445  1:03.0            연             연습주행    
     2    1   스타클래스        475  1:05.2   12       합             주행미합(신)
     3    6   온누리축제        503  1:05.4   1¼      합             주행미합(신)
     4    2   런퍼스트          506  1:05.7   1¾      합             주행미합(신)
     5    7   스카이샷          453  1:05.8   ½       합             주행미합(신)
     6    5   성실킹            476  1:05.8   코       합             주행미합(신)
     7    4   투투러블리        477  1:06.7   5        불   능력미달  주행미합(신)
    95    3   한강세이버          0           출전취소 출   조교불충분주행미합(신)
--------------------------------------------------------------------------------
   순위  마번   S1F-G3F-G2F-G1F  S1-F    400     G400     G-3F     G-1F 
--------------------------------------------------------------------------------
     1     8     2- 2- 1- 1      14.0    23.7    25.3     0:37.3   0:13.0
     2     1     3- 4- 4- 3      14.3    24.2    26.7     0:38.9   0:13.7
     3     6     1- 1- 2- 2      14.0    23.8    27.6     0:39.7   0:14.6
     4     2     4- 3- 3- 4      14.6    23.8    27.3     0:39.5   0:14.1
     5     7     5- 5- 6- 5      14.7    24.8    26.3     0:39.1   0:13.4
     6     5     7- 7- 7- 7      15.2    24.5    26.1     0:38.8   0:13.2
     7     4     6- 6- 5- 6      15.2    24.3    27.2     0:39.8   0:14.2
    95     3     8- 8- 8- 8                                              
--------------------------------------------------------------------------------
      4펄롱 :  49.0       3펄롱 :  37.3
--------------------------------------------------------------------------------


제목 : 22년 8월27일 (토)   제32차 주행심사성적  제 3경주

날    씨 : 흐림                               주로상태 : 양호 (8%)
--------------------------------------------------------------------------------
   순위  마번  마    명         산지  성  연령   부  담  기수명    조교사명
--------------------------------------------------------------------------------
     1     8   영광의타임        한   암    5    55      박재이     강은석   
     2     3   게미진            한   암    2    53      유현명     문현철   
     3     4   장산디파이        한   암    2    53      정우주     김영관   
     4     6   바람바람          한   수    2    53+ 1.0 정도윤     김영관   
     5     2   샤인몬스터        한   암    2    53      조인권     구민성   
     6     7   드래건킹          미   수    4    57      서강주     라이스   
     7     5   쿨러닝            한   수    2    53+ 2.0 서승운     최기홍   
    92     1   나이스매직        한   거    3    55      다실바     손병직   
--------------------------------------------------------------------------------
   순위 마번  마    명        마체중 기  록  도착차    판정 불합격사유   검사사유
--------------------------------------------------------------------------------
     1    8   영광의타임        484  1:00.4            연             연습주행    
     2    3   게미진            506  1:02.3   11       합             주행미합(신)
     3    4   장산디파이        470  1:03.3   6        합             주행미합(신)
     4    6   바람바람          483  1:04.1   4        유   진입불량  주행미합(신)
     5    2   샤인몬스터        508  1:04.6   3        합             주행미합(신)
     6    7   드래건킹          552  1:04.7   ½       합             장기휴양(재)
     7    5   쿨러닝            479  1:04.9   1¼      불   주행불량  주행미합(신)
    92    1   나이스매직        492           주행중지 불   주행중지  주행미합(신)
--------------------------------------------------------------------------------
   순위  마번   S1F-G3F-G2F-G1F  S1-F    400     G400     G-3F     G-1F 
--------------------------------------------------------------------------------
     1     8     2- 2- 1- 1      13.8    22.7    23.9     0:35.4   0:12.1
     2     3     1- 1- 2- 2      13.8    22.8    25.7     0:37.3   0:13.6
     3     4     3- 3- 3- 3      13.9    23.4    26.0     0:38.1   0:13.3
     4     6     6- 6- 6- 5      14.7    23.7    25.7     0:37.7   0:13.3
     5     2     5- 5- 5- 4      14.1    23.8    26.7     0:38.9   0:13.9
     6     7     7- 7- 7- 7      14.8    23.8    26.1     0:38.1   0:13.4
     7     5     4- 4- 4- 6      14.0    23.8    27.1     0:39.4   0:14.0
    95     1     8- 8- 8- 8      20.5    1:09.5                          
--------------------------------------------------------------------------------
      4펄롱 :  46.6       3펄롱 :  35.4
--------------------------------------------------------------------------------


제목 : 22년 8월27일 (토)   제32차 주행심사성적  제 4경주

날    씨 : 흐림                               주로상태 : 양호 (8%)
--------------------------------------------------------------------------------
   순위  마번  마    명         산지  성  연령   부  담  기수명    조교사명
--------------------------------------------------------------------------------
     1     4   하디찰리          미   거    4    57      김혜선     임동창   
     2     7   언브레이크        미   암    4    55      서강주     김병학   
     3     9   판타스틱맨        한   수    5    57      서승운     문현철   
     4     8   장산블랙          미   거    6    57      다실바     라이스   
     5     5   에이스질주        미   거    9    57      김어수     이정표   
     6     6   후사이치          한   거    3    55+ 1.0 박재이     라이스   
     7     3   원더풀찬스        한   거    3    55      정도윤     최기홍   
     8     1   니콜라스지        한   수    2    53      조인권     구민성   
     9    10   행복한길          한   수    2    53      이성재     김길중   
    10     2   신해망치          한   수    2    53+ 1.0 유현명     구민성   
--------------------------------------------------------------------------------
   순위 마번  마    명        마체중 기  록  도착차    판정 불합격사유   검사사유
--------------------------------------------------------------------------------
     1    4   하디찰리          506  1:01.8            합             주행지정(재)
     2    7   언브레이크        528  1:01.8   목       합             장기휴양(재)
     3    9   판타스틱맨        520  1:01.9   코       합             장기휴양도래(재)
     4    8   장산블랙          540  1:02.9   6        합             장기휴양(재)
     5    5   에이스질주        498  1:03.3   2½      합             장기휴양(재)
     6    6   후사이치          509  1:03.3   목       합             장기휴양도래(재)
     7    3   원더풀찬스        509  1:03.5   1        합             장기휴양(재)
     8    1   니콜라스지        442  1:03.7   1        합             주행미합(신)
     9   10   행복한길          502  1:04.6   5        연             연습주행    
    10    2   신해망치          500  1:05.4   5        유   출발자세불량주행미합(신)
--------------------------------------------------------------------------------
   순위  마번   S1F-G3F-G2F-G1F  S1-F    400     G400     G-3F     G-1F 
--------------------------------------------------------------------------------
     1     4     1- 1- 1- 1      13.7    23.2    24.9     0:36.7   0:12.9
     2     7     2- 2- 2- 2      13.8    23.2    24.8     0:36.5   0:12.6
     3     9     7- 6- 4- 4      14.2    23.4    24.3     0:36.1   0:12.3
     4     8     6- 3- 3- 3      14.2    23.0    25.7     0:37.4   0:13.4
     5     5     9- 9- 8- 6      14.7    23.7    24.9     0:36.9   0:12.7
     6     6    10-10- 9- 9      14.7    24.1    24.5     0:36.7   0:12.5
     7     3     8- 4- 5- 5      14.3    23.4    25.8     0:37.8   0:13.5
     8     1     4- 5- 6- 7      14.2    23.9    25.6     0:37.9   0:13.0
     9    10     3- 7- 7- 8      14.1    24.1    26.4     0:38.8   0:13.9
    10     2     5- 8-10-10      14.2    24.7    26.5     0:39.4   0:13.7
--------------------------------------------------------------------------------
      4펄롱 :  48.1       3펄롱 :  36.7
--------------------------------------------------------------------------------
