

제목 : 22년12월 3일 (토)   제45차 주행심사성적  제 1경주

날    씨 : 맑음                               주로상태 : 양호 (7%)
--------------------------------------------------------------------------------
   순위  마번  마    명         산지  성  연령   부  담  기수명    조교사명
--------------------------------------------------------------------------------
     1     8   월드포에이        한   거    3    55      조인권     김영관   
     2     1   동남위너          한   암    2    53      김혜선     윤영훈   
     3     3   타이거런          한   수    2    53+ 1.0 이성재     김길중   
     4     4   두바이원정대      한   수    2    53      정도윤     백광열   
     5     5   레드재스퍼        한   암    2    53+ 2.0 유현명     라이스   
     6     2   머스트맨          한   수    3    55      서강주     조용배   
     7     7   한센이천          한   수    3    55      다실바     권승주   
    94     6   해랑강자          한   수    2    53      이홍락     하무선   
--------------------------------------------------------------------------------
   순위 마번  마    명        마체중 기  록  도착차    판정 불합격사유   검사사유
--------------------------------------------------------------------------------
     1    8   월드포에이        535  1:01.9            합             장기휴양도래(재)
     2    1   동남위너          482  1:04.0   12       유   출발자세불량주행미합(신)
     3    3   타이거런          471  1:04.1   목       합             주행미합(신)
     4    4   두바이원정대      529  1:04.5   2½      유   출발자세불량주행미합(신)
     5    5   레드재스퍼        427  1:05.2   4        합             주행미합(신)
     6    2   머스트맨          434  1:07.8   15       불   능력미달  주행미합(신)
     7    7   한센이천          482  1:25.3   100      불   주행불량  주행지정(재)
    94    6   해랑강자          486           심사제외 출   기수낙마  주행미합(신)
--------------------------------------------------------------------------------
   순위  마번   S1F-G3F-G2F-G1F  S1-F    400     G400     G-3F     G-1F 
--------------------------------------------------------------------------------
     1     8     3- 2- 2- 1      14.4    23.5    24.0     0:36.0   0:12.0
     2     1     1- 1- 1- 2      14.3    23.6    26.1     0:38.3   0:13.6
     3     3     2- 3- 3- 3      14.4    23.7    26.0     0:38.1   0:13.5
     4     4     6- 4- 4- 4      14.6    23.8    26.1     0:38.3   0:13.5
     5     5     5- 5- 5- 5      14.5    23.9    26.8     0:39.0   0:13.9
     6     2     4- 6- 6- 6      14.5    25.4    27.9     0:41.0   0:14.4
     7     7     7- 7- 7- 7      15.3    37.0    33.0     0:52.5   0:16.8
    95     6     8- 8- 8- 8                                              
--------------------------------------------------------------------------------
      4펄롱 :  47.6       3펄롱 :  36.2
--------------------------------------------------------------------------------


제목 : 22년12월 3일 (토)   제45차 주행심사성적  제 2경주

날    씨 : 맑음                               주로상태 : 양호 (7%)
--------------------------------------------------------------------------------
   순위  마번  마    명         산지  성  연령   부  담  기수명    조교사명
--------------------------------------------------------------------------------
     1     1   록파워            한   수    2    53+ 1.0 이성재     김길중   
     2     4   해브어굿이어      한   수    2    53+ 1.0 조인권     김병학   
     3     6   원더풀보브캣      한   거    4    57      다실바     안우성   
     4     8   스페셜윈드        한   거    3    55      박종호     민장기   
     5     2   조이준마          미   암    2    53+ 1.0 서강주     강은석   
     6     7   굿스타            한   거    4    57      정우주     라이스   
     7     5   핀홀아이          한   수    2    53+ 1.0 모준호     조용배   
     8     3   해피노던          한   수    2    53      유현명     문현철   
--------------------------------------------------------------------------------
   순위 마번  마    명        마체중 기  록  도착차    판정 불합격사유   검사사유
--------------------------------------------------------------------------------
     1    1   록파워            445  1:02.7            합             주행미합(신)
     2    4   해브어굿이어      471  1:03.0   1¼      합             주행미합(신)
     3    6   원더풀보브캣      466  1:03.0   ½       합             장기휴양도래(재)
     4    8   스페셜윈드        502  1:03.1   ½       합             주행지정(재)
     5    2   조이준마          438  1:03.1   목       합             주행미합(신)
     6    7   굿스타            497  1:04.1   5        합             장기휴양(재)
     7    5   핀홀아이          467  1:04.6   2½      합             주행미합(신)
     8    3   해피노던          444  1:06.2   9        불   능력미달  주행미합(신)
--------------------------------------------------------------------------------
   순위  마번   S1F-G3F-G2F-G1F  S1-F    400     G400     G-3F     G-1F 
--------------------------------------------------------------------------------
     1     1     2- 2- 2- 2      13.9    23.7    25.1     0:37.0   0:13.0
     2     4     1- 1- 1- 1      13.7    23.7    25.6     0:37.4   0:13.5
     3     6     4- 4- 6- 5      14.2    23.8    25.0     0:37.2   0:12.8
     4     8     6- 6- 3- 4      14.2    23.6    25.3     0:37.3   0:13.0
     5     2     3- 3- 4- 3      14.2    23.7    25.2     0:37.3   0:13.0
     6     7     5- 5- 5- 6      14.2    23.7    26.2     0:38.3   0:13.7
     7     5     7- 7- 7- 7      14.3    24.0    26.3     0:38.6   0:13.6
     8     3     8- 8- 8- 8      14.8    23.9    27.5     0:39.8   0:14.4
--------------------------------------------------------------------------------
      4펄롱 :  49.0       3펄롱 :  37.1
--------------------------------------------------------------------------------


제목 : 22년12월 3일 (토)   제45차 주행심사성적  제 3경주

날    씨 : 맑음                               주로상태 : 양호 (7%)
--------------------------------------------------------------------------------
   순위  마번  마    명         산지  성  연령   부  담  기수명    조교사명
--------------------------------------------------------------------------------
     1     9   플라잉리걸        한   수    3    55      유현명     안우성   
     2     8   골드탭            한   거    3    55      서강주     토마스   
     3     6   리턴오브섭서디    미   수    6    57      이성재     울즐리   
     4     5   에브리킹이지      한   수    2    53      정도윤     양귀선   
     5     1   매직스위티        한   암    2    53+ 1.0 조인권     김병학   
     6     7   정문스펙터        한   수    2    53+ 2.0 다실바     라이스   
     7     2   송도갈매기        한   거    2    53+ 2.0 김어수     최기홍   
     8     4   베스트매직        한   암    2    53      정동철     조용배   
    94     3   골든스텔라        한   암    2    53      전진구     장세한   
--------------------------------------------------------------------------------
   순위 마번  마    명        마체중 기  록  도착차    판정 불합격사유   검사사유
--------------------------------------------------------------------------------
     1    9   플라잉리걸        470  1:02.3            연             연습주행    
     2    8   골드탭            515  1:02.4   목       연             연습주행    
     3    6   리턴오브섭서디    518  1:02.4   코       합             주행지정(재)
     4    5   에브리킹이지      501  1:03.3   5        합             주행미합(신)
     5    1   매직스위티        478  1:03.4   ½       합             주행미합(신)
     6    7   정문스펙터        495  1:03.4   코       합             장기휴양도래(재)
     7    2   송도갈매기        463  1:04.1   5        합             주행미합(신)
     8    4   베스트매직        415  1:06.0   11       합             주행미합(신)
    94    3   골든스텔라        480           심사제외 출   진입불량  주행미합(신)
--------------------------------------------------------------------------------
   순위  마번   S1F-G3F-G2F-G1F  S1-F    400     G400     G-3F     G-1F 
--------------------------------------------------------------------------------
     1     9     3- 1- 2- 1      14.0    23.1    25.2     0:37.1   0:12.9
     2     8     5- 7- 7- 4      14.2    23.5    24.7     0:36.5   0:12.6
     3     6     4- 5- 4- 3      14.1    23.3    25.0     0:36.8   0:12.8
     4     5     6- 4- 5- 5      14.3    23.2    25.8     0:37.7   0:13.4
     5     1     1- 2- 1- 2      13.9    23.2    26.3     0:38.1   0:13.8
     6     7     7- 6- 6- 6      14.5    23.1    25.8     0:37.6   0:13.5
     7     2     2- 3- 3- 7      14.0    23.3    26.8     0:38.8   0:13.8
     8     4     8- 8- 8- 8      14.6    24.3    27.1     0:39.1   0:14.3
    95     3     9- 9- 9- 9                                              
--------------------------------------------------------------------------------
      4펄롱 :  48.4       3펄롱 :  37.1
--------------------------------------------------------------------------------


제목 : 22년12월 3일 (토)   제45차 주행심사성적  제 4경주

날    씨 : 맑음                               주로상태 : 양호 (7%)
--------------------------------------------------------------------------------
   순위  마번  마    명         산지  성  연령   부  담  기수명    조교사명
--------------------------------------------------------------------------------
     1     4   할리우드파티      한   암    3    54      서강주     김영관   
     2     7   알파스타          한   거    5    57      다실바     라이스   
     3     1   반지의매직        한   거    5    57      박종호     민장기   
     4     6   루카스선          한   거    4    57      김어수     장세한   
     5     5   퍼플라인          한   거    3    55      이홍락     권승주   
     6     3   천년의약속        한   수    6    57      정도윤     임금만   
     7     2   최강마린          한   거    3    55      조인권     김병학   
     8     8   성원스타          미   암    2    53      유현명     토마스   
     9     9   마사랑길          한   암    2    53+ 1.0 이성재     김길중   
--------------------------------------------------------------------------------
   순위 마번  마    명        마체중 기  록  도착차    판정 불합격사유   검사사유
--------------------------------------------------------------------------------
     1    4   할리우드파티      460  1:02.6            합             장기휴양도래(재)
     2    7   알파스타          506  1:02.7   ¾       합             장기휴양(재)
     3    1   반지의매직        484  1:03.0   1½      합             주행지정(재)
     4    6   루카스선          503  1:03.0   코       합             장기휴양(재)
     5    5   퍼플라인          523  1:03.2   1¼      합             장기휴양(재)
     6    3   천년의약속        512  1:03.2   목       합             장기휴양도래(재)
     7    2   최강마린          499  1:03.3   목       합             장기휴양도래(재)
     8    8   성원스타          462  1:03.4   ¾       연             연습주행    
     9    9   마사랑길          477  1:04.1   4        연             연습주행    
--------------------------------------------------------------------------------
   순위  마번   S1F-G3F-G2F-G1F  S1-F    400     G400     G-3F     G-1F 
--------------------------------------------------------------------------------
     1     4     2- 2- 2- 1      14.1    23.9    24.6     0:36.8   0:12.7
     2     7     1- 1- 1- 2      14.0    23.5    25.2     0:37.1   0:12.7
     3     1     4- 4- 4- 3      14.3    24.0    24.7     0:37.0   0:12.7
     4     6     8- 8- 8- 7      14.6    24.1    24.3     0:36.5   0:12.3
     5     5     7- 7- 9- 8      14.4    24.4    24.4     0:36.9   0:12.4
     6     3     5- 5- 6- 5      14.3    24.0    24.9     0:37.1   0:12.7
     7     2     6- 6- 5- 4      14.4    23.9    25.0     0:37.1   0:12.8
     8     8     9- 9- 7- 9      14.9    23.7    24.8     0:36.8   0:12.6
     9     9     3- 3- 3- 6      14.2    23.8    26.1     0:38.3   0:13.6
--------------------------------------------------------------------------------
      4펄롱 :  48.6       3펄롱 :  37.0
--------------------------------------------------------------------------------
