

제목 : 22.03.31(목) 조교현황

  ※기승자범례(조:조교사, 관:주로조교, 기:기수, 후:기수후보생)
  ※비고(금:금주출전예정마, 차:차주출전예정마, 특:특대상경주출전예정마)
  ※금주, 차주 또는 특별 대상경주 출전예상마는 출전신청 결과 및
  조교사의 의사에 따라 변동될 수 있는 미확정된 자료이오니 참고하시기 바랍니다.
━━━━━━━━━━━━━━━━━━━━━━━━━━━━━━━━━━━━━━━
  순 소속조 - 조번 마명              기승자 입장시각  퇴장시각  조교시간 비고
━━━━━━━━━━━━━━━━━━━━━━━━━━━━━━━━━━━━━━━
  1  1조(백광열)24 닥터시저            기   06:47     07:05       0:18   차
  2  1조(백광열) 2 닥터카이로          관   06:01     06:15       0:15   차
  3  1조(백광열)36 닥터칼리파          관   08:29     08:42       0:13   차
  4  1조(백광열)16 닥터캔디            기   06:19     06:29       0:10   금
  5  1조(백광열)34 닥터콩돌이          관   07:25     07:46       0:21   차
  6  1조(백광열)40 닥터콩순이          관   07:25     07:47       0:21   차
  7  1조(백광열)32 닥터탱고            관   08:09     08:38       0:29   차
  8  1조(백광열)28 닥터텍사스          관   07:46     08:04       0:18   금
  9  1조(백광열) 5 닥터패션            관   06:01     06:15       0:14   차
 10  1조(백광열)39 닥터펜타곤          기   06:02     06:13       0:11   금
 11  1조(백광열)12 닥터프로            관   07:19     07:29       0:11   차
 12  1조(백광열)22 메니글로리          관   08:56     09:12       0:17   차
 13  1조(백광열)38 벌마의스타          관   08:02     08:23       0:20   차
 14  1조(백광열)17 아델골드            관   07:48     08:00       0:12   차
 15  1조(백광열)33 아델로사리오        관   06:44     07:03       0:19   차
 16  1조(백광열)13 아델스마트          관   06:43     07:00       0:17   차
 17  1조(백광열)20 아델앨리스          관   08:23     08:42       0:19   차
 18  1조(백광열)35 아델크라운          기   07:52     08:07       0:15   금
 19  1조(백광열)29 아델플라이          관   06:09     06:22       0:13   금
 20  1조(백광열) 8 알파송당            기   06:20     06:33       0:13   금
 21  1조(백광열) 7 영원파워            기   08:29     08:41       0:12   차
 22  1조(백광열)41 와일드아델          기   08:06     08:21       0:15   차
 23  1조(백광열)21 위너스타            관   08:36     08:57       0:21   차
 24  1조(백광열) 1 킹그레이스          관   06:47     07:06       0:19   차
 25  1조(백광열)19 파워원더풀          관   07:01     07:23       0:22   차
 26  1조(백광열)10 파인의꿈            관   06:07     06:30       0:23   특
 27  1조(백광열)14 화랑베스트          관   06:32     06:44       0:12   금
 28  2조(강형곤)43 골드캔디            기   07:06     07:19       0:13   특
 29  2조(강형곤) 2 그린치타            기   06:22     06:33       0:11   금
 30  2조(강형곤)33 글로벌캐처          관   07:34     07:50       0:16   차
 31  2조(강형곤)30 동부월드            기   07:04     07:15       0:11   금
 32  2조(강형곤)14 로열티켓            관   07:02     07:23       0:22   차
 33  2조(강형곤) 8 백구                관   07:02     07:16       0:15   차
 34  2조(강형곤) 5 비케이룩스          관   06:03     06:16       0:13   차
 35  2조(강형곤)44 비케이맥스          관   07:34     07:50       0:16   차
 36  2조(강형곤)15 비케이하운드        기   06:02     06:11       0:09   금
 37  2조(강형곤)19 서귀포인트          관   06:03     06:21       0:18   차
 38  2조(강형곤)12 스톰어게인          관   06:30     06:50       0:20   차
 39  2조(강형곤) 4 스파이스인디        기   06:03     06:16       0:13   차
 40  2조(강형곤)37 스페셜투게더        기   06:21     06:34       0:13   차
 41  2조(강형곤)38 제왕의미소          관   07:34     07:52       0:18   차
 42  2조(강형곤)40 투투칼턴            관   06:30     06:44       0:13   차
 43  2조(강형곤)10 회자인구            기   06:30     06:53       0:23   차
 44  2조(강형곤)21 히어로맨            기   06:02     06:12       0:10   차
 45  2조(강형곤)11 히트더로드          기   07:25     07:34       0:09   차
 46  4조(임금만) 8 가디언엔젤          관   07:06     07:20       0:14   차
 47  4조(임금만) 9 날아라꿀단지        기   07:08     07:24       0:16   차
 48  4조(임금만) 1 래피드게임          관   06:01     06:12       0:11   차
 49  4조(임금만)19 런스마일            관   07:45     07:57       0:12   차
 50  4조(임금만)34 모닝뮤즈            기   06:02     06:12       0:10   금
 51  4조(임금만)13 문화시그니쳐        관   06:00     06:12       0:12   차
 52  4조(임금만) 4 바람의약속          기   06:36     06:50       0:14   금
 53  4조(임금만) 6 영광의라이더        관   08:18     08:37       0:19   차
 54  4조(임금만)25 영광의파워          관   06:33     06:47       0:14   차
 55  4조(임금만) 3 영광의파티          기   07:29     07:47       0:18   차
 56  4조(임금만)21 워리어클래스        기   06:32     06:46       0:14   차
 57  4조(임금만)20 윈스팅              관   07:06     07:20       0:14   차
 58  4조(임금만) 2 이스트벨            관   07:45     07:57       0:13   차
 59  4조(임금만)33 장산도끼            기   06:02     06:16       0:14   금
 60  4조(임금만)26 천년의약속          기   07:15     07:26       0:11   차
 61  4조(임금만) 5 톱에이스            기   07:45     07:56       0:11   차
 62  4조(임금만)32 판타스틱여걸        관   06:30     06:44       0:14   차
 63  4조(임금만)15 호랭이              관   08:58     09:12       0:15   차
 64  6조(구영준)18 남양천리            관   08:10     08:25       0:15   차
 65  6조(구영준)21 대호누리            관   07:56     08:05       0:09   차
 66  6조(구영준)28 베스트윈드          관   06:30     06:47       0:17   차
 67  6조(구영준)30 스마트프린스        관   07:05     07:19       0:14   차
 68  6조(구영준)24 우승헌터            관   06:27     06:39       0:12   차
 69  6조(구영준)29 전설의불꽃          기   07:36     07:46       0:10   특
 70  6조(구영준)31 천하넘버원          관   07:07     07:15       0:08   차
 71  6조(구영준)17 최강라이거          관   06:33     06:50       0:17   차
 72  6조(구영준)27 최강포스            관   07:36     07:49       0:13   차
 73  6조(구영준) 1 히든보이            관   07:00     07:07       0:07   금
 74  7조(김병학) 8 가속데이            관   06:41     07:03       0:22   차
 75  7조(김병학)13 골드럭              기   06:01     06:12       0:11   특
 76  7조(김병학)22 골드스위트          관   07:28     07:43       0:15   차
 77  7조(김병학)18 골드프린스          관   06:08     06:28       0:19   차
 78  7조(김병학)24 나르캣              관   09:12     09:25       0:14   차
 79  7조(김병학)19 네임드              관   06:56     07:14       0:17   차
 80  7조(김병학)16 리버스스윕          관   08:08     08:33       0:26   차
 81  7조(김병학)14 마스터퀸            관   09:15     09:25       0:09   차
 82  7조(김병학)15 매직위스퍼          관   06:48     07:07       0:19   차
 83  7조(김병학)17 매직힐              관   06:48     07:05       0:17   차
 84  7조(김병학)21 맨오브더이어        관   07:28     07:46       0:18   차
 85  7조(김병학) 1 머니케이스          기   07:42     07:52       0:10   금
 86  7조(김병학)11 명성매직            관   08:47     09:02       0:14   차
 87  7조(김병학) 9 미라클선            관   06:03     06:21       0:18   차
 88  7조(김병학)31 슈퍼빅토리          관   06:08     06:26       0:18   차
 89  7조(김병학)30 스테디위너          관   06:04     06:25       0:21   차
 90  7조(김병학)32 위시럭              관   08:06     08:27       0:21   차
 91  7조(김병학)26 인디언파티          관   07:28     07:44       0:15   차
 92  7조(김병학) 3 쿨가이              기   06:45     06:57       0:12   특
 93  7조(김병학) 6 해브어굿데이        관   08:14     08:32       0:18   차
 94  8조(토마스)30 경주의두레박        기   06:00     06:10       0:10   특
 95  8조(토마스)36 골드탭              관   06:00     06:13       0:13   금
 96  8조(토마스) 9 그레이트록          기   06:00     06:13       0:13   금
 97  8조(토마스)23 그레이트원          관   06:32     06:46       0:14   차
 98  8조(토마스) 7 그레이트킹          기   06:28     06:42       0:14   차
 99  8조(토마스)20 대암장군            관   07:04     07:17       0:13   차
100  8조(토마스)15 라인브레이커        관   07:37     07:50       0:13   차
101  8조(토마스)10 렛잇고              관   07:02     07:14       0:12   차
102  8조(토마스) 3 로키스카이          관   07:02     07:18       0:16   차
103  8조(토마스) 6 무적불패            관   07:02     07:15       0:13   차
104  8조(토마스) 5 무적영웅            관   06:00     06:15       0:15   차
105  8조(토마스) 2 미드나이트퀸        관   07:02     07:18       0:16   차
106  8조(토마스)18 빙고맨              관   06:30     06:47       0:17   차
107  8조(토마스)14 서부퀸              관   07:39     07:54       0:16   차
108  8조(토마스)24 소닉킹이지          관   06:00     06:14       0:14   차
109  8조(토마스)27 스카이모어          기   06:00     06:10       0:10   특
110  8조(토마스)32 스텔루나            관   06:31     06:44       0:14   차
111  8조(토마스)33 알파킹이지          관   06:01     06:14       0:13   차
112  8조(토마스)29 여왕의미소          기   06:25     06:35       0:10   금
113  8조(토마스)16 울트라파워          관   07:34     07:49       0:15   차
114  8조(토마스)22 천마파워            기   07:02     07:12       0:10   차
115  8조(토마스)12 퀸즈대로            기   06:32     06:43       0:11   차
116  8조(토마스)34 태풍이              관   06:27     06:42       0:14   차
117  8조(토마스)28 톱파이어            관   07:39     07:54       0:16   차
118  8조(토마스)25 파워트레인          관   06:29     06:42       0:13   차
119  8조(토마스)21 한라누리            관   06:00     06:09       0:09   금
120  8조(토마스)11 허니스타            기   06:00     06:13       0:13   차
121  8조(토마스)13 화랑스카이          기   06:26     06:38       0:12   차
122  9조(양귀선)19 금빛스카이          기   07:28     07:38       0:10   금
123  9조(양귀선)38 담양돌풍            관   06:26     06:39       0:13   차
124  9조(양귀선)34 대지초이스          관   07:38     08:03       0:24   차
125  9조(양귀선)15 더퍼스트팩터        관   06:49     06:57       0:08   차
126  9조(양귀선)37 독보                관   06:00     06:18       0:18   차
127  9조(양귀선)30 로드투브이          기   07:56     08:08       0:12   특
128  9조(양귀선)18 리즈원더풀          관   07:09     07:32       0:23   차
129  9조(양귀선)10 메니어게인          기   07:21     07:31       0:10   금
130  9조(양귀선)23 범이내려온다        관   07:43     08:06       0:23   차
131  9조(양귀선)16 상승보이            관   08:08     08:39       0:31   차
132  9조(양귀선)27 선더킹              관   06:00     06:13       0:12   차
133  9조(양귀선)24 센세이션파티        관   06:01     06:22       0:21   차
134  9조(양귀선)13 이터널히어로        기   07:06     07:22       0:16   차
135  9조(양귀선)20 존워리어            관   06:27     06:43       0:16   차
136  9조(양귀선) 9 퓨어매직            관   07:09     07:32       0:23   차
137  9조(양귀선)35 하늘전사            관   08:19     08:37       0:18   차
138  9조(양귀선)22 한라백두            관   06:49     07:04       0:15   차
139  9조(양귀선)12 핼러윈파티          관   06:25     06:45       0:20   차
140 10조(구민성) 9 그랜드축제          관   06:56     07:18       0:21   차
141 10조(구민성)32 그레이트댄스        기   07:41     07:56       0:15   금
142 10조(구민성)20 룰루                관   07:11     07:24       0:13   차
143 10조(구민성) 4 빅토리나인          관   06:22     06:38       0:16   차
144 10조(구민성)28 사키사키            관   08:21     08:35       0:14   특
145 10조(구민성)25 서던킹              조   06:53     07:14       0:21   차
146 10조(구민성)29 신진강호            관   06:27     06:41       0:14   차
147 10조(구민성)14 애니라인            관   06:05     06:21       0:16   차
148 10조(구민성) 3 에이프릴퀸          기   07:36     07:46       0:10   특
149 10조(구민성)22 영봉산              관   06:23     06:37       0:14   금
150 10조(구민성)16 이터널에이스        조   06:29     06:41       0:12   금
151 10조(구민성)15 캡틴양키            관   08:39     08:52       0:13   차
152 10조(구민성) 1 크레이지콘티        기   06:28     06:41       0:13   차
153 10조(구민성)26 티라노파이브        관   07:07     07:22       0:15   차
154 10조(구민성)23 하늘미소            관   06:42     07:00       0:18   차
155 11조(김영민) 3 도미네이션          관   06:50     07:04       0:13   차
156 11조(김영민) 4 말리부별            기   06:38     06:51       0:13   차
157 11조(김영민)18 블루챔프            관   06:09     06:23       0:13   차
158 11조(김영민)16 아델퓨펄            기   07:24     07:40       0:16   특
159 11조(김영민)19 오케이선더          관   06:09     06:23       0:13   차
160 11조(김영민)20 킹브라더            관   07:42     07:53       0:10   차
161 11조(김영민) 9 퍼니라이프          관   06:41     06:56       0:15   차
162 11조(김영민)22 한빛영광            관   08:54     09:07       0:13   차
163 11조(김영민)14 해운대블루          기   06:43     06:53       0:10   금
164 11조(김영민)17 히든챔프            관   06:50     07:04       0:13   차
165 12조(조용배) 2 그린스캣            관   08:25     08:52       0:27   차
166 12조(조용배)10 남도일등            기   07:02     07:18       0:16   금
167 12조(조용배)12 리아논포인트        관   07:43     08:03       0:19   차
168 12조(조용배)18 마하메루            기   07:43     07:53       0:10   금
169 12조(조용배)14 밀크데이            기   07:21     07:32       0:11   금
170 12조(조용배) 8 배다리강호          기   06:26     06:34       0:08   금
171 12조(조용배) 6 배다리아이콘        관   06:59     07:20       0:21   차
172 12조(조용배)21 스마트모드          기   06:25     06:35       0:10   금
173 12조(조용배)24 엑톤파워            기   06:51     07:03       0:12   금
174 12조(조용배) 5 온누리강자          관   06:18     06:29       0:12   차
175 12조(조용배)15 윈드하이            기   07:29     07:48       0:19   차
176 12조(조용배)13 천마하서            기   07:17     07:32       0:15   금
177 12조(조용배)32 청마영웅            기   08:54     09:08       0:14   차
178 12조(조용배) 3 탐라황후            관   08:26     08:48       0:22   차
179 12조(조용배)17 플렉스신화          기   06:18     06:29       0:11   차
180 13조(박재호)18 골든브룸            관   06:04     06:23       0:20   차
181 13조(박재호) 3 내가새강자          관   06:03     06:18       0:15   차
182 13조(박재호)11 노블스피릿          조   07:18     07:44       0:27   차
183 13조(박재호) 9 디아블로퀸          기   06:37     06:48       0:11   금
184 13조(박재호)19 레드퀸              관   06:36     06:54       0:18   차
185 13조(박재호)13 스피드마스트        관   06:05     06:25       0:20   차
186 13조(박재호)12 실버로드            관   07:57     08:23       0:26   차
187 13조(박재호)20 영보스              조   06:00     06:25       0:25   차
188 13조(박재호)21 오렌지스타          관   07:57     08:17       0:20   차
189 13조(박재호) 1 이츠마이럭키보이    관   06:36     06:55       0:19   차
190 13조(박재호) 4 총알참              관   07:16     07:33       0:17   차
191 13조(박재호) 7 킹파티              관   07:11     07:32       0:22   차
192 13조(박재호) 8 튠포인트            관   07:57     08:17       0:20   차
193 13조(박재호) 6 트리플선더          관   07:16     07:33       0:17   차
194 14조(윤영훈)10 금빛여장군          관   08:48     09:26       0:38   차
195 14조(윤영훈)12 동남불패            기   08:26     08:35       0:09   금
196 14조(윤영훈)14 마크원              관   06:02     06:24       0:22   차
197 14조(윤영훈) 7 부미스타            기   08:40     08:48       0:08   금
198 14조(윤영훈)26 삼성도끼            관   06:16     06:27       0:11   금
199 14조(윤영훈)19 서귀대로            관   06:44     07:16       0:31   차
200 14조(윤영훈)18 선마운틴            기   07:36     07:55       0:19   금
201 14조(윤영훈)24 승리의불길          관   07:59     08:10       0:11   금
202 14조(윤영훈)20 오르다              관   06:44     07:13       0:29   금
203 14조(윤영훈)25 오르마              관   08:48     09:25       0:37   차
204 14조(윤영훈)16 천마브라보          기   06:35     06:48       0:13   차
205 14조(윤영훈)15 청담드라이브        관   07:59     08:10       0:11   차
206 14조(윤영훈)23 칼마크              기   08:07     08:21       0:14   차
207 14조(윤영훈)22 케이비보스          기   06:00     06:09       0:09   금
208 14조(윤영훈) 9 토함스타            관   07:44     08:04       0:20   차
209 14조(윤영훈) 5 함안말이산          관   06:00     06:11       0:11   금
210 15조(안우성)35 갤런트워리어        기   06:34     06:42       0:08   차
211 15조(안우성) 7 구름속산책          관   07:27     07:44       0:18   차
212 15조(안우성)19 굿캐스팅            관   06:02     06:20       0:19   차
213 15조(안우성) 3 디어킹              관   08:05     08:32       0:27   차
214 15조(안우성)15 무한열정            관   08:25     08:33       0:07   차
215 15조(안우성)23 스마일리래리        관   08:05     08:31       0:26   차
216 15조(안우성)34 스카이윈            관   07:59     08:14       0:15   차
217 15조(안우성)26 스카이제주향        기   06:50     06:58       0:08   차
218 15조(안우성)29 아너스마고          기   06:50     06:59       0:09   차
219 15조(안우성)30 아람나래            관   09:04     09:19       0:15   차
220 15조(안우성)24 어플리트타핏        관   07:22     07:38       0:16   차
221 15조(안우성)22 얼라이브스타        관   06:34     06:44       0:10   차
222 15조(안우성)31 얼라이브캡틴        기   06:23     06:36       0:13   금
223 15조(안우성)21 원더풀보브캣        기   07:12     07:25       0:13   차
224 15조(안우성)11 원더풀페이거        기   06:24     06:37       0:13   특
225 15조(안우성) 2 위너버드            관   07:00     07:14       0:14   차
226 15조(안우성)16 점보블레이드        관   07:17     07:34       0:18   차
227 15조(안우성) 5 켄드릭              기   07:33     07:44       0:11   차
228 15조(안우성)27 트라이엄프캣        관   09:04     09:19       0:14   차
229 15조(안우성)18 플라잉리걸          관   06:33     06:50       0:17   차
230 15조(안우성)13 해남해머            기   06:50     06:59       0:09   차
231 15조(안우성)12 화랑의챔피언        관   08:44     08:57       0:14   차
232 16조(김재섭) 7 다이아몬드마린      관   07:09     07:25       0:16   금
233 16조(김재섭) 5 레인킬러            기   06:44     06:56       0:12   특
234 16조(김재섭)13 로즈불릿            관   08:43     08:58       0:15   금
235 16조(김재섭) 8 새로운함안          기   07:03     07:13       0:10   금
236 16조(김재섭) 3 스나이더            기   07:07     07:20       0:13   금
237 16조(김재섭)19 스페이스마린        기   07:32     07:41       0:09   금
238 16조(김재섭)20 스피드퓨리          기   07:26     07:40       0:14   차
239 16조(김재섭) 9 장성대로            관   06:14     06:33       0:19   차
240 16조(김재섭) 1 퀸할리              기   08:43     08:57       0:14   특
241 16조(김재섭)22 함안봉화산          기   08:39     08:49       0:10   금
242 16조(김재섭) 6 해피송송            관   06:14     06:33       0:20   차
243 17조(장세한)23 다이아포스          기   07:01     07:10       0:09   차
244 17조(장세한) 8 댄싱드래건          기   07:41     07:56       0:15   금
245 17조(장세한) 7 뜨거운만남          관   06:20     06:38       0:18   차
246 17조(장세한) 3 레이디골든          기   08:32     08:44       0:12   차
247 17조(장세한)13 저스트윈            관   06:24     06:40       0:16   차
248 17조(장세한) 4 청호보스            기   08:04     08:23       0:19   차
249 17조(장세한) 2 팀스카이            관   06:55     07:06       0:11   금
250 17조(장세한)14 퍼스트스타          관   08:01     08:16       0:15   차
251 17조(장세한) 5 플라잉킹즈          관   07:20     07:35       0:15   차
252 18조(이정표) 2 빅토리해피          기   07:17     07:32       0:15   차
253 18조(이정표) 9 사이먼탑건          관   06:24     06:47       0:23   차
254 18조(이정표)21 상승대한            관   07:52     08:06       0:14   차
255 18조(이정표) 8 에이스로드          기   06:54     07:08       0:14   차
256 18조(이정표)26 에이원스            관   07:07     07:20       0:13   차
257 18조(이정표)14 연승글로리          기   07:37     07:53       0:16   차
258 18조(이정표) 6 오메가걸            기   07:13     07:23       0:10   금
259 18조(이정표) 5 원더풀강자          기   07:09     07:22       0:13   차
260 18조(이정표) 3 원더풀차차          관   07:04     07:11       0:07   차
261 18조(이정표) 7 코코윈              기   06:55     07:32       0:37   금
262 18조(이정표)13 퀸스타              기   06:00     06:09       0:09   금
263 18조(이정표) 4 타이탄케이          기   06:34     06:47       0:13   차
264 18조(이정표)10 탐라하늘            기   06:17     06:26       0:09   금
265 19조(김영관)24 가디스문            관   06:30     06:49       0:19   차
266 19조(김영관)25 골든벼락            관   06:00     06:19       0:19   차
267 19조(김영관)31 금아사이킥          기   07:05     07:15       0:10   금
268 19조(김영관) 5 금아스탈렛          기   08:00     08:10       0:10   특
269 19조(김영관) 1 금아제피로스        관   08:30     08:46       0:16   차
270 19조(김영관)26 금아카이로스        기   09:17     09:29       0:12   차
271 19조(김영관)29 뉴욕망치            관   06:56     07:13       0:17   차
272 19조(김영관)14 레전드넘버원        기   08:53     09:06       0:13   차
273 19조(김영관)22 루킹캣              기   07:30     07:45       0:15   차
274 19조(김영관) 7 맨오브톱            기   07:24     07:33       0:09   금
275 19조(김영관)16 몽땅                기   07:33     07:44       0:11   차
276 19조(김영관)35 부산항갈매기        관   09:22     09:33       0:11   차
277 19조(김영관)15 스타아이            관   08:57     09:09       0:12   차
278 19조(김영관) 6 스피드매치          관   07:57     08:13       0:16   차
279 19조(김영관)19 에이치데이          기   07:23     07:37       0:14   금
280 19조(김영관) 4 올드천하            기   08:53     09:06       0:13   차
281 19조(김영관)34 원더풀레이즈        기   09:22     09:33       0:11   특
282 19조(김영관) 9 월드투데이          관   07:21     07:39       0:19   차
283 19조(김영관)30 킹오브더매치        기   08:37     08:46       0:09   차
284 19조(김영관)33 터치스타맨          기   07:52     08:05       0:13   차
285 19조(김영관)23 파워가이            기   07:52     08:06       0:14   금
286 19조(김영관)32 포켓파워            기   06:30     06:49       0:19   차
287 19조(김영관)27 함양은산삼          기   07:47     08:06       0:19   금
288 20조(최기홍)21 굿바이래비츠        관   06:11     06:25       0:14   차
289 20조(최기홍) 1 뉴루비              관   06:11     06:25       0:14   차
290 20조(최기홍)18 라이언니스          관   06:11     06:23       0:12   차
291 20조(최기홍)14 버닝파티            기   07:04     07:17       0:13   특
292 20조(최기홍) 8 비뢰인디            관   07:44     07:56       0:11   차
293 20조(최기홍) 7 빅토리마린          기   06:54     07:13       0:19   금
294 20조(최기홍) 4 청호레전드          관   07:44     07:55       0:11   차
295 20조(최기홍)12 컨피던스마린        관   06:56     07:10       0:14   차
296 20조(최기홍) 3 퀸오브더퀸          관   07:04     07:17       0:13   차
297 21조(민장기)40 골든선더볼트        관   06:12     06:24       0:12   차
298 21조(민장기) 2 나이스원            기   07:27     07:39       0:12   특
299 21조(민장기)18 미녀봉              기   08:30     08:42       0:12   특
300 21조(민장기)39 석세스마초          기   07:01     07:19       0:18   차
301 21조(민장기)14 석세스파티          관   07:38     07:52       0:14   차
302 21조(민장기)34 운주불패            기   06:51     07:02       0:11   금
303 21조(민장기)27 운주싹쓸이          관   06:12     06:24       0:13   차
304 21조(민장기) 1 운주으뜸            기   08:15     08:24       0:09   특
305 21조(민장기)23 원러시              관   06:10     06:29       0:19   차
306 21조(민장기) 5 월드톱              관   07:00     07:20       0:20   차
307 21조(민장기)33 위닝댄서            관   06:40     07:00       0:20   차
308 21조(민장기)38 일번지              기   07:27     07:38       0:11   차
309 21조(민장기) 9 정든로              관   06:46     07:06       0:20   차
310 21조(민장기)20 컬러윈드            기   06:25     06:39       0:14   금
311 21조(민장기)12 특급캠프            관   06:46     07:06       0:20   차
312 21조(민장기)15 파이널프런트        관   06:15     06:31       0:16   차
313 22조(강은석)13 달이뜨니            기   06:20     06:29       0:09   차
314 22조(강은석)10 대호평정            관   07:14     07:25       0:11   차
315 22조(강은석)19 디먼스파이          기   06:02     06:14       0:12   차
316 22조(강은석)17 리얼버클버니        관   07:26     07:53       0:26   차
317 22조(강은석)28 맨오브더맨          관   06:03     06:19       0:16   차
318 22조(강은석)29 미스터스캣          기   06:48     06:56       0:08   금
319 22조(강은석) 4 부산미소            관   06:03     06:19       0:16   차
320 22조(강은석) 5 사랑채              관   07:26     07:50       0:24   차
321 22조(강은석)22 아너퀸              관   06:27     06:41       0:14   특
322 22조(강은석)21 영광의타임          관   06:53     07:03       0:09   차
323 22조(강은석) 1 킹새터데이          관   07:14     07:25       0:11   차
324 22조(강은석) 3 파샤                관   06:27     06:36       0:09   차
325 22조(강은석) 9 포인트레인          관   06:02     06:15       0:13   차
326 23조(손병직) 3 블루캡틴            조   09:34     10:05       0:31   차
327 23조(손병직) 6 월드금메달          조   06:48     07:07       0:19   차
328 23조(손병직)10 키튼스킹            조   06:15     06:36       0:21   차
329 24조(김길중)12 가속스텔스          기   07:10     07:22       0:12   차
330 24조(김길중)27 골든레이서          관   07:10     07:20       0:10   차
331 24조(김길중) 5 멋진하루            기   06:00     06:13       0:13   차
332 24조(김길중) 9 블루파워            기   07:01     07:10       0:09   금
333 24조(김길중)34 솔릭                기   07:10     07:20       0:10   차
334 24조(김길중) 6 스타마타            관   06:21     06:34       0:13   차
335 24조(김길중)19 아나스타시아        기   06:24     06:41       0:17   차
336 24조(김길중)16 원더풀큐티          관   07:17     07:27       0:11   차
337 24조(김길중) 2 원더풀피스          기   06:41     06:51       0:10   차
338 24조(김길중)29 잣나무길            기   06:24     06:32       0:08   금
339 24조(김길중)15 캡틴스텔스          기   06:21     06:33       0:12   차
340 24조(김길중)21 투투브레인          기   06:45     06:55       0:10   금
341 24조(김길중) 1 투투토리            관   06:21     06:34       0:13   차
342 24조(김길중) 7 히트러너            기   06:00     06:13       0:13   차
343 26조(방동석) 5 고수의파워          관   08:11     08:23       0:12   차
344 26조(방동석)27 느닷                관   07:40     07:51       0:10   차
345 26조(방동석)31 바베어리언          관   07:42     07:56       0:14   차
346 26조(방동석) 2 블랙지수            관   06:46     07:03       0:17   차
347 26조(방동석) 1 자이언트칼          관   06:14     06:25       0:11   차
348 26조(방동석)13 짜잔                기   06:40     06:50       0:10   차
349 26조(방동석)15 퀸오브더월드        기   07:49     07:59       0:10   특
350 26조(방동석)26 톱데이              관   06:12     06:27       0:15   특
351 26조(방동석) 7 톱오브코리아        관   06:43     07:00       0:17   금
352 26조(방동석) 3 판타스틱맨          관   06:12     06:25       0:13   금
353 26조(방동석)20 히트예감            관   06:46     07:05       0:19   차
354 27조(이상영) 5 금아니피            기   08:11     08:29       0:18   차
355 27조(이상영)19 금아님블            관   07:04     07:14       0:11   차
356 27조(이상영)17 금아미스틱          관   06:30     06:49       0:19   차
357 27조(이상영)18 금아스마티          관   08:36     08:52       0:16   차
358 27조(이상영)21 남도퀸              기   08:10     08:20       0:10   차
359 27조(이상영)13 버닝플라이          기   07:42     07:56       0:14   차
360 27조(이상영)26 부경천사            기   07:41     07:52       0:11   차
361 27조(이상영)14 샤이니스타          기   07:41     07:52       0:11   차
362 27조(이상영)23 스카이아치          기   08:36     08:52       0:16   차
363 27조(이상영)25 원더풀시크릿        관   09:08     09:28       0:20   차
364 27조(이상영)11 윈드위너            관   08:07     08:25       0:18   차
365 27조(이상영) 2 윈드파크            기   07:02     07:17       0:15   차
366 28조(하무선)16 머스트맨            기   08:05     08:23       0:18   차
367 28조(하무선)18 신의전사            관   07:38     08:04       0:26   차
368 28조(하무선) 9 앨버트윈            관   09:10     09:20       0:10   차
369 28조(하무선) 4 앨버트킹            기   07:02     07:19       0:17   금
370 28조(하무선)10 워너비스타          관   06:36     06:50       0:15   차
371 28조(하무선) 3 월드슬램            관   08:16     08:36       0:20   차
372 28조(하무선) 1 제트캐시            기   08:00     08:15       0:15   차
373 28조(하무선)13 최강두드림          관   08:00     08:15       0:15   차
374 28조(하무선)12 케이에프원          기   07:38     08:04       0:26   차
375 28조(하무선) 6 크라우드원          관   06:47     07:14       0:27   차
376 28조(하무선)15 해피피버            관   07:02     07:22       0:21   차
377 30조(울즐리)27 갤럭시오브          관   06:37     06:49       0:12   차
378 30조(울즐리)39 마이팔              관   07:11     07:25       0:14   금
379 30조(울즐리) 2 미라쿨룸            관   06:00     06:13       0:13   차
380 30조(울즐리)26 미스밸러            기   06:00     06:10       0:10   차
381 30조(울즐리)11 미스인디            관   06:30     06:45       0:16   차
382 30조(울즐리)34 바운티헌터          관   09:05     09:15       0:09   차
383 30조(울즐리)38 반지의기적          관   07:04     07:22       0:18   차
384 30조(울즐리) 8 반지의매직          관   08:34     08:45       0:11   금
385 30조(울즐리) 4 비제이스텀스        관   07:08     07:25       0:17   차
386 30조(울즐리)33 비제이치프          관   07:07     07:24       0:18   차
387 30조(울즐리)31 선더클라우드        관   08:30     08:45       0:15   차
388 30조(울즐리)36 아티스갈            관   08:35     08:46       0:11   금
389 30조(울즐리)41 에코레이디          기   06:34     06:46       0:12   차
390 30조(울즐리)29 오렌지개라지        관   07:46     08:06       0:19   차
391 30조(울즐리) 3 와일드비전          관   07:48     08:04       0:17   차
392 30조(울즐리)40 원더풀레이디        관   06:34     06:46       0:12   차
393 30조(울즐리) 7 유서프              기   06:28     06:41       0:13   차
394 30조(울즐리)21 전설의펀치          관   06:00     06:13       0:13   차
395 30조(울즐리)14 카피댓              기   06:28     06:42       0:14   금
396 30조(울즐리)24 캣니스              관   07:47     08:01       0:14   금
397 30조(울즐리)23 토탈이클립스        관   08:30     08:45       0:15   차
398 30조(울즐리)10 트루밸러            관   07:08     07:25       0:17   차
399 30조(울즐리)30 평화축제            기   06:00     06:10       0:10   차
400 30조(울즐리)18 퓨전퀸              관   07:46     08:11       0:25   차
401 30조(울즐리)20 프로칸설            기   06:00     06:10       0:10   차
402 30조(울즐리)12 프리깃버드          관   08:41     08:52       0:11   금
403 30조(울즐리)16 해피위치            관   06:02     06:14       0:12   차
404 30조(울즐리)15 헌치                관   07:46     08:11       0:25   차
405 31조(라이스)18 검은쏜살            관   07:25     07:42       0:17   차
406 31조(라이스)25 그린샤프            관   08:04     08:20       0:16   차
407 31조(라이스)26 그린스피드          기   06:53     07:06       0:13   차
408 31조(라이스)20 돌풍                관   06:09     06:20       0:11   차
409 31조(라이스)16 드래건킹            관   06:48     07:04       0:17   차
410 31조(라이스)19 메이저포스          기   08:04     08:15       0:11   차
411 31조(라이스)17 뷰어메이징          관   06:09     06:20       0:11   차
412 31조(라이스)40 스파이스엑톤        관   08:40     08:52       0:12   차
413 31조(라이스) 9 승리매직퀸          기   06:03     06:10       0:07   특
414 31조(라이스)37 쏜살처럼            기   06:09     06:20       0:11   차
415 31조(라이스)22 알파브이            관   07:30     07:40       0:10   차
416 31조(라이스)10 알파스타            기   06:03     06:10       0:07   특
417 31조(라이스) 7 에이스아모카        관   08:40     08:52       0:12   차
418 31조(라이스)39 원더풀트릭스        관   07:26     07:42       0:17   차
419 31조(라이스)13 월드삭스            기   06:03     06:14       0:11   차
420 31조(라이스)28 위대한함안          관   08:40     08:54       0:14   차
421 31조(라이스)34 인디매직            기   07:38     07:51       0:13   차
422 31조(라이스) 6 퀸마블이지          기   06:46     06:58       0:12   차
423 31조(라이스) 5 퀸앨리              기   06:03     06:14       0:11   차
424 31조(라이스)43 킥앤드러시          관   06:45     06:58       0:13   차
425 31조(라이스)45 퍼플망고            관   08:04     08:20       0:16   차
426 31조(라이스)36 프리티참            관   06:29     06:42       0:13   차
427 31조(라이스)35 하디찰리            기   06:04     06:11       0:07   금
428 32조(임동창)18 골든                관   06:47     07:07       0:20   차
429 32조(임동창) 8 글로벌승리          관   07:15     07:37       0:22   차
430 32조(임동창)16 모신나강            관   07:46     08:08       0:22   차
431 32조(임동창) 6 성실소녀            관   06:27     06:44       0:17   금
432 32조(임동창)15 성실시화            관   07:12     07:29       0:17   금
433 32조(임동창)23 용천                관   06:12     06:20       0:08   금
434 32조(임동창) 9 투투라임            관   06:49     07:09       0:20   금
435 33조(권승주)19 골든위너            관   06:15     06:35       0:20   차
436 33조(권승주)20 골든파워            기   07:03     07:16       0:13   차
437 33조(권승주) 6 라온더밀리언        관   06:51     07:03       0:12   차
438 33조(권승주)15 라온더보스          관   08:06     08:24       0:17   차
439 33조(권승주)16 라온더탱크          기   07:44     07:56       0:12   차
440 33조(권승주)13 라온더파워          관   07:44     07:56       0:12   차
441 33조(권승주)37 라온더플래시        관   07:10     07:22       0:12   차
442 33조(권승주) 3 러닝워리어          관   06:51     07:03       0:12   차
443 33조(권승주)34 루사                관   07:46     08:04       0:18   차
444 33조(권승주) 9 마이송              관   06:21     06:35       0:14   차
445 33조(권승주) 8 마하비너스          관   07:18     07:31       0:13   차
446 33조(권승주)32 볼라벤              기   08:08     08:19       0:11   차
447 33조(권승주)28 서부특급            관   07:02     07:19       0:17   차
448 33조(권승주)33 선라이트보이        관   08:32     08:44       0:11   차
449 33조(권승주)30 센텀토르            관   06:14     06:30       0:16   차
450 33조(권승주)31 스톰브라운          관   07:50     08:06       0:16   차
451 33조(권승주) 7 아침빛              관   07:43     07:54       0:11   차
452 33조(권승주)23 알파하트            관   06:51     07:04       0:13   금
453 33조(권승주)45 어메이징풋          관   06:07     06:19       0:12   차
454 33조(권승주)35 위대한선택          기   08:18     08:30       0:12   차
455 33조(권승주)18 은성위너            기   08:08     08:19       0:11   차
456 33조(권승주) 2 은성챔피언          관   08:31     09:00       0:30   차
457 33조(권승주)41 일념천하            기   07:03     07:16       0:13   차
458 33조(권승주)24 일념통천            기   07:57     08:13       0:16   특
459 33조(권승주) 1 천년의퀸            관   06:43     06:54       0:12   차
460 33조(권승주)38 청호리더            관   06:12     06:26       0:14   차
461 33조(권승주)43 탭댄서              관   08:30     09:00       0:30   차
462 33조(권승주)21 화이트갤로퍼        관   06:33     06:46       0:12   차
463 33조(권승주)22 희망펀치            관   07:18     07:31       0:13   차
━━━━━━━━━━━━━━━━━━━━━━━━━━━━━━━━━━━━━━━
                                                      출력일자 : 2022. 3.31

