2022.06.16 걸작맨            04 닥터임동물병 운동기인성 피로회복(수액처치)                                                                       
2022.06.16 걸작맨            04 닥터임동물병 운동기인성 피로회복(수액처치)                                                                       
2022.06.16 눈부신한센        05 닥터임동물병 우전지 부종                                                                                         
2022.06.16 대한질주          53 닥터임동물병 좌후지교돌상                                                                                        
2022.06.16 드림패션          27 닥터임동물병 좌완관절염                                                                                          
2022.06.16 디케이나린        07 닥터임동물병 운동기인성 피로회복(수액처치)                                                                       
2022.06.16 디케이나린        07 닥터임동물병 운동기인성 피로회복(수액처치)                                                                       
2022.06.16 마이티뉴          24 닥터임동물병 좌전답창                                                                                            
2022.06.16 머스탱참          53 닥터임동물병 운동기인성 피로회복(수액처치)                                                                       
2022.06.16 머스탱참          53 닥터임동물병 운동기인성 피로회복(수액처치)                                                                       
2022.06.16 보름달빛          54 닥터임동물병 우중족부찰과상                                                                                      
2022.06.16 샤크플레이        53 닥터임동물병 좌후 구절부 찰과상                                                                                  
2022.06.16 스트렝스          53 닥터임동물병 기관지염                                                                                            
2022.06.16 시크릿플레이      53 닥터임동물병 운동기인성 피로회복(수액처치)                                                                       
2022.06.16 시크릿플레이      53 닥터임동물병 운동기인성 피로회복(수액처치)                                                                       
2022.06.16 싱싱메리          29 닥터임동물병 운동기인성 피로회복(수액처치)                                                                       
2022.06.16 싱싱메리          29 닥터임동물병 운동기인성 피로회복(수액처치)                                                                       
2022.06.16 에이피파텍        12 닥터임동물병 우중수부계인대염                                                                                    
2022.06.16 엘리트로열        24 닥터임동물병 진정(장제)                                                                                          
2022.06.16 원더풀데퓨티      12 닥터임동물병 양후지 근육통                                                                                       
2022.06.16 카지노스타        12 닥터임동물병 좌중족부찰과상                                                                                      
2022.06.16 컴플리트비전      50 닥터임동물병 하악골 골절                                                                                         
2022.06.16 피엔에스캣        37 닥터임동물병 좌완슬부 찰과상,우완슬부찰과상                                                                      
2022.06.16 골드카이저        03 마사랑동물병 양전지파행                                                                                          
2022.06.16 골든서비스        08 마사랑동물병 운동기인성 피로회복(수액처치)                                                                       
2022.06.16 골든서비스        08 마사랑동물병 운동기인성 피로회복(수액처치)                                                                       
2022.06.16 골든스나이퍼      40 마사랑동물병 정치                                                                                                
2022.06.16 골든스쿠프        42 마사랑동물병 운동기인성 피로회복                                                                                 
2022.06.16 굿필승            04 마사랑동물병 좌중족부 좌상                                                                                       
2022.06.16 글로벌영웅        28 마사랑동물병 양후지파행,침치료(신침)                                                                             
2022.06.16 농본바다          20 마사랑동물병 양후지파행,침치료(신침)                                                                             
2022.06.16 누비강자          33 마사랑동물병 양후지파행                                                                                          
2022.06.16 더블블랙          08 마사랑동물병 운동기인성 피로회복(수액처치)                                                                       
2022.06.16 더블블랙          08 마사랑동물병 운동기인성 피로회복(수액처치)                                                                       
2022.06.16 동진최강          04 마사랑동물병 우전구절염좌                                                                                        
2022.06.16 두손클래식        10 마사랑동물병 운동기인성 피로회복(수액처치)                                                                       
2022.06.16 두손클래식        10 마사랑동물병 운동기인성 피로회복(수액처치)                                                                       
2022.06.16 레전드데이        10 마사랑동물병 양전지파행                                                                                          
2022.06.16 레전드스톰        10 마사랑동물병 운동기인성 피로회복(수액처치)                                                                       
2022.06.16 레전드스톰        10 마사랑동물병 운동기인성 피로회복(수액처치)                                                                       
2022.06.16 롤러블레이드      31 마사랑동물병 우전내측근위종자골골절                                                                              
2022.06.16 마에스트로        15 마사랑동물병 우후계부찰과상                                                                                      
2022.06.16 마이멤버          10 마사랑동물병 우전구절염좌                                                                                        
2022.06.16 마이윈            40 마사랑동물병 정치                                                                                                
2022.06.16 매직선데이        03 마사랑동물병 양전지파행                                                                                          
2022.06.16 멋진기록          04 마사랑동물병 술후처치(거세술)                                                                                    
2022.06.16 메니챔프          22 마사랑동물병 우전구절염좌,좌전구절염좌                                                                           
2022.06.16 메인오브킹        42 마사랑동물병 운동기인성 피로회복                                                                                 
2022.06.16 바람살            28 마사랑동물병 양후지파행,침치료(신침)                                                                             
2022.06.16 베스트리치        42 마사랑동물병 우후지 부종                                                                                         
2022.06.16 봄날의기억        22 마사랑동물병 우전지파행                                                                                          
2022.06.16 빛나는금성        41 마사랑동물병 감기                                                                                                
2022.06.16 스톰매직          22 마사랑동물병 좌후지교돌상                                                                                        
2022.06.16 승부사            10 마사랑동물병 양전지파행                                                                                          
2022.06.16 알사이먼          41 마사랑동물병 식이성 식욕부진                                                                                     
2022.06.16 역전의우승        05 마사랑동물병 운동기인성 피로회복(수액처치)                                                                       
2022.06.16 역전의우승        05 마사랑동물병 운동기인성 피로회복(수액처치)                                                                       
2022.06.16 원더레이서        10 마사랑동물병 좌후지교돌상                                                                                        
2022.06.16 원더풀티지        04 마사랑동물병 우후지교돌상                                                                                        
2022.06.16 원평광야          10 마사랑동물병 운동기인성 피로회복(수액처치)                                                                       
2022.06.16 원평광야          10 마사랑동물병 운동기인성 피로회복(수액처치)                                                                       
2022.06.16 원평타운          10 마사랑동물병 운동기인성 피로회복(수액처치)                                                                       
2022.06.16 원평타운          10 마사랑동물병 운동기인성 피로회복(수액처치)                                                                       
2022.06.16 월드킹맨          04 마사랑동물병 운동기인성 피로회복(수액처치)                                                                       
2022.06.16 월드킹맨          04 마사랑동물병 운동기인성 피로회복(수액처치)                                                                       
2022.06.16 웰빙챔피언        15 마사랑동물병 피부염                                                                                              
2022.06.16 은혜가문          08 마사랑동물병 피부염                                                                                              
2022.06.16 장산클리어        31 마사랑동물병 식이성 식욕부진                                                                                     
2022.06.16 전정사금          42 마사랑동물병 운동기인성 피로회복                                                                                 
2022.06.16 정상으뜸          15 마사랑동물병 좌전구절염좌                                                                                        
2022.06.16 정상파이팅        10 마사랑동물병 좌후지교돌상                                                                                        
2022.06.16 제이피닉스        40 마사랑동물병 양전지파행                                                                                          
2022.06.16 케이프렌지        04 마사랑동물병 운동기인성 피로회복(수액처치)                                                                       
2022.06.16 케이프렌지        04 마사랑동물병 운동기인성 피로회복(수액처치)                                                                       
2022.06.16 코브라볼          05 마사랑동물병 운동기인성 피로회복(수액처치)                                                                       
2022.06.16 코브라볼          05 마사랑동물병 운동기인성 피로회복(수액처치)                                                                       
2022.06.16 킹칸모르          33 마사랑동물병 양전지파행                                                                                          
2022.06.16 파토스            04 마사랑동물병 술후처치(거세술)                                                                                    
2022.06.16 퍼플케이          40 마사랑동물병 양전구절염                                                                                          
2022.06.16 구억마알          26 명성동물병원 양전구절염                                                                                          
2022.06.16 그레이토르        26 명성동물병원 운동기인성 피로회복(수액처치)                                                                       
2022.06.16 그레이토르        26 명성동물병원 운동기인성 피로회복(수액처치)                                                                       
2022.06.16 나올스나이퍼      48 명성동물병원 운동기인성 피로회복(수액처치)                                                                       
2022.06.16 나올스나이퍼      48 명성동물병원 운동기인성 피로회복(수액처치)                                                                       
2022.06.16 대천뷰티          16 명성동물병원 좌제3중수골골막염                                                                                   
2022.06.16 대천챔프          16 명성동물병원 운동기인성 피로회복(수액처치)                                                                       
2022.06.16 대천챔프          16 명성동물병원 운동기인성 피로회복(수액처치)                                                                       
2022.06.16 더리퍼            30 명성동물병원 운동기인성 피로회복(수액처치)                                                                       
2022.06.16 더리퍼            30 명성동물병원 운동기인성 피로회복(수액처치)                                                                       
2022.06.16 동방사기          32 명성동물병원 운동기인성 피로회복(수액처치)                                                                       
2022.06.16 동방사기          32 명성동물병원 운동기인성 피로회복(수액처치)                                                                       
2022.06.16 라온샹젤리        01 명성동물병원 좌비절염                                                                                            
2022.06.16 라온패션          01 명성동물병원 운동기인성 피로회복(수액처치)                                                                       
2022.06.16 라온패션          01 명성동물병원 운동기인성 피로회복(수액처치)                                                                       
2022.06.16 라이드럭키        35 명성동물병원 우중족부 열창                                                                                       
2022.06.16 랠리퀸            52 명성동물병원 우전지파행                                                                                          
2022.06.16 럭키선            26 명성동물병원 피부병                                                                                              
2022.06.16 레이디켈리        26 명성동물병원 감기                                                                                                
2022.06.16 루이사            21 명성동물병원 식이성 식욕부진                                                                                     
2022.06.16 메니스피드        11 명성동물병원 좌비절염                                                                                            
2022.06.16 배다리쾌검        52 명성동물병원 산통                                                                                                
2022.06.16 베스트타임        21 명성동물병원 식이성 식욕부진                                                                                     
2022.06.16 벼락              26 명성동물병원 운동기인성 피로회복(수액처치)                                                                       
2022.06.16 벼락              26 명성동물병원 운동기인성 피로회복(수액처치)                                                                       
2022.06.16 블랙머스크        52 명성동물병원 운동기인성 피로회복(수액처치)                                                                       
2022.06.16 블랙머스크        52 명성동물병원 운동기인성 피로회복(수액처치)                                                                       
2022.06.16 스팟플래터        52 명성동물병원 피부병                                                                                              
2022.06.16 스피드벨          21 명성동물병원 식이성 식욕부진                                                                                     
2022.06.16 쏘아라바바        48 명성동물병원 운동기인성 피로회복(수액처치)                                                                       
2022.06.16 쏘아라바바        48 명성동물병원 운동기인성 피로회복(수액처치)                                                                       
2022.06.16 연희일출          48 명성동물병원 운동기인성 피로회복(수액처치)                                                                       
2022.06.16 연희일출          48 명성동물병원 운동기인성 피로회복(수액처치)                                                                       
2022.06.16 우리              21 명성동물병원 식이성 식욕부진                                                                                     
2022.06.16 우승바람          19 명성동물병원 양비절염                                                                                            
2022.06.16 울프플레이        03 명성동물병원 좌중수부 찰과상                                                                                     
2022.06.16 월영이            06 명성동물병원 좌완관절염                                                                                          
2022.06.16 유레카            14 명성동물병원 양비절염                                                                                            
2022.06.16 정문에이스        06 명성동물병원 좌후지파행                                                                                          
2022.06.16 정문최강          07 명성동물병원 좌후계부찰과상                                                                                      
2022.06.16 캔디존            52 명성동물병원 우전지 근육통                                                                                       
2022.06.16 타이탄삭스        14 명성동물병원 운동기인성 피로회복(수액처치)                                                                       
2022.06.16 타이탄삭스        14 명성동물병원 운동기인성 피로회복(수액처치)                                                                       
2022.06.16 탱자              27 명성동물병원 운동기인성 피로회복                                                                                 
2022.06.16 퓨리오사          14 명성동물병원 운동기인성 피로회복(수액처치)                                                                       
2022.06.16 퓨리오사          14 명성동물병원 운동기인성 피로회복(수액처치)                                                                       
2022.06.16 플라잉라이트      40 명성동물병원 우전지파행                                                                                          
2022.06.16 한강에이스        19 명성동물병원 운동기인성 피로회복(수액처치)                                                                       
2022.06.16 한강에이스        19 명성동물병원 운동기인성 피로회복(수액처치)                                                                       
2022.06.16 함평에이스        32 명성동물병원 운동기인성 피로회복(수액처치)                                                                       
2022.06.16 함평에이스        32 명성동물병원 운동기인성 피로회복(수액처치)                                                                       
2022.06.16 함평파이터        03 명성동물병원 좌중족부찰과상                                                                                      
2022.06.16 흥복드림          27 명성동물병원 운동기인성 피로회복                                                                                 
2022.06.16 별나라신사        18 삼포동물병원 운동기인성 피로회복(수액처치)                                                                       
2022.06.16 별나라신사        18 삼포동물병원 운동기인성 피로회복(수액처치)                                                                       
2022.06.16 블랙루키          09 삼포동물병원 운동기인성 피로회복(수액처치)                                                                       
2022.06.16 블랙루키          09 삼포동물병원 운동기인성 피로회복(수액처치)                                                                       
2022.06.16 소울메리트        18 삼포동물병원 운동기인성 피로회복(수액처치)                                                                       
2022.06.16 소울메리트        18 삼포동물병원 운동기인성 피로회복(수액처치)                                                                       
2022.06.16 은혜충만          27 삼포동물병원 운동기인성 피로회복(수액처치)                                                                       
2022.06.16 은혜충만          27 삼포동물병원 운동기인성 피로회복(수액처치)                                                                       
2022.06.16 이너피스          09 삼포동물병원 운동기인성 피로회복(수액처치)                                                                       
2022.06.16 이너피스          09 삼포동물병원 운동기인성 피로회복(수액처치)                                                                       
2022.06.16 최고레이스        09 삼포동물병원 운동기인성 피로회복(수액처치)                                                                       
2022.06.16 최고레이스        09 삼포동물병원 운동기인성 피로회복(수액처치)                                                                       
2022.06.16 템파르퀸          27 삼포동물병원 운동기인성 피로회복(수액처치)                                                                       
2022.06.16 템파르퀸          27 삼포동물병원 운동기인성 피로회복(수액처치)                                                                       
2022.06.16 해피믹스          27 삼포동물병원 운동기인성 피로회복(수액처치)                                                                       
2022.06.16 해피믹스          27 삼포동물병원 운동기인성 피로회복(수액처치)                                                                       
2022.06.16 로열엘비스        08 서울부속동물 술후처치(관절경이용술)                                                                              
2022.06.16 배다리쾌검        52 서울부속동물 마체검사                                                                                            
2022.06.16 서울을날다        42 서울부속동물 기관지염                                                                                            
2022.06.16 스트렝스          53 서울부속동물 기관지염                                                                                            
2022.06.16 트리플조이        19 서울부속동물 술후처치(외상)                                                                                      
2022.06.16 흥행대박          27 서울부속동물 술후처치(관절경이용술)                                                                              
2022.06.17 눈부신한센        05 닥터임동물병 우전지 부종                                                                                         
2022.06.17 대한질주          53 닥터임동물병 좌후지교돌상                                                                                        
2022.06.17 드림패션          27 닥터임동물병 좌완관절염                                                                                          
2022.06.17 러피언파크        53 닥터임동물병 운동기인성 피로회복(수액처치)                                                                       
2022.06.17 러피언파크        53 닥터임동물병 운동기인성 피로회복(수액처치)                                                                       
2022.06.17 마이티뉴          24 닥터임동물병 좌전답창                                                                                            
2022.06.17 블랙인디          53 닥터임동물병 운동기인성 피로회복(수액처치)                                                                       
2022.06.17 블랙인디          53 닥터임동물병 운동기인성 피로회복(수액처치)                                                                       
2022.06.17 스트렝스          53 닥터임동물병 기관지염                                                                                            
2022.06.17 싱싱메리          29 닥터임동물병 운동기인성 피로회복(수액처치)                                                                       
2022.06.17 싱싱메리          29 닥터임동물병 운동기인성 피로회복(수액처치)                                                                       
2022.06.17 에이피파텍        12 닥터임동물병 우중수부계인대염                                                                                    
2022.06.17 엑톤질주          02 닥터임동물병 운동기인성 피로회복(수액처치)                                                                       
2022.06.17 엑톤질주          02 닥터임동물병 운동기인성 피로회복(수액처치)                                                                       
2022.06.17 옥동공주          02 닥터임동물병 운동기인성 피로회복(수액처치)                                                                       
2022.06.17 옥동공주          02 닥터임동물병 운동기인성 피로회복(수액처치)                                                                       
2022.06.17 원더풀데퓨티      12 닥터임동물병 양후지 근육통                                                                                       
2022.06.17 인디언의별        49 닥터임동물병 요배통                                                                                              
2022.06.17 카지노스타        12 닥터임동물병 좌중족부찰과상                                                                                      
2022.06.17 컴플리트비전      50 닥터임동물병 하악골 골절                                                                                         
2022.06.17 컴플리트포스      50 닥터임동물병 양제3중수골골막염                                                                                   
2022.06.17 클린업해피        50 닥터임동물병 운동기인성 피로회복(수액처치)                                                                       
2022.06.17 클린업해피        50 닥터임동물병 운동기인성 피로회복(수액처치)                                                                       
2022.06.17 피엔에스캣        37 닥터임동물병 좌완슬부 찰과상,우완슬부찰과상                                                                      
2022.06.17 고스트울프        40 마사랑동물병 좌후지교돌상                                                                                        
2022.06.17 골드카이저        03 마사랑동물병 양전지파행                                                                                          
2022.06.17 골든선더          10 마사랑동물병 운동기인성 피로회복(수액처치)                                                                       
2022.06.17 골든선더          10 마사랑동물병 운동기인성 피로회복(수액처치)                                                                       
2022.06.17 굿필승            04 마사랑동물병 좌중족부 좌상                                                                                       
2022.06.17 글로벌영웅        28 마사랑동물병 양후지파행                                                                                          
2022.06.17 글로벌캡틴        10 마사랑동물병 운동기인성 피로회복(수액처치)                                                                       
2022.06.17 글로벌캡틴        10 마사랑동물병 운동기인성 피로회복(수액처치)                                                                       
2022.06.17 농본바다          20 마사랑동물병 양후지파행                                                                                          
2022.06.17 다울퀸            20 마사랑동물병 운동기인성 피로회복(수액처치)                                                                       
2022.06.17 다울퀸            20 마사랑동물병 운동기인성 피로회복(수액처치)                                                                       
2022.06.17 다크플레이어      42 마사랑동물병 감기                                                                                                
2022.06.17 대세만세          15 마사랑동물병 양전지파행                                                                                          
2022.06.17 두손장군          10 마사랑동물병 운동기인성 피로회복(수액처치)                                                                       
2022.06.17 두손장군          10 마사랑동물병 운동기인성 피로회복(수액처치)                                                                       
2022.06.17 매직선데이        03 마사랑동물병 양전지파행                                                                                          
2022.06.17 머니가락          20 마사랑동물병 운동기인성 피로회복(수액처치)                                                                       
2022.06.17 머니가락          20 마사랑동물병 운동기인성 피로회복(수액처치)                                                                       
2022.06.17 머니지프          20 마사랑동물병 양후지 근육통                                                                                       
2022.06.17 멋진기록          04 마사랑동물병 술후처치(거세술)                                                                                    
2022.06.17 메니포켓          33 마사랑동물병 진단서 발급                                                                                         
2022.06.17 메타블레이드      31 마사랑동물병 진정(장제)                                                                                          
2022.06.17 문학앙코르        10 마사랑동물병 운동기인성 피로회복(수액처치)                                                                       
2022.06.17 문학앙코르        10 마사랑동물병 운동기인성 피로회복(수액처치)                                                                       
2022.06.17 바람과함께        33 마사랑동물병 양후지파행,침치료(신침)                                                                             
2022.06.17 바람살            28 마사랑동물병 양후지파행                                                                                          
2022.06.17 바로퀸            04 마사랑동물병 양후지파행,침치료(신침)                                                                             
2022.06.17 바잉블레이드      31 마사랑동물병 양후지파행,침치료(신침)                                                                             
2022.06.17 베스트리치        42 마사랑동물병 우후지 부종                                                                                         
2022.06.17 보스베이비        20 마사랑동물병 운동기인성 피로회복(수액처치)                                                                       
2022.06.17 보스베이비        20 마사랑동물병 운동기인성 피로회복(수액처치)                                                                       
2022.06.17 봄날의기억        22 마사랑동물병 우전구절염좌                                                                                        
2022.06.17 빛나는금성        41 마사랑동물병 감기                                                                                                
2022.06.17 사이먼퀸          05 마사랑동물병 운동기인성 피로회복(수액처치)                                                                       
2022.06.17 사이먼퀸          05 마사랑동물병 운동기인성 피로회복(수액처치)                                                                       
2022.06.17 스톰매직          22 마사랑동물병 좌후지교돌상                                                                                        
2022.06.17 심플스타일        40 마사랑동물병 우후지 부종                                                                                         
2022.06.17 알사이먼          41 마사랑동물병 식이성 식욕부진                                                                                     
2022.06.17 알사이먼          41 마사랑동물병 진단서 발급                                                                                         
2022.06.17 우주의봄          20 마사랑동물병 운동기인성 피로회복(수액처치)                                                                       
2022.06.17 우주의봄          20 마사랑동물병 운동기인성 피로회복(수액처치)                                                                       
2022.06.17 운외창천          05 마사랑동물병 운동기인성 피로회복(수액처치)                                                                       
2022.06.17 운외창천          05 마사랑동물병 운동기인성 피로회복(수액처치)                                                                       
2022.06.17 원더풀티지        04 마사랑동물병 우후지교돌상                                                                                        
2022.06.17 은혜가문          08 마사랑동물병 피부염                                                                                              
2022.06.17 장산클리어        31 마사랑동물병 식이성 식욕부진                                                                                     
2022.06.17 정상으뜸          15 마사랑동물병 좌전구절염좌                                                                                        
2022.06.17 제이피닉스        40 마사랑동물병 양전지파행                                                                                          
2022.06.17 챔피언함성        42 마사랑동물병 진단서 발급                                                                                         
2022.06.17 퀸톱              10 마사랑동물병 좌비절후종(좌척측인대염기인성비부골척측비대)                                                        
2022.06.17 킹칸모르          33 마사랑동물병 양전지파행                                                                                          
2022.06.17 티즈바로우즈      33 마사랑동물병 양후지파행,침치료(신침)                                                                             
2022.06.17 파토스            04 마사랑동물병 술후처치(거세술)                                                                                    
2022.06.17 퍼플케이          40 마사랑동물병 양전구절염                                                                                          
2022.06.17 플라잉라이트      40 마사랑동물병 양전지파행                                                                                          
2022.06.17 하이그랜드        40 마사랑동물병 좌후지교돌상                                                                                        
2022.06.17 한가위선물        22 마사랑동물병 우전지파행                                                                                          
2022.06.17 흥드림            10 마사랑동물병 운동기인성 피로회복(수액처치)                                                                       
2022.06.17 흥드림            10 마사랑동물병 운동기인성 피로회복(수액처치)                                                                       
2022.06.17 국대클래스        16 명성동물병원 좌후 구절부 찰과상                                                                                  
2022.06.17 그린다르크        07 명성동물병원 운동기인성 피로회복(수액처치)                                                                       
2022.06.17 그린다르크        07 명성동물병원 운동기인성 피로회복(수액처치)                                                                       
2022.06.17 글로리앤아너      52 명성동물병원 진단서 발급                                                                                         
2022.06.17 금성맨            32 명성동물병원 좌완관절염,좌비절염                                                                                 
2022.06.17 나올정상          48 명성동물병원 좌전구절찰과상                                                                                      
2022.06.17 남산열매          34 명성동물병원 운동기인성 피로회복(수액처치)                                                                       
2022.06.17 남산열매          34 명성동물병원 운동기인성 피로회복(수액처치)                                                                       
2022.06.17 대산특급          07 명성동물병원 운동기인성 피로회복(수액처치)                                                                       
2022.06.17 대산특급          07 명성동물병원 운동기인성 피로회복(수액처치)                                                                       
2022.06.17 라온더찰리        01 명성동물병원 양각막염                                                                                            
2022.06.17 라온더타이거      01 명성동물병원 운동기인성 피로회복(수액처치)                                                                       
2022.06.17 라온더타이거      01 명성동물병원 운동기인성 피로회복(수액처치)                                                                       
2022.06.17 라온더플래터      01 명성동물병원 양각막염                                                                                            
2022.06.17 라온더하이맨      01 명성동물병원 양각막염                                                                                            
2022.06.17 라온샹젤리        01 명성동물병원 좌비절염                                                                                            
2022.06.17 라온자이언트      01 명성동물병원 양각막염                                                                                            
2022.06.17 라온포레스트      01 명성동물병원 양각막염                                                                                            
2022.06.17 라이드럭키        35 명성동물병원 우중족부 열창                                                                                       
2022.06.17 랠리퀸            52 명성동물병원 우전지파행                                                                                          
2022.06.17 루비콘            06 명성동물병원 양후지 근육통                                                                                       
2022.06.17 리멤버웬          34 명성동물병원 운동기인성 피로회복(수액처치)                                                                       
2022.06.17 리멤버웬          34 명성동물병원 운동기인성 피로회복(수액처치)                                                                       
2022.06.17 부스터로켓        16 명성동물병원 운동기인성 피로회복(수액처치)                                                                       
2022.06.17 부스터로켓        16 명성동물병원 운동기인성 피로회복(수액처치)                                                                       
2022.06.17 블랙머스크        52 명성동물병원 운동기인성 피로회복(수액처치)                                                                       
2022.06.17 블랙머스크        52 명성동물병원 운동기인성 피로회복(수액처치)                                                                       
2022.06.17 블루카이저        16 명성동물병원 운동기인성 피로회복(수액처치)                                                                       
2022.06.17 블루카이저        16 명성동물병원 운동기인성 피로회복(수액처치)                                                                       
2022.06.17 새내퀸            06 명성동물병원 양후 구절부 찰과상                                                                                  
2022.06.17 슈발도리앙        07 명성동물병원 운동기인성 피로회복(수액처치)                                                                       
2022.06.17 슈발도리앙        07 명성동물병원 운동기인성 피로회복(수액처치)                                                                       
2022.06.17 스카이망치        14 명성동물병원 운동기인성 피로회복(수액처치)                                                                       
2022.06.17 스카이망치        14 명성동물병원 운동기인성 피로회복(수액처치)                                                                       
2022.06.17 스카이팡팡        32 명성동물병원 양후지 근육통                                                                                       
2022.06.17 스팟플래터        52 명성동물병원 피부병                                                                                              
2022.06.17 아마존킹          30 명성동물병원 운동기인성 피로회복(수액처치)                                                                       
2022.06.17 아마존킹          30 명성동물병원 운동기인성 피로회복(수액처치)                                                                       
2022.06.17 우승바람          19 명성동물병원 양비절염                                                                                            
2022.06.17 울프플레이        03 명성동물병원 좌중수부 찰과상                                                                                     
2022.06.17 월영이            06 명성동물병원 좌완관절염                                                                                          
2022.06.17 유레카            14 명성동물병원 양비절염                                                                                            
2022.06.17 임페리얼본        03 명성동물병원 마체검사                                                                                            
2022.06.17 장흥클래스        16 명성동물병원 좌후지교돌상                                                                                        
2022.06.17 천문              16 명성동물병원 운동기인성 피로회복(수액처치)                                                                       
2022.06.17 천문              16 명성동물병원 운동기인성 피로회복(수액처치)                                                                       
2022.06.17 천송이            16 명성동물병원 운동기인성 피로회복(수액처치)                                                                       
2022.06.17 천송이            16 명성동물병원 운동기인성 피로회복(수액처치)                                                                       
2022.06.17 체크포인트        14 명성동물병원 우후 구절부 찰과상                                                                                  
2022.06.17 코스모            16 명성동물병원 운동기인성 피로회복(수액처치)                                                                       
2022.06.17 코스모            16 명성동물병원 운동기인성 피로회복(수액처치)                                                                       
2022.06.17 티즈석세스        48 명성동물병원 담마진                                                                                              
2022.06.17 프린세스삭스      14 명성동물병원 양전지 근육통                                                                                       
2022.06.17 한강질주          52 명성동물병원 마체검사                                                                                            
2022.06.17 금자유            27 삼포동물병원 운동기인성 피로회복(수액처치)                                                                       
2022.06.17 금자유            27 삼포동물병원 운동기인성 피로회복(수액처치)                                                                       
2022.06.17 대지의여걸        09 삼포동물병원 운동기인성 피로회복(수액처치)                                                                       
2022.06.17 대지의여걸        09 삼포동물병원 운동기인성 피로회복(수액처치)                                                                       
2022.06.17 드림케이          18 삼포동물병원 운동기인성 피로회복(수액처치)                                                                       
2022.06.17 드림케이          18 삼포동물병원 운동기인성 피로회복(수액처치)                                                                       
2022.06.17 문학태핏          27 삼포동물병원 운동기인성 피로회복(수액처치)                                                                       
2022.06.17 문학태핏          27 삼포동물병원 운동기인성 피로회복(수액처치)                                                                       
2022.06.17 소울메리트        18 삼포동물병원 운동기인성 피로회복(수액처치)                                                                       
2022.06.17 소울메리트        18 삼포동물병원 운동기인성 피로회복(수액처치)                                                                       
2022.06.17 일격필살          09 삼포동물병원 운동기인성 피로회복(수액처치)                                                                       
2022.06.17 일격필살          09 삼포동물병원 운동기인성 피로회복(수액처치)                                                                       
2022.06.17 도끼불패          48 서울부속동물 물리치료                                                                                            
2022.06.17 로열엘비스        08 서울부속동물 술후처치(관절경이용술)                                                                              
2022.06.17 서울을날다        42 서울부속동물 기관지염                                                                                            
2022.06.17 스트렝스          53 서울부속동물 기관지염                                                                                            
2022.06.17 영영삭스          14 서울부속동물 기관지염                                                                                            
2022.06.17 원더풀화성        19 서울부속동물 우요완관절 퇴행성관절염                                                                             
2022.06.17 트리플조이        19 서울부속동물 술후처치(외상)                                                                                      
2022.06.17 화랑투데이        25 서울부속동물 물리치료                                                                                            
2022.06.18 고고고            12 닥터임동물병 마체검사                                                                                            
2022.06.18 그린백            54 닥터임동물병 진정(장제)                                                                                          
2022.06.18 금성스피드        50 닥터임동물병 우각막염                                                                                            
2022.06.18 눈부신한센        05 닥터임동물병 우전지 부종                                                                                         
2022.06.18 대한질주          53 닥터임동물병 좌후지교돌상                                                                                        
2022.06.18 디케이나린        07 닥터임동물병 좌각막염                                                                                            
2022.06.18 럭키파워          50 닥터임동물병 좌각막염                                                                                            
2022.06.18 로드반            12 닥터임동물병 마체검사                                                                                            
2022.06.18 마의웨이          54 닥터임동물병 진정(장제)                                                                                          
2022.06.18 마이티뉴          24 닥터임동물병 좌전답창                                                                                            
2022.06.18 사랑다모아        02 닥터임동물병 좌전지 근육통                                                                                       
2022.06.18 서울의별          53 닥터임동물병 좌전지 근육통                                                                                       
2022.06.18 스트렝스          53 닥터임동물병 기관지염                                                                                            
2022.06.18 아미고라로        54 닥터임동물병 우중족부찰과상                                                                                      
2022.06.18 에이피파텍        12 닥터임동물병 우중수부계인대염                                                                                    
2022.06.18 옥스퍼드킹        50 닥터임동물병 좌전지 부종                                                                                         
2022.06.18 와일드킹덤        29 닥터임동물병 좌전지 부종                                                                                         
2022.06.18 원더풀데퓨티      12 닥터임동물병 정치                                                                                                
2022.06.18 이스트매직        50 닥터임동물병 좌상안검 열창                                                                                       
2022.06.18 인디언의별        49 닥터임동물병 요배통                                                                                              
2022.06.18 제이에스군주      50 닥터임동물병 좌후지교돌상                                                                                        
2022.06.18 카지노스타        12 닥터임동물병 좌중족부찰과상                                                                                      
2022.06.18 컴플리트비전      50 닥터임동물병 하악골 골절                                                                                         
2022.06.18 컴플리트포스      50 닥터임동물병 양제3중수골골막염                                                                                   
2022.06.18 고스트울프        40 마사랑동물병 양제3중수골골막염                                                                                   
2022.06.18 골드카이저        03 마사랑동물병 양전지파행                                                                                          
2022.06.18 골드카이저        03 마사랑동물병 인푸렌자예방접종,일본뇌염예방접종                                                                   
2022.06.18 골든스쿠프        42 마사랑동물병 우후지교돌상                                                                                        
2022.06.18 글로벌럭키        28 마사랑동물병 좌후지교돌상                                                                                        
2022.06.18 글로벌신화        28 마사랑동물병 좌후지교돌상                                                                                        
2022.06.18 글로벌영웅        28 마사랑동물병 양후지파행                                                                                          
2022.06.18 글로벌파워        28 마사랑동물병 좌후지교돌상                                                                                        
2022.06.18 남산의별          34 마사랑동물병 정치                                                                                                
2022.06.18 농본바다          20 마사랑동물병 정치                                                                                                
2022.06.18 누비강자          33 마사랑동물병 양후지파행                                                                                          
2022.06.18 다크플레이어      42 마사랑동물병 감기                                                                                                
2022.06.18 대세만세          15 마사랑동물병 양전지파행                                                                                          
2022.06.18 돌아온날리        41 마사랑동물병 좌후지교돌상                                                                                        
2022.06.18 동진최강          04 마사랑동물병 정치                                                                                                
2022.06.18 동쪽글로리        10 마사랑동물병 인푸렌자예방접종,일본뇌염예방접종                                                                   
2022.06.18 두손클래식        10 마사랑동물병 좌후지교돌상                                                                                        
2022.06.18 라누트            04 마사랑동물병 정치                                                                                                
2022.06.18 매직선데이        03 마사랑동물병 양전지파행                                                                                          
2022.06.18 매직선데이        03 마사랑동물병 인푸렌자예방접종,일본뇌염예방접종                                                                   
2022.06.18 맬리스퀸          08 마사랑동물병 양후지교돌상                                                                                        
2022.06.18 머니시장          20 마사랑동물병 정치                                                                                                
2022.06.18 머니지프          20 마사랑동물병 정치                                                                                                
2022.06.18 멋진기록          04 마사랑동물병 술후처치(거세술)                                                                                    
2022.06.18 문학에카티        10 마사랑동물병 좌후지교돌상                                                                                        
2022.06.18 바람과함께        33 마사랑동물병 양후지파행                                                                                          
2022.06.18 바람살            28 마사랑동물병 양후지파행                                                                                          
2022.06.18 바람을그리다      22 마사랑동물병 좌후지교돌상                                                                                        
2022.06.18 바로퀸            04 마사랑동물병 양후지파행                                                                                          
2022.06.18 바잉블레이드      31 마사랑동물병 양후지파행                                                                                          
2022.06.18 봄날의기억        22 마사랑동물병 우전구절염좌                                                                                        
2022.06.18 빛의카            20 마사랑동물병 정치,발치                                                                                           
2022.06.18 선포레            33 마사랑동물병 좌후지교돌상                                                                                        
2022.06.18 순간터치          40 마사랑동물병 우후지교돌상                                                                                        
2022.06.18 스프링꿈          22 마사랑동물병 좌후지교돌상                                                                                        
2022.06.18 신의함성          42 마사랑동물병 인푸렌자예방접종,일본뇌염예방접종                                                                   
2022.06.18 심플스타일        40 마사랑동물병 우후지 부종                                                                                         
2022.06.18 아깽이            22 마사랑동물병 우전지파행                                                                                          
2022.06.18 아델나래          40 마사랑동물병 좌후지교돌상                                                                                        
2022.06.18 아르고공주        22 마사랑동물병 양후지교돌상                                                                                        
2022.06.18 아이스펀치        42 마사랑동물병 인푸렌자예방접종,일본뇌염예방접종                                                                   
2022.06.18 아치신            08 마사랑동물병 좌후지교돌상                                                                                        
2022.06.18 알사이먼          41 마사랑동물병 식이성 식욕부진                                                                                     
2022.06.18 압구정치타        22 마사랑동물병 우비절부 찰과상                                                                                     
2022.06.18 에이스함성        42 마사랑동물병 인푸렌자예방접종,일본뇌염예방접종                                                                   
2022.06.18 역전의우승        05 마사랑동물병 우중수부찰과상                                                                                      
2022.06.18 원더풀슬루        34 마사랑동물병 인푸렌자예방접종,일본뇌염예방접종                                                                   
2022.06.18 원더풀티지        04 마사랑동물병 우후지교돌상                                                                                        
2022.06.18 원평타운          10 마사랑동물병 좌후지교돌상                                                                                        
2022.06.18 월드레이서        40 마사랑동물병 좌후지교돌상                                                                                        
2022.06.18 이스머스          34 마사랑동물병 정치                                                                                                
2022.06.18 이스트반          04 마사랑동물병 정치                                                                                                
2022.06.18 자이언트펀치      40 마사랑동물병 우후지교돌상                                                                                        
2022.06.18 장산클리어        31 마사랑동물병 식이성 식욕부진                                                                                     
2022.06.18 전정사금          42 마사랑동물병 좌후지 부종                                                                                         
2022.06.18 정상킹덤          15 마사랑동물병 좌후지교돌상                                                                                        
2022.06.18 젠틀야라          40 마사랑동물병 양제3중수골골막염                                                                                   
2022.06.18 조이브라더        34 마사랑동물병 정치                                                                                                
2022.06.18 천사박            20 마사랑동물병 정치                                                                                                
2022.06.18 케이빅토리        08 마사랑동물병 좌후지교돌상                                                                                        
2022.06.18 코브라볼          05 마사랑동물병 우후지교돌상                                                                                        
2022.06.18 콰이어트아델      40 마사랑동물병 좌후지교돌상                                                                                        
2022.06.18 퀸톱              10 마사랑동물병 좌비절후종(좌척측인대염기인성비부골척측비대)                                                        
2022.06.18 클래스희망        04 마사랑동물병 정치,발치                                                                                           
2022.06.18 킹아너            04 마사랑동물병 정치,발치                                                                                           
2022.06.18 킹칸모르          33 마사랑동물병 양전지파행                                                                                          
2022.06.18 티즈바로우즈      33 마사랑동물병 양후지파행                                                                                          
2022.06.18 파토스            04 마사랑동물병 술후처치(거세술)                                                                                    
2022.06.18 퍼플케이          40 마사랑동물병 양전구절염                                                                                          
2022.06.18 플라잉라이트      40 마사랑동물병 양전지파행                                                                                          
2022.06.18 하이그랜드        40 마사랑동물병 양제3중수골골막염                                                                                   
2022.06.18 하이하이          10 마사랑동물병 인푸렌자예방접종,일본뇌염예방접종                                                                   
2022.06.18 한가위선물        22 마사랑동물병 우전지파행                                                                                          
2022.06.18 한강차르          03 마사랑동물병 인푸렌자예방접종,일본뇌염예방접종                                                                   
2022.06.18 한강파워          03 마사랑동물병 인푸렌자예방접종,일본뇌염예방접종                                                                   
2022.06.18 회두령            08 마사랑동물병 양후지 근육통                                                                                       
2022.06.18 희망가득          34 마사랑동물병 정치,발치                                                                                           
2022.06.18 희망가득          34 마사랑동물병 인푸렌자예방접종,일본뇌염예방접종                                                                   
2022.06.18 희망워리어        41 마사랑동물병 정치                                                                                                
2022.06.18 금성맨            32 명성동물병원 좌완관절염,좌비절염                                                                                 
2022.06.18 나올정상          48 명성동물병원 좌전구절찰과상                                                                                      
2022.06.18 델피니            14 명성동물병원 담마진                                                                                              
2022.06.18 동방사기          32 명성동물병원 양각막염                                                                                            
2022.06.18 라온더스퍼트      01 명성동물병원 좌중족부찰과상                                                                                      
2022.06.18 라온더찰리        01 명성동물병원 운동기인성 피로회복                                                                                 
2022.06.18 라온더플래터      01 명성동물병원 운동기인성 피로회복                                                                                 
2022.06.18 라온더하이맨      01 명성동물병원 운동기인성 피로회복                                                                                 
2022.06.18 라온자이언트      01 명성동물병원 운동기인성 피로회복                                                                                 
2022.06.18 라온포레스트      01 명성동물병원 운동기인성 피로회복                                                                                 
2022.06.18 라이드럭키        35 명성동물병원 우중족부 열창                                                                                       
2022.06.18 만세              21 명성동물병원 양각막염                                                                                            
2022.06.18 매직케이          32 명성동물병원 좌후지교돌상                                                                                        
2022.06.18 빅터문            52 명성동물병원 좌전지 부종                                                                                         
2022.06.18 새내칸            06 명성동물병원 마비성근색소뇨증                                                                                    
2022.06.18 스카이팡팡        32 명성동물병원 양후지 근육통                                                                                       
2022.06.18 우승바람          19 명성동물병원 양비절염                                                                                            
2022.06.18 울프플레이        03 명성동물병원 좌중수부 찰과상                                                                                     
2022.06.18 이다나은          07 명성동물병원 우비절특발성건초염                                                                                  
2022.06.18 정문듀마          07 명성동물병원 양후지 부종                                                                                         
2022.06.18 정문에이스        06 명성동물병원 좌후지파행                                                                                          
2022.06.18 정문최강          07 명성동물병원 좌후계부찰과상                                                                                      
2022.06.18 정문폭주          06 명성동물병원 우전지 근육통                                                                                       
2022.06.18 정문프린스        06 명성동물병원 좌전지파행                                                                                          
2022.06.18 타이탄삭스        14 명성동물병원 양각막염                                                                                            
2022.06.18 퓨리오사          14 명성동물병원 양전지교돌상                                                                                        
2022.06.18 프린세스삭스      14 명성동물병원 양전지 근육통                                                                                       
2022.06.18 피케이돌풍        37 명성동물병원 양각막염                                                                                            
2022.06.18 한강에이스        19 명성동물병원 발치                                                                                                
2022.06.18 해피선샤인        37 명성동물병원 양각막염                                                                                            
2022.06.18 금아포쉬          54 서울부속동물 좌후지파행                                                                                          
2022.06.18 레전드스톰        10 서울부속동물 우제3중수골계인대기시부최열골절,우중수부계인대염                                                    
2022.06.18 로열엘비스        08 서울부속동물 술후처치(관절경이용술)                                                                              
2022.06.18 서울을날다        42 서울부속동물 기관지염                                                                                            
2022.06.18 스트렝스          53 서울부속동물 기관지염                                                                                            
2022.06.18 영영삭스          14 서울부속동물 기관지염                                                                                            
2022.06.18 원더풀타이쿤      24 서울부속동물 양전지파행                                                                                          
2022.06.18 이다나은          07 서울부속동물 우비절특발성건초염                                                                                  
2022.06.18 청담지니          30 서울부속동물 마체검사                                                                                            
2022.06.18 트리플조이        19 서울부속동물 술후처치(외상)                                                                                      
2022.06.19 대한질주          53 닥터임동물병 좌후지교돌상                                                                                        
2022.06.19 럭셔리킹          53 닥터임동물병 양전지 근육통                                                                                       
2022.06.19 럭키파워          50 닥터임동물병 좌각막염                                                                                            
2022.06.19 스트렝스          53 닥터임동물병 기관지염                                                                                            
2022.06.19 시크릿플레이      53 닥터임동물병 양제3중수골골막염                                                                                   
2022.06.19 아미고라로        54 닥터임동물병 우중족부찰과상                                                                                      
2022.06.19 옥스퍼드킹        50 닥터임동물병 좌전지 부종                                                                                         
2022.06.19 이스트매직        50 닥터임동물병 좌상안검 열창                                                                                       
2022.06.19 컴플리트비전      50 닥터임동물병 하악골 골절                                                                                         
2022.06.19 컴플리트포스      50 닥터임동물병 양제3중수골골막염                                                                                   
2022.06.19 틸트플레이        53 닥터임동물병 신경계질환기타                                                                                      
2022.06.19 로열엘비스        08 서울부속동물 술후처치(관절경이용술)                                                                              
2022.06.19 스트렝스          53 서울부속동물 기관지염                                                                                            
2022.06.19 스피어건          23 서울부속동물 좌전구절 퇴행성관절염                                                                               
2022.06.19 영영삭스          14 서울부속동물 기관지염                                                                                            
2022.06.19 트리플조이        19 서울부속동물 술후처치(외상)                                                                                      
