

제목 : 22.12.22(목) 조교현황

  ※기승자범례(조:조교사, 관:주로조교, 기:기수, 후:기수후보생)
  ※비고(금:금주출전예정마, 차:차주출전예정마, 특:특대상경주출전예정마)
  ※금주, 차주 또는 특별 대상경주 출전예상마는 출전신청 결과 및
  조교사의 의사에 따라 변동될 수 있는 미확정된 자료이오니 참고하시기 바랍니다.
━━━━━━━━━━━━━━━━━━━━━━━━━━━━━━━━━━━━━━━
  순 소속조 - 조번 마명              기승자 입장시각  퇴장시각  조교시간 비고
━━━━━━━━━━━━━━━━━━━━━━━━━━━━━━━━━━━━━━━
  1  1조(백광열)29 닥터오스카          기   08:17     08:27       0:10   금
  2  1조(백광열)16 닥터카슨            관   06:53     07:13       0:20   차
  3  1조(백광열)10 닥터칼리파          기   07:52     08:05       0:13   금
  4  1조(백광열) 9 닥터콩돌이          기   08:38     08:52       0:14   금
  5  1조(백광열) 6 닥터쿠쿠            관   08:31     08:47       0:16   차
  6  1조(백광열) 4 닥터테이크          관   06:12     06:31       0:19   금
  7  1조(백광열)21 닥터티파니          관   06:50     07:02       0:12   차
  8  1조(백광열)23 닥터페이스          관   08:27     08:44       0:17   차
  9  1조(백광열)39 닥터펜타곤          관   06:13     06:26       0:13   금
 10  1조(백광열) 1 두바이평정          관   06:45     06:57       0:12   차
 11  1조(백광열)20 버디버디            관   07:24     07:39       0:15   차
 12  1조(백광열)38 벌마의스타          관   08:24     08:41       0:17   차
 13  1조(백광열)28 베텔게우스          관   06:41     07:02       0:21   차
 14  1조(백광열)14 사바하              관   08:24     08:42       0:18   차
 15  1조(백광열)41 상상그이상          관   06:04     06:20       0:16   금
 16  1조(백광열) 3 아델스텔라          관   07:32     07:46       0:14   차
 17  1조(백광열)36 아델앨리스          관   07:41     07:55       0:14   차
 18  1조(백광열)11 아르크투루스        기   07:53     08:07       0:14   금
 19  1조(백광열)32 알파송당            관   07:32     07:46       0:14   금
 20  1조(백광열) 2 월드터치            관   06:04     06:20       0:16   차
 21  1조(백광열)44 피스톨스타          관   07:32     07:55       0:23   차
 22  2조(강형곤)36 그린치타            기   06:25     06:38       0:13   금
 23  2조(강형곤) 9 록파이어            관   06:01     06:18       0:17   차
 24  2조(강형곤)32 백구                관   07:36     07:49       0:13   차
 25  2조(강형곤)10 범한골드            관   07:56     08:12       0:16   차
 26  2조(강형곤)24 비케이갤럽          기   06:51     07:06       0:15   금
 27  2조(강형곤)30 비케이뉴문          관   06:01     06:15       0:14   차
 28  2조(강형곤) 3 서귀플래시          기   06:25     06:39       0:14   금
 29  2조(강형곤)15 슈퍼카넬            관   06:01     06:15       0:14   차
 30  2조(강형곤)41 스토미데이          관   07:39     07:50       0:11   차
 31  2조(강형곤) 4 스톰어게인          기   07:39     07:45       0:06   차
 32  2조(강형곤)19 스파이스인디        기   07:55     08:07       0:12   금
 33  2조(강형곤) 7 쌕쌕이              관   06:51     07:06       0:15   차
 34  2조(강형곤)29 정문레전드          관   06:51     07:07       0:16   차
 35  2조(강형곤)11 최강무지개          관   07:12     07:24       0:12   차
 36  2조(강형곤) 6 최강쏜살            관   06:27     06:39       0:12   차
 37  2조(강형곤) 2 최강총알            관   07:24     07:41       0:17   차
 38  2조(강형곤)39 캄스트롱            기   06:25     06:38       0:13   금
 39  2조(강형곤)18 투투브레인          관   06:26     06:37       0:11   차
 40  2조(강형곤) 5 투투플라잉          관   06:01     06:15       0:14   차
 41  2조(강형곤)35 함안청룡            관   07:56     08:08       0:12   차
 42  2조(강형곤)37 행복한함안          기   06:25     06:34       0:09   차
 43  2조(강형곤)21 히어로맨            관   06:01     06:14       0:13   차
 44  3조(문현철) 4 게미진              관   06:17     06:34       0:17   차
 45  3조(문현철)14 대호나라            관   09:13     09:30       0:17   차
 46  3조(문현철) 9 마스터요다          기   06:52     07:06       0:14   차
 47  3조(문현철)22 마하터보            관   09:02     09:26       0:24   차
 48  3조(문현철)12 미라클원            관   06:56     07:08       0:12   차
 49  3조(문현철)10 브라이트            기   07:51     08:05       0:14   금
 50  3조(문현철)18 삼바스텝            관   06:18     06:34       0:16   차
 51  3조(문현철)19 스마일킹            기   07:50     08:05       0:15   금
 52  3조(문현철) 2 퀸오브더월드        기   06:53     07:07       0:14   차
 53  3조(문현철)15 테이아              관   08:00     08:17       0:17   차
 54  3조(문현철) 5 톱메이트            관   06:59     07:22       0:23   차
 55  3조(문현철) 8 판타스틱맨          기   07:26     07:46       0:20   금
 56  3조(문현철)24 패션블레이드        기   06:56     07:04       0:08   금
 57  3조(문현철) 3 포인트포지션        관   07:26     07:41       0:15   차
 58  3조(문현철) 6 해피노던            기   07:26     07:41       0:15   차
 59  3조(문현철)13 히어로제이          관   09:02     09:26       0:24   차
 60  4조(임금만)13 가디언엔젤          관   06:28     06:44       0:16   금
 61  4조(임금만)36 글로벌여제          기   06:02     06:17       0:15   금
 62  4조(임금만)22 다이아몬드마린      관   06:28     06:42       0:14   차
 63  4조(임금만)14 디러블리퀸          기   08:15     08:25       0:10   금
 64  4조(임금만)11 릴리즈에디션        관   07:58     08:09       0:11   금
 65  4조(임금만)35 모스트래피드        관   06:59     07:12       0:13   차
 66  4조(임금만) 8 백투더레전드        관   07:32     07:43       0:11   금
 67  4조(임금만)31 스카이샷            관   07:00     07:12       0:12   금
 68  4조(임금만)10 시에라선셋          관   06:59     07:12       0:13   차
 69  4조(임금만) 9 아쿠아매직          관   06:02     06:11       0:09   금
 70  4조(임금만) 6 영광의라이더        관   06:00     06:05       0:05   차
 71  4조(임금만)32 영광의스타트        관   07:25     07:34       0:09   차
 72  4조(임금만)29 영광의함성          관   06:56     07:13       0:17   차
 73  4조(임금만) 7 윈스팅              관   06:26     06:33       0:07   차
 74  4조(임금만)15 호랭이              관   06:05     06:13       0:08   금
 75  4조(임금만)26 황우머니            기   07:32     07:43       0:11   금
 76  6조(구영준)13 날라                기   07:29     07:50       0:21   금
 77  6조(구영준)19 남양볼트            관   06:49     07:11       0:22   차
 78  6조(구영준) 5 남해미소            관   08:05     08:29       0:24   차
 79  6조(구영준)22 뉴크라운            관   07:18     07:31       0:13   차
 80  6조(구영준)28 베스트윈드          기   07:18     07:29       0:11   금
 81  6조(구영준)14 운주글로벌          관   06:23     06:32       0:09   금
 82  6조(구영준) 9 제타드림            관   08:05     08:29       0:24   차
 83  6조(구영준) 7 최강위크            관   06:49     07:11       0:22   차
 84  6조(구영준)26 판타스틱러브        기   07:47     07:59       0:12   금
 85  6조(구영준) 8 퍼스트메니          조   07:29     07:48       0:19   금
 86  7조(김병학)24 골든플러스          관   06:01     06:25       0:24   차
 87  7조(김병학)19 네임드              기   07:37     07:49       0:12   금
 88  7조(김병학) 3 라이트스토리        관   07:35     07:51       0:16   차
 89  7조(김병학)35 럭키브레이크        기   07:26     07:40       0:14   금
 90  7조(김병학)13 마스터로드          관   06:44     07:13       0:29   차
 91  7조(김병학)14 마이플레저          관   08:43     08:59       0:16   차
 92  7조(김병학)15 매직위스퍼          기   06:40     06:54       0:14   차
 93  7조(김병학)17 매직일레븐          관   09:02     09:14       0:12   차
 94  7조(김병학) 8 맨오브더이어        관   07:29     07:42       0:13   차
 95  7조(김병학) 9 머니케이스          관   07:21     07:31       0:10   차
 96  7조(김병학) 4 명성차지            관   08:53     09:12       0:19   차
 97  7조(김병학)22 모닝위스퍼          관   06:44     07:10       0:26   차
 98  7조(김병학)29 미라클드리밍        기   06:44     06:55       0:11   금
 99  7조(김병학)38 바비스패로우        관   07:54     08:14       0:20   차
100  7조(김병학)11 뷰티힐              관   06:41     06:54       0:13   차
101  7조(김병학)21 아너로드            관   08:00     08:18       0:18   차
102  7조(김병학)34 아이윌더스타        기   06:19     06:34       0:15   차
103  7조(김병학)16 언브레이크          기   07:08     07:20       0:12   금
104  7조(김병학) 2 와이즈킹            기   06:00     06:13       0:13   차
105  7조(김병학)26 인디언파티          관   07:05     07:17       0:12   금
106  7조(김병학)31 쿨가이              관   06:02     06:22       0:20   차
107  7조(김병학) 6 킹오브더이어        기   06:42     06:53       0:11   금
108  7조(김병학)33 해브어굿데이        관   08:12     08:30       0:18   차
109  7조(김병학)30 헤이모닝            관   06:01     06:25       0:24   차
110  8조(토마스) 1 그레이트굿          관   06:52     07:01       0:09   금
111  8조(토마스)41 그레이트원          관   06:35     06:41       0:06   차
112  8조(토마스)25 꽃무리              관   06:00     06:09       0:09   금
113  8조(토마스)15 라인브레이커        관   07:00     07:06       0:06   차
114  8조(토마스)10 렛잇고              관   06:24     06:29       0:05   차
115  8조(토마스)17 무비모어            기   06:00     06:13       0:13   금
116  8조(토마스)31 뮤직박스            기   06:00     06:13       0:13   금
117  8조(토마스) 4 바벨드리머          관   07:15     07:26       0:11   차
118  8조(토마스)14 서부퀸              기   06:17     06:30       0:13   금
119  8조(토마스)22 성원스타            기   06:00     06:10       0:10   금
120  8조(토마스)27 스카이모어          관   06:27     06:37       0:10   차
121  8조(토마스)26 에이스굿잡          관   07:44     08:06       0:22   차
122  8조(토마스)42 원더풀어필          관   06:02     06:12       0:10   차
123  8조(토마스) 6 원더풀임팩트        관   07:44     08:10       0:26   차
124  8조(토마스) 9 웨이팅포유          관   06:27     06:41       0:14   차
125  8조(토마스)37 으뜸이              관   06:11     06:18       0:07   차
126  8조(토마스)30 카르페바벨          기   06:44     06:55       0:11   금
127  8조(토마스)28 톱파이어            관   07:16     07:22       0:06   차
128  8조(토마스)18 판타스틱데이        관   07:15     07:26       0:11   금
129  8조(토마스) 5 판타스틱타임        기   06:00     06:13       0:13   금
130  8조(토마스)32 플레이더인디        관   06:00     06:05       0:05   차
131  8조(토마스)21 한라누리            관   06:47     06:53       0:06   차
132  9조(양귀선)19 글로리송            관   06:12     06:21       0:09   차
133  9조(양귀선)38 나인포스원          관   06:04     06:18       0:14   차
134  9조(양귀선)25 담양의신            관   07:11     07:23       0:12   차
135  9조(양귀선)37 당대블루            기   06:02     06:14       0:12   차
136  9조(양귀선) 2 랩베르사            관   06:23     06:38       0:15   차
137  9조(양귀선)40 로키블리스          기   06:21     06:30       0:09   금
138  9조(양귀선)16 바벨선샤인          기   06:19     06:30       0:11   금
139  9조(양귀선)36 바벨히트            관   06:56     07:17       0:21   차
140  9조(양귀선) 8 뷰티풀킹            기   06:02     06:21       0:19   차
141  9조(양귀선) 7 선더킹              기   06:39     06:56       0:17   차
142  9조(양귀선)18 에브리킹이지        기   07:29     07:42       0:13   금
143  9조(양귀선)23 온누리축제          기   06:50     07:05       0:15   금
144  9조(양귀선)10 우승무패            기   06:39     06:49       0:10   금
145  9조(양귀선)17 퓨어매직            기   06:26     06:41       0:15   금
146  9조(양귀선) 4 하늘강자            관   06:53     07:07       0:14   차
147  9조(양귀선)13 하늘전사            관   07:04     07:16       0:12   차
148  9조(양귀선)31 하늘질주            관   07:23     07:36       0:13   차
149  9조(양귀선)12 핼러윈파티          기   07:03     07:24       0:21   금
150 10조(구민성)32 그레이트댄스        관   06:41     07:03       0:22   차
151 10조(구민성)33 그레이트보스        관   06:26     06:55       0:29   차
152 10조(구민성)26 대지물결            관   06:41     07:01       0:20   차
153 10조(구민성)11 마이티스톰          기   07:14     07:24       0:10   금
154 10조(구민성)30 샤인몬스터          기   07:32     07:42       0:10   금
155 10조(구민성)19 서던조이            관   06:09     06:30       0:21   차
156 10조(구민성) 8 스카이팔콘          관   07:37     07:53       0:16   차
157 10조(구민성) 9 신해망치            관   07:37     07:59       0:22   차
158 10조(구민성)10 씽가                관   07:36     07:55       0:19   차
159 10조(구민성)14 애니라인            관   07:38     07:51       0:13   차
160 10조(구민성)28 원더풀톱            기   07:06     07:18       0:12   금
161 10조(구민성)23 월드레전드          관   08:25     08:41       0:16   차
162 10조(구민성) 1 크레이지콘티        관   06:10     06:29       0:19   금
163 10조(구민성) 5 한강세이버          기   06:40     06:52       0:12   금
164 11조(김영민)15 기적의금빛          기   06:55     07:09       0:14   금
165 11조(김영민) 8 기적의적토마        관   06:09     06:32       0:23   차
166 11조(김영민) 6 나이스투데이        관   06:44     06:56       0:12   차
167 11조(김영민)12 맨오브더스타        관   06:50     07:21       0:31   차
168 11조(김영민)19 메니글로리          관   06:50     07:17       0:27   차
169 11조(김영민)23 벌교의꿈            기   07:25     07:39       0:14   금
170 11조(김영민) 5 블루챔프            관   06:59     07:21       0:22   차
171 11조(김영민)22 석세스풀            기   07:01     07:14       0:13   금
172 11조(김영민) 4 석세스프런트        관   07:53     08:25       0:32   차
173 11조(김영민)16 석세스플라잉        관   07:53     08:10       0:17   차
174 11조(김영민)24 순천여왕            관   07:53     08:25       0:32   차
175 11조(김영민)13 에이스킬러          관   06:09     06:32       0:23   차
176 11조(김영민)20 한빛영광            기   07:51     08:12       0:21   금
177 12조(조용배) 6 배다리아이콘        기   07:23     07:34       0:11   금
178 12조(조용배)20 스타티세            관   06:57     07:16       0:19   금
179 12조(조용배)21 유핑                기   06:08     06:28       0:20   차
180 12조(조용배)13 천마하서            기   06:56     07:11       0:15   금
181 12조(조용배)16 청마영웅            기   06:50     06:58       0:08   금
182 12조(조용배) 8 캡틴찰리            관   06:47     07:05       0:18   차
183 12조(조용배)29 태풍의축제          관   06:08     06:28       0:20   차
184 12조(조용배)26 판타스틱우먼        기   07:05     07:16       0:11   금
185 12조(조용배)25 핀홀아이            기   06:31     06:49       0:18   금
186 12조(조용배) 2 호크모스            기   06:57     07:16       0:19   차
187 13조(박재호)27 글로벌위크          관   06:56     07:23       0:27   차
188 13조(박재호) 1 다이아스피릿        관   06:56     07:16       0:20   차
189 13조(박재호)12 애니싱스            관   06:55     07:23       0:28   차
190 14조(윤영훈)10 금빛여장군          관   08:09     08:23       0:14   차
191 14조(윤영훈)16 다이아선더          관   06:39     07:07       0:28   차
192 14조(윤영훈) 7 동남위너            관   07:39     08:00       0:21   차
193 14조(윤영훈)21 메니피송            관   07:18     07:36       0:18   차
194 14조(윤영훈)13 무적불패            관   06:08     06:24       0:16   차
195 14조(윤영훈)19 무한열정            관   08:14     08:31       0:17   차
196 14조(윤영훈)24 승리의불길          관   07:16     07:28       0:12   차
197 14조(윤영훈)20 오르다              관   07:28     07:45       0:17   차
198 14조(윤영훈) 9 오케이선더          관   06:38     07:07       0:29   차
199 14조(윤영훈)17 우승여걸            기   06:59     07:12       0:13   차
200 14조(윤영훈)23 원더풀찬스          관   07:46     08:06       0:20   금
201 14조(윤영훈)27 히어더퀸            관   06:05     06:27       0:22   금
202 15조(안우성)23 구름속산책          관   07:06     07:21       0:15   차
203 15조(안우성)17 라온더어게인        관   07:13     07:33       0:20   차
204 15조(안우성)12 라온스트롱          관   06:34     06:54       0:20   차
205 15조(안우성) 9 러닝패션            관   06:33     06:49       0:16   차
206 15조(안우성) 2 베르다              관   08:28     08:35       0:07   금
207 15조(안우성)26 스카이모닝          관   06:07     06:24       0:17   차
208 15조(안우성)24 아너칼              관   07:54     08:10       0:16   차
209 15조(안우성)32 올크라운            기   06:45     06:56       0:11   금
210 15조(안우성) 3 주말포커스          관   07:19     07:43       0:24   차
211 15조(안우성) 5 켄드릭              관   06:15     06:32       0:17   금
212 15조(안우성)35 트라이엄프캣        관   08:15     08:27       0:12   차
213 15조(안우성)28 플라잉아론          관   08:49     09:00       0:11   차
214 15조(안우성)22 필그림              관   06:04     06:20       0:16   차
215 15조(안우성)20 화랑의챔피언        기   06:25     06:34       0:09   금
216 17조(장세한) 2 골든스텔라          관   09:21     09:38       0:17   차
217 17조(장세한)24 그레이트고          기   07:20     07:35       0:15   금
218 17조(장세한)11 금손클래스          관   09:10     09:19       0:09   차
219 17조(장세한)21 낭만대로            기   08:13     08:21       0:08   금
220 17조(장세한)22 다이나믹위너        관   07:00     07:24       0:24   차
221 17조(장세한)23 다이아포스          기   07:22     07:32       0:10   금
222 17조(장세한) 7 뜨거운만남          기   07:24     07:33       0:09   금
223 17조(장세한)17 런앤드건            기   07:42     07:59       0:17   차
224 17조(장세한)12 로드투선더          관   07:01     07:27       0:26   차
225 17조(장세한) 8 성실양구            기   08:20     08:28       0:08   금
226 17조(장세한)13 스피드로드          관   08:49     09:06       0:17   차
227 17조(장세한) 9 장성대로            관   09:32     09:46       0:14   차
228 17조(장세한) 4 청호보스            관   06:28     06:39       0:11   차
229 17조(장세한)16 티케이앤드미        관   08:49     09:13       0:24   차
230 17조(장세한)26 푸른열정            관   07:45     08:00       0:15   금
231 17조(장세한)19 함안불꽃            관   08:49     09:15       0:26   차
232 17조(장세한)25 해브어굿타임        관   06:51     07:06       0:15   차
233 18조(이정표)30 나래                관   06:32     06:41       0:09   차
234 18조(이정표)20 노던라이츠          기   07:19     07:27       0:08   금
235 18조(이정표)16 로드투글로리        기   06:42     06:53       0:11   금
236 18조(이정표)19 스마티돌풍          기   07:08     07:18       0:10   금
237 18조(이정표)18 신출영웅            관   07:14     07:25       0:11   차
238 18조(이정표)14 연승글로리          관   06:23     06:32       0:09   차
239 18조(이정표) 4 타이탄케이          관   06:00     06:16       0:16   차
240 18조(이정표)15 호랑가시            기   07:03     07:14       0:11   차
241 19조(김영관) 7 강서자이언트        관   07:10     07:26       0:16   금
242 19조(김영관)10 골드천사            관   09:00     09:14       0:14   차
243 19조(김영관) 5 금아마이아          관   09:26     09:37       0:11   차
244 19조(김영관)14 금아사이킥          기   08:04     08:16       0:12   차
245 19조(김영관) 3 럭키스트걸          관   07:36     07:52       0:16   차
246 19조(김영관) 6 레몬도끼            관   09:00     09:14       0:14   차
247 19조(김영관)30 마군                기   08:33     08:50       0:17   차
248 19조(김영관)28 바람바람            관   08:03     08:19       0:16   차
249 19조(김영관)38 브라보함양          관   07:54     08:02       0:08   차
250 19조(김영관)23 블랙맘바            관   08:33     08:50       0:17   차
251 19조(김영관)31 스타에이스          기   08:02     08:19       0:17   금
252 19조(김영관)19 아름다운인연        관   08:20     08:29       0:09   차
253 19조(김영관)33 어게인터치          기   07:10     07:24       0:14   금
254 19조(김영관)16 에이치데이          관   09:26     09:40       0:14   차
255 19조(김영관)24 용산큰별            기   07:36     07:52       0:16   차
256 19조(김영관)18 원더풀파일          관   07:29     07:37       0:08   차
257 19조(김영관) 8 월드파이브          기   07:25     07:38       0:13   금
258 19조(김영관)36 월드포에이          관   06:23     06:35       0:12   차
259 19조(김영관)29 장산레몬            관   06:46     06:59       0:13   차
260 19조(김영관)25 터치스타맨          기   08:20     08:32       0:12   금
261 19조(김영관) 2 한센코드걸          관   06:04     06:13       0:09   차
262 20조(최기홍) 4 그레이트블루        관   08:53     09:01       0:08   차
263 20조(최기홍) 5 메가예감            관   06:46     06:56       0:10   차
264 20조(최기홍)16 어나더마린          관   08:10     08:23       0:13   차
265 20조(최기홍)14 쿨러닝              기   07:48     07:59       0:11   금
266 20조(최기홍)21 티케이모어          관   08:10     08:22       0:12   차
267 20조(최기홍) 6 황우대장군          관   08:32     08:45       0:13   차
268 20조(최기홍)18 황우쏜살            관   08:32     08:55       0:23   차
269 20조(최기홍)12 황우장사            관   06:46     07:03       0:17   차
270 21조(민장기)40 골든선더볼트        관   06:43     06:56       0:13   금
271 21조(민장기) 5 골든크라운          관   08:01     08:19       0:18   차
272 21조(민장기) 2 운주마하            기   06:28     06:40       0:12   금
273 21조(민장기)23 원더풀차머          관   07:25     07:33       0:08   차
274 21조(민장기)19 원마인드            관   08:01     08:19       0:18   차
275 21조(민장기)11 월드베스트캣        관   06:48     07:09       0:21   차
276 21조(민장기)25 절대보스            관   06:43     06:58       0:15   차
277 21조(민장기) 7 타핏원더풀          관   06:09     06:23       0:14   차
278 21조(민장기)38 탑스타              관   07:53     08:13       0:20   차
279 21조(민장기) 4 터보여걸            기   06:41     06:53       0:12   금
280 21조(민장기) 6 톱아델              관   06:10     06:24       0:14   차
281 21조(민장기)12 특급캠프            관   06:25     06:40       0:15   금
282 21조(민장기)15 파이널프런트        관   06:12     06:23       0:11   금
283 22조(강은석)12 글로리킹            관   08:08     08:20       0:12   차
284 22조(강은석) 2 달이뜨니            관   06:25     06:43       0:18   차
285 22조(강은석)18 로드투매직          관   08:38     08:54       0:16   차
286 22조(강은석)11 메인브리지          관   06:53     07:10       0:17   차
287 22조(강은석)25 블루캐비아          관   08:38     08:54       0:16   차
288 22조(강은석)13 상임여왕            관   07:21     07:33       0:12   차
289 22조(강은석)10 서귀플러스          관   07:21     07:34       0:13   차
290 22조(강은석)28 시티위크            관   06:54     07:10       0:16   차
291 22조(강은석)17 아너퀸              관   06:01     06:15       0:14   차
292 22조(강은석) 7 아틀라스            관   06:01     06:13       0:12   금
293 22조(강은석)26 운주아칸샤          관   07:43     07:57       0:14   차
294 22조(강은석)23 운주투하츠          관   07:43     07:57       0:14   차
295 22조(강은석)24 자이언트킹덤        관   08:38     08:54       0:16   차
296 22조(강은석) 3 조이준마            관   07:21     07:32       0:11   금
297 22조(강은석)15 천년의구름          관   06:02     06:15       0:13   금
298 22조(강은석)20 킹새터데이          관   06:25     06:43       0:18   차
299 23조(손병직)21 글로벌레전드        조   06:46     07:05       0:19   차
300 23조(손병직) 3 블루캡틴            관   08:52     09:06       0:14   차
301 23조(손병직) 9 세이하트            관   06:07     06:20       0:13   차
302 23조(손병직)11 원더풀큐티          조   07:17     07:50       0:33   차
303 23조(손병직)18 채스팔팔            조   06:07     06:19       0:12   금
304 23조(손병직)13 천하넘버원          기   06:34     06:45       0:11   금
305 23조(손병직) 1 함안봉화산          기   07:59     08:16       0:17   금
306 23조(손병직)10 함안여항산          관   06:46     07:04       0:18   차
307 24조(김길중)27 골든레이서          관   06:42     06:56       0:14   차
308 24조(김길중)12 너가최고            관   06:04     06:17       0:13   금
309 24조(김길중)33 딕시갈              관   06:04     06:17       0:13   차
310 24조(김길중)14 로열골드            관   06:13     06:27       0:14   차
311 24조(김길중)17 록스                관   07:29     07:46       0:17   차
312 24조(김길중) 9 블루파워            기   06:54     07:10       0:16   금
313 24조(김길중)23 슈넬블리츠          관   06:27     06:39       0:12   차
314 24조(김길중) 2 알파킹이지          기   06:54     07:09       0:15   금
315 24조(김길중)13 원더풀러닝          관   07:00     07:16       0:16   차
316 24조(김길중)25 원더풀스마티        관   06:46     06:51       0:05   차
317 24조(김길중)29 잣나무길            기   06:04     06:18       0:14   금
318 24조(김길중)18 킹애니데이          관   07:31     07:46       0:15   차
319 24조(김길중)26 타이거런            관   07:30     07:46       0:16   차
320 24조(김길중)16 포크록              관   06:26     06:39       0:13   차
321 24조(김길중) 3 희망의아침          기   06:27     06:40       0:13   금
322 26조(방동석)11 고포잇              관   07:10     07:24       0:14   차
323 26조(방동석) 9 글로벌히트          관   06:47     06:58       0:11   차
324 26조(방동석) 1 남양도리            관   06:37     06:49       0:12   차
325 26조(방동석)15 머니허거            관   08:04     08:13       0:09   차
326 26조(방동석)13 세븐퀸              관   07:23     07:35       0:12   차
327 26조(방동석)10 송당도리            관   06:37     06:53       0:16   차
328 26조(방동석) 2 원더풀브레이        관   07:51     08:12       0:21   차
329 26조(방동석) 3 패뷸러스비터        관   07:51     08:13       0:22   차
330 26조(방동석) 6 히트예감            기   06:31     06:40       0:09   금
331 27조(이상영) 9 금아패셔너트        관   06:16     06:37       0:21   차
332 27조(이상영)21 남도퀸              관   06:41     06:50       0:09   금
333 27조(이상영) 3 밀리언뱅크          관   07:54     08:10       0:16   차
334 27조(이상영)24 블루스카이          관   06:13     06:27       0:14   차
335 27조(이상영)13 싱가포르파티        관   07:23     07:45       0:22   차
336 27조(이상영) 4 오션스톰            기   07:06     07:21       0:15   금
337 28조(하무선)29 맨오브더킹          관   08:32     08:46       0:14   차
338 28조(하무선) 9 사키사키            관   08:29     08:40       0:11   금
339 28조(하무선)27 신의전사            관   06:35     06:52       0:17   차
340 28조(하무선)19 퀸오브조이          기   08:31     08:49       0:18   차
341 28조(하무선) 5 트리플스톰          관   06:35     06:54       0:19   차
342 28조(하무선)10 해랑이슬            관   08:32     08:49       0:17   차
343 30조(울즐리)39 더세이버            관   07:56     08:06       0:10   차
344 30조(울즐리)19 더에어              기   06:00     06:09       0:09   금
345 30조(울즐리) 3 드림오브퀸          기   06:27     06:39       0:12   차
346 30조(울즐리)18 라카르타            기   06:01     06:12       0:11   금
347 30조(울즐리)40 록앤드롤            기   06:01     06:11       0:10   차
348 30조(울즐리) 5 마이럴러바이        관   06:35     06:48       0:13   금
349 30조(울즐리)29 미스터어플릿        기   06:56     07:12       0:16   차
350 30조(울즐리)34 바운티헌터          관   06:00     06:11       0:11   금
351 30조(울즐리)30 비제이치프          기   06:00     06:11       0:11   금
352 30조(울즐리)31 선더클라우드        관   06:22     06:34       0:12   금
353 30조(울즐리)10 솔레다드            관   07:15     07:36       0:21   차
354 30조(울즐리) 9 영광의터치          관   06:59     07:17       0:18   차
355 30조(울즐리)27 윈드토커            관   06:47     07:01       0:14   금
356 30조(울즐리)26 인디불패            관   07:39     07:55       0:16   차
357 30조(울즐리) 8 챔프고              관   08:46     09:00       0:14   차
358 30조(울즐리)14 카피댓              관   08:00     08:09       0:09   차
359 30조(울즐리)25 클리어              관   06:28     06:39       0:11   차
360 30조(울즐리)23 토탈이클립스        관   08:25     08:33       0:08   차
361 30조(울즐리)13 트릭스터            관   07:15     07:35       0:20   차
362 30조(울즐리)37 패트리엇            기   06:24     06:36       0:12   금
363 30조(울즐리)42 프로칸설            관   07:59     08:07       0:08   차
364 30조(울즐리)28 해피째즈            기   06:00     06:11       0:11   금
365 30조(울즐리) 6 행복축제            관   06:35     06:48       0:13   차
366 30조(울즐리)12 헌치                관   08:10     08:28       0:18   차
367 31조(라이스)41 굿스타              관   09:12     09:26       0:14   차
368 31조(라이스)33 그린레전드          기   06:02     06:07       0:05   차
369 31조(라이스) 9 그린스피드          관   06:00     06:10       0:10   차
370 31조(라이스)18 노던비드            관   06:30     06:40       0:10   차
371 31조(라이스) 6 다이니지            기   06:00     06:10       0:10   금
372 31조(라이스)20 더블탭              관   07:56     08:11       0:15   차
373 31조(라이스) 2 레드재스퍼          관   08:23     08:34       0:11   차
374 31조(라이스)22 배다리돌풍          관   07:49     08:00       0:11   차
375 31조(라이스)26 비뢰인디            관   07:16     07:30       0:14   차
376 31조(라이스)14 새비지걸            관   07:50     08:02       0:12   차
377 31조(라이스)35 스페셜리스트        기   06:30     06:40       0:10   차
378 31조(라이스)38 승리테이큰          기   06:30     06:40       0:10   차
379 31조(라이스) 8 아라산              관   08:52     09:07       0:15   차
380 31조(라이스)10 아웃넘버드          관   06:00     06:11       0:11   금
381 31조(라이스)21 아임킹이지          관   06:54     07:01       0:07   차
382 31조(라이스)17 야생화              관   07:34     07:46       0:12   차
383 31조(라이스)43 에이스아모카        관   08:52     09:08       0:16   차
384 31조(라이스)24 용비칸              관   08:37     08:59       0:22   차
385 31조(라이스)13 월드삭스            관   07:17     07:25       0:08   차
386 31조(라이스)34 인디매직            관   08:45     08:58       0:13   차
387 31조(라이스)37 정문스펙터          기   06:02     06:12       0:10   차
388 32조(임동창)21 고블린              기   07:13     07:24       0:11   금
389 32조(임동창)10 누리                관   07:36     07:57       0:21   차
390 32조(임동창) 6 성실태순            관   06:21     06:37       0:16   차
391 32조(임동창) 2 스타드래건          관   06:39     06:52       0:13   금
392 32조(임동창)16 위크스페셜          관   06:43     07:00       0:17   차
393 33조(권승주)22 감동에너지          관   07:04     07:24       0:20   차
394 33조(권승주)36 골드로즈            관   06:22     06:39       0:17   차
395 33조(권승주) 2 골든웨이브          관   06:42     07:01       0:19   차
396 33조(권승주)26 굿매직              관   06:42     07:01       0:19   차
397 33조(권승주)17 러닝워리어          관   06:04     06:24       0:20   차
398 33조(권승주)25 마이송              관   07:11     07:31       0:20   차
399 33조(권승주)29 마하불릿            기   06:01     06:12       0:11   금
400 33조(권승주)14 마하타이탄          기   07:52     08:03       0:11   금
401 33조(권승주) 3 블루모어            기   06:19     06:32       0:13   금
402 33조(권승주)35 서부빅스텝          기   06:40     06:54       0:14   금
403 33조(권승주) 6 센텀토르            기   07:36     07:47       0:11   금
404 33조(권승주)30 스타파크            관   07:22     07:48       0:26   차
405 33조(권승주)43 알파토르            기   06:18     06:30       0:12   금
406 33조(권승주) 7 여수토네이도        관   06:09     06:27       0:18   차
407 33조(권승주)27 여수파이터          기   06:03     06:10       0:07   차
408 33조(권승주)40 은성영웅            기   07:02     07:13       0:11   차
409 33조(권승주)18 은성위너            기   06:58     07:12       0:14   금
410 33조(권승주)42 조던파이팅          관   07:11     07:31       0:20   차
411 33조(권승주)11 챔프그린            관   07:50     07:59       0:09   차
412 33조(권승주)45 청호리더            관   06:16     06:32       0:16   차
413 33조(권승주) 8 초이스런            기   07:18     07:30       0:12   차
414 33조(권승주)33 축복열차            관   07:54     08:10       0:16   금
415 33조(권승주)31 케이골드바          기   07:04     07:24       0:20   금
416 33조(권승주)21 피플파워            기   07:24     07:36       0:12   금
417 33조(권승주)16 희망펀치            관   07:48     08:03       0:15   금
━━━━━━━━━━━━━━━━━━━━━━━━━━━━━━━━━━━━━━━
                                                      출력일자 : 2022.12.22

