

제목 : 22.04.23(토) 조교현황

  ※기승자범례(조:조교사, 관:주로조교, 기:기수, 후:기수후보생)
  ※비고(금:금주출전예정마, 차:차주출전예정마, 특:특대상경주출전예정마)
  ※금주, 차주 또는 특별 대상경주 출전예상마는 출전신청 결과 및
  조교사의 의사에 따라 변동될 수 있는 미확정된 자료이오니 참고하시기 바랍니다.
━━━━━━━━━━━━━━━━━━━━━━━━━━━━━━━━━━━━━━━
  순 소속조 - 조번 마명              기승자 입장시각  퇴장시각  조교시간 비고
━━━━━━━━━━━━━━━━━━━━━━━━━━━━━━━━━━━━━━━
  1  1조(백광열)29 닥터오스카          관   08:54     09:10       0:16   차
  2  1조(백광열)27 닥터카슨            기   06:00     06:15       0:15   특
  3  1조(백광열)40 닥터콩순이          관   08:00     08:15       0:15   차
  4  1조(백광열) 4 닥터테이크          기   07:28     07:44       0:16   차
  5  1조(백광열) 5 닥터패션            관   06:05     06:19       0:14   차
  6  1조(백광열)33 닥터페로            관   08:54     09:10       0:16   차
  7  1조(백광열) 2 닥터페르시아        관   07:57     08:11       0:14   차
  8  1조(백광열)12 닥터프로            관   06:33     06:49       0:16   차
  9  1조(백광열)31 대호전설            관   07:49     08:06       0:17   차
 10  1조(백광열)15 두무산              관   07:11     07:21       0:11   차
 11  1조(백광열) 1 버디버디            관   08:54     09:10       0:16   차
 12  1조(백광열)28 베텔게우스          기   07:21     07:36       0:15   차
 13  1조(백광열)17 아델골드            기   08:08     08:20       0:12   차
 14  1조(백광열)42 아델보스            기   07:11     07:23       0:12   금
 15  1조(백광열)34 아델플라이          관   06:45     06:58       0:13   차
 16  1조(백광열)11 아르크투루스        관   07:21     07:36       0:15   차
 17  1조(백광열) 8 알파송당            기   06:12     06:25       0:13   차
 18  1조(백광열)36 알파어게인          관   06:08     06:25       0:17   차
 19  1조(백광열)25 연승브라보          관   06:00     06:14       0:14   차
 20  1조(백광열) 7 영원파워            기   07:28     07:45       0:17   차
 21  1조(백광열)41 와일드아델          기   07:43     07:59       0:16   차
 22  1조(백광열)37 유로스타            관   06:26     06:43       0:17   차
 23  1조(백광열)10 파인의꿈            기   07:51     08:12       0:21   차
 24  1조(백광열)44 피스톨스타          관   07:21     07:36       0:15   차
 25  1조(백광열)14 화랑베스트          관   08:18     08:32       0:14   차
 26  1조(백광열)43 화랑에이스          기   06:26     06:44       0:18   차
 27  2조(강형곤)43 골드캔디            기   06:00     06:10       0:10   차
 28  2조(강형곤)33 글로벌캐처          기   07:16     07:35       0:19   차
 29  2조(강형곤)14 금보성              관   07:48     08:04       0:16   차
 30  2조(강형곤) 8 백구                기   06:18     06:26       0:08   차
 31  2조(강형곤)27 불의검              기   06:28     06:38       0:10   차
 32  2조(강형곤) 4 비케이가이아        관   06:51     07:08       0:17   차
 33  2조(강형곤)32 비케이뉴문          기   06:01     06:10       0:09   차
 34  2조(강형곤)20 비케이론            관   07:17     07:33       0:16   차
 35  2조(강형곤) 5 비케이룩스          관   06:27     06:44       0:16   차
 36  2조(강형곤)25 비케이마셜          관   06:01     06:17       0:17   차
 37  2조(강형곤)44 비케이맥스          관   07:17     07:33       0:16   차
 38  2조(강형곤)19 서귀포인트          관   06:01     06:17       0:16   차
 39  2조(강형곤) 6 스파이스인디        기   06:01     06:13       0:12   차
 40  2조(강형곤)37 스페셜투게더        관   07:48     08:13       0:25   차
 41  2조(강형곤) 7 스페셜히어로        관   07:21     07:37       0:16   차
 42  2조(강형곤)34 에코피아            기   06:48     06:54       0:06   차
 43  2조(강형곤) 3 영광의축제          기   06:28     06:38       0:10   차
 44  2조(강형곤)28 톱메이트            기   06:27     06:44       0:17   차
 45  2조(강형곤)40 투투칼턴            관   07:17     07:36       0:19   차
 46  2조(강형곤)13 투투플라잉          관   06:51     07:07       0:16   차
 47  2조(강형곤)29 풍운조화            기   06:27     06:44       0:17   차
 48  2조(강형곤)10 회자인구            관   06:27     06:48       0:21   차
 49  2조(강형곤)21 히어로맨            관   07:48     08:13       0:24   차
 50  2조(강형곤)11 히트더로드          기   07:16     07:31       0:15   차
 51  4조(임금만)10 굿탱크              관   06:11     06:33       0:22   차
 52  4조(임금만) 9 날아라꿀단지        기   07:31     07:46       0:15   차
 53  4조(임금만)14 디러블리퀸          관   06:34     06:49       0:15   차
 54  4조(임금만) 1 래피드게임          관   06:02     06:13       0:11   차
 55  4조(임금만)19 런스마일            관   08:30     08:44       0:13   차
 56  4조(임금만)11 릴리즈에디션        관   07:09     07:28       0:18   차
 57  4조(임금만)34 모닝뮤즈            관   06:59     07:17       0:18   차
 58  4조(임금만) 4 바람의약속          관   07:44     07:58       0:14   차
 59  4조(임금만)17 슬림퀸              관   06:59     07:07       0:08   금
 60  4조(임금만) 3 영광의파티          관   07:59     08:17       0:19   차
 61  4조(임금만) 7 영웅로드            관   06:11     06:37       0:26   차
 62  4조(임금만) 2 이스트벨            관   06:34     06:48       0:15   차
 63  4조(임금만)28 체인지백            기   06:58     07:09       0:11   차
 64  4조(임금만)12 판타스틱로드        관   09:03     09:23       0:20   차
 65  4조(임금만)23 판타스틱매직        기   06:28     06:38       0:10   금
 66  4조(임금만)32 판타스틱여걸        관   07:29     07:41       0:13   차
 67  4조(임금만)24 판타스틱챔프        관   07:52     08:13       0:21   차
 68  4조(임금만)16 판타스틱킹덤        관   07:10     07:28       0:18   차
 69  6조(구영준) 8 대호마              관   07:12     07:29       0:17   차
 70  6조(구영준) 5 바벨포세이돈        관   06:32     06:42       0:10   금
 71  6조(구영준)15 바벨피닉스          관   07:53     08:08       0:15   차
 72  6조(구영준)28 베스트윈드          관   06:33     06:42       0:09   금
 73  6조(구영준)10 뷰티브라운          관   07:07     07:25       0:18   차
 74  6조(구영준)24 우승헌터            관   08:39     08:51       0:12   차
 75  6조(구영준)29 전설의불꽃          관   07:14     07:27       0:14   차
 76  6조(구영준) 3 전설의질주          관   07:53     08:20       0:26   차
 77  6조(구영준)31 천하넘버원          관   06:37     06:55       0:18   차
 78  6조(구영준) 7 최강리사            관   07:53     08:22       0:29   차
 79  7조(김병학) 4 골든플러스          관   08:20     08:46       0:26   차
 80  7조(김병학)19 네임드              기   06:40     06:49       0:09   금
 81  7조(김병학)14 마이플레저          관   08:20     08:46       0:26   차
 82  7조(김병학)28 맨오브더필드        관   06:00     06:23       0:24   차
 83  7조(김병학)29 미라클드리밍        기   06:58     07:08       0:10   특
 84  7조(김병학) 9 미라클선            기   07:42     07:51       0:09   차
 85  7조(김병학)25 비제스코            관   08:20     08:46       0:26   차
 86  7조(김병학) 7 아이윌비프리        관   06:45     07:07       0:22   차
 87  7조(김병학)27 에스엘킹            관   06:47     07:02       0:15   차
 88  7조(김병학)13 에이스코리아        관   07:44     08:02       0:18   차
 89  7조(김병학)12 원픽                기   06:27     06:42       0:15   차
 90  7조(김병학)26 인디언파티          관   06:45     07:02       0:18   차
 91  7조(김병학) 2 최강마린            관   06:00     06:24       0:24   차
 92  7조(김병학)10 퀸오브글로리        관   06:08     06:26       0:18   차
 93  7조(김병학) 6 해브어굿데이        기   06:55     07:06       0:11   금
 94  8조(토마스)30 경주의두레박        관   07:28     07:40       0:13   차
 95  8조(토마스)36 골드탭              관   06:25     06:36       0:11   차
 96  8조(토마스) 9 그레이트록          관   06:55     07:08       0:12   차
 97  8조(토마스)23 그레이트원          기   06:49     07:00       0:11   차
 98  8조(토마스) 7 그레이트킹          기   06:00     06:17       0:17   차
 99  8조(토마스) 8 딕시밴드            관   07:28     07:40       0:12   차
100  8조(토마스)15 라인브레이커        관   06:55     07:10       0:15   차
101  8조(토마스)10 렛잇고              관   06:52     07:07       0:15   차
102  8조(토마스) 3 로키스카이          관   06:01     06:15       0:15   차
103  8조(토마스)39 마리아스갈          관   06:30     06:43       0:13   차
104  8조(토마스) 6 무적불패            기   06:24     06:35       0:11   차
105  8조(토마스) 5 무적영웅            관   06:00     06:11       0:11   차
106  8조(토마스)18 빙고맨              관   06:33     06:46       0:13   차
107  8조(토마스)14 서부퀸              기   07:01     07:11       0:10   차
108  8조(토마스)32 스텔루나            기   06:00     06:11       0:11   금
109  8조(토마스)33 알파킹이지          관   06:27     06:38       0:11   차
110  8조(토마스)37 에이스잭팟          관   07:27     07:40       0:13   차
111  8조(토마스)17 에이스포텐          관   07:26     07:42       0:16   차
112  8조(토마스)19 원더풀앤도버        관   07:28     07:41       0:13   차
113  8조(토마스)41 으뜸이              관   06:52     07:09       0:17   차
114  8조(토마스)22 천마파워            기   06:00     06:11       0:11   차
115  8조(토마스)12 퀸즈대로            관   07:53     08:02       0:09   차
116  8조(토마스)34 태풍이              관   06:00     06:10       0:10   차
117  8조(토마스)25 파워트레인          기   06:27     06:38       0:11   차
118  8조(토마스)21 한라누리            관   06:56     07:04       0:08   차
119  8조(토마스)40 해피우먼            기   06:00     06:11       0:11   금
120  8조(토마스)13 화랑스카이          기   06:00     06:11       0:11   차
121  8조(토마스)42 힐모어              기   06:26     06:39       0:13   차
122  9조(양귀선)19 금빛스카이          기   06:59     07:13       0:14   차
123  9조(양귀선)25 담양의신            관   07:56     08:26       0:30   차
124  9조(양귀선) 6 대지스페셜          기   06:17     06:33       0:16   차
125  9조(양귀선)37 독보                관   08:03     08:17       0:14   차
126  9조(양귀선)30 로드투브이          기   06:34     06:53       0:19   차
127  9조(양귀선)10 메니어게인          기   06:37     06:53       0:16   차
128  9조(양귀선)36 바벨히트            관   07:26     07:46       0:21   차
129  9조(양귀선) 8 뷰티풀킹            기   07:19     07:30       0:11   차
130  9조(양귀선)27 선더킹              기   06:23     06:36       0:13   차
131  9조(양귀선)24 센세이션파티        관   06:23     06:36       0:13   차
132  9조(양귀선) 7 슈퍼크랙            관   06:59     07:13       0:14   차
133  9조(양귀선)11 아이러브한센        관   06:31     06:49       0:18   차
134  9조(양귀선)32 원더풀질주          관   06:31     06:49       0:19   차
135  9조(양귀선)13 이터널히어로        기   07:45     07:56       0:11   차
136  9조(양귀선) 5 하늘울림            관   06:06     06:20       0:14   차
137  9조(양귀선)31 하늘질주            기   07:32     07:43       0:11   차
138  9조(양귀선)22 한라백두            관   06:04     06:23       0:20   차
139  9조(양귀선)17 함평맨              관   07:56     08:25       0:30   차
140  9조(양귀선)12 핼러윈파티          관   07:00     07:23       0:23   차
141  9조(양귀선) 1 호랑가시            관   07:32     07:43       0:11   차
142 10조(구민성)32 그레이트댄스        관   06:58     07:17       0:20   차
143 10조(구민성)13 그레이트캡틴        조   06:46     07:09       0:23   차
144 10조(구민성)27 대지플라이          관   06:02     06:17       0:15   차
145 10조(구민성) 2 베스트함성          기   08:11     08:26       0:15   금
146 10조(구민성) 4 빅토리나인          기   07:21     07:31       0:10   금
147 10조(구민성)28 사키사키            관   07:21     07:41       0:20   차
148 10조(구민성)25 서던킹              조   07:30     07:48       0:18   차
149 10조(구민성)29 신진강호            관   06:31     06:47       0:16   차
150 10조(구민성)14 애니라인            관   06:31     06:47       0:16   차
151 10조(구민성)22 영봉산              기   06:57     07:11       0:14   차
152 10조(구민성)16 이터널에이스        기   07:05     07:13       0:08   금
153 10조(구민성) 8 퍼스트포스원        관   06:44     07:04       0:19   차
154 10조(구민성)17 프레시스타트        기   06:57     07:16       0:19   차
155 11조(김영민) 6 골든카이저          관   07:02     07:13       0:11   차
156 11조(김영민)24 그래핀퀸            관   07:50     08:04       0:14   차
157 11조(김영민) 2 그래핀킹            관   07:50     08:03       0:14   차
158 11조(김영민)13 기적의적토마        관   08:58     09:11       0:13   차
159 11조(김영민) 3 도미네이션          관   08:57     09:12       0:15   차
160 11조(김영민) 4 말리부별            관   07:52     08:05       0:13   차
161 11조(김영민) 9 맨오브더스타        조   06:51     07:21       0:30   차
162 11조(김영민)23 메니피송            기   07:06     07:23       0:17   금
163 11조(김영민) 5 무한대              관   09:10     09:31       0:20   차
164 11조(김영민)12 블루치퍼            기   07:04     07:13       0:09   특
165 11조(김영민)16 아델퓨펄            관   06:13     06:23       0:09   차
166 11조(김영민)21 에이스킬러          관   07:03     07:13       0:11   차
167 11조(김영민) 8 캐치더스카이        관   07:52     08:06       0:14   차
168 11조(김영민)20 킹브라더            기   06:40     06:50       0:10   차
169 11조(김영민)11 폭풍질주            조   09:10     09:40       0:30   차
170 12조(조용배)12 리아논포인트        기   06:03     06:13       0:10   차
171 12조(조용배)14 밀크데이            기   08:36     08:49       0:13   차
172 12조(조용배)20 스타티세            조   06:50     07:03       0:13   차
173 12조(조용배)13 천마하서            관   06:48     07:06       0:18   차
174 12조(조용배)16 청마영웅            조   07:46     08:06       0:20   금
175 12조(조용배) 3 탐라황후            조   08:20     08:45       0:25   금
176 12조(조용배) 9 핫플렉스            관   08:20     08:45       0:24   차
177 13조(박재호)18 골든브룸            기   06:00     06:10       0:10   금
178 13조(박재호) 3 내가새강자          관   06:00     06:16       0:16   차
179 13조(박재호) 9 디아블로퀸          기   08:34     08:52       0:18   차
180 13조(박재호)12 실버로드            관   07:30     07:56       0:25   차
181 13조(박재호)20 영보스              기   08:07     08:26       0:19   차
182 13조(박재호)17 인디초이스          기   06:16     06:28       0:12   금
183 13조(박재호)16 인투마린            관   06:04     06:33       0:30   차
184 13조(박재호) 4 총알참              관   06:55     07:12       0:17   차
185 13조(박재호) 7 킹파티              관   06:43     07:00       0:17   차
186 13조(박재호) 6 트리플선더          관   06:43     07:00       0:17   차
187 14조(윤영훈)12 동남불패            관   07:21     07:49       0:27   차
188 14조(윤영훈) 3 동남히어로          관   08:01     08:10       0:09   차
189 14조(윤영훈) 7 부미스타            관   06:00     06:18       0:18   차
190 14조(윤영훈)19 서귀대로            관   06:15     06:26       0:11   차
191 14조(윤영훈)18 선마운틴            관   06:40     06:55       0:15   차
192 14조(윤영훈)24 승리의불길          기   06:50     07:05       0:15   차
193 14조(윤영훈)13 에이스가이          관   06:06     06:16       0:10   차
194 14조(윤영훈)20 오르다              관   06:39     07:12       0:33   차
195 14조(윤영훈)17 우승여걸            관   08:24     09:06       0:42   차
196 14조(윤영훈) 1 장산왕자            관   09:10     09:20       0:10   차
197 14조(윤영훈)11 진마크              기   08:09     08:23       0:14   차
198 14조(윤영훈)16 천마브라보          기   07:14     07:33       0:19   차
199 14조(윤영훈)15 청담드라이브        기   06:59     07:16       0:17   차
200 14조(윤영훈) 2 케이비런웨이        관   08:24     09:06       0:42   차
201 14조(윤영훈)22 케이비보스          기   06:21     06:40       0:19   차
202 14조(윤영훈)21 패션블레이드        기   08:38     09:00       0:22   차
203 15조(안우성)35 갤런트워리어        관   07:47     08:02       0:15   차
204 15조(안우성)28 마이티즈젬          관   08:20     08:40       0:20   차
205 15조(안우성)15 무한열정            기   06:27     06:40       0:13   차
206 15조(안우성)26 스카이제주향        기   06:29     06:42       0:13   차
207 15조(안우성)29 아너스마고          관   06:37     06:54       0:16   차
208 15조(안우성)24 어플리트타핏        관   06:23     06:40       0:17   차
209 15조(안우성)22 얼라이브스타        관   07:19     07:33       0:14   차
210 15조(안우성)14 얼라이브퀸          기   06:29     06:45       0:16   차
211 15조(안우성)21 원더풀보브캣        관   07:10     07:24       0:13   차
212 15조(안우성)11 원더풀페이거        관   06:53     07:07       0:14   차
213 15조(안우성)16 점보블레이드        관   07:37     07:58       0:21   차
214 15조(안우성) 6 주말보배            기   06:01     06:19       0:18   차
215 15조(안우성) 5 켄드릭              기   06:53     07:08       0:15   차
216 15조(안우성)33 플라잉더챔프        관   06:16     06:30       0:14   차
217 15조(안우성)18 플라잉리걸          관   06:00     06:24       0:25   차
218 15조(안우성)10 필그림              기   07:10     07:24       0:14   차
219 15조(안우성) 8 해남짱돌            관   08:20     08:33       0:13   차
220 15조(안우성)13 해남해머            기   06:01     06:14       0:13   차
221 16조(김재섭) 7 다이아몬드마린      관   07:50     08:29       0:39   차
222 16조(김재섭)16 동반의시작          관   07:21     07:31       0:10   차
223 16조(김재섭) 4 불패영광            관   06:13     06:30       0:16   차
224 16조(김재섭)12 컴온퍼스트          기   06:01     06:13       0:12   차
225 16조(김재섭) 1 퀸할리              기   06:54     07:04       0:10   차
226 16조(김재섭) 2 트래픽마린          관   06:25     06:40       0:15   차
227 16조(김재섭) 3 해브어굿타임        관   06:41     06:57       0:16   차
228 16조(김재섭) 6 해피송송            관   06:55     07:06       0:12   차
229 17조(장세한)24 그레이트고          관   06:32     06:42       0:10   금
230 17조(장세한) 6 낭만전사            기   07:44     07:55       0:11   차
231 17조(장세한) 3 레이디골든          관   08:40     08:49       0:10   차
232 17조(장세한)19 루카스선            관   07:59     08:19       0:21   차
233 17조(장세한)10 매직클래스          관   07:59     08:20       0:21   차
234 17조(장세한)12 와칸다              관   07:07     07:27       0:20   차
235 17조(장세한) 9 은빛질주            관   07:07     07:27       0:20   차
236 17조(장세한) 4 청호보스            기   08:12     08:26       0:14   차
237 17조(장세한)14 퍼스트스타          관   06:35     06:45       0:10   차
238 18조(이정표)20 노던라이츠          기   07:19     07:30       0:11   금
239 18조(이정표)16 더프린세스          기   06:41     06:51       0:10   차
240 18조(이정표)18 명성탑걸            관   06:48     07:00       0:12   차
241 18조(이정표)23 모닝선더            기   06:19     06:35       0:16   차
242 18조(이정표) 2 빅토리해피          기   06:28     06:41       0:13   차
243 18조(이정표)21 상승대한            관   06:53     07:04       0:11   차
244 18조(이정표) 8 에이스로드          기   06:01     06:13       0:12   금
245 18조(이정표)26 에이원스            관   06:27     06:41       0:14   차
246 18조(이정표)14 연승글로리          관   07:15     07:31       0:16   차
247 18조(이정표) 6 오메가걸            관   06:12     06:22       0:10   금
248 18조(이정표)27 우리좋은날          기   07:18     07:35       0:17   차
249 18조(이정표) 3 원더풀차차          관   07:55     08:07       0:12   차
250 18조(이정표) 7 코코윈              관   06:05     06:18       0:13   차
251 18조(이정표)13 퀸스타              기   06:58     07:16       0:18   차
252 18조(이정표)10 탐라하늘            기   06:59     07:09       0:10   차
253 18조(이정표)12 할리우드퀸          관   07:32     07:44       0:11   차
254 19조(김영관)24 가디스문            관   06:00     06:18       0:18   차
255 19조(김영관) 7 금아마이아          관   08:36     08:50       0:14   차
256 19조(김영관) 5 금아스탈렛          관   06:31     06:51       0:20   차
257 19조(김영관)26 금아카이로스        관   08:03     08:19       0:15   차
258 19조(김영관)37 나이스최강          관   09:14     09:29       0:15   차
259 19조(김영관)29 뉴욕망치            기   07:23     07:36       0:13   차
260 19조(김영관)36 동트자보이          관   06:00     06:17       0:17   차
261 19조(김영관)21 세이하트            관   07:35     07:52       0:17   차
262 19조(김영관)10 손아도르            기   08:25     08:41       0:16   차
263 19조(김영관)15 스타아이            관   07:03     07:16       0:13   차
264 19조(김영관)19 에이커스드림        관   07:01     07:20       0:19   차
265 19조(김영관) 4 올드천하            기   07:51     08:01       0:10   금
266 19조(김영관)34 원더풀레이즈        관   07:28     07:50       0:22   차
267 19조(김영관) 2 원더풀로맨스        관   06:31     06:49       0:18   차
268 19조(김영관)28 원더풀파일          기   08:01     08:15       0:14   차
269 19조(김영관) 3 월드체인지          기   07:05     07:21       0:16   차
270 19조(김영관) 8 월드포에이          기   07:03     07:23       0:20   차
271 19조(김영관)11 코코찰리            관   08:03     08:24       0:20   차
272 19조(김영관)38 킹골리앗            관   09:14     09:30       0:15   차
273 19조(김영관)20 킹보스              관   08:53     09:02       0:09   차
274 19조(김영관)33 터치스타맨          기   06:33     06:49       0:16   특
275 19조(김영관)13 할리우드파티        기   07:34     07:51       0:17   차
276 20조(최기홍) 5 메가예감            관   06:10     06:36       0:26   차
277 20조(최기홍) 8 비뢰인디            관   06:55     07:08       0:13   차
278 20조(최기홍)11 영성퀸              관   06:55     07:07       0:13   차
279 20조(최기홍)15 월드플라워          관   06:50     07:01       0:12   차
280 20조(최기홍) 2 위너스맨            기   06:30     06:50       0:20   특
281 20조(최기홍)19 퀸브론스키          관   07:29     07:37       0:08   금
282 20조(최기홍) 3 퀸오브더퀸          관   06:11     06:32       0:21   차
283 21조(민장기)32 골든포인트          기   07:03     07:12       0:09   차
284 21조(민장기) 3 그레이룰즈          관   06:39     07:05       0:26   차
285 21조(민장기) 2 나이스원            관   08:14     08:23       0:10   차
286 21조(민장기)18 미녀봉              기   06:46     06:55       0:09   차
287 21조(민장기)14 석세스파티          관   06:08     06:18       0:10   차
288 21조(민장기)17 스페셜윈드          관   06:04     06:23       0:19   차
289 21조(민장기)13 와일드블루          기   07:04     07:16       0:12   금
290 21조(민장기)34 운주불패            기   07:26     07:46       0:20   차
291 21조(민장기)29 운주오션            관   06:39     06:58       0:19   차
292 21조(민장기) 1 운주으뜸            관   06:06     06:14       0:09   차
293 21조(민장기)21 월드보이            관   06:48     06:57       0:09   차
294 21조(민장기) 7 타핏원더풀          관   06:12     06:30       0:18   차
295 21조(민장기)31 탑스타              기   06:46     06:56       0:10   차
296 21조(민장기) 6 톱아델              관   07:26     07:43       0:17   차
297 21조(민장기)12 특급캠프            관   06:47     07:09       0:22   차
298 21조(민장기)15 파이널프런트        관   07:16     07:36       0:20   차
299 22조(강은석) 4 뉴럭스              관   06:35     06:48       0:13   차
300 22조(강은석)10 달려라볼포니        기   06:00     06:09       0:09   차
301 22조(강은석) 6 부산미소            관   06:00     06:14       0:13   차
302 22조(강은석) 5 사랑채              관   07:21     07:46       0:25   차
303 22조(강은석)11 상임여왕            기   07:19     07:31       0:12   금
304 22조(강은석)18 서귀플러스          관   06:58     07:08       0:10   차
305 22조(강은석) 3 아너퀸              관   06:22     06:32       0:09   차
306 22조(강은석) 7 콰트로맥스          관   06:00     06:09       0:10   차
307 22조(강은석) 9 클린샷              관   06:16     06:27       0:11   차
308 22조(강은석) 1 투큐트걸            관   07:20     07:46       0:26   차
309 23조(손병직) 4 글로벌톱            조   06:29     06:49       0:20   차
310 23조(손병직) 1 논스톱송            조   09:01     09:22       0:21   차
311 23조(손병직)12 순천미녀            조   08:10     08:33       0:24   차
312 23조(손병직) 8 원더골              조   06:00     06:11       0:11   차
313 23조(손병직)10 키튼스킹            관   09:01     09:22       0:21   차
314 23조(손병직) 9 함안자양산          조   07:01     07:40       0:39   차
315 24조(김길중)12 가속스텔스          관   06:23     06:35       0:12   차
316 24조(김길중) 7 갤럭시로드          관   07:13     07:25       0:11   차
317 24조(김길중)27 골든레이서          기   07:14     07:25       0:11   차
318 24조(김길중)10 대망의길            기   06:00     06:17       0:17   차
319 24조(김길중)14 로열골드            기   07:13     07:26       0:13   차
320 24조(김길중) 5 멋진하루            관   07:13     07:25       0:12   차
321 24조(김길중)31 보람이              관   06:05     06:12       0:07   금
322 24조(김길중)13 불멸의길            기   06:58     07:08       0:10   차
323 24조(김길중)34 솔릭                기   06:01     06:12       0:11   차
324 24조(김길중)32 킹비드              기   06:54     07:03       0:09   차
325 24조(김길중)24 투투아치걸          기   06:23     06:35       0:12   차
326 24조(김길중) 1 투투토리            관   07:47     08:04       0:17   차
327 24조(김길중)18 행복한길            기   07:47     08:10       0:23   차
328 26조(방동석) 9 글로벌히트          관   08:01     08:17       0:16   차
329 26조(방동석)10 드로모스            기   07:27     07:38       0:11   차
330 26조(방동석)25 마이데스티니        관   08:22     08:30       0:08   차
331 26조(방동석)30 머니백              관   07:24     07:37       0:14   차
332 26조(방동석) 2 블랙지수            관   06:08     06:20       0:12   차
333 26조(방동석)32 샤이드래건          관   08:01     08:17       0:16   차
334 26조(방동석)22 에이스데이          관   07:19     07:40       0:20   차
335 26조(방동석)12 원더풀오션          관   06:08     06:20       0:13   차
336 26조(방동석)15 퀸오브더월드        관   06:16     06:27       0:11   차
337 26조(방동석)26 톱데이              관   06:42     06:55       0:13   차
338 26조(방동석)28 투오브어스          관   06:45     06:59       0:14   차
339 26조(방동석) 3 판타스틱맨          관   06:42     06:58       0:16   차
340 27조(이상영) 6 무적찰리            관   06:26     06:51       0:25   차
341 27조(이상영) 4 밀리언뱅크          기   08:31     08:52       0:21   차
342 27조(이상영) 3 브레이브킹덤        관   06:28     06:45       0:17   차
343 27조(이상영) 1 블루스카이          관   07:07     07:25       0:17   차
344 27조(이상영)10 오션스톰            기   07:41     07:57       0:16   차
345 27조(이상영)11 윈드위너            기   08:08     08:23       0:15   차
346 27조(이상영) 7 조셉핀퀸            관   09:19     09:40       0:21   차
347 27조(이상영)12 퍼스트파크          관   07:39     07:55       0:16   차
348 27조(이상영)15 해피매직            관   07:41     07:57       0:16   차
349 28조(하무선) 8 다르마              기   08:17     08:30       0:13   차
350 28조(하무선)17 부산소리            관   07:37     07:57       0:20   차
351 28조(하무선) 2 서귀축제            기   07:47     08:07       0:20   차
352 28조(하무선)18 신의전사            기   07:42     07:50       0:08   금
353 28조(하무선) 5 트리플스톰          관   06:58     07:15       0:17   차
354 30조(울즐리)27 갤럭시오브          관   09:00     09:07       0:08   차
355 30조(울즐리)19 더에어              관   07:12     07:29       0:17   차
356 30조(울즐리) 6 덩컨                관   06:37     06:57       0:20   차
357 30조(울즐리)17 로열페넌트          관   07:54     08:06       0:12   차
358 30조(울즐리)22 리멤버미            관   08:31     08:50       0:19   차
359 30조(울즐리)28 마이럴러바이        관   08:22     08:41       0:20   차
360 30조(울즐리)26 미스밸러            관   08:24     08:37       0:13   차
361 30조(울즐리)21 미스터스캣          관   07:48     08:03       0:15   차
362 30조(울즐리) 1 미스터인디          관   07:49     08:03       0:15   차
363 30조(울즐리)34 바운티헌터          관   07:48     08:02       0:13   차
364 30조(울즐리)38 반지의기적          관   06:37     06:49       0:12   차
365 30조(울즐리) 8 반지의매직          관   07:15     07:30       0:15   차
366 30조(울즐리) 4 비제이스텀스        기   06:00     06:11       0:11   차
367 30조(울즐리)33 비제이치프          관   07:13     07:30       0:17   차
368 30조(울즐리)31 선더클라우드        관   09:06     09:19       0:13   차
369 30조(울즐리)32 선셋멜로디          관   07:12     07:30       0:18   금
370 30조(울즐리)43 스나이더            관   07:54     08:05       0:11   차
371 30조(울즐리)44 스페이스마린        관   07:41     07:57       0:16   차
372 30조(울즐리)36 아티스갈            기   06:00     06:11       0:11   차
373 30조(울즐리)41 에코레이디          관   06:39     06:53       0:14   차
374 30조(울즐리) 9 영광의터치          기   06:00     06:13       0:13   차
375 30조(울즐리)29 오렌지개라지        관   06:39     06:53       0:14   차
376 30조(울즐리)35 윈드토커            관   08:31     08:50       0:19   차
377 30조(울즐리) 7 유서프              관   09:11     09:19       0:08   차
378 30조(울즐리)42 인디불패            기   06:00     06:11       0:11   차
379 30조(울즐리)37 천사의노래          관   08:31     08:50       0:19   차
380 30조(울즐리)14 카피댓              관   07:14     07:30       0:17   차
381 30조(울즐리)25 클리어              관   07:11     07:27       0:16   차
382 30조(울즐리) 5 토미리스            관   06:00     06:13       0:12   차
383 30조(울즐리)23 토탈이클립스        관   06:00     06:13       0:12   차
384 30조(울즐리)10 트루밸러            기   06:31     06:44       0:13   차
385 30조(울즐리)30 평화축제            기   06:28     06:39       0:11   차
386 30조(울즐리)18 퓨전퀸              관   08:23     08:35       0:12   차
387 30조(울즐리)15 헌치                관   06:36     06:50       0:14   차
388 31조(라이스)41 굿스타              관   07:34     07:53       0:19   차
389 31조(라이스)20 돌풍                관   06:04     06:15       0:11   차
390 31조(라이스)16 드래건킹            기   06:28     06:41       0:13   차
391 31조(라이스)19 메이저포스          기   06:03     06:13       0:10   차
392 31조(라이스)17 뷰어메이징          기   06:02     06:11       0:09   차
393 31조(라이스)38 블랙올리브          관   06:04     06:15       0:11   차
394 31조(라이스)29 비스틀리            관   07:32     07:46       0:14   차
395 31조(라이스)40 스파이스엑톤        관   08:00     08:19       0:19   차
396 31조(라이스) 4 승리토우트          기   07:33     07:53       0:20   차
397 31조(라이스)21 쏜살                관   06:43     07:04       0:21   차
398 31조(라이스)37 쏜살처럼            기   06:53     07:04       0:11   차
399 31조(라이스)22 알파브이            관   08:00     08:19       0:20   차
400 31조(라이스)33 야생화              기   06:01     06:11       0:10   차
401 31조(라이스) 3 역전명수            관   07:07     07:26       0:20   차
402 31조(라이스)13 월드삭스            관   07:03     07:17       0:14   차
403 31조(라이스)28 위대한함안          관   08:37     08:55       0:18   차
404 31조(라이스)34 인디매직            관   06:43     06:56       0:13   차
405 31조(라이스)12 장산바비            관   06:36     06:51       0:15   차
406 31조(라이스)32 정문드래곤          관   06:08     06:19       0:11   차
407 31조(라이스) 6 퀸마블이지          기   06:01     06:11       0:10   차
408 31조(라이스) 5 퀸앨리              기   06:04     06:15       0:11   차
409 31조(라이스)44 퀸오브하츠          관   07:56     08:10       0:14   차
410 31조(라이스)11 투혼의반석          관   07:22     07:38       0:15   차
411 31조(라이스) 7 픽처재스퍼          기   06:50     07:00       0:10   차
412 31조(라이스) 8 허리케인참          기   06:43     06:54       0:11   차
413 31조(라이스)24 후사이치            관   06:43     06:58       0:16   차
414 32조(임동창) 8 글로벌승리          관   07:01     07:16       0:14   차
415 32조(임동창)16 모신나강            관   07:22     07:37       0:15   차
416 32조(임동창) 6 성실소녀            관   06:19     06:36       0:17   차
417 32조(임동창)15 성실시화            관   06:15     06:29       0:14   차
418 32조(임동창)24 솔인빅투스          관   06:46     07:03       0:17   차
419 32조(임동창)23 용천                기   06:48     07:03       0:15   차
420 32조(임동창) 9 투투라임            관   06:33     06:51       0:19   차
421 32조(임동창)12 하바나제인          기   06:53     07:02       0:09   금
422 33조(권승주)17 갤럽보이            기   06:21     06:38       0:17   차
423 33조(권승주)19 골든위너            관   06:19     06:39       0:21   차
424 33조(권승주)20 골든파워            관   06:10     06:30       0:20   차
425 33조(권승주)15 라온더보스          관   06:52     07:06       0:14   차
426 33조(권승주)16 라온더탱크          관   07:34     07:55       0:21   차
427 33조(권승주)10 라온더파이팅        기   07:05     07:21       0:16   차
428 33조(권승주)44 로켓소리            관   07:52     08:04       0:12   차
429 33조(권승주)34 루사                관   06:29     06:45       0:17   차
430 33조(권승주) 9 마이송              관   07:15     07:26       0:11   차
431 33조(권승주) 8 마하비너스          관   06:56     07:15       0:20   차
432 33조(권승주)11 마하원더            관   08:18     08:41       0:22   차
433 33조(권승주)28 서부특급            관   07:24     07:39       0:15   차
434 33조(권승주) 7 아침빛              기   08:17     08:31       0:14   차
435 33조(권승주)23 알파하트            기   07:58     08:13       0:15   차
436 33조(권승주)35 위대한선택          관   06:19     06:39       0:20   차
437 33조(권승주)42 유아어보스          관   07:11     07:39       0:28   차
438 33조(권승주)40 은성영웅            기   06:28     06:44       0:16   차
439 33조(권승주)26 일강대로            관   08:18     08:40       0:22   차
440 33조(권승주) 4 트리플질주          기   06:49     06:59       0:10   금
441 33조(권승주)29 피플파워            관   07:12     07:38       0:27   차
442 33조(권승주)21 화이트갤로퍼        관   07:02     07:18       0:16   차
443 33조(권승주)22 희망펀치            관   06:35     06:50       0:15   차
━━━━━━━━━━━━━━━━━━━━━━━━━━━━━━━━━━━━━━━
                                                      출력일자 : 2022. 4.23

