

제목 : 22.09.04(일) 조교현황

  ※기승자범례(조:조교사, 관:주로조교, 기:기수, 후:기수후보생)
  ※비고(금:금주출전예정마, 차:차주출전예정마, 특:특대상경주출전예정마)
  ※금주, 차주 또는 특별 대상경주 출전예상마는 출전신청 결과 및
  조교사의 의사에 따라 변동될 수 있는 미확정된 자료이오니 참고하시기 바랍니다.
━━━━━━━━━━━━━━━━━━━━━━━━━━━━━━━━━━━━━━━
  순 소속조 - 조번 마명              기승자 입장시각  퇴장시각  조교시간 비고
━━━━━━━━━━━━━━━━━━━━━━━━━━━━━━━━━━━━━━━
  1  1조(백광열)25 닥터넥스트          관   07:22     07:37       0:15   차
  2  1조(백광열)32 닥터칼리파          관   08:14     08:25       0:11   차
  3  1조(백광열) 2 닥터쿠쿠            관   08:02     08:17       0:15   차
  4  1조(백광열)30 닥터티파니          관   06:49     07:01       0:12   차
  5  1조(백광열) 5 닥터패션            관   06:08     06:27       0:19   차
  6  1조(백광열)12 닥터페로            관   06:07     06:23       0:16   차
  7  1조(백광열)31 대호전설            기   06:50     07:02       0:12   차
  8  1조(백광열) 1 두바이평정          관   06:46     06:57       0:11   차
  9  1조(백광열)26 미스터웰링턴        관   07:22     07:37       0:15   차
 10  1조(백광열) 8 버디버디            관   06:08     06:23       0:15   차
 11  1조(백광열) 6 아델플라이          관   06:44     06:58       0:14   차
 12  1조(백광열)20 아델호랑이          기   06:29     06:52       0:23   차
 13  1조(백광열)36 알파송당            관   07:20     07:34       0:14   차
 14  1조(백광열)13 에이스호랑이        관   08:03     08:18       0:15   차
 15  1조(백광열) 3 연승브라보          관   06:29     06:52       0:23   차
 16  1조(백광열)18 영천솔레미오        관   08:33     08:50       0:17   차
 17  1조(백광열)42 우리다함께          관   08:02     08:18       0:16   차
 18  1조(백광열)37 유로스타            기   06:49     07:01       0:12   차
 19  1조(백광열)41 파인의꿈            관   07:22     07:45       0:23   차
 20  2조(강형곤)38 동부스타            관   06:00     06:14       0:14   차
 21  2조(강형곤)30 동부월드            기   07:32     07:43       0:11   차
 22  2조(강형곤)14 마더마운틴          기   06:19     06:28       0:09   차
 23  2조(강형곤) 8 불의산              관   06:54     07:07       0:13   차
 24  2조(강형곤)17 불의축제            관   07:22     07:38       0:16   차
 25  2조(강형곤)20 비케이가이아        관   06:27     06:42       0:15   차
 26  2조(강형곤)32 비케이뉴문          기   07:40     07:50       0:10   차
 27  2조(강형곤) 6 비케이론            관   06:26     06:39       0:13   차
 28  2조(강형곤)24 비케이파워          관   06:54     07:11       0:17   차
 29  2조(강형곤)23 비케이하나          관   06:00     06:17       0:17   차
 30  2조(강형곤)19 서귀포인트          관   06:00     06:15       0:15   차
 31  2조(강형곤) 3 서귀플래시          관   07:22     07:42       0:20   차
 32  2조(강형곤)45 슈퍼카넬            관   06:26     06:41       0:15   차
 33  2조(강형곤)41 스토미데이          관   06:54     07:07       0:13   차
 34  2조(강형곤)18 스톰어게인          기   07:56     08:10       0:14   차
 35  2조(강형곤)12 스페셜투게더        관   07:22     07:41       0:19   차
 36  2조(강형곤)29 스페셜히어로        관   06:00     06:15       0:15   차
 37  2조(강형곤) 5 최강무지개          기   07:55     08:05       0:10   차
 38  2조(강형곤)40 최강총알            관   06:54     07:07       0:13   차
 39  2조(강형곤)11 투투코인            관   06:27     06:42       0:15   차
 40  3조(문현철)14 대호나라            관   06:58     07:12       0:14   차
 41  3조(문현철) 6 레이디버그          조   08:44     08:59       0:15   차
 42  3조(문현철)13 매직일레븐          관   07:57     08:11       0:14   차
 43  3조(문현철)12 미라클원            관   09:15     09:33       0:18   차
 44  3조(문현철)18 스피드퓨리          관   06:29     06:44       0:15   차
 45  3조(문현철)16 영광의파이트        조   08:22     08:32       0:10   차
 46  3조(문현철)17 짜릿한이순간        관   08:44     08:59       0:15   차
 47  3조(문현철) 2 퀸오브더월드        기   08:08     08:19       0:11   차
 48  3조(문현철) 8 판타스틱맨          기   07:28     07:43       0:15   차
 49  4조(임금만)18 굿탱크              관   06:32     06:46       0:14   차
 50  4조(임금만) 2 그랜드퓨리          관   06:30     06:46       0:16   차
 51  4조(임금만)36 글로벌여제          관   07:07     07:32       0:25   차
 52  4조(임금만) 9 날아라꿀단지        관   06:30     06:46       0:16   차
 53  4조(임금만)22 다이아몬드마린      관   07:07     07:33       0:26   차
 54  4조(임금만)14 디러블리퀸          관   07:07     07:33       0:26   차
 55  4조(임금만) 8 백투더레전드        관   06:00     06:11       0:11   차
 56  4조(임금만) 4 선더퓨리            기   06:26     06:36       0:10   차
 57  4조(임금만)27 에코선              관   06:02     06:14       0:12   차
 58  4조(임금만)19 영광의레전드        관   06:00     06:11       0:11   차
 59  4조(임금만)24 와이즈보이          기   06:49     07:00       0:11   차
 60  4조(임금만)33 장산도끼            관   07:07     07:33       0:26   차
 61  4조(임금만)28 체인지백            기   06:26     06:36       0:10   차
 62  4조(임금만)38 컨피던스마린        관   07:59     08:15       0:16   차
 63  4조(임금만)39 퀸오브스피릿        관   06:30     06:46       0:16   차
 64  4조(임금만)23 판타스틱매직        관   06:01     06:13       0:12   차
 65  4조(임금만)26 황우머니            관   06:32     06:46       0:14   차
 66  6조(구영준)13 날라                조   06:41     07:14       0:33   차
 67  6조(구영준)22 뉴크라운            관   06:13     06:26       0:13   차
 68  6조(구영준)21 대호누리            관   06:08     06:27       0:19   차
 69  6조(구영준)20 대호마              관   08:37     08:52       0:15   차
 70  6조(구영준)18 매버릭              관   08:37     08:56       0:19   차
 71  6조(구영준) 3 바벨퀸              관   07:38     07:57       0:19   차
 72  6조(구영준) 5 바벨포세이돈        기   07:08     07:22       0:14   차
 73  6조(구영준)10 뷰티브라운          관   08:02     08:18       0:16   차
 74  6조(구영준)24 우승헌터            관   08:37     08:51       0:14   차
 75  6조(구영준)14 운주글로벌          관   06:59     07:13       0:14   차
 76  6조(구영준)12 윈드크로스          관   07:38     07:57       0:19   차
 77  6조(구영준) 1 컨피던트            관   06:59     07:13       0:14   차
 78  6조(구영준) 2 컬러윈드            관   07:26     07:46       0:20   차
 79  6조(구영준) 8 퍼스트메니          관   08:37     08:56       0:19   차
 80  7조(김병학)24 나르캣              관   07:00     07:16       0:16   차
 81  7조(김병학)19 네임드              기   06:45     06:55       0:10   차
 82  7조(김병학) 3 라이트스토리        관   07:30     07:45       0:15   차
 83  7조(김병학)35 럭키브레이크        관   07:28     07:43       0:15   차
 84  7조(김병학)14 마이플레저          관   06:30     06:50       0:20   차
 85  7조(김병학)36 매직큐              관   07:02     07:17       0:15   차
 86  7조(김병학)38 바비스패로우        관   06:00     06:20       0:21   차
 87  7조(김병학) 8 뷰티풀라이프        관   06:30     06:50       0:20   차
 88  7조(김병학) 7 아이윌비프리        관   07:53     08:08       0:15   차
 89  7조(김병학)16 언브레이크          기   06:26     06:40       0:14   차
 90  7조(김병학)27 에스엘킹            기   08:20     08:35       0:15   차
 91  7조(김병학)13 에이스코리아        관   06:00     06:20       0:20   차
 92  7조(김병학)31 엔들리스러닝        관   06:50     07:05       0:15   차
 93  7조(김병학) 2 와이즈킹            관   08:24     08:40       0:16   차
 94  7조(김병학)20 킹오브글로리        기   07:24     07:42       0:18   차
 95  7조(김병학) 6 킹오브더이어        관   07:26     07:42       0:16   차
 96  7조(김병학)37 플라잉터치          관   06:00     06:20       0:20   차
 97  7조(김병학)18 해브어굿이어        관   08:24     08:40       0:16   차
 98  7조(김병학)33 헬로선샤인          기   06:00     06:20       0:20   차
 99  8조(토마스)36 골드탭              기   06:00     06:12       0:12   차
100  8조(토마스) 1 그레이트굿          관   07:00     07:09       0:09   차
101  8조(토마스)26 꽃과구름            관   06:18     06:29       0:11   차
102  8조(토마스)25 꽃무리              관   06:17     06:27       0:10   차
103  8조(토마스)15 라인브레이커        관   06:00     06:11       0:11   차
104  8조(토마스) 2 미드나이트퀸        기   06:26     06:38       0:12   차
105  8조(토마스) 4 바벨드리머          기   06:00     06:09       0:09   차
106  8조(토마스)41 비제이미스          관   06:47     07:01       0:14   차
107  8조(토마스)39 서부캣              관   07:30     07:45       0:15   차
108  8조(토마스)14 서부퀸              관   07:01     07:15       0:14   차
109  8조(토마스)42 소니퀸이지          관   06:47     07:01       0:14   차
110  8조(토마스) 9 소닉킹이지          관   06:00     06:10       0:10   차
111  8조(토마스)27 스카이모어          관   07:31     07:44       0:13   차
112  8조(토마스)35 스텔루나            관   07:37     07:48       0:11   차
113  8조(토마스)31 아서킹이지          관   06:01     06:14       0:13   차
114  8조(토마스) 7 아임킹이지          기   06:21     06:33       0:12   차
115  8조(토마스)11 영광의에이스        관   06:29     06:45       0:16   차
116  8조(토마스)16 울트라파워          관   08:02     08:17       0:15   차
117  8조(토마스)19 원더풀앤도버        기   06:00     06:14       0:14   차
118  8조(토마스) 6 원더풀임팩트        관   08:01     08:31       0:30   차
119  8조(토마스)34 천마파워            관   07:12     07:26       0:14   차
120  8조(토마스)28 톱파이어            관   06:00     06:14       0:14   차
121  8조(토마스)24 파워플레인          관   07:26     07:45       0:19   차
122  8조(토마스)38 페가콘              관   06:30     06:44       0:14   차
123  8조(토마스)32 플레이더인디        관   07:26     07:40       0:14   차
124  8조(토마스)21 한라누리            관   06:25     06:37       0:12   차
125  8조(토마스)40 해피우먼            관   06:00     06:10       0:10   차
126  9조(양귀선)19 금빛스카이          관   07:00     07:16       0:16   차
127  9조(양귀선)38 나인포스원          관   06:00     06:14       0:14   차
128  9조(양귀선) 6 대지스페셜          관   06:52     07:06       0:14   차
129  9조(양귀선)27 로드투드림          관   08:03     08:23       0:20   차
130  9조(양귀선)20 로드투브이          관   06:52     07:06       0:14   차
131  9조(양귀선)40 로키블리스          관   06:34     06:49       0:15   차
132  9조(양귀선)10 메니어게인          관   07:21     07:33       0:12   차
133  9조(양귀선)16 바벨선샤인          관   06:34     06:54       0:20   차
134  9조(양귀선)36 바벨히트            관   07:17     07:41       0:24   차
135  9조(양귀선)29 선더킹              기   06:28     06:39       0:11   차
136  9조(양귀선) 7 슈퍼크랙            기   07:20     07:33       0:13   차
137  9조(양귀선)26 스카이펀치          관   07:11     07:33       0:22   차
138  9조(양귀선)11 아이러브한센        관   07:20     07:33       0:13   차
139  9조(양귀선) 3 온누리질주          관   06:28     06:41       0:13   차
140  9조(양귀선)15 우승무패            관   06:05     06:26       0:21   차
141  9조(양귀선)33 원더풀킹            관   06:00     06:18       0:18   차
142  9조(양귀선)41 켈리퀸              관   06:05     06:27       0:22   차
143  9조(양귀선) 9 파이트패밀리        관   07:11     07:26       0:15   차
144  9조(양귀선)13 하늘전사            관   06:40     06:59       0:19   차
145  9조(양귀선)22 한라백두            기   06:01     06:14       0:13   차
146  9조(양귀선)17 함평맨              기   06:45     07:00       0:15   차
147  9조(양귀선)12 핼러윈파티          관   06:01     06:22       0:21   차
148 10조(구민성) 9 그랜드축제          관   07:48     08:11       0:23   차
149 10조(구민성)32 그레이트댄스        관   07:20     07:28       0:08   차
150 10조(구민성)26 대지물결            관   06:29     06:45       0:16   차
151 10조(구민성)27 대지플라이          관   06:35     06:54       0:19   차
152 10조(구민성)19 서던조이            관   06:28     06:41       0:13   차
153 10조(구민성)24 스마일보이          기   07:44     07:56       0:12   차
154 10조(구민성)22 영봉산              기   07:23     07:34       0:11   차
155 10조(구민성)16 이터널에이스        관   07:16     07:30       0:14   차
156 10조(구민성)10 좋구먼              관   07:01     07:13       0:12   차
157 10조(구민성) 2 함평이즈백          관   08:12     08:30       0:19   차
158 10조(구민성)20 해피브리애나        관   08:12     08:31       0:19   차
159 10조(구민성) 4 핼러윈데이          관   07:01     07:13       0:12   차
160 11조(김영민) 2 그래핀퀸            관   06:14     06:37       0:23   차
161 11조(김영민)19 그래핀킹            관   06:48     06:57       0:09   차
162 11조(김영민) 8 기적의적토마        관   06:13     06:33       0:20   차
163 11조(김영민) 6 나이스투데이        관   07:10     07:36       0:26   차
164 11조(김영민)20 뉴커넥트            조   06:28     06:48       0:20   차
165 11조(김영민)15 라이트세이버        관   07:22     07:42       0:20   차
166 11조(김영민)14 맨오브더월드        관   06:10     06:25       0:15   차
167 11조(김영민) 5 블루챔프            관   06:05     06:16       0:11   차
168 11조(김영민) 4 석세스배틀          관   08:07     08:22       0:15   차
169 11조(김영민) 9 석세스타임          관   07:10     07:32       0:22   차
170 11조(김영민)11 선샤인스타          관   06:28     06:48       0:20   차
171 11조(김영민) 3 언매치드            관   08:06     08:22       0:16   차
172 11조(김영민)12 캐치더스카이        관   06:45     07:01       0:16   차
173 11조(김영민)18 킹브라더            관   07:58     08:20       0:22   차
174 11조(김영민)17 해운대스타          관   07:22     07:42       0:20   차
175 11조(김영민) 1 해운대전설          관   08:07     08:22       0:15   차
176 12조(조용배) 3 두승산캠프          관   08:11     08:22       0:11   차
177 12조(조용배)12 리아논포인트        관   06:38     06:50       0:12   차
178 12조(조용배) 6 배다리아이콘        관   06:00     06:16       0:16   차
179 12조(조용배) 5 온누리강자          관   07:37     07:51       0:14   차
180 12조(조용배)21 우드스턱            관   06:34     06:58       0:24   차
181 12조(조용배)13 천마하서            관   07:55     08:14       0:19   차
182 12조(조용배)16 청마영웅            관   07:38     07:50       0:12   차
183 12조(조용배) 4 청마황후            관   08:33     08:44       0:11   차
184 12조(조용배) 7 쾌한황금            관   08:48     09:02       0:14   차
185 12조(조용배)19 클라우드러브        관   07:19     07:49       0:30   차
186 12조(조용배)22 패스트건            관   07:19     07:49       0:30   차
187 12조(조용배) 2 호크모스            관   06:34     06:57       0:23   차
188 13조(박재호)18 나이트메어          관   06:07     06:26       0:19   차
189 13조(박재호) 1 다이아스피릿        관   06:09     06:26       0:18   차
190 13조(박재호)15 드림비전            조   07:28     07:50       0:22   차
191 13조(박재호) 9 로즈파이터          조   06:49     07:03       0:14   차
192 13조(박재호) 3 비전월드            관   07:27     07:50       0:23   차
193 13조(박재호)22 원더풀어필          관   06:49     07:00       0:12   차
194 13조(박재호)24 인투마린            관   06:49     07:04       0:15   차
195 13조(박재호) 2 인트라플라잉        관   06:48     07:04       0:16   차
196 13조(박재호)26 저스트위너          조   06:07     06:26       0:19   차
197 13조(박재호)14 초이스로드          관   07:28     07:50       0:23   차
198 13조(박재호) 4 총알참              관   06:08     06:28       0:20   차
199 14조(윤영훈)10 금빛여장군          관   08:32     08:46       0:15   차
200 14조(윤영훈) 9 리벤지쿠로          기   06:50     07:04       0:14   차
201 14조(윤영훈)14 마크원              관   08:11     08:39       0:28   차
202 14조(윤영훈)24 승리의불길          기   07:27     07:46       0:19   차
203 14조(윤영훈) 8 신비한강자          관   07:27     07:45       0:18   차
204 14조(윤영훈)20 오르다              관   08:16     08:27       0:11   차
205 14조(윤영훈) 6 유핑                관   06:50     07:05       0:15   차
206 14조(윤영훈)11 진마크              관   07:03     07:22       0:18   차
207 14조(윤영훈)16 천마브라보          관   06:14     06:39       0:25   차
208 14조(윤영훈)15 청담드라이브        관   06:20     06:43       0:23   차
209 14조(윤영훈)23 칼마크              관   07:21     07:47       0:26   차
210 14조(윤영훈)22 케이비보스          기   08:06     08:22       0:16   차
211 15조(안우성)35 갤런트워리어        관   06:45     07:00       0:15   차
212 15조(안우성) 4 구디                관   07:25     07:37       0:12   차
213 15조(안우성)18 낙동전사            관   06:44     06:52       0:08   차
214 15조(안우성)19 라온더할리          관   08:11     08:30       0:19   차
215 15조(안우성)12 라온스트롱          관   08:10     08:24       0:14   차
216 15조(안우성)22 무한열정            관   06:00     06:13       0:13   차
217 15조(안우성)30 스카이제주향        관   07:42     07:54       0:12   차
218 15조(안우성)34 스타퓨리            관   08:10     08:24       0:14   차
219 15조(안우성) 9 아너칼              관   07:24     07:37       0:13   차
220 15조(안우성)24 아트켈리            기   06:12     06:27       0:15   차
221 15조(안우성)31 얼라이브캡틴        관   06:03     06:19       0:16   차
222 15조(안우성) 1 예스퍼펙트          관   07:26     07:40       0:14   차
223 15조(안우성)32 올크라운            관   06:56     07:12       0:16   차
224 15조(안우성) 6 주말보배            관   07:27     07:53       0:26   차
225 15조(안우성) 5 켄드릭              관   06:45     06:58       0:13   차
226 15조(안우성)14 크라운킹스타        관   06:03     06:20       0:17   차
227 15조(안우성) 7 트라이엄프킹        기   06:48     07:03       0:15   차
228 15조(안우성)16 패스트퓨리          관   06:04     06:18       0:14   차
229 15조(안우성)36 플라잉다이아        관   06:23     06:43       0:20   차
230 15조(안우성)15 플라잉리걸          관   07:54     08:12       0:18   차
231 17조(장세한)32 고흥클래스          관   07:20     07:48       0:28   차
232 17조(장세한)28 그레이트인디        관   08:54     09:05       0:11   차
233 17조(장세한)21 낭만대로            관   06:00     06:15       0:15   차
234 17조(장세한) 6 낭만전사            기   07:20     07:31       0:11   차
235 17조(장세한)23 다이아포스          관   07:20     07:31       0:11   차
236 17조(장세한)29 딴봉퀸              관   08:07     08:34       0:27   차
237 17조(장세한)30 마이스타            관   08:06     08:18       0:12   차
238 17조(장세한)16 매직플라잉          기   07:38     07:54       0:16   차
239 17조(장세한)33 브레드히트          관   08:08     08:35       0:27   차
240 17조(장세한)15 블랙볼트            관   08:56     09:13       0:17   차
241 17조(장세한)31 성실천하            관   06:00     06:16       0:16   차
242 17조(장세한)12 와칸다              관   08:16     08:32       0:16   차
243 17조(장세한)19 장성대로            관   06:12     06:34       0:22   차
244 17조(장세한)13 저스트윈            관   08:52     09:06       0:14   차
245 17조(장세한) 4 청호보스            관   06:32     06:51       0:19   차
246 17조(장세한)34 칼잡이              관   08:08     08:35       0:27   차
247 17조(장세한)22 크라운펑키          관   06:23     06:38       0:15   차
248 17조(장세한)26 푸른열정            관   07:20     07:48       0:28   차
249 17조(장세한)25 해브어굿타임        관   06:50     07:08       0:18   차
250 18조(이정표)20 노던라이츠          관   06:00     06:12       0:12   차
251 18조(이정표)18 명성탑걸            관   06:05     06:12       0:07   차
252 18조(이정표)23 모닝선더            관   06:18     06:32       0:14   차
253 18조(이정표) 9 사이먼탑건          관   06:05     06:24       0:19   차
254 18조(이정표) 7 어메이징무브        관   06:42     07:03       0:21   차
255 18조(이정표)26 에이원스            기   06:25     06:39       0:14   차
256 18조(이정표) 4 타이탄케이          기   06:45     06:55       0:10   차
257 18조(이정표)10 탐라하늘            기   07:03     07:12       0:09   차
258 18조(이정표)22 함안백이산          관   06:42     07:02       0:20   차
259 19조(김영관)32 강서루다            관   06:51     07:05       0:14   차
260 19조(김영관)18 강서불패            관   07:42     07:57       0:15   차
261 19조(김영관) 4 금아스타리          관   08:45     09:00       0:15   차
262 19조(김영관) 5 금아우노            관   07:17     07:33       0:16   차
263 19조(김영관)24 금아휴즈히트        기   06:23     06:40       0:17   차
264 19조(김영관)37 나이스최강          관   06:23     06:40       0:17   차
265 19조(김영관)36 동트자보이          관   06:00     06:15       0:15   차
266 19조(김영관) 9 럭키스트걸          관   08:45     09:00       0:15   차
267 19조(김영관)11 마군                관   06:23     06:39       0:16   차
268 19조(김영관)13 몽땅                관   08:11     08:29       0:18   차
269 19조(김영관)28 바람바람            관   09:16     09:30       0:14   차
270 19조(김영관)16 부산항갈매기        기   06:00     06:12       0:12   차
271 19조(김영관)38 스타클래스          관   07:43     07:56       0:13   차
272 19조(김영관)33 어게인터치          관   07:17     07:33       0:16   차
273 19조(김영관)21 장산디파이          관   08:12     08:25       0:13   차
274 19조(김영관) 6 장산레몬            관   06:51     07:05       0:14   차
275 19조(김영관)25 터치스타맨          관   06:00     06:14       0:14   차
276 19조(김영관)31 파워사운드          기   09:16     09:30       0:14   차
277 19조(김영관)34 폴투윈              관   08:44     09:00       0:16   차
278 20조(최기홍) 9 그레이트미스        관   09:05     09:18       0:13   차
279 20조(최기홍) 5 베스트듀오          관   08:29     08:50       0:21   차
280 20조(최기홍) 6 성치대로            관   08:21     08:31       0:10   차
281 20조(최기홍) 7 송도갈매기          관   09:27     09:37       0:10   차
282 20조(최기홍)10 영성프린스          관   08:38     08:54       0:16   차
283 20조(최기홍)12 오케이드림          관   08:38     08:53       0:15   차
284 20조(최기홍)23 오케이선더          관   06:42     06:56       0:14   차
285 20조(최기홍)24 오케이스타          관   08:01     08:14       0:13   차
286 20조(최기홍)14 창창대로            관   08:29     08:50       0:21   차
287 20조(최기홍) 3 퀸오브더퀸          관   07:40     07:53       0:13   차
288 20조(최기홍)16 해피송송            관   09:01     09:18       0:17   차
289 20조(최기홍)17 히어더퀸            관   09:05     09:18       0:13   차
290 21조(민장기)11 골든매직            관   06:10     06:25       0:15   차
291 21조(민장기)40 골든선더볼트        관   08:07     08:22       0:15   차
292 21조(민장기)32 골든포인트          기   07:22     07:37       0:15   차
293 21조(민장기)17 그레이챔프          관   08:42     09:09       0:27   차
294 21조(민장기)38 델릴라              관   07:19     07:44       0:25   차
295 21조(민장기) 8 돌아온포경선        관   07:19     07:30       0:11   차
296 21조(민장기)36 런투킹              관   06:41     07:00       0:19   차
297 21조(민장기)28 석세스모카          관   08:06     08:18       0:12   차
298 21조(민장기)21 석세스영광          관   06:42     06:59       0:17   차
299 21조(민장기)13 어나더원            관   08:42     09:09       0:27   차
300 21조(민장기)22 와일드블루          관   07:21     07:31       0:10   차
301 21조(민장기) 2 운주마하            관   06:42     06:59       0:17   차
302 21조(민장기)29 운주오션            관   07:03     07:13       0:10   차
303 21조(민장기)26 원더풀월드          관   06:07     06:22       0:15   차
304 21조(민장기)20 월드클래스캣        기   06:42     06:53       0:11   차
305 21조(민장기)35 위드스타            관   06:10     06:24       0:14   차
306 21조(민장기)37 이글스타            관   07:53     08:05       0:12   차
307 21조(민장기)23 자이언츠스텝        관   06:10     06:25       0:15   차
308 21조(민장기)25 절대보스            기   06:43     06:53       0:10   차
309 21조(민장기) 9 정든로              기   06:16     06:34       0:18   차
310 21조(민장기)33 캡틴코만도          관   07:19     07:37       0:18   차
311 21조(민장기)31 탑스타              기   07:03     07:14       0:11   차
312 21조(민장기) 4 터보여걸            관   07:19     07:44       0:25   차
313 21조(민장기)12 특급캠프            관   06:42     06:53       0:11   차
314 21조(민장기)27 하늘제왕            관   06:41     06:58       0:17   차
315 22조(강은석)12 글로리킹            관   06:00     06:13       0:13   차
316 22조(강은석)13 사랑채              관   06:51     07:16       0:25   차
317 22조(강은석) 9 시티위크            관   06:51     07:16       0:25   차
318 22조(강은석)17 아너퀸              관   07:27     07:47       0:20   차
319 22조(강은석) 1 운주히어로          관   06:23     06:39       0:16   차
320 22조(강은석) 4 정수시대            관   06:23     06:39       0:16   차
321 22조(강은석)15 천년의구름          관   06:00     06:13       0:13   차
322 23조(손병직)14 수소파워            조   07:46     08:00       0:14   차
323 23조(손병직)19 에이프릴퀸          기   06:22     06:33       0:11   차
324 23조(손병직)17 원더풀바우          조   06:42     07:07       0:25   차
325 23조(손병직) 4 조셉핀퀸            조   06:00     06:32       0:32   차
326 23조(손병직)15 채스팔팔            조   07:17     07:43       0:26   차
327 23조(손병직)13 천하넘버원          기   06:00     06:12       0:12   차
328 23조(손병직)10 키튼스킹            조   08:33     08:49       0:16   차
329 23조(손병직) 2 퍼팩트위너          조   08:01     08:31       0:30   차
330 23조(손병직) 9 함안방어산          기   07:48     08:06       0:18   차
331 23조(손병직)11 함안봉화산          조   08:53     09:18       0:25   차
332 24조(김길중) 7 갤럭시로드          관   06:17     06:30       0:13   차
333 24조(김길중)14 로열골드            기   06:00     06:08       0:08   차
334 24조(김길중)17 록스                관   06:44     06:58       0:14   차
335 24조(김길중)21 말리부별            관   06:00     06:08       0:08   차
336 24조(김길중)31 보람이              기   06:18     06:29       0:11   차
337 24조(김길중) 6 스타마타            기   06:17     06:29       0:12   차
338 24조(김길중) 4 스트리트록          관   06:44     06:57       0:13   차
339 24조(김길중)29 잣나무길            기   06:00     06:07       0:07   차
340 24조(김길중)32 킹비드              관   06:16     06:27       0:11   차
341 24조(김길중) 3 희망의아침          기   06:44     06:58       0:14   차
342 26조(방동석) 5 고수의파워          관   06:11     06:22       0:11   차
343 26조(방동석)31 바베어리언          관   08:17     08:27       0:10   차
344 26조(방동석) 4 위너스타임          관   07:05     07:16       0:11   차
345 26조(방동석) 1 자이언트칼          관   06:50     07:11       0:21   차
346 26조(방동석)22 톱데이              관   06:10     06:27       0:17   차
347 26조(방동석)23 해피태양            관   06:51     07:05       0:14   차
348 26조(방동석)20 히트예감            관   07:36     07:53       0:17   차
349 27조(이상영) 5 금아니피            관   06:09     06:23       0:14   차
350 27조(이상영) 6 라스트가디언        기   06:31     06:51       0:20   차
351 27조(이상영) 7 쏜살                관   06:09     06:24       0:15   차
352 27조(이상영)10 아무르              기   06:45     06:56       0:11   차
353 27조(이상영) 2 윈드파크            관   06:45     06:59       0:14   차
354 28조(하무선)26 부미스타            관   06:33     06:47       0:14   차
355 28조(하무선)14 아쿠아리우스        관   08:45     08:55       0:09   차
356 28조(하무선)16 이캐시              관   07:29     07:47       0:18   차
357 28조(하무선) 1 제트캐시            관   06:27     06:42       0:15   차
358 28조(하무선)13 최강두드림          관   06:16     06:26       0:10   차
359 28조(하무선)22 커널플라잉          관   08:17     08:26       0:09   차
360 28조(하무선) 7 컬러풀윈드          관   06:56     07:10       0:14   차
361 28조(하무선)11 타우루스킹          관   07:29     07:47       0:18   차
362 28조(하무선)15 해피피버            관   06:48     07:04       0:16   차
363 30조(울즐리) 3 드림오브퀸          관   07:03     07:12       0:09   차
364 30조(울즐리)18 라카르타            관   07:45     08:09       0:24   차
365 30조(울즐리)17 로열페넌트          기   06:25     06:41       0:16   차
366 30조(울즐리)15 리턴오브섭서디      관   06:23     06:33       0:10   차
367 30조(울즐리)16 마이맨트라          관   07:04     07:22       0:18   차
368 30조(울즐리)11 미스인디            기   06:27     06:42       0:15   차
369 30조(울즐리)22 미스터밸러          관   06:00     06:10       0:10   차
370 30조(울즐리)32 선셋멜로디          기   06:00     06:10       0:10   차
371 30조(울즐리)26 솔레다드            관   07:44     07:58       0:14   차
372 30조(울즐리)24 시에라선셋          관   07:04     07:22       0:18   차
373 30조(울즐리) 9 영광의터치          기   06:57     07:14       0:17   차
374 30조(울즐리)45 영광의패밀리        관   07:43     07:58       0:15   차
375 30조(울즐리)29 오렌지개라지        관   06:45     06:59       0:14   차
376 30조(울즐리)20 인세이셔블          관   06:00     06:13       0:13   차
377 30조(울즐리)12 정문스펙터          기   06:00     06:11       0:11   차
378 30조(울즐리) 8 챔프고              관   06:30     06:43       0:13   차
379 30조(울즐리)14 카피댓              관   06:00     06:13       0:13   차
380 30조(울즐리) 1 트래픽마린          관   07:06     07:22       0:16   차
381 30조(울즐리)37 패트리엇            관   06:31     06:44       0:13   차
382 30조(울즐리)30 평화축제            기   06:00     06:11       0:11   차
383 30조(울즐리)38 프리깃버드          관   06:32     06:44       0:12   차
384 30조(울즐리)21 해피블루            관   07:45     08:09       0:24   차
385 30조(울즐리)28 해피째즈            관   07:45     07:59       0:14   차
386 30조(울즐리)13 행복축제            기   06:57     07:14       0:17   차
387 31조(라이스)21 굿삭스              관   06:01     06:14       0:13   차
388 31조(라이스)12 그린치프            관   06:44     06:55       0:11   차
389 31조(라이스) 1 그린파파고          기   06:00     06:12       0:12   차
390 31조(라이스) 6 다이니지            관   06:30     06:42       0:12   차
391 31조(라이스)20 더블탭              기   07:24     07:34       0:10   차
392 31조(라이스)10 드래건킹            관   06:42     06:55       0:13   차
393 31조(라이스)17 뷰어메이징          관   07:23     07:37       0:14   차
394 31조(라이스)14 새비지걸            관   07:38     07:50       0:12   차
395 31조(라이스)37 쏜살처럼            기   07:00     07:11       0:11   차
396 31조(라이스) 7 알렉킹이지          관   08:12     08:26       0:14   차
397 31조(라이스)22 알파브이            관   08:10     08:18       0:08   차
398 31조(라이스)30 에이스솔로몬        관   07:24     07:31       0:07   차
399 31조(라이스)13 월드삭스            관   07:49     07:56       0:07   차
400 31조(라이스)28 장산블랙            기   06:01     06:12       0:11   차
401 31조(라이스)32 정문드래곤          관   06:05     06:22       0:17   차
402 31조(라이스)27 정문치타            관   08:12     08:26       0:14   차
403 31조(라이스)16 정문코빗            관   07:02     07:12       0:10   차
404 31조(라이스)11 투혼의반석          관   06:04     06:20       0:16   차
405 31조(라이스)36 프리티참            관   07:03     07:10       0:07   차
406 31조(라이스)25 후사이치            관   06:41     06:56       0:15   차
407 32조(임동창)19 글로벌최고          관   06:37     06:54       0:17   차
408 32조(임동창)16 모신나강            관   07:45     08:03       0:18   차
409 32조(임동창)22 성실스타            관   06:37     06:54       0:17   차
410 32조(임동창)14 쿠케난              기   08:17     08:27       0:10   차
411 32조(임동창)12 하바나제인          관   06:02     06:18       0:16   차
412 33조(권승주)17 갤럽보이            관   07:00     07:14       0:14   차
413 33조(권승주)11 다이아보스          관   07:13     07:26       0:13   차
414 33조(권승주) 5 도쿄케이            관   08:19     08:37       0:18   차
415 33조(권승주)10 라온더파이팅        기   06:00     06:15       0:15   차
416 33조(권승주) 1 블루아이콘          기   07:07     07:20       0:13   차
417 33조(권승주)36 샤이닝보스          기   07:07     07:20       0:13   차
418 33조(권승주)30 선라이트보이        관   07:52     08:08       0:16   차
419 33조(권승주)24 알파브라보          관   07:03     07:16       0:13   차
420 33조(권승주)23 알파하트            관   06:42     06:54       0:12   차
421 33조(권승주)38 윈드모어            기   07:12     07:26       0:14   차
422 33조(권승주)26 일강대로            기   07:52     08:02       0:10   차
423 33조(권승주) 3 일념천하            기   07:13     07:22       0:09   차
424 33조(권승주) 2 일념통천            기   06:01     06:16       0:15   차
425 33조(권승주)33 축복열차            관   07:53     08:08       0:15   차
426 33조(권승주)31 케이골드바          관   07:52     08:10       0:18   차
427 33조(권승주) 7 케이케이원          기   06:00     06:14       0:14   차
428 33조(권승주)39 톱프렌드            기   07:12     07:26       0:14   차
429 33조(권승주)41 파이터스타          관   07:03     07:17       0:15   차
430 33조(권승주)21 화이트갤로퍼        관   06:29     06:45       0:16   차
━━━━━━━━━━━━━━━━━━━━━━━━━━━━━━━━━━━━━━━
                                                      출력일자 : 2022. 9. 4

