

제목 : 22.12.17(토) 조교현황

  ※기승자범례(조:조교사, 관:주로조교, 기:기수, 후:기수후보생)
  ※비고(금:금주출전예정마, 차:차주출전예정마, 특:특대상경주출전예정마)
  ※금주, 차주 또는 특별 대상경주 출전예상마는 출전신청 결과 및
  조교사의 의사에 따라 변동될 수 있는 미확정된 자료이오니 참고하시기 바랍니다.
━━━━━━━━━━━━━━━━━━━━━━━━━━━━━━━━━━━━━━━
  순 소속조 - 조번 마명              기승자 입장시각  퇴장시각  조교시간 비고
━━━━━━━━━━━━━━━━━━━━━━━━━━━━━━━━━━━━━━━
  1  1조(박종곤)26 라온더펄            기   07:03     07:13       0:10   차
  2  1조(박종곤)35 라온슈퍼킹          관   07:23     07:36       0:13   차
  3  1조(박종곤)10 라온자이언트        관   07:33     07:46       0:13   차
  4  1조(박종곤)14 라온포레스트        관   07:12     07:24       0:12   차
  5  1조(박종곤)28 라온홀리데이        관   07:23     07:36       0:13   차
  6  1조(박종곤) 4 문학보스            관   06:47     07:00       0:13   차
  7  2조(손영표)25 금성환희            기   06:11     06:22       0:11   차
  8  2조(손영표) 2 드럼메이저          관   07:57     08:10       0:13   차
  9  2조(손영표)13 미르포인트          관   07:04     07:22       0:18   차
 10  2조(손영표)16 쏘아라가가          기   07:13     07:27       0:14   차
 11  2조(손영표)31 오섬스프링스        기   06:33     06:43       0:10   차
 12  2조(손영표)26 퍼펙트타임          기   06:16     06:28       0:12   차
 13  3조(최영주) 2 너트플레이          관   07:46     08:01       0:15   특
 14  3조(최영주)25 뉴청파              관   06:36     06:46       0:10   차
 15  3조(최영주)10 러너몬스터          기   06:43     06:55       0:12   차
 16  3조(최영주)17 임페리얼본          관   07:31     07:42       0:11   차
 17  3조(최영주)28 질주본              기   07:35     07:48       0:13   차
 18  3조(최영주)22 투혼기상            기   07:15     07:26       0:11   차
 19  3조(최영주)26 피엔에스더킹        관   06:35     06:43       0:08   차
 20  3조(최영주)23 피엔에스얀          관   07:15     07:25       0:10   차
 21  3조(최영주)16 행복한문막          관   06:27     06:36       0:09   차
 22  4조(박윤규)31 강자의빛            관   08:36     08:53       0:17   차
 23  4조(박윤규)15 걸작드림            관   07:50     08:03       0:13   차
 24  4조(박윤규)13 걸작선              기   06:44     06:54       0:10   특
 25  4조(박윤규)35 걸작투어            기   07:03     07:14       0:11   차
 26  4조(박윤규)25 굿필승              관   08:41     08:59       0:18   차
 27  4조(박윤규) 2 도레미송            관   06:20     06:42       0:22   차
 28  4조(박윤규)34 라누트              관   06:18     06:36       0:18   차
 29  4조(박윤규)40 매니킹              관   07:23     07:38       0:15   차
 30  4조(박윤규)32 멋진강호            관   08:04     08:16       0:12   차
 31  4조(박윤규) 8 시크릿왕자          기   07:32     07:45       0:13   차
 32  4조(박윤규)20 월드킹맨            기   07:17     07:29       0:12   차
 33  4조(박윤규) 5 천지광풍            관   06:48     07:09       0:21   차
 34  4조(박윤규) 3 티파니블루          관   09:04     09:20       0:16   차
 35  4조(박윤규)36 피엔에스탑          관   09:03     09:15       0:12   차
 36  4조(박윤규)38 하얀왕자            관   07:32     07:48       0:16   차
 37  4조(박윤규) 1 황금달빛            기   07:21     07:32       0:11   금
 38  4조(박윤규) 7 희망의찬가          관   06:20     06:42       0:22   차
 39  5조(우창구)35 금전사              관   07:49     08:00       0:11   차
 40  5조(우창구)14 럭키바운스          기   07:43     07:54       0:11   차
 41  5조(우창구)16 몬스터케이          관   06:26     06:43       0:17   차
 42  5조(우창구)32 서울라이언          관   06:30     06:48       0:18   차
 43  5조(우창구)34 서울태양            관   07:50     08:02       0:12   차
 44  5조(우창구)13 선더타임            관   08:02     08:09       0:07   특
 45  5조(우창구)23 위너영              관   06:31     06:50       0:19   차
 46  5조(우창구)24 장비무지개          관   07:37     07:49       0:12   차
 47  5조(우창구) 1 점순이고            관   07:10     07:21       0:11   차
 48  5조(우창구) 8 한강스카이          관   07:13     07:24       0:11   차
 49  5조(우창구)22 히트파워            관   07:13     07:24       0:11   차
 50  6조(홍대유)28 그린드래건          기   06:26     06:37       0:11   차
 51  6조(홍대유)19 내길의별            관   06:57     07:19       0:22   차
 52  6조(홍대유)38 미스샤프            기   06:11     06:26       0:15   차
 53  6조(홍대유)23 새내선              관   08:08     08:21       0:13   차
 54  6조(홍대유)26 선더브라보          관   06:58     07:13       0:15   차
 55  6조(홍대유) 8 섬싱로스트          관   06:57     07:19       0:22   차
 56  6조(홍대유)12 안양호랑이          관   08:03     08:12       0:09   차
 57  6조(홍대유)34 연희사랑            관   08:08     08:21       0:13   차
 58  6조(홍대유)31 정문볼트            관   07:33     07:42       0:09   특
 59  6조(홍대유)17 정문사이            관   06:26     06:44       0:18   차
 60  6조(홍대유)32 정문에이스          기   07:35     07:43       0:08   차
 61  6조(홍대유)27 킹스아이            관   07:21     07:32       0:11   특
 62  6조(홍대유)30 화이트위치          관   06:47     07:01       0:14   차
 63  7조(구자흥)19 골든플라잉          기   06:53     07:05       0:12   차
 64  7조(구자흥)26 그린다르크          관   07:37     07:48       0:11   차
 65  7조(구자흥)16 그린필스타          관   06:38     06:48       0:10   차
 66  7조(구자흥) 9 대지의여걸          관   07:07     07:18       0:11   차
 67  7조(구자흥) 2 베스트레이디        관   08:12     08:23       0:11   차
 68  7조(구자흥)14 스프링워터          기   06:27     06:38       0:11   차
 69  7조(구자흥)28 정문최강            관   06:13     06:24       0:11   차
 70  7조(구자흥)10 트롤                관   08:12     08:23       0:11   차
 71  8조(최용구) 6 골든서비스          관   08:00     08:11       0:11   차
 72  8조(최용구)16 로열엘비스          관   07:59     08:14       0:15   차
 73  8조(최용구) 1 맬리스퀸            관   06:12     06:24       0:12   차
 74  8조(최용구)24 메이드스타          관   07:42     07:52       0:10   차
 75  8조(최용구)13 백표                관   07:42     07:51       0:09   차
 76  8조(최용구)31 브라보한센          관   06:53     07:07       0:14   차
 77  8조(최용구)22 송암누리            관   06:15     06:28       0:13   차
 78  8조(최용구)15 스피돔              관   08:27     08:39       0:12   차
 79  8조(최용구) 9 아치신              관   06:53     07:07       0:14   차
 80  8조(최용구)29 원더플마고          관   06:12     06:24       0:12   차
 81  8조(최용구)10 유니콘알파          관   07:36     07:50       0:14   차
 82  8조(최용구)23 은혜                관   07:26     07:36       0:10   차
 83  8조(최용구)28 은혜레코드          관   08:27     08:39       0:12   차
 84  8조(최용구)14 큐피드시크          기   06:12     06:25       0:13   차
 85  9조(강성오) 3 대박삭스            관   08:27     08:40       0:13   차
 86  9조(강성오)14 대왕삭스            관   08:04     08:17       0:13   차
 87  9조(강성오)13 로열태리            관   06:20     06:36       0:16   차
 88  9조(강성오)25 리드미컬            관   07:52     08:04       0:12   차
 89  9조(강성오)23 바덴바덴            관   07:00     07:18       0:18   차
 90  9조(강성오)16 베스퍼              관   07:00     07:14       0:14   차
 91  9조(강성오)17 비전스타            관   08:50     09:02       0:12   차
 92  9조(강성오)38 절대가치            관   06:20     06:36       0:16   차
 93  9조(강성오) 9 최강돌풍            관   06:20     06:36       0:16   차
 94  9조(강성오) 1 케이모션            관   07:52     08:08       0:16   차
 95  9조(강성오)36 킹심바              관   07:57     08:10       0:13   차
 96  9조(강성오)18 톱티어              관   07:00     07:18       0:18   차
 97  9조(강성오) 7 퍼미션투윈          관   06:20     06:36       0:16   차
 98  9조(강성오)29 하얀태양            관   07:52     08:08       0:16   차
 99 10조(정호익)12 두손멍군            관   06:13     06:26       0:13   차
100 10조(정호익) 7 두손장군            관   06:45     06:58       0:13   특
101 10조(정호익) 9 두손챔프            관   07:00     07:12       0:12   차
102 10조(정호익) 1 두손클래식          기   08:22     08:35       0:13   차
103 10조(정호익)33 레이스위너          기   08:08     08:20       0:12   차
104 10조(정호익) 6 리버태양            관   08:14     08:27       0:13   금
105 10조(정호익)39 마이원              기   06:21     06:33       0:12   금
106 10조(정호익)10 문학송              관   07:30     07:43       0:13   차
107 10조(정호익)28 문학스톰            관   06:10     06:21       0:11   차
108 10조(정호익)30 문학엠파이어        관   07:25     07:43       0:18   차
109 10조(정호익) 2 문학치프            관   07:59     08:11       0:12   차
110 10조(정호익)25 스마티파이터        관   06:11     06:29       0:18   차
111 10조(정호익)19 원평가속            관   06:14     06:31       0:17   금
112 10조(정호익)36 원평스카이          기   06:10     06:17       0:07   금
113 10조(정호익)13 원평코드            기   06:58     07:12       0:14   특
114 10조(정호익)27 인천캡틴            관   06:30     06:45       0:15   특
115 10조(정호익)16 터프가이            관   06:38     06:51       0:13   차
116 10조(정호익) 4 티즈퀸              관   07:17     07:29       0:12   차
117 10조(정호익)21 황우최강            기   06:35     06:47       0:12   차
118 10조(정호익)24 흥드림              기   07:14     07:25       0:11   차
119 11조(조현수) 9 나올시대            기   06:25     06:37       0:12   차
120 11조(조현수)29 나올탱크            관   08:22     08:34       0:12   차
121 11조(조현수)15 도깨비              기   06:57     07:10       0:13   차
122 11조(조현수)30 메니윈              관   07:31     07:44       0:13   차
123 11조(조현수) 1 모던타임즈          관   07:53     08:05       0:12   차
124 11조(조현수)39 보디가드            관   08:01     08:13       0:12   차
125 11조(조현수)13 브라이트러닝        관   06:56     07:09       0:13   차
126 11조(조현수)32 브라이트위너        관   07:39     07:51       0:12   차
127 11조(조현수)23 비플라워            관   07:37     07:46       0:09   차
128 11조(조현수) 6 슛업스파크          관   06:57     07:10       0:13   차
129 11조(조현수) 5 스마트별            관   06:39     06:51       0:12   차
130 11조(조현수)31 시선집중            관   07:01     07:12       0:11   차
131 11조(조현수)16 아메리칸포스원      관   06:22     06:31       0:09   차
132 11조(조현수) 4 아임포스원          관   06:39     06:51       0:12   차
133 11조(조현수)10 은빛돌풍            관   07:31     07:44       0:13   차
134 11조(조현수)26 질풍오름            관   07:10     07:23       0:13   차
135 11조(조현수) 8 컴플리트캡틴        기   07:11     07:20       0:09   차
136 11조(조현수) 2 퀸오브베스트        관   07:12     07:22       0:10   차
137 11조(조현수)24 티즈로켓            관   06:25     06:36       0:11   차
138 11조(조현수)12 풀부스터            관   08:11     08:23       0:12   차
139 12조(서범석) 4 로드반              기   06:38     06:49       0:11   차
140 12조(서범석) 5 브리가디어제너럴    기   07:18     07:30       0:12   차
141 12조(서범석)29 스트롱벌처          관   06:11     06:25       0:14   차
142 12조(서범석) 3 원더풀데퓨티        관   06:10     06:21       0:11   금
143 12조(서범석)33 큐피드비상          기   07:36     07:47       0:11   차
144 13조(이희영)13 고업                관   08:06     08:21       0:15   금
145 13조(이희영)10 런던퀸              관   06:11     06:20       0:09   차
146 13조(이희영) 8 베스트클론          관   07:38     07:48       0:10   차
147 13조(이희영)20 별빛마루            관   06:22     06:31       0:09   차
148 13조(이희영)11 엘리트룰즈          기   07:32     07:44       0:12   차
149 13조(이희영)21 최강나이스          관   06:32     06:43       0:11   차
150 13조(이희영)17 카메로투            기   07:03     07:15       0:12   차
151 13조(이희영) 3 특급대로            관   07:48     07:58       0:10   차
152 13조(이희영)24 함평호프            기   07:17     07:28       0:11   차
153 14조(이신영)31 고스트참            관   06:10     06:19       0:09   차
154 14조(이신영)39 내길의퀸            관   06:21     06:34       0:13   차
155 14조(이신영)32 다프네              기   06:57     07:08       0:11   차
156 14조(이신영)18 델피니              기   06:37     06:49       0:12   차
157 14조(이신영)12 사려니로키          기   06:36     06:50       0:14   차
158 14조(이신영)29 사려니티케          기   06:34     06:42       0:08   차
159 14조(이신영)24 스마트삭스          관   07:23     07:38       0:15   차
160 14조(이신영)15 스위트주스바        기   07:16     07:28       0:12   차
161 14조(이신영) 9 아이언삭스          관   07:36     07:49       0:13   차
162 14조(이신영)16 아침기상            기   07:30     07:40       0:10   차
163 14조(이신영)20 타이탄삭스          기   06:47     06:56       0:09   차
164 14조(이신영)17 파워풀비전          관   07:21     07:34       0:13   차
165 14조(이신영) 8 퓨리오사            기   06:57     07:08       0:11   차
166 15조(박희철)19 서울탱크            관   06:10     06:20       0:10   차
167 15조(박희철) 7 오키티데이          관   07:06     07:17       0:11   차
168 15조(박희철)14 원더풀샘            관   06:48     07:00       0:12   차
169 15조(박희철) 6 정상제트            관   07:42     07:54       0:12   차
170 15조(박희철)11 젤로스              관   07:22     07:31       0:09   차
171 15조(박희철)17 투아레그나인        관   07:39     07:49       0:10   차
172 15조(박희철) 9 함평파이터          관   08:08     08:27       0:19   차
173 16조(최봉주)38 너울이              관   07:49     08:04       0:15   차
174 16조(최봉주)35 돌격앞으로          관   07:07     07:20       0:13   차
175 16조(최봉주)29 바이킹스톰          조   06:38     06:50       0:12   차
176 16조(최봉주)33 별나라비마          조   07:10     07:23       0:13   차
177 16조(최봉주)34 부스터로켓          조   07:59     08:09       0:10   차
178 16조(최봉주)25 에이스퀸            조   06:51     06:59       0:08   차
179 16조(최봉주) 1 장군별              조   06:21     06:34       0:13   차
180 16조(최봉주)16 제주의요정          기   06:20     06:31       0:11   차
181 16조(최봉주)14 차이밍보이          관   08:05     08:16       0:11   차
182 16조(최봉주) 9 케이엔골든킹        관   07:54     08:07       0:13   차
183 16조(최봉주)24 호크의영광          관   07:54     08:07       0:13   차
184 19조(곽영효)28 라스트펀치          관   06:53     07:04       0:11   차
185 19조(곽영효)27 머니스톤            관   07:06     07:14       0:08   차
186 19조(곽영효)22 옥천최강            기   07:06     07:19       0:13   차
187 19조(곽영효)21 용암보스            기   06:50     07:01       0:11   차
188 19조(곽영효)16 월드패션            관   06:35     06:51       0:16   차
189 19조(곽영효) 6 파워풀화성          기   07:21     07:33       0:12   차
190 19조(곽영효)19 파이널질주          관   06:35     06:51       0:16   차
191 19조(곽영효)10 한강에이스          관   07:31     07:45       0:14   차
192 19조(곽영효) 8 한강의기상          기   07:02     07:13       0:11   차
193 20조(배대선)10 대원결의            관   07:01     07:17       0:16   차
194 20조(배대선)27 멸콩                기   06:39     06:53       0:14   차
195 20조(배대선) 7 보스베이비          관   06:48     06:59       0:11   차
196 20조(배대선) 8 원더풀퍼지          관   06:39     06:53       0:14   차
197 20조(배대선)21 원더풀폭스          관   06:24     06:37       0:13   차
198 20조(배대선)20 이노퀸              기   06:24     06:37       0:13   차
199 21조(문병기) 5 바이스로이          관   06:59     07:11       0:12   차
200 21조(문병기)36 성실롱런            관   07:29     07:44       0:15   차
201 21조(문병기)14 엠제이베스트        관   06:59     07:11       0:12   차
202 21조(문병기)35 엠제이포인트        기   06:38     06:52       0:14   차
203 21조(문병기)11 퍼스트드림          관   06:15     06:26       0:11   특
204 21조(문병기)16 하이파크            관   07:49     08:09       0:20   차
205 21조(문병기)28 화수분              기   06:25     06:35       0:10   차
206 22조(안병기) 6 네모프린세스        관   07:02     07:14       0:12   차
207 22조(안병기)38 스프링꿈            관   07:18     07:30       0:12   차
208 22조(안병기)23 신의블루            관   07:50     08:04       0:14   차
209 22조(안병기)17 쓸모                관   08:32     08:45       0:13   차
210 22조(안병기)10 아르고공주          관   06:48     07:06       0:18   차
211 22조(안병기)15 아르고리치          관   06:12     06:23       0:11   차
212 22조(안병기) 7 아르고무적          관   08:30     08:45       0:15   차
213 22조(안병기)22 악동아르고          관   06:30     06:46       0:16   차
214 22조(안병기)27 야무진왕초          기   07:50     08:02       0:12   차
215 22조(안병기)24 와일들리로맨틱      기   07:28     07:40       0:12   차
216 22조(안병기)20 울트라킹            관   07:55     08:07       0:12   차
217 22조(안병기) 5 청수여걸            관   06:26     06:36       0:10   차
218 22조(안병기)28 초인강자            관   07:11     07:20       0:09   차
219 23조(유재길)12 경부도령            기   06:10     06:20       0:10   차
220 23조(유재길) 1 골드참              관   07:27     07:42       0:15   차
221 23조(유재길) 9 미지스타            관   06:54     07:07       0:13   차
222 23조(유재길)14 빛나는질주          관   07:27     07:42       0:15   차
223 23조(유재길)21 스피어골드          기   06:25     06:38       0:13   차
224 23조(유재길)23 스피어퀸            관   07:09     07:22       0:13   차
225 23조(유재길)10 은성사랑            기   06:54     07:06       0:12   차
226 23조(유재길) 8 피엔에스헐          기   06:25     06:38       0:13   차
227 23조(유재길)26 하트시그널          관   06:13     06:28       0:15   차
228 24조(서홍수)34 검의전설            관   07:23     07:35       0:12   차
229 24조(서홍수)23 깡돌이              관   07:14     07:24       0:10   차
230 24조(서홍수)13 로터스미르          관   06:17     06:30       0:13   차
231 24조(서홍수)37 리마커블            기   07:11     07:23       0:12   차
232 24조(서홍수)15 마이티굿            관   07:41     07:53       0:12   차
233 24조(서홍수)18 마이티룩            관   06:17     06:31       0:14   차
234 24조(서홍수)11 마이티쎈            관   07:28     07:39       0:11   차
235 24조(서홍수)28 마이티웰            관   06:24     06:39       0:15   차
236 24조(서홍수) 7 마이티큐            기   08:05     08:17       0:12   차
237 24조(서홍수)19 마이티후            관   06:55     07:07       0:12   차
238 24조(서홍수)16 메니참              관   06:49     07:02       0:13   차
239 24조(서홍수) 9 배다리왕자          관   08:07     08:19       0:12   차
240 24조(서홍수)21 세명강자            관   08:22     08:34       0:12   차
241 24조(서홍수)40 시크릿킹            관   07:43     07:53       0:10   차
242 24조(서홍수)22 아침누리            기   07:25     07:37       0:12   차
243 25조(전승규)13 골든아너            관   06:11     06:22       0:11   차
244 25조(전승규)31 남산꽃              관   08:19     08:31       0:12   차
245 25조(전승규)25 루킹굿              관   08:03     08:12       0:09   차
246 25조(전승규) 8 미스양호            관   07:49     07:57       0:08   차
247 25조(전승규) 9 불곰마드레          관   07:07     07:18       0:11   차
248 25조(전승규)37 블랙초콜릿          관   06:11     06:23       0:12   차
249 25조(전승규)40 송암티즈            기   08:32     08:40       0:08   차
250 25조(전승규)12 스마트오피서        관   08:52     09:09       0:17   차
251 25조(전승규) 5 어나더레벨          기   06:28     06:37       0:09   금
252 25조(전승규)10 에클레어스타        관   07:06     07:17       0:11   금
253 25조(전승규)39 위너이즈웰          관   06:54     07:12       0:18   차
254 25조(전승규)24 이글포인트          관   07:08     07:17       0:09   특
255 25조(전승규)23 제트비전            관   06:13     06:26       0:13   차
256 25조(전승규)30 질주의꿈            관   06:13     06:26       0:13   차
257 25조(전승규)15 초토마              관   08:02     08:12       0:10   차
258 25조(전승규)21 최강현마            관   06:11     06:23       0:12   차
259 25조(전승규)20 케이엔티즈원        기   06:12     06:22       0:10   특
260 25조(전승규) 7 킹에이스            관   06:51     07:00       0:09   차
261 25조(전승규) 2 테스고대보          관   08:42     09:04       0:22   차
262 25조(전승규)35 파이어굿            관   08:33     08:47       0:14   차
263 25조(전승규)18 항구스타            관   06:13     06:26       0:13   차
264 25조(전승규) 1 허쉬대보            관   08:02     08:13       0:11   차
265 25조(전승규)19 화랑투데이          기   06:24     06:34       0:10   특
266 25조(전승규)17 화이트참            관   07:18     07:28       0:10   특
267 26조(안해양)21 가나드림            관   07:57     08:14       0:17   차
268 26조(안해양) 7 단디                관   08:40     08:59       0:19   차
269 26조(안해양)33 더퀸저스티스        기   07:53     08:06       0:13   차
270 26조(안해양)23 런던비상            기   07:54     08:06       0:12   차
271 26조(안해양)15 런던스카이          관   07:32     07:42       0:10   차
272 26조(안해양)19 런던스피드          관   06:55     07:17       0:22   차
273 26조(안해양)17 런던에이스          기   06:39     06:49       0:10   차
274 26조(안해양)   런던캡틴            관   06:55     07:05       0:10   차
275 26조(안해양)38 런보이런            기   08:18     08:31       0:13   차
276 26조(안해양)13 레이디켈리          관   06:19     06:36       0:17   차
277 26조(안해양) 8 무장                관   08:24     08:35       0:11   차
278 26조(안해양)10 벼락                관   07:06     07:24       0:18   차
279 26조(안해양)27 선샤인케이          관   06:39     06:51       0:12   차
280 26조(안해양)39 우청륭              기   07:22     07:34       0:12   차
281 26조(안해양)20 지산군              관   07:40     07:50       0:10   차
282 26조(안해양)26 지스타              관   08:33     08:45       0:12   차
283 26조(안해양)22 플랜비              기   06:29     06:40       0:11   차
284 26조(안해양)18 히어로퀸            기   07:39     07:50       0:11   차
285 27조(박병일)20 검포                관   07:41     07:53       0:12   차
286 27조(박병일)18 금자유              관   06:10     06:20       0:10   차
287 27조(박병일) 2 대마지풍            기   07:51     08:03       0:12   차
288 27조(박병일)17 리얼팩              관   07:13     07:24       0:11   차
289 27조(박병일)27 불의질주            관   06:51     07:12       0:21   차
290 27조(박병일)33 승리공주            관   06:51     07:06       0:15   차
291 27조(박병일) 1 오월춘추            관   06:37     06:46       0:09   차
292 27조(박병일)32 은혜서브            관   06:59     07:11       0:12   차
293 27조(박병일) 4 퀵실버키튼          관   06:13     06:28       0:15   차
294 27조(박병일)26 테스타블루          관   06:51     07:06       0:15   차
295 27조(박병일)11 톱시드              기   06:10     06:22       0:12   차
296 27조(박병일)14 피닉스서브          관   07:28     07:42       0:14   차
297 28조(최상식)11 글로벌스톰          기   07:26     07:36       0:10   차
298 28조(최상식)13 글로벌신화          기   07:14     07:26       0:12   차
299 28조(최상식)29 글로벌진격          관   06:48     07:00       0:12   차
300 28조(최상식)10 글로벌축배          관   07:40     07:54       0:14   차
301 28조(최상식)14 글로벌파워          기   06:13     06:25       0:12   차
302 28조(최상식)22 글로벌프라임        기   06:28     06:40       0:12   차
303 28조(최상식)16 록파이터            관   07:56     08:07       0:11   차
304 28조(최상식)15 선더갤러퍼          기   08:04     08:16       0:12   차
305 28조(최상식)28 쏘아라투투          관   07:40     07:54       0:14   차
306 29조(배휴준)23 동방사기            기   06:28     06:39       0:11   차
307 29조(배휴준) 6 디스위켄드          기   07:28     07:40       0:12   차
308 29조(배휴준)14 딘시챔프            기   07:23     07:36       0:13   차
309 29조(배휴준)12 세명캡틴            관   07:07     07:16       0:09   차
310 29조(배휴준)20 원더풀루비          기   06:12     06:25       0:13   차
311 29조(배휴준)19 천권챗              관   07:03     07:18       0:15   차
312 29조(배휴준)17 테스조이            관   07:33     07:47       0:14   차
313 30조(토니  )14 남산초콜릿          기   06:41     06:52       0:11   차
314 30조(토니  )20 님의향기            기   07:17     07:29       0:12   차
315 30조(토니  )11 더리퍼              관   07:39     07:52       0:13   차
316 30조(토니  )12 도끼블레이드        관   08:11     08:20       0:09   차
317 30조(토니  ) 1 성실머니            관   06:14     06:27       0:13   차
318 30조(토니  )29 스포불패            기   06:14     06:27       0:13   차
319 30조(토니  )17 아마존킹            관   06:41     06:53       0:12   차
320 30조(토니  )26 장산몬스터          관   06:10     06:18       0:08   특
321 30조(토니  )28 장산스타트          관   08:10     08:22       0:12   차
322 30조(토니  )27 장산플레이크        관   08:02     08:11       0:09   차
323 30조(토니  )21 지르콘              기   06:41     06:53       0:12   차
324 30조(토니  ) 3 청춘비바            기   06:14     06:27       0:13   차
325 30조(토니  ) 6 헌터블레이드        관   07:08     07:20       0:12   차
326 31조(강환민)31 국제공항            관   07:50     08:05       0:15   차
327 31조(강환민)34 레몬블레이드        기   07:04     07:16       0:12   차
328 31조(강환민) 2 바잉블레이드        관   06:21     06:31       0:10   차
329 31조(강환민)32 벨비티              관   06:53     07:06       0:13   차
330 31조(강환민)26 불패블레이드        관   06:27     06:39       0:12   차
331 31조(강환민)15 블루인디            관   08:04     08:19       0:15   차
332 31조(강환민)23 송암아치걸          관   08:13     08:22       0:09   차
333 31조(강환민)39 스위치송            관   07:04     07:11       0:07   차
334 31조(강환민)38 신의반전            관   06:55     07:10       0:15   차
335 31조(강환민)33 우리                관   06:21     06:42       0:21   차
336 31조(강환민)25 장산가드            관   06:13     06:27       0:14   차
337 31조(강환민)40 주몽천하            관   07:27     07:41       0:14   차
338 31조(강환민)11 클래식스타          관   07:31     07:46       0:15   차
339 31조(강환민)22 패스트트랙          관   06:39     06:52       0:13   차
340 32조(김윤섭) 7 매직케이            기   06:26     06:37       0:11   차
341 32조(김윤섭)19 미스하이플라이      관   07:26     07:36       0:10   차
342 32조(김윤섭) 3 스카이퓨처          관   07:59     08:08       0:09   차
343 32조(김윤섭) 2 우뚝                관   06:37     06:54       0:17   차
344 32조(김윤섭) 9 지금여기에          관   06:51     07:03       0:12   차
345 33조(서인석)37 남산바이트          관   06:10     06:21       0:11   차
346 33조(서인석) 8 누비강자            관   06:43     06:59       0:16   차
347 33조(서인석)11 누비고              관   06:58     07:13       0:15   차
348 33조(서인석)16 동방의혼            관   07:52     08:05       0:13   차
349 33조(서인석) 6 매직주드            기   07:30     07:42       0:12   차
350 33조(서인석) 4 매직타이드          관   06:26     06:39       0:13   차
351 33조(서인석)33 블랙실버            관   07:29     07:42       0:13   차
352 33조(서인석)23 빅레드              관   06:12     06:26       0:14   차
353 33조(서인석)32 새벽밴드            관   06:44     06:57       0:13   차
354 33조(서인석)19 아라대장군          기   07:40     07:51       0:11   차
355 33조(서인석)10 아만바로우즈        기   06:13     06:24       0:11   차
356 33조(서인석)18 에스아이코코        기   06:31     06:43       0:12   차
357 33조(서인석)25 옐로우캣            기   06:10     06:23       0:13   차
358 33조(서인석)15 콜리타스            기   06:58     07:11       0:13   차
359 33조(서인석)21 킹칸모르            관   07:12     07:23       0:11   차
360 33조(서인석) 3 탭다운              기   06:57     07:08       0:11   차
361 33조(서인석)14 행운바람            기   07:56     08:04       0:08   차
362 34조(리카디)17 갤럽컬린            관   06:54     07:04       0:10   차
363 34조(리카디) 6 금아시크            기   06:41     06:53       0:12   차
364 34조(리카디)23 남산시대            기   08:11     08:21       0:10   차
365 34조(리카디) 5 남산의별            기   06:16     06:26       0:10   차
366 34조(리카디) 7 남산호랑이          관   06:32     06:42       0:10   특
367 34조(리카디) 9 대사리              관   07:47     08:00       0:13   차
368 34조(리카디)21 드림스피드          관   07:16     07:29       0:13   차
369 34조(리카디)10 레디고              관   08:11     08:21       0:10   차
370 34조(리카디)35 메니골드            기   07:43     07:54       0:11   차
371 34조(리카디)22 벌말대장            기   06:26     06:38       0:12   차
372 34조(리카디) 1 비제이스톰          기   07:27     07:40       0:13   차
373 34조(리카디)11 슈퍼삭스            관   08:37     08:46       0:09   차
374 34조(리카디)20 얼티멋원더          관   07:47     08:00       0:13   차
375 34조(리카디)19 자이언트인디        관   08:12     08:29       0:17   차
376 34조(리카디) 4 최강파티            기   07:55     08:04       0:09   특
377 34조(리카디)30 트로팅라일리        기   06:54     07:06       0:12   차
378 34조(리카디)16 펄포인트            관   07:16     07:30       0:14   차
379 34조(리카디)13 포춘룰즈            관   08:12     08:23       0:11   차
380 34조(리카디) 2 희망가득            관   06:43     06:53       0:10   차
381 35조(임채덕)12 더록선샤인          관   07:01     07:16       0:15   차
382 35조(임채덕)22 불의신화            관   06:19     06:29       0:10   특
383 35조(임채덕) 6 스파이스타워        관   06:51     07:03       0:12   차
384 35조(임채덕) 9 원더풀위싱          기   06:11     06:21       0:10   차
385 35조(임채덕)16 원더풀캣            관   06:10     06:19       0:09   차
386 35조(임채덕)13 찬란한날            관   06:43     06:57       0:14   차
387 35조(임채덕)10 찬란한폭풍          관   07:01     07:16       0:15   차
388 35조(임채덕)31 플라잉카라          관   07:21     07:39       0:18   차
389 37조(심승태)16 나이스존            기   06:11     06:22       0:11   차
390 37조(심승태)35 라스트보스          관   07:16     07:28       0:12   차
391 37조(심승태)24 스웨이              관   08:13     08:28       0:15   차
392 37조(심승태)38 아치메모리          관   06:28     06:40       0:12   차
393 37조(심승태)20 에펠탑              관   06:11     06:22       0:11   차
394 37조(심승태)26 오스틴리더          관   08:13     08:27       0:14   차
395 37조(심승태)34 위너드래건          관   06:43     06:54       0:11   차
396 37조(심승태)33 인디언의별          기   07:16     07:28       0:12   차
397 37조(심승태)28 파인데이            기   07:16     07:28       0:12   차
398 37조(심승태) 2 펀크레이지          기   06:43     06:56       0:13   차
399 40조(송문길)32 골든스나이퍼        기   06:12     06:25       0:13   차
400 40조(송문길)13 꿈의순간            관   06:16     06:29       0:13   차
401 40조(송문길) 2 라피도아레스        관   07:39     07:47       0:08   차
402 40조(송문길) 1 메디치울프          기   07:04     07:17       0:13   차
403 40조(송문길)29 샴로커              기   07:17     07:28       0:11   차
404 40조(송문길) 3 스마트파워          기   06:29     06:42       0:13   차
405 40조(송문길)20 시티참              관   06:13     06:26       0:13   차
406 40조(송문길)16 어메이징위즈        기   06:57     07:08       0:11   차
407 40조(송문길)24 업타운위즈          관   07:19     07:29       0:10   차
408 40조(송문길)28 와우와우            기   07:02     07:16       0:14   차
409 40조(송문길)31 타우루스퀸          기   06:40     06:52       0:12   차
410 40조(송문길)14 파인캠프            기   06:52     07:04       0:12   차
411 41조(신삼영)11 금빛천하            관   06:59     07:18       0:19   차
412 41조(신삼영)12 논스톱리워드        관   07:17     07:30       0:13   차
413 41조(신삼영)17 더드림캐리어        관   06:16     06:28       0:12   차
414 41조(신삼영)33 루미너스퀸          관   06:23     06:36       0:13   차
415 41조(신삼영)38 문학파이어          관   06:33     06:45       0:12   차
416 41조(신삼영)10 빛나는금성          관   07:41     08:04       0:23   특
417 41조(신삼영)21 신의부활            관   06:59     07:18       0:19   차
418 41조(신삼영) 7 올포유어드림        관   06:15     06:25       0:10   차
419 41조(신삼영) 1 희망워리어          관   07:28     07:40       0:12   차
420 42조(이관호)20 금아애크미          관   07:46     07:57       0:11   금
421 42조(이관호)35 다크플레이어        기   06:13     06:24       0:11   차
422 42조(이관호)34 베스트리치          기   08:03     08:24       0:21   차
423 42조(이관호)40 불화산              기   07:59     08:10       0:11   차
424 42조(이관호) 4 비트러너            관   07:32     07:45       0:13   차
425 42조(이관호)27 서브에이스          기   06:26     06:39       0:13   차
426 42조(이관호)24 서울스퍼트          기   06:53     07:07       0:14   차
427 42조(이관호)38 와일드러너          관   07:00     07:12       0:12   차
428 42조(이관호)19 이무기              기   06:39     06:52       0:13   차
429 42조(이관호)10 전정사금            기   07:42     07:56       0:14   차
430 42조(이관호)13 챌린지삭스          관   06:11     06:24       0:13   차
431 42조(이관호)33 초이스마스터        관   08:03     08:17       0:14   차
432 42조(이관호)14 히든돌풍            기   07:10     07:22       0:12   차
433 48조(이준철)18 그린실드            기   06:30     06:43       0:13   차
434 48조(이준철)32 금아파이어리        관   06:25     06:38       0:13   차
435 48조(이준철)20 나올정상            관   06:25     06:38       0:13   차
436 48조(이준철)16 메이블레이드        관   06:25     06:41       0:16   차
437 48조(이준철)35 카미노              관   06:48     07:01       0:13   차
438 50조(박재우)34 골드파워            기   08:52     09:02       0:10   차
439 50조(박재우)22 금성세계            관   07:32     07:44       0:12   차
440 50조(박재우)38 더페이버릿          기   08:14     08:26       0:12   차
441 50조(박재우) 2 럭키재산            기   08:53     09:05       0:12   차
442 50조(박재우)37 럭키파워            관   06:42     06:50       0:08   특
443 50조(박재우) 5 문학센트럴          관   08:30     08:42       0:12   차
444 50조(박재우) 9 문학포리스트        관   07:32     07:46       0:14   차
445 50조(박재우)12 백두보이            관   09:10     09:20       0:10   금
446 50조(박재우)10 베스트전사          기   06:39     06:51       0:12   특
447 50조(박재우)19 시리우스에이        기   08:10     08:19       0:09   특
448 50조(박재우)13 야호골든캣          관   06:55     07:04       0:09   특
449 50조(박재우)26 용호지마            관   07:10     07:19       0:09   특
450 50조(박재우)28 유쾌한날들          기   08:27     08:42       0:15   차
451 50조(박재우)18 유쾌한사랑          기   07:32     07:49       0:17   차
452 50조(박재우)23 이스트임팩트        기   08:30     08:49       0:19   차
453 50조(박재우)31 장수나봄            기   07:52     08:02       0:10   금
454 50조(박재우)20 치프인디            기   06:40     06:52       0:12   차
455 50조(박재우) 3 컴플리트포스        관   08:14     08:26       0:12   차
456 50조(박재우)17 클레어퀸            기   09:05     09:15       0:10   차
457 50조(박재우)15 파인팜              기   06:17     06:28       0:11   금
458 51조(최용건)33 누리데이            기   06:28     06:42       0:14   차
459 51조(최용건)37 디바인퓨처즈        기   07:03     07:16       0:13   차
460 51조(최용건)23 마하스타            관   07:32     07:41       0:09   특
461 51조(최용건)20 송암레이서          기   06:55     07:07       0:12   차
462 51조(최용건)21 스포블레이드        관   07:15     07:29       0:14   특
463 51조(최용건)30 스프링킹            관   06:20     06:29       0:09   특
464 51조(최용건)17 울트라갤럭시        기   06:54     07:11       0:17   차
465 51조(최용건)16 인빅터스            관   07:13     07:22       0:09   특
466 51조(최용건)19 장산레이저          관   08:06     08:22       0:16   금
467 51조(최용건)13 제우시대            관   06:28     06:42       0:14   차
468 51조(최용건)11 퍼펙트건맨          기   08:09     08:19       0:10   차
469 51조(최용건)26 플래티넘유로        기   06:16     06:25       0:09   금
470 51조(최용건)18 희망챔프            관   07:33     07:47       0:14   차
471 52조(김동균)12 럭키월드            관   07:11     07:19       0:08   특
472 52조(김동균)29 레전드데이          관   06:16     06:28       0:12   금
473 52조(김동균) 6 루나실버            기   08:21     08:29       0:08   차
474 52조(김동균)11 메니샤크            관   07:39     07:51       0:12   차
475 52조(김동균)24 메니원더풀          관   06:46     06:55       0:09   차
476 52조(김동균)39 베스트팔콘          기   07:41     07:51       0:10   차
477 52조(김동균)26 블랙머스크          관   08:49     08:59       0:10   차
478 52조(김동균)22 비에스에너지        관   07:01     07:13       0:12   차
479 52조(김동균)25 비에스파워          관   06:18     06:32       0:14   차
480 52조(김동균) 2 빅터문              기   07:33     07:47       0:14   차
481 52조(김동균)38 슈퍼피니시          관   07:32     07:45       0:13   차
482 52조(김동균)10 일동박수            관   06:11     06:19       0:08   차
483 52조(김동균) 1 제축일호            관   07:52     08:02       0:10   차
484 52조(김동균)36 캔디존              관   06:50     07:02       0:12   차
485 52조(김동균)40 토호스카이          기   07:31     07:40       0:09   금
486 52조(김동균)33 티시패밀리          관   08:31     08:41       0:10   차
487 53조(김동철)39 나올킹              기   06:23     06:35       0:12   차
488 53조(김동철)13 대박스타            기   06:23     06:36       0:13   차
489 53조(김동철)40 바람의향기          관   07:51     08:05       0:14   차
490 53조(김동철) 4 브라운              관   07:11     07:20       0:09   차
491 53조(김동철)16 비단주머니          관   06:23     06:35       0:12   차
492 53조(김동철)27 샤우트쿠로          관   07:11     07:24       0:13   차
493 53조(김동철)29 샤크플레이          관   06:44     06:58       0:14   차
494 53조(김동철) 1 스트롱참            관   07:10     07:21       0:11   차
495 53조(김동철)17 에이원스타          기   07:44     07:55       0:11   차
496 53조(김동철)22 에이투제트          관   08:25     08:35       0:10   차
497 53조(김동철)11 에코존              관   08:24     08:36       0:12   차
498 53조(김동철)18 티케이데이          관   06:27     06:36       0:09   특
499 53조(김동철)25 페더럴킹            관   08:15     08:24       0:09   특
500 53조(김동철)35 해피플레이          관   07:51     08:05       0:14   차
501 54조(박천서)19 금아위티            기   06:54     07:02       0:08   차
502 54조(박천서) 8 당대스카이          기   07:05     07:18       0:13   차
503 54조(박천서)13 마바위              관   08:46     08:54       0:08   차
504 54조(박천서)35 마의웨이            관   06:47     07:02       0:15   차
505 54조(박천서)24 베스트토치          관   07:32     07:46       0:14   차
506 54조(박천서) 5 불방울              관   06:31     06:45       0:14   차
507 54조(박천서)27 비호번개            관   08:13     08:26       0:13   차
508 54조(박천서)32 신풍여걸            기   06:47     07:04       0:17   차
509 54조(박천서)40 신화영광            관   08:13     08:27       0:14   차
510 54조(박천서)11 예지몽              기   07:24     07:34       0:10   차
511 54조(박천서)39 은성노을            기   07:36     07:52       0:16   차
512 54조(박천서)25 은성마루            관   07:23     07:31       0:08   차
513 54조(박천서)12 칠산대교            관   07:56     08:14       0:18   차
514 54조(박천서) 6 퍼플스톰            기   07:05     07:20       0:15   차
━━━━━━━━━━━━━━━━━━━━━━━━━━━━━━━━━━━━━━━
                                                      출력일자 : 2022.12.17

