

제목 : 22년06월10일(금)  제 1경주

(부산) 제43일 1200M 국6등급별정A       경주명 : 일반                        
경주조건:  R0~0           3세이하                    날씨:맑음 주로:양호  (7%)
순위상금: 22,000천원   8,800천원   5,600천원   2,000천원   1,600천원
부가상금:      0천원       0천원       0천원
-------------------------------------------------------------------------------------------------
순위 마번    마    명         산지   성별 연령 부담중량  기수명   조교사   마주명           레이팅
-------------------------------------------------------------------------------------------------
  1    8  희망펀치             한     암     3    54.0   최시대   권승주   빅크루즈              
  2    5  퓨어매직             한     거     3    56.0   유현명   양귀선   최종복                
  3    4  글로벌캐처           한     암     3    50.0   서강주   강형곤   권주순                
  4    3  구름속산책           한     수     3    53.0   신윤섭   안우성   임교철                
  5    2  모닝뮤즈             한     암     3    54.0   김철호   임금만   김중길                
  6    7  팬텀에이스           한     수     3    52.0   권오찬   하무선   말구유                
  7    9  비케이맥스           한(포) 수     3    54.0   김태현   강형곤   함승원                
  8    6  유로스타             한     암     3    54.0   김혜선   백광열   전영환                
  9    1  원더풀트릭스         한     암     3    54.0   최은경   박재호   지성배                
-------------------------------------------------------------------------------------------------
순위 마번    마      명       마 체 중  기 록  도 착 차  (S1F-S8F-G6F-G4F-G3F-G2F-G1F)
-------------------------------------------------------------------------------------------------
  1    8  희망펀치             490( -4) 1:15.0            1-  -  - 1- 1- 1- 1
  2    5  퓨어매직             525( +4) 1:16.5  9         2-  -  - 2- 2- 2- 2
  3    4  글로벌캐처           483( -9) 1:17.0  2½       7-  -  - 8- 7- 7- 5
  4    3  구름속산책           482( -9) 1:17.0  ½        6-  -  - 6- 6- 5- 6
  5    2  모닝뮤즈             447( +0) 1:17.4  2         5-  -  - 5- 3- 3- 4
  6    7  팬텀에이스           499( +9) 1:17.5  목        3-  -  - 3- 4- 4- 3
  7    9  비케이맥스           486( -5) 1:18.3  5         4-  -  - 4- 5- 8- 8
  8    6  유로스타             488( -1) 1:18.7  2         8-  -  - 9- 9- 9- 9
  9    1  원더풀트릭스         479( -7) 1:19.1  2         9-  -  - 7- 8- 6- 7
-------------------------------------------------------------------------------------------------
순위 마번 G-3F S-1F    400      400     400     400     G-2F    G-1F    단승식 연승식
-------------------------------------------------------------------------------------------------
  1    8  37.8  0:13.6                  0:24.8  0:24.6  0:25.6  0:13.3     1.2    1.0
  2    5  38.9  0:13.7                  0:25.0  0:24.9  0:26.6  0:13.8    15.7    1.6
  3    4  38.7  0:14.3                  0:25.9  0:25.2  0:25.9  0:13.3    37.5    5.5
  4    3  39.0  0:13.9                  0:25.2  0:25.8  0:26.0  0:13.3     6.6    1.8
  5    2  39.5  0:13.9                  0:25.2  0:25.3  0:26.9  0:13.9    13.9    1.8
  6    7  39.6  0:13.7                  0:25.0  0:25.6  0:26.9  0:14.1    36.2    6.1
  7    9  40.4  0:13.7                  0:25.1  0:26.0  0:27.2  0:14.2    56.6    9.0
  8    6  40.2  0:14.3                  0:25.9  0:25.3  0:27.5  0:14.5    31.3    4.4
  9    1  40.7  0:14.6                  0:25.9  0:25.2  0:28.0  0:15.0    29.9    4.8
-------------------------------------------------------------------------------------------------
(복승식 배당률)
  1- 2    92.9  2- 9   413.2  4- 5   100.4  5-15     0.0  8- 9    36.5 11-12     0.0
  1- 3   162.2  2-10     0.0  4- 6   194.4  5-16     0.0  8-10     0.0 11-13     0.0
  1- 4   294.9  2-11     0.0  4- 7   351.0  6- 7   287.0  8-11     0.0 11-14     0.0
  1- 5   104.8  2-12     0.0  4- 8    14.0  6- 8    12.3  8-12     0.0 11-15     0.0
  1- 6   220.5  2-13     0.0  4- 9   494.0  6- 9   477.5  8-13     0.0 11-16     0.0
  1- 7   361.6  2-14     0.0  4-10     0.0  6-10     0.0  8-14     0.0 12-13     0.0
  1- 8    15.6  2-15     0.0  4-11     0.0  6-11     0.0  8-15     0.0 12-14     0.0
  1- 9   671.3  2-16     0.0  4-12     0.0  6-12     0.0  8-16     0.0 12-15     0.0
  1-10     0.0  3- 4    90.2  4-13     0.0  6-13     0.0  9-10     0.0 12-16     0.0
  1-11     0.0  3- 5    40.8  4-14     0.0  6-14     0.0  9-11     0.0 13-14     0.0
  1-12     0.0  3- 6   118.3  4-15     0.0  6-15     0.0  9-12     0.0 13-15     0.0
  1-13     0.0  3- 7   159.9  4-16     0.0  6-16     0.0  9-13     0.0 13-16     0.0
  1-14     0.0  3- 8     4.1  5- 6    88.7  7- 8    18.9  9-14     0.0 14-15     0.0
  1-15     0.0  3- 9   366.1  5- 7   156.3  7- 9   446.0  9-15     0.0 14-16     0.0
  1-16     0.0  3-10     0.0  5- 8     3.8  7-10     0.0  9-16     0.0 15-16     0.0
  2- 3    31.8  3-11     0.0  5- 9   394.4  7-11     0.0 10-11     0.0  0- 0     0.0
  2- 4   106.9  3-12     0.0  5-10     0.0  7-12     0.0 10-12     0.0  0- 0     0.0
  2- 5    28.0  3-13     0.0  5-11     0.0  7-13     0.0 10-13     0.0  0- 0     0.0
  2- 6    99.1  3-14     0.0  5-12     0.0  7-14     0.0 10-14     0.0  0- 0     0.0
  2- 7   134.6  3-15     0.0  5-13     0.0  7-15     0.0 10-15     0.0  0- 0     0.0
  2- 8     3.0  3-16     0.0  5-14     0.0  7-16     0.0 10-16     0.0  0- 0     0.0
-------------------------------------------------------------------------------------------------
매출액 단식:     13,903,000    연식:     27,534,100      복식:    338,963,000
       복연:     76,968,000    쌍식:    180,644,900      삼복:    470,949,900
       삼쌍:    263,048,100    합계:  1,372,011,000
-------------------------------------------------------------------------------------------------
배당률 단: ⑧1.2        연: ⑧1.0 ⑤1.6 ④5.5          복: ⑧⑤3.8       4F:50.2
                                                                         3F:37.8
                        쌍: ⑧⑤4.5
     복연: ⑧⑤2.0 ⑧④4.5 ⑤④15.4
     삼복: ⑧⑤④17.4 
     삼쌍: ⑧⑤④29.4 
-------------------------------------------------------------------------------------------------
펄 롱:13.6 11.2 12.4   12.2   12.3   13.3   
통과M:  200  400  600    800    1000   1200
통과T:13.6 24.8 37.2 0:49.4 1:01.7 1:15.0 
-------------------------------------------------------------------------------------------------
통과순위 S1F : (5,7,^8,9),(2,3)-(4,6),1                
         G8F :                                         
         G6F :                                         
         G4F : 8,(5,7,9),(2,3)-(1,4,6)                 
         G3F : 8-5,(2,3,7,9),(1,4),6                   
         G2F : 8-5-(2,7)-(1,4,3,9),6                   
         G1F : 8=5-(2,7),(4,3)-(1,9,6)                 
-------------------------------------------------------------------------------------------------
구분 출전번호  대상명            처분종류     처분내용                     세부내용
-------------------------------------------------------------------------------------------------
기수    4      서강주            견책                                      3코너 지점 안으로 진로변경, 1번 주행방해          
기수    8      최시대            견책                                      3코너 지점 안으로 진로변경, 5번 주행방해          
-------------------------------------------------------------------------------------------------


제목 : 22년06월10일(금)  제 2경주

(부산) 제43일 1200M 국6등급별정A       경주명 : 일반                        
경주조건:  R0~0           3세이하                    날씨:맑음 주로:양호  (7%)
순위상금: 22,000천원   8,800천원   5,600천원   2,000천원   1,600천원
부가상금:      0천원       0천원       0천원
-------------------------------------------------------------------------------------------------
순위 마번    마    명         산지   성별 연령 부담중량  기수명   조교사   마주명           레이팅
-------------------------------------------------------------------------------------------------
  1    6  탑스타               한     거     3    54.0   김태현   민장기   양치복                
  2    3  위대한함안           한     암     3    54.0   서승운   라이스   함안군                
  3    7  서귀축제             한     암     3    50.0   윤형석   하무선   서귀포시축협          
  4    4  스톰어게인           한     암     3    54.0   전진구   강형곤   성태진                
  5    1  스타마타             한     수     3    56.0   송경윤   김길중   김정두                
  6    5  하비스트댄서         한     거     3    52.0   서강주   이정표   전영환                
  7    2  실버로드             한     암     3    54.0   채상현   박재호   손병철                
  8    8  리즈원더풀           한     암     3    54.0   김어수   양귀선   임순하                
-------------------------------------------------------------------------------------------------
순위 마번    마      명       마 체 중  기 록  도 착 차  (S1F-S8F-G6F-G4F-G3F-G2F-G1F)
-------------------------------------------------------------------------------------------------
  1    6  탑스타               533( +2) 1:15.8            2-  -  - 2- 2- 1- 1
  2    3  위대한함안           501(-13) 1:16.9  7         1-  -  - 1- 1- 2- 2
  3    7  서귀축제             430( +0) 1:17.3  2         4-  -  - 4- 4- 4- 3
  4    4  스톰어게인           496( +3) 1:17.8  2½       3-  -  - 5- 5- 5- 5
  5    1  스타마타             493(+13) 1:18.6  5         5-  -  - 3- 3- 3- 4
  6    5  하비스트댄서         458( -9) 1:18.6  ½        8-  -  - 8- 8- 8- 6
  7    2  실버로드             457( +6) 1:18.9  1½       6-  -  - 6- 7- 7- 7
  8    8  리즈원더풀           460( -2) 1:19.2  1¾       7-  -  - 7- 6- 6- 8
-------------------------------------------------------------------------------------------------
순위 마번 G-3F S-1F    400      400     400     400     G-2F    G-1F    단승식 연승식
-------------------------------------------------------------------------------------------------
  1    6  37.5  0:13.9                  0:25.6  0:24.7  0:25.5  0:13.4     3.4    1.3
  2    3  38.7  0:13.9                  0:25.5  0:24.9  0:26.5  0:13.9     4.8    1.7
  3    7  38.9  0:14.2                  0:25.7  0:25.0  0:26.6  0:14.0     5.0    1.5
  4    4  39.0  0:14.1                  0:25.8  0:25.6  0:26.4  0:13.9    32.5    3.9
  5    1  40.2  0:14.3                  0:25.7  0:25.0  0:27.9  0:14.9     2.3    1.2
  6    5  39.3  0:14.7                  0:26.4  0:25.8  0:26.4  0:13.9    59.2    4.9
  7    2  40.0  0:14.4                  0:26.0  0:25.7  0:27.2  0:14.1    26.2    3.0
  8    8  40.4  0:14.4                  0:26.0  0:25.6  0:27.6  0:14.4    55.2    9.1
-------------------------------------------------------------------------------------------------
(복승식 배당률)
  1- 2    26.2  2- 9     0.0  4- 5   247.9  5-15     0.0  8- 9     0.0 11-12     0.0
  1- 3     6.6  2-10     0.0  4- 6    33.2  5-16     0.0  8-10     0.0 11-13     0.0
  1- 4    35.5  2-11     0.0  4- 7    39.5  6- 7     5.0  8-11     0.0 11-14     0.0
  1- 5    74.9  2-12     0.0  4- 8   271.6  6- 8    75.6  8-12     0.0 11-15     0.0
  1- 6     4.5  2-13     0.0  4- 9     0.0  6- 9     0.0  8-13     0.0 11-16     0.0
  1- 7     5.1  2-14     0.0  4-10     0.0  6-10     0.0  8-14     0.0 12-13     0.0
  1- 8    76.3  2-15     0.0  4-11     0.0  6-11     0.0  8-15     0.0 12-14     0.0
  1- 9     0.0  2-16     0.0  4-12     0.0  6-12     0.0  8-16     0.0 12-15     0.0
  1-10     0.0  3- 4    53.0  4-13     0.0  6-13     0.0  9-10     0.0 12-16     0.0
  1-11     0.0  3- 5   106.3  4-14     0.0  6-14     0.0  9-11     0.0 13-14     0.0
  1-12     0.0  3- 6     6.9  4-15     0.0  6-15     0.0  9-12     0.0 13-15     0.0
  1-13     0.0  3- 7     8.8  4-16     0.0  6-16     0.0  9-13     0.0 13-16     0.0
  1-14     0.0  3- 8   106.5  5- 6    81.5  7- 8    80.8  9-14     0.0 14-15     0.0
  1-15     0.0  3- 9     0.0  5- 7    97.9  7- 9     0.0  9-15     0.0 14-16     0.0
  1-16     0.0  3-10     0.0  5- 8   291.7  7-10     0.0  9-16     0.0 15-16     0.0
  2- 3    34.4  3-11     0.0  5- 9     0.0  7-11     0.0 10-11     0.0  0- 0     0.0
  2- 4   113.2  3-12     0.0  5-10     0.0  7-12     0.0 10-12     0.0  0- 0     0.0
  2- 5   252.5  3-13     0.0  5-11     0.0  7-13     0.0 10-13     0.0  0- 0     0.0
  2- 6    37.6  3-14     0.0  5-12     0.0  7-14     0.0 10-14     0.0  0- 0     0.0
  2- 7    41.6  3-15     0.0  5-13     0.0  7-15     0.0 10-15     0.0  0- 0     0.0
  2- 8   239.8  3-16     0.0  5-14     0.0  7-16     0.0 10-16     0.0  0- 0     0.0
-------------------------------------------------------------------------------------------------
매출액 단식:     22,845,800    연식:     27,391,700      복식:    493,945,000
       복연:     61,415,400    쌍식:    225,240,100      삼복:    548,268,800
       삼쌍:    294,067,700    합계:  1,673,174,500
-------------------------------------------------------------------------------------------------
배당률 단: ⑥3.4        연: ⑥1.3 ③1.7 ⑦1.5          복: ⑥③6.9       4F:50.3
                                                                         3F:37.6
                        쌍: ⑥③12.9
     복연: ⑥③2.7 ⑥⑦2.1 ③⑦3.3
     삼복: ⑥③⑦7.7 
     삼쌍: ⑥③⑦40.3 
-------------------------------------------------------------------------------------------------
펄 롱:13.9 11.6 12.7   12.1   12.1   13.4   
통과M:  200  400  600    800    1000   1200
통과T:13.9 25.5 38.2 0:50.3 1:02.4 1:15.8 
-------------------------------------------------------------------------------------------------
통과순위 S1F : (3,6),(4,7),(1,2,8),5                   
         G8F :                                         
         G6F :                                         
         G4F : (^3,6),(1,4,7),(2,8)-5                  
         G3F : (^3,6),(1,7)-(2,4,8)-5                  
         G2F : (3,^6),(1,7)-4,(2,8)-5                  
         G1F : 6-3,7-1,4=(2,8,5)                       
-------------------------------------------------------------------------------------------------
구분 출전번호  대상명            처분종류     처분내용                     세부내용
-------------------------------------------------------------------------------------------------
말      1      스타마타          주의                                      출발 후 약 200m 지점부터 4코너까지 바깥으로 기댐  
-------------------------------------------------------------------------------------------------


제목 : 22년06월10일(금)  제 3경주

(부산) 제43일 1300M 국6등급별정A       경주명 : 일반                        
경주조건:  R0~0           연령오픈                   날씨:맑음 주로:양호  (7%)
순위상금: 13,750천원   5,500천원   3,500천원   1,250천원   1,000천원
부가상금:      0천원       0천원       0천원
-------------------------------------------------------------------------------------------------
순위 마번    마    명         산지   성별 연령 부담중량  기수명   조교사   마주명           레이팅
-------------------------------------------------------------------------------------------------
  1    2  블루캡틴             한     거     3    55.0   모준호   손병직   김진영a               
  2   11  퀸즈대로             한     암     3    54.0   최시대   토마스   백수현                
  3    1  원더풀보브캣         한     거     4    56.0   유현명   안우성   지성배                
  4   10  마이송               한     암     4    50.0   윤형석   권승주   고희종                
  5    5  스페셜투게더         한     수     3    54.0   김태현   강형곤   이혜란                
  6    7  멋진하루             한     수     3    56.0   최은경   김길중   김응수                
  7   12  디어킹               한     수     3    53.0   신윤섭   안우성   임성록                
  8    3  리아논포인트         한     암     4    50.0   서강주   조용배   김근영                
  9    6  워너비스타           한     거     4    52.0   권오찬   하무선   허도행                
 10    8  코코윈               한(포) 수     6    56.0   김혜선   이정표   이광열                
 11    9  미라쿨룸             한     거     4    56.0   채상현   울즐리   양승홍                
 12    4  호랑가시             한     암     3    54.0   김어수   양귀선   김영옥                
-------------------------------------------------------------------------------------------------
순위 마번    마      명       마 체 중  기 록  도 착 차  (S1F-S8F-G6F-G4F-G3F-G2F-G1F)
-------------------------------------------------------------------------------------------------
  1    2  블루캡틴             444( -2) 1:22.7            1-  -  - 1- 1- 2- 1
  2   11  퀸즈대로             398( -1) 1:22.7  ½        9-  -  - 4- 3- 3- 2
  3    1  원더풀보브캣         477( +6) 1:23.3  3         3-  -  - 2- 2- 1- 3
  4   10  마이송               482( -3) 1:23.6  1¾       8-  -  - 9- 9- 5- 4
  5    5  스페셜투게더         510( +9) 1:24.1  2½       2-  -  - 3- 5- 8- 7
  6    7  멋진하루             462( -1) 1:24.2  ½        5-  -  - 6- 8- 6- 6
  7   12  디어킹               433( -2) 1:24.5  1¾      10-  -  -10-10-10- 8
  8    3  리아논포인트         487( -7) 1:24.9  2½       6-  -  - 7- 6- 7- 9
  9    6  워너비스타           484( -5) 1:25.2  1¾       4-  -  - 5- 4- 4- 5
 10    8  코코윈               452( -9) 1:25.5  1¾      12-  -  -12-11-11-10
 11    9  미라쿨룸             493( -2) 1:26.7  6        11-  -  -11-12-12-12
 12    4  호랑가시             479( -1) 1:27.1  2½       7-  -  - 8- 7- 9-11
-------------------------------------------------------------------------------------------------
순위 마번 G-3F S-1F    400      400     400     400     G-2F    G-1F    단승식 연승식
-------------------------------------------------------------------------------------------------
  1    2  38.8  0:13.9          0:08.6  0:22.4  0:25.6  0:26.1  0:13.6     7.9    1.9
  2   11  38.7  0:14.6          0:09.0  0:22.4  0:25.2  0:26.1  0:13.6    13.3    2.5
  3    1  39.3  0:14.1          0:08.7  0:22.5  0:25.3  0:26.8  0:14.1     1.6    1.2
  4   10  38.8  0:14.5          0:08.9  0:23.0  0:25.6  0:26.1  0:13.6     6.1    2.3
  5    5  39.6  0:14.0          0:08.5  0:22.8  0:26.4  0:26.4  0:13.7     8.5    1.8
  6    7  39.6  0:14.3          0:08.7  0:22.8  0:26.0  0:26.7  0:13.9    64.1    7.8
  7   12  39.7  0:14.6          0:08.9  0:23.0  0:25.9  0:26.7  0:13.9    72.3   11.3
  8    3  40.3  0:14.4          0:08.9  0:22.8  0:25.9  0:27.3  0:14.1    38.4    6.1
  9    6  40.8  0:14.2          0:08.7  0:22.8  0:25.6  0:28.1  0:14.9    15.8    2.7
 10    8  40.2  0:15.1          0:09.2  0:23.7  0:25.4  0:27.2  0:14.0    49.7    7.9
 11    9  41.2  0:14.9          0:09.1  0:23.7  0:25.9  0:28.0  0:14.6   181.7   23.5
 12    4  42.5  0:14.4          0:08.9  0:22.8  0:26.1  0:29.3  0:15.4    63.5    9.2
-------------------------------------------------------------------------------------------------
(복승식 배당률)
  1- 2     6.0  2- 9   588.1  4- 5   231.0  5-15     0.0  8- 9   978.3 11-12   129.0
  1- 3    22.1  2-10    25.6  4- 6   302.0  5-16     0.0  8-10   120.9 11-13     0.0
  1- 4    66.3  2-11    36.9  4- 7   722.0  6- 7   290.0  8-11   136.7 11-14     0.0
  1- 5     5.8  2-12   194.6  4- 8   709.4  6- 8   229.3  8-12   520.6 11-15     0.0
  1- 6    10.3  2-13     0.0  4- 9  1474.3  6- 9   648.9  8-13     0.0 11-16     0.0
  1- 7    56.3  2-14     0.0  4-10   318.2  6-10    32.6  8-14     0.0 12-13     0.0
  1- 8    40.9  2-15     0.0  4-11   242.0  6-11    49.5  8-15     0.0 12-14     0.0
  1- 9   119.0  2-16     0.0  4-12   926.3  6-12   224.8  8-16     0.0 12-15     0.0
  1-10     6.6  3- 4   519.8  4-13     0.0  6-13     0.0  9-10   408.0 12-16     0.0
  1-11     8.7  3- 5    97.7  4-14     0.0  6-14     0.0  9-11   433.2 13-14     0.0
  1-12    46.4  3- 6   168.2  4-15     0.0  6-15     0.0  9-12  1089.2 13-15     0.0
  1-13     0.0  3- 7   548.5  4-16     0.0  6-16     0.0  9-13     0.0 13-16     0.0
  1-14     0.0  3- 8   229.1  5- 6    24.3  7- 8   422.6  9-14     0.0 14-15     0.0
  1-15     0.0  3- 9  1193.0  5- 7   150.9  7- 9   800.6  9-15     0.0 14-16     0.0
  1-16     0.0  3-10   108.6  5- 8   154.5  7-10   262.1  9-16     0.0 15-16     0.0
  2- 3   102.9  3-11   130.6  5- 9   344.5  7-11   275.9 10-11    21.6  0- 0     0.0
  2- 4   244.3  3-12   551.1  5-10    19.3  7-12   701.1 10-12   119.0  0- 0     0.0
  2- 5    21.9  3-13     0.0  5-11    32.7  7-13     0.0 10-13     0.0  0- 0     0.0
  2- 6    44.8  3-14     0.0  5-12   206.1  7-14     0.0 10-14     0.0  0- 0     0.0
  2- 7   256.1  3-15     0.0  5-13     0.0  7-15     0.0 10-15     0.0  0- 0     0.0
  2- 8   211.6  3-16     0.0  5-14     0.0  7-16     0.0 10-16     0.0  0- 0     0.0
-------------------------------------------------------------------------------------------------
매출액 단식:     23,459,200    연식:     41,675,100      복식:    634,560,600
       복연:    102,752,200    쌍식:    218,353,000      삼복:    648,432,600
       삼쌍:    270,787,000    합계:  1,940,019,700
-------------------------------------------------------------------------------------------------
배당률 단: ②7.9        연: ②1.9 ⑪2.5 ①1.2          복: ②⑪36.9      4F:51.7
                                                                         3F:38.8
                        쌍: ②⑪81.0
     복연: ②⑪9.9 ②①2.7 ⑪①3.7
     삼복: ②⑪①14.8 
     삼쌍: ②⑪①274.2 
-------------------------------------------------------------------------------------------------
펄 롱:8.5 10.8 11.7   12.9   12.6   12.6   13.6   
통과M:  100  300  500    700    9000   1100   1300
통과T:08.5 19.3 31.0 0:43.9 0:56.5 1:09.1 1:22.7 
-------------------------------------------------------------------------------------------------
통과순위 S1F : (^2,5),(1,6),(3,4,7),(10,11,12),9,8     
         G8F :                                         
         G6F : (2,^5),(1,6,7),(3,4,10,11,12),(8,9)     
         G4F : 2,(1,5),(6,7,11),(3,4),(10,12)=(9,8)    
         G3F : (^2,1,11)-(6,5),(3,4,7),(10,12)-8,9     
         G2F : (2,^1,11)-6-(3,10,7),(4,5,12)-8-9       
         G1F : (2,1,11)=10,(6,5,7),12,3-8,4-9          
-------------------------------------------------------------------------------------------------
구분 출전번호  대상명            처분종류     처분내용                     세부내용
-------------------------------------------------------------------------------------------------
특 
이 
사 
항
-------------------------------------------------------------------------------------------------


제목 : 22년06월10일(금)  제 4경주

(부산) 제43일 1800M 국5등급별정B       경주명 : 일반                        
경주조건:  R1~35          연령오픈                   날씨:맑음 주로:양호  (7%)
순위상금: 22,000천원   8,800천원   5,600천원   2,000천원   1,600천원
부가상금:      0천원       0천원       0천원
-------------------------------------------------------------------------------------------------
순위 마번    마    명         산지   성별 연령 부담중량  기수명   조교사   마주명           레이팅
-------------------------------------------------------------------------------------------------
  1    2  원더풀시크릿         한     수     4    57.0   유현명   이상영   지성배              34
  2    5  히어로맨             한     거     4    52.0   서강주   강형곤   송문관              30
  3    7  센텀토르             한     거     4    53.0   신윤섭   권승주   조정현              31
  4    1  아델보스             한     수     3    57.0   서승운   백광열   이장현              32
  5    3  다이아포스           한     거     4    53.0   박종호   장세한   황윤하              35
  6    4  온누리강자           한     거     8    56.0   송경윤   조용배   이용우              29
  7    8  원더풀버드           한     거     4    56.0   최은경   김길중   지대섭              31
  8    9  대왕봉               미     거     8    51.0   윤형석   이정표   이광열              21
  9    6  비제이스텀스         한     거     4    55.0   채상현   울즐리   이시돌협회          26
-------------------------------------------------------------------------------------------------
순위 마번    마      명       마 체 중  기 록  도 착 차  (S1F-S8F-G6F-G4F-G3F-G2F-G1F)
-------------------------------------------------------------------------------------------------
  1    2  원더풀시크릿         538( -2) 1:56.7            2-  - 2- 2- 2- 1- 1
  2    5  히어로맨             500( +3) 1:58.0  7         3-  - 3- 3- 3- 3- 2
  3    7  센텀토르             510( +7) 1:59.5  9         4-  - 6- 6- 5- 5- 4
  4    1  아델보스             507( -4) 2:00.2  4         1-  - 1- 1- 1- 2- 3
  5    3  다이아포스           478( +1) 2:00.5  2         5-  - 5- 4- 4- 4- 5
  6    4  온누리강자           495( +5) 2:00.6  ¾        7-  - 7- 7- 7- 8- 7
  7    8  원더풀버드           463( +5) 2:01.1  2½       8-  - 9- 9- 9- 7- 6
  8    9  대왕봉               492( +0) 2:02.8  10        9-  - 8- 8- 8- 9- 8
  9    6  비제이스텀스         463( -2) 2:03.5  4         6-  - 4- 5- 6- 6- 9
-------------------------------------------------------------------------------------------------
순위 마번 G-3F S-1F    400      400     400     400     G-2F    G-1F    단승식 연승식
-------------------------------------------------------------------------------------------------
  1    2  38.8  0:14.4          0:25.0  0:25.2  0:26.3  0:25.8  0:13.4     1.7    1.1
  2    5  39.8  0:14.4          0:25.1  0:25.3  0:27.1  0:26.1  0:13.6    33.6    4.0
  3    7  40.6  0:14.5          0:25.6  0:25.3  0:27.0  0:27.1  0:14.1     6.3    1.8
  4    1  42.3  0:14.3          0:25.0  0:25.2  0:26.6  0:29.1  0:15.3     3.6    1.3
  5    3  41.8  0:14.6          0:25.1  0:25.4  0:27.3  0:28.1  0:14.7    19.1    3.6
  6    4  40.9  0:15.5          0:24.8  0:25.6  0:27.7  0:27.0  0:13.6    58.4    9.3
  7    8  41.2  0:15.5          0:25.6  0:25.3  0:27.1  0:27.6  0:14.3    13.0    2.4
  8    9  43.1  0:15.7          0:24.6  0:25.7  0:27.7  0:29.1  0:15.2    94.9   11.7
  9    6  44.5  0:14.8          0:24.8  0:25.6  0:28.3  0:30.0  0:15.4    20.0    2.6
-------------------------------------------------------------------------------------------------
(복승식 배당률)
  1- 2     2.3  2- 9   121.0  4- 5   356.9  5-15     0.0  8- 9   322.7 11-12     0.0
  1- 3    37.4  2-10     0.0  4- 6   310.3  5-16     0.0  8-10     0.0 11-13     0.0
  1- 4   122.1  2-11     0.0  4- 7   148.1  6- 7    42.0  8-11     0.0 11-14     0.0
  1- 5    56.8  2-12     0.0  4- 8   199.9  6- 8    66.1  8-12     0.0 11-15     0.0
  1- 6    34.7  2-13     0.0  4- 9   505.3  6- 9   451.7  8-13     0.0 11-16     0.0
  1- 7    15.4  2-14     0.0  4-10     0.0  6-10     0.0  8-14     0.0 12-13     0.0
  1- 8    20.0  2-15     0.0  4-11     0.0  6-11     0.0  8-15     0.0 12-14     0.0
  1- 9   263.8  2-16     0.0  4-12     0.0  6-12     0.0  8-16     0.0 12-15     0.0
  1-10     0.0  3- 4   263.1  4-13     0.0  6-13     0.0  9-10     0.0 12-16     0.0
  1-11     0.0  3- 5   143.0  4-14     0.0  6-14     0.0  9-11     0.0 13-14     0.0
  1-12     0.0  3- 6    99.4  4-15     0.0  6-15     0.0  9-12     0.0 13-15     0.0
  1-13     0.0  3- 7    57.2  4-16     0.0  6-16     0.0  9-13     0.0 13-16     0.0
  1-14     0.0  3- 8    56.3  5- 6   106.3  7- 8    29.5  9-14     0.0 14-15     0.0
  1-15     0.0  3- 9   450.3  5- 7    85.5  7- 9   353.3  9-15     0.0 14-16     0.0
  1-16     0.0  3-10     0.0  5- 8    74.9  7-10     0.0  9-16     0.0 15-16     0.0
  2- 3    11.5  3-11     0.0  5- 9   674.4  7-11     0.0 10-11     0.0  0- 0     0.0
  2- 4    47.6  3-12     0.0  5-10     0.0  7-12     0.0 10-12     0.0  0- 0     0.0
  2- 5    16.9  3-13     0.0  5-11     0.0  7-13     0.0 10-13     0.0  0- 0     0.0
  2- 6    13.7  3-14     0.0  5-12     0.0  7-14     0.0 10-14     0.0  0- 0     0.0
  2- 7     6.0  3-15     0.0  5-13     0.0  7-15     0.0 10-15     0.0  0- 0     0.0
  2- 8     8.4  3-16     0.0  5-14     0.0  7-16     0.0 10-16     0.0  0- 0     0.0
-------------------------------------------------------------------------------------------------
매출액 단식:     25,600,000    연식:     29,099,900      복식:    610,385,700
       복연:    101,035,100    쌍식:    284,422,900      삼복:    748,787,800
       삼쌍:    373,318,900    합계:  2,172,650,300
-------------------------------------------------------------------------------------------------
배당률 단: ②1.7        연: ②1.1 ⑤4.0 ⑦1.8          복: ②⑤16.9      4F:52.2
                                                                         3F:38.8
                        쌍: ②⑤22.9
     복연: ②⑤4.9 ②⑦2.5 ⑤⑦15.4
     삼복: ②⑤⑦27.6 
     삼쌍: ②⑤⑦113.8 
-------------------------------------------------------------------------------------------------
펄 롱:14.3 12.2 12.8   12.5   12.7   13.4   13.0   12.4   13.4   
통과M:  200  400  600    800    1000   1200   1400   1600   1800
통과T:14.3 26.5 39.3 0:51.8 1:04.5 1:17.9 1:30.9 1:43.3 1:56.7 
-------------------------------------------------------------------------------------------------
통과순위 S1F : (^1,2,5),(3,7),6-(4,8),9                
         G8F :                                         
         G6F : (^1,2),(6,5),3-7,(4,9)=8                
         G4F : (^1,2),5,(6,3),7-(4,9)-8                
         G3F : (1,2),5-3,(6,7)-(4,9),8                 
         G2F : 2,1=5-(3,7)=(6,4,8),9                   
         G1F : 2=5-1-7-3=8,4-9-6                       
-------------------------------------------------------------------------------------------------
구분 출전번호  대상명            처분종류     처분내용                     세부내용
-------------------------------------------------------------------------------------------------
말      6      비제이스텀스      주행심사                                  경주능력부진(1위마와 39.2마신 차)                 
말      9      대왕봉            주행심사                                  경주능력부진(1위마와 35.2마신 차)                 
-------------------------------------------------------------------------------------------------


제목 : 22년06월10일(금)  제 5경주

(부산) 제43일 1200M 국5등급핸디캡      경주명 : 일반                        
경주조건:  R1~35          연령오픈                   날씨:흐림 주로:양호  (7%)
순위상금: 22,000천원   8,800천원   5,600천원   2,000천원   1,600천원
부가상금:      0천원       0천원       0천원
-------------------------------------------------------------------------------------------------
순위 마번    마    명         산지   성별 연령 부담중량  기수명   조교사   마주명           레이팅
-------------------------------------------------------------------------------------------------
  1    2  한라누리             한     암     5    51.5   최은경   토마스   나종용              28
  2    5  인디매직             한     수     3    56.0   서승운   라이스   이시돌협회          33
  3    9  치프오피서           한     거     4    51.0   권오찬   김길중   범한산업            26
  4    8  스파이스인디         한     암     4    53.5   모준호   강형곤   정영식              34
  5   10  퍼플망고             한     암     3    53.0   유현명   라이스   강봉한              31
  6    1  해브어굿타임         한     수     4    51.0   서강주   장세한   심상순              31
  7    6  투투라임             한     암     4    52.0   김동영   임동창   강용익              24
  8    4  인투마린             한(포) 거     5    54.5   김어수   박재호   이경희              30
  9    3  정든로               한(포) 암     3    51.0   김태현   민장기   하늬바람            30
 10    7  에이스로드           한     암     5    51.0   윤형석   이정표   채찬식              24
-------------------------------------------------------------------------------------------------
순위 마번    마      명       마 체 중  기 록  도 착 차  (S1F-S8F-G6F-G4F-G3F-G2F-G1F)
-------------------------------------------------------------------------------------------------
  1    2  한라누리             446(-10) 1:15.6            2-  -  - 2- 2- 2- 1
  2    5  인디매직             447( +5) 1:16.0  1¾       4-  -  - 4- 4- 3- 2
  3    9  치프오피서           480( +8) 1:16.6  4         9-  -  - 8- 8- 7- 5
  4    8  스파이스인디         442( -6) 1:16.6  코       10-  -  -10- 9- 9- 6
  5   10  퍼플망고             441( +4) 1:17.1  3         3-  -  - 3- 3- 4- 4
  6    1  해브어굿타임         496( -4) 1:17.1  코        1-  -  - 1- 1- 1- 3
  7    6  투투라임             399( +4) 1:17.1  목        7-  -  - 7- 7- 6- 7
  8    4  인투마린             492( +4) 1:17.5  2½       5-  -  - 5- 5- 5- 8
  9    3  정든로               503(-10) 1:18.0  2½       6-  -  - 6- 6- 8- 9
 10    7  에이스로드           417( -4) 1:18.6  4         8-  -  - 9-10-10-10
-------------------------------------------------------------------------------------------------
순위 마번 G-3F S-1F    400      400     400     400     G-2F    G-1F    단승식 연승식
-------------------------------------------------------------------------------------------------
  1    2  38.6  0:13.8                  0:24.8  0:24.5  0:26.3  0:13.7    12.8    2.9
  2    5  38.8  0:13.9                  0:25.0  0:24.5  0:26.5  0:13.7     2.4    1.2
  3    9  38.5  0:14.5                  0:25.7  0:24.8  0:26.1  0:13.7    47.3    3.4
  4    8  38.2  0:14.8                  0:26.1  0:24.7  0:25.8  0:13.6     9.4    2.4
  5   10  40.1  0:13.8                  0:24.9  0:24.6  0:27.6  0:14.4     2.6    1.5
  6    1  40.2  0:13.8                  0:24.7  0:24.6  0:27.8  0:14.7    12.9    3.2
  7    6  39.1  0:14.1                  0:25.5  0:25.0  0:26.6  0:14.0    64.9    7.7
  8    4  39.8  0:14.0                  0:25.2  0:25.1  0:27.2  0:14.3    14.2    2.7
  9    3  40.2  0:14.1                  0:25.5  0:25.1  0:27.4  0:14.2    16.2    2.9
 10    7  40.0  0:14.4                  0:26.0  0:25.3  0:27.3  0:14.0    99.9   27.4
-------------------------------------------------------------------------------------------------
(복승식 배당률)
  1- 2    50.7  2- 9   146.4  4- 5    10.8  5-15     0.0  8- 9   109.1 11-12     0.0
  1- 3    87.8  2-10    21.9  4- 6   384.1  5-16     0.0  8-10    14.7 11-13     0.0
  1- 4    66.2  2-11     0.0  4- 7   722.7  6- 7   989.7  8-11     0.0 11-14     0.0
  1- 5    13.1  2-12     0.0  4- 8    56.4  6- 8   373.5  8-12     0.0 11-15     0.0
  1- 6   367.3  2-13     0.0  4- 9   183.1  6- 9   588.7  8-13     0.0 11-16     0.0
  1- 7   907.1  2-14     0.0  4-10    18.5  6-10    94.4  8-14     0.0 12-13     0.0
  1- 8    49.3  2-15     0.0  4-11     0.0  6-11     0.0  8-15     0.0 12-14     0.0
  1- 9   186.1  2-16     0.0  4-12     0.0  6-12     0.0  8-16     0.0 12-15     0.0
  1-10    21.3  3- 4    66.5  4-13     0.0  6-13     0.0  9-10    53.3 12-16     0.0
  1-11     0.0  3- 5    13.3  4-14     0.0  6-14     0.0  9-11     0.0 13-14     0.0
  1-12     0.0  3- 6   452.1  4-15     0.0  6-15     0.0  9-12     0.0 13-15     0.0
  1-13     0.0  3- 7  1128.6  4-16     0.0  6-16     0.0  9-13     0.0 13-16     0.0
  1-14     0.0  3- 8    67.4  5- 6    70.3  7- 8   773.1  9-14     0.0 14-15     0.0
  1-15     0.0  3- 9   149.2  5- 7   296.2  7- 9  1141.4  9-15     0.0 14-16     0.0
  1-16     0.0  3-10    22.7  5- 8    10.0  7-10   336.8  9-16     0.0 15-16     0.0
  2- 3    76.7  3-11     0.0  5- 9    34.2  7-11     0.0 10-11     0.0  0- 0     0.0
  2- 4    60.2  3-12     0.0  5-10     2.5  7-12     0.0 10-12     0.0  0- 0     0.0
  2- 5    12.8  3-13     0.0  5-11     0.0  7-13     0.0 10-13     0.0  0- 0     0.0
  2- 6   286.3  3-14     0.0  5-12     0.0  7-14     0.0 10-14     0.0  0- 0     0.0
  2- 7   682.4  3-15     0.0  5-13     0.0  7-15     0.0 10-15     0.0  0- 0     0.0
  2- 8    58.5  3-16     0.0  5-14     0.0  7-16     0.0 10-16     0.0  0- 0     0.0
-------------------------------------------------------------------------------------------------
매출액 단식:     22,618,000    연식:     33,337,500      복식:    734,376,700
       복연:    106,855,800    쌍식:    273,073,000      삼복:    757,412,500
       삼쌍:    328,655,500    합계:  2,256,329,000
-------------------------------------------------------------------------------------------------
배당률 단: ②12.8       연: ②2.9 ⑤1.2 ⑨3.4          복: ②⑤12.8      4F:50.9
                                                                         3F:38.7
                        쌍: ②⑤44.2
     복연: ②⑤4.3 ②⑨32.1 ⑤⑨7.7
     삼복: ②⑤⑨98.2 
     삼쌍: ②⑤⑨622.8 
-------------------------------------------------------------------------------------------------
펄 롱:13.8 10.9 12.2   12.4   12.6   13.7   
통과M:  200  400  600    800    1000   1200
통과T:13.8 24.7 36.9 0:49.3 1:01.9 1:15.6 
-------------------------------------------------------------------------------------------------
통과순위 S1F : (1,2,5,10),(3,4,6),(7,9),8              
         G8F :                                         
         G6F :                                         
         G4F : (^1,2),(5,10),4,(3,6),9,(8,7)           
         G3F : (^1,2,10),5-(3,4),(6,9),8,7             
         G2F : (1,2),(5,10)=4,(3,6,9),8-7              
         G1F : 2-(5,1),10,(8,9),(6,4)-3=7              
-------------------------------------------------------------------------------------------------
구분 출전번호  대상명            처분종류     처분내용                     세부내용
-------------------------------------------------------------------------------------------------
말      7      에이스로드        출전정지     2개월(2022.06.11~2022.08.10) 전 구간 바깥으로 기댐                             
말      7      에이스로드        주행심사                                  전 구간 바깥으로 기댐                             
-------------------------------------------------------------------------------------------------


제목 : 22년06월10일(금)  제 6경주

(부산) 제43일 1200M 국4등급핸디캡      경주명 : 일반                        
경주조건:  R1~50          연령오픈                   날씨:흐림 주로:양호  (7%)
순위상금: 33,000천원  13,200천원   8,400천원   3,000천원   2,400천원
부가상금:      0천원       0천원       0천원
-------------------------------------------------------------------------------------------------
순위 마번    마    명         산지   성별 연령 부담중량  기수명   조교사   마주명           레이팅
-------------------------------------------------------------------------------------------------
  1   11  유서프               한(포) 수     3    55.0   신윤섭   울즐리   박희상              50
  2    9  골든                 한     수     5    52.0   김동영   임동창   김화원              37
  3    8  드로모스             한(포) 암     4    51.0   김태현   방동석   김준현              38
  4   10  톱에이스             한     거     5    53.0   채상현   임금만   류화영              40
  5    4  어메이징풋           한     수     4    51.5   김혜선   권승주   고희종              37
  6    3  동트자보이           한     거     4    56.0   최시대   김영관   김평갑              46
  7    7  골드캔디             한     암     5    54.5   김어수   강형곤   정영식              47
  8    2  남도퀸               한     암     4    52.0   모준호   이상영   배은정              44
  9    6  플래시참             한     수     3    51.5   유현명   라이스   김세민              37
 10    1  비케이파워           한     암     4    51.0   전진구   강형곤   함승원              36
 11   12  퍼스트스타           한     암     5    51.0   권오찬   장세한   조창환              36
 12    5  케이비보스           한     암     5    53.5   최은경   윤영훈   홍중표              45
-------------------------------------------------------------------------------------------------
순위 마번    마      명       마 체 중  기 록  도 착 차  (S1F-S8F-G6F-G4F-G3F-G2F-G1F)
-------------------------------------------------------------------------------------------------
  1   11  유서프               501( +1) 1:14.1            4-  -  - 5- 3- 1- 1
  2    9  골든                 459( -2) 1:14.8  4         9-  -  -10-11- 8- 7
  3    8  드로모스             455( +0) 1:14.8  목        2-  -  - 2- 2- 3- 2
  4   10  톱에이스             456( -4) 1:14.9  ½       11-  -  - 9- 9- 9- 8
  5    4  어메이징풋           479( -6) 1:15.3  2         1-  -  - 1- 1- 2- 4
  6    3  동트자보이           502( +0) 1:15.3  목        8-  -  - 7- 6- 6- 6
  7    7  골드캔디             454( -4) 1:15.4  ¾       12-  -  -12-12-12-10
  8    2  남도퀸               501( +1) 1:15.5  목        5-  -  - 3- 4- 4- 3
  9    6  플래시참             485(-22) 1:15.6  1         3-  -  - 4- 5- 5- 5
 10    1  비케이파워           516( +4) 1:16.5  5         7-  -  - 8- 8-11-11
 11   12  퍼스트스타           433( +2) 1:16.7  ¾        6-  -  - 6- 7- 7- 9
 12    5  케이비보스           465(-11) 1:17.7  6        10-  -  -11-10-10-12
-------------------------------------------------------------------------------------------------
순위 마번 G-3F S-1F    400      400     400     400     G-2F    G-1F    단승식 연승식
-------------------------------------------------------------------------------------------------
  1   11  37.6  0:13.6                  0:24.6  0:23.8  0:25.7  0:13.4     2.0    1.3
  2    9  37.0  0:13.9                  0:25.4  0:24.4  0:25.0  0:12.9    40.7    4.4
  3    8  38.5  0:13.5                  0:24.4  0:24.1  0:26.3  0:13.8    21.0    4.7
  4   10  37.2  0:14.0                  0:25.2  0:24.6  0:25.1  0:13.0    41.9    8.8
  5    4  39.0  0:13.4                  0:24.3  0:24.2  0:26.8  0:14.1     5.4    1.8
  6    3  38.3  0:13.9                  0:24.9  0:24.5  0:25.9  0:13.4     5.3    2.1
  7    7  37.2  0:14.3                  0:25.7  0:24.8  0:24.9  0:12.8    37.1    3.7
  8    2  38.9  0:13.7                  0:24.5  0:24.2  0:26.8  0:14.3    11.9    2.6
  9    6  39.0  0:13.6                  0:24.6  0:24.2  0:26.8  0:14.0    11.6    2.6
 10    1  39.0  0:13.9                  0:25.0  0:24.9  0:26.6  0:13.9    41.3    7.5
 11   12  39.7  0:13.7                  0:24.8  0:24.7  0:27.2  0:14.2   113.2   35.5
 12    5  39.9  0:14.0                  0:25.5  0:24.4  0:27.8  0:14.9    18.5    6.0
-------------------------------------------------------------------------------------------------
(복승식 배당률)
  1- 2   110.8  2- 9   215.5  4- 5    54.7  5-15     0.0  8- 9   214.2 11-12   249.0
  1- 3    83.2  2-10   451.0  4- 6    35.7  5-16     0.0  8-10   557.7 11-13     0.0
  1- 4    75.6  2-11    10.9  4- 7    78.6  6- 7   170.9  8-11    16.1 11-14     0.0
  1- 5   357.7  2-12  1522.0  4- 8    50.3  6- 8   133.0  8-12  1282.0 11-15     0.0
  1- 6   172.5  2-13     0.0  4- 9    71.2  6- 9   183.2  8-13     0.0 11-16     0.0
  1- 7   257.7  2-14     0.0  4-10   162.9  6-10   383.6  8-14     0.0 12-13     0.0
  1- 8   233.9  2-15     0.0  4-11     4.6  6-11     8.1  8-15     0.0 12-14     0.0
  1- 9   313.6  2-16     0.0  4-12   670.5  6-12  1101.3  8-16     0.0 12-15     0.0
  1-10   595.4  3- 4    14.4  4-13     0.0  6-13     0.0  9-10   520.9 12-16     0.0
  1-11    25.8  3- 5    80.5  4-14     0.0  6-14     0.0  9-11    16.6 13-14     0.0
  1-12  2033.1  3- 6    36.6  4-15     0.0  6-15     0.0  9-12  1534.1 13-15     0.0
  1-13     0.0  3- 7    95.0  4-16     0.0  6-16     0.0  9-13     0.0 13-16     0.0
  1-14     0.0  3- 8    60.5  5- 6   157.3  7- 8   297.5  9-14     0.0 14-15     0.0
  1-15     0.0  3- 9    92.9  5- 7   214.8  7- 9   252.8  9-15     0.0 14-16     0.0
  1-16     0.0  3-10   195.6  5- 8   239.5  7-10   624.9  9-16     0.0 15-16     0.0
  2- 3    35.5  3-11     5.1  5- 9   402.0  7-11    21.3 10-11    62.8  0- 0     0.0
  2- 4    37.0  3-12   800.4  5-10   725.6  7-12  1351.8 10-12  1327.7  0- 0     0.0
  2- 5   111.7  3-13     0.0  5-11    21.0  7-13     0.0 10-13     0.0  0- 0     0.0
  2- 6    86.7  3-14     0.0  5-12  1155.8  7-14     0.0 10-14     0.0  0- 0     0.0
  2- 7   173.9  3-15     0.0  5-13     0.0  7-15     0.0 10-15     0.0  0- 0     0.0
  2- 8   135.7  3-16     0.0  5-14     0.0  7-16     0.0 10-16     0.0  0- 0     0.0
-------------------------------------------------------------------------------------------------
매출액 단식:     23,971,100    연식:     45,037,200      복식:    796,246,500
       복연:    124,347,500    쌍식:    269,931,900      삼복:    736,316,900
       삼쌍:    292,093,100    합계:  2,287,944,200
-------------------------------------------------------------------------------------------------
배당률 단: ⑪2.0        연: ⑪1.3 ⑨4.4 ⑧4.7          복: ⑪⑨16.6      4F:49.8
                                                                         3F:37.8
                        쌍: ⑪⑨19.0
     복연: ⑪⑨5.5 ⑪⑧6.6 ⑨⑧41.9
     삼복: ⑪⑨⑧83.5 
     삼쌍: ⑪⑨⑧249.6 
-------------------------------------------------------------------------------------------------
펄 롱:13.4 10.9 12.0   12.1   12.3   13.4   
통과M:  200  400  600    800    1000   1200
통과T:13.4 24.3 36.3 0:48.4 1:00.7 1:14.1 
-------------------------------------------------------------------------------------------------
통과순위 S1F : (^4,8),(2,6,11,12),(1,3,5,9,10),7       
         G8F :                                         
         G6F :                                         
         G4F : (^4,8),(2,6,11),(3,12),1,10,(5,9),7     
         G3F : (4,8),(2,6,11)-(3,12)-1,(5,9,10)-7      
         G2F : (4,8,^11),(2,6)-(3,12),(5,1,9,10)-7     
         G1F : 11,8,(2,4)-6,(3,9,10)-(7,12,1),5        
-------------------------------------------------------------------------------------------------
구분 출전번호  대상명            처분종류     처분내용                     세부내용
-------------------------------------------------------------------------------------------------
특 
이 
사 
항
-------------------------------------------------------------------------------------------------


제목 : 22년06월10일(금)  제 7경주

(부산) 제43일 1400M 혼4등급핸디캡      경주명 : 일반                        
경주조건:  R1~50          연령오픈                   날씨:흐림 주로:양호  (7%)
순위상금: 33,000천원  13,200천원   8,400천원   3,000천원   2,400천원
부가상금:      0천원       0천원       0천원
-------------------------------------------------------------------------------------------------
순위 마번    마    명         산지   성별 연령 부담중량  기수명   조교사   마주명           레이팅
-------------------------------------------------------------------------------------------------
  1    7  볼라벤               호     수     4    55.0   최시대   권승주   손병철              45
  2    9  원더풀페이거         한     수     4    57.0   김혜선   안우성   지대섭              49
  3    8  서귀포인트           한     암     3    52.0   서승운   강형곤   서귀포시축협        38
  4    4  부산미소             한     수     6    53.5   김철호   강은석   조성우              42
  5    3  갤럭시오브           미     거     4    52.0   채상현   울즐리   범한산업            38
  6    1  워리어클래스         미     수     5    51.0   모준호   임금만   김중길              39
  7    5  금아니피             미     거     5    51.5   서강주   이상영   금아산업(주)        46
  8    2  한빛영광             미     암     5    52.0   김태현   김영민   안병현              47
  9    6  솔릭                 호     수     4    52.0   송경윤   김길중   손병현              36
-------------------------------------------------------------------------------------------------
순위 마번    마      명       마 체 중  기 록  도 착 차  (S1F-S8F-G6F-G4F-G3F-G2F-G1F)
-------------------------------------------------------------------------------------------------
  1    7  볼라벤               483(-10) 1:27.9            2-  -  - 2- 2- 1- 1
  2    9  원더풀페이거         451( -7) 1:27.9  머리      8-  -  - 6- 6- 5- 2
  3    8  서귀포인트           510( +4) 1:29.0  7         4-  -  - 3- 3- 3- 3
  4    4  부산미소             472( -5) 1:29.4  2         7-  -  - 7- 7- 6- 5
  5    3  갤럭시오브           431( -9) 1:29.9  3         5-  -  - 4- 4- 4- 6
  6    1  워리어클래스         530( -6) 1:30.1  1¼       1-  -  - 1- 1- 2- 4
  7    5  금아니피             458( -9) 1:30.4  1¾       6-  -  - 8- 8- 8- 8
  8    2  한빛영광             504( +8) 1:31.3  5         3-  -  - 5- 5- 7- 7
  9    6  솔릭                 495(+18) 1:32.2  5         9-  -  - 9- 9- 9- 9
-------------------------------------------------------------------------------------------------
순위 마번 G-3F S-1F    400      400     400     400     G-2F    G-1F    단승식 연승식
-------------------------------------------------------------------------------------------------
  1    7  38.8  0:14.2                  0:22.4  0:24.9  0:26.4  0:13.7     7.5    2.1
  2    9  37.9  0:14.6                  0:22.7  0:25.0  0:25.6  0:13.3     3.3    1.6
  3    8  39.6  0:14.3                  0:22.5  0:25.1  0:27.1  0:14.2     6.5    2.1
  4    4  39.1  0:14.6                  0:22.9  0:25.3  0:26.6  0:14.0    35.9    3.5
  5    3  40.4  0:14.5                  0:22.4  0:25.3  0:27.7  0:14.4    16.1    4.0
  6    1  41.2  0:14.2                  0:22.3  0:25.1  0:28.5  0:14.9     2.5    1.2
  7    5  40.0  0:14.5                  0:23.0  0:25.6  0:27.3  0:14.1    10.8    2.6
  8    2  41.3  0:14.3                  0:22.9  0:25.6  0:28.5  0:15.1    14.7    3.0
  9    6  41.5  0:14.8                  0:22.9  0:25.9  0:28.6  0:15.2    71.1   12.2
-------------------------------------------------------------------------------------------------
(복승식 배당률)
  1- 2     8.4  2- 9    24.1  4- 5    89.3  5-15     0.0  8- 9    12.0 11-12     0.0
  1- 3    25.5  2-10     0.0  4- 6   398.9  5-16     0.0  8-10     0.0 11-13     0.0
  1- 4    20.8  2-11     0.0  4- 7    88.1  6- 7   323.8  8-11     0.0 11-14     0.0
  1- 5     9.5  2-12     0.0  4- 8    86.0  6- 8   287.7  8-12     0.0 11-15     0.0
  1- 6   131.0  2-13     0.0  4- 9    35.0  6- 9   169.4  8-13     0.0 11-16     0.0
  1- 7     9.0  2-14     0.0  4-10     0.0  6-10     0.0  8-14     0.0 12-13     0.0
  1- 8     8.0  2-15     0.0  4-11     0.0  6-11     0.0  8-15     0.0 12-14     0.0
  1- 9     4.8  2-16     0.0  4-12     0.0  6-12     0.0  8-16     0.0 12-15     0.0
  1-10     0.0  3- 4   161.1  4-13     0.0  6-13     0.0  9-10     0.0 12-16     0.0
  1-11     0.0  3- 5    57.5  4-14     0.0  6-14     0.0  9-11     0.0 13-14     0.0
  1-12     0.0  3- 6   415.7  4-15     0.0  6-15     0.0  9-12     0.0 13-15     0.0
  1-13     0.0  3- 7    82.3  4-16     0.0  6-16     0.0  9-13     0.0 13-16     0.0
  1-14     0.0  3- 8    63.5  5- 6   307.1  7- 8    28.9  9-14     0.0 14-15     0.0
  1-15     0.0  3- 9    42.7  5- 7    40.1  7- 9    16.0  9-15     0.0 14-16     0.0
  1-16     0.0  3-10     0.0  5- 8    20.8  7-10     0.0  9-16     0.0 15-16     0.0
  2- 3    94.7  3-11     0.0  5- 9    15.9  7-11     0.0 10-11     0.0  0- 0     0.0
  2- 4    77.4  3-12     0.0  5-10     0.0  7-12     0.0 10-12     0.0  0- 0     0.0
  2- 5    49.4  3-13     0.0  5-11     0.0  7-13     0.0 10-13     0.0  0- 0     0.0
  2- 6   368.6  3-14     0.0  5-12     0.0  7-14     0.0 10-14     0.0  0- 0     0.0
  2- 7    49.1  3-15     0.0  5-13     0.0  7-15     0.0 10-15     0.0  0- 0     0.0
  2- 8    41.8  3-16     0.0  5-14     0.0  7-16     0.0 10-16     0.0  0- 0     0.0
-------------------------------------------------------------------------------------------------
매출액 단식:     26,506,500    연식:     37,481,000      복식:    750,307,500
       복연:     97,321,700    쌍식:    248,011,500      삼복:    678,597,800
       삼쌍:    276,798,500    합계:  2,115,024,500
-------------------------------------------------------------------------------------------------
배당률 단: ⑦7.5        연: ⑦2.1 ⑨1.6 ⑧2.1          복: ⑦⑨16.0      4F:51.4
                                                                         3F:39.0
                        쌍: ⑦⑨42.4
     복연: ⑦⑨5.3 ⑦⑧7.7 ⑨⑧3.8
     삼복: ⑦⑨⑧20.5 
     삼쌍: ⑦⑨⑧172.3 
-------------------------------------------------------------------------------------------------
펄 롱:14.2 10.7 11.6   12.4   12.6   12.7   13.7   
통과M:  200  400  600    800    1000   1200   1400
통과T:14.2 24.9 36.5 0:48.9 1:01.5 1:14.2 1:27.9 
-------------------------------------------------------------------------------------------------
통과순위 S1F : (1,2,7,8),(3,4,5,9),6                   
         G8F :                                         
         G6F :                                         
         G4F : (^1,7),(3,8),(2,9),(4,5),6              
         G3F : 1,7,(3,8)-(2,9),(4,5),6                 
         G2F : (1,^7),8,(3,9)-(4,2),5-6                
         G1F : 7-9,8-1,(3,4)-(2,5)-6                   
-------------------------------------------------------------------------------------------------
구분 출전번호  대상명            처분종류     처분내용                     세부내용
-------------------------------------------------------------------------------------------------
특 
이 
사 
항
-------------------------------------------------------------------------------------------------


제목 : 22년06월10일(금)  제 8경주

(부산) 제43일 1400M 혼3등급핸디캡      경주명 : 일반                        
경주조건:  R1~65          연령오픈                   날씨:흐림 주로:양호  (7%)
순위상금: 41,250천원  16,500천원  10,500천원   3,750천원   3,000천원
부가상금:      0천원       0천원       0천원
-------------------------------------------------------------------------------------------------
순위 마번    마    명         산지   성별 연령 부담중량  기수명   조교사   마주명           레이팅
-------------------------------------------------------------------------------------------------
  1   11  무적불패             한(포) 수     4    53.5   김철호   토마스   이임보              57
  2   10  플랫베이브           한(포) 암     4    52.5   김혜선   민장기   김종업              59
  3    1  골든벼락             미     수     4    52.5   유현명   김영관   구영본              55
  4    2  제시의꿈             미     거     4    54.0   서승운   라이스   홍경표              58
  5    8  장산바비             미     거     6    55.5   채상현   라이스   김형란              61
  6    5  라온더파워           한     거     4    55.5   최시대   권승주   손천수              61
  7    3  영광의축제           한     수     4    52.0   서강주   강형곤   변창덕              62
  8    6  패션블레이드         한     암     5    52.0   송경윤   윤영훈   김형란              54
  9   12  미스인디             한     암     4    53.0   모준호   울즐리   정영식              62
 10    7  다르마               한     거     8    51.0   윤형석   하무선   김봉겸              55
 11    9  느닷                 미     거     6    54.0   신윤섭   방동석   민병욱              64
 12    4  원더풀킹             한     수     4    55.0   김태현   양귀선   이성인              64
-------------------------------------------------------------------------------------------------
순위 마번    마      명       마 체 중  기 록  도 착 차  (S1F-S8F-G6F-G4F-G3F-G2F-G1F)
-------------------------------------------------------------------------------------------------
  1   11  무적불패             501( +3) 1:27.0            1-  -  - 2- 2- 1- 1
  2   10  플랫베이브           488( -4) 1:27.2  1½       6-  -  - 5- 4- 4- 3
  3    1  골든벼락             500( -3) 1:27.3  ½        2-  -  - 1- 1- 2- 2
  4    2  제시의꿈             513( -1) 1:27.9  3         7-  -  - 6- 6- 5- 5
  5    8  장산바비             480(-11) 1:28.1  1         8-  -  - 8- 8- 7- 6
  6    5  라온더파워           488( +1) 1:28.3  1½      10-  -  -10-10- 9- 8
  7    3  영광의축제           505( +4) 1:28.4  ¾       11-  -  -12-12-12-10
  8    6  패션블레이드         516( +4) 1:28.5  목        5-  -  - 7- 7- 6- 7
  9   12  미스인디             493( +2) 1:28.5  ½        3-  -  - 3- 3- 3- 4
 10    7  다르마               478( -2) 1:28.6  코       12-  -  -11-11-10- 9
 11    9  느닷                 476( -7) 1:29.8  7         9-  -  - 9- 9-11-11
 12    4  원더풀킹             502(-10) 1:30.0  ¾        4-  -  - 4- 5- 8-12
-------------------------------------------------------------------------------------------------
순위 마번 G-3F S-1F    400      400     400     400     G-2F    G-1F    단승식 연승식
-------------------------------------------------------------------------------------------------
  1   11  38.0  0:13.9                  0:22.4  0:24.8  0:25.9  0:13.7     6.3    2.6
  2   10  37.9  0:14.2                  0:22.4  0:25.0  0:25.6  0:13.2    12.3    3.9
  3    1  38.4  0:14.0                  0:22.2  0:25.0  0:26.1  0:13.6     2.0    1.3
  4    2  38.3  0:14.4                  0:22.5  0:25.2  0:25.8  0:13.2     7.0    2.3
  5    8  38.2  0:14.4                  0:22.7  0:25.3  0:25.7  0:13.3    20.3    4.0
  6    5  38.3  0:14.6                  0:22.7  0:25.2  0:25.8  0:13.4    15.7    3.3
  7    3  38.0  0:14.7                  0:23.1  0:25.0  0:25.6  0:13.2    25.4    5.1
  8    6  38.8  0:14.2                  0:22.7  0:25.4  0:26.2  0:13.6    18.0    3.8
  9   12  39.5  0:14.0                  0:22.4  0:25.1  0:27.0  0:14.1    14.8    2.4
 10    7  38.5  0:14.8                  0:22.5  0:25.2  0:26.1  0:13.6    78.4   28.5
 11    9  39.9  0:14.4                  0:22.7  0:25.6  0:27.1  0:14.0    20.0    2.8
 12    4  40.5  0:14.2                  0:22.4  0:25.9  0:27.5  0:14.1    53.4   10.4
-------------------------------------------------------------------------------------------------
(복승식 배당률)
  1- 2     7.4  2- 9    61.9  4- 5   211.8  5-15     0.0  8- 9    98.3 11-12    21.7
  1- 3    30.9  2-10    61.6  4- 6   315.0  5-16     0.0  8-10   105.6 11-13     0.0
  1- 4    58.7  2-11    17.0  4- 7  1508.8  6- 7   628.8  8-11    68.0 11-14     0.0
  1- 5    13.2  2-12    38.9  4- 8   441.1  6- 8   143.9  8-12    76.3 11-15     0.0
  1- 6    19.7  2-13     0.0  4- 9   238.2  6- 9   109.9  8-13     0.0 11-16     0.0
  1- 7   210.9  2-14     0.0  4-10   305.9  6-10   116.0  8-14     0.0 12-13     0.0
  1- 8    23.5  2-15     0.0  4-11   188.8  6-11    51.7  8-15     0.0 12-14     0.0
  1- 9    16.6  2-16     0.0  4-12   230.7  6-12    58.8  8-16     0.0 12-15     0.0
  1-10    17.7  3- 4   428.3  4-13     0.0  6-13     0.0  9-10    77.0 12-16     0.0
  1-11     6.8  3- 5   123.4  4-14     0.0  6-14     0.0  9-11    34.0 13-14     0.0
  1-12    10.7  3- 6   218.6  4-15     0.0  6-15     0.0  9-12    54.7 13-15     0.0
  1-13     0.0  3- 7  1032.5  4-16     0.0  6-16     0.0  9-13     0.0 13-16     0.0
  1-14     0.0  3- 8   219.7  5- 6    76.9  7- 8   711.5  9-14     0.0 14-15     0.0
  1-15     0.0  3- 9   140.3  5- 7   789.6  7- 9   522.0  9-15     0.0 14-16     0.0
  1-16     0.0  3-10   176.6  5- 8   110.7  7-10   509.9  9-16     0.0 15-16     0.0
  2- 3    85.8  3-11    94.7  5- 9    69.1  7-11   560.7 10-11    31.4  0- 0     0.0
  2- 4   147.4  3-12   149.4  5-10    66.2  7-12   770.3 10-12    49.3  0- 0     0.0
  2- 5    35.9  3-13     0.0  5-11    34.1  7-13     0.0 10-13     0.0  0- 0     0.0
  2- 6    48.4  3-14     0.0  5-12    47.4  7-14     0.0 10-14     0.0  0- 0     0.0
  2- 7   571.4  3-15     0.0  5-13     0.0  7-15     0.0 10-15     0.0  0- 0     0.0
  2- 8   114.4  3-16     0.0  5-14     0.0  7-16     0.0 10-16     0.0  0- 0     0.0
-------------------------------------------------------------------------------------------------
매출액 단식:     24,677,800    연식:     43,762,000      복식:    822,215,800
       복연:    122,018,800    쌍식:    240,970,000      삼복:    739,047,900
       삼쌍:    256,235,300    합계:  2,248,927,600
-------------------------------------------------------------------------------------------------
배당률 단: ⑪6.3        연: ⑪2.6 ⑩3.9 ①1.3          복: ⑪⑩31.4      4F:50.8
                                                                         3F:38.1
                        쌍: ⑪⑩74.5
     복연: ⑪⑩9.3 ⑪①3.3 ⑩①6.6
     삼복: ⑪⑩①25.5 
     삼쌍: ⑪⑩①314.4 
-------------------------------------------------------------------------------------------------
펄 롱:13.9 10.5 11.8   12.7   12.2   12.2   13.7   
통과M:  200  400  600    800    1000   1200   1400
통과T:13.9 24.4 36.2 0:48.9 1:01.1 1:13.3 1:27.0 
-------------------------------------------------------------------------------------------------
통과순위 S1F : (1,^11,12),(4,6,10),(2,8,9),(3,5),7     
         G8F :                                         
         G6F :                                         
         G4F : (^1,11),12,(4,10),(2,6),(8,9),(5,7)-3   
         G3F : (^1,11,12),10,(4,2),6,(8,5,9),7,3       
         G2F : (1,^11),(10,12)-2,(8,6),(4,5,7),(9,3)   
         G1F : 11-1,10-12,(2,8),(6,5,7),3-(4,9)        
-------------------------------------------------------------------------------------------------
구분 출전번호  대상명            처분종류     처분내용                     세부내용
-------------------------------------------------------------------------------------------------
기수   10      김혜선            견책                                      결승선 전방 약 300m 지점 바깥으로 진로변경, 12번 주행방해
기수    3      서강주            주의                                      3코너 지점 채찍놓침                               
기수    6      송경윤            견책                                      결승선 전방 약 400m 지점 바깥으로 진로변경, 5번, 9번 주행방해
말      7      다르마            주의                                      3-4코너 구간 바깥으로 기댐                        
-------------------------------------------------------------------------------------------------
