

제목 : 22.09.01(목) 조교현황

  ※기승자범례(조:조교사, 관:주로조교, 기:기수, 후:기수후보생)
  ※비고(금:금주출전예정마, 차:차주출전예정마, 특:특대상경주출전예정마)
  ※금주, 차주 또는 특별 대상경주 출전예상마는 출전신청 결과 및
  조교사의 의사에 따라 변동될 수 있는 미확정된 자료이오니 참고하시기 바랍니다.
━━━━━━━━━━━━━━━━━━━━━━━━━━━━━━━━━━━━━━━
  순 소속조 - 조번 마명              기승자 입장시각  퇴장시각  조교시간 비고
━━━━━━━━━━━━━━━━━━━━━━━━━━━━━━━━━━━━━━━
  1  1조(박종곤)32 라온더스파크        관   08:09     08:26       0:17   차
  2  1조(박종곤)12 라온더스퍼트        기   08:03     08:19       0:16   특
  3  1조(박종곤)34 라온더와일드        기   07:10     07:18       0:08   금
  4  1조(박종곤)19 라온더코브라        기   06:51     06:59       0:08   금
  5  1조(박종곤) 5 라온더퀄리티        관   07:50     08:03       0:13   차
  6  1조(박종곤)27 라온더파이터        기   07:16     07:29       0:13   특
  7  1조(박종곤)35 라온슈퍼킹          기   07:15     07:22       0:07   금
  8  1조(박종곤)31 라온에어포스        관   07:10     07:19       0:09   차
  9  1조(박종곤)40 라온엠파이어        관   07:10     07:18       0:08   차
 10  1조(박종곤) 2 라온퍼스트          기   06:31     06:42       0:11   특
 11  1조(박종곤)14 라온포레스트        관   08:48     09:00       0:12   차
 12  1조(박종곤)28 라온홀리데이        관   08:09     08:26       0:17   차
 13  1조(박종곤) 8 만석지기            관   08:29     08:48       0:19   금
 14  1조(박종곤)11 문학드림            관   07:32     07:49       0:17   차
 15  1조(박종곤) 7 문학시바            관   08:21     08:34       0:13   차
 16  2조(손영표)12 로스트워            기   07:20     07:41       0:21   금
 17  2조(손영표)15 베스트빅뱅          기   07:21     07:33       0:12   금
 18  2조(손영표)16 쏘아라가가          관   07:40     07:59       0:19   차
 19  2조(손영표) 2 쏘아라오라          기   07:40     07:56       0:16   차
 20  2조(손영표) 4 제이에스파워        관   06:11     06:30       0:19   금
 21  3조(최영주) 9 굿사이먼            관   08:40     08:51       0:11   차
 22  3조(최영주)14 록라인              관   06:17     06:42       0:25   특
 23  3조(최영주)11 매직선데이          관   08:13     08:27       0:14   차
 24  3조(최영주) 7 미사일캔디          관   07:56     08:09       0:13   금
 25  3조(최영주) 3 월드플레이          관   07:59     08:13       0:14   차
 26  3조(최영주)22 투혼기상            관   07:25     07:41       0:16   차
 27  3조(최영주)26 피엔에스더킹        기   07:46     07:57       0:11   금
 28  3조(최영주) 8 피엔에스별          관   07:37     07:51       0:14   차
 29  3조(최영주)21 한강차르            관   06:53     07:06       0:13   차
 30  4조(박윤규)19 걸작맨              기   06:33     06:41       0:08   금
 31  4조(박윤규)13 걸작선              관   06:56     07:05       0:09   차
 32  4조(박윤규)35 걸작투어            기   09:26     09:36       0:10   차
 33  4조(박윤규)21 검은질주            기   09:36     09:50       0:14   차
 34  4조(박윤규)25 굿필승              관   07:16     07:37       0:21   특
 35  4조(박윤규)14 동진최강            관   08:51     09:03       0:12   특
 36  4조(박윤규)39 럭키클럽            관   08:09     08:20       0:11   차
 37  4조(박윤규)40 매니킹              관   07:33     07:51       0:18   차
 38  4조(박윤규)32 멋진강호            관   08:51     09:04       0:13   차
 39  4조(박윤규)17 바로퀸              기   08:21     08:34       0:13   금
 40  4조(박윤규)12 스타워즈            관   08:54     09:12       0:18   차
 41  4조(박윤규) 6 아이스크림          관   08:32     08:53       0:21   차
 42  4조(박윤규)29 원더풀티지          관   08:02     08:19       0:17   차
 43  4조(박윤규)11 이스트반            관   09:41     09:52       0:11   차
 44  4조(박윤규) 9 케이프렌지          관   08:02     08:19       0:17   차
 45  4조(박윤규)24 피엔에스찬스        관   06:16     06:29       0:13   금
 46  4조(박윤규)   피엔에스탑          관   09:19     09:35       0:16   차
 47  4조(박윤규)38 하얀왕자            기   08:03     08:17       0:14   차
 48  4조(박윤규)37 행복왕자            기   06:27     06:41       0:14   특
 49  5조(우창구)15 골드마이티          관   08:53     09:11       0:18   차
 50  5조(우창구)35 금전사              관   08:53     09:11       0:18   차
 51  5조(우창구)18 동행퍼스트          관   08:13     08:33       0:20   차
 52  5조(우창구) 9 러블리케이          관   08:18     08:34       0:16   특
 53  5조(우창구)29 마에스트라          관   07:59     08:16       0:17   차
 54  5조(우창구)16 몬스터케이          관   09:14     09:28       0:14   차
 55  5조(우창구)26 미라클케이          관   06:57     07:10       0:13   차
 56  5조(우창구)11 사이먼퀸            관   07:41     07:50       0:09   특
 57  5조(우창구)34 서울태양            기   07:59     08:13       0:14   차
 58  5조(우창구)13 선더타임            관   06:18     06:35       0:17   차
 59  5조(우창구)23 위너영              관   07:25     07:44       0:19   차
 60  5조(우창구)33 위너제린            관   08:13     08:35       0:22   차
 61  5조(우창구)31 퍼스트유저          관   06:57     07:12       0:15   차
 62  5조(우창구)36 플라잉제스트        관   08:53     09:11       0:18   차
 63  6조(홍대유)11 강력한지금          기   08:12     08:26       0:14   금
 64  6조(홍대유)28 그린폭주            기   06:49     07:03       0:14   금
 65  6조(홍대유)30 문학이든            관   08:40     09:03       0:23   차
 66  6조(홍대유)22 베스트플랜          기   06:35     06:47       0:12   차
 67  6조(홍대유)38 새내선              기   07:55     08:12       0:17   특
 68  6조(홍대유)10 새내윈              관   06:12     06:27       0:15   금
 69  6조(홍대유)14 새내황제            관   06:56     07:14       0:18   차
 70  6조(홍대유) 5 선더챔프            관   06:14     06:30       0:16   금
 71  6조(홍대유)36 안양호랑이          관   07:56     08:04       0:08   금
 72  6조(홍대유)31 정문볼트            관   06:55     07:09       0:14   특
 73  6조(홍대유)12 정문프린스          기   07:47     07:57       0:10   금
 74  6조(홍대유) 2 차돌런              기   06:34     06:48       0:14   금
 75  6조(홍대유) 4 캐츠아이            기   06:57     07:06       0:09   금
 76  6조(홍대유)21 킹마운틴            관   08:40     09:03       0:23   차
 77  6조(홍대유)27 킹스아이            관   07:42     07:54       0:12   차
 78  7조(구자흥) 5 고마나루            관   06:52     07:07       0:15   차
 79  7조(구자흥)26 그린다르크          관   07:22     07:38       0:16   차
 80  7조(구자흥) 4 그린불패            기   08:08     08:30       0:22   차
 81  7조(구자흥)16 달려라존            관   07:38     07:52       0:14   차
 82  7조(구자흥)15 사려니퀸            관   08:27     08:41       0:14   특
 83  7조(구자흥)11 이다나은            관   07:22     07:38       0:16   차
 84  7조(구자흥)12 질풍한별            관   08:08     08:23       0:15   차
 85  7조(구자흥)20 철각파워            관   07:12     07:24       0:12   차
 86  7조(구자흥)   피엔에스린          관   06:40     06:49       0:09   차
 87  8조(최용구)19 선드래곤            기   07:01     07:10       0:09   금
 88  8조(최용구)22 송암누리            관   06:10     06:30       0:20   금
 89  8조(최용구)18 위시미              관   06:10     06:24       0:14   특
 90  8조(최용구)11 유니콘킹덤          기   07:14     07:22       0:08   금
 91  8조(최용구)20 유니콘히트          관   07:41     07:51       0:10   차
 92  8조(최용구)28 은혜레코드          기   08:03     08:15       0:12   금
 93  8조(최용구)26 케이빅토리          관   07:51     08:01       0:10   차
 94  8조(최용구)14 큐피드시크          관   08:19     08:31       0:12   차
 95  8조(최용구)13 해가빛              관   08:19     08:30       0:11   차
 96  9조(강성오) 6 남산무적            관   07:15     07:27       0:12   차
 97  9조(강성오)22 런투골              관   06:21     06:32       0:11   금
 98  9조(강성오)13 로열태리            관   06:39     06:54       0:15   차
 99  9조(강성오) 7 마이공주            관   07:12     07:22       0:10   차
100  9조(강성오)11 베스퍼              기   07:33     07:50       0:17   차
101  9조(강성오)16 브라운참            관   08:20     08:31       0:11   금
102  9조(강성오) 4 블랙루키            기   07:53     08:04       0:11   금
103  9조(강성오)12 왈가닥              기   07:19     07:31       0:12   차
104  9조(강성오)31 월드고              기   06:56     07:07       0:11   차
105  9조(강성오)38 질주왕              관   06:39     06:54       0:15   차
106 10조(정호익)14 글로벌캡틴          관   06:15     06:38       0:23   특
107 10조(정호익) 7 두손멍군            기   06:11     06:23       0:12   금
108 10조(정호익)33 두손판타스틱        관   06:56     07:09       0:13   금
109 10조(정호익)30 마이원              기   07:19     07:30       0:11   차
110 10조(정호익)25 마이호크            관   07:47     07:59       0:12   금
111 10조(정호익)29 매직아워            기   06:41     06:57       0:16   차
112 10조(정호익)   문학송              기   07:49     08:01       0:12   차
113 10조(정호익)   문학스톰            관   06:57     07:07       0:10   차
114 10조(정호익)   문학어플리트        관   08:46     08:55       0:09   차
115 10조(정호익)21 문학치프            기   06:11     06:33       0:22   특
116 10조(정호익)34 소울메리트          관   07:36     07:58       0:22   차
117 10조(정호익)28 스마티파이터        관   07:24     07:38       0:14   차
118 10조(정호익)26 승부사              관   08:18     08:27       0:09   차
119 10조(정호익)40 알찬누리            기   06:24     06:36       0:12   금
120 10조(정호익)19 원평가속            기   06:16     06:27       0:11   특
121 10조(정호익)13 원평코드            관   08:35     08:45       0:10   차
122 10조(정호익)16 터프가이            기   06:27     06:39       0:12   특
123 10조(정호익)17 토종글로리          기   07:30     07:40       0:10   차
124 10조(정호익)   티즈퀸              관   08:31     08:46       0:15   차
125 10조(정호익)37 해들뫼              관   08:53     09:09       0:16   차
126 10조(정호익)24 흥드림              관   08:23     08:33       0:10   차
127 11조(조현수)29 나올탱크            관   07:50     08:06       0:16   차
128 11조(조현수)15 도깨비              기   07:30     07:52       0:22   금
129 11조(조현수)14 드림맥스            관   06:47     06:56       0:09   차
130 11조(조현수)28 메니스피드          관   06:36     07:01       0:25   특
131 11조(조현수) 3 뮤직뱅크            관   07:06     07:24       0:18   차
132 11조(조현수)39 보디가드            관   06:28     06:41       0:13   금
133 11조(조현수)23 비플라워            관   06:13     06:24       0:11   금
134 11조(조현수) 6 슛업스파크          관   06:29     06:40       0:11   차
135 11조(조현수)25 스마트그린          관   06:29     06:41       0:12   차
136 11조(조현수) 1 일향달마            기   07:33     07:44       0:11   금
137 11조(조현수)20 컴플리트조이        기   08:05     08:18       0:13   금
138 11조(조현수)27 투투키튼            관   07:06     07:24       0:18   차
139 11조(조현수)13 폴카                관   07:08     07:24       0:16   금
140 11조(조현수) 9 프린세스데이        기   08:03     08:12       0:09   금
141 11조(조현수)21 피엔에스갬블        기   07:54     08:03       0:09   금
142 11조(조현수)26 피엔에스행복        관   07:56     08:13       0:17   특
143 12조(서범석)35 디터미네이션        기   08:26     08:41       0:15   특
144 12조(서범석)28 리드더웨이          기   06:16     06:29       0:13   차
145 12조(서범석) 8 브레인스피더        관   06:13     06:25       0:12   금
146 12조(서범석) 3 원더풀데퓨티        관   06:12     06:30       0:18   차
147 12조(서범석) 9 원더풀하와이        관   06:10     06:25       0:15   차
148 12조(서범석)32 일마레              기   06:37     06:53       0:16   금
149 12조(서범석)26 카지노스타          기   07:01     07:10       0:09   차
150 13조(이희영)13 고업                기   07:27     07:44       0:17   차
151 13조(이희영)16 루비어게인          관   07:20     07:36       0:16   차
152 13조(이희영) 9 베스트매드캠        관   08:07     08:18       0:11   차
153 13조(이희영) 8 베스트클론          기   07:39     07:51       0:12   금
154 13조(이희영)20 별빛마루            기   06:58     07:11       0:13   금
155 13조(이희영)23 샤크짱              관   06:39     06:55       0:16   특
156 13조(이희영)11 엘리트룰즈          관   06:26     06:39       0:13   금
157 13조(이희영)14 큐피드코리아        기   07:13     07:26       0:13   금
158 13조(이희영) 2 함평스톤            관   08:30     08:49       0:19   차
159 13조(이희영)24 함평호프            기   07:50     08:01       0:11   차
160 13조(이희영)18 히어로강자          관   06:14     06:25       0:11   차
161 14조(이신영)39 내길의퀸            기   07:15     07:35       0:20   차
162 14조(이신영)18 델피니              조   08:11     08:25       0:14   금
163 14조(이신영)36 들꽃향기            관   06:15     06:32       0:17   차
164 14조(이신영) 4 딕시어게인          기   06:29     06:38       0:09   특
165 14조(이신영)24 스마트삭스          관   06:12     06:22       0:10   차
166 14조(이신영) 9 아이언삭스          관   08:02     08:14       0:12   차
167 14조(이신영)10 영영삭스            기   06:24     06:36       0:12   차
168 14조(이신영)28 유레카              기   06:14     06:25       0:11   금
169 14조(이신영)17 인디팝              관   07:39     07:54       0:15   금
170 14조(이신영)34 청계기상            관   06:24     06:36       0:12   차
171 14조(이신영)35 플로리다파워        기   06:43     06:54       0:11   특
172 14조(이신영)33 헤이큐피드          조   07:47     07:59       0:12   차
173 14조(이신영) 3 화이트윙            관   06:15     06:29       0:14   금
174 15조(박희철)14 원더풀샘            기   07:52     08:07       0:15   금
175 15조(박희철)17 투아레그나인        관   07:35     07:47       0:12   차
176 16조(최봉주)33 별나라비마          관   08:08     08:23       0:15   차
177 16조(최봉주)11 별나라질주          조   06:33     06:53       0:20   차
178 16조(최봉주)16 제주의요정          관   06:31     06:46       0:15   금
179 16조(최봉주)36 케이엔라이트        기   07:30     07:41       0:11   금
180 16조(최봉주)17 케이엔스케치        기   07:49     08:03       0:14   금
181 16조(최봉주)15 코스모              기   07:19     07:30       0:11   금
182 19조(곽영효)28 라스트펀치          관   06:37     06:50       0:13   차
183 19조(곽영효)27 머니스톤            기   06:48     06:58       0:10   금
184 19조(곽영효)21 용암보스            기   07:01     07:18       0:17   차
185 19조(곽영효)32 원더풀뮤직          기   06:42     06:56       0:14   차
186 19조(곽영효) 5 원더풀화성          기   07:00     07:11       0:11   차
187 19조(곽영효)16 월드패션            기   07:59     08:23       0:24   차
188 19조(곽영효)17 캡틴브라보          관   06:25     06:34       0:09   차
189 19조(곽영효)24 테이크뮤직          관   06:50     06:59       0:09   차
190 19조(곽영효)20 한강매직            관   07:09     07:19       0:10   차
191 19조(곽영효)13 한강보스            기   06:48     07:00       0:12   차
192 19조(곽영효) 8 한강의기상          관   07:59     08:20       0:21   차
193 19조(곽영효)12 한강챔프            관   07:59     08:18       0:19   차
194 19조(곽영효)31 한강히어로          기   07:58     08:14       0:16   금
195 19조(곽영효) 1 햇무리              기   07:09     07:28       0:19   금
196 20조(배대선)34 골든럭키            관   06:52     07:01       0:09   차
197 20조(배대선)18 글로리케이          기   06:34     06:50       0:16   차
198 20조(배대선) 6 다울퀸              관   06:27     06:36       0:09   차
199 20조(배대선)10 대원결의            관   06:34     06:50       0:16   차
200 20조(배대선)14 돌콩                기   06:17     06:32       0:15   특
201 20조(배대선)17 머니시장            기   06:16     06:28       0:12   차
202 20조(배대선) 5 머니지프            기   07:49     08:02       0:13   특
203 20조(배대선) 7 보스베이비          기   07:06     07:17       0:11   차
204 20조(배대선)30 빛의카              기   07:40     07:52       0:12   차
205 20조(배대선)12 신한특송            기   07:27     07:38       0:11   차
206 20조(배대선) 1 클럽디              기   06:34     06:49       0:15   차
207 20조(배대선)19 킹덤스톰            관   06:38     06:51       0:13   차
208 20조(배대선)33 투게더웨이          기   06:54     07:05       0:11   금
209 21조(문병기)22 그랜드실버          관   07:49     08:10       0:21   차
210 21조(문병기) 4 마스크              기   06:27     06:41       0:14   특
211 21조(문병기) 8 마파람              기   07:13     07:23       0:10   금
212 21조(문병기) 6 만세                관   06:54     07:03       0:09   차
213 21조(문병기)13 미르베스트          기   06:44     06:54       0:10   차
214 21조(문병기) 5 바이스로이          기   07:10     07:23       0:13   특
215 21조(문병기)15 베스트타임          기   07:02     07:11       0:09   차
216 21조(문병기)25 새터데이            관   07:49     08:13       0:24   차
217 21조(문병기)26 성실인동            관   08:31     08:51       0:20   차
218 21조(문병기)24 성실핑크            관   08:31     08:51       0:20   차
219 21조(문병기)18 스타프린세스        관   07:12     07:28       0:16   금
220 21조(문병기) 1 에이스티아라        관   08:31     08:51       0:20   차
221 21조(문병기)23 원더풀조이          관   07:12     07:22       0:10   차
222 21조(문병기)10 탁트인              관   06:22     06:38       0:16   차
223 21조(문병기) 9 프리맥스            기   06:24     06:35       0:11   차
224 21조(문병기)17 황금럭키            관   06:36     06:45       0:09   차
225 22조(안병기)26 로열로드            기   07:20     07:30       0:10   특
226 22조(안병기)10 바람을그리다        기   06:36     06:50       0:14   특
227 22조(안병기)37 봄날의기억          관   06:35     06:53       0:18   차
228 22조(안병기)18 생일선물            기   07:02     07:21       0:19   금
229 22조(안병기)14 선더호스            기   07:22     07:32       0:10   차
230 22조(안병기)38 스프링꿈            관   06:16     06:33       0:17   차
231 22조(안병기) 2 스프링백            기   07:41     07:57       0:16   특
232 22조(안병기) 7 아르고무적          기   07:03     07:19       0:16   차
233 22조(안병기) 5 야무진배짱          기   07:42     07:55       0:13   금
234 22조(안병기)34 야무진새강자        관   08:26     08:36       0:10   차
235 22조(안병기) 8 파르키우스          기   06:30     06:44       0:14   금
236 22조(안병기)36 푸른요정            기   07:42     07:55       0:13   금
237 23조(유재길)12 경부도령            관   06:41     06:57       0:16   차
238 23조(유재길) 4 노블킹              기   06:40     06:51       0:11   차
239 23조(유재길) 5 대승퀸              관   06:47     06:59       0:12   차
240 23조(유재길)22 왈츠카우보이        관   07:07     07:27       0:20   차
241 23조(유재길)24 월드참              관   07:07     07:26       0:19   차
242 23조(유재길)10 은성사랑            관   06:13     06:22       0:09   차
243 23조(유재길)16 총알커널            관   07:47     08:09       0:22   차
244 23조(유재길)19 큐피드보우          기   06:52     07:02       0:10   차
245 23조(유재길)28 터치참              관   07:47     08:09       0:22   차
246 23조(유재길)26 하트시그널          관   07:47     08:09       0:22   차
247 23조(유재길)27 해피나이스          관   06:34     06:45       0:11   금
248 24조(서홍수)26 그레이캣            관   08:41     08:52       0:11   금
249 24조(서홍수)23 깡돌이              관   08:26     08:39       0:13   차
250 24조(서홍수) 6 낭주여걸            관   06:10     06:23       0:13   차
251 24조(서홍수)34 동서여걸            관   07:59     08:21       0:22   금
252 24조(서홍수)37 리마커블            관   06:58     07:07       0:09   차
253 24조(서홍수)29 리월마              관   08:04     08:18       0:14   차
254 24조(서홍수)10 마이티고            관   06:10     06:29       0:19   차
255 24조(서홍수)15 마이티굿            관   07:04     07:16       0:12   차
256 24조(서홍수) 1 마이티붐            관   06:40     06:57       0:17   특
257 24조(서홍수)11 마이티쎈            관   08:34     08:46       0:12   차
258 24조(서홍수)28 마이티웰            관   07:31     07:51       0:20   차
259 24조(서홍수)17 마이티윙            관   07:45     07:59       0:14   금
260 24조(서홍수) 7 마이티큐            관   07:24     07:44       0:20   차
261 24조(서홍수)30 마이티탭            관   09:01     09:17       0:16   차
262 24조(서홍수)19 마이티후            관   06:50     07:08       0:18   차
263 24조(서홍수)33 마칼루파워          관   08:39     08:53       0:14   금
264 24조(서홍수) 9 배다리왕자          기   06:42     06:53       0:11   금
265 24조(서홍수)24 블랙버미            관   06:42     06:53       0:11   차
266 24조(서홍수)39 블루참              관   07:54     08:20       0:26   차
267 24조(서홍수)31 아르폰스            관   07:24     07:45       0:21   차
268 24조(서홍수)13 아치참              기   08:38     09:00       0:22   금
269 24조(서홍수)22 아침누리            기   08:02     08:21       0:19   차
270 24조(서홍수)14 원더풀타이쿤        관   06:38     06:52       0:14   차
271 24조(서홍수)27 원퍼트              관   06:10     06:20       0:10   차
272 24조(서홍수)35 인듀어런스          기   07:20     07:44       0:24   차
273 25조(전승규)31 남산꽃              관   09:06     09:33       0:27   차
274 25조(전승규) 7 남산주몽            관   07:14     07:24       0:10   금
275 25조(전승규) 9 명진데이            관   08:34     08:50       0:16   차
276 25조(전승규) 8 미스양호            기   06:54     07:13       0:19   금
277 25조(전승규)26 볼드어게인          관   08:17     08:27       0:10   금
278 25조(전승규)37 블랙초콜릿          관   08:59     09:17       0:18   차
279 25조(전승규)28 스텔라로드          관   06:23     06:34       0:11   차
280 25조(전승규)22 아스펜태양          관   08:58     09:12       0:14   차
281 25조(전승규)40 위너이즈웰          관   08:15     08:28       0:13   차
282 25조(전승규)24 이글포인트          기   08:19     08:32       0:13   금
283 25조(전승규)23 제트비전            관   06:18     06:36       0:18   차
284 25조(전승규)38 질주대세            기   07:01     07:12       0:11   차
285 25조(전승규)30 질주의꿈            관   08:58     09:12       0:14   차
286 25조(전승규)15 초토마              관   06:23     06:34       0:11   차
287 25조(전승규)21 최강현마            관   07:32     07:48       0:16   차
288 25조(전승규)20 케이엔티즈원        관   06:29     06:37       0:08   차
289 25조(전승규) 4 크로마이트          관   06:29     06:37       0:08   차
290 25조(전승규)14 특별                관   06:15     06:28       0:13   차
291 25조(전승규)17 화이트참            관   09:10     09:21       0:11   차
292 26조(안해양)19 런던스피드          관   06:27     06:39       0:12   금
293 26조(안해양)38 런보이런            관   08:18     08:31       0:13   차
294 26조(안해양)30 레이디켈리          관   06:16     06:48       0:32   특
295 26조(안해양)31 마구                관   06:31     06:56       0:25   차
296 26조(안해양) 3 문막의설기          관   07:26     07:37       0:11   차
297 26조(안해양)34 바다의꿈            기   06:42     06:53       0:11   금
298 26조(안해양)10 벼락                기   08:03     08:16       0:13   금
299 26조(안해양)13 우아륭              관   07:27     07:41       0:14   특
300 26조(안해양)20 지산군              기   08:20     08:31       0:11   금
301 26조(안해양) 1 폭스파워            기   08:37     08:48       0:11   금
302 26조(안해양)29 히어로사랑          관   07:10     07:24       0:14   차
303 26조(안해양)32 히어로최강          관   07:26     07:37       0:11   차
304 26조(안해양)18 히어로퀸            관   07:10     07:24       0:14   차
305 27조(박병일)20 검포                관   07:01     07:11       0:10   차
306 27조(박병일)18 금자유              기   06:10     06:22       0:12   금
307 27조(박병일)38 더파이팅            관   07:36     07:52       0:16   차
308 27조(박병일)22 드림카드            관   08:59     09:10       0:11   차
309 27조(박병일)29 떠오르다            기   07:18     07:33       0:15   차
310 27조(박병일)10 록임팩트            기   06:45     06:54       0:09   금
311 27조(박병일) 6 문학태핏            관   06:18     06:29       0:11   차
312 27조(박병일)33 선더누리            관   07:10     07:24       0:14   금
313 27조(박병일)13 엄청난걸            기   06:12     06:24       0:12   차
314 27조(박병일) 1 오월춘추            관   08:09     08:26       0:17   차
315 27조(박병일)24 오키드밸리          관   08:59     09:10       0:11   차
316 27조(박병일)28 은혜드림            기   06:55     07:17       0:22   차
317 27조(박병일)11 톱시드              기   06:26     06:37       0:11   차
318 27조(박병일)30 포에버칸            기   06:23     06:36       0:13   차
319 27조(박병일)14 피닉스서브          관   08:09     08:26       0:17   차
320 28조(최상식)11 글로벌스톰          기   06:55     07:03       0:08   금
321 28조(최상식)13 글로벌신화          관   08:16     08:27       0:11   차
322 28조(최상식)29 글로벌진격          기   08:30     08:45       0:15   차
323 28조(최상식)22 글로벌프라임        기   06:58     07:10       0:12   금
324 28조(최상식)27 노워                관   06:57     07:12       0:15   차
325 28조(최상식)25 돌배                기   07:12     07:22       0:10   금
326 28조(최상식)15 선더갤러퍼          관   07:54     08:04       0:10   차
327 28조(최상식)24 쏘아라미미          관   07:54     08:10       0:16   차
328 28조(최상식)28 쏘아라투투          관   06:31     06:42       0:11   차
329 28조(최상식) 7 카우보이탱고        기   06:11     06:19       0:08   금
330 29조(배휴준) 6 디스위켄드          기   07:00     07:19       0:19   차
331 29조(배휴준)14 딘시챔프            관   08:13     08:27       0:14   차
332 29조(배휴준)10 샤크늘푸른          관   08:13     08:27       0:14   차
333 29조(배휴준)16 세명나래            기   07:12     07:25       0:13   금
334 29조(배휴준) 9 싱싱메리            관   08:19     08:33       0:14   특
335 29조(배휴준)13 원더풀리걸          관   07:22     07:35       0:13   차
336 29조(배휴준) 7 원더풀트루스        관   06:21     06:39       0:18   특
337 29조(배휴준)11 천운챗              관   07:26     07:37       0:11   차
338 29조(배휴준) 2 천은총              관   06:51     07:03       0:12   금
339 29조(배휴준)36 퀸오브레이싱        기   07:22     07:32       0:10   금
340 29조(배휴준) 3 클라우터            관   06:12     06:20       0:08   금
341 29조(배휴준) 4 클로버파티          관   08:13     08:27       0:14   차
342 29조(배휴준)24 피엔에스싱          기   07:00     07:19       0:19   금
343 30조(토니  )14 남산초콜릿          조   06:14     06:27       0:13   금
344 30조(토니  ) 7 네버어게인          기   06:52     07:01       0:09   차
345 30조(토니  )20 님의향기            조   07:15     07:27       0:12   특
346 30조(토니  ) 2 더검푸              조   08:13     08:22       0:09   차
347 30조(토니  )11 더리퍼              조   08:38     08:48       0:10   차
348 30조(토니  )19 성실공주핑크        기   06:14     06:38       0:24   차
349 30조(토니  ) 1 성실머니            관   08:38     08:48       0:10   차
350 30조(토니  )18 성실태양            관   06:14     06:38       0:24   차
351 30조(토니  )17 아마존킹            관   08:13     08:26       0:13   금
352 30조(토니  ) 4 액티몬              조   06:49     07:01       0:12   차
353 30조(토니  ) 9 장산바다            기   07:15     07:27       0:12   특
354 30조(토니  )28 장산스타트          관   08:15     08:30       0:15   차
355 30조(토니  ) 8 청담지니            기   07:19     07:31       0:12   차
356 30조(토니  )13 청담탱크            조   07:43     07:56       0:13   차
357 30조(토니  )16 최강장산            관   06:48     07:01       0:13   차
358 30조(토니  ) 6 헌터블레이드        관   07:43     07:56       0:13   차
359 31조(강환민)12 데블케이            관   06:28     06:39       0:11   차
360 31조(강환민)34 레몬블레이드        기   07:01     07:09       0:08   금
361 31조(강환민)30 머스탱파워          관   06:46     07:07       0:21   차
362 31조(강환민)32 불패블레이드        관   07:14     07:28       0:14   차
363 31조(강환민) 6 수리수리마          관   06:12     06:19       0:07   차
364 31조(강환민)33 어서와              기   07:09     07:17       0:08   금
365 31조(강환민) 4 장산가드            관   06:10     06:22       0:12   차
366 31조(강환민)10 장산스포            관   07:14     07:28       0:14   차
367 31조(강환민) 5 정상럭키            관   06:20     06:34       0:14   차
368 31조(강환민)27 최강블레이드        관   07:34     07:45       0:11   차
369 31조(강환민)37 컴플리트럭키        관   07:57     08:07       0:10   차
370 31조(강환민)28 큐피드스윙          관   07:56     08:29       0:33   차
371 31조(강환민)14 크레이지잭팟        관   06:13     06:23       0:10   차
372 31조(강환민)21 클린업샤인          기   08:38     08:56       0:18   특
373 31조(강환민) 1 파이팅케이          관   06:46     06:58       0:12   차
374 31조(강환민)17 해피삭스            관   06:22     06:32       0:10   차
375 32조(김윤섭) 5 나우누리            기   07:17     07:29       0:12   금
376 32조(김윤섭)29 드림케이            기   07:33     07:45       0:12   금
377 32조(김윤섭)33 룰즈클래스          관   06:37     06:50       0:13   금
378 32조(김윤섭) 7 매직케이            관   08:25     08:39       0:14   차
379 32조(김윤섭)24 명품축제            기   07:33     07:46       0:13   특
380 32조(김윤섭)27 블러드문            기   06:41     06:53       0:12   금
381 32조(김윤섭)23 세인트루카          관   07:35     07:49       0:14   금
382 32조(김윤섭) 8 슈퍼플랜            관   07:35     07:50       0:15   차
383 32조(김윤섭)21 아치클래스          관   08:25     08:41       0:16   차
384 32조(김윤섭)28 페더럴캣            관   06:45     07:02       0:17   금
385 33조(서인석)19 금성크라운          기   06:11     06:31       0:20   금
386 33조(서인석)38 노던타임            관   08:59     09:13       0:14   차
387 33조(서인석)21 누비고              기   07:25     07:37       0:12   금
388 33조(서인석)35 디스챌린지          관   07:13     07:27       0:14   차
389 33조(서인석)29 라이오넷            관   06:52     07:04       0:12   차
390 33조(서인석)40 매직그레이스        관   07:34     07:48       0:14   차
391 33조(서인석)31 매직러시            관   07:49     08:03       0:14   차
392 33조(서인석)14 매직주니어          기   06:31     06:42       0:11   차
393 33조(서인석) 6 매직주드            조   06:48     07:06       0:18   차
394 33조(서인석)22 매직콘서트          기   07:36     07:49       0:13   차
395 33조(서인석)34 모닝펄              기   06:44     06:52       0:08   금
396 33조(서인석) 1 모닝힐              기   06:32     06:44       0:12   특
397 33조(서인석)10 바람과함께          기   06:17     06:26       0:09   금
398 33조(서인석)30 벤칼프린세스        관   08:38     08:48       0:10   차
399 33조(서인석) 2 새벽밴드            관   06:14     06:27       0:13   금
400 33조(서인석)15 열린문              기   06:12     06:28       0:16   금
401 33조(서인석) 7 옐로우캣            기   08:02     08:20       0:18   차
402 33조(서인석)12 오천복              기   07:13     07:24       0:11   차
403 33조(서인석)17 원더풀인디          기   06:37     06:56       0:19   금
404 33조(서인석)18 원더풀키티          기   06:11     06:21       0:10   금
405 33조(서인석)11 유정챔프            기   06:34     06:46       0:12   금
406 33조(서인석)33 이스트제트          기   06:14     06:27       0:13   특
407 33조(서인석) 4 클라우드나인        관   06:15     06:27       0:12   차
408 33조(서인석) 9 킹칸모르            기   08:25     08:44       0:19   차
409 33조(서인석)36 티즈에너지          조   06:10     06:22       0:12   차
410 33조(서인석)32 포에버아이시        기   07:55     08:17       0:22   차
411 34조(리카디)17 가로수길            관   07:43     07:56       0:13   차
412 34조(리카디) 6 금아시크            관   07:41     07:55       0:14   차
413 34조(리카디) 5 남산의별            기   07:31     07:46       0:15   특
414 34조(리카디) 7 남산호랑이          관   06:46     06:57       0:11   차
415 34조(리카디)15 라이징호크          관   09:04     09:23       0:19   차
416 34조(리카디)10 레디고              관   09:04     09:23       0:19   차
417 34조(리카디)35 메니골드            관   07:53     08:04       0:11   차
418 34조(리카디)24 몬스터파워          기   06:49     07:01       0:12   금
419 34조(리카디)22 벌말대장            관   06:20     06:35       0:15   차
420 34조(리카디)25 블랙마스크          관   07:09     07:22       0:13   차
421 34조(리카디)31 블랙모션            기   08:12     08:36       0:24   차
422 34조(리카디) 1 비제이스톰          기   07:20     07:42       0:22   금
423 34조(리카디)36 선더윈드            관   06:56     07:14       0:18   차
424 34조(리카디)29 슈퍼다이아          기   06:44     07:00       0:16   차
425 34조(리카디)14 스피드갤럽          관   06:52     07:07       0:15   차
426 34조(리카디)26 아이언머스킷        관   07:32     07:44       0:12   차
427 34조(리카디)20 얼티멋원더          관   07:41     07:54       0:13   차
428 34조(리카디)19 자이언트인디        관   08:35     08:42       0:07   차
429 34조(리카디)12 장산포에버          기   06:27     06:39       0:12   차
430 34조(리카디)33 제이모션            관   08:12     08:40       0:28   차
431 34조(리카디)34 조이브라더          기   06:11     06:26       0:15   특
432 34조(리카디) 3 최강블랙            관   06:58     07:11       0:13   차
433 34조(리카디) 4 최강파티            기   06:33     06:44       0:11   금
434 34조(리카디)28 파이널칸지노        관   08:43     08:52       0:09   차
435 34조(리카디)13 포춘룰즈            기   07:32     07:44       0:12   금
436 34조(리카디)27 화이트다이아        관   07:41     07:55       0:14   차
437 34조(리카디) 2 희망가득            관   08:27     08:41       0:14   차
438 35조(임채덕)28 라이드럭키          기   07:36     07:53       0:17   특
439 35조(임채덕) 1 럭센                기   08:32     08:53       0:21   금
440 35조(임채덕)29 민트플레이          기   07:15     07:36       0:21   차
441 35조(임채덕)30 스위트플레이        관   07:15     07:36       0:21   차
442 35조(임채덕) 9 원더풀위싱          관   07:28     07:54       0:26   차
443 35조(임채덕)16 원더풀캣            기   06:10     06:17       0:07   금
444 35조(임채덕) 4 찬란한불꽃          기   07:28     07:54       0:26   차
445 35조(임채덕)14 쿨프린세스          기   06:10     06:18       0:08   금
446 37조(심승태) 4 머니챔프            기   06:14     06:32       0:18   금
447 37조(심승태)30 스위트카카오        관   07:49     08:06       0:17   차
448 37조(심승태)36 시대의명작          관   08:35     08:51       0:16   차
449 37조(심승태)40 심장의고동          기   06:33     06:44       0:11   특
450 37조(심승태)38 아치메모리          기   06:24     06:34       0:10   금
451 37조(심승태)20 에펠탑              기   08:35     08:51       0:16   금
452 37조(심승태)34 위너드래건          관   06:41     07:00       0:19   차
453 37조(심승태)14 이천쌀              기   08:30     08:39       0:09   특
454 37조(심승태)33 인디언의별          관   06:41     06:55       0:14   차
455 37조(심승태) 8 주얼리베스트        기   08:18     08:30       0:12   금
456 37조(심승태) 9 퀸즈선샤인          관   06:25     06:36       0:11   차
457 37조(심승태)25 크레이지러시        관   06:11     06:25       0:14   차
458 37조(심승태)12 파워에치드          기   06:41     06:58       0:17   차
459 37조(심승태)28 파인데이            관   07:49     08:10       0:21   차
460 37조(심승태) 2 펀크레이지          기   06:10     06:23       0:13   금
461 40조(송문길)11 다이아로드          관   08:53     09:25       0:32   차
462 40조(송문길)26 별의순간            관   07:06     07:22       0:16   차
463 40조(송문길) 4 블랙참              기   07:28     07:41       0:13   금
464 40조(송문길)38 스마트전사          관   06:23     06:41       0:18   차
465 40조(송문길)22 시리우스알파        기   06:43     06:57       0:14   금
466 40조(송문길) 7 어마어마            기   06:10     06:25       0:15   특
467 40조(송문길)16 어메이징위즈        기   08:56     09:07       0:11   금
468 40조(송문길)15 자이언트킬링        관   06:12     06:23       0:11   차
469 40조(송문길)30 제다이포스          기   06:26     06:41       0:15   금
470 40조(송문길)24 콰이어트아델        기   06:25     06:36       0:11   금
471 40조(송문길)23 파이널참            기   06:40     06:49       0:09   금
472 41조(신삼영)11 금빛천하            관   06:53     07:09       0:16   차
473 41조(신삼영)16 네모스피릿          관   06:15     06:29       0:14   차
474 41조(신삼영)13 논스톱기상          관   07:33     07:45       0:12   차
475 41조(신삼영)12 논스톱리워드        관   08:26     08:39       0:13   차
476 41조(신삼영) 8 대륜시대            관   07:36     07:52       0:16   차
477 41조(신삼영)17 더드림캐리어        관   06:53     07:08       0:15   차
478 41조(신삼영)28 돌아온날리          관   07:31     07:49       0:18   차
479 41조(신삼영) 9 리치모어리치        관   08:18     08:29       0:11   차
480 41조(신삼영)38 문학파이어          관   08:18     08:27       0:09   차
481 41조(신삼영)21 신의부활            관   06:53     07:10       0:17   차
482 41조(신삼영)22 아름다운사이        관   06:15     06:25       0:10   차
483 41조(신삼영) 2 피렌체힐            관   06:10     06:24       0:14   차
484 42조(이관호) 7 거센챔프            기   08:09     08:19       0:10   금
485 42조(이관호)13 금아스위프트        관   07:30     07:43       0:13   차
486 42조(이관호)35 다크플레이어        기   07:03     07:14       0:11   특
487 42조(이관호)33 대박행진            기   06:26     06:43       0:17   특
488 42조(이관호)12 디바인평화          관   09:01     09:15       0:14   차
489 42조(이관호)26 레이먼드            기   08:06     08:18       0:12   특
490 42조(이관호)38 맥스런              관   06:53     07:07       0:14   차
491 42조(이관호)31 모르피스            기   06:13     06:21       0:08   특
492 42조(이관호)17 브라보삭스          관   06:12     06:22       0:10   차
493 42조(이관호)25 비트러너            기   06:44     06:52       0:08   차
494 42조(이관호) 6 빅에너지            기   08:09     08:19       0:10   금
495 42조(이관호)19 샤인온미            관   08:07     08:16       0:09   차
496 42조(이관호)   서울스퍼트          기   08:44     08:54       0:10   차
497 42조(이관호)18 신의함성            기   06:44     06:55       0:11   차
498 42조(이관호) 9 에이스함성          기   06:46     06:58       0:12   차
499 42조(이관호)16 와일드삭스          기   08:25     08:39       0:14   특
500 42조(이관호)10 전정사금            관   07:42     07:53       0:11   차
501 42조(이관호)11 제로백파이브        관   06:10     06:21       0:11   차
502 42조(이관호) 1 챔피언함성          기   07:33     07:42       0:09   차
503 42조(이관호) 2 톱포지션            관   06:26     06:35       0:09   차
504 42조(이관호)30 파워풀삭스          기   06:13     06:24       0:11   차
505 42조(이관호)15 포에버드림          기   08:09     08:20       0:11   특
506 42조(이관호)39 포에이스            기   07:02     07:15       0:13   차
507 42조(이관호)40 하이러너            기   06:10     06:20       0:10   차
508 42조(이관호)21 해피드림            관   09:01     09:15       0:14   차
509 48조(이준철)32 금아파이어리        관   07:09     07:37       0:28   차
510 48조(이준철) 4 리치게이트          기   07:09     07:32       0:23   차
511 48조(이준철)18 좋은걸              관   06:36     06:46       0:10   특
512 48조(이준철) 7 피엔에스럭키        기   06:58     07:06       0:08   차
513 48조(이준철) 9 해피플레이          관   07:09     07:32       0:23   차
514 48조(이준철)34 흥행열차            관   07:09     07:31       0:22   차
515 50조(박재우)13 금성시대            관   08:50     09:04       0:14   차
516 50조(박재우)11 댄싱위드유          기   08:53     09:01       0:08   금
517 50조(박재우)29 두손드라이브        기   08:23     08:40       0:17   금
518 50조(박재우)23 럭키법전            관   07:01     07:15       0:14   차
519 50조(박재우) 2 럭키재산            관   07:25     07:44       0:19   특
520 50조(박재우) 3 문학킹              관   06:19     06:27       0:08   특
521 50조(박재우)12 문학포리스트        관   06:44     06:58       0:14   차
522 50조(박재우)21 백두멋쟁이          기   07:57     08:09       0:12   금
523 50조(박재우)32 최강퀸              기   08:09     08:26       0:17   금
524 50조(박재우)20 치프인디            관   08:09     08:25       0:16   특
525 50조(박재우) 7 컴플리트밸류        기   08:50     09:03       0:13   차
526 50조(박재우)16 쾌향                관   08:23     08:40       0:17   금
527 51조(최용건)29 골든펄              기   08:15     08:36       0:21   금
528 51조(최용건)33 누리데이            관   08:56     09:09       0:13   차
529 51조(최용건)10 디자이어투윈        관   07:31     07:38       0:07   차
530 51조(최용건) 1 로열장다크          관   07:31     07:49       0:18   차
531 51조(최용건)24 루이사              기   07:03     07:14       0:11   특
532 51조(최용건)12 바램                기   06:34     06:48       0:14   특
533 51조(최용건)34 별나라신사          기   08:05     08:15       0:10   특
534 51조(최용건)20 송암레이서          기   07:04     07:15       0:11   금
535 51조(최용건)14 스탈렛              관   06:30     06:41       0:11   차
536 51조(최용건)30 스프링킹            관   06:34     06:47       0:13   차
537 51조(최용건)16 인빅터스            기   07:03     07:15       0:12   금
538 51조(최용건)19 장산레이저          관   07:08     07:27       0:19   특
539 51조(최용건) 8 캠프세이버          기   07:15     07:26       0:11   금
540 51조(최용건)31 케이엔매직          관   07:56     08:16       0:20   차
541 51조(최용건)40 케이엔메니퀸        관   07:20     07:37       0:17   차
542 51조(최용건)11 퍼펙트건맨          기   08:15     08:36       0:21   금
543 51조(최용건)32 플라이데이          기   07:31     07:49       0:18   차
544 51조(최용건)26 플래티넘유로        기   06:17     06:32       0:15   특
545 51조(최용건)18 희망챔프            관   06:57     07:06       0:09   차
546 52조(김동균)28 다산질주            기   08:04     08:16       0:12   차
547 52조(김동균)   대완구              관   08:26     08:37       0:11   차
548 52조(김동균)18 메니히어로          관   06:43     06:52       0:09   차
549 52조(김동균)13 배다리쾌검          관   07:00     07:08       0:08   차
550 52조(김동균)19 볼트맨              관   07:16     07:31       0:15   특
551 52조(김동균)26 블랙머스크          기   06:13     06:23       0:10   특
552 52조(김동균)25 비에스파워          관   07:23     07:37       0:14   차
553 52조(김동균)12 빅터문              기   08:11     08:23       0:12   특
554 52조(김동균)17 앱설루트명작        기   06:54     07:02       0:08   금
555 52조(김동균)29 원평킹덤            관   07:04     07:12       0:08   차
556 52조(김동균)16 인생의감동          관   07:40     07:59       0:19   금
557 52조(김동균) 8 제이에스군황        관   06:45     06:58       0:13   금
558 52조(김동균)   하이퍼카            관   07:56     08:05       0:09   차
559 52조(김동균)32 허밍버드            관   07:44     07:52       0:08   차
560 53조(김동철)35 나올대왕            관   08:47     09:12       0:25   차
561 53조(김동철)13 대박스타            기   07:51     08:05       0:14   금
562 53조(김동철)27 대변화              기   08:37     08:56       0:19   특
563 53조(김동철) 2 대한질주            기   08:04     08:18       0:14   특
564 53조(김동철) 9 러피언이글          기   07:18     07:32       0:14   금
565 53조(김동철)20 머스탱참            기   07:33     07:48       0:15   금
566 53조(김동철)28 미스터스타          관   06:23     06:40       0:17   차
567 53조(김동철)36 서울의별            기   07:00     07:08       0:08   특
568 53조(김동철)37 스트렝스            기   07:47     07:56       0:09   차
569 53조(김동철) 1 스트롱참            기   07:51     08:07       0:16   금
570 53조(김동철)33 승리의영혼          관   07:31     07:57       0:26   차
571 53조(김동철)24 영블러드            기   08:52     09:07       0:15   차
572 53조(김동철)19 올가림              관   09:16     09:24       0:08   차
573 53조(김동철)26 유로킹덤            관   08:52     09:16       0:24   차
574 53조(김동철)14 큐피드챔프          기   06:54     07:04       0:10   금
575 53조(김동철)21 팬시플레이          관   08:15     08:28       0:13   차
576 54조(박천서)16 대륜불패            기   07:31     07:38       0:07   차
577 54조(박천서) 3 도리포              기   08:23     08:37       0:14   차
578 54조(박천서) 8 레드백              기   06:59     07:12       0:13   특
579 54조(박천서)35 마의웨이            관   07:31     07:41       0:10   차
580 54조(박천서)30 베스트선            기   08:37     08:51       0:14   차
581 54조(박천서) 5 불방울              기   07:00     07:11       0:11   특
582 54조(박천서) 4 정우도다샤          기   08:13     08:30       0:17   차
583 54조(박천서)31 정우포에버          기   07:31     07:38       0:07   차
584 54조(박천서)24 체인저              기   07:42     07:53       0:11   금
585 54조(박천서) 6 퍼플스톰            기   08:13     08:30       0:17   차
586 90조(제인  ) 1 인텔로전트          관   05:00     05:12       0:12   특
587 91조(로 푸 ) 2 킹스실드            관   04:45     04:59       0:14   특
588 92조(타케  ) 3 세키후              기   04:27     04:44       0:17   특
589 93조(마이클) 1 아나프              관   05:00     05:22       0:22   특
590 94조(팅 쿤 ) 2 컴퓨터패치          관   04:45     04:57       0:12   특
591 95조(마이클) 3 셀라비              관   05:15     05:31       0:16   특
592 96조(마츠나) 4 랩터스              관   04:27     04:43       0:16   특
━━━━━━━━━━━━━━━━━━━━━━━━━━━━━━━━━━━━━━━
                                                      출력일자 : 2022. 9. 1

