

제목 : 22.08.13(토) 조교현황

  ※기승자범례(조:조교사, 관:주로조교, 기:기수, 후:기수후보생)
  ※비고(금:금주출전예정마, 차:차주출전예정마, 특:특대상경주출전예정마)
  ※금주, 차주 또는 특별 대상경주 출전예상마는 출전신청 결과 및
  조교사의 의사에 따라 변동될 수 있는 미확정된 자료이오니 참고하시기 바랍니다.
━━━━━━━━━━━━━━━━━━━━━━━━━━━━━━━━━━━━━━━
  순 소속조 - 조번 마명              기승자 입장시각  퇴장시각  조교시간 비고
━━━━━━━━━━━━━━━━━━━━━━━━━━━━━━━━━━━━━━━
  1  1조(박종곤)22 라온더골드          관   08:19     08:29       0:10   차
  2  1조(박종곤)11 라온더빅숀          관   08:25     08:43       0:18   차
  3  1조(박종곤)32 라온더스파크        관   08:25     08:43       0:18   차
  4  1조(박종곤)38 라온더아리아        기   06:55     07:08       0:13   차
  5  1조(박종곤) 5 라온더퀄리티        기   07:00     07:21       0:21   차
  6  1조(박종곤)27 라온더파이터        관   07:38     07:48       0:10   특
  7  1조(박종곤) 4 라온더포인트        관   08:28     08:52       0:24   차
  8  1조(박종곤)20 라온더하이맨        관   06:53     07:07       0:14   차
  9  1조(박종곤) 3 라온비트            관   07:45     07:57       0:12   차
 10  1조(박종곤)37 라온시티걸          관   08:35     08:50       0:15   차
 11  1조(박종곤)15 라온아메리칸        기   07:16     07:30       0:14   차
 12  1조(박종곤)31 라온에어포스        관   08:28     08:54       0:26   차
 13  1조(박종곤)40 라온엠파이어        관   07:30     07:49       0:19   차
 14  1조(박종곤)10 라온자이언트        관   06:48     07:02       0:14   차
 15  1조(박종곤)17 라온점프            관   07:30     07:47       0:17   차
 16  1조(박종곤)24 문학젠야타          관   08:55     09:10       0:15   차
 17  1조(박종곤) 9 플래시선더          관   08:45     08:57       0:12   차
 18  2조(손영표) 3 금성탈환            기   06:17     06:34       0:17   차
 19  2조(손영표)32 라스트콜            관   08:06     08:22       0:16   차
 20  2조(손영표)15 베스트빅뱅          기   07:10     07:22       0:12   차
 21  2조(손영표)20 사랑다모아          관   06:30     06:43       0:13   차
 22  2조(손영표)22 피어나다            관   07:03     07:15       0:12   차
 23  3조(최영주) 5 골드카이저          관   07:35     07:46       0:11   차
 24  3조(최영주) 9 굿사이먼            관   08:07     08:22       0:15   차
 25  3조(최영주) 2 너트플레이          관   06:10     06:26       0:16   금
 26  3조(최영주)11 매직선데이          관   07:05     07:20       0:15   차
 27  3조(최영주)28 질주본              기   08:32     08:41       0:09   차
 28  3조(최영주)26 피엔에스더킹        기   07:23     07:35       0:12   차
 29  3조(최영주) 8 피엔에스별          관   08:49     09:03       0:14   차
 30  3조(최영주)21 한강차르            관   06:48     07:02       0:14   차
 31  3조(최영주)16 행복한문막          관   06:50     06:59       0:09   차
 32  4조(박윤규)15 걸작드림            관   06:33     06:51       0:18   차
 33  4조(박윤규)13 걸작선              관   07:28     07:44       0:16   차
 34  4조(박윤규)35 걸작투어            기   07:28     07:43       0:15   차
 35  4조(박윤규)25 굿필승              관   07:58     08:19       0:21   차
 36  4조(박윤규)40 매니킹              관   08:50     09:08       0:18   차
 37  4조(박윤규)32 멋진강호            관   08:50     09:09       0:19   차
 38  4조(박윤규)30 반도희망            관   09:10     09:23       0:13   차
 39  4조(박윤규)28 브이퀸              관   09:20     09:28       0:08   차
 40  4조(박윤규) 6 아이스크림          관   07:28     07:43       0:15   차
 41  4조(박윤규)29 원더풀티지          관   07:28     07:44       0:16   차
 42  4조(박윤규)20 월드킹맨            관   08:43     08:52       0:09   차
 43  4조(박윤규) 9 케이프렌지          관   09:10     09:23       0:13   차
 44  4조(박윤규)27 킹아너              관   06:15     06:28       0:13   차
 45  4조(박윤규) 3 티파니블루          관   06:41     07:04       0:23   차
 46  4조(박윤규)33 파토스              관   06:50     07:06       0:16   차
 47  4조(박윤규)24 피엔에스찬스        관   08:27     08:38       0:11   차
 48  4조(박윤규)38 하얀왕자            관   09:23     09:34       0:11   차
 49  4조(박윤규)37 행복왕자            관   06:11     06:34       0:23   차
 50  4조(박윤규) 1 황금달빛            관   06:11     06:35       0:24   차
 51  4조(박윤규) 7 희망의찬가          관   06:50     07:06       0:16   차
 52  5조(우창구) 2 금로열              관   07:42     07:57       0:15   차
 53  5조(우창구)37 드림걸스            관   06:54     07:06       0:12   차
 54  5조(우창구)29 마에스트라          관   07:31     07:51       0:20   차
 55  5조(우창구)17 빅스고              관   08:19     08:30       0:11   차
 56  5조(우창구)11 사이먼퀸            관   07:31     07:42       0:11   차
 57  5조(우창구)32 서울라이언          관   06:19     06:39       0:20   차
 58  5조(우창구)10 스타케이            관   08:55     09:08       0:13   차
 59  5조(우창구)15 역전의우승          관   06:53     07:08       0:15   차
 60  5조(우창구)38 운외창천            관   08:21     08:40       0:19   차
 61  5조(우창구)20 원더케이            관   07:00     07:16       0:16   차
 62  5조(우창구) 5 위너골드            관   08:19     08:30       0:11   차
 63  5조(우창구)25 위너블루            관   08:29     08:44       0:15   차
 64  5조(우창구)24 장비무지개          관   06:54     07:06       0:12   차
 65  5조(우창구)31 퍼스트유저          관   06:19     06:39       0:20   차
 66  5조(우창구)22 히트파워            관   07:31     07:51       0:20   차
 67  6조(홍대유)11 강력한지금          관   06:48     07:03       0:15   차
 68  6조(홍대유)40 그린스파크          관   07:23     07:38       0:15   차
 69  6조(홍대유)13 그린와트            기   06:39     06:52       0:13   차
 70  6조(홍대유)29 글로벌캐슬          기   07:25     07:39       0:14   차
 71  6조(홍대유)19 내길의별            기   06:36     06:48       0:12   차
 72  6조(홍대유)30 럭키선더            기   06:10     06:23       0:13   차
 73  6조(홍대유)15 문학문              관   08:07     08:19       0:12   차
 74  6조(홍대유)35 배다리캔디          관   08:26     08:38       0:12   차
 75  6조(홍대유)22 베스트플랜          기   07:39     07:50       0:11   차
 76  6조(홍대유)   새내비바            관   08:07     08:23       0:16   차
 77  6조(홍대유)33 새내퀸              관   06:58     07:11       0:13   차
 78  6조(홍대유) 4 새내파워풀          관   06:22     06:32       0:10   금
 79  6조(홍대유)20 새로운빛깔          기   06:10     06:23       0:13   차
 80  6조(홍대유)   실버부스터          관   08:07     08:24       0:17   차
 81  6조(홍대유)36 안양호랑이          관   08:26     08:38       0:12   차
 82  6조(홍대유) 9 원평축제            관   06:35     06:47       0:12   차
 83  6조(홍대유)17 정문사이            관   08:34     08:50       0:16   차
 84  6조(홍대유)32 정문에이스          관   07:35     07:45       0:10   차
 85  6조(홍대유)23 정문폭주            기   07:26     07:39       0:13   차
 86  6조(홍대유) 3 챈슬러              기   06:24     06:35       0:11   차
 87  6조(홍대유)27 킹스아이            관   06:48     07:00       0:12   차
 88  7조(구자흥) 4 그린불패            기   06:26     06:46       0:20   차
 89  7조(구자흥) 8 다나은로즈          관   07:40     07:57       0:17   차
 90  7조(구자흥)32 대군제패            관   08:20     08:35       0:15   차
 91  7조(구자흥)13 대군파워            관   06:25     06:46       0:21   차
 92  7조(구자흥)25 매직모카신          관   08:16     08:29       0:13   차
 93  7조(구자흥)14 스프링워터          관   07:40     07:57       0:17   차
 94  7조(구자흥) 3 정문파파고          관   07:38     07:49       0:11   금
 95  7조(구자흥)12 질풍한별            관   06:26     06:50       0:24   차
 96  7조(구자흥)20 철각파워            관   07:22     07:35       0:13   차
 97  8조(최용구)25 돌아온뽀빠이        관   06:47     07:00       0:13   차
 98  8조(최용구) 1 맬리스퀸            관   06:12     06:24       0:12   차
 99  8조(최용구) 4 발베니              관   07:23     07:37       0:14   차
100  8조(최용구) 3 블랙건              관   06:12     06:26       0:14   차
101  8조(최용구)14 비크레이지          관   06:24     06:33       0:09   차
102  8조(최용구)15 스피돔              관   08:21     08:33       0:12   차
103  8조(최용구)18 위시미              관   08:08     08:19       0:11   차
104  8조(최용구)27 피엔에스골드        관   06:23     06:35       0:12   차
105  8조(최용구) 5 회두령              관   07:00     07:15       0:15   차
106  9조(강성오) 5 강서돌풍            관   08:07     08:22       0:15   차
107  9조(강성오)29 골든배지            기   06:35     06:44       0:09   차
108  9조(강성오)24 나의나라            관   07:07     07:19       0:12   차
109  9조(강성오) 3 대박삭스            관   06:11     06:27       0:16   차
110  9조(강성오)14 대왕삭스            관   07:50     08:05       0:15   차
111  9조(강성오)32 대지의여인          관   08:00     08:22       0:22   차
112  9조(강성오)37 루비캣              관   08:05     08:18       0:13   차
113  9조(강성오)19 마루마              관   06:40     06:56       0:16   차
114  9조(강성오) 7 마이공주            기   06:15     06:25       0:10   금
115  9조(강성오)16 브라운참            관   07:09     07:20       0:11   차
116  9조(강성오)17 비전스타            관   08:37     09:02       0:25   차
117  9조(강성오)21 온포인트            관   08:38     08:48       0:10   차
118  9조(강성오)12 왈가닥              관   06:11     06:33       0:22   차
119  9조(강성오)18 우주전쟁            관   08:40     08:49       0:09   차
120  9조(강성오)20 울트라삭스          기   06:35     06:48       0:13   차
121  9조(강성오)31 월드고              관   06:11     06:27       0:16   차
122  9조(강성오) 2 이너피스            관   07:28     07:40       0:12   차
123  9조(강성오) 9 최강돌풍            관   07:10     07:32       0:22   차
124  9조(강성오)36 킹심바              관   07:20     07:35       0:15   차
125  9조(강성오) 1 킹칼레              관   07:16     07:33       0:17   차
126  9조(강성오)10 터치나인            관   06:43     06:59       0:16   금
127  9조(강성오)33 텐배거              관   08:39     08:49       0:10   차
128  9조(강성오)28 히든삭스            관   06:37     06:47       0:10   차
129 10조(정호익)18 강토마              관   06:20     06:34       0:14   차
130 10조(정호익) 6 글로벌조이          관   06:12     06:28       0:16   금
131 10조(정호익)17 동트자웨이          기   06:24     06:37       0:13   금
132 10조(정호익)38 두손장군            관   07:13     07:29       0:16   차
133 10조(정호익)30 마이원              관   06:48     07:02       0:14   차
134 10조(정호익)29 매직아워            관   07:15     07:31       0:16   차
135 10조(정호익)33 문학스톰            기   07:18     07:29       0:11   차
136 10조(정호익)28 문학에카티          관   07:35     07:49       0:14   차
137 10조(정호익) 7 문학조이            관   07:43     07:56       0:13   차
138 10조(정호익)39 빅스마트            기   06:15     06:32       0:17   금
139 10조(정호익)20 슈프림스타          기   07:07     07:17       0:10   차
140 10조(정호익)15 스마트태양          관   08:31     08:46       0:15   차
141 10조(정호익) 5 영웅대마            기   06:11     06:23       0:12   금
142 10조(정호익)13 원평코드            기   06:50     07:05       0:15   금
143 10조(정호익) 3 원평타운            기   07:30     07:39       0:09   차
144 10조(정호익)23 작두콩              기   06:34     06:50       0:16   금
145 10조(정호익)35 터프여제            관   08:14     08:33       0:19   차
146 10조(정호익)25 티즈퀸              관   08:10     08:23       0:13   차
147 10조(정호익)32 황우강자            관   08:07     08:16       0:09   차
148 11조(조현수)17 나올스카이          관   07:17     07:38       0:21   차
149 11조(조현수)29 나올탱크            관   06:35     06:53       0:18   차
150 11조(조현수) 3 뮤직뱅크            관   07:17     07:38       0:21   차
151 11조(조현수)23 비플라워            관   06:29     06:40       0:11   차
152 11조(조현수)18 송암에이스          관   08:00     08:11       0:11   차
153 11조(조현수) 6 슛업스파크          관   07:50     08:04       0:14   차
154 11조(조현수)25 스마트그린          관   06:45     07:03       0:18   차
155 11조(조현수)31 시선집중            관   07:10     07:23       0:13   차
156 11조(조현수)16 아메리칸포스원      관   06:56     07:06       0:10   차
157 11조(조현수) 7 원더풀우먼          기   07:19     07:30       0:11   차
158 11조(조현수)10 은빛돌풍            관   06:33     06:48       0:15   차
159 11조(조현수) 2 퀸오브베스트        기   07:35     07:45       0:10   차
160 11조(조현수)24 티즈로켓            관   06:35     06:49       0:14   차
161 11조(조현수)13 폴카                관   07:58     08:09       0:11   차
162 11조(조현수)12 풀부스터            관   06:11     06:22       0:11   차
163 11조(조현수)26 피엔에스행복        기   07:53     08:09       0:16   차
164 12조(서범석)19 고고고              기   06:52     07:05       0:13   차
165 12조(서범석) 7 라피어반            관   06:10     06:27       0:17   차
166 12조(서범석)20 런런런              관   07:58     08:07       0:09   차
167 12조(서범석)28 리드더웨이          관   06:52     07:05       0:13   차
168 12조(서범석)17 문더스트            관   06:10     06:27       0:17   차
169 12조(서범석)14 선라이팅            관   07:30     07:39       0:09   차
170 12조(서범석)27 스트라이드업        관   07:31     07:42       0:11   차
171 12조(서범석)29 스트롱벌처          기   06:20     06:33       0:13   차
172 12조(서범석)25 제주의흑선          관   06:52     07:05       0:13   차
173 12조(서범석)23 티즈탭탭            관   08:04     08:18       0:14   차
174 13조(이희영) 6 런던액티브          관   06:45     06:54       0:09   금
175 13조(이희영)10 런던퀸              기   07:17     07:26       0:09   차
176 13조(이희영) 9 베스트매드캠        관   07:04     07:19       0:15   차
177 13조(이희영) 5 베스트탑            관   08:20     08:34       0:14   차
178 13조(이희영)20 별빛마루            기   07:04     07:15       0:11   차
179 13조(이희영)28 비트업              기   07:43     07:55       0:12   차
180 13조(이희영)23 샤크짱              기   07:57     08:12       0:15   차
181 13조(이희영)35 엘리트라인          관   06:47     07:02       0:15   차
182 13조(이희영)11 엘리트룰즈          관   08:53     09:02       0:09   차
183 13조(이희영)17 캐시백              관   08:27     08:36       0:09   차
184 13조(이희영)25 큐피드와우          기   07:30     07:39       0:09   차
185 13조(이희영) 1 큐피드점보          기   06:47     06:59       0:12   차
186 13조(이희영) 2 함평스톤            관   07:53     08:10       0:17   차
187 13조(이희영)18 히어로강자          관   07:53     08:08       0:15   차
188 14조(이신영)25 갤럭시삭스          기   06:40     06:51       0:11   차
189 14조(이신영)31 고스트참            기   06:25     06:37       0:12   차
190 14조(이신영)39 내길의퀸            기   08:36     08:47       0:11   차
191 14조(이신영)32 다프네              관   07:09     07:19       0:10   차
192 14조(이신영)36 들꽃향기            관   07:23     07:41       0:18   차
193 14조(이신영) 2 불의여왕            조   08:37     08:54       0:17   차
194 14조(이신영)22 사려니퍼스트        기   06:26     06:37       0:11   차
195 14조(이신영)10 영영삭스            관   08:36     08:51       0:15   차
196 14조(이신영) 1 정성바이스          관   07:23     07:41       0:18   차
197 14조(이신영)34 청계기상            관   07:59     08:15       0:16   차
198 14조(이신영)13 체크포인트          관   07:59     08:12       0:13   차
199 14조(이신영)20 타이탄삭스          기   07:35     07:50       0:15   차
200 14조(이신영) 8 퓨리오사            기   06:54     07:05       0:11   특
201 14조(이신영)26 플라잉점프          기   06:11     06:25       0:14   차
202 15조(박희철)13 매디슨뮤직          관   08:15     08:28       0:13   차
203 15조(박희철)19 서울탱크            관   06:10     06:25       0:15   차
204 15조(박희철) 5 아침함성            관   08:10     08:24       0:14   차
205 15조(박희철) 2 웰빙챔피언          관   06:38     06:52       0:14   차
206 15조(박희철) 8 은파마운틴          관   06:10     06:25       0:15   차
207 15조(박희철)12 정상스타            관   07:26     07:37       0:11   차
208 15조(박희철) 9 정상으뜸            관   06:50     07:05       0:15   차
209 15조(박희철)10 정상킹덤            관   06:56     07:13       0:17   차
210 15조(박희철)16 함평여왕            기   06:43     06:54       0:11   차
211 16조(최봉주)18 국대클래스          조   08:05     08:23       0:18   차
212 16조(최봉주)12 내추럴클래스        조   07:07     07:24       0:17   차
213 16조(최봉주) 4 대천뷰티            관   07:07     07:24       0:17   차
214 16조(최봉주)37 대천챔프            기   07:18     07:29       0:11   차
215 16조(최봉주)35 돌격앞으로          관   06:26     06:43       0:17   차
216 16조(최봉주)20 쌍옥루              관   08:05     08:23       0:18   차
217 16조(최봉주)26 왕벚꽃              관   08:09     08:23       0:14   차
218 16조(최봉주) 1 장군별              조   06:30     06:48       0:18   차
219 16조(최봉주) 5 장흥클래스          기   08:05     08:23       0:18   차
220 16조(최봉주)16 제주의요정          기   06:25     06:37       0:12   차
221 16조(최봉주)31 챔피언가문          기   08:04     08:24       0:20   차
222 16조(최봉주) 9 천문                관   08:28     08:41       0:13   차
223 16조(최봉주)10 천송이              관   07:35     07:50       0:15   차
224 16조(최봉주)36 케이엔라이트        관   07:25     07:38       0:13   차
225 16조(최봉주)28 케이엔포스트        관   06:35     06:50       0:15   차
226 19조(곽영효)26 나올천지            관   07:23     07:44       0:21   차
227 19조(곽영효)27 머니스톤            기   06:10     06:19       0:09   차
228 19조(곽영효) 7 발바투              관   09:00     09:15       0:15   차
229 19조(곽영효)34 어카운트            관   07:02     07:20       0:18   차
230 19조(곽영효)22 옥천최강            기   06:39     06:50       0:11   차
231 19조(곽영효)35 용암렉스            기   06:48     07:00       0:12   차
232 19조(곽영효)11 천지지대            기   06:22     06:34       0:12   차
233 19조(곽영효)15 콜조이              관   07:41     07:53       0:12   차
234 19조(곽영효)33 콩코드스퍼트        관   07:00     07:15       0:15   차
235 19조(곽영효)23 트리플조이          관   08:10     08:22       0:12   차
236 19조(곽영효) 6 파워풀화성          기   06:19     06:33       0:14   차
237 19조(곽영효)19 파이널질주          관   07:55     08:08       0:13   차
238 19조(곽영효)30 한강돌풍            관   09:00     09:15       0:15   차
239 19조(곽영효)10 한강에이스          관   06:25     06:45       0:20   특
240 19조(곽영효) 2 한강여울            기   07:02     07:20       0:18   차
241 19조(곽영효) 9 한강지존            관   08:15     08:31       0:16   차
242 20조(배대선)34 골든럭키            기   06:51     07:02       0:11   차
243 20조(배대선)18 글로리케이          관   07:29     07:47       0:18   차
244 20조(배대선) 2 다이아키            관   06:50     06:59       0:09   차
245 20조(배대선)10 대원결의            관   06:58     07:16       0:18   차
246 20조(배대선)14 돌콩                기   06:26     06:35       0:09   차
247 20조(배대선)23 러닝넘버원          기   07:31     07:42       0:11   차
248 20조(배대선) 9 머니장군            기   08:00     08:11       0:11   차
249 20조(배대선) 4 머니탑              기   06:14     06:25       0:11   차
250 20조(배대선)13 백색광채            기   07:16     07:27       0:11   차
251 20조(배대선)30 빛의카              기   07:43     07:56       0:13   차
252 20조(배대선)12 신한특송            기   07:31     07:42       0:11   차
253 20조(배대선)40 원더풀케이          기   07:44     07:57       0:13   차
254 20조(배대선) 8 원더풀퍼지          기   06:37     06:50       0:13   차
255 20조(배대선)29 짱콩                관   07:17     07:27       0:10   차
256 20조(배대선)25 천사박              관   07:05     07:14       0:09   차
257 21조(문병기)   그랜드실버          관   08:30     08:49       0:19   차
258 21조(문병기) 4 마스크              관   08:38     08:51       0:13   차
259 21조(문병기) 8 마파람              관   07:30     07:47       0:17   차
260 21조(문병기) 6 만세                기   06:33     06:44       0:11   차
261 21조(문병기)13 미르베스트          조   08:30     08:52       0:22   차
262 21조(문병기)15 베스트타임          기   07:02     07:14       0:12   차
263 21조(문병기)12 선더플래시          기   06:37     06:48       0:11   차
264 21조(문병기) 1 에이스티아라        관   07:30     07:47       0:17   차
265 21조(문병기)23 원더풀조이          관   08:15     08:30       0:15   차
266 21조(문병기) 3 조우니가            기   08:15     08:23       0:08   차
267 21조(문병기) 2 퀸즈투어            기   07:00     07:13       0:13   차
268 21조(문병기)11 퍼스트드림          관   06:39     06:53       0:14   차
269 21조(문병기)16 하이파크            기   06:30     06:43       0:13   차
270 22조(안병기)40 광치기              관   08:53     09:05       0:12   차
271 22조(안병기)17 내생애최고          관   06:14     06:29       0:15   차
272 22조(안병기)16 대물                기   07:06     07:19       0:13   차
273 22조(안병기)10 바람을그리다        기   07:48     08:00       0:12   차
274 22조(안병기)14 선더호스            기   06:16     06:29       0:13   차
275 22조(안병기) 1 아르고탑            관   07:48     08:05       0:17   차
276 22조(안병기) 5 야무진배짱          기   08:04     08:31       0:27   차
277 22조(안병기)34 야무진새강자        기   07:08     07:22       0:14   차
278 22조(안병기)27 야무진왕초          기   06:55     07:07       0:12   차
279 22조(안병기)39 야무진재수          기   07:09     07:21       0:12   차
280 22조(안병기)32 콩코드퀸            관   08:33     08:44       0:11   차
281 23조(유재길)12 경부도령            관   06:11     06:27       0:16   금
282 23조(유재길) 4 노블킹              기   06:59     07:12       0:13   차
283 23조(유재길) 2 더트서퍼            관   06:42     06:57       0:15   차
284 23조(유재길) 7 미스윈스타          관   06:11     06:26       0:15   차
285 23조(유재길)29 별빛보석            관   07:55     08:06       0:11   차
286 23조(유재길)14 빛나는질주          관   06:58     07:09       0:11   금
287 23조(유재길) 1 스피어건            관   06:59     07:12       0:13   차
288 23조(유재길) 6 원평버드            관   06:11     06:26       0:15   차
289 23조(유재길)18 원평퀸              관   07:10     07:24       0:14   차
290 23조(유재길)25 헤이마마            관   06:27     06:42       0:15   차
291 23조(유재길)13 홀리데이참          관   08:07     08:20       0:13   차
292 24조(서홍수) 3 마이티앤            기   06:19     06:31       0:12   차
293 24조(서홍수)28 마이티웰            관   06:16     06:37       0:21   차
294 24조(서홍수)32 마이티지            관   07:18     07:31       0:13   차
295 24조(서홍수)20 마이티킥            관   07:56     08:10       0:14   차
296 24조(서홍수)19 마이티후            관   07:37     07:54       0:17   차
297 24조(서홍수)38 미르파워            관   06:47     06:57       0:10   차
298 24조(서홍수)12 새내타운            관   06:57     07:10       0:13   차
299 24조(서홍수)21 세명강자            관   08:22     08:38       0:16   차
300 24조(서홍수)40 시크릿킹            관   06:48     07:07       0:19   차
301 24조(서홍수)31 아르폰스            관   06:19     06:35       0:16   차
302 24조(서홍수)13 아치참              관   07:54     08:06       0:12   차
303 24조(서홍수)22 아침누리            관   08:00     08:13       0:13   차
304 24조(서홍수)35 인듀어런스          관   06:26     06:38       0:12   차
305 25조(전승규)13 골든아너            관   07:58     08:13       0:15   차
306 25조(전승규)39 나나랜드            관   08:05     08:13       0:08   차
307 25조(전승규) 9 명진데이            기   06:42     06:52       0:10   금
308 25조(전승규)26 볼드어게인          관   08:55     09:06       0:11   차
309 25조(전승규)37 블랙초콜릿          관   06:28     06:41       0:13   차
310 25조(전승규) 5 아스펜로스          조   06:12     06:33       0:21   차
311 25조(전승규)24 이글포인트          관   07:29     07:41       0:12   차
312 25조(전승규)23 제트비전            관   07:58     08:13       0:15   차
313 25조(전승규)38 질주대세            관   07:52     08:05       0:13   차
314 25조(전승규)34 춘산                관   06:20     06:34       0:14   차
315 25조(전승규)20 케이엔티즈원        관   07:26     07:36       0:10   차
316 25조(전승규)29 킹고태양            관   07:04     07:17       0:13   차
317 25조(전승규)27 파이어파워          관   06:28     06:41       0:13   차
318 25조(전승규)17 화이트참            기   07:05     07:16       0:11   차
319 26조(안해양)36 그레이토르          관   06:32     06:49       0:17   차
320 26조(안해양) 4 나노메타            관   07:03     07:19       0:16   차
321 26조(안해양)   단디                관   07:55     08:15       0:20   차
322 26조(안해양) 6 달금                관   06:20     06:38       0:18   차
323 26조(안해양)33 라이크더스톤        관   07:02     07:19       0:17   차
324 26조(안해양) 8 런던비상            기   07:20     07:33       0:13   차
325 26조(안해양)15 런던스카이          관   08:18     08:29       0:11   차
326 26조(안해양)19 런던스피드          관   07:59     08:11       0:12   차
327 26조(안해양)17 런던에이스          관   07:00     07:15       0:15   차
328 26조(안해양) 9 마구마              기   07:35     07:50       0:15   차
329 26조(안해양) 3 문막의설기          관   08:18     08:37       0:19   차
330 26조(안해양) 2 세륭                관   08:59     09:17       0:18   차
331 26조(안해양)35 송암파크            관   08:59     09:17       0:18   차
332 26조(안해양)26 지스타              관   06:29     06:43       0:14   차
333 26조(안해양)12 파크윈              관   06:14     06:32       0:18   차
334 26조(안해양)22 플랜비              관   08:18     08:39       0:21   차
335 26조(안해양)   히어로최강          관   07:55     08:15       0:20   차
336 26조(안해양)18 히어로퀸            관   07:55     08:17       0:22   차
337 26조(안해양)21 히어로파크          관   08:42     09:24       0:42   차
338 27조(박병일)20 검포                기   07:52     08:04       0:12   차
339 27조(박병일) 8 금세다              관   06:10     06:25       0:15   차
340 27조(박병일)38 더파이팅            기   06:50     07:05       0:15   차
341 27조(박병일)29 떠오르다            기   06:47     06:59       0:12   차
342 27조(박병일) 2 또바기              관   07:52     08:04       0:12   차
343 27조(박병일)17 리얼팩              기   06:10     06:24       0:14   차
344 27조(박병일)15 블루                관   07:33     07:50       0:17   차
345 27조(박병일)28 은혜드림            관   07:05     07:19       0:14   차
346 27조(박병일)32 은혜서브            기   07:22     07:35       0:13   차
347 27조(박병일) 3 은혜충만            관   06:10     06:21       0:11   차
348 27조(박병일)39 컨트리로드          기   07:40     07:51       0:11   차
349 27조(박병일) 9 탱자                기   07:21     07:33       0:12   차
350 27조(박병일)11 톱시드              기   06:59     07:11       0:12   차
351 27조(박병일)30 포에버칸            관   07:20     07:34       0:14   차
352 27조(박병일)21 피닉스클래스        관   08:37     08:58       0:21   차
353 27조(박병일)31 해피믹스            기   06:33     06:49       0:16   차
354 27조(박병일) 7 흥복드림            기   06:24     06:34       0:10   차
355 28조(최상식) 6 글로벌강타          기   06:21     06:33       0:12   차
356 28조(최상식) 2 글로벌매직          기   06:33     06:46       0:13   차
357 28조(최상식)18 글로벌보배          기   06:11     06:20       0:09   차
358 28조(최상식)23 글로벌찬가          기   07:25     07:38       0:13   차
359 28조(최상식)27 노워                기   06:50     07:03       0:13   차
360 28조(최상식)25 돌배                기   07:01     07:17       0:16   차
361 28조(최상식) 1 베스트럭키          기   07:13     07:25       0:12   차
362 28조(최상식)24 쏘아라미미          관   06:28     06:41       0:13   차
363 28조(최상식)28 쏘아라투투          관   07:52     08:05       0:13   차
364 29조(배휴준) 6 디스위켄드          관   06:37     06:51       0:14   차
365 29조(배휴준)15 럭키크라운          기   06:49     06:58       0:09   차
366 29조(배휴준) 8 매디슨마운틴        관   06:37     06:51       0:14   차
367 29조(배휴준)22 세명기상            기   08:20     08:29       0:09   차
368 29조(배휴준)31 와일드킹덤          관   06:16     06:25       0:09   금
369 29조(배휴준)20 원더풀루비          기   06:48     07:02       0:14   차
370 29조(배휴준) 4 클로버파티          관   06:37     06:51       0:14   차
371 30조(토니  ) 7 네버어게인          관   07:08     07:22       0:14   차
372 30조(토니  )11 더리퍼              조   06:42     06:56       0:14   차
373 30조(토니  )19 성실공주핑크        관   06:42     06:56       0:14   차
374 30조(토니  ) 1 성실머니            관   06:14     06:27       0:13   차
375 30조(토니  )18 성실태양            관   06:42     06:56       0:14   차
376 30조(토니  ) 4 액티몬              조   07:38     07:51       0:13   차
377 30조(토니  )26 장산몬스터          관   07:39     07:54       0:15   차
378 30조(토니  ) 9 장산바다            관   07:13     07:26       0:13   차
379 30조(토니  )28 장산스타트          관   08:16     08:29       0:13   차
380 30조(토니  )13 청담탱크            기   06:14     06:27       0:13   차
381 30조(토니  )16 최강장산            관   06:42     06:56       0:14   차
382 30조(토니  ) 6 헌터블레이드        조   07:08     07:22       0:14   차
383 31조(강환민)31 국제공항            관   08:34     08:45       0:11   차
384 31조(강환민) 7 메타블레이드        기   06:10     06:21       0:11   차
385 31조(강환민)20 버터케이            관   07:42     07:54       0:12   차
386 31조(강환민)15 블루인디            관   08:42     08:53       0:11   차
387 31조(강환민)16 빅야크              기   06:11     06:20       0:09   차
388 31조(강환민) 9 빅트리플            관   06:15     06:26       0:11   차
389 31조(강환민) 8 스마트블루          기   06:46     07:05       0:19   차
390 31조(강환민)24 신의여인            관   08:04     08:14       0:10   금
391 31조(강환민)23 우리                관   06:16     06:31       0:15   차
392 31조(강환민) 4 장산가드            관   06:10     06:17       0:07   금
393 31조(강환민)19 장산미사일          관   07:30     07:41       0:11   차
394 31조(강환민)29 정상파이팅          관   08:34     08:45       0:11   차
395 31조(강환민)40 주몽천하            기   08:00     08:13       0:13   차
396 31조(강환민)36 청담위키드          관   06:13     06:25       0:12   차
397 31조(강환민)27 최강블레이드        관   08:00     08:14       0:14   차
398 31조(강환민)14 크레이지잭팟        기   07:42     07:55       0:13   차
399 31조(강환민)22 패스트트랙          관   06:58     07:13       0:15   차
400 32조(김윤섭)18 매글데이            관   08:04     08:21       0:17   차
401 32조(김윤섭) 7 매직케이            관   08:04     08:21       0:17   차
402 32조(김윤섭)10 문학다이얼          관   06:49     07:05       0:16   차
403 32조(김윤섭)19 미스하이플라이      관   08:04     08:21       0:17   차
404 32조(김윤섭)15 송암드래건          관   06:11     06:21       0:10   차
405 32조(김윤섭) 2 젠틀룰즈            관   06:40     06:50       0:10   차
406 32조(김윤섭)22 테스조이            관   06:49     07:02       0:13   차
407 32조(김윤섭)25 황금주머니          관   07:09     07:25       0:16   차
408 33조(서인석)27 드래곤스타          기   07:04     07:15       0:11   차
409 33조(서인석)28 매직조이            기   08:19     08:36       0:17   차
410 33조(서인석) 6 매직주드            기   08:41     08:57       0:16   차
411 33조(서인석)13 모닝프린스          조   06:57     07:15       0:18   차
412 33조(서인석)24 모스트스피드        기   06:13     06:26       0:13   차
413 33조(서인석) 4 빅레드              기   07:38     07:47       0:09   차
414 33조(서인석)23 선포레              기   07:25     07:33       0:08   차
415 33조(서인석)26 천마비상            기   06:33     06:46       0:13   차
416 33조(서인석) 3 탭다운              기   07:58     08:18       0:20   차
417 33조(서인석) 8 티즈바로우즈        조   06:19     06:49       0:30   차
418 34조(리카디)17 가로수길            관   06:59     07:09       0:10   차
419 34조(리카디)39 갤럽컬린            관   06:13     06:25       0:12   차
420 34조(리카디) 5 남산의별            관   07:34     07:48       0:14   차
421 34조(리카디) 7 남산호랑이          관   07:35     07:48       0:13   차
422 34조(리카디)21 드림스피드          기   06:27     06:39       0:12   차
423 34조(리카디)15 라이징호크          기   06:14     06:27       0:13   차
424 34조(리카디)35 메니골드            기   06:32     06:41       0:09   차
425 34조(리카디)32 미라클도터          관   07:00     07:14       0:14   차
426 34조(리카디)31 블랙모션            관   07:57     08:09       0:12   차
427 34조(리카디) 1 비제이스톰          기   07:39     07:48       0:09   금
428 34조(리카디) 8 선더프린스          관   07:35     07:51       0:16   차
429 34조(리카디)29 슈퍼다이아          관   08:31     08:41       0:10   차
430 34조(리카디)26 아이언머스킷        기   06:40     06:52       0:12   금
431 34조(리카디)18 이스머스            관   08:51     09:04       0:13   차
432 34조(리카디)19 자이언트인디        관   07:45     07:56       0:11   차
433 34조(리카디)33 제이모션            관   08:09     08:24       0:15   차
434 34조(리카디)34 조이브라더          관   08:16     08:25       0:09   금
435 34조(리카디)37 지모션              관   08:21     08:39       0:18   차
436 34조(리카디)30 트로팅라일리        관   07:25     07:35       0:10   차
437 34조(리카디)28 파이널칸지노        기   06:14     06:27       0:13   차
438 34조(리카디)13 포춘룰즈            관   06:38     06:52       0:14   차
439 34조(리카디)27 화이트다이아        관   08:31     08:42       0:11   차
440 34조(리카디) 2 희망가득            관   06:59     07:08       0:09   차
441 35조(임채덕)26 드림투어            관   07:32     07:49       0:17   차
442 35조(임채덕)28 라이드럭키          기   07:22     07:44       0:22   차
443 35조(임채덕)29 민트플레이          관   07:32     07:46       0:14   차
444 35조(임채덕)30 스위트플레이        기   07:32     07:46       0:14   차
445 35조(임채덕) 9 원더풀위싱          관   08:11     08:27       0:16   차
446 35조(임채덕)17 제왕의별            관   06:47     07:00       0:13   차
447 35조(임채덕)13 찬란한날            관   08:11     08:27       0:16   차
448 35조(임채덕)10 찬란한폭풍          기   07:05     07:21       0:16   차
449 35조(임채덕) 3 퀵실버키튼          관   08:11     08:27       0:16   차
450 35조(임채덕)21 플라잉풀문          관   08:50     09:02       0:12   차
451 35조(임채덕)18 황금해              기   06:47     06:59       0:12   차
452 37조(심승태)32 강철부대            기   08:25     08:33       0:08   차
453 37조(심승태)35 라스트보스          관   07:38     07:52       0:14   차
454 37조(심승태)16 러닝킹              기   07:45     08:00       0:15   차
455 37조(심승태)27 브라운퀸            기   06:19     06:28       0:09   차
456 37조(심승태)39 빅비트              기   08:13     08:22       0:09   차
457 37조(심승태) 3 새로운보배          관   07:18     07:27       0:09   금
458 37조(심승태)17 소베라니아          관   07:45     07:54       0:09   차
459 37조(심승태)21 스타크레이지        관   08:22     08:31       0:09   차
460 37조(심승태)36 시대의명작          관   06:43     07:09       0:26   차
461 37조(심승태)40 심장의고동          관   08:37     08:48       0:11   차
462 37조(심승태)34 위너드래건          관   06:43     07:04       0:21   차
463 37조(심승태) 9 퀸즈선샤인          관   06:12     06:27       0:15   차
464 37조(심승태)25 크레이지러시        관   06:28     06:40       0:12   차
465 37조(심승태)12 파워에치드          기   06:43     07:03       0:20   차
466 37조(심승태)29 페더럴아이          기   07:20     07:29       0:09   금
467 40조(송문길)12 뉴문워리어          관   08:03     08:20       0:17   차
468 40조(송문길) 3 스마트파워          기   07:08     07:20       0:12   차
469 40조(송문길)19 심플스타일          관   07:29     07:47       0:18   차
470 40조(송문길) 7 어마어마            관   08:35     09:05       0:30   차
471 40조(송문길)25 온리위너            기   06:17     06:29       0:12   차
472 40조(송문길)28 와우와우            관   06:31     06:49       0:18   차
473 40조(송문길) 5 위즈모멘트          기   06:13     06:26       0:13   차
474 40조(송문길)35 자이언트펀치        관   07:16     07:26       0:10   차
475 40조(송문길)40 제이피닉스          관   08:40     08:51       0:11   금
476 40조(송문길)33 킬리의제왕          기   06:31     06:44       0:13   차
477 40조(송문길)37 파워박스            기   06:19     06:33       0:14   차
478 40조(송문길)23 파이널참            관   07:14     07:31       0:17   차
479 40조(송문길)21 하이그랜드          관   06:10     06:19       0:09   차
480 41조(신삼영)   네모스피릿          관   08:05     08:20       0:15   차
481 41조(신삼영)13 논스톱기상          관   08:02     08:14       0:12   차
482 41조(신삼영)12 논스톱리워드        관   07:34     07:50       0:16   차
483 41조(신삼영) 8 대륜시대            관   06:10     06:29       0:19   차
484 41조(신삼영)17 더드림캐리어        관   06:54     07:06       0:12   차
485 41조(신삼영)33 루미너스퀸          관   07:25     07:36       0:11   차
486 41조(신삼영)10 빛나는금성          관   06:10     06:29       0:19   차
487 41조(신삼영) 5 소호승리            관   06:54     07:06       0:12   차
488 41조(신삼영)21 신의부활            관   06:10     06:29       0:19   차
489 41조(신삼영)22 아름다운사이        관   08:05     08:20       0:15   차
490 41조(신삼영)15 알사이먼            관   06:50     07:03       0:13   차
491 41조(신삼영) 7 올포유어드림        관   06:50     07:03       0:13   차
492 41조(신삼영)37 좋은관계            관   07:50     08:02       0:12   차
493 41조(신삼영)14 큐피드베이브        관   08:24     08:34       0:10   차
494 41조(신삼영) 4 큐피드워리어        관   07:25     07:36       0:11   차
495 41조(신삼영) 1 희망워리어          관   08:29     08:39       0:10   차
496 42조(이관호) 3 금아얼루어          기   06:24     06:34       0:10   차
497 42조(이관호)26 레이먼드            관   06:11     06:25       0:14   차
498 42조(이관호)32 메인오브킹          기   07:07     07:16       0:09   차
499 42조(이관호)31 모르피스            관   06:12     06:22       0:10   차
500 42조(이관호)13 백스핀              기   06:12     06:24       0:12   차
501 42조(이관호)22 불화산              관   07:07     07:16       0:09   차
502 42조(이관호)25 비트러너            관   07:25     07:39       0:14   차
503 42조(이관호)20 비트레이서          기   07:29     07:42       0:13   차
504 42조(이관호)19 샤인온미            관   08:28     08:59       0:31   차
505 42조(이관호) 4 서브에이스          관   08:45     08:58       0:13   차
506 42조(이관호)14 서울을날다          기   06:50     07:02       0:12   차
507 42조(이관호) 5 성은크라운          기   07:07     07:24       0:17   차
508 42조(이관호)18 신의함성            기   07:07     07:24       0:17   차
509 42조(이관호) 1 아이스스타          기   06:52     07:05       0:13   차
510 42조(이관호)40 이무기              기   06:53     07:05       0:12   차
511 42조(이관호)10 전정사금            관   07:06     07:22       0:16   차
512 42조(이관호)37 제로백포            관   08:24     08:40       0:16   차
513 42조(이관호)34 천군                기   08:11     08:20       0:09   차
514 42조(이관호) 2 톱포지션            관   06:24     06:38       0:14   차
515 42조(이관호)29 히든돌풍            기   07:08     07:21       0:13   차
516 48조(이준철)26 가기만고당          기   07:43     07:57       0:14   차
517 48조(이준철)   금아파이어리        관   08:21     08:38       0:17   차
518 48조(이준철)27 나올고니            관   07:43     08:06       0:23   차
519 48조(이준철)14 나올스나이퍼        관   06:22     06:35       0:13   차
520 48조(이준철)30 나올인디            관   07:43     07:58       0:15   차
521 48조(이준철)13 도끼불패            관   06:58     07:20       0:22   차
522 48조(이준철)16 메이블레이드        관   06:25     06:35       0:10   차
523 48조(이준철) 1 쏘아라바바          관   07:00     07:12       0:12   차
524 48조(이준철)21 오래함께하자        관   07:42     07:56       0:14   차
525 48조(이준철)22 원더풀위크          관   06:58     07:12       0:14   차
526 48조(이준철)19 원더풀카로          관   07:31     07:40       0:09   차
527 48조(이준철)31 티즈석세스          기   06:24     06:33       0:09   차
528 48조(이준철)24 티즈인디            기   06:58     07:20       0:22   차
529 48조(이준철) 9 해피플레이          관   08:21     08:38       0:17   차
530 48조(이준철) 2 흥록대부            관   06:23     06:36       0:13   차
531 48조(이준철)34 흥행열차            관   08:21     08:38       0:17   차
532 50조(박재우) 6 국향                관   06:45     06:58       0:13   금
533 50조(박재우)37 럭키파워            관   08:19     08:30       0:11   차
534 50조(박재우) 3 문학킹              관   08:15     08:26       0:11   차
535 50조(박재우) 8 문학타이거          관   07:20     07:32       0:12   차
536 50조(박재우) 5 베스트전사          관   06:38     06:51       0:13   차
537 50조(박재우)19 시리우스에이        관   06:22     06:35       0:13   차
538 50조(박재우)10 위대한군주          기   07:28     07:38       0:10   차
539 50조(박재우) 9 유쾌한선택          기   07:17     07:27       0:10   금
540 50조(박재우)39 은어축제            관   08:00     08:12       0:12   차
541 50조(박재우)21 이스트임팩트        기   06:46     06:59       0:13   차
542 50조(박재우) 2 장수나봄            관   08:16     08:33       0:17   차
543 50조(박재우)34 컴플리트엔젤        기   07:27     07:44       0:17   차
544 50조(박재우) 4 컴플리트웨펀        관   07:01     07:14       0:13   차
545 50조(박재우)23 컴플리트포스        관   06:22     06:36       0:14   차
546 50조(박재우)30 클린업해피          관   06:22     06:36       0:14   금
547 50조(박재우)15 트리플킹덤          관   07:41     07:52       0:11   차
548 50조(박재우) 1 파이어걸            관   07:40     07:53       0:13   차
549 50조(박재우)27 프린스              관   06:55     07:10       0:15   차
550 51조(최용건)29 골든펄              관   06:16     06:28       0:12   금
551 51조(최용건)37 디바인퓨처즈        관   06:15     06:28       0:13   차
552 51조(최용건)10 디자이어투윈        관   08:29     08:43       0:14   차
553 51조(최용건) 1 로열장다크          관   07:21     07:33       0:12   차
554 51조(최용건)23 마하스타            관   08:29     08:43       0:14   차
555 51조(최용건)39 메니데이            기   08:34     08:47       0:13   차
556 51조(최용건)34 별나라신사          기   08:08     08:18       0:10   차
557 51조(최용건)21 스포블레이드        관   07:13     07:31       0:18   차
558 51조(최용건)30 스프링킹            관   06:37     06:47       0:10   금
559 51조(최용건) 4 신의한수            기   06:43     06:56       0:13   차
560 51조(최용건) 7 실버스타            관   06:51     07:03       0:12   차
561 51조(최용건)27 아치러너            관   06:49     07:04       0:15   차
562 51조(최용건) 2 올드블레이드        관   07:10     07:19       0:09   차
563 51조(최용건)17 울트라갤럭시        관   06:41     06:56       0:15   차
564 51조(최용건)19 장산레이저          관   06:58     07:10       0:12   금
565 51조(최용건) 6 장산포이즌          관   07:45     07:59       0:14   차
566 51조(최용건)13 제우시대            관   07:55     08:05       0:10   차
567 51조(최용건) 8 캠프세이버          기   06:23     06:33       0:10   금
568 51조(최용건)36 케이엔언더킹        기   07:35     07:49       0:14   차
569 51조(최용건) 9 패션드패션          관   07:57     08:12       0:15   차
570 51조(최용건)32 플라이데이          기   07:07     07:21       0:14   차
571 51조(최용건)38 해피뉴마            관   07:21     07:34       0:13   차
572 51조(최용건)18 희망챔프            관   06:11     06:24       0:13   차
573 52조(김동균)11 그랜드파워          관   09:08     09:17       0:09   차
574 52조(김동균)37 글로리앤아너        관   09:08     09:18       0:10   차
575 52조(김동균)35 네모프린스          기   07:47     07:57       0:10   차
576 52조(김동균)28 다산질주            기   07:47     08:00       0:13   차
577 52조(김동균)10 다운더존            관   07:27     07:37       0:10   차
578 52조(김동균)27 드림노크            관   06:42     06:50       0:08   차
579 52조(김동균)15 랠리퀸              관   08:51     09:01       0:10   차
580 52조(김동균)30 럭키허니            관   08:34     08:48       0:14   차
581 52조(김동균)13 배다리쾌검          관   06:45     06:58       0:13   차
582 52조(김동균)22 비에스에너지        관   06:45     06:58       0:13   차
583 52조(김동균)38 슈퍼피니시          관   08:49     08:58       0:09   차
584 52조(김동균) 6 엠제이스톰          기   07:21     07:33       0:12   차
585 52조(김동균) 1 엠제이파워          관   06:16     06:26       0:10   금
586 52조(김동균)29 원평킹덤            관   07:47     08:00       0:13   차
587 52조(김동균)23 천지스카이          관   08:34     08:48       0:14   차
588 52조(김동균)31 천지여걸            기   07:30     07:45       0:15   차
589 52조(김동균)32 천지의빛            관   07:54     08:02       0:08   차
590 52조(김동균) 9 트로트퀸            관   08:10     08:21       0:11   차
591 52조(김동균)34 파이널축제          기   07:07     07:20       0:13   차
592 52조(김동균) 2 한강질주            기   07:31     07:45       0:14   차
593 52조(김동균)21 후이넘              관   07:31     07:44       0:13   차
594 53조(김동철)35 나올대왕            관   07:46     08:01       0:15   차
595 53조(김동철)13 대박스타            관   08:34     08:51       0:17   차
596 53조(김동철)38 데이브레이크        관   07:05     07:19       0:14   차
597 53조(김동철)   러피언파크          관   09:18     09:26       0:08   차
598 53조(김동철)28 미스터스타          관   08:51     09:05       0:14   차
599 53조(김동철)32 블루키톤            기   07:19     07:29       0:10   차
600 53조(김동철)29 샤크플레이          관   06:22     06:38       0:16   차
601 53조(김동철)36 서울의별            관   07:53     08:02       0:09   차
602 53조(김동철)37 스트렝스            관   06:22     06:44       0:22   차
603 53조(김동철) 1 스트롱참            관   08:29     08:41       0:12   차
604 53조(김동철)12 스피드에이스        기   07:05     07:18       0:13   차
605 53조(김동철)33 승리의영혼          관   09:06     09:21       0:15   차
606 53조(김동철)10 시크릿플레이        관   07:46     08:01       0:15   차
607 53조(김동철)17 에이원스타          관   07:12     07:23       0:11   차
608 53조(김동철)22 에이투제트          관   07:08     07:21       0:13   차
609 53조(김동철)14 큐피드챔프          관   07:52     08:03       0:11   차
610 53조(김동철)21 팬시플레이          관   08:51     09:05       0:14   차
611 54조(박천서)17 그레이스리          관   08:41     08:50       0:09   차
612 54조(박천서)37 디스코보이          관   06:55     07:12       0:17   차
613 54조(박천서)18 라로마네            관   09:04     09:12       0:08   차
614 54조(박천서)13 마바위              관   06:18     06:27       0:09   차
615 54조(박천서)22 베스트천상          관   06:10     06:32       0:22   차
616 54조(박천서)29 보름달빛            관   08:02     08:30       0:28   차
617 54조(박천서)32 신풍여걸            기   07:47     07:59       0:12   차
618 54조(박천서)31 정우포에버          관   08:22     08:33       0:11   차
619 54조(박천서)23 질주의칸            관   07:53     08:01       0:08   차
620 54조(박천서)36 캔디여왕            관   07:48     08:01       0:13   차
621 54조(박천서)21 피엔에스아이        기   07:55     08:06       0:11   차
━━━━━━━━━━━━━━━━━━━━━━━━━━━━━━━━━━━━━━━
                                                      출력일자 : 2022. 8.13

