

제목 : 22.06.16(목) 조교현황

  ※기승자범례(조:조교사, 관:주로조교, 기:기수, 후:기수후보생)
  ※비고(금:금주출전예정마, 차:차주출전예정마, 특:특대상경주출전예정마)
  ※금주, 차주 또는 특별 대상경주 출전예상마는 출전신청 결과 및
  조교사의 의사에 따라 변동될 수 있는 미확정된 자료이오니 참고하시기 바랍니다.
━━━━━━━━━━━━━━━━━━━━━━━━━━━━━━━━━━━━━━━
  순 소속조 - 조번 마명              기승자 입장시각  퇴장시각  조교시간 비고
━━━━━━━━━━━━━━━━━━━━━━━━━━━━━━━━━━━━━━━
  1  1조(백광열) 6 닥터샤크            관   07:33     07:55       0:22   차
  2  1조(백광열)29 닥터오스카          기   07:50     08:01       0:11   차
  3  1조(백광열)33 닥터위키            관   07:28     07:45       0:17   차
  4  1조(백광열)27 닥터카슨            기   08:09     08:27       0:18   차
  5  1조(백광열)32 닥터칼리파          관   06:13     06:29       0:16   차
  6  1조(백광열) 4 닥터테이크          기   06:51     07:09       0:18   금
  7  1조(백광열)26 닥터파라오          기   06:01     06:20       0:19   차
  8  1조(백광열)39 닥터펜타곤          기   07:16     07:31       0:15   금
  9  1조(백광열)40 닥터프로            관   06:13     06:30       0:17   차
 10  1조(백광열)19 달릴래요            관   06:46     07:05       0:19   차
 11  1조(백광열)31 대호전설            관   08:48     09:07       0:19   차
 12  1조(백광열)15 두무산              기   08:05     08:40       0:35   금
 13  1조(백광열) 1 두바이평정          관   07:28     07:45       0:17   차
 14  1조(백광열)38 벌마의스타          관   06:01     06:21       0:20   차
 15  1조(백광열)28 베텔게우스          관   08:07     08:26       0:19   차
 16  1조(백광열)14 사바하              관   07:33     07:55       0:22   차
 17  1조(백광열)12 상상그이상          관   06:46     07:05       0:19   차
 18  1조(백광열)22 아델로사리오        관   08:53     09:05       0:12   차
 19  1조(백광열)13 아델스마트          기   07:39     07:59       0:20   금
 20  1조(백광열)10 아델앨리스          관   08:23     08:39       0:16   차
 21  1조(백광열)35 아델크라운          관   08:16     08:36       0:20   차
 22  1조(백광열)20 아델호랑이          관   06:46     07:05       0:19   차
 23  1조(백광열)11 아르크투루스        관   08:10     08:24       0:14   차
 24  1조(백광열) 8 알파송당            관   06:09     06:28       0:19   차
 25  1조(백광열)36 알파어게인          기   06:30     06:46       0:16   차
 26  1조(백광열)18 영천솔레미오        기   07:44     08:04       0:20   금
 27  1조(백광열)34 영천파워            관   06:48     07:17       0:29   차
 28  1조(백광열)41 파인의꿈            기   07:13     07:35       0:22   금
 29  1조(백광열)43 화랑에이스          기   07:33     07:52       0:19   금
 30  2조(강형곤)44 그린치타            관   06:29     06:41       0:12   차
 31  2조(강형곤)28 금보성              관   08:38     08:57       0:19   차
 32  2조(강형곤) 8 라비오사            관   06:29     06:52       0:23   금
 33  2조(강형곤)37 백구                기   08:38     08:52       0:14   차
 34  2조(강형곤)40 불의산              관   07:33     07:56       0:23   차
 35  2조(강형곤) 7 불의여신            관   08:38     08:52       0:14   차
 36  2조(강형곤)35 불의전설            관   07:33     07:58       0:25   차
 37  2조(강형곤)25 비케이누마          관   08:08     08:20       0:12   차
 38  2조(강형곤)32 비케이뉴문          관   06:02     06:16       0:14   차
 39  2조(강형곤)20 비케이론            관   06:29     06:56       0:27   차
 40  2조(강형곤) 5 비케이룩스          관   07:07     07:17       0:10   차
 41  2조(강형곤) 9 비케이마셜          관   06:02     06:18       0:16   금
 42  2조(강형곤)45 비케이존            기   06:28     06:43       0:15   금
 43  2조(강형곤)42 비케이파워          기   08:08     08:22       0:14   차
 44  2조(강형곤)16 비케이하나          기   07:04     07:16       0:12   차
 45  2조(강형곤) 2 서경대로            관   08:08     08:24       0:16   차
 46  2조(강형곤)36 슈퍼카넬            관   08:08     08:24       0:16   차
 47  2조(강형곤)26 스타캐치            관   06:02     06:15       0:13   차
 48  2조(강형곤)18 스페셜로드          관   08:08     08:24       0:16   차
 49  2조(강형곤)15 스페셜존            관   08:38     08:52       0:14   차
 50  2조(강형곤)11 쌕쌕이              기   07:36     07:58       0:22   금
 51  2조(강형곤)24 에이원플러스        기   07:06     07:26       0:20   금
 52  2조(강형곤)38 제왕의미소          기   06:02     06:19       0:17   차
 53  2조(강형곤)43 최강무지개          관   07:06     07:20       0:14   차
 54  2조(강형곤)17 투투브레인          기   06:02     06:18       0:16   금
 55  2조(강형곤) 4 투투제이에스        관   07:05     07:23       0:18   차
 56  2조(강형곤)22 투투코인            관   07:05     07:20       0:15   차
 57  2조(강형곤)13 투투플라잉          기   06:30     06:56       0:26   차
 58  2조(강형곤)29 풍운조화            기   06:04     06:13       0:09   금
 59  2조(강형곤)41 행복한함안          기   06:53     07:03       0:10   금
 60  2조(강형곤)14 화차                관   07:33     07:56       0:23   차
 61  2조(강형곤)10 회자인구            기   07:25     07:38       0:13   차
 62  2조(강형곤)23 히든찰리            관   08:49     09:02       0:13   차
 63  2조(강형곤)21 히어로맨            관   06:01     06:15       0:14   차
 64  4조(임금만) 1 래피드게임          기   07:14     07:27       0:13   금
 65  4조(임금만) 2 마이스타            관   06:12     06:25       0:13   차
 66  4조(임금만)35 모스트래피드        관   06:00     06:16       0:16   차
 67  4조(임금만) 4 선더퓨리            관   06:00     06:16       0:16   차
 68  4조(임금만)17 슬림퀸              관   06:12     06:24       0:12   차
 69  4조(임금만)36 시티블레이드        관   07:51     08:02       0:11   차
 70  4조(임금만)22 아쿠아매직          기   07:05     07:18       0:13   차
 71  4조(임금만)27 에코선              관   06:59     07:15       0:16   차
 72  4조(임금만)19 영광의레전드        관   07:29     07:43       0:14   차
 73  4조(임금만)25 영광의파워          기   08:47     09:01       0:14   차
 74  4조(임금만) 3 영광의파티          관   07:29     07:45       0:16   차
 75  4조(임금만) 7 영웅로드            기   08:19     08:38       0:19   차
 76  4조(임금만)29 월드파워            관   06:30     06:43       0:13   차
 77  4조(임금만)33 장산도끼            기   06:43     06:56       0:13   금
 78  4조(임금만)26 천년의약속          기   06:53     07:03       0:10   금
 79  4조(임금만)28 체인지백            기   07:10     07:24       0:14   금
 80  4조(임금만)30 톱럭키              기   08:22     08:35       0:13   금
 81  4조(임금만)12 판타스틱로드        관   08:54     09:14       0:20   차
 82  4조(임금만)16 판타스틱킹덤        기   07:29     07:46       0:17   차
 83  4조(임금만)37 황우파이터          기   08:20     08:38       0:18   차
 84  6조(구영준)13 날라                관   08:53     09:14       0:21   차
 85  6조(구영준)21 대호누리            기   07:40     07:55       0:15   금
 86  6조(구영준)11 라우드컬러          관   08:53     09:10       0:17   차
 87  6조(구영준) 9 마인드존            관   07:51     08:07       0:16   금
 88  6조(구영준) 6 마하메루            기   07:21     07:33       0:12   금
 89  6조(구영준)15 바벨피닉스          관   08:53     09:11       0:18   차
 90  6조(구영준)10 뷰티브라운          관   06:22     06:39       0:17   차
 91  6조(구영준)30 스마트프린스        관   06:31     06:46       0:15   차
 92  6조(구영준)24 우승헌터            관   07:05     07:20       0:15   금
 93  6조(구영준)29 전설의불꽃          조   07:43     07:56       0:13   차
 94  6조(구영준)17 최강라이거          관   07:21     07:38       0:17   금
 95  6조(구영준) 7 최강리사            관   08:08     08:27       0:19   차
 96  6조(구영준) 4 탑드림              관   08:08     08:27       0:19   차
 97  6조(구영준)26 판타스틱러브        조   07:03     07:27       0:24   차
 98  7조(김병학)22 골드스위트          기   06:51     07:01       0:10   금
 99  7조(김병학) 4 골든플러스          관   08:08     08:20       0:12   차
100  7조(김병학)24 나르캣              관   06:39     06:54       0:14   차
101  7조(김병학)28 두유어베스트        관   06:00     06:18       0:18   차
102  7조(김병학)35 럭키브레이크        관   06:00     06:16       0:16   차
103  7조(김병학)14 마이플레저          관   07:13     07:29       0:15   차
104  7조(김병학)15 매직위스퍼          기   06:02     06:18       0:16   차
105  7조(김병학) 1 머니케이스          관   06:00     06:18       0:18   차
106  7조(김병학)11 명성매직            기   08:14     08:25       0:11   금
107  7조(김병학)29 미라클드리밍        기   06:26     06:41       0:15   차
108  7조(김병학)38 바비스패로우        관   08:27     08:45       0:18   차
109  7조(김병학)31 슈퍼빅토리          기   06:46     07:01       0:15   차
110  7조(김병학)21 아너로드            관   07:13     07:29       0:15   차
111  7조(김병학)34 아이윌더스타        관   07:53     08:07       0:14   차
112  7조(김병학) 7 아이윌비프리        기   06:00     06:18       0:18   금
113  7조(김병학)13 에이스코리아        기   07:06     07:20       0:14   차
114  7조(김병학)32 위시럭              관   07:13     07:25       0:12   차
115  7조(김병학)26 인디언파티          기   08:33     08:47       0:14   금
116  7조(김병학) 2 최강마린            관   06:35     06:52       0:17   차
117  7조(김병학) 3 쿨가이              기   06:26     06:40       0:14   금
118  7조(김병학)37 플라잉터치          관   07:53     08:07       0:14   차
119  7조(김병학)30 헤이모닝            관   08:28     08:45       0:17   차
120  7조(김병학)33 헬로선샤인          관   08:43     08:55       0:12   차
121  8조(토마스)36 골드탭              기   06:00     06:10       0:10   차
122  8조(토마스) 1 그레이트굿          관   06:56     07:10       0:14   차
123  8조(토마스)23 그레이트원          관   07:27     07:45       0:18   차
124  8조(토마스)26 꽃과구름            관   07:30     07:42       0:12   차
125  8조(토마스)20 대암장군            관   06:27     06:38       0:11   차
126  8조(토마스) 8 딕시밴드            관   06:56     07:11       0:15   차
127  8조(토마스)10 렛잇고              기   06:21     06:31       0:10   차
128  8조(토마스) 3 로키스카이          관   06:00     06:18       0:18   차
129  8조(토마스) 2 미드나이트퀸        기   06:00     06:10       0:10   금
130  8조(토마스)14 서부퀸              관   06:30     06:41       0:11   차
131  8조(토마스)27 스카이모어          기   07:02     07:14       0:12   금
132  8조(토마스)31 아서킹이지          관   08:09     08:22       0:13   차
133  8조(토마스) 7 아임킹이지          관   07:28     07:50       0:22   차
134  8조(토마스)37 에이스잭팟          관   07:27     07:41       0:14   차
135  8조(토마스)17 에이스포텐          기   06:00     06:10       0:10   금
136  8조(토마스)16 울트라파워          관   06:57     07:12       0:15   차
137  8조(토마스)19 원더풀앤도버        관   06:56     07:11       0:15   차
138  8조(토마스)41 으뜸이              기   06:25     06:36       0:11   차
139  8조(토마스)22 천마파워            기   06:00     06:10       0:10   차
140  8조(토마스)34 태풍이              기   07:59     08:11       0:12   금
141  8조(토마스)28 톱파이어            관   06:01     06:11       0:10   금
142  8조(토마스)29 트리모어            관   08:09     08:22       0:13   차
143  8조(토마스)25 파워트레인          관   06:01     06:12       0:11   금
144  8조(토마스)38 페가콘              관   07:28     07:47       0:19   차
145  8조(토마스)40 해피우먼            관   06:32     06:44       0:12   차
146  8조(토마스)32 허니드래건          기   06:00     06:16       0:16   금
147  8조(토마스)11 허니스타            관   06:57     07:07       0:11   차
148  8조(토마스)13 화랑스카이          관   06:30     06:43       0:13   금
149  8조(토마스)42 힐모어              관   06:31     06:38       0:07   차
150  9조(양귀선)35 그래핀랩월드        관   07:57     08:24       0:27   차
151  9조(양귀선)19 금빛스카이          기   07:26     07:42       0:16   차
152  9조(양귀선)38 나인포스원          관   07:57     08:24       0:27   차
153  9조(양귀선)20 담양돌풍            기   06:20     06:35       0:15   차
154  9조(양귀선)25 담양의신            관   06:28     06:43       0:15   차
155  9조(양귀선)29 당대블루            기   06:58     07:05       0:07   차
156  9조(양귀선) 6 대지스페셜          기   07:02     07:19       0:17   차
157  9조(양귀선)37 독보                관   06:01     06:08       0:07   차
158  9조(양귀선)30 로드투브이          관   06:03     06:13       0:10   차
159  9조(양귀선)21 마르카브            기   06:39     06:51       0:12   차
160  9조(양귀선)10 메니어게인          관   06:08     06:30       0:22   차
161  9조(양귀선)36 바벨히트            관   06:52     07:04       0:12   차
162  9조(양귀선) 8 뷰티풀킹            기   06:40     06:49       0:09   차
163  9조(양귀선)13 선더킹              관   07:00     07:13       0:13   금
164  9조(양귀선) 7 슈퍼크랙            관   06:32     06:45       0:13   차
165  9조(양귀선)11 아이러브한센        관   07:23     07:36       0:13   차
166  9조(양귀선)32 어게인헬렌          관   06:06     06:18       0:12   차
167  9조(양귀선) 3 온누리질주          관   06:59     07:09       0:10   차
168  9조(양귀선)33 원더풀킹            관   07:39     07:49       0:10   차
169  9조(양귀선)27 케이축제            기   07:39     07:49       0:10   금
170  9조(양귀선) 4 하늘강자            관   07:21     07:34       0:13   차
171  9조(양귀선) 5 하늘울림            기   06:23     06:36       0:13   금
172  9조(양귀선)31 하늘질주            관   07:05     07:18       0:13   차
173  9조(양귀선)26 하늘축복            관   06:28     06:46       0:18   차
174  9조(양귀선)22 한라백두            기   06:22     06:32       0:10   금
175  9조(양귀선)17 함평맨              관   06:02     06:19       0:17   차
176  9조(양귀선)12 핼러윈파티          기   07:05     07:18       0:13   금
177 10조(구민성)32 그레이트댄스        기   07:22     07:37       0:15   금
178 10조(구민성)33 그레이트보스        관   08:02     08:16       0:14   차
179 10조(구민성)27 대지플라이          관   06:19     06:41       0:22   차
180 10조(구민성)11 마이티스톰          기   08:50     09:03       0:13   금
181 10조(구민성) 2 베스트함성          관   06:20     06:34       0:14   금
182 10조(구민성)25 서던킹              관   07:30     07:41       0:11   차
183 10조(구민성)24 스마일보이          관   06:54     07:11       0:17   차
184 10조(구민성)29 신진강호            기   08:40     09:00       0:20   차
185 10조(구민성)14 애니라인            관   06:08     06:26       0:18   금
186 10조(구민성)20 에이스런            관   06:19     06:41       0:22   차
187 10조(구민성) 3 에이프릴퀸          관   07:30     07:51       0:21   금
188 10조(구민성)22 영봉산              기   06:43     06:57       0:14   금
189 10조(구민성) 5 왈츠참              조   07:27     07:45       0:18   차
190 10조(구민성)23 월드레전드          관   06:54     07:11       0:17   차
191 10조(구민성)16 이터널에이스        기   07:24     07:37       0:13   금
192 10조(구민성)10 캡틴찰리            관   07:30     07:51       0:21   차
193 10조(구민성) 8 함평샤인            조   06:54     07:12       0:18   차
194 11조(김영민)13 기적의금빛          관   07:57     08:15       0:18   차
195 11조(김영민) 6 나이스투데이        관   07:57     08:14       0:17   차
196 11조(김영민)20 뉴커넥트            관   09:11     09:29       0:18   차
197 11조(김영민)15 라이트세이버        관   08:38     08:54       0:16   차
198 11조(김영민) 4 말리부별            기   06:19     06:35       0:16   금
199 11조(김영민) 9 맨오브더스타        기   06:18     06:32       0:14   금
200 11조(김영민) 8 맨오브더월드        조   06:02     06:23       0:21   차
201 11조(김영민) 5 무한대              관   09:13     09:29       0:16   차
202 11조(김영민)12 블루치퍼            관   06:25     06:37       0:12   특
203 11조(김영민)14 석세스배틀          관   09:13     09:29       0:16   차
204 11조(김영민)10 언매치드            관   07:57     08:13       0:16   차
205 11조(김영민) 2 오케이선더          관   07:10     07:35       0:25   차
206 11조(김영민)11 적도전사            관   07:09     07:35       0:26   차
207 11조(김영민)19 킹브라더            기   06:47     07:03       0:16   금
208 11조(김영민)21 퍼스트코리아        관   08:38     08:54       0:16   차
209 11조(김영민) 7 폭풍언덕            기   07:22     07:36       0:14   차
210 11조(김영민)16 폭풍질주            관   06:18     06:30       0:12   금
211 11조(김영민)17 해운대스타          관   09:11     09:29       0:18   차
212 11조(김영민) 1 해운대전설          관   08:38     08:54       0:16   차
213 12조(조용배)10 남도일등            관   07:03     07:18       0:15   차
214 12조(조용배) 2 동반의시작          관   07:26     07:48       0:22   차
215 12조(조용배)12 리아논포인트        관   06:32     06:50       0:18   차
216 12조(조용배)14 밀크데이            관   06:12     06:29       0:17   차
217 12조(조용배) 8 배다리강호          기   08:55     09:07       0:12   금
218 12조(조용배) 6 배다리아이콘        기   09:14     09:31       0:17   금
219 12조(조용배)20 스타티세            관   07:37     07:54       0:17   차
220 12조(조용배)24 엑톤파워            기   08:12     08:27       0:15   금
221 12조(조용배) 5 온누리강자          관   07:03     07:13       0:10   차
222 12조(조용배) 1 운주스타            기   06:24     06:37       0:13   금
223 12조(조용배)13 천마하서            기   06:53     07:16       0:23   금
224 12조(조용배)16 청마영웅            관   08:15     08:33       0:18   차
225 12조(조용배) 4 청마황후            기   06:23     06:37       0:14   금
226 12조(조용배) 7 쾌한황금            기   08:35     08:51       0:16   차
227 12조(조용배) 9 핫플렉스            관   07:58     08:18       0:20   차
228 13조(박재호) 3 내가새강자          관   06:08     06:26       0:18   차
229 13조(박재호)11 노블스피릿          관   08:52     09:15       0:23   차
230 13조(박재호)14 다이아선더          관   07:26     07:50       0:24   차
231 13조(박재호) 9 로즈파이터          관   08:01     08:24       0:23   차
232 13조(박재호)10 보라챔프            관   07:27     07:49       0:22   차
233 13조(박재호)20 영보스              조   07:34     07:56       0:22   차
234 13조(박재호)21 오렌지스타          기   07:41     07:51       0:10   금
235 13조(박재호)22 원더풀어필          관   07:26     07:50       0:24   차
236 13조(박재호)17 인디초이스          기   06:45     07:03       0:18   금
237 13조(박재호) 2 인트라플라잉        관   08:01     08:26       0:25   차
238 13조(박재호)25 찬란보이            관   08:53     09:16       0:23   차
239 13조(박재호) 4 총알참              관   06:12     06:30       0:18   차
240 13조(박재호) 7 킹파티              관   06:23     06:46       0:23   차
241 13조(박재호) 8 튠포인트            기   06:56     07:10       0:14   금
242 13조(박재호) 6 트리플선더          관   06:08     06:26       0:18   차
243 13조(박재호)23 파이니스트워리어    조   06:17     06:43       0:26   차
244 14조(윤영훈)10 금빛여장군          관   07:47     08:12       0:25   금
245 14조(윤영훈)14 마크원              관   06:02     06:32       0:30   금
246 14조(윤영훈) 7 부미스타            관   07:58     08:20       0:22   차
247 14조(윤영훈) 2 서귀포에이스        기   07:47     08:09       0:22   차
248 14조(윤영훈)18 선마운틴            기   07:25     07:43       0:18   차
249 14조(윤영훈)24 승리의불길          기   06:20     06:33       0:13   금
250 14조(윤영훈) 8 신비한강자          기   06:44     06:54       0:10   차
251 14조(윤영훈)20 오르다              관   06:00     06:26       0:26   금
252 14조(윤영훈) 1 장산왕자            관   06:00     06:25       0:25   금
253 14조(윤영훈)23 칼마크              기   07:44     07:53       0:09   차
254 14조(윤영훈) 3 평정시대            기   06:59     07:09       0:10   차
255 15조(안우성) 4 구디                관   08:37     08:59       0:22   차
256 15조(안우성)19 굿캐스팅            기   06:15     06:31       0:16   차
257 15조(안우성)18 낙동전사            관   07:57     08:12       0:15   차
258 15조(안우성) 9 더베스트에버        관   08:37     09:00       0:23   차
259 15조(안우성)15 무한열정            기   06:57     07:13       0:16   차
260 15조(안우성) 2 베르다              관   07:57     08:12       0:15   차
261 15조(안우성)23 스마일리래리        관   08:32     08:45       0:13   차
262 15조(안우성)30 스카이승            기   07:35     07:55       0:20   차
263 15조(안우성)24 어플리트타핏        관   08:37     09:00       0:23   차
264 15조(안우성)31 얼라이브캡틴        기   06:30     06:46       0:16   금
265 15조(안우성) 1 예스퍼펙트          관   06:57     07:12       0:15   차
266 15조(안우성)32 올크라운            관   06:04     06:21       0:17   차
267 15조(안우성) 6 주말보배            관   06:34     06:57       0:23   차
268 15조(안우성)25 짱이                기   06:00     06:14       0:14   금
269 15조(안우성) 5 켄드릭              관   06:48     07:00       0:12   차
270 15조(안우성)16 패스트퓨리          관   06:33     06:48       0:15   차
271 15조(안우성)29 팬스타              관   07:15     07:34       0:19   차
272 15조(안우성)36 플라잉다이아        관   07:57     08:12       0:15   차
273 15조(안우성)10 필그림              기   07:36     07:53       0:17   금
274 15조(안우성) 8 해남짱돌            기   06:30     06:40       0:10   금
275 17조(장세한) 6 낭만전사            기   06:48     06:59       0:11   금
276 17조(장세한) 7 뜨거운만남          기   08:06     08:24       0:18   차
277 17조(장세한)17 런앤드건            관   06:34     06:56       0:21   차
278 17조(장세한)18 런파이터            관   06:34     06:53       0:19   금
279 17조(장세한) 3 레이디골든          기   08:32     08:44       0:12   금
280 17조(장세한)10 매직클래스          기   08:35     08:45       0:10   차
281 17조(장세한)16 매직플라잉          기   07:34     07:55       0:21   금
282 17조(장세한) 5 메타퀸              관   08:15     08:32       0:18   차
283 17조(장세한)20 불패영광            관   09:14     09:25       0:12   차
284 17조(장세한)15 블랙볼트            관   07:21     07:51       0:30   차
285 17조(장세한) 8 성실양구            관   07:21     07:51       0:29   차
286 17조(장세한) 9 은빛질주            관   09:06     09:28       0:22   차
287 17조(장세한)21 장성대로            기   08:56     09:11       0:15   차
288 17조(장세한)13 저스트윈            기   08:31     08:43       0:12   금
289 17조(장세한) 1 퀄리티퀸            관   09:06     09:28       0:22   차
290 17조(장세한)22 크라운펑키          관   09:25     09:40       0:15   차
291 17조(장세한) 2 팀스카이            관   09:34     09:47       0:13   차
292 18조(이정표)20 노던라이츠          기   07:38     07:48       0:10   금
293 18조(이정표)18 명성탑걸            관   07:05     07:11       0:06   차
294 18조(이정표)23 모닝선더            기   07:39     07:48       0:09   금
295 18조(이정표) 9 사이먼탑건          관   06:42     06:59       0:17   차
296 18조(이정표)19 스마티돌풍          관   07:11     07:19       0:08   차
297 18조(이정표)26 에이원스            관   06:16     06:27       0:11   차
298 18조(이정표)14 연승글로리          기   07:38     07:53       0:15   금
299 18조(이정표)27 우리좋은날          기   07:28     07:38       0:10   차
300 18조(이정표) 7 코코윈              관   08:08     08:20       0:12   차
301 18조(이정표) 4 타이탄케이          관   06:10     06:30       0:20   차
302 18조(이정표)10 탐라하늘            기   07:21     07:32       0:11   금
303 18조(이정표)11 투데이스타          기   07:47     07:57       0:10   차
304 18조(이정표)24 트리플질주          기   07:56     08:09       0:13   금
305 18조(이정표)25 하비스트댄서        관   07:34     07:49       0:15   차
306 18조(이정표)12 할리우드퀸          관   06:31     06:44       0:13   금
307 18조(이정표)22 함안백이산          기   07:22     07:32       0:10   금
308 19조(김영관)24 가디스문            기   06:30     06:48       0:18   차
309 19조(김영관) 1 금아데프트          관   07:26     07:41       0:15   차
310 19조(김영관)23 금아스토밍          기   08:04     08:22       0:18   금
311 19조(김영관) 5 금아우노            관   08:56     09:16       0:20   차
312 19조(김영관)12 금아인피니티        기   06:00     06:11       0:11   차
313 19조(김영관)26 금아카이로스        기   06:32     06:42       0:10   금
314 19조(김영관)37 나이스최강          기   09:18     09:31       0:13   차
315 19조(김영관)16 몽땅                관   07:01     07:15       0:14   차
316 19조(김영관)18 샤카                기   09:21     09:32       0:11   차
317 19조(김영관)21 세이하트            관   06:29     06:49       0:20   차
318 19조(김영관)17 심플칼릭스          기   06:58     07:13       0:15   차
319 19조(김영관)19 아름다운인연        관   07:49     08:11       0:22   차
320 19조(김영관) 3 에이치데이          기   09:41     09:58       0:17   차
321 19조(김영관)34 원더풀레이즈        관   06:00     06:17       0:17   차
322 19조(김영관)28 원더풀파일          기   07:02     07:15       0:13   금
323 19조(김영관) 8 월드포에이          기   09:06     09:19       0:13   차
324 19조(김영관)22 즐거운여정          기   08:56     09:16       0:20   차
325 19조(김영관)38 킹골리앗            기   09:26     09:42       0:16   금
326 19조(김영관)20 킹보스              기   08:12     08:29       0:17   금
327 19조(김영관)30 킹오브더매치        기   08:35     08:51       0:16   특
328 19조(김영관)33 터치스타맨          기   07:55     08:07       0:12   특
329 19조(김영관)15 파워가이            관   09:31     09:48       0:17   차
330 19조(김영관)35 페어리퀸            관   08:24     08:44       0:20   차
331 19조(김영관)32 포켓파워            기   08:23     08:43       0:20   차
332 19조(김영관) 9 폴투윈              기   08:05     08:21       0:16   금
333 19조(김영관)27 함양은산삼          기   09:39     09:54       0:15   차
334 20조(최기홍) 8 굿바이래비츠        기   07:14     07:27       0:13   금
335 20조(최기홍) 9 그레이트미스        관   08:42     09:14       0:32   차
336 20조(최기홍)13 금수파워            관   08:42     09:13       0:31   차
337 20조(최기홍) 5 메가예감            관   06:55     07:07       0:12   차
338 20조(최기홍)19 벨로시랩터          관   06:54     07:08       0:14   차
339 20조(최기홍)12 새로운함안          기   07:48     08:03       0:15   금
340 20조(최기홍) 6 성치대로            기   08:02     08:15       0:13   금
341 20조(최기홍) 7 송도갈매기          관   08:42     09:13       0:31   차
342 20조(최기홍)18 연승고              관   06:54     07:08       0:14   차
343 20조(최기홍)10 영성프린스          관   06:16     06:27       0:11   차
344 20조(최기홍) 2 위너스맨            관   06:16     06:36       0:20   특
345 21조(민장기)40 골든선더볼트        기   06:35     06:49       0:14   금
346 21조(민장기)10 꿈너머              기   07:17     07:28       0:11   금
347 21조(민장기) 2 나이스원            관   07:43     07:56       0:13   차
348 21조(민장기) 8 돌아온포경선        관   08:23     08:41       0:18   차
349 21조(민장기)36 런투킹              관   08:23     08:41       0:18   차
350 21조(민장기)39 석세스마초          관   07:41     08:02       0:21   특
351 21조(민장기)28 석세스쇼미          관   06:52     07:09       0:17   차
352 21조(민장기)14 석세스파티          기   07:41     08:02       0:21   차
353 21조(민장기)17 스페셜윈드          관   06:51     07:10       0:19   차
354 21조(민장기)34 운주불패            기   07:17     07:29       0:12   금
355 21조(민장기)18 운주싹쓸이          관   06:12     06:25       0:13   차
356 21조(민장기) 1 운주으뜸            기   06:48     07:05       0:17   금
357 21조(민장기)19 원마인드            기   06:52     07:07       0:15   차
358 21조(민장기)11 월드베스트캣        관   08:59     09:19       0:20   차
359 21조(민장기)20 월드클래스캣        관   08:59     09:19       0:20   차
360 21조(민장기)33 위닝댄서            기   07:15     07:31       0:16   차
361 21조(민장기)35 위드스타            관   08:23     08:40       0:17   차
362 21조(민장기)37 이글스타            관   06:12     06:28       0:16   차
363 21조(민장기)38 일번지              관   08:59     09:19       0:20   차
364 21조(민장기)25 절대보스            관   06:53     07:12       0:19   차
365 21조(민장기)22 카우라인            관   09:00     09:18       0:18   차
366 21조(민장기)30 큐트가이            관   06:16     06:35       0:19   차
367 21조(민장기) 7 타핏원더풀          관   07:27     07:45       0:18   차
368 21조(민장기)16 테이크아델          관   07:43     07:56       0:13   금
369 21조(민장기) 6 톱아델              기   06:59     07:19       0:20   금
370 21조(민장기)12 특급캠프            관   06:16     06:36       0:20   차
371 21조(민장기)27 하늘제왕            관   06:53     07:12       0:19   차
372 22조(강은석)12 글로리킹            관   07:18     07:33       0:15   차
373 22조(강은석) 4 뉴럭스              관   06:00     06:18       0:18   차
374 22조(강은석) 8 대호평정            관   06:24     06:38       0:14   차
375 22조(강은석)14 맨오브더맨          관   06:00     06:16       0:16   차
376 22조(강은석) 6 상임여왕            기   06:00     06:11       0:11   차
377 22조(강은석)16 소머치고            관   06:51     07:07       0:16   금
378 22조(강은석)17 아너퀸              관   06:10     06:28       0:18   차
379 22조(강은석) 7 와일드패션          관   07:20     07:45       0:25   차
380 22조(강은석)10 운주본능            관   07:20     07:45       0:25   차
381 22조(강은석) 1 운주히어로          관   07:54     08:15       0:21   차
382 22조(강은석) 9 클린샷              관   06:23     06:39       0:16   금
383 22조(강은석)20 플로잉리버          관   06:48     07:09       0:21   금
384 23조(손병직)12 글로벌톱            조   06:01     06:22       0:21   금
385 23조(손병직) 1 논스톱송            조   09:19     09:34       0:15   차
386 23조(손병직) 5 수소엔진            조   07:38     07:54       0:16   차
387 23조(손병직) 2 최강큐피드          조   06:33     06:45       0:12   차
388 23조(손병직) 9 함안자양산          기   06:01     06:18       0:17   차
389 24조(김길중)12 가속스텔스          기   06:00     06:15       0:15   금
390 24조(김길중) 4 가원의빛            기   06:22     06:32       0:10   금
391 24조(김길중)10 대망의길            관   06:00     06:14       0:14   차
392 24조(김길중) 5 멋진하루            기   06:28     06:42       0:14   차
393 24조(김길중)13 불멸의길            기   06:01     06:12       0:11   금
394 24조(김길중) 9 블루파워            기   06:31     06:44       0:13   금
395 24조(김길중)19 아나스타시아        기   06:21     06:35       0:14   차
396 24조(김길중)16 원더풀큐티          관   06:29     06:39       0:10   차
397 24조(김길중) 2 원더풀피스          관   06:54     07:03       0:09   차
398 24조(김길중)15 캡틴스텔스          관   06:27     06:40       0:13   차
399 24조(김길중)32 킹비드              기   06:00     06:13       0:13   차
400 24조(김길중)18 행복한길            기   06:00     06:12       0:12   차
401 26조(방동석) 7 검은쏜살            관   06:24     06:37       0:13   차
402 26조(방동석)13 골든카이저          관   07:41     07:50       0:09   차
403 26조(방동석) 9 글로벌히트          관   06:25     06:37       0:12   차
404 26조(방동석) 8 더원                관   07:30     07:49       0:19   차
405 26조(방동석)31 바베어리언          기   06:59     07:15       0:16   차
406 26조(방동석)32 샤이드래건          기   08:36     08:48       0:12   금
407 26조(방동석)18 원더풀리얼티        관   09:01     09:11       0:10   차
408 26조(방동석)12 원더풀오션          기   07:39     07:54       0:15   금
409 26조(방동석)16 월드포인트          관   07:30     07:49       0:19   차
410 26조(방동석)28 투오브어스          관   06:27     06:41       0:14   차
411 26조(방동석)20 히트예감            기   06:40     06:56       0:16   차
412 27조(이상영)22 금아굿포인트        관   06:27     06:41       0:14   차
413 27조(이상영)19 금아님블            관   06:57     07:08       0:11   금
414 27조(이상영)13 버닝플라이          기   08:18     08:35       0:17   차
415 27조(이상영) 1 블루스카이          기   06:56     07:13       0:17   금
416 27조(이상영)24 스위트윈            관   07:20     07:38       0:18   차
417 27조(이상영)23 스카이아치          기   07:15     07:28       0:13   금
418 27조(이상영)16 스톰투윈            관   07:21     07:38       0:17   차
419 27조(이상영) 7 쏜살                관   06:19     06:37       0:18   차
420 27조(이상영) 8 애니카걸            기   07:54     08:06       0:12   차
421 27조(이상영)12 퍼스트파크          기   07:14     07:28       0:14   금
422 27조(이상영)15 해피매직            기   06:54     07:03       0:09   금
423 28조(하무선)17 부산소리            관   07:16     07:32       0:16   차
424 28조(하무선) 9 앨버트윈            기   08:04     08:16       0:12   금
425 28조(하무선) 4 앨버트킹            기   07:37     07:52       0:15   금
426 28조(하무선) 3 월드슬램            관   08:47     09:06       0:19   차
427 28조(하무선) 1 제트캐시            관   06:08     06:22       0:14   차
428 28조(하무선)13 최강두드림          관   07:40     08:06       0:27   차
429 28조(하무선) 7 컬러풀윈드          기   06:27     06:39       0:12   금
430 28조(하무선) 6 크라우드원          관   08:04     08:18       0:14   차
431 28조(하무선) 5 트리플스톰          관   06:37     06:53       0:16   차
432 28조(하무선)20 팬텀에이스          기   08:47     09:06       0:19   차
433 28조(하무선)11 팬텀퀸              기   08:22     08:40       0:18   금
434 30조(울즐리) 6 덩컨                관   06:32     06:47       0:15   차
435 30조(울즐리) 3 드림오브퀸          관   07:07     07:21       0:14   차
436 30조(울즐리)17 로열페넌트          관   06:36     06:52       0:16   차
437 30조(울즐리)15 리턴오브섭서디      관   08:19     08:34       0:15   차
438 30조(울즐리)39 마이팔              관   06:30     06:42       0:12   차
439 30조(울즐리)22 미스터밸러          관   08:30     08:44       0:14   차
440 30조(울즐리)21 미스터스캣          관   06:00     06:12       0:12   금
441 30조(울즐리)13 미스터어플릿        기   06:00     06:11       0:11   차
442 30조(울즐리)31 선더클라우드        관   07:03     07:16       0:13   차
443 30조(울즐리)26 솔레다드            관   07:07     07:21       0:14   차
444 30조(울즐리)44 스페이스마린        기   06:00     06:07       0:07   금
445 30조(울즐리)36 아티스갈            관   06:30     06:43       0:13   금
446 30조(울즐리) 9 영광의터치          관   07:41     07:48       0:07   차
447 30조(울즐리)29 오렌지개라지        기   06:00     06:12       0:12   금
448 30조(울즐리)12 정문스펙터          관   08:20     08:35       0:15   차
449 30조(울즐리) 8 챔프고              관   08:19     08:35       0:16   차
450 30조(울즐리)37 천사의노래          관   07:09     07:23       0:14   차
451 30조(울즐리)14 카피댓              관   07:46     07:54       0:08   차
452 30조(울즐리)24 캣니스              관   07:45     07:54       0:09   차
453 30조(울즐리)25 클리어              기   06:00     06:11       0:11   금
454 30조(울즐리) 5 토미리스            관   07:44     08:08       0:24   차
455 30조(울즐리)23 토탈이클립스        관   07:09     07:22       0:13   금
456 30조(울즐리) 1 트래픽마린          관   08:14     08:30       0:16   차
457 30조(울즐리)10 트루밸러            기   06:00     06:11       0:11   금
458 30조(울즐리)18 퓨전퀸              기   06:28     06:40       0:12   금
459 30조(울즐리)38 프리깃버드          관   07:43     07:54       0:11   차
460 30조(울즐리)16 해피위치            관   06:32     06:45       0:13   차
461 30조(울즐리)28 해피째즈            관   07:08     07:23       0:15   차
462 31조(라이스)21 굿삭스              관   06:38     06:49       0:11   차
463 31조(라이스)41 굿스타              기   06:38     06:49       0:11   금
464 31조(라이스)25 그린샤프            기   06:02     06:13       0:11   차
465 31조(라이스)26 그린스피드          관   08:39     08:51       0:12   차
466 31조(라이스) 1 그린파파고          관   06:49     07:01       0:11   차
467 31조(라이스)14 노던비드            관   09:11     09:34       0:23   차
468 31조(라이스)20 더블탭              기   06:02     06:13       0:11   차
469 31조(라이스)19 메이저포스          관   06:02     06:13       0:11   차
470 31조(라이스)17 뷰어메이징          기   08:48     09:00       0:12   차
471 31조(라이스)38 블랙올리브          관   06:45     06:57       0:12   차
472 31조(라이스)29 비스틀리            관   07:20     07:34       0:14   금
473 31조(라이스)40 스파이스엑톤        관   09:11     09:32       0:21   차
474 31조(라이스) 4 승리토우트          기   08:13     08:24       0:11   차
475 31조(라이스)37 쏜살처럼            관   06:06     06:17       0:11   차
476 31조(라이스)22 알파브이            관   08:59     09:15       0:16   차
477 31조(라이스)30 에이스솔로몬        관   07:17     07:29       0:12   금
478 31조(라이스) 3 역전명수            기   06:21     06:32       0:11   금
479 31조(라이스)18 원더블레이드        관   09:53     10:00       0:07   차
480 31조(라이스)13 월드삭스            관   06:06     06:17       0:11   차
481 31조(라이스)32 정문드래곤          관   08:32     08:43       0:11   금
482 31조(라이스)16 정문코빗            관   07:54     08:11       0:17   차
483 31조(라이스) 5 퀸앨리              기   06:43     06:53       0:10   차
484 31조(라이스)44 퀸오브하츠          관   08:24     08:35       0:11   차
485 31조(라이스)24 킹앨리              기   07:45     07:56       0:11   차
486 31조(라이스)11 투혼의반석          기   06:00     06:10       0:10   차
487 31조(라이스)45 퍼플망고            관   07:13     07:25       0:12   차
488 31조(라이스) 2 플래시참            관   07:50     07:57       0:08   차
489 31조(라이스) 8 허리케인참          관   07:55     08:07       0:12   차
490 32조(임동창)21 고블린              관   06:10     06:25       0:15   차
491 32조(임동창)11 글로벌사랑          관   09:03     09:26       0:23   차
492 32조(임동창) 8 글로벌승리          관   06:36     06:48       0:12   차
493 32조(임동창) 5 글로벌여신          기   06:47     07:04       0:17   차
494 32조(임동창)19 글로벌최고          기   07:30     07:43       0:13   금
495 32조(임동창) 3 다이나펀치          기   07:38     08:01       0:23   차
496 32조(임동창)10 더블플라잉          관   07:38     08:01       0:23   차
497 32조(임동창)22 성실스타            기   08:10     08:28       0:18   차
498 32조(임동창) 7 용가리              기   06:41     06:57       0:16   금
499 32조(임동창)23 용천                관   06:34     06:49       0:15   차
500 32조(임동창)14 쿠케난              관   09:03     09:26       0:23   차
501 32조(임동창) 1 투투러블리          관   08:11     08:28       0:17   차
502 32조(임동창)25 투투셀럽            관   08:41     08:57       0:16   차
503 32조(임동창)26 하디찰리            관   08:11     08:27       0:16   차
504 32조(임동창)12 하바나제인          기   07:14     07:24       0:10   금
505 33조(권승주)39 감동에너지          기   07:33     07:55       0:22   금
506 33조(권승주)17 갤럽보이            관   07:17     07:32       0:15   차
507 33조(권승주) 4 골드로즈            관   06:35     07:01       0:25   차
508 33조(권승주)15 라온더보스          관   06:05     06:24       0:20   차
509 33조(권승주) 6 라온더탱고          관   07:19     07:42       0:23   차
510 33조(권승주)10 라온더파이팅        기   08:09     08:27       0:18   차
511 33조(권승주)37 라온더플래시        관   06:47     07:02       0:15   차
512 33조(권승주) 3 러닝워리어          관   06:13     06:23       0:11   차
513 33조(권승주)11 마하원더            기   08:36     08:48       0:12   차
514 33조(권승주)14 마하타이탄          기   08:53     09:12       0:19   차
515 33조(권승주)36 샤이닝보스          관   06:35     07:01       0:26   차
516 33조(권승주)28 서부특급            기   08:05     08:28       0:23   금
517 33조(권승주) 2 선더크라운          관   06:35     07:01       0:25   차
518 33조(권승주)31 선데이머니          관   08:36     08:48       0:12   차
519 33조(권승주)33 선라이트보이        기   07:41     07:53       0:12   금
520 33조(권승주) 7 아침빛              기   07:08     07:26       0:18   금
521 33조(권승주)23 알파하트            기   07:59     08:13       0:14   금
522 33조(권승주)35 위대한선택          관   06:24     06:37       0:12   차
523 33조(권승주)42 유아어보스          관   08:09     08:31       0:22   차
524 33조(권승주)25 은성여왕            관   06:02     06:20       0:18   차
525 33조(권승주)40 은성영웅            기   07:53     08:10       0:17   금
526 33조(권승주)18 은성위너            관   07:44     08:07       0:22   차
527 33조(권승주)24 일념통천            관   07:15     07:32       0:17   차
528 33조(권승주)43 탭댄서              관   07:01     07:23       0:22   차
529 33조(권승주)29 피플파워            관   08:36     08:48       0:12   차
530 33조(권승주)12 한센이천            관   07:18     07:38       0:20   차
531 33조(권승주) 5 핫플레이            관   06:14     06:31       0:17   금
532 33조(권승주)21 화이트갤로퍼        기   07:17     07:33       0:16   금
━━━━━━━━━━━━━━━━━━━━━━━━━━━━━━━━━━━━━━━
                                                      출력일자 : 2022. 6.16

