2022.10.27 감곡선샤인        37 닥터임동물병 운동기인성 피로회복(수액처치)                                                                       
2022.10.27 감곡선샤인        37 닥터임동물병 운동기인성 피로회복(수액처치)                                                                       
2022.10.27 걸작드림          04 닥터임동물병 우전지 부종                                                                                         
2022.10.27 그랜드실버        21 닥터임동물병 운동기인성 피로회복(수액처치)                                                                       
2022.10.27 그랜드실버        21 닥터임동물병 운동기인성 피로회복(수액처치)                                                                       
2022.10.27 늘가을            29 닥터임동물병 운동기인성 피로회복(수액처치)                                                                       
2022.10.27 늘가을            29 닥터임동물병 운동기인성 피로회복(수액처치)                                                                       
2022.10.27 대박스타          53 닥터임동물병 운동기인성 피로회복(수액처치)                                                                       
2022.10.27 대박스타          53 닥터임동물병 운동기인성 피로회복(수액처치)                                                                       
2022.10.27 디에코            48 닥터임동물병 운동기인성 피로회복(수액처치)                                                                       
2022.10.27 디에코            48 닥터임동물병 운동기인성 피로회복(수액처치)                                                                       
2022.10.27 딘시챔프          29 닥터임동물병 운동기인성 피로회복(수액처치)                                                                       
2022.10.27 딘시챔프          29 닥터임동물병 운동기인성 피로회복(수액처치)                                                                       
2022.10.27 리월마            24 닥터임동물병 피부병                                                                                              
2022.10.27 마이티룩          24 닥터임동물병 안상                                                                                                
2022.10.27 문더스트          12 닥터임동물병 좌완관절염                                                                                          
2022.10.27 미스터스타        53 닥터임동물병 운동기인성 피로회복(수액처치)                                                                       
2022.10.27 미스터스타        53 닥터임동물병 운동기인성 피로회복(수액처치)                                                                       
2022.10.27 바디스타          21 닥터임동물병 운동기인성 피로회복(수액처치)                                                                       
2022.10.27 바디스타          21 닥터임동물병 운동기인성 피로회복(수액처치)                                                                       
2022.10.27 블루키톤          53 닥터임동물병 우전지 부종                                                                                         
2022.10.27 세명기상          29 닥터임동물병 운동기인성 피로회복(수액처치)                                                                       
2022.10.27 세명기상          29 닥터임동물병 운동기인성 피로회복(수액처치)                                                                       
2022.10.27 시리우스에이      50 닥터임동물병 우전답창                                                                                            
2022.10.27 용호지마          50 닥터임동물병 요배통                                                                                              
2022.10.27 원더풀리걸        29 닥터임동물병 운동기인성 피로회복(수액처치)                                                                       
2022.10.27 원더풀리걸        29 닥터임동물병 운동기인성 피로회복(수액처치)                                                                       
2022.10.27 천은총            29 닥터임동물병 운동기인성 피로회복(수액처치)                                                                       
2022.10.27 천은총            29 닥터임동물병 운동기인성 피로회복(수액처치)                                                                       
2022.10.27 컴플리트레벨      50 닥터임동물병 감기                                                                                                
2022.10.27 컴플리트웨펀      50 닥터임동물병 양전지 부종                                                                                         
2022.10.27 퀸오브레이싱      29 닥터임동물병 운동기인성 피로회복(수액처치)                                                                       
2022.10.27 퀸오브레이싱      29 닥터임동물병 운동기인성 피로회복(수액처치)                                                                       
2022.10.27 탱글이            53 닥터임동물병 감기                                                                                                
2022.10.27 피엔에스찬스      04 닥터임동물병 운동기인성 피로회복(수액처치)                                                                       
2022.10.27 피엔에스찬스      04 닥터임동물병 운동기인성 피로회복(수액처치)                                                                       
2022.10.27 피엔에스캣        03 닥터임동물병 우완관절염                                                                                          
2022.10.27 대한질주          53 마리동물병원 운동기인성 피로회복(수액처치)                                                                       
2022.10.27 대한질주          53 마리동물병원 운동기인성 피로회복(수액처치)                                                                       
2022.10.27 거센돌풍          28 마사랑동물병 우완슬부 좌상,좌완슬부 좌상                                                                         
2022.10.27 굿니센            04 마사랑동물병 양후지 부종                                                                                         
2022.10.27 금아시크          34 마사랑동물병 운동기인성 피로회복(수액처치)                                                                       
2022.10.27 금아시크          34 마사랑동물병 운동기인성 피로회복(수액처치)                                                                       
2022.10.27 다이아로드        40 마사랑동물병 우중수부 좌상                                                                                       
2022.10.27 동진최강          04 마사랑동물병 양전지파행                                                                                          
2022.10.27 매직러시          33 마사랑동물병 좌후지 근육통,요배통                                                                                
2022.10.27 머니탑            20 마사랑동물병 좌전구절염좌                                                                                        
2022.10.27 백색광채          20 마사랑동물병 운동기인성 피로회복(수액처치)                                                                       
2022.10.27 백색광채          20 마사랑동물병 운동기인성 피로회복(수액처치)                                                                       
2022.10.27 보스베이비        20 마사랑동물병 운동기인성 피로회복(수액처치)                                                                       
2022.10.27 보스베이비        20 마사랑동물병 운동기인성 피로회복(수액처치)                                                                       
2022.10.27 빅야크            31 마사랑동물병 운동기인성 피로회복(수액처치)                                                                       
2022.10.27 빅야크            31 마사랑동물병 운동기인성 피로회복(수액처치)                                                                       
2022.10.27 빛나는금성        41 마사랑동물병 좌전지파행                                                                                          
2022.10.27 빛의카            20 마사랑동물병 양후지교돌상                                                                                        
2022.10.27 서울태양          05 마사랑동물병 술후처치(거세술)                                                                                    
2022.10.27 소울메리트        10 마사랑동물병 양전지파행                                                                                          
2022.10.27 슈퍼삭스          34 마사랑동물병 좌후지교돌상                                                                                        
2022.10.27 슈퍼엑톤          31 마사랑동물병 운동기인성 피로회복(수액처치)                                                                       
2022.10.27 슈퍼엑톤          31 마사랑동물병 운동기인성 피로회복(수액처치)                                                                       
2022.10.27 스페셜스토리      15 마사랑동물병 우후계부찰과상                                                                                      
2022.10.27 신의반전          31 마사랑동물병 운동기인성 피로회복(수액처치)                                                                       
2022.10.27 신의반전          31 마사랑동물병 운동기인성 피로회복(수액처치)                                                                       
2022.10.27 심장의고동        37 마사랑동물병 양후지파행                                                                                          
2022.10.27 쏘아라투투        28 마사랑동물병 좌중족부 열창                                                                                       
2022.10.27 원더풀샘          15 마사랑동물병 운동기인성 피로회복(수액처치)                                                                       
2022.10.27 원더풀샘          15 마사랑동물병 운동기인성 피로회복(수액처치)                                                                       
2022.10.27 위시미            08 마사랑동물병 양전구절염                                                                                          
2022.10.27 유니콘킹덤        08 마사랑동물병 운동기인성 피로회복(수액처치)                                                                       
2022.10.27 유니콘킹덤        08 마사랑동물병 운동기인성 피로회복(수액처치)                                                                       
2022.10.27 유니콘히트        08 마사랑동물병 우후지파행                                                                                          
2022.10.27 자이언트인디      34 마사랑동물병 우전답창                                                                                            
2022.10.27 정상제트          15 마사랑동물병 운동기인성 피로회복(수액처치)                                                                       
2022.10.27 정상제트          15 마사랑동물병 운동기인성 피로회복(수액처치)                                                                       
2022.10.27 좋은관계          41 마사랑동물병 양후지파행,침치료(신침)                                                                             
2022.10.27 클럽디            20 마사랑동물병 운동기인성 피로회복(수액처치)                                                                       
2022.10.27 클럽디            20 마사랑동물병 운동기인성 피로회복(수액처치)                                                                       
2022.10.27 킹덤스톰          20 마사랑동물병 운동기인성 피로회복(수액처치)                                                                       
2022.10.27 킹덤스톰          20 마사랑동물병 운동기인성 피로회복(수액처치)                                                                       
2022.10.27 투아레그나인      15 마사랑동물병 술후처치(거세술)                                                                                    
2022.10.27 티즈바로우즈      33 마사랑동물병 우전지파행                                                                                          
2022.10.27 파토스            04 마사랑동물병 양전지파행                                                                                          
2022.10.27 퍼지데이          08 마사랑동물병 운동기인성 피로회복(수액처치)                                                                       
2022.10.27 퍼지데이          08 마사랑동물병 운동기인성 피로회복(수액처치)                                                                       
2022.10.27 펄포인트          34 마사랑동물병 우후계부찰과상                                                                                      
2022.10.27 포에버드림        42 마사랑동물병 양후지 근육통                                                                                       
2022.10.27 포에버아이시      33 마사랑동물병 설사                                                                                                
2022.10.27 피렌체힐          41 마사랑동물병 우전지파행                                                                                          
2022.10.27 화이트다이아      34 마사랑동물병 피부염                                                                                              
2022.10.27 황금달빛          04 마사랑동물병 양후지파행,침치료(신침)                                                                             
2022.10.27 회두령            08 마사랑동물병 운동기인성 피로회복(수액처치)                                                                       
2022.10.27 회두령            08 마사랑동물병 운동기인성 피로회복(수액처치)                                                                       
2022.10.27 고고스타          32 명성동물병원 운동기인성 피로회복(수액처치)                                                                       
2022.10.27 고고스타          32 명성동물병원 운동기인성 피로회복(수액처치)                                                                       
2022.10.27 그린필스타        06 명성동물병원 우겸부찰과상                                                                                        
2022.10.27 남산주몽          30 명성동물병원 좌전답창                                                                                            
2022.10.27 다이아로드        40 명성동물병원 마체검사                                                                                            
2022.10.27 대천뷰티          16 명성동물병원 운동기인성 피로회복(수액처치)                                                                       
2022.10.27 대천뷰티          16 명성동물병원 운동기인성 피로회복(수액처치)                                                                       
2022.10.27 라온에어포스      01 명성동물병원 운동기인성 피로회복(수액처치)                                                                       
2022.10.27 라온에어포스      01 명성동물병원 운동기인성 피로회복(수액처치)                                                                       
2022.10.27 라온엠파이어      01 명성동물병원 감기                                                                                                
2022.10.27 리치게이트        48 명성동물병원 운동기인성 피로회복(수액처치)                                                                       
2022.10.27 리치게이트        48 명성동물병원 운동기인성 피로회복(수액처치)                                                                       
2022.10.27 매직케이          32 명성동물병원 우중족부 열창                                                                                       
2022.10.27 불의여왕          14 명성동물병원 운동기인성 피로회복(수액처치)                                                                       
2022.10.27 불의여왕          14 명성동물병원 운동기인성 피로회복(수액처치)                                                                       
2022.10.27 뷰티풀멜로디      30 명성동물병원 정치                                                                                                
2022.10.27 성실공주핑크      30 명성동물병원 운동기인성 피로회복(수액처치)                                                                       
2022.10.27 성실공주핑크      30 명성동물병원 운동기인성 피로회복(수액처치)                                                                       
2022.10.27 스위트카카오      37 명성동물병원 우전지파행                                                                                          
2022.10.27 어디가나          32 명성동물병원 양후지 근육통                                                                                       
2022.10.27 어카운트          19 명성동물병원 운동기인성 피로회복(수액처치)                                                                       
2022.10.27 어카운트          19 명성동물병원 운동기인성 피로회복(수액처치)                                                                       
2022.10.27 에너자이저        48 명성동물병원 운동기인성 피로회복(수액처치)                                                                       
2022.10.27 에너자이저        48 명성동물병원 운동기인성 피로회복(수액처치)                                                                       
2022.10.27 오래함께하자      48 명성동물병원 운동기인성 피로회복(수액처치)                                                                       
2022.10.27 오래함께하자      48 명성동물병원 운동기인성 피로회복(수액처치)                                                                       
2022.10.27 울프플레이        03 명성동물병원 정치                                                                                                
2022.10.27 원더풀화성        19 명성동물병원 우완관절염                                                                                          
2022.10.27 장군별            16 명성동물병원 운동기인성 피로회복(수액처치)                                                                       
2022.10.27 장군별            16 명성동물병원 운동기인성 피로회복(수액처치)                                                                       
2022.10.27 제주의요정        16 명성동물병원 우전지파행                                                                                          
2022.10.27 지르콘            30 명성동물병원 정치                                                                                                
2022.10.27 챔피언가문        16 명성동물병원 좌완관절염                                                                                          
2022.10.27 청담탱크          30 명성동물병원 운동기인성 피로회복(수액처치)                                                                       
2022.10.27 청담탱크          30 명성동물병원 운동기인성 피로회복(수액처치)                                                                       
2022.10.27 케이엔포스트      16 명성동물병원 좌후지파행                                                                                          
2022.10.27 한강에이스        19 명성동물병원 식이성 식욕부진                                                                                     
2022.10.27 호크의영광        16 명성동물병원 양전지 부종                                                                                         
2022.10.27 금자유            27 삼포동물병원 운동기인성 피로회복(수액처치)                                                                       
2022.10.27 금자유            27 삼포동물병원 운동기인성 피로회복(수액처치)                                                                       
2022.10.27 드림로즈          27 삼포동물병원 운동기인성 피로회복(수액처치)                                                                       
2022.10.27 드림로즈          27 삼포동물병원 운동기인성 피로회복(수액처치)                                                                       
2022.10.27 사려니퀸          07 삼포동물병원 운동기인성 피로회복(수액처치)                                                                       
2022.10.27 사려니퀸          07 삼포동물병원 운동기인성 피로회복(수액처치)                                                                       
2022.10.27 제우시대          51 삼포동물병원 운동기인성 피로회복(수액처치)                                                                       
2022.10.27 제우시대          51 삼포동물병원 운동기인성 피로회복(수액처치)                                                                       
2022.10.27 질주의칸          54 삼포동물병원 운동기인성 피로회복(수액처치)                                                                       
2022.10.27 질주의칸          54 삼포동물병원 운동기인성 피로회복(수액처치)                                                                       
2022.10.27 해피믹스          27 삼포동물병원 운동기인성 피로회복(수액처치)                                                                       
2022.10.27 해피믹스          27 삼포동물병원 운동기인성 피로회복(수액처치)                                                                       
2022.10.27 나올인디          48 서울부속동물 물리치료                                                                                            
2022.10.27 라온더아리아      01 서울부속동물 물리치료                                                                                            
2022.10.27 라온패션          01 서울부속동물 관절경수술(골편제거),골편적출술                                                                     
2022.10.27 런던액티브        13 서울부속동물 술후처치(관절경이용술)                                                                              
2022.10.27 루미너스퀸        41 서울부속동물 물리치료                                                                                            
2022.10.27 보름달빛          54 서울부속동물 산통                                                                                                
2022.10.27 스피어퀸          23 서울부속동물 좌요완관절 퇴행성관절염                                                                             
2022.10.27 에이펙스          01 서울부속동물 호흡기질환기타                                                                                      
2022.10.27 초인강자          22 서울부속동물 물리치료                                                                                            
2022.10.27 포에버아이시      33 서울부속동물 설사                                                                                                
2022.10.28 걸작드림          04 닥터임동물병 우전지 부종                                                                                         
2022.10.28 늘가을            29 닥터임동물병 운동기인성 피로회복(수액처치)                                                                       
2022.10.28 늘가을            29 닥터임동물병 운동기인성 피로회복(수액처치)                                                                       
2022.10.28 딘시챔프          29 닥터임동물병 운동기인성 피로회복(수액처치)                                                                       
2022.10.28 딘시챔프          29 닥터임동물병 운동기인성 피로회복(수액처치)                                                                       
2022.10.28 라피어반          12 닥터임동물병 운동기인성 피로회복(수액처치)                                                                       
2022.10.28 라피어반          12 닥터임동물병 운동기인성 피로회복(수액처치)                                                                       
2022.10.28 런런런            12 닥터임동물병 운동기인성 피로회복(수액처치)                                                                       
2022.10.28 런런런            12 닥터임동물병 운동기인성 피로회복(수액처치)                                                                       
2022.10.28 로드반            12 닥터임동물병 운동기인성 피로회복                                                                                 
2022.10.28 리월마            24 닥터임동물병 피부병                                                                                              
2022.10.28 마이티룩          24 닥터임동물병 안상                                                                                                
2022.10.28 마이티쇼          24 닥터임동물병 우후지교돌상                                                                                        
2022.10.28 만세              21 닥터임동물병 운동기인성 피로회복(수액처치)                                                                       
2022.10.28 만세              21 닥터임동물병 운동기인성 피로회복(수액처치)                                                                       
2022.10.28 문더스트          12 닥터임동물병 좌완관절염                                                                                          
2022.10.28 미르베스트        21 닥터임동물병 좌전지 부종                                                                                         
2022.10.28 블루키톤          53 닥터임동물병 우전지 부종                                                                                         
2022.10.28 선더플래시        21 닥터임동물병 운동기인성 피로회복(수액처치)                                                                       
2022.10.28 선더플래시        21 닥터임동물병 운동기인성 피로회복(수액처치)                                                                       
2022.10.28 세명기상          29 닥터임동물병 운동기인성 피로회복(수액처치)                                                                       
2022.10.28 세명기상          29 닥터임동물병 운동기인성 피로회복(수액처치)                                                                       
2022.10.28 시리우스에이      50 닥터임동물병 우전답창                                                                                            
2022.10.28 에이원스타        53 닥터임동물병 좌전지 부종                                                                                         
2022.10.28 용호지마          50 닥터임동물병 요배통                                                                                              
2022.10.28 천년의바람        21 닥터임동물병 운동기인성 피로회복(수액처치)                                                                       
2022.10.28 천년의바람        21 닥터임동물병 운동기인성 피로회복(수액처치)                                                                       
2022.10.28 천은총            29 닥터임동물병 운동기인성 피로회복(수액처치)                                                                       
2022.10.28 천은총            29 닥터임동물병 운동기인성 피로회복(수액처치)                                                                       
2022.10.28 천총챗            29 닥터임동물병 양전지 근육통                                                                                       
2022.10.28 컴플리트레벨      50 닥터임동물병 운동기인성 피로회복(수액처치)                                                                       
2022.10.28 컴플리트레벨      50 닥터임동물병 운동기인성 피로회복(수액처치)                                                                       
2022.10.28 쾌향              50 닥터임동물병 운동기인성 피로회복(수액처치)                                                                       
2022.10.28 쾌향              50 닥터임동물병 운동기인성 피로회복(수액처치)                                                                       
2022.10.28 탱글이            53 닥터임동물병 감기                                                                                                
2022.10.28 트레비트          02 닥터임동물병 운동기인성 피로회복(수액처치)                                                                       
2022.10.28 트레비트          02 닥터임동물병 운동기인성 피로회복(수액처치)                                                                       
2022.10.28 티케이데이        53 닥터임동물병 운동기인성 피로회복(수액처치)                                                                       
2022.10.28 티케이데이        53 닥터임동물병 운동기인성 피로회복(수액처치)                                                                       
2022.10.28 파이어걸          50 닥터임동물병 양전지 근육통                                                                                       
2022.10.28 파인팜            50 닥터임동물병 양전지 근육통                                                                                       
2022.10.28 퍼스트드림        21 닥터임동물병 마체검사                                                                                            
2022.10.28 황금럭키          21 닥터임동물병 운동기인성 피로회복(수액처치)                                                                       
2022.10.28 황금럭키          21 닥터임동물병 운동기인성 피로회복(수액처치)                                                                       
2022.10.28 거센돌풍          28 마사랑동물병 우완슬부 좌상,좌완슬부 좌상                                                                         
2022.10.28 굿니센            04 마사랑동물병 양후지 부종                                                                                         
2022.10.28 글로리케이        20 마사랑동물병 운동기인성 피로회복(수액처치)                                                                       
2022.10.28 글로리케이        20 마사랑동물병 운동기인성 피로회복(수액처치)                                                                       
2022.10.28 남산호랑이        34 마사랑동물병 운동기인성 피로회복(수액처치)                                                                       
2022.10.28 남산호랑이        34 마사랑동물병 운동기인성 피로회복(수액처치)                                                                       
2022.10.28 누비강자          33 마사랑동물병 진단서 발급                                                                                         
2022.10.28 다울퀸            20 마사랑동물병 운동기인성 피로회복(수액처치)                                                                       
2022.10.28 다울퀸            20 마사랑동물병 운동기인성 피로회복(수액처치)                                                                       
2022.10.28 다이아로드        40 마사랑동물병 우중수부 좌상                                                                                       
2022.10.28 동진최강          04 마사랑동물병 양전지파행                                                                                          
2022.10.28 드림스피드        34 마사랑동물병 운동기인성 피로회복(수액처치)                                                                       
2022.10.28 드림스피드        34 마사랑동물병 운동기인성 피로회복(수액처치)                                                                       
2022.10.28 머니탑            20 마사랑동물병 좌전구절염좌                                                                                        
2022.10.28 문학어플리트      10 마사랑동물병 좌후지교돌상                                                                                        
2022.10.28 발베니            08 마사랑동물병 운동기인성 피로회복(수액처치)                                                                       
2022.10.28 발베니            08 마사랑동물병 운동기인성 피로회복(수액처치)                                                                       
2022.10.28 백색광채          20 마사랑동물병 정치                                                                                                
2022.10.28 비트러너          42 마사랑동물병 좌후지교돌상                                                                                        
2022.10.28 빛나는금성        41 마사랑동물병 좌전지파행                                                                                          
2022.10.28 빛의카            20 마사랑동물병 좌전내측 제구부 찰과상                                                                              
2022.10.28 소울메리트        10 마사랑동물병 양전지파행                                                                                          
2022.10.28 슈퍼삭스          34 마사랑동물병 좌후지교돌상                                                                                        
2022.10.28 스페셜스토리      15 마사랑동물병 우후계부찰과상                                                                                      
2022.10.28 신의아들          31 마사랑동물병 양전구절염                                                                                          
2022.10.28 심장의고동        37 마사랑동물병 양후지파행                                                                                          
2022.10.28 아깽이            22 마사랑동물병 양제3중수골골막염                                                                                   
2022.10.28 아르고스마일      22 마사랑동물병 좌후지교돌상                                                                                        
2022.10.28 업타운위즈        40 마사랑동물병 양후지교돌상                                                                                        
2022.10.28 와일들리로맨틱    22 마사랑동물병 좌후지교돌상                                                                                        
2022.10.28 원더풀퍼지        20 마사랑동물병 거세술                                                                                              
2022.10.28 위시미            08 마사랑동물병 양전구절염                                                                                          
2022.10.28 유니콘히트        08 마사랑동물병 우후지파행                                                                                          
2022.10.28 은파마운틴        15 마사랑동물병 운동기인성 피로회복(수액처치)                                                                       
2022.10.28 은파마운틴        15 마사랑동물병 운동기인성 피로회복(수액처치)                                                                       
2022.10.28 자이언트인디      34 마사랑동물병 우전답창                                                                                            
2022.10.28 좋은관계          41 마사랑동물병 양후지파행                                                                                          
2022.10.28 초이스마스터      42 마사랑동물병 진정(보정)                                                                                          
2022.10.28 최강블레이드      31 마사랑동물병 양전지파행                                                                                          
2022.10.28 토종글로리        10 마사랑동물병 좌중족부찰과상                                                                                      
2022.10.28 투아레그나인      15 마사랑동물병 술후처치(거세술)                                                                                    
2022.10.28 파토스            04 마사랑동물병 양전지파행                                                                                          
2022.10.28 포에버아이시      33 마사랑동물병 설사                                                                                                
2022.10.28 피렌체힐          41 마사랑동물병 우전지파행                                                                                          
2022.10.28 화이트다이아      34 마사랑동물병 피부염                                                                                              
2022.10.28 황금달빛          04 마사랑동물병 양후지파행                                                                                          
2022.10.28 나올스나이퍼      48 명성동물병원 운동기인성 피로회복(수액처치)                                                                       
2022.10.28 나올스나이퍼      48 명성동물병원 운동기인성 피로회복(수액처치)                                                                       
2022.10.28 남산주몽          30 명성동물병원 좌전답창                                                                                            
2022.10.28 내길의퀸          14 명성동물병원 운동기인성 피로회복(수액처치)                                                                       
2022.10.28 내길의퀸          14 명성동물병원 운동기인성 피로회복(수액처치)                                                                       
2022.10.28 라온더와일드      01 명성동물병원 운동기인성 피로회복(수액처치)                                                                       
2022.10.28 라온더와일드      01 명성동물병원 운동기인성 피로회복(수액처치)                                                                       
2022.10.28 라온엠파이어      01 명성동물병원 감기                                                                                                
2022.10.28 매직케이          32 명성동물병원 우중족부 열창                                                                                       
2022.10.28 민트플레이        35 명성동물병원 우후지파행                                                                                          
2022.10.28 브라이트러닝      11 명성동물병원 좌후지교돌상                                                                                        
2022.10.28 브라이트위너      11 명성동물병원 좌후지교돌상                                                                                        
2022.10.28 성실머니          30 명성동물병원 운동기인성 피로회복(수액처치)                                                                       
2022.10.28 성실머니          30 명성동물병원 운동기인성 피로회복(수액처치)                                                                       
2022.10.28 스위트카카오      37 명성동물병원 우전지파행                                                                                          
2022.10.28 스카이퓨처        32 명성동물병원 양각막염                                                                                            
2022.10.28 액티몬            30 명성동물병원 운동기인성 피로회복(수액처치)                                                                       
2022.10.28 액티몬            30 명성동물병원 운동기인성 피로회복(수액처치)                                                                       
2022.10.28 어디가나          32 명성동물병원 양후지 근육통                                                                                       
2022.10.28 원더풀위크        48 명성동물병원 운동기인성 피로회복(수액처치)                                                                       
2022.10.28 원더풀위크        48 명성동물병원 운동기인성 피로회복(수액처치)                                                                       
2022.10.28 원더풀화성        19 명성동물병원 우완관절염                                                                                          
2022.10.28 위너브라운        32 명성동물병원 양각막염                                                                                            
2022.10.28 정성바이스        14 명성동물병원 진단서 발급                                                                                         
2022.10.28 제주의요정        16 명성동물병원 우전지파행                                                                                          
2022.10.28 최강미래          30 명성동물병원 운동기인성 피로회복(수액처치)                                                                       
2022.10.28 최강미래          30 명성동물병원 운동기인성 피로회복(수액처치)                                                                       
2022.10.28 케이엔라이트      16 명성동물병원 운동기인성 피로회복(수액처치)                                                                       
2022.10.28 케이엔라이트      16 명성동물병원 운동기인성 피로회복(수액처치)                                                                       
2022.10.28 크리솔스마일      22 명성동물병원 양각막염                                                                                            
2022.10.28 파이어로드        32 명성동물병원 양각막염                                                                                            
2022.10.28 파인데이          37 명성동물병원 운동기인성 피로회복                                                                                 
2022.10.28 플라이스타        16 명성동물병원 운동기인성 피로회복(수액처치)                                                                       
2022.10.28 플라이스타        16 명성동물병원 운동기인성 피로회복(수액처치)                                                                       
2022.10.28 플라잉점프        14 명성동물병원 마비성근색소뇨증                                                                                    
2022.10.28 대마지풍          27 삼포동물병원 운동기인성 피로회복(수액처치)                                                                       
2022.10.28 대마지풍          27 삼포동물병원 운동기인성 피로회복(수액처치)                                                                       
2022.10.28 리얼팩            27 삼포동물병원 운동기인성 피로회복(수액처치)                                                                       
2022.10.28 리얼팩            27 삼포동물병원 운동기인성 피로회복(수액처치)                                                                       
2022.10.28 피닉스서브        27 삼포동물병원 운동기인성 피로회복(수액처치)                                                                       
2022.10.28 피닉스서브        27 삼포동물병원 운동기인성 피로회복(수액처치)                                                                       
2022.10.28 라온더아리아      01 서울부속동물 물리치료                                                                                            
2022.10.28 라온패션          01 서울부속동물 술후처치                                                                                            
2022.10.28 루미너스퀸        41 서울부속동물 물리치료                                                                                            
2022.10.28 보름달빛          54 서울부속동물 산통                                                                                                
2022.10.28 실버부스터        99 서울부속동물 산통                                                                                                
2022.10.28 에이펙스          01 서울부속동물 호흡기질환기타                                                                                      
2022.10.28 초이스마스터      42 서울부속동물 물리치료                                                                                            
2022.10.29 걸작드림          04 닥터임동물병 우전지 부종                                                                                         
2022.10.29 그랜드실버        21 닥터임동물병 양제3중수골골막염                                                                                   
2022.10.29 럭키법전          50 닥터임동물병 양전지 근육통                                                                                       
2022.10.29 럭키크라운        29 닥터임동물병 정치,발치                                                                                           
2022.10.29 로드반            12 닥터임동물병 운동기인성 피로회복                                                                                 
2022.10.29 마이티쇼          24 닥터임동물병 우후지교돌상                                                                                        
2022.10.29 문더스트          12 닥터임동물병 좌완관절염                                                                                          
2022.10.29 미스터스타        53 닥터임동물병 양제3중수골골막염                                                                                   
2022.10.29 바디스타          21 닥터임동물병 우중수부찰과상                                                                                      
2022.10.29 샤우트쿠로        53 닥터임동물병 양전지 근육통                                                                                       
2022.10.29 스타프린세스      21 닥터임동물병 요배통                                                                                              
2022.10.29 시리우스에이      50 닥터임동물병 우전답창                                                                                            
2022.10.29 에이원스타        53 닥터임동물병 좌전지 부종                                                                                         
2022.10.29 온천하            53 닥터임동물병 산통                                                                                                
2022.10.29 와일드삭스        42 닥터임동물병 좌완관절염                                                                                          
2022.10.29 원더풀리걸        29 닥터임동물병 양전지 부종                                                                                         
2022.10.29 제로백파이브      42 닥터임동물병 우중수부찰과상                                                                                      
2022.10.29 천총챗            29 닥터임동물병 정치,발치                                                                                           
2022.10.29 컴플리트레벨      50 닥터임동물병 우비절후종(우척측인대염기인성비부골척측비대)                                                        
2022.10.29 탱글이            53 닥터임동물병 감기                                                                                                
2022.10.29 파이어걸          50 닥터임동물병 양전지 근육통                                                                                       
2022.10.29 파인팜            50 닥터임동물병 양전지 근육통                                                                                       
2022.10.29 퍼스트드림        21 닥터임동물병 우완관절염                                                                                          
2022.10.29 퍼지데이          08 닥터임동물병 양각막염                                                                                            
2022.10.29 화이트퀸          50 닥터임동물병 우각막염                                                                                            
2022.10.29 고스트참          14 명성동물병원 양각막염                                                                                            
2022.10.29 금아시크          34 명성동물병원 의사선역                                                                                            
2022.10.29 내추럴클래스      16 명성동물병원 양제3중수골골막염                                                                                   
2022.10.29 논스톱기상        41 명성동물병원 양각막염                                                                                            
2022.10.29 대물              22 명성동물병원 양각막염                                                                                            
2022.10.29 대천뷰티          16 명성동물병원 양각막염                                                                                            
2022.10.29 드림투어          35 명성동물병원 양각막염                                                                                            
2022.10.29 라이드럭키        35 명성동물병원 좌후지교돌상                                                                                        
2022.10.29 민트플레이        35 명성동물병원 우후지파행                                                                                          
2022.10.29 불의여왕          14 명성동물병원 양각막염                                                                                            
2022.10.29 브라이트러닝      11 명성동물병원 좌후지교돌상                                                                                        
2022.10.29 브라이트위너      11 명성동물병원 좌후지교돌상                                                                                        
2022.10.29 빛나는금성        41 명성동물병원 좌전지파행                                                                                          
2022.10.29 소호승리          41 명성동물병원 양각막염                                                                                            
2022.10.29 스카이퓨처        32 명성동물병원 양각막염                                                                                            
2022.10.29 쓸모              22 명성동물병원 좌후지교돌상                                                                                        
2022.10.29 아깽이            22 명성동물병원 양제3중수골골막염                                                                                   
2022.10.29 아르고스마일      22 명성동물병원 좌후지교돌상                                                                                        
2022.10.29 아치로켓          22 명성동물병원 양제3중수골골막염                                                                                   
2022.10.29 알사이먼          41 명성동물병원 양각막염                                                                                            
2022.10.29 야무진왕초        22 명성동물병원 좌후지교돌상                                                                                        
2022.10.29 와일들리로맨틱    22 명성동물병원 양각막염                                                                                            
2022.10.29 용비서울          06 명성동물병원 좌제3중수골골막염                                                                                   
2022.10.29 위너브라운        32 명성동물병원 양각막염                                                                                            
2022.10.29 위너템플러        22 명성동물병원 안질환기타                                                                                          
2022.10.29 장산바다          30 명성동물병원 운동기인성 피로회복                                                                                 
2022.10.29 좋은관계          41 명성동물병원 양후지파행                                                                                          
2022.10.29 주얼리베스트      37 명성동물병원 좌후지교돌상                                                                                        
2022.10.29 챔피언가문        16 명성동물병원 좌완관절염                                                                                          
2022.10.29 최강블레이드      31 명성동물병원 귀진드기감염증                                                                                      
2022.10.29 크리솔스마일      22 명성동물병원 양각막염                                                                                            
2022.10.29 파이어로드        32 명성동물병원 우전제염                                                                                            
2022.10.29 피렌체힐          41 명성동물병원 우전지파행                                                                                          
2022.10.29 하니              35 명성동물병원 양각막염                                                                                            
2022.10.29 한강질주          52 명성동물병원 좌후제관상                                                                                          
2022.10.29 흥바라기          48 명성동물병원 마체검사                                                                                            
2022.10.29 흥행캡틴          48 명성동물병원 우전답창                                                                                            
2022.10.29 희망워리어        41 명성동물병원 양각막염                                                                                            
2022.10.29 라온패션          01 서울부속동물 술후처치                                                                                            
2022.10.29 레전드삭스        31 서울부속동물 좌후계부찰과상                                                                                      
2022.10.29 루미너스퀸        41 서울부속동물 물리치료                                                                                            
2022.10.29 에이펙스          01 서울부속동물 호흡기질환기타                                                                                      
2022.10.29 온천하            53 서울부속동물 산통                                                                                                
2022.10.29 초이스마스터      42 서울부속동물 물리치료                                                                                            
2022.10.29 퀸오브레이싱      29 서울부속동물 좌후 구절 열창                                                                                      
2022.10.30 드림케이          32 서울부속동물 호흡기질환기타                                                                                      
2022.10.30 루미너스퀸        41 서울부속동물 물리치료                                                                                            
2022.10.30 맥스마            06 서울부속동물 우요완골골편골절                                                                                    
2022.10.30 맥스마            06 서울부속동물 좌요골원위단골편골절,좌중간완골골편골절                                                             
2022.10.30 에이펙스          01 서울부속동물 호흡기질환기타                                                                                      
2022.10.30 온천하            53 서울부속동물 산통                                                                                                
2022.10.30 온천하            53 서울부속동물 산통                                                                                                
2022.10.30 초이스마스터      42 서울부속동물 물리치료                                                                                            
2022.10.30 퀸오브레이싱      29 서울부속동물 좌후 구절 열창                                                                                      
2022.10.30 퍼지데이          08 서울부속동물 우요완골골연골증,우제3완골골연골증                                                                  
