
제목 : 2022년01월09일  23:53

2022년01월09일  23:53 현재



  ■ 말취소
───────────────────────────────────────
  경주일자   경 주 마번     마      명     취소사유
───────────────────────────────────────
  2022/01/09   4R   12   남산꽃             왼 뒷다리 절음                          
  2022/01/09   6R    1   더파이팅           왼 앞다리 부상(좌제3중수골배측면피로골절)
  2022/01/09   7R    6   논스톱위닝         장구파손                                
  2022/01/09  11R   10   글로벌캡틴         오른 뒷다리 절음                        
───────────────────────────────────────

  ■ 기수변경
───────────────────────────────────────
  경주일자  경 주마번    마      명    변경전    변경후   부담  변경사유
───────────────────────────────────────
  2022/01/09  1R   1  체인저           김동수    김태훈   56.0  토요경주 중 허리통증
  2022/01/09  2R   7  타이탄삭스       안토니오  먼로     56.0  컨디션 저하       
  2022/01/09  3R  13  티케이플렉스     안토니오  이혁     56.5  컨디션 저하       
  2022/01/09  5R  10  레전드삭스       김동수    이현종   53.5  토요경주 중 허리통증
  2022/01/09  5R   8  불의여왕         이철경    임다빈   54.0  4경주 후 허리통증 
  2022/01/09  6R   7  케이프렌지       안토니오  문세영   54.5  컨디션 저하       
  2022/01/09  7R   4  멋진가이         안토니오  김태훈   56.0  컨디션 저하       
  2022/01/09  7R   9  스텔라로드       김동수    송재철   53.0  토요경주 중 허리통증
  2022/01/09  8R   6  어서와           안토니오  이현종   54.0  컨디션 저하       
  2022/01/09  9R   9  마이티팝         안토니오  송재철   58.0  컨디션 저하       
  2022/01/09 10R  10  문학태핏         김동수    김옥성   52.0  토요경주 중 허리통증
  2022/01/09 10R  13  오섬스프링스     이철경    하정훈   51.0  4경주 후 허리통증 
  2022/01/09 11R  11  모르피스         안토니오  먼로     60.0  컨디션 저하       
───────────────────────────────────────
