

제목 : 22.10.21(금) 조교현황

  ※기승자범례(조:조교사, 관:주로조교, 기:기수, 후:기수후보생)
  ※비고(금:금주출전예정마, 차:차주출전예정마, 특:특대상경주출전예정마)
  ※금주, 차주 또는 특별 대상경주 출전예상마는 출전신청 결과 및
  조교사의 의사에 따라 변동될 수 있는 미확정된 자료이오니 참고하시기 바랍니다.
━━━━━━━━━━━━━━━━━━━━━━━━━━━━━━━━━━━━━━━
  순 소속조 - 조번 마명              기승자 입장시각  퇴장시각  조교시간 비고
━━━━━━━━━━━━━━━━━━━━━━━━━━━━━━━━━━━━━━━
  1  1조(백광열)43 다함께달리자        관   07:38     07:52       0:14   차
  2  1조(백광열)25 닥터넥스트          기   08:56     09:10       0:14   차
  3  1조(백광열)12 닥터샤크            관   07:14     07:30       0:16   차
  4  1조(백광열)22 닥터시저            관   08:12     08:27       0:15   차
  5  1조(백광열)33 닥터위키            관   08:23     08:39       0:16   금
  6  1조(백광열)10 닥터캔디            관   06:00     06:21       0:21   차
  7  1조(백광열) 9 닥터콩돌이          관   06:00     06:15       0:15   차
  8  1조(백광열)40 닥터콩순이          기   08:30     08:48       0:18   차
  9  1조(백광열) 2 닥터쿠쿠            관   08:49     09:05       0:16   금
 10  1조(백광열) 4 닥터테이크          기   07:07     07:21       0:14   금
 11  1조(백광열) 5 닥터패션            관   09:11     09:19       0:08   차
 12  1조(백광열)39 닥터펜타곤          관   08:23     08:39       0:16   금
 13  1조(백광열)31 대호전설            관   08:48     09:05       0:17   차
 14  1조(백광열) 1 두바이평정          관   09:26     09:40       0:14   차
 15  1조(백광열)26 미스터웰링턴        관   07:38     07:51       0:13   차
 16  1조(백광열) 8 버디버디            관   07:46     08:04       0:18   차
 17  1조(백광열)28 베텔게우스          관   06:34     06:57       0:23   차
 18  1조(백광열)16 실크패션로드        관   08:41     08:53       0:12   차
 19  1조(백광열)41 아델골드            관   06:34     06:57       0:23   차
 20  1조(백광열)13 아델보스            관   06:32     06:43       0:11   차
 21  1조(백광열) 3 아델스텔라          관   09:24     09:42       0:18   차
 22  1조(백광열)36 아델앨리스          관   07:31     07:44       0:13   차
 23  1조(백광열)11 아르크투루스        관   07:14     07:30       0:16   금
 24  1조(백광열)42 연승브라보          관   07:14     07:29       0:15   차
 25  1조(백광열)34 킹그레이스          기   07:38     07:58       0:20   차
 26  1조(백광열) 7 파인의꿈            관   07:35     07:55       0:20   차
 27  1조(백광열)44 피스톨스타          관   06:00     06:22       0:22   차
 28  1조(백광열)27 화랑베스트          관   06:55     07:15       0:20   금
 29  1조(백광열)37 화랑에이스          기   07:38     07:53       0:15   차
 30  2조(강형곤)32 동부월드            관   06:56     07:11       0:15   금
 31  2조(강형곤)45 루시드              관   06:01     06:17       0:16   차
 32  2조(강형곤)14 마더마운틴          관   06:36     06:47       0:11   금
 33  2조(강형곤) 2 불의산              기   08:10     08:19       0:09   차
 34  2조(강형곤)28 불의여신            기   07:54     08:03       0:09   차
 35  2조(강형곤)31 소리태풍            관   06:01     06:14       0:13   금
 36  2조(강형곤)15 슈퍼카넬            관   06:01     06:14       0:13   금
 37  2조(강형곤)41 스토미데이          기   08:09     08:18       0:09   차
 38  2조(강형곤)30 스파이스인디        관   06:26     06:40       0:14   차
 39  2조(강형곤)25 스페셜로드          관   06:02     06:25       0:23   차
 40  2조(강형곤)12 스페셜존            기   08:03     08:15       0:12   차
 41  2조(강형곤)18 스페셜팩트          기   08:04     08:15       0:11   차
 42  2조(강형곤) 4 쌕쌕이              관   06:56     07:11       0:15   차
 43  2조(강형곤) 1 정문레전드          관   06:24     06:42       0:18   차
 44  2조(강형곤) 7 최강돌콩            관   06:24     06:42       0:18   차
 45  2조(강형곤)11 투투브레인          관   07:23     07:36       0:13   차
 46  2조(강형곤)43 투투플라잉          기   07:51     08:01       0:10   차
 47  2조(강형곤)22 풍운조화            기   07:42     07:51       0:09   금
 48  3조(문현철) 4 게미진              관   07:51     08:07       0:16   차
 49  3조(문현철)14 대호나라            기   07:02     07:23       0:21   차
 50  3조(문현철)11 레몬불패            기   08:48     09:07       0:19   차
 51  3조(문현철)13 로즈블레이드        관   09:21     09:37       0:16   차
 52  3조(문현철)10 브라이트            관   08:48     09:10       0:22   차
 53  3조(문현철)19 스마일킹            관   09:21     09:37       0:16   차
 54  3조(문현철)18 스피드퓨리          관   07:02     07:20       0:18   차
 55  3조(문현철)16 영광의파이트        관   07:47     08:05       0:18   차
 56  3조(문현철)21 운주스타            관   06:21     06:36       0:15   차
 57  3조(문현철) 7 저스트비해피        관   08:17     08:33       0:16   차
 58  3조(문현철)23 청담드라이브        기   08:59     09:17       0:18   차
 59  3조(문현철) 2 퀸오브더월드        관   09:24     09:36       0:12   차
 60  3조(문현철) 5 톱메이트            관   06:21     06:36       0:15   차
 61  3조(문현철) 8 판타스틱맨          관   09:19     09:36       0:17   차
 62  3조(문현철)24 패션블레이드        관   08:48     09:08       0:20   차
 63  3조(문현철)20 하마                관   07:03     07:21       0:18   차
 64  4조(임금만)13 가디언엔젤          관   06:09     06:28       0:19   차
 65  4조(임금만)18 굿탱크              관   07:37     07:56       0:19   차
 66  4조(임금만)36 글로벌여제          관   07:37     07:48       0:11   차
 67  4조(임금만)22 다이아몬드마린      관   08:25     08:40       0:15   차
 68  4조(임금만)14 디러블리퀸          관   07:01     07:13       0:12   금
 69  4조(임금만) 1 래피드게임          관   06:19     06:27       0:08   차
 70  4조(임금만)11 릴리즈에디션        관   06:58     07:09       0:11   금
 71  4조(임금만)30 마이티즈젬          관   08:16     08:23       0:07   차
 72  4조(임금만)34 모닝뮤즈            관   07:37     07:48       0:11   차
 73  4조(임금만) 8 백투더레전드        관   07:55     08:11       0:16   차
 74  4조(임금만)35 보너스타임          관   07:01     07:17       0:16   차
 75  4조(임금만) 4 선더퓨리            관   06:00     06:10       0:10   차
 76  4조(임금만) 9 아쿠아매직          관   07:37     07:57       0:20   차
 77  4조(임금만) 6 영광의라이더        관   06:00     06:05       0:05   금
 78  4조(임금만)20 영광의탱크          기   06:45     06:56       0:11   차
 79  4조(임금만) 3 영광의파티          관   08:07     08:18       0:11   차
 80  4조(임금만)29 영광의함성          관   07:01     07:17       0:16   차
 81  4조(임금만)28 체인지백            관   06:00     06:10       0:10   차
 82  4조(임금만)38 컨피던스마린        관   06:24     06:36       0:12   차
 83  4조(임금만)23 판타스틱매직        관   06:00     06:11       0:11   금
 84  4조(임금만)16 판타스틱킹덤        관   06:28     06:43       0:15   차
 85  4조(임금만)26 황우머니            관   07:37     07:56       0:19   차
 86  4조(임금만)37 황우파이터          관   08:25     08:43       0:18   차
 87  6조(구영준)19 남양볼트            관   07:30     07:44       0:14   차
 88  6조(구영준)11 라우드컬러          관   06:39     06:58       0:19   차
 89  6조(구영준)16 런퍼스트            관   08:35     08:48       0:13   차
 90  6조(구영준) 6 마하메루            조   07:32     07:55       0:23   차
 91  6조(구영준) 3 바벨퀸              관   08:10     08:26       0:16   차
 92  6조(구영준)15 바벨피닉스          관   07:12     07:31       0:19   차
 93  6조(구영준)28 베스트윈드          관   06:00     06:15       0:15   금
 94  6조(구영준)23 스마트프린스        관   06:14     06:28       0:14   차
 95  6조(구영준)14 운주글로벌          관   08:35     08:48       0:13   차
 96  6조(구영준)25 운주오름            관   07:12     07:32       0:20   차
 97  6조(구영준) 9 제타드림            관   08:10     08:26       0:16   차
 98  6조(구영준)17 최강라이거          관   06:50     07:02       0:12   차
 99  6조(구영준)27 최강포스            관   07:46     07:55       0:09   차
100  6조(구영준) 1 컨피던트            조   06:39     07:12       0:33   금
101  6조(구영준) 4 탑드림              관   08:48     09:09       0:21   차
102  6조(구영준) 8 퍼스트메니          관   07:12     07:31       0:19   차
103  7조(김병학)24 골든플러스          관   06:34     06:55       0:21   차
104  7조(김병학) 3 라이트스토리        기   07:30     07:44       0:14   차
105  7조(김병학) 4 러블리클래식        관   07:22     07:44       0:22   차
106  7조(김병학)28 매직스위티          관   06:34     06:58       0:24   차
107  7조(김병학)36 매직큐              관   08:08     08:17       0:09   차
108  7조(김병학) 9 머니케이스          관   06:03     06:18       0:15   차
109  7조(김병학)11 뷰티힐              관   06:01     06:12       0:11   차
110  7조(김병학)25 비제스코            기   06:44     06:57       0:13   차
111  7조(김병학)21 아너로드            관   06:02     06:18       0:16   차
112  7조(김병학)34 아이윌더스타        기   06:25     06:37       0:12   금
113  7조(김병학)16 언브레이크          기   07:07     07:23       0:16   차
114  7조(김병학)12 원픽                관   07:52     08:03       0:11   차
115  7조(김병학)10 치어풀라이프        관   07:53     08:13       0:20   차
116  7조(김병학)23 캐치더빅토리        관   06:33     06:51       0:18   차
117  7조(김병학)20 킹오브글로리        관   07:00     07:19       0:19   차
118  7조(김병학) 6 킹오브더이어        관   07:21     07:33       0:12   차
119  7조(김병학) 5 파이널세븐          관   06:01     06:21       0:20   차
120  7조(김병학)37 플라잉터치          관   08:56     09:11       0:15   차
121  7조(김병학)18 해브어굿이어        관   07:09     07:31       0:22   차
122  7조(김병학)30 헤이모닝            기   06:02     06:17       0:15   차
123  8조(토마스)23 그레이트원          관   06:00     06:12       0:12   차
124  8조(토마스)25 꽃무리              관   06:00     06:09       0:09   차
125  8조(토마스) 8 딕시밴드            관   06:25     06:40       0:15   차
126  8조(토마스)15 라인브레이커        관   06:00     06:09       0:09   차
127  8조(토마스) 3 로키스카이          관   06:00     06:16       0:16   차
128  8조(토마스)17 무비모어            관   06:53     07:12       0:19   차
129  8조(토마스) 4 바벨드리머          관   06:18     06:29       0:11   차
130  8조(토마스)41 비제이미스          관   06:17     06:28       0:11   차
131  8조(토마스)22 성원스타            관   06:18     06:27       0:09   차
132  8조(토마스)42 소니퀸이지          관   07:30     07:43       0:13   차
133  8조(토마스) 9 소닉킹이지          관   08:31     08:43       0:12   차
134  8조(토마스)31 아서킹이지          관   06:21     06:33       0:12   차
135  8조(토마스) 7 아임킹이지          관   06:38     06:48       0:10   차
136  8조(토마스)33 알파킹이지          관   07:28     07:39       0:11   차
137  8조(토마스)11 영광의에이스        관   06:18     06:28       0:10   차
138  8조(토마스)16 울트라파워          관   06:00     06:12       0:12   차
139  8조(토마스)19 원더풀앤도버        관   07:28     07:42       0:14   차
140  8조(토마스) 6 원더풀임팩트        관   07:59     08:15       0:16   차
141  8조(토마스)37 으뜸이              관   06:53     07:08       0:15   차
142  8조(토마스)34 천마파워            관   07:59     08:24       0:25   차
143  8조(토마스)30 카르페바벨          관   06:00     06:09       0:09   차
144  8조(토마스)12 퀸즈대로            관   07:27     07:39       0:12   차
145  8조(토마스)24 파워플레인          관   07:58     08:05       0:07   차
146  8조(토마스)18 판타스틱데이        관   06:53     07:13       0:20   차
147  8조(토마스) 5 판타스틱타임        관   06:53     07:15       0:22   차
148  8조(토마스)32 플레이더인디        관   07:57     08:12       0:15   차
149  9조(양귀선)14 그랜드선            관   06:34     06:51       0:17   차
150  9조(양귀선)38 나인포스원          관   06:28     06:44       0:16   금
151  9조(양귀선)25 담양의신            관   07:00     07:20       0:20   차
152  9조(양귀선)27 당대블루            기   06:48     07:00       0:12   차
153  9조(양귀선)37 독보                관   06:02     06:15       0:13   차
154  9조(양귀선) 2 랩베르사            관   07:22     07:44       0:22   차
155  9조(양귀선)15 로드투브이          관   06:58     07:10       0:12   차
156  9조(양귀선)40 로키블리스          기   06:43     06:55       0:12   차
157  9조(양귀선)18 무적포스원          관   07:47     08:04       0:17   차
158  9조(양귀선)16 바벨선샤인          기   07:27     07:39       0:12   차
159  9조(양귀선) 8 뷰티풀킹            기   06:58     07:10       0:12   차
160  9조(양귀선)19 선더킹              기   06:28     06:37       0:09   차
161  9조(양귀선)26 스카이펀치          관   06:01     06:17       0:16   차
162  9조(양귀선) 3 온누리질주          관   06:28     06:49       0:21   차
163  9조(양귀선)23 온누리축제          관   06:35     06:45       0:10   차
164  9조(양귀선) 6 우승강자            관   06:01     06:15       0:14   차
165  9조(양귀선)10 우승무패            관   07:03     07:20       0:17   차
166  9조(양귀선)33 원더풀킹            기   06:00     06:21       0:21   금
167  9조(양귀선) 9 파이트패밀리        관   06:31     06:45       0:14   금
168  9조(양귀선) 5 퍼스트블러드        관   07:29     07:53       0:24   차
169  9조(양귀선) 4 하늘강자            관   06:00     06:20       0:20   금
170  9조(양귀선)28 하늘승리            관   06:01     06:22       0:21   차
171  9조(양귀선)13 하늘전사            관   07:28     07:40       0:12   차
172  9조(양귀선)31 하늘질주            기   07:08     07:20       0:12   차
173  9조(양귀선)22 한라백두            관   07:29     07:51       0:22   차
174  9조(양귀선)20 호랑가시            기   06:26     06:40       0:14   차
175 10조(구민성)12 골드크라운          관   07:08     07:26       0:18   차
176 10조(구민성)32 그레이트댄스        관   06:58     07:15       0:17   차
177 10조(구민성) 3 그레이트캡틴        조   07:14     07:30       0:16   차
178 10조(구민성)13 니콜라스지          조   07:44     08:02       0:18   차
179 10조(구민성)26 대지물결            관   07:43     08:01       0:18   차
180 10조(구민성)27 대지플라이          관   06:13     06:31       0:18   차
181 10조(구민성)11 마이티스톰          기   08:28     08:37       0:09   차
182 10조(구민성) 4 모로                관   06:38     06:55       0:17   차
183 10조(구민성) 7 블루카슨            관   06:12     06:23       0:11   차
184 10조(구민성)30 샤인몬스터          관   07:08     07:26       0:18   차
185 10조(구민성)19 서던조이            관   06:38     06:52       0:14   차
186 10조(구민성) 6 서던킹              관   06:14     06:31       0:17   차
187 10조(구민성)25 스피드마스트        관   07:39     08:08       0:29   차
188 10조(구민성)14 애니라인            관   07:24     07:38       0:14   차
189 10조(구민성)22 영봉산              기   08:33     08:45       0:12   차
190 10조(구민성)28 원더풀톱            조   06:47     07:00       0:13   차
191 10조(구민성)10 좋구먼              관   07:44     07:53       0:09   차
192 10조(구민성)15 캡틴양키            관   08:55     09:15       0:20   차
193 10조(구민성) 2 함평이즈백          조   06:18     06:36       0:18   차
194 10조(구민성)20 해피브리애나        관   06:38     06:55       0:17   차
195 11조(김영민) 2 그래핀퀸            관   06:39     06:53       0:14   금
196 11조(김영민) 8 기적의적토마        관   06:04     06:17       0:13   차
197 11조(김영민)20 뉴커넥트            기   08:05     08:23       0:18   차
198 11조(김영민)15 라이트세이버        관   06:03     06:29       0:26   차
199 11조(김영민)12 맨오브더스타        관   06:09     06:33       0:24   차
200 11조(김영민)14 맨오브더월드        관   07:07     07:23       0:16   차
201 11조(김영민)23 벌교의꿈            관   07:36     07:59       0:23   차
202 11조(김영민) 9 석세스타임          관   06:04     06:25       0:21   차
203 11조(김영민)16 석세스플라잉        관   07:36     07:59       0:23   차
204 11조(김영민)11 선샤인스타          관   08:04     08:28       0:24   차
205 11조(김영민)10 스카이마운틴        관   06:03     06:26       0:23   차
206 11조(김영민)21 스타로드            관   09:01     09:22       0:21   차
207 11조(김영민) 3 언매치드            관   07:45     08:02       0:17   차
208 11조(김영민)13 에이스킬러          관   06:09     06:33       0:24   차
209 11조(김영민)18 킹브라더            관   06:49     07:13       0:24   차
210 11조(김영민) 7 폭풍언덕            관   07:45     08:05       0:20   차
211 11조(김영민) 1 해운대전설          관   06:49     07:12       0:23   차
212 12조(조용배) 3 두승산캠프          조   07:16     07:34       0:18   금
213 12조(조용배)12 리아논포인트        관   06:38     06:51       0:13   차
214 12조(조용배) 6 배다리아이콘        관   06:00     06:18       0:18   차
215 12조(조용배)11 베스트매직          관   07:08     07:30       0:22   차
216 12조(조용배)23 베스트챔피언        조   08:53     09:13       0:20   차
217 12조(조용배)24 엑톤파워            관   07:39     07:54       0:15   차
218 12조(조용배) 5 온누리강자          관   06:32     06:48       0:16   차
219 12조(조용배)15 윈드하이            기   08:16     08:35       0:19   차
220 12조(조용배)13 천마하서            관   07:37     07:54       0:17   금
221 12조(조용배) 4 청마황후            조   06:52     07:09       0:17   금
222 12조(조용배) 8 캡틴찰리            관   08:53     09:15       0:22   차
223 12조(조용배)19 클라우드러브        관   08:02     08:21       0:19   차
224 12조(조용배)26 판타스틱우먼        관   07:08     07:30       0:22   차
225 12조(조용배)22 패스트건            관   08:53     09:13       0:20   차
226 12조(조용배)25 핀홀아이            관   08:53     09:14       0:21   차
227 12조(조용배)18 함안서북산          관   08:01     08:21       0:20   차
228 13조(박재호)27 글로벌위크          관   06:10     06:33       0:23   차
229 13조(박재호) 1 다이아스피릿        관   06:10     06:33       0:23   차
230 13조(박재호)25 드림런              관   06:10     06:33       0:23   차
231 13조(박재호)15 드림비전            조   06:10     06:33       0:23   차
232 13조(박재호) 9 로즈파이터          관   06:56     07:16       0:20   차
233 13조(박재호) 8 말리부별            기   08:07     08:23       0:16   차
234 13조(박재호) 7 미녀검객            관   07:31     07:45       0:13   차
235 13조(박재호)17 인디초이스          관   07:39     08:00       0:21   차
236 13조(박재호)26 저스트위너          관   07:38     08:08       0:30   차
237 13조(박재호)14 초이스로드          관   06:54     07:12       0:18   차
238 13조(박재호)16 탑볼트              관   06:10     06:33       0:23   차
239 13조(박재호) 6 트리플선더          관   06:54     07:11       0:17   금
240 13조(박재호)19 하늘미소            관   06:56     07:16       0:20   차
241 13조(박재호)11 하트브레이커        관   07:42     08:04       0:22   차
242 14조(윤영훈) 1 나르캣              관   07:23     07:46       0:23   차
243 14조(윤영훈) 7 동남위너            관   08:01     08:31       0:30   차
244 14조(윤영훈) 9 리벤지쿠로          관   08:45     09:05       0:20   차
245 14조(윤영훈)14 마크원              관   07:26     07:44       0:18   차
246 14조(윤영훈) 5 문막우상            관   06:34     07:05       0:31   차
247 14조(윤영훈)19 서귀대로            관   06:00     06:21       0:21   금
248 14조(윤영훈)18 선마운틴            기   08:36     08:46       0:10   금
249 14조(윤영훈)17 우승여걸            관   07:48     08:01       0:13   차
250 14조(윤영훈) 6 유핑                관   06:34     07:04       0:30   차
251 14조(윤영훈)12 화랑브라보          관   08:03     08:27       0:24   차
252 15조(안우성)35 갤런트워리어        관   07:09     07:22       0:13   차
253 15조(안우성) 4 구디                기   08:09     08:22       0:13   차
254 15조(안우성)27 금손클래스          관   06:00     06:13       0:13   차
255 15조(안우성)18 낙동전사            기   07:14     07:24       0:10   금
256 15조(안우성)17 라온더어게인        관   06:19     06:39       0:19   차
257 15조(안우성)19 라온더할리          관   07:50     08:10       0:20   차
258 15조(안우성)12 라온스트롱          기   06:40     06:56       0:16   차
259 15조(안우성)22 무한열정            관   08:25     08:43       0:18   차
260 15조(안우성)23 스마일리래리        관   06:09     06:18       0:09   차
261 15조(안우성)26 스카이모닝          관   08:50     09:05       0:15   차
262 15조(안우성)30 스카이제주향        관   06:28     06:45       0:17   금
263 15조(안우성)34 스타퓨리            기   07:38     07:52       0:14   차
264 15조(안우성) 9 아너칼              관   06:40     06:50       0:10   차
265 15조(안우성)24 아트켈리            기   06:09     06:18       0:09   차
266 15조(안우성)10 얼라이브스타        관   07:30     07:45       0:15   차
267 15조(안우성)31 얼라이브캡틴        관   08:20     08:32       0:12   차
268 15조(안우성) 1 예스퍼펙트          관   06:56     07:09       0:13   특
269 15조(안우성)32 올크라운            관   07:01     07:19       0:18   차
270 15조(안우성)25 원더풀페이거        관   07:18     07:31       0:14   차
271 15조(안우성)11 원더풀폰            관   06:40     06:56       0:16   차
272 15조(안우성) 6 주말보배            관   09:47     10:13       0:26   차
273 15조(안우성) 5 켄드릭              관   06:03     06:13       0:10   차
274 15조(안우성)14 크라운킹스타        관   07:51     08:10       0:18   차
275 15조(안우성)16 패스트퓨리          관   07:05     07:20       0:15   차
276 15조(안우성)29 팬스타              관   08:52     09:05       0:13   차
277 15조(안우성)36 플라잉다이아        관   09:17     09:34       0:17   차
278 15조(안우성)33 플라잉더챔프        관   08:28     08:44       0:16   차
279 15조(안우성) 3 피미                관   07:43     08:09       0:26   차
280 15조(안우성)21 해남짱돌            관   09:30     09:42       0:12   차
281 15조(안우성)13 해남해머            관   08:59     09:10       0:11   차
282 15조(안우성)20 화랑의챔피언        관   09:25     09:39       0:14   차
283 17조(장세한) 2 골든스텔라          관   06:23     06:42       0:19   차
284 17조(장세한)24 그레이트고          관   08:57     09:15       0:18   차
285 17조(장세한)28 그레이트인디        관   07:39     08:00       0:21   차
286 17조(장세한)21 낭만대로            관   06:25     06:41       0:16   차
287 17조(장세한) 9 동남불패            관   07:37     07:52       0:15   차
288 17조(장세한)29 딴봉퀸              관   06:23     06:39       0:16   차
289 17조(장세한)17 런앤드건            관   07:00     07:13       0:13   차
290 17조(장세한) 3 레이디골든          기   08:09     08:24       0:15   차
291 17조(장세한)11 로즈불릿            관   06:00     06:15       0:15   차
292 17조(장세한)33 브레드히트          관   08:14     08:33       0:19   차
293 17조(장세한)15 블랙볼트            관   08:01     08:27       0:26   차
294 17조(장세한)31 성실천하            기   08:26     08:48       0:22   금
295 17조(장세한)13 저스트윈            관   06:47     07:07       0:20   차
296 17조(장세한) 4 청호보스            관   08:35     08:57       0:22   금
297 17조(장세한)26 푸른열정            관   07:01     07:20       0:19   차
298 17조(장세한)25 해브어굿타임        기   07:44     08:00       0:16   차
299 18조(이정표)16 로드투글로리        관   07:11     07:35       0:24   차
300 18조(이정표)15 명성차지            관   06:18     06:36       0:18   차
301 18조(이정표)23 모닝선더            관   06:18     06:30       0:12   금
302 18조(이정표)21 모닝플로우          관   07:11     07:36       0:25   차
303 18조(이정표) 9 사이먼탑건          기   07:04     07:16       0:12   차
304 18조(이정표)19 스마티돌풍          관   06:45     06:59       0:14   차
305 18조(이정표) 7 어메이징무브        관   08:00     08:07       0:07   차
306 18조(이정표)17 에이스질주          관   06:18     06:35       0:17   차
307 18조(이정표)28 퀸로맨스            기   06:04     06:23       0:19   차
308 18조(이정표)11 투데이스타          관   06:01     06:12       0:11   금
309 18조(이정표)25 하비스트댄서        관   06:06     06:15       0:09   금
310 18조(이정표)22 함안백이산          기   07:21     07:36       0:15   차
311 19조(김영관) 7 강서자이언트        관   07:09     07:29       0:20   차
312 19조(김영관)10 골드천사            관   07:01     07:23       0:22   차
313 19조(김영관) 1 금아데프트          관   08:45     08:59       0:14   차
314 19조(김영관)14 금아사이킥          관   07:39     07:59       0:20   차
315 19조(김영관) 4 금아스타리          기   06:25     06:38       0:13   차
316 19조(김영관)37 나이스최강          관   09:05     09:23       0:18   차
317 19조(김영관)23 랜드뱅크            관   07:40     07:59       0:19   차
318 19조(김영관) 6 레몬도끼            관   07:40     08:02       0:22   차
319 19조(김영관)12 맨오브톱            기   06:45     07:00       0:15   금
320 19조(김영관)13 몽땅                관   08:14     08:24       0:10   차
321 19조(김영관)28 바람바람            관   09:31     09:44       0:13   차
322 19조(김영관)29 브라보함양          관   06:41     06:52       0:11   금
323 19조(김영관)38 스타클래스          기   06:24     06:36       0:12   차
324 19조(김영관)26 스피드매치          기   06:01     06:12       0:11   특
325 19조(김영관)32 승리의영웅          관   08:14     08:30       0:16   차
326 19조(김영관)19 아름다운인연        관   08:39     08:49       0:10   차
327 19조(김영관)18 원더풀파일          기   06:41     06:52       0:11   금
328 19조(김영관) 8 월드파이브          기   07:09     07:29       0:20   차
329 19조(김영관)22 즐거운여정          관   06:01     06:15       0:14   차
330 19조(김영관)20 카론투데이          관   08:14     08:30       0:16   차
331 19조(김영관)17 킹보스              관   08:40     08:51       0:11   금
332 19조(김영관)25 터치스타맨          관   09:05     09:22       0:17   차
333 19조(김영관) 3 페어리퀸            관   07:01     07:25       0:24   차
334 19조(김영관) 2 한센코드걸          관   06:24     06:34       0:10   차
335 20조(최기홍)13 금수파워            관   06:51     07:06       0:15   차
336 20조(최기홍)27 넥스트마린          관   06:51     07:06       0:15   차
337 20조(최기홍)30 다이아선더          관   07:52     08:08       0:16   차
338 20조(최기홍)33 레인킬러            관   09:04     09:15       0:11   차
339 20조(최기홍)32 메니피송            관   09:04     09:21       0:17   차
340 20조(최기홍) 5 베스트듀오          관   08:41     08:53       0:12   금
341 20조(최기홍)18 연승고              관   08:38     08:53       0:15   차
342 20조(최기홍)10 영성프린스          관   08:41     08:52       0:11   금
343 20조(최기홍)12 오케이드림          관   06:21     06:35       0:14   차
344 20조(최기홍)23 오케이선더          관   09:06     09:22       0:16   차
345 20조(최기홍)24 오케이스타          관   08:15     08:28       0:13   차
346 20조(최기홍)15 월드플라워          관   07:24     07:33       0:09   차
347 20조(최기홍) 2 위너스맨            관   06:21     06:36       0:15   차
348 20조(최기홍)14 창창대로            관   08:38     08:53       0:15   차
349 20조(최기홍)26 쿨러닝              관   07:25     07:38       0:13   차
350 20조(최기홍) 3 퀸오브더퀸          관   07:47     08:01       0:14   차
351 20조(최기홍) 1 퀸할리              관   09:15     09:24       0:09   차
352 20조(최기홍)20 황우태복            관   08:15     08:28       0:13   차
353 20조(최기홍)29 황우퍼스트          관   06:21     06:36       0:15   차
354 20조(최기홍)17 히어더퀸            관   07:47     07:59       0:12   차
355 21조(민장기)11 골든매직            관   06:18     06:27       0:09   차
356 21조(민장기)40 골든선더볼트        관   07:25     07:43       0:18   차
357 21조(민장기)38 델릴라              관   06:46     07:09       0:23   차
358 21조(민장기) 8 돌아온포경선        관   06:08     06:28       0:20   차
359 21조(민장기)36 런투킹              관   06:46     07:07       0:21   차
360 21조(민장기)39 석세스마초          관   06:48     07:07       0:19   차
361 21조(민장기)21 석세스영광          기   07:18     07:39       0:21   차
362 21조(민장기) 2 운주마하            관   06:46     07:07       0:21   차
363 21조(민장기)29 운주오션            기   06:47     07:03       0:16   금
364 21조(민장기)23 원더풀차머          관   06:06     06:25       0:19   차
365 21조(민장기) 5 월드톱              기   06:47     07:07       0:20   금
366 21조(민장기) 1 위닝댄서            관   06:07     06:26       0:19   차
367 21조(민장기)25 절대보스            관   07:32     07:45       0:13   차
368 21조(민장기) 7 타핏원더풀          관   08:05     08:23       0:18   차
369 21조(민장기) 4 터보여걸            관   07:32     07:47       0:15   차
370 21조(민장기) 6 톱아델              관   06:20     06:29       0:09   차
371 21조(민장기)12 특급캠프            관   06:47     07:05       0:18   차
372 21조(민장기)24 플랫베이브          기   07:11     07:27       0:16   차
373 21조(민장기)27 하늘제왕            관   06:08     06:22       0:14   차
374 22조(강은석)12 글로리킹            관   06:00     06:13       0:13   금
375 22조(강은석) 8 디먼스파이          관   07:04     07:17       0:13   차
376 22조(강은석)10 서귀플러스          관   07:30     07:47       0:17   차
377 22조(강은석)16 소머치고            관   06:00     06:13       0:13   금
378 22조(강은석)17 아너퀸              관   06:39     06:53       0:14   차
379 22조(강은석) 2 운주아칸샤          관   06:41     07:06       0:25   차
380 22조(강은석) 4 정수시대            관   08:02     08:21       0:19   차
381 22조(강은석) 6 챌린저레전드        관   08:02     08:23       0:21   차
382 22조(강은석)15 천년의구름          관   06:00     06:15       0:15   차
383 22조(강은석)20 콰트로맥스          관   06:21     06:33       0:12   금
384 22조(강은석) 3 퀸데이              관   07:04     07:17       0:13   차
385 22조(강은석)19 클린샷              기   06:18     06:28       0:10   차
386 22조(강은석) 5 투큐트걸            관   07:29     07:53       0:24   차
387 23조(손병직)21 글로벌레전드        조   07:40     08:01       0:21   차
388 23조(손병직) 1 논스톱송            관   06:55     07:19       0:24   차
389 23조(손병직)20 무등산              조   07:02     07:22       0:20   차
390 23조(손병직) 3 블루캡틴            관   09:45     10:00       0:15   금
391 23조(손병직)14 수소파워            관   07:57     08:13       0:16   차
392 23조(손병직) 8 에이커스드림        조   06:31     06:52       0:21   차
393 23조(손병직) 5 채스천하            조   09:07     09:26       0:19   차
394 23조(손병직) 2 퍼팩트위너          조   08:40     09:00       0:20   차
395 23조(손병직)11 함안봉화산          조   06:02     06:22       0:20   금
396 23조(손병직) 6 화랑신화            조   08:10     08:26       0:16   차
397 24조(김길중) 7 갤럭시로드          관   06:10     06:22       0:12   금
398 24조(김길중)27 골든레이서          관   06:36     06:49       0:13   차
399 24조(김길중)10 대망의길            기   06:20     06:34       0:14   특
400 24조(김길중) 9 블루파워            관   06:00     06:12       0:12   차
401 24조(김길중)23 슈넬블리츠          관   06:36     06:49       0:13   차
402 24조(김길중) 6 스타마타            기   06:00     06:11       0:11   차
403 24조(김길중)13 원더풀러닝          관   07:10     07:23       0:12   차
404 24조(김길중)24 원더풀체로키        관   07:10     07:22       0:12   차
405 24조(김길중) 2 원더풀피스          관   06:41     06:54       0:13   차
406 24조(김길중)20 캡틴골드            관   06:10     06:22       0:12   금
407 24조(김길중)32 킹비드              관   06:13     06:25       0:12   차
408 24조(김길중)26 타이거런            관   07:10     07:23       0:13   차
409 26조(방동석)11 고포잇              관   07:51     08:11       0:20   차
410 26조(방동석) 1 남양도리            관   07:51     08:02       0:11   차
411 26조(방동석)27 느닷                관   07:07     07:19       0:12   차
412 26조(방동석) 7 러너                관   06:36     06:47       0:11   차
413 26조(방동석)15 머니허거            관   07:52     08:06       0:14   차
414 26조(방동석)31 바베어리언          관   07:07     07:22       0:15   차
415 26조(방동석)32 샤이드래건          관   06:32     06:39       0:07   차
416 26조(방동석)13 세븐퀸              관   08:31     08:45       0:14   차
417 26조(방동석) 3 용산큰별            관   07:00     07:10       0:10   차
418 26조(방동석)18 원더풀리얼티        관   09:21     09:31       0:10   금
419 26조(방동석) 2 원더풀브레이        관   07:51     08:12       0:21   차
420 26조(방동석)12 원더풀오션          관   06:36     06:47       0:11   차
421 26조(방동석) 4 위너스타임          기   08:47     08:58       0:11   차
422 26조(방동석) 6 윙크데이            관   08:37     08:53       0:16   차
423 26조(방동석)28 투오브어스          관   07:07     07:17       0:10   차
424 26조(방동석)23 해피태양            관   06:36     06:47       0:11   차
425 27조(이상영)18 금아스마티          관   06:31     06:45       0:14   차
426 27조(이상영)21 남도퀸              관   08:05     08:17       0:12   차
427 27조(이상영)16 무적찰리            관   07:38     07:52       0:14   차
428 27조(이상영) 1 브레이브캡틴        관   06:58     07:17       0:19   차
429 27조(이상영) 7 쏜살                관   06:58     07:11       0:13   차
430 27조(이상영)14 윈드매직            관   07:31     07:50       0:19   차
431 27조(이상영)11 윈드위너            관   06:06     06:18       0:12   차
432 27조(이상영) 2 윈드파크            관   06:09     06:22       0:13   차
433 27조(이상영)15 해피매직            관   06:33     06:45       0:12   차
434 28조(하무선)29 맨오브더킹          관   09:20     09:31       0:11   차
435 28조(하무선)26 부미스타            관   08:18     08:33       0:15   차
436 28조(하무선) 9 사키사키            관   08:06     08:25       0:19   차
437 28조(하무선)17 스파클퀸            관   06:58     07:12       0:14   차
438 28조(하무선)18 신의전사            관   08:38     09:08       0:30   차
439 28조(하무선)14 아쿠아리우스        관   07:42     07:58       0:16   차
440 28조(하무선) 4 앨버트킹            관   06:41     07:02       0:21   차
441 28조(하무선)16 이캐시              기   07:42     07:57       0:15   차
442 28조(하무선) 1 제트캐시            관   06:18     06:27       0:09   금
443 28조(하무선)13 최강두드림          관   06:48     07:03       0:15   금
444 28조(하무선)19 퀸오브조이          관   09:20     09:31       0:11   차
445 28조(하무선) 6 크라우드원          관   07:27     07:34       0:07   차
446 28조(하무선) 5 트리플스톰          관   06:20     06:33       0:13   차
447 28조(하무선)20 팬텀에이스          기   08:31     08:45       0:14   차
448 28조(하무선)30 팬텀퀸              관   06:35     07:03       0:28   차
449 28조(하무선)21 해랑강자            관   09:20     09:31       0:11   차
450 28조(하무선)25 해랑영웅            관   06:58     07:11       0:13   차
451 28조(하무선)10 해랑이슬            관   08:39     09:08       0:29   차
452 28조(하무선)24 해랑장군            관   08:31     08:45       0:14   차
453 30조(울즐리)39 더세이버            관   07:08     07:26       0:18   차
454 30조(울즐리)19 더에어              관   06:57     07:08       0:11   차
455 30조(울즐리)18 라카르타            관   06:32     06:44       0:12   차
456 30조(울즐리)40 록앤드롤            기   06:35     06:48       0:13   차
457 30조(울즐리)44 리멤버미            관   06:00     06:13       0:13   차
458 30조(울즐리)15 리턴오브섭서디      관   07:07     07:23       0:16   금
459 30조(울즐리) 5 마이럴러바이        기   06:00     06:13       0:13   차
460 30조(울즐리)16 마이맨트라          관   07:11     07:26       0:15   차
461 30조(울즐리)22 미스터밸러          관   06:00     06:15       0:15   차
462 30조(울즐리)34 바운티헌터          관   07:07     07:20       0:13   차
463 30조(울즐리)33 빅터바시움          관   06:00     06:15       0:15   차
464 30조(울즐리)31 선더클라우드        관   06:40     06:52       0:12   차
465 30조(울즐리)11 스페이스마린        관   07:45     07:58       0:13   차
466 30조(울즐리)24 시에라선셋          기   07:11     07:26       0:15   차
467 30조(울즐리) 4 아베라우어          관   06:35     06:48       0:13   차
468 30조(울즐리)41 에코레이디          관   08:29     08:45       0:16   차
469 30조(울즐리) 9 영광의터치          관   07:43     08:00       0:17   차
470 30조(울즐리)27 윈드토커            관   06:00     06:15       0:15   차
471 30조(울즐리)20 인세이셔블          관   07:46     08:00       0:14   금
472 30조(울즐리) 8 챔프고              관   06:00     06:17       0:17   차
473 30조(울즐리)14 카피댓              관   06:32     06:43       0:11   차
474 30조(울즐리)25 클리어              관   07:41     07:59       0:18   차
475 30조(울즐리)23 토탈이클립스        관   08:19     08:32       0:13   차
476 30조(울즐리)42 프로칸설            관   07:08     07:24       0:16   차
477 30조(울즐리)38 프리깃버드          관   07:41     07:52       0:11   차
478 30조(울즐리)43 하먼                관   06:00     06:15       0:15   차
479 30조(울즐리)21 해피블루            관   06:35     06:48       0:13   차
480 30조(울즐리)12 헌치                관   08:23     08:40       0:17   차
481 31조(라이스)24 그린샤프            관   08:59     09:15       0:16   차
482 31조(라이스)12 그린치프            관   08:12     08:27       0:15   차
483 31조(라이스) 1 그린파파고          관   06:37     06:47       0:10   차
484 31조(라이스) 6 다이니지            관   07:38     07:52       0:14   차
485 31조(라이스)31 미스노벨            관   09:21     09:36       0:15   차
486 31조(라이스)17 뷰어메이징          관   08:49     09:03       0:14   금
487 31조(라이스)26 비뢰인디            관   08:46     09:00       0:14   차
488 31조(라이스)40 스파이스엑톤        관   08:46     09:02       0:16   금
489 31조(라이스)35 스페셜리스트        관   09:46     09:57       0:11   차
490 31조(라이스)36 승리매직퀸          관   09:34     09:47       0:13   차
491 31조(라이스)42 승리매직킹          관   09:15     09:29       0:14   차
492 31조(라이스)38 승리테이큰          관   07:04     07:15       0:11   차
493 31조(라이스) 4 승리토우트          관   07:58     08:14       0:16   차
494 31조(라이스) 9 신한갬블            관   07:04     07:15       0:11   차
495 31조(라이스)37 쏜살처럼            관   06:04     06:16       0:12   차
496 31조(라이스) 7 알렉킹이지          관   08:12     08:25       0:13   차
497 31조(라이스)33 야생화              기   06:00     06:09       0:09   차
498 31조(라이스)30 에이스솔로몬        관   08:26     08:42       0:16   차
499 31조(라이스) 3 역전명수            관   09:50     10:05       0:15   차
500 31조(라이스)13 월드삭스            기   06:04     06:16       0:12   차
501 31조(라이스)34 인디매직            관   06:05     06:16       0:11   차
502 31조(라이스)28 장산블랙            관   06:37     06:46       0:09   차
503 31조(라이스)32 정문드래곤          관   07:40     07:53       0:13   차
504 31조(라이스)16 정문코빗            관   06:05     06:16       0:11   차
505 31조(라이스)23 제시의꿈            관   07:19     07:36       0:17   금
506 31조(라이스)19 퀸마블이지          기   06:00     06:09       0:09   차
507 31조(라이스) 5 퀸앨리              관   06:37     06:41       0:04   차
508 31조(라이스)44 퀸오브하츠          기   08:46     09:02       0:16   금
509 31조(라이스)43 킥앤드러시          관   09:21     09:36       0:15   차
510 31조(라이스)25 후사이치            관   06:47     06:52       0:05   차
511 32조(임동창)11 글로벌사랑          관   06:36     06:52       0:16   차
512 32조(임동창) 4 글로벌스카이        관   06:59     07:17       0:18   금
513 32조(임동창) 2 스타드래건          관   06:36     06:52       0:16   차
514 32조(임동창) 8 용건                관   07:35     07:54       0:19   차
515 32조(임동창)23 용천                관   06:15     06:27       0:12   금
516 32조(임동창)16 위크스페셜          관   07:35     07:54       0:19   차
517 32조(임동창)14 쿠케난              관   06:59     07:17       0:18   차
518 32조(임동창)26 하디찰리            관   06:14     06:28       0:14   차
519 32조(임동창)12 하바나제인          관   06:34     06:53       0:19   차
520 33조(권승주) 2 갤럽보이            관   07:09     07:25       0:16   금
521 33조(권승주)34 골드로즈            관   06:35     06:53       0:18   차
522 33조(권승주)20 골든파워            관   07:29     07:44       0:15   차
523 33조(권승주)11 다이아보스          관   07:04     07:24       0:20   금
524 33조(권승주)15 라온더보스          관   08:09     08:21       0:12   차
525 33조(권승주)13 라온더파워          관   06:31     06:43       0:12   차
526 33조(권승주)37 라온더플래시        관   07:02     07:16       0:14   차
527 33조(권승주)12 러닝파워            관   06:36     06:49       0:13   차
528 33조(권승주)41 로켓소리            관   07:38     07:50       0:12   차
529 33조(권승주)29 마하불릿            관   06:57     07:19       0:22   차
530 33조(권승주)21 마하원더            관   07:36     07:53       0:17   차
531 33조(권승주)14 마하타이탄          기   07:18     07:29       0:11   차
532 33조(권승주) 3 블루모어            관   06:36     06:59       0:23   차
533 33조(권승주)35 서부빅스텝          기   07:56     08:08       0:12   차
534 33조(권승주)28 서부특급            관   07:37     07:56       0:19   차
535 33조(권승주)17 스톰브라운          기   07:38     07:50       0:12   차
536 33조(권승주)43 알파토르            관   07:56     08:08       0:12   차
537 33조(권승주)23 알파하트            관   06:06     06:26       0:20   차
538 33조(권승주)27 여수파이터          관   07:37     08:01       0:24   금
539 33조(권승주)25 위대한선택          관   06:45     07:01       0:16   금
540 33조(권승주)18 은성위너            관   07:18     07:30       0:12   차
541 33조(권승주) 9 제니스러너          관   06:08     06:21       0:13   차
542 33조(권승주)30 천마독주            관   08:33     08:53       0:20   차
543 33조(권승주) 8 초이스런            관   06:21     06:40       0:19   차
544 33조(권승주)33 축복열차            관   07:05     07:26       0:21   차
545 33조(권승주)31 케이골드바          관   08:06     08:28       0:22   차
546 33조(권승주)39 톱프렌드            관   06:07     06:21       0:14   차
547 33조(권승주)19 파워라이드          관   06:36     06:49       0:13   차
548 33조(권승주)36 피플파워            관   06:07     06:21       0:14   차
549 33조(권승주)22 희망펀치            관   08:50     09:06       0:16   차
━━━━━━━━━━━━━━━━━━━━━━━━━━━━━━━━━━━━━━━
                                                      출력일자 : 2022.10.21

