

제목 : 22년12월04일(일)  제 1경주

(부산) 제90일 1200M 국6등급별정A       경주명 : 일반                        
경주조건:  R0~0           2세                        날씨:맑음 주로:양호  (6%)
순위상금: 33,000천원  13,200천원   8,400천원   3,000천원   2,400천원
부가상금:      0천원       0천원       0천원
-------------------------------------------------------------------------------------------------
순위 마번    마    명         산지   성별 연령 부담중량  기수명   조교사   마주명           레이팅
-------------------------------------------------------------------------------------------------
  1    6  영광의에이스         한     수     2    55.0   유현명   토마스   변창덕                
  2    1  니콜라스지           한     수     2    55.0   조인권   구민성   김진영a               
  3    8  라온더할리           한(포) 거     2    55.0   박재이   안우성   손천수                
  4   10  스카이펀치           한     수     2    55.0   송경윤   양귀선   이성인                
  5   11  영광의터치           한(포) 수     2    55.0   이성재   울즐리   변창덕                
  6    7  벌교의꿈             한     거     2    55.0   김어수   김영민   김은태                
  7    9  퀸스랜딩             한     암     2    50.0   윤형석   이정표   천사들의 안장         
  8    5  남양볼트             한     수     2    55.0   김용근   구영준   홍태수                
  9    2  금수파워             한     암     2    53.0   전진구   최기홍   양국만                
 10    4  닥터위키             한     수     2    55.0   송재철   백광열   권혁희                
 11    3  드림비전             한     암     2    51.0   서강주   박재호   손병현                
-------------------------------------------------------------------------------------------------
순위 마번    마      명       마 체 중  기 록  도 착 차  (S1F-S8F-G6F-G4F-G3F-G2F-G1F)
-------------------------------------------------------------------------------------------------
  1    6  영광의에이스         497( +3) 1:15.3            1-  -  - 1- 1- 1- 1
  2    1  니콜라스지           470( +4) 1:15.5  1¼       3-  -  - 3- 3- 2- 2
  3    8  라온더할리           458( +2) 1:16.8  7         5-  -  - 5- 5- 5- 4
  4   10  스카이펀치           443( +0) 1:16.9  ¾        9-  -  - 7- 6- 4- 5
  5   11  영광의터치           472( -9) 1:17.3  2         7-  -  - 8- 8- 8- 7
  6    7  벌교의꿈             522( -4) 1:17.6  1¾       2-  -  - 2- 2- 3- 3
  7    9  퀸스랜딩             495( -5) 1:17.6  목        6-  -  - 6- 7- 6- 6
  8    5  남양볼트             445( +0) 1:17.7  ½       10-  -  -10-10- 9- 8
  9    2  금수파워             500( +8) 1:19.0  8         8-  -  - 9- 9-10-10
 10    4  닥터위키             478( +5) 1:19.5  2½       4-  -  - 4- 4- 7- 9
 11    3  드림비전             436(-12) 1:23.0  20       11-  -  -11-11-11-11
-------------------------------------------------------------------------------------------------
순위 마번 G-3F S-1F    400      400     400     400     G-2F    G-1F    단승식 연승식
-------------------------------------------------------------------------------------------------
  1    6  38.7  0:13.5                  0:24.5  0:24.3  0:26.5  0:14.0     1.9    1.2
  2    1  38.7  0:13.7                  0:24.7  0:24.4  0:26.4  0:13.9     4.1    1.4
  3    8  39.8  0:13.7                  0:24.7  0:24.8  0:27.3  0:14.4     5.3    1.5
  4   10  39.8  0:14.0                  0:25.0  0:24.5  0:27.4  0:14.4    24.1    2.9
  5   11  39.9  0:13.8                  0:25.1  0:24.9  0:27.3  0:14.3     8.5    2.3
  6    7  41.0  0:13.5                  0:24.5  0:24.6  0:28.5  0:15.2    14.8    2.6
  7    9  40.5  0:13.7                  0:24.9  0:24.7  0:28.0  0:14.9    39.1    6.5
  8    5  39.7  0:14.5                  0:25.6  0:24.8  0:27.3  0:14.2    55.0    8.5
  9    2  41.1  0:14.0                  0:25.3  0:25.4  0:28.3  0:14.9   116.1   27.2
 10    4  42.6  0:13.7                  0:24.7  0:25.1  0:29.7  0:15.7   129.7   19.9
 11    3  44.1  0:15.1                  0:26.4  0:25.8  0:30.8  0:16.3   130.3   28.7
-------------------------------------------------------------------------------------------------
(복승식 배당률)
  1- 2   280.7  2- 9  1315.6  4- 5  1295.6  5-15     0.0  8- 9    75.6 11-12     0.0
  1- 3   333.9  2-10  1672.8  4- 6   212.5  5-16     0.0  8-10    39.5 11-13     0.0
  1- 4   258.7  2-11   850.9  4- 7   956.6  6- 7    10.9  8-11    17.7 11-14     0.0
  1- 5    87.3  2-12     0.0  4- 8   454.4  6- 8     4.8  8-12     0.0 11-15     0.0
  1- 6     3.5  2-13     0.0  4- 9  1181.1  6- 9    34.6  8-13     0.0 11-16     0.0
  1- 7    24.4  2-14     0.0  4-10  1159.9  6-10    17.0  8-14     0.0 12-13     0.0
  1- 8     9.6  2-15     0.0  4-11   626.4  6-11     7.4  8-15     0.0 12-14     0.0
  1- 9    63.0  2-16     0.0  4-12     0.0  6-12     0.0  8-16     0.0 12-15     0.0
  1-10    29.7  3- 4  1972.3  4-13     0.0  6-13     0.0  9-10   201.3 12-16     0.0
  1-11    14.0  3- 5  1630.9  4-14     0.0  6-14     0.0  9-11    95.8 13-14     0.0
  1-12     0.0  3- 6   246.7  4-15     0.0  6-15     0.0  9-12     0.0 13-15     0.0
  1-13     0.0  3- 7  1269.6  4-16     0.0  6-16     0.0  9-13     0.0 13-16     0.0
  1-14     0.0  3- 8   536.7  5- 6    58.2  7- 8    33.5  9-14     0.0 14-15     0.0
  1-15     0.0  3- 9  1733.9  5- 7   298.2  7- 9   178.5  9-15     0.0 14-16     0.0
  1-16     0.0  3-10  1625.3  5- 8   152.4  7-10    91.2  9-16     0.0 15-16     0.0
  2- 3  1541.6  3-11   814.5  5- 9   779.6  7-11    41.5 10-11    46.3  0- 0     0.0
  2- 4  2291.4  3-12     0.0  5-10   325.4  7-12     0.0 10-12     0.0  0- 0     0.0
  2- 5  2083.0  3-13     0.0  5-11   173.2  7-13     0.0 10-13     0.0  0- 0     0.0
  2- 6   246.7  3-14     0.0  5-12     0.0  7-14     0.0 10-14     0.0  0- 0     0.0
  2- 7  1020.1  3-15     0.0  5-13     0.0  7-15     0.0 10-15     0.0  0- 0     0.0
  2- 8   556.8  3-16     0.0  5-14     0.0  7-16     0.0 10-16     0.0  0- 0     0.0
-------------------------------------------------------------------------------------------------
매출액 단식:     28,930,400    연식:     51,768,100      복식:    909,955,300
       복연:    136,094,000    쌍식:    353,251,100      삼복:  1,047,566,400
       삼쌍:    529,989,700    합계:  3,057,555,000
-------------------------------------------------------------------------------------------------
배당률 단: ⑥1.9        연: ⑥1.2 ①1.4 ⑧1.5          복: ⑥①3.5       4F:50.8
                                                                         3F:38.7
                        쌍: ⑥①6.1
     복연: ⑥①1.8 ⑥⑧2.1 ①⑧3.0
     삼복: ⑥①⑧4.8 
     삼쌍: ⑥①⑧15.4 
-------------------------------------------------------------------------------------------------
펄 롱:13.5 11.0 12.1   12.2   12.5   14.0   
통과M:  200  400  600    800    1000   1200
통과T:13.5 24.5 36.6 0:48.8 1:01.3 1:15.3 
-------------------------------------------------------------------------------------------------
통과순위 S1F : (6,7),(1,4,8,9,11),(2,10)-5-3           
         G8F :                                         
         G6F :                                         
         G4F : (6,7),(1,4,8),(10,9),11,2,5=3           
         G3F : (6,7),(1,4),(10,9,8),11-(2,5)=3         
         G2F : 6,(1,7)-(10,9,8),4,11-5,2=3             
         G1F : 6,1=(10,7,8),9,11-5,4,2≡3               
-------------------------------------------------------------------------------------------------
구분 출전번호  대상명            처분종류     처분내용                     세부내용
-------------------------------------------------------------------------------------------------
말      3      드림비전          출전정지     2개월(2022.12.05~2023.02.04) 경주능력부진(1위마와 44마신 차)                   
말      3      드림비전          주행심사                                  경주능력부진(1위마와 44마신 차)                   
-------------------------------------------------------------------------------------------------


제목 : 22년12월04일(일)  제 2경주

(부산) 제90일 1200M 국6등급별정A       경주명 : 일반                        
경주조건:  R0~0           연령오픈                   날씨:맑음 주로:양호  (6%)
순위상금: 13,750천원   5,500천원   3,500천원   1,250천원   1,000천원
부가상금:      0천원       0천원       0천원
-------------------------------------------------------------------------------------------------
순위 마번    마    명         산지   성별 연령 부담중량  기수명   조교사   마주명           레이팅
-------------------------------------------------------------------------------------------------
  1   10  담양의신             한     거     2    55.0   김어수   양귀선   최원호                
  2    9  플레이더인디         한     거     3    56.0   최은경   토마스   박치권                
  3    2  날라                 한     암     2    53.0   송경윤   구영준   김종민                
  4    6  원더풀차머           한     암     3    54.0   다실바   민장기   지성배                
  5    7  으뜸이               한     거     3    56.0   채상현   토마스   나종용                
  6   11  스피드마스트         한     수     4    56.0   정도윤   구민성   배수한                
  7    8  두승산캠프           한     암     3    52.0   서강주   조용배   새만금                
  8    5  금빛여장군           한     암     3    54.0   모준호   윤영훈   이동헌                
  9    4  테이크아델           한     암     4    54.0   정우주   민장기   이장현                
 10    3  어게인헬렌           한     거     5    52.0   이홍락   양귀선   정순옥                
 11    1  화랑브라보           한     암     3    51.0   윤형석   윤영훈   박웅진                
-------------------------------------------------------------------------------------------------
순위 마번    마      명       마 체 중  기 록  도 착 차  (S1F-S8F-G6F-G4F-G3F-G2F-G1F)
-------------------------------------------------------------------------------------------------
  1   10  담양의신             501( -6) 1:16.5            1-  -  - 1- 1- 1- 1
  2    9  플레이더인디         510( +1) 1:16.6  목        2-  -  - 2- 4- 2- 2
  3    2  날라                 480( -4) 1:17.2  4         5-  -  - 5- 6- 6- 5
  4    6  원더풀차머           453( +6) 1:17.2  ½        7-  -  - 3- 2- 3- 3
  5    7  으뜸이               446( +9) 1:17.3  ½        4-  -  - 7- 7- 9- 8
  6   11  스피드마스트         481( -4) 1:17.8  3         3-  -  - 4- 3- 4- 4
  7    8  두승산캠프           522( +4) 1:17.9  코       11-  -  -11-11-11-11
  8    5  금빛여장군           450( -8) 1:17.9  목        9-  -  - 9- 9- 8- 7
  9    4  테이크아델           423( -1) 1:17.9  목        6-  -  - 8- 8- 7- 6
 10    3  어게인헬렌           455( -1) 1:18.1  1        10-  -  -10-10-10-10
 11    1  화랑브라보           500(+18) 1:18.4  1¼       8-  -  - 6- 5- 5- 9
-------------------------------------------------------------------------------------------------
순위 마번 G-3F S-1F    400      400     400     400     G-2F    G-1F    단승식 연승식
-------------------------------------------------------------------------------------------------
  1   10  39.0  0:13.6                  0:25.2  0:24.6  0:26.7  0:14.0     6.5    2.0
  2    9  38.9  0:13.7                  0:25.3  0:24.7  0:26.6  0:14.0     7.8    2.7
  3    2  39.1  0:14.1                  0:25.4  0:25.3  0:26.5  0:13.7     3.8    1.5
  4    6  39.6  0:14.2                  0:25.3  0:24.8  0:27.1  0:14.1     3.3    1.6
  5    7  39.1  0:14.0                  0:25.6  0:25.5  0:26.2  0:13.5    27.3    5.5
  6   11  40.2  0:13.9                  0:25.3  0:24.9  0:27.6  0:14.3     5.5    1.8
  7    8  37.2  0:15.0                  0:27.6  0:25.2  0:25.1  0:13.2    42.9    6.6
  8    5  39.2  0:14.5                  0:26.3  0:24.7  0:26.9  0:14.1    79.0   17.6
  9    4  39.6  0:14.1                  0:25.7  0:25.2  0:27.0  0:14.1    16.5    3.7
 10    3  39.0  0:14.8                  0:26.6  0:25.1  0:26.4  0:13.6    16.1    4.1
 11    1  40.4  0:14.3                  0:25.6  0:25.1  0:27.7  0:14.4    38.1    8.8
-------------------------------------------------------------------------------------------------
(복승식 배당률)
  1- 2    62.9  2- 9    17.1  4- 5   409.7  5-15     0.0  8- 9   177.6 11-12     0.0
  1- 3   289.3  2-10    10.4  4- 6    30.3  5-16     0.0  8-10   149.8 11-13     0.0
  1- 4   319.1  2-11     8.4  4- 7    99.1  6- 7    41.0  8-11   120.9 11-14     0.0
  1- 5   739.6  2-12     0.0  4- 8   331.1  6- 8    77.0  8-12     0.0 11-15     0.0
  1- 6    89.2  2-13     0.0  4- 9    89.6  6- 9    20.5  8-13     0.0 11-16     0.0
  1- 7   445.8  2-14     0.0  4-10    35.5  6-10    12.7  8-14     0.0 12-13     0.0
  1- 8   544.9  2-15     0.0  4-11    36.8  6-11     9.8  8-15     0.0 12-14     0.0
  1- 9   239.2  2-16     0.0  4-12     0.0  6-12     0.0  8-16     0.0 12-15     0.0
  1-10   198.9  3- 4    81.5  4-13     0.0  6-13     0.0  9-10    26.7 12-16     0.0
  1-11   139.2  3- 5   586.9  4-14     0.0  6-14     0.0  9-11    25.6 13-14     0.0
  1-12     0.0  3- 6    36.4  4-15     0.0  6-15     0.0  9-12     0.0 13-15     0.0
  1-13     0.0  3- 7   156.2  4-16     0.0  6-16     0.0  9-13     0.0 13-16     0.0
  1-14     0.0  3- 8   226.1  5- 6   195.7  7- 8   341.2  9-14     0.0 14-15     0.0
  1-15     0.0  3- 9    93.3  5- 7   613.7  7- 9   105.8  9-15     0.0 14-16     0.0
  1-16     0.0  3-10    52.4  5- 8   895.6  7-10    45.2  9-16     0.0 15-16     0.0
  2- 3    21.0  3-11    39.5  5- 9   492.8  7-11    48.1 10-11    12.1  0- 0     0.0
  2- 4    17.6  3-12     0.0  5-10   346.2  7-12     0.0 10-12     0.0  0- 0     0.0
  2- 5   155.4  3-13     0.0  5-11   287.7  7-13     0.0 10-13     0.0  0- 0     0.0
  2- 6     7.0  3-14     0.0  5-12     0.0  7-14     0.0 10-14     0.0  0- 0     0.0
  2- 7    33.3  3-15     0.0  5-13     0.0  7-15     0.0 10-15     0.0  0- 0     0.0
  2- 8    62.0  3-16     0.0  5-14     0.0  7-16     0.0 10-16     0.0  0- 0     0.0
-------------------------------------------------------------------------------------------------
매출액 단식:     34,896,900    연식:     49,336,500      복식:  1,112,199,700
       복연:    135,597,800    쌍식:    321,830,400      삼복:  1,071,295,200
       삼쌍:    454,260,100    합계:  3,179,416,600
-------------------------------------------------------------------------------------------------
배당률 단: ⑩6.5        연: ⑩2.0 ⑨2.7 ②1.5          복: ⑩⑨26.7      4F:51.3
                                                                         3F:39.0
                        쌍: ⑩⑨56.1
     복연: ⑩⑨9.6 ⑩②4.2 ⑨②6.8
     삼복: ⑩⑨②32.4 
     삼쌍: ⑩⑨②315.9 
-------------------------------------------------------------------------------------------------
펄 롱:13.6 11.6 12.3   12.3   12.8   13.9   
통과M:  200  400  600    800    1000   1200
통과T:13.6 25.2 37.5 0:49.8 1:02.6 1:16.5 
-------------------------------------------------------------------------------------------------
통과순위 S1F : (9,^10),(7,11),(2,4,6),1,5,3,8          
         G8F :                                         
         G6F :                                         
         G4F : (9,^10,6,11),2,(1,4,7)-5,3=8            
         G3F : (^10,6,11),9,(1,2),(4,7)-5-3≡8          
         G2F : 10,(9,6),11-(1,2),(4,5),7-3=8           
         G1F : (9,^10)-6-(11,2),(4,5,7),1-3,8          
-------------------------------------------------------------------------------------------------
구분 출전번호  대상명            처분종류     처분내용                     세부내용
-------------------------------------------------------------------------------------------------
특 
이 
사 
항
-------------------------------------------------------------------------------------------------


제목 : 22년12월04일(일)  제 3경주

(부산) 제90일 1400M 국5등급핸디캡      경주명 : 일반                        
경주조건:  R1~35          연령오픈                   날씨:맑음 주로:양호  (6%)
순위상금: 22,000천원   8,800천원   5,600천원   2,000천원   1,600천원
부가상금:      0천원       0천원       0천원
-------------------------------------------------------------------------------------------------
순위 마번    마    명         산지   성별 연령 부담중량  기수명   조교사   마주명           레이팅
-------------------------------------------------------------------------------------------------
  1    8  아이러브한센         한     수     3    55.5   송경윤   양귀선   모순                31
  2    1  청마영웅             한     수     4    52.0   신윤섭   조용배   차청일              28
  3    9  인디언파티           한     수     5    52.5   윤형석   김병학   배은정              31
  4    7  배다리아이콘         한     암     4    51.0   전진구   조용배   송한우              21
  5    2  꽃무리               한     암     4    52.0   채상현   토마스   류화영              26
  6   11  그레이트고           한     암     5    51.0   최은경   장세한   양정두              26
  7   12  대호마               한(포) 수     4    54.5   이성재   구영준   고재완              29
  8    4  글로리송             한     암     4    52.0   김어수   양귀선   김채형              28
  9    6  최강두드림           한(포) 암     4    51.0   김혜선   하무선   말구유              21
 10    3  윈드파크             한     암     5    51.0   정동철   이상영   곽종수              21
 11    5  오메가걸             한     암     5    52.5   다실바   이정표   (주)금악목장        29
 12   10  선더크라운           한     수     2    54.0   최시대   권승주   손병현              30
-------------------------------------------------------------------------------------------------
순위 마번    마      명       마 체 중  기 록  도 착 차  (S1F-S8F-G6F-G4F-G3F-G2F-G1F)
-------------------------------------------------------------------------------------------------
  1    8  아이러브한센         511(+12) 1:28.7            1-  -  - 1- 1- 1- 1
  2    1  청마영웅             473( +0) 1:29.3  4         5-  -  - 2- 2- 2- 2
  3    9  인디언파티           471( +2) 1:29.7  2        10-  -  - 8- 8- 8- 6
  4    7  배다리아이콘         475( +0) 1:29.8  목       12-  -  -12-12-11- 4
  5    2  꽃무리               464( -1) 1:30.6  5         2-  -  - 5- 6- 6- 7
  6   11  그레이트고           516( -9) 1:30.6  코        6-  -  - 7- 7- 7- 9
  7   12  대호마               496( -7) 1:30.8  ¾        4-  -  - 4- 4- 4- 5
  8    4  글로리송             428( -5) 1:30.9  ¾       11-  -  -11-11-12-12
  9    6  최강두드림           488( -2) 1:30.9  코        8-  -  -10-10-10- 8
 10    3  윈드파크             493( +7) 1:30.9  머리      7-  -  - 9- 9- 9-10
 11    5  오메가걸             470( +4) 1:31.0  목        3-  -  - 3- 3- 3- 3
 12   10  선더크라운           473( +0) 1:31.6  4         9-  -  - 6- 5- 5-11
-------------------------------------------------------------------------------------------------
순위 마번 G-3F S-1F    400      400     400     400     G-2F    G-1F    단승식 연승식
-------------------------------------------------------------------------------------------------
  1    8  39.7  0:14.1                  0:22.2  0:25.6  0:26.8  0:14.0     2.7    1.7
  2    1  40.0  0:14.4                  0:22.1  0:25.5  0:27.3  0:14.4     9.5    2.9
  3    9  39.5  0:14.7                  0:22.7  0:25.7  0:26.6  0:13.7    16.7    3.8
  4    7  38.8  0:15.5                  0:22.9  0:25.2  0:26.2  0:13.8    37.1    7.5
  5    2  40.7  0:14.3                  0:22.7  0:25.9  0:27.7  0:14.4    18.8    4.4
  6   11  40.6  0:14.4                  0:22.9  0:25.6  0:27.7  0:14.3    10.0    2.5
  7   12  41.2  0:14.3                  0:22.6  0:25.6  0:28.3  0:14.8    12.1    3.8
  8    4  40.0  0:14.8                  0:23.2  0:25.7  0:27.2  0:13.9    26.0    5.5
  9    6  40.2  0:14.6                  0:23.1  0:25.8  0:27.4  0:14.6     9.1    2.8
 10    3  40.3  0:14.6                  0:23.1  0:25.8  0:27.4  0:14.4    57.6    8.8
 11    5  41.7  0:14.3                  0:22.3  0:25.6  0:28.8  0:15.3     7.3    2.0
 12   10  41.8  0:14.6                  0:22.6  0:25.6  0:28.8  0:15.0     6.8    2.9
-------------------------------------------------------------------------------------------------
(복승식 배당률)
  1- 2    55.4  2- 9   191.7  4- 5    74.7  5-15     0.0  8- 9    24.3 11-12    49.7
  1- 3   182.8  2-10    68.8  4- 6   126.4  5-16     0.0  8-10    12.2 11-13     0.0
  1- 4   112.1  2-11    66.7  4- 7   474.3  6- 7   164.9  8-11    15.4 11-14     0.0
  1- 5    22.2  2-12   104.1  4- 8    45.1  6- 8    14.9  8-12    23.6 11-15     0.0
  1- 6    30.4  2-13     0.0  4- 9   133.9  6- 9    52.7  8-13     0.0 11-16     0.0
  1- 7   249.2  2-14     0.0  4-10    82.4  6-10    34.5  8-14     0.0 12-13     0.0
  1- 8    13.9  2-15     0.0  4-11   126.1  6-11    30.2  8-15     0.0 12-14     0.0
  1- 9    48.9  2-16     0.0  4-12   198.7  6-12    67.6  8-16     0.0 12-15     0.0
  1-10    32.9  3- 4   283.4  4-13     0.0  6-13     0.0  9-10    47.4 12-16     0.0
  1-11    34.4  3- 5   150.7  4-14     0.0  6-14     0.0  9-11    59.5 13-14     0.0
  1-12    71.9  3- 6   198.8  4-15     0.0  6-15     0.0  9-12    84.6 13-15     0.0
  1-13     0.0  3- 7   589.9  4-16     0.0  6-16     0.0  9-13     0.0 13-16     0.0
  1-14     0.0  3- 8    77.8  5- 6    18.9  7- 8    83.7  9-14     0.0 14-15     0.0
  1-15     0.0  3- 9   244.3  5- 7   151.5  7- 9   346.7  9-15     0.0 14-16     0.0
  1-16     0.0  3-10   196.0  5- 8    11.6  7-10   213.4  9-16     0.0 15-16     0.0
  2- 3   299.9  3-11   203.9  5- 9    49.1  7-11   247.0 10-11    28.0  0- 0     0.0
  2- 4   210.7  3-12   371.4  5-10    26.5  7-12   221.9 10-12    45.2  0- 0     0.0
  2- 5    46.2  3-13     0.0  5-11    18.6  7-13     0.0 10-13     0.0  0- 0     0.0
  2- 6    72.5  3-14     0.0  5-12    53.6  7-14     0.0 10-14     0.0  0- 0     0.0
  2- 7   372.7  3-15     0.0  5-13     0.0  7-15     0.0 10-15     0.0  0- 0     0.0
  2- 8    22.9  3-16     0.0  5-14     0.0  7-16     0.0 10-16     0.0  0- 0     0.0
-------------------------------------------------------------------------------------------------
매출액 단식:     33,487,000    연식:     66,355,900      복식:  1,250,873,800
       복연:    157,743,200    쌍식:    309,195,000      삼복:  1,180,504,600
       삼쌍:    429,983,800    합계:  3,428,143,300
-------------------------------------------------------------------------------------------------
배당률 단: ⑧2.7        연: ⑧1.7 ①2.9 ⑨3.8          복: ⑧①13.9      4F:52.4
                                                                         3F:39.7
                        쌍: ⑧①20.5
     복연: ⑧①6.3 ⑧⑨9.0 ①⑨18.3
     삼복: ⑧①⑨67.4 
     삼쌍: ⑧①⑨264.5 
-------------------------------------------------------------------------------------------------
펄 롱:14.1 10.8 11.4   12.7   12.9   12.8   14.0   
통과M:  200  400  600    800    1000   1200   1400
통과T:14.1 24.9 36.3 0:49.0 1:01.9 1:14.7 1:28.7 
-------------------------------------------------------------------------------------------------
통과순위 S1F : 8,(1,2,5,11,12),(3,6,9,10),4-7          
         G8F :                                         
         G6F :                                         
         G4F : 8,(1,5),(2,12),(11,10),9,(3,6),4-7      
         G3F : 8,(1,5),12,(2,10),11,9-(3,6),(7,4)      
         G2F : (1,^8),5,12,(2,11,10),9-(3,7,6),4       
         G1F : 8,1=5,(7,12,9),(2,6,11),(3,10)-4        
-------------------------------------------------------------------------------------------------
구분 출전번호  대상명            처분종류     처분내용                     세부내용
-------------------------------------------------------------------------------------------------
특 
이 
사 
항
-------------------------------------------------------------------------------------------------


제목 : 22년12월04일(일)  제 4경주

(부산) 제90일 1600M 혼4등급핸디캡      경주명 : 일반                        
경주조건:  R1~50          연령오픈                   날씨:맑음 주로:양호  (6%)
순위상금: 33,000천원  13,200천원   8,400천원   3,000천원   2,400천원
부가상금:      0천원       0천원       0천원
-------------------------------------------------------------------------------------------------
순위 마번    마    명         산지   성별 연령 부담중량  기수명   조교사   마주명           레이팅
-------------------------------------------------------------------------------------------------
  1    4  그레이트캡틴         한     수     3    54.5   박재이   구민성   배수한              43
  2    3  위너스타임           미     거     4    54.0   윤형석   윤영훈   오종환              48
  3    7  금아인피니티         한     거     3    54.5   서승운   김영관   금아산업(주)        43
  4    5  서부특급             한     암     3    56.0   유현명   권승주   부건영              50
  5    6  아델보스             한     수     3    52.0   이성재   백광열   이장현              38
  6    2  허니드래건           미     거     4    53.0   채상현   토마스   류주영              40
  7    1  스타캐치             한     암     3    51.0   서강주   강형곤   권주순              36
  8    8  대호평정             한     거     4    51.0   이홍락   강은석   고재완              40
-------------------------------------------------------------------------------------------------
순위 마번    마      명       마 체 중  기 록  도 착 차  (S1F-S8F-G6F-G4F-G3F-G2F-G1F)
-------------------------------------------------------------------------------------------------
  1    4  그레이트캡틴         480( -2) 1:40.4            2-  - 2- 2- 2- 1- 1
  2    3  위너스타임           447( +3) 1:41.8  8         4-  - 5- 5- 5- 4- 3
  3    7  금아인피니티         465( -1) 1:42.5  4         3-  - 4- 6- 7- 7- 5
  4    5  서부특급             485( -2) 1:42.8  1¾       1-  - 1- 1- 1- 2- 2
  5    6  아델보스             518(+12) 1:43.0  1         5-  - 3- 3- 3- 3- 4
  6    2  허니드래건           508( +0) 1:43.0  목        8-  - 8- 7- 6- 6- 6
  7    1  스타캐치             449( +2) 1:43.7  4         7-  - 7- 4- 4- 5- 7
  8    8  대호평정             493( +6) 1:46.2  15        6-  - 6- 8- 8- 8- 8
-------------------------------------------------------------------------------------------------
순위 마번 G-3F S-1F    400      400     400     400     G-2F    G-1F    단승식 연승식
-------------------------------------------------------------------------------------------------
  1    4  39.2  0:14.0          0:25.4  0:23.4  0:24.9  0:26.7  0:13.9     2.0    1.1
  2    3  40.0  0:14.1          0:25.5  0:23.5  0:25.6  0:27.2  0:14.0     7.9    1.7
  3    7  40.4  0:14.0          0:25.4  0:23.8  0:25.8  0:27.5  0:14.2     5.1    1.6
  4    5  41.6  0:13.9          0:25.3  0:23.4  0:25.1  0:29.0  0:15.4     4.3    1.3
  5    6  41.3  0:14.1          0:25.4  0:23.5  0:25.6  0:28.5  0:14.8    32.8    6.1
  6    2  40.9  0:14.4          0:25.8  0:23.6  0:25.6  0:28.0  0:14.6    37.8    5.3
  7    1  41.9  0:14.3          0:25.7  0:23.3  0:25.9  0:28.8  0:15.0    38.4    6.6
  8    8  43.8  0:14.1          0:25.5  0:24.0  0:26.5  0:30.2  0:15.8    10.0    2.6
-------------------------------------------------------------------------------------------------
(복승식 배당률)
  1- 2   249.9  2- 9     0.0  4- 5     2.6  5-15     0.0  8- 9     0.0 11-12     0.0
  1- 3    90.3  2-10     0.0  4- 6    45.0  5-16     0.0  8-10     0.0 11-13     0.0
  1- 4    34.2  2-11     0.0  4- 7     5.9  6- 7   124.8  8-11     0.0 11-14     0.0
  1- 5    65.3  2-12     0.0  4- 8    10.8  6- 8   142.5  8-12     0.0 11-15     0.0
  1- 6   307.2  2-13     0.0  4- 9     0.0  6- 9     0.0  8-13     0.0 11-16     0.0
  1- 7   109.1  2-14     0.0  4-10     0.0  6-10     0.0  8-14     0.0 12-13     0.0
  1- 8   151.6  2-15     0.0  4-11     0.0  6-11     0.0  8-15     0.0 12-14     0.0
  1- 9     0.0  2-16     0.0  4-12     0.0  6-12     0.0  8-16     0.0 12-15     0.0
  1-10     0.0  3- 4     5.2  4-13     0.0  6-13     0.0  9-10     0.0 12-16     0.0
  1-11     0.0  3- 5    11.4  4-14     0.0  6-14     0.0  9-11     0.0 13-14     0.0
  1-12     0.0  3- 6   169.9  4-15     0.0  6-15     0.0  9-12     0.0 13-15     0.0
  1-13     0.0  3- 7    19.4  4-16     0.0  6-16     0.0  9-13     0.0 13-16     0.0
  1-14     0.0  3- 8    37.8  5- 6    72.8  7- 8    27.7  9-14     0.0 14-15     0.0
  1-15     0.0  3- 9     0.0  5- 7    10.6  7- 9     0.0  9-15     0.0 14-16     0.0
  1-16     0.0  3-10     0.0  5- 8    20.3  7-10     0.0  9-16     0.0 15-16     0.0
  2- 3   130.9  3-11     0.0  5- 9     0.0  7-11     0.0 10-11     0.0  0- 0     0.0
  2- 4    42.2  3-12     0.0  5-10     0.0  7-12     0.0 10-12     0.0  0- 0     0.0
  2- 5    84.8  3-13     0.0  5-11     0.0  7-13     0.0 10-13     0.0  0- 0     0.0
  2- 6   438.7  3-14     0.0  5-12     0.0  7-14     0.0 10-14     0.0  0- 0     0.0
  2- 7   166.0  3-15     0.0  5-13     0.0  7-15     0.0 10-15     0.0  0- 0     0.0
  2- 8   200.7  3-16     0.0  5-14     0.0  7-16     0.0 10-16     0.0  0- 0     0.0
-------------------------------------------------------------------------------------------------
매출액 단식:     37,291,200    연식:     48,589,900      복식:    977,719,300
       복연:    140,772,600    쌍식:    476,180,900      삼복:  1,212,375,100
       삼쌍:    710,491,500    합계:  3,603,420,500
-------------------------------------------------------------------------------------------------
배당률 단: ④2.0        연: ④1.1 ③1.7 ⑦1.6          복: ④③5.2       4F:51.7
                                                                         3F:39.2
                        쌍: ④③7.6
     복연: ④③2.0 ④⑦2.4 ③⑦5.2
     삼복: ④③⑦8.7 
     삼쌍: ④③⑦24.8 
-------------------------------------------------------------------------------------------------
펄 롱:13.9 11.4 11.4   12.0   12.5   12.5   12.8   13.9   
통과M:  200  400  600    800    1000   1200   1400   1600       
통과T:13.9 25.3 36.7 0:48.7 1:01.2 1:13.7 1:26.5 1:40.4 
-------------------------------------------------------------------------------------------------
통과순위 S1F : (^5,4,7),(3,6,8),(1,2)                  
         G8F :                                         
         G6F : (^5,4,6,7),(3,8),(1,2)                  
         G4F : (^5,4),(1,3,6),7,(2,8)                  
         G3F : (5,4)-(1,3,6),(2,7),8                   
         G2F : (5,^4)-(3,6),(1,2,7)=8                  
         G1F : 4=5-3-(6,7),2,1≡8                       
-------------------------------------------------------------------------------------------------
구분 출전번호  대상명            처분종류     처분내용                     세부내용
-------------------------------------------------------------------------------------------------
말      8      대호평정          주행심사                                  경주능력부진(1위마와 34마신 차)                   
-------------------------------------------------------------------------------------------------


제목 : 22년12월04일(일)  제 5경주

(부산) 제90일 1200M 2등급  핸디캡      경주명 : 일반                        
경주조건:  R1~80          연령오픈                   날씨:맑음 주로:양호  (6%)
순위상금: 49,500천원  19,800천원  12,600천원   4,500천원   3,600천원
부가상금:      0천원       0천원       0천원
-------------------------------------------------------------------------------------------------
순위 마번    마    명         산지   성별 연령 부담중량  기수명   조교사   마주명           레이팅
-------------------------------------------------------------------------------------------------
  1    2  최강쏜살             한     수     4    52.0   정도윤   강형곤   전종섭              63
  2    3  에이스킬러           미     수     4    51.0   서강주   김영민   이권형              52
  3    6  오르다               한     수     3    51.0   윤형석   윤영훈   이동헌              68
  4   10  굿탱크               한     암     4    52.0   박재이   임금만   류주영              58
  5    9  월드삭스             미     암     4    52.0   채상현   라이스   김창식              68
  6    1  원더풀킹             한     수     4    52.0   송경윤   양귀선   이성인              67
  7    4  무적불패             한(포) 수     4    51.5   유현명   윤영훈   이임보              67
  8    7  카피댓               한     거     5    58.0   모준호   울즐리   페가수스            80
  9    8  바벨히트             미     거     5    54.5   이성재   양귀선   김명환              73
 10   11  금아사이킥           미     거     4    52.0   서승운   김영관   금아산업(주)        68
 11   12  일념통천             한     암     5    52.0   김혜선   권승주   김현우              72
 12    5  에이커스드림         미     거     5    54.5   신윤섭   손병직   정경목              77
-------------------------------------------------------------------------------------------------
순위 마번    마      명       마 체 중  기 록  도 착 차  (S1F-S8F-G6F-G4F-G3F-G2F-G1F)
-------------------------------------------------------------------------------------------------
  1    2  최강쏜살             502( -5) 1:13.7            3-  -  - 2- 1- 2- 1
  2    3  에이스킬러           481( +9) 1:13.8  ¾        7-  -  - 4- 4- 3- 2
  3    6  오르다               505( -8) 1:14.0  1        12-  -  - 8-10- 9- 8
  4   10  굿탱크               486( +9) 1:14.2  1¼       6-  -  - 7- 8- 7- 6
  5    9  월드삭스             495( -4) 1:14.3  ¾        5-  -  - 6- 6- 5- 5
  6    1  원더풀킹             508( -4) 1:14.4  목        2-  -  - 1- 3- 4- 4
  7    4  무적불패             505( +5) 1:14.5  ¾        1-  -  - 3- 2- 1- 3
  8    7  카피댓               467( +1) 1:14.6  ¾       11-  -  - 9- 7- 6- 7
  9    8  바벨히트             479( +8) 1:15.1  3        10-  -  -10-11-11-10
 10   11  금아사이킥           479( -5) 1:16.0  5         8-  -  -11- 9-10- 9
 11   12  일념통천             465( -7) 1:16.1  1         9-  -  -12-12-12-12
 12    5  에이커스드림         430(-33) 1:17.4  7         4-  -  - 5- 5- 8-11
-------------------------------------------------------------------------------------------------
순위 마번 G-3F S-1F    400      400     400     400     G-2F    G-1F    단승식 연승식
-------------------------------------------------------------------------------------------------
  1    2  37.5  0:13.6                  0:24.3  0:23.8  0:25.6  0:13.4     5.1    1.7
  2    3  37.4  0:13.9                  0:24.5  0:23.7  0:25.6  0:13.5    28.6    6.6
  3    6  37.1  0:14.3                  0:24.9  0:24.1  0:25.0  0:12.9     2.9    1.3
  4   10  37.4  0:13.8                  0:24.8  0:23.9  0:25.5  0:13.4    24.6    4.2
  5    9  37.6  0:13.8                  0:24.7  0:23.9  0:25.7  0:13.5     6.2    2.4
  6    1  38.1  0:13.6                  0:24.3  0:24.0  0:26.1  0:13.7     5.4    1.8
  7    4  38.3  0:13.5                  0:24.3  0:23.7  0:26.5  0:14.0    10.1    3.5
  8    7  37.8  0:14.1                  0:24.9  0:23.8  0:25.9  0:13.6    27.8    5.7
  9    8  38.0  0:14.0                  0:25.0  0:24.2  0:25.9  0:13.4    51.8    6.6
 10   11  39.2  0:13.9                  0:25.0  0:24.0  0:27.0  0:14.3    19.1    7.9
 11   12  39.0  0:13.9                  0:25.0  0:24.5  0:26.6  0:13.8    23.6    6.1
 12    5  41.0  0:13.6                  0:24.5  0:24.2  0:28.7  0:15.3    31.4    7.4
-------------------------------------------------------------------------------------------------
(복승식 배당률)
  1- 2     8.8  2- 9    15.7  4- 5   183.9  5-15     0.0  8- 9   119.9 11-12   193.9
  1- 3    53.0  2-10    56.7  4- 6    19.0  5-16     0.0  8-10   400.0 11-13     0.0
  1- 4    36.9  2-11    82.4  4- 7   153.1  6- 7    24.4  8-11   434.5 11-14     0.0
  1- 5   142.2  2-12    73.2  4- 8   287.4  6- 8    51.4  8-12   341.1 11-15     0.0
  1- 6     8.0  2-13     0.0  4- 9    38.7  6- 9     8.8  8-13     0.0 11-16     0.0
  1- 7    75.8  2-14     0.0  4-10   128.1  6-10    21.8  8-14     0.0 12-13     0.0
  1- 8   155.6  2-15     0.0  4-11   192.5  6-11    40.9  8-15     0.0 12-14     0.0
  1- 9    13.8  2-16     0.0  4-12   162.4  6-12    38.9  8-16     0.0 12-15     0.0
  1-10    75.1  3- 4   116.5  4-13     0.0  6-13     0.0  9-10    55.8 12-16     0.0
  1-11    87.4  3- 5   356.7  4-14     0.0  6-14     0.0  9-11    75.3 13-14     0.0
  1-12    89.0  3- 6    24.5  4-15     0.0  6-15     0.0  9-12    58.6 13-15     0.0
  1-13     0.0  3- 7   286.1  4-16     0.0  6-16     0.0  9-13     0.0 13-16     0.0
  1-14     0.0  3- 8   369.0  5- 6    50.1  7- 8   328.4  9-14     0.0 14-15     0.0
  1-15     0.0  3- 9    70.1  5- 7   350.5  7- 9    73.8  9-15     0.0 14-16     0.0
  1-16     0.0  3-10   170.7  5- 8   559.7  7-10   291.4  9-16     0.0 15-16     0.0
  2- 3    39.2  3-11   289.2  5- 9   121.3  7-11   293.9 10-11   190.6  0- 0     0.0
  2- 4    33.1  3-12   296.2  5-10   356.6  7-12   240.8 10-12   167.7  0- 0     0.0
  2- 5   115.3  3-13     0.0  5-11   432.0  7-13     0.0 10-13     0.0  0- 0     0.0
  2- 6     7.3  3-14     0.0  5-12   346.9  7-14     0.0 10-14     0.0  0- 0     0.0
  2- 7    69.6  3-15     0.0  5-13     0.0  7-15     0.0 10-15     0.0  0- 0     0.0
  2- 8   118.1  3-16     0.0  5-14     0.0  7-16     0.0 10-16     0.0  0- 0     0.0
-------------------------------------------------------------------------------------------------
매출액 단식:     43,262,700    연식:     66,656,400      복식:  1,473,144,000
       복연:    185,377,800    쌍식:    399,416,100      삼복:  1,362,517,400
       삼쌍:    538,861,900    합계:  4,069,236,300
-------------------------------------------------------------------------------------------------
배당률 단: ②5.1        연: ②1.7 ③6.6 ⑥1.3          복: ②③39.2      4F:49.4
                                                                         3F:37.6
                        쌍: ②③74.5
     복연: ②③14.9 ②⑥3.2 ③⑥9.7
     삼복: ②③⑥35.8 
     삼쌍: ②③⑥340.4 
-------------------------------------------------------------------------------------------------
펄 롱:13.5 10.8 11.8   11.9   12.3   13.4   
통과M:  200  400  600    800    1000   1200
통과T:13.5 24.3 36.1 0:48.0 1:00.3 1:13.7 
-------------------------------------------------------------------------------------------------
통과순위 S1F : (1,2,^4,5),(3,9,10,11,12),(7,8),6       
         G8F :                                         
         G6F :                                         
         G4F : (1,2,4),(3,5),(9,10),(6,7,8,11,12)      
         G3F : (1,2,4),(3,5),(9,7,10,11),6,(8,12)      
         G2F : (2,^4),(1,3),(9,7,10,5),(6,11),8,12     
         G1F : (2,3),4,(9,1,10),(7,6)-(11,8)-5,12      
-------------------------------------------------------------------------------------------------
구분 출전번호  대상명            처분종류     처분내용                     세부내용
-------------------------------------------------------------------------------------------------
특 
이 
사 
항
-------------------------------------------------------------------------------------------------


제목 : 22년12월04일(일)  제 6경주

(부산) 제90일 1400M 국OPEN 별정A       경주명 : 브리더스컵(GradeⅡ)                        
경주조건:  R0~140         2세                        날씨:흐림 주로:양호  (6%)
순위상금:357,500천원 143,000천원  91,000천원  32,500천원  26,000천원
부가상금:  8,268천원   4,134천원   1,378천원
-------------------------------------------------------------------------------------------------
순위 마번    마    명         산지   성별 연령 부담중량  기수명   조교사   마주명           레이팅
-------------------------------------------------------------------------------------------------
  1   15  스피드영             한     수     2    55.0   유현명   방동석   (주)디알엠씨티      44
  2    8  [서]나노메타         한     수     2    55.0   안토니오 안해양   임두인              34
  3    5  판타스틱킹덤         한     수     2    55.0   서승운   임금만   무지개렌트카        56
  4   12  [서]나올스나이퍼     한     수     2    55.0   이동하   이준철   이경호a             48
  5    9  [서]쾌향             한     수     2    55.0   박을운   박재우   씨유네트워크        38
  6   14  월드레전드           한     수     2    55.0   조인권   구민성   김진영a             34
  7    2  [서]럭키선           한     수     2    55.0   다비드   안해양   (주)인펨            40
  8   10  피스톨스타           한     수     2    55.0   임성실   백광열   강훈표              29
  9    6  즐거운여정           한     암     2    53.0   다실바   김영관   (주)나스카          54
 10   11  [서]자이언트펀치     한     수     2    55.0   송재철   송문길   이종훈              42
 11    3  바람바람             한     수     2    55.0   송경윤   김영관   유길상              31
 12   16  초이스런             한     수     2    55.0   최시대   권승주   손병철              42
 13    4  [서]스트롱참         한     수     2    55.0   장추열   김동철   김세민              32
 14    7  아르크투루스         한     수     2    55.0   정도윤   백광열   이종훈              39
 15   13  [서]몬스터파워       한     수     2    55.0   정정희   리카디   홍종철              40
 16    1  [서]선드래곤         한     수     2    55.0   김용근   최용구   선우패션            48
-------------------------------------------------------------------------------------------------
순위 마번    마      명       마 체 중  기 록  도 착 차  (S1F-S8F-G6F-G4F-G3F-G2F-G1F)
-------------------------------------------------------------------------------------------------
  1   15  스피드영             468( -7) 1:26.6           10-  -  - 7- 5- 3- 1
  2    8  [서]나노메타         487( +2) 1:27.4  5        13-  -  -12-12-10- 5
  3    5  판타스틱킹덤         518( -4) 1:27.6  1         3-  -  - 3- 1- 1- 2
  4   12  [서]나올스나이퍼     482( -6) 1:27.7  ½        7-  -  - 9- 8- 6- 6
  5    9  [서]쾌향             487( +2) 1:27.7  ½       11-  -  -11-10- 8- 7
  6   14  월드레전드           474( +1) 1:27.9  1         5-  -  - 5- 6- 5- 8
  7    2  [서]럭키선           502( +1) 1:28.0  1         2-  -  - 2- 2- 2- 3
  8   10  피스톨스타           496( +1) 1:28.0  코       14-  -  -14-14-13-10
  9    6  즐거운여정           488( -5) 1:28.2  1         4-  -  - 4- 4- 4- 4
 10   11  [서]자이언트펀치     497( -8) 1:28.3  목        8-  -  - 8- 9- 7- 9
 11    3  바람바람             507( -3) 1:29.4  7        15-  -  -16-15-15-12
 12   16  초이스런             522( +1) 1:30.1  4         6-  -  - 6- 7- 9-11
 13    4  [서]스트롱참         531( +4) 1:30.7  4        12-  -  -13-13-12-13
 14    7  아르크투루스         490( +8) 1:31.1  2½      16-  -  -15-16-16-14
 15   13  [서]몬스터파워       477( -6) 1:32.1  5         9-  -  -10-11-14-15
 16    1  [서]선드래곤         499( +0) 1:32.6  3         1-  -  - 1- 3-11-16
-------------------------------------------------------------------------------------------------
순위 마번 G-3F S-1F    400      400     400     400     G-2F    G-1F    단승식 연승식
-------------------------------------------------------------------------------------------------
  1   15  38.6  0:13.8                  0:21.8  0:24.9  0:26.1  0:13.7    11.3    3.4
  2    8  38.6  0:14.1                  0:22.2  0:25.0  0:26.1  0:13.6    34.7    4.6
  3    5  40.2  0:13.5                  0:21.4  0:25.5  0:27.2  0:14.3     3.0    1.5
  4   12  39.5  0:13.7                  0:22.0  0:25.3  0:26.7  0:13.8    17.6    3.5
  5    9  39.0  0:13.9                  0:22.4  0:24.9  0:26.5  0:13.8    67.1    9.6
  6   14  39.9  0:13.6                  0:21.7  0:25.6  0:27.0  0:13.9    93.5   31.5
  7    2  40.5  0:13.5                  0:21.4  0:25.6  0:27.5  0:14.6     4.9    1.8
  8   10  38.8  0:14.1                  0:22.5  0:25.1  0:26.3  0:13.6   128.3   13.1
  9    6  40.5  0:13.6                  0:21.5  0:25.5  0:27.6  0:14.5     3.1    1.4
 10   11  39.9  0:13.8                  0:21.9  0:25.4  0:27.2  0:14.2    15.9    4.0
 11    3  40.0  0:14.4                  0:22.4  0:25.2  0:27.4  0:14.4    78.7   16.5
 12   16  42.0  0:13.6                  0:21.9  0:25.7  0:28.9  0:15.3    72.3   19.7
 13    4  41.6  0:14.1                  0:22.4  0:25.2  0:29.0  0:15.4    89.3   20.4
 14    7  41.7  0:14.5                  0:22.2  0:25.7  0:28.7  0:15.2    72.7   11.9
 15   13  43.4  0:13.8                  0:22.2  0:25.9  0:30.2  0:16.1   144.1   47.8
 16    1  44.9  0:13.5                  0:21.4  0:26.5  0:31.2  0:16.3    15.6    3.4
-------------------------------------------------------------------------------------------------
(복승식 배당률)
  1- 2    27.5  2- 9   168.0  4- 5   222.0  5-15    15.4  8- 9   395.8 11-12   134.0
  1- 3   389.9  2-10   470.3  4- 6   252.3  5-16   129.5  8-10  1370.2 11-13  1475.3
  1- 4   525.0  2-11    40.6  4- 7  2646.8  6- 7    92.1  8-11   134.5 11-14   735.1
  1- 5    18.7  2-12    31.8  4- 8  1280.9  6- 8    29.0  8-12   141.9 11-15    80.2
  1- 6    22.0  2-13   735.2  4- 9  1954.0  6- 9    80.5  8-13  2193.8 11-16   940.0
  1- 7   536.6  2-14   379.7  4-10  2755.9  6-10   233.0  8-14  1508.8 12-13  1133.1
  1- 8   182.8  2-15    24.9  4-11   861.2  6-11    29.0  8-15   127.0 12-14   861.1
  1- 9   362.7  2-16   307.2  4-12   939.8  6-12    21.5  8-16  1285.9 12-15    69.1
  1-10   810.2  3- 4  1337.9  4-13  5066.6  6-13   390.4  9-10  1722.1 12-16   679.0
  1-11   130.9  3- 5   175.3  4-14  5010.2  6-14   179.0  9-11   323.3 13-14  3011.8
  1-12    83.8  3- 6   138.9  4-15   752.0  6-15    17.8  9-12   360.8 13-15  1114.5
  1-13   995.5  3- 7  2190.5  4-16  3172.5  6-16   139.4  9-13  2485.5 13-16  3587.1
  1-14   722.2  3- 8   979.0  5- 6     4.5  7- 8   823.5  9-14  1190.6 14-15   442.6
  1-15    66.6  3- 9  1665.9  5- 7   149.4  7- 9  1588.9  9-15   344.5 14-16  1017.2
  1-16   356.2  3-10  2355.6  5- 8    34.6  7-10  1836.3  9-16  2211.4 15-16   230.9
  2- 3   204.2  3-11  1137.4  5- 9   100.7  7-11   791.4 10-11  1458.9  0- 0     0.0
  2- 4   323.9  3-12   374.3  5-10   246.2  7-12   494.1 10-12  1134.3  0- 0     0.0
  2- 5     8.3  3-13  4487.7  5-11    29.7  7-13  4978.2 10-13  2514.7  0- 0     0.0
  2- 6     7.3  3-14  3036.3  5-12    24.9  7-14  3056.9 10-14  3329.1  0- 0     0.0
  2- 7   196.2  3-15   393.8  5-13   396.4  7-15   405.5 10-15   664.7  0- 0     0.0
  2- 8    49.3  3-16  2353.0  5-14   230.6  7-16  2087.9 10-16  2830.6  0- 0     0.0
-------------------------------------------------------------------------------------------------
매출액 단식:     51,240,900    연식:     70,146,800      복식:  1,172,943,100
       복연:    154,089,300    쌍식:    341,164,100      삼복:  1,160,526,800
       삼쌍:    486,140,900    합계:  3,436,251,900
-------------------------------------------------------------------------------------------------
배당률 단: ⑮11.3       연: ⑮3.4 ⑧4.6 ⑤1.5          복: ⑮⑧127.0     4F:51.7
                                                                         3F:39.2
                        쌍: ⑮⑧308.6
     복연: ⑮⑧29.1 ⑮⑤6.2 ⑧⑤11.5
     삼복: ⑮⑧⑤115.2 
     삼쌍: ⑮⑧⑤1632.4 
-------------------------------------------------------------------------------------------------
펄 롱:13.5 10.2 11.2   12.5   13.0   12.5   13.7   
통과M:  200  400  600    800    1000   1200   1400
통과T:13.5 23.7 34.9 0:47.4 1:00.4 1:12.9 1:26.6 
-------------------------------------------------------------------------------------------------
통과순위 S1F : (1,2,5,6,14,16),(11,12,13,15),9,(4,8,10),(3,7)
         G8F :                                         
         G6F :                                         
         G4F : (1,2,5),6,14,(15,16),(11,12),13,(9,8),(4,10),(3,7)
         G3F : (2,^5),(1,6),(15,14,16),12,11,(9,8,13),(4,10),(3,7)
         G2F : (2,15,^5),6,(12,14),(11,9,16),(1,8),(4,10),(3,13)-7
         G1F : 15-(2,5),(6,8),(12,9,14),11,10-16,3,4-(13,7),1
-------------------------------------------------------------------------------------------------
구분 출전번호  대상명            처분종류     처분내용                     세부내용
-------------------------------------------------------------------------------------------------
기수   12      이동하            과태금       200,000원                    결승선 직선주로 채찍 과다사용(대상경주 고려)      
기수    8      안토니오          견책                                      결승선 전방 약 250m 지점 안으로 진로변경 14번 주행방해
말      8      나노메타          주의                                      결승선 직선주로 안쪽으로 기댐                     
조교사  8      안해양            과태금       200,000원                    등록된 마주복색 미착용                            
-------------------------------------------------------------------------------------------------
