

제목 : 22년 7월23일 (토)   제28차 주행심사성적  제 1경주

날    씨 : 흐림                               주로상태 : 양호 (9%)
--------------------------------------------------------------------------------
   순위  마번  마    명         산지  성  연령   부  담  기수명    조교사명
--------------------------------------------------------------------------------
     1     1   드림오브퀸        한   암    2    53+ 1.0 이성재     울즐리   
     2     2   다시영광          한   암    4    55      최시대     권승주   
     3     4   블랙지수          한   암    3    54      모준호     방동석   
     4     3   헬로선샤인        한   거    2    53      조인권     김병학   
     5     6   닥터티파니        한   암    2    53+ 1.0 서승운     백광열   
     6     7   일출골드          한   암    2    53+ 2.0 박재이     민장기   
     7     5   스마일보이        한   수    2    53      채상현     구민성   
--------------------------------------------------------------------------------
   순위 마번  마    명        마체중 기  록  도착차    판정 불합격사유   검사사유
--------------------------------------------------------------------------------
     1    1   드림오브퀸        484  1:03.3            합             주행미합(신)
     2    2   다시영광          479  1:04.1   4        합             주행미합(신)
     3    4   블랙지수          443  1:04.5   2        합             주행미합(신)
     4    3   헬로선샤인        454  1:04.6   ½       합             주행미합(신)
     5    6   닥터티파니        443  1:05.2   3        합             주행미합(신)
     6    7   일출골드          442  1:05.6   2        합             주행미합(신)
     7    5   스마일보이        500  1:06.8   7        불   능력미달  주행미합(신)
--------------------------------------------------------------------------------
   순위  마번   S1F-G3F-G2F-G1F  S1-F    400     G400     G-3F     G-1F 
--------------------------------------------------------------------------------
     1     1     2- 1- 1- 1      14.0    23.5    25.8     0:38.0   0:13.4
     2     2     1- 2- 2- 2      13.9    23.8    26.4     0:38.7   0:13.9
     3     4     3- 3- 3- 3      14.0    24.4    26.1     0:38.7   0:13.4
     4     3     6- 5- 4- 4      14.7    24.4    25.5     0:37.9   0:13.2
     5     6     5- 6- 6- 6      14.4    25.0    25.8     0:38.4   0:13.3
     6     7     4- 4- 5- 5      14.1    25.0    26.5     0:39.3   0:14.0
     7     5     7- 7- 7- 7      14.7    25.2    26.9     0:39.9   0:13.8
--------------------------------------------------------------------------------
      4펄롱 :  49.4       3펄롱 :  38.0
--------------------------------------------------------------------------------


제목 : 22년 7월23일 (토)   제28차 주행심사성적  제 2경주

날    씨 : 흐림                               주로상태 : 양호 (9%)
--------------------------------------------------------------------------------
   순위  마번  마    명         산지  성  연령   부  담  기수명    조교사명
--------------------------------------------------------------------------------
     1     3   베르다            한   암    2    53      유현명     안우성   
     2     1   정문스펙터        한   수    2    53      모준호     울즐리   
     3     5   블루아이콘        한   암    2    53+ 1.0 다실바     권승주   
     4     6   쿠케난            한   암    2    53      김혜선     임동창   
     5     2   머니파크          한   암    3    54      전진구     구민성   
     6     7   플라잉터치        한   암    2    53+ 1.0 정도윤     김병학   
     7     4   케이에프오공      한   암    2    53      서강주     하무선   
--------------------------------------------------------------------------------
   순위 마번  마    명        마체중 기  록  도착차    판정 불합격사유   검사사유
--------------------------------------------------------------------------------
     1    3   베르다            457  1:02.7            합             주행미합(신)
     2    1   정문스펙터        490  1:02.9   1        합             주행미합(신)
     3    5   블루아이콘        427  1:03.9   6        합             주행미합(신)
     4    6   쿠케난            447  1:04.3   2½      합             주행미합(신)
     5    2   머니파크          469  1:04.9   3        합             주행미합(신)
     6    7   플라잉터치        493  1:06.5   9        불   능력미달  주행미합(신)
     7    4   케이에프오공      420  1:08.3   10       불   능력미달  주행미합(신)
--------------------------------------------------------------------------------
   순위  마번   S1F-G3F-G2F-G1F  S1-F    400     G400     G-3F     G-1F 
--------------------------------------------------------------------------------
     1     3     2- 2- 2- 2      14.2    23.3    25.2     0:37.2   0:12.9
     2     1     1- 1- 1- 1      14.1    23.4    25.4     0:37.4   0:13.1
     3     5     6- 3- 3- 3      14.5    23.3    26.1     0:38.1   0:13.5
     4     6     3- 4- 5- 4      14.2    24.3    25.8     0:38.4   0:13.3
     5     2     5- 5- 4- 5      14.4    24.0    26.5     0:38.8   0:13.6
     6     7     4- 6- 6- 6      14.2    24.9    27.4     0:40.4   0:14.2
     7     4     7- 7- 7- 7      14.5    25.9    27.9     0:40.7   0:14.7
--------------------------------------------------------------------------------
      4펄롱 :  48.6       3펄롱 :  37.2
--------------------------------------------------------------------------------


제목 : 22년 7월23일 (토)   제28차 주행심사성적  제 3경주

날    씨 : 흐림                               주로상태 : 양호 (9%)
--------------------------------------------------------------------------------
   순위  마번  마    명         산지  성  연령   부  담  기수명    조교사명
--------------------------------------------------------------------------------
     1     2   글로벌사랑        한   수    2    53      전진구     임동창   
     2     5   솔레다드          한   암    2    53+ 1.0 이성재     울즐리   
     3     1   원더풀로맨스      한   암    4    55      유현명     김영관   
     4     7   서던조이          한   암    2    53      조인권     구민성   
     5     6   샤이닝보스        한   수    2    53+ 1.0 다실바     권승주   
     6     4   닥터팡팡          한   수    2    53      최시대     백광열   
     7     3   해피째즈          한   암    2    53+ 1.0 서승운     울즐리   
--------------------------------------------------------------------------------
   순위 마번  마    명        마체중 기  록  도착차    판정 불합격사유   검사사유
--------------------------------------------------------------------------------
     1    2   글로벌사랑        470  1:03.9            합             주행미합(신)
     2    5   솔레다드          410  1:03.9   코       합             주행미합(신)
     3    1   원더풀로맨스      525  1:04.0   목       합             주행미합(신)
     4    7   서던조이          465  1:04.5   3        합             주행미합(신)
     5    6   샤이닝보스        500  1:04.7   1¼      합             주행미합(신)
     6    4   닥터팡팡          517  1:05.4   4        합             주행미합(신)
     7    3   해피째즈          468  1:11.1   33       불   능력미달  주행미합(신)
--------------------------------------------------------------------------------
   순위  마번   S1F-G3F-G2F-G1F  S1-F    400     G400     G-3F     G-1F 
--------------------------------------------------------------------------------
     1     2     5- 3- 4- 4      14.5    24.2    25.2     0:37.6   0:12.9
     2     5     2- 1- 1- 2      14.2    24.2    25.5     0:37.9   0:13.1
     3     1     7- 5- 3- 1      15.5    23.2    25.3     0:37.0   0:13.2
     4     7     1- 2- 2- 3      14.0    24.5    26.0     0:38.5   0:13.6
     5     6     4- 4- 5- 5      14.3    24.5    25.9     0:38.4   0:13.3
     6     4     3- 6- 6- 6      14.3    26.1    25.0     0:38.3   0:12.8
     7     3     6- 7- 7- 7      14.8    27.7    28.6     0:43.6   0:13.9
--------------------------------------------------------------------------------
      4펄롱 :  49.9       3펄롱 :  37.9
--------------------------------------------------------------------------------


제목 : 22년 7월23일 (토)   제28차 주행심사성적  제 4경주

날    씨 : 흐림                               주로상태 : 양호 (9%)
--------------------------------------------------------------------------------
   순위  마번  마    명         산지  성  연령   부  담  기수명    조교사명
--------------------------------------------------------------------------------
     1     2   사키사키          한   암    7    55      윤형석     하무선   
     2     8   아름다운인연      한   암    3    54+ 1.0 박재이     김영관   
     3     4   리턴오브섭서디    미   수    6    57      모준호     울즐리   
     4     5   메인브리지        한   수    3    55+ 1.0 조인권     강은석   
     5     3   윙크데이          한   암    4    55      김어수     방동석   
     6     1   담양돌풍          한   거    4    57      이홍락     양귀선   
     7     6   원마인드          한   암    2    53+ 1.0 정도윤     민장기   
     8     7   로라이마          한   암    2    53      김혜선     임동창   
--------------------------------------------------------------------------------
   순위 마번  마    명        마체중 기  록  도착차    판정 불합격사유   검사사유
--------------------------------------------------------------------------------
     1    2   사키사키          487  1:01.8            합             주행지정(재)
     2    8   아름다운인연      504  1:02.0   1        연             연습주행    
     3    4   리턴오브섭서디    518  1:02.1   ¾       합             장기휴양(재)
     4    5   메인브리지        492  1:02.2   1        합             장기휴양(재)
     5    3   윙크데이          517  1:02.4   1¼      합             장기휴양(재)
     6    1   담양돌풍          435  1:03.0   3        합             주행지정(재)
     7    6   원마인드          518  1:03.6   4        연             연습주행    
     8    7   로라이마          466  1:05.4   10       연             연습주행    
--------------------------------------------------------------------------------
   순위  마번   S1F-G3F-G2F-G1F  S1-F    400     G400     G-3F     G-1F 
--------------------------------------------------------------------------------
     1     2     4- 3- 3- 3      14.1    23.2    24.5     0:36.2   0:12.5
     2     8     2- 2- 2- 1      13.8    23.0    25.2     0:36.9   0:12.9
     3     4     5- 4- 4- 4      14.1    23.5    24.5     0:36.5   0:12.6
     4     5     6- 6- 5- 5      14.3    23.3    24.6     0:36.2   0:12.7
     5     3     1- 1- 1- 2      13.8    23.0    25.6     0:37.4   0:13.2
     6     1     8- 7- 7- 6      14.5    23.6    24.9     0:36.9   0:12.8
     7     6     3- 5- 6- 7      14.0    24.0    25.6     0:37.8   0:13.0
     8     7     7- 8- 8- 8      14.3    25.5    25.6     0:38.6   0:12.9
--------------------------------------------------------------------------------
      4펄롱 :  48.0       3펄롱 :  36.8
--------------------------------------------------------------------------------


제목 : 22년 7월23일 (토)   제28차 주행심사성적  제 5경주

날    씨 : 흐림                               주로상태 : 양호 (9%)
--------------------------------------------------------------------------------
   순위  마번  마    명         산지  성  연령   부  담  기수명    조교사명
--------------------------------------------------------------------------------
     1     8   스톰투윈          한   암    5    55      서강주     이상영   
     2     2   호랭이            한   암    4    55      박재이     임금만   
     3     1   스페셜히어로      한   암    3    54      전진구     강형곤   
     4     3   스타로드          미   수    6    57      김혜선     김영민   
     5     5   나이스데이        한   거    3    55      다실바     손병직   
     6     6   챔프고            한   거    3    55      신윤섭     울즐리   
     7     7   한라백두          한   거    3    55      이홍락     양귀선   
     8     9   원더풀리얼티      한   거    4    57      모준호     방동석   
     9     4   퀸데이            한   암    4    55      정도윤     강은석   
--------------------------------------------------------------------------------
   순위 마번  마    명        마체중 기  록  도착차    판정 불합격사유   검사사유
--------------------------------------------------------------------------------
     1    8   스톰투윈          476  1:02.0            연             연습주행    
     2    2   호랭이            485  1:02.4   1¾      합             장기휴양(재)
     3    1   스페셜히어로      468  1:02.4   ½       합             장기휴양(재)
     4    3   스타로드          511  1:02.5   ½       합             장기휴양(재)
     5    5   나이스데이        489  1:02.5   ½       유   출발자세불량장기휴양(재)
     6    6   챔프고            497  1:02.6   ½       합             장기휴양도래(재)
     7    7   한라백두          459  1:02.7   ¾       연             연습주행    
     8    9   원더풀리얼티      438  1:03.2   2½      연             연습주행    
     9    4   퀸데이            425  1:04.6   8        합             장기휴양(재)
--------------------------------------------------------------------------------
   순위  마번   S1F-G3F-G2F-G1F  S1-F    400     G400     G-3F     G-1F 
--------------------------------------------------------------------------------
     1     8     4- 4- 3- 2      13.9    23.0    25.1     0:36.8   0:13.1
     2     2     3- 3- 4- 4      13.9    23.1    25.4     0:37.2   0:13.1
     3     1     2- 2- 2- 3      13.8    23.0    25.6     0:37.4   0:13.2
     4     3     8- 9- 9- 7      14.7    23.6    24.2     0:36.0   0:12.4
     5     5     1- 1- 1- 1      13.7    22.9    25.9     0:37.6   0:13.6
     6     6     6- 6- 5- 5      14.1    23.2    25.3     0:37.2   0:13.1
     7     7     9- 8- 7- 6      14.8    23.1    24.8     0:36.5   0:12.9
     8     9     7- 7- 8- 8      14.1    23.8    25.3     0:37.5   0:13.0
     9     4     5- 5- 6- 9      14.1    23.5    27.0     0:39.2   0:14.1
--------------------------------------------------------------------------------
      4펄롱 :  48.3       3펄롱 :  37.1
--------------------------------------------------------------------------------
