

제목 : 22년 1월22일 (토)   제 3차 주행심사성적  제 1경주

날    씨 : 맑음                               주로상태 : 건조 (2%)
--------------------------------------------------------------------------------
   순위  마번  마    명         산지  성  연령   부  담  기수명    조교사명
--------------------------------------------------------------------------------
     1     4   스타캐치          한   암    3    53      전진구     강형곤   
     2     3   판타스틱여걸      한   암    3    53      조인권     임금만   
     3     7   최강큐피드        한   수    5    57      김어수     손병직   
     4     2   불패영광          한   수    3    54      최은경     김재섭   
     5     1   유로스타          한   암    3    53      신윤섭     백광열   
     6     5   몬스터브룸        한   수    3    54      김태현     임동창   
    95     6   쏜살처럼          미   거    3    54      다실바     라이스   
--------------------------------------------------------------------------------
   순위 마번  마    명        마체중 기  록  도착차    판정 불합격사유   검사사유
--------------------------------------------------------------------------------
     1    4   스타캐치          470  1:04.1            합             주행미합(신)
     2    3   판타스틱여걸      483  1:04.6   2½      합             주행미합(신)
     3    7   최강큐피드        485  1:04.6   목       연             연습주행    
     4    2   불패영광          443  1:06.8   12       불   능력미달  주행미합(신)
     5    1   유로스타          526  1:10.4   21       불   능력미달  주행미합(신)
     6    5   몬스터브룸        515  1:13.2   16       불   능력미달  주행미합(신)
    95    6   쏜살처럼            0           출전취소 심   조교불충분장기휴양(재)
--------------------------------------------------------------------------------
   순위  마번   S1F-G3F-G2F-G1F  S1-F    400     G400     G-3F     G-1F 
--------------------------------------------------------------------------------
     1     4     4- 4- 4- 1      14.7    23.4    26.0     0:37.7   0:13.6
     2     3     2- 2- 3- 2      14.4    23.7    26.5     0:38.4   0:14.0
     3     7     3- 3- 1- 3      14.5    23.5    26.6     0:38.4   0:14.0
     4     2     1- 1- 2- 4      14.2    23.9    28.7     0:40.7   0:15.7
     5     1     5- 5- 5- 5      15.7    25.3    29.4     0:41.8   0:10.5
     6     5     6- 6- 6- 6      17.0    34.0    22.2     0:42.2         
    95     6     7- 7- 7- 7                                              
--------------------------------------------------------------------------------
      4펄롱 :  49.9       3펄롱 :  38.0
--------------------------------------------------------------------------------


제목 : 22년 1월22일 (토)   제 3차 주행심사성적  제 2경주

날    씨 : 맑음                               주로상태 : 건조 (2%)
--------------------------------------------------------------------------------
   순위  마번  마    명         산지  성  연령   부  담  기수명    조교사명
--------------------------------------------------------------------------------
     1     4   투오브어스        한   암    3    53      조인권     방동석   
     2     7   닥터파라오        한   수    3    54      신윤섭     백광열   
     3     2   후사이치          한   수    3    54+ 1.0 다실바     라이스   
     4     1   굿바이래비츠      한   수    3    54      전진구     최기홍   
     5     3   팬텀퀸            한   암    3    53+ 1.0 김어수     하무선   
     6     6   케이비아너        한   수    4    56      요아니스    강형곤   
     7     5   래피드            한   암    3    53      최은경     김길중   
--------------------------------------------------------------------------------
   순위 마번  마    명        마체중 기  록  도착차    판정 불합격사유   검사사유
--------------------------------------------------------------------------------
     1    4   투오브어스        455  1:02.3            합             주행미합(신)
     2    7   닥터파라오        496  1:02.7   2        연             연습주행    
     3    2   후사이치          512  1:03.2   3        합             주행미합(신)
     4    1   굿바이래비츠      441  1:03.3   ¾       합             주행미합(신)
     5    3   팬텀퀸            428  1:03.7   2        합             주행미합(신)
     6    6   케이비아너        508  1:04.5   5        합             장기휴양(재)
     7    5   래피드            447  1:06.0   8        합             주행미합(신)
--------------------------------------------------------------------------------
   순위  마번   S1F-G3F-G2F-G1F  S1-F    400     G400     G-3F     G-1F 
--------------------------------------------------------------------------------
     1     4     1- 1- 1- 1      14.1    23.7    24.5     0:36.6   0:12.6
     2     7     3- 2- 2- 2      14.2    23.7    24.8     0:36.9   0:12.7
     3     2     6- 6- 6- 4      15.0    23.7    24.5     0:36.4   0:12.6
     4     1     4- 3- 3- 3      14.5    23.5    25.3     0:37.2   0:12.9
     5     3     5- 5- 4- 5      14.7    23.6    25.4     0:37.3   0:13.0
     6     6     2- 4- 5- 6      14.2    24.3    26.0     0:38.3   0:13.5
     7     5     7- 7- 7- 7      15.5    24.4    26.1     0:38.1   0:13.6
--------------------------------------------------------------------------------
      4펄롱 :  48.2       3펄롱 :  36.6
--------------------------------------------------------------------------------


제목 : 22년 1월22일 (토)   제 3차 주행심사성적  제 3경주

날    씨 : 맑음                               주로상태 : 건조 (2%)
--------------------------------------------------------------------------------
   순위  마번  마    명         산지  성  연령   부  담  기수명    조교사명
--------------------------------------------------------------------------------
     1     5   댄싱드래건        한   암    4    54+ 1.0 김어수     장세한   
     2     6   래피드게임        미   수    5    57      다실바     임금만   
     3     4   바비스패로우      미   수    4    56      요아니스    라이스   
     4     1   패션포스원        한   암    3    53      조인권     구민성   
     5     3   루시드            한   암    3    53      전진구     강형곤   
    92     2   나이스매직        한   거    3    54      정우주     김영관   
--------------------------------------------------------------------------------
   순위 마번  마    명        마체중 기  록  도착차    판정 불합격사유   검사사유
--------------------------------------------------------------------------------
     1    5   댄싱드래건        469  1:02.2            합             주행지정(재)
     2    6   래피드게임        483  1:02.3   ½       합             장기휴양(재)
     3    4   바비스패로우      532  1:03.0   4        유   출발불량  주행미합(신)
     4    1   패션포스원        456  1:04.7   10       합             주행미합(신)
     5    3   루시드            379  1:05.3   3        유   진입불량  주행미합(신)
    92    2   나이스매직        495           주행중지 불   주행중지  주행미합(신)
--------------------------------------------------------------------------------
   순위  마번   S1F-G3F-G2F-G1F  S1-F    400     G400     G-3F     G-1F 
--------------------------------------------------------------------------------
     1     5     1- 1- 1- 1      14.6    23.1    24.5     0:36.2   0:12.6
     2     6     4- 3- 2- 2      15.0    23.3    24.0     0:35.6   0:12.3
     3     4     6- 5- 4- 3      16.0    23.3    23.7     0:35.3   0:12.0
     4     1     2- 2- 3- 4      14.9    23.5    26.3     0:38.3   0:13.5
     5     3     3- 4- 5- 5      14.9    24.5    25.9     0:38.2   0:13.2
    95     2     5- 6- 6- 6      15.1                                    
--------------------------------------------------------------------------------
      4펄롱 :  47.6       3펄롱 :  36.2
--------------------------------------------------------------------------------
