
제목 : 2022년11월06일  23:53

2022년11월06일  23:53 현재



  ■ 말취소
───────────────────────────────────────
  경주일자   경 주 마번     마      명     취소사유
───────────────────────────────────────
  2022/11/06   1R    9   마이티쎈           경주로 입장 중 기수낙마 및 방마         
───────────────────────────────────────

  ■ 기수변경
───────────────────────────────────────
  경주일자  경 주마번    마      명    변경전    변경후   부담  변경사유
───────────────────────────────────────
  2022/11/06  1R   3  스위트플레이     김태훈    조한별   53.0  허리통증          
  2022/11/06  1R   5  라온시티걸       문세영    박태종   53.0  컨디션 저하       
  2022/11/06  3R   5  카지노스타       박상우    김옥성   54.0  목, 허리통증      
  2022/11/06  5R   5  라누트           문세영    이동하   52.5  컨디션 저하       
  2022/11/06  8R   2  나노메타         문세영    안토니오 55.0  컨디션 저하       
  2022/11/06 10R   9  두손장군         박태종    함완식   58.0  8경주 중 낙마부상 
  2022/11/06 11R   4  라온탑맨         박태종    김태희   51.0  8경주 중 낙마부상 
───────────────────────────────────────
