

제목 : 22.01.20(목) 조교현황

  ※기승자범례(조:조교사, 관:주로조교, 기:기수, 후:기수후보생)
  ※비고(금:금주출전예정마, 차:차주출전예정마, 특:특대상경주출전예정마)
  ※금주, 차주 또는 특별 대상경주 출전예상마는 출전신청 결과 및
  조교사의 의사에 따라 변동될 수 있는 미확정된 자료이오니 참고하시기 바랍니다.
━━━━━━━━━━━━━━━━━━━━━━━━━━━━━━━━━━━━━━━
  순 소속조 - 조번 마명              기승자 입장시각  퇴장시각  조교시간 비고
━━━━━━━━━━━━━━━━━━━━━━━━━━━━━━━━━━━━━━━
  1  1조(박종곤) 1 라온다이아          기   07:45     07:54       0:09   금
  2  1조(박종곤)22 라온더골드          관   06:48     07:01       0:13   차
  3  1조(박종곤)38 라온더아리아        관   07:46     07:59       0:13   차
  4  1조(박종곤)19 라온더최강          기   07:18     07:31       0:13   금
  5  1조(박종곤) 4 라온더특급          기   07:16     07:26       0:10   차
  6  1조(박종곤) 3 라온비트            관   06:52     07:04       0:12   금
  7  1조(박종곤)30 라온패션            관   07:37     07:54       0:17   차
  8  1조(박종곤) 2 라온퍼스트          관   08:35     08:50       0:15   특
  9  1조(박종곤)35 라온핑크            관   08:08     08:21       0:13   차
 10  1조(박종곤)11 문학드림            관   06:32     06:53       0:21   금
 11  1조(박종곤)25 문학럭키            관   07:40     08:00       0:20   금
 12  1조(박종곤) 5 문학젠야타          관   07:57     08:16       0:19   차
 13  1조(박종곤) 9 문학토스코          관   08:25     08:43       0:18   차
 14  1조(박종곤)17 어메이징나우        관   07:04     07:18       0:14   차
 15  1조(박종곤)33 플래시선더          관   08:35     08:48       0:13   차
 16  2조(손영표)25 금성환희            기   06:43     06:59       0:16   차
 17  2조(손영표)23 디바인파워          관   07:41     07:50       0:09   차
 18  2조(손영표) 1 럭셔리캡틴          기   08:01     08:18       0:17   금
 19  2조(손영표)21 마루캐슬            관   08:08     08:21       0:13   금
 20  2조(손영표)15 베스트빅뱅          기   08:04     08:20       0:16   금
 21  2조(손영표) 9 불의가속            관   06:42     07:01       0:19   차
 22  2조(손영표)11 엑톤질주            기   08:23     08:34       0:11   금
 23  2조(손영표)13 엠제이퀸            관   08:04     08:20       0:16   금
 24  2조(손영표) 4 제이에스파워        관   06:45     07:00       0:15   차
 25  2조(손영표) 6 킹덤스톰            관   07:32     07:50       0:18   차
 26  2조(손영표)27 트레비트            관   06:43     07:03       0:20   차
 27  2조(손영표)26 퍼펙트타임          기   08:23     08:36       0:13   금
 28  2조(손영표)22 피어나다            관   07:32     07:50       0:18   차
 29  2조(손영표) 5 피엔에스골드        관   08:56     09:11       0:15   차
 30  2조(손영표) 2 피케이로드          관   08:28     08:45       0:17   금
 31  3조(최영주)10 러너몬스터          기   08:35     08:51       0:16   금
 32  3조(최영주) 9 매직신화            관   07:12     07:28       0:16   차
 33  3조(최영주)20 멋진가이            관   07:12     07:21       0:09   차
 34  3조(최영주) 7 미사일캔디          관   06:58     07:11       0:13   금
 35  3조(최영주)19 바람의칼            관   06:29     06:38       0:09   차
 36  3조(최영주)16 블랙머니            기   09:07     09:18       0:11   차
 37  3조(최영주)22 특급여왕            관   08:10     08:23       0:13   차
 38  3조(최영주)18 함평나비            기   08:20     08:35       0:15   차
 39  3조(최영주) 8 함평여왕            기   08:03     08:20       0:17   금
 40  3조(최영주)12 함평파이터          기   08:51     09:03       0:12   금
 41  3조(최영주)15 희망오름            기   08:23     08:35       0:12   차
 42  4조(박윤규)19 걸작맨              관   06:52     07:04       0:12   차
 43  4조(박윤규) 2 광양으뜸            관   07:56     08:09       0:13   금
 44  4조(박윤규)21 굿승리              기   08:02     08:17       0:15   금
 45  4조(박윤규)14 동진최강            관   08:42     08:56       0:14   차
 46  4조(박윤규)33 리틀보이플래시      기   06:56     07:08       0:12   금
 47  4조(박윤규)31 멋진왕자            관   06:19     06:36       0:17   차
 48  4조(박윤규)17 바로퀸              기   08:41     08:53       0:12   금
 49  4조(박윤규) 6 성실머니            관   06:21     06:34       0:13   금
 50  4조(박윤규)12 에이스캔트          기   07:03     07:14       0:11   금
 51  4조(박윤규) 4 에이스파워풀        관   07:05     07:20       0:15   차
 52  4조(박윤규) 5 천지광풍            관   07:50     08:06       0:16   차
 53  4조(박윤규)10 클래스희망          관   09:14     09:37       0:23   차
 54  4조(박윤규)27 킹아너              기   08:25     08:37       0:12   차
 55  4조(박윤규) 7 팔팔빅토리          관   07:19     07:28       0:09   차
 56  4조(박윤규) 8 퍼플월드            관   06:45     06:59       0:14   차
 57  4조(박윤규)11 푸른나래            관   08:53     09:08       0:15   차
 58  4조(박윤규)13 피엔에스꼬미        기   07:41     07:49       0:08   금
 59  4조(박윤규)36 피엔에스탑          관   09:14     09:31       0:17   차
 60  5조(우창구) 2 금로열              관   07:38     07:52       0:14   차
 61  5조(우창구)26 눈부신한센          관   06:51     07:04       0:13   차
 62  5조(우창구) 6 선더매직            관   07:59     08:23       0:24   차
 63  5조(우창구)15 역전의우승          관   07:27     07:39       0:12   금
 64  5조(우창구)20 원더케이            관   06:19     06:31       0:12   차
 65  5조(우창구) 5 위너골드            기   08:34     08:45       0:11   금
 66  5조(우창구)25 위너블루            관   07:59     08:23       0:24   금
 67  5조(우창구)10 초원의기적          관   06:52     07:11       0:19   차
 68  5조(우창구) 3 퍼펙트라이트        관   06:51     07:04       0:13   금
 69  5조(우창구)39 화씨벽              기   07:45     07:56       0:11   금
 70  6조(홍대유) 6 그레이스퀸          기   07:19     07:30       0:11   차
 71  6조(홍대유)34 그린와트            기   08:19     08:31       0:12   금
 72  6조(홍대유)26 그린짱              기   07:00     07:10       0:10   금
 73  6조(홍대유)28 그린폭주            기   06:20     06:30       0:10   차
 74  6조(홍대유)18 루비콘              기   06:15     06:30       0:15   금
 75  6조(홍대유)15 문학문              관   08:18     08:31       0:13   차
 76  6조(홍대유)35 배다리캔디          관   07:06     07:20       0:14   차
 77  6조(홍대유)33 새내스퍼트          관   07:51     08:05       0:14   차
 78  6조(홍대유)36 안양호랑이          기   06:13     06:33       0:20   차
 79  6조(홍대유)38 어플리트마린        관   07:41     07:54       0:13   차
 80  6조(홍대유)24 에이스플랜          관   07:26     07:38       0:12   차
 81  6조(홍대유) 7 이겨주마            관   06:46     07:01       0:15   차
 82  6조(홍대유)17 정문사이            관   06:24     06:40       0:16   특
 83  6조(홍대유)   정문지존            기   06:50     07:01       0:11   금
 84  6조(홍대유)19 정문짱              기   07:10     07:21       0:11   금
 85  6조(홍대유) 1 정문최강            기   08:40     08:49       0:09   금
 86  6조(홍대유)11 정문폭주            기   06:10     06:20       0:10   차
 87  6조(홍대유)14 챈슬러              관   08:20     08:36       0:16   차
 88  7조(구자흥) 5 고마나루            관   08:24     08:36       0:12   차
 89  7조(구자흥)26 그린다르크          관   07:22     07:35       0:13   차
 90  7조(구자흥)32 대군제패            관   07:59     08:11       0:12   차
 91  7조(구자흥) 9 디케이별찌          관   07:20     07:32       0:12   차
 92  7조(구자흥) 4 로드위너            관   07:01     07:17       0:16   차
 93  7조(구자흥)25 매직모카신          기   06:21     06:33       0:12   차
 94  7조(구자흥)18 사려니위너          기   07:40     07:49       0:09   금
 95  7조(구자흥)15 사려니퀸            관   06:43     06:56       0:13   차
 96  7조(구자흥)14 스프링워터          관   08:24     08:39       0:15   차
 97  7조(구자흥)20 철각파워            관   06:28     06:52       0:24   차
 98  8조(최용구) 4 발베니              관   07:07     07:21       0:14   금
 99  8조(최용구) 2 송암레전드          관   07:48     08:01       0:13   차
100  8조(최용구) 3 스위트캠프          관   06:12     06:25       0:13   차
101  8조(최용구) 9 아치신              관   08:35     08:48       0:13   차
102  8조(최용구)12 예술이야            기   07:07     07:19       0:12   금
103  8조(최용구) 1 와일드우즈          관   06:16     06:30       0:14   차
104  8조(최용구)33 유니콘브라보        관   06:41     06:55       0:14   차
105  8조(최용구)10 유니콘알파          관   06:20     06:42       0:22   차
106  8조(최용구)24 은혜글로리          관   08:21     08:41       0:20   차
107  8조(최용구) 8 카우보이킹          기   07:27     07:43       0:16   금
108  8조(최용구) 7 티즈헌터            기   08:35     08:48       0:13   차
109  8조(최용구)29 파인로드            관   07:48     08:01       0:13   차
110  8조(최용구) 5 회두령              관   06:28     06:41       0:13   차
111  9조(강성오) 5 강서돌풍            관   06:14     06:29       0:15   차
112  9조(강성오)29 골든배지            관   08:59     09:11       0:12   차
113  9조(강성오) 8 글로벌삭스          관   06:23     06:35       0:12   차
114  9조(강성오)24 나의나라            관   09:00     09:17       0:17   차
115  9조(강성오)17 남산무적            관   08:27     08:39       0:12   차
116  9조(강성오)25 대지의여걸          관   07:20     07:35       0:15   금
117  9조(강성오)32 대지의여인          관   08:57     09:12       0:15   차
118  9조(강성오)22 런투골              관   08:19     08:28       0:09   차
119  9조(강성오) 7 마이공주            관   07:00     07:10       0:10   차
120  9조(강성오)19 브라운참            관   06:46     07:03       0:17   차
121  9조(강성오) 4 블랙루키            기   06:30     06:44       0:14   금
122  9조(강성오)16 온포인트            관   08:26     08:42       0:16   차
123  9조(강성오) 2 이너피스            관   07:43     08:12       0:29   차
124  9조(강성오)34 일격필살            관   07:01     07:35       0:34   금
125  9조(강성오)12 정조의꿈            관   09:07     09:17       0:10   차
126  9조(강성오)21 중추부사            기   08:22     08:40       0:18   금
127  9조(강성오) 9 최강돌풍            관   06:14     06:29       0:15   차
128  9조(강성오)26 최고블랙            관   07:49     08:13       0:24   차
129  9조(강성오)23 최고포인트          관   07:13     07:30       0:17   차
130  9조(강성오)36 킹심바              관   06:46     07:03       0:17   차
131  9조(강성오) 1 킹칼레              관   06:11     06:23       0:12   차
132  9조(강성오)10 터치나인            기   07:38     07:50       0:12   금
133  9조(강성오) 6 퍼미션투윈          관   07:49     08:17       0:28   차
134  9조(강성오) 3 히든브레인          관   07:43     08:01       0:18   차
135 10조(정호익)31 골든선더            기   07:26     07:38       0:12   차
136 10조(정호익) 6 글로벌조이          관   08:56     09:10       0:14   차
137 10조(정호익)27 레전드스톰          관   06:13     06:26       0:13   차
138 10조(정호익)20 마이멤버            기   06:18     06:35       0:17   금
139 10조(정호익)   문학스톰            관   07:19     07:33       0:14   차
140 10조(정호익)33 문학앙코르          기   07:38     07:48       0:10   차
141 10조(정호익)16 문학조이            관   09:02     09:23       0:21   차
142 10조(정호익)23 스마티드림          관   07:58     08:06       0:08   차
143 10조(정호익)26 승부사              기   06:36     06:48       0:12   금
144 10조(정호익)40 알찬누리            기   06:55     07:10       0:15   금
145 10조(정호익) 5 영웅대마            관   07:03     07:14       0:11   금
146 10조(정호익) 2 원더레이서          관   09:07     09:22       0:15   차
147 10조(정호익)19 원평가속            관   08:11     08:26       0:15   차
148 10조(정호익)13 원평코드            관   08:11     08:25       0:14   차
149 10조(정호익) 8 이스트질주          관   08:31     08:45       0:14   차
150 10조(정호익)   인천치프            관   08:40     08:49       0:09   차
151 10조(정호익)   인천캡틴            기   06:55     07:11       0:16   금
152 10조(정호익)15 작두콩              관   07:44     07:56       0:12   차
153 10조(정호익)11 터프맨              관   06:43     06:59       0:16   차
154 10조(정호익) 7 터프여제            관   08:41     08:53       0:12   차
155 10조(정호익) 4 화이트코멧          기   06:36     06:48       0:12   금
156 10조(정호익)24 흥드림              기   06:18     06:35       0:17   금
157 11조(조현수)25 골드필드            관   06:27     06:39       0:12   금
158 11조(조현수) 3 그랜드캐슬          관   07:53     08:08       0:15   금
159 11조(조현수)10 그레이트한센        기   06:53     07:01       0:08   금
160 11조(조현수)39 보디가드            관   08:22     08:38       0:16   금
161 11조(조현수)17 브라이트해피        관   07:48     08:04       0:16   차
162 11조(조현수)23 비플라워            관   06:24     06:38       0:14   차
163 11조(조현수) 5 스마트별            기   08:23     08:38       0:15   금
164 11조(조현수)11 신주류              관   07:03     07:18       0:15   금
165 11조(조현수)   아임포스원          관   07:13     07:32       0:19   차
166 11조(조현수) 7 원더풀우먼          기   07:39     07:48       0:09   차
167 11조(조현수) 1 일향달마            기   07:50     08:01       0:11   금
168 11조(조현수)24 적벽신화            관   06:42     06:59       0:17   차
169 11조(조현수)12 컴플리트스윕        관   06:30     06:50       0:20   특
170 11조(조현수)14 퀸라이언            관   07:54     08:05       0:11   금
171 11조(조현수) 2 퀸오브베스트        관   08:15     08:24       0:09   금
172 11조(조현수)32 트루                관   06:46     06:59       0:13   차
173 11조(조현수)33 퍼지퀸              관   07:43     07:58       0:15   차
174 11조(조현수)13 폴카                관   06:26     06:41       0:15   차
175 11조(조현수)26 피엔에스행복        관   07:13     07:27       0:14   차
176 11조(조현수)22 휘파람              관   07:09     07:24       0:15   차
177 12조(서범석)10 네버네버스톱        관   08:17     08:26       0:09   차
178 12조(서범석) 5 브리가디어제너럴    기   06:59     07:21       0:22   금
179 12조(서범석) 2 사우스반            기   07:58     08:20       0:22   금
180 12조(서범석)13 선파이팅            관   08:16     08:29       0:13   차
181 12조(서범석)27 스트라이드업        관   08:04     08:16       0:12   금
182 12조(서범석)11 스트롱러너          관   07:31     07:41       0:10   차
183 12조(서범석)30 원더풀이블          관   06:32     06:47       0:15   금
184 12조(서범석)32 일마레              관   06:51     07:05       0:14   차
185 12조(서범석)25 제주의흑선          관   06:47     06:59       0:12   차
186 12조(서범석)16 채플프린세스        관   08:17     08:30       0:13   차
187 12조(서범석)33 큐피드비상          관   07:28     07:38       0:10   차
188 12조(서범석)31 큐피드웨이          기   07:31     07:42       0:11   금
189 12조(서범석) 6 파이팅히어로        관   07:31     07:41       0:10   금
190 13조(이희영)16 굿바우              관   06:21     06:32       0:11   차
191 13조(이희영) 4 논스톱데릭          관   08:27     08:47       0:20   차
192 13조(이희영)22 모던베스트          기   07:16     07:29       0:13   차
193 13조(이희영) 8 바다의꿈            관   06:51     07:02       0:11   차
194 13조(이희영) 2 베스트라인          기   08:08     08:20       0:12   금
195 13조(이희영)19 베스트야            기   07:30     07:43       0:13   금
196 13조(이희영) 5 베스트탑            기   08:02     08:15       0:13   금
197 13조(이희영)23 샤크짱              관   07:04     07:16       0:12   차
198 13조(이희영)35 엘리트라인          기   07:59     08:11       0:12   차
199 13조(이희영)11 엘리트룰즈          기   07:45     07:57       0:12   금
200 13조(이희영)14 창성히트            관   07:21     07:31       0:10   차
201 13조(이희영)17 캐시백              기   08:18     08:33       0:15   금
202 13조(이희영) 1 큐피드점보          관   06:36     06:48       0:12   차
203 14조(이신영)40 거센강자            관   08:15     08:36       0:21   차
204 14조(이신영)21 거센기상            관   07:04     07:12       0:08   차
205 14조(이신영) 8 금아플로러스        기   07:01     07:12       0:11   차
206 14조(이신영)29 말리부진저          기   06:28     06:38       0:10   차
207 14조(이신영) 7 바이킹하트          관   08:13     08:34       0:21   차
208 14조(이신영)31 블랙킹              기   06:10     06:18       0:08   금
209 14조(이신영)12 사려니로키          관   07:15     07:23       0:08   금
210 14조(이신영)22 사려니퍼스트        기   07:26     07:37       0:11   차
211 14조(이신영) 1 선샤인특급          기   06:19     06:28       0:09   금
212 14조(이신영)10 아그리워            관   07:34     07:50       0:16   차
213 14조(이신영) 9 아이언삭스          기   07:48     08:01       0:13   금
214 14조(이신영)33 에이스삭스          기   09:09     09:25       0:16   차
215 14조(이신영)28 유레카              기   07:13     07:22       0:09   차
216 14조(이신영)17 인디팝              기   07:53     08:13       0:20   차
217 14조(이신영)30 프린세스삭스        기   08:53     09:06       0:13   금
218 14조(이신영)14 플라잉아테나        기   06:48     06:56       0:08   차
219 14조(이신영)39 플라잉팰리스        기   07:54     08:13       0:19   차
220 14조(이신영)25 화려한미소          기   06:40     06:48       0:08   차
221 15조(박희철) 1 대세만세            관   08:03     08:14       0:11   차
222 15조(박희철) 4 마에스트로          관   06:41     06:54       0:13   차
223 15조(박희철)13 매디슨뮤직          관   07:17     07:30       0:13   차
224 15조(박희철)19 서울탱크            관   06:19     06:31       0:12   차
225 15조(박희철) 5 아침함성            기   08:24     08:37       0:13   금
226 15조(박희철) 8 은파마운틴          관   08:43     08:54       0:11   차
227 15조(박희철) 2 정상만세            관   06:10     06:21       0:11   금
228 15조(박희철)12 정상스타            관   06:50     07:00       0:10   차
229 15조(박희철) 9 정상으뜸            관   06:49     06:59       0:10   차
230 15조(박희철) 6 정상제트            기   08:43     08:54       0:11   금
231 15조(박희철)10 정상킹덤            관   06:30     06:40       0:10   차
232 15조(박희철)11 젤로스              관   08:08     08:17       0:09   차
233 15조(박희철) 7 헬로퀸              관   07:17     07:28       0:11   차
234 16조(최봉주)37 대천챔프            관   08:06     08:20       0:14   차
235 16조(최봉주)35 돌격앞으로          기   07:08     07:16       0:08   금
236 16조(최봉주)12 디바인키튼          관   06:14     06:26       0:12   차
237 16조(최봉주)30 러닝복스            관   06:45     06:58       0:13   금
238 16조(최봉주)10 러브레이스          관   06:16     06:29       0:13   차
239 16조(최봉주)34 부스터로켓          기   08:28     08:39       0:11   금
240 16조(최봉주)20 쌍옥루              기   07:22     07:29       0:07   금
241 16조(최봉주)25 에이스프린스        조   07:20     07:42       0:22   차
242 16조(최봉주) 5 원더풀니키야        관   07:13     07:30       0:17   금
243 16조(최봉주)29 원더풀딕시          기   08:32     08:43       0:11   차
244 16조(최봉주)16 제주의요정          기   08:39     08:51       0:12   금
245 16조(최봉주)33 천블릿              관   08:09     08:22       0:13   차
246 16조(최봉주)15 코스모              조   06:47     06:59       0:12   차
247 16조(최봉주)27 파워타워            관   06:42     06:55       0:13   차
248 16조(최봉주) 2 플라이스타          조   08:01     08:23       0:22   차
249 16조(최봉주)28 호크행진곡          관   07:28     07:38       0:10   차
250 17조(김점오) 1 에코빅터            관   07:13     07:23       0:10   차
251 17조(김점오) 5 콘도르여왕          관   06:22     06:47       0:25   차
252 17조(김점오)35 황금주머니          관   06:25     06:41       0:16   차
253 18조(박대흥)19 개나리송            기   07:52     08:05       0:13   특
254 18조(박대흥)26 남촌아티스트        관   09:12     09:26       0:14   차
255 18조(박대흥)13 뉴스타영천          관   08:42     08:56       0:14   차
256 18조(박대흥)20 도끼블레이드        관   06:43     07:03       0:20   특
257 18조(박대흥) 9 미라클케이          관   07:30     07:43       0:13   차
258 18조(박대흥)23 바람의검            관   09:50     10:01       0:11   차
259 18조(박대흥) 4 바램                관   06:13     06:28       0:15   차
260 18조(박대흥) 2 바이킹스톰          기   07:34     07:46       0:12   금
261 18조(박대흥)11 별나라질주          관   08:42     08:59       0:17   차
262 18조(박대흥)38 블로마인드          기   07:34     07:46       0:12   금
263 18조(박대흥)37 선더여왕            관   08:20     08:36       0:16   차
264 18조(박대흥)10 시리우스에이        관   06:15     06:28       0:13   차
265 18조(박대흥) 3 아스펜태양          관   09:12     09:25       0:13   차
266 18조(박대흥)   위너템플러          관   07:48     08:00       0:12   차
267 18조(박대흥)36 챔피언가문          기   08:10     08:20       0:10   금
268 18조(박대흥) 1 최강퀸              관   06:15     06:28       0:13   차
269 18조(박대흥)15 치프인디            관   09:39     09:51       0:12   차
270 18조(박대흥) 7 케이엔매직          기   08:10     08:19       0:09   금
271 18조(박대흥)18 케이엔스케치        기   07:18     07:31       0:13   금
272 18조(박대흥)31 케이엔언더킹        기   07:18     07:30       0:12   금
273 18조(박대흥)35 케이엔올드퀸        기   07:18     07:30       0:12   금
274 18조(박대흥)17 프린스박            관   09:50     10:01       0:11   차
275 18조(박대흥)33 피닉스선            관   09:39     09:50       0:11   차
276 19조(곽영효)28 라스트펀치          관   08:13     08:25       0:12   차
277 19조(곽영효)29 메니에이스          관   06:39     06:52       0:13   차
278 19조(곽영효) 7 발바투              관   06:18     06:38       0:20   차
279 19조(곽영효)18 싱그러운타임        기   07:20     07:34       0:14   금
280 19조(곽영효)22 옥천최강            기   07:59     08:08       0:09   차
281 19조(곽영효)21 용암보스            기   08:17     08:30       0:13   차
282 19조(곽영효)11 천지지대            기   07:35     07:45       0:10   차
283 19조(곽영효)15 콜조이              기   07:47     08:00       0:13   차
284 19조(곽영효)33 콩코드스퍼트        기   06:29     06:40       0:11   금
285 19조(곽영효)23 트리플조이          기   07:35     07:45       0:10   차
286 19조(곽영효)20 한강매직            기   07:59     08:13       0:14   금
287 19조(곽영효)12 한강챔프            기   07:46     07:56       0:10   차
288 19조(곽영효) 1 햇무리              관   08:26     08:38       0:12   차
289 20조(배대선)39 머니가락            관   07:50     08:01       0:11   차
290 20조(배대선)17 머니시장            관   06:48     06:57       0:09   차
291 20조(배대선) 5 머니지프            기   07:46     07:58       0:12   금
292 20조(배대선)15 빛의대륙            기   07:36     07:47       0:11   금
293 20조(배대선)12 신한특송            관   07:33     07:46       0:13   차
294 20조(배대선)22 우주의봄            관   08:01     08:11       0:10   차
295 20조(배대선)37 원더풀오렌지        기   07:48     07:59       0:11   금
296 20조(배대선)40 원더풀케이          관   07:00     07:09       0:09   차
297 20조(배대선)25 천사박              관   07:50     08:02       0:12   금
298 20조(배대선)20 화랑스토리          기   07:24     07:35       0:11   차
299 21조(임봉춘)35 대용왕              관   07:52     08:03       0:11   차
300 21조(임봉춘)25 드림맥스            기   06:13     06:25       0:12   차
301 21조(임봉춘) 4 루이사              관   06:14     06:25       0:11   금
302 21조(임봉춘) 9 미르베스트          관   06:55     07:04       0:09   차
303 21조(임봉춘)13 바디스타            관   07:33     07:47       0:14   차
304 21조(임봉춘)39 베스트타임          관   06:12     06:27       0:15   차
305 21조(임봉춘) 7 비바챔피언          관   06:19     06:36       0:17   차
306 21조(임봉춘)28 스피드벨            관   06:38     06:47       0:09   금
307 21조(임봉춘) 2 신의아들            관   07:26     07:36       0:10   차
308 21조(임봉춘)30 찬란한날            관   06:35     06:42       0:07   차
309 21조(임봉춘)23 천년의바람          관   08:05     08:17       0:12   차
310 21조(임봉춘) 3 천년의비            관   06:55     07:04       0:09   금
311 21조(임봉춘)18 플렉스퀸            관   07:49     07:58       0:09   차
312 21조(임봉춘)11 하이파크            관   06:50     07:06       0:16   차
313 21조(임봉춘)40 황금해              관   07:25     07:36       0:11   차
314 22조(안병기)23 따뜻한빛            관   08:32     08:48       0:16   금
315 22조(안병기)34 라온라이트맨        관   06:20     06:40       0:20   금
316 22조(안병기)22 로열로드            기   07:46     08:08       0:22   금
317 22조(안병기) 8 리드보컬            관   07:02     07:24       0:22   금
318 22조(안병기)29 바람을그리다        관   08:32     08:48       0:16   차
319 22조(안병기)15 사람이라는별        관   06:57     07:09       0:12   차
320 22조(안병기)25 세렌디피티야        관   08:59     09:08       0:09   금
321 22조(안병기)18 소우주              관   08:18     08:33       0:15   차
322 22조(안병기)13 신의열매            기   06:11     06:21       0:10   금
323 22조(안병기) 5 야무진독도          관   08:37     08:55       0:18   금
324 22조(안병기) 9 에피파니            기   07:14     07:36       0:22   차
325 22조(안병기)20 울트라킹            관   06:39     06:57       0:18   금
326 22조(안병기) 3 원지                관   07:31     07:45       0:14   차
327 22조(안병기)36 일보등천            관   07:45     07:58       0:13   차
328 22조(안병기)19 초인스파크          관   08:04     08:16       0:12   차
329 22조(안병기)32 콩코드퀸            관   09:28     09:42       0:14   차
330 22조(안병기)10 티즈파이팅          관   06:17     06:34       0:17   차
331 23조(유재길)20 논스톱위닝          기   07:10     07:18       0:08   금
332 23조(유재길) 2 더트서퍼            관   07:14     07:36       0:22   차
333 23조(유재길) 4 동방칸              기   06:12     06:24       0:12   차
334 23조(유재길)14 빛나는질주          기   07:04     07:15       0:11   차
335 23조(유재길) 1 스피어건            관   06:10     06:20       0:10   차
336 23조(유재길)23 스피어퀸            기   07:18     07:30       0:12   금
337 23조(유재길)22 에이원킹            기   06:46     06:57       0:11   금
338 23조(유재길) 6 원평버드            기   07:36     07:43       0:07   금
339 23조(유재길)18 원평퀸              기   06:37     06:44       0:07   금
340 23조(유재길)19 큐피드보우          관   06:37     06:45       0:08   금
341 24조(서홍수) 9 나래킹              기   08:41     08:56       0:15   차
342 24조(서홍수)34 동서여걸            기   07:11     07:22       0:11   금
343 24조(서홍수)15 마이티굿            기   09:01     09:13       0:12   차
344 24조(서홍수) 2 마이티렘            관   08:08     08:26       0:18   차
345 24조(서홍수) 3 마이티앤            기   08:50     09:06       0:16   차
346 24조(서홍수)28 마이티웰            관   07:34     07:53       0:19   차
347 24조(서홍수)32 마이티지            관   08:43     08:56       0:13   차
348 24조(서홍수) 8 마이티칩            관   06:52     07:13       0:21   차
349 24조(서홍수)20 마이티킥            기   07:40     07:49       0:09   차
350 24조(서홍수)19 마이티후            관   06:13     06:31       0:18   차
351 24조(서홍수) 6 원더풀데블          기   08:20     08:31       0:11   차
352 24조(서홍수)37 원더풀타이쿤        기   07:10     07:22       0:12   금
353 24조(서홍수)22 질주대로            기   09:17     09:29       0:12   차
354 24조(서홍수)31 투투키튼            기   08:41     08:56       0:15   차
355 24조(서홍수)21 행복여왕            관   09:14     09:29       0:15   금
356 25조(전승규) 3 강태풍              기   08:45     08:55       0:10   차
357 25조(전승규)39 나나랜드            기   08:35     08:45       0:10   금
358 25조(전승규)38 럭키훈              기   07:05     07:17       0:12   금
359 25조(전승규)36 마크스토리          관   08:25     08:35       0:10   차
360 25조(전승규) 8 미스클레버          관   08:18     08:39       0:21   차
361 25조(전승규)37 블랙초콜릿          관   07:31     07:44       0:13   차
362 25조(전승규)26 송암플레이어        관   06:25     06:37       0:12   금
363 25조(전승규) 5 아스펜로스          관   06:32     06:55       0:23   금
364 25조(전승규) 4 아치게이트          관   07:31     07:44       0:13   금
365 25조(전승규)35 에클레어더원        관   08:11     08:23       0:12   차
366 25조(전승규)40 원더풀인디언        관   08:29     08:38       0:09   차
367 25조(전승규)24 이글포인트          기   08:24     08:35       0:11   금
368 25조(전승규)15 초토마              관   06:26     06:38       0:12   차
369 25조(전승규) 2 테스고대보          관   06:17     06:31       0:14   차
370 25조(전승규)21 특별                관   09:13     09:21       0:08   차
371 25조(전승규)13 페페런              관   06:26     06:37       0:11   금
372 25조(전승규) 1 허쉬대보            관   09:30     09:44       0:14   차
373 26조(안해양) 5 가나패션            관   06:32     06:42       0:10   차
374 26조(안해양)36 그레이토르          관   07:46     08:04       0:18   차
375 26조(안해양)11 더블에지            기   08:03     08:19       0:16   금
376 26조(안해양)14 드림여왕            관   07:06     07:18       0:12   차
377 26조(안해양)23 럭키인디            관   07:54     08:07       0:13   차
378 26조(안해양)16 런던명가            기   07:30     07:39       0:09   금
379 26조(안해양)15 런던스카이          관   08:33     08:51       0:18   차
380 26조(안해양) 4 런던액티브          기   07:36     07:43       0:07   금
381 26조(안해양)38 런보이런            관   08:40     08:59       0:19   차
382 26조(안해양)30 레이디켈리          관   07:01     07:14       0:13   차
383 26조(안해양)10 벼락                관   07:09     07:24       0:15   금
384 26조(안해양) 2 세륭                관   06:17     06:30       0:13   차
385 26조(안해양)12 송암캔디            관   07:54     08:19       0:25   차
386 26조(안해양)26 송암캣              관   06:39     06:49       0:10   차
387 26조(안해양)37 스윙맨              관   06:49     07:00       0:11   차
388 26조(안해양)13 우아륭              관   06:32     06:42       0:10   차
389 26조(안해양)32 유로특급            관   08:40     08:59       0:19   차
390 26조(안해양)29 초륭                관   08:40     09:00       0:20   차
391 26조(안해양) 7 플라잉바비          관   06:28     06:37       0:09   차
392 27조(박병일) 8 금세다              관   07:05     07:14       0:09   금
393 27조(박병일)18 금자유              관   06:16     06:28       0:12   차
394 27조(박병일)25 드림로즈            관   06:58     07:12       0:14   차
395 27조(박병일) 5 드림패션            관   06:16     06:29       0:13   금
396 27조(박병일)29 떠오르다            기   07:50     07:57       0:07   금
397 27조(박병일)17 리얼팩              관   07:41     07:52       0:11   차
398 27조(박병일)   은혜가이            관   06:58     07:12       0:14   차
399 27조(박병일)32 은혜서브            기   06:10     06:24       0:14   차
400 27조(박병일)12 최강미래            관   06:58     07:16       0:18   차
401 27조(박병일)15 최강파티            관   06:18     06:32       0:14   차
402 27조(박병일)14 파란왕자            기   07:47     07:59       0:12   차
403 27조(박병일) 4 흥행대박            관   07:15     07:28       0:13   차
404 28조(최상식)19 글로벌골드          기   06:40     06:53       0:13   금
405 28조(최상식)12 글로벌럭키          관   07:45     07:58       0:13   금
406 28조(최상식) 2 글로벌매직          기   06:25     06:37       0:12   차
407 28조(최상식)18 글로벌보배          기   06:12     06:24       0:12   차
408 28조(최상식)11 글로벌스톰          기   07:31     07:40       0:09   금
409 28조(최상식)13 글로벌신화          기   07:49     08:02       0:13   차
410 28조(최상식) 8 글로벌영웅          기   08:03     08:14       0:11   차
411 28조(최상식)14 글로벌퍼스트        기   07:45     08:00       0:15   금
412 28조(최상식)22 글로벌프라임        기   06:26     06:39       0:13   차
413 28조(최상식)25 돌배                관   07:31     07:43       0:12   차
414 28조(최상식) 5 바람살              기   07:43     07:51       0:08   금
415 28조(최상식) 1 베스트럭키          기   06:51     07:03       0:12   금
416 28조(최상식)17 퍼펙트파워          기   07:06     07:17       0:11   금
417 29조(배휴준)18 데스크탑            기   06:51     07:00       0:09   금
418 29조(배휴준)15 럭키크라운          기   08:30     08:42       0:12   차
419 29조(배휴준)22 세명기상            기   07:22     07:33       0:11   금
420 29조(배휴준)16 세명나래            관   06:15     06:27       0:12   차
421 29조(배휴준)34 슈퍼파크            관   06:18     06:31       0:13   차
422 29조(배휴준)19 스푸트니크          관   07:04     07:18       0:14   차
423 29조(배휴준) 9 싱싱메리            관   09:19     09:28       0:09   차
424 29조(배휴준)31 와일드킹덤          관   08:15     08:28       0:13   금
425 29조(배휴준)20 원더풀루비          기   06:51     07:05       0:14   차
426 29조(배휴준)21 천리총              기   06:36     06:45       0:09   금
427 29조(배휴준) 4 천문                관   08:24     08:33       0:09   금
428 29조(배휴준)36 퀸오브레이싱        관   06:45     06:54       0:09   금
429 29조(배휴준)24 피엔에스싱          관   07:52     08:05       0:13   차
430 29조(배휴준)17 피엔에스아이        관   07:26     07:38       0:12   차
431 30조(토니  )14 남산초콜릿          기   07:20     07:37       0:17   금
432 30조(토니  ) 2 더검푸              기   06:18     06:36       0:18   금
433 30조(토니  )25 스타블레이드        조   06:18     06:35       0:17   차
434 30조(토니  )17 아마존킹            관   07:20     07:31       0:11   차
435 30조(토니  ) 5 에이스솔롱고        조   06:51     07:04       0:13   금
436 30조(토니  )21 천둥오름            기   06:51     07:06       0:15   금
437 30조(토니  )16 최강장산            조   07:20     07:37       0:17   차
438 30조(토니  )23 헤라블레이드        기   06:51     07:06       0:15   금
439 31조(강환민) 9 그레이트제니        기   06:49     07:03       0:14   금
440 31조(강환민)32 로마블레이드        관   07:46     07:58       0:12   차
441 31조(강환민)23 롤러블레이드        기   06:36     06:49       0:13   특
442 31조(강환민) 2 리저브드존          기   06:47     07:04       0:17   차
443 31조(강환민)10 머스탱파워          관   06:16     06:31       0:15   차
444 31조(강환민)13 블루해머            관   08:15     08:23       0:08   금
445 31조(강환민)16 빅야크              기   07:46     07:57       0:11   금
446 31조(강환민)30 송암베스트          관   06:59     07:12       0:13   차
447 31조(강환민)33 슈퍼엑톤            기   07:11     07:20       0:09   금
448 31조(강환민) 8 스마트블루          관   08:11     08:25       0:14   차
449 31조(강환민)24 원더풀섀도우        기   06:17     06:26       0:09   금
450 31조(강환민) 4 장산가드            관   06:49     06:58       0:09   차
451 31조(강환민) 6 정상파워            관   07:44     07:56       0:12   차
452 31조(강환민)38 조이풀케이          기   07:10     07:21       0:11   금
453 31조(강환민) 3 천비성              기   06:20     06:30       0:10   금
454 31조(강환민)36 청담위키드          관   08:29     08:39       0:10   차
455 31조(강환민) 1 크레이지산타        관   06:21     06:36       0:15   금
456 31조(강환민)11 클래식스타          관   08:33     08:49       0:16   차
457 31조(강환민)40 티케이플렉스        관   07:50     07:59       0:09   차
458 31조(강환민)26 파크삭스            관   06:36     06:48       0:12   차
459 31조(강환민)17 해피삭스            관   08:03     08:11       0:08   차
460 31조(강환민)25 히든블레이드        관   08:33     08:49       0:16   차
461 32조(김윤섭) 4 금성맨              관   08:05     08:18       0:13   차
462 32조(김윤섭)12 동방사기            관   07:02     07:14       0:12   금
463 32조(김윤섭) 5 럭키마이더스        관   06:41     06:50       0:09   금
464 32조(김윤섭)33 룰즈클래스          관   06:10     06:23       0:13   금
465 32조(김윤섭)20 상상스타            관   08:45     08:58       0:13   차
466 32조(김윤섭) 7 송암누리            기   07:48     08:04       0:16   차
467 32조(김윤섭)13 슈퍼버드            기   08:31     08:59       0:28   금
468 32조(김윤섭) 2 젠틀룰즈            기   07:49     08:00       0:11   금
469 32조(김윤섭) 9 지금여기에          관   07:53     08:10       0:17   차
470 32조(김윤섭) 3 파워플랜            관   07:13     07:26       0:13   금
471 32조(김윤섭)22 함평스카이          관   08:50     09:01       0:11   차
472 32조(김윤섭)21 함평에이스          관   09:21     09:29       0:08   차
473 32조(김윤섭)26 헬로금성            기   06:51     07:07       0:16   차
474 33조(서인석)29 건곤일척            관   06:53     07:06       0:13   차
475 33조(서인석) 2 나올세상            기   07:51     08:05       0:14   금
476 33조(서인석)22 다이아파워캣        기   07:06     07:21       0:15   금
477 33조(서인석)30 대승가온            기   07:12     07:24       0:12   금
478 33조(서인석)23 동방의혼            관   07:09     07:22       0:13   차
479 33조(서인석) 6 라이오넷            기   08:20     08:28       0:08   금
480 33조(서인석)37 레이스로열          기   08:08     08:20       0:12   금
481 33조(서인석)26 마성천하            기   06:34     06:46       0:12   금
482 33조(서인석)40 매직그레이스        관   06:44     06:56       0:12   차
483 33조(서인석)16 매직글로리          관   08:24     08:37       0:13   금
484 33조(서인석)31 매직러시            기   07:47     08:01       0:14   차
485 33조(서인석)28 매직조이            기   07:29     07:44       0:15   금
486 33조(서인석)14 매직주니어          기   08:29     08:38       0:09   금
487 33조(서인석)15 모닝파이브          기   07:51     08:05       0:14   금
488 33조(서인석) 9 모닝힐              관   06:16     06:28       0:12   차
489 33조(서인석)19 모스트스피드        기   08:10     08:23       0:13   금
490 33조(서인석)13 벤칼프린세스        관   07:16     07:32       0:16   차
491 33조(서인석) 4 빅레드              기   07:33     07:46       0:13   금
492 33조(서인석) 3 빅리버              기   08:11     08:19       0:08   금
493 33조(서인석)10 스토미              기   06:11     06:22       0:11   차
494 33조(서인석)27 열린문              기   06:52     07:07       0:15   금
495 33조(서인석) 1 이스트제트          관   06:16     06:29       0:13   특
496 33조(서인석) 7 이스트트로스        관   07:17     07:29       0:12   차
497 33조(서인석)11 질주에바다          기   06:17     06:30       0:13   금
498 33조(서인석)17 킹칸모르            기   06:40     06:51       0:11   금
499 33조(서인석) 5 흑룡가무            기   06:33     06:43       0:10   차
500 34조(리카디)17 가로수길            관   06:40     06:50       0:10   차
501 34조(리카디)39 갤럽컬린            관   06:50     07:04       0:14   금
502 34조(리카디) 5 남산의별            관   06:50     06:59       0:09   차
503 34조(리카디)15 라이징호크          기   06:29     06:41       0:12   금
504 34조(리카디)38 레드블레이드        관   07:55     08:06       0:11   차
505 34조(리카디)32 미라클도터          기   08:04     08:16       0:12   금
506 34조(리카디)22 벌말대장            관   07:29     07:42       0:13   차
507 34조(리카디)25 블랙마스크          관   08:18     08:30       0:12   차
508 34조(리카디)37 비제이플래시        관   06:49     07:00       0:11   차
509 34조(리카디)36 선더윈드            기   08:40     08:50       0:10   금
510 34조(리카디)29 슈퍼다이아          기   06:14     06:28       0:14   금
511 34조(리카디)11 슈퍼삭스            기   06:33     06:49       0:16   금
512 34조(리카디)14 스피드갤럽          기   06:47     06:55       0:08   차
513 34조(리카디)33 애플민트            관   08:04     08:17       0:13   차
514 34조(리카디)10 에코빌              기   08:04     08:15       0:11   차
515 34조(리카디)34 조이브라더          기   06:23     06:32       0:09   금
516 34조(리카디)13 지산꽃              관   08:20     08:34       0:14   차
517 34조(리카디)27 최강블랙            기   08:17     08:30       0:13   차
518 34조(리카디)35 최고캠프            관   07:30     07:42       0:12   금
519 34조(리카디)30 트로팅라일리        관   08:20     08:34       0:14   차
520 35조(임채덕) 1 럭센                관   06:36     06:55       0:19   차
521 35조(임채덕)24 불의꽃              조   06:55     07:04       0:09   금
522 35조(임채덕)20 불의질주            조   07:14     07:27       0:13   금
523 35조(임채덕)10 스마일레이디        관   06:36     06:52       0:16   차
524 35조(임채덕)17 제왕의별            조   08:04     08:24       0:20   금
525 35조(임채덕) 3 퀵실버키튼          조   06:27     06:36       0:09   금
526 35조(임채덕)18 플라잉캡틴          관   07:14     07:34       0:20   차
527 35조(임채덕)21 플라잉풀문          조   08:32     08:45       0:13   차
528 37조(심승태)24 무야호              관   06:38     06:56       0:18   금
529 37조(심승태) 5 비엔토              관   07:25     07:39       0:14   차
530 37조(심승태) 3 새로운보배          관   06:38     06:53       0:15   차
531 37조(심승태) 7 샤인뮤직            관   07:56     08:04       0:08   차
532 37조(심승태)17 소베라니아          관   08:00     08:13       0:13   차
533 37조(심승태)30 스위트카카오        관   07:06     07:19       0:13   차
534 37조(심승태)28 아치메모리          관   08:00     08:13       0:13   차
535 37조(심승태)10 천둥캣              관   07:34     07:49       0:15   금
536 37조(심승태)29 티즈드림            관   06:38     07:00       0:22   금
537 40조(송문길) 9 골드스파이크        기   06:37     06:48       0:11   금
538 40조(송문길)17 글라디아토레에이    기   08:46     08:56       0:10   차
539 40조(송문길) 2 라피도아레스        관   08:11     08:23       0:12   차
540 40조(송문길)10 마이윈              관   06:13     06:26       0:13   차
541 40조(송문길)26 별의순간            기   06:26     06:38       0:12   금
542 40조(송문길)11 블루케이            관   08:04     08:21       0:17   금
543 40조(송문길)14 비밀상자            관   06:51     07:01       0:10   차
544 40조(송문길)29 샴로커              기   08:42     08:53       0:11   금
545 40조(송문길) 3 스마트파워          기   06:37     06:50       0:13   금
546 40조(송문길)21 아델나래            관   07:29     07:41       0:12   차
547 40조(송문길)40 아테나브이          기   08:22     08:34       0:12   금
548 40조(송문길)28 와우와우            관   08:04     08:26       0:22   차
549 40조(송문길)18 월드레이서          관   08:48     09:05       0:17   차
550 40조(송문길) 5 위즈모멘트          기   06:50     07:03       0:13   금
551 40조(송문길)31 제이랩터            기   06:23     06:36       0:13   금
552 40조(송문길)27 제이트로스          기   06:13     06:24       0:11   금
553 40조(송문길)20 클레어포인트        기   06:41     06:55       0:14   금
554 40조(송문길)33 킬리의제왕          기   08:50     09:01       0:11   차
555 40조(송문길) 6 파워케이            기   09:00     09:12       0:12   차
556 40조(송문길)23 파이널참            관   07:31     07:45       0:14   차
557 40조(송문길) 1 파이어하트          관   08:47     09:06       0:19   차
558 41조(신삼영)11 과천신세계          관   08:25     08:45       0:20   금
559 41조(신삼영)12 논스톱리워드        기   06:49     06:56       0:07   금
560 41조(신삼영)38 문학파이어          관   08:50     09:02       0:12   차
561 41조(신삼영)20 별빛보석            관   06:28     06:43       0:15   금
562 41조(신삼영)16 섀도우퀸            관   08:51     09:03       0:12   차
563 41조(신삼영)26 아이언로즈          관   08:02     08:16       0:14   금
564 41조(신삼영)15 알사이먼            관   08:10     08:24       0:14   차
565 41조(신삼영)24 원더풀금성          관   07:28     07:44       0:16   차
566 41조(신삼영) 3 유로강자            관   08:04     08:15       0:11   차
567 41조(신삼영) 8 유로퀸              관   07:21     07:32       0:11   금
568 41조(신삼영)37 좋은관계            관   07:40     07:51       0:11   차
569 41조(신삼영)14 큐피드베이브        관   06:58     07:09       0:11   금
570 41조(신삼영)31 크레이지탱크        관   07:13     07:26       0:13   금
571 42조(이관호)19 골든스쿠프          기   07:51     08:03       0:12   금
572 42조(이관호)34 금아스위프트        관   08:47     08:58       0:11   금
573 42조(이관호) 7 금아애크미          기   06:35     06:45       0:10   금
574 42조(이관호)26 레이먼드            관   07:30     07:40       0:10   차
575 42조(이관호)13 방탄여걸            관   08:33     08:45       0:12   차
576 42조(이관호)28 백스핀              기   06:12     06:23       0:11   금
577 42조(이관호)15 베스트마루          관   07:51     08:04       0:13   차
578 42조(이관호)17 브라보삭스          기   08:25     08:36       0:11   차
579 42조(이관호) 6 빅에너지            기   06:33     06:44       0:11   차
580 42조(이관호) 5 아로마              기   07:57     08:09       0:12   금
581 42조(이관호)37 아이스펀치          기   06:56     07:10       0:14   특
582 42조(이관호)25 엔비전사            기   08:05     08:17       0:12   차
583 42조(이관호)10 전정사금            기   08:03     08:17       0:14   금
584 42조(이관호)36 지스타              기   07:06     07:18       0:12   차
585 42조(이관호)11 챌린지삭스          기   06:25     06:41       0:16   금
586 42조(이관호) 1 챔피언함성          기   07:06     07:17       0:11   금
587 42조(이관호)21 천군                기   06:47     07:01       0:14   금
588 42조(이관호)29 청산강호            기   06:48     07:00       0:12   차
589 42조(이관호)23 청산드림            기   06:32     06:42       0:10   차
590 42조(이관호)20 청산영웅            기   06:29     06:46       0:17   금
591 42조(이관호) 2 톱포지션            관   08:28     08:39       0:11   차
592 42조(이관호)   티케이존            기   07:06     07:17       0:11   금
593 42조(이관호)39 포에버드림          기   07:26     07:38       0:12   차
594 43조(서정하) 3 아르폰스            관   06:57     07:08       0:11   금
595 48조(이준철)23 기쁨환희            기   06:22     06:35       0:13   금
596 48조(이준철)16 메이블레이드        조   07:50     08:16       0:26   금
597 48조(이준철)11 쏘아라대로          관   06:20     06:35       0:15   차
598 48조(이준철) 1 쏘아라바바          조   06:57     07:10       0:13   금
599 48조(이준철)29 에이스월드          관   06:59     07:11       0:12   차
600 48조(이준철)13 이천아치            관   07:25     07:40       0:15   차
601 48조(이준철)12 참좋은친구          조   06:20     06:31       0:11   금
602 48조(이준철)30 퀵니스              관   08:00     08:21       0:21   차
603 48조(이준철)24 피엔에스수          조   07:25     07:40       0:15   차
604 48조(이준철)25 화이트캣            관   08:00     08:21       0:21   차
605 48조(이준철) 8 흥행질주            기   06:52     07:02       0:10   금
606 49조(지용철)32 강철부대            기   08:56     09:18       0:22   차
607 49조(지용철)13 광명성              기   08:56     09:06       0:10   차
608 49조(지용철)36 대변화              관   07:34     07:45       0:11   차
609 49조(지용철)35 라스트보스          관   06:49     06:58       0:09   차
610 49조(지용철)38 리마커블            관   07:17     07:31       0:14   금
611 49조(지용철) 6 마패봉              관   06:59     07:14       0:15   차
612 49조(지용철) 4 블러드문            기   06:46     06:57       0:11   금
613 49조(지용철)40 원앤온리            기   06:45     07:01       0:16   금
614 49조(지용철)19 원퍼트              기   06:14     06:26       0:12   금
615 49조(지용철)24 인듀어런스          기   08:56     09:18       0:22   금
616 49조(지용철) 5 청산가세            기   06:14     06:26       0:12   금
617 49조(지용철)23 탁트인              기   08:23     08:38       0:15   차
618 49조(지용철)16 페더럴아이          관   06:17     06:31       0:14   차
619 49조(지용철)37 페더럴킹            관   06:17     06:31       0:14   차
620 49조(지용철) 8 황금달빛            기   06:32     06:41       0:09   차
621 50조(박재우)21 그랜드스타          기   07:25     07:39       0:14   차
622 50조(박재우)24 두손드라이브        관   06:59     07:13       0:14   금
623 50조(박재우) 2 럭키재산            기   09:03     09:18       0:15   차
624 50조(박재우)27 멋진금성            관   07:44     07:54       0:10   차
625 50조(박재우)29 문학타이거          기   06:55     07:06       0:11   금
626 50조(박재우)34 문학포리스트        기   08:21     08:32       0:11   금
627 50조(박재우)33 백두걸              기   09:22     09:35       0:13   차
628 50조(박재우)23 백두미인            기   07:46     08:03       0:17   차
629 50조(박재우)22 베스트전사          기   07:25     07:39       0:14   차
630 50조(박재우)16 스킬맥스            기   06:19     06:37       0:18   금
631 50조(박재우)13 아담스애플          관   09:03     09:15       0:12   차
632 50조(박재우)38 야호스마트캣        관   08:28     08:42       0:14   특
633 50조(박재우)31 엠제이타임          관   07:19     07:32       0:13   차
634 50조(박재우)20 영광의미소          기   08:45     08:56       0:11   금
635 50조(박재우)40 용호지마            관   06:16     06:36       0:20   금
636 50조(박재우)37 은어축제            기   06:40     06:48       0:08   금
637 50조(박재우)18 이스트매직          관   07:46     08:03       0:17   차
638 50조(박재우) 4 이터널메모리        기   08:05     08:18       0:13   금
639 50조(박재우)11 컴플리트룰러        관   08:05     08:23       0:18   금
640 50조(박재우)17 컴플리트스타        기   06:12     06:26       0:14   금
641 50조(박재우) 6 큐피드세이프        관   06:40     06:52       0:12   금
642 50조(박재우)32 파인팜              기   08:53     09:12       0:19   차
643 50조(박재우)35 화이트퀸            관   09:03     09:18       0:15   차
644 51조(최용건)36 경부대검            관   08:03     08:17       0:14   금
645 51조(최용건)28 그레이트선더        관   07:57     08:11       0:14   차
646 51조(최용건)15 나올에이스          기   06:41     06:50       0:09   금
647 51조(최용건)14 다울퀸              관   08:37     08:51       0:14   금
648 51조(최용건)10 디자이어투윈        관   08:38     08:51       0:13   차
649 51조(최용건)32 명진스톰            관   07:27     07:36       0:09   차
650 51조(최용건)13 모닝뉴스            관   07:32     07:44       0:12   금
651 51조(최용건)35 서니블레이드        기   06:41     06:50       0:09   금
652 51조(최용건)33 스마트하이          기   06:52     07:04       0:12   금
653 51조(최용건)27 신대로              기   08:03     08:17       0:14   금
654 51조(최용건) 7 실버스타            기   07:35     07:48       0:13   차
655 51조(최용건)19 장산레이저          기   06:52     07:04       0:12   금
656 51조(최용건) 3 장산탱크            기   06:28     06:39       0:11   금
657 51조(최용건) 6 장산포이즌          기   07:49     08:01       0:12   차
658 51조(최용건)21 천상성              기   08:18     08:30       0:12   차
659 51조(최용건)22 클리어검            관   06:28     06:39       0:11   금
660 51조(최용건)26 플래티넘유로        관   07:04     07:16       0:12   특
661 51조(최용건)17 히어로스피드        기   07:32     07:44       0:12   금
662 52조(김동균)34 그랜드파워          관   07:23     07:32       0:09   금
663 52조(김동균)29 나는스타            기   06:58     07:08       0:10   금
664 52조(김동균) 2 럭키월드            관   06:51     06:59       0:08   금
665 52조(김동균)32 로드스카이          관   06:43     07:03       0:20   차
666 52조(김동균)40 루나실버            기   07:33     07:48       0:15   차
667 52조(김동균)15 메니스피어          관   07:56     08:07       0:11   차
668 52조(김동균)18 메니히어로          관   06:10     06:22       0:12   특
669 52조(김동균)20 베스트팔콘          기   07:10     07:20       0:10   금
670 52조(김동균) 4 볼트맨              기   08:10     08:22       0:12   차
671 52조(김동균)35 스피드팔콘          관   07:59     08:14       0:15   차
672 52조(김동균) 6 엠제이스톰          기   06:13     06:26       0:13   차
673 52조(김동균)36 엠제이포인트        관   06:46     06:57       0:11   금
674 52조(김동균)13 영광의캡틴          기   08:09     08:19       0:10   금
675 52조(김동균)21 영광의행진          관   06:14     06:24       0:10   금
676 52조(김동균)12 천지여걸            관   07:29     07:35       0:06   차
677 52조(김동균)16 카빙크로스          관   08:47     09:02       0:15   특
678 52조(김동균)30 퀴클리선            관   08:20     08:47       0:27   차
679 52조(김동균)17 파노라마칸          관   06:11     06:22       0:11   차
680 52조(김동균)24 흑전사              관   07:28     07:37       0:09   금
681 53조(김동철) 6 나올영웅            관   07:26     07:41       0:15   차
682 53조(김동철)34 러피언파크          관   08:23     08:36       0:13   차
683 53조(김동철)39 럭셔리킹            관   06:58     07:10       0:12   금
684 53조(김동철)15 로드에이스          기   06:58     07:10       0:12   금
685 53조(김동철)10 로맨스참            기   07:32     07:43       0:11   금
686 53조(김동철)14 루비로드            관   08:10     08:24       0:14   금
687 53조(김동철)20 머스탱참            기   07:02     07:13       0:11   차
688 53조(김동철) 8 미르스톰            관   06:27     06:39       0:12   차
689 53조(김동철)16 블랙인디            관   09:05     09:21       0:16   차
690 53조(김동철)31 블루마카롱          기   07:32     07:43       0:11   금
691 53조(김동철)36 서울의별            관   06:52     07:01       0:09   차
692 53조(김동철)28 스마트핑크          관   08:10     08:24       0:14   금
693 53조(김동철)11 에코존              관   07:46     07:55       0:09   차
694 53조(김동철)24 영블러드            관   08:10     08:26       0:16   차
695 53조(김동철)26 캡틴레드            관   09:01     09:16       0:15   차
696 53조(김동철)33 퀸즈패션            관   09:01     09:19       0:18   차
697 53조(김동철)18 티케이데이          관   06:41     06:54       0:13   차
698 54조(박천서)14 그린백              관   06:15     06:35       0:20   금
699 54조(박천서)13 마바위              관   07:30     07:43       0:13   차
700 54조(박천서)23 무지개공주          관   08:13     08:22       0:09   차
701 54조(박천서)16 밀리언퀸            기   06:49     07:01       0:12   차
702 54조(박천서) 1 베링맨              관   08:22     08:32       0:10   차
703 54조(박천서)36 브이퀸              관   09:01     09:10       0:09   금
704 54조(박천서) 3 상상질주            관   06:58     07:11       0:13   차
705 54조(박천서)29 선봉골드            기   06:35     06:49       0:14   금
706 54조(박천서)33 승승파워            관   07:40     07:56       0:16   금
707 54조(박천서)25 은성마루            관   06:28     06:38       0:10   금
708 54조(박천서)11 토루크막토          기   07:04     07:15       0:11   금
709 54조(박천서) 4 피노시스터          기   07:20     07:28       0:08   금
━━━━━━━━━━━━━━━━━━━━━━━━━━━━━━━━━━━━━━━
                                                      출력일자 : 2022. 1.20

