

제목 : 22.12.29(목) 조교현황

  ※기승자범례(조:조교사, 관:주로조교, 기:기수, 후:기수후보생)
  ※비고(금:금주출전예정마, 차:차주출전예정마, 특:특대상경주출전예정마)
  ※금주, 차주 또는 특별 대상경주 출전예상마는 출전신청 결과 및
  조교사의 의사에 따라 변동될 수 있는 미확정된 자료이오니 참고하시기 바랍니다.
━━━━━━━━━━━━━━━━━━━━━━━━━━━━━━━━━━━━━━━
  순 소속조 - 조번 마명              기승자 입장시각  퇴장시각  조교시간 비고
━━━━━━━━━━━━━━━━━━━━━━━━━━━━━━━━━━━━━━━
  1  1조(박종곤)34 라온더와일드        관   06:57     07:16       0:19   차
  2  1조(박종곤) 6 라온더제트          관   06:59     07:21       0:22   차
  3  1조(박종곤) 5 라온더퀄리티        관   08:02     08:14       0:12   차
  4  1조(박종곤)23 라온더타이거        관   07:39     07:52       0:13   차
  5  1조(박종곤) 8 라온더포인트        관   08:11     08:27       0:16   차
  6  1조(박종곤)20 라온더하이맨        관   07:35     07:50       0:15   차
  7  1조(박종곤) 3 라온비트            관   06:50     07:04       0:14   차
  8  1조(박종곤)31 라온에어포스        관   07:53     08:04       0:11   차
  9  1조(박종곤) 9 에이펙스            관   06:45     07:01       0:16   차
 10  2조(손영표)17 그랜드대로          기   08:28     08:43       0:15   차
 11  2조(손영표) 2 드럼메이저          관   08:28     08:42       0:14   차
 12  2조(손영표) 9 불의가속            관   06:48     07:08       0:20   차
 13  2조(손영표)11 엑톤질주            관   06:26     06:42       0:16   차
 14  2조(손영표) 4 제이에스군황        기   08:07     08:24       0:17   차
 15  2조(손영표) 5 클레어파워          관   06:10     06:21       0:11   차
 16  3조(최영주) 7 거문                관   06:30     06:42       0:12   차
 17  3조(최영주) 5 골드카이저          관   08:13     08:24       0:11   차
 18  3조(최영주) 9 굿사이먼            기   06:52     07:01       0:09   차
 19  3조(최영주)20 김천영웅            관   09:20     09:27       0:07   차
 20  3조(최영주)14 록라인              관   06:11     06:28       0:17   차
 21  3조(최영주)13 블루아치            관   08:49     08:55       0:06   차
 22  3조(최영주) 3 월드플레이          관   07:39     07:47       0:08   차
 23  3조(최영주)23 피엔에스얀          관   06:43     06:52       0:09   차
 24  3조(최영주)21 한강차르            관   06:54     07:07       0:13   차
 25  3조(최영주)19 한강파워            관   07:16     07:26       0:10   차
 26  3조(최영주)16 행복한문막          관   06:16     06:28       0:12   차
 27  3조(최영주)15 희망오름            관   06:43     06:52       0:09   차
 28  4조(박윤규)31 강자의빛            관   08:27     08:46       0:19   차
 29  4조(박윤규)19 걸작맨              기   07:41     07:51       0:10   차
 30  4조(박윤규)13 걸작선              관   07:45     07:59       0:14   차
 31  4조(박윤규) 4 광양으뜸            관   07:10     07:23       0:13   차
 32  4조(박윤규)23 굿카보              관   06:14     06:34       0:20   차
 33  4조(박윤규)17 뉴지평              관   08:27     08:43       0:16   차
 34  4조(박윤규)22 뉴킹맨              관   08:16     08:34       0:18   차
 35  4조(박윤규) 2 도레미송            관   07:13     07:39       0:26   차
 36  4조(박윤규)39 럭키클럽            관   08:27     08:43       0:16   차
 37  4조(박윤규)40 매니킹              관   08:48     09:01       0:13   차
 38  4조(박윤규)28 브이퀸              관   08:57     09:06       0:09   차
 39  4조(박윤규)12 스타워즈            관   08:57     09:13       0:16   차
 40  4조(박윤규)29 원더풀티지          관   06:16     06:34       0:18   차
 41  4조(박윤규)11 이스트반            관   06:35     06:50       0:15   차
 42  4조(박윤규) 3 티파니블루          관   06:45     07:00       0:15   차
 43  4조(박윤규)38 하얀왕자            관   06:16     06:34       0:18   차
 44  4조(박윤규) 7 희망의찬가          관   07:13     07:31       0:18   차
 45  5조(우창구)15 골드마이티          관   06:32     06:50       0:18   차
 46  5조(우창구)18 동행퍼스트          관   07:45     08:00       0:15   차
 47  5조(우창구)26 미라클케이          관   06:58     07:07       0:09   차
 48  5조(우창구)17 빅스고              관   08:27     08:37       0:10   차
 49  5조(우창구)32 서울라이언          관   07:45     08:05       0:20   차
 50  5조(우창구)34 서울태양            관   08:27     08:40       0:13   차
 51  5조(우창구)13 선더타임            관   07:59     08:09       0:10   차
 52  5조(우창구)38 운외창천            관   08:28     08:38       0:10   차
 53  5조(우창구)25 위너블루            관   07:12     07:29       0:17   차
 54  5조(우창구)12 티즈블랙            관   06:44     06:59       0:15   차
 55  5조(우창구)31 퍼스트유저          관   08:27     08:43       0:16   차
 56  6조(홍대유)11 강력한지금          관   08:45     08:58       0:13   차
 57  6조(홍대유)25 강한퀸              관   07:49     08:01       0:12   차
 58  6조(홍대유) 3 그린질주            관   06:43     06:58       0:15   차
 59  6조(홍대유)18 그린폭주            관   08:25     08:38       0:13   차
 60  6조(홍대유)19 내길의별            관   07:18     07:37       0:19   차
 61  6조(홍대유)15 도시의바람          관   08:54     09:17       0:23   차
 62  6조(홍대유) 5 배다리공주          관   08:12     08:26       0:14   차
 63  6조(홍대유)35 배다리캔디          관   08:26     08:39       0:13   차
 64  6조(홍대유)16 베스트플랜          관   07:55     08:06       0:11   차
 65  6조(홍대유) 2 새내칸              관   06:25     06:38       0:13   차
 66  6조(홍대유) 1 새내파워풀          관   07:53     08:06       0:13   차
 67  6조(홍대유) 4 새로운빛깔          관   08:22     08:33       0:11   차
 68  6조(홍대유)26 선더브라보          관   06:49     07:03       0:14   차
 69  6조(홍대유)21 스마티글로리        관   07:18     07:37       0:19   차
 70  6조(홍대유)12 안양호랑이          관   06:21     06:35       0:14   차
 71  6조(홍대유)10 용비천              관   06:49     07:03       0:14   차
 72  6조(홍대유)30 화이트위치          관   07:18     07:32       0:14   차
 73  7조(구자흥) 4 그린불패            기   06:41     06:53       0:12   차
 74  7조(구자흥) 8 다나은로즈          관   07:37     07:49       0:12   차
 75  7조(구자흥) 9 대지의여걸          관   07:51     07:59       0:08   차
 76  7조(구자흥)28 정문최강            기   08:16     08:27       0:11   차
 77  8조(최용구)16 로열엘비스          관   07:59     08:14       0:15   차
 78  8조(최용구) 2 송암레전드          관   06:20     06:32       0:12   차
 79  8조(최용구) 9 아치신              관   06:12     06:22       0:10   차
 80  8조(최용구) 8 카우보이킹          관   07:41     07:54       0:13   차
 81  9조(강성오)25 리드미컬            관   07:21     07:41       0:20   차
 82  9조(강성오)24 마이공주            관   06:20     06:31       0:11   차
 83  9조(강성오)21 온포인트            관   08:23     08:32       0:09   차
 84  9조(강성오)12 왈가닥              관   07:58     08:15       0:17   차
 85  9조(강성오)20 울트라삭스          관   09:07     09:19       0:12   차
 86  9조(강성오) 2 이너피스            관   08:17     08:26       0:09   차
 87  9조(강성오)38 절대가치            관   07:18     07:34       0:16   차
 88  9조(강성오)35 최고레이스          관   08:25     08:42       0:17   차
 89  9조(강성오)26 최고블랙            관   08:39     08:53       0:14   차
 90  9조(강성오)37 최고포인트          관   06:36     06:46       0:10   차
 91  9조(강성오) 5 컴플리트스텝        관   07:21     07:39       0:18   차
 92  9조(강성오) 1 케이모션            관   07:18     07:34       0:16   차
 93  9조(강성오)39 퀴클리런            관   09:14     09:25       0:11   차
 94  9조(강성오)36 킹심바              관   07:31     07:43       0:12   차
 95  9조(강성오)10 킹칼레              관   06:27     06:39       0:12   차
 96  9조(강성오)15 터치나인            관   07:05     07:18       0:13   차
 97  9조(강성오)22 톱클래스            관   08:17     08:31       0:14   차
 98  9조(강성오) 7 퍼미션투윈          관   07:54     08:09       0:15   차
 99  9조(강성오) 8 해피루키            관   07:54     08:09       0:15   차
100  9조(강성오) 4 히든브레인          관   06:51     07:04       0:13   차
101 10조(정호익)18 강토마              관   06:29     06:41       0:12   차
102 10조(정호익) 8 네이비크롬          관   07:14     07:24       0:10   차
103 10조(정호익) 7 두손장군            관   07:14     07:30       0:16   차
104 10조(정호익)38 두손판타스틱        관   06:59     07:11       0:12   차
105 10조(정호익)25 땡큐대천            관   08:36     08:46       0:10   차
106 10조(정호익)29 매직아워            관   07:03     07:17       0:14   차
107 10조(정호익) 4 문학앙코르          관   06:11     06:21       0:10   차
108 10조(정호익)22 문학어플리트        관   07:24     07:32       0:08   차
109 10조(정호익)30 문학엠파이어        관   08:04     08:21       0:17   차
110 10조(정호익)32 빅스마트            관   06:10     06:21       0:11   차
111 10조(정호익)34 소울메리트          관   08:04     08:22       0:18   차
112 10조(정호익)20 슈프림스타          관   08:17     08:28       0:11   차
113 10조(정호익)15 스마트태양          관   08:30     08:42       0:12   차
114 10조(정호익)26 승부사              관   06:32     06:48       0:16   차
115 10조(정호익) 5 영웅대마            관   07:49     08:00       0:11   차
116 10조(정호익)10 원모어러시          관   06:12     06:20       0:08   차
117 10조(정호익)36 원평스카이          기   07:50     08:00       0:10   차
118 10조(정호익)13 원평코드            관   08:02     08:15       0:13   차
119 10조(정호익)23 작두콩              관   06:12     06:24       0:12   차
120 10조(정호익)16 터프가이            관   07:35     07:46       0:11   차
121 10조(정호익)11 터프맨              관   07:40     07:55       0:15   차
122 10조(정호익)37 해들뫼              관   06:53     07:06       0:13   차
123 10조(정호익)12 황우강자            관   06:46     06:58       0:12   차
124 11조(조현수) 9 나올시대            관   07:11     07:24       0:13   차
125 11조(조현수)29 나올탱크            관   06:48     07:01       0:13   차
126 11조(조현수)15 도깨비              관   06:25     06:34       0:09   차
127 11조(조현수)14 드림맥스            관   07:54     08:05       0:11   차
128 11조(조현수)28 메니스피드          관   06:41     06:55       0:14   차
129 11조(조현수)30 메니윈              관   08:10     08:38       0:28   차
130 11조(조현수) 1 모던타임즈          관   07:36     07:51       0:15   차
131 11조(조현수)39 보디가드            관   06:26     06:41       0:15   차
132 11조(조현수)23 비플라워            관   06:21     06:31       0:10   차
133 11조(조현수) 5 스마트별            관   07:45     07:57       0:12   차
134 11조(조현수)31 시선집중            관   07:37     07:49       0:12   차
135 11조(조현수)16 아메리칸포스원      관   07:50     07:59       0:09   차
136 11조(조현수) 4 아임포스원          관   07:04     07:16       0:12   차
137 11조(조현수)26 질풍오름            관   07:18     07:37       0:19   차
138 11조(조현수) 8 컴플리트캡틴        관   08:10     08:24       0:14   차
139 11조(조현수) 2 퀸오브베스트        관   06:53     07:02       0:09   차
140 11조(조현수)27 투투키튼            관   07:08     07:19       0:11   차
141 12조(서범석) 1 논스톱캣            기   07:36     07:49       0:13   차
142 12조(서범석) 6 러브카우걸          관   06:30     06:42       0:12   차
143 12조(서범석)20 런런런              관   07:04     07:18       0:14   차
144 12조(서범석)28 리드더웨이          관   06:51     07:02       0:11   차
145 12조(서범석) 5 브리가디어제너럴    기   07:22     07:34       0:12   차
146 12조(서범석)21 슈어윈              관   07:41     07:53       0:12   차
147 12조(서범석) 9 원더풀하와이        기   07:51     08:03       0:12   차
148 12조(서범석)26 카지노스타          관   06:10     06:17       0:07   차
149 12조(서범석)31 큐피드웨이          관   07:25     07:37       0:12   차
150 13조(이희영)12 논스톱선더          관   06:28     06:37       0:09   차
151 13조(이희영)26 동트자웨이          관   07:15     07:26       0:11   차
152 13조(이희영)16 루비어게인          관   06:14     06:26       0:12   차
153 13조(이희영) 8 베스트클론          관   06:39     06:49       0:10   차
154 13조(이희영) 5 베스트탑            관   07:32     07:42       0:10   차
155 13조(이희영)23 샤크짱              관   06:50     06:58       0:08   차
156 14조(이신영)11 그래티튜드          기   07:57     08:07       0:10   차
157 14조(이신영)39 내길의퀸            관   06:26     06:39       0:13   차
158 14조(이신영)32 다프네              관   06:10     06:20       0:10   차
159 14조(이신영)18 델피니              기   07:45     07:56       0:11   차
160 14조(이신영)36 들꽃향기            관   06:10     06:23       0:13   차
161 14조(이신영) 5 록의제왕            기   07:32     07:44       0:12   차
162 14조(이신영)12 사려니로키          기   06:30     07:00       0:30   차
163 14조(이신영) 6 스카이망치          관   07:49     07:58       0:09   차
164 14조(이신영)17 파워풀비전          관   07:23     07:47       0:24   차
165 15조(박희철) 1 대세만세            관   06:10     06:23       0:13   차
166 15조(박희철) 4 마에스트로          관   06:54     07:03       0:09   차
167 15조(박희철) 8 은파마운틴          관   08:32     08:43       0:11   차
168 15조(박희철)10 정상킹덤            관   07:36     07:46       0:10   차
169 15조(박희철)11 젤로스              관   07:39     07:50       0:11   차
170 15조(박희철)17 투아레그나인        관   07:07     07:19       0:12   차
171 15조(박희철)23 파티파워            관   08:39     08:48       0:09   차
172 15조(박희철)16 함평여왕            관   07:20     07:34       0:14   차
173 15조(박희철) 9 함평파이터          관   08:02     08:20       0:18   차
174 16조(최봉주)12 내추럴클래스        관   07:27     07:36       0:09   차
175 16조(최봉주)38 너울이              관   08:13     08:28       0:15   차
176 16조(최봉주) 4 대천뷰티            관   07:30     07:45       0:15   차
177 16조(최봉주)37 대천챔프            기   06:42     06:54       0:12   차
178 16조(최봉주)35 돌격앞으로          관   08:31     08:43       0:12   차
179 16조(최봉주)33 별나라비마          조   07:13     07:27       0:14   차
180 16조(최봉주)11 별나라질주          조   08:13     08:28       0:15   차
181 16조(최봉주)19 블루카이저          관   08:07     08:17       0:10   차
182 16조(최봉주) 6 언패럴렐드          조   07:34     07:47       0:13   차
183 16조(최봉주)25 에이스퀸            조   06:40     06:51       0:11   차
184 16조(최봉주)10 천송이              관   07:06     07:20       0:14   차
185 16조(최봉주) 9 케이엔골든킹        관   07:34     07:47       0:13   차
186 19조(곽영효)27 머니스톤            관   06:43     06:51       0:08   차
187 19조(곽영효)32 원더풀뮤직          관   06:52     07:01       0:09   차
188 19조(곽영효)17 캡틴브라보          기   06:10     06:19       0:09   차
189 19조(곽영효)15 콜조이              기   06:21     06:34       0:13   차
190 19조(곽영효)13 한강보스            관   07:13     07:28       0:15   차
191 19조(곽영효) 2 한강질주            관   07:46     08:01       0:15   차
192 19조(곽영효)12 한강챔프            관   06:29     06:48       0:19   차
193 19조(곽영효)31 한강히어로          기   06:36     06:45       0:09   차
194 20조(배대선)34 골든럭키            관   06:19     06:30       0:11   차
195 20조(배대선)11 농본바다            관   06:44     06:53       0:09   차
196 20조(배대선) 6 다울퀸              관   06:45     06:55       0:10   차
197 20조(배대선) 2 다이아키            기   06:51     07:01       0:10   차
198 20조(배대선)24 레전드케이          기   06:19     06:30       0:11   차
199 20조(배대선) 5 머니지프            기   07:30     07:41       0:11   차
200 20조(배대선) 7 보스베이비          관   06:32     06:41       0:09   차
201 20조(배대선)30 빛의카              기   06:32     06:41       0:09   차
202 21조(문병기)22 그랜드실버          관   08:11     08:22       0:11   차
203 21조(문병기)21 명진캔디            관   06:50     07:03       0:13   차
204 21조(문병기)13 미르베스트          기   06:32     06:42       0:10   차
205 21조(문병기)15 베스트타임          관   08:25     08:33       0:08   차
206 21조(문병기)36 성실롱런            관   08:11     08:24       0:13   차
207 21조(문병기)18 스타프린세스        관   08:35     08:51       0:16   차
208 21조(문병기) 1 에이스티아라        관   09:05     09:17       0:12   차
209 21조(문병기)14 엠제이베스트        관   06:13     06:29       0:16   차
210 21조(문병기)35 엠제이포인트        관   07:34     07:43       0:09   차
211 21조(문병기)16 하이파크            관   06:17     06:35       0:18   차
212 21조(문병기)28 화수분              조   06:17     06:38       0:21   차
213 22조(안병기)26 로열로드            관   07:09     07:24       0:15   차
214 22조(안병기)37 봄날의기억          관   06:59     07:12       0:13   차
215 22조(안병기)19 스탠바이미          관   08:30     08:45       0:15   차
216 22조(안병기)38 스프링꿈            관   06:45     06:56       0:11   차
217 22조(안병기) 2 스프링백            관   07:56     08:12       0:16   차
218 22조(안병기)10 아르고공주          관   08:59     09:11       0:12   차
219 22조(안병기)15 아르고리치          관   08:06     08:20       0:14   차
220 22조(안병기) 1 아르고탑            관   07:26     07:39       0:13   차
221 22조(안병기)11 아치로켓            관   08:48     09:02       0:14   차
222 22조(안병기)39 야무진재수          관   06:51     07:03       0:12   차
223 22조(안병기)36 열정아르고          관   06:19     06:34       0:15   차
224 22조(안병기)31 익스펙트            관   07:14     07:26       0:12   차
225 22조(안병기) 5 청수여걸            관   07:42     07:57       0:15   차
226 22조(안병기)28 초인강자            관   06:52     07:06       0:14   차
227 22조(안병기) 3 한가위선물          관   07:38     07:51       0:13   차
228 23조(유재길) 1 골드참              관   07:21     07:35       0:14   차
229 23조(유재길)20 논스톱위닝          관   06:59     07:07       0:08   차
230 23조(유재길) 2 더트서퍼            관   07:01     07:11       0:10   차
231 23조(유재길)29 별빛보석            관   06:54     07:09       0:15   차
232 23조(유재길) 3 블랙이글스          관   06:50     07:02       0:12   차
233 23조(유재길)21 스피어골드          관   06:34     06:46       0:12   차
234 23조(유재길) 6 원평버드            관   06:18     06:31       0:13   차
235 23조(유재길)15 피엔에스빌          관   07:47     08:01       0:14   차
236 23조(유재길) 8 피엔에스헐          관   06:34     06:46       0:12   차
237 23조(유재길)26 하트시그널          관   06:31     06:45       0:14   차
238 23조(유재길)27 해피나이스          관   06:10     06:18       0:08   차
239 23조(유재길) 5 해피선더            관   07:21     07:35       0:14   차
240 24조(서홍수)29 동서여걸            관   08:26     08:34       0:08   차
241 24조(서홍수) 4 마이티뉴            관   07:07     07:18       0:11   차
242 24조(서홍수)19 마이티후            관   06:12     06:29       0:17   차
243 24조(서홍수) 9 배다리왕자          관   09:03     09:15       0:12   차
244 24조(서홍수)24 블랙버미            관   08:45     08:57       0:12   차
245 24조(서홍수)39 블루참              관   07:26     07:38       0:12   차
246 24조(서홍수)12 새내타운            관   07:46     07:58       0:12   차
247 24조(서홍수)21 세명강자            관   08:13     08:23       0:10   차
248 24조(서홍수)33 아르폰스            관   09:31     09:47       0:16   차
249 24조(서홍수) 1 에브리참            관   07:32     07:45       0:13   차
250 24조(서홍수)36 온더록스            관   07:06     07:16       0:10   차
251 24조(서홍수)38 원더풀데블          관   06:39     06:51       0:12   차
252 24조(서홍수) 2 원앤온리            관   06:15     06:27       0:12   차
253 24조(서홍수)35 인듀어런스          관   06:47     07:00       0:13   차
254 24조(서홍수)25 콰이어트참          관   09:11     09:23       0:12   차
255 24조(서홍수)17 행복한버미          관   08:54     09:04       0:10   차
256 25조(전승규)31 남산꽃              관   08:32     08:43       0:11   차
257 25조(전승규)33 당찬대보            관   09:11     09:24       0:13   차
258 25조(전승규)25 루킹굿              관   07:59     08:15       0:16   차
259 25조(전승규) 8 미스양호            관   07:47     08:01       0:14   차
260 25조(전승규)26 볼드어게인          관   08:22     08:35       0:13   차
261 25조(전승규) 9 불곰마드레          관   07:48     07:56       0:08   차
262 25조(전승규)37 블랙초콜릿          관   06:19     06:28       0:09   차
263 25조(전승규)40 송암티즈            관   06:19     06:28       0:09   차
264 25조(전승규)12 스마트오피서        관   06:28     06:39       0:11   차
265 25조(전승규)22 아스펜태양          관   09:02     09:21       0:19   차
266 25조(전승규) 5 어나더레벨          관   07:08     07:18       0:10   차
267 25조(전승규)10 에클레어스타        관   08:10     08:28       0:18   차
268 25조(전승규)39 위너이즈웰          관   07:08     07:18       0:10   차
269 25조(전승규)23 제트비전            관   07:06     07:18       0:12   차
270 25조(전승규)15 초토마              관   06:20     06:31       0:11   차
271 25조(전승규)21 최강현마            관   06:19     06:28       0:09   차
272 25조(전승규)20 케이엔티즈원        관   06:10     06:16       0:06   차
273 25조(전승규) 7 킹에이스            관   07:56     08:10       0:14   차
274 25조(전승규) 2 테스고대보          관   07:03     07:16       0:13   차
275 25조(전승규)35 파이어굿            관   08:06     08:16       0:10   차
276 25조(전승규)18 항구스타            관   07:06     07:18       0:12   차
277 25조(전승규) 1 허쉬대보            관   08:50     09:07       0:17   차
278 25조(전승규)19 화랑투데이          관   07:08     07:18       0:10   차
279 26조(안해양) 7 단디                관   07:59     08:10       0:11   차
280 26조(안해양)11 더블에지            관   07:13     07:30       0:17   차
281 26조(안해양)33 더퀸저스티스        관   07:09     07:20       0:11   차
282 26조(안해양)14 드림여왕            관   07:54     08:08       0:14   차
283 26조(안해양)37 럭키선              관   07:47     08:06       0:19   차
284 26조(안해양)23 런던비상            기   07:44     07:56       0:12   차
285 26조(안해양)19 런던스피드          관   06:37     06:48       0:11   차
286 26조(안해양)31 런던캡틴            관   08:37     08:48       0:11   차
287 26조(안해양)40 레드태풍            관   07:03     07:16       0:13   차
288 26조(안해양)13 레이디켈리          관   08:06     08:28       0:22   차
289 26조(안해양) 9 마구마              관   06:46     06:56       0:10   차
290 26조(안해양) 8 무장                관   08:37     08:48       0:11   차
291 26조(안해양) 3 문막의설기          관   08:56     09:25       0:29   차
292 26조(안해양)12 파크윈              관   07:19     07:32       0:13   차
293 26조(안해양)30 히어로파크          관   08:56     09:19       0:23   차
294 27조(박병일)10 록임팩트            기   07:23     07:32       0:09   차
295 27조(박병일)23 만석지기            관   08:18     08:28       0:10   차
296 27조(박병일) 6 문학태핏            관   06:15     06:24       0:09   차
297 27조(박병일)27 불의질주            관   07:49     08:04       0:15   차
298 27조(박병일)19 스마티대세          관   07:06     07:17       0:11   차
299 27조(박병일)33 승리공주            관   07:02     07:19       0:17   차
300 27조(박병일)13 엄청난걸            관   07:20     07:30       0:10   차
301 27조(박병일) 1 오월춘추            관   07:18     07:27       0:09   차
302 27조(박병일)24 오키드밸리          관   06:13     06:28       0:15   차
303 27조(박병일)28 은혜드림            관   06:22     06:40       0:18   차
304 27조(박병일) 4 퀵실버키튼          관   06:45     07:00       0:15   차
305 27조(박병일)26 테스타블루          관   07:02     07:18       0:16   차
306 27조(박병일)30 포에버칸            기   07:07     07:18       0:11   차
307 27조(박병일) 7 흥복드림            관   07:32     07:40       0:08   차
308 28조(최상식) 6 글로벌강타          관   07:52     08:04       0:12   차
309 28조(최상식)19 글로벌골드          기   07:20     07:29       0:09   차
310 28조(최상식)12 글로벌럭키          관   08:05     08:13       0:08   차
311 28조(최상식) 2 글로벌매직          관   07:20     07:33       0:13   차
312 28조(최상식)18 글로벌보배          관   07:37     07:49       0:12   차
313 28조(최상식)26 글로벌선            기   08:01     08:13       0:12   차
314 28조(최상식) 8 글로벌영웅          기   07:08     07:18       0:10   차
315 28조(최상식)29 글로벌진격          관   06:48     06:59       0:11   차
316 28조(최상식)10 글로벌축배          관   08:09     08:26       0:17   차
317 28조(최상식)16 록파이터            관   08:16     08:27       0:11   차
318 28조(최상식) 1 베스트럭키          기   07:48     07:59       0:11   차
319 28조(최상식)28 쏘아라투투          관   08:09     08:24       0:15   차
320 29조(배휴준)18 데스크탑            관   08:01     08:16       0:15   차
321 29조(배휴준)22 세명기상            관   08:14     08:32       0:18   차
322 29조(배휴준)31 와일드킹덤          관   07:02     07:16       0:14   차
323 29조(배휴준)21 천리총              관   07:31     07:45       0:14   차
324 29조(배휴준) 2 천은총              기   06:58     07:11       0:13   차
325 29조(배휴준) 3 클라우터            관   06:10     06:16       0:06   차
326 29조(배휴준) 4 클로버파티          기   06:29     06:42       0:13   차
327 29조(배휴준)17 테스조이            관   06:47     07:00       0:13   차
328 30조(토니  )24 남산주몽            관   06:24     06:36       0:12   차
329 30조(토니  )14 남산초콜릿          관   06:16     06:29       0:13   차
330 30조(토니  ) 7 네버어게인          관   06:39     06:51       0:12   차
331 30조(토니  )20 님의향기            기   07:14     07:26       0:12   차
332 30조(토니  ) 2 더검푸              관   08:35     08:46       0:11   차
333 30조(토니  )11 더리퍼              관   08:47     08:58       0:11   차
334 30조(토니  )12 도끼블레이드        관   08:22     08:34       0:12   차
335 30조(토니  )19 성실공주핑크        관   08:26     08:38       0:12   차
336 30조(토니  ) 1 성실머니            관   06:16     06:29       0:13   차
337 30조(토니  )25 스타블레이드        관   06:44     06:57       0:13   차
338 30조(토니  )28 장산스타트          관   08:37     08:48       0:11   차
339 30조(토니  )21 지르콘              기   06:16     06:29       0:13   차
340 30조(토니  ) 3 청춘비바            기   06:44     06:56       0:12   차
341 30조(토니  )10 최강미래            관   06:44     06:57       0:13   차
342 30조(토니  ) 6 헌터블레이드        관   07:14     07:26       0:12   차
343 30조(토니  )23 헤라블레이드        관   07:44     07:56       0:12   차
344 31조(강환민) 2 바잉블레이드        관   07:21     07:36       0:15   차
345 31조(강환민)20 버터케이            관   08:05     08:18       0:13   차
346 31조(강환민)37 빅트리플            관   07:15     07:34       0:19   차
347 31조(강환민)23 송암아치걸          관   08:21     08:32       0:11   차
348 31조(강환민)36 슈퍼엑톤            관   07:50     08:01       0:11   차
349 31조(강환민) 4 어서와              관   06:35     06:51       0:16   차
350 31조(강환민)25 장산가드            관   08:05     08:19       0:14   차
351 31조(강환민) 5 정상럭키            관   07:13     07:25       0:12   차
352 31조(강환민)29 정상파이팅          관   06:39     06:54       0:15   차
353 31조(강환민)28 큐피드스윙          관   07:50     08:05       0:15   차
354 31조(강환민)11 클래식스타          관   07:08     07:21       0:13   차
355 31조(강환민)21 클린업샤인          관   06:57     07:08       0:11   차
356 31조(강환민)22 패스트트랙          관   07:32     07:40       0:08   차
357 31조(강환민)17 해피삭스            기   06:48     07:00       0:12   차
358 32조(김윤섭) 1 고고스타            관   06:34     06:47       0:13   차
359 32조(김윤섭) 4 금성맨              관   07:14     07:27       0:13   차
360 32조(김윤섭) 5 나우누리            관   07:46     07:58       0:12   차
361 32조(김윤섭) 8 달맞이              관   06:50     06:59       0:09   차
362 32조(김윤섭)24 명품축제            관   07:21     07:31       0:10   차
363 32조(김윤섭)10 문학다이얼          관   06:53     07:03       0:10   차
364 32조(김윤섭)30 어디가나            관   08:29     08:41       0:12   차
365 32조(김윤섭) 2 우뚝                관   07:30     07:43       0:13   차
366 32조(김윤섭)11 위너브라운          관   06:10     06:21       0:11   차
367 32조(김윤섭)20 테스메리            기   07:34     07:47       0:13   차
368 32조(김윤섭)27 파이어로드          관   06:30     06:43       0:13   차
369 32조(김윤섭)28 페더럴캣            기   07:50     08:03       0:13   차
370 32조(김윤섭)26 하늘아              관   09:03     09:17       0:14   차
371 33조(서인석) 8 누비강자            관   06:12     06:27       0:15   차
372 33조(서인석)11 누비고              관   07:18     07:40       0:22   차
373 33조(서인석)37 다이아파워캣        관   07:49     08:06       0:17   차
374 33조(서인석)16 동방의혼            관   07:31     07:43       0:12   차
375 33조(서인석)32 드래곤스타          기   08:25     08:36       0:11   차
376 33조(서인석)35 디스챌린지          관   08:03     08:17       0:14   차
377 33조(서인석)39 리걸하이            관   07:58     08:12       0:14   차
378 33조(서인석)40 매직그레이스        기   07:12     07:24       0:12   차
379 33조(서인석)28 매직조이            관   07:07     07:18       0:11   차
380 33조(서인석)22 매직콘서트          관   08:34     08:44       0:10   차
381 33조(서인석) 4 매직타이드          관   06:44     06:56       0:12   차
382 33조(서인석)20 모닝펄              기   08:43     08:53       0:10   차
383 33조(서인석)13 모닝프린스          기   08:09     08:23       0:14   차
384 33조(서인석) 1 모닝힐              관   06:32     06:46       0:14   차
385 33조(서인석) 7 바람과함께          관   06:10     06:23       0:13   차
386 33조(서인석)26 베아트리스          관   08:57     09:17       0:20   차
387 33조(서인석)33 블랙실버            관   07:31     07:48       0:17   차
388 33조(서인석)23 빅레드              관   07:03     07:19       0:16   차
389 33조(서인석)19 아라대장군          관   06:19     06:32       0:13   차
390 33조(서인석)30 아라챔프            관   07:34     07:46       0:12   차
391 33조(서인석)17 열린문              기   07:33     07:45       0:12   차
392 33조(서인석)34 원평킬라            기   08:29     08:51       0:22   차
393 33조(서인석) 5 은파챔피언          관   06:37     06:51       0:14   차
394 33조(서인석)27 이스트트로스        관   06:48     06:57       0:09   차
395 33조(서인석)15 콜리타스            관   08:57     09:15       0:18   차
396 33조(서인석)12 퀵실버              관   06:10     06:23       0:13   차
397 33조(서인석) 3 탭다운              관   06:27     06:40       0:13   차
398 33조(서인석)36 티즈에너지          관   07:41     07:51       0:10   차
399 33조(서인석)25 포트스원            관   06:41     06:52       0:11   차
400 33조(서인석) 9 흑룡가무            관   06:12     06:31       0:19   차
401 34조(리카디)28 강철블레이드        관   06:59     07:13       0:14   차
402 34조(리카디)17 갤럽컬린            관   08:14     08:26       0:12   차
403 34조(리카디)23 남산시대            관   06:36     06:49       0:13   차
404 34조(리카디) 7 남산호랑이          관   08:35     08:48       0:13   차
405 34조(리카디)21 드림스피드          기   06:10     06:21       0:11   차
406 34조(리카디)25 블랙마스크          기   06:22     06:33       0:11   차
407 34조(리카디)31 블랙모션            관   06:16     06:25       0:09   차
408 34조(리카디)36 선더윈드            관   07:26     07:38       0:12   차
409 34조(리카디)11 슈퍼삭스            관   06:51     07:04       0:13   차
410 34조(리카디)14 스피드갤럽          관   08:25     08:38       0:13   차
411 34조(리카디)26 아이언머스킷        관   06:52     07:06       0:14   차
412 34조(리카디)20 얼티멋원더          관   08:40     08:53       0:13   차
413 34조(리카디)38 원더풀슬루          관   07:31     07:45       0:14   차
414 34조(리카디)19 자이언트인디        관   06:50     07:03       0:13   차
415 34조(리카디)33 제이모션            관   06:52     07:06       0:14   차
416 34조(리카디)37 지모션              관   07:51     08:01       0:10   차
417 34조(리카디)30 트로팅라일리        관   07:50     08:02       0:12   차
418 34조(리카디)16 펄포인트            관   08:23     08:37       0:14   차
419 34조(리카디)15 해운대갈매기        관   07:31     07:45       0:14   차
420 34조(리카디)27 화이트다이아        관   08:23     08:37       0:14   차
421 34조(리카디) 2 희망가득            기   06:34     06:45       0:11   차
422 35조(임채덕)12 더록선샤인          관   07:03     07:17       0:14   차
423 35조(임채덕)27 드림스카이          관   07:03     07:17       0:14   차
424 35조(임채덕)28 라이드럭키          관   06:37     06:57       0:20   차
425 35조(임채덕)15 레이디태풍          관   07:19     07:34       0:15   차
426 35조(임채덕)11 불의날개            관   07:48     08:02       0:14   차
427 35조(임채덕) 9 원더풀위싱          관   07:19     07:34       0:15   차
428 35조(임채덕)17 제왕의별            관   06:12     06:25       0:13   차
429 35조(임채덕)13 찬란한날            관   08:23     08:41       0:18   차
430 35조(임채덕)25 캐츠우먼            관   07:48     08:02       0:14   차
431 35조(임채덕)14 쿨프린세스          관   08:11     08:26       0:15   차
432 35조(임채덕)31 플라잉카라          관   08:50     09:06       0:16   차
433 35조(임채덕)21 플라잉풀문          관   08:31     08:45       0:14   차
434 35조(임채덕)18 황금해              관   06:25     06:38       0:13   차
435 37조(심승태)23 나인아이            관   06:31     06:45       0:14   차
436 37조(심승태) 6 넥스트레벨          관   07:21     07:37       0:16   차
437 37조(심승태)35 라스트보스          관   06:58     07:12       0:14   차
438 37조(심승태) 3 럭셔리캡틴          관   06:12     06:21       0:09   차
439 37조(심승태) 5 비엔토              관   08:10     08:24       0:14   차
440 37조(심승태)39 빅비트              관   06:17     06:30       0:13   차
441 37조(심승태)24 스웨이              관   08:10     08:22       0:12   차
442 37조(심승태)30 스위트카카오        관   08:48     09:00       0:12   차
443 37조(심승태)20 에펠탑              관   06:31     06:46       0:15   차
444 37조(심승태) 8 주얼리베스트        관   06:47     06:57       0:10   차
445 37조(심승태)12 파워에치드          관   07:52     08:03       0:11   차
446 37조(심승태)11 퍼스트슈            관   07:52     08:07       0:15   차
447 40조(송문길) 9 골드스파이크        관   06:59     07:16       0:17   차
448 40조(송문길)33 그레이스케이        관   06:42     06:56       0:14   차
449 40조(송문길)13 꿈의순간            관   07:26     07:41       0:15   차
450 40조(송문길)12 뉴문워리어          관   06:14     06:28       0:14   차
451 40조(송문길)19 드림윈디            관   06:43     06:56       0:13   차
452 40조(송문길) 2 라피도아레스        관   06:12     06:26       0:14   차
453 40조(송문길)10 마이윈              기   07:23     07:36       0:13   차
454 40조(송문길)11 새벽안개            관   07:36     07:46       0:10   차
455 40조(송문길)38 스마트전사          관   06:15     06:29       0:14   차
456 40조(송문길)39 스카이돌풍          관   08:27     08:44       0:17   차
457 40조(송문길) 5 스피디루키          관   08:09     08:28       0:19   차
458 40조(송문길)34 아델머스탱          관   07:46     08:01       0:15   차
459 40조(송문길)24 업타운위즈          관   06:48     07:01       0:13   차
460 40조(송문길) 8 위즈업              관   06:10     06:24       0:14   차
461 40조(송문길)23 자이언트룰러        관   08:48     09:04       0:16   차
462 40조(송문길)15 자이언트킬링        관   07:19     07:38       0:19   차
463 40조(송문길)35 자이언트펀치        관   09:04     09:20       0:16   차
464 40조(송문길)27 제이트로스          관   08:10     08:26       0:16   차
465 40조(송문길)17 클레어베스트        관   08:27     08:43       0:16   차
466 40조(송문길)40 파워케이            기   07:11     07:23       0:12   차
467 41조(신삼영) 8 대륜시대            관   08:07     08:17       0:10   차
468 41조(신삼영)10 빛나는금성          관   07:22     07:35       0:13   차
469 41조(신삼영)21 신의부활            관   06:14     06:26       0:12   차
470 41조(신삼영)22 아름다운사이        관   06:44     06:54       0:10   차
471 41조(신삼영)15 알사이먼            관   07:07     07:20       0:13   차
472 41조(신삼영) 9 엘리트로열          관   07:05     07:17       0:12   차
473 41조(신삼영) 3 유로강자            관   07:53     08:10       0:17   차
474 41조(신삼영) 2 피렌체힐            관   06:23     06:35       0:12   차
475 42조(이관호)23 금빛마              기   09:13     09:22       0:09   차
476 42조(이관호) 3 금아얼루어          기   08:03     08:17       0:14   차
477 42조(이관호)12 디바인평화          기   07:03     07:19       0:16   차
478 42조(이관호)26 레이먼드            기   06:10     06:20       0:10   차
479 42조(이관호)32 메인오브킹          관   07:35     07:48       0:13   차
480 42조(이관호)40 불화산              관   08:03     08:13       0:10   차
481 42조(이관호) 6 빅에너지            관   09:01     09:13       0:12   차
482 42조(이관호)28 샤인온미            기   08:20     08:40       0:20   차
483 42조(이관호) 5 성은크라운          기   07:36     07:47       0:11   차
484 42조(이관호)11 아로마              기   06:20     06:32       0:12   차
485 42조(이관호)38 와일드러너          관   07:58     08:09       0:11   차
486 42조(이관호)16 와일드삭스          관   09:06     09:15       0:09   차
487 42조(이관호)37 제로백파이브        관   08:42     08:55       0:13   차
488 42조(이관호)13 챌린지삭스          관   06:25     06:37       0:12   차
489 42조(이관호)25 챔피언함성          관   07:03     07:16       0:13   차
490 42조(이관호) 7 청산강호            기   06:13     06:27       0:14   차
491 42조(이관호)21 청산영웅            기   06:44     06:56       0:12   차
492 42조(이관호)33 초이스마스터        기   08:42     09:00       0:18   차
493 42조(이관호) 8 쿠레레쿠스          관   07:07     07:19       0:12   차
494 42조(이관호) 2 톱포지션            관   06:11     06:23       0:12   차
495 42조(이관호)22 티나                기   07:47     07:55       0:08   차
496 42조(이관호)39 포에이스            관   06:38     06:51       0:13   차
497 42조(이관호)17 피어리스            기   07:23     07:34       0:11   차
498 42조(이관호)29 하이러너            기   06:30     06:41       0:11   차
499 48조(이준철) 6 너를응원해          관   06:45     06:56       0:11   차
500 48조(이준철)13 도끼불패            기   06:26     06:38       0:12   차
501 48조(이준철)16 메이블레이드        관   06:20     06:32       0:12   차
502 48조(이준철) 2 흥록대부            관   06:25     06:37       0:12   차
503 50조(박재우)22 금성세계            관   06:35     06:46       0:11   차
504 50조(박재우)31 금성시대            관   06:50     07:02       0:12   차
505 50조(박재우)29 두손드라이브        관   07:07     07:18       0:11   차
506 50조(박재우)11 백두멋쟁이          관   07:09     07:25       0:16   차
507 50조(박재우)12 백두보이            관   07:07     07:20       0:13   차
508 50조(박재우)35 씽씽씽              관   07:47     08:00       0:13   차
509 50조(박재우) 8 엠제이타임          관   06:29     06:44       0:15   차
510 50조(박재우) 1 영광의미소          관   07:29     07:39       0:10   차
511 50조(박재우)25 옥스퍼드킹          관   08:28     08:42       0:14   차
512 50조(박재우)26 용호지마            관   08:19     08:36       0:17   차
513 50조(박재우)15 위대한한마          관   08:35     08:48       0:13   차
514 50조(박재우)27 이터널메모리        관   06:27     06:40       0:13   차
515 50조(박재우) 6 컴플리트엔젤        관   06:48     07:02       0:14   차
516 50조(박재우) 3 컴플리트포스        관   07:29     07:38       0:09   차
517 50조(박재우)24 클레어파크          관   08:19     08:36       0:17   차
518 50조(박재우)14 화이트퀸            관   08:11     08:25       0:14   차
519 51조(최용건)29 골든펄              관   06:49     07:01       0:12   차
520 51조(최용건)33 누리데이            관   06:22     06:36       0:14   차
521 51조(최용건) 2 담쟁이아르고        관   06:57     07:09       0:12   차
522 51조(최용건) 3 마하비상            관   06:22     06:36       0:14   차
523 51조(최용건)35 서니블레이드        관   07:54     08:04       0:10   차
524 51조(최용건) 4 신의한수            관   07:25     07:36       0:11   차
525 51조(최용건)27 아치러너            관   07:45     07:54       0:09   차
526 51조(최용건) 6 장산포이즌          기   06:53     07:04       0:11   차
527 51조(최용건)13 제우시대            관   07:25     07:37       0:12   차
528 51조(최용건) 8 캠프세이버          관   07:11     07:19       0:08   차
529 51조(최용건)31 케이엔매직          관   08:06     08:25       0:19   차
530 51조(최용건)38 할슈타트            관   07:11     07:24       0:13   차
531 52조(김동균)14 고져스서브          기   07:34     07:47       0:13   차
532 52조(김동균)21 그로우              관   09:23     09:35       0:12   차
533 52조(김동균)35 네모프린스          관   09:07     09:19       0:12   차
534 52조(김동균) 3 대완구              관   08:42     08:54       0:12   차
535 52조(김동균)15 랠리퀸              관   09:21     09:32       0:11   차
536 52조(김동균) 6 볼트맨              관   06:45     06:54       0:09   차
537 52조(김동균)28 실버퍼지            관   07:56     08:03       0:07   차
538 52조(김동균) 1 제축일호            관   08:18     08:29       0:11   차
539 52조(김동균) 7 천둥세자            관   08:30     08:38       0:08   차
540 52조(김동균)23 천지스카이          관   07:50     08:02       0:12   차
541 52조(김동균)31 천지여걸            관   06:18     06:34       0:16   차
542 52조(김동균) 9 트로트퀸            관   08:06     08:16       0:10   차
543 52조(김동균)27 티아모              기   08:41     08:52       0:11   차
544 52조(김동균)34 파이널축제          관   07:33     07:45       0:12   차
545 52조(김동균)17 페더럴프레스        관   07:02     07:17       0:15   차
546 52조(김동균) 5 하이본미            기   08:14     08:24       0:10   차
547 52조(김동균)19 하이퍼카            관   08:32     08:39       0:07   차
548 52조(김동균) 8 해피홀리데이        기   09:01     09:12       0:11   차
549 52조(김동균)32 허밍버드            관   07:50     08:01       0:11   차
550 52조(김동균)16 후이넘              기   08:26     08:36       0:10   차
551 53조(김동철)34 교룡득수            관   09:29     09:40       0:11   차
552 53조(김동철) 8 나인이글            관   06:50     07:05       0:15   차
553 53조(김동철)36 대왕순간이          기   08:07     08:20       0:13   차
554 53조(김동철)28 드림플레이          관   08:36     08:52       0:16   차
555 53조(김동철)15 로드에이스          관   08:28     08:54       0:26   차
556 53조(김동철)32 블루키톤            관   09:43     09:51       0:08   차
557 53조(김동철)27 샤우트쿠로          관   08:36     08:51       0:15   차
558 53조(김동철)29 샤크플레이          관   06:50     07:06       0:16   차
559 53조(김동철) 5 스타태풍            관   08:56     09:07       0:11   차
560 53조(김동철)37 스트렝스            기   07:35     07:49       0:14   차
561 53조(김동철)33 승리의영혼          관   09:52     10:04       0:12   차
562 53조(김동철)10 시크릿플레이        기   07:21     07:33       0:12   차
563 53조(김동철)17 에이원스타          관   09:16     09:34       0:18   차
564 53조(김동철)22 에이투제트          관   09:21     09:34       0:13   차
565 53조(김동철)39 올가림              관   07:41     07:56       0:15   차
566 53조(김동철)26 유로킹덤            관   06:50     07:06       0:16   차
567 53조(김동철)19 캔디글로우          관   08:07     08:21       0:14   차
568 53조(김동철)14 큐피드챔프          관   07:28     07:41       0:13   차
569 53조(김동철)18 티케이데이          관   07:46     07:56       0:10   차
570 53조(김동철)35 해피플레이          관   08:07     08:21       0:14   차
571 54조(박천서)17 그레이스리          관   07:55     08:08       0:13   차
572 54조(박천서)19 금아위티            관   08:41     08:52       0:11   차
573 54조(박천서) 8 당대스카이          관   08:27     08:39       0:12   차
574 54조(박천서)18 라로마네            기   07:03     07:16       0:13   차
575 54조(박천서)30 베스트선            관   07:05     07:23       0:18   차
576 54조(박천서)22 베스트천상          관   06:18     06:34       0:16   차
577 54조(박천서) 2 스카이텐            관   07:05     07:23       0:18   차
578 54조(박천서)40 신화영광            기   07:25     07:39       0:14   차
579 54조(박천서)11 예지몽              관   08:27     08:40       0:13   차
580 54조(박천서)39 은성노을            관   07:55     08:08       0:13   차
581 54조(박천서)25 은성마루            관   08:59     09:07       0:08   차
582 54조(박천서) 6 퍼플스톰            관   06:25     06:41       0:16   차
━━━━━━━━━━━━━━━━━━━━━━━━━━━━━━━━━━━━━━━
                                                      출력일자 : 2022.12.29

