

제목 : 22년 7월 2일 (토)   제25차 주행심사성적  제 1경주

날    씨 : 맑음                               주로상태 : 양호 (8%)
--------------------------------------------------------------------------------
   순위  마번  마    명         산지  성  연령   부  담  기수명    조교사명
--------------------------------------------------------------------------------
     1     3   아델호랑이        한   수    2    53      최시대     백광열   
     2     8   금수파워          한   암    2    53      채상현     최기홍   
     3     1   해운대전설        한   거    2    53+ 2.0 박재이     김영민   
     4     4   더베스트에버      한   수    2    53      정도윤     안우성   
     5     2   원마인드          한   암    2    53+ 1.0 유광희     민장기   
    95     5   퍼스트코리아      한   수    2    53      유현명     김영민   
    95     6   팬스타            한   암    2    53      다실바     안우성   
    95     7   마이플레저        한   수    2    53      조인권     김병학   
--------------------------------------------------------------------------------
   순위 마번  마    명        마체중 기  록  도착차    판정 불합격사유   검사사유
--------------------------------------------------------------------------------
     1    3   아델호랑이        511  1:04.0            합             주행미합(신)
     2    8   금수파워          478  1:05.1   6        합             주행미합(신)
     3    1   해운대전설        465  1:05.6   2½      합             주행미합(신)
     4    4   더베스트에버      467  1:05.7   ½       합             주행미합(신)
     5    2   원마인드          525  1:05.9   1¾      합             주행미합(신)
    95    5   퍼스트코리아        0           출전취소 출   마체이상  주행미합(신)
    95    6   팬스타              0           출전취소 출   조교불충분주행미합(신)
    95    7   마이플레저        432           출전취소 출   조교불충분주행미합(신)
--------------------------------------------------------------------------------
   순위  마번   S1F-G3F-G2F-G1F  S1-F    400     G400     G-3F     G-1F 
--------------------------------------------------------------------------------
     1     3     2- 2- 1- 1      14.3    24.3    25.4     0:37.8   0:13.2
     2     8     5- 4- 4- 4      15.0    24.3    25.8     0:38.2   0:13.4
     3     1     3- 3- 2- 2      14.4    24.4    26.8     0:39.2   0:13.9
     4     4     4- 5- 5- 5      15.0    24.6    26.1     0:38.7   0:13.3
     5     2     1- 1- 3- 3      14.3    24.6    27.0     0:39.7   0:14.2
    95     5     6- 6- 6- 6                                              
    95     6     7- 7- 7- 7                                              
    95     7     8- 8- 8- 8                                              
--------------------------------------------------------------------------------
      4펄롱 :  49.7       3펄롱 :  37.8
--------------------------------------------------------------------------------


제목 : 22년 7월 2일 (토)   제25차 주행심사성적  제 2경주

날    씨 : 맑음                               주로상태 : 양호 (8%)
--------------------------------------------------------------------------------
   순위  마번  마    명         산지  성  연령   부  담  기수명    조교사명
--------------------------------------------------------------------------------
     1     8   그레이트미스      한   암    2    53      정도윤     최기홍   
     2     4   절대보스          한   수    2    53+ 1.0 유광희     민장기   
     3     9   아이윌더스타      한   수    2    53+ 2.0 다실바     김병학   
     4     1   라이트세이버      한   수    2    53      정우주     김영민   
     5     7   낙동전사          한   수    2    53+ 2.0 박재이     안우성   
     6     3   두바이평정        한   암    2    53      최시대     백광열   
     7     2   구디              한   수    2    53      유현명     안우성   
     8     6   언매치드          한   암    2    53      김혜선     김영민   
    95     5   더블탭            한   수    3    55      모준호     라이스   
--------------------------------------------------------------------------------
   순위 마번  마    명        마체중 기  록  도착차    판정 불합격사유   검사사유
--------------------------------------------------------------------------------
     1    8   그레이트미스      500  1:03.3            합             주행미합(신)
     2    4   절대보스          451  1:04.2   5        합             주행미합(신)
     3    9   아이윌더스타      473  1:04.3   ¾       합             주행미합(신)
     4    1   라이트세이버      504  1:04.4   ½       합             주행미합(신)
     5    7   낙동전사          438  1:04.5   ¾       합             주행미합(신)
     6    3   두바이평정        432  1:05.1   3        합             주행미합(신)
     7    2   구디              465  1:05.1   ½       합             주행미합(신)
     8    6   언매치드          468  1:06.6   9        불   능력미달  주행미합(신)
    95    5   더블탭              0           출전취소 출   조교불충분주행미합(신)
--------------------------------------------------------------------------------
   순위  마번   S1F-G3F-G2F-G1F  S1-F    400     G400     G-3F     G-1F 
--------------------------------------------------------------------------------
     1     8     1- 1- 1- 1      14.0    23.6    25.7     0:37.7   0:13.2
     2     4     6- 4- 3- 3      14.5    23.7    26.0     0:38.1   0:13.6
     3     9     3- 2- 2- 2      14.1    23.5    26.7     0:38.7   0:13.9
     4     1     2- 3- 4- 4      14.1    24.7    25.6     0:38.3   0:13.1
     5     7     8- 7- 6- 6      14.7    24.9    24.9     0:37.7   0:12.6
     6     3     5- 5- 5- 5      14.4    24.5    26.2     0:38.8   0:13.3
     7     2     4- 6- 7- 7      14.2    25.5    25.4     0:38.5   0:12.8
     8     6     7- 8- 8- 8      14.5    25.6    26.5     0:39.6   0:13.2
    95     5     9- 9- 9- 9                                              
--------------------------------------------------------------------------------
      4펄롱 :  49.3       3펄롱 :  37.7
--------------------------------------------------------------------------------


제목 : 22년 7월 2일 (토)   제25차 주행심사성적  제 3경주

날    씨 : 맑음                               주로상태 : 양호 (8%)
--------------------------------------------------------------------------------
   순위  마번  마    명         산지  성  연령   부  담  기수명    조교사명
--------------------------------------------------------------------------------
     1     3   꽃과구름          한   암    4    55      정우주     토마스   
     2     4   한센이천          한   수    3    55      김혜선     권승주   
     3     1   덩컨              미   거    4    57      모준호     울즐리   
     4     6   샤이니스타        한   암    3    54      채상현     이상영   
     5     5   운주싹쓸이        한   암    3    54      정도윤     민장기   
     6     2   퓨전퀸            한   암    4    55      신윤섭     울즐리   
--------------------------------------------------------------------------------
   순위 마번  마    명        마체중 기  록  도착차    판정 불합격사유   검사사유
--------------------------------------------------------------------------------
     1    3   꽃과구름          495  1:02.4            합             장기휴양(재)
     2    4   한센이천          497  1:02.4   ½       합             장기휴양(재)
     3    1   덩컨              478  1:02.8   2        합             장기휴양(재)
     4    6   샤이니스타        484  1:04.4   9        연             연습주행    
     5    5   운주싹쓸이        493  1:04.6   1¼      합             장기휴양(재)
     6    2   퓨전퀸            507  1:04.9   1¾      유   진입불량  주행지정(재)
--------------------------------------------------------------------------------
   순위  마번   S1F-G3F-G2F-G1F  S1-F    400     G400     G-3F     G-1F 
--------------------------------------------------------------------------------
     1     3     2- 1- 1- 1      14.0    23.3    25.1     0:37.1   0:13.0
     2     4     3- 2- 2- 2      14.0    23.3    25.1     0:37.1   0:13.0
     3     1     6- 4- 3- 3      14.2    23.7    24.9     0:37.0   0:12.7
     4     6     5- 6- 6- 5      14.1    24.5    25.8     0:38.2   0:13.4
     5     5     4- 5- 5- 6      14.0    24.6    26.0     0:38.5   0:13.3
     6     2     1- 3- 4- 4      14.0    24.0    26.9     0:39.4   0:13.9
--------------------------------------------------------------------------------
      4펄롱 :  48.4       3펄롱 :  37.1
--------------------------------------------------------------------------------


제목 : 22년 7월 2일 (토)   제25차 주행심사성적  제 4경주

날    씨 : 맑음                               주로상태 : 양호 (8%)
--------------------------------------------------------------------------------
   순위  마번  마    명         산지  성  연령   부  담  기수명    조교사명
--------------------------------------------------------------------------------
     1     1   미스터밸러        한   수    5    57      채상현     울즐리   
     2     4   골든캠프          한   암    3    54      윤형석     윤영훈   
     3     6   정문치타          한   거    3    55      최은경     라이스   
     4     2   솔라세일          한   거    3    55      김어수     최기홍   
     5     5   더원              한   수    3    55      유현명     방동석   
     6     7   스톰투윈          한   암    5    55      서강주     이상영   
     7     3   타이탄케이        한   암    3    54+ 1.0 다실바     이정표   
--------------------------------------------------------------------------------
   순위 마번  마    명        마체중 기  록  도착차    판정 불합격사유   검사사유
--------------------------------------------------------------------------------
     1    1   미스터밸러        477  1:02.9            합             장기휴양(재)
     2    4   골든캠프          421  1:03.2   2        합             주행지정(재)
     3    6   정문치타          525  1:03.3   ½       연             연습주행    
     4    2   솔라세일          509  1:03.4   ½       합             주행지정(재)
     5    5   더원              492  1:05.2   11       합             주행지정(재)
     6    7   스톰투윈          472  1:05.5   1½      연             연습주행    
     7    3   타이탄케이        480  1:06.0   3        합             장기휴양도래(재)
--------------------------------------------------------------------------------
   순위  마번   S1F-G3F-G2F-G1F  S1-F    400     G400     G-3F     G-1F 
--------------------------------------------------------------------------------
     1     1     5- 5- 6- 3      13.9    23.8    25.2     0:37.4   0:12.8
     2     4     4- 1- 1- 1      13.8    23.1    26.3     0:38.2   0:13.8
     3     6     1- 2- 2- 2      13.7    23.3    26.3     0:38.3   0:13.7
     4     2     6- 6- 4- 4      14.1    23.4    25.9     0:37.9   0:13.3
     5     5     7- 7- 7- 7      14.1    24.1    27.0     0:39.4   0:14.1
     6     7     2- 3- 3- 5      13.7    23.3    28.5     0:40.5   0:15.4
     7     3     3- 4- 5- 6      13.8    23.7    28.5     0:40.9   0:14.9
--------------------------------------------------------------------------------
      4펄롱 :  49.2       3펄롱 :  37.9
--------------------------------------------------------------------------------
