

제목 : 22.07.01(금) 조교현황

  ※기승자범례(조:조교사, 관:주로조교, 기:기수, 후:기수후보생)
  ※비고(금:금주출전예정마, 차:차주출전예정마, 특:특대상경주출전예정마)
  ※금주, 차주 또는 특별 대상경주 출전예상마는 출전신청 결과 및
  조교사의 의사에 따라 변동될 수 있는 미확정된 자료이오니 참고하시기 바랍니다.
━━━━━━━━━━━━━━━━━━━━━━━━━━━━━━━━━━━━━━━
  순 소속조 - 조번 마명              기승자 입장시각  퇴장시각  조교시간 비고
━━━━━━━━━━━━━━━━━━━━━━━━━━━━━━━━━━━━━━━
  1  1조(박종곤)22 라온더골드          관   08:19     08:33       0:14   차
  2  1조(박종곤)11 라온더빅숀          관   07:37     07:58       0:21   차
  3  1조(박종곤)38 라온더아리아        관   06:49     07:02       0:13   차
  4  1조(박종곤)34 라온더와일드        관   07:06     07:20       0:14   차
  5  1조(박종곤) 6 라온더제트          관   08:00     08:18       0:18   차
  6  1조(박종곤) 4 라온더포인트        관   07:30     07:50       0:20   차
  7  1조(박종곤)35 라온슈퍼킹          관   07:30     07:47       0:17   차
  8  1조(박종곤)32 라온스페셜          관   06:49     07:04       0:15   차
  9  1조(박종곤)37 라온시티걸          관   07:37     07:58       0:21   차
 10  1조(박종곤)15 라온아메리칸        관   07:37     07:58       0:21   차
 11  1조(박종곤)17 라온점프            관   07:37     08:01       0:24   차
 12  1조(박종곤)14 라온포레스트        관   08:20     08:33       0:13   차
 13  1조(박종곤)28 라온홀리데이        관   07:13     07:28       0:15   차
 14  1조(박종곤) 7 문학시바            관   06:57     07:13       0:16   금
 15  1조(박종곤) 9 탑퀄리티            기   06:51     07:05       0:14   금
 16  2조(손영표)17 그랜드대로          관   08:24     08:46       0:22   차
 17  2조(손영표)32 라스트콜            관   07:00     07:15       0:15   차
 18  2조(손영표)13 미르포인트          관   08:19     08:48       0:29   차
 19  2조(손영표) 2 쏘아라오라          관   08:24     08:46       0:22   차
 20  2조(손영표)31 오섬스프링스        관   06:36     06:50       0:14   차
 21  2조(손영표) 7 올드스타트          관   07:21     07:37       0:16   차
 22  2조(손영표) 4 제이에스파워        관   06:45     06:55       0:10   금
 23  2조(손영표)26 퍼펙트타임          기   08:27     08:44       0:17   차
 24  2조(손영표)22 피어나다            기   07:00     07:14       0:14   차
 25  2조(손영표)10 하이로드            기   07:06     07:17       0:11   금
 26  3조(최영주) 2 너트플레이          관   06:46     07:01       0:15   금
 27  3조(최영주)10 러너몬스터          관   07:33     07:42       0:09   금
 28  3조(최영주)14 록라인              관   06:10     06:31       0:21   금
 29  3조(최영주)20 멋진가이            기   07:30     07:42       0:12   차
 30  3조(최영주)17 임페리얼본          관   08:08     08:20       0:12   차
 31  3조(최영주)19 한강파워            관   07:49     08:01       0:12   차
 32  3조(최영주)16 행복한문막          관   08:29     08:39       0:10   차
 33  3조(최영주)15 희망오름            관   07:21     07:35       0:14   차
 34  4조(박윤규)15 걸작드림            관   06:43     07:02       0:19   차
 35  4조(박윤규)19 걸작맨              관   07:02     07:17       0:15   차
 36  4조(박윤규)13 걸작선              관   08:13     08:40       0:27   차
 37  4조(박윤규)18 걸작우먼            관   06:16     06:33       0:17   차
 38  4조(박윤규)23 굿카보              관   06:15     06:25       0:10   금
 39  4조(박윤규)14 동진최강            관   08:38     08:51       0:13   특
 40  4조(박윤규)34 라누트              관   08:13     08:25       0:12   차
 41  4조(박윤규)28 브이퀸              관   08:44     09:01       0:17   차
 42  4조(박윤규)29 원더풀티지          관   07:30     07:57       0:27   차
 43  4조(박윤규)20 월드킹맨            관   06:56     07:17       0:21   차
 44  4조(박윤규)10 클래스희망          관   06:37     06:50       0:13   차
 45  4조(박윤규) 3 티파니블루          관   07:41     08:01       0:20   차
 46  4조(박윤규)38 하얀왕자            관   07:30     07:52       0:22   차
 47  5조(우창구)18 금국화              관   08:25     08:38       0:13   차
 48  5조(우창구)19 동행                관   07:41     08:01       0:20   차
 49  5조(우창구) 9 러블리케이          관   06:55     07:04       0:09   금
 50  5조(우창구)14 럭키바운스          관   07:32     07:52       0:20   차
 51  5조(우창구)16 몬스터케이          관   06:48     06:58       0:10   금
 52  5조(우창구) 6 선더매직            관   07:32     07:51       0:19   차
 53  5조(우창구)10 스타케이            관   08:12     08:37       0:25   차
 54  5조(우창구) 5 위너골드            관   06:18     06:37       0:19   차
 55  5조(우창구) 8 한강스카이          관   08:12     08:38       0:26   차
 56  5조(우창구)39 화씨벽              관   06:55     07:04       0:09   금
 57  5조(우창구)22 히트파워            관   08:12     08:30       0:18   차
 58  6조(홍대유) 6 그레이스퀸          관   07:22     07:37       0:15   차
 59  6조(홍대유)28 그린폭주            관   07:38     07:51       0:13   차
 60  6조(홍대유)29 글로벌캐슬          관   07:02     07:20       0:18   차
 61  6조(홍대유) 7 루비콘              관   08:01     08:20       0:19   차
 62  6조(홍대유)22 베스트플랜          기   06:54     07:05       0:11   차
 63  6조(홍대유)38 새내선              관   08:01     08:20       0:19   특
 64  6조(홍대유)18 새내칸              관   06:19     06:35       0:16   차
 65  6조(홍대유) 4 새내파워풀          관   06:54     07:04       0:10   금
 66  6조(홍대유)36 안양호랑이          관   07:45     08:01       0:16   차
 67  6조(홍대유)24 에이스플랜          기   07:16     07:28       0:12   금
 68  6조(홍대유)37 연희사랑            관   06:50     07:04       0:14   차
 69  6조(홍대유) 9 원평축제            기   07:38     07:51       0:13   차
 70  6조(홍대유) 2 차돌런              기   06:41     06:54       0:13   차
 71  6조(홍대유) 3 챈슬러              관   06:19     06:35       0:16   차
 72  7조(구자흥)26 그린다르크          관   07:17     07:26       0:09   차
 73  7조(구자흥)30 그린스펙터          관   08:33     08:57       0:24   차
 74  7조(구자흥) 8 다나은로즈          기   08:00     08:15       0:15   금
 75  7조(구자흥)16 달려라존            기   06:57     07:10       0:13   차
 76  7조(구자흥) 2 베스트레이디        관   08:33     08:58       0:25   차
 77  7조(구자흥)15 사려니퀸            관   06:10     06:29       0:19   차
 78  7조(구자흥) 7 슈발도리앙          관   07:02     07:20       0:18   차
 79  7조(구자흥) 1 안양사자            기   08:03     08:16       0:13   금
 80  7조(구자흥)11 이다나은            관   08:33     08:50       0:17   차
 81  7조(구자흥)28 정문최강            관   06:47     07:03       0:16   차
 82  7조(구자흥) 3 정문파파고          기   08:03     08:16       0:13   금
 83  7조(구자흥)20 철각파워            기   06:52     07:02       0:10   차
 84  7조(구자흥)23 피엔에스린          관   07:43     07:57       0:14   금
 85  8조(최용구)25 돌아온뽀빠이        관   06:10     06:21       0:11   차
 86  8조(최용구)18 위시미              관   07:06     07:30       0:24   차
 87  8조(최용구)11 유니콘킹덤          관   06:10     06:22       0:12   차
 88  8조(최용구) 5 회두령              기   07:17     07:26       0:09   금
 89  9조(강성오) 5 강서돌풍            관   06:19     06:25       0:06   금
 90  9조(강성오)29 골든배지            관   07:13     07:24       0:11   차
 91  9조(강성오)24 나의나라            관   06:24     06:38       0:14   금
 92  9조(강성오)14 대왕삭스            관   08:14     08:26       0:12   차
 93  9조(강성오)25 대지의여걸          관   06:38     06:48       0:10   차
 94  9조(강성오)32 대지의여인          관   07:11     07:21       0:10   차
 95  9조(강성오)19 마루마              관   07:25     07:36       0:11   차
 96  9조(강성오)11 베스퍼              기   06:11     06:24       0:13   금
 97  9조(강성오) 4 블랙루키            관   08:18     08:28       0:10   차
 98  9조(강성오)12 왈가닥              관   06:27     06:38       0:11   차
 99  9조(강성오) 2 이너피스            관   08:45     08:58       0:13   차
100  9조(강성오)34 일격필살            관   07:30     07:39       0:09   차
101  9조(강성오)38 질주왕              관   08:14     08:26       0:12   차
102  9조(강성오)26 최고블랙            관   07:38     07:52       0:14   금
103  9조(강성오)23 최고포인트          관   06:56     07:07       0:11   차
104  9조(강성오)10 터치나인            기   07:27     07:39       0:12   차
105  9조(강성오)15 톱클래스            관   06:56     07:06       0:10   차
106  9조(강성오) 6 퍼미션투윈          기   06:31     06:44       0:13   차
107 10조(정호익)18 강토마              관   06:36     06:47       0:11   차
108 10조(정호익) 6 글로벌조이          관   06:14     06:28       0:14   금
109 10조(정호익)15 동쪽글로리          관   07:59     08:15       0:16   금
110 10조(정호익)17 동트자웨이          기   06:29     06:40       0:11   금
111 10조(정호익)10 문학스톰            기   06:10     06:23       0:13   차
112 10조(정호익)25 문학앙코르          관   07:15     07:28       0:13   차
113 10조(정호익)28 문학어플리트        관   08:25     08:43       0:18   차
114 10조(정호익)32 문학엠파이어        관   08:06     08:24       0:18   차
115 10조(정호익)29 문학조이            기   06:56     07:10       0:14   금
116 10조(정호익) 5 영웅대마            관   07:23     07:35       0:12   금
117 10조(정호익)12 원더레이서          기   06:40     06:55       0:15   금
118 10조(정호익)13 원평코드            기   06:29     06:40       0:11   차
119 10조(정호익) 3 원평타운            관   07:52     08:01       0:09   차
120 10조(정호익) 7 이스트챔프          관   07:11     07:28       0:17   금
121 10조(정호익)34 정상파이팅          기   06:16     06:28       0:12   금
122 10조(정호익)36 케이탑클래스        관   08:25     08:45       0:20   차
123 10조(정호익)11 터프맨              관   06:10     06:28       0:18   차
124 10조(정호익)35 터프여제            관   07:57     08:06       0:09   차
125 10조(정호익)33 하이하이            관   08:48     08:57       0:09   차
126 10조(정호익)37 해들뫼              관   07:22     07:35       0:13   차
127 11조(조현수)15 도깨비              기   07:35     07:50       0:15   차
128 11조(조현수)23 비플라워            관   07:07     07:22       0:15   차
129 11조(조현수)18 송암에이스          관   07:50     08:01       0:11   차
130 11조(조현수) 5 스마트별            관   06:35     06:45       0:10   금
131 11조(조현수)16 아메리칸포스원      관   06:28     06:40       0:12   차
132 11조(조현수)10 은빛돌풍            관   07:55     08:01       0:06   차
133 11조(조현수) 8 컴플리트캡틴        기   07:50     08:03       0:13   차
134 11조(조현수)13 폴카                관   06:38     06:47       0:09   금
135 11조(조현수) 9 프린세스데이        기   07:20     07:33       0:13   차
136 12조(서범석)10 네버네버스톱        기   07:28     07:38       0:10   금
137 12조(서범석) 1 논스톱캣            관   07:50     08:00       0:10   금
138 12조(서범석) 7 라피어반            관   08:18     08:26       0:08   차
139 12조(서범석)14 선라이팅            관   07:00     07:13       0:13   차
140 12조(서범석)13 선파이팅            관   07:31     07:42       0:11   차
141 12조(서범석)27 스트라이드업        관   08:02     08:14       0:12   차
142 12조(서범석)11 스트롱러너          기   07:00     07:13       0:13   차
143 12조(서범석)29 스트롱벌처          기   06:30     06:48       0:18   차
144 12조(서범석)22 원더풀스톰          관   06:59     07:13       0:14   차
145 12조(서범석)32 일마레              관   06:25     06:38       0:13   차
146 12조(서범석)16 채플프린세스        관   07:23     07:37       0:14   차
147 12조(서범석)31 큐피드웨이          관   06:30     06:48       0:18   금
148 12조(서범석)23 티즈탭탭            관   08:23     08:34       0:11   차
149 13조(이희영) 4 다크존              기   07:34     07:46       0:12   차
150 13조(이희영)10 런던퀸              관   06:56     07:11       0:15   차
151 13조(이희영)22 모던베스트          관   06:10     06:24       0:14   금
152 13조(이희영)19 베스트야            관   07:56     08:06       0:10   금
153 13조(이희영) 5 베스트탑            관   08:05     08:19       0:14   차
154 13조(이희영)20 별빛마루            기   07:50     07:59       0:09   차
155 13조(이희영) 7 삼바존              관   06:40     06:55       0:15   금
156 13조(이희영)23 샤크짱              관   06:56     07:05       0:09   금
157 13조(이희영)25 큐피드와우          기   07:21     07:30       0:09   금
158 13조(이희영)31 큐피드원더          기   07:06     07:18       0:12   차
159 13조(이희영)14 큐피드코리아        관   06:24     06:39       0:15   차
160 13조(이희영) 2 함평스톤            기   08:05     08:22       0:17   차
161 14조(이신영)40 거센강자            기   06:23     06:36       0:13   차
162 14조(이신영) 2 불의여왕            기   06:39     06:51       0:12   차
163 14조(이신영)12 사려니로키          기   06:10     06:36       0:26   차
164 14조(이신영) 9 아이언삭스          기   07:01     07:15       0:14   차
165 14조(이신영)20 타이탄삭스          기   06:20     06:28       0:08   차
166 14조(이신영)35 플로리다파워        기   06:39     06:52       0:13   특
167 14조(이신영) 3 화이트윙            기   06:10     06:22       0:12   금
168 15조(박희철) 2 웰빙챔피언          관   06:10     06:26       0:16   차
169 15조(박희철) 6 정상제트            관   07:20     07:34       0:14   차
170 15조(박희철) 3 정상히트            관   06:10     06:26       0:16   차
171 15조(박희철)11 젤로스              기   07:15     07:25       0:10   차
172 16조(최봉주) 3 그레이트매직        관   07:27     07:38       0:11   차
173 16조(최봉주)12 내추럴클래스        관   08:16     08:33       0:17   차
174 16조(최봉주)35 돌격앞으로          관   07:39     07:53       0:14   금
175 16조(최봉주)22 마하걸              관   08:16     08:32       0:16   차
176 16조(최봉주)19 블루카이저          기   06:30     06:38       0:08   차
177 16조(최봉주)16 제주의요정          관   06:40     06:56       0:16   금
178 16조(최봉주) 9 천문                관   06:53     07:06       0:13   금
179 16조(최봉주)10 천송이              조   06:45     06:54       0:09   금
180 16조(최봉주)36 케이엔라이트        관   06:40     06:52       0:12   특
181 16조(최봉주)17 케이엔스케치        관   07:05     07:15       0:10   차
182 19조(곽영효)27 머니스톤            기   06:10     06:20       0:10   차
183 19조(곽영효)25 쇠와꽃              관   07:57     08:07       0:10   차
184 19조(곽영효)34 어카운트            관   08:11     08:36       0:25   차
185 19조(곽영효)35 용암렉스            관   07:27     07:46       0:19   차
186 19조(곽영효)32 원더풀뮤직          기   06:28     06:39       0:11   차
187 19조(곽영효)24 테이크뮤직          관   08:11     08:34       0:23   차
188 19조(곽영효)20 한강매직            관   07:46     07:57       0:11   차
189 19조(곽영효) 9 한강지존            관   06:57     07:13       0:16   차
190 20조(배대선)34 골든럭키            관   07:27     07:38       0:11   차
191 20조(배대선)11 농본바다            관   08:06     08:15       0:09   차
192 20조(배대선) 6 다울퀸              기   06:59     07:08       0:09   차
193 20조(배대선)39 머니가락            기   07:45     07:54       0:09   차
194 20조(배대선) 5 머니지프            기   07:33     07:44       0:11   차
195 20조(배대선)13 백색광채            기   07:35     07:47       0:12   특
196 20조(배대선) 7 보스베이비          관   07:45     07:54       0:09   차
197 20조(배대선)30 빛의카              기   07:48     08:01       0:13   차
198 20조(배대선)12 신한특송            기   07:23     07:35       0:12   차
199 20조(배대선)40 원더풀케이          기   07:18     07:31       0:13   금
200 20조(배대선)25 천사박              기   07:36     07:48       0:12   금
201 20조(배대선)33 투게더웨이          기   07:48     08:04       0:16   차
202 21조(문병기) 8 마파람              관   06:32     06:46       0:14   차
203 21조(문병기)13 미르베스트          관   06:53     07:06       0:13   차
204 21조(문병기)12 선더플래시          기   06:38     06:48       0:10   차
205 21조(문병기)18 스타프린세스        관   07:40     07:55       0:15   차
206 21조(문병기)16 하이파크            기   06:48     06:59       0:11   차
207 22조(안병기)33 갈색향기            관   08:50     09:06       0:16   차
208 22조(안병기)40 광치기              관   08:18     08:26       0:08   금
209 22조(안병기)21 다이아마이트        관   07:49     08:01       0:12   차
210 22조(안병기)23 라이언헤드          기   06:59     07:15       0:16   금
211 22조(안병기)29 바람을그리다        기   08:27     08:49       0:22   특
212 22조(안병기)36 사람이라는별        관   06:29     06:45       0:16   금
213 22조(안병기) 4 세렌디피티야        기   08:08     08:20       0:12   차
214 22조(안병기)11 센스쟁이            관   08:44     09:05       0:21   차
215 22조(안병기)31 스톰매직            관   06:44     07:02       0:18   차
216 22조(안병기) 1 아르고탑            관   06:44     07:01       0:17   차
217 22조(안병기)39 야무진재수          기   07:49     08:03       0:14   차
218 22조(안병기)24 와일들리로맨틱      기   07:00     07:11       0:11   금
219 22조(안병기)20 울트라킹            관   06:59     07:11       0:12   차
220 22조(안병기)35 울트라펀치          관   07:26     07:46       0:20   차
221 22조(안병기)28 초인강자            기   07:19     07:32       0:13   차
222 22조(안병기)19 초인스파크          기   07:18     07:33       0:15   차
223 22조(안병기)18 푸른요정            기   07:55     08:05       0:10   금
224 23조(유재길) 5 대승퀸              관   06:30     06:44       0:14   차
225 23조(유재길) 2 더트서퍼            기   06:24     06:37       0:13   차
226 23조(유재길)23 스피어퀸            관   06:26     06:39       0:13   차
227 23조(유재길)15 피엔에스빌          기   06:10     06:24       0:14   차
228 23조(유재길)27 해피나이스          관   06:10     06:25       0:15   금
229 24조(서홍수)15 마이티굿            기   07:33     07:44       0:11   금
230 24조(서홍수)11 마이티쎈            관   08:43     08:57       0:14   차
231 24조(서홍수) 3 마이티앤            관   06:20     06:34       0:14   금
232 24조(서홍수)28 마이티웰            관   07:18     07:35       0:17   차
233 24조(서홍수)20 마이티킥            관   09:00     09:08       0:08   차
234 24조(서홍수)38 미르파워            관   07:03     07:14       0:11   금
235 24조(서홍수)39 블루참              관   06:13     06:24       0:11   차
236 24조(서홍수)13 아치참              관   06:10     06:22       0:12   차
237 24조(서홍수)18 엘리트로열          관   08:43     08:57       0:14   차
238 24조(서홍수) 6 원더풀데블          관   07:30     07:39       0:09   차
239 24조(서홍수)36 원더풀머스킷        관   06:43     06:52       0:09   금
240 24조(서홍수) 2 원앤온리            관   07:00     07:11       0:11   차
241 24조(서홍수) 7 팬시팬츠            관   06:35     06:47       0:12   차
242 24조(서홍수)14 포사포사            관   06:54     07:07       0:13   차
243 25조(전승규)39 나나랜드            관   06:14     06:25       0:11   차
244 25조(전승규)16 럭키영              관   07:13     07:22       0:09   차
245 25조(전승규) 8 미스양호            관   07:13     07:21       0:08   차
246 25조(전승규)35 송암티즈            기   07:50     08:02       0:12   차
247 25조(전승규)12 스마트오피서        관   06:19     06:28       0:09   차
248 25조(전승규)28 스텔라로드          기   06:56     07:07       0:11   금
249 25조(전승규)15 초토마              관   07:06     07:17       0:11   차
250 25조(전승규)32 티케파이어          관   06:23     06:41       0:18   특
251 25조(전승규)23 피버디니            관   07:14     07:22       0:08   금
252 25조(전승규) 1 허쉬대보            조   06:19     06:31       0:12   차
253 25조(전승규)19 화랑투데이          관   06:26     06:37       0:11   차
254 25조(전승규)17 화이트참            기   06:50     06:57       0:07   금
255 26조(안해양) 5 가나패션            관   07:37     07:57       0:20   차
256 26조(안해양)28 구억마알            관   07:42     07:58       0:16   차
257 26조(안해양) 4 나노메타            관   06:31     06:49       0:18   차
258 26조(안해양)25 더블테이크          관   06:48     06:58       0:10   금
259 26조(안해양)37 럭키선              관   07:10     07:22       0:12   차
260 26조(안해양)23 럭키인디            관   08:04     08:22       0:18   차
261 26조(안해양)16 런던명가            관   07:14     07:31       0:17   차
262 26조(안해양) 8 런던비상            관   08:22     08:39       0:17   차
263 26조(안해양)15 런던스카이          관   08:20     08:30       0:10   차
264 26조(안해양)38 런보이런            기   06:58     07:07       0:09   금
265 26조(안해양)40 레드태풍            관   09:00     09:09       0:09   차
266 26조(안해양)30 레이디켈리          관   06:26     06:46       0:20   특
267 26조(안해양) 9 마구마              관   07:10     07:22       0:12   차
268 26조(안해양)34 바다의꿈            관   08:13     08:30       0:17   차
269 26조(안해양)10 벼락                관   07:14     07:31       0:17   차
270 26조(안해양)31 빅토리카            관   06:24     06:35       0:11   금
271 26조(안해양) 2 세륭                관   09:00     09:20       0:20   차
272 26조(안해양)35 송암파크            관   06:31     06:46       0:15   차
273 26조(안해양)39 우청륭              기   07:33     07:44       0:11   차
274 26조(안해양)32 유로특급            관   07:47     07:57       0:10   차
275 26조(안해양)29 초륭                관   09:00     09:20       0:20   차
276 27조(박병일) 8 금세다              관   06:10     06:26       0:16   차
277 27조(박병일)18 금자유              관   06:16     06:28       0:12   차
278 27조(박병일)38 더파이팅            기   06:25     06:37       0:12   차
279 27조(박병일)10 록임팩트            기   06:39     06:53       0:14   차
280 27조(박병일)33 선더누리            관   08:04     08:15       0:11   차
281 27조(박병일)19 스마티대세          기   06:38     06:49       0:11   차
282 27조(박병일)13 엄청난걸            관   07:31     07:48       0:17   차
283 27조(박병일)28 은혜드림            관   06:51     07:04       0:13   차
284 27조(박병일) 2 템파르퀸            기   06:10     06:25       0:15   차
285 27조(박병일)30 포에버칸            기   06:22     06:31       0:09   금
286 27조(박병일)14 피닉스서브          관   07:26     07:48       0:22   차
287 27조(박병일)31 해피믹스            기   06:53     07:07       0:14   차
288 27조(박병일) 7 흥복드림            관   06:46     07:02       0:16   차
289 28조(최상식)18 글로벌보배          기   06:10     06:22       0:12   차
290 28조(최상식)26 글로벌선            기   07:08     07:18       0:10   차
291 28조(최상식)11 글로벌스톰          관   07:13     07:22       0:09   차
292 28조(최상식) 9 글로벌천하          기   06:25     06:37       0:12   차
293 28조(최상식)22 글로벌프라임        관   06:59     07:08       0:09   차
294 28조(최상식)25 돌배                기   07:47     08:01       0:14   금
295 28조(최상식)21 선더블루            기   06:34     06:43       0:09   금
296 29조(배휴준)18 데스크탑            관   06:34     06:43       0:09   금
297 29조(배휴준)22 세명기상            기   07:14     07:25       0:11   특
298 29조(배휴준)26 소중한당신          기   06:32     06:41       0:09   차
299 29조(배휴준)20 원더풀루비          기   06:58     07:16       0:18   차
300 29조(배휴준) 2 천은총              관   06:53     07:05       0:12   차
301 29조(배휴준) 1 천존챗              기   06:33     06:50       0:17   차
302 30조(토니  )14 남산초콜릿          기   06:38     06:47       0:09   차
303 30조(토니  ) 7 네버어게인          관   07:45     08:01       0:16   차
304 30조(토니  )20 님의향기            조   07:45     08:01       0:16   금
305 30조(토니  )11 더리퍼              관   08:21     08:31       0:10   차
306 30조(토니  )24 삼정타퍼즈          관   08:19     08:28       0:09   차
307 30조(토니  )25 스타블레이드        기   07:08     07:18       0:10   금
308 30조(토니  )17 아마존킹            관   07:15     07:26       0:11   차
309 30조(토니  ) 5 에이스삭스          관   09:02     09:17       0:15   차
310 30조(토니  )12 에이스찬            조   07:15     07:29       0:14   금
311 30조(토니  ) 9 장산바다            기   06:38     06:47       0:09   차
312 30조(토니  )28 장산스타트          관   08:47     09:00       0:13   차
313 30조(토니  )15 장산플라이          기   06:41     06:52       0:11   금
314 30조(토니  ) 8 청담지니            기   07:48     08:00       0:12   차
315 30조(토니  )13 청담탱크            기   06:12     06:22       0:10   금
316 30조(토니  ) 3 청춘비바            조   06:10     06:22       0:12   차
317 30조(토니  )16 최강장산            기   06:47     07:01       0:14   차
318 30조(토니  ) 6 헌터블레이드        관   07:45     08:01       0:16   차
319 31조(강환민)34 레몬블레이드        관   06:24     06:37       0:13   차
320 31조(강환민) 2 리저브드존          기   06:09     06:17       0:08   차
321 31조(강환민) 7 메타블레이드        관   06:59     07:06       0:07   차
322 31조(강환민) 9 사바나찰리          기   08:07     08:29       0:22   차
323 31조(강환민)33 슈퍼엑톤            관   06:12     06:21       0:09   차
324 31조(강환민)23 우리                관   07:56     08:15       0:19   차
325 31조(강환민) 5 정상럭키            관   07:24     07:37       0:13   차
326 31조(강환민)40 주몽천하            기   06:24     06:36       0:12   차
327 31조(강환민)36 청담위키드          관   08:17     08:25       0:08   금
328 31조(강환민)28 큐피드스윙          관   07:06     07:20       0:14   차
329 31조(강환민)14 파이팅케이          관   08:07     08:29       0:22   차
330 31조(강환민)22 패스트트랙          기   07:04     07:14       0:10   금
331 31조(강환민) 1 폴인러브            관   07:24     07:37       0:13   차
332 31조(강환민)25 히든블레이드        관   06:13     06:21       0:08   차
333 32조(김윤섭) 1 고고스타            기   06:52     07:04       0:12   차
334 32조(김윤섭)13 금성블루            관   08:47     09:05       0:18   차
335 32조(김윤섭)33 룰즈클래스          관   07:52     08:12       0:20   차
336 32조(김윤섭)18 매글데이            관   08:47     09:05       0:18   차
337 32조(김윤섭)24 명품축제            관   07:26     07:37       0:11   차
338 32조(김윤섭)10 문학다이얼          관   06:42     06:57       0:15   금
339 32조(김윤섭)20 상상스타            관   07:17     07:31       0:14   금
340 32조(김윤섭)14 스카이팡팡          관   06:42     06:53       0:11   금
341 32조(김윤섭)30 어디가나            관   07:17     07:31       0:14   특
342 32조(김윤섭) 6 탄산                관   08:11     08:20       0:09   차
343 32조(김윤섭) 3 파워플랜            관   07:42     07:58       0:16   차
344 33조(서인석) 6 건곤일척            조   07:26     07:42       0:16   차
345 33조(서인석)38 노던타임            기   07:53     08:06       0:13   차
346 33조(서인석)30 드래곤스타          기   07:17     07:26       0:09   차
347 33조(서인석) 1 릴패트론            기   08:15     08:29       0:14   차
348 33조(서인석)40 매직그레이스        관   06:10     06:22       0:12   차
349 33조(서인석)22 매직콘서트          관   06:51     07:11       0:20   차
350 33조(서인석)20 모닝파이브          관   06:39     06:52       0:13   차
351 33조(서인석)34 모닝펄              관   06:45     06:57       0:12   차
352 33조(서인석)10 모스트스피드        기   08:35     08:47       0:12   차
353 33조(서인석)23 빈체로킹            기   06:27     06:38       0:11   차
354 33조(서인석)26 새벽밴드            기   06:19     06:30       0:11   금
355 33조(서인석) 4 오천복              기   07:16     07:24       0:08   차
356 33조(서인석)37 원더풀키티          기   06:30     06:42       0:12   금
357 33조(서인석) 3 탭다운              조   06:28     06:49       0:21   차
358 33조(서인석)36 티즈에너지          조   06:56     07:13       0:17   차
359 33조(서인석)15 포트스원            조   06:10     06:19       0:09   금
360 33조(서인석)17 흑룡가무            기   06:10     06:19       0:09   차
361 34조(리카디)17 가로수길            기   06:30     06:42       0:12   특
362 34조(리카디)39 갤럽컬린            기   07:18     07:28       0:10   차
363 34조(리카디)16 남산러브            관   06:15     06:26       0:11   차
364 34조(리카디)23 남산시대            관   07:54     08:04       0:10   차
365 34조(리카디) 5 남산의별            기   07:35     07:45       0:10   차
366 34조(리카디)21 드림스피드          기   06:53     06:59       0:06   금
367 34조(리카디)20 레드워리어          기   06:43     06:50       0:07   차
368 34조(리카디)24 몬스터파워          기   06:29     06:42       0:13   차
369 34조(리카디)32 미라클도터          기   07:49     08:01       0:12   차
370 34조(리카디)22 벌말대장            기   07:47     07:58       0:11   차
371 34조(리카디)25 블랙마스크          기   06:50     06:58       0:08   금
372 34조(리카디)31 블랙모션            관   08:40     08:53       0:13   차
373 34조(리카디) 8 선더프린스          관   08:40     08:52       0:12   차
374 34조(리카디)26 아이언머스킷        기   06:11     06:22       0:11   금
375 34조(리카디)10 에코빌              기   07:00     07:11       0:11   금
376 34조(리카디)34 조이브라더          기   07:31     07:44       0:13   차
377 34조(리카디)30 트로팅라일리        관   08:37     08:45       0:08   금
378 34조(리카디)28 파이널칸지노        관   08:20     08:28       0:08   금
379 35조(임채덕)23 당찬낭보            관   06:54     07:03       0:09   차
380 35조(임채덕)28 라이드럭키          기   07:29     07:38       0:09   금
381 35조(임채덕) 1 럭센                관   06:54     07:03       0:09   차
382 35조(임채덕) 8 로즈골드            기   06:10     06:17       0:07   차
383 35조(임채덕)26 마성투혼            관   07:29     07:38       0:09   금
384 35조(임채덕) 6 스파이스타워        기   07:01     07:13       0:12   차
385 35조(임채덕) 9 원더풀위싱          기   06:48     06:57       0:09   차
386 35조(임채덕) 4 이터널선샤인        관   06:48     06:57       0:09   차
387 35조(임채덕)14 쿨프린세스          기   07:17     07:26       0:09   차
388 37조(심승태)23 나인아이            관   07:48     08:02       0:14   차
389 37조(심승태) 6 넥스트레벨          기   07:48     08:02       0:14   차
390 37조(심승태)27 브라운퀸            관   07:24     07:42       0:18   차
391 37조(심승태)21 스타크레이지        기   07:34     07:48       0:14   금
392 37조(심승태)20 에펠탑              기   08:36     08:53       0:17   차
393 37조(심승태)34 위너드래건          관   08:36     08:53       0:17   차
394 37조(심승태)14 이천쌀              관   08:05     08:19       0:14   차
395 37조(심승태)25 크레이지러시        기   07:24     07:42       0:18   차
396 40조(송문길) 6 고스트울프          관   07:42     07:56       0:14   차
397 40조(송문길)12 뉴문워리어          기   07:08     07:18       0:10   차
398 40조(송문길)26 별의순간            기   06:42     06:50       0:08   차
399 40조(송문길) 4 블랙참              기   06:49     07:02       0:13   금
400 40조(송문길) 3 스마트파워          기   06:10     06:21       0:11   차
401 40조(송문길)39 스카이돌풍          관   07:48     08:02       0:14   차
402 40조(송문길)22 시리우스알파        관   06:47     06:56       0:09   차
403 40조(송문길)19 심플스타일          기   06:11     06:24       0:13   차
404 40조(송문길)28 와우와우            관   06:11     06:28       0:17   차
405 40조(송문길) 5 위즈모멘트          기   06:26     06:38       0:12   차
406 40조(송문길)27 제이트로스          기   06:37     06:53       0:16   금
407 40조(송문길)31 클레어베스트        기   06:23     06:35       0:12   금
408 40조(송문길)33 킬리의제왕          관   08:12     08:29       0:17   차
409 40조(송문길)37 파워박스            기   07:03     07:17       0:14   금
410 40조(송문길)21 하이그랜드          관   07:20     07:29       0:09   차
411 41조(신삼영) 6 광마힐              관   07:20     07:34       0:14   차
412 41조(신삼영)11 금빛천하            관   06:32     06:51       0:19   차
413 41조(신삼영)12 논스톱리워드        관   07:21     07:34       0:13   차
414 41조(신삼영)17 더드림캐리어        관   06:32     06:51       0:19   차
415 41조(신삼영)21 신의부활            관   06:32     06:51       0:19   차
416 41조(신삼영) 8 유로퀸              관   06:30     06:42       0:12   금
417 41조(신삼영) 2 피렌체힐            기   07:33     07:45       0:12   차
418 41조(신삼영) 1 희망워리어          관   07:46     07:58       0:12   금
419 42조(이관호) 7 거센챔프            기   06:10     06:24       0:14   차
420 42조(이관호)33 골든스쿠프          기   07:04     07:14       0:10   차
421 42조(이관호)23 금빛마              기   06:10     06:21       0:11   차
422 42조(이관호)20 금아애크미          관   06:10     06:21       0:11   차
423 42조(이관호)35 다크플레이어        관   08:32     08:45       0:13   차
424 42조(이관호)13 라스트피치          관   07:40     07:58       0:18   차
425 42조(이관호)26 레이먼드            기   08:05     08:18       0:13   차
426 42조(이관호)32 메인오브킹          기   06:28     06:34       0:06   금
427 42조(이관호)21 백스핀              기   06:38     06:49       0:11   금
428 42조(이관호)11 베스트리치          기   07:14     07:26       0:12   차
429 42조(이관호)24 서브에이스          관   08:05     08:21       0:16   차
430 42조(이관호)14 서울을날다          기   06:34     06:46       0:12   차
431 42조(이관호)18 신의함성            기   07:40     07:58       0:18   차
432 42조(이관호) 5 아이스스타          기   07:01     07:13       0:12   차
433 42조(이관호) 9 에이스함성          기   06:25     06:37       0:12   차
434 42조(이관호)16 와일드삭스          기   06:43     06:51       0:08   금
435 42조(이관호)22 이무기              관   06:22     06:33       0:11   차
436 42조(이관호)25 천군                기   07:54     08:02       0:08   차
437 42조(이관호)34 청산강호            관   06:40     06:51       0:11   차
438 42조(이관호)37 쿠레레쿠스          관   07:26     07:36       0:10   차
439 42조(이관호) 1 티나                기   07:22     07:37       0:15   차
440 42조(이관호)15 포에버드림          기   06:12     06:21       0:09   특
441 42조(이관호)39 포에이스            관   06:34     06:46       0:12   차
442 42조(이관호)40 프로함성            기   06:51     07:04       0:13   차
443 48조(이준철)14 나올스나이퍼        관   06:22     06:30       0:08   차
444 48조(이준철)13 도끼불패            관   06:55     07:15       0:20   차
445 48조(이준철) 3 드림플레이          관   07:29     07:50       0:21   차
446 48조(이준철) 4 리치게이트          기   07:29     07:50       0:21   차
447 48조(이준철)16 메이블레이드        관   06:24     06:34       0:10   금
448 48조(이준철)25 밀리언파티          관   06:55     07:15       0:20   차
449 48조(이준철) 5 아가판서스          관   07:29     07:50       0:21   차
450 48조(이준철)10 에너자이저          관   06:28     06:41       0:13   차
451 48조(이준철)23 캔디글로우          관   07:29     07:50       0:21   차
452 48조(이준철)29 투어퀸              관   06:38     06:59       0:21   차
453 48조(이준철)31 티즈석세스          기   06:38     06:59       0:21   차
454 48조(이준철)24 티즈인디            기   06:22     06:30       0:08   차
455 50조(박재우) 6 국향                기   07:00     07:13       0:13   금
456 50조(박재우)36 금성세계            관   07:50     08:02       0:12   차
457 50조(박재우)24 더페이버릿          기   09:05     09:17       0:12   차
458 50조(박재우)34 문학킹              관   08:03     08:16       0:13   차
459 50조(박재우)17 문학타이거          기   07:00     07:11       0:11   차
460 50조(박재우) 3 백두미인            기   07:37     07:51       0:14   차
461 50조(박재우)11 베스트스톰          관   06:13     06:23       0:10   금
462 50조(박재우)33 엠제이타임          기   08:57     09:16       0:19   차
463 50조(박재우)26 용호지마            기   06:59     07:09       0:10   금
464 50조(박재우) 8 위대한군주          기   06:14     06:27       0:13   차
465 50조(박재우)39 은어축제            기   07:35     07:44       0:09   차
466 50조(박재우)18 이스트매직          관   06:20     06:32       0:12   금
467 50조(박재우)21 이스트임팩트        관   06:28     06:38       0:10   금
468 50조(박재우)31 이터널메모리        기   07:13     07:23       0:10   금
469 50조(박재우) 4 컴플리트웨펀        관   06:46     07:01       0:15   차
470 50조(박재우)15 트리플킹덤          관   06:20     06:32       0:12   차
471 50조(박재우) 5 프린스              관   07:05     07:21       0:16   차
472 50조(박재우)13 화이트퀸            기   08:31     08:43       0:12   차
473 51조(최용건)36 경부대검            관   07:55     08:10       0:15   차
474 51조(최용건)15 나올에이스          관   06:25     06:45       0:20   금
475 51조(최용건)10 디자이어투윈        관   08:02     08:21       0:19   차
476 51조(최용건)39 메니데이            관   07:00     07:11       0:11   금
477 51조(최용건)33 스마트하이          관   08:25     08:40       0:15   차
478 51조(최용건)14 스탈렛              관   06:21     06:35       0:14   금
479 51조(최용건)21 스포블레이드        기   08:02     08:18       0:16   차
480 51조(최용건)17 울트라갤럭시        관   06:38     06:47       0:09   차
481 51조(최용건)16 인빅터스            관   06:25     06:42       0:17   차
482 51조(최용건) 8 캠프세이버          관   07:00     07:11       0:11   금
483 51조(최용건)22 클리어검            관   07:18     07:28       0:10   특
484 51조(최용건) 9 패션드패션          관   06:13     06:21       0:08   차
485 51조(최용건)11 퍼펙트건맨          관   08:02     08:17       0:15   차
486 51조(최용건)26 플래티넘유로        기   06:25     06:40       0:15   차
487 51조(최용건)38 해피뉴마            관   07:40     07:54       0:14   차
488 51조(최용건)18 희망챔프            관   07:03     07:17       0:14   금
489 52조(김동균)10 다운더존            관   06:11     06:20       0:09   금
490 52조(김동균)15 랠리퀸              관   07:03     07:17       0:14   차
491 52조(김동균) 4 메니스피어          관   07:25     07:32       0:07   차
492 52조(김동균)18 메니히어로          관   06:10     06:20       0:10   차
493 52조(김동균)39 베스트팔콘          기   07:39     07:53       0:14   차
494 52조(김동균)30 서머에이스          관   08:39     08:54       0:15   차
495 52조(김동균) 6 엠제이스톰          기   07:18     07:26       0:08   금
496 52조(김동균)31 천지여걸            기   06:58     07:08       0:10   특
497 52조(김동균)25 천지의빛            기   08:03     08:15       0:12   차
498 52조(김동균)14 클레어파워          관   06:33     06:44       0:11   금
499 52조(김동균)17 파노라마칸          관   06:14     06:26       0:12   차
500 52조(김동균) 2 한강질주            관   08:39     08:54       0:15   차
501 53조(김동철)35 나올대왕            관   07:16     07:34       0:18   차
502 53조(김동철)40 달리는빛깔          기   06:12     06:24       0:12   금
503 53조(김동철)27 대변화              관   07:47     08:00       0:13   특
504 53조(김동철)38 데이브레이크        기   06:45     07:00       0:15   차
505 53조(김동철) 9 러피언이글          관   07:59     08:16       0:17   금
506 53조(김동철) 7 밀키셰리            기   07:17     07:30       0:13   차
507 53조(김동철)32 블루키톤            관   06:22     06:40       0:18   금
508 53조(김동철)30 스틸플레이          관   07:16     07:34       0:18   차
509 53조(김동철)24 영블러드            기   06:18     06:26       0:08   금
510 53조(김동철)14 큐피드챔프          관   07:16     07:34       0:18   차
511 53조(김동철)18 티케이데이          관   06:37     06:49       0:12   차
512 53조(김동철)13 하이선              관   07:16     07:34       0:18   차
513 54조(박천서)17 그레이스리          관   07:24     07:36       0:12   차
514 54조(박천서)14 그린백              관   06:16     06:28       0:12   금
515 54조(박천서)35 마의웨이            기   07:20     07:35       0:15   차
516 54조(박천서)20 바람의칼            기   07:44     07:53       0:09   차
517 54조(박천서) 1 베링맨              기   07:14     07:24       0:10   금
518 54조(박천서) 3 상상질주            기   07:36     07:45       0:09   차
519 54조(박천서)31 정우포에버          기   07:20     07:34       0:14   차
520 54조(박천서)36 캔디여왕            기   06:27     06:39       0:12   차
521 54조(박천서)11 토루크막토          기   07:24     07:34       0:10   차
522 54조(박천서)21 피엔에스아이        관   06:30     06:44       0:14   차
━━━━━━━━━━━━━━━━━━━━━━━━━━━━━━━━━━━━━━━
                                                      출력일자 : 2022. 7. 1

