

제목 : 22년10월02일(일)  제 1경주

(서울) 제72일 1000M 혼4등급    별정A       경주명 : 일반                        
경주조건:      R1~50  남3/북2                    날씨:흐림 주로:양호  (6%)
순위상금: 41,250천원  16,500천원  10,500천원   3,750천원   3,000천원
부가상금:      0천원       0천원       0천원
-------------------------------------------------------------------------------------------------
순위 마번    마    명         산지   성별 연령 부담중량  기수명   조교사   마주명           레이팅
-------------------------------------------------------------------------------------------------
  1    1  파이어걸             미     암     2    53.0   박을운   박재우   에스지이건설        47
  2    6  메디치울프           미     암     2    53.0   유승완   송문길   (주)나스카          38
  3    2  문학송               미     암     2    53.0   임다빈   정호익   권경자              38
  4    8  비에스파워           미     암     2    53.0   장추열   김동균   이월희              38
  5    3  어카운트             미     암     2    53.0   박태종   곽영효   나기두              38
  6    4  티시패밀리           미     암     2    53.0   함완식   김동균   김한수              38
  7    5  브라운퀸             미     암     2    53.0   김태훈   심승태   손칠규              38
  8    7  미스하이플라이       미     암     2    53.0   이혁     김윤섭   에스지이건설        38
-------------------------------------------------------------------------------------------------
순위 마번    마      명       마 체 중  기 록  도 착 차  S1F-1C-2C-3C-4C-G1F
-------------------------------------------------------------------------------------------------
  1    1  파이어걸             484( +2) 1:00.9            4-  -  - 4- 3- 2
  2    6  메디치울프           460(-10) 1:01.7  5         7-  -  - 7- 6- 3
  3    2  문학송               519( -2) 1:01.8  머리      1-  -  - 1- 1- 1
  4    8  비에스파워           464( -4) 1:01.9  ¾        3-  -  - 3- 4- 5
  5    3  어카운트             462(-12) 1:02.4  3         6-  -  - 6- 5- 6
  6    4  티시패밀리           480(+29) 1:02.4  머리      2-  -  - 2- 2- 4
  7    5  브라운퀸             450( -6) 1:02.9  3         5-  -  - 5- 7- 8
  8    7  미스하이플라이       458( +6) 1:03.2  1¾       8-  -  - 8- 8- 7
-------------------------------------------------------------------------------------------------
순위 마번    G-3Ｆ   S-1F  １코너  ２코너  ３코너  ４코너    G-1F  단승식 연승식
-------------------------------------------------------------------------------------------------
  1    1   36.7    0:13.8                  0:13.8  0:30.1   12.8      1.5    1.1
  2    6   37.2    0:14.0                  0:14.0  0:30.5   13.3      6.4    1.3
  3    2   38.3    0:13.3                  0:13.3  0:29.5   14.0      3.0    1.1
  4    8   37.7    0:13.4                  0:13.4  0:30.3   13.5     44.1    2.6
  5    3   37.9    0:14.0                  0:14.0  0:30.5   13.6     76.5    4.0
  6    4   38.7    0:13.4                  0:13.4  0:29.7   14.0     86.7    7.8
  7    5   38.1    0:13.8                  0:13.8  0:31.2   13.2    139.2   11.3
  8    7   38.1    0:14.1                  0:14.1  0:31.3   13.7     34.7    3.0
-------------------------------------------------------------------------------------------------
(복승식 배당률)
  1- 2     1.6  2- 9     0.0  4- 5   693.6  5-15     0.0  8- 9     0.0 11-12     0.0
  1- 3    31.0  2-10     0.0  4- 6   162.2  5-16     0.0  8-10     0.0 11-13     0.0
  1- 4    44.1  2-11     0.0  4- 7   257.8  6- 7    42.7  8-11     0.0 11-14     0.0
  1- 5    84.5  2-12     0.0  4- 8   316.8  6- 8    51.4  8-12     0.0 11-15     0.0
  1- 6     3.8  2-13     0.0  4- 9     0.0  6- 9     0.0  8-13     0.0 11-16     0.0
  1- 7    18.9  2-14     0.0  4-10     0.0  6-10     0.0  8-14     0.0 12-13     0.0
  1- 8    22.1  2-15     0.0  4-11     0.0  6-11     0.0  8-15     0.0 12-14     0.0
  1- 9     0.0  2-16     0.0  4-12     0.0  6-12     0.0  8-16     0.0 12-15     0.0
  1-10     0.0  3- 4   299.5  4-13     0.0  6-13     0.0  9-10     0.0 12-16     0.0
  1-11     0.0  3- 5   442.5  4-14     0.0  6-14     0.0  9-11     0.0 13-14     0.0
  1-12     0.0  3- 6    79.9  4-15     0.0  6-15     0.0  9-12     0.0 13-15     0.0
  1-13     0.0  3- 7   241.2  4-16     0.0  6-16     0.0  9-13     0.0 13-16     0.0
  1-14     0.0  3- 8   249.5  5- 6   246.5  7- 8   113.5  9-14     0.0 14-15     0.0
  1-15     0.0  3- 9     0.0  5- 7   569.6  7- 9     0.0  9-15     0.0 14-16     0.0
  1-16     0.0  3-10     0.0  5- 8   573.7  7-10     0.0  9-16     0.0 15-16     0.0
  2- 3    57.6  3-11     0.0  5- 9     0.0  7-11     0.0 10-11     0.0  0- 0     0.0
  2- 4    77.5  3-12     0.0  5-10     0.0  7-12     0.0 10-12     0.0  0- 0     0.0
  2- 5   231.1  3-13     0.0  5-11     0.0  7-13     0.0 10-13     0.0  0- 0     0.0
  2- 6     6.8  3-14     0.0  5-12     0.0  7-14     0.0 10-14     0.0  0- 0     0.0
  2- 7    36.8  3-15     0.0  5-13     0.0  7-15     0.0 10-15     0.0  0- 0     0.0
  2- 8    44.5  3-16     0.0  5-14     0.0  7-16     0.0 10-16     0.0  0- 0     0.0
-------------------------------------------------------------------------------------------------
매출액 단식:     30,285,800    연식:     25,261,500      복식:    506,048,500
       복연:    123,847,900    쌍식:    378,013,500      삼복:    676,379,200
       삼쌍:    498,677,500    합계:  2,238,513,900
-------------------------------------------------------------------------------------------------
배당률 단: ①1.5        연: ①1.1 ⑥1.3 ②1.1          복: ①⑥3.8       4F:47.6
                                                                         3F:37.4
                        쌍: ①⑥5.7       
     복연: ①⑥1.4 ①②1.1 ⑥②1.6
     삼복: ①⑥②1.8 
     삼쌍: ①⑥②9.0 
-------------------------------------------------------------------------------------------------
펄 롱:13.3 10.2 12.0   12.3   13.1   
통과M:  200  400  600    800    1000
통과T:13.3 23.5 35.5 0:47.8 1:00.9 
-------------------------------------------------------------------------------------------------
통과순위 S-1F : (^2,4,8)-(1,5),(3,6,7)                  
           C1 :                                         
           C2 :                                         
           C3 : (^2,4,8)-(1,5),(3,6,7)                  
           C4 : 2,4-1,8,(3,6)-(7,5)                     
         G-1F : 2,1,(6,4,8)-3-7,5                       
-------------------------------------------------------------------------------------------------
구분 출전번호  대상명            처분종류     처분내용                     세부내용
-------------------------------------------------------------------------------------------------
말      1      파이어걸          출발심사                                  출발자세불량                                      
-------------------------------------------------------------------------------------------------


제목 : 22년10월02일(일)  제 2경주

(서울) 제72일 1000M 국6등급    별정A       경주명 : 일반                        
경주조건:       R0~0  2세                        날씨:흐림 주로:양호  (6%)
순위상금: 33,000천원  13,200천원   8,400천원   3,000천원   2,400천원
부가상금:      0천원       0천원       0천원
-------------------------------------------------------------------------------------------------
순위 마번    마    명         산지   성별 연령 부담중량  기수명   조교사   마주명           레이팅
-------------------------------------------------------------------------------------------------
  1    3  큐피드워리어         한     수     2    55.0   신형철   신삼영   서순배                
  2    1  드래곤스타           한     수     2    55.0   문성혁   서인석   송창오                
  3    5  장비무지개           한     암     2    53.0   이동하   우창구   장수영                
  4   12  하이그랜드           한     수     2    55.0   김정준   송문길   박정재                
  5    7  파이널축제           한     수     2    55.0   함완식   김동균   정기환                
  6    9  투어퀸               한     암     2    53.0   송재철   이준철   이경호                
  7   10  포춘룰즈             한     수     2    55.0   김태훈   리카디   남기태                
  8    6  서울을날다           한     암     2    53.0   김동수   이관호   이동좌                
  9    8  마이원               한     수     2    55.0   임다빈   정호익   백국인                
 10    2  아르고꾸숑           한     수     2    55.0   조한별   안병기   우태율                
 11   11  네버어게인           한     수     2    55.0   먼로     토니     한명로                
 12    4  나올스카이           한(포) 암     2    51.0   김아현   조현수   이경호a               
-------------------------------------------------------------------------------------------------
순위 마번    마      명       마 체 중  기 록  도 착 차  S1F-1C-2C-3C-4C-G1F
-------------------------------------------------------------------------------------------------
  1    3  큐피드워리어         481( +6) 1:01.1            1-  -  - 1- 1- 1
  2    1  드래곤스타           510( +4) 1:01.3  ¾        9-  -  - 9- 8- 5
  3    5  장비무지개           438( -4) 1:01.7  3         6-  -  - 6- 6- 4
  4   12  하이그랜드           465( -1) 1:01.9  1¼       5-  -  - 5- 4- 2
  5    7  파이널축제           485( -3) 1:02.4  2½       4-  -  - 4- 3- 3
  6    9  투어퀸               450( +1) 1:02.6  1¼       7-  -  - 7- 7- 6
  7   10  포춘룰즈             471( -2) 1:02.8  1         8-  -  - 8-10- 9
  8    6  서울을날다           468(+15) 1:02.9  ½        2-  -  - 2- 2- 7
  9    8  마이원               479( -1) 1:02.9  머리     12-  -  -12-11-11
 10    2  아르고꾸숑           463( -5) 1:02.9  ½        3-  -  - 3- 5- 8
 11   11  네버어게인           452( +1) 1:03.7  4        10-  -  -10- 9-10
 12    4  나올스카이           443(+23) 1:04.4  4        11-  -  -11-12-12
-------------------------------------------------------------------------------------------------
순위 마번    G-3Ｆ   S-1F  １코너  ２코너  ３코너  ４코너    G-1F  단승식 연승식
-------------------------------------------------------------------------------------------------
  1    3   36.6    0:13.6                  0:13.6  0:30.7   12.6      4.3    1.6
  2    1   36.2    0:14.1                  0:14.1  0:31.3   12.1      2.8    1.3
  3    5   36.8    0:13.9                  0:13.9  0:31.0   12.6      3.9    1.5
  4   12   37.3    0:13.7                  0:13.7  0:30.8   12.9      8.1    2.2
  5    7   37.8    0:13.7                  0:13.7  0:30.8   13.3     21.9    4.0
  6    9   37.7    0:13.9                  0:13.9  0:31.0   13.3     11.5    2.8
  7   10   37.6    0:13.9                  0:13.9  0:31.6   13.1     52.5    7.1
  8    6   38.3    0:13.6                  0:13.6  0:30.8   13.4     52.5    9.7
  9    8   37.3    0:14.5                  0:14.5  0:32.0   12.9     84.1   23.6
 10    2   38.1    0:13.7                  0:13.7  0:31.0   13.3     12.4    3.6
 11   11   38.5    0:14.2                  0:14.2  0:31.3   13.9    123.5   20.7
 12    4   38.5    0:14.4                  0:14.4  0:32.5   12.9    154.1   24.3
-------------------------------------------------------------------------------------------------
(복승식 배당률)
  1- 2    16.6  2- 9    61.9  4- 5   306.2  5-15     0.0  8- 9   366.1 11-12   315.7
  1- 3     6.1  2-10   242.7  4- 6  1410.5  5-16     0.0  8-10   984.4 11-13     0.0
  1- 4   192.1  2-11   544.9  4- 7  1157.0  6- 7   249.3  8-11  1756.0 11-14     0.0
  1- 5     5.1  2-12    59.7  4- 8  2571.3  6- 8  1209.9  8-12   234.8 11-15     0.0
  1- 6    86.9  2-13     0.0  4- 9   690.3  6- 9   237.7  8-13     0.0 11-16     0.0
  1- 7    24.2  2-14     0.0  4-10  1530.0  6-10   666.4  8-14     0.0 12-13     0.0
  1- 8   185.0  2-15     0.0  4-11  2839.8  6-11  1428.4  8-15     0.0 12-14     0.0
  1- 9    14.1  2-16     0.0  4-12   709.6  6-12   189.7  8-16     0.0 12-15     0.0
  1-10    73.4  3- 4   503.2  4-13     0.0  6-13     0.0  9-10   253.0 12-16     0.0
  1-11   200.8  3- 5     8.6  4-14     0.0  6-14     0.0  9-11   447.4 13-14     0.0
  1-12    10.2  3- 6   200.3  4-15     0.0  6-15     0.0  9-12    29.8 13-15     0.0
  1-13     0.0  3- 7    37.2  4-16     0.0  6-16     0.0  9-13     0.0 13-16     0.0
  1-14     0.0  3- 8   231.7  5- 6    85.6  7- 8   213.9  9-14     0.0 14-15     0.0
  1-15     0.0  3- 9    23.9  5- 7    26.5  7- 9    50.1  9-15     0.0 14-16     0.0
  1-16     0.0  3-10   165.8  5- 8   221.1  7-10   360.9  9-16     0.0 15-16     0.0
  2- 3    28.9  3-11   340.1  5- 9    17.3  7-11   803.7 10-11   830.4  0- 0     0.0
  2- 4   616.8  3-12    22.6  5-10    85.6  7-12    52.6 10-12   172.3  0- 0     0.0
  2- 5    26.1  3-13     0.0  5-11   268.2  7-13     0.0 10-13     0.0  0- 0     0.0
  2- 6   279.9  3-14     0.0  5-12    15.9  7-14     0.0 10-14     0.0  0- 0     0.0
  2- 7   115.9  3-15     0.0  5-13     0.0  7-15     0.0 10-15     0.0  0- 0     0.0
  2- 8   483.8  3-16     0.0  5-14     0.0  7-16     0.0 10-16     0.0  0- 0     0.0
-------------------------------------------------------------------------------------------------
매출액 단식:     29,600,400    연식:     53,548,400      복식:    986,942,400
       복연:    135,798,900    쌍식:    282,723,700      삼복:    905,281,600
       삼쌍:    396,587,100    합계:  2,790,482,500
-------------------------------------------------------------------------------------------------
배당률 단: ③4.3        연: ③1.6 ①1.3 ⑤1.5          복: ③①6.1       4F:47.5
                                                                         3F:36.6
                        쌍: ③①12.8      
     복연: ③①3.4 ③⑤3.8 ①⑤2.3
     삼복: ③①⑤7.9 
     삼쌍: ③①⑤50.7 
-------------------------------------------------------------------------------------------------
펄 롱:13.6 10.9 12.4   11.6   12.6   
통과M:  200  400  600    800    1000
통과T:13.6 24.5 36.9 0:48.5 1:01.1 
-------------------------------------------------------------------------------------------------
통과순위 S-1F : (2,3,6,7,12),(5,9,10),(1,11),(4,8)      
           C1 :                                         
           C2 :                                         
           C3 : (2,3,6,7,12),(5,9,10),(1,11),(4,8)      
           C4 : (^3,6,7,12),(2,5,9),(1,11),10-8-4       
         G-1F : 3-(7,12,5),(1,9),(2,6),(11,10),8=4      
-------------------------------------------------------------------------------------------------
구분 출전번호  대상명            처분종류     처분내용                     세부내용
-------------------------------------------------------------------------------------------------
기수    3      신형철            견책                                      출발 후 약 200m 지점 안으로 진로변경 2번 주행방해 
말      1      드래곤스타        출발심사                                  진입불량 및 출발자세불량                          
말      2      아르고꾸숑        출발심사                                  진입불량                                          
말      7      파이널축제        주의                                      결승선 직선주로 안으로 기댐                       
말      9      투어퀸            출발심사                                  진입불량                                          
-------------------------------------------------------------------------------------------------


제목 : 22년10월02일(일)  제 3경주

(서울) 제72일 1000M 국6등급    별정A       경주명 : 일반                        
경주조건:       R0~0  2세                        날씨:흐림 주로:양호  (6%)
순위상금: 33,000천원  13,200천원   8,400천원   3,000천원   2,400천원
부가상금:      0천원       0천원       0천원
-------------------------------------------------------------------------------------------------
순위 마번    마    명         산지   성별 연령 부담중량  기수명   조교사   마주명           레이팅
-------------------------------------------------------------------------------------------------
  1   10  글로벌찬가           한     암     2    53.0   장추열   최상식   장재형                
  2    4  기쁨환호             한     수     2    55.0   최범현   이준철   김경남                
  3    8  달금                 한     암     2    53.0   김정준   안해양   임흥호                
  4   12  불의날개             한     수     2    55.0   김태훈   임채덕   황경호                
  5    1  신의여인             한(포) 암     2    53.0   송재철   강환민   김진태a               
  6    5  아만바로우즈         한     암     2    51.0   김태희   서인석   이노쿠마 히로츠구     
  7    2  한강파워             한     수     2    55.0   김용근   최영주   나기두                
  8    9  블랙건               한     거     2    55.0   이동하   최용구   김창만                
  9    3  아치러너             한     암     2    53.0   조한별   최용건   송암축산              
 10   11  강철여걸             한     암     2    53.0   박태종   유재길   허건호                
 11    7  비트레이서           한     수     2    55.0   이혁     이관호   황은호                
 12    6  고스트참             한     수     2    55.0   임다빈   이신영   김세민                
-------------------------------------------------------------------------------------------------
순위 마번    마      명       마 체 중  기 록  도 착 차  S1F-1C-2C-3C-4C-G1F
-------------------------------------------------------------------------------------------------
  1   10  글로벌찬가           447( +0) 1:00.4            1-  -  - 1- 1- 1
  2    4  기쁨환호             451( +2) 1:01.0  4         2-  -  - 2- 3- 2
  3    8  달금                 483( +3) 1:01.3  1¾       5-  -  - 5- 5- 4
  4   12  불의날개             454( +2) 1:02.5  7         6-  -  - 6- 4- 5
  5    1  신의여인             480( -1) 1:02.6  1         3-  -  - 3- 6- 6
  6    5  아만바로우즈         444(+15) 1:02.7  머리      4-  -  - 4- 2- 3
  7    2  한강파워             516( +9) 1:02.7  ½        9-  -  - 9- 7- 7
  8    9  블랙건               543( -4) 1:03.1  1¾      11-  -  -11- 9- 9
  9    3  아치러너             458( +5) 1:03.3  1½       7-  -  - 7- 8- 8
 10   11  강철여걸             441( +4) 1:03.4  ½       10-  -  -10-11-10
 11    7  비트레이서           512(+10) 1:03.8  2½       8-  -  - 8-10-11
 12    6  고스트참             544( +2) 1:04.8  5        12-  -  -12-12-12
-------------------------------------------------------------------------------------------------
순위 마번    G-3Ｆ   S-1F  １코너  ２코너  ３코너  ４코너    G-1F  단승식 연승식
-------------------------------------------------------------------------------------------------
  1   10   36.1    0:13.5                  0:13.5  0:30.4   12.6      1.9    1.1
  2    4   36.4    0:13.6                  0:13.6  0:30.8   12.4     16.0    3.3
  3    8   36.5    0:13.8                  0:13.8  0:30.9   12.6      9.8    1.8
  4   12   38.0    0:13.8                  0:13.8  0:30.8   13.3    107.8   15.4
  5    1   37.8    0:13.8                  0:13.8  0:31.1   13.2      3.1    1.4
  6    5   38.2    0:13.8                  0:13.8  0:30.6   14.0      7.1    2.1
  7    2   37.5    0:14.4                  0:14.4  0:31.5   13.0     60.6   10.0
  8    9   37.6    0:14.6                  0:14.6  0:31.8   13.1    142.2   18.5
  9    3   38.1    0:14.1                  0:14.1  0:31.6   13.3    177.8   28.2
 10   11   37.6    0:14.5                  0:14.5  0:32.3   13.0     77.5    8.1
 11    7   38.3    0:14.2                  0:14.2  0:32.0   13.2     20.7    2.7
 12    6   38.0    0:15.8                  0:15.8  0:33.1   13.2    204.4   18.3
-------------------------------------------------------------------------------------------------
(복승식 배당률)
  1- 2    92.5  2- 9  1932.9  4- 5    41.8  5-15     0.0  8- 9   668.1 11-12  1024.0
  1- 3   280.3  2-10    41.3  4- 6   735.7  5-16     0.0  8-10     6.9 11-13     0.0
  1- 4    27.6  2-11   900.3  4- 7    90.5  6- 7   702.9  8-11   253.7 11-14     0.0
  1- 5    16.0  2-12  2084.1  4- 8    49.1  6- 8   640.0  8-12   431.2 11-15     0.0
  1- 6   370.4  2-13     0.0  4- 9   533.5  6- 9  2770.1  8-13     0.0 11-16     0.0
  1- 7    36.5  2-14     0.0  4-10    10.0  6-10   116.4  8-14     0.0 12-13     0.0
  1- 8    17.2  2-15     0.0  4-11   321.3  6-11  2059.0  8-15     0.0 12-14     0.0
  1- 9   413.3  2-16     0.0  4-12   626.8  6-12  3392.9  8-16     0.0 12-15     0.0
  1-10     2.6  3- 4   787.1  4-13     0.0  6-13     0.0  9-10   109.6 12-16     0.0
  1-11   140.0  3- 5   847.5  4-14     0.0  6-14     0.0  9-11  1102.8 13-14     0.0
  1-12   349.2  3- 6  2696.6  4-15     0.0  6-15     0.0  9-12  2366.3 13-15     0.0
  1-13     0.0  3- 7  1235.1  4-16     0.0  6-16     0.0  9-13     0.0 13-16     0.0
  1-14     0.0  3- 8   924.5  5- 6   578.7  7- 8    65.4  9-14     0.0 14-15     0.0
  1-15     0.0  3- 9  2854.3  5- 7    53.8  7- 9  1013.7  9-15     0.0 14-16     0.0
  1-16     0.0  3-10   194.6  5- 8    28.8  7-10    12.4  9-16     0.0 15-16     0.0
  2- 3  1179.4  3-11  2632.3  5- 9   635.3  7-11   291.3 10-11    38.0  0- 0     0.0
  2- 4   262.9  3-12  3896.0  5-10     5.6  7-12   531.3 10-12    98.0  0- 0     0.0
  2- 5   189.2  3-13     0.0  5-11   276.8  7-13     0.0 10-13     0.0  0- 0     0.0
  2- 6  1109.1  3-14     0.0  5-12   495.6  7-14     0.0 10-14     0.0  0- 0     0.0
  2- 7   411.1  3-15     0.0  5-13     0.0  7-15     0.0 10-15     0.0  0- 0     0.0
  2- 8   249.5  3-16     0.0  5-14     0.0  7-16     0.0 10-16     0.0  0- 0     0.0
-------------------------------------------------------------------------------------------------
매출액 단식:     34,536,200    연식:     50,817,400      복식:  1,029,493,600
       복연:    167,516,300    쌍식:    418,752,200      삼복:  1,068,777,000
       삼쌍:    549,225,100    합계:  3,319,117,800
-------------------------------------------------------------------------------------------------
배당률 단: ⑩1.9        연: ⑩1.1 ④3.3 ⑧1.8          복: ⑩④10.0      4F:46.9
                                                                         3F:36.1
                        쌍: ⑩④14.1      
     복연: ⑩④4.2 ⑩⑧2.5 ④⑧10.5
     삼복: ⑩④⑧21.3 
     삼쌍: ⑩④⑧62.1 
-------------------------------------------------------------------------------------------------
펄 롱:13.5 10.8 12.1   11.4   12.6   
통과M:  200  400  600    800    1000
통과T:13.5 24.3 36.4 0:47.8 1:00.4 
-------------------------------------------------------------------------------------------------
통과순위 S-1F : (4,^10),(1,5,8,12),(3,7),(2,11),9=6     
           C1 :                                         
           C2 :                                         
           C3 : (4,^10),(1,5,8,12),(3,7),(2,11),9=6     
           C4 : 10,5,(4,8,12),1-(3,2),9,7,11=6          
         G-1F : 10=(4,5,8)-12,1,2,(3,9)-11,7=6          
-------------------------------------------------------------------------------------------------
구분 출전번호  대상명            처분종류     처분내용                     세부내용
-------------------------------------------------------------------------------------------------
기수    5      김태희            과태금       50,000원                     결승선 전방 약 350m 지점 채찍 놓침                
말      1      신의여인          출발심사                                  출발자세불량                                      
말      6      고스트참          출발심사                                  출발자세 및 발진불량                              
-------------------------------------------------------------------------------------------------


제목 : 22년10월02일(일)  제 4경주

(서울) 제72일 1200M 국6등급    별정A       경주명 : 일반                        
경주조건:       R0~0  연령오픈                   날씨:흐림 주로:양호  (6%)
순위상금: 22,000천원   8,800천원   5,600천원   2,000천원   1,600천원
부가상금:      0천원       0천원       0천원
-------------------------------------------------------------------------------------------------
순위 마번    마    명         산지   성별 연령 부담중량  기수명   조교사   마주명           레이팅
-------------------------------------------------------------------------------------------------
  1    4  화랑투데이           한     수     3    56.0   장추열   전승규   박웅진                
  2    1  질주대세             한     암     3    54.0   송재철   전승규   김창표                
  3    8  금아얼루어           한     암     2    53.0   유승완   이관호   금아산업(주)          
  4    2  우청륭               한     수     3    54.0   김아현   안해양   임흥호                
  5    6  아르고탑             한     수     2    55.0   안토니오 안병기   우태율                
  6    5  굿카보               한     거     2    52.0   오수철   박윤규   김지훈                
  7    3  황우강자             한     수     3    54.0   김태희   정호익   남춘우                
  8    7  큐피드와우           한     수     3    56.0   이혁     이희영   서순배                
-------------------------------------------------------------------------------------------------
순위 마번    마      명       마 체 중  기 록  도 착 차  S1F-1C-2C-3C-4C-G1F
-------------------------------------------------------------------------------------------------
  1    4  화랑투데이           525( +4) 1:14.4            7-  -  - 8- 6- 1
  2    1  질주대세             508( +4) 1:15.3  5         5-  -  - 5- 3- 2
  3    8  금아얼루어           468( +2) 1:15.5  1         8-  -  - 7- 8- 6
  4    2  우청륭               480( -3) 1:15.6  1         6-  -  - 6- 7- 5
  5    6  아르고탑             462( -4) 1:16.6  5         2-  -  - 2- 2- 4
  6    5  굿카보               483( -6) 1:17.3  4         1-  -  - 1- 1- 3
  7    3  황우강자             458( -3) 1:17.9  4         4-  -  - 4- 5- 7
  8    7  큐피드와우           466(+18) 1:19.4  8         3-  -  - 3- 4- 8
-------------------------------------------------------------------------------------------------
순위 마번    G-3Ｆ   S-1F  １코너  ２코너  ３코너  ４코너    G-1F  단승식 연승식
-------------------------------------------------------------------------------------------------
  1    4   37.2    0:14.0                  0:25.3  0:43.3   12.9      6.8    2.8
  2    1   38.8    0:13.8                  0:24.8  0:42.5   13.5      5.8    2.0
  3    8   38.3    0:14.0                  0:25.1  0:43.4   13.3      4.9    1.3
  4    2   38.6    0:13.8                  0:25.0  0:43.3   13.4     39.5    6.6
  5    6   40.7    0:13.6                  0:24.3  0:42.2   14.4      2.7    1.3
  6    5   41.4    0:13.6                  0:24.3  0:42.1   15.1     13.3    4.1
  7    3   41.0    0:13.7                  0:24.7  0:43.2   14.8      5.9    1.7
  8    7   43.2    0:13.6                  0:24.3  0:42.6   15.9     10.8    2.8
-------------------------------------------------------------------------------------------------
(복승식 배당률)
  1- 2    89.7  2- 9     0.0  4- 5    46.7  5-15     0.0  8- 9     0.0 11-12     0.0
  1- 3    18.4  2-10     0.0  4- 6    11.4  5-16     0.0  8-10     0.0 11-13     0.0
  1- 4    27.1  2-11     0.0  4- 7    46.2  6- 7    12.7  8-11     0.0 11-14     0.0
  1- 5    55.2  2-12     0.0  4- 8    19.0  6- 8     4.5  8-12     0.0 11-15     0.0
  1- 6     7.9  2-13     0.0  4- 9     0.0  6- 9     0.0  8-13     0.0 11-16     0.0
  1- 7    35.8  2-14     0.0  4-10     0.0  6-10     0.0  8-14     0.0 12-13     0.0
  1- 8    10.8  2-15     0.0  4-11     0.0  6-11     0.0  8-15     0.0 12-14     0.0
  1- 9     0.0  2-16     0.0  4-12     0.0  6-12     0.0  8-16     0.0 12-15     0.0
  1-10     0.0  3- 4    23.8  4-13     0.0  6-13     0.0  9-10     0.0 12-16     0.0
  1-11     0.0  3- 5    43.7  4-14     0.0  6-14     0.0  9-11     0.0 13-14     0.0
  1-12     0.0  3- 6     7.1  4-15     0.0  6-15     0.0  9-12     0.0 13-15     0.0
  1-13     0.0  3- 7    25.2  4-16     0.0  6-16     0.0  9-13     0.0 13-16     0.0
  1-14     0.0  3- 8    11.6  5- 6    22.3  7- 8    20.3  9-14     0.0 14-15     0.0
  1-15     0.0  3- 9     0.0  5- 7    75.4  7- 9     0.0  9-15     0.0 14-16     0.0
  1-16     0.0  3-10     0.0  5- 8    36.9  7-10     0.0  9-16     0.0 15-16     0.0
  2- 3    82.9  3-11     0.0  5- 9     0.0  7-11     0.0 10-11     0.0  0- 0     0.0
  2- 4   147.9  3-12     0.0  5-10     0.0  7-12     0.0 10-12     0.0  0- 0     0.0
  2- 5   210.2  3-13     0.0  5-11     0.0  7-13     0.0 10-13     0.0  0- 0     0.0
  2- 6    72.4  3-14     0.0  5-12     0.0  7-14     0.0 10-14     0.0  0- 0     0.0
  2- 7   179.7  3-15     0.0  5-13     0.0  7-15     0.0 10-15     0.0  0- 0     0.0
  2- 8   105.6  3-16     0.0  5-14     0.0  7-16     0.0 10-16     0.0  0- 0     0.0
-------------------------------------------------------------------------------------------------
매출액 단식:     40,566,400    연식:     68,606,000      복식:  1,316,411,000
       복연:    159,583,000    쌍식:    462,716,700      삼복:  1,319,687,900
       삼쌍:    595,958,800    합계:  3,963,529,800
-------------------------------------------------------------------------------------------------
배당률 단: ④6.8        연: ④2.8 ①2.0 ⑧1.3          복: ④①27.1      4F:50.1
                                                                         3F:38.5
                        쌍: ④①57.2      
     복연: ④①8.5 ④⑧5.1 ①⑧3.1
     삼복: ④①⑧36.6 
     삼쌍: ④①⑧255.5 
-------------------------------------------------------------------------------------------------
펄 롱:13.6 10.7 11.6   12.7   12.9   12.9   
통과M:  200  400  600    800    1000   1200
통과T:13.6 24.3 35.9 0:48.6 1:01.5 1:14.4 
-------------------------------------------------------------------------------------------------
통과순위 S-1F : (3,5,6,7),(1,2),(4,8)                   
           C1 :                                         
           C2 :                                         
           C3 : (5,6,7)-(1,3),(2,8),4                   
           C4 : (^5,6),(1,7)-(4,2,3),8                  
         G-1F : 4,1-(5,6,2,8)=3-7                       
-------------------------------------------------------------------------------------------------
구분 출전번호  대상명            처분종류     처분내용                     세부내용
-------------------------------------------------------------------------------------------------
기수    1      송재철            기승정지     2일(2022.10.08~2022.10.09)   결승선 전방 약 300m 지점 안으로 진로변경 6번 주행방해
기수    5      오수철            기승정지     2일(2022.10.22~2022.10.23)   결승선 전방 약 300m 지점 바깥으로 진로변경 6번 주행방해
-------------------------------------------------------------------------------------------------


제목 : 22년10월02일(일)  제 5경주

(서울) 제72일 1700M 국6등급    별정A       경주명 : 일반                        
경주조건:       R0~0  연령오픈                   날씨:흐림 주로:양호  (6%)
순위상금: 13,750천원   5,500천원   3,500천원   1,250천원   1,000천원
부가상금:      0천원       0천원       0천원
-------------------------------------------------------------------------------------------------
순위 마번    마    명         산지   성별 연령 부담중량  기수명   조교사   마주명           레이팅
-------------------------------------------------------------------------------------------------
  1    1  감곡선샤인           한     암     3    54.0   김태훈   심승태   손칠규                
  2    7  러너몬스터           한     수     3    53.0   오수철   최영주   손학봉                
  3    2  해피나이스           한     암     5    54.0   문정균   유재길   김영표                
  4    6  희망워리어           한     암     3    54.0   임다빈   신삼영   희망홀스              
  5    8  천송이               한     암     3    54.0   이현종   최봉주   조금제                
  6    4  스타프린세스         한     암     3    54.0   신형철   문병기   금악목장              
  7    3  주얼리베스트         한     암     3    54.0   박을운   심승태   김태성                
  8    9  빛나는질주           한     수     4    52.0   이상규   유재길   제주축산개발          
  9    5  헬로퀸               한     암     3    52.0   김아현   박희철   김근영                
-------------------------------------------------------------------------------------------------
순위 마번    마      명       마 체 중  기 록  도 착 차  S1F-1C-2C-3C-4C-G1F
-------------------------------------------------------------------------------------------------
  1    1  감곡선샤인           486( +6) 1:52.7            6- 6- 7- 8- 8- 5
  2    7  러너몬스터           451( +0) 1:52.8  ¾        4- 4- 4- 2- 2- 1
  3    2  해피나이스           462( +6) 1:53.1  1½       5- 5- 5- 6- 5- 3
  4    6  희망워리어           457( +1) 1:53.3  1¼       2- 2- 2- 4- 3- 4
  5    8  천송이               461( -4) 1:53.9  3         7- 7- 6- 3- 4- 6
  6    4  스타프린세스         481( +7) 1:54.4  3         8- 8- 8- 7- 7- 7
  7    3  주얼리베스트         467( -8) 1:54.8  1¾       1- 1- 1- 1- 1- 2
  8    9  빛나는질주           527( +7) 1:55.1  2         9- 9- 9- 9- 9- 9
  9    5  헬로퀸               429( -5) 1:56.0  5         3- 3- 3- 5- 6- 8
-------------------------------------------------------------------------------------------------
순위 마번    G-3Ｆ   S-1F  １코너  ２코너  ３코너  ４코너    G-1F  단승식 연승식
-------------------------------------------------------------------------------------------------
  1    1   39.2    0:14.8  0:14.8  0:27.7  1:05.4  1:21.0   12.9      3.4    1.7
  2    7   40.3    0:14.4  0:14.4  0:26.8  1:04.3  1:19.9   13.6      4.7    1.7
  3    2   40.1    0:14.5  0:14.5  0:27.0  1:05.1  1:20.5   13.4     26.1    4.9
  4    6   40.7    0:14.1  0:14.1  0:26.7  1:04.4  1:20.1   13.6      5.9    1.8
  5    8   41.4    0:14.9  0:14.9  0:27.4  1:04.3  1:20.1   14.1      6.5    1.9
  6    4   41.3    0:15.4  0:15.4  0:28.1  1:05.1  1:20.8   14.1     10.9    2.4
  7    3   42.6    0:14.0  0:14.0  0:26.4  1:04.1  1:19.9   15.3      5.7    2.2
  8    9   41.2    0:15.4  0:15.4  0:28.3  1:05.8  1:21.5   13.6     10.2    3.0
  9    5   43.0    0:14.4  0:14.4  0:26.8  1:04.7  1:20.6   15.0     71.6   12.8
-------------------------------------------------------------------------------------------------
(복승식 배당률)
  1- 2    38.6  2- 9   130.4  4- 5   232.7  5-15     0.0  8- 9    35.5 11-12     0.0
  1- 3    11.9  2-10     0.0  4- 6    27.0  5-16     0.0  8-10     0.0 11-13     0.0
  1- 4    19.7  2-11     0.0  4- 7    23.2  6- 7    10.6  8-11     0.0 11-14     0.0
  1- 5   148.4  2-12     0.0  4- 8    33.1  6- 8    15.5  8-12     0.0 11-15     0.0
  1- 6     9.0  2-13     0.0  4- 9    64.6  6- 9    29.5  8-13     0.0 11-16     0.0
  1- 7     7.7  2-14     0.0  4-10     0.0  6-10     0.0  8-14     0.0 12-13     0.0
  1- 8     9.2  2-15     0.0  4-11     0.0  6-11     0.0  8-15     0.0 12-14     0.0
  1- 9    20.5  2-16     0.0  4-12     0.0  6-12     0.0  8-16     0.0 12-15     0.0
  1-10     0.0  3- 4    28.0  4-13     0.0  6-13     0.0  9-10     0.0 12-16     0.0
  1-11     0.0  3- 5   209.6  4-14     0.0  6-14     0.0  9-11     0.0 13-14     0.0
  1-12     0.0  3- 6    17.0  4-15     0.0  6-15     0.0  9-12     0.0 13-15     0.0
  1-13     0.0  3- 7    15.6  4-16     0.0  6-16     0.0  9-13     0.0 13-16     0.0
  1-14     0.0  3- 8    19.5  5- 6   167.9  7- 8    14.9  9-14     0.0 14-15     0.0
  1-15     0.0  3- 9    48.1  5- 7   139.4  7- 9    23.8  9-15     0.0 14-16     0.0
  1-16     0.0  3-10     0.0  5- 8   185.4  7-10     0.0  9-16     0.0 15-16     0.0
  2- 3    49.1  3-11     0.0  5- 9   259.8  7-11     0.0 10-11     0.0  0- 0     0.0
  2- 4   100.1  3-12     0.0  5-10     0.0  7-12     0.0 10-12     0.0  0- 0     0.0
  2- 5   326.0  3-13     0.0  5-11     0.0  7-13     0.0 10-13     0.0  0- 0     0.0
  2- 6    77.8  3-14     0.0  5-12     0.0  7-14     0.0 10-14     0.0  0- 0     0.0
  2- 7    60.5  3-15     0.0  5-13     0.0  7-15     0.0 10-15     0.0  0- 0     0.0
  2- 8    65.0  3-16     0.0  5-14     0.0  7-16     0.0 10-16     0.0  0- 0     0.0
-------------------------------------------------------------------------------------------------
매출액 단식:     39,380,900    연식:     56,823,100      복식:  1,183,200,400
       복연:    130,065,200    쌍식:    351,473,500      삼복:  1,133,609,400
       삼쌍:    488,127,000    합계:  3,382,679,500
-------------------------------------------------------------------------------------------------
배당률 단: ①3.4        연: ①1.7 ⑦1.7 ②4.9          복: ①⑦7.7       4F:53.7
                                                                         3F:40.5
                        쌍: ①⑦12.6      
     복연: ①⑦3.1 ①②10.7 ⑦②13.5
     삼복: ①⑦②50.0 
     삼쌍: ①⑦②171.1 
-------------------------------------------------------------------------------------------------
펄 롱: 8.3 11.6 13.0   13.1   13.0   13.2   13.9   13.1   13.5   
통과M:  100  300  500    700    900    1100   1300   1500   1700
통과T:08.3 19.9 32.9 0:46.0 0:59.0 1:12.2 1:26.1 1:39.2 1:52.7 
-------------------------------------------------------------------------------------------------
통과순위 S-1F : (^3,6),(2,5,7),(1,8)-(4,9)              
           C1 : (^3,6),(2,5,7),(1,8)-(4,9)              
           C2 : 3,(5,6,7),2-8,1-4,9                     
           C3 : 3,(6,7,8),5-(2,4),1-9                   
           C4 : (3,7),(6,8)-(2,5),4,1-9                 
         G-1F : 7,3,(1,2,6,8)-4-5-9                     
-------------------------------------------------------------------------------------------------
구분 출전번호  대상명            처분종류     처분내용                     세부내용
-------------------------------------------------------------------------------------------------
특 
이 
사 
항
-------------------------------------------------------------------------------------------------


제목 : 22년10월02일(일)  제 6경주

(서울) 제72일 1300M 국5등급    핸디캡      경주명 : 일반                        
경주조건:      R1~35  연령오픈                   날씨:흐림 주로:양호  (6%)
순위상금: 33,000천원  13,200천원   8,400천원   3,000천원   2,400천원
부가상금:      0천원       0천원       0천원
-------------------------------------------------------------------------------------------------
순위 마번    마    명         산지   성별 연령 부담중량  기수명   조교사   마주명           레이팅
-------------------------------------------------------------------------------------------------
  1    8  선드래곤             한     수     2    56.0   김용근   최용구   선우패션            35
  2    7  마바위               한     수     3    57.0   박현우   박천서   김종진              35
  3    2  은파마운틴           한     수     3    52.0   오수철   박희철   이미경              31
  4    1  골든아너             한     수     3    54.0   김동수   전승규   박기태              29
  5   10  히든블레이드         한     암     3    52.5   먼로     강환민   김형란              30
  6   11  런투골               한     암     4    52.0   이동하   강성오   이긍열              21
  7    9  강력한지금           한     수     2    54.5   함완식   홍대유   금악목장            32
  8    4  온리위너             한     암     5    53.5   이용호   송문길   손병철              32
  9    3  비플라워             한     암     3    52.0   유승완   조현수   정광화              25
 10   12  대박스타             한     수     3    54.0   박을운   김동철   오종환              29
 11    6  원평광야             한     암     3    53.5   임다빈   정호익   김용재              32
 12    5  라온더대쉬           한     암     3    51.0   김태희   박종곤   손천수              28
-------------------------------------------------------------------------------------------------
순위 마번    마      명       마 체 중  기 록  도 착 차  S1F-1C-2C-3C-4C-G1F
-------------------------------------------------------------------------------------------------
  1    8  선드래곤             488( -1) 1:20.2            2-  -  - 2- 2- 1
  2    7  마바위               515( -4) 1:20.8  4         3-  -  - 5- 5- 3
  3    2  은파마운틴           504(+10) 1:20.9  ½        8-  -  - 8- 8- 2
  4    1  골든아너             475( -1) 1:21.4  3        12-  -  -12-11-11
  5   10  히든블레이드         460(+11) 1:21.9  2½       6-  -  - 6- 7- 7
  6   11  런투골               444( -5) 1:22.0  ¾        9-  -  - 7- 6- 5
  7    9  강력한지금           490( +4) 1:22.1  ½        4-  -  - 3- 3- 4
  8    4  온리위너             446( -4) 1:22.3  1½      11-  -  -11-10- 8
  9    3  비플라워             433( -2) 1:22.8  2½      10-  -  - 9- 9-10
 10   12  대박스타             497( +6) 1:23.2  2         7-  -  - 4- 4- 9
 11    6  원평광야             469( +6) 1:23.3  1         1-  -  - 1- 1- 6
 12    5  라온더대쉬           458( +1) 1:24.0  4         5-  -  -10-12-12
-------------------------------------------------------------------------------------------------
순위 마번    G-3Ｆ   S-1F  １코너  ２코너  ３코너  ４코너    G-1F  단승식 연승식
-------------------------------------------------------------------------------------------------
  1    8   38.4    0:13.3                  0:29.9  0:47.9   13.6      2.8    1.4
  2    7   38.2    0:13.5                  0:30.5  0:48.8   13.3      5.4    1.7
  3    2   37.9    0:13.9                  0:31.0  0:49.0   13.4     12.2    3.3
  4    1   37.5    0:14.5                  0:31.9  0:50.0   12.8      4.3    1.9
  5   10   39.2    0:13.6                  0:30.6  0:48.9   13.9     19.8    4.4
  6   11   39.3    0:13.9                  0:30.7  0:48.8   14.1     86.7   12.7
  7    9   39.8    0:13.5                  0:30.1  0:48.6   14.2      5.7    1.9
  8    4   38.4    0:14.0                  0:31.9  0:49.9   13.8     17.2    3.3
  9    3   39.5    0:14.0                  0:31.3  0:49.4   14.3     83.6   12.9
 10   12   40.9    0:13.6                  0:30.1  0:48.6   14.7     38.3    6.6
 11    6   41.5    0:13.3                  0:29.9  0:47.9   15.3     22.6    6.0
 12    5   40.1    0:13.6                  0:31.5  0:50.1   14.2     44.0   10.6
-------------------------------------------------------------------------------------------------
(복승식 배당률)
  1- 2    19.7  2- 9    42.2  4- 5   266.8  5-15     0.0  8- 9     8.1 11-12   460.2
  1- 3   190.9  2-10   135.5  4- 6    77.0  5-16     0.0  8-10    31.2 11-13     0.0
  1- 4    25.1  2-11   553.2  4- 7    25.2  6- 7    38.1  8-11   119.0 11-14     0.0
  1- 5   180.2  2-12   217.6  4- 8    26.4  6- 8    30.3  8-12    43.4 11-15     0.0
  1- 6    46.9  2-13     0.0  4- 9    55.9  6- 9    81.6  8-13     0.0 11-16     0.0
  1- 7     8.9  2-14     0.0  4-10   166.6  6-10   261.7  8-14     0.0 12-13     0.0
  1- 8     7.0  2-15     0.0  4-11   663.2  6-11   727.3  8-15     0.0 12-14     0.0
  1- 9    12.2  2-16     0.0  4-12   248.8  6-12   313.9  8-16     0.0 12-15     0.0
  1-10    59.0  3- 4   534.3  4-13     0.0  6-13     0.0  9-10    68.8 12-16     0.0
  1-11   243.8  3- 5   960.2  4-14     0.0  6-14     0.0  9-11   266.3 13-14     0.0
  1-12    67.7  3- 6   722.8  4-15     0.0  6-15     0.0  9-12    80.2 13-15     0.0
  1-13     0.0  3- 7   260.5  4-16     0.0  6-16     0.0  9-13     0.0 13-16     0.0
  1-14     0.0  3- 8   121.1  5- 6   475.3  7- 8     7.2  9-14     0.0 14-15     0.0
  1-15     0.0  3- 9   322.3  5- 7   188.0  7- 9    14.0  9-15     0.0 14-16     0.0
  1-16     0.0  3-10   839.2  5- 8    85.6  7-10    53.2  9-16     0.0 15-16     0.0
  2- 3   378.7  3-11  1689.3  5- 9   210.9  7-11   278.2 10-11   459.9  0- 0     0.0
  2- 4    81.9  3-12   888.5  5-10   502.5  7-12    69.9 10-12   204.8  0- 0     0.0
  2- 5   356.2  3-13     0.0  5-11  1290.1  7-13     0.0 10-13     0.0  0- 0     0.0
  2- 6    91.2  3-14     0.0  5-12   591.5  7-14     0.0 10-14     0.0  0- 0     0.0
  2- 7    31.4  3-15     0.0  5-13     0.0  7-15     0.0 10-15     0.0  0- 0     0.0
  2- 8    21.6  3-16     0.0  5-14     0.0  7-16     0.0 10-16     0.0  0- 0     0.0
-------------------------------------------------------------------------------------------------
매출액 단식:     46,764,600    연식:     82,939,000      복식:  1,577,268,700
       복연:    196,564,800    쌍식:    401,862,600      삼복:  1,341,679,900
       삼쌍:    497,939,200    합계:  4,145,018,800
-------------------------------------------------------------------------------------------------
배당률 단: ⑧2.8        연: ⑧1.4 ⑦1.7 ②3.3          복: ⑧⑦7.2       4F:50.3
                                                                         3F:38.4
                        쌍: ⑧⑦13.3      
     복연: ⑧⑦3.3 ⑧②6.1 ⑦②9.5
     삼복: ⑧⑦②29.9 
     삼쌍: ⑧⑦②109.2 
-------------------------------------------------------------------------------------------------
펄 롱: 7.9 10.8 11.2   11.9   12.4   12.4   13.6   
통과M:  100  300  500    700    900    1100   1300
통과T:07.9 18.7 29.9 0:41.8 0:54.2 1:06.6 1:20.2 
-------------------------------------------------------------------------------------------------
통과순위 S-1F : (6,8),(5,7,9,10,12),(2,3,4,11)-1        
           C1 :                                         
           C2 :                                         
           C3 : (6,8),(9,12)-(7,10),11,2,3,5-(4,1)      
           C4 : (6,8)-(9,12),(7,11,10),2-3-(4,1),5      
         G-1F : 8=(2,7)-(6,9,11,10)-(4,12,3,1)=5        
-------------------------------------------------------------------------------------------------
구분 출전번호  대상명            처분종류     처분내용                     세부내용
-------------------------------------------------------------------------------------------------
특 
이 
사 
항
-------------------------------------------------------------------------------------------------


제목 : 22년10월02일(일)  제 7경주

(서울) 제72일 1600M 국4등급    별정B       경주명 : 일반                        
경주조건:      R1~50  연령오픈                   날씨:흐림 주로:양호  (6%)
순위상금: 33,000천원  13,200천원   8,400천원   3,000천원   2,400천원
부가상금:      0천원       0천원       0천원
-------------------------------------------------------------------------------------------------
순위 마번    마    명         산지   성별 연령 부담중량  기수명   조교사   마주명           레이팅
-------------------------------------------------------------------------------------------------
  1    9  청담탱크             한     암     5    53.0   먼로     토니     김병진              41
  2    1  블랙마스크           한     암     3    55.0   정정희   리카디   이강운              46
  3    7  슈퍼엑톤             한     거     5    54.0   이동하   강환민   김병진              37
  4    2  홀리데이참           한     수     4    57.0   장추열   유재길   투애니포            45
  5    3  매직조이             한     거     4    55.0   조재로   서인석   최상기              40
  6   10  금세다               한     거     4    56.0   김정준   박병일   배태곤              42
  7    6  피엔에스찬스         한     암     3    51.0   김태희   박윤규   피엔에스커튼월      40
  8    5  올드블레이드         한     암     5    51.0   오수철   최용건   김형란              41
  9    4  마칼루파워           한     수     5    55.0   조한별   서홍수   김세민              41
 10    8  티나                 한     암     4    53.0   이혁     이관호   곽홍석              40
-------------------------------------------------------------------------------------------------
순위 마번    마      명       마 체 중  기 록  도 착 차  S1F-1C-2C-3C-4C-G1F
-------------------------------------------------------------------------------------------------
  1    9  청담탱크             441( +1) 1:41.2            3-  - 3- 3- 2- 2
  2    1  블랙마스크           428( +1) 1:41.3  ½        1-  - 1- 1- 1- 1
  3    7  슈퍼엑톤             449( -6) 1:41.8  3         5-  - 5- 5- 5- 3
  4    2  홀리데이참           466( -3) 1:42.2  2½       7-  - 7- 7- 7- 4
  5    3  매직조이             530( +2) 1:42.3  ½        4-  - 4- 4- 4- 5
  6   10  금세다               479( -5) 1:42.6  1¾       9-  - 9-10- 9- 7
  7    6  피엔에스찬스         445(+10) 1:42.7  ½       10-  -10- 9- 8- 8
  8    5  올드블레이드         455( -5) 1:43.2  2½       2-  - 2- 2- 3- 6
  9    4  마칼루파워           467( -1) 1:43.3  ½        8-  - 8- 8-10-10
 10    8  티나                 472(-10) 1:43.5  1¼       6-  - 6- 6- 6- 9
-------------------------------------------------------------------------------------------------
순위 마번    G-3Ｆ   S-1F  １코너  ２코너  ３코너  ４코너    G-1F  단승식 연승식
-------------------------------------------------------------------------------------------------
  1    9   37.6    0:14.2          0:14.2  0:51.2  1:09.6   13.1     12.0    2.7
  2    1   37.8    0:14.0          0:14.0  0:51.1  1:09.6   13.2      3.9    2.0
  3    7   37.6    0:14.3          0:14.3  0:51.6  1:10.4   12.8     18.9    3.6
  4    2   37.7    0:14.5          0:14.5  0:51.9  1:10.7   13.0      4.0    1.5
  5    3   38.1    0:14.3          0:14.3  0:51.6  1:10.4   13.0     34.6    5.2
  6   10   37.9    0:14.5          0:14.5  0:52.2  1:10.9   13.0     12.8    3.7
  7    6   38.1    0:14.6          0:14.6  0:52.0  1:10.7   13.1      3.9    1.5
  8    5   39.5    0:14.0          0:14.0  0:51.2  1:10.0   13.7     27.3    5.5
  9    4   38.6    0:14.5          0:14.5  0:51.9  1:10.9   13.4     25.2    6.0
 10    8   39.2    0:14.3          0:14.3  0:51.6  1:10.5   13.8      6.2    2.1
-------------------------------------------------------------------------------------------------
(복승식 배당률)
  1- 2     7.0  2- 9    16.2  4- 5   294.9  5-15     0.0  8- 9    33.6 11-12     0.0
  1- 3    67.5  2-10    21.9  4- 6    63.6  5-16     0.0  8-10    54.4 11-13     0.0
  1- 4    77.4  2-11     0.0  4- 7   201.1  6- 7    25.8  8-11     0.0 11-14     0.0
  1- 5    76.8  2-12     0.0  4- 8   104.0  6- 8    11.5  8-12     0.0 11-15     0.0
  1- 6     7.9  2-13     0.0  4- 9   168.2  6- 9    16.4  8-13     0.0 11-16     0.0
  1- 7    47.2  2-14     0.0  4-10   217.8  6-10    26.9  8-14     0.0 12-13     0.0
  1- 8    21.5  2-15     0.0  4-11     0.0  6-11     0.0  8-15     0.0 12-14     0.0
  1- 9    26.9  2-16     0.0  4-12     0.0  6-12     0.0  8-16     0.0 12-15     0.0
  1-10    46.4  3- 4   330.1  4-13     0.0  6-13     0.0  9-10    53.8 12-16     0.0
  1-11     0.0  3- 5   297.5  4-14     0.0  6-14     0.0  9-11     0.0 13-14     0.0
  1-12     0.0  3- 6    60.9  4-15     0.0  6-15     0.0  9-12     0.0 13-15     0.0
  1-13     0.0  3- 7   277.3  4-16     0.0  6-16     0.0  9-13     0.0 13-16     0.0
  1-14     0.0  3- 8   152.7  5- 6    54.2  7- 8    52.7  9-14     0.0 14-15     0.0
  1-15     0.0  3- 9   162.4  5- 7   204.5  7- 9    60.2  9-15     0.0 14-16     0.0
  1-16     0.0  3-10   247.2  5- 8   132.1  7-10   106.7  9-16     0.0 15-16     0.0
  2- 3    46.5  3-11     0.0  5- 9   170.6  7-11     0.0 10-11     0.0  0- 0     0.0
  2- 4    43.5  3-12     0.0  5-10   227.1  7-12     0.0 10-12     0.0  0- 0     0.0
  2- 5    64.3  3-13     0.0  5-11     0.0  7-13     0.0 10-13     0.0  0- 0     0.0
  2- 6     5.3  3-14     0.0  5-12     0.0  7-14     0.0 10-14     0.0  0- 0     0.0
  2- 7    27.1  3-15     0.0  5-13     0.0  7-15     0.0 10-15     0.0  0- 0     0.0
  2- 8    13.1  3-16     0.0  5-14     0.0  7-16     0.0 10-16     0.0  0- 0     0.0
-------------------------------------------------------------------------------------------------
매출액 단식:     40,864,900    연식:     74,779,700      복식:  1,562,463,900
       복연:    199,875,600    쌍식:    460,432,700      삼복:  1,464,749,400
       삼쌍:    570,403,400    합계:  4,373,569,600
-------------------------------------------------------------------------------------------------
배당률 단: ⑨12.0       연: ⑨2.7 ①2.0 ⑦3.6          복: ⑨①26.9      4F:50.1
                                                                         3F:37.7
                        쌍: ⑨①71.5      
     복연: ⑨①8.3 ⑨⑦15.3 ①⑦14.3
     삼복: ⑨①⑦139.5 
     삼쌍: ⑨①⑦1093.2 
-------------------------------------------------------------------------------------------------
펄 롱:14.0 12.3 12.3   12.5   12.4   12.3   12.3   13.1   
통과M:  200  400  600    800    1000   1200   1400   1600       
통과T:14.0 26.3 38.6 0:51.1 1:03.5 1:15.8 1:28.1 1:41.2 
-------------------------------------------------------------------------------------------------
통과순위 S-1F : (1,5),(3,7,8,9),(2,4,6,10)              
           C1 :                                         
           C2 : (1,5),(3,7,8,9),(2,4,6,10)              
           C3 : (^1,5,9)-(3,7,8),(2,4,6),10             
           C4 : (1,9)-5-(3,7,8),(2,6),(10,4)            
         G-1F : (1,9)=7,(3,2),(5,10,6),8,4              
-------------------------------------------------------------------------------------------------
구분 출전번호  대상명            처분종류     처분내용                     세부내용
-------------------------------------------------------------------------------------------------
기수    9      먼로              견책                                      결승선 전방 약 200m 지점 채찍 놓침                
-------------------------------------------------------------------------------------------------


제목 : 22년10월02일(일)  제 8경주

(서울) 제72일 1200M 국OPEN    별정A       경주명 : 문화일보배(L)                        
경주조건:     R0~140  2세                        날씨:흐림 주로:양호  (6%)
순위상금:110,000천원  44,000천원  28,000천원  10,000천원   8,000천원
부가상금:  3,840천원   1,920천원     640천원
-------------------------------------------------------------------------------------------------
순위 마번    마    명         산지   성별 연령 부담중량  기수명   조교사   마주명           레이팅
-------------------------------------------------------------------------------------------------
  1   10  한강에이스           한(포) 수     2    55.0   박태종   곽영효   나기두              32
  2    1  쾌향                 한     수     2    55.0   박을운   박재우   씨유네트워크        30
  3    6  자이언트펀치         한     수     2    55.0   송재철   송문길   이종훈              41
  4    4  새내타운             한     수     2    55.0   안토니오 서홍수   문금철              31
  5    3  그린스파크           한     암     2    53.0   이혁     홍대유   김재영b             35
  6    2  금빛마               한     수     2    55.0   정정희   이관호   (주)디알엠씨티        
  7    7  럭키파워             한     수     2    55.0   장추열   박재우   럭키팜              31
  8    8  네모프린스           한     수     2    55.0   함완식   김동균   최지욱              31
  9   12  원평킬라             한(포) 수     2    55.0   유승완   서인석   김용재              29
 10    9  라누트               한     암     2    53.0   김용근   박윤규   임종근              30
 11   13  퓨리오사             한     암     2    53.0   임다빈   이신영   황경호              39
 12   11  히트파워             한     수     2    55.0   최범현   우창구   김조은              30
 13   14  파르키우스           한     수     2    55.0   이동하   안병기   말사모                
 14    5  드림스카이           한     암     2    53.0   이용호   임채덕   박덕희                
-------------------------------------------------------------------------------------------------
순위 마번    마      명       마 체 중  기 록  도 착 차  S1F-1C-2C-3C-4C-G1F
-------------------------------------------------------------------------------------------------
  1   10  한강에이스           473( +1) 1:13.6            2-  -  - 2- 2- 1
  2    1  쾌향                 476( -3) 1:13.9  1¾       8-  -  -11-12- 6
  3    6  자이언트펀치         505( -6) 1:13.9  머리     12-  -  -12-11- 4
  4    4  새내타운             482( +2) 1:14.3  2½      10-  -  -10-10- 7
  5    3  그린스파크           505(+11) 1:14.4  ¾        3-  -  - 3- 3- 3
  6    2  금빛마               469( +6) 1:14.8  2         9-  -  - 8- 6- 5
  7    7  럭키파워             463( +0) 1:14.9  ¾       13-  -  -13-13-12
  8    8  네모프린스           443( +7) 1:15.0  ¾       14-  -  -14-14-14
  9   12  원평킬라             437( -4) 1:15.4  2        11-  -  - 9- 8- 9
 10    9  라누트               474( -4) 1:15.5  ¾        1-  -  - 1- 1- 2
 11   13  퓨리오사             482( +2) 1:15.5  코        6-  -  - 7- 9-10
 12   11  히트파워             476( +0) 1:15.8  1¾       5-  -  - 5- 4- 8
 13   14  파르키우스           460( +8) 1:16.2  2         7-  -  - 6- 5-11
 14    5  드림스카이           462( +0) 1:16.6  2         4-  -  - 4- 7-13
-------------------------------------------------------------------------------------------------
순위 마번    G-3Ｆ   S-1F  １코너  ２코너  ３코너  ４코너    G-1F  단승식 연승식
-------------------------------------------------------------------------------------------------
  1   10   38.3    0:13.2                  0:23.8  0:41.1   14.0     12.6    2.6
  2    1   37.3    0:13.7                  0:24.9  0:42.6   13.0     27.9    5.1
  3    6   37.5    0:13.9                  0:24.9  0:42.3   13.2      2.1    1.3
  4    4   37.9    0:13.7                  0:24.7  0:42.3   13.2      4.0    1.8
  5    3   38.8    0:13.3                  0:24.1  0:41.7   13.7      8.0    2.2
  6    2   38.9    0:13.7                  0:24.5  0:42.0   13.9    110.8   14.1
  7    7   38.1    0:14.0                  0:25.1  0:42.9   13.4     21.7    4.0
  8    8   38.1    0:14.0                  0:25.2  0:43.0   13.4     70.5   10.9
  9   12   39.4    0:13.7                  0:24.5  0:42.2   14.1     33.9    6.4
 10    9   40.6    0:13.1                  0:23.6  0:40.8   15.3     14.3    3.4
 11   13   39.5    0:13.5                  0:24.2  0:42.2   14.2     15.3    3.6
 12   11   40.2    0:13.5                  0:24.1  0:41.7   14.7     37.3    8.9
 13   14   40.5    0:13.6                  0:24.1  0:41.8   14.8    130.2   15.9
 14    5   40.7    0:13.3                  0:24.1  0:42.1   15.1     97.4   14.0
-------------------------------------------------------------------------------------------------
(복승식 배당률)
  1- 2   516.7  2- 9   776.0  4- 5   239.7  5-15     0.0  8- 9   369.5 11-12   397.5
  1- 3    84.2  2-10   766.5  4- 6     4.1  5-16     0.0  8-10   408.0 11-13   281.2
  1- 4    55.0  2-11  1730.8  4- 7    55.5  6- 7    17.3  8-11  1134.5 11-14  1615.9
  1- 5   875.3  2-12  1099.6  4- 8   127.2  6- 8    53.7  8-12   695.0 11-15     0.0
  1- 6    22.5  2-13   781.4  4- 9    42.3  6- 9    14.9  8-13   490.0 11-16     0.0
  1- 7   208.5  2-14  2789.5  4-10    27.8  6-10     8.3  8-14  1896.0 12-13   173.0
  1- 8   442.1  2-15     0.0  4-11   133.0  6-11    44.8  8-15     0.0 12-14  1043.3
  1- 9   214.1  2-16     0.0  4-12    73.9  6-12    26.5  8-16     0.0 12-15     0.0
  1-10   225.5  3- 4    17.8  4-13    39.0  6-13    13.0  9-10    83.1 12-16     0.0
  1-11   571.8  3- 5   339.0  4-14   289.3  6-14   192.4  9-11   138.3 13-14   711.3
  1-12   366.9  3- 6     5.6  4-15     0.0  6-15     0.0  9-12   178.5 13-15     0.0
  1-13   217.2  3- 7   104.4  4-16     0.0  6-16     0.0  9-13   113.6 13-16     0.0
  1-14  1151.7  3- 8   257.6  5- 6    97.3  7- 8   553.8  9-14   722.4 14-15     0.0
  1-15     0.0  3- 9    53.5  5- 7   706.8  7- 9   188.7  9-15     0.0 14-16     0.0
  1-16     0.0  3-10    53.2  5- 8  2113.9  7-10   193.8  9-16     0.0 15-16     0.0
  2- 3   345.6  3-11   184.6  5- 9   587.9  7-11   476.1 10-11   233.8  0- 0     0.0
  2- 4   288.3  3-12   121.6  5-10   641.7  7-12   309.5 10-12   140.4  0- 0     0.0
  2- 5  1693.9  3-13    47.5  5-11  1186.6  7-13   226.2 10-13    77.4  0- 0     0.0
  2- 6   113.6  3-14   758.5  5-12   999.2  7-14  1429.5 10-14   618.8  0- 0     0.0
  2- 7   866.2  3-15     0.0  5-13   739.7  7-15     0.0 10-15     0.0  0- 0     0.0
  2- 8  1976.9  3-16     0.0  5-14  3899.8  7-16     0.0 10-16     0.0  0- 0     0.0
-------------------------------------------------------------------------------------------------
매출액 단식:     41,476,600    연식:     65,985,000      복식:  1,249,522,900
       복연:    167,559,200    쌍식:    391,231,800      삼복:  1,106,848,200
       삼쌍:    471,370,400    합계:  3,493,994,100
-------------------------------------------------------------------------------------------------
배당률 단: ⑩12.6       연: ⑩2.6 ①5.1 ⑥1.3          복: ⑩①225.5     4F:50.0
                                                                         3F:38.7
                        쌍: ⑩①504.0     
     복연: ⑩①37.0 ⑩⑥3.7 ①⑥8.3
     삼복: ⑩①⑥99.9 
     삼쌍: ⑩①⑥2234.4 
-------------------------------------------------------------------------------------------------
펄 롱:13.1 10.5 11.3   12.1   12.6   14.0   
통과M:  200  400  600    800    1000   1200
통과T:13.1 23.6 34.9 0:47.0 0:59.6 1:13.6 
-------------------------------------------------------------------------------------------------
통과순위 S-1F : (^9,10),(3,5),(11,13,14),(1,2,4,12),(6,7,8)
           C1 :                                         
           C2 :                                         
           C3 : 9,10,(3,5,11,13,14),(2,12),4,(1,6),(7,8)
           C4 : 9,10-(3,11,14),(2,5),(4,6,12,13),1,(7,8)
         G-1F : 10-9-(3,6),(2,1),(4,11),(14,12,13),(7,5,8)
-------------------------------------------------------------------------------------------------
구분 출전번호  대상명            처분종류     처분내용                     세부내용
-------------------------------------------------------------------------------------------------
말      2      금빛마            주의                                      결승선 직선주로 바깥으로 기댐                     
-------------------------------------------------------------------------------------------------


제목 : 22년10월02일(일)  제 9경주

(서울) 제72일 2000M 1등급    별정B       경주명 : 일반                        
경주조건:     R1~140  연령오픈                   날씨:비   주로:양호  (6%)
순위상금: 60,500천원  24,200천원  15,400천원   5,500천원   4,400천원
부가상금:      0천원       0천원       0천원
-------------------------------------------------------------------------------------------------
순위 마번    마    명         산지   성별 연령 부담중량  기수명   조교사   마주명           레이팅
-------------------------------------------------------------------------------------------------
  1    2  흥행질주             한     수     5    58.0   김용근   이준철   임한용             119
  2    5  더검푸               미     거     5    55.0   안토니오 토니     한명로             104
  3    1  남산의별             미     수     4    54.0   먼로     리카디   이기선              82
  4    7  바이킹스톰           미     수     4    54.0   신형철   최봉주   우순근              83
  5    6  슈퍼삭스             미     거     7    57.0   김태희   리카디   김창식             123
  6    9  장산레이저           한     수     4    54.0   장추열   최용건   김병진              91
  7    3  허쉬대보             한     수     6    54.0   이혁     전승규   박철근              84
  8    4  문학킹               미     거     5    54.0   박을운   박재우   에스지이건설        69
  9    8  브리가디어제너럴     호     수     6    54.0   조재로   서범석   청팅콩              99
-------------------------------------------------------------------------------------------------
순위 마번    마      명       마 체 중  기 록  도 착 차  S1F-1C-2C-3C-4C-G1F
-------------------------------------------------------------------------------------------------
  1    2  흥행질주             470( +2) 2:08.6            3- 4- 4- 5- 3- 2
  2    5  더검푸               467( +7) 2:08.6  ½        1- 1- 1- 1- 1- 1
  3    1  남산의별             473( +5) 2:09.6  5         2- 3- 2- 2- 2- 3
  4    7  바이킹스톰           509( -3) 2:10.0  2         7- 7- 8- 8- 8- 6
  5    6  슈퍼삭스             499( -4) 2:10.0  목        5- 5- 6- 6- 7- 5
  6    9  장산레이저           511( -3) 2:10.3  1¼       4- 2- 3- 3- 4- 4
  7    3  허쉬대보             503( +8) 2:11.0  4         8- 8- 7- 7- 6- 8
  8    4  문학킹               490( +1) 2:11.4  2         9- 9- 9- 9- 9- 7
  9    8  브리가디어제너럴     493(+15) 2:11.8  2½       6- 6- 5- 4- 5- 9
-------------------------------------------------------------------------------------------------
순위 마번    G-3Ｆ   S-1F  １코너  ２코너  ３코너  ４코너    G-1F  단승식 연승식
-------------------------------------------------------------------------------------------------
  1    2   38.4    0:14.0  0:26.1  0:39.3  1:17.7  1:36.5   13.6      4.8    1.9
  2    5   39.1    0:13.8  0:25.7  0:38.7  1:17.0  1:35.9   13.6      3.0    1.5
  3    1   39.7    0:14.0  0:26.0  0:39.0  1:17.3  1:36.4   14.1      6.1    1.8
  4    7   39.1    0:14.4  0:27.0  0:40.4  1:18.4  1:37.2   13.5     39.2    5.6
  5    6   39.3    0:14.1  0:26.4  0:39.8  1:18.0  1:37.1   13.5     10.0    2.2
  6    9   40.2    0:14.0  0:25.8  0:39.0  1:17.3  1:36.5   14.1      4.6    1.9
  7    3   40.3    0:14.7  0:27.0  0:40.3  1:18.1  1:37.1   14.0     10.2    2.2
  8    4   40.5    0:15.1  0:27.9  0:41.0  1:18.6  1:37.2   14.7     47.2    8.2
  9    8   41.5    0:14.3  0:26.5  0:39.8  1:17.3  1:36.9   14.5     12.5    3.4
-------------------------------------------------------------------------------------------------
(복승식 배당률)
  1- 2    11.4  2- 9    11.2  4- 5   111.6  5-15     0.0  8- 9    38.3 11-12     0.0
  1- 3    22.8  2-10     0.0  4- 6   328.9  5-16     0.0  8-10     0.0 11-13     0.0
  1- 4   214.5  2-11     0.0  4- 7   466.4  6- 7   143.2  8-11     0.0 11-14     0.0
  1- 5     7.7  2-12     0.0  4- 8   413.4  6- 8    90.8  8-12     0.0 11-15     0.0
  1- 6    36.4  2-13     0.0  4- 9   100.0  6- 9    23.0  8-13     0.0 11-16     0.0
  1- 7    93.2  2-14     0.0  4-10     0.0  6-10     0.0  8-14     0.0 12-13     0.0
  1- 8    58.9  2-15     0.0  4-11     0.0  6-11     0.0  8-15     0.0 12-14     0.0
  1- 9    10.6  2-16     0.0  4-12     0.0  6-12     0.0  8-16     0.0 12-15     0.0
  1-10     0.0  3- 4   251.4  4-13     0.0  6-13     0.0  9-10     0.0 12-16     0.0
  1-11     0.0  3- 5    12.0  4-14     0.0  6-14     0.0  9-11     0.0 13-14     0.0
  1-12     0.0  3- 6    45.2  4-15     0.0  6-15     0.0  9-12     0.0 13-15     0.0
  1-13     0.0  3- 7   117.2  4-16     0.0  6-16     0.0  9-13     0.0 13-16     0.0
  1-14     0.0  3- 8    60.6  5- 6    12.2  7- 8   209.0  9-14     0.0 14-15     0.0
  1-15     0.0  3- 9    21.9  5- 7    43.5  7- 9    52.7  9-15     0.0 14-16     0.0
  1-16     0.0  3-10     0.0  5- 8    27.4  7-10     0.0  9-16     0.0 15-16     0.0
  2- 3    20.5  3-11     0.0  5- 9     7.0  7-11     0.0 10-11     0.0  0- 0     0.0
  2- 4   146.1  3-12     0.0  5-10     0.0  7-12     0.0 10-12     0.0  0- 0     0.0
  2- 5     7.1  3-13     0.0  5-11     0.0  7-13     0.0 10-13     0.0  0- 0     0.0
  2- 6    25.4  3-14     0.0  5-12     0.0  7-14     0.0 10-14     0.0  0- 0     0.0
  2- 7    89.5  3-15     0.0  5-13     0.0  7-15     0.0 10-15     0.0  0- 0     0.0
  2- 8    57.0  3-16     0.0  5-14     0.0  7-16     0.0 10-16     0.0  0- 0     0.0
-------------------------------------------------------------------------------------------------
매출액 단식:     46,852,500    연식:     68,377,100      복식:  1,556,038,600
       복연:    164,454,900    쌍식:    459,914,900      삼복:  1,389,366,100
       삼쌍:    564,150,900    합계:  4,249,155,000
-------------------------------------------------------------------------------------------------
배당률 단: ②4.8        연: ②1.9 ⑤1.5 ①1.8          복: ②⑤7.1       4F:51.6
                                                                         3F:39.1
                        쌍: ②⑤14.6      
     복연: ②⑤3.8 ②①4.5 ⑤①3.3
     삼복: ②⑤①10.6 
     삼쌍: ②⑤①58.8 
-------------------------------------------------------------------------------------------------
펄 롱:13.8 11.9 13.0   13.3   12.8   12.2   12.5   12.8   12.7   13.6   
통과M:  200  400  600    800    1000   1200   1400   1600   1800   2000
통과T:13.8 25.7 38.7 0:52.0 1:04.8 1:17.0 1:29.5 1:42.3 1:55.0 2:08.6 
-------------------------------------------------------------------------------------------------
통과순위 S-1F : 5,(1,2,6,9),(7,8),3-4                   
           C1 : (^5,9),(1,2),(6,8)-(7,3)=4              
           C2 : 5,(1,9),2-(8,6)-(7,3)-4                 
           C3 : 5,(1,9,8)-2,(3,6),7,4                   
           C4 : 5-(1,2,9)-8,(3,6,7,4)                   
         G-1F : (5,2)-1-9,(6,7),4,3,8                   
-------------------------------------------------------------------------------------------------
구분 출전번호  대상명            처분종류     처분내용                     세부내용
-------------------------------------------------------------------------------------------------
특 
이 
사 
항
-------------------------------------------------------------------------------------------------


제목 : 22년10월02일(일)  제10경주

(서울) 제72일 1400M 국5등급    핸디캡      경주명 : 일반                        
경주조건:      R1~35  연령오픈                   날씨:비   주로:양호  (6%)
순위상금: 22,000천원   8,800천원   5,600천원   2,000천원   1,600천원
부가상금:      0천원       0천원       0천원
-------------------------------------------------------------------------------------------------
순위 마번    마    명         산지   성별 연령 부담중량  기수명   조교사   마주명           레이팅
-------------------------------------------------------------------------------------------------
  1    6  글로벌스톰           한     거     4    55.0   방춘식   최상식   장재형              31
  2    1  스마트파워           한     수     4    51.0   오수철   송문길   김은갑              23
  3    5  피어나다             한     암     5    55.0   함완식   손영표   김창희              35
  4    8  남산호랑이           한     거     3    54.5   먼로     리카디   이기선              30
  5    3  은혜레코드           한     수     3    55.0   김용근   최용구   강태구              31
  6   10  라온더와일드         한     수     3    51.5   김태희   박종곤   손광섭              28
  7    4  타라타라타라         미     수     4    57.0   안토니오 안병기   청수                35
  8   11  캠프세이버           한     암     3    52.0   유승완   최용건   김창호              27
  9    9  브이퀸               한     암     4    52.0   조재로   박윤규   박평양              29
 10   12  마에스트로           한     수     4    51.5   이상규   박희철   우동희              32
 11    2  마하걸               일     암     5    54.5   이현종   최봉주   미즈타니 마사테루   34
 12    7  페더럴아이           한     수     4    55.5   김태훈   심승태   금악목장            32
-------------------------------------------------------------------------------------------------
순위 마번    마      명       마 체 중  기 록  도 착 차  S1F-1C-2C-3C-4C-G1F
-------------------------------------------------------------------------------------------------
  1    6  글로벌스톰           477( -4) 1:27.9            5-  -  - 7- 8- 8
  2    1  스마트파워           459( +6) 1:27.9  코+코     3-  -  - 5- 5- 2
  3    5  피어나다             466( -1) 1:27.9  착변      1-  -  - 1- 1- 1
  4    8  남산호랑이           461(-22) 1:28.2  1½      11-  -  -11- 9- 9
  5    3  은혜레코드           518( -6) 1:28.4  1         4-  -  - 6- 6- 5
  6   10  라온더와일드         419( +6) 1:28.6  1         2-  -  - 2- 2- 3
  7    4  타라타라타라         476(-20) 1:28.6  목        9-  -  - 8- 7- 7
  8   11  캠프세이버           436( -5) 1:28.8  1¼       7-  -  - 4- 3- 4
  9    9  브이퀸               488( -6) 1:28.8  머리      6-  -  - 3- 4- 6
 10   12  마에스트로           466( -4) 1:29.2  2        10-  -  - 9-11-11
 11    2  마하걸               474( -2) 1:29.4  1¼       8-  -  -10-10-10
 12    7  페더럴아이           494( -2) 1:31.3  11       12-  -  -12-12-12
-------------------------------------------------------------------------------------------------
순위 마번    G-3Ｆ   S-1F  １코너  ２코너  ３코너  ４코너    G-1F  단승식 연승식
-------------------------------------------------------------------------------------------------
  1    6   38.6    0:13.8                  0:36.9  0:55.8   13.2     15.6    3.7
  2    1   39.1    0:13.8                  0:36.8  0:55.1   13.7      7.8    3.1
  3    5   40.0    0:13.5                  0:35.9  0:54.4   14.0      3.3    1.3
  4    8   38.4    0:14.3                  0:37.7  0:56.2   13.1      6.4    2.4
  5    3   39.6    0:13.8                  0:36.8  0:55.1   14.0      3.4    1.5
  6   10   40.4    0:13.5                  0:35.9  0:54.7   14.2     14.6    3.8
  7    4   39.4    0:14.2                  0:37.2  0:55.4   13.9     49.2    6.8
  8   11   40.3    0:13.8                  0:36.4  0:54.9   14.4     13.4    2.7
  9    9   40.1    0:13.8                  0:36.4  0:55.1   14.1     36.8   10.1
 10   12   38.9    0:14.2                  0:37.6  0:56.8   13.6     15.8    5.2
 11    2   39.5    0:13.9                  0:37.7  0:56.3   13.8     96.6   18.4
 12    7   40.1    0:14.6                  0:38.6  0:57.7   14.2     25.3    4.5
-------------------------------------------------------------------------------------------------
(복승식 배당률)
  1- 2   412.5  2- 9  1103.8  4- 5    61.0  5-15     0.0  8- 9   268.5 11-12   108.5
  1- 3    15.4  2-10   809.8  4- 6   305.9  5-16     0.0  8-10    70.9 11-13     0.0
  1- 4   171.2  2-11   718.1  4- 7   433.5  6- 7   145.5  8-11    40.6 11-14     0.0
  1- 5     9.0  2-12  1083.5  4- 8   128.9  6- 8    62.5  8-12    65.6 11-15     0.0
  1- 6    63.4  2-13     0.0  4- 9   717.9  6- 9   535.2  8-13     0.0 11-16     0.0
  1- 7    84.7  2-14     0.0  4-10   424.8  6-10   159.4  8-14     0.0 12-13     0.0
  1- 8    32.0  2-15     0.0  4-11   304.9  6-11    83.3  8-15     0.0 12-14     0.0
  1- 9   256.1  2-16     0.0  4-12   520.9  6-12   188.4  8-16     0.0 12-15     0.0
  1-10    98.4  3- 4    67.9  4-13     0.0  6-13     0.0  9-10   500.1 12-16     0.0
  1-11    50.9  3- 5     3.9  4-14     0.0  6-14     0.0  9-11   368.4 13-14     0.0
  1-12    90.7  3- 6    28.1  4-15     0.0  6-15     0.0  9-12   613.7 13-15     0.0
  1-13     0.0  3- 7    49.0  4-16     0.0  6-16     0.0  9-13     0.0 13-16     0.0
  1-14     0.0  3- 8    11.2  5- 6    18.8  7- 8    67.5  9-14     0.0 14-15     0.0
  1-15     0.0  3- 9   189.8  5- 7    28.4  7- 9   482.7  9-15     0.0 14-16     0.0
  1-16     0.0  3-10    50.8  5- 8     8.7  7-10   231.6  9-16     0.0 15-16     0.0
  2- 3   251.2  3-11    20.2  5- 9   117.6  7-11   141.3 10-11    90.5  0- 0     0.0
  2- 4   796.6  3-12    53.8  5-10    30.6  7-12   197.5 10-12   198.2  0- 0     0.0
  2- 5   203.7  3-13     0.0  5-11    13.7  7-13     0.0 10-13     0.0  0- 0     0.0
  2- 6   803.0  3-14     0.0  5-12    34.1  7-14     0.0 10-14     0.0  0- 0     0.0
  2- 7   957.5  3-15     0.0  5-13     0.0  7-15     0.0 10-15     0.0  0- 0     0.0
  2- 8   612.4  3-16     0.0  5-14     0.0  7-16     0.0 10-16     0.0  0- 0     0.0
-------------------------------------------------------------------------------------------------
매출액 단식:     39,905,800    연식:     63,649,400      복식:  1,653,016,900
       복연:    203,059,000    쌍식:    474,274,000      삼복:  1,528,130,800
       삼쌍:    551,572,700    합계:  4,513,608,600
-------------------------------------------------------------------------------------------------
배당률 단: ⑥15.6       연: ⑥3.7 ①3.1 ⑤1.3          복: ⑥①63.4      4F:52.0
                                                                         3F:40.0
                        쌍: ⑥①154.7     
     복연: ⑥①17.1 ⑥⑤6.1 ①⑤3.9
     삼복: ⑥①⑤42.0 
     삼쌍: ⑥①⑤512.6 
-------------------------------------------------------------------------------------------------
펄 롱:13.5 11.0 11.4   12.0   13.0   13.0   14.0   
통과M:  200  400  600    800    1000   1200   1400
통과T:13.5 24.5 35.9 0:47.9 1:00.9 1:13.9 1:27.9 
-------------------------------------------------------------------------------------------------
통과순위 S-1F : (5,10),(1,2,3,6,9,11),(4,8,12),7        
           C1 :                                         
           C2 :                                         
           C3 : (5,10)-(9,11)-(1,3,6),4-(2,8,12)=7      
           C4 : 5,10,11,(9,1,3),4-6-(2,8)-12=7          
         G-1F : 5,1,(10,11,3),(9,4,6)-8-(2,12)=7        
-------------------------------------------------------------------------------------------------
구분 출전번호  대상명            처분종류     처분내용                     세부내용
-------------------------------------------------------------------------------------------------
기수   12      이상규            기승정지     2일(2022.10.08~2022.10.09)   3코너 지점 안으로 진로변경 8번, 2번 주행방해      
기수    5      함완식            견책                                      결승선 전방 약 100m ~ 50m 지점까지 바깥으로 진로변경 1번 주행방해
말      5      피어나다          순위변경                                  결승선 전방 약 100m ~ 50m 지점까지 바깥으로 진로변경 1번 주행방해(2위→3위)
말      6      글로벌스톰        출발심사                                  진입불량                                          
말      7      페더럴아이        출발심사                                  출발자세불량                                      
-------------------------------------------------------------------------------------------------


제목 : 22년10월02일(일)  제11경주

(서울) 제72일 1400M 혼4등급    핸디캡      경주명 : 일반                        
경주조건:      R1~50  연령오픈                   날씨:비   주로:다습  (10%)
순위상금: 33,000천원  13,200천원   8,400천원   3,000천원   2,400천원
부가상금:      0천원       0천원       0천원
-------------------------------------------------------------------------------------------------
순위 마번    마    명         산지   성별 연령 부담중량  기수명   조교사   마주명           레이팅
-------------------------------------------------------------------------------------------------
  1    6  장산몬스터           미     거     5    55.5   박을운   토니     김병진              45
  2    7  야무진재수           미     거     3    52.0   조한별   안병기   우태율              36
  3    4  더퀸저스티스         한     암     4    52.0   조재로   안해양   (주)인펨            37
  4    8  탭다운               미     수     3    51.5   박태종   서인석   최상일              37
  5    3  천사박               미     암     5    52.0   이동하   배대선   (주)디알엠씨티      42
  6    9  원더풀타이쿤         한     수     4    54.0   먼로     서홍수   (주)녹원목장        42
  7    2  로열함성             뉴     거     5    52.0   임다빈   이관호   황의영              37
  8   12  엘리트라인           미     수     5    52.5   이상규   이희영   태희종합건설        47
  9    1  밀키셰리             한     암     5    51.0   김아현   김동철   이수길              43
 10    5  제이에스군황         미     수     4    52.0   이현종   김동균   박민지              36
 11   10  블랙루키             한     암     4    51.0   김용근   강성오   이용대              36
 12   11  피엔에스갬블         한     수     3    52.5   이혁     조현수   피엔에스커튼월      39
-------------------------------------------------------------------------------------------------
순위 마번    마      명       마 체 중  기 록  도 착 차  S1F-1C-2C-3C-4C-G1F
-------------------------------------------------------------------------------------------------
  1    6  장산몬스터           546( -5) 1:25.5            1-  -  - 1- 1- 1
  2    7  야무진재수           501( +3) 1:27.4  11        9-  -  -11-11- 8
  3    4  더퀸저스티스         473( +6) 1:27.7  1¼       7-  -  - 7- 5- 4
  4    8  탭다운               488( -4) 1:27.8  ½       10-  -  - 6- 7- 6
  5    3  천사박               442( -5) 1:27.9  1         4-  -  - 3- 3- 2
  6    9  원더풀타이쿤         422(-10) 1:28.0  ¾        6-  -  - 5- 4- 3
  7    2  로열함성             470(-16) 1:28.3  1¼      12-  -  -12- 9-10
  8   12  엘리트라인           513( +5) 1:28.3  ½        3-  -  - 4- 6- 5
  9    1  밀키셰리             451( +5) 1:28.7  1¾      11-  -  - 9- 8- 9
 10    5  제이에스군황         476(-10) 1:28.9  1½       8-  -  -10-10-11
 11   10  블랙루키             467( +2) 1:28.9  코        5-  -  - 8-12-12
 12   11  피엔에스갬블         491( +4) 1:30.1  7         2-  -  - 2- 2- 7
-------------------------------------------------------------------------------------------------
순위 마번    G-3Ｆ   S-1F  １코너  ２코너  ３코너  ４코너    G-1F  단승식 연승식
-------------------------------------------------------------------------------------------------
  1    6   37.3    0:13.5                  0:36.5  0:54.3   13.0      5.6    1.8
  2    7   37.4    0:14.3                  0:37.8  0:56.4   12.5     22.2    5.9
  3    4   38.2    0:14.3                  0:37.4  0:55.7   13.3      7.2    2.5
  4    8   38.2    0:14.3                  0:37.3  0:55.9   13.1      6.8    2.3
  5    3   39.0    0:14.0                  0:37.0  0:55.2   13.6      3.8    1.6
  6    9   38.8    0:14.1                  0:37.3  0:55.4   13.6     20.2    7.4
  7    2   38.3    0:14.6                  0:37.9  0:56.3   13.1     21.5    4.9
  8   12   39.0    0:13.9                  0:37.0  0:55.7   13.6     14.6    4.2
  9    1   39.0    0:14.5                  0:37.6  0:56.0   13.6     35.2    7.3
 10    5   39.1    0:14.3                  0:37.6  0:56.3   13.6     64.1    9.6
 11   10   38.8    0:14.0                  0:37.5  0:56.8   12.9     27.8    6.8
 12   11   41.6    0:13.5                  0:36.6  0:54.7   15.3      4.3    1.7
-------------------------------------------------------------------------------------------------
(복승식 배당률)
  1- 2   225.6  2- 9   254.8  4- 5   114.8  5-15     0.0  8- 9   114.9 11-12    45.8
  1- 3    67.5  2-10   275.7  4- 6    15.0  5-16     0.0  8-10    87.4 11-13     0.0
  1- 4   164.8  2-11    50.6  4- 7    71.4  6- 7    52.9  8-11    14.4 11-14     0.0
  1- 5   734.6  2-12   193.2  4- 8    25.3  6- 8    11.7  8-12    74.8 11-15     0.0
  1- 6    99.6  2-13     0.0  4- 9   102.6  6- 9    75.8  8-13     0.0 11-16     0.0
  1- 7   373.8  2-14     0.0  4-10    83.3  6-10    62.1  8-14     0.0 12-13     0.0
  1- 8   137.8  2-15     0.0  4-11    24.4  6-11    11.1  8-15     0.0 12-14     0.0
  1- 9   582.7  2-16     0.0  4-12    88.0  6-12    50.4  8-16     0.0 12-15     0.0
  1-10   499.1  3- 4    12.4  4-13     0.0  6-13     0.0  9-10   269.8 12-16     0.0
  1-11    92.8  3- 5   129.7  4-14     0.0  6-14     0.0  9-11    76.3 13-14     0.0
  1-12   313.5  3- 6     6.9  4-15     0.0  6-15     0.0  9-12   380.3 13-15     0.0
  1-13     0.0  3- 7    55.0  4-16     0.0  6-16     0.0  9-13     0.0 13-16     0.0
  1-14     0.0  3- 8    11.4  5- 6   170.8  7- 8    72.6  9-14     0.0 14-15     0.0
  1-15     0.0  3- 9    76.0  5- 7   501.9  7- 9   247.0  9-15     0.0 14-16     0.0
  1-16     0.0  3-10    57.3  5- 8   297.9  7-10   256.2  9-16     0.0 15-16     0.0
  2- 3    31.8  3-11     8.5  5- 9   522.2  7-11    65.6 10-11    63.1  0- 0     0.0
  2- 4    75.7  3-12    47.9  5-10   554.0  7-12   266.7 10-12   228.8  0- 0     0.0
  2- 5   531.9  3-13     0.0  5-11   207.6  7-13     0.0 10-13     0.0  0- 0     0.0
  2- 6    40.6  3-14     0.0  5-12   630.4  7-14     0.0 10-14     0.0  0- 0     0.0
  2- 7   207.8  3-15     0.0  5-13     0.0  7-15     0.0 10-15     0.0  0- 0     0.0
  2- 8    69.9  3-16     0.0  5-14     0.0  7-16     0.0 10-16     0.0  0- 0     0.0
-------------------------------------------------------------------------------------------------
매출액 단식:     40,620,900    연식:     66,256,800      복식:  1,703,975,100
       복연:    179,950,000    쌍식:    445,061,700      삼복:  1,425,628,400
       삼쌍:    484,006,700    합계:  4,345,499,600
-------------------------------------------------------------------------------------------------
배당률 단: ⑥5.6        연: ⑥1.8 ⑦5.9 ④2.5          복: ⑥⑦52.9      4F:49.0
                                                                         3F:37.3
                        쌍: ⑥⑦114.3     
     복연: ⑥⑦13.0 ⑥④4.9 ⑦④16.8
     삼복: ⑥⑦④97.2 
     삼쌍: ⑥⑦④723.0 
-------------------------------------------------------------------------------------------------
펄 롱:13.5 11.1 11.9   11.7   12.1   12.2   13.0   
통과M:  200  400  600    800    1000   1200   1400
통과T:13.5 24.6 36.5 0:48.2 1:00.3 1:12.5 1:25.5 
-------------------------------------------------------------------------------------------------
통과순위 S-1F : (6,11)-(3,10,12),9,(4,5,7,8),(1,2)      
           C1 :                                         
           C2 :                                         
           C3 : (^6,11)-(3,12),(4,9,8),(1,5,10),(2,7)   
           C4 : 6-11-3,9,(4,12),(1,8),(2,5,7)-10        
         G-1F : 6≡(9,4,3),(11,12,8),7,(2,1),5-10        
-------------------------------------------------------------------------------------------------
구분 출전번호  대상명            처분종류     처분내용                     세부내용
-------------------------------------------------------------------------------------------------
특 
이 
사 
항
-------------------------------------------------------------------------------------------------
