

제목 : 22.03.19(토) 조교현황

  ※기승자범례(조:조교사, 관:주로조교, 기:기수, 후:기수후보생)
  ※비고(금:금주출전예정마, 차:차주출전예정마, 특:특대상경주출전예정마)
  ※금주, 차주 또는 특별 대상경주 출전예상마는 출전신청 결과 및
  조교사의 의사에 따라 변동될 수 있는 미확정된 자료이오니 참고하시기 바랍니다.
━━━━━━━━━━━━━━━━━━━━━━━━━━━━━━━━━━━━━━━
  순 소속조 - 조번 마명              기승자 입장시각  퇴장시각  조교시간 비고
━━━━━━━━━━━━━━━━━━━━━━━━━━━━━━━━━━━━━━━
  1  1조(박종곤)23 라온더타이거        기   06:58     07:11       0:13   차
  2  1조(박종곤)32 라온스페셜          관   07:00     07:17       0:17   차
  3  1조(박종곤) 2 라온퍼스트          관   07:06     07:21       0:15   특
  4  1조(박종곤)35 라온핑크            관   07:55     08:09       0:14   특
  5  1조(박종곤)11 문학드림            관   06:54     07:11       0:17   차
  6  1조(박종곤)31 황우강자            관   08:05     08:17       0:12   차
  7  2조(손영표)12 로스트워            기   07:10     07:24       0:14   차
  8  2조(손영표) 8 옥동공주            관   06:25     06:40       0:15   차
  9  2조(손영표) 6 킹덤스톰            기   07:16     07:32       0:16   차
 10  2조(손영표)27 트레비트            관   07:16     07:35       0:19   차
 11  2조(손영표)26 퍼펙트타임          기   08:20     08:32       0:12   차
 12  2조(손영표)10 하이로드            관   08:10     08:19       0:09   차
 13  3조(최영주) 1 골드윙              관   06:57     07:06       0:09   차
 14  3조(최영주)25 뉴청파              관   06:17     06:29       0:12   차
 15  3조(최영주)21 디스코보이          관   07:31     07:48       0:17   차
 16  3조(최영주) 9 매직신화            관   06:11     06:30       0:19   차
 17  3조(최영주) 7 미사일캔디          관   06:30     06:39       0:09   차
 18  3조(최영주) 8 함평여왕            기   06:57     07:14       0:17   차
 19  4조(박윤규)18 걸작우먼            관   06:41     06:53       0:12   차
 20  4조(박윤규)21 굿승리              관   08:37     08:56       0:19   차
 21  4조(박윤규)25 굿필승              관   07:55     08:08       0:13   차
 22  4조(박윤규)22 뉴킹맨              관   06:12     06:30       0:18   차
 23  4조(박윤규) 1 멋진기록            관   06:24     06:35       0:11   차
 24  4조(박윤규)17 바로퀸              기   07:50     07:59       0:09   차
 25  4조(박윤규)13 방주                관   08:32     08:47       0:15   차
 26  4조(박윤규)28 브이퀸              관   08:22     08:33       0:11   차
 27  4조(박윤규) 4 에이스파워풀        기   07:53     08:06       0:13   차
 28  4조(박윤규)27 킹아너              관   07:38     07:50       0:12   차
 29  4조(박윤규) 3 티파니블루          기   08:18     08:40       0:22   차
 30  4조(박윤규) 8 퍼플월드            관   06:53     07:02       0:09   금
 31  4조(박윤규)29 해피먼스            기   06:11     06:24       0:13   차
 32  4조(박윤규)37 행복왕자            기   07:16     07:36       0:20   차
 33  5조(우창구)26 눈부신한센          관   07:29     07:42       0:13   차
 34  5조(우창구) 9 러블리케이          관   06:53     07:11       0:18   특
 35  5조(우창구)16 몬스터케이          관   08:32     08:49       0:17   차
 36  5조(우창구)11 사이먼퀸            관   08:21     08:30       0:09   특
 37  5조(우창구) 6 선더매직            관   08:00     08:13       0:13   차
 38  5조(우창구)15 역전의우승          관   08:42     08:53       0:11   차
 39  5조(우창구)20 원더케이            관   06:20     06:36       0:16   차
 40  5조(우창구) 5 위너골드            관   06:53     07:11       0:18   차
 41  5조(우창구)25 위너블루            관   07:57     08:11       0:14   특
 42  5조(우창구)14 초원의힘            관   07:29     07:43       0:14   차
 43  5조(우창구)39 화씨벽              관   06:19     06:32       0:13   차
 44  6조(홍대유) 6 그레이스퀸          관   08:26     08:44       0:18   차
 45  6조(홍대유)34 그린와트            관   09:10     09:16       0:06   차
 46  6조(홍대유)28 그린폭주            관   08:55     09:08       0:13   차
 47  6조(홍대유)18 루비콘              기   07:39     07:51       0:12   특
 48  6조(홍대유)35 배다리캔디          관   07:06     07:18       0:12   차
 49  6조(홍대유)20 새로운빛깔          관   09:02     09:17       0:15   차
 50  6조(홍대유)24 에이스플랜          관   07:40     07:53       0:13   차
 51  6조(홍대유)37 연희사랑            기   07:25     07:39       0:14   차
 52  6조(홍대유) 7 이겨주마            관   06:55     07:11       0:16   차
 53  6조(홍대유)17 정문사이            관   06:18     06:34       0:16   차
 54  6조(홍대유)25 정문서미트          관   06:51     07:11       0:20   차
 55  6조(홍대유)16 정문스피드          관   08:20     08:28       0:08   차
 56  6조(홍대유)32 정문에이스          관   08:01     08:17       0:16   차
 57  6조(홍대유) 1 정문최강            관   07:36     07:47       0:11   차
 58  6조(홍대유)11 정문폭주            관   08:26     08:44       0:18   차
 59  6조(홍대유)21 킹마운틴            기   07:16     07:29       0:13   차
 60  6조(홍대유) 5 희망의불꽃          기   06:31     06:45       0:14   차
 61  7조(구자흥) 5 고마나루            관   07:56     08:17       0:21   차
 62  7조(구자흥)26 그린다르크          관   06:43     06:52       0:09   특
 63  7조(구자흥)25 매직모카신          관   08:38     08:55       0:17   차
 64  7조(구자흥)15 사려니퀸            관   07:25     07:40       0:15   특
 65  7조(구자흥) 7 슈발도리앙          관   07:56     08:17       0:21   차
 66  7조(구자흥)14 스프링워터          관   08:02     08:14       0:12   차
 67  7조(구자흥)19 안양옥센            기   07:01     07:13       0:12   차
 68  7조(구자흥) 6 원더풀룰즈          관   07:13     07:36       0:23   차
 69  7조(구자흥)20 철각파워            관   06:42     06:51       0:09   차
 70  7조(구자흥)23 피엔에스린          관   08:31     08:38       0:07   차
 71  8조(최용구)25 돌아온뽀빠이        관   06:43     07:00       0:17   차
 72  8조(최용구) 2 송암레전드          관   06:40     06:56       0:16   차
 73  8조(최용구) 9 아치신              관   06:55     07:09       0:14   차
 74  8조(최용구)33 유니콘브라보        기   06:22     06:31       0:09   차
 75  8조(최용구)30 은혜가문            관   06:32     06:44       0:12   차
 76  8조(최용구) 5 회두령              관   06:16     06:33       0:17   차
 77  9조(강성오)29 골든배지            관   07:36     07:44       0:08   차
 78  9조(강성오) 8 글로벌삭스          관   07:10     07:23       0:13   차
 79  9조(강성오)24 나의나라            관   06:56     07:08       0:12   차
 80  9조(강성오)25 대지의여걸          관   06:53     07:01       0:08   차
 81  9조(강성오) 7 마이공주            관   06:18     06:33       0:15   차
 82  9조(강성오) 4 블랙루키            관   08:12     08:21       0:09   차
 83  9조(강성오)12 정조의꿈            관   07:55     08:08       0:13   차
 84  9조(강성오)21 중추부사            관   07:38     07:50       0:12   차
 85  9조(강성오) 9 최강돌풍            관   06:18     06:33       0:15   차
 86  9조(강성오)36 킹심바              관   06:18     06:33       0:15   차
 87 10조(정호익) 6 글로벌조이          관   07:17     07:31       0:14   차
 88 10조(정호익)14 글로벌캡틴          관   06:11     06:24       0:13   금
 89 10조(정호익)25 두손멍군            관   06:49     07:06       0:17   차
 90 10조(정호익)22 땡큐대천            관   07:48     07:58       0:10   차
 91 10조(정호익) 9 레전드데이          관   06:42     06:56       0:14   금
 92 10조(정호익)20 마이멤버            관   06:53     07:05       0:12   차
 93 10조(정호익)21 문학앙코르          기   06:17     06:26       0:09   금
 94 10조(정호익)39 문학엠파이어        관   07:39     07:53       0:14   차
 95 10조(정호익) 2 문학조이            관   07:17     07:30       0:13   차
 96 10조(정호익)40 알찬누리            기   06:39     06:50       0:11   차
 97 10조(정호익)19 원평가속            관   07:29     07:44       0:15   차
 98 10조(정호익)12 원평광야            기   06:10     06:16       0:06   금
 99 10조(정호익)15 작두콩              기   06:26     06:38       0:12   차
100 10조(정호익)16 터프가이            관   06:10     06:22       0:12   차
101 10조(정호익) 7 터프여제            관   07:42     07:55       0:13   차
102 10조(정호익)30 화수분              기   06:17     06:27       0:10   차
103 10조(정호익) 4 화이트코멧          관   06:48     07:00       0:12   차
104 11조(조현수)17 브라이트해피        관   07:09     07:19       0:10   차
105 11조(조현수) 2 퀸오브베스트        관   06:59     07:09       0:10   차
106 11조(조현수)21 피엔에스갬블        관   06:30     06:41       0:11   차
107 12조(서범석)10 네버네버스톱        기   06:40     06:54       0:14   차
108 12조(서범석)35 디터미네이션        기   07:05     07:13       0:08   특
109 12조(서범석)20 런런런              관   06:40     06:54       0:14   차
110 12조(서범석) 9 원더풀하와이        관   06:50     07:01       0:11   차
111 13조(이희영)13 고업                관   07:22     07:32       0:10   차
112 13조(이희영)27 논스톱알리          기   06:46     06:57       0:11   차
113 13조(이희영)22 모던베스트          기   06:23     06:31       0:08   차
114 13조(이희영)19 베스트야            기   06:33     06:46       0:13   차
115 13조(이희영) 7 삼바존              관   07:18     07:42       0:24   차
116 13조(이희영)35 엘리트라인          기   07:00     07:12       0:12   차
117 14조(이신영)40 거센강자            관   08:08     08:20       0:12   차
118 14조(이신영) 2 금아홀섬            기   07:13     07:25       0:12   차
119 14조(이신영)12 사려니로키          기   06:12     06:30       0:18   차
120 14조(이신영)22 사려니퍼스트        기   07:45     08:01       0:16   차
121 14조(이신영)15 스위트주스바        기   07:28     07:40       0:12   차
122 14조(이신영)17 인디팝              기   07:28     07:40       0:12   차
123 14조(이신영)27 트위티파이          기   07:58     08:11       0:13   차
124 14조(이신영)33 파크삭스            기   07:00     07:11       0:11   차
125 14조(이신영)30 프린세스삭스        관   07:16     07:29       0:13   차
126 14조(이신영)14 플라잉아테나        기   07:43     07:51       0:08   차
127 14조(이신영)35 플로리다파워        기   06:59     07:09       0:10   특
128 14조(이신영) 3 화이트윙            관   07:51     07:59       0:08   차
129 15조(박희철)19 서울탱크            관   06:10     06:21       0:11   차
130 15조(박희철)34 스페셜스토리        관   06:41     06:55       0:14   차
131 15조(박희철) 5 아침함성            기   07:00     07:11       0:11   특
132 15조(박희철)14 원더풀샘            관   07:18     07:32       0:14   차
133 15조(박희철)12 정상스타            관   08:00     08:13       0:13   차
134 15조(박희철)10 정상킹덤            관   06:33     06:55       0:22   차
135 15조(박희철)11 젤로스              기   06:41     06:56       0:15   차
136 16조(최봉주)37 대천챔프            관   07:00     07:13       0:13   차
137 16조(최봉주)35 돌격앞으로          조   07:00     07:08       0:08   차
138 16조(최봉주)12 디바인키튼          관   07:32     07:45       0:13   차
139 16조(최봉주)10 러브레이스          조   07:14     07:23       0:09   차
140 16조(최봉주)34 부스터로켓          관   08:21     08:32       0:11   차
141 16조(최봉주)19 블루카이저          기   08:00     08:09       0:09   차
142 16조(최봉주)20 쌍옥루              관   06:30     06:40       0:10   차
143 16조(최봉주)23 어드밴스            관   06:31     06:40       0:09   차
144 16조(최봉주) 6 언패럴렐드          관   07:03     07:12       0:09   차
145 16조(최봉주)14 차이밍보이          관   06:50     07:02       0:12   차
146 16조(최봉주)33 천블릿              관   07:58     08:08       0:10   차
147 16조(최봉주)15 코스모              조   07:38     07:52       0:14   차
148 16조(최봉주)27 파워타워            기   08:31     08:42       0:11   차
149 16조(최봉주) 2 플라이스타          조   06:39     06:50       0:11   차
150 16조(최봉주)28 호크행진곡          조   08:07     08:22       0:15   차
151 17조(김점오)15 스테디챔피언        관   06:25     06:48       0:23   차
152 18조(박대흥)40 광해                관   06:11     06:31       0:20   차
153 18조(박대흥)13 뉴스타영천          기   06:55     07:06       0:11   차
154 18조(박대흥)20 도끼블레이드        관   08:08     08:27       0:19   차
155 18조(박대흥) 5 마루마              기   07:11     07:22       0:11   차
156 18조(박대흥) 2 바이킹스톰          기   06:41     06:55       0:14   차
157 18조(박대흥)10 시리우스에이        관   06:39     06:55       0:16   차
158 18조(박대흥)12 알파독              관   08:30     08:37       0:07   차
159 18조(박대흥)37 위너템플러          관   07:36     07:45       0:09   차
160 18조(박대흥)39 질주의꿈            관   07:14     07:29       0:15   차
161 18조(박대흥)36 챔피언가문          관   07:36     07:45       0:09   차
162 18조(박대흥)38 청수여걸            관   06:12     06:27       0:15   특
163 18조(박대흥) 1 최강퀸              관   07:23     07:35       0:12   차
164 18조(박대흥) 7 케이엔매직          기   07:14     07:29       0:15   차
165 18조(박대흥)18 케이엔스케치        관   08:09     08:27       0:18   차
166 18조(박대흥)35 케이엔올드퀸        관   08:00     08:14       0:14   차
167 18조(박대흥)11 케이엔원더풀        관   06:51     07:08       0:17   차
168 18조(박대흥)28 케이엔파크          관   08:02     08:16       0:14   차
169 18조(박대흥)16 케이엔포스트        관   06:10     06:22       0:12   차
170 19조(곽영효)28 라스트펀치          기   07:24     07:34       0:10   차
171 19조(곽영효)27 머니스톤            기   07:34     07:42       0:08   차
172 19조(곽영효)22 옥천최강            기   06:13     06:24       0:11   차
173 19조(곽영효)21 용암보스            관   06:36     06:44       0:08   차
174 19조(곽영효)32 원더풀뮤직          관   07:08     07:21       0:13   차
175 19조(곽영효)12 한강챔프            기   06:54     07:07       0:13   차
176 19조(곽영효)31 한강히어로          관   06:48     07:01       0:13   차
177 19조(곽영효) 1 햇무리              관   06:20     06:35       0:15   차
178 20조(배대선) 2 다이아키            기   06:46     06:54       0:08   차
179 20조(배대선)39 머니가락            기   07:25     07:36       0:11   차
180 20조(배대선)17 머니시장            기   07:36     07:46       0:10   차
181 20조(배대선) 5 머니지프            기   06:45     06:53       0:08   차
182 20조(배대선) 4 머니탑              기   07:38     07:50       0:12   차
183 20조(배대선)15 빛의대륙            기   07:25     07:36       0:11   차
184 20조(배대선)37 원더풀오렌지        기   07:25     07:36       0:11   차
185 20조(배대선)33 투게더웨이          기   06:56     07:06       0:10   차
186 21조(임봉춘)25 드림맥스            관   07:35     07:49       0:14   차
187 21조(임봉춘) 4 루이사              관   07:26     07:41       0:15   차
188 21조(임봉춘)39 베스트타임          관   06:33     06:49       0:16   차
189 21조(임봉춘) 7 비바챔피언          기   06:52     07:06       0:14   차
190 21조(임봉춘)28 스피드벨            관   07:35     07:44       0:09   차
191 21조(임봉춘)22 슬립웰              기   06:48     06:58       0:10   차
192 21조(임봉춘) 2 신의아들            기   06:10     06:21       0:11   차
193 21조(임봉춘)31 우리                관   06:46     07:02       0:16   차
194 21조(임봉춘)20 조우니가            기   06:37     06:46       0:09   특
195 21조(임봉춘)37 퀸즈투어            관   06:53     07:10       0:17   차
196 21조(임봉춘)11 하이파크            관   07:11     07:27       0:16   차
197 21조(임봉춘)40 황금해              관   07:02     07:12       0:10   차
198 22조(안병기)34 라온라이트맨        관   07:10     07:24       0:14   차
199 22조(안병기)11 센스쟁이            관   07:07     07:23       0:16   차
200 22조(안병기)15 소우주              기   07:24     07:37       0:13   차
201 22조(안병기)27 야무진왕초          관   06:41     06:56       0:15   차
202 22조(안병기)26 어마무시            기   07:11     07:23       0:12   차
203 22조(안병기)20 울트라킹            관   07:24     07:40       0:16   차
204 22조(안병기) 1 월드포스            관   07:39     07:53       0:14   차
205 23조(유재길)12 경부도령            관   07:10     07:18       0:08   금
206 23조(유재길) 5 대승퀸              관   06:50     07:00       0:10   차
207 23조(유재길) 4 동방칸              관   06:55     07:09       0:14   차
208 23조(유재길) 1 스피어건            관   06:43     06:52       0:09   차
209 23조(유재길)21 스피어골드          기   06:35     06:49       0:14   차
210 23조(유재길) 6 원평버드            기   07:02     07:14       0:12   차
211 23조(유재길)18 원평퀸              관   06:45     06:59       0:14   차
212 23조(유재길) 8 피엔에스헐          기   06:21     06:33       0:12   금
213 23조(유재길)25 헤이마마            관   07:13     07:29       0:16   차
214 23조(유재길)13 홀리데이참          관   06:10     06:23       0:13   차
215 24조(서홍수)15 마이티굿            관   07:42     07:53       0:11   차
216 24조(서홍수) 2 마이티렘            관   07:20     07:31       0:11   차
217 24조(서홍수) 5 마이티수            관   06:22     06:34       0:12   차
218 24조(서홍수)32 마이티지            관   06:56     07:07       0:11   차
219 24조(서홍수)29 스타워즈            기   08:40     08:52       0:12   차
220 24조(서홍수)18 웰빙챔피언          기   08:53     09:02       0:09   차
221 24조(서홍수)25 콰이어트참          관   08:08     08:19       0:11   차
222 24조(서홍수)21 행복여왕            관   07:26     07:37       0:11   차
223 25조(전승규)13 골든아너            관   08:37     08:46       0:09   차
224 25조(전승규)39 나나랜드            기   07:44     07:53       0:09   금
225 25조(전승규)31 남산꽃              관   07:13     07:21       0:08   차
226 25조(전승규)33 드림펠라            기   08:05     08:15       0:10   차
227 25조(전승규)25 루킹굿              관   06:29     06:37       0:08   특
228 25조(전승규) 9 명진데이            기   07:23     07:33       0:10   금
229 25조(전승규)37 블랙초콜릿          관   08:37     08:46       0:09   차
230 25조(전승규) 5 아스펜로스          기   06:24     06:35       0:11   차
231 25조(전승규)29 어나더레벨          기   06:28     06:42       0:14   차
232 25조(전승규)21 원더풀플라이        관   07:58     08:10       0:12   차
233 25조(전승규) 6 위너브라운          관   08:45     08:55       0:10   차
234 25조(전승규)24 이글포인트          관   08:37     08:46       0:09   차
235 25조(전승규)30 초동로켓            관   07:58     08:15       0:17   차
236 25조(전승규)15 초토마              기   06:12     06:22       0:10   금
237 25조(전승규)11 최강게임            기   06:45     06:54       0:09   특
238 25조(전승규)34 춘산                관   07:14     07:22       0:08   특
239 25조(전승규)32 티케파이어          관   08:45     08:55       0:10   차
240 25조(전승규)23 피버디니            관   06:40     06:50       0:10   차
241 25조(전승규)18 항구스타            관   07:58     08:15       0:17   차
242 25조(전승규)19 화랑투데이          관   08:37     08:46       0:09   차
243 25조(전승규)17 화이트참            관   07:58     08:15       0:17   차
244 26조(안해양) 5 가나패션            관   07:05     07:18       0:13   차
245 26조(안해양)28 구억마알            관   06:18     06:30       0:12   차
246 26조(안해양)36 그레이토르          관   06:39     06:56       0:17   차
247 26조(안해양)16 런던명가            관   06:53     07:09       0:16   차
248 26조(안해양)15 런던스카이          관   07:33     07:52       0:19   차
249 26조(안해양)38 런보이런            관   06:39     06:56       0:17   차
250 26조(안해양)22 비제이키스          관   07:15     07:29       0:14   차
251 26조(안해양)31 빅토리카            관   06:12     06:27       0:15   차
252 26조(안해양)37 스윙맨              관   06:39     06:56       0:17   차
253 26조(안해양)20 예스아이캔          관   07:33     07:46       0:13   차
254 26조(안해양)13 우아륭              관   06:40     06:52       0:12   차
255 26조(안해양)32 유로특급            관   07:03     07:13       0:10   차
256 26조(안해양)24 팍스누리            관   07:05     07:18       0:13   차
257 26조(안해양) 7 플라잉바비          관   06:20     06:32       0:12   차
258 27조(박병일) 8 금세다              관   07:19     07:35       0:16   차
259 27조(박병일)38 더파이팅            기   06:23     06:37       0:14   차
260 27조(박병일)17 리얼팩              관   06:45     06:55       0:10   차
261 27조(박병일)13 마이블랙            관   07:17     07:33       0:16   차
262 27조(박병일) 6 문학태핏            관   06:13     06:23       0:10   차
263 27조(박병일)32 은혜서브            기   07:38     07:50       0:12   차
264 27조(박병일)12 최강미래            기   07:55     08:06       0:11   차
265 27조(박병일)15 최강파티            기   06:50     07:04       0:14   차
266 27조(박병일) 9 탱자                관   06:10     06:20       0:10   차
267 27조(박병일)11 톱시드              관   06:52     07:01       0:09   차
268 27조(박병일)31 해피믹스            기   06:10     06:23       0:13   차
269 27조(박병일) 4 흥행대박            관   07:01     07:13       0:12   차
270 28조(최상식) 2 글로벌매직          기   06:10     06:21       0:11   차
271 28조(최상식)25 돌배                기   07:47     07:59       0:12   차
272 28조(최상식) 5 바람살              기   06:10     06:22       0:12   차
273 29조(배휴준) 1 골든클래스          관   07:49     08:05       0:16   차
274 29조(배휴준)22 세명기상            기   06:47     06:59       0:12   차
275 29조(배휴준)16 세명나래            기   07:03     07:13       0:10   차
276 29조(배휴준)26 소중한당신          기   07:48     07:59       0:11   차
277 29조(배휴준) 3 쇼미더골드          관   07:23     07:32       0:09   차
278 29조(배휴준)34 슈퍼파크            관   06:33     06:42       0:09   차
279 29조(배휴준) 9 싱싱메리            관   07:44     07:59       0:15   특
280 29조(배휴준)21 천리총              기   06:46     06:57       0:11   차
281 29조(배휴준) 4 천문                기   07:23     07:35       0:12   차
282 29조(배휴준)36 퀸오브레이싱        기   06:33     06:43       0:10   차
283 31조(강환민)29 레전드삭스          관   07:25     07:35       0:10   차
284 31조(강환민)32 로마블레이드        관   06:49     06:58       0:09   차
285 31조(강환민)15 블루인디            기   06:33     06:49       0:16   차
286 31조(강환민)37 송암아치걸          기   06:45     06:54       0:09   차
287 31조(강환민) 5 수리수리마          기   06:14     06:23       0:09   특
288 31조(강환민) 4 장산가드            기   06:14     06:27       0:13   차
289 31조(강환민) 7 큐피드벨            관   06:11     06:19       0:08   차
290 31조(강환민)22 패스트트랙          관   06:19     06:27       0:08   차
291 32조(김윤섭) 4 금성맨              관   06:37     06:55       0:18   차
292 32조(김윤섭)16 달타령              관   08:23     08:31       0:08   차
293 32조(김윤섭) 7 송암누리            기   08:15     08:29       0:14   차
294 32조(김윤섭) 8 슈퍼플랜            관   08:08     08:30       0:22   차
295 32조(김윤섭)14 스카이팡팡          관   06:37     06:55       0:18   차
296 32조(김윤섭)30 어디가나            관   08:08     08:30       0:22   차
297 32조(김윤섭)17 용천지상            관   07:31     07:44       0:13   차
298 32조(김윤섭)10 천스닥              관   06:37     06:55       0:18   차
299 32조(김윤섭) 6 탄산                관   07:18     07:32       0:14   차
300 32조(김윤섭)26 헬로금성            기   07:12     07:25       0:13   차
301 33조(서인석)29 나올세상            기   06:55     07:05       0:10   차
302 33조(서인석)18 누비강자            관   06:46     07:05       0:19   차
303 33조(서인석)32 누비고              관   06:51     07:04       0:13   차
304 33조(서인석) 6 라이오넷            기   07:21     07:34       0:13   차
305 33조(서인석)13 마이더스캠프        관   06:46     07:02       0:16   차
306 33조(서인석)40 매직그레이스        기   08:44     08:52       0:08   차
307 33조(서인석)16 매직글로리          기   07:10     07:20       0:10   차
308 33조(서인석)31 매직러시            관   07:41     07:59       0:18   차
309 33조(서인석)28 매직조이            기   08:15     08:30       0:15   차
310 33조(서인석)15 모닝파이브          기   07:01     07:10       0:09   차
311 33조(서인석) 5 모스트스피드        기   06:20     06:31       0:11   차
312 33조(서인석)34 오천복              관   07:55     08:05       0:10   차
313 33조(서인석)37 원더풀키티          기   07:37     07:47       0:10   차
314 33조(서인석)12 천마비상            기   06:38     06:48       0:10   차
315 33조(서인석)39 퀵실버              관   07:26     07:39       0:13   차
316 33조(서인석) 3 탭다운              관   06:17     06:29       0:12   차
317 33조(서인석) 8 티즈바로우즈        기   06:57     07:06       0:09   차
318 34조(리카디)39 갤럽컬린            관   07:15     07:24       0:09   차
319 34조(리카디) 6 금아시크            관   08:50     09:11       0:21   차
320 34조(리카디) 3 남산열매            관   07:24     07:33       0:09   차
321 34조(리카디) 5 남산의별            기   08:14     08:27       0:13   차
322 34조(리카디) 9 대사리              기   07:03     07:15       0:12   차
323 34조(리카디)15 라이징호크          관   08:28     08:40       0:12   차
324 34조(리카디)12 리멤버웬            기   06:50     07:02       0:12   차
325 34조(리카디)32 미라클도터          기   07:31     07:43       0:12   차
326 34조(리카디)22 벌말대장            관   06:26     06:39       0:13   차
327 34조(리카디)25 블랙마스크          관   07:58     08:13       0:15   차
328 34조(리카디) 1 비제이스톰          관   06:40     06:50       0:10   차
329 34조(리카디)36 선더윈드            기   06:51     07:00       0:09   특
330 34조(리카디)29 슈퍼다이아          기   06:12     06:24       0:12   차
331 34조(리카디) 8 원더풀스테핑        관   08:50     09:07       0:17   차
332 34조(리카디)34 조이브라더          기   08:30     08:41       0:11   차
333 34조(리카디)27 최강블랙            기   08:03     08:12       0:09   특
334 34조(리카디)30 트로팅라일리        기   07:14     07:25       0:11   차
335 34조(리카디)28 파이널칸지노        관   08:08     08:16       0:08   금
336 35조(임채덕) 1 럭센                관   06:58     07:07       0:09   차
337 35조(임채덕) 8 로즈골드            기   06:10     06:24       0:14   차
338 35조(임채덕) 5 마이티선샤인        관   07:25     07:34       0:09   차
339 35조(임채덕)12 불국화              기   06:25     06:38       0:13   차
340 35조(임채덕)22 불의신화            관   06:58     07:07       0:09   차
341 35조(임채덕)20 불의질주            조   06:58     07:07       0:09   차
342 35조(임채덕)23 스마트대보          관   08:00     08:15       0:15   차
343 35조(임채덕) 6 스파이스타워        관   08:00     08:16       0:16   차
344 35조(임채덕) 4 이터널선샤인        관   07:25     07:36       0:11   차
345 35조(임채덕) 3 퀵실버키튼          조   06:29     06:40       0:11   차
346 35조(임채덕) 2 투에이스            관   08:24     08:39       0:15   차
347 37조(심승태)13 럭키월드            기   07:04     07:18       0:14   차
348 37조(심승태) 4 머니챔프            기   06:17     06:26       0:09   차
349 37조(심승태)30 스위트카카오        관   06:39     06:50       0:11   차
350 37조(심승태) 8 주얼리베스트        기   07:02     07:13       0:11   차
351 40조(송문길) 9 골드스파이크        관   06:47     06:59       0:12   차
352 40조(송문길)17 글라디아토레에이    관   06:37     06:53       0:16   차
353 40조(송문길) 2 라피도아레스        관   06:10     06:22       0:12   금
354 40조(송문길)29 샴로커              기   06:31     06:41       0:10   차
355 40조(송문길)36 순간터치            기   06:38     06:49       0:11   차
356 40조(송문길)38 스마트전사          기   06:10     06:22       0:12   차
357 40조(송문길)39 스카이돌풍          기   06:51     07:03       0:12   차
358 40조(송문길)21 아델나래            관   07:41     07:58       0:17   차
359 40조(송문길)34 아델머스탱          기   06:49     06:59       0:10   차
360 40조(송문길) 7 어마어마            관   06:13     06:26       0:13   금
361 40조(송문길)25 온리위너            관   07:35     07:43       0:08   차
362 40조(송문길) 5 위즈모멘트          관   06:14     06:30       0:16   차
363 40조(송문길) 8 위즈업              관   06:59     07:14       0:15   차
364 40조(송문길)24 콰이어트아델        관   07:41     07:54       0:13   차
365 40조(송문길)31 클레어베스트        관   07:25     07:49       0:24   차
366 40조(송문길)33 킬리의제왕          관   08:25     08:48       0:23   차
367 40조(송문길)11 호크프린스          관   07:42     07:52       0:10   차
368 41조(신삼영)12 논스톱리워드        관   06:53     07:05       0:12   차
369 41조(신삼영)15 알사이먼            관   06:10     06:25       0:15   차
370 41조(신삼영)24 원더풀금성          관   07:23     07:37       0:14   차
371 41조(신삼영) 3 유로강자            관   07:06     07:18       0:12   차
372 41조(신삼영)31 크레이지탱크        관   06:20     06:33       0:13   차
373 42조(이관호)39 골든스쿠프          관   06:26     06:37       0:11   차
374 42조(이관호)19 금아스위프트        관   06:12     06:23       0:11   차
375 42조(이관호)35 다크플레이어        관   07:24     07:35       0:11   차
376 42조(이관호)32 메인오브킹          관   06:42     06:53       0:11   차
377 42조(이관호)30 무도                기   06:25     06:37       0:12   차
378 42조(이관호)13 백스핀              기   06:38     06:50       0:12   차
379 42조(이관호)27 불화산              기   06:11     06:22       0:11   차
380 42조(이관호) 6 빅에너지            기   06:24     06:33       0:09   차
381 42조(이관호) 5 아로마              기   07:01     07:13       0:12   차
382 42조(이관호) 9 에이스함성          기   06:41     06:54       0:13   차
383 42조(이관호)16 와일드삭스          기   06:15     06:24       0:09   차
384 42조(이관호)33 지산군              기   06:24     06:34       0:10   차
385 42조(이관호)20 천군                기   06:23     06:35       0:12   차
386 42조(이관호)21 청산강호            기   07:20     07:37       0:17   차
387 42조(이관호)38 티나                관   07:05     07:19       0:14   차
388 42조(이관호)28 티케이존            기   07:20     07:31       0:11   차
389 42조(이관호)11 하이러너            관   07:26     07:41       0:15   차
390 42조(이관호)14 히트에이스          기   07:09     07:19       0:10   차
391 43조(서정하)12 대한챔프            관   06:55     07:07       0:12   차
392 43조(서정하) 2 룰브레이커          관   06:26     06:39       0:13   차
393 48조(이준철)26 가기만고당          기   07:25     07:40       0:15   차
394 48조(이준철)16 메이블레이드        조   06:20     06:34       0:14   차
395 48조(이준철)21 오래함께하자        관   07:25     07:40       0:15   차
396 48조(이준철)13 이천아치            조   07:25     07:40       0:15   차
397 48조(이준철) 5 천지울림            기   06:23     06:31       0:08   금
398 48조(이준철)30 퀵니스              조   06:52     07:05       0:13   차
399 48조(이준철)27 태산아치            기   06:52     07:05       0:13   차
400 48조(이준철)14 팀임팩트            관   08:00     08:08       0:08   차
401 48조(이준철)22 퍼플블레이드        조   08:00     08:20       0:20   차
402 48조(이준철)25 화이트캣            기   08:00     08:20       0:20   차
403 48조(이준철) 2 흥록대부            관   06:20     06:34       0:14   차
404 49조(지용철)13 광명성              기   07:14     07:25       0:11   차
405 49조(지용철)27 교룡득수            기   07:00     07:08       0:08   차
406 49조(지용철)26 나인아이            기   06:14     06:25       0:11   차
407 49조(지용철)36 대변화              관   06:25     06:36       0:11   특
408 49조(지용철)35 라스트보스          관   06:55     07:06       0:11   금
409 49조(지용철)30 심장의고동          관   07:40     07:55       0:15   차
410 49조(지용철) 1 아메리칸포스원      관   06:40     06:49       0:09   차
411 49조(지용철)18 온천하              관   06:14     06:26       0:12   차
412 49조(지용철)40 원앤온리            기   06:41     06:53       0:12   차
413 49조(지용철)19 원퍼트              기   06:14     06:26       0:12   차
414 49조(지용철)24 인듀어런스          관   07:13     07:25       0:12   차
415 49조(지용철)28 태양타고            관   08:02     08:17       0:15   차
416 49조(지용철)16 페더럴아이          기   07:14     07:25       0:11   차
417 49조(지용철) 2 페더럴캣            기   06:40     06:49       0:09   차
418 49조(지용철)37 페더럴킹            기   06:40     06:49       0:09   차
419 49조(지용철) 8 황금달빛            기   07:58     08:14       0:16   차
420 50조(박재우)14 동작                기   08:30     08:39       0:09   차
421 50조(박재우)29 문학타이거          기   08:24     08:38       0:14   차
422 50조(박재우)20 문학포리스트        기   07:50     08:07       0:17   차
423 50조(박재우) 3 백두미인            기   08:17     08:29       0:12   차
424 50조(박재우)34 베스트매드캠        기   08:17     08:28       0:11   차
425 50조(박재우)24 베스트전사          기   06:38     06:52       0:14   차
426 50조(박재우)16 스킬맥스            관   06:26     06:39       0:13   차
427 50조(박재우)12 아담스애플          관   06:52     07:02       0:10   차
428 50조(박재우)31 엠제이타임          기   07:08     07:20       0:12   차
429 50조(박재우)38 올드스페셜          기   06:29     06:42       0:13   차
430 50조(박재우)   용호지마            관   07:13     07:33       0:20   차
431 50조(박재우)28 유쾌한날들          관   06:25     06:37       0:12   차
432 50조(박재우)18 이스트매직          기   08:01     08:16       0:15   차
433 50조(박재우)22 이터널메모리        기   07:30     07:42       0:12   차
434 50조(박재우)40 제이에스군주        기   07:47     07:57       0:10   차
435 50조(박재우)11 컴플리트룰러        관   07:50     08:11       0:21   차
436 50조(박재우)17 컴플리트스타        기   07:00     07:12       0:12   차
437 50조(박재우) 5 컴플리트아너        기   06:47     06:59       0:12   차
438 50조(박재우)10 컴플리트캡틴        기   06:18     06:33       0:15   차
439 51조(최용건)28 그레이트선더        관   06:25     06:43       0:18   차
440 51조(최용건)15 나올에이스          관   07:06     07:21       0:15   차
441 51조(최용건)10 디자이어투윈        관   07:53     08:07       0:14   차
442 51조(최용건)13 모닝뉴스            관   06:15     06:30       0:15   차
443 51조(최용건)33 스마트하이          관   07:23     07:38       0:15   차
444 51조(최용건) 2 올드블레이드        기   06:37     06:45       0:08   금
445 51조(최용건) 3 장산탱크            관   07:05     07:17       0:12   차
446 51조(최용건) 6 장산포이즌          관   06:47     06:59       0:12   차
447 51조(최용건)21 천상성              관   06:26     06:42       0:16   차
448 51조(최용건)22 클리어검            관   06:26     06:42       0:16   특
449 51조(최용건)24 킹크러시            기   06:27     06:37       0:10   금
450 51조(최용건)12 티즈러너            관   07:53     08:09       0:16   차
451 52조(김동균)37 대완구              관   06:13     06:21       0:08   차
452 52조(김동균)12 루나실버            기   07:10     07:22       0:12   차
453 52조(김동균)35 베스트군황          관   08:04     08:16       0:12   차
454 52조(김동균) 4 볼트맨              기   06:53     07:04       0:11   차
455 52조(김동균)20 서머에이스          기   06:29     06:41       0:12   차
456 52조(김동균) 1 엠제이파워          관   06:18     06:28       0:10   차
457 52조(김동균)31 천지여걸            기   06:37     06:48       0:11   특
458 52조(김동균)30 퀴클리선            관   07:59     08:14       0:15   차
459 52조(김동균)38 퀸의질주            관   08:04     08:12       0:08   차
460 52조(김동균)33 탭패션드            관   07:55     08:15       0:20   차
461 52조(김동균)23 하이퍼카            관   07:05     07:17       0:12   차
462 52조(김동균)32 허니펀치            관   07:20     07:28       0:08   차
463 52조(김동균) 9 허밍버드            관   07:38     07:50       0:12   차
464 52조(김동균)21 후이넘              관   07:32     07:45       0:13   차
465 52조(김동균)24 흑전사              관   06:11     06:19       0:08   차
466 53조(김동철) 9 러피언이글          관   07:10     07:28       0:18   차
467 53조(김동철)15 로드에이스          관   06:39     06:54       0:15   차
468 53조(김동철)20 머스탱참            기   06:39     06:51       0:12   차
469 53조(김동철)32 블루키톤            관   07:14     07:39       0:25   차
470 53조(김동철)29 상임과천            관   07:10     07:28       0:18   차
471 53조(김동철)11 에코존              기   06:36     06:45       0:09   차
472 53조(김동철)24 영블러드            관   07:48     08:05       0:17   차
473 53조(김동철)26 캡틴레드            관   07:10     07:28       0:18   차
474 53조(김동철)33 퀸즈패션            관   07:48     08:05       0:17   차
475 53조(김동철)18 티케이데이          관   06:34     06:47       0:13   차
476 53조(김동철) 4 퍼텐셜에너지        관   07:33     07:49       0:16   차
477 54조(박천서)12 금아포쉬            관   06:50     07:02       0:12   차
478 54조(박천서)40 댄스머신            기   08:15     08:26       0:11   차
479 54조(박천서)18 라로마네            기   07:59     08:08       0:09   차
480 54조(박천서) 8 레드백              기   07:59     08:16       0:17   특
481 54조(박천서) 6 르루아블랑          기   07:43     07:57       0:14   차
482 54조(박천서)13 마바위              관   06:15     06:29       0:14   차
483 54조(박천서)23 무지개공주          기   07:31     07:44       0:13   차
484 54조(박천서)16 밀리언퀸            기   07:45     07:56       0:11   차
485 54조(박천서)29 선봉골드            기   07:45     07:58       0:13   차
486 54조(박천서)20 적토성산            기   07:59     08:15       0:16   차
487 54조(박천서)24 체인저              관   07:00     07:11       0:11   차
488 54조(박천서)26 해제반도            관   06:18     06:32       0:14   차
━━━━━━━━━━━━━━━━━━━━━━━━━━━━━━━━━━━━━━━
                                                      출력일자 : 2022. 3.19

