

제목 : 22.09.02 제 65 일  금 요일   1경주;   

 1000 M   출전: 8두    국6등급 ( R0~0          2세       )     출발:12:10
 별정A         일반      
  33,000,000원   13,200,000원    8,400,000원    3,000,000원    2,400,000원 
------------------------------------------------------------------------------------------------------
 마번  마   명            산지  성별 연령 중량       기수       조교사     마주              레이팅
------------------------------------------------------------------------------------------------------
   1   핫플렉스            한    수   2  52.0   (-3)서강주      조용배    김준현                   
   2   팬스타              한    암   2  53.0       다실바      안우성    정영광                   
   3   빌드업              한    수   2  55.0       이성재      양귀선    변완수                   
   4   영광의탱크          한    수   2  55.0       조인권      임금만    변창덕                   
   5   한센코드걸          한    암   2  53.0       정우주      김영관    우만식                   
   6   아틀라스            한    암   2  53.0       박재이      강은석    김동훈                   
   7   닥터샤크            한    암   2  53.0       김혜선      백광열    권혁희                   
   8   버럭                한    수   2  55.0       최시대      권승주    빅크루즈                 
------------------------------------------------------------------------------------------------------
                                                                          --총전적--      --1년전적--
 마번  마  명                  수득상금     1년수득상금  6개월수득상금  1위/2위/3위/계  1위/2위/3위/계
------------------------------------------------------------------------------------------------------
   1   핫플렉스                         0             0             0    0   0   0   1   0   0   0   1
   2   팬스타                           0             0             0    0   0   0   1   0   0   0   1
   3   빌드업                  11,400,000    11,400,000    11,400,000    0   0   1   2   0   0   1   2
   4   영광의탱크              15,600,000    15,600,000    15,600,000    0   1   0   2   0   1   0   2
   5   한센코드걸                       0             0             0    0   0   0   0   0   0   0   0
   6   아틀라스                         0             0             0    0   0   0   0   0   0   0   0
   7   닥터샤크                         0             0             0    0   0   0   0   0   0   0   0
   8   버럭                             0             0             0    0   0   0   0   0   0   0   0
------------------------------------------------------------------------------------------------------


제목 : 22.09.02 제 65 일  금 요일   2경주;   

 1200 M   출전:12두    국6등급 ( R0~0          연령오픈  )     출발:13:20
 별정A         일반      
  13,750,000원    5,500,000원    3,500,000원    1,250,000원    1,000,000원 
------------------------------------------------------------------------------------------------------
 마번  마   명            산지  성별 연령 중량       기수       조교사     마주              레이팅
------------------------------------------------------------------------------------------------------
   1   두유어베스트        한    암   3  54.0       다실바      김병학    신윤경                   
   2   운주싹쓸이          한    암   3  54.0       김혜선      민장기    부수선                   
   3   퀸데이              한    암   4  54.0       정우주      강은석    김정두                   
   4   원더풀스마티        한    암   5  54.0       최은경      김길중    (주)녹원목장             
   5   코르사              한    암   3  54.0       전진구      강형곤    이상영                   
   6   우리좋은날          한    암   5  50.0   (-4)권오찬      이정표    (주)금악목장             
   7   골든레이서          한(포)암   3  54.0       최시대      김길중    손병철                   
   8   렛잇고              한    암   3  51.0   (-3)신윤섭      토마스    류화영                   
   9   감동에너지          한    암   3  51.0   (-3)서강주      권승주    고희종                   
  10   제이에스데이        한    암   3  54.0       조인권      김영관    고정수                   
  11   우승여걸            한    암   3  50.0   (-4)윤형석      윤영훈    김효태                   
  12   블랙지수            한    암   3  54.0       이성재      방동석    오종환                   
------------------------------------------------------------------------------------------------------
                                                                          --총전적--      --1년전적--
 마번  마  명                  수득상금     1년수득상금  6개월수득상금  1위/2위/3위/계  1위/2위/3위/계
------------------------------------------------------------------------------------------------------
   1   두유어베스트                     0             0             0    0   0   0   2   0   0   0   2
   2   운주싹쓸이                       0             0             0    0   0   0   1   0   0   0   1
   3   퀸데이                           0             0             0    0   0   0   1   0   0   0   0
   4   원더풀스마티            17,540,000     6,500,000     5,250,000    0   0   1  25   0   0   0  12
   5   코르사                           0             0             0    0   0   0   1   0   0   0   1
   6   우리좋은날               9,000,000     9,000,000     9,000,000    0   1   1  24   0   1   1  10
   7   골든레이서                       0             0             0    0   0   0   1   0   0   0   1
   8   렛잇고                   8,600,000     8,600,000     8,600,000    0   0   2   5   0   0   2   5
   9   감동에너지              12,700,000    12,700,000    12,700,000    0   0   2   7   0   0   2   7
  10   제이에스데이             1,000,000     1,000,000     1,000,000    0   0   0   1   0   0   0   1
  11   우승여걸                 4,750,000     4,750,000     4,750,000    0   0   1   6   0   0   1   6
  12   블랙지수                         0             0             0    0   0   0   1   0   0   0   1
------------------------------------------------------------------------------------------------------


제목 : 22.09.02 제 65 일  금 요일   3경주;   

 1400 M   출전:11두    국6등급 ( R0~0          연령오픈  )     출발:14:15
 별정A         일반      
  13,750,000원    5,500,000원    3,500,000원    1,250,000원    1,000,000원 
------------------------------------------------------------------------------------------------------
 마번  마   명            산지  성별 연령 중량       기수       조교사     마주              레이팅
------------------------------------------------------------------------------------------------------
   1   연승글로리          한    거   4  52.0   (-4)윤형석      이정표    성중희                   
   2   선샤인스타          한    수   3  56.0       박재이      김영민    신우철                   
   3   오렌지스타          한    암   3  54.0       정동철      박재호    이경희                   
   4   모신나강            한    수   3  56.0       전진구      임동창    박병현                   
   5   닥터칼리파          한    거   3  56.0       김혜선      백광열    권혁희                   
   6   허리케인참          한    암   3  54.0       정우주      라이스    김세민                   
   7   언제나영웅          한    수   3  52.0   (-4)박종호      이정표    김광원                   
   8   서귀포에이스        한    거   4  56.0       최은경      윤영훈    서귀포시축협             
   9   미라쿨룸            한    거   4  53.0   (-3)신윤섭      울즐리    양승홍                   
  10   멋진하루            한    수   3  52.0   (-4)권오찬      김길중    김응수                   
  11   패션포스원          한    암   3  54.0       조인권      구민성    서정범                   
------------------------------------------------------------------------------------------------------
                                                                          --총전적--      --1년전적--
 마번  마  명                  수득상금     1년수득상금  6개월수득상금  1위/2위/3위/계  1위/2위/3위/계
------------------------------------------------------------------------------------------------------
   1   연승글로리              14,900,000    14,900,000     6,100,000    0   1   1  20   0   1   1  14
   2   선샤인스타               4,750,000     4,750,000     4,750,000    0   0   1   5   0   0   1   5
   3   오렌지스타               1,600,000     1,600,000     1,600,000    0   0   0   5   0   0   0   5
   4   모신나강                         0             0             0    0   0   0   1   0   0   0   1
   5   닥터칼리파              10,600,000    10,600,000    10,600,000    0   1   1   5   0   1   1   5
   6   허리케인참                       0             0             0    0   0   0   5   0   0   0   5
   7   언제나영웅               3,000,000     3,000,000             0    0   0   0  11   0   0   0  11
   8   서귀포에이스             1,000,000     1,000,000     1,000,000    0   0   0   8   0   0   0   6
   9   미라쿨룸                         0             0             0    0   0   0  12   0   0   0   8
  10   멋진하루                 6,700,000     6,700,000     6,700,000    0   0   1   7   0   0   1   7
  11   패션포스원               7,000,000     7,000,000     7,000,000    0   0   2   6   0   0   2   6
------------------------------------------------------------------------------------------------------


제목 : 22.09.02 제 65 일  금 요일   4경주;   

 1200 M   출전:12두    국5등급 ( R1~35         연령오픈  )     출발:15:10
 핸디캡        일반      
  22,000,000원    8,800,000원    5,600,000원    2,000,000원    1,600,000원 
------------------------------------------------------------------------------------------------------
 마번  마   명            산지  성별 연령 중량       기수       조교사     마주              레이팅
------------------------------------------------------------------------------------------------------
   1   희망펀치            한    암   3  53.5       박재이      권승주    빅크루즈               32
   2   퀄리티퀸            한    암   3  52.5       김어수      장세한    이종석                 30
   3   서귀축제            한    암   3  51.0   (-4)윤형석      하무선    서귀포시축협           28
   4   선더클라우드        한    암   3  53.5       이성재      울즐리    페가수스               32
   5   바벨피닉스          한    수   3  53.0       전진구      구영준    김명환                 27
   6   블루카슨            한    암   4  52.5       김혜선      구민성    고구려                 30
   7   월드플라워          한    암   4  52.0       최은경      최기홍    김평갑                 29
   8   아티스갈            한(포)암   5  53.5   (-1)모준호      울즐리    이시돌협회             34
   9   킹보스              한    거   3  55.0       임성실      김영관    강호남                 31
  10   매직클래스          한    암   2  52.0       다실바      장세한    임한용                 31
  11   그래핀킹            한    거   3  55.0       최시대      김영민    이성인                 31
  12   오션스톰            한    암   3  52.0   (-3)서강주      이상영    김규조                 35
------------------------------------------------------------------------------------------------------
                                                                          --총전적--      --1년전적--
 마번  마  명                  수득상금     1년수득상금  6개월수득상금  1위/2위/3위/계  1위/2위/3위/계
------------------------------------------------------------------------------------------------------
   1   희망펀치                32,800,000    32,800,000    32,800,000    1   1   0   5   1   1   0   5
   2   퀄리티퀸                23,250,000    23,250,000    21,250,000    1   0   1   7   1   0   1   7
   3   서귀축제                21,300,000    21,300,000    16,700,000    0   1   2   6   0   1   2   6
   4   선더클라우드            23,850,000    23,850,000    23,850,000    1   1   0   8   1   1   0   8
   5   바벨피닉스              27,200,000    27,200,000    21,600,000    0   1   3   8   0   1   3   8
   6   블루카슨                24,300,000    24,300,000    14,300,000    0   3   1  13   0   3   1   9
   7   월드플라워              29,460,000    24,400,000    19,900,000    0   2   2  18   0   2   2  12
   8   아티스갈                39,750,000    35,790,000    29,750,000    1   1   2  12   1   1   1  11
   9   킹보스                  37,000,000    37,000,000    37,000,000    1   0   1   6   1   0   1   6
  10   매직클래스              36,750,000    36,750,000    36,750,000    1   0   0   2   1   0   0   2
  11   그래핀킹                19,250,000    19,250,000    19,250,000    1   1   0   3   1   1   0   3
  12   오션스톰                48,000,000    48,000,000    10,800,000    0   4   0   7   0   4   0   7
------------------------------------------------------------------------------------------------------


제목 : 22.09.02 제 65 일  금 요일   5경주;   

 1300 M   출전:12두    국5등급 ( R1~35         연령오픈  )     출발:16:05
 핸디캡        일반      
  22,000,000원    8,800,000원    5,600,000원    2,000,000원    1,600,000원 
------------------------------------------------------------------------------------------------------
 마번  마   명            산지  성별 연령 중량       기수       조교사     마주              레이팅
------------------------------------------------------------------------------------------------------
   1   인디초이스          한    거   3  53.0   (-3)신윤섭      박재호    김준현                 33
   2   스마티돌풍          한    암   4  51.0   (-3)서강주      이정표    성중희                 33
   3   퀸즈대로            한    암   3  52.0       정우주      토마스    백수현                 29
   4   레이디골든          한    암   3  53.0   (-1)모준호      장세한    김화원                 33
   5   밀크데이            한    수   3  54.5       박재이      조용배    김근영                 30
   6   위대한함안          한    암   3  53.5       조인권      이상영    함안군                 32
   7   랩베르사            한    수   3  55.0       최시대      양귀선    이성인                 31
   8   운주스타            한    수   3  54.5       김혜선      조용배    부수선                 30
   9   런앤드건            한    암   4  51.5       최은경      장세한    조규일                 28
  10   애니라인            한    거   4  55.0       임성실      구민성    고구려                 31
  11   트리플질주          한(포)수   4  54.0       다실바      이정표    오영복                 29
  12   소리태풍            한    거   4  54.5       이성재      강형곤    하나레저               30
------------------------------------------------------------------------------------------------------
                                                                          --총전적--      --1년전적--
 마번  마  명                  수득상금     1년수득상금  6개월수득상금  1위/2위/3위/계  1위/2위/3위/계
------------------------------------------------------------------------------------------------------
   1   인디초이스              40,820,000    38,400,000    38,400,000    1   1   1   9   1   1   1   6
   2   스마티돌풍              29,360,000    25,840,000    14,400,000    1   1   1  11   1   1   1   6
   3   퀸즈대로                27,700,000    27,700,000    16,300,000    0   2   1  11   0   2   1  11
   4   레이디골든              23,600,000    23,600,000    23,600,000    1   0   1   8   1   0   1   8
   5   밀크데이                31,100,000    31,100,000    30,100,000    1   1   1  14   1   1   1  14
   6   위대한함안              22,550,000    22,550,000    22,550,000    1   1   0   2   1   1   0   2
   7   랩베르사                13,750,000    13,750,000    13,750,000    1   0   0   1   1   0   0   1
   8   운주스타                26,450,000    26,450,000    26,450,000    1   1   1   8   1   1   1   8
   9   런앤드건                29,950,000    23,570,000    13,200,000    0   0   4  18   0   0   3  12
  10   애니라인                22,530,000    17,250,000    17,250,000    1   0   2  17   1   0   1   7
  11   트리플질주              36,960,000    22,000,000    22,000,000    1   1   2  19   0   1   2  13
  12   소리태풍                27,420,000    27,420,000    25,000,000    1   1   1  15   1   1   1  12
------------------------------------------------------------------------------------------------------


제목 : 22.09.02 제 65 일  금 요일   6경주;   

 1400 M   출전:12두    혼4등급 ( R1~50         연령오픈  )     출발:17:00
 핸디캡        일반      
  33,000,000원   13,200,000원    8,400,000원    3,000,000원    2,400,000원 
------------------------------------------------------------------------------------------------------
 마번  마   명            산지  성별 연령 중량       기수       조교사     마주              레이팅
------------------------------------------------------------------------------------------------------
   1   비스틀리            한    거   5  54.0   (-3)서강주      라이스    임병효                 47
   2   금아인피니티        한    거   3  55.0       박재이      김영관    금아산업(주)           43
   3   맨오브더맨          한    수   3  54.0       다실바      강은석    강호남                 41
   4   케이에프원          한    암   3  51.0       정동철      하무선    말구유                 36
   5   디먼스파이          미    거   3  52.0       이성재      강은석    박희준                 37
   6   퀸앨리              한    암   3  51.0   (-1)모준호      라이스    김정두                 37
   7   로켓소리            미    거   4  51.5       최시대      권승주    고희종                 36
   8   닥터파라오          한    수   3  51.5       김혜선      백광열    권혁희                 36
   9   루사                호    암   4  52.0       정우주      권승주    손병현                 37
  10   상승보이            한    거   3  56.0       조인권      양귀선    최종복                 45
  11   함안여항산          한    암   4  52.0       전진구      손병직    함안군                 39
  12   더에어              미    거   3  51.0   (-3)신윤섭      울즐리    박희상                 37
------------------------------------------------------------------------------------------------------
                                                                          --총전적--      --1년전적--
 마번  마  명                  수득상금     1년수득상금  6개월수득상금  1위/2위/3위/계  1위/2위/3위/계
------------------------------------------------------------------------------------------------------
   1   비스틀리                83,480,000    69,160,000    44,400,000    4   1   2  11   3   0   2   7
   2   금아인피니티            46,950,000    46,950,000    46,950,000    2   0   2   6   2   0   2   6
   3   맨오브더맨              63,800,000    63,800,000    63,800,000    2   1   0   4   2   1   0   4
   4   케이에프원              48,000,000    48,000,000    26,000,000    2   0   0   8   2   0   0   8
   5   디먼스파이                       0             0             0    0   0   0   2   0   0   0   2
   6   퀸앨리                  40,050,000    40,050,000    40,050,000    1   2   0   5   1   2   0   5
   7   로켓소리                 2,400,000     2,400,000     2,400,000    0   0   0   4   0   0   0   4
   8   닥터파라오              60,300,000    30,600,000    25,000,000    2   0   2  10   1   0   1   8
   9   루사                     5,600,000     5,600,000     5,600,000    0   0   1   7   0   0   1   6
  10   상승보이                93,200,000    93,200,000    21,600,000    2   1   2   5   2   1   2   5
  11   함안여항산              46,550,000    46,550,000    42,950,000    2   0   1  11   2   0   1   9
  12   더에어                           0             0             0    0   0   0   2   0   0   0   2
------------------------------------------------------------------------------------------------------


제목 : 22.09.02 제 65 일  금 요일   7경주;   

 1600 M   출전:12두    국4등급 ( R1~50         연령오픈  )     출발:17:30
 별정B         일반      
  33,000,000원   13,200,000원    8,400,000원    3,000,000원    2,400,000원 
------------------------------------------------------------------------------------------------------
 마번  마   명            산지  성별 연령 중량       기수       조교사     마주              레이팅
------------------------------------------------------------------------------------------------------
   1   수소엔진            한    암   4  52.0       정동철      손병직    구원모                 36
   2   타핏원더풀          한    수   5  54.0       최은경      민장기    김욱수                 36
   3   승리토우트          한    거   5  57.0   (-1)모준호      라이스    강수현                 50
   4   화랑베스트          한    수   3  56.0       최시대      백광열    박웅진                 44
   5   퀸할리              한    암   4  52.0       전진구      최기홍    이경희                 38
   6   야생화              한    암   3  54.0       다실바      라이스    페가수스               44
   7   은성영웅            한    수   3  55.0   (-3)서강주      권승주    은성                   49
   8   애니카걸            한    암   4  52.0       박재이      이상영    우만식                 36
   9   에이스잭팟          한    암   5  54.0       김혜선      토마스    정재훈                 43
  10   런파이터            한    거   4  55.0   (-3)신윤섭      장세한    김갑수                 50
  11   매직위스퍼          한    수   3  56.0       조인권      김병학    최상희                 44
  12   용가리              한    수   3  56.0       이성재      임동창    최종하                 42
------------------------------------------------------------------------------------------------------
                                                                          --총전적--      --1년전적--
 마번  마  명                  수득상금     1년수득상금  6개월수득상금  1위/2위/3위/계  1위/2위/3위/계
------------------------------------------------------------------------------------------------------
   1   수소엔진                38,750,000    38,750,000     3,000,000    2   0   0   9   2   0   0   9
   2   타핏원더풀              52,750,000     5,400,000     5,400,000    2   2   0  14   0   0   0   7
   3   승리토우트             119,950,000    71,550,000    19,200,000    2   4   2  21   1   1   1  11
   4   화랑베스트              85,560,000    85,560,000             0    2   1   0   8   2   1   0   6
   5   퀸할리                  65,100,000    57,840,000    19,800,000    1   2   3  15   1   1   3  11
   6   야생화                  55,750,000    55,750,000    55,750,000    2   1   2   6   2   1   2   6
   7   은성영웅                94,500,000    94,500,000    81,700,000    2   3   1  10   2   3   1  10
   8   애니카걸                44,580,000    41,060,000    28,750,000    1   2   1  16   1   2   1  12
   9   에이스잭팟             101,630,000    42,300,000    16,200,000    1   4   4  32   0   2   1  11
  10   런파이터                90,060,000    63,660,000    36,000,000    2   3   2  12   1   2   1   9
  11   매직위스퍼              53,350,000    53,350,000    53,350,000    2   2   0   6   2   2   0   5
  12   용가리                  65,300,000    65,300,000    59,800,000    2   1   3  12   2   1   3  11
------------------------------------------------------------------------------------------------------


제목 : 22.09.02 제 65 일  금 요일   8경주;   

 1800 M   출전: 9두    혼3등급 ( R1~65         연령오픈  )     출발:18:00
 별정B         일반      
  41,250,000원   16,500,000원   10,500,000원    3,750,000원    3,000,000원 
------------------------------------------------------------------------------------------------------
 마번  마   명            산지  성별 연령 중량       기수       조교사     마주              레이팅
------------------------------------------------------------------------------------------------------
   1   콰트로맥스          미    수   4  54.0   (-4)윤형석      강은석    조영철                 63
   2   불의검              한    수   3  55.0       다실바      강형곤    이혜란                 56
   3   두무산              한    수   4  54.0       이성재      백광열    이장현                 47
   4   폭풍언덕            미    수   5  54.0   (-3)서강주      김영민    이성인                 61
   5   트루밸러            한    수   6  51.0   (-4)이홍락      울즐리    이시돌협회             55
   6   다르마              한    거   8  54.0       정동철      하무선    김봉겸                 52
   7   스타티세            한    암   4  52.0       전진구      조용배    김근영                 24
   8   덩컨                미    거   4  54.0   (-3)신윤섭      울즐리    박희상                 60
   9   역전명수            미    거   4  57.0       박재이      라이스    정영식                 61
------------------------------------------------------------------------------------------------------
                                                                          --총전적--      --1년전적--
 마번  마  명                  수득상금     1년수득상금  6개월수득상금  1위/2위/3위/계  1위/2위/3위/계
------------------------------------------------------------------------------------------------------
   1   콰트로맥스             130,915,000    81,975,000    20,250,000    1   4   7  20   0   2   5  11
   2   불의검                 112,750,000   112,750,000    99,000,000    4   0   0   9   4   0   0   9
   3   두무산                 111,530,000    84,960,000    52,200,000    4   2   0  23   2   2   0  14
   4   폭풍언덕               149,130,000    44,250,000    41,250,000    4   2   2  19   1   0   0   5
   5   트루밸러               166,730,000    50,230,000             0    3   3   3  27   0   2   1  14
   6   다르마                 269,710,000     6,750,000     6,750,000    5   3   6  52   0   0   0  12
   7   스타티세                23,250,000    23,250,000    14,750,000    1   1   0  28   1   1   0  18
   8   덩컨                   107,800,000    77,250,000    21,000,000    2   2   2  14   1   1   2   6
   9   역전명수               100,130,000    88,650,000    30,750,000    1   3   3  10   1   2   2   8
------------------------------------------------------------------------------------------------------


제목 : 22.09.04 제 66 일  일 요일   1경주;   

 1000 M   출전: 8두    국6등급 ( R0~0          2세       )     출발:12:00
 별정A         일반      
  33,000,000원   13,200,000원    8,400,000원    3,000,000원    2,400,000원 
------------------------------------------------------------------------------------------------------
 마번  마   명            산지  성별 연령 중량       기수       조교사     마주              레이팅
------------------------------------------------------------------------------------------------------
   1   투투플라잉          한(포)암   2  53.0       다실바      강형곤    강용익                   
   2   함평샤인            한    암   2  53.0       조인권      구민성    함평제일                 
   3   탑드림              한    암   2  53.0       김혜선      구영준    하늬바람                 
   4   상상그이상          한(포)수   2  55.0       이성재      백광열    이종훈                   
   5   파이널세븐          한    수   2  55.0       임성실      김병학    송승규                   
   6   강서절영            한    수   2  55.0       정우주      김영관    (주)디알엠씨티           
   7   라온더탱고          한    수   2  55.0       최시대      권승주    손천수                   
   8   마르카브            한    거   2  55.0       박재이      양귀선    박치권                   
------------------------------------------------------------------------------------------------------
                                                                          --총전적--      --1년전적--
 마번  마  명                  수득상금     1년수득상금  6개월수득상금  1위/2위/3위/계  1위/2위/3위/계
------------------------------------------------------------------------------------------------------
   1   투투플라잉               2,400,000     2,400,000     2,400,000    0   0   0   1   0   0   0   1
   2   함평샤인                         0             0             0    0   0   0   1   0   0   0   1
   3   탑드림                   2,400,000     2,400,000     2,400,000    0   0   0   1   0   0   0   1
   4   상상그이상                       0             0             0    0   0   0   0   0   0   0   0
   5   파이널세븐                       0             0             0    0   0   0   0   0   0   0   0
   6   강서절영                         0             0             0    0   0   0   0   0   0   0   0
   7   라온더탱고                       0             0             0    0   0   0   0   0   0   0   0
   8   마르카브                         0             0             0    0   0   0   1   0   0   0   1
------------------------------------------------------------------------------------------------------


제목 : 22.09.04 제 66 일  일 요일   2경주;   

 1200 M   출전:11두    국6등급 ( R0~0          연령오픈  )     출발:13:20
 별정A         일반      
  13,750,000원    5,500,000원    3,500,000원    1,250,000원    1,000,000원 
------------------------------------------------------------------------------------------------------
 마번  마   명            산지  성별 연령 중량       기수       조교사     마주              레이팅
------------------------------------------------------------------------------------------------------
   1   행복한길            한    수   2  54.5       이성재      김길중    허필도                   
   2   불의여신            한    암   3  51.0   (-3)서강주      강형곤    이혜란                   
   3   가속스텔스          한    암   3  50.0   (-4)권오찬      김길중    곽영숙                   
   4   팬텀에이스          한    수   3  56.0       최은경      하무선    말구유                   
   5   나이스데이          한    거   3  56.0       다실바      손병직    임순하                   
   6   원더풀티즈          한(포)암   3  50.0   (-4)이홍락      양귀선    이일형                   
   7   마이티스톰          한    거   3  56.0       박재이      구민성    최종복                   
   8   영웅로드            한    수   3  56.0       조인권      임금만    김지원                   
   9   골든캠프            한    암   3  50.0   (-4)윤형석      윤영훈    윤지중                   
  10   논스톱송            한    거   4  53.0   (-3)신윤섭      손병직    태립                     
  11   테이크아델          한    암   4  50.0   (-4)박종호      민장기    이장현                   
------------------------------------------------------------------------------------------------------
                                                                          --총전적--      --1년전적--
 마번  마  명                  수득상금     1년수득상금  6개월수득상금  1위/2위/3위/계  1위/2위/3위/계
------------------------------------------------------------------------------------------------------
   1   행복한길                         0             0             0    0   0   0   1   0   0   0   1
   2   불의여신                 1,250,000     1,250,000     1,250,000    0   0   0   6   0   0   0   6
   3   가속스텔스                       0             0             0    0   0   0   5   0   0   0   5
   4   팬텀에이스               1,600,000     1,600,000             0    0   0   0   7   0   0   0   7
   5   나이스데이                       0             0             0    0   0   0   4   0   0   0   4
   6   원더풀티즈                       0             0             0    0   0   0   5   0   0   0   5
   7   마이티스톰               4,500,000     4,500,000     4,500,000    0   0   0   4   0   0   0   4
   8   영웅로드                         0             0             0    0   0   0   0   0   0   0   0
   9   골든캠프                         0             0             0    0   0   0   5   0   0   0   5
  10   논스톱송                         0             0             0    0   0   0   1   0   0   0   1
  11   테이크아델               9,000,000     9,000,000     9,000,000    0   1   1  12   0   1   1  11
------------------------------------------------------------------------------------------------------


제목 : 22.09.04 제 66 일  일 요일   3경주;   

 1300 M   출전:12두    국6등급 ( R0~0          연령오픈  )     출발:14:10
 별정A         일반      
  13,750,000원    5,500,000원    3,500,000원    1,250,000원    1,000,000원 
------------------------------------------------------------------------------------------------------
 마번  마   명            산지  성별 연령 중량       기수       조교사     마주              레이팅
------------------------------------------------------------------------------------------------------
   1   엑톤파워            한    수   3  52.0   (-4)윤형석      조용배    고구려                   
   2   스피드마스트        한    수   4  56.0       다실바      박재호    배수한                   
   3   하비스트댄서        한    거   3  52.0   (-4)박종호      이정표    전영환                   
   4   제왕의미소          한    거   3  55.0   (-1)모준호      강형곤    범한산업                 
   5   금의맨              한    수   3  56.0       이성재      최기홍    박평양                   
   6   서귀대로            한    암   3  54.0       김어수      윤영훈    서귀포시축협             
   7   영광의라이더        한    거   4  56.0       임성실      임금만    고승태                   
   8   스마일리래리        한    수   3  56.0       박재이      안우성    이태희                   
   9   스파이스엑톤        한    거   3  56.0       조인권      라이스    정영식                   
  10   스텔라퀸            한    암   3  51.0   (-3)신윤섭      구민성    김용구                   
  11   브라보함양          한    수   3  56.0       최시대      김영관    유영준                   
  12   은빛질주            한    암   3  54.0       정우주      장세한    김화원                   
------------------------------------------------------------------------------------------------------
                                                                          --총전적--      --1년전적--
 마번  마  명                  수득상금     1년수득상금  6개월수득상금  1위/2위/3위/계  1위/2위/3위/계
------------------------------------------------------------------------------------------------------
   1   엑톤파워                 3,850,000     3,850,000     3,850,000    0   0   0  13   0   0   0  13
   2   스피드마스트            10,200,000    10,200,000     9,100,000    0   1   0  11   0   1   0   8
   3   하비스트댄서                     0             0             0    0   0   0   5   0   0   0   5
   4   제왕의미소                       0             0             0    0   0   0   2   0   0   0   2
   5   금의맨                   5,150,000     5,150,000             0    0   0   1   4   0   0   1   4
   6   서귀대로                         0             0             0    0   0   0   3   0   0   0   3
   7   영광의라이더             2,250,000     2,250,000     1,250,000    0   0   0  11   0   0   0   8
   8   스마일리래리             9,000,000     9,000,000     9,000,000    0   1   1   2   0   1   1   2
   9   스파이스엑톤             5,500,000     5,500,000     5,500,000    0   1   0   1   0   1   0   1
  10   스텔라퀸                         0             0             0    0   0   0   5   0   0   0   5
  11   브라보함양               2,000,000     2,000,000             0    0   0   0   2   0   0   0   2
  12   은빛질주                 1,600,000     1,600,000             0    0   0   0   6   0   0   0   6
------------------------------------------------------------------------------------------------------


제목 : 22.09.04 제 66 일  일 요일   4경주;   

 1400 M   출전:12두    국5등급 ( R1~35         연령오픈  )     출발:15:00
 핸디캡        일반      
  22,000,000원    8,800,000원    5,600,000원    2,000,000원    1,600,000원 
------------------------------------------------------------------------------------------------------
 마번  마   명            산지  성별 연령 중량       기수       조교사     마주              레이팅
------------------------------------------------------------------------------------------------------
   1   퀸스타              한    암   3  54.0       다실바      이정표    (주)금악목장           31
   2   마이송              한    암   4  54.0       박재이      권승주    고희종                 31
   3   딕시밴드            한    암   3  54.0       최시대      토마스    정영식                 31
   4   그레이트고          한    암   5  51.5       최은경      장세한    양정두                 26
   5   판타스틱러브        한    암   3  55.5       이성재      구영준    무지개렌트카           34
   6   퍼스트파크          한    암   4  53.5       정동철      이상영    곽종수                 30
   7   퀸오브하츠          한    암   4  52.5       정우주      라이스    부건영                 28
   8   에코레이디          한    암   4  51.0   (-4)이홍락      울즐리    류주영                 31
   9   닥터콩순이          한    암   3  52.0       김어수      백광열    권혁희                 27
  10   투투브레인          한    암   3  52.0   (-1)모준호      강형곤    강용익                 29
  11   오메가걸            한    암   5  52.0       김혜선      이정표    (주)금악목장           27
  12   레이더              한    암   4  54.0       조인권      김영관    유길상                 31
------------------------------------------------------------------------------------------------------
                                                                          --총전적--      --1년전적--
 마번  마  명                  수득상금     1년수득상금  6개월수득상금  1위/2위/3위/계  1위/2위/3위/계
------------------------------------------------------------------------------------------------------
   1   퀸스타                  31,200,000    31,200,000     9,200,000    1   0   1   6   1   0   1   6
   2   마이송                  26,100,000    26,100,000    26,100,000    1   1   1   6   1   1   1   6
   3   딕시밴드                13,750,000    13,750,000    13,750,000    1   0   0   2   1   0   0   2
   4   그레이트고              51,240,000    20,850,000     8,000,000    0   2   3  26   0   0   2  13
   5   판타스틱러브            49,300,000    39,400,000    12,800,000    0   3   3  11   0   2   3  10
   6   퍼스트파크              25,970,000    22,450,000     5,200,000    1   0   1  14   1   0   1   8
   7   퀸오브하츠              29,230,000    12,400,000     3,600,000    1   1   0  16   0   1   0   9
   8   에코레이디              40,280,000    33,240,000    25,200,000    1   2   0  15   1   1   0  11
   9   닥터콩순이              17,600,000    17,600,000             0    0   2   0   5   0   2   0   5
  10   투투브레인              30,000,000    30,000,000    30,000,000    0   3   0   9   0   3   0   9
  11   오메가걸                31,240,000    22,200,000    11,200,000    0   2   3  27   0   2   2  14
  12   레이더                  27,650,000    27,650,000    15,350,000    1   1   1   4   1   1   1   4
------------------------------------------------------------------------------------------------------


제목 : 22.09.04 제 66 일  일 요일   5경주;   

 1600 M   출전:12두    국5등급 ( R1~35         연령오픈  )     출발:16:00
 핸디캡        일반      
  22,000,000원    8,800,000원    5,600,000원    2,000,000원    1,600,000원 
------------------------------------------------------------------------------------------------------
 마번  마   명            산지  성별 연령 중량       기수       조교사     마주              레이팅
------------------------------------------------------------------------------------------------------
   1   선마운틴            한    수   6  53.5       최은경      윤영훈    이계옥                 28
   2   최강포스            한    수   3  55.5       이성재      구영준    고경현                 32
   3   화랑스카이          한    암   3  52.5       김혜선      토마스    박웅진                 30
   4   원더풀버드          한    거   4  54.0       최시대      김길중    지대섭                 29
   5   필그림              한    수   4  54.0       다실바      안우성    김형순                 29
   6   할리우드퀸          한    암   5  52.0       김어수      이정표    천사들의 안장          28
   7   히어로맨            한    거   4  56.0   (-1)모준호      강형곤    송문관                 35
   8   용천                한(포)거   3  51.5   (-3)서강주      임동창    최종하                 30
   9   파이널프런트        한    수   6  52.0   (-4)권오찬      민장기    김욱수                 33
  10   영보스              한    거   3  51.0   (-3)신윤섭      박재호    최병부                 29
  11   투데이스타          한    수   4  51.0   (-4)윤형석      이정표    이계옥                 25
  12   바운티헌터          한    거   4  55.5       박재이      울즐리    제임스윗펠드           32
------------------------------------------------------------------------------------------------------
                                                                          --총전적--      --1년전적--
 마번  마  명                  수득상금     1년수득상금  6개월수득상금  1위/2위/3위/계  1위/2위/3위/계
------------------------------------------------------------------------------------------------------
   1   선마운틴                44,560,000    30,800,000     7,200,000    1   0   4  32   1   0   1  12
   2   최강포스                39,450,000    39,450,000    22,550,000    1   1   2   8   1   1   2   8
   3   화랑스카이              18,000,000    18,000,000    18,000,000    1   0   0   8   1   0   0   8
   4   원더풀버드              32,340,000    30,800,000     5,600,000    1   0   1  17   1   0   1  13
   5   필그림                  29,400,000    29,400,000    16,800,000    0   3   0  11   0   3   0  10
   6   할리우드퀸              44,830,000    41,750,000    26,000,000    2   0   0  31   2   0   0  19
   7   히어로맨                37,800,000    37,800,000    36,550,000    1   2   0  16   1   2   0  16
   8   용천                    17,000,000    17,000,000    17,000,000    1   0   0  11   1   0   0  11
   9   파이널프런트           116,160,000    24,000,000     2,000,000    2   4   4  61   1   0   0  18
  10   영보스                  24,900,000    24,900,000    18,150,000    1   1   0  11   1   1   0  11
  11   투데이스타              15,350,000    15,350,000     1,600,000    1   0   0  15   1   0   0  13
  12   바운티헌터              27,170,000    24,750,000    23,750,000    1   1   0  16   1   1   0  12
------------------------------------------------------------------------------------------------------


제목 : 22.09.04 제 66 일  일 요일   6경주;   

 1200 M   출전:12두    국4등급 ( R1~50         연령오픈  )     출발:17:00
 핸디캡        일반      
  33,000,000원   13,200,000원    8,400,000원    3,000,000원    2,400,000원 
------------------------------------------------------------------------------------------------------
 마번  마   명            산지  성별 연령 중량       기수       조교사     마주              레이팅
------------------------------------------------------------------------------------------------------
   1   닥터시저            한    수   3  56.0       이성재      백광열    권혁희                 46
   2   킹앨리              한    거   4  54.5   (-3)서강주      라이스    김정두                 49
   3   고블린              한    거   5  51.5       최은경      임동창    박병현                 37
   4   마인드존            한    거   3  52.0       김어수      구영준    하늬바람               38
   5   인디매직            한    수   3  52.0       정우주      라이스    이시돌협회             36
   6   짱이                한    거   4  58.0       김혜선      안우성    조영철                 50
   7   크라우드원          한    암   3  52.0       박재이      하무선    김조은                 41
   8   독보                한    암   3  52.0       조인권      양귀선    이성인                 42
   9   서부특급            한    암   3  51.0       최시대      권승주    부건영                 40
  10   그린치타            한    암   3  52.0   (-1)모준호      강형곤    김재영b                44
  11   부산미소            한    수   6  51.0   (-3)신윤섭      강은석    조성우                 41
  12   함양은산삼          한    거   3  58.0       다실바      김영관    유영준                 50
------------------------------------------------------------------------------------------------------
                                                                          --총전적--      --1년전적--
 마번  마  명                  수득상금     1년수득상금  6개월수득상금  1위/2위/3위/계  1위/2위/3위/계
------------------------------------------------------------------------------------------------------
   1   닥터시저                99,800,000    99,800,000    13,200,000    2   2   1   7   2   2   1   7
   2   킹앨리                  76,560,000    59,400,000    13,200,000    2   2   2   7   1   2   0   4
   3   고블린                  50,840,000     5,400,000     5,400,000    1   2   1  12   0   0   0   3
   4   마인드존                55,000,000    55,000,000    22,000,000    2   0   0  10   2   0   0  10
   5   인디매직                40,450,000    40,450,000    31,650,000    1   2   2   8   1   2   2   8
   6   짱이                    68,750,000    68,750,000    68,750,000    3   0   0   5   3   0   0   5
   7   크라우드원              54,350,000    54,350,000    45,550,000    2   1   1   8   2   1   1   8
   8   독보                    66,800,000    66,800,000    66,800,000    2   1   1   6   2   1   1   6
   9   서부특급                48,800,000    48,800,000    48,800,000    1   2   1   6   1   2   1   6
  10   그린치타                64,150,000    64,150,000    57,550,000    2   0   3  11   2   0   3  11
  11   부산미소               138,190,000    34,950,000     5,400,000    3   3   1  36   0   2   0  12
  12   함양은산삼              88,000,000    88,000,000    88,000,000    3   0   0   4   3   0   0   4
------------------------------------------------------------------------------------------------------

