

제목 : 22.05.05(목) 조교현황

  ※기승자범례(조:조교사, 관:주로조교, 기:기수, 후:기수후보생)
  ※비고(금:금주출전예정마, 차:차주출전예정마, 특:특대상경주출전예정마)
  ※금주, 차주 또는 특별 대상경주 출전예상마는 출전신청 결과 및
  조교사의 의사에 따라 변동될 수 있는 미확정된 자료이오니 참고하시기 바랍니다.
━━━━━━━━━━━━━━━━━━━━━━━━━━━━━━━━━━━━━━━
  순 소속조 - 조번 마명              기승자 입장시각  퇴장시각  조교시간 비고
━━━━━━━━━━━━━━━━━━━━━━━━━━━━━━━━━━━━━━━
  1  1조(백광열)29 닥터오스카          관   07:52     08:21       0:29   차
  2  1조(백광열)16 닥터캔디            관   06:34     06:51       0:17   차
  3  1조(백광열) 9 닥터쿠쿠            관   09:03     09:22       0:19   차
  4  1조(백광열)32 닥터탱고            관   06:06     06:32       0:26   차
  5  1조(백광열) 5 닥터패션            기   06:38     06:50       0:12   금
  6  1조(백광열)33 닥터페로            관   07:52     08:21       0:29   차
  7  1조(백광열) 2 닥터페르시아        기   07:03     07:13       0:10   금
  8  1조(백광열)12 닥터프로            기   06:02     06:15       0:13   금
  9  1조(백광열)31 대호전설            기   07:18     07:33       0:15   특
 10  1조(백광열)15 두무산              기   07:22     07:33       0:11   금
 11  1조(백광열) 1 버디버디            기   07:52     08:10       0:18   차
 12  1조(백광열)38 벌마의스타          기   09:02     09:20       0:18   차
 13  1조(백광열)22 실크패션로드        관   09:03     09:22       0:19   차
 14  1조(백광열)17 아델골드            기   06:23     06:36       0:13   특
 15  1조(백광열)42 아델보스            기   08:36     08:52       0:16   차
 16  1조(백광열)13 아델스마트          관   06:05     06:24       0:19   차
 17  1조(백광열)30 아델스텔라          기   07:59     08:16       0:17   차
 18  1조(백광열)20 아델앨리스          관   08:37     08:54       0:17   차
 19  1조(백광열)35 아델크라운          관   07:22     07:41       0:19   차
 20  1조(백광열)34 아델플라이          기   08:01     08:14       0:13   금
 21  1조(백광열) 8 알파송당            기   06:23     06:36       0:13   특
 22  1조(백광열)36 알파어게인          관   06:45     06:55       0:10   금
 23  1조(백광열)25 연승브라보          관   06:48     06:58       0:10   금
 24  1조(백광열)18 영천솔레미오        관   06:10     06:29       0:19   차
 25  1조(백광열) 6 영천파워            기   08:27     08:42       0:15   차
 26  1조(백광열)41 와일드아델          기   08:27     08:38       0:11   금
 27  1조(백광열)10 월드터치            관   09:03     09:22       0:19   차
 28  1조(백광열)21 위너스타            관   07:18     07:33       0:15   특
 29  1조(백광열)19 파워원더풀          관   07:03     07:24       0:21   차
 30  1조(백광열)44 피스톨스타          관   07:52     08:14       0:22   차
 31  2조(강형곤) 2 그린치타            기   06:28     06:37       0:09   차
 32  2조(강형곤)17 노블카우보이        관   06:58     07:09       0:11   차
 33  2조(강형곤) 1 동부스타            관   06:56     07:11       0:15   차
 34  2조(강형곤)30 동부월드            기   06:02     06:15       0:13   차
 35  2조(강형곤)15 록초이스            관   06:02     06:18       0:16   차
 36  2조(강형곤) 8 백구                관   07:22     07:44       0:22   차
 37  2조(강형곤) 7 불의여신            관   06:28     06:45       0:17   차
 38  2조(강형곤) 4 비케이가이아        관   07:23     07:35       0:12   차
 39  2조(강형곤)20 비케이론            관   07:24     07:35       0:11   차
 40  2조(강형곤) 5 비케이룩스          기   06:28     06:33       0:05   금
 41  2조(강형곤)44 비케이맥스          관   06:01     06:15       0:14   차
 42  2조(강형곤)45 비케이존            관   06:29     06:45       0:16   차
 43  2조(강형곤)42 비케이파워          기   06:22     06:30       0:08   금
 44  2조(강형곤)22 비케이하나          기   07:13     07:27       0:14   차
 45  2조(강형곤)31 소리태풍            기   07:36     07:51       0:15   차
 46  2조(강형곤)26 스타캐치            관   07:46     08:02       0:16   차
 47  2조(강형곤)12 스톰어게인          관   07:46     08:02       0:16   차
 48  2조(강형곤) 9 스페셜존            기   06:49     07:05       0:16   금
 49  2조(강형곤)28 스페셜팩트          관   06:29     06:45       0:16   차
 50  2조(강형곤)24 에이원플러스        기   06:47     06:57       0:10   금
 51  2조(강형곤)38 제왕의미소          관   06:58     07:12       0:14   차
 52  2조(강형곤)18 최강무지개          기   06:02     06:16       0:14   금
 53  2조(강형곤)25 투투코인            관   07:46     08:01       0:15   차
 54  2조(강형곤)13 투투플라잉          관   07:24     07:35       0:11   차
 55  2조(강형곤)23 히든찰리            관   06:03     06:15       0:12   금
 56  2조(강형곤)21 히어로맨            관   06:28     06:45       0:17   차
 57  4조(임금만) 8 가디언엔젤          관   06:04     06:14       0:10   차
 58  4조(임금만)14 디러블리퀸          기   07:30     07:41       0:11   금
 59  4조(임금만)11 릴리즈에디션        관   06:40     06:53       0:13   차
 60  4조(임금만)35 모스트래피드        관   07:15     07:37       0:22   차
 61  4조(임금만)13 문화시그니쳐        관   07:13     07:28       0:15   차
 62  4조(임금만) 4 바람의약속          기   08:30     08:39       0:09   차
 63  4조(임금만)36 시티블레이드        관   06:45     06:59       0:14   차
 64  4조(임금만)29 영광의스타트        관   08:33     08:50       0:17   차
 65  4조(임금만)25 영광의파워          관   07:55     08:10       0:15   차
 66  4조(임금만) 7 영웅로드            기   07:15     07:35       0:20   차
 67  4조(임금만)21 워리어클래스        관   07:30     07:42       0:12   차
 68  4조(임금만)26 천년의약속          기   07:48     08:00       0:12   차
 69  4조(임금만) 5 톱에이스            관   08:07     08:18       0:11   차
 70  4조(임금만)12 판타스틱로드        관   08:47     09:05       0:18   차
 71  4조(임금만)23 판타스틱매직        기   07:11     07:22       0:11   차
 72  4조(임금만)24 판타스틱챔프        기   07:30     07:46       0:16   차
 73  4조(임금만)16 판타스틱킹덤        관   06:40     06:53       0:13   차
 74  6조(구영준)21 대호누리            관   06:28     06:42       0:14   차
 75  6조(구영준)11 라우드컬러          관   08:32     08:50       0:18   차
 76  6조(구영준) 9 마인드존            관   06:29     06:43       0:14   차
 77  6조(구영준) 5 바벨포세이돈        관   07:07     07:19       0:12   차
 78  6조(구영준)30 스마트프린스        관   07:50     08:02       0:12   차
 79  6조(구영준)24 우승헌터            관   08:32     08:39       0:07   금
 80  6조(구영준)31 천하넘버원          기   06:29     06:34       0:05   금
 81  6조(구영준)17 최강라이거          관   07:50     08:02       0:12   차
 82  6조(구영준) 7 최강리사            관   07:07     07:24       0:17   차
 83  6조(구영준) 2 컬러윈드            기   06:45     06:54       0:09   금
 84  6조(구영준) 1 히든보이            관   07:19     07:36       0:17   차
 85  7조(김병학) 8 가속데이            관   06:00     06:27       0:27   차
 86  7조(김병학)22 골드스위트          관   07:22     07:37       0:15   차
 87  7조(김병학)18 골드프린스          관   06:00     06:17       0:18   차
 88  7조(김병학) 4 골든플러스          관   08:15     08:41       0:26   차
 89  7조(김병학)24 나르캣              관   08:44     09:00       0:16   차
 90  7조(김병학)23 라이트스토리        관   06:39     06:54       0:15   차
 91  7조(김병학)16 리버스스윕          관   08:06     08:30       0:24   차
 92  7조(김병학)14 마이플레저          관   09:26     09:47       0:21   차
 93  7조(김병학)15 매직위스퍼          관   06:42     06:57       0:15   차
 94  7조(김병학)17 매직힐              관   09:26     09:42       0:16   차
 95  7조(김병학)11 명성매직            관   06:40     06:56       0:17   차
 96  7조(김병학)31 슈퍼빅토리          관   06:00     06:20       0:19   차
 97  7조(김병학) 7 아이윌비프리        관   07:24     07:43       0:19   차
 98  7조(김병학)27 에스엘킹            관   09:26     09:47       0:21   차
 99  7조(김병학)13 에이스코리아        관   06:41     07:09       0:28   차
100  7조(김병학)32 위시럭              관   06:00     06:19       0:19   차
101  7조(김병학)26 인디언파티          기   07:42     07:55       0:13   금
102  7조(김병학) 3 쿨가이              관   07:27     07:50       0:22   차
103  7조(김병학)21 텐텐퀸              관   08:55     09:12       0:17   차
104  7조(김병학) 5 파이널세븐          관   08:15     08:41       0:26   차
105  7조(김병학) 6 해브어굿데이        관   07:42     07:56       0:14   차
106  8조(토마스)30 경주의두레박        기   06:00     06:08       0:08   차
107  8조(토마스)36 골드탭              기   06:00     06:11       0:11   금
108  8조(토마스) 1 그레이트굿          관   06:29     06:44       0:15   차
109  8조(토마스) 9 그레이트록          관   06:00     06:14       0:14   금
110  8조(토마스)23 그레이트원          관   07:56     08:09       0:13   차
111  8조(토마스)26 꽃무리              관   07:29     07:44       0:15   차
112  8조(토마스) 8 딕시밴드            관   06:59     07:15       0:16   차
113  8조(토마스)15 라인브레이커        관   06:00     06:13       0:12   차
114  8조(토마스)10 렛잇고              관   07:30     07:43       0:13   차
115  8조(토마스) 3 로키스카이          관   06:01     06:17       0:16   금
116  8조(토마스)39 마리아스갈          관   06:00     06:08       0:08   차
117  8조(토마스) 6 무적불패            관   07:55     08:12       0:16   차
118  8조(토마스) 2 미드나이트퀸        관   08:25     08:42       0:17   차
119  8조(토마스) 4 바벨드리머          관   06:29     06:40       0:11   금
120  8조(토마스)24 소닉킹이지          관   08:24     08:36       0:12   차
121  8조(토마스)27 스카이모어          관   06:28     06:36       0:08   차
122  8조(토마스)33 알파킹이지          기   06:00     06:12       0:12   차
123  8조(토마스)37 에이스잭팟          기   06:55     07:06       0:11   금
124  8조(토마스)17 에이스포텐          관   08:24     08:34       0:10   차
125  8조(토마스)16 울트라파워          관   07:56     08:10       0:13   차
126  8조(토마스)19 원더풀앤도버        관   06:59     07:15       0:17   차
127  8조(토마스)12 퀸즈대로            관   07:30     07:43       0:13   차
128  8조(토마스)34 태풍이              기   06:44     06:55       0:11   차
129  8조(토마스)28 톱파이어            기   06:29     06:39       0:10   금
130  8조(토마스)25 파워트레인          관   06:55     07:09       0:14   금
131  8조(토마스)21 한라누리            관   07:59     08:10       0:10   차
132  8조(토마스)11 허니스타            관   06:59     07:11       0:12   차
133  8조(토마스)13 화랑스카이          관   07:28     07:35       0:07   차
134  8조(토마스)42 힐모어              관   06:28     06:40       0:12   차
135  9조(양귀선)19 금빛스카이          관   06:00     06:17       0:17   차
136  9조(양귀선)29 뉴크라운            기   06:32     06:46       0:14   차
137  9조(양귀선)25 담양의신            관   06:28     06:40       0:12   차
138  9조(양귀선) 6 대지스페셜          관   06:59     07:12       0:13   차
139  9조(양귀선)15 더퍼스트팩터        기   06:50     06:59       0:09   금
140  9조(양귀선)37 독보                기   06:36     06:47       0:11   금
141  9조(양귀선)21 마르카브            관   07:15     07:39       0:24   차
142  9조(양귀선)10 메니어게인          기   07:06     07:18       0:12   금
143  9조(양귀선)36 바벨히트            기   07:10     07:24       0:14   금
144  9조(양귀선)23 범이내려온다        관   06:00     06:13       0:13   차
145  9조(양귀선) 8 뷰티풀킹            기   06:46     06:57       0:11   금
146  9조(양귀선)27 선더킹              관   06:28     06:44       0:16   차
147  9조(양귀선) 2 어게인헬렌          관   06:06     06:18       0:12   차
148  9조(양귀선)32 원더풀질주          관   06:51     07:10       0:19   차
149  9조(양귀선)20 존워리어            기   07:07     07:17       0:10   차
150  9조(양귀선)28 케이축제            관   06:29     06:37       0:08   차
151  9조(양귀선) 9 퓨어매직            기   06:49     07:01       0:12   차
152  9조(양귀선) 4 하늘강자            기   06:19     06:28       0:09   차
153  9조(양귀선)22 한라백두            관   06:00     06:10       0:10   금
154  9조(양귀선)17 함평맨              관   06:28     06:40       0:12   차
155  9조(양귀선)12 핼러윈파티          기   07:24     07:33       0:09   금
156  9조(양귀선) 1 호랑가시            관   07:48     08:09       0:21   차
157 10조(구민성)31 골드크라운          관   07:19     07:54       0:35   차
158 10조(구민성) 9 그랜드축제          기   07:45     07:55       0:10   금
159 10조(구민성)13 그레이트캡틴        조   06:40     06:58       0:18   금
160 10조(구민성)27 대지플라이          관   06:04     06:20       0:16   차
161 10조(구민성) 6 봉아름캣            관   06:53     07:03       0:10   차
162 10조(구민성) 7 블루카슨            기   07:45     07:55       0:10   금
163 10조(구민성)25 서던킹              기   07:13     07:22       0:09   금
164 10조(구민성)24 스마일보이          관   07:19     07:54       0:35   차
165 10조(구민성) 3 에이프릴퀸          관   06:04     06:18       0:14   차
166 10조(구민성)16 이터널에이스        관   07:21     07:39       0:18   차
167 10조(구민성)12 좋구먼              관   07:19     07:50       0:31   차
168 10조(구민성)15 캡틴양키            관   08:09     08:26       0:17   특
169 10조(구민성) 1 크레이지콘티        기   06:51     07:06       0:15   차
170 10조(구민성)18 패션포스원          조   07:09     07:31       0:22   차
171 11조(김영민)24 그래핀퀸            관   07:06     07:23       0:17   차
172 11조(김영민) 2 그래핀킹            관   06:48     07:01       0:14   차
173 11조(김영민) 3 도미네이션          관   07:47     08:01       0:14   차
174 11조(김영민) 4 말리부별            관   08:28     08:38       0:10   차
175 11조(김영민) 9 맨오브더스타        관   06:40     07:09       0:29   차
176 11조(김영민) 5 무한대              조   08:42     09:22       0:40   차
177 11조(김영민)18 블루챔프            관   07:04     07:21       0:18   차
178 11조(김영민)16 아델퓨펄            관   06:28     06:40       0:12   차
179 11조(김영민)10 언매치드            관   08:42     09:05       0:23   차
180 11조(김영민)19 오케이선더          기   06:28     06:40       0:12   차
181 11조(김영민) 7 적도전사            관   07:47     08:01       0:14   차
182 11조(김영민)20 킹브라더            기   06:44     06:52       0:08   금
183 11조(김영민)11 폭풍질주            조   07:09     07:42       0:33   차
184 11조(김영민)22 한빛영광            관   07:46     07:59       0:13   차
185 11조(김영민)17 해운대스타          관   08:42     09:05       0:22   차
186 12조(조용배) 2 그린스캣            관   07:46     08:06       0:20   차
187 12조(조용배)10 남도일등            기   06:01     06:12       0:11   차
188 12조(조용배)14 밀크데이            관   08:12     08:27       0:15   차
189 12조(조용배) 8 배다리강호          관   07:14     07:30       0:16   차
190 12조(조용배) 6 배다리아이콘        기   06:22     06:36       0:14   금
191 12조(조용배)20 스타티세            기   07:14     07:23       0:09   금
192 12조(조용배)24 엑톤파워            기   07:04     07:16       0:12   금
193 12조(조용배) 5 온누리강자          관   07:47     08:04       0:17   차
194 12조(조용배) 1 운주스타            관   06:20     06:41       0:21   차
195 12조(조용배)15 윈드하이            기   08:17     08:32       0:15   차
196 12조(조용배)13 천마하서            관   09:20     09:44       0:24   차
197 12조(조용배) 4 청마황후            관   08:15     08:34       0:19   차
198 12조(조용배) 7 쾌한황금            기   06:40     06:50       0:10   금
199 12조(조용배) 3 탐라황후            관   08:44     09:09       0:25   차
200 12조(조용배)19 함안방어산          관   07:06     07:28       0:22   차
201 12조(조용배) 9 핫플렉스            관   08:44     09:09       0:25   차
202 13조(박재호)18 골든브룸            관   08:21     08:39       0:18   차
203 13조(박재호) 3 내가새강자          관   06:01     06:17       0:16   금
204 13조(박재호)11 노블스피릿          관   07:19     07:40       0:21   차
205 13조(박재호)13 스피드마스트        관   07:28     07:44       0:17   차
206 13조(박재호)12 실버로드            관   06:43     07:06       0:24   차
207 13조(박재호)20 영보스              기   08:01     08:15       0:14   금
208 13조(박재호)21 오렌지스타          관   06:59     07:18       0:20   차
209 13조(박재호)22 원더풀어필          관   07:43     08:00       0:17   차
210 13조(박재호)24 원더풀트릭스        관   06:43     07:04       0:21   차
211 13조(박재호) 1 이츠마이럭키보이    관   06:01     06:18       0:17   차
212 13조(박재호)17 인디초이스          관   06:07     06:22       0:15   차
213 13조(박재호) 4 총알참              관   07:28     07:46       0:18   금
214 13조(박재호) 8 튠포인트            관   06:06     06:23       0:18   차
215 13조(박재호) 6 트리플선더          관   06:37     06:53       0:16   금
216 13조(박재호)23 파이니스트워리어    조   06:28     07:00       0:32   차
217 14조(윤영훈)12 동남불패            관   07:47     08:10       0:23   차
218 14조(윤영훈) 3 동남히어로          관   07:08     07:22       0:14   차
219 14조(윤영훈)14 마크원              관   06:05     06:31       0:26   차
220 14조(윤영훈) 7 부미스타            기   08:11     08:22       0:11   금
221 14조(윤영훈)19 서귀대로            관   06:04     06:17       0:13   금
222 14조(윤영훈)18 선마운틴            기   06:57     07:08       0:11   금
223 14조(윤영훈) 8 신비한강자          기   06:40     06:50       0:10   금
224 14조(윤영훈) 1 장산왕자            관   06:31     06:51       0:20   차
225 14조(윤영훈)11 진마크              기   07:29     07:43       0:14   차
226 14조(윤영훈)23 칼마크              기   09:14     09:37       0:23   차
227 14조(윤영훈)21 패션블레이드        기   08:33     09:00       0:27   차
228 15조(안우성) 7 구름속산책          관   06:05     06:22       0:17   차
229 15조(안우성)19 굿캐스팅            기   06:21     06:31       0:10   차
230 15조(안우성) 9 더베스트에버        관   08:24     08:41       0:17   차
231 15조(안우성) 3 디어킹              기   06:59     07:09       0:10   차
232 15조(안우성) 2 베르다              관   07:52     08:07       0:15   차
233 15조(안우성)23 스마일리래리        관   09:05     09:23       0:18   차
234 15조(안우성)24 어플리트타핏        기   08:23     08:38       0:15   금
235 15조(안우성)22 얼라이브스타        기   06:21     06:31       0:10   차
236 15조(안우성)31 얼라이브캡틴        관   08:14     08:28       0:14   차
237 15조(안우성)32 올크라운            관   07:53     08:07       0:14   차
238 15조(안우성)20 원더풀디거          관   06:11     06:21       0:10   금
239 15조(안우성)21 원더풀보브캣        기   06:59     07:09       0:10   차
240 15조(안우성) 6 주말보배            관   07:22     07:42       0:20   차
241 15조(안우성)25 짱이                기   06:52     07:00       0:08   차
242 15조(안우성)27 트라이엄프캣        관   07:27     07:41       0:14   차
243 15조(안우성)17 트라이엄프킹        관   08:24     08:45       0:21   차
244 15조(안우성) 8 해남짱돌            관   09:05     09:23       0:18   차
245 15조(안우성)12 화랑의챔피언        기   06:52     06:59       0:07   차
246 16조(김재섭)17 고블린              관   06:06     06:22       0:16   차
247 16조(김재섭)16 동반의시작          관   06:28     06:34       0:06   금
248 16조(김재섭)18 로라이마            관   07:00     07:20       0:20   차
249 16조(김재섭)13 로즈불릿            기   06:28     06:34       0:06   금
250 16조(김재섭) 4 불패영광            관   07:45     08:02       0:17   차
251 16조(김재섭)11 선더퓨리            관   07:01     07:20       0:19   차
252 16조(김재섭)15 스피드선샤인        관   06:33     06:47       0:14   차
253 16조(김재섭) 9 장성대로            관   07:36     07:47       0:11   차
254 16조(김재섭)19 하디찰리            기   07:12     07:20       0:08   차
255 17조(장세한) 6 낭만전사            관   06:31     06:41       0:10   차
256 17조(장세한)23 다이아포스          기   06:44     06:59       0:15   금
257 17조(장세한) 3 레이디골든          관   08:06     08:16       0:10   금
258 17조(장세한)10 매직클래스          관   07:34     07:50       0:16   차
259 17조(장세한)13 저스트윈            기   07:34     07:49       0:15   차
260 17조(장세한) 4 청호보스            기   07:58     08:07       0:09   금
261 17조(장세한) 2 팀스카이            관   06:28     06:41       0:13   금
262 18조(이정표)20 노던라이츠          관   06:01     06:18       0:17   차
263 18조(이정표)17 대왕봉              기   06:18     06:31       0:13   금
264 18조(이정표)16 더프린세스          기   06:37     06:44       0:07   차
265 18조(이정표)18 명성탑걸            관   06:12     06:23       0:11   차
266 18조(이정표) 9 사이먼탑건          관   06:33     06:51       0:18   차
267 18조(이정표)21 상승대한            관   07:46     07:55       0:10   차
268 18조(이정표) 1 언제나영웅          기   07:51     07:59       0:08   금
269 18조(이정표)26 에이원스            기   06:00     06:14       0:14   금
270 18조(이정표)14 연승글로리          기   06:42     06:56       0:14   금
271 18조(이정표) 6 오메가걸            기   06:50     07:07       0:17   차
272 18조(이정표) 3 원더풀차차          기   08:05     08:19       0:14   차
273 18조(이정표)10 탐라하늘            기   07:15     07:22       0:07   차
274 18조(이정표)11 투데이스타          기   07:09     07:18       0:09   금
275 18조(이정표)12 할리우드퀸          관   07:43     08:01       0:18   차
276 18조(이정표)22 함안백이산          관   06:57     07:09       0:12   차
277 19조(김영관)24 가디스문            기   06:51     07:03       0:12   차
278 19조(김영관)25 골든벼락            기   09:34     09:46       0:12   금
279 19조(김영관)31 금아사이킥          관   06:31     06:49       0:18   차
280 19조(김영관) 5 금아스탈렛          기   07:08     07:17       0:09   금
281 19조(김영관)23 금아스토밍          관   09:25     09:30       0:05   차
282 19조(김영관)12 금아인피니티        기   06:43     07:01       0:18   금
283 19조(김영관)26 금아카이로스        관   06:03     06:19       0:16   차
284 19조(김영관)37 나이스최강          관   07:48     08:21       0:33   차
285 19조(김영관)36 동트자보이          관   08:32     08:50       0:18   차
286 19조(김영관)14 레전드넘버원        기   07:27     07:38       0:11   차
287 19조(김영관)16 몽땅                기   07:02     07:16       0:14   특
288 19조(김영관)35 부산항갈매기        관   08:57     09:16       0:19   차
289 19조(김영관)18 샤카                기   08:49     09:05       0:16   차
290 19조(김영관)17 심플칼릭스          관   06:31     06:49       0:18   차
291 19조(김영관)19 에이커스드림        기   07:29     07:40       0:11   금
292 19조(김영관)34 원더풀레이즈        기   07:27     07:38       0:11   특
293 19조(김영관)28 원더풀파일          관   09:44     10:03       0:19   차
294 19조(김영관) 8 월드포에이          관   07:48     08:15       0:27   차
295 19조(김영관)11 코코찰리            관   08:50     09:05       0:15   차
296 19조(김영관)38 킹골리앗            관   07:02     07:24       0:22   차
297 19조(김영관)20 킹보스              기   07:47     08:06       0:19   금
298 19조(김영관)30 킹오브더매치        기   09:46     10:00       0:14   차
299 19조(김영관)32 포켓파워            관   07:02     07:21       0:19   차
300 19조(김영관)27 함양은산삼          기   07:51     08:07       0:16   금
301 20조(최기홍)21 굿바이래비츠        기   08:42     08:56       0:14   차
302 20조(최기홍) 4 그레이트블루        관   07:06     07:24       0:18   차
303 20조(최기홍) 5 메가예감            관   06:34     06:46       0:12   차
304 20조(최기홍)14 버닝파티            관   06:34     06:52       0:18   차
305 20조(최기홍)12 새로운함안          관   08:01     08:14       0:13   차
306 20조(최기홍) 6 성치대로            관   06:06     06:20       0:14   차
307 20조(최기홍)11 영성퀸              기   08:01     08:14       0:13   금
308 20조(최기홍)15 월드플라워          관   06:06     06:18       0:12   금
309 21조(민장기) 3 그레이룰즈          관   07:38     08:10       0:32   차
310 21조(민장기)10 꿈너머              기   07:03     07:20       0:17   차
311 21조(민장기) 2 나이스원            기   06:24     06:33       0:09   금
312 21조(민장기)39 석세스마초          관   08:07     08:29       0:22   차
313 21조(민장기)17 스페셜윈드          기   08:25     08:35       0:10   금
314 21조(민장기)13 와일드블루          기   07:25     07:42       0:17   차
315 21조(민장기)34 운주불패            관   06:45     07:04       0:19   차
316 21조(민장기)29 운주오션            관   06:11     06:28       0:17   차
317 21조(민장기)26 원더풀월드          관   06:46     07:03       0:17   차
318 21조(민장기)19 원마인드            관   07:29     07:46       0:17   차
319 21조(민장기)38 일번지              관   06:08     06:28       0:20   차
320 21조(민장기) 4 일출골드            관   07:29     07:40       0:11   차
321 21조(민장기)30 큐트가이            기   07:53     08:00       0:07   차
322 21조(민장기) 7 타핏원더풀          관   08:34     08:50       0:16   차
323 21조(민장기)12 특급캠프            관   07:29     07:50       0:21   차
324 21조(민장기)24 플랫베이브          관   06:58     07:14       0:16   차
325 22조(강은석) 8 디먼스파이          관   06:28     06:41       0:13   차
326 22조(강은석)14 맨오브더맨          관   06:02     06:15       0:13   차
327 22조(강은석) 6 부산미소            기   07:15     07:23       0:08   금
328 22조(강은석) 5 사랑채              관   07:57     08:12       0:15   차
329 22조(강은석)11 상임여왕            기   06:00     06:11       0:11   차
330 22조(강은석)16 소머치고            관   07:32     07:47       0:15   차
331 22조(강은석)20 운주히어로          관   07:04     07:21       0:17   차
332 22조(강은석)13 정수시대            관   06:28     06:41       0:13   차
333 22조(강은석)15 천년의구름          기   06:55     07:08       0:13   금
334 22조(강은석) 1 투큐트걸            관   06:48     07:09       0:21   차
335 22조(강은석)19 포인트레인          관   06:02     06:15       0:13   차
336 23조(손병직) 1 논스톱송            조   09:49     10:07       0:18   차
337 23조(손병직)12 순천미녀            조   08:02     08:29       0:27   차
338 23조(손병직) 6 월드금메달          관   09:49     10:07       0:18   차
339 23조(손병직)11 함안봉화산          조   06:34     07:19       0:45   차
340 23조(손병직)13 함안서북산          조   07:36     07:49       0:13   차
341 23조(손병직) 9 함안자양산          조   06:00     06:11       0:11   차
342 24조(김길중)12 가속스텔스          기   07:00     07:13       0:13   금
343 24조(김길중) 7 갤럭시로드          관   06:36     06:47       0:11   차
344 24조(김길중)27 골든레이서          관   06:11     06:19       0:08   차
345 24조(김길중) 5 멋진하루            기   07:00     07:13       0:13   금
346 24조(김길중)31 보람이              관   07:27     07:37       0:10   차
347 24조(김길중) 9 블루파워            관   06:15     06:31       0:16   차
348 24조(김길중) 6 스타마타            기   07:27     07:40       0:13   금
349 24조(김길중)19 아나스타시아        기   06:23     06:37       0:14   금
350 24조(김길중)30 원더풀버드          기   06:02     06:12       0:10   금
351 24조(김길중) 2 원더풀피스          기   06:02     06:11       0:09   차
352 24조(김길중)20 캡틴골드            기   06:36     06:47       0:11   차
353 24조(김길중)15 캡틴스텔스          기   06:02     06:13       0:11   금
354 24조(김길중)22 투투셀럽            기   07:08     07:20       0:12   차
355 24조(김길중) 1 투투토리            관   07:27     07:39       0:12   차
356 24조(김길중)18 행복한길            관   06:36     06:47       0:11   차
357 26조(방동석) 7 검은쏜살            관   06:16     06:27       0:11   차
358 26조(방동석) 5 고수의파워          관   07:35     07:44       0:09   차
359 26조(방동석) 9 글로벌히트          관   06:16     06:28       0:12   차
360 26조(방동석)27 느닷                기   07:30     07:43       0:13   차
361 26조(방동석)31 바베어리언          관   07:35     07:49       0:14   차
362 26조(방동석) 2 블랙지수            관   06:51     07:05       0:14   차
363 26조(방동석)32 샤이드래건          기   07:23     07:39       0:16   특
364 26조(방동석)22 에이스데이          관   07:35     07:54       0:19   금
365 26조(방동석)17 영성특급            기   08:01     08:14       0:13   차
366 26조(방동석)18 원더풀리얼티        관   08:13     08:22       0:09   차
367 26조(방동석) 6 원더풀모닝          관   08:07     08:17       0:10   차
368 26조(방동석)12 원더풀오션          관   06:52     07:04       0:12   차
369 26조(방동석) 1 자이언트칼          관   06:52     07:05       0:13   차
370 26조(방동석)26 톱데이              기   07:03     07:12       0:09   금
371 26조(방동석) 3 판타스틱맨          관   06:17     06:28       0:11   차
372 26조(방동석)20 히트예감            관   08:12     08:30       0:18   차
373 27조(이상영) 5 금아니피            기   08:10     08:25       0:15   차
374 27조(이상영) 6 무적찰리            관   06:49     07:27       0:39   차
375 27조(이상영)13 버닝플라이          관   08:53     09:08       0:15   차
376 27조(이상영) 1 블루스카이          관   06:16     06:28       0:13   차
377 27조(이상영)23 스카이아치          관   07:43     07:58       0:16   차
378 27조(이상영)16 스톰투윈            기   07:43     08:03       0:20   차
379 27조(이상영)25 원더풀시크릿        관   06:18     06:34       0:15   차
380 27조(이상영) 2 윈드파크            관   06:48     06:57       0:09   차
381 27조(이상영)12 퍼스트파크          관   07:19     07:29       0:10   금
382 27조(이상영)15 해피매직            기   07:19     07:29       0:10   금
383 28조(하무선)14 색달파이터          기   08:49     09:13       0:24   차
384 28조(하무선) 2 서귀축제            기   07:06     07:15       0:09   금
385 28조(하무선)18 신의전사            기   08:15     08:32       0:17   차
386 28조(하무선) 9 앨버트윈            관   08:15     08:33       0:18   차
387 28조(하무선)10 워너비스타          관   06:53     07:10       0:17   차
388 28조(하무선) 3 월드슬램            기   07:45     08:03       0:18   차
389 28조(하무선) 1 제트캐시            관   08:15     08:33       0:18   차
390 28조(하무선) 7 컬러풀윈드          관   08:49     09:04       0:15   차
391 28조(하무선)12 케이에프원          기   07:45     08:03       0:18   차
392 30조(울즐리)27 갤럭시오브          관   06:00     06:10       0:10   차
393 30조(울즐리) 3 드림오브퀸          관   08:45     09:03       0:18   차
394 30조(울즐리)17 로열페넌트          관   08:14     08:30       0:16   차
395 30조(울즐리)22 리멤버미            관   07:47     07:59       0:12   차
396 30조(울즐리)28 마이럴러바이        관   07:42     07:55       0:14   차
397 30조(울즐리)39 마이팔              관   06:35     06:47       0:12   차
398 30조(울즐리) 2 미라쿨룸            관   06:32     06:44       0:13   차
399 30조(울즐리)26 미스밸러            관   07:09     07:22       0:13   금
400 30조(울즐리)11 미스인디            관   08:50     08:59       0:09   차
401 30조(울즐리)21 미스터스캣          관   07:05     07:22       0:17   금
402 30조(울즐리)13 미스터어플릿        관   08:43     08:52       0:09   차
403 30조(울즐리)34 바운티헌터          관   08:15     08:26       0:11   차
404 30조(울즐리)38 반지의기적          관   08:19     08:30       0:11   차
405 30조(울즐리) 8 반지의매직          관   08:18     08:30       0:12   차
406 30조(울즐리)33 비제이치프          관   08:21     08:35       0:14   차
407 30조(울즐리)31 선더클라우드        관   07:08     07:19       0:11   금
408 30조(울즐리)32 선셋멜로디          기   06:01     06:12       0:11   금
409 30조(울즐리)43 스나이더            관   07:44     07:56       0:12   차
410 30조(울즐리)44 스페이스마린        관   07:44     07:56       0:12   차
411 30조(울즐리)40 아웃넘버드          관   08:45     09:03       0:18   차
412 30조(울즐리)41 에코레이디          기   06:01     06:12       0:11   금
413 30조(울즐리) 9 영광의터치          관   06:34     06:48       0:14   차
414 30조(울즐리)29 오렌지개라지        관   06:00     06:13       0:12   차
415 30조(울즐리)35 윈드토커            관   07:42     07:55       0:13   차
416 30조(울즐리) 7 유서프              기   06:01     06:12       0:11   차
417 30조(울즐리)37 천사의노래          관   07:47     07:59       0:13   차
418 30조(울즐리)14 카피댓              관   07:08     07:22       0:14   금
419 30조(울즐리)24 캣니스              관   06:35     06:46       0:11   금
420 30조(울즐리)25 클리어              기   06:00     06:11       0:11   차
421 30조(울즐리) 5 토미리스            관   07:05     07:18       0:13   차
422 30조(울즐리)23 토탈이클립스        관   06:34     06:48       0:14   차
423 30조(울즐리)30 평화축제            기   06:29     06:39       0:10   차
424 30조(울즐리)18 퓨전퀸              관   07:12     07:32       0:20   금
425 30조(울즐리)20 프로칸설            관   08:18     08:31       0:13   차
426 30조(울즐리)16 해피위치            관   08:44     08:51       0:08   차
427 30조(울즐리)15 헌치                기   06:00     06:11       0:11   차
428 31조(라이스)26 그린스피드          관   06:42     06:54       0:12   차
429 31조(라이스)19 메이저포스          기   07:23     07:34       0:11   차
430 31조(라이스)17 뷰어메이징          관   08:03     08:14       0:11   차
431 31조(라이스)38 블랙올리브          관   07:16     07:30       0:14   차
432 31조(라이스)37 쏜살처럼            관   08:00     08:14       0:14   차
433 31조(라이스)22 알파브이            기   06:03     06:13       0:10   차
434 31조(라이스)30 에이스솔로몬        기   06:02     06:12       0:10   차
435 31조(라이스)18 원더블레이드        관   06:06     06:16       0:10   차
436 31조(라이스)13 월드삭스            기   06:29     06:40       0:11   차
437 31조(라이스)28 위대한함안          관   06:42     06:57       0:15   차
438 31조(라이스)12 장산바비            기   06:29     06:39       0:10   차
439 31조(라이스)32 정문드래곤          관   06:08     06:18       0:10   차
440 31조(라이스)27 정문치타            관   07:23     07:34       0:11   차
441 31조(라이스) 6 퀸마블이지          관   07:08     07:18       0:09   차
442 31조(라이스) 5 퀸앨리              관   07:27     07:37       0:10   금
443 31조(라이스)43 킥앤드러시          기   06:03     06:13       0:10   차
444 31조(라이스)45 퍼플망고            관   06:40     06:51       0:11   차
445 31조(라이스) 7 픽처재스퍼          관   06:08     06:18       0:10   차
446 31조(라이스) 8 허리케인참          기   06:03     06:13       0:10   차
447 32조(임동창)18 골든                관   08:14     08:35       0:21   차
448 32조(임동창) 8 글로벌승리          관   06:52     07:10       0:18   금
449 32조(임동창) 5 글로벌여신          기   06:28     06:41       0:13   차
450 32조(임동창)19 글로벌최고          관   07:19     07:40       0:21   차
451 32조(임동창) 1 다승이              관   06:09     06:28       0:19   차
452 32조(임동창)17 마이베이비걸        관   06:23     06:40       0:17   차
453 32조(임동창)15 성실시화            기   06:48     07:06       0:18   금
454 32조(임동창) 7 용가리              관   07:20     07:35       0:15   차
455 32조(임동창) 9 투투라임            관   07:19     07:35       0:16   차
456 32조(임동창)12 하바나제인          기   06:02     06:13       0:11   금
457 33조(권승주)39 감동에너지          관   06:32     06:45       0:13   차
458 33조(권승주)19 골든위너            관   06:21     06:40       0:19   차
459 33조(권승주)20 골든파워            기   06:43     06:58       0:15   금
460 33조(권승주) 6 라온더밀리언        기   06:28     06:37       0:09   금
461 33조(권승주)15 라온더보스          관   07:23     07:41       0:18   차
462 33조(권승주)16 라온더탱크          기   07:34     07:49       0:15   금
463 33조(권승주)13 라온더파워          관   06:12     06:28       0:16   금
464 33조(권승주)34 루사                관   07:05     07:26       0:22   차
465 33조(권승주) 9 마이송              관   07:58     08:10       0:12   차
466 33조(권승주)11 마하원더            관   08:40     09:05       0:25   차
467 33조(권승주)32 볼라벤              기   07:36     07:47       0:11   차
468 33조(권승주)28 서부특급            관   06:56     07:14       0:18   차
469 33조(권승주)33 선라이트보이        관   06:10     06:28       0:18   차
470 33조(권승주)30 센텀토르            관   07:30     07:45       0:15   차
471 33조(권승주)45 어메이징풋          기   07:36     07:47       0:11   차
472 33조(권승주)35 위대한선택          기   06:28     06:38       0:10   금
473 33조(권승주)42 유아어보스          관   08:02     08:23       0:21   차
474 33조(권승주)25 은성여왕            관   08:50     09:12       0:23   차
475 33조(권승주)18 은성위너            기   06:44     06:58       0:14   특
476 33조(권승주)26 일강대로            관   08:40     09:05       0:25   차
477 33조(권승주)41 일념천하            기   08:02     08:15       0:13   금
478 33조(권승주)24 일념통천            관   06:29     06:42       0:13   금
479 33조(권승주) 1 천년의퀸            관   06:39     06:55       0:16   차
480 33조(권승주)38 청호리더            관   07:36     07:47       0:11   차
481 33조(권승주)43 탭댄서              관   07:55     08:25       0:30   차
482 33조(권승주)29 피플파워            관   08:02     08:25       0:23   차
483 33조(권승주)22 희망펀치            기   07:58     08:10       0:12   차
━━━━━━━━━━━━━━━━━━━━━━━━━━━━━━━━━━━━━━━
                                                      출력일자 : 2022. 5. 5

