

제목 : 22.06.25 제 47 일  토 요일   1경주;   

 1000 M   출전: 8두    국6등급   ( R0~0             2세       )     출발:10:45
 별정A         김점오 조교사 은퇴 기념
  41,250,000원   16,500,000원   10,500,000원    3,750,000원    3,000,000원 
------------------------------------------------------------------------------------------------------
 마번  마   명            산지  성별 연령 중량       기수       조교사     마주              레이팅
------------------------------------------------------------------------------------------------------
   1   글로벌강타          한    수   2  55.0       김동수      최상식    장재형                   
   2   쾌향                한    수   2  55.0       최범현      박재우    민형근                   
   3   에이원스타          한    수   2  55.0       김태훈      지용철    금악목장                 
   4   네모프린스          한    수   2  55.0       문성혁      김동균    최지욱                   
   5   짜릿한자유          한    수   2  55.0       조한별      안병기    우태율                   
   6   한강여울            한    암   2  53.0       박현우      곽영효    나기두                   
   7   모닝프린스          한    수   2  55.0       빅투아르    서인석    최상기                   
   8   스트롱참            한    수   2  55.0       장추열      김동철    김세민                   
------------------------------------------------------------------------------------------------------
                                                                          --총전적--      --1년전적--
 마번  마  명                  수득상금     1년수득상금  6개월수득상금  1위/2위/3위/계  1위/2위/3위/계
------------------------------------------------------------------------------------------------------
   1   글로벌강타                       0             0             0    0   0   0   0   0   0   0   0
   2   쾌향                             0             0             0    0   0   0   0   0   0   0   0
   3   에이원스타              10,500,000    10,500,000    10,500,000    0   0   1   1   0   0   1   1
   4   네모프린스                       0             0             0    0   0   0   0   0   0   0   0
   5   짜릿한자유                       0             0             0    0   0   0   0   0   0   0   0
   6   한강여울                         0             0             0    0   0   0   0   0   0   0   0
   7   모닝프린스                       0             0             0    0   0   0   0   0   0   0   0
   8   스트롱참                         0             0             0    0   0   0   0   0   0   0   0
------------------------------------------------------------------------------------------------------


제목 : 22.06.25 제 47 일  토 요일   2경주;   

 1000 M   출전: 9두    국6등급   ( R0~0             2세       )     출발:11:35
 별정A         박대흥 조교사 은퇴 기념
  41,250,000원   16,500,000원   10,500,000원    3,750,000원    3,000,000원 
------------------------------------------------------------------------------------------------------
 마번  마   명            산지  성별 연령 중량       기수       조교사     마주              레이팅
------------------------------------------------------------------------------------------------------
   1   리걸하이            한    암   2  50.0   (-3)김태희      서인석    강균호                   
   2   네이비크롬          한(포)암   2  53.0       장추열      정호익    최상기                   
   3   월드플레이          한    수   2  55.0       김옥성      최영주    조현영                   
   4   강력한지금          한    수   2  55.0       김태훈      지용철    금악목장                 
   5   슈어윈              한(포)암   2  53.0       김정준      서범석    청팅콩                   
   6   화이트넘버원        한    수   2  55.0       최범현      박재우    이진경                   
   7   울트라삭스          한    암   2  53.0       이동하      강성오    김창식                   
   8   검은질주            한    수   2  55.0       송재철      박윤규    박덕희                   
   9   그린스파크          한    암   2  53.0       이혁        홍대유    김재영b                  
------------------------------------------------------------------------------------------------------
                                                                          --총전적--      --1년전적--
 마번  마  명                  수득상금     1년수득상금  6개월수득상금  1위/2위/3위/계  1위/2위/3위/계
------------------------------------------------------------------------------------------------------
   1   리걸하이                         0             0             0    0   0   0   0   0   0   0   0
   2   네이비크롬                       0             0             0    0   0   0   0   0   0   0   0
   3   월드플레이                       0             0             0    0   0   0   0   0   0   0   0
   4   강력한지금                       0             0             0    0   0   0   1   0   0   0   1
   5   슈어윈                           0             0             0    0   0   0   0   0   0   0   0
   6   화이트넘버원            16,500,000    16,500,000    16,500,000    0   1   0   1   0   1   0   1
   7   울트라삭스                       0             0             0    0   0   0   0   0   0   0   0
   8   검은질주                         0             0             0    0   0   0   0   0   0   0   0
   9   그린스파크                       0             0             0    0   0   0   0   0   0   0   0
------------------------------------------------------------------------------------------------------


제목 : 22.06.25 제 47 일  토 요일   3경주;   

 1200 M   출전:12두    국6등급   ( R0~0             3세이하   )     출발:12:40
 별정A         서정하 조교사 은퇴 기념
  22,000,000원    8,800,000원    5,600,000원    2,000,000원    1,600,000원 
------------------------------------------------------------------------------------------------------
 마번  마   명            산지  성별 연령 중량       기수       조교사     마주              레이팅
------------------------------------------------------------------------------------------------------
   1   옥천최강            한    수   3  56.0       송재철      곽영효    이재민                   
   2   고마나루            한    수   3  56.0       김태훈      구자흥    김근영                   
   3   나우누리            한    암   3  54.0       김정준      김윤섭    최장석                   
   4   골드파워            한    암   3  54.0       김효정      박재우    김은갑                   
   5   킹스아이            한    수   3  56.0       최범현      홍대유    금악목장                 
   6   헤이마마            한    암   3  54.0       박병윤      유재길    오상철                   
   7   팍스누리            한    암   3  54.0       박현우      안해양    임두인                   
   8   은파마운틴          한    수   3  53.0   (-3)김태희      박희철    이미경                   
   9   가기만고당          한    거   3  56.0       하정훈      이준철    이종욱                   
  10   천마챗              한    수   2  54.0       김동수      최봉주    조금제                   
  11   아라챔프            한    암   3  54.0       이현종      서인석    고재완                   
  12   스피어킹            한    거   3  56.0       유승완      김동균    김영완                   
------------------------------------------------------------------------------------------------------
                                                                          --총전적--      --1년전적--
 마번  마  명                  수득상금     1년수득상금  6개월수득상금  1위/2위/3위/계  1위/2위/3위/계
------------------------------------------------------------------------------------------------------
   1   옥천최강                12,800,000    12,800,000    12,800,000    0   1   0   3   0   1   0   3
   2   고마나루                         0             0             0    0   0   0   1   0   0   0   1
   3   나우누리                         0             0             0    0   0   0   0   0   0   0   0
   4   골드파워                         0             0             0    0   0   0   0   0   0   0   0
   5   킹스아이                 2,000,000     2,000,000     2,000,000    0   0   0   2   0   0   0   2
   6   헤이마마                         0             0             0    0   0   0   1   0   0   0   1
   7   팍스누리                         0             0             0    0   0   0   0   0   0   0   0
   8   은파마운틴               5,600,000     5,600,000     5,600,000    0   0   1   2   0   0   1   2
   9   가기만고당               5,600,000     5,600,000     5,600,000    0   0   1   3   0   0   1   3
  10   천마챗                           0             0             0    0   0   0   0   0   0   0   0
  11   아라챔프                 1,000,000     1,000,000     1,000,000    0   0   0   1   0   0   0   1
  12   스피어킹                         0             0             0    0   0   0   0   0   0   0   0
------------------------------------------------------------------------------------------------------


제목 : 22.06.25 제 47 일  토 요일   4경주;   

 1200 M   출전:11두    국5등급   ( R1~35            연령오픈  )     출발:13:50
 핸디캡        임봉춘 조교사 은퇴 기념
  22,000,000원    8,800,000원    5,600,000원    2,000,000원    1,600,000원 
------------------------------------------------------------------------------------------------------
 마번  마   명            산지  성별 연령 중량       기수       조교사     마주              레이팅
------------------------------------------------------------------------------------------------------
   1   콩코드스파크        한    암   3  54.5       안토니오    이관호    김정철                 32
   2   리마커블            한    암   3  53.0       이혁        지용철    조용학                 29
   3   트로트퀸            한    암   3  53.0       김정준      김동균    김영근                 29
   4   화수분              한    암   3  56.0       장추열      정호익    양순희                 35
   5   케이엔올드퀸        한    암   3  55.0       이동하      박대흥    조경수                 33
   6   천리총              한    암   3  52.5       유승완      배휴준    조금제                 28
   7   그린짱              한    암   4  56.0       이현종      홍대유    김재영b                35
   8   생일선물            한    암   3  52.0       조한별      안병기    우태율                 27
   9   엘리트룰즈          한    암   4  54.0       김옥성      이희영    태희종합건설           31
  10   드림걸스            한    암   5  52.0       김효정      우창구    드림커뮤니티           27
  11   큐피드비상          한    암   5  53.0       부민호      서범석    서순배                 29
------------------------------------------------------------------------------------------------------
                                                                          --총전적--      --1년전적--
 마번  마  명                  수득상금     1년수득상금  6개월수득상금  1위/2위/3위/계  1위/2위/3위/계
------------------------------------------------------------------------------------------------------
   1   콩코드스파크            22,000,000    22,000,000    22,000,000    1   0   0   3   1   0   0   3
   2   리마커블                45,500,000    45,500,000    22,400,000    0   2   2  11   0   2   2  11
   3   트로트퀸                20,050,000    20,050,000    17,800,000    0   2   1   7   0   2   1   7
   4   화수분                  50,900,000    50,900,000    23,600,000    1   1   2   6   1   1   2   6
   5   케이엔올드퀸            40,800,000    40,800,000    40,800,000    1   1   1   4   1   1   1   4
   6   천리총                  27,500,000    27,500,000     8,800,000    0   3   0  11   0   3   0  11
   7   그린짱                  41,810,000     8,800,000     8,800,000    1   2   0  13   0   1   0   5
   8   생일선물                17,600,000    17,600,000    17,600,000    0   2   0   5   0   2   0   5
   9   엘리트룰즈              26,870,000    25,330,000    15,750,000    1   1   1  12   1   1   1   9
  10   드림걸스                60,510,000    11,110,000     5,600,000    1   1   4  21   0   0   1  11
  11   큐피드비상              56,490,000     2,000,000     2,000,000    1   2   1  21   0   0   0   7
------------------------------------------------------------------------------------------------------


제목 : 22.06.25 제 47 일  토 요일   5경주;   

 1300 M   출전:10두    국5등급   ( R1~35            연령오픈  )     출발:14:45
 별정B         지용철 조교사 은퇴 기념
  22,000,000원    8,800,000원    5,600,000원    2,000,000원    1,600,000원 
------------------------------------------------------------------------------------------------------
 마번  마   명            산지  성별 연령 중량       기수       조교사     마주              레이팅
------------------------------------------------------------------------------------------------------
   1   페더럴캣            한    수   6  57.0       김정준      지용철    최성룡                 35
   2   마칼루파워          한    수   5  57.0       문성혁      서홍수    김세민                 34
   3   원더풀우먼          한    암   4  55.0       이동하      조현수    김선식                 33
   4   카우보이탱고        한    거   4  55.0       김동수      최상식    임동현                 27
   5   장군별              한    수   3  56.0       안토니오    최봉주    오종환                 31
   6   온천하              한    수   4  55.0       김태훈      지용철    김광명                 26
   7   골드스파이크        한    암   4  54.0       송재철      송문길    박복용                 31
   8   일향달마            한    암   4  52.0       조한별      조현수    이창모                 22
   9   빛의대륙            한    암   3  54.0       김효정      배대선    미리내                 29
  10   피엔에스찬스        한    암   3  51.0   (-3)김태희      박윤규    피엔에스커튼월         31
------------------------------------------------------------------------------------------------------
                                                                          --총전적--      --1년전적--
 마번  마  명                  수득상금     1년수득상금  6개월수득상금  1위/2위/3위/계  1위/2위/3위/계
------------------------------------------------------------------------------------------------------
   1   페더럴캣               125,580,000             0             0    3   2   4  35   0   0   0  11
   2   마칼루파워              74,650,000    53,750,000    42,620,000    1   2   5  22   1   1   3  15
   3   원더풀우먼              37,620,000    37,620,000    33,000,000    1   2   1   9   1   2   1   9
   4   카우보이탱고            28,440,000    21,180,000     1,600,000    1   1   2  14   0   1   2  10
   5   장군별                  23,850,000    23,850,000    22,850,000    1   0   2   7   1   0   2   7
   6   온천하                  15,500,000    15,500,000     4,500,000    0   1   2  10   0   1   2   8
   7   골드스파이크            31,280,000    24,240,000     5,200,000    1   0   1  14   1   0   1   9
   8   일향달마                19,780,000     5,500,000             0    0   2   2  14   0   1   0   9
   9   빛의대륙                29,300,000    29,300,000    17,000,000    1   1   0   9   1   1   0   9
  10   피엔에스찬스            32,700,000    32,700,000    27,300,000    1   1   1   9   1   1   1   9
------------------------------------------------------------------------------------------------------


제목 : 22.06.25 제 47 일  토 요일   6경주;   

 1400 M   출전:12두    국5등급   ( R1~35            연령오픈  )     출발:15:40
 핸디캡        일반      
  22,000,000원    8,800,000원    5,600,000원    2,000,000원    1,600,000원 
------------------------------------------------------------------------------------------------------
 마번  마   명            산지  성별 연령 중량       기수       조교사     마주              레이팅
------------------------------------------------------------------------------------------------------
   1   어메이징위즈        한    암   5  55.0       김효정      송문길    최몽주                 35
   2   티나                한    암   4  53.0       유승완      이관호    곽홍석                 31
   3   그랜드파워          한    수   3  54.0       송재철      김동균    박민지                 29
   4   킹심바              한    거   4  55.5       이동하      강성오    이관형                 32
   5   피엔에스갬블        한    수   3  54.5       김동수      조현수    피엔에스커튼월         30
   6   금성세계            한    수   4  54.0       빅투아르    박재우    조창규                 29
   7   골드케이            한    거   4  55.5       이혁        박대흥    강경운                 32
   8   논스톱위닝          한    거   6  53.0       문정균      유재길    태희종합건설           27
   9   퀸라이언            한    암   5  52.0       조한별      조현수    신우철                 26
  10   럭키크라운          한    암   3  53.0       김정준      배휴준    이미경                 31
  11   송암레이서          한    거   4  54.5       문성혁      최용건    송암축산               30
  12   블루해머            한    수   4  57.0       안토니오    강환민    이종원                 35
------------------------------------------------------------------------------------------------------
                                                                          --총전적--      --1년전적--
 마번  마  명                  수득상금     1년수득상금  6개월수득상금  1위/2위/3위/계  1위/2위/3위/계
------------------------------------------------------------------------------------------------------
   1   어메이징위즈            81,000,000    36,600,000    17,800,000    2   2   2  19   0   2   1  10
   2   티나                    30,260,000    30,260,000    19,500,000    0   2   3  13   0   2   3   9
   3   그랜드파워              24,700,000    24,700,000    24,700,000    0   3   0   7   0   3   0   7
   4   킹심바                  26,460,000    26,460,000    10,400,000    1   1   1  10   1   1   1   9
   5   피엔에스갬블            33,200,000    33,200,000    33,200,000    1   0   2   9   1   0   2   9
   6   금성세계                19,060,000             0             0    1   1   1   9   0   0   0   4
   7   골드케이                34,680,000    19,720,000             0    1   1   3  13   0   1   2   8
   8   논스톱위닝              39,170,000    10,450,000     8,800,000    1   2   3  19   0   1   0   9
   9   퀸라이언                16,950,000    10,350,000    10,350,000    0   0   3  17   0   0   2   9
  10   럭키크라운              35,750,000    35,750,000    13,600,000    1   0   1   9   1   0   1   9
  11   송암레이서              19,350,000    19,350,000    19,350,000    1   0   1   9   1   0   1   7
  12   블루해머                43,940,000    32,280,000    27,600,000    1   1   3  10   1   0   2   7
------------------------------------------------------------------------------------------------------


제목 : 22.06.25 제 47 일  토 요일   7경주;   

 1700 M   출전: 8두    국4등급   ( R1~50            연령오픈  )     출발:16:35
 별정B         일반      
  33,000,000원   13,200,000원    8,400,000원    3,000,000원    2,400,000원 
------------------------------------------------------------------------------------------------------
 마번  마   명            산지  성별 연령 중량       기수       조교사     마주              레이팅
------------------------------------------------------------------------------------------------------
   1   아침함성            한    암   4  56.0       장추열      박희철    이미경                 48
   2   찬란한날            한    수   4  56.0       유승완      임봉춘    진교원                 44
   3   천지폭풍            한    거   6  54.0       이현종      서인석    홍상기                 38
   4   스피드이즈칸        한    수   7  57.0       문정균      서정하    대한사료               47
   5   레드백              한    수   4  55.0   (-3)김태희      박천서    윤훈현                 49
   6   청산강호            한    수   4  58.0       먼로        이관호    황은호                 48
   7   드림맥스            한    암   4  54.0       김옥성      임봉춘    김호진                 43
   8   청담위키드          한    암   4  55.0       안토니오    강환민    김형란                 45
------------------------------------------------------------------------------------------------------
                                                                          --총전적--      --1년전적--
 마번  마  명                  수득상금     1년수득상금  6개월수득상금  1위/2위/3위/계  1위/2위/3위/계
------------------------------------------------------------------------------------------------------
   1   아침함성               106,280,000   101,440,000    66,700,000    3   1   1  17   3   1   1  11
   2   찬란한날                79,440,000    77,020,000    43,800,000    2   3   0  14   2   3   0   9
   3   천지폭풍                83,600,000    42,720,000     8,400,000    3   1   2  25   2   0   1   8
   4   스피드이즈칸           193,940,000    19,350,000     2,400,000    2   6   3  42   0   0   1  11
   5   레드백                  97,060,000    78,000,000    50,400,000    3   1   3  11   2   0   2   7
   6   청산강호               101,230,000    77,080,000    63,600,000    3   1   3  17   2   1   2  10
   7   드림맥스                78,370,000    57,600,000    44,400,000    2   3   1  14   1   1   1   8
   8   청담위키드              58,010,000    33,760,000    22,000,000    2   1   2  12   1   1   1   8
------------------------------------------------------------------------------------------------------


제목 : 22.06.25 제 47 일  토 요일   8경주;   

 2000 M   출전: 8두    2등급   ( R1~80            연령오픈  )     출발:17:30
 별정B         일반      
  49,500,000원   19,800,000원   12,600,000원    4,500,000원    3,600,000원 
------------------------------------------------------------------------------------------------------
 마번  마   명            산지  성별 연령 중량       기수       조교사     마주              레이팅
------------------------------------------------------------------------------------------------------
   1   명진플라이          미    거   5  54.0       이현종      최용건    (주)자성실업           66
   2   퀸즈투어            한    암   4  52.0       이용호      임봉춘    안희철                 65
   3   대군제패            미    수   6  54.0       먼로        구자흥    표종순                 68
   4   히든삭스            미    수   5  56.0       이동하      강성오    김창식                 72
   5   볼트맨              미    거   4  57.0       송재철      김동균    최지욱                 76
   6   액티몬              미    거   6  54.0       문성혁      토니      김호선                 66
   7   디터미네이션        한    수   5  58.0       부민호      서범석    청메이칭               80
   8   루킹굿              한    수   6  55.0       이혁        전승규    신우철                 69
------------------------------------------------------------------------------------------------------
                                                                          --총전적--      --1년전적--
 마번  마  명                  수득상금     1년수득상금  6개월수득상금  1위/2위/3위/계  1위/2위/3위/계
------------------------------------------------------------------------------------------------------
   1   명진플라이             144,250,000     3,500,000             0    2   3   0  16   0   0   0   7
   2   퀸즈투어               234,980,000   214,520,000   167,500,000    3   3   2  12   2   2   1   8
   3   대군제패               204,100,000    24,600,000     4,500,000    2   5   1  19   0   1   0   5
   4   히든삭스               180,200,000   117,850,000    48,900,000    2   5   3  20   2   2   2   9
   5   볼트맨                 208,540,000   160,800,000   103,350,000    6   2   1  11   3   1   1   7
   6   액티몬                 160,530,000     7,500,000             0    2   4   1  19   0   0   0   5
   7   디터미네이션           405,580,000   205,100,000   163,850,000    6   1   4  17   3   0   1   7
   8   루킹굿                 193,170,000    56,500,000    46,000,000    4   0   6  17   0   0   2   5
------------------------------------------------------------------------------------------------------


제목 : 22.06.25 제 47 일  토 요일   9경주;   

 1400 M   출전:11두    국3등급   ( R1~65            연령오픈  )     출발:18:00
 핸디캡        일반      
  41,250,000원   16,500,000원   10,500,000원    3,750,000원    3,000,000원 
------------------------------------------------------------------------------------------------------
 마번  마   명            산지  성별 연령 중량       기수       조교사     마주              레이팅
------------------------------------------------------------------------------------------------------
   1   파이팅히어로        한(포)거   6  52.5       문정균      서범석    청팅콩                 54
   2   황금해              한    수   5  52.0       이용호      임봉춘    진교원                 51
   3   열린문              한    수   5  51.0   (-3)김태희      서인석    김재성a                56
   4   위너블루            한    거   5  52.0       이동하      우창구    전영범                 51
   5   송암캔디            한(포)거   6  57.0       박현우      안해양    송암축산               63
   6   교룡득수            한    수   5  53.5       김태훈      지용철    (주)디알엠씨티         56
   7   톱시드              한(포)거   5  52.0       김정준      박병일    임동현                 52
   8   우아륭              한    암   5  52.0       유승완      안해양    임흥호                 57
   9   신의아들            한    수   4  52.0       송재철      임봉춘    김진태a                49
  10   파이팅대디          한    거   4  53.0       최범현      최봉주    김정철                 55
  11   미르스톰            한    거   6  55.0       조한별      김동철    이월희                 59
------------------------------------------------------------------------------------------------------
                                                                          --총전적--      --1년전적--
 마번  마  명                  수득상금     1년수득상금  6개월수득상금  1위/2위/3위/계  1위/2위/3위/계
------------------------------------------------------------------------------------------------------
   1   파이팅히어로           185,720,000    17,370,000     6,000,000    4   1   3  26   0   0   0  10
   2   황금해                 125,590,000    12,150,000             0    2   3   4  18   0   0   1   6
   3   열린문                 149,260,000    60,350,000    19,500,000    4   3   3  22   1   1   0  10
   4   위너블루               181,810,000   114,660,000    75,450,000    3   3   4  24   2   2   1  10
   5   송암캔디               147,720,000    72,200,000    55,500,000    3   5   1  13   1   1   1   7
   6   교룡득수               176,500,000    90,350,000    85,500,000    4   3   0  23   2   1   0  10
   7   톱시드                 112,150,000    75,400,000    40,200,000    4   2   4  16   3   1   2   8
   8   우아륭                 494,490,000    19,890,000     3,750,000    4   2   1  13   0   1   0   4
   9   신의아들               104,600,000    82,000,000    54,600,000    3   3   4  15   1   3   4  10
  10   파이팅대디             111,170,000    88,110,000    33,000,000    4   3   0  13   2   2   0   7
  11   미르스톰               237,070,000    47,700,000    13,500,000    4   3   3  33   1   0   0  11
------------------------------------------------------------------------------------------------------


제목 : 22.06.26 제 48 일  일 요일   1경주;   

 1300 M   출전:10두    국6등급   ( R0~0             3세이하   )     출발:10:45
 별정A         일반      
  22,000,000원    8,800,000원    5,600,000원    2,000,000원    1,600,000원 
------------------------------------------------------------------------------------------------------
 마번  마   명            산지  성별 연령 중량       기수       조교사     마주              레이팅
------------------------------------------------------------------------------------------------------
   1   매직모카신          한    암   3  54.0       김효정      구자흥    고창범                   
   2   금아시크            한(포)암   3  54.0       빅투아르    리카디    금아산업(주)             
   3   피엔에스안          한    암   3  54.0       문정균      유재길    피엔에스홈즈             
   4   티즈데이            한    암   3  54.0       하정훈      최용건    (주)자성실업             
   5   퀵실버              한    암   3  51.0   (-3)김태희      서인석    홍상기                   
   6   피엔에스싱          한    암   3  54.0       김동수      배휴준    피엔에스홈즈             
   7   한강히어로          한    암   3  54.0       박현우      곽영효    김학록                   
   8   송암아치걸          한    암   3  54.0       송재철      강환민    송암축산                 
   9   플라이제니          한    암   3  54.0       안토니오    최봉주    오종환                   
  10   그린드래건          한    암   3  54.0       김정준      홍대유    김재영b                  
------------------------------------------------------------------------------------------------------
                                                                          --총전적--      --1년전적--
 마번  마  명                  수득상금     1년수득상금  6개월수득상금  1위/2위/3위/계  1위/2위/3위/계
------------------------------------------------------------------------------------------------------
   1   매직모카신              10,600,000    10,600,000    10,600,000    0   0   1   4   0   0   1   4
   2   금아시크                 8,800,000     8,800,000     8,800,000    0   1   0   2   0   1   0   2
   3   피엔에스안                       0             0             0    0   0   0   2   0   0   0   2
   4   티즈데이                         0             0             0    0   0   0   1   0   0   0   1
   5   퀵실버                           0             0             0    0   0   0   3   0   0   0   3
   6   피엔에스싱               1,600,000     1,600,000     1,600,000    0   0   0   4   0   0   0   4
   7   한강히어로                       0             0             0    0   0   0   3   0   0   0   3
   8   송암아치걸              10,800,000    10,800,000    10,800,000    0   1   0   3   0   1   0   3
   9   플라이제니                       0             0             0    0   0   0   1   0   0   0   1
  10   그린드래건              10,800,000    10,800,000    10,800,000    0   1   0   2   0   1   0   2
------------------------------------------------------------------------------------------------------


제목 : 22.06.26 제 48 일  일 요일   2경주;   

 1200 M   출전:12두    국6등급   ( R0~0             3세이하   )     출발:11:10
 별정A         일반      
  22,000,000원    8,800,000원    5,600,000원    2,000,000원    1,600,000원 
------------------------------------------------------------------------------------------------------
 마번  마   명            산지  성별 연령 중량       기수       조교사     마주              레이팅
------------------------------------------------------------------------------------------------------
   1   원더풀퍼지          한    수   3  56.0       이동하      임봉춘    (주)녹원목장             
   2   로마블레이드        한(포)암   3  54.0       안토니오    강환민    김형란                   
   3   스피드에이스        한    암   3  54.0       이현종      김동철    손병철                   
   4   슈팅리버스          한    암   3  54.0       유승완      김동균    공이공팔                 
   5   월드참              한    수   3  56.0       박병윤      유재길    김세민                   
   6   강철부대            한    수   3  56.0       이혁        지용철    오종환                   
   7   엔비전사            한    수   3  56.0       김옥성      이관호    김용래                   
   8   헬로퀸              한    암   3  54.0       송재철      박희철    김근영                   
   9   행복한버미          한    수   3  56.0       문성혁      서홍수    허윤범                   
  10   차이밍보이          한    수   3  53.0   (-3)김태희      최봉주    오상철                   
  11   티즈헌터            한    수   3  56.0       먼로        최용구    송암축산                 
  12   드림로즈            한    암   3  54.0       김정준      박병일    드림커뮤니티             
------------------------------------------------------------------------------------------------------
                                                                          --총전적--      --1년전적--
 마번  마  명                  수득상금     1년수득상금  6개월수득상금  1위/2위/3위/계  1위/2위/3위/계
------------------------------------------------------------------------------------------------------
   1   원더풀퍼지                       0             0             0    0   0   0   0   0   0   0   0
   2   로마블레이드             5,600,000     5,600,000     5,600,000    0   0   1   2   0   0   1   2
   3   스피드에이스                     0             0             0    0   0   0   1   0   0   0   1
   4   슈팅리버스               1,600,000     1,600,000     1,600,000    0   0   0   1   0   0   0   1
   5   월드참                   8,800,000     8,800,000     8,800,000    0   1   0   1   0   1   0   1
   6   강철부대                         0             0             0    0   0   0   1   0   0   0   1
   7   엔비전사                 7,600,000     7,600,000     7,600,000    0   0   1   3   0   0   1   3
   8   헬로퀸                           0             0             0    0   0   0   1   0   0   0   1
   9   행복한버미                       0             0             0    0   0   0   1   0   0   0   1
  10   차이밍보이                       0             0             0    0   0   0   1   0   0   0   1
  11   티즈헌터                         0             0             0    0   0   0   2   0   0   0   2
  12   드림로즈                 1,600,000     1,600,000     1,600,000    0   0   0   1   0   0   0   1
------------------------------------------------------------------------------------------------------


제목 : 22.06.26 제 48 일  일 요일   3경주;   

 1300 M   출전:12두    국6등급   ( R0~0             연령오픈  )     출발:12:00
 별정A         일반      
  13,750,000원    5,500,000원    3,500,000원    1,250,000원    1,000,000원 
------------------------------------------------------------------------------------------------------
 마번  마   명            산지  성별 연령 중량       기수       조교사     마주              레이팅
------------------------------------------------------------------------------------------------------
   1   거센광풍            한    수   3  56.0       이용호      최상식    강석대                   
   2   새로운빛깔          한    거   3  56.0       이현종      홍대유    김종식                   
   3   투에이스            한    거   4  56.0       하정훈      임채덕    강현찬                   
   4   동서여걸            한    암   4  54.0       문성혁      서홍수    김명식                   
   5   금성환희            한    수   3  56.0       김옥성      손영표    조창규                   
   6   블랙머니            한    거   3  56.0       김태훈      구자흥    말사모                   
   7   은혜레코드          한    수   3  56.0       안토니오    최용구    강태구                   
   8   에코존              한    수   3  56.0       조한별      김동철    양순희                   
   9   피엔에스얀          한    암   3  54.0       송재철      최영주    피엔에스홈즈             
  10   아치리버            한    암   3  54.0       김정준      심승태    이종욱                   
  11   작두콩              한    암   3  54.0       장추열      정호익    임한용                   
  12   선더누리            한    암   3  54.0       박상우      박병일    임동현                   
------------------------------------------------------------------------------------------------------
                                                                          --총전적--      --1년전적--
 마번  마  명                  수득상금     1년수득상금  6개월수득상금  1위/2위/3위/계  1위/2위/3위/계
------------------------------------------------------------------------------------------------------
   1   거센광풍                         0             0             0    0   0   0   7   0   0   0   7
   2   새로운빛깔               2,000,000     2,000,000     2,000,000    0   0   0   4   0   0   0   4
   3   투에이스                         0             0             0    0   0   0   8   0   0   0   8
   4   동서여걸                 8,750,000     7,750,000     2,250,000    0   1   0  14   0   1   0   9
   5   금성환희                 8,800,000     8,800,000     8,800,000    0   1   0   7   0   1   0   7
   6   블랙머니                 1,600,000     1,600,000     1,600,000    0   0   0   5   0   0   0   5
   7   은혜레코드               4,850,000     4,850,000     4,850,000    0   0   0   5   0   0   0   5
   8   에코존                   7,200,000     7,200,000     7,200,000    0   0   1   5   0   0   1   5
   9   피엔에스얀               4,450,000     4,450,000     4,450,000    0   0   0   7   0   0   0   7
  10   아치리버                 2,400,000     2,400,000             0    0   0   0   2   0   0   0   2
  11   작두콩                   3,500,000     3,500,000     3,500,000    0   0   1   6   0   0   1   6
  12   선더누리                 1,600,000     1,600,000     1,600,000    0   0   0   7   0   0   0   7
------------------------------------------------------------------------------------------------------


제목 : 22.06.26 제 48 일  일 요일   4경주;   

 1300 M   출전:12두    국6등급   ( R0~0             연령오픈  )     출발:13:20
 별정A         일반      
  13,750,000원    5,500,000원    3,500,000원    1,250,000원    1,000,000원 
------------------------------------------------------------------------------------------------------
 마번  마   명            산지  성별 연령 중량       기수       조교사     마주              레이팅
------------------------------------------------------------------------------------------------------
   1   방탄여걸            한    암   4  54.0       하정훈      이관호    김태권                   
   2   로스트워            한(포)암   4  54.0       김동수      손영표    피엔에스홈즈             
   3   내길의별            한    수   3  56.0       이혁        홍대유    유종국                   
   4   미라클케이          한    암   3  54.0       이동하      박대흥    강경운                   
   5   부케팔로스          한    수   4  56.0       박상우      유재길    권택종                   
   6   떠오르다            한    암   3  54.0       김정준      박병일    황경호                   
   7   머니탑              한    암   3  54.0       이현종      배대선    박상헌                   
   8   유로강자            한    거   3  56.0       최범현      신삼영    조창규                   
   9   세명캡틴            한    수   4  56.0       박병윤      배휴준    이기철                   
  10   플라잉바비          한    암   5  54.0       다비드      안해양    송암축산                 
  11   하니                한    암   4  54.0       이용호      임채덕    황혜정                   
  12   야무진왕초          한    수   3  56.0       조한별      안병기    우태율                   
------------------------------------------------------------------------------------------------------
                                                                          --총전적--      --1년전적--
 마번  마  명                  수득상금     1년수득상금  6개월수득상금  1위/2위/3위/계  1위/2위/3위/계
------------------------------------------------------------------------------------------------------
   1   방탄여걸                11,980,000     5,600,000     4,500,000    0   0   1  14   0   0   1   9
   2   로스트워                14,290,000    14,290,000     9,250,000    0   1   1  15   0   1   1  10
   3   내길의별                 2,000,000     2,000,000     2,000,000    0   0   0   3   0   0   0   3
   4   미라클케이               2,000,000     2,000,000     2,000,000    0   0   0   6   0   0   0   6
   5   부케팔로스               7,850,000     7,850,000     6,850,000    0   0   1  10   0   0   1   8
   6   떠오르다                11,400,000    11,400,000    11,400,000    0   1   0   5   0   1   0   5
   7   머니탑                           0             0             0    0   0   0   7   0   0   0   7
   8   유로강자                 4,750,000     4,750,000     4,750,000    0   0   1   6   0   0   1   6
   9   세명캡틴                11,580,000     6,080,000     2,000,000    0   1   1  13   0   0   1   8
  10   플라잉바비               6,870,000     6,870,000     2,250,000    0   0   1  16   0   0   1  12
  11   하니                     5,500,000     5,500,000     3,500,000    0   0   1  12   0   0   1   9
  12   야무진왕초               1,000,000     1,000,000     1,000,000    0   0   0   7   0   0   0   7
------------------------------------------------------------------------------------------------------


제목 : 22.06.26 제 48 일  일 요일   5경주;   

 1300 M   출전:12두    국5등급   ( R1~35            연령오픈  )     출발:14:10
 핸디캡        일반      
  22,000,000원    8,800,000원    5,600,000원    2,000,000원    1,600,000원 
------------------------------------------------------------------------------------------------------
 마번  마   명            산지  성별 연령 중량       기수       조교사     마주              레이팅
------------------------------------------------------------------------------------------------------
   1   신주류              한    수   3  53.5       이동하      조현수    김선식                 27
   2   올가림              한    수   3  54.5       김태훈      지용철    임수복                 29
   3   원모어러시          한    암   3  53.0       김동수      정호익    이일형                 30
   4   용암보스            한    수   3  57.0       유승완      곽영효    김학록                 34
   5   스페셜스토리        한    암   5  52.5       이용호      박희철    이효선                 29
   6   원평퀸              한    암   3  52.0       문정균      유재길    김용재                 28
   7   세명나래            한    암   4  54.0       조한별      배휴준    이기철                 32
   8   파이널참            한    수   3  54.5       김효정      송문길    김명식                 29
   9   스피드갤럽          한    암   3  52.0       먼로        리카디    홍종철                 27
  10   블루인디            한    수   3  55.0       안토니오    강환민    이종원                 30
  11   베스트전사          한    수   3  54.0       최범현      박재우    박정재                 28
  12   비크레이지          한    거   4  56.0       송재철      최용구    전영애                 32
------------------------------------------------------------------------------------------------------
                                                                          --총전적--      --1년전적--
 마번  마  명                  수득상금     1년수득상금  6개월수득상금  1위/2위/3위/계  1위/2위/3위/계
------------------------------------------------------------------------------------------------------
   1   신주류                  15,850,000    15,850,000    12,350,000    0   1   2   9   0   1   2   9
   2   올가림                  47,200,000    47,200,000    27,600,000    1   1   1   9   1   1   1   9
   3   원모어러시              26,550,000    26,550,000    15,750,000    1   0   1   8   1   0   1   8
   4   용암보스                33,750,000    33,750,000    33,750,000    1   1   2   8   1   1   2   8
   5   스페셜스토리            45,210,000    25,850,000     1,600,000    1   1   3  19   1   0   0   9
   6   원평퀸                  14,000,000    14,000,000    11,000,000    0   2   0   7   0   2   0   7
   7   세명나래                33,790,000    24,550,000    24,550,000    1   2   0  13   1   1   0   7
   8   파이널참                24,000,000    24,000,000    24,000,000    1   0   0   5   1   0   0   5
   9   스피드갤럽              25,450,000    25,450,000     7,000,000    0   1   2   6   0   1   2   6
  10   블루인디                27,600,000    27,600,000    27,600,000    1   0   1   2   1   0   1   2
  11   베스트전사              23,200,000    23,200,000    23,200,000    0   2   1   5   0   2   1   5
  12   비크레이지              24,850,000    24,850,000    22,350,000    1   0   1   6   1   0   1   6
------------------------------------------------------------------------------------------------------


제목 : 22.06.26 제 48 일  일 요일   6경주;   

 1700 M   출전:11두    국5등급   ( R1~35            연령오픈  )     출발:15:00
 별정B         일반      
  22,000,000원    8,800,000원    5,600,000원    2,000,000원    1,600,000원 
------------------------------------------------------------------------------------------------------
 마번  마   명            산지  성별 연령 중량       기수       조교사     마주              레이팅
------------------------------------------------------------------------------------------------------
   1   브레인스피더        한    암   6  52.0       부민호      서범석    이성헌                 21
   2   러닝넘버원          한    수   4  57.0       이동하      배대선    (주)디알엠씨티         33
   3   호크의영광          한    거   6  56.0       다비드      최봉주    오호극                 29
   4   바디스타            한    수   5  55.0       김옥성      임봉춘    김진태a                25
   5   바이킹하트          한    거   4  57.0       박병윤      이신영    (주)디알엠씨티         33
   6   신의한수            한    수   4  56.0       이현종      최용건    장철환                 30
   7   홀리데이참          한    수   4  57.0       장추열      유재길    김세민                 33
   8   헤라블레이드        한    암   3  54.0       안토니오    토니      김형란                 30
   9   아델머스탱          한    수   4  57.0       김효정      송문길    이종훈                 32
  10   스톰워리어          한    거   4  56.0       이혁        박대흥    양동희                 29
  11   라이징호크          한    암   3  52.0   (-3)김태희      리카디    홍종철                 33
------------------------------------------------------------------------------------------------------
                                                                          --총전적--      --1년전적--
 마번  마  명                  수득상금     1년수득상금  6개월수득상금  1위/2위/3위/계  1위/2위/3위/계
------------------------------------------------------------------------------------------------------
   1   브레인스피더            31,200,000     1,600,000             0    1   0   1  22   0   0   0   8
   2   러닝넘버원              48,740,000    43,900,000    32,800,000    1   2   1  17   1   2   1  11
   3   호크의영광              40,300,000    25,960,000    14,400,000    0   1   5  32   0   1   1  13
   4   바디스타                43,530,000     8,620,000     4,000,000    1   0   3  24   0   0   1   9
   5   바이킹하트              45,200,000    42,780,000    25,600,000    1   2   0  12   1   2   0   9
   6   신의한수                22,950,000    22,950,000     3,600,000    1   0   1  10   1   0   1  10
   7   홀리데이참              44,590,000    29,850,000     4,600,000    1   2   1  14   1   0   0   9
   8   헤라블레이드            29,200,000    29,200,000    29,200,000    1   0   1   6   1   0   1   6
   9   아델머스탱              84,150,000    26,400,000    24,400,000    1   2   2  16   0   1   2   9
  10   스톰워리어              32,240,000    32,240,000    19,200,000    1   1   0  15   1   1   0  12
  11   라이징호크              44,800,000    44,800,000    36,400,000    1   1   2   6   1   1   2   6
------------------------------------------------------------------------------------------------------


제목 : 22.06.26 제 48 일  일 요일   7경주;   

 1200 M   출전:12두    국5등급   ( R1~35            연령오픈  )     출발:15:50
 핸디캡        일반      
  22,000,000원    8,800,000원    5,600,000원    2,000,000원    1,600,000원 
------------------------------------------------------------------------------------------------------
 마번  마   명            산지  성별 연령 중량       기수       조교사     마주              레이팅
------------------------------------------------------------------------------------------------------
   1   드림여왕            한    암   4  54.0       장추열      안해양    임현성                 32
   2   에이스파워풀        미    거   5  57.0       문성혁      박윤규    민규동                 34
   3   불의가속            한    거   4  53.5       이현종      손영표    신상섭                 27
   4   뉴스타영천          한    수   4  55.5       이혁        박대흥    영천시청               31
   5   미사일캔디          한(포)수   7  54.5       김태훈      최영주    이장운                 29
   6   플라이스타          한    수   5  57.0       최범현      최봉주    오종환                 34
   7   장수나봄            한    수   5  54.5       김효정      박재우    서동해                 29
   8   천은총              한    암   3  52.5       김정준      배휴준    조금제                 29
   9   비제이스톰          한    수   3  55.5       다비드      리카디    이시돌협회             31
  10   블레싱로드          한    암   7  53.5       부민호      서범석    무라카미 켄세이        31
  11   스타러시            한(포)수   5  53.0       먼로        김동철    제주축협               26
  12   승승파워            한    수   4  53.5       박현우      박천서    이진경                 27
------------------------------------------------------------------------------------------------------
                                                                          --총전적--      --1년전적--
 마번  마  명                  수득상금     1년수득상금  6개월수득상금  1위/2위/3위/계  1위/2위/3위/계
------------------------------------------------------------------------------------------------------
   1   드림여왕                25,150,000    25,150,000    25,150,000    1   0   1   5   1   0   1   5
   2   에이스파워풀             1,600,000     1,600,000     1,600,000    0   0   0  16   0   0   0  10
   3   불의가속                25,980,000    18,060,000    10,800,000    0   3   0  10   0   2   0   7
   4   뉴스타영천              27,870,000    27,870,000             0    1   0   1   5   1   0   1   5
   5   미사일캔디              64,080,000             0             0    2   1   1  34   0   0   0   9
   6   플라이스타              25,850,000    25,850,000    25,850,000    1   1   1   5   1   1   1   5
   7   장수나봄                46,920,000    16,000,000    16,000,000    1   2   2  19   0   1   1   7
   8   천은총                  15,750,000    15,750,000    15,750,000    1   0   0   6   1   0   0   6
   9   비제이스톰              22,000,000    22,000,000    22,000,000    1   0   0   2   1   0   0   2
  10   블레싱로드             105,400,000    18,760,000    14,800,000    2   3   3  46   0   1   0  13
  11   스타러시                39,280,000    21,980,000    16,200,000    0   1   4  23   0   1   1  12
  12   승승파워                20,060,000    16,980,000     1,600,000    0   1   2  13   0   1   2   8
------------------------------------------------------------------------------------------------------


제목 : 22.06.26 제 48 일  일 요일   8경주;   

 1200 M   출전:11두    국4등급   ( R1~50            연령오픈  )     출발:16:45
 핸디캡        일반      
  33,000,000원   13,200,000원    8,400,000원    3,000,000원    2,400,000원 
------------------------------------------------------------------------------------------------------
 마번  마   명            산지  성별 연령 중량       기수       조교사     마주              레이팅
------------------------------------------------------------------------------------------------------
   1   대사리              한    거   3  52.0       이용호      리카디    노만영                 37
   2   질주본              한    거   4  53.5       김정준      최영주    박준배                 40
   3   두손판타스틱        한(포)수   3  53.5       장추열      정호익    이도명                 40
   4   스피드팔콘          한    암   3  52.0   (-3)김태희      김동균    정기환                 47
   5   원더케이            한    수   6  53.0       유승완      우창구    강경운                 39
   6   매직타이드          한    암   4  52.0       다비드      서인석    최상기                 37
   7   런던액티브          한    암   4  51.0       이혁        이희영    임현성                 38
   8   다이아키            한    수   5  52.0       송재철      배대선    강종우                 37
   9   챌린지삭스          한    암   5  52.0       김옥성      이관호    김창식                 36
  10   런던스피드          한    암   4  52.0       김효정      안해양    임현성                 37
  11   마성질주            한    거   6  52.5       문성혁      조현수    천사들의 안장          38
------------------------------------------------------------------------------------------------------
                                                                          --총전적--      --1년전적--
 마번  마  명                  수득상금     1년수득상금  6개월수득상금  1위/2위/3위/계  1위/2위/3위/계
------------------------------------------------------------------------------------------------------
   1   대사리                  55,000,000    55,000,000    55,000,000    2   0   0   3   2   0   0   3
   2   질주본                  45,510,000    39,350,000    39,350,000    1   1   3   8   1   1   2   5
   3   두손판타스틱            76,600,000    76,600,000    30,400,000    2   1   1   9   2   1   1   9
   4   스피드팔콘              78,700,000    78,700,000    47,000,000    2   2   1   7   2   2   1   7
   5   원더케이                80,780,000    57,500,000    27,600,000    2   3   3  19   1   1   3  11
   6   매직타이드              64,980,000    59,700,000    41,600,000    1   1   4  12   1   1   3   9
   7   런던액티브              57,050,000    34,060,000    18,000,000    1   4   0  14   0   3   0   9
   8   다이아키                90,130,000     5,950,000             0    2   0   3  15   0   0   1   5
   9   챌린지삭스              60,280,000     4,650,000             0    2   1   2  16   0   0   0   7
  10   런던스피드              44,600,000    31,460,000    25,960,000    2   1   1   9   2   1   0   7
  11   마성질주                67,720,000     8,400,000     8,400,000    2   2   1  16   0   0   1   6
------------------------------------------------------------------------------------------------------


제목 : 22.06.26 제 48 일  일 요일   9경주;   

 1800 M   출전: 8두    혼3등급   ( R1~65            연령오픈  )     출발:17:10
 별정B         일반      
  41,250,000원   16,500,000원   10,500,000원    3,750,000원    3,000,000원 
------------------------------------------------------------------------------------------------------
 마번  마   명            산지  성별 연령 중량       기수       조교사     마주              레이팅
------------------------------------------------------------------------------------------------------
   1   장산골드            미    암   5  52.0       이현종      최용건    김병진                 51
   2   럭셔리캡틴          한    수   5  54.0       문성혁      손영표    박정재                 51
   3   남산시대            한    수   4  57.0       빅투아르    리카디    이기선                 61
   4   춘산                미    암   5  56.0       이혁        전승규    이관형                 64
   5   루이사              한    암   5  56.0       이용호      임봉춘    김철                   64
   6   디스챌린지          미    거   4  54.0       조한별      서인석    최상기                 51
   7   야호골든캣          한    수   5  54.0       다비드      박재우    이태식                 52
   8   라온비트            한    거   4  57.0       최범현      박종곤    손광섭                 61
------------------------------------------------------------------------------------------------------
                                                                          --총전적--      --1년전적--
 마번  마  명                  수득상금     1년수득상금  6개월수득상금  1위/2위/3위/계  1위/2위/3위/계
------------------------------------------------------------------------------------------------------
   1   장산골드                80,360,000    26,250,000             0    2   2   2  16   0   1   1   8
   2   럭셔리캡틴              89,440,000    25,550,000             0    3   2   2  15   1   1   0   7
   3   남산시대               116,500,000    98,460,000    20,250,000    3   4   1   9   2   3   0   6
   4   춘산                   182,220,000    98,070,000    62,250,000    3   2   1  17   2   0   0   8
   5   루이사                 222,970,000   107,150,000    37,250,000    3   5   4  21   1   2   1  10
   6   디스챌린지              58,750,000    54,900,000     8,400,000    1   2   1   9   1   2   1   8
   7   야호골든캣             117,040,000    56,850,000     3,750,000    3   4   2  19   1   1   0   7
   8   라온비트               127,810,000    96,450,000    21,000,000    4   1   4  13   2   0   3   7
------------------------------------------------------------------------------------------------------


제목 : 22.06.26 제 48 일  일 요일  10경주;   

 1400 M   출전:12두    혼4등급   ( R1~50            연령오픈  )     출발:17:35
 핸디캡        일반      
  33,000,000원   13,200,000원    8,400,000원    3,000,000원    2,400,000원 
------------------------------------------------------------------------------------------------------
 마번  마   명            산지  성별 연령 중량       기수       조교사     마주              레이팅
------------------------------------------------------------------------------------------------------
   1   더퀸저스티스        한    암   4  51.0       이혁        이관호    (주)인펨               38
   2   천지광풍            미    수   3  55.0   (-3)김태희      박윤규    김영선                 50
   3   배다리캔디          한(포)암   4  52.0       이현종      홍대유    송한우                 36
   4   리치모어리치        호    암   5  51.0       하정훈      신삼영    서창식                 36
   5   엉클벨              미    거   5  54.0       안토니오    이신영    오종택                 42
   6   별나라비마          미    암   4  52.0       이동하      박대흥    조경수                 38
   7   장산몬스터          미    거   5  54.0       문성혁      토니      김병진                 42
   8   퍼펙트파워          한    거   5  57.0       김동수      최상식    지성한                 48
   9   장산포이즌          한(포)수   3  56.5       다비드      최용건    김병진                 47
  10   땡큐대천            한    수   5  52.0       장추열      정호익    강용식                 37
  11   호크프린스          미    거   3  52.0       유승완      송문길    최상일                 37
  12   아르폰스            미    수   6  52.5       문정균      서정하    유정희                 39
------------------------------------------------------------------------------------------------------
                                                                          --총전적--      --1년전적--
 마번  마  명                  수득상금     1년수득상금  6개월수득상금  1위/2위/3위/계  1위/2위/3위/계
------------------------------------------------------------------------------------------------------
   1   더퀸저스티스            83,920,000    52,960,000    13,800,000    2   3   2  16   1   2   1  10
   2   천지광풍                48,600,000    48,600,000     2,400,000    1   1   0   7   1   1   0   7
   3   배다리캔디              87,390,000    38,380,000     4,800,000    2   1   1  19   1   1   1  11
   4   리치모어리치                     0             0             0    0   0   0   4   0   0   0   2
   5   엉클벨                  55,200,000    22,200,000     5,400,000    1   0   2  20   0   0   2  10
   6   별나라비마                       0             0             0    0   0   0   0   0   0   0   0
   7   장산몬스터              67,380,000    41,100,000    34,800,000    0   2   5  14   0   2   2   8
   8   퍼펙트파워             104,500,000    69,250,000    63,000,000    3   3   1  23   2   0   1  11
   9   장산포이즌              67,550,000    67,550,000    64,550,000    2   2   0   7   2   2   0   7
  10   땡큐대천                40,200,000    17,160,000             0    2   0   0  11   1   0   0   3
  11   호크프린스                       0             0             0    0   0   0   2   0   0   0   2
  12   아르폰스                41,830,000    17,850,000    13,200,000    1   1   2  22   0   1   0   9
------------------------------------------------------------------------------------------------------


제목 : 22.06.26 제 48 일  일 요일  11경주;   

 1400 M   출전:12두    국4등급   ( R1~50            연령오픈  )     출발:18:00
 핸디캡        일반      
  33,000,000원   13,200,000원    8,400,000원    3,000,000원    2,400,000원 
------------------------------------------------------------------------------------------------------
 마번  마   명            산지  성별 연령 중량       기수       조교사     마주              레이팅
------------------------------------------------------------------------------------------------------
   1   하이퍼카            한    거   5  55.5       송재철      김동균    장석은                 45
   2   올드스페셜          한    수   4  52.0       다비드      박재우    이진경                 36
   3   에이스프린스        한    수   4  52.0       최범현      최봉주    우상우                 36
   4   마이티선샤인        한    수   3  54.5       장추열      임채덕    손칠규                 43
   5   매직주니어          한    거   4  54.0       빅투아르    서인석    최상기                 42
   6   시크릿보스          한(포)수   4  54.0   (-3)김태희      서홍수    김명식                 48
   7   알찬누리            한    거   5  52.0       김동수      정호익    김광명                 36
   8   엘리트파워          한    암   4  52.0       이혁        유재길    태희종합건설           37
   9   거센돌풍            한    수   4  52.0       문정균      최상식    강석대                 36
  10   스마트오피서        한    암   4  52.0       문성혁      전승규    (주)자성실업           39
  11   천년의바람          한    거   6  53.0       박상우      임봉춘    류화영                 40
  12   빅스고              한    수   3  55.5       먼로        우창구    이선호                 45
------------------------------------------------------------------------------------------------------
                                                                          --총전적--      --1년전적--
 마번  마  명                  수득상금     1년수득상금  6개월수득상금  1위/2위/3위/계  1위/2위/3위/계
------------------------------------------------------------------------------------------------------
   1   하이퍼카                70,800,000    40,800,000    32,400,000    1   3   4  16   1   1   1   5
   2   올드스페셜              41,030,000    24,310,000    17,600,000    1   3   0  12   0   2   0   7
   3   에이스프린스            57,120,000    23,160,000     3,000,000    2   1   2  13   1   0   0   7
   4   마이티선샤인            59,950,000    59,950,000    34,400,000    2   2   1  10   2   2   1  10
   5   매직주니어              63,030,000    60,610,000     5,400,000    2   1   1   8   2   1   1   7
   6   시크릿보스             114,540,000   100,240,000    27,600,000    3   2   4  15   2   1   4  10
   7   알찬누리                66,820,000    39,860,000    16,400,000    1   4   4  21   0   3   2  11
   8   엘리트파워              48,660,000    30,400,000     8,400,000    2   1   2  16   1   0   1  10
   9   거센돌풍                46,460,000    41,470,000             0    2   0   2  12   2   0   1   8
  10   스마트오피서            66,460,000    66,460,000    35,000,000    2   1   1   7   4   2   1  12
  11   천년의바람              92,240,000    18,000,000    18,000,000    2   2   2  33   0   1   0   9
  12   빅스고                  63,800,000    63,800,000    30,800,000    2   1   0   5   2   1   0   5
------------------------------------------------------------------------------------------------------

