

제목 : 22.05.07 제 33 일  토 요일   1경주;   

 1200 M   출전: 9두    국6등급   ( R0~0             3세이하   )     출발:10:45
 별정A         일반      
  22,000,000원    8,800,000원    5,600,000원    2,000,000원    1,600,000원 
------------------------------------------------------------------------------------------------------
 마번  마   명            산지  성별 연령 중량       기수       조교사     마주              레이팅
------------------------------------------------------------------------------------------------------
   1   에클레어더원        한    암   3  54.0       김동수      전승규    토마스 리                
   2   생일선물            한    암   3  54.0       조한별      안병기    우태율                   
   3   멋진아치            한    암   3  54.0       김귀배      강환민    이종원                   
   4   피엔에스얀          한    암   3  54.0       송재철      최영주    피엔에스홈즈             
   5   대천챔프            한    암   3  54.0       신형철      최봉주    김경민                   
   6   하늘아              한    암   3  51.0   (-3)김아현      김점오    최성룡                   
   7   매직모카신          한    암   3  54.0       임기원      구자흥    고창범                   
   8   질주의칸            한    암   3  54.0       임다빈      박천서    희망홀스                 
   9   베스트매드캠        한    암   3  54.0       정정희      박재우    베스트샤인조합           
------------------------------------------------------------------------------------------------------
                                                                          --총전적--      --1년전적--
 마번  마  명                  수득상금     1년수득상금  6개월수득상금  1위/2위/3위/계  1위/2위/3위/계
------------------------------------------------------------------------------------------------------
   1   에클레어더원                     0             0             0    0   0   0   2   0   0   0   2
   2   생일선물                 8,800,000     8,800,000     8,800,000    0   1   0   4   0   1   0   4
   3   멋진아치                 5,600,000     5,600,000     5,600,000    0   0   1   3   0   0   1   3
   4   피엔에스얀               1,600,000     1,600,000     1,600,000    0   0   0   5   0   0   0   5
   5   대천챔프                         0             0             0    0   0   0   0   0   0   0   0
   6   하늘아                           0             0             0    0   0   0   2   0   0   0   2
   7   매직모카신               5,000,000     5,000,000     5,000,000    0   0   0   2   0   0   0   2
   8   질주의칸                         0             0             0    0   0   0   2   0   0   0   2
   9   베스트매드캠                     0             0             0    0   0   0   4   0   0   0   4
------------------------------------------------------------------------------------------------------


제목 : 22.05.07 제 33 일  토 요일   2경주;   

 1200 M   출전:10두    국6등급   ( R0~0             3세이하   )     출발:11:35
 별정A         일반      
  22,000,000원    8,800,000원    5,600,000원    2,000,000원    1,600,000원 
------------------------------------------------------------------------------------------------------
 마번  마   명            산지  성별 연령 중량       기수       조교사     마주              레이팅
------------------------------------------------------------------------------------------------------
   1   클레어파워          한    거   3  56.0       송재철      김동균    박민지                   
   2   오래함께하자        한    거   3  56.0       하정훈      이준철    임한용                   
   3   캠프세이버          한    암   3  54.0       유승완      최용건    김창호                   
   4   선더매직            한    암   3  54.0       김태훈      우창구    변갑한                   
   5   금성최고            한    수   3  56.0       신형철      김윤섭    조창규                   
   6   피엔에스린          한    거   3  56.0       임다빈      구자흥    피엔에스홈즈             
   7   주얼리베스트        한    암   3  54.0       방춘식      심승태    김태성                   
   8   로마블레이드        한(포)암   3  54.0       정정희      강환민    김형란                   
   9   킹아너              한    수   3  56.0       안토니오    박윤규    희망홀스                 
  10   런보이런            한    거   3  56.0       박현우      안해양    김길중                   
------------------------------------------------------------------------------------------------------
                                                                          --총전적--      --1년전적--
 마번  마  명                  수득상금     1년수득상금  6개월수득상금  1위/2위/3위/계  1위/2위/3위/계
------------------------------------------------------------------------------------------------------
   1   클레어파워                       0             0             0    0   0   0   0   0   0   0   0
   2   오래함께하자                     0             0             0    0   0   0   0   0   0   0   0
   3   캠프세이버               3,600,000     3,600,000     3,600,000    0   0   0   5   0   0   0   5
   4   선더매직                         0             0             0    0   0   0   0   0   0   0   0
   5   금성최고                         0             0             0    0   0   0   1   0   0   0   1
   6   피엔에스린                       0             0             0    0   0   0   3   0   0   0   3
   7   주얼리베스트                     0             0             0    0   0   0   5   0   0   0   5
   8   로마블레이드             5,600,000     5,600,000     5,600,000    0   0   1   1   0   0   1   1
   9   킹아너                   1,600,000     1,600,000     1,600,000    0   0   0   1   0   0   0   1
  10   런보이런                         0             0             0    0   0   0   0   0   0   0   0
------------------------------------------------------------------------------------------------------


제목 : 22.05.07 제 33 일  토 요일   3경주;   

 1400 M   출전:12두    국5등급   ( R1~35            연령오픈  )     출발:12:40
 핸디캡        일반      
  22,000,000원    8,800,000원    5,600,000원    2,000,000원    1,600,000원 
------------------------------------------------------------------------------------------------------
 마번  마   명            산지  성별 연령 중량       기수       조교사     마주              레이팅
------------------------------------------------------------------------------------------------------
   1   미르캡틴            한    수   4  52.0       박현우      임봉춘    김은갑                 23
   2   티나                한    암   4  52.5       유승완      이관호    곽홍석                 30
   3   베스트스톰          한(포)수   5  52.0       정정희      박재우    박정재                 24
   4   럭셔리킹            한    수   4  52.5       김효정      김동철    김명식                 26
   5   메인오브킹          한    거   4  52.5       임다빈      이관호    손병현                 26
   6   은혜파도            한    암   5  52.0       박을운      김동철    강태구                 28
   7   펀크레이지          한    수   3  54.5       김용근      심승태    전영애                 30
   8   페더럴아이          한    수   4  54.5       김태훈      지용철    금악목장               30
   9   더리퍼              한    수   3  53.0       빅투아르    토니      한명로                 27
  10   포트스원            한    암   4  53.5       이현종      서인석    조창규                 32
  11   그랜드파워          한    수   3  53.0       송재철      김동균    박민지                 27
  12   런투골              한    암   4  52.0       이용호      강성오    씨유네트워크           22
------------------------------------------------------------------------------------------------------
                                                                          --총전적--      --1년전적--
 마번  마  명                  수득상금     1년수득상금  6개월수득상금  1위/2위/3위/계  1위/2위/3위/계
------------------------------------------------------------------------------------------------------
   1   미르캡틴                27,970,000     1,650,000             0    2   1   0  15   0   0   0   8
   2   티나                    23,060,000    23,060,000    15,800,000    0   2   2  11   0   2   2   8
   3   베스트스톰              16,330,000     4,840,000             0    0   2   1  16   0   1   0   8
   4   럭셔리킹                23,510,000    23,510,000     2,000,000    1   0   2  21   1   0   2  17
   5   메인오브킹              14,040,000    14,040,000     7,000,000    0   1   2  13   0   1   2  10
   6   은혜파도                36,290,000    22,770,000             0    1   2   1  20   1   1   0  12
   7   펀크레이지              30,800,000    30,800,000    30,800,000    1   1   0   3   1   1   0   3
   8   페더럴아이              33,780,000    17,500,000    10,400,000    0   3   2  13   0   2   0   8
   9   더리퍼                  28,600,000    28,600,000     8,800,000    0   3   0   8   0   3   0   8
  10   포트스원                77,510,000    31,760,000    20,000,000    1   2   3  17   0   2   2  10
  11   그랜드파워              15,900,000    15,900,000    15,900,000    0   2   0   6   0   2   0   6
  12   런투골                  10,340,000    10,340,000             0    0   2   0  14   0   2   0  11
------------------------------------------------------------------------------------------------------


제목 : 22.05.07 제 33 일  토 요일   4경주;   

 1400 M   출전: 9두    국4등급   ( R1~50            연령오픈  )     출발:13:50
 핸디캡        일반      
  33,000,000원   13,200,000원    8,400,000원    3,000,000원    2,400,000원 
------------------------------------------------------------------------------------------------------
 마번  마   명            산지  성별 연령 중량       기수       조교사     마주              레이팅
------------------------------------------------------------------------------------------------------
   1   서울크라운          한    거   5  52.0       조한별      이관호    김진엽                 36
   2   어서와              한    수   4  53.0       다비드      강환민    강용식                 39
   3   원평가속            한    수   3  56.0       장추열      정호익    김용재                 45
   4   화이트참            한    수   4  53.0       김동수      전승규    김세민                 39
   5   원지                한    거   5  53.0       박태종      안병기    우태율                 39
   6   라게르타            한    암   4  52.0       임다빈      이신영    이성영                 37
   7   마이윈              한    수   4  57.5       유승완      송문길    손병철                 48
   8   페더럴캣            한    수   6  51.0   (-3)김아현      지용철    최성룡                 37
   9   안양호랑이          한(포)암   5  52.0       송재철      홍대유    (주)에이에프피         38
------------------------------------------------------------------------------------------------------
                                                                          --총전적--      --1년전적--
 마번  마  명                  수득상금     1년수득상금  6개월수득상금  1위/2위/3위/계  1위/2위/3위/계
------------------------------------------------------------------------------------------------------
   1   서울크라운              50,350,000    25,960,000    22,000,000    2   0   1  16   1   0   0   8
   2   어서와                  55,820,000    40,200,000    31,400,000    1   3   3  16   1   2   1  11
   3   원평가속               114,600,000   114,600,000    29,700,000    1   3   0   8   1   3   0   8
   4   화이트참               116,440,000    42,190,000     5,950,000    2   1   2   7   1   0   2   5
   5   원지                    59,180,000    56,760,000    35,200,000    2   2   1  16   2   2   1   9
   6   라게르타                48,250,000    48,250,000    38,350,000    3   0   0  14   3   0   0  10
   7   마이윈                  56,800,000    48,000,000    39,200,000    3   1   1   7   2   1   1   5
   8   페더럴캣               125,580,000             0             0    3   2   4  32   0   0   0  10
   9   안양호랑이              49,410,000    30,360,000    13,200,000    2   2   1  18   1   1   0   9
------------------------------------------------------------------------------------------------------


제목 : 22.05.07 제 33 일  토 요일   5경주;   

 1200 M   출전: 8두    2등급   ( R1~80            연령오픈  )     출발:14:45
 핸디캡        일반      
  49,500,000원   19,800,000원   12,600,000원    4,500,000원    3,600,000원 
------------------------------------------------------------------------------------------------------
 마번  마   명            산지  성별 연령 중량       기수       조교사     마주              레이팅
------------------------------------------------------------------------------------------------------
   1   원더풀플라이        한    수   6  57.0       김동수      전승규    정은섭                 76
   2   고업                한    암   5  52.0       박을운      이희영    김정성                 66
   3   연희일출            한    암   5  52.5       김용근      이준철    최병권                 71
   4   파이널스타          미    거   7  56.0       김태훈      우창구    정기환                 74
   5   레이디켈리          한    암   5  54.5       다비드      안해양    (주)인펨               75
   6   대박행진            미    암   6  52.0       김정준      이관호    최수군                 67
   7   메니챔프            한    수   5  53.5       송재철      안병기    조명식                 69
   8   피닉스선            한    거   9  53.0       이현종      박대흥    남승현                 68
------------------------------------------------------------------------------------------------------
                                                                          --총전적--      --1년전적--
 마번  마  명                  수득상금     1년수득상금  6개월수득상금  1위/2위/3위/계  1위/2위/3위/계
------------------------------------------------------------------------------------------------------
   1   원더풀플라이           663,150,000             0             0    5   1   0  16   0   0   0   4
   2   고업                   212,210,000    15,000,000     4,500,000    3   5   0  11   0   1   0   2
   3   연희일출               234,140,000   120,640,000    49,000,000    5   2   3  17   2   1   2   6
   4   파이널스타             159,390,000   100,950,000    49,500,000    3   1   3  16   2   1   0   7
   5   레이디켈리             250,850,000   150,650,000    98,100,000    6   1   3  16   3   1   3  10
   6   대박행진               181,950,000     3,750,000             0    1   6   2  27   0   0   0   7
   7   메니챔프               250,900,000   121,200,000   102,600,000    5   3   2  23   2   1   1  11
   8   피닉스선               206,940,000             0             0    5   2   0  20   0   0   0   5
------------------------------------------------------------------------------------------------------


제목 : 22.05.07 제 33 일  토 요일   6경주;   

 1200 M   출전: 8두    2등급   ( R1~80            연령오픈  )     출발:15:40
 핸디캡        일반      
  49,500,000원   19,800,000원   12,600,000원    4,500,000원    3,600,000원 
------------------------------------------------------------------------------------------------------
 마번  마   명            산지  성별 연령 중량       기수       조교사     마주              레이팅
------------------------------------------------------------------------------------------------------
   1   코브라볼            한    수   4  52.0       유승완      우창구    한명로                 66
   2   옥스퍼드킹          한(포)수   4  52.0       정정희      박재우    이긍열                 66
   3   마이호크            한    수   6  52.0       임다빈      정호익    백국인                 66
   4   스피돔              미    거   5  52.5       먼로        최용구    강무웅                 67
   5   마크스토리          미    거   5  54.5       김동수      전승규    박웅진                 71
   6   라온패션            한    거   5  51.0       박태종      박종곤    손천수                 64
   7   별나라신사          미    수   5  56.0       장추열      박대흥    조경수                 74
   8   아이스펀치          한    수   5  56.0       안토니오    이관호    김정철                 74
------------------------------------------------------------------------------------------------------
                                                                          --총전적--      --1년전적--
 마번  마  명                  수득상금     1년수득상금  6개월수득상금  1위/2위/3위/계  1위/2위/3위/계
------------------------------------------------------------------------------------------------------
   1   코브라볼               163,750,000   122,500,000    45,000,000    5   1   0   9   4   1   0   6
   2   옥스퍼드킹             195,050,000   113,500,000    41,250,000    5   3   1  14   3   2   1   8
   3   마이호크               240,280,000     8,250,000     4,500,000    5   3   2  28   0   0   0   9
   4   스피돔                 181,200,000             0             0    3   1   0  10   0   0   0   3
   5   마크스토리             126,000,000     3,600,000     3,600,000    3   0   0  11   0   0   0   5
   6   라온패션               144,950,000    83,750,000    30,750,000    3   3   2  14   1   2   1   8
   7   별나라신사             119,800,000    33,800,000             0    3   3   0  14   1   1   0   6
   8   아이스펀치             201,560,000    90,900,000    32,400,000    6   2   3  17   2   1   2   8
------------------------------------------------------------------------------------------------------


제목 : 22.05.07 제 33 일  토 요일   7경주;   

 1700 M   출전:12두    국5등급   ( R1~35            연령오픈  )     출발:16:35
 별정B         일반      
  22,000,000원    8,800,000원    5,600,000원    2,000,000원    1,600,000원 
------------------------------------------------------------------------------------------------------
 마번  마   명            산지  성별 연령 중량       기수       조교사     마주              레이팅
------------------------------------------------------------------------------------------------------
   1   정문최강            한    거   4  55.0       박병윤      홍대유    김재영b                26
   2   기타리스트          한    거   4  51.0   (-4)김태희      박천서    김봉섭                 28
   3   불화산              한    거   4  55.0       조한별      이관호    황은호                 28
   4   천년의비            한    암   6  55.0       박상우      임봉춘    류주영                 35
   5   캡틴브라보          한(포)거   5  57.0       박태종      곽영효    김용래                 35
   6   지금여기에          한    수   4  55.0       김정준      김윤섭    최성룡                 27
   7   그레이트아이        한(포)수   4  55.0       김태훈      지용철    금악목장               27
   8   나의나라            한    거   4  57.0       김용근      강성오    이관형                 35
   9   스위트주스바        한    수   4  56.0       박을운      이신영    정영식                 30
  10   쿠레레쿠스          한    거   5  56.0       먼로        이관호    이재원                 30
  11   포에버칸            한    수   3  56.0       빅투아르    박병일    강태구                 31
  12   글라디아토레에이    미    수   6  57.0       박현우      송문길    김형실                 35
------------------------------------------------------------------------------------------------------
                                                                          --총전적--      --1년전적--
 마번  마  명                  수득상금     1년수득상금  6개월수득상금  1위/2위/3위/계  1위/2위/3위/계
------------------------------------------------------------------------------------------------------
   1   정문최강                17,490,000    14,850,000             0    1   0   0  15   1   0   0   9
   2   기타리스트              19,140,000    19,140,000     8,800,000    0   2   0  10   0   2   0   7
   3   불화산                  26,000,000    26,000,000    26,000,000    1   0   0  12   1   0   0   8
   4   천년의비                80,780,000     6,300,000             0    2   1   3  31   0   0   1  14
   5   캡틴브라보              66,090,000    43,820,000    39,200,000    2   0   3  21   1   0   3  11
   6   지금여기에              30,800,000    30,800,000    22,000,000    1   1   0  18   1   1   0  11
   7   그레이트아이            22,900,000    22,900,000    15,750,000    1   1   0  11   1   1   0  11
   8   나의나라                36,050,000    36,050,000    36,050,000    1   1   2   6   1   1   2   6
   9   스위트주스바            21,010,000    13,750,000    13,750,000    1   0   0   4   1   0   0   1
  10   쿠레레쿠스              29,040,000    20,040,000    15,750,000    1   1   1  14   1   0   0   8
  11   포에버칸                38,600,000    38,600,000    38,600,000    1   0   1   5   1   0   1   5
  12   글라디아토레에이        16,750,000     1,600,000     1,600,000    0   0   1  19   0   0   0   9
------------------------------------------------------------------------------------------------------


제목 : 22.05.07 제 33 일  토 요일   8경주;   

 1700 M   출전:10두    혼4등급   ( R1~50            연령오픈  )     출발:17:30
 핸디캡        일반      
  33,000,000원   13,200,000원    8,400,000원    3,000,000원    2,400,000원 
------------------------------------------------------------------------------------------------------
 마번  마   명            산지  성별 연령 중량       기수       조교사     마주              레이팅
------------------------------------------------------------------------------------------------------
   1   남산러브            미    수   4  54.5       이용호      리카디    이기선                 43
   2   로열함성            뉴    거   5  52.0       먼로        이관호    황의영                 37
   3   천년의바람          한    거   6  53.5       박상우      임봉춘    류화영                 41
   4   문학럭키            미    거   4  53.0       송재철      박종곤    에스지이건설           40
   5   금성맨              한    수   3  52.0       박병윤      김윤섭    조창규                 38
   6   천군                미    거   5  53.5       장추열      이관호    황은호                 41
   7   아르폰스            미    수   6  52.0       문정균      서정하    유정희                 36
   8   티즈에너지          미    거   4  52.0       유승완      서인석    최상기                 38
   9   찬란한날            한    수   4  52.0       김용근      임봉춘    진교원                 38
  10   동쪽글로리          한    거   5  52.0       임다빈      정호익    김영구                 36
------------------------------------------------------------------------------------------------------
                                                                          --총전적--      --1년전적--
 마번  마  명                  수득상금     1년수득상금  6개월수득상금  1위/2위/3위/계  1위/2위/3위/계
------------------------------------------------------------------------------------------------------
   1   남산러브                35,400,000    35,400,000    35,400,000    1   0   0  10   1   0   0   9
   2   로열함성                15,600,000    15,600,000     8,600,000    0   0   1  16   0   0   1  11
   3   천년의바람              92,240,000    18,000,000    18,000,000    2   2   2  31   0   1   0   8
   4   문학럭키                38,300,000    38,300,000     4,800,000    1   1   1  14   1   1   1   9
   5   금성맨                  52,250,000    52,250,000    52,250,000    2   1   0   8   2   1   0   8
   6   천군                    41,550,000    41,550,000    13,200,000    1   1   1  16   1   1   1  11
   7   아르폰스                28,630,000     4,650,000     2,400,000    1   0   2  20   0   0   0   8
   8   티즈에너지              16,350,000    16,350,000    13,200,000    0   1   0   7   0   1   0   6
   9   찬란한날                46,440,000    46,440,000    10,800,000    1   3   0  13   1   3   0  10
  10   동쪽글로리              65,610,000    12,250,000     6,000,000    3   2   0  24   0   0   0  12
------------------------------------------------------------------------------------------------------


제목 : 22.05.07 제 33 일  토 요일   9경주;   

 1400 M   출전:11두    국3등급   ( R1~65            연령오픈  )     출발:18:00
 별정A         일반      
  41,250,000원   16,500,000원   10,500,000원    3,750,000원    3,000,000원 
------------------------------------------------------------------------------------------------------
 마번  마   명            산지  성별 연령 중량       기수       조교사     마주              레이팅
------------------------------------------------------------------------------------------------------
   1   야호골든캣          한    수   5  56.0       정정희      박재우    이태식                 53
   2   열린문              한    수   5  52.0   (-4)김태희      서인석    김재성a                56
   3   포에버드림          한    거   3  55.0       안토니오    이관호    이진경                 51
   4   대군파워            한(포)거   6  56.0       장추열      구자흥    표종순                 51
   5   톱시드              한(포)거   5  56.0       김정준      박병일    임동현                 51
   6   머니시장            한    암   5  54.0       김효정      배대선    박상헌                 55
   7   글로벌천하          한    수   6  56.0       김동수      최상식    장재형                 54
   8   컴플리트캡틴        한    수   5  56.0       임기원      조현수    장석영                 55
   9   루이사              한    암   5  54.0       이용호      임봉춘    김철                   65
  10   루비콘              한    암   4  54.0       송재철      홍대유    최동근                 62
  11   에이투제트          한    수   5  56.0       김태훈      지용철    최성룡                 55
------------------------------------------------------------------------------------------------------
                                                                          --총전적--      --1년전적--
 마번  마  명                  수득상금     1년수득상금  6개월수득상금  1위/2위/3위/계  1위/2위/3위/계
------------------------------------------------------------------------------------------------------
   1   야호골든캣             117,040,000    70,850,000     7,500,000    3   4   2  18   2   1   0   7
   2   열린문                 146,260,000    71,350,000    49,500,000    4   3   3  21   2   1   0  10
   3   포에버드림             103,600,000   103,600,000   101,200,000    3   1   0   7   3   1   0   7
   4   대군파워               147,660,000    10,620,000             0    3   2   4  23   0   0   0   9
   5   톱시드                 101,650,000    64,900,000    29,700,000    4   2   3  14   3   1   1   6
   6   머니시장               146,520,000    63,100,000    46,200,000    2   4   3  17   1   1   2   9
   7   글로벌천하             174,640,000    46,200,000    33,000,000    2   7   2  32   0   2   0   9
   8   컴플리트캡틴           150,600,000     3,000,000     3,000,000    4   0   3  13   0   0   0   6
   9   루이사                 219,970,000   118,850,000    50,750,000    3   5   4  19   1   3   2  10
  10   루비콘                 154,840,000   140,280,000    99,000,000    3   6   1  15   3   4   1  10
  11   에이투제트             123,070,000    50,000,000    36,000,000    3   3   2  19   2   0   0   8
------------------------------------------------------------------------------------------------------


제목 : 22.05.08 제 34 일  일 요일   1경주;   

 1200 M   출전:11두    국6등급   ( R0~0             3세이하   )     출발:10:45
 별정A         일반      
  22,000,000원    8,800,000원    5,600,000원    2,000,000원    1,600,000원 
------------------------------------------------------------------------------------------------------
 마번  마   명            산지  성별 연령 중량       기수       조교사     마주              레이팅
------------------------------------------------------------------------------------------------------
   1   용천지상            한    거   3  56.0       송재철      김윤섭    함평제일                 
   2   제이피닉스          한    수   3  56.0       유승완      송문길    허장원                   
   3   새로운빛깔          한    거   3  56.0       김귀배      홍대유    김종식                   
   4   그레이토르          한    거   3  56.0       김효정      안해양    제일우                   
   5   허밍버드            한    거   3  56.0       김동수      김동균    박정배                   
   6   에코존              한    수   3  56.0       조한별      김동철    양순희                   
   7   나스티챔프          한(포)수   3  56.0       박현우      김동균    굿원                     
   8   논스톱알리          한    수   3  56.0       신형철      이희영    태립                     
   9   빈체로킹            한    수   3  56.0       임다빈      서인석    김인규                   
  10   큐피드세이프        한    암   3  54.0       정정희      박재우    서순배                   
  11   블랙버미            한    암   3  50.0   (-4)김태희      서홍수    허윤범                   
------------------------------------------------------------------------------------------------------
                                                                          --총전적--      --1년전적--
 마번  마  명                  수득상금     1년수득상금  6개월수득상금  1위/2위/3위/계  1위/2위/3위/계
------------------------------------------------------------------------------------------------------
   1   용천지상                         0             0             0    0   0   0   2   0   0   0   2
   2   제이피닉스               8,400,000     8,400,000     8,400,000    0   0   1   1   0   0   1   1
   3   새로운빛깔                       0             0             0    0   0   0   2   0   0   0   2
   4   그레이토르                       0             0             0    0   0   0   1   0   0   0   1
   5   허밍버드                         0             0             0    0   0   0   4   0   0   0   4
   6   에코존                   1,600,000     1,600,000     1,600,000    0   0   0   3   0   0   0   3
   7   나스티챔프                       0             0             0    0   0   0   0   0   0   0   0
   8   논스톱알리               3,600,000     3,600,000     3,600,000    0   0   0   5   0   0   0   5
   9   빈체로킹                         0             0             0    0   0   0   4   0   0   0   4
  10   큐피드세이프            14,400,000    14,400,000    14,400,000    0   1   1   3   0   1   1   3
  11   블랙버미                         0             0             0    0   0   0   2   0   0   0   2
------------------------------------------------------------------------------------------------------


제목 : 22.05.08 제 34 일  일 요일   2경주;   

 1300 M   출전:12두    국6등급   ( R0~0             연령오픈  )     출발:11:10
 별정A         일반      
  13,750,000원    5,500,000원    3,500,000원    1,250,000원    1,000,000원 
------------------------------------------------------------------------------------------------------
 마번  마   명            산지  성별 연령 중량       기수       조교사     마주              레이팅
------------------------------------------------------------------------------------------------------
   1   천지의빛            한    암   3  54.0       송재철      김동균    최임규                   
   2   금아시크            한(포)암   3  54.0       빅투아르    리카디    금아산업(주)             
   3   갈색향기            한    암   3  54.0       김동수      안병기    김광명                   
   4   슈퍼파크            한    암   5  54.0       김태훈      배휴준    이성재                   
   5   피엔에스찬스        한    암   3  50.0   (-4)김태희      박윤규    피엔에스커튼월           
   6   뉴스마트            한(포)암   4  54.0       박을운      심승태    김태성                   
   7   머니스톤            한    암   4  54.0       박태종      곽영효    정기환                   
   8   샤인뮤직            한(포)암   5  54.0       방춘식      심승태    김용래                   
   9   델피니              한    암   4  54.0       임기원      이신영    이한준                   
  10   함평파이터          한    암   3  54.0       장추열      최영주    함평제일                 
  11   황금달빛            한    암   4  51.0   (-3)김아현      지용철    장석린외1인(신치구)      
  12   바로퀸              한    암   3  54.0       김용근      박윤규    박평양                   
------------------------------------------------------------------------------------------------------
                                                                          --총전적--      --1년전적--
 마번  마  명                  수득상금     1년수득상금  6개월수득상금  1위/2위/3위/계  1위/2위/3위/계
------------------------------------------------------------------------------------------------------
   1   천지의빛                 2,400,000     2,400,000     2,400,000    0   0   0   6   0   0   0   6
   2   금아시크                         0             0             0    0   0   0   0   0   0   0   0
   3   갈색향기                17,400,000    17,400,000    15,150,000    0   1   1   6   0   1   1   6
   4   슈퍼파크                 2,250,000     1,250,000     1,250,000    0   0   0  24   0   0   0  14
   5   피엔에스찬스            18,950,000    18,950,000    18,950,000    0   1   1   7   0   1   1   7
   6   뉴스마트                 4,750,000     4,750,000     4,750,000    0   0   1  10   0   0   1  10
   7   머니스톤                 3,500,000     3,500,000     3,500,000    0   0   1  10   0   0   1  10
   8   샤인뮤직                11,580,000     7,160,000     1,000,000    0   0   1  14   0   0   1   8
   9   델피니                   8,780,000     3,500,000     3,500,000    0   0   2   6   0   0   1   3
  10   함평파이터               2,850,000     2,850,000     2,850,000    0   0   0   6   0   0   0   6
  11   황금달빛                 7,480,000     3,740,000             0    0   0   2   9   0   0   1   5
  12   바로퀸                  11,000,000    11,000,000    11,000,000    0   0   2   7   0   0   2   7
------------------------------------------------------------------------------------------------------


제목 : 22.05.08 제 34 일  일 요일   3경주;   

 1400 M   출전: 8두    국5등급   ( R1~35            연령오픈  )     출발:11:35
 별정A         일반      
  22,000,000원    8,800,000원    5,600,000원    2,000,000원    1,600,000원 
------------------------------------------------------------------------------------------------------
 마번  마   명            산지  성별 연령 중량       기수       조교사     마주              레이팅
------------------------------------------------------------------------------------------------------
   1   신의한수            한    수   4  56.0       정정희      최용건    장철환                 30
   2   카일룸제왕          미    거   5  56.0       임다빈      최용구    강태구                 35
   3   브라보메이          한    거   4  56.0       부민호      서범석    오상철                 33
   4   바디스타            한    수   5  56.0       박상우      임봉춘    김진태a                25
   5   피어나다            한    암   5  54.0       박병윤      손영표    김창희                 25
   6   럭키어필            한(포)수   4  56.0       조한별      김동철    금악목장               27
   7   퍼스트드림          미    수   5  56.0       박을운      김점오    박재범                 31
   8   지산군              한    수   4  56.0       안토니오    이관호    (주)인펨               32
------------------------------------------------------------------------------------------------------
                                                                          --총전적--      --1년전적--
 마번  마  명                  수득상금     1년수득상금  6개월수득상금  1위/2위/3위/계  1위/2위/3위/계
------------------------------------------------------------------------------------------------------
   1   신의한수                19,350,000    19,350,000    13,750,000    1   0   1   8   1   0   1   8
   2   카일룸제왕              33,900,000    20,100,000     3,000,000    0   0   3  20   0   0   2  11
   3   브라보메이              37,780,000    21,600,000     7,600,000    1   2   2  13   0   2   1   7
   4   바디스타                39,530,000     9,380,000             0    1   0   3  22   0   0   2   9
   5   피어나다                28,200,000     1,600,000     1,600,000    1   0   0  11   0   0   0   7
   6   럭키어필                19,540,000    19,540,000     3,200,000    1   0   1  16   1   0   1  12
   7   퍼스트드림              15,050,000    12,050,000    10,400,000    0   1   0  21   0   1   0  12
   8   지산군                  30,150,000    30,150,000     7,600,000    1   1   1  10   1   1   1   8
------------------------------------------------------------------------------------------------------


제목 : 22.05.08 제 34 일  일 요일   4경주;   

 1400 M   출전: 9두    국5등급   ( R1~35            연령오픈  )     출발:12:40
 별정A         일반      
  22,000,000원    8,800,000원    5,600,000원    2,000,000원    1,600,000원 
------------------------------------------------------------------------------------------------------
 마번  마   명            산지  성별 연령 중량       기수       조교사     마주              레이팅
------------------------------------------------------------------------------------------------------
   1   한강보스            한    거   3  55.0       유승완      곽영효    김학록                 30
   2   화이트윙            한    암   4  54.0       송재철      이신영    구리야마 타다시        26
   3   영웅대마            한    거   4  56.0       임다빈      정호익    김광명                 25
   4   해피삭스            한    암   4  54.0       먼로        강환민    김창식                 29
   5   소중한당신          한(포)암   4  54.0       이혁        배휴준    이성님                 27
   6   동작                한    거   6  56.0       정정희      박재우    이긍열                 34
   7   일향달마            한    암   4  54.0       김동수      조현수    이창모                 24
   8   페더럴킹            한    수   5  53.0   (-3)김아현      지용철    최성룡                 32
   9   미사일캔디          한(포)수   7  56.0       문정균      최영주    이장운                 31
------------------------------------------------------------------------------------------------------
                                                                          --총전적--      --1년전적--
 마번  마  명                  수득상금     1년수득상금  6개월수득상금  1위/2위/3위/계  1위/2위/3위/계
------------------------------------------------------------------------------------------------------
   1   한강보스                21,750,000    21,750,000    21,750,000    1   0   0   5   1   0   0   5
   2   화이트윙                12,760,000             0             0    1   0   1   9   0   0   0   4
   3   영웅대마                16,730,000    12,980,000             0    1   0   0  15   1   0   0  10
   4   해피삭스                38,610,000     1,600,000     1,600,000    1   1   2  10   0   0   0   5
   5   소중한당신              13,500,000    13,500,000    13,500,000    0   1   2   8   0   1   2   5
   6   동작                    75,180,000             0             0    2   0   1  32   0   0   0   7
   7   일향달마                19,780,000     7,040,000             0    0   2   2  12   0   1   0   8
   8   페더럴킹                65,040,000    22,120,000             0    2   2   4  30   1   0   2  14
   9   미사일캔디              64,080,000             0             0    2   1   1  32   0   0   0   8
------------------------------------------------------------------------------------------------------


제목 : 22.05.08 제 34 일  일 요일   5경주;   

 1300 M   출전:12두    국5등급   ( R1~35            연령오픈  )     출발:13:45
 핸디캡        일반      
  33,000,000원   13,200,000원    8,400,000원    3,000,000원    2,400,000원 
------------------------------------------------------------------------------------------------------
 마번  마   명            산지  성별 연령 중량       기수       조교사     마주              레이팅
------------------------------------------------------------------------------------------------------
   1   매직러시            한    수   3  54.5       안토니오    서인석    최상기                 30
   2   세명나래            한    암   4  53.5       박을운      배휴준    이기철                 32
   3   원평코드            한    수   3  56.5       장추열      정호익    김용재                 34
   4   새로운보배          한    암   6  51.0       방춘식      심승태    류재욱                 24
   5   천문                한    수   4  52.5       조한별      배휴준    조금제                 26
   6   클레어베스트        한    수   3  55.0       김정준      송문길    박민지                 31
   7   골든스쿠프          한    암   3  52.0       이혁        이관호    김정철                 27
   8   큐피드웨이          한    암   3  53.0       부민호      서범석    서순배                 31
   9   엑톤질주            한    수   4  54.0       임다빈      손영표    황경호                 29
  10   나인아이            한    수   4  51.0   (-3)김아현      지용철    금악목장               29
  11   라이징호크          한    암   3  53.0       다비드      리카디    홍종철                 31
  12   럭키클럽            한    거   4  53.5       신형철      서홍수    이본희                 28
------------------------------------------------------------------------------------------------------
                                                                          --총전적--      --1년전적--
 마번  마  명                  수득상금     1년수득상금  6개월수득상금  1위/2위/3위/계  1위/2위/3위/계
------------------------------------------------------------------------------------------------------
   1   매직러시                28,000,000    28,000,000    28,000,000    1   0   0   5   1   0   0   5
   2   세명나래                31,790,000    22,550,000    22,550,000    1   2   0  12   1   1   0   7
   3   원평코드                35,200,000    35,200,000    35,200,000    1   1   0   3   1   1   0   3
   4   새로운보배              50,680,000     2,000,000     2,000,000    0   3   2  23   0   0   0   8
   5   천문                    19,600,000    19,600,000    19,600,000    0   2   0  13   0   2   0  12
   6   클레어베스트            33,950,000    33,950,000    30,800,000    1   1   0   3   1   1   0   3
   7   골든스쿠프              15,600,000    15,600,000    15,600,000    0   1   2   6   0   1   2   6
   8   큐피드웨이              30,800,000    30,800,000    30,800,000    1   1   0   3   1   1   0   3
   9   엑톤질주                24,040,000    24,040,000     8,800,000    1   2   0  10   1   2   0   8
  10   나인아이                52,960,000    17,360,000     5,600,000    0   5   2  18   0   1   2  10
  11   라이징호크              36,000,000    36,000,000    36,000,000    1   0   2   4   1   0   2   4
  12   럭키클럽                51,950,000     1,600,000     1,600,000    1   0   1  10   0   0   0   6
------------------------------------------------------------------------------------------------------


제목 : 22.05.08 제 34 일  일 요일   6경주;   

 1200 M   출전:12두    국5등급   ( R1~35            연령오픈  )     출발:14:35
 별정A         일반      
  22,000,000원    8,800,000원    5,600,000원    2,000,000원    1,600,000원 
------------------------------------------------------------------------------------------------------
 마번  마   명            산지  성별 연령 중량       기수       조교사     마주              레이팅
------------------------------------------------------------------------------------------------------
   1   슈퍼다이아          한    암   3  54.0       정정희      리카디    김아라                 30
   2   프린세스삭스        한(포)암   4  52.0   (-3)김아현      이신영    김창식                 34
   3   큐피드비상          한    암   5  55.0       부민호      서범석    서순배                 31
   4   콩코드스파크        한    암   3  54.0       안토니오    이관호    김정철                 32
   5   컴플리트럭키        한    암   3  54.0       임기원      박재우    장세준                 28
   6   천사박              미    암   5  55.0       장추열      배대선    (주)디알엠씨티         34
   7   미스양호            한    암   4  55.0       이혁        전승규    박기태                 28
   8   프린세스데이        한    암   4  55.0       김동수      조현수    김선식                 28
   9   원더풀키티          한    암   3  54.0       박태종      서인석    지대섭                 28
  10   스마트하이          한(포)암   4  55.0       유승완      최용건    김창호                 32
  11   블러드문            한    암   3  54.0       김태훈      지용철    최성룡                 30
  12   돌배                한    암   3  54.0       김용근      최상식    임한용                 30
------------------------------------------------------------------------------------------------------
                                                                          --총전적--      --1년전적--
 마번  마  명                  수득상금     1년수득상금  6개월수득상금  1위/2위/3위/계  1위/2위/3위/계
------------------------------------------------------------------------------------------------------
   1   슈퍼다이아              29,200,000    29,200,000    29,200,000    1   0   1   3   1   0   1   3
   2   프린세스삭스            49,040,000    37,160,000    14,400,000    2   1   2  13   1   1   2  10
   3   큐피드비상              56,490,000    12,080,000     2,000,000    1   2   1  19   0   1   0   7
   4   콩코드스파크            22,000,000    22,000,000    22,000,000    1   0   0   2   1   0   0   2
   5   컴플리트럭키            29,500,000    29,500,000    21,100,000    0   2   1   6   0   2   1   6
   6   천사박                  14,800,000     1,600,000     1,600,000    0   1   0  20   0   0   0   9
   7   미스양호                18,370,000    15,730,000     6,050,000    1   0   1   8   1   0   1   7
   8   프린세스데이            15,990,000    15,990,000     5,500,000    0   1   2   9   0   1   2   9
   9   원더풀키티              29,200,000    29,200,000    29,200,000    0   2   1   5   0   2   1   5
  10   스마트하이              33,710,000    33,710,000    26,550,000    1   1   1   9   1   1   1   9
  11   블러드문                27,600,000    27,600,000    27,600,000    1   0   1   4   1   0   1   4
  12   돌배                    18,150,000    18,150,000    18,150,000    1   0   0   4   1   0   0   4
------------------------------------------------------------------------------------------------------


제목 : 22.05.08 제 34 일  일 요일   7경주;   

 1200 M   출전:11두    혼4등급   ( R1~50            연령오픈  )     출발:15:25
 핸디캡        일반      
  33,000,000원   13,200,000원    8,400,000원    3,000,000원    2,400,000원 
------------------------------------------------------------------------------------------------------
 마번  마   명            산지  성별 연령 중량       기수       조교사     마주              레이팅
------------------------------------------------------------------------------------------------------
   1   쇠와꽃              한    암   4  52.0       문정균      곽영효    김용재                 37
   2   런타이거            미    암   3  51.0       조한별      안병기    손병철                 38
   3   올드블레이드        한    암   5  53.0       빅투아르    최용건    김형란                 42
   4   월영이              한    암   5  52.0       이혁        홍대유    김정숙                 40
   5   블랙루키            한    암   4  52.0       먼로        강성오    이용대                 38
   6   매직타이드          한    암   4  51.0       박태종      서인석    최상기                 37
   7   베스트천상          한    암   4  51.0       김용근      박천서    베스트샤인조합         37
   8   그린와트            미    암   5  52.0       이현종      홍대유    김재영b                36
   9   베스트타임          한(포)암   4  53.0       송재철      임봉춘    박정재                 42
  10   케이엔매직          한(포)암   4  57.0       장추열      박대흥    조경수                 50
  11   리치모어리치        호    암   5  51.0       하정훈      신삼영    서창식                 37
------------------------------------------------------------------------------------------------------
                                                                          --총전적--      --1년전적--
 마번  마  명                  수득상금     1년수득상금  6개월수득상금  1위/2위/3위/계  1위/2위/3위/계
------------------------------------------------------------------------------------------------------
   1   쇠와꽃                  53,180,000    53,180,000    29,200,000    2   2   1  12   2   2   1  12
   2   런타이거                         0             0             0    0   0   0   0   0   0   0   0
   3   올드블레이드            84,600,000    33,000,000    33,000,000    2   2   1  13   1   0   0   7
   4   월영이                  70,540,000    60,300,000    52,800,000    1   5   1  16   1   4   0   9
   5   블랙루키                55,120,000    43,020,000    24,000,000    2   2   2  14   2   0   2  10
   6   매직타이드              64,980,000    61,240,000    43,200,000    1   1   4  11   1   1   3   9
   7   베스트천상              51,160,000    45,000,000    19,600,000    1   1   6  13   1   1   5  10
   8   그린와트                19,680,000     4,800,000     4,800,000    0   0   1  19   0   0   0  11
   9   베스트타임             113,200,000    47,450,000    24,600,000    1   6   1  16   0   3   1   9
  10   케이엔매직             109,250,000    94,950,000    38,550,000    2   4   2  11   2   2   1   7
  11   리치모어리치                     0             0             0    0   0   0   2   0   0   0   0
------------------------------------------------------------------------------------------------------


제목 : 22.05.08 제 34 일  일 요일   8경주;   

 1200 M   출전: 9두    국3등급   ( R1~65            연령오픈  )     출발:16:20
 핸디캡        일반      
  41,250,000원   16,500,000원   10,500,000원    3,750,000원    3,000,000원 
------------------------------------------------------------------------------------------------------
 마번  마   명            산지  성별 연령 중량       기수       조교사     마주              레이팅
------------------------------------------------------------------------------------------------------
   1   라온샹젤리          한    암   4  52.0       송재철      박종곤    손광섭                 51
   2   바이스로이          한    거   4  52.5       이혁        임봉춘    김진태a                52
   3   제다이              한    암   4  54.5       유승완      송문길    (주)나스카             60
   4   마이멤버            한    암   5  51.0   (-4)김태희      정호익    백국인                 60
   5   최강팀              한    수   5  52.5       이현종      박대흥    박남성                 52
   6   이스트임팩트        한    거   4  55.5       임기원      박재우    김영구                 58
   7   미르스톰            한    거   6  56.5       조한별      김동철    이월희                 60
   8   스트라이드업        한    거   6  52.0       김정준      서범석    청팅콩                 51
   9   록라인              한    수   5  56.0       장추열      최영주    소태영                 59
------------------------------------------------------------------------------------------------------
                                                                          --총전적--      --1년전적--
 마번  마  명                  수득상금     1년수득상금  6개월수득상금  1위/2위/3위/계  1위/2위/3위/계
------------------------------------------------------------------------------------------------------
   1   라온샹젤리              90,470,000    75,200,000    68,200,000    2   4   1  11   2   2   0   7
   2   바이스로이             118,600,000   109,220,000    65,100,000    3   1   4  14   3   1   3   9
   3   제다이                 213,900,000   118,650,000    46,500,000    4   4   3  15   2   1   1   8
   4   마이멤버               147,700,000   106,100,000    87,450,000    4   4   0  19   2   3   0  10
   5   최강팀                 261,450,000             0             0    3   2   0  13   0   0   0   4
   6   이스트임팩트           136,260,000   118,660,000    71,100,000    5   3   1  10   3   3   1   8
   7   미르스톰               234,070,000    49,320,000    13,500,000    4   3   3  31   1   0   0  12
   8   스트라이드업           141,790,000    12,150,000     3,750,000    3   3   4  34   0   0   0   9
   9   록라인                 127,740,000    91,260,000    77,400,000    3   3   2  20   2   1   1  10
------------------------------------------------------------------------------------------------------


제목 : 22.05.08 제 34 일  일 요일   9경주;   

 1700 M   출전: 8두    국4등급   ( R1~50            연령오픈  )     출발:17:10
 별정A         일반      
  33,000,000원   13,200,000원    8,400,000원    3,000,000원    2,400,000원 
------------------------------------------------------------------------------------------------------
 마번  마   명            산지  성별 연령 중량       기수       조교사     마주              레이팅
------------------------------------------------------------------------------------------------------
   1   원더풀케이          한    수   4  56.0       장추열      배대선    강경운                 39
   2   장산가드            한    수   4  56.0       다비드      강환민    김병진                 45
   3   피렌체힐            한    수   6  56.0       먼로        신삼영    안병렬                 45
   4   라피도아레스        한    암   5  54.0       이용호      송문길    허장원                 47
   5   정상으뜸            한    거   7  56.0       김태훈      박희철    노환영                 36
   6   스피드벨            한    거   6  56.0       김용근      임봉춘    최몽주                 46
   7   원더풀데블          한    암   4  54.0       임다빈      서홍수    (주)녹원목장           41
   8   라피어반            한(포)암   4  54.0       이혁        서범석    임종근                 40
------------------------------------------------------------------------------------------------------
                                                                          --총전적--      --1년전적--
 마번  마  명                  수득상금     1년수득상금  6개월수득상금  1위/2위/3위/계  1위/2위/3위/계
------------------------------------------------------------------------------------------------------
   1   원더풀케이              79,040,000    70,020,000    41,200,000    2   2   2  13   2   1   2   9
   2   장산가드                75,880,000    75,880,000    53,000,000    1   5   1  12   1   5   1  10
   3   피렌체힐               112,480,000     2,400,000     2,400,000    2   3   3  25   0   0   0   5
   4   라피도아레스           100,270,000    23,400,000             0    3   3   1  13   1   0   0   6
   5   정상으뜸               138,000,000     8,400,000             0    1   6   5  47   0   0   1  12
   6   스피드벨               125,160,000    56,960,000    49,200,000    3   2   1  26   1   1   1  10
   7   원더풀데블              60,830,000    60,830,000    33,400,000    2   0   2  12   2   0   2  11
   8   라피어반                62,510,000    62,510,000    16,200,000    2   2   0   8   2   2   0   8
------------------------------------------------------------------------------------------------------


제목 : 22.05.08 제 34 일  일 요일  10경주;   

 1800 M   출전: 9두    혼3등급   ( R1~65            연령오픈  )     출발:17:35
 별정B         일반      
  41,250,000원   16,500,000원   10,500,000원    3,750,000원    3,000,000원 
------------------------------------------------------------------------------------------------------
 마번  마   명            산지  성별 연령 중량       기수       조교사     마주              레이팅
------------------------------------------------------------------------------------------------------
   1   머니챔프            한    거   5  57.0       김동수      심승태    최임규                 60
   2   머니지프            한    거   7  55.0       김정준      배대선    강종우                 56
   3   빅트리플            미    거   5  54.0       먼로        강환민    이종원                 53
   4   티케파이어          한    수   5  58.0       이혁        전승규    손병현                 64
   5   역전의우승          미    거   8  56.0       김태훈      우창구    우만식                 57
   6   문학앙코르          미    수   4  54.0       임다빈      정호익    황봉기                 52
   7   그린다르크          한    암   6  52.0       김용근      구자흥    김재영b                53
   8   제왕의별            한    수   7  58.0       장추열      임채덕    (주)녹원목장           63
   9   정문에이스          미    수   5  56.0       유승완      홍대유    김재영b                59
------------------------------------------------------------------------------------------------------
                                                                          --총전적--      --1년전적--
 마번  마  명                  수득상금     1년수득상금  6개월수득상금  1위/2위/3위/계  1위/2위/3위/계
------------------------------------------------------------------------------------------------------
   1   머니챔프               170,620,000    82,050,000    56,700,000    4   3   3  27   2   1   2  15
   2   머니지프               201,430,000    45,990,000     3,000,000    3   2   8  45   0   1   2  10
   3   빅트리플               113,160,000    22,620,000    18,000,000    2   0   4  21   0   0   1   9
   4   티케파이어             159,380,000   124,330,000   113,550,000    4   2   2  19   2   2   1  10
   5   역전의우승             179,850,000     3,000,000     3,000,000    2   2   3  38   0   0   0  11
   6   문학앙코르              72,450,000    64,050,000    46,200,000    1   2   1  16   1   2   1   9
   7   그린다르크             177,140,000    60,800,000     7,500,000    4   3   2  29   2   0   1  10
   8   제왕의별               240,400,000    27,000,000    24,000,000    4   5   1  35   0   1   0  12
   9   정문에이스             132,250,000   106,100,000    66,600,000    2   4   3  21   2   2   3  12
------------------------------------------------------------------------------------------------------


제목 : 22.05.08 제 34 일  일 요일  11경주;   

 1200 M   출전:11두    1등급   ( R1~140           연령오픈  )     출발:18:00
 핸디캡        일반      
  60,500,000원   24,200,000원   15,400,000원    5,500,000원    4,400,000원 
------------------------------------------------------------------------------------------------------
 마번  마   명            산지  성별 연령 중량       기수       조교사     마주              레이팅
------------------------------------------------------------------------------------------------------
   1   글로벌캡틴          미    수   6  58.0       장추열      정호익    장재형                114
   2   컴플리트스윕        한    수   7  52.0       임기원      조현수    장석영                 90
   3   큐피드미션          미    수   5  52.0       유승완      서범석    서순배                 79
   4   마스크              한    수   7  51.0       김용근      임봉춘    김진태a                97
   5   레전드데이          미    수   4  52.0       김동수      정호익    양순희                 86
   6   라온탑맨            한    거   5  51.0       박태종      박종곤    손광섭                 82
   7   다크플레이어        미    수   6  52.0       조한별      이관호    박남성                 86
   8   청담지니            미    거   6  52.5       이혁        토니      삼정                  103
   9   마이티고            미    거   5  53.0       다비드      서홍수    조병태                104
  10   정조의꿈            한    거   6  52.0       임다빈      강성오    이관형                 68
  11   클린업해피          한(포)거   5  51.0       정정희      박재우    씨유네트워크           82
------------------------------------------------------------------------------------------------------
                                                                          --총전적--      --1년전적--
 마번  마  명                  수득상금     1년수득상금  6개월수득상금  1위/2위/3위/계  1위/2위/3위/계
------------------------------------------------------------------------------------------------------
   1   글로벌캡틴             537,650,000    84,200,000    15,400,000    8   1   3  22   1   0   1   7
   2   컴플리트스윕           401,750,000    21,900,000     4,400,000    6   5   4  29   0   1   0   8
   3   큐피드미션             256,430,000   145,080,000    62,100,000    3   4   8  22   2   1   5  11
   4   마스크                 873,840,000    25,300,000    25,300,000    5   6   5  30   0   0   1   8
   5   레전드데이             228,670,000    99,700,000    35,200,000    7   2   0  13   2   1   0   7
   6   라온탑맨               247,750,000    37,600,000             0    4   4   4  15   0   1   2   5
   7   다크플레이어           297,650,000    29,800,000    19,800,000    3   6   3  27   0   0   1   6
   8   청담지니               361,200,000    71,500,000    64,900,000    6   2   1  21   1   0   0   5
   9   마이티고               338,900,000   139,700,000   100,100,000    6   3   1  15   1   3   1   6
  10   정조의꿈               175,480,000             0             0    4   6   0  22   0   0   0   6
  11   클린업해피             237,300,000   117,300,000    73,800,000    5   5   3  15   1   4   0   7
------------------------------------------------------------------------------------------------------

