

제목 : 21년04월11일(일)  제 1경주

(서울) 제15일 1200M 국6등급    별정A       경주명 : 일반                        
경주조건:       R0~0  연령오픈                   날씨:맑음 주로:양호  (6%)
순위상금:  8,800천원   5,500천원   3,740천원   2,420천원   1,540천원
부가상금:      0천원       0천원       0천원
-------------------------------------------------------------------------------------------------
순위 마번    마    명         산지   성별 연령 부담중량  기수명   조교사   마주명           레이팅
-------------------------------------------------------------------------------------------------
  1    4  러닝킹               한     수     3    57.0   문세영   지용철   오종환                
  2    1  대천얼짱             한     수     3    57.0   빅투아르 최봉주   김경민                
  3    3  뉴호프               한     암     3    55.0   박태종   최봉주   오상철                
  4    6  바이스로이           한     거     3    57.0   이혁     임봉춘   김진태a               
  5   13  플라잉인디           한     수     3    57.0   이용호   임채덕   김형순                
  6    8  일격필살             한     수     3    57.0   안토니오 강성오   김창식                
  7   14  모닝뉴스             한     암     3    55.0   조상범   최용건   (주)나스카            
  8   11  라온가람             한     암     3    55.0   최범현   박종곤   라온건설              
  9    2  넘버원타깃           한     암     4    55.0   김귀배   이희영   태립                  
 10    7  퀸라이언             한     암     4    55.0   이철경   조현수   신우철                
 11   12  매직만점             한     거     4    57.0   다비드   손영표   김창희                
 12    9  사려니               한     거     4    54.0   임다빈   박희철   오영익                
 13    5  빅터웨이             한(포) 암     3    51.0   김아현   곽영효   김용재                
 14   10  킹엔젤마리아         한     거     3    57.0   김옥성   김동철   이월희                
-------------------------------------------------------------------------------------------------
순위 마번    마      명       마 체 중  기 록  도 착 차  S1F-1C-2C-3C-4C-G1F
-------------------------------------------------------------------------------------------------
  1    4  러닝킹               506( +3) 1:15.6            1-  -  - 1- 1- 1
  2    1  대천얼짱             510(+15) 1:15.7  ½        5-  -  - 3- 3- 2
  3    3  뉴호프               474(+12) 1:16.3  4         8-  -  - 6- 6- 4
  4    6  바이스로이           473( -8) 1:16.4  ¾        2-  -  - 2- 2- 3
  5   13  플라잉인디           479(+11) 1:17.3  5        14-  -  -14-11-10
  6    8  일격필살             480( +1) 1:17.7  2½       3-  -  - 4- 4- 5
  7   14  모닝뉴스             456(-13) 1:17.7  머리     12-  -  -13-12-11
  8   11  라온가람             464( +7) 1:17.8  목        4-  -  - 5- 5- 6
  9    2  넘버원타깃           492(-10) 1:17.9  ¾       13-  -  -12- 8- 7
 10    7  퀸라이언             435(-15) 1:18.3  2½       7-  -  - 9- 9- 8
 11   12  매직만점             468( +2) 1:18.5  1         6-  -  - 8-10- 9
 12    9  사려니               512( -9) 1:19.6  6        10-  -  -11-14-13
 13    5  빅터웨이             428( +7) 1:19.8  1½       9-  -  - 7- 7-12
 14   10  킹엔젤마리아         483( +5) 1:20.8  6        11-  -  -10-13-14
-------------------------------------------------------------------------------------------------
순위 마번    G-3Ｆ   S-1F  １코너  ２코너  ３코너  ４코너    G-1F  단승식 연승식
-------------------------------------------------------------------------------------------------
  1    4   38.7    0:13.6                  0:24.6  0:43.1   13.5      4.2    1.2
  2    1   38.5    0:13.8                  0:24.9  0:43.6   13.2      3.7    1.5
  3    3   38.7    0:14.0                  0:25.2  0:43.9   13.4      3.8    1.5
  4    6   39.2    0:13.7                  0:24.8  0:43.5   13.7      6.2    1.5
  5   13   38.8    0:14.3                  0:25.9  0:44.9   13.2    137.7   57.6
  6    8   40.3    0:13.7                  0:24.9  0:43.6   14.7     12.4    3.8
  7   14   38.9    0:14.2                  0:25.8  0:45.3   13.3     49.0   15.2
  8   11   40.4    0:13.7                  0:24.9  0:43.6   14.2     14.9    7.9
  9    2   39.8    0:14.3                  0:25.8  0:44.6   14.1     27.3   12.9
 10    7   40.1    0:13.9                  0:25.4  0:44.7   14.3     46.7   19.0
 11   12   40.3    0:13.8                  0:25.2  0:44.7   14.4    218.2   78.3
 12    9   40.8    0:14.0                  0:25.6  0:45.5   14.4     27.0    8.2
 13    5   42.0    0:14.0                  0:25.2  0:44.5   14.8     88.9   50.9
 14   10   42.2    0:14.0                  0:25.4  0:45.4   15.0     29.7    7.2
-------------------------------------------------------------------------------------------------
(복승식 배당률)
  1- 2    77.0  2- 9   404.1  4- 5   444.2  5-15     0.0  8- 9   167.5 11-12  1325.7
  1- 3     9.0  2-10   699.6  4- 6    12.2  5-16     0.0  8-10   216.9 11-13  1633.2
  1- 4     4.6  2-11   256.4  4- 7   140.5  6- 7   237.7  8-11    43.8 11-14   370.3
  1- 5   754.9  2-12  2399.6  4- 8    10.7  6- 8    33.0  8-12   812.0 11-15     0.0
  1- 6    15.2  2-13  2771.2  4- 9    53.5  6- 9   141.9  8-13  3068.1 11-16     0.0
  1- 7   181.5  2-14   712.3  4-10    96.0  6-10   158.4  8-14   488.1 12-13  3278.9
  1- 8    15.2  2-15     0.0  4-11    15.6  6-11    48.5  8-15     0.0 12-14  2771.2
  1- 9    49.1  2-16     0.0  4-12   409.5  6-12   430.8  8-16     0.0 12-15     0.0
  1-10   160.6  3- 4     7.3  4-13   423.2  6-13   771.2  9-10   471.0 12-16     0.0
  1-11    14.5  3- 5  1093.0  4-14   147.4  6-14   201.5  9-11   310.6 13-14  1867.5
  1-12   906.2  3- 6    18.3  4-15     0.0  6-15     0.0  9-12  2651.5 13-15     0.0
  1-13   747.0  3- 7   176.3  4-16     0.0  6-16     0.0  9-13  4474.3 13-16     0.0
  1-14   205.6  3- 8    24.6  5- 6   754.9  7- 8   508.9  9-14   636.4 14-15     0.0
  1-15     0.0  3- 9   102.3  5- 7  4668.9  7- 9  1154.7  9-15     0.0 14-16     0.0
  1-16     0.0  3-10   112.3  5- 8  2065.1  7-10  1917.6  9-16     0.0 15-16     0.0
  2- 3   131.5  3-11    23.0  5- 9  2497.3  7-11   542.3 10-11   156.7  0- 0     0.0
  2- 4    77.3  3-12   513.8  5-10  3181.8  7-12  5804.5 10-12  3409.0  0- 0     0.0
  2- 5  2753.4  3-13  1512.5  5-11  1133.3  7-13  2065.1 10-13  1130.4  0- 0     0.0
  2- 6   132.9  3-14   246.6  5-12  3024.9  7-14  1620.9 10-14   980.7  0- 0     0.0
  2- 7   873.0  3-15     0.0  5-13  8766.0  7-15     0.0 10-15     0.0  0- 0     0.0
  2- 8   235.0  3-16     0.0  5-14  2753.4  7-16     0.0 10-16     0.0  0- 0     0.0
-------------------------------------------------------------------------------------------------
매출액 단식:      2,100,100    연식:      5,728,400      복식:     58,840,600
       복연:     12,329,000    쌍식:     17,180,100      삼복:     68,183,700
       삼쌍:     34,764,700    합계:    199,126,600
-------------------------------------------------------------------------------------------------
배당률 단: ④4.2        연: ④1.2 ①1.5 ③1.5          복: ④①4.6       4F:51.0
                                                                         3F:38.7
                        쌍: ④①8.2       
     복연: ④①2.2 ④③4.0 ①③5.1
     삼복: ④①③7.2 
     삼쌍: ④①③34.6 
-------------------------------------------------------------------------------------------------
펄 롱:13.6 11.0 12.3   12.6   12.6   13.5   
통과M:  200  400  600    800    1000   1200
통과T:13.6 24.6 36.9 0:49.5 1:02.1 1:15.6 
-------------------------------------------------------------------------------------------------
통과순위 S-1F : (^4,6,8,11),(1,7,12),(3,5,9,10),(2,13,14)
           C1 :                                         
           C2 :                                         
           C3 : 4,(1,6,8,11),(3,5,12),(7,10),9,(2,13,14)
           C4 : 4-(1,6,8,11),3-(2,5),(7,12),13-(14,10),9
         G-1F : 4-1,6,(8,3)-11,2,(7,12,13),14-5,9-10    
-------------------------------------------------------------------------------------------------
구분 출전번호  대상명            처분종류     처분내용                     세부내용
-------------------------------------------------------------------------------------------------
기수   12      다비드            기승정지     2일(2021.05.01~2021.05.02)   출발 후 약 200m 지점 안으로 진로변경 10번 주행방해(2주 유예)
말     10      킹엔젤마리아      주행심사                                  경주능력부진(1위마와 30.8마신 차)                 
-------------------------------------------------------------------------------------------------


제목 : 21년04월11일(일)  제 2경주

(서울) 제15일 1200M 국6등급    별정A       경주명 : 일반                        
경주조건:       R0~0  연령오픈                   날씨:맑음 주로:양호  (6%)
순위상금:  8,800천원   5,500천원   3,740천원   2,420천원   1,540천원
부가상금:      0천원       0천원       0천원
-------------------------------------------------------------------------------------------------
순위 마번    마    명         산지   성별 연령 부담중량  기수명   조교사   마주명           레이팅
-------------------------------------------------------------------------------------------------
  1    5  해찬                 한     수     4    57.0   임기원   안병기   박남성                
  2   10  스카이망치           한(포) 거     3    57.0   박을운   이신영   지앤지프로덕션        
  3    9  스타러시             한(포) 수     4    57.0   부민호   김동철   제주축협              
  4    1  매드블레이드         한     거     3    57.0   정정희   강환민   김형란                
  5   12  케이엔라이트         한     수     3    57.0   문세영   박대흥   조경수                
  6    2  런히어로             한     수     3    57.0   송재철   송문길   박복용                
  7    3  원더풀맘보           한     암     4    55.0   문정균   최봉주   (주)녹원목장          
  8    4  지금여기에           한     수     3    57.0   정평수   지용철   최성룡                
  9    7  패밀리스타           한     암     4    55.0   조상범   손영표   류재욱                
 10    8  로큰롤타임           한     암     3    55.0   권석원   서인석   홍상기                
 11   11  순간타이밍           한     수     3    57.0   조한별   안해양   표종순                
       6  그린마운틴           한     수     4    57.0   이철경   서홍수   박순옥                
-------------------------------------------------------------------------------------------------
순위 마번    마      명       마 체 중  기 록  도 착 차  S1F-1C-2C-3C-4C-G1F
-------------------------------------------------------------------------------------------------
  1    5  해찬                 517(+15) 1:15.8            2-  -  - 2- 2- 1
  2   10  스카이망치           456(-10) 1:15.9  ½        5-  -  - 7- 6- 5
  3    9  스타러시             451(-11) 1:16.2  1¾       8-  -  - 8- 7- 6
  4    1  매드블레이드         445( -2) 1:16.4  1¼       3-  -  - 3- 3- 2
  5   12  케이엔라이트         503( +7) 1:16.9  2½       7-  -  - 5- 4- 3
  6    2  런히어로             481( +0) 1:17.4  3         9-  -  - 9- 9- 8
  7    3  원더풀맘보           456( +8) 1:17.6  ¾        1-  -  - 1- 1- 4
  8    4  지금여기에           419( -1) 1:18.1  3        10-  -  -10-10-10
  9    7  패밀리스타           443(-12) 1:18.2  머리      6-  -  - 6- 8- 9
 10    8  로큰롤타임           514( -3) 1:19.4  7         4-  -  - 4- 5- 7
 11   11  순간타이밍           487(+11) 1:23.5  23       11-  -  -11-11-11
       6  그린마운틴           490(-13) 0:00.0  경주제외   -  -  -  -  -  
-------------------------------------------------------------------------------------------------
순위 마번    G-3Ｆ   S-1F  １코너  ２코너  ３코너  ４코너    G-1F  단승식 연승식
-------------------------------------------------------------------------------------------------
  1    5   39.4    0:13.6                  0:24.6  0:42.6   13.9      2.3    1.0
  2   10   38.4    0:13.8                  0:25.3  0:43.8   13.4     12.6    4.4
  3    9   38.2    0:14.0                  0:25.6  0:44.2   13.5      7.5    2.9
  4    1   39.7    0:13.7                  0:24.8  0:43.0   14.0     11.7    1.8
  5   12   40.0    0:13.9                  0:25.2  0:43.0   14.5      2.9    1.2
  6    2   38.9    0:14.1                  0:26.0  0:44.8   13.6     62.3    4.3
  7    3   41.3    0:13.5                  0:24.4  0:42.5   15.1      7.5    8.6
  8    4   39.0    0:14.7                  0:26.6  0:45.6   13.6    164.2   15.4
  9    7   40.3    0:13.9                  0:25.3  0:44.4   13.7    354.3   45.6
 10    8   42.5    0:13.7                  0:24.9  0:43.2   15.9    240.4   30.2
 11   11   41.4    0:15.9                  0:28.4  0:49.2   14.0    172.6    7.2
       6                                                                        
-------------------------------------------------------------------------------------------------
(복승식 배당률)
  1- 2   181.6  2- 9   289.6  4- 5   173.7  5-15     0.0  8- 9   544.8 11-12    84.2
  1- 3    54.6  2-10   272.0  4- 6     0.0  5-16     0.0  8-10   703.1 11-13     0.0
  1- 4   673.1  2-11  1232.6  4- 7  1714.9  6- 7     0.0  8-11  2022.7 11-14     0.0
  1- 5     8.3  2-12    34.0  4- 8  4695.4  6- 8     0.0  8-12    80.1 11-15     0.0
  1- 6     0.0  2-13     0.0  4- 9   734.5  6- 9     0.0  8-13     0.0 11-16     0.0
  1- 7  1021.8  2-14     0.0  4-10  1206.2  6-10     0.0  8-14     0.0 12-13     0.0
  1- 8   394.4  2-15     0.0  4-11  2167.1  6-11     0.0  8-15     0.0 12-14     0.0
  1- 9    58.9  2-16     0.0  4-12   154.1  6-12     0.0  8-16     0.0 12-15     0.0
  1-10    41.5  3- 4   653.0  4-13     0.0  6-13     0.0  9-10   143.4 12-16     0.0
  1-11   588.7  3- 5    20.3  4-14     0.0  6-14     0.0  9-11   719.7 13-14     0.0
  1-12     6.4  3- 6     0.0  4-15     0.0  6-15     0.0  9-12    12.7 13-15     0.0
  1-13     0.0  3- 7   491.2  4-16     0.0  6-16     0.0  9-13     0.0 13-16     0.0
  1-14     0.0  3- 8   564.3  5- 6     0.0  7- 8  3984.0  9-14     0.0 14-15     0.0
  1-15     0.0  3- 9   136.3  5- 7   196.2  7- 9  1413.7  9-15     0.0 14-16     0.0
  1-16     0.0  3-10   108.8  5- 8    78.1  7-10  1559.0  9-16     0.0 15-16     0.0
  2- 3   183.4  3-11   590.4  5- 9     9.0  7-11  2266.8 10-11   613.4  0- 0     0.0
  2- 4   904.6  3-12    15.0  5-10    20.0  7-12   166.7 10-12    17.8  0- 0     0.0
  2- 5    43.0  3-13     0.0  5-11   117.5  7-13     0.0 10-13     0.0  0- 0     0.0
  2- 6     0.0  3-14     0.0  5-12     2.3  7-14     0.0 10-14     0.0  0- 0     0.0
  2- 7   863.1  3-15     0.0  5-13     0.0  7-15     0.0 10-15     0.0  0- 0     0.0
  2- 8  1685.5  3-16     0.0  5-14     0.0  7-16     0.0 10-16     0.0  0- 0     0.0
-------------------------------------------------------------------------------------------------
매출액 단식:      1,682,800    연식:      4,954,600      복식:     54,029,800
       복연:     10,569,500    쌍식:     18,048,900      삼복:     62,920,200
       삼쌍:     39,463,900    합계:    191,669,700
-------------------------------------------------------------------------------------------------
배당률 단: ⑤2.3        연: ⑤1.0 ⑩4.4 ⑨2.9          복: ⑤⑩20.0      4F:51.4
                                                                         3F:39.5
                        쌍: ⑤⑩26.9      
     복연: ⑤⑩3.9 ⑤⑨3.7 ⑩⑨20.9
     삼복: ⑤⑩⑨43.8 
     삼쌍: ⑤⑩⑨120.1 
-------------------------------------------------------------------------------------------------
펄 롱:13.5 10.9 11.9   12.7   12.9   13.9   
통과M:  200  400  600    800    1000   1200
통과T:13.5 24.4 36.3 0:49.0 1:01.9 1:15.8 
-------------------------------------------------------------------------------------------------
통과순위 S-1F : (^3,5),(1,8,10),(7,9,12),2-4=11         
           C1 :                                         
           C2 :                                         
           C3 : 3,5,(1,8),(7,12,10),9-2-4≡11            
           C4 : (^3,5)-(1,12),8-10-9,7-2=4≡11           
         G-1F : 5-(1,3,10,12),9=8,2-(7,4)≡11            
-------------------------------------------------------------------------------------------------
구분 출전번호  대상명            처분종류     처분내용                     세부내용
-------------------------------------------------------------------------------------------------
기수    1      정정희            과태금       50,000원                     결승선 직선주로 채찍 과다사용(상생경마 고려 감경) 
기수   10      박을운            견책                                      결승선 전방 약 150m 지점 바깥으로 진로변경 12번 주행방해
말      6      그린마운틴        출전제외                                  오른 앞다리 절음                                  
-------------------------------------------------------------------------------------------------


제목 : 21년04월11일(일)  제 3경주

(서울) 제15일 1400M 국6등급    별정A       경주명 : 일반                        
경주조건:       R0~0  연령오픈                   날씨:맑음 주로:양호  (6%)
순위상금:  8,800천원   5,500천원   3,740천원   2,420천원   1,540천원
부가상금:      0천원       0천원       0천원
-------------------------------------------------------------------------------------------------
순위 마번    마    명         산지   성별 연령 부담중량  기수명   조교사   마주명           레이팅
-------------------------------------------------------------------------------------------------
  1    6  로드로즈             한     암     4    55.0   조상범   구자흥   표종순                
  2    9  청담탱크             한     암     4    55.0   우에다   토니     삼정                  
  3    1  질풍백광             한     암     4    55.0   문세영   박대흥   조진환                
  4   12  골든배지             한     암     4    55.0   김동수   강성오   이경희                
  5    2  헬로금성             한     암     4    55.0   김정준   김윤섭   조창규                
  6    8  텔로스               한     암     3    55.0   부민호   최용건   오종택                
  7   10  해피먼스             한     암     4    55.0   김효정   박윤규   박덕희                
  8    5  라게르타             한     암     3    55.0   박을운   이신영   이성영                
  9    4  원더풀데블           한     암     3    55.0   정정희   서홍수   (주)녹원목장          
 10    3  환상터치             한     암     4    55.0   조한별   김대근   임동현                
 11   13  로드핑크             한     암     4    55.0   박현우   안해양   표종순                
 12    7  슈퍼파크             한     암     4    54.0   문성혁   배휴준   이성재                
      11  강철다리             한     암     4    55.0   문정균   서정하   공이공팔              
-------------------------------------------------------------------------------------------------
순위 마번    마      명       마 체 중  기 록  도 착 차  S1F-1C-2C-3C-4C-G1F
-------------------------------------------------------------------------------------------------
  1    6  로드로즈             486( +1) 1:29.4            1-  -  - 1- 1- 1
  2    9  청담탱크             444( -1) 1:30.0  4         4-  -  - 4- 3- 3
  3    1  질풍백광             478( -5) 1:30.1  ¾        3-  -  - 3- 5- 5
  4   12  골든배지             449( -1) 1:30.2  코        5-  -  - 5- 4- 4
  5    2  헬로금성             475( +2) 1:30.3  ½       10-  -  - 8- 8- 7
  6    8  텔로스               481( -7) 1:30.5  1½       2-  -  - 2- 2- 2
  7   10  해피먼스             504( -7) 1:30.7  ¾        7-  -  - 6- 6- 6
  8    5  라게르타             440(-15) 1:30.9  1½      12-  -  -12-11- 9
  9    4  원더풀데블           489( +5) 1:31.9  6        11-  -  - 9- 9-10
 10    3  환상터치             432(-14) 1:32.6  4         9-  -  -10-10-11
 11   13  로드핑크             511( +9) 1:33.0  2         6-  -  - 7- 7- 8
 12    7  슈퍼파크             469( +8) 1:33.6  3         8-  -  -11-12-12
      11  강철다리             478( +9) 0:00.0  출발제외   -  -  -  -  -  
-------------------------------------------------------------------------------------------------
순위 마번    G-3Ｆ   S-1F  １코너  ２코너  ３코너  ４코너    G-1F  단승식 연승식
-------------------------------------------------------------------------------------------------
  1    6   39.5    0:13.6                  0:37.4  0:56.4   13.8      5.5    1.7
  2    9   39.6    0:13.9                  0:37.8  0:56.8   13.9      5.2    1.5
  3    1   39.7    0:13.9                  0:37.8  0:56.9   13.6      3.1    1.4
  4   12   39.8    0:13.9                  0:37.8  0:56.8   14.1      2.7    1.2
  5    2   39.2    0:14.5                  0:38.5  0:57.6   13.5     71.3   21.0
  6    8   40.3    0:13.8                  0:37.6  0:56.6   14.4     19.9    2.9
  7   10   39.9    0:14.1                  0:38.3  0:57.3   13.9     35.4    4.9
  8    5   38.4    0:15.1                  0:39.6  0:58.8   13.4     77.1   20.2
  9    4   40.4    0:15.0                  0:38.8  0:58.0   14.2     98.1   24.0
 10    3   40.6    0:14.4                  0:39.2  0:58.6   14.6     43.9   15.5
 11   13   42.2    0:13.9                  0:38.3  0:57.3   15.5     30.9    6.1
 12    7   41.2    0:14.3                  0:39.2  0:58.8   14.9    145.5   36.7
      11                                                                        
-------------------------------------------------------------------------------------------------
(복승식 배당률)
  1- 2   210.9  2- 9   481.8  4- 5   203.0  5-15     0.0  8- 9    29.4 11-12     0.0
  1- 3   376.9  2-10   733.7  4- 6    94.5  5-16     0.0  8-10    59.9 11-13     0.0
  1- 4    88.7  2-11     0.0  4- 7  8651.3  6- 7   652.7  8-11     0.0 11-14     0.0
  1- 5    52.9  2-12   125.0  4- 8   420.0  6- 8    17.0  8-12    10.0 11-15     0.0
  1- 6     9.0  2-13  1044.4  4- 9   253.8  6- 9     8.9  8-13   101.3 11-16     0.0
  1- 7   979.1  2-14     0.0  4-10   283.2  6-10    23.2  8-14     0.0 12-13    40.8
  1- 8    21.2  2-15     0.0  4-11     0.0  6-11     0.0  8-15     0.0 12-14     0.0
  1- 9    16.4  2-16     0.0  4-12    68.1  6-12     6.5  8-16     0.0 12-15     0.0
  1-10    43.6  3- 4  2425.3  4-13  1079.4  6-13    51.5  9-10    44.6 12-16     0.0
  1-11     0.0  3- 5  1059.7  4-14     0.0  6-14     0.0  9-11     0.0 13-14     0.0
  1-12     6.2  3- 6   169.4  4-15     0.0  6-15     0.0  9-12     8.1 13-15     0.0
  1-13    67.9  3- 7  2170.9  4-16     0.0  6-16     0.0  9-13   114.8 13-16     0.0
  1-14     0.0  3- 8   570.5  5- 6    74.9  7- 8  1192.7  9-14     0.0 14-15     0.0
  1-15     0.0  3- 9   468.2  5- 7  1273.9  7- 9   945.6  9-15     0.0 14-16     0.0
  1-16     0.0  3-10   372.0  5- 8   308.6  7-10  1271.1  9-16     0.0 15-16     0.0
  2- 3  2291.0  3-11     0.0  5- 9   203.0  7-11     0.0 10-11     0.0  0- 0     0.0
  2- 4   992.5  3-12   217.2  5-10   286.9  7-12   425.9 10-12    22.2  0- 0     0.0
  2- 5   822.2  3-13  1383.4  5-11     0.0  7-13  3668.6 10-13   211.5  0- 0     0.0
  2- 6   126.3  3-14     0.0  5-12    66.0  7-14     0.0 10-14     0.0  0- 0     0.0
  2- 7  3534.4  3-15     0.0  5-13   588.5  7-15     0.0 10-15     0.0  0- 0     0.0
  2- 8   596.3  3-16     0.0  5-14     0.0  7-16     0.0 10-16     0.0  0- 0     0.0
-------------------------------------------------------------------------------------------------
매출액 단식:      2,746,300    연식:      5,526,400      복식:     79,402,100
       복연:     12,748,600    쌍식:     20,858,800      삼복:     72,681,100
       삼쌍:     40,931,800    합계:    234,895,100
-------------------------------------------------------------------------------------------------
배당률 단: ⑥5.5        연: ⑥1.7 ⑨1.5 ①1.4          복: ⑥⑨8.9       4F:52.0
                                                                         3F:39.5
                        쌍: ⑥⑨19.6      
     복연: ⑥⑨5.8 ⑥①2.7 ⑨①4.7
     삼복: ⑥⑨①16.6 
     삼쌍: ⑥⑨①63.5 
-------------------------------------------------------------------------------------------------
펄 롱:13.6 11.7 12.1   12.5   13.0   12.7   13.8   
통과M:  200  400  600    800    1000   1200   1400
통과T:13.6 25.3 37.4 0:49.9 1:02.9 1:15.6 1:29.4 
-------------------------------------------------------------------------------------------------
통과순위 S-1F : 6,(1,8,9,12,13),10,(3,7),2-(4,5)        
           C1 :                                         
           C2 :                                         
           C3 : 6,8,(1,9,12)-(10,13),2,4-(3,7)-5        
           C4 : 6,8,(1,9,12)-(10,13),2-4-3,(5,7)        
         G-1F : 6-(8,9,12)-1,(10,2)-(13,5),4,3-7        
-------------------------------------------------------------------------------------------------
구분 출전번호  대상명            처분종류     처분내용                     세부내용
-------------------------------------------------------------------------------------------------
말     11      강철다리          출전제외                                  진입거부                                          
말     11      강철다리          출발심사                                  진입 및 출발자세불량                              
말      5      라게르타          출발심사                                  진입불량                                          
-------------------------------------------------------------------------------------------------


제목 : 21년04월11일(일)  제 4경주

(서울) 제15일 1300M 국5등급    핸디캡      경주명 : 일반                        
경주조건:      R1~35  연령오픈                   날씨:맑음 주로:양호  (6%)
순위상금: 11,200천원   7,000천원   4,760천원   3,080천원   1,960천원
부가상금:      0천원       0천원       0천원
-------------------------------------------------------------------------------------------------
순위 마번    마    명         산지   성별 연령 부담중량  기수명   조교사   마주명           레이팅
-------------------------------------------------------------------------------------------------
  1    4  라온핑크             한     암     3    55.0   박태종   박종곤   라온산업개발(주)    32
  2    3  로열고스트           한     암     5    56.0   함완식   김동균   정기환              34
  3   11  청담위키드           한     암     3    55.0   김용근   강환민   삼정                32
  4   12  럭키스마일           한     암     4    51.0   김아현   지용철   금악목장            31
  5    8  글로리파이터         한(포) 암     4    52.0   송재철   이관호   서홍배              25
  6    2  천은짱               한     암     5    51.0   임다빈   최봉주   조금제              27
  7    5  울트라시대           한     암     3    53.5   정정희   안병기   조명식              29
  8   13  바비블레이드         한(포) 암     4    53.5   다비드   리카디   삼정                29
  9   14  스트롱레드           한     암     4    53.5   문정균   서범석   이성헌              29
 10    7  다울퀸               한     암     3    53.0   문세영   최용건   김봉겸              28
 11    1  케이엔파워           한     암     4    54.0   이현종   박대흥   조경수              30
 12    6  백학                 한     암     4    52.0   이철경   서인석   씨유네트워크        23
 13    9  록비트               한     암     4    52.0   이용호   손영표   류재욱              26
      10  커리어하이           한     암     4    54.0   김동수   강성오   고양진              30
-------------------------------------------------------------------------------------------------
순위 마번    마      명       마 체 중  기 록  도 착 차  S1F-1C-2C-3C-4C-G1F
-------------------------------------------------------------------------------------------------
  1    4  라온핑크             469( -3) 1:20.4            1-  -  - 1- 1- 1
  2    3  로열고스트           493( +4) 1:21.8  8         6-  -  - 4- 3- 2
  3   11  청담위키드           482( +5) 1:22.2  2         8-  -  - 8- 8- 6
  4   12  럭키스마일           493( -5) 1:22.3  ¾        7-  -  - 6- 6- 4
  5    8  글로리파이터         526(+39) 1:22.9  4        12-  -  -13-13-13
  6    2  천은짱               450( +9) 1:23.0  ½        2-  -  - 3- 4- 5
  7    5  울트라시대           470(-15) 1:23.1  ½        3-  -  - 2- 2- 3
  8   13  바비블레이드         448( -2) 1:23.3  1½       9-  -  - 9-10-10
  9   14  스트롱레드           493( -4) 1:23.4  목       11-  -  -10- 9- 7
 10    7  다울퀸               499( +0) 1:23.4  코       13-  -  -12-12- 9
 11    1  케이엔파워           428( -9) 1:23.5  ½        5-  -  - 7- 7- 8
 12    6  백학                 476( +0) 1:24.0  3        10-  -  -11-11-11
 13    9  록비트               452( +0) 1:25.2  7         4-  -  - 5- 5-12
      10  커리어하이             0( +0) 0:00.0  경주제외   -  -  -  -  -  
-------------------------------------------------------------------------------------------------
순위 마번    G-3Ｆ   S-1F  １코너  ２코너  ３코너  ４코너    G-1F  단승식 연승식
-------------------------------------------------------------------------------------------------
  1    4   37.6    0:13.4                  0:30.4  0:49.1   12.8      4.5    1.1
  2    3   38.6    0:13.7                  0:30.9  0:49.6   13.4     25.9    4.0
  3   11   38.3    0:13.9                  0:31.4  0:50.2   13.0      3.4    1.3
  4   12   38.8    0:13.8                  0:31.2  0:50.0   13.5     11.0    2.5
  5    8   37.9    0:14.2                  0:32.4  0:51.5   12.8     32.0   20.1
  6    2   39.8    0:13.6                  0:30.8  0:49.7   13.9      4.9    8.1
  7    5   40.1    0:13.6                  0:30.7  0:49.3   14.3     49.4    9.3
  8   13   39.1    0:13.9                  0:31.6  0:50.6   13.4     10.4    6.6
  9   14   39.3    0:14.1                  0:31.7  0:50.3   13.8    188.6   12.3
 10    7   38.6    0:14.8                  0:32.4  0:51.3   13.5      5.5    1.4
 11    1   39.7    0:13.7                  0:31.3  0:50.2   13.8     35.6    6.3
 12    6   39.5    0:14.1                  0:31.8  0:50.9   14.0     67.7   19.0
 13    9   42.0    0:13.6                  0:30.9  0:49.9   15.2     58.5   25.5
      10                                                                        
-------------------------------------------------------------------------------------------------
(복승식 배당률)
  1- 2   276.9  2- 9  2305.1  4- 5    43.7  5-15     0.0  8- 9  1310.5 11-12    17.6
  1- 3   165.8  2-10     0.0  4- 6   355.6  5-16     0.0  8-10     0.0 11-13    37.5
  1- 4    39.1  2-11    38.1  4- 7     4.4  6- 7   428.4  8-11    97.9 11-14   120.1
  1- 5   465.7  2-12    92.2  4- 8    96.6  6- 8  1681.9  8-12   496.0 11-15     0.0
  1- 6  3051.5  2-13   410.5  4- 9   160.3  6- 9  4891.7  8-13  1297.2 11-16     0.0
  1- 7    77.0  2-14   350.6  4-10     0.0  6-10     0.0  8-14  1785.0 12-13   220.7
  1- 8   758.4  2-15     0.0  4-11     3.6  6-11   417.7  8-15     0.0 12-14   279.8
  1- 9   471.9  2-16     0.0  4-12    14.1  6-12  1266.4  8-16     0.0 12-15     0.0
  1-10     0.0  3- 4    15.9  4-13    54.7  6-13  4272.1  9-10     0.0 12-16     0.0
  1-11    74.8  3- 5   352.9  4-14    53.7  6-14  4005.1  9-11   329.5 13-14   881.5
  1-12   212.7  3- 6   715.2  4-15     0.0  6-15     0.0  9-12   651.9 13-15     0.0
  1-13   686.1  3- 7    31.7  4-16     0.0  6-16     0.0  9-13  1977.8 13-16     0.0
  1-14   845.4  3- 8   374.5  5- 6  2483.8  7- 8   145.9  9-14  3463.9 14-15     0.0
  1-15     0.0  3- 9   879.0  5- 7    91.2  7- 9   249.7  9-15     0.0 14-16     0.0
  1-16     0.0  3-10     0.0  5- 8   506.2  7-10     0.0  9-16     0.0 15-16     0.0
  2- 3   167.7  3-11    24.5  5- 9  1614.1  7-11     6.7 10-11     0.0  0- 0     0.0
  2- 4    39.0  3-12    61.0  5-10     0.0  7-12    34.4 10-12     0.0  0- 0     0.0
  2- 5   655.2  3-13   255.7  5-11    68.9  7-13    96.4 10-13     0.0  0- 0     0.0
  2- 6  1110.6  3-14   309.0  5-12   184.1  7-14    96.8 10-14     0.0  0- 0     0.0
  2- 7    66.9  3-15     0.0  5-13   456.4  7-15     0.0 10-15     0.0  0- 0     0.0
  2- 8   717.6  3-16     0.0  5-14  1294.6  7-16     0.0 10-16     0.0  0- 0     0.0
-------------------------------------------------------------------------------------------------
매출액 단식:      2,098,700    연식:      6,227,200      복식:     87,782,900
       복연:     15,205,600    쌍식:     23,590,900      삼복:     80,986,600
       삼쌍:     42,295,000    합계:    258,186,900
-------------------------------------------------------------------------------------------------
배당률 단: ④4.5        연: ④1.1 ③4.0 ⑪1.3          복: ④③15.9      4F:50.0
                                                                         3F:37.6
                        쌍: ④③21.3      
     복연: ④③6.5 ④⑪2.7 ③⑪9.7
     삼복: ④③⑪12.6 
     삼쌍: ④③⑪72.6 
-------------------------------------------------------------------------------------------------
펄 롱: 8.0 11.0 11.4   12.4   12.6   12.2   12.8   
통과M:  100  300  500    700    900    1100   1300
통과T:08.0 19.0 30.4 0:42.8 0:55.4 1:07.6 1:20.4 
-------------------------------------------------------------------------------------------------
통과순위 S-1F : 4,(1,2,3,5,9),(11,12,13),(6,8,14)-7     
           C1 :                                         
           C2 :                                         
           C3 : 4,(2,5),(3,9),(1,12),11,(14,13),6-(7,8) 
           C4 : 4,5,(2,3),(12,9),(1,14,11),13,6-7,8     
         G-1F : 4=3-(5,12),(2,11)-(1,14),(7,6,13,9),8   
-------------------------------------------------------------------------------------------------
구분 출전번호  대상명            처분종류     처분내용                     세부내용
-------------------------------------------------------------------------------------------------
말     10      커리어하이        출전제외                                  마주등록 취소                                     
말      5      울트라시대        주의                                      전 구간 안으로 기댐                               
-------------------------------------------------------------------------------------------------


제목 : 21년04월11일(일)  제 5경주

(서울) 제15일 1400M 국5등급    핸디캡      경주명 : 일반                        
경주조건:      R1~35  연령오픈                   날씨:맑음 주로:양호  (6%)
순위상금: 11,200천원   7,000천원   4,760천원   3,080천원   1,960천원
부가상금:      0천원       0천원       0천원
-------------------------------------------------------------------------------------------------
순위 마번    마    명         산지   성별 연령 부담중량  기수명   조교사   마주명           레이팅
-------------------------------------------------------------------------------------------------
  1    6  바잉블레이드         한     수     3    53.5   최범현   강환민   김형란              28
  2    2  베스트타임           한(포) 암     3    54.0   송재철   임봉춘   김태성              33
  3   11  레드백               한     수     3    55.0   박현우   박천서   윤훈현              31
  4    9  베스트군단           한     거     4    54.0   안토니오 박재우   박정재              29
  5    4  레전드윈             한     수     4    52.5   장추열   서홍수   김규중              26
  6    1  더비스트             한     수     4    54.0   빅투아르 박병일   한명로              29
  7    3  하이퍼카             한     거     4    55.0   김효정   배대선   장석은              31
  8    7  어메이징위즈         한     암     4    55.0   김정준   송문길   최몽주              35
  9   10  페더럴킹             한     수     4    56.0   조한별   지용철   금악목장            33
 10    8  논스톱위닝           한     거     5    51.0   임다빈   유재길   태희종합건설        29
 11    5  이스트라이크         한     거     5    53.5   문성혁   전승규   어선미              30
-------------------------------------------------------------------------------------------------
순위 마번    마      명       마 체 중  기 록  도 착 차  S1F-1C-2C-3C-4C-G1F
-------------------------------------------------------------------------------------------------
  1    6  바잉블레이드         493( -1) 1:27.8            1-  -  - 1- 1- 1
  2    2  베스트타임           463( +1) 1:28.3  2½       9-  -  - 6- 6- 3
  3   11  레드백               486( +1) 1:28.5  1         5-  -  - 9-10- 5
  4    9  베스트군단           480(-10) 1:28.8  1½       2-  -  - 2- 2- 2
  5    4  레전드윈             466( +8) 1:28.9  ¾       10-  -  - 8- 8- 8
  6    1  더비스트             488( -1) 1:29.1  1¼       6-  -  - 4- 3- 4
  7    3  하이퍼카             449( +1) 1:29.5  2½       7-  -  -10- 9-10
  8    7  어메이징위즈         462( +2) 1:29.5  코        8-  -  - 7- 7- 7
  9   10  페더럴킹             506( -2) 1:29.8  1½       3-  -  - 3- 4- 9
 10    8  논스톱위닝           461(+14) 1:29.9  ¾        4-  -  - 5- 5- 6
 11    5  이스트라이크         491(-13) 1:30.4  2½      11-  -  -11-11-11
-------------------------------------------------------------------------------------------------
순위 마번    G-3Ｆ   S-1F  １코너  ２코너  ３코너  ４코너    G-1F  단승식 연승식
-------------------------------------------------------------------------------------------------
  1    6   39.2    0:13.7                  0:36.3  0:54.8   13.8      2.8    1.4
  2    2   38.6    0:14.0                  0:37.1  0:56.0   13.5      5.2    2.0
  3   11   38.4    0:13.8                  0:37.3  0:56.4   13.3      5.3    1.2
  4    9   40.1    0:13.7                  0:36.4  0:55.0   14.3     27.3    4.8
  5    4   39.0    0:14.3                  0:37.3  0:56.2   13.5    171.9    5.8
  6    1   40.0    0:13.9                  0:36.6  0:55.3   14.3     42.2    6.3
  7    3   39.4    0:13.9                  0:37.6  0:56.4   13.9     61.4    8.4
  8    7   39.6    0:13.9                  0:37.1  0:56.1   14.2      7.6    2.3
  9   10   40.6    0:13.7                  0:36.5  0:55.5   14.4    116.8   11.8
 10    8   40.5    0:13.8                  0:36.6  0:55.7   14.6      6.2    2.8
 11    5   40.0    0:14.8                  0:37.8  0:56.8   14.0      7.7    5.9
-------------------------------------------------------------------------------------------------
(복승식 배당률)
  1- 2    87.5  2- 9    45.9  4- 5   245.1  5-15     0.0  8- 9    79.1 11-12     0.0
  1- 3   979.6  2-10   150.9  4- 6   143.0  5-16     0.0  8-10   325.1 11-13     0.0
  1- 4   498.9  2-11    11.7  4- 7   163.0  6- 7     9.1  8-11    23.8 11-14     0.0
  1- 5   329.0  2-12     0.0  4- 8   373.5  6- 8    21.9  8-12     0.0 11-15     0.0
  1- 6    86.6  2-13     0.0  4- 9   374.7  6- 9    32.2  8-13     0.0 11-16     0.0
  1- 7    64.4  2-14     0.0  4-10   760.9  6-10   109.9  8-14     0.0 12-13     0.0
  1- 8   221.1  2-15     0.0  4-11   184.5  6-11     6.7  8-15     0.0 12-14     0.0
  1- 9   236.7  2-16     0.0  4-12     0.0  6-12     0.0  8-16     0.0 12-15     0.0
  1-10   690.0  3- 4   909.1  4-13     0.0  6-13     0.0  9-10   274.8 12-16     0.0
  1-11    62.9  3- 5   234.3  4-14     0.0  6-14     0.0  9-11    35.7 13-14     0.0
  1-12     0.0  3- 6   120.7  4-15     0.0  6-15     0.0  9-12     0.0 13-15     0.0
  1-13     0.0  3- 7   113.8  4-16     0.0  6-16     0.0  9-13     0.0 13-16     0.0
  1-14     0.0  3- 8   357.2  5- 6    21.5  7- 8    31.2  9-14     0.0 14-15     0.0
  1-15     0.0  3- 9   365.5  5- 7    27.6  7- 9    31.9  9-15     0.0 14-16     0.0
  1-16     0.0  3-10   469.9  5- 8    73.0  7-10   164.0  9-16     0.0 15-16     0.0
  2- 3    81.4  3-11    91.8  5- 9    80.4  7-11     6.9 10-11   108.9  0- 0     0.0
  2- 4   132.7  3-12     0.0  5-10   230.9  7-12     0.0 10-12     0.0  0- 0     0.0
  2- 5    39.5  3-13     0.0  5-11    20.0  7-13     0.0 10-13     0.0  0- 0     0.0
  2- 6     9.4  3-14     0.0  5-12     0.0  7-14     0.0 10-14     0.0  0- 0     0.0
  2- 7     8.4  3-15     0.0  5-13     0.0  7-15     0.0 10-15     0.0  0- 0     0.0
  2- 8    41.5  3-16     0.0  5-14     0.0  7-16     0.0 10-16     0.0  0- 0     0.0
-------------------------------------------------------------------------------------------------
매출액 단식:      3,007,500    연식:      5,952,800      복식:     95,271,800
       복연:     15,179,000    쌍식:     24,211,800      삼복:     94,249,200
       삼쌍:     41,319,400    합계:    279,191,500
-------------------------------------------------------------------------------------------------
배당률 단: ⑥2.8        연: ⑥1.4 ②2.0 ⑪1.2          복: ⑥②9.4       4F:51.5
                                                                         3F:39.2
                        쌍: ⑥②22.1      
     복연: ⑥②4.4 ⑥⑪3.1 ②⑪4.2
     삼복: ⑥②⑪12.1 
     삼쌍: ⑥②⑪56.1 
-------------------------------------------------------------------------------------------------
펄 롱:13.7 11.1 11.5   12.3   12.6   12.8   13.8   
통과M:  200  400  600    800    1000   1200   1400
통과T:13.7 24.8 36.3 0:48.6 1:01.2 1:14.0 1:27.8 
-------------------------------------------------------------------------------------------------
통과순위 S-1F : (6,8,9,10,11),(1,2,3,7),4-5             
           C1 :                                         
           C2 :                                         
           C3 : (^6,9),(1,8,10)-(2,7),(4,11),3,5        
           C4 : 6,9,1,10,8,(2,7),4,(3,11)-5             
         G-1F : 6-9,(2,1)-(8,7,11),(4,10),3=5           
-------------------------------------------------------------------------------------------------
구분 출전번호  대상명            처분종류     처분내용                     세부내용
-------------------------------------------------------------------------------------------------
특 
이 
사 
항
-------------------------------------------------------------------------------------------------


제목 : 21년04월11일(일)  제 6경주

(서울) 제15일 1400M 국5등급    핸디캡      경주명 : 일반                        
경주조건:      R1~35  연령오픈                   날씨:맑음 주로:양호  (6%)
순위상금: 11,200천원   7,000천원   4,760천원   3,080천원   1,960천원
부가상금:      0천원       0천원       0천원
-------------------------------------------------------------------------------------------------
순위 마번    마    명         산지   성별 연령 부담중량  기수명   조교사   마주명           레이팅
-------------------------------------------------------------------------------------------------
  1    4  로열로드             한     수     3    54.5   김용근   안병기   손병현              30
  2    5  대한질주             한(포) 수     3    54.0   박을운   김동철   박재범              29
  3    6  스트리트강자         한     거     4    55.0   문세영   박대흥   남승현              31
  4   10  청산가세             한     거     4    55.0   문정균   지용철   김종식              31
  5    2  조이브라더           한     거     4    56.5   빅투아르 김점오   이성인              34
  6    3  클린업트리오         한     거     5    56.0   안토니오 강성오   씨유네트워크        33
  7    1  더킹클래스           한     거     4    53.0   김귀배   안해양   임정균              27
  8    9  샌드파워             한     수     4    53.5   함완식   최상식   강석대              28
  9    8  당대로얄             한     암     5    52.0   이용호   토니     김광두              25
 10    7  백상                 한     거     5    53.5   김동수   전승규   김광명              28
-------------------------------------------------------------------------------------------------
순위 마번    마      명       마 체 중  기 록  도 착 차  S1F-1C-2C-3C-4C-G1F
-------------------------------------------------------------------------------------------------
  1    4  로열로드             510( +3) 1:27.7            9-  -  - 8- 9- 3
  2    5  대한질주             500( +7) 1:28.0  1¾       5-  -  - 6- 8- 5
  3    6  스트리트강자         498( -1) 1:28.2  1         1-  -  - 1- 1- 1
  4   10  청산가세             468( +2) 1:28.7  3        10-  -  - 9- 7- 6
  5    2  조이브라더           468( +6) 1:29.3  3         3-  -  - 3- 2- 2
  6    3  클린업트리오         505( +7) 1:29.5  1½       8-  -  -10-10- 8
  7    1  더킹클래스           466( -3) 1:29.7  ¾        2-  -  - 2- 3- 4
  8    9  샌드파워             508( +0) 1:30.7  6         6-  -  - 5- 4- 7
  9    8  당대로얄             430( -2) 1:31.4  3         7-  -  - 7- 6-10
 10    7  백상                 466( -7) 1:32.5  6         4-  -  - 4- 5- 9
-------------------------------------------------------------------------------------------------
순위 마번    G-3Ｆ   S-1F  １코너  ２코너  ３코너  ４코너    G-1F  단승식 연승식
-------------------------------------------------------------------------------------------------
  1    4   38.1    0:14.1                  0:37.1  0:55.9   13.2      3.9    1.4
  2    5   38.8    0:13.8                  0:36.8  0:55.8   13.2      5.3    2.2
  3    6   40.0    0:13.3                  0:35.8  0:54.6   14.3      3.1    1.3
  4   10   39.2    0:14.2                  0:37.2  0:55.7   13.9     10.1    2.7
  5    2   40.9    0:13.5                  0:36.0  0:54.8   14.8      6.6    2.4
  6    3   39.6    0:14.1                  0:37.4  0:56.2   13.9    152.7   18.5
  7    1   41.3    0:13.5                  0:36.0  0:54.9   15.0     74.2   17.3
  8    9   42.0    0:13.8                  0:36.3  0:55.2   15.3      7.5    1.6
  9    8   42.2    0:14.0                  0:36.9  0:55.6   15.4     47.5    5.4
 10    7   43.7    0:13.7                  0:36.3  0:55.5   16.5     20.6    9.0
-------------------------------------------------------------------------------------------------
(복승식 배당률)
  1- 2   311.5  2- 9    28.3  4- 5     8.3  5-15     0.0  8- 9   235.0 11-12     0.0
  1- 3  1128.5  2-10    75.9  4- 6     5.2  5-16     0.0  8-10   244.5 11-13     0.0
  1- 4   150.2  2-11     0.0  4- 7    45.8  6- 7    73.2  8-11     0.0 11-14     0.0
  1- 5   357.5  2-12     0.0  4- 8   103.8  6- 8   149.8  8-12     0.0 11-15     0.0
  1- 6   178.1  2-13     0.0  4- 9     7.1  6- 9     7.0  8-13     0.0 11-16     0.0
  1- 7   693.6  2-14     0.0  4-10    18.1  6-10    18.1  8-14     0.0 12-13     0.0
  1- 8  1909.6  2-15     0.0  4-11     0.0  6-11     0.0  8-15     0.0 12-14     0.0
  1- 9   369.5  2-16     0.0  4-12     0.0  6-12     0.0  8-16     0.0 12-15     0.0
  1-10   289.9  3- 4    87.7  4-13     0.0  6-13     0.0  9-10    25.6 12-16     0.0
  1-11     0.0  3- 5   233.9  4-14     0.0  6-14     0.0  9-11     0.0 13-14     0.0
  1-12     0.0  3- 6   114.1  4-15     0.0  6-15     0.0  9-12     0.0 13-15     0.0
  1-13     0.0  3- 7  1051.1  4-16     0.0  6-16     0.0  9-13     0.0 13-16     0.0
  1-14     0.0  3- 8  1057.0  5- 6    13.2  7- 8   569.4  9-14     0.0 14-15     0.0
  1-15     0.0  3- 9   271.0  5- 7   113.8  7- 9   141.6  9-15     0.0 14-16     0.0
  1-16     0.0  3-10   353.3  5- 8   246.5  7-10   143.7  9-16     0.0 15-16     0.0
  2- 3   209.2  3-11     0.0  5- 9    13.8  7-11     0.0 10-11     0.0  0- 0     0.0
  2- 4     9.5  3-12     0.0  5-10    25.0  7-12     0.0 10-12     0.0  0- 0     0.0
  2- 5    34.5  3-13     0.0  5-11     0.0  7-13     0.0 10-13     0.0  0- 0     0.0
  2- 6    10.9  3-14     0.0  5-12     0.0  7-14     0.0 10-14     0.0  0- 0     0.0
  2- 7   218.7  3-15     0.0  5-13     0.0  7-15     0.0 10-15     0.0  0- 0     0.0
  2- 8   314.3  3-16     0.0  5-14     0.0  7-16     0.0 10-16     0.0  0- 0     0.0
-------------------------------------------------------------------------------------------------
매출액 단식:      2,252,600    연식:      6,504,100      복식:    102,803,400
       복연:     14,996,100    쌍식:     27,448,800      삼복:     96,539,600
       삼쌍:     49,983,100    합계:    300,527,700
-------------------------------------------------------------------------------------------------
배당률 단: ④3.9        연: ④1.4 ⑤2.2 ⑥1.3          복: ④⑤8.3       4F:51.9
                                                                         3F:39.5
                        쌍: ④⑤18.2      
     복연: ④⑤4.5 ④⑥2.3 ⑤⑥7.0
     삼복: ④⑤⑥9.2 
     삼쌍: ④⑤⑥42.4 
-------------------------------------------------------------------------------------------------
펄 롱:13.3 11.0 11.5   12.4   12.9   12.8   13.8   
통과M:  200  400  600    800    1000   1200   1400
통과T:13.3 24.3 35.8 0:48.2 1:01.1 1:13.9 1:27.7 
-------------------------------------------------------------------------------------------------
통과순위 S-1F : 6,(1,2),(5,7,9),(3,4,8),10              
           C1 :                                         
           C2 :                                         
           C3 : 6,(1,2),(7,9)-(5,8),(4,10),3            
           C4 : 6,(1,2),9,(7,8),(5,10),4,3              
         G-1F : 6-(2,4),(5,1,10)-9,3-(7,8)              
-------------------------------------------------------------------------------------------------
구분 출전번호  대상명            처분종류     처분내용                     세부내용
-------------------------------------------------------------------------------------------------
말      7      백상              경주부적격마                              최근 2년 이내 폐출혈 3회 발생                     
-------------------------------------------------------------------------------------------------


제목 : 21년04월11일(일)  제 7경주

(서울) 제15일 1400M 국4등급    핸디캡      경주명 : 일반                        
경주조건:      R1~50  연령오픈                   날씨:맑음 주로:양호  (6%)
순위상금: 14,000천원   8,750천원   5,950천원   3,850천원   2,450천원
부가상금:      0천원       0천원       0천원
-------------------------------------------------------------------------------------------------
순위 마번    마    명         산지   성별 연령 부담중량  기수명   조교사   마주명           레이팅
-------------------------------------------------------------------------------------------------
  1    2  스피드고             한     수     4    54.0   문성혁   서인석   고재완              44
  2    4  멋진금성             한     수     4    54.0   임기원   박재우   조창규              42
  3    5  에이투제트           한     수     4    51.0   김아현   지용철   최성룡              42
  4   11  흥드림               한     수     3    52.5   장추열   정호익   고광숙              39
  5    1  백스핀               한     암     5    52.0   다비드   이관호   이경희              39
  6   14  레인케이             한     암     4    51.0   김용근   송문길   강경운              36
  7    8  비사연               한     거     5    54.5   부민호   심승태   전좌식              43
  8   12  원더풀스톰           한     수     4    52.5   최범현   서범석   지대섭              39
  9   13  그린다르크           한     암     5    52.0   김정준   구자흥   김재영b             42
 10   10  싱그러운타임         한     암     5    52.0   김효정   곽영효   최임규              40
 11    3  원더풀헤네시         한     암     5    51.0   하정훈   임봉춘   지대섭              40
 12    6  카히나               한     암     5    53.5   박을운   이관호   오종택              45
 13    9  루미네스             한     거     5    58.0   정정희   박천서   임민영              50
 14    7  챔프케이             한     수     5    52.0   이현종   김윤섭   강경운              38
-------------------------------------------------------------------------------------------------
순위 마번    마      명       마 체 중  기 록  도 착 차  S1F-1C-2C-3C-4C-G1F
-------------------------------------------------------------------------------------------------
  1    2  스피드고             493( +0) 1:26.2            1-  -  - 1- 1- 1
  2    4  멋진금성             451( -8) 1:27.3  6        10-  -  -11-10- 5
  3    5  에이투제트           472( +3) 1:27.7  2½       4-  -  - 3- 3- 3
  4   11  흥드림               512( +6) 1:27.8  ¾        3-  -  - 2- 2- 2
  5    1  백스핀               453( -6) 1:28.2  1¾      11-  -  -12-11- 8
  6   14  레인케이             474( -5) 1:28.2  ½        6-  -  - 6- 7- 7
  7    8  비사연               469( -7) 1:28.2  머리      7-  -  - 7- 6- 6
  8   12  원더풀스톰           479( -2) 1:28.6  1¾       8-  -  - 5- 4- 4
  9   13  그린다르크           462( +8) 1:28.6  코       12-  -  -13-13-10
 10   10  싱그러운타임         498(+16) 1:28.8  1¼      14-  -  -14-14-11
 11    3  원더풀헤네시         513(+10) 1:29.6  5         5-  -  -10-12-12
 12    6  카히나               456( -4) 1:30.4  5         2-  -  - 4- 5- 9
 13    9  루미네스             511( -6) 1:31.0  3         9-  -  - 8- 8-13
 14    7  챔프케이             486( -7) 1:32.0  5        13-  -  - 9- 9-14
-------------------------------------------------------------------------------------------------
순위 마번    G-3Ｆ   S-1F  １코너  ２코너  ３코너  ４코너    G-1F  단승식 연승식
-------------------------------------------------------------------------------------------------
  1    2   39.1    0:13.0                  0:35.3  0:53.3   14.1      1.3    1.3
  2    4   38.2    0:13.9                  0:36.9  0:55.3   13.3     26.6    2.4
  3    5   40.1    0:13.5                  0:35.5  0:53.8   14.6     10.4    3.0
  4   11   40.3    0:13.4                  0:35.4  0:53.6   14.8      9.7    1.7
  5    1   38.5    0:14.0                  0:37.3  0:55.9   13.5    101.6    4.5
  6   14   39.6    0:13.6                  0:36.3  0:54.9   14.0     80.1   12.9
  7    8   39.6    0:13.7                  0:36.5  0:54.9   14.0     83.6    4.7
  8   12   40.5    0:13.7                  0:35.8  0:54.4   14.8      9.2    1.9
  9   13   38.5    0:14.0                  0:37.5  0:56.3   13.4     78.9    5.4
 10   10   38.5    0:14.2                  0:37.9  0:56.6   13.3    191.9   17.7
 11    3   39.9    0:13.6                  0:36.9  0:56.2   14.0    100.9   40.1
 12    6   42.2    0:13.4                  0:35.5  0:54.7   15.2     20.4    5.0
 13    9   42.2    0:13.8                  0:36.5  0:55.2   15.3    126.3   23.6
 14    7   43.2    0:14.1                  0:36.5  0:55.2   16.2     57.8    9.8
-------------------------------------------------------------------------------------------------
(복승식 배당률)
  1- 2    19.8  2- 9    91.4  4- 5    94.9  5-15     0.0  8- 9  2231.4 11-12    31.5
  1- 3   847.5  2-10    74.7  4- 6   150.6  5-16     0.0  8-10   954.8 11-13   131.6
  1- 4   420.5  2-11     3.2  4- 7   413.7  6- 7   588.1  8-11    95.7 11-14    83.5
  1- 5   360.6  2-12     4.7  4- 8   351.5  6- 8   834.4  8-12   216.7 11-15     0.0
  1- 6   678.6  2-13    37.0  4- 9  1879.5  6- 9  2143.1  8-13  1246.4 11-16     0.0
  1- 7   742.0  2-14    36.3  4-10   913.8  6-10  1721.9  8-14   887.9 12-13   333.8
  1- 8   797.6  2-15     0.0  4-11    62.3  6-11   162.2  8-15     0.0 12-14   354.0
  1- 9  2993.9  2-16     0.0  4-12    93.9  6-12   234.4  8-16     0.0 12-15     0.0
  1-10  2978.9  3- 4   466.2  4-13   380.0  6-13   790.2  9-10  1999.3 12-16     0.0
  1-11   226.2  3- 5   777.8  4-14   171.5  6-14  1186.8  9-11  2364.2 13-14  1008.1
  1-12   428.0  3- 6  1707.1  4-15     0.0  6-15     0.0  9-12  1833.2 13-15     0.0
  1-13  1767.9  3- 7  2318.2  4-16     0.0  6-16     0.0  9-13  2182.4 13-16     0.0
  1-14  1241.2  3- 8  1737.0  5- 6   340.6  7- 8   565.3  9-14  2771.1 14-15     0.0
  1-15     0.0  3- 9  2214.8  5- 7   486.0  7- 9  2978.9  9-15     0.0 14-16     0.0
  1-16     0.0  3-10  9309.2  5- 8   323.1  7-10  3919.7  9-16     0.0 15-16     0.0
  2- 3    55.3  3-11   518.1  5- 9  3998.6  7-11   303.8 10-11   445.0  0- 0     0.0
  2- 4     5.9  3-12   902.7  5-10  1321.0  7-12   377.3 10-12   591.1  0- 0     0.0
  2- 5     7.0  3-13  1641.3  5-11    62.0  7-13  1915.7 10-13  2231.4  0- 0     0.0
  2- 6    13.6  3-14  6142.2  5-12   123.6  7-14  1687.8 10-14  1354.1  0- 0     0.0
  2- 7    26.9  3-15     0.0  5-13   434.6  7-15     0.0 10-15     0.0  0- 0     0.0
  2- 8    26.8  3-16     0.0  5-14   583.5  7-16     0.0 10-16     0.0  0- 0     0.0
-------------------------------------------------------------------------------------------------
매출액 단식:      1,942,600    연식:      5,896,200      복식:     81,614,900
       복연:     18,103,800    쌍식:     28,325,800      삼복:     93,167,600
       삼쌍:     52,584,800    합계:    281,635,700
-------------------------------------------------------------------------------------------------
배당률 단: ②1.3        연: ②1.3 ④2.4 ⑤3.0          복: ②④5.9       4F:50.9
                                                                         3F:39.1
                        쌍: ②④8.5       
     복연: ②④4.4 ②⑤4.0 ④⑤12.8
     삼복: ②④⑤17.6 
     삼쌍: ②④⑤34.0 
-------------------------------------------------------------------------------------------------
펄 롱:13.0 11.1 11.2   11.8   12.6   12.4   14.1   
통과M:  200  400  600    800    1000   1200   1400
통과T:13.0 24.1 35.3 0:47.1 0:59.7 1:12.1 1:26.2 
-------------------------------------------------------------------------------------------------
통과순위 S-1F : 2-(5,6,11),(3,8,12,14),(4,9),(1,7,13),10
           C1 :                                         
           C2 :                                         
           C3 : (^2,11),(5,6),12-14,(8,9,7)-(3,4)-1,13-10
           C4 : 2,11,5-12,6,(8,14),(4,9,7)-1,(3,13),10  
         G-1F : 2=(5,11)-12,4,(8,14)-1-(6,13),(3,10),(9,7)
-------------------------------------------------------------------------------------------------
구분 출전번호  대상명            처분종류     처분내용                     세부내용
-------------------------------------------------------------------------------------------------
말      7      챔프케이          출전정지     1개월(2021.04.12~2021.05.11) 경주능력부진(1위마와 32.6마신 차)                 
-------------------------------------------------------------------------------------------------


제목 : 21년04월11일(일)  제 8경주

(서울) 제15일 1200M 혼3등급    핸디캡      경주명 : 일반                        
경주조건:      R1~65  연령오픈                   날씨:맑음 주로:양호  (6%)
순위상금: 16,800천원  10,500천원   7,140천원   4,620천원   2,940천원
부가상금:      0천원       0천원       0천원
-------------------------------------------------------------------------------------------------
순위 마번    마    명         산지   성별 연령 부담중량  기수명   조교사   마주명           레이팅
-------------------------------------------------------------------------------------------------
  1    1  레벨탑               호     거     5    53.5   임기원   박재우   이미양              56
  2   10  클린업샤인           미     암     4    54.5   함완식   강환민   씨유네트워크        62
  3   11  파이널스타           미     거     6    54.0   이현종   우창구   정기환              57
  4    5  이스트반             미     거     4    51.0   다비드   서범석   임종근              51
  5    4  싱싱메리             미     암     5    53.0   임다빈   배휴준   전석호              65
  6    2  어느멋진날           미     거     5    52.5   김아현   안병기   우태율              62
  7    3  파노라마뷰           미     수     4    55.0   최범현   김동균   김영근              59
  8    9  글로벌에이스         미     수     4    52.0   김동수   최상식   장재형              51
  9    7  남촌아티스트         미     수     6    56.0   안토니오 박대흥   남승현              61
 10   13  스프링킹             미     거     4    51.5   김용근   토니     (주)디알엠씨티      52
 11   12  화이팅랭퍼           미     수     5    52.0   문정균   이희영   황봉기              51
 12   14  대군의창             미     수     5    55.0   이용호   최용구   표종순              59
 13    8  배다리프린스         미     수     4    52.0   김옥성   홍대유   송한우              51
       6  루킹퍼스트           미     수     4    53.0   박현우   최용구   홍기석              55
-------------------------------------------------------------------------------------------------
순위 마번    마      명       마 체 중  기 록  도 착 차  S1F-1C-2C-3C-4C-G1F
-------------------------------------------------------------------------------------------------
  1    1  레벨탑               489( -6) 1:13.2            1-  -  - 1- 1- 1
  2   10  클린업샤인           450( +7) 1:13.8  4         3-  -  - 5- 5- 4
  3   11  파이널스타           492(-10) 1:14.0  1         5-  -  - 8- 9- 7
  4    5  이스트반             468( +1) 1:14.1  ½        4-  -  - 3- 3- 2
  5    4  싱싱메리             475( +5) 1:14.4  1¾       2-  -  - 2- 2- 3
  6    2  어느멋진날           466( +1) 1:14.4  목        7-  -  - 9- 6- 5
  7    3  파노라마뷰           504( -2) 1:14.4  머리     10-  -  - 7- 7- 6
  8    9  글로벌에이스         537(+11) 1:14.6  ¾       12-  -  -11- 8- 8
  9    7  남촌아티스트         502( +3) 1:15.4  5        11-  -  -12-12-10
 10   13  스프링킹             484( +1) 1:15.7  2         6-  -  - 4- 4- 9
 11   12  화이팅랭퍼           503( +7) 1:16.1  2        13-  -  -13-13-13
 12   14  대군의창             495( +3) 1:16.6  3         9-  -  - 6-10-11
 13    8  배다리프린스         475( +1) 1:17.2  3         8-  -  -10-11-12
       6  루킹퍼스트           523(+12) 0:00.0  경주제외   -  -  -  -  -  
-------------------------------------------------------------------------------------------------
순위 마번    G-3Ｆ   S-1F  １코너  ２코너  ３코너  ４코너    G-1F  단승식 연승식
-------------------------------------------------------------------------------------------------
  1    1   37.3    0:13.4                  0:24.3  0:42.0   13.1      1.9    1.3
  2   10   37.3    0:13.6                  0:24.7  0:42.8   12.7      3.0    1.5
  3   11   36.8    0:13.7                  0:25.0  0:43.2   12.6    122.2    3.9
  4    5   37.9    0:13.7                  0:24.6  0:42.4   13.2      9.5    1.4
  5    4   38.2    0:13.5                  0:24.4  0:42.3   13.4     22.7    8.6
  6    2   37.5    0:13.8                  0:25.1  0:42.9   13.0     50.3    8.9
  7    3   37.5    0:13.9                  0:25.0  0:42.9   13.0     30.0    1.8
  8    9   37.4    0:14.0                  0:25.4  0:43.2   12.9     28.9    9.0
  9    7   37.6    0:13.9                  0:25.6  0:43.8   12.9     62.0   29.3
 10   13   39.2    0:13.7                  0:24.6  0:42.7   13.9     22.6    5.1
 11   12   37.6    0:14.5                  0:26.4  0:44.6   12.9    158.4   19.1
 12   14   39.5    0:13.8                  0:24.9  0:43.4   14.0     13.4   26.9
 13    8   39.5    0:13.8                  0:25.4  0:43.8   14.2    186.0    9.7
       6                                                                        
-------------------------------------------------------------------------------------------------
(복승식 배당률)
  1- 2    25.0  2- 9   514.4  4- 5   140.0  5-15     0.0  8- 9   748.1 11-12  7026.3
  1- 3     5.4  2-10   133.6  4- 6     0.0  5-16     0.0  8-10   296.8 11-13   838.5
  1- 4    18.4  2-11  3581.1  4- 7   569.9  6- 7     0.0  8-11  2952.5 11-14  9999.9
  1- 5     6.5  2-12  9999.9  4- 8   808.0  6- 8     0.0  8-12  4022.3 11-15     0.0
  1- 6     0.0  2-13   700.9  4- 9   429.3  6- 9     0.0  8-13  1247.4 11-16     0.0
  1- 7    46.7  2-14  9999.9  4-10    70.4  6-10     0.0  8-14  3405.4 12-13  2921.5
  1- 8    79.6  2-15     0.0  4-11   778.5  6-11     0.0  8-15     0.0 12-14  8162.9
  1- 9    24.1  2-16     0.0  4-12  1516.6  6-12     0.0  8-16     0.0 12-15     0.0
  1-10     2.5  3- 4   126.8  4-13   468.0  6-13     0.0  9-10    97.3 12-16     0.0
  1-11    96.4  3- 5    50.1  4-14   985.9  6-14     0.0  9-11  1927.4 13-14  2721.0
  1-12   157.0  3- 6     0.0  4-15     0.0  6-15     0.0  9-12  3384.6 13-15     0.0
  1-13     6.6  3- 7   316.5  4-16     0.0  6-16     0.0  9-13  1049.3 13-16     0.0
  1-14   119.3  3- 8   690.4  5- 6     0.0  7- 8  1014.8  9-14  5337.3 14-15     0.0
  1-15     0.0  3- 9   180.1  5- 7   162.2  7- 9   789.6  9-15     0.0 14-16     0.0
  1-16     0.0  3-10    17.8  5- 8   602.0  7-10   247.5  9-16     0.0 15-16     0.0
  2- 3   248.2  3-11   803.3  5- 9   268.3  7-11  1370.6 10-11   273.4  0- 0     0.0
  2- 4   589.9  3-12  9251.3  5-10    29.5  7-12  4549.8 10-12   751.1  0- 0     0.0
  2- 5   275.3  3-13    61.3  5-11   544.7  7-13   472.4 10-13    41.4  0- 0     0.0
  2- 6     0.0  3-14  1236.3  5-12  1270.2  7-14  5550.8 10-14   507.8  0- 0     0.0
  2- 7  1613.6  3-15     0.0  5-13   107.2  7-15     0.0 10-15     0.0  0- 0     0.0
  2- 8  4405.4  3-16     0.0  5-14  1391.2  7-16     0.0 10-16     0.0  0- 0     0.0
-------------------------------------------------------------------------------------------------
매출액 단식:      1,069,400    연식:      4,586,900      복식:     76,038,000
       복연:     17,680,600    쌍식:     28,643,300      삼복:     85,951,200
       삼쌍:     47,700,900    합계:    261,670,300
-------------------------------------------------------------------------------------------------
배당률 단: ①1.9        연: ①1.3 ⑩1.5 ⑪3.9          복: ①⑩2.5       4F:48.9
                                                                         3F:37.3
                        쌍: ①⑩3.2       
     복연: ①⑩1.4 ①⑪28.0 ⑩⑪61.9
     삼복: ①⑩⑪45.0 
     삼쌍: ①⑩⑪56.8 
-------------------------------------------------------------------------------------------------
펄 롱:13.4 10.9 11.6   12.3   12.7   12.3   
통과M:  200  400  600    800    1000   1200
통과T:13.4 24.3 35.9 0:48.2 1:00.9 1:13.2 
-------------------------------------------------------------------------------------------------
통과순위 S-1F : (^1,4),(5,10,11,13),(2,3,7,8,14),9-12   
           C1 :                                         
           C2 :                                         
           C3 : (^1,4),(5,10,13),(3,11,14),2,(8,9),7=12 
           C4 : 1,(5,4),(10,13),(2,3),(9,11),14-(8,7)=12
         G-1F : 1=(5,4),10,(2,3,11),(9,13)-(7,14)-8,12  
-------------------------------------------------------------------------------------------------
구분 출전번호  대상명            처분종류     처분내용                     세부내용
-------------------------------------------------------------------------------------------------
말     14      대군의창          주의                                      3-4코너 구간 바깥으로 기댐                        
말      6      루킹퍼스트        출전제외                                  마체이상                                          
-------------------------------------------------------------------------------------------------


제목 : 21년04월11일(일)  제 9경주

(서울) 제15일 1800M 혼4등급    별정B       경주명 : 일반                        
경주조건:      R1~50  연령오픈                   날씨:맑음 주로:양호  (6%)
순위상금: 14,000천원   8,750천원   5,950천원   3,850천원   2,450천원
부가상금:      0천원       0천원       0천원
-------------------------------------------------------------------------------------------------
순위 마번    마    명         산지   성별 연령 부담중량  기수명   조교사   마주명           레이팅
-------------------------------------------------------------------------------------------------
  1    7  골든서비스           미     거     4    56.0   송재철   최용구   강무웅              44
  2    3  본능대로             미     거     5    55.0   김옥성   이희영   이창모              40
  3   11  굿센스               미     거     5    55.0   이혁     박종곤   김재영a             41
  4    6  은어축제             미     수     4    54.0   다비드   박재우   최기영              36
  5    8  정문에이스           미     수     4    56.0   김정준   홍대유   김재영b             42
  6    5  히든삭스             미     수     4    55.0   임다빈   강성오   김창식              50
  7    9  엉클벨               미     거     4    57.0   박을운   이신영   오종택              46
  8    4  풀부스터             미     수     4    53.0   김아현   임봉춘   최몽주              47
  9    2  선스타트             미     수     6    56.0   박병윤   손영표   이신근              42
 10   14  빅토리맵             미     거     4    54.0   김동수   김동균   이연수              36
 11   13  인동샘               미     수     4    54.0   김효정   배대선   이태인              36
 12    1  피노시스터           미     암     4    53.0   정정희   박천서   박병룡              40
 13   12  캡틴포스원           미     수     4    54.0   이용호   지용철   서정범              36
 14   10  모닝타이거           호     거     5    54.0   조한별   조현수   지앤지프로덕션      36
-------------------------------------------------------------------------------------------------
순위 마번    마      명       마 체 중  기 록  도 착 차  S1F-1C-2C-3C-4C-G1F
-------------------------------------------------------------------------------------------------
  1    7  골든서비스           514( +3) 1:58.5            1- 2- 2- 3- 3- 3
  2    3  본능대로             502( -8) 1:58.7  1         6- 7- 8- 7- 7- 4
  3   11  굿센스               494(-10) 1:58.7  목        2- 1- 1- 1- 1- 1
  4    6  은어축제             495( -1) 1:58.9  1         3- 3- 3- 2- 2- 2
  5    8  정문에이스           491( -5) 1:59.2  1½       7- 6- 6- 4- 4- 5
  6    5  히든삭스             501( +6) 1:59.3  1         5- 5- 5- 6- 5- 6
  7    9  엉클벨               486( +1) 2:00.0  4        14-14-14-14-12- 9
  8    4  풀부스터             475( +4) 2:00.3  2         4- 4- 4- 5- 6- 7
  9    2  선스타트             540(+12) 2:00.9  3         8-11-10-12-11- 8
 10   14  빅토리맵             473( -1) 2:01.4  3        11- 9-11-10- 9-11
 11   13  인동샘               494(-12) 2:01.7  1¾      13-12- 9-11-10-12
 12    1  피노시스터           474( +8) 2:02.0  1¾      12-13-12- 8- 8-10
 13   12  캡틴포스원           470(+10) 2:03.0  6        10-10-13-13-14-13
 14   10  모닝타이거           549( +5) 2:12.9  57        9- 8- 7- 9-13-14
-------------------------------------------------------------------------------------------------
순위 마번    G-3Ｆ   S-1F  １코너  ２코너  ３코너  ４코너    G-1F  단승식 연승식
-------------------------------------------------------------------------------------------------
  1    7   40.2    0:14.2  0:20.0  0:33.0  1:10.2  1:25.9   13.5      4.7    1.3
  2    3   39.7    0:14.7  0:20.8  0:33.6  1:11.0  1:26.5   13.1     12.3    2.1
  3   11   41.0    0:14.2  0:19.9  0:32.5  1:09.8  1:25.3   13.9      4.5    1.9
  4    6   41.2    0:14.3  0:20.4  0:33.3  1:09.8  1:25.3   14.0     18.1   21.8
  5    8   40.7    0:14.7  0:20.7  0:33.5  1:10.5  1:26.1   13.5      5.7    1.7
  6    5   40.5    0:14.5  0:20.6  0:33.5  1:10.8  1:26.3   13.2      6.6    2.4
  7    9   39.1    0:16.2  0:22.9  0:36.5  1:13.0  1:28.5   12.8     25.7    3.3
  8    4   41.5    0:14.5  0:20.5  0:33.4  1:10.7  1:26.4   13.8      4.9    3.7
  9    2   40.4    0:14.9  0:21.4  0:34.6  1:12.4  1:28.0   13.7    153.1   50.8
 10   14   41.4    0:14.9  0:21.1  0:34.6  1:11.7  1:27.7   13.7     41.5    7.6
 11   13   41.3    0:15.1  0:21.4  0:34.4  1:12.1  1:28.0   13.9    113.7   47.6
 12    1   42.7    0:15.1  0:21.8  0:35.1  1:11.3  1:27.0   14.6     41.9    8.8
 13   12   42.5    0:14.9  0:21.3  0:35.1  1:12.5  1:28.8   14.2     25.8   40.1
 14   10   52.8    0:14.9  0:20.8  0:33.5  1:11.3  1:28.8   19.2    173.1   50.8
-------------------------------------------------------------------------------------------------
(복승식 배당률)
  1- 2  1957.8  2- 9   650.4  4- 5    29.9  5-15     0.0  8- 9    80.5 11-12   181.1
  1- 3   202.2  2-10  9034.4  4- 6   338.8  5-16     0.0  8-10  1179.0 11-13  1473.2
  1- 4   161.9  2-11   982.8  4- 7     8.1  6- 7    68.3  8-11    17.9 11-14   218.7
  1- 5    88.0  2-12  8926.8  4- 8    35.7  6- 8   206.5  8-12   561.7 11-15     0.0
  1- 6  1417.5  2-13  5318.1  4- 9    97.4  6- 9   723.8  8-13  1481.9 11-16     0.0
  1- 7    38.9  2-14  3035.8  4-10  1093.1  6-10  3605.1  8-14    78.2 12-13  9866.5
  1- 8   114.4  2-15     0.0  4-11    33.5  6-11   304.9  8-15     0.0 12-14  4628.7
  1- 9   437.2  2-16     0.0  4-12   579.9  6-12  4686.6  8-16     0.0 12-15     0.0
  1-10  6520.5  3- 4    41.3  4-13  1094.7  6-13  4120.1  9-10  1051.7 12-16     0.0
  1-11   165.7  3- 5    43.1  4-14   147.9  6-14  1136.1  9-11    99.6 13-14  2851.2
  1-12  2082.9  3- 6   314.7  4-15     0.0  6-15     0.0  9-12  1898.4 13-15     0.0
  1-13  7424.3  3- 7     8.2  4-16     0.0  6-16     0.0  9-13  2707.1 13-16     0.0
  1-14   514.3  3- 8    19.2  5- 6   233.8  7- 8     5.0  9-14   448.7 14-15     0.0
  1-15     0.0  3- 9    97.0  5- 7     7.9  7- 9    23.3  9-15     0.0 14-16     0.0
  1-16     0.0  3-10  1336.6  5- 8    20.8  7-10   695.0  9-16     0.0 15-16     0.0
  2- 3   467.5  3-11    29.0  5- 9    74.2  7-11     8.5 10-11  1346.2  0- 0     0.0
  2- 4  1288.4  3-12   765.9  5-10   593.2  7-12   452.0 10-12  9999.9  0- 0     0.0
  2- 5   447.1  3-13  1131.0  5-11    32.1  7-13   758.2 10-13  9999.9  0- 0     0.0
  2- 6  4869.2  3-14   142.2  5-12   769.9  7-14    30.1 10-14  2975.6  0- 0     0.0
  2- 7   246.2  3-15     0.0  5-13  1237.4  7-15     0.0 10-15     0.0  0- 0     0.0
  2- 8   411.3  3-16     0.0  5-14   241.6  7-16     0.0 10-16     0.0  0- 0     0.0
-------------------------------------------------------------------------------------------------
매출액 단식:      2,488,200    연식:      5,139,900      복식:    102,719,700
       복연:     16,474,300    쌍식:     24,974,700      삼복:     87,367,100
       삼쌍:     40,142,300    합계:    279,306,200
-------------------------------------------------------------------------------------------------
배당률 단: ⑦4.7        연: ⑦1.3 ③2.1 ⑪1.9          복: ⑦③8.2       4F:53.6
                                                                         3F:40.8
                        쌍: ⑦③15.3      
     복연: ⑦③3.4 ⑦⑪3.9 ③⑪9.6
     삼복: ⑦③⑪33.4 
     삼쌍: ⑦③⑪120.8 
-------------------------------------------------------------------------------------------------
펄 롱:14.2 11.9 12.8   12.8   13.2   12.8   14.0   13.1   13.7   
통과M:  200  400  600    800    1000   1200   1400   1600   1800
통과T:14.2 26.1 38.9 0:51.7 1:04.9 1:17.7 1:31.7 1:44.8 1:58.5 
-------------------------------------------------------------------------------------------------
통과순위 S-1F : (6,7,11),(4,5),(3,8),(2,10,12,14),(1,13)=9
           C1 : (7,^11)-(4,6),(5,8),(3,10),14,(2,13,12)-1=9
           C2 : 11-7,(4,6),(3,5,8,10)=13,(2,14)-(1,12)=9
           C3 : (11,6)-7,8,(4,5),3,(1,10)-14-13,(2,12)-9
           C4 : (11,6)-7,8,(4,5),3-1-14,(13,2)-9,(10,12)
         G-1F : (^11,6),7-(3,8)-5-4-(2,9),1,(13,14)=12≡10
-------------------------------------------------------------------------------------------------
구분 출전번호  대상명            처분종류     처분내용                     세부내용
-------------------------------------------------------------------------------------------------
기수    4      김아현            기승정지     2일(2021.04.17~2021.04.18)   출발 후 약 150m 지점 안으로 진로변경 3,2,1번 주행방해(수습기수 감안)
말     10      모닝타이거        출전정지     4개월(2021.04.12~2021.08.11) 경주능력부진(1위마와 83.2마신 차)                 
말     10      모닝타이거        주행심사                                  경주능력부진(1위마와 83.2마신 차)                 
-------------------------------------------------------------------------------------------------


제목 : 21년04월11일(일)  제10경주

(서울) 제15일 1800M 1등급    핸디캡      경주명 : 일반                        
경주조건:     R1~140  연령오픈                   날씨:맑음 주로:양호  (6%)
순위상금: 24,000천원  15,000천원  10,200천원   6,600천원   4,200천원
부가상금:      0천원       0천원       0천원
-------------------------------------------------------------------------------------------------
순위 마번    마    명         산지   성별 연령 부담중량  기수명   조교사   마주명           레이팅
-------------------------------------------------------------------------------------------------
  1   11  흑전사               한(포) 수     5    52.0   함완식   김동균   김창희              96
  2    2  톱브레인             미     거     6    52.0   이혁     최용건   김철                82
  3    7  위너골드             미     수     6    53.0   임다빈   우창구   전영범             115
  4    3  강토마               한     거     6    55.5   장추열   정호익   김광명             114
  5    5  릴패트론             미     거     5    52.0   이철경   서인석   고재완              95
  6   10  클리어검             한     암     5    52.0   조상범   최용건   조창석              83
  7    8  슈퍼삭스             미     거     6    52.0   이현종   리카디   김창식             104
  8    4  가온챔프             한     수     6    59.0   임기원   안병기   김기종             121
  9    6  선라이팅             미     수     6    51.0   다비드   서범석   이신근             100
 10   14  심장의고동           한     수     5    52.0   문세영   지용철   오종환              94
 11   12  왕벚꽃               미     거     5    51.0   김용근   박대흥   김원숙              83
 12    1  다크플레이어         미     수     5    52.0   박을운   이관호   박남성              86
 13    9  상감마마             한     거     9    52.0   김정준   박병일   이관형             107
 14   13  문학타이거           미     수     5    52.0   박태종   박재우   황봉기              95
-------------------------------------------------------------------------------------------------
순위 마번    마      명       마 체 중  기 록  도 착 차  S1F-1C-2C-3C-4C-G1F
-------------------------------------------------------------------------------------------------
  1   11  흑전사               495( +0) 1:54.0            5- 3- 3- 2- 1- 1
  2    2  톱브레인             514( +4) 1:55.2  7         6- 6- 6- 6- 6- 3
  3    7  위너골드             481( +4) 1:55.5  1¾      13-13-12-12-11- 5
  4    3  강토마               493( -3) 1:55.7  1¼       9- 9- 9-10-10- 8
  5    5  릴패트론             484(-10) 1:55.8  목       11-11-10- 9- 8- 9
  6   10  클리어검             486( +5) 1:55.9  ½        7- 7- 7- 7- 7- 6
  7    8  슈퍼삭스             509( +0) 1:56.0  ½       12-12-13-13-12-11
  8    4  가온챔프             498( +1) 1:56.2  1¼       1- 2- 2- 4- 3- 4
  9    6  선라이팅             536(+10) 1:56.4  1         4- 4- 4- 5- 4- 2
 10   14  심장의고동           510( -1) 1:56.5  ½        8- 8- 8- 8- 9-12
 11   12  왕벚꽃               513(-14) 1:56.8  1¾       3- 5- 5- 3- 5-10
 12    1  다크플레이어         447( -3) 1:57.5  4        14-14-14-14-14-13
 13    9  상감마마             452( +5) 1:57.6  ¾        2- 1- 1- 1- 2- 7
 14   13  문학타이거           510( -2) 1:57.8  1¼      10-10-11-11-13-14
-------------------------------------------------------------------------------------------------
순위 마번    G-3Ｆ   S-1F  １코너  ２코너  ３코너  ４코너    G-1F  단승식 연승식
-------------------------------------------------------------------------------------------------
  1   11   37.9    0:13.8  0:19.3  0:31.5  1:08.8  1:23.3   12.9      8.6    2.2
  2    2   38.4    0:13.9  0:19.7  0:32.0  1:09.3  1:24.0   12.8     23.0    5.0
  3    7   38.1    0:14.8  0:20.6  0:32.9  1:09.9  1:24.4   13.0     21.0    4.8
  4    3   38.5    0:14.2  0:20.1  0:32.4  1:09.7  1:24.3   13.1      2.5    1.0
  5    5   38.8    0:14.4  0:20.3  0:32.7  1:09.6  1:24.2   13.2     22.2    6.5
  6   10   39.1    0:14.0  0:19.9  0:32.1  1:09.3  1:24.0   13.4     21.2    3.7
  7    8   38.6    0:14.4  0:20.3  0:33.0  1:09.9  1:24.5   13.2      8.5    9.0
  8    4   39.7    0:13.5  0:19.2  0:31.5  1:09.0  1:23.5   13.8     21.5   20.4
  9    6   39.9    0:13.8  0:19.4  0:31.7  1:09.1  1:23.5   14.1     35.2    7.7
 10   14   39.5    0:14.1  0:19.9  0:32.1  1:09.4  1:24.2   13.6      7.8    2.8
 11   12   40.3    0:13.7  0:19.4  0:31.7  1:08.9  1:23.6   14.0      6.1    2.4
 12    1   39.5    0:16.0  0:22.0  0:34.5  1:10.6  1:25.3   13.7     80.1   43.8
 13    9   41.6    0:13.5  0:19.1  0:31.2  1:08.5  1:23.4   15.0     42.5   23.1
 14   13   40.4    0:14.2  0:20.1  0:32.7  1:09.7  1:24.7   13.9     27.0   12.8
-------------------------------------------------------------------------------------------------
(복승식 배당률)
  1- 2   577.4  2- 9   200.8  4- 5   141.6  5-15     0.0  8- 9  1186.2 11-12    98.7
  1- 3   163.2  2-10   201.6  4- 6   385.1  5-16     0.0  8-10   264.1 11-13   180.7
  1- 4   929.5  2-11   192.3  4- 7   191.9  6- 7   300.2  8-11   193.5 11-14    34.1
  1- 5  1410.0  2-12   113.4  4- 8   566.1  6- 8   502.3  8-12   262.0 11-15     0.0
  1- 6  2546.5  2-13   345.5  4- 9   687.6  6- 9  1004.7  8-13   664.7 11-16     0.0
  1- 7  1596.0  2-14    92.4  4-10   280.6  6-10   560.5  8-14   121.5 12-13   210.0
  1- 8  2309.8  2-15     0.0  4-11   111.8  6-11   275.4  8-15     0.0 12-14    58.2
  1- 9  2611.6  2-16     0.0  4-12   152.3  6-12   367.0  8-16     0.0 12-15     0.0
  1-10  1386.6  3- 4    15.6  4-13   359.8  6-13  2471.2  9-10   470.5 12-16     0.0
  1-11   978.0  3- 5     7.9  4-14    63.8  6-14   215.5  9-11   579.6 13-14    88.0
  1-12   956.6  3- 6    38.0  4-15     0.0  6-15     0.0  9-12   600.8 13-15     0.0
  1-13  1610.0  3- 7    11.3  4-16     0.0  6-16     0.0  9-13  2394.0 13-16     0.0
  1-14   892.5  3- 8    15.1  5- 6   230.7  7- 8   229.5  9-14   303.0 14-15     0.0
  1-15     0.0  3- 9    69.2  5- 7    98.8  7- 9   701.7  9-15     0.0 14-16     0.0
  1-16     0.0  3-10    12.5  5- 8   297.0  7-10    99.9  9-16     0.0 15-16     0.0
  2- 3    25.2  3-11     7.2  5- 9   509.3  7-11    78.5 10-11   112.4  0- 0     0.0
  2- 4   217.7  3-12    11.3  5-10   110.9  7-12   120.1 10-12    93.8  0- 0     0.0
  2- 5   134.4  3-13    32.5  5-11    26.4  7-13   226.6 10-13   337.8  0- 0     0.0
  2- 6   475.3  3-14     6.4  5-12   120.6  7-14    56.0 10-14    71.5  0- 0     0.0
  2- 7   263.4  3-15     0.0  5-13   435.3  7-15     0.0 10-15     0.0  0- 0     0.0
  2- 8   544.3  3-16     0.0  5-14    55.1  7-16     0.0 10-16     0.0  0- 0     0.0
-------------------------------------------------------------------------------------------------
매출액 단식:      2,641,800    연식:      5,662,600      복식:    125,929,900
       복연:     19,063,800    쌍식:     26,384,900      삼복:    106,212,600
       삼쌍:     43,244,500    합계:    329,140,100
-------------------------------------------------------------------------------------------------
배당률 단: ⑪8.6        연: ⑪2.2 ②5.0 ⑦4.8          복: ⑪②192.3     4F:50.4
                                                                         3F:38.0
                        쌍: ⑪②300.0     
     복연: ⑪②71.1 ⑪⑦31.8 ②⑦93.3
     삼복: ⑪②⑦749.9 
     삼쌍: ⑪②⑦4099.8 
-------------------------------------------------------------------------------------------------
펄 롱:13.5 11.4 12.7   13.1   12.9   12.4   13.0   12.1   12.9   
통과M:  200  400  600    800    1000   1200   1400   1600   1800
통과T:13.5 24.9 37.6 0:50.7 1:03.6 1:16.0 1:29.0 1:41.1 1:54.0 
-------------------------------------------------------------------------------------------------
통과순위 S-1F : (4,9),(6,11,12),(2,10),(3,13,14),(5,8)-7=1
           C1 : (4,^9),(6,11,12),2,(10,14),(3,13),(5,8),7=1
           C2 : 9,(4,11),(6,12),(2,10,14),3,(5,13),(7,8)=1
           C3 : 9,(11,12),(4,6),(2,10,14),(3,5,13),(7,8)-1
           C4 : (9,^11),(4,6,12)-(2,10),(3,5,14),(7,8),13-1
         G-1F : 11=(2,4,6),(7,9,3,5,10),(12,8,14)=(1,13)
-------------------------------------------------------------------------------------------------
구분 출전번호  대상명            처분종류     처분내용                     세부내용
-------------------------------------------------------------------------------------------------
말     13      문학타이거        주의                                      전 구간 머리를 드는 등 주행불량                   
-------------------------------------------------------------------------------------------------
