

제목 : 21.09.15(수) 조교현황

  ※기승자범례(조:조교사, 보:조교보, 기:기수, 후:기수후보생, 승:조교승인)
  ※비고(금:금주출전예정마, 차:차주출전예정마, 특:특대상경주출전예정마)
  ※금주, 차주 또는 특별 대상경주 출전예상마는 출전신청 결과 및
  조교사의 의사에 따라 변동될 수 있는 미확정된 자료이오니 참고하시기 바랍니다.
━━━━━━━━━━━━━━━━━━━━━━━━━━━━━━━━━━━━━━━
  순 소속조 - 조번 마명              기승자 입장시각  퇴장시각  조교시간 비고
━━━━━━━━━━━━━━━━━━━━━━━━━━━━━━━━━━━━━━━
  1  1조(백광열)24 닥터시저            승   08:29     08:47       0:18   차
  2  1조(백광열)15 닥터시크            승   07:49     08:08       0:19   차
  3  1조(백광열)32 닥터위크            기   07:06     07:22       0:16   금
  4  1조(백광열) 5 닥터자이언츠        기   07:26     07:44       0:18   금
  5  1조(백광열)17 닥터캔디            승   07:49     08:09       0:20   금
  6  1조(백광열)34 닥터콩돌이          승   07:49     08:05       0:16   차
  7  1조(백광열) 4 닥터테이크          승   05:59     06:20       0:21   차
  8  1조(백광열)28 닥터텍사스          승   07:11     07:29       0:18   차
  9  1조(백광열)26 닥터파라오          승   06:25     06:41       0:16   차
 10  1조(백광열)23 닥터페이스          기   06:52     07:04       0:12   금
 11  1조(백광열)31 대호전설            기   07:49     08:14       0:25   차
 12  1조(백광열)38 마이티파워          승   06:42     07:00       0:18   차
 13  1조(백광열)37 아델골드            기   06:00     06:13       0:13   차
 14  1조(백광열)33 아델로사리오        승   08:32     08:47       0:15   차
 15  1조(백광열)42 아델보스            기   06:36     06:56       0:20   금
 16  1조(백광열)13 아델스마트          승   07:06     07:24       0:18   차
 17  1조(백광열) 3 아델축배            승   06:36     06:57       0:21   금
 18  1조(백광열)16 아델퓨펄            승   06:03     06:16       0:13   차
 19  1조(백광열) 8 알파어게인          승   06:03     06:26       0:23   차
 20  1조(백광열)22 연승브라보          기   06:52     07:05       0:13   차
 21  1조(백광열)20 영원자메이카        기   06:21     06:44       0:23   금
 22  1조(백광열) 7 영원파워            기   07:27     07:45       0:18   금
 23  1조(백광열)43 영천파워            승   07:49     08:15       0:26   차
 24  1조(백광열)21 위너스타            승   07:01     07:16       0:15   차
 25  1조(백광열)19 파워원더풀          승   06:01     06:26       0:25   금
 26  1조(백광열)14 화랑베스트          기   08:33     08:49       0:16   차
 27  1조(백광열) 9 화랑브라보          승   07:49     08:14       0:25   차
 28  1조(백광열)29 히든챔프            승   08:26     08:44       0:18   차
 29  2조(강형곤)38 그린치타            승   06:21     06:34       0:13   차
 30  2조(강형곤)18 노블카우보이        승   06:44     06:57       0:13   차
 31  2조(강형곤) 1 동방대로            기   07:57     08:11       0:14   금
 32  2조(강형곤) 8 드라이브타운        승   06:44     06:57       0:13   차
 33  2조(강형곤) 9 록초이스            승   07:32     07:50       0:18   차
 34  2조(강형곤)25 불의검              승   06:44     06:57       0:13   차
 35  2조(강형곤) 6 불의혼              승   06:44     06:58       0:14   차
 36  2조(강형곤)41 비케이가이아        승   06:21     06:34       0:13   차
 37  2조(강형곤)21 비케이루프톱        승   06:00     06:11       0:11   차
 38  2조(강형곤)24 비케이킹스타        기   06:00     06:11       0:11   금
 39  2조(강형곤)16 비케이파워          기   07:24     07:36       0:12   금
 40  2조(강형곤)13 비케이헌터          승   06:21     06:32       0:11   차
 41  2조(강형곤)35 스타레이크          기   06:47     07:02       0:15   차
 42  2조(강형곤)44 에코피아            기   06:46     06:57       0:11   금
 43  2조(강형곤)31 우승멜로디          승   07:09     07:19       0:10   금
 44  2조(강형곤)17 최강두드림          기   07:33     07:48       0:15   차
 45  2조(강형곤)19 최강무지개          기   07:08     07:21       0:13   차
 46  2조(강형곤)39 최강번쩍            기   07:33     07:43       0:10   금
 47  2조(강형곤)30 투투그레이트        승   06:00     06:11       0:11   차
 48  2조(강형곤)23 투투와일드싱        승   06:00     06:11       0:11   차
 49  2조(강형곤)33 파이널파티          승   07:34     07:47       0:13   차
 50  2조(강형곤)43 히어로맨            기   07:12     07:24       0:12   금
 51  4조(임금만)10 굿탱크              승   06:01     06:13       0:12   금
 52  4조(임금만) 6 마이스타            보   07:38     07:50       0:12   차
 53  4조(임금만) 4 바람의약속          기   06:01     06:13       0:12   금
 54  4조(임금만)34 보드블레이드        기   06:00     06:13       0:13   금
 55  4조(임금만)17 슬림퀸              승   06:32     06:44       0:12   금
 56  4조(임금만) 9 시티블레이드        기   06:20     06:34       0:14   금
 57  4조(임금만)19 에코문              보   08:07     08:23       0:16   차
 58  4조(임금만)16 영광의레전드        승   07:04     07:21       0:17   차
 59  4조(임금만)11 영광의매직          보   07:06     07:19       0:13   차
 60  4조(임금만)31 영광의이글          보   06:00     06:12       0:12   금
 61  4조(임금만)36 이스트벨            보   06:33     06:44       0:11   차
 62  4조(임금만)18 챔프고              승   07:23     07:45       0:22   차
 63  4조(임금만)26 천년의약속          승   07:32     07:45       0:13   차
 64  4조(임금만)21 청담파이어          승   08:19     08:34       0:15   차
 65  4조(임금만)39 체인지백            기   06:23     06:38       0:15   금
 66  4조(임금만) 5 톱에이스            승   06:55     07:06       0:11   금
 67  4조(임금만)12 판타스틱로드        기   07:39     07:54       0:15   차
 68  4조(임금만) 3 판타스틱리더        기   08:22     08:31       0:09   금
 69  4조(임금만) 8 허니라이언          승   06:33     06:51       0:18   금
 70  4조(임금만)15 호랭이              승   07:39     07:51       0:12   금
 71  6조(구영준) 3 강한질주            승   06:14     06:34       0:20   금
 72  6조(구영준)18 남양천리            승   08:29     08:54       0:25   차
 73  6조(구영준)21 대호누리            승   06:57     07:05       0:08   차
 74  6조(구영준) 8 대호마              보   06:51     07:07       0:16   차
 75  6조(구영준)33 드림댄서            기   07:52     08:01       0:09   차
 76  6조(구영준) 4 로킹스타            승   07:57     08:05       0:08   차
 77  6조(구영준) 7 리얼리칸            승   07:28     07:38       0:10   차
 78  6조(구영준)16 마인드존            기   07:51     08:08       0:17   금
 79  6조(구영준) 2 무패찰리            조   07:17     07:37       0:20   금
 80  6조(구영준) 5 바벨포세이돈        기   08:29     08:54       0:25   차
 81  6조(구영준)28 베스트윈드          승   06:51     07:04       0:13   차
 82  6조(구영준)25 영광의스피드        승   06:29     06:48       0:19   금
 83  6조(구영준)23 오백장군            기   06:47     07:03       0:16   금
 84  6조(구영준) 6 위닝포스트          승   08:14     08:30       0:16   차
 85  6조(구영준)12 윈드크로스          승   08:29     08:51       0:22   차
 86  6조(구영준)22 전설의파티          기   07:22     07:33       0:11   금
 87  6조(구영준)17 최강라이거          기   06:28     06:36       0:08   금
 88  6조(구영준)27 최강포스            기   07:03     07:20       0:17   차
 89  6조(구영준)32 킹돔보              승   07:26     07:43       0:17   금
 90  6조(구영준)26 판타스틱러브        기   06:41     06:55       0:14   금
 91  6조(구영준)11 풀머니              보   07:26     07:43       0:17   금
 92  7조(김병학)32 가속데이            승   06:41     07:14       0:33   차
 93  7조(김병학) 9 두바이특급          기   06:43     06:56       0:13   금
 94  7조(김병학)15 두유어베스트        승   06:41     07:14       0:33   차
 95  7조(김병학)21 맨오브더이어        승   08:33     08:47       0:14   차
 96  7조(김병학) 1 머니케이스          승   06:31     06:56       0:25   차
 97  7조(김병학)29 미라클드리밍        기   06:00     06:14       0:14   금
 98  7조(김병학)31 슈퍼빅토리          승   06:00     06:19       0:19   차
 99  7조(김병학)13 스테디골드          승   08:16     08:38       0:22   차
100  7조(김병학)14 엔들리스러닝        기   07:26     07:43       0:17   금
101  7조(김병학)11 오션피닉스          승   06:32     06:47       0:15   금
102  7조(김병학)12 올에이플러스        승   06:31     06:55       0:24   차
103  7조(김병학)20 와이즈걸            승   06:06     06:28       0:22   차
104  7조(김병학)26 인디언파티          승   06:00     06:14       0:14   금
105  7조(김병학)25 지니어스보이        승   07:34     07:57       0:23   차
106  7조(김병학) 2 최강마린            기   09:16     09:32       0:16   금
107  7조(김병학)28 캐러비언데이        기   09:16     09:32       0:16   금
108  7조(김병학)10 퀸오브글로리        승   07:33     07:57       0:24   차
109  7조(김병학) 4 킹스랜딩            승   08:52     09:14       0:22   차
110  8조(토마스) 8 그레이트굿          승   06:27     06:40       0:13   차
111  8조(토마스) 9 그레이트록          기   06:00     06:11       0:11   금
112  8조(토마스)23 그레이트원          승   06:28     06:39       0:11   차
113  8조(토마스) 7 그레이트킹          승   06:55     07:07       0:12   차
114  8조(토마스)35 꽃과구름            보   07:22     07:35       0:13   차
115  8조(토마스)26 꽃무리              기   06:00     06:08       0:08   금
116  8조(토마스)20 대암장군            승   05:59     06:11       0:12   금
117  8조(토마스)15 라인브레이커        승   07:52     08:04       0:12   차
118  8조(토마스) 3 로키스카이          승   07:24     07:36       0:12   차
119  8조(토마스)31 마크에이스          기   06:39     06:51       0:12   금
120  8조(토마스) 6 무적불패            승   06:55     07:06       0:11   차
121  8조(토마스)17 무적영웅            승   07:23     07:36       0:13   차
122  8조(토마스) 1 미스고              승   06:00     06:11       0:11   금
123  8조(토마스)39 비제이미스          승   06:28     06:39       0:11   금
124  8조(토마스)18 서부캣              승   06:00     06:11       0:11   차
125  8조(토마스)14 서부퀸              승   06:27     06:39       0:12   금
126  8조(토마스)24 소닉킹이지          기   06:00     06:10       0:10   금
127  8조(토마스)45 스텔루나            기   07:19     07:30       0:11   차
128  8조(토마스)33 알파킹이지          기   06:22     06:30       0:08   금
129  8조(토마스)37 에이스잭팟          승   07:23     07:31       0:08   차
130  8조(토마스)29 여왕의미소          승   06:56     07:09       0:13   금
131  8조(토마스)19 영광의파이트        보   06:00     06:13       0:13   금
132  8조(토마스) 4 오섬킹이지          승   06:00     06:12       0:12   금
133  8조(토마스)41 으뜸이              승   07:52     08:04       0:12   차
134  8조(토마스)28 천마대로            승   06:52     07:02       0:10   금
135  8조(토마스)22 천마파워            기   06:26     06:37       0:11   금
136  8조(토마스)12 퀸즈대로            기   06:00     06:08       0:08   금
137  8조(토마스)34 태풍이              기   07:15     07:22       0:07   차
138  8조(토마스) 2 톱파이어            기   06:56     07:10       0:14   금
139  8조(토마스)36 판타스틱매직        기   06:59     07:11       0:12   금
140  8조(토마스)38 플레이더인디        승   07:51     08:04       0:13   차
141  8조(토마스) 5 해가뜨고            승   06:39     07:51       0:72   차
142  9조(양귀선)37 글로리송            승   07:24     07:41       0:17   금
143  9조(양귀선)19 금빛스카이          기   06:46     06:58       0:12   금
144  9조(양귀선)25 금빛행진            승   06:16     06:30       0:14   금
145  9조(양귀선)38 담양돌풍            승   06:00     06:08       0:08   금
146  9조(양귀선)12 담양제왕            승   06:48     06:56       0:08   차
147  9조(양귀선)15 더퍼스트팩터        승   06:00     06:20       0:20   차
148  9조(양귀선) 8 디바인뮤직          승   06:00     06:15       0:15   금
149  9조(양귀선)20 랩베르사            승   07:50     08:09       0:19   차
150  9조(양귀선)30 로드투브이          승   08:04     08:20       0:16   차
151  9조(양귀선) 2 바벨라일락          승   06:42     06:56       0:14   금
152  9조(양귀선)32 바벨스톰            기   07:30     07:42       0:12   금
153  9조(양귀선)39 선더베가스          승   06:26     06:34       0:08   차
154  9조(양귀선) 4 센세이션파티        승   07:02     07:16       0:14   금
155  9조(양귀선)44 슈퍼크랙            승   06:37     06:51       0:14   차
156  9조(양귀선)31 아임유어패션        기   07:02     07:14       0:12   금
157  9조(양귀선)18 어게인헬렌          기   06:23     06:33       0:10   금
158  9조(양귀선) 7 에지                승   06:37     06:50       0:13   차
159  9조(양귀선)40 원더풀킹            보   06:44     06:57       0:13   차
160  9조(양귀선)21 제라                보   06:00     06:20       0:20   차
161  9조(양귀선)27 테이크인디킹        보   07:35     08:09       0:34   차
162  9조(양귀선) 5 하늘울림            기   06:00     06:17       0:17   차
163  9조(양귀선)35 하늘전사            승   07:17     07:32       0:15   차
164 10조(구민성) 8 골드디바            기   06:44     06:56       0:12   금
165 10조(구민성) 9 그랜드축제          기   06:47     06:55       0:08   금
166 10조(구민성)13 그레이트캡틴        조   06:29     06:50       0:21   차
167 10조(구민성)27 대지플라이          승   07:30     07:49       0:19   차
168 10조(구민성)14 로켓고              기   08:22     08:33       0:11   금
169 10조(구민성) 5 마이티스톰          승   06:55     07:17       0:22   차
170 10조(구민성)10 미녀검객            승   06:31     06:44       0:13   차
171 10조(구민성) 2 베스트함성          기   07:13     07:22       0:09   금
172 10조(구민성) 7 블루카슨            승   06:05     06:20       0:15   금
173 10조(구민성) 3 서귀퍼스트          보   07:29     07:49       0:20   차
174 10조(구민성)24 애니라인            기   06:51     07:09       0:18   금
175 10조(구민성)16 이터널에이스        승   06:55     07:15       0:20   차
176 10조(구민성)26 티라노파이브        승   07:57     08:18       0:21   차
177 10조(구민성)18 패션포스원          조   07:30     07:49       0:19   차
178 10조(구민성)12 퍼스트포스원        보   07:57     08:20       0:23   차
179 10조(구민성)23 하늘미소            보   06:31     06:45       0:14   차
180 10조(구민성)25 한센물결            보   06:05     06:20       0:15   금
181 10조(구민성)19 핼러윈데이          조   07:57     08:20       0:23   차
182 12조(조용배)10 낙원대로            승   06:46     07:03       0:17   차
183 12조(조용배) 8 디바인퀸            조   06:58     07:14       0:16   금
184 12조(조용배)27 로열캐슬            승   07:32     07:48       0:16   금
185 12조(조용배)16 마하메루            기   07:40     07:55       0:15   금
186 12조(조용배)17 무지개빛            승   06:07     06:25       0:18   차
187 12조(조용배)14 밀크데이            승   08:20     08:41       0:21   차
188 12조(조용배)19 배다리지존          승   08:20     08:44       0:24   차
189 12조(조용배)21 스마트모드          조   08:48     09:02       0:14   금
190 12조(조용배)22 스마트클래스        승   06:07     06:24       0:17   차
191 12조(조용배)20 스타티세            승   06:50     07:06       0:16   금
192 12조(조용배) 5 온누리강자          승   06:04     06:23       0:19   금
193 12조(조용배) 1 운주스타            기   07:24     07:36       0:12   금
194 12조(조용배) 6 월드천사            승   07:43     08:13       0:30   차
195 12조(조용배)15 윈드하이            승   06:55     07:16       0:21   차
196 12조(조용배)13 천마하서            기   07:15     07:30       0:15   금
197 12조(조용배) 3 탐라황후            조   08:19     08:35       0:16   금
198 14조(윤영훈)25 골드오브하트        승   06:47     07:08       0:21   차
199 14조(윤영훈)12 동남불패            기   07:13     07:23       0:10   금
200 14조(윤영훈) 7 부미스타            기   06:40     06:52       0:12   차
201 14조(윤영훈)18 선마운틴            승   06:32     06:52       0:20   금
202 14조(윤영훈) 9 신비한여인          승   06:00     06:24       0:24   금
203 14조(윤영훈) 6 애플파이            기   06:32     06:57       0:25   차
204 14조(윤영훈)27 오르다              기   07:55     08:19       0:24   차
205 14조(윤영훈)11 진마크              기   07:52     08:03       0:11   금
206 14조(윤영훈)15 청담드라이브        기   07:31     07:48       0:17   차
207 14조(윤영훈)19 칼마크              승   07:08     07:26       0:18   금
208 14조(윤영훈) 2 케이비런웨이        승   06:15     06:35       0:20   차
209 14조(윤영훈)22 케이비보스          기   07:41     08:11       0:30   차
210 15조(안우성)18 갤런트워리어        기   06:26     06:38       0:12   금
211 15조(안우성)21 골든카이저          승   08:35     08:48       0:13   차
212 15조(안우성)27 구름속산책          기   06:23     06:35       0:12   금
213 15조(안우성)19 굿캐스팅            승   09:23     09:36       0:13   차
214 15조(안우성)43 그래핀킹            승   07:24     07:37       0:13   차
215 15조(안우성)44 맨오브더월드        기   08:22     08:32       0:10   금
216 15조(안우성) 7 맨오브더필드        승   06:27     06:38       0:11   차
217 15조(안우성)15 무한열정            승   06:28     06:41       0:13   금
218 15조(안우성)23 밀리언메이커        승   07:43     07:57       0:14   차
219 15조(안우성)40 블루엠버            승   08:39     08:51       0:12   차
220 15조(안우성)38 스피드마스트        기   06:55     07:07       0:12   금
221 15조(안우성)24 어플리트타핏        승   08:24     08:36       0:12   차
222 15조(안우성)29 언브레이크          승   06:03     06:17       0:14   차
223 15조(안우성) 2 예스파워            기   06:23     06:33       0:10   금
224 15조(안우성) 1 예스퍼펙트          승   07:52     08:04       0:12   차
225 15조(안우성)32 올크라운            기   06:29     06:44       0:15   차
226 15조(안우성)11 원더풀페이거        승   09:01     09:14       0:13   차
227 15조(안우성) 8 위너팰컨            기   07:44     08:00       0:16   차
228 15조(안우성)25 인디언보이          승   06:29     06:47       0:18   차
229 15조(안우성) 9 저스트윈            승   06:03     06:17       0:14   차
230 15조(안우성)16 점보블레이드        승   06:52     07:04       0:12   차
231 15조(안우성) 6 주말보배            기   06:29     06:38       0:09   차
232 15조(안우성) 4 크라운킹스타        승   07:11     07:24       0:13   금
233 15조(안우성)12 킹브라더            기   08:32     08:39       0:07   금
234 15조(안우성) 3 트라이엄프캣        기   08:35     08:48       0:13   차
235 15조(안우성)36 특급캠프            승   06:56     07:07       0:11   금
236 15조(안우성)33 플라잉더챔프        승   08:08     08:23       0:15   차
237 15조(안우성)42 플라잉리걸          승   07:17     07:31       0:14   차
238 15조(안우성)37 필그림              기   06:04     06:17       0:13   차
239 15조(안우성)41 해남짱돌            승   07:43     07:57       0:14   차
240 16조(김재섭) 9 그레이트청호        승   07:15     07:34       0:19   차
241 16조(김재섭)12 금의맨              기   08:03     08:21       0:18   금
242 16조(김재섭)33 레인킬러            기   07:09     07:25       0:16   금
243 16조(김재섭)39 미스터싹쓰리        승   07:57     08:19       0:22   차
244 16조(김재섭)31 백두여상            기   08:44     08:57       0:13   금
245 16조(김재섭) 5 베스트선더          승   08:11     08:29       0:18   차
246 16조(김재섭)18 빙고맨              승   07:48     08:04       0:16   차
247 16조(김재섭)34 새만금의비전        기   07:57     08:12       0:15   금
248 16조(김재섭)37 새아침의햇살        승   08:03     08:22       0:19   차
249 16조(김재섭) 1 솔인빅투스          기   07:25     07:41       0:16   금
250 16조(김재섭)19 스페이스마린        승   08:42     09:00       0:18   차
251 16조(김재섭)15 스피드선샤인        승   06:10     06:30       0:20   차
252 16조(김재섭)30 오렌지스타          보   08:11     08:39       0:28   차
253 16조(김재섭)38 울트라파워          승   07:08     07:29       0:21   차
254 16조(김재섭)14 월드리멤버          보   06:42     07:05       0:23   차
255 16조(김재섭)22 치트키              승   06:42     07:05       0:23   차
256 16조(김재섭)23 캐치더선            보   06:16     06:31       0:15   차
257 16조(김재섭)40 컴온퍼스트          보   07:22     07:40       0:18   차
258 16조(김재섭)27 클러치히터          승   08:44     08:57       0:13   금
259 16조(김재섭)32 프리덤나이트        기   06:36     06:52       0:16   금
260 16조(김재섭)21 하디찰리            승   07:22     07:40       0:18   차
261 16조(김재섭) 6 해피송송            승   06:46     06:56       0:10   차
262 17조(장세한)29 광대승천            기   07:32     07:44       0:12   금
263 17조(장세한) 6 낭만전사            보   06:25     06:40       0:15   금
264 17조(장세한)20 뉴프레시            기   08:15     08:29       0:14   금
265 17조(장세한)23 다이아포스          승   07:32     07:44       0:12   차
266 17조(장세한) 7 뜨거운만남          보   07:55     08:10       0:15   차
267 17조(장세한) 3 레이디골든          승   08:10     08:20       0:10   차
268 17조(장세한)21 스마트비진          기   06:50     07:05       0:15   금
269 17조(장세한)27 클린처              승   06:29     06:38       0:09   차
270 17조(장세한)22 텐텐퀸              보   07:03     07:16       0:13   차
271 18조(이정표)20 노던라이츠          승   07:20     07:34       0:14   금
272 18조(이정표) 2 다이나믹헌터        승   08:08     08:30       0:22   차
273 18조(이정표)17 대왕봉              승   06:14     06:33       0:19   금
274 18조(이정표)23 모닝선더            승   06:33     06:44       0:11   금
275 18조(이정표) 8 에이스로드          승   07:30     07:44       0:14   금
276 18조(이정표)15 에이스질주          승   06:08     06:25       0:17   금
277 18조(이정표) 1 에이스챔피언        승   08:24     08:47       0:23   차
278 18조(이정표)26 에이원스            승   06:47     07:07       0:20   금
279 18조(이정표)14 연승글로리          기   07:13     07:30       0:17   금
280 18조(이정표)27 우리좋은날          기   08:16     08:30       0:14   금
281 18조(이정표) 7 코코윈              승   06:55     07:11       0:16   금
282 18조(이정표) 4 타이탄케이          승   07:47     08:11       0:24   차
283 18조(이정표)10 탐라하늘            기   06:00     06:10       0:10   금
284 18조(이정표)11 투데이스타          기   06:50     07:05       0:15   금
285 19조(김영관)23 가디스문            승   06:51     07:05       0:14   차
286 19조(김영관)32 골드파운틴          승   06:27     06:39       0:12   차
287 19조(김영관)20 금아스토밍          기   06:06     06:21       0:15   금
288 19조(김영관)24 나이스매직          기   08:29     08:45       0:16   차
289 19조(김영관) 7 나이스월드          기   07:59     08:11       0:12   금
290 19조(김영관)37 맨오브톱            기   06:06     06:20       0:14   금
291 19조(김영관)44 무등산              승   06:00     06:15       0:15   차
292 19조(김영관)21 부카티니            기   07:28     07:41       0:13   금
293 19조(김영관)22 샤카                기   07:14     07:27       0:13   금
294 19조(김영관)16 손아도르            기   07:59     08:12       0:13   금
295 19조(김영관)12 수소엔진            기   07:19     07:38       0:19   차
296 19조(김영관)35 스톰투윈            승   06:31     06:39       0:08   금
297 19조(김영관)36 스피드매치          기   06:27     06:38       0:11   금
298 19조(김영관)19 에이치데이          기   07:15     07:27       0:12   금
299 19조(김영관)17 에이커스드림        기   06:51     07:07       0:16   차
300 19조(김영관)43 올드천하            승   08:28     08:45       0:17   차
301 19조(김영관)27 원더풀리젠트        기   07:51     08:16       0:25   차
302 19조(김영관)13 월드그린            승   06:51     07:02       0:11   차
303 19조(김영관)45 월드시카고          기   06:27     06:39       0:12   금
304 19조(김영관) 3 월드체인지          기   08:02     08:13       0:11   금
305 19조(김영관)38 월드투데이          승   07:12     07:25       0:13   금
306 19조(김영관) 8 제이에스데이        승   07:39     08:10       0:31   차
307 19조(김영관)15 크레이지콘티        승   07:53     08:09       0:16   금
308 19조(김영관)42 킹골리앗            기   08:02     08:14       0:12   금
309 19조(김영관)30 킹오브더매치        승   08:30     08:45       0:15   차
310 19조(김영관)33 터치스타맨          승   06:00     06:18       0:18   금
311 19조(김영관) 1 톱데이              기   07:28     07:41       0:13   금
312 19조(김영관)29 함양은산삼          승   07:12     07:25       0:13   차
313 20조(최기홍) 2 그레이트블루        기   06:28     06:43       0:15   금
314 20조(최기홍) 7 뉴매직              승   06:28     06:48       0:20   차
315 20조(최기홍) 5 로즈스타            승   07:02     07:16       0:14   금
316 20조(최기홍)10 영성프린스          승   06:28     06:43       0:15   금
317 20조(최기홍)19 퀸브론스키          승   07:02     07:15       0:13   금
318 21조(민장기)44 골든선더볼트        기   07:12     07:27       0:15   금
319 21조(민장기)40 말리부별            승   06:10     06:28       0:18   금
320 21조(민장기)43 메니피송            승   06:55     07:03       0:08   차
321 21조(민장기)18 미녀봉              기   06:28     06:42       0:14   금
322 21조(민장기)31 블루치퍼            기   07:36     07:49       0:13   금
323 21조(민장기)14 석세스파티          승   06:12     06:31       0:19   차
324 21조(민장기)25 아델석세스          기   07:11     07:24       0:13   차
325 21조(민장기)34 운주불패            기   08:07     08:19       0:12   금
326 21조(민장기)27 운주싹쓸이          승   07:45     08:05       0:20   차
327 21조(민장기) 1 운주으뜸            기   06:55     07:05       0:10   금
328 21조(민장기)26 원더풀월드          보   06:52     07:06       0:14   금
329 21조(민장기)11 원더풀차머          승   07:45     08:15       0:30   차
330 21조(민장기)23 원러시              승   06:09     06:25       0:16   금
331 21조(민장기)22 월드보이            승   07:27     07:41       0:14   차
332 21조(민장기) 5 월드톱              기   07:12     07:25       0:13   금
333 21조(민장기)36 이글스타            승   08:07     08:20       0:13   금
334 21조(민장기)38 일번지              기   06:48     07:02       0:14   차
335 21조(민장기) 6 적도전사            승   07:45     08:05       0:20   차
336 21조(민장기) 9 정든로              기   06:48     07:02       0:14   차
337 21조(민장기)24 플랫베이브          승   06:47     07:05       0:18   차
338 22조(강은석)20 골든브룸            승   06:47     06:57       0:10   금
339 22조(강은석)12 글로리킹            승   07:37     08:06       0:29   차
340 22조(강은석)14 뉴럭스              승   06:00     06:12       0:12   금
341 22조(강은석)13 달이뜨니            승   07:06     07:21       0:15   금
342 22조(강은석)10 대호평정            승   08:25     08:40       0:15   차
343 22조(강은석) 3 디먼스파이          기   06:48     07:05       0:17   차
344 22조(강은석) 9 리턴오브섭서디      승   06:22     06:35       0:13   차
345 22조(강은석)32 맨오브더맨          승   07:12     07:26       0:14   차
346 22조(강은석)45 명성매직            승   07:58     08:15       0:17   차
347 22조(강은석)19 백두정기            승   06:23     06:36       0:13   차
348 22조(강은석)39 뷰티풀마린          승   08:15     08:28       0:13   차
349 22조(강은석)37 블루챔프            승   08:25     08:40       0:15   차
350 22조(강은석)26 서귀플러스          승   06:01     06:16       0:15   차
351 22조(강은석)17 솔라세일            승   06:48     07:05       0:17   차
352 22조(강은석)38 스마트영웅          승   08:37     08:53       0:16   차
353 22조(강은석)18 스톰섀도            승   07:59     08:12       0:13   금
354 22조(강은석)15 운주세상            승   06:01     06:13       0:12   금
355 22조(강은석)34 운주히어로          승   06:01     06:16       0:15   차
356 22조(강은석)42 윈드하푼            승   09:05     09:22       0:17   차
357 22조(강은석)33 정수시대            승   07:59     08:13       0:14   차
358 22조(강은석) 6 천년의강            기   07:37     07:48       0:11   금
359 22조(강은석)27 천년의구름          승   06:46     06:58       0:12   차
360 22조(강은석)31 캐치더스카이        승   07:36     07:50       0:14   차
361 22조(강은석)25 콰트로맥스          기   07:38     07:49       0:11   금
362 22조(강은석)44 퀵가이              기   06:24     06:39       0:15   차
363 22조(강은석)24 퀸오브더퀸          승   07:06     07:21       0:15   금
364 22조(강은석) 1 킹새터데이          승   06:24     06:39       0:15   차
365 22조(강은석)23 퍼니라이프          승   06:47     06:58       0:11   금
366 22조(강은석)30 퍼스트체인저        기   06:00     06:14       0:14   차
367 22조(강은석)40 포인트레인          승   07:12     07:26       0:14   차
368 22조(강은석) 7 한빛영광            승   08:15     08:28       0:13   차
369 24조(김길중) 1 가원의빛            기   06:54     07:06       0:12   차
370 24조(김길중)27 러닝에이스          승   08:02     08:13       0:11   차
371 24조(김길중)31 보람이              기   07:46     08:04       0:18   차
372 24조(김길중) 9 블루파워            승   06:27     06:40       0:13   차
373 24조(김길중) 3 스프링파이어        승   08:02     08:13       0:11   차
374 24조(김길중)19 아나스타시아        승   07:45     07:57       0:12   차
375 24조(김길중)30 원더풀버드          승   07:17     07:27       0:10   차
376 24조(김길중)16 원더풀큐티          기   07:46     08:01       0:15   차
377 24조(김길중) 4 천년의질주          승   06:54     07:02       0:08   차
378 24조(김길중)12 캡틴골드            승   06:27     06:40       0:13   차
379 24조(김길중) 6 투투토리            승   06:24     06:34       0:10   차
380 24조(김길중)18 티즈파워            승   06:24     06:32       0:08   차
381 24조(김길중)17 파워윈디            기   06:27     06:40       0:13   금
382 24조(김길중) 7 히트러너            승   06:54     07:08       0:14   차
383 26조(방동석)10 드로모스            기   08:45     08:56       0:11   금
384 26조(방동석)19 레드컬러            승   08:17     08:27       0:10   차
385 26조(방동석)30 머니백              승   06:36     06:44       0:08   금
386 26조(방동석)31 바베어리언          기   07:12     07:22       0:10   금
387 26조(방동석)14 선더클라우드        기   08:45     08:56       0:11   차
388 26조(방동석)11 아모르파티          승   06:41     06:49       0:08   금
389 26조(방동석)29 영성에이스          승   07:34     07:48       0:14   차
390 26조(방동석)17 영성특급            기   07:20     07:31       0:11   금
391 26조(방동석) 9 원더러너            기   07:35     07:46       0:11   금
392 26조(방동석) 8 원더풀데이즈        승   06:09     06:17       0:08   금
393 26조(방동석)18 원더풀리얼티        승   08:48     08:53       0:05   금
394 26조(방동석) 1 자이언트칼          승   06:11     06:20       0:09   금
395 26조(방동석) 7 조이풀라이프        승   08:17     08:26       0:09   차
396 26조(방동석) 2 쭈욱                승   07:35     07:46       0:11   금
397 26조(방동석) 3 판타스틱맨          기   08:23     08:33       0:10   금
398 27조(이상영)13 글리터              기   08:42     08:50       0:08   금
399 27조(이상영) 6 금아니피            기   07:53     08:09       0:16   금
400 27조(이상영) 2 금아님블            승   08:48     09:05       0:17   차
401 27조(이상영)17 금아미스틱          기   06:02     06:20       0:18   금
402 27조(이상영)19 금아패셔너트        기   09:18     09:36       0:18   차
403 27조(이상영)22 라피도퀸            기   08:20     08:35       0:15   차
404 27조(이상영) 4 밀리언뱅크          기   07:47     08:02       0:15   금
405 27조(이상영)10 오션스톰            기   08:15     08:32       0:17   차
406 27조(이상영)27 원더풀시크릿        기   08:07     08:18       0:11   금
407 27조(이상영)24 윈드위너            기   08:48     09:05       0:17   차
408 27조(이상영)12 윈드파크            승   06:28     06:40       0:12   차
409 27조(이상영) 1 장한질주            승   07:47     07:56       0:09   금
410 27조(이상영) 7 조셉핀퀸            승   08:15     08:32       0:17   차
411 27조(이상영)15 해피매직            기   06:21     06:33       0:12   금
412 28조(하무선) 8 색달파이터          보   08:26     08:50       0:24   차
413 28조(하무선) 9 앨버트윈            보   06:48     07:09       0:21   차
414 28조(하무선) 4 앨버트킹            보   06:14     06:28       0:14   차
415 28조(하무선) 3 월드슬램            승   06:59     07:20       0:21   금
416 28조(하무선) 1 제트캐시            승   06:48     07:09       0:21   차
417 28조(하무선) 7 컬러풀윈드          승   08:26     08:50       0:24   차
418 28조(하무선) 6 크라우드원          승   08:26     08:50       0:24   차
419 30조(울즐리)27 갤럭시오브          기   06:00     06:10       0:10   금
420 30조(울즐리) 6 덩컨                승   07:35     07:54       0:19   차
421 30조(울즐리) 9 라이트스토리        승   08:19     08:36       0:17   차
422 30조(울즐리)34 르콩코드            기   06:32     06:48       0:16   금
423 30조(울즐리)39 마이팔              승   09:38     09:57       0:19   차
424 30조(울즐리) 4 맨오브더스타        승   08:19     08:36       0:17   차
425 30조(울즐리)11 미스인디            기   06:00     06:14       0:14   금
426 30조(울즐리)25 미스터밸러          승   06:01     06:18       0:17   금
427 30조(울즐리)13 미스터어플릿        승   07:07     07:23       0:16   차
428 30조(울즐리)26 미스터인디          기   07:02     07:16       0:14   차
429 30조(울즐리)38 반지의기적          승   07:05     07:18       0:13   차
430 30조(울즐리) 7 반지의매직          승   07:06     07:21       0:15   금
431 30조(울즐리)19 백풍                보   08:15     08:31       0:16   차
432 30조(울즐리)42 별이뜨네            보   07:38     07:54       0:16   차
433 30조(울즐리)32 선셋멜로디          승   08:57     09:16       0:19   차
434 30조(울즐리)31 스테디위너          승   06:36     06:49       0:13   금
435 30조(울즐리)43 시크릿레거시        보   06:33     06:47       0:14   차
436 30조(울즐리)10 아이윌비프리        승   08:19     08:37       0:18   차
437 30조(울즐리)41 에코레이디          승   06:32     06:48       0:16   금
438 30조(울즐리)29 오렌지개라지        보   07:03     07:16       0:13   차
439 30조(울즐리)30 와이즈맨            기   09:38     09:57       0:19   차
440 30조(울즐리)21 전설의펀치          기   06:00     06:10       0:10   금
441 30조(울즐리)14 카피댓              승   06:01     06:18       0:17   금
442 30조(울즐리)24 캣니스              승   08:57     09:16       0:19   차
443 30조(울즐리)33 킹오브글로리        기   06:01     06:20       0:19   금
444 30조(울즐리) 5 파샤                기   08:49     09:06       0:17   차
445 30조(울즐리) 8 패트리엇            승   07:42     08:00       0:18   금
446 30조(울즐리)17 평화축제            승   08:57     09:16       0:19   차
447 30조(울즐리)22 퓨어킹              승   07:41     08:00       0:19   금
448 30조(울즐리)20 프로칸설            승   06:36     06:51       0:15   차
449 30조(울즐리)12 프리깃버드          기   08:40     08:54       0:14   금
450 30조(울즐리)15 헌치                승   06:01     06:18       0:17   차
451 31조(라이스)29 굿스타              기   06:01     06:11       0:10   차
452 31조(라이스) 1 그린파파고          승   06:52     07:05       0:13   차
453 31조(라이스)35 미라쿨룸            기   06:01     06:11       0:10   금
454 31조(라이스)44 블루캡틴            승   07:40     07:59       0:19   금
455 31조(라이스)37 삼성도끼            기   05:59     06:10       0:11   금
456 31조(라이스)34 세컨드윈드          승   06:12     06:27       0:15   금
457 31조(라이스)42 스파이스캔디        승   08:28     08:40       0:12   금
458 31조(라이스) 9 승리매직퀸          승   06:01     06:11       0:10   차
459 31조(라이스)26 에이스솔로몬        기   06:00     06:11       0:11   금
460 31조(라이스)15 원더풀트릭스        승   07:39     08:06       0:27   차
461 31조(라이스)13 월드삭스            승   08:45     08:55       0:10   차
462 31조(라이스)12 장산바비            승   06:00     06:10       0:10   금
463 31조(라이스)39 장산블랙            승   06:52     07:05       0:13   차
464 31조(라이스) 7 정문드래곤          기   06:28     06:41       0:13   금
465 31조(라이스)20 퀸오브하츠          승   08:25     08:37       0:12   차
466 31조(라이스)25 크리스털싱킹        승   07:39     07:59       0:20   금
467 31조(라이스)38 티즈비              기   06:27     06:36       0:09   차
468 31조(라이스)16 퍼스트스타          기   06:00     06:08       0:08   금
469 31조(라이스) 2 플래시참            승   08:17     08:27       0:10   차
470 31조(라이스)32 히든스타            기   05:59     06:09       0:10   금
471 32조(임동창)18 골든                승   06:04     06:18       0:14   금
472 32조(임동창) 8 글로벌승리          승   06:22     06:38       0:16   차
473 32조(임동창)19 글로벌최고          기   06:20     06:33       0:13   금
474 32조(임동창)21 기적의적토마        승   06:53     07:08       0:15   차
475 32조(임동창) 1 다승이              승   07:14     07:22       0:08   차
476 32조(임동창)10 달래                승   06:02     06:13       0:11   금
477 32조(임동창)17 마이베이비걸        승   06:48     07:03       0:15   차
478 32조(임동창) 2 매직파트너          승   06:44     06:55       0:11   금
479 32조(임동창)22 베이킹즈            승   07:02     07:09       0:07   차
480 32조(임동창) 3 성실사랑            승   07:19     07:29       0:10   금
481 32조(임동창) 6 성실소녀            승   06:26     06:42       0:16   금
482 32조(임동창)23 용천                승   08:04     08:20       0:16   차
483 32조(임동창) 9 투투라임            승   07:30     07:44       0:14   차
484 32조(임동창)16 하바나골드          승   08:04     08:20       0:16   차
485 32조(임동창)12 하바나제인          승   06:15     06:26       0:11   금
486 33조(권승주)26 라온더굳센          승   06:37     06:55       0:18   차
487 33조(권승주)16 라온더탱크          승   07:17     07:31       0:14   차
488 33조(권승주)13 라온더파워          승   08:27     08:41       0:14   차
489 33조(권승주)10 라온더파이팅        승   07:17     07:31       0:14   차
490 33조(권승주)37 라온더플래시        승   06:10     06:24       0:14   차
491 33조(권승주) 8 마하유니            승   06:08     06:20       0:12   차
492 33조(권승주)14 마하타이탄          기   07:33     07:50       0:17   금
493 33조(권승주)33 선라이트보이        기   07:51     08:05       0:14   금
494 33조(권승주)31 스톰브라운          승   06:42     06:55       0:13   차
495 33조(권승주)44 스트레이트란        기   06:49     07:09       0:20   금
496 33조(권승주)32 아침빛              기   06:24     06:41       0:17   금
497 33조(권승주)23 알파하트            승   06:03     06:20       0:17   차
498 33조(권승주)19 어메이징풋          승   06:37     06:53       0:16   차
499 33조(권승주)11 언제나영웅          승   07:41     07:56       0:15   차
500 33조(권승주)42 에이스파트라        승   07:41     08:10       0:29   차
501 33조(권승주)36 여수토네이도        기   08:00     08:13       0:13   금
502 33조(권승주)12 영웅루이스          승   06:01     06:13       0:12   차
503 33조(권승주) 1 천년의퀸            승   06:37     06:55       0:18   차
504 33조(권승주)38 청호리더            승   06:03     06:24       0:21   차
505 33조(권승주)21 키루스여인          승   08:08     08:40       0:32   차
506 33조(권승주) 2 테스브라더          기   06:25     06:42       0:17   금
507 33조(권승주)39 한센이천            승   08:00     08:14       0:14   금
508 33조(권승주) 5 핫플레이            기   06:50     07:05       0:15   금
509 33조(권승주)22 희망펀치            승   06:37     06:55       0:18   차
━━━━━━━━━━━━━━━━━━━━━━━━━━━━━━━━━━━━━━━
                                                      출력일자 : 2021. 9.15

