
제목 : 2021년08월07일  23:53

2021년08월07일  23:53 현재



  ■ 말취소
───────────────────────────────────────
  경주일자   경 주 마번     마      명     취소사유
───────────────────────────────────────
  2021/08/07   2R   11   스위트카카오       마체이상                                
  2021/08/07   3R    2   오피서커맨딩       열사병                                  
  2021/08/07   3R    9   럭키전사           오른 앞다리 절음                        
  2021/08/07   6R    7   원더풀데블         경주로 입장 중 방마                     
  2021/08/07   9R    8   마이티칩           양 앞다리 절음                          
───────────────────────────────────────

  ■ 기수변경
───────────────────────────────────────
  경주일자  경 주마번    마      명    변경전    변경후   부담  변경사유
───────────────────────────────────────
  2021/08/07  1R   7  굿플랜           최범현    이혁     53.0  조교 중 손가락 부상
  2021/08/07  2R   7  매직조이         안토니오  문성혁   56.0  현기증            
  2021/08/07  3R   4  케이블레이드     안토니오  김용근   54.0  현기증            
  2021/08/07  6R   9  알파독           안토니오  이혁     55.5  현기증            
  2021/08/07  7R   8  마이티후         안토니오  빅투아르 54.0  현기증            
  2021/08/07  8R   7  풀부스터         최범현    유승완   58.0  조교 중 손가락 부상
  2021/08/07  9R  11  시리우스에이     최범현    이혁     53.0  조교 중 손가락 부상
  2021/08/07 10R   1  선더마크         안토니오  조상범   56.0  현기증            
  2021/08/07 10R   4  라온탑맨         최범현    함완식   56.5  조교 중 손가락 부상
───────────────────────────────────────
