

제목 : 21.07.31 제 46 일  토 요일   1경주;   

 1200 M   출전:12두    국6등급 ( R0~0          연령오픈  )     출발:14:20
 별정A         일반      
  11,440,000원    4,840,000원    3,080,000원    1,540,000원    1,100,000원 
------------------------------------------------------------------------------------------------------
 마번  마   명            산지  성별 연령 중량       기수       조교사     마주              레이팅
------------------------------------------------------------------------------------------------------
   1   해브어굿타임        한    수   3  56.0       진겸        유병복    심상순                   
   2   드라이브타운        한    수   3  53.0   (-3)김태현      강형곤    송문관                   
   3   스톰섀도            한(포)암   3  54.0       김혜선      강은석    배은정                   
   4   룰루                한    암   3  54.0       송경윤      강병은    고구려                   
   5   아름다운감동        한    암   3  54.0       유광희      이상영    김준현                   
   6   럭키런              한    암   3  54.0       김태훈      유병복    범한산업                 
   7   크라운킹스타        한    수   3  56.0       조인권      안우성    이성영                   
   8   손아도르            한    암   3  54.0       정도윤      김영관    강호남                   
   9   메니캐시            한(포)암   3  54.0       다실바      강형곤    정기환                   
  10   퓨어킹              한    거   3  56.0       서승운      울즐리    신우철                   
  11   스트레이트란        한    암   3  50.0   (-4)박종호      권승주    고희종                   
  12   역전의태양          한(포)암   5  54.0       김어수      이정표    이광열                   
------------------------------------------------------------------------------------------------------
                                                                          --총전적--      --1년전적--
 마번  마  명                  수득상금     1년수득상금  6개월수득상금  1위/2위/3위/계  1위/2위/3위/계
------------------------------------------------------------------------------------------------------
   1   해브어굿타임             8,470,000     8,470,000     8,470,000    0   0   1   5   0   0   1   5
   2   드라이브타운             5,500,000     5,500,000             0    0   1   0   2   0   1   0   2
   3   스톰섀도                         0             0             0    0   0   0   3   0   0   0   3
   4   룰루                             0             0             0    0   0   0   3   0   0   0   3
   5   아름다운감동             7,040,000     7,040,000     7,040,000    0   0   1   4   0   0   1   4
   6   럭키런                   1,540,000     1,540,000     1,540,000    0   0   0   2   0   0   0   2
   7   크라운킹스타             6,160,000     6,160,000     6,160,000    0   0   1   3   0   0   1   3
   8   손아도르                         0             0             0    0   0   0   1   0   0   0   1
   9   메니캐시                         0             0             0    0   0   0   3   0   0   0   3
  10   퓨어킹                   7,710,000     7,710,000     3,960,000    0   0   1   2   0   0   1   2
  11   스트레이트란                     0             0             0    0   0   0   2   0   0   0   2
  12   역전의태양               8,860,000             0             0    0   1   0   7   0   0   0   0
------------------------------------------------------------------------------------------------------


제목 : 21.07.31 제 46 일  토 요일   2경주;   

 1300 M   출전:12두    국6등급 ( R0~0          연령오픈  )     출발:15:15
 별정A         일반      
  11,440,000원    4,840,000원    3,080,000원    1,540,000원    1,100,000원 
------------------------------------------------------------------------------------------------------
 마번  마   명            산지  성별 연령 중량       기수       조교사     마주              레이팅
------------------------------------------------------------------------------------------------------
   1   청마황후            한(포)암   3  54.0       페로비치    조용배    차청일                   
   2   챔프고              한    수   2  54.5       조인권      임금만    류주영                   
   3   드림댄서            한    암   5  54.0       김어수      구영준    김갑수                   
   4   새만금의비전        한(포)암   4  54.0       송경윤      강병은    새만금                   
   5   배다리최강          한    거   3  56.0       김태경      조용배    송한우                   
   6   광대승천            한    수   3  56.0       김혜선      장세한    이동훈                   
   7   그레이트원          한    수   3  56.0       박재이      토마스    양정두                   
   8   연승미소            한    암   3  54.0       정동철      양귀선    한정협                   
   9   바람공주            한    암   4  51.0   (-3)김태현      민장기    하늬바람                 
  10   캐치더선            한    암   3  54.0       정도윤      김재섭    신우철                   
  11   청호리더            한    수   3  52.0   (-4)박종호      권승주    고은아                   
  12   원더풀레이디        한    암   3  52.0   (-2)모준호      울즐리    정형철                   
------------------------------------------------------------------------------------------------------
                                                                          --총전적--      --1년전적--
 마번  마  명                  수득상금     1년수득상금  6개월수득상금  1위/2위/3위/계  1위/2위/3위/계
------------------------------------------------------------------------------------------------------
   1   청마황후                10,780,000    10,780,000     7,700,000    0   0   1   6   0   0   1   6
   2   챔프고                           0             0             0    0   0   0   0   0   0   0   0
   3   드림댄서                12,400,000    11,440,000     7,480,000    0   0   3   8   0   0   3   6
   4   새만금의비전            11,000,000    11,000,000    11,000,000    0   1   0   8   0   1   0   7
   5   배다리최강                       0             0             0    0   0   0   5   0   0   0   5
   6   광대승천                 3,420,000     3,420,000     2,420,000    0   0   0   6   0   0   0   6
   7   그레이트원                       0             0             0    0   0   0   2   0   0   0   2
   8   연승미소                 5,280,000     5,280,000     3,740,000    0   0   1   8   0   0   1   8
   9   바람공주                 2,790,000     1,540,000     1,540,000    0   0   0   8   0   0   0   6
  10   캐치더선                 3,190,000     3,190,000     3,190,000    0   0   0   2   0   0   0   2
  11   청호리더                 3,850,000     3,850,000     3,850,000    0   0   0   4   0   0   0   4
  12   원더풀레이디             6,160,000     6,160,000     6,160,000    0   0   1   5   0   0   1   5
------------------------------------------------------------------------------------------------------


제목 : 21.07.31 제 46 일  토 요일   3경주;   

 1600 M   출전:12두    혼4등급 ( R1~50         연령오픈  )     출발:16:10
 별정B         일반      
  23,400,000원    9,900,000원    6,300,000원    3,150,000원    2,250,000원 
------------------------------------------------------------------------------------------------------
 마번  마   명            산지  성별 연령 중량       기수       조교사     마주              레이팅
------------------------------------------------------------------------------------------------------
   1   로열골드            한    거   6  51.0   (-3)김태현      유병복    범한산업               36
   2   펑키                한    암   5  52.0       김혜선      문제복    정광화                 36
   3   금아스토밍          미    거   4  57.0       이효식      김영관    금아산업(주)           46
   4   이츠마이럭키보이    미    거   4  56.0       조인권      강은석    이경희                 44
   5   닥터스카이          한    수   4  58.0       송경윤      백광열    권혁희                 50
   6   문화시그니쳐        한    거   5  56.0       박재이      임금만    김혜진                 43
   7   제라                한    수   3  56.0   (-2)모준호      양귀선    고경민                 48
   8   아람나래            한    암   6  54.0       정도윤      안우성    나종용                 43
   9   체인지백            한    수   5  57.0       임성실      임금만    김혜진                 47
  10   티즈파워            한(포)암   6  53.0       이성재      김길중    허필도                 39
  11   퀸업                한    암   5  53.0       채상현      강병은    김정두                 40
  12   덩컨                미    수   3  58.0       페로비치    울즐리    박희상                 48
------------------------------------------------------------------------------------------------------
                                                                          --총전적--      --1년전적--
 마번  마  명                  수득상금     1년수득상금  6개월수득상금  1위/2위/3위/계  1위/2위/3위/계
------------------------------------------------------------------------------------------------------
   1   로열골드               122,430,000    18,830,000     7,070,000    2   1   4  28   0   0   1   7
   2   펑키                    65,740,000    23,340,000     7,140,000    1   3   3  23   0   1   1  10
   3   금아스토밍              32,150,000    32,150,000    32,150,000    1   1   0   2   1   1   0   2
   4   이츠마이럭키보이        22,750,000    22,750,000    22,750,000    1   1   0   5   1   1   0   5
   5   닥터스카이              89,670,000    61,990,000    20,190,000    1   6   1  20   1   2   1  11
   6   문화시그니쳐            92,450,000    45,250,000    12,250,000    2   2   2  17   1   0   1   8
   7   제라                    59,300,000    59,300,000    24,500,000    4   1   0   5   4   1   0   5
   8   아람나래               134,750,000             0             0    1   7   3  31   0   0   0   6
   9   체인지백               103,200,000    22,440,000     6,300,000    1   5   3  24   0   1   0   9
  10   티즈파워               100,660,000     7,620,000             0    3   2   0  33   0   0   0   9
  11   퀸업                    63,910,000    45,190,000    15,190,000    2   3   1  12   1   2   1   8
  12   덩컨                    30,550,000    30,550,000    13,750,000    1   1   0   7   1   1   0   7
------------------------------------------------------------------------------------------------------


제목 : 21.07.31 제 46 일  토 요일   4경주;   

 1200 M   출전:12두    국3등급 ( R1~65         연령오픈  )     출발:17:05
 핸디캡        일반      
  31,200,000원   13,200,000원    8,400,000원    4,200,000원    3,000,000원 
------------------------------------------------------------------------------------------------------
 마번  마   명            산지  성별 연령 중량       기수       조교사     마주              레이팅
------------------------------------------------------------------------------------------------------
   1   원더풀피스          한    암   4  54.0       이효식      김길중    지대섭                 61
   2   상승대한            한    거   6  52.0       김태경      문제복    장석노                 42
   3   센텀번개            한    거   4  51.0       정우주      권승주    조정현                 51
   4   온누리질주          한    수   3  51.5       유현명      양귀선    강성호                 52
   5   아델스파이크        한(포)암   4  52.0       서승운      백광열    이장현                 55
   6   영광의파이트        한    수   5  53.5       박재이      토마스    변창덕                 56
   7   마이퀸              한    암   4  52.0       진겸        방동석    이성인                 57
   8   스파이스캔디        한(포)암   4  52.0       채상현      라이스    정영식                 52
   9   나이스원            한    거   5  52.5       유광희      민장기    고경민                 54
  10   최강쏜살            한    수   3  56.5       다실바      강형곤    전종섭                 62
  11   마하타이탄          한    수   3  53.5       최시대      권승주    문상후                 56
  12   퀸오브더월드        한    암   4  53.5       페로비치    방동석    신우철                 60
------------------------------------------------------------------------------------------------------
                                                                          --총전적--      --1년전적--
 마번  마  명                  수득상금     1년수득상금  6개월수득상금  1위/2위/3위/계  1위/2위/3위/계
------------------------------------------------------------------------------------------------------
   1   원더풀피스             167,590,000    59,640,000    35,940,000    4   3   3  20   1   1   3  10
   2   상승대한                90,550,000    11,150,000     8,750,000    1   5   3  27   0   1   0  10
   3   센텀번개               132,000,000    36,000,000             0    4   0   0  18   1   0   0   9
   4   온누리질주              64,330,000    64,330,000    39,500,000    2   4   0   7   2   4   0   7
   5   아델스파이크           163,250,000    26,400,000    20,640,000    4   2   3  18   0   1   2   8
   6   영광의파이트           310,040,000    48,040,000    23,000,000    3   8   2  25   0   4   0   9
   7   마이퀸                 107,505,000    77,105,000    23,940,000    5   1   2   8   4   1   1   6
   8   스파이스캔디           114,560,000    18,960,000             0    3   1   2  10   0   1   1   5
   9   나이스원                79,890,000    79,890,000    26,500,000    4   0   1   9   4   0   1   8
  10   최강쏜살                99,040,000    99,040,000    76,900,000    5   2   0   9   5   2   0   9
  11   마하타이탄             102,360,000   102,360,000    54,800,000    5   1   1   9   5   1   1   9
  12   퀸오브더월드           169,200,000    72,800,000    29,300,000    4   4   1  12   2   2   0   6
------------------------------------------------------------------------------------------------------


제목 : 21.07.31 제 46 일  토 요일   5경주;   

 1800 M   출전:12두    2등급 ( R1~80         연령오픈  )     출발:18:00
 핸디캡        일반      
  39,000,000원   16,500,000원   10,500,000원    5,250,000원    3,750,000원 
------------------------------------------------------------------------------------------------------
 마번  마   명            산지  성별 연령 중량       기수       조교사     마주              레이팅
------------------------------------------------------------------------------------------------------
   1   베이킹즈            한    거   7  53.5   (-2)모준호      임동창    임용근                 73
   2   리턴오브섭서디      미    수   5  53.5       조인권      강은석    이경희                 69
   3   닥터파피아누        한    암   3  51.0       최시대      백광열    권혁희                 50
   4   모닝코리아          미    거   7  52.5       정우주      안우성    김중길                 67
   5   컬린타임            미    수   5  57.0       다실바      민장기    양치복                 76
   6   영광의파티          한    수   4  52.5       서승운      울즐리    변창덕                 67
   7   위너스맨            한    수   3  52.0       이효식      최기홍    이경희                 64
   8   대호질주            한    수   5  53.0       정도윤      백광열    고재완                 68
   9   월드투데이          한    거   5  54.5       박재이      김영관    김평갑                 71
  10   경주의두레박        한    암   6  52.0       김혜선      토마스    류화영                 70
  11   딥마인드            한    암   5  53.5   (-3)김태현      김영관    김지원                 79
  12   천년의강            한    수   6  52.0       이성재      강은석    류화영                 66
------------------------------------------------------------------------------------------------------
                                                                          --총전적--      --1년전적--
 마번  마  명                  수득상금     1년수득상금  6개월수득상금  1위/2위/3위/계  1위/2위/3위/계
------------------------------------------------------------------------------------------------------
   1   베이킹즈               316,990,000             0             0    7   4   1  46   0   0   0   8
   2   리턴오브섭서디         144,060,000    46,860,000             0    2   6   0  16   1   2   0   5
   3   닥터파피아누            48,250,000    48,250,000    42,750,000    3   2   0   5   3   2   0   5
   4   모닝코리아             287,070,000    26,070,000    21,750,000    3   6   2  47   0   1   0  11
   5   컬린타임               207,100,000   123,400,000    51,700,000    2   5   5  21   1   3   3  11
   6   영광의파티             190,590,000    72,390,000    23,640,000    4   3   1  14   1   1   1   7
   7   위너스맨               160,230,000   118,980,000    36,440,000    5   2   1   8   4   2   1   7
   8   대호질주               219,220,000    63,500,000    14,000,000    4   4   4  27   1   0   1  10
   9   월드투데이             188,300,000    91,220,000             0    5   1   2  15   2   0   0   7
  10   경주의두레박           284,350,000    75,250,000    13,750,000    5   4   2  28   1   1   1   9
  11   딥마인드               570,350,000   102,000,000     8,500,000    5   1   2  15   1   1   1   6
  12   천년의강               249,850,000    14,700,000    10,200,000    5   2   4  32   0   0   1   6
------------------------------------------------------------------------------------------------------


제목 : 21.08.01 제 47 일  일 요일   1경주;   

 1000 M   출전:10두    국6등급 ( R0~0          2세       )     출발:11:00
 별정A         일반      
  23,400,000원    9,900,000원    6,300,000원    3,150,000원    2,250,000원 
------------------------------------------------------------------------------------------------------
 마번  마   명            산지  성별 연령 중량       기수       조교사     마주              레이팅
------------------------------------------------------------------------------------------------------
   1   플래시참            한    수   2  55.0       다실바      라이스    김세민                   
   2   대호누리            한    수   2  55.0       유현명      구영준    고재완                   
   3   불의혼              한    수   2  55.0       요아니스    강형곤    이혜란                   
   4   원더풀레이즈        한    암   2  53.0       이효식      김영관    지성배                   
   5   알라스카캠프        한    암   2  50.0   (-4)박종호      라이스    이혜란                   
   6   난산스타            한    암   2  53.0       정우주      최기홍    유효일                   
   7   닥터파라오          한    수   2  55.0       진겸        백광열    권혁희                   
   8   동부스타            한(포)수   2  55.0       정도윤      강형곤    현동부                   
   9   하늘강자            한    수   2  55.0       최시대      양귀선    허도행                   
  10   맨오브더이어        한    수   2  55.0       페로비치    김병학    신윤경                   
------------------------------------------------------------------------------------------------------
                                                                          --총전적--      --1년전적--
 마번  마  명                  수득상금     1년수득상금  6개월수득상금  1위/2위/3위/계  1위/2위/3위/계
------------------------------------------------------------------------------------------------------
   1   플래시참                         0             0             0    0   0   0   0   0   0   0   0
   2   대호누리                         0             0             0    0   0   0   0   0   0   0   0
   3   불의혼                           0             0             0    0   0   0   0   0   0   0   0
   4   원더풀레이즈                     0             0             0    0   0   0   0   0   0   0   0
   5   알라스카캠프                     0             0             0    0   0   0   0   0   0   0   0
   6   난산스타                         0             0             0    0   0   0   0   0   0   0   0
   7   닥터파라오                       0             0             0    0   0   0   0   0   0   0   0
   8   동부스타                         0             0             0    0   0   0   1   0   0   0   1
   9   하늘강자                         0             0             0    0   0   0   0   0   0   0   0
  10   맨오브더이어                     0             0             0    0   0   0   0   0   0   0   0
------------------------------------------------------------------------------------------------------


제목 : 21.08.01 제 47 일  일 요일   2경주;   

 1200 M   출전:12두    국6등급 ( R0~0          3세이하   )     출발:11:30
 별정A         일반      
  17,160,000원    7,260,000원    4,620,000원    2,310,000원    1,650,000원 
------------------------------------------------------------------------------------------------------
 마번  마   명            산지  성별 연령 중량       기수       조교사     마주              레이팅
------------------------------------------------------------------------------------------------------
   1   슬림퀸              한    암   3  54.0       이효식      임금만    이경희                   
   2   동트자보이          한    수   3  56.0       유현명      김영관    김평갑                   
   3   전설의파티          한    암   3  54.0       박재이      구영준    무지개렌트카             
   4   글로리킹            한    수   3  56.0       조인권      강은석    이성인                   
   5   닥터텍사스          한    수   3  56.0       최시대      백광열    권혁희                   
   6   빅꿈                한    거   3  52.0   (-4)박종호      권승주    빅크루즈                 
   7   윈드하이            한    암   3  52.0   (-2)모준호      조용배    하늬바람                 
   8   스파이스인디        한    암   3  54.0       김태훈      유병복    정영식                   
   9   소리오름            한    수   3  56.0       다실바      강형곤    이남일                   
  10   트리플질주          한(포)수   3  56.0       이성재      권승주    오영복                   
  11   윈드하푼            한    암   3  54.0       김혜선      강은석    하늬바람                 
  12   우승멜로디          한    암   3  54.0       정도윤      강형곤    범한산업                 
------------------------------------------------------------------------------------------------------
                                                                          --총전적--      --1년전적--
 마번  마  명                  수득상금     1년수득상금  6개월수득상금  1위/2위/3위/계  1위/2위/3위/계
------------------------------------------------------------------------------------------------------
   1   슬림퀸                           0             0             0    0   0   0   0   0   0   0   0
   2   동트자보이               4,620,000     4,620,000     4,620,000    0   0   1   1   0   0   1   1
   3   전설의파티                       0             0             0    0   0   0   3   0   0   0   3
   4   글로리킹                         0             0             0    0   0   0   1   0   0   0   1
   5   닥터텍사스              11,220,000    11,220,000    11,220,000    0   1   0   3   0   1   0   3
   6   빅꿈                             0             0             0    0   0   0   0   0   0   0   0
   7   윈드하이                         0             0             0    0   0   0   0   0   0   0   0
   8   스파이스인디             2,420,000     2,420,000     2,420,000    0   0   0   1   0   0   0   1
   9   소리오름                 7,040,000     7,040,000     7,040,000    0   1   0   3   0   1   0   3
  10   트리플질주               3,520,000     3,520,000     3,520,000    0   0   0   4   0   0   0   4
  11   윈드하푼                         0             0             0    0   0   0   2   0   0   0   2
  12   우승멜로디                       0             0             0    0   0   0   2   0   0   0   2
------------------------------------------------------------------------------------------------------


제목 : 21.08.01 제 47 일  일 요일   3경주;   

 1300 M   출전:12두    국6등급 ( R0~0          연령오픈  )     출발:11:55
 별정A         일반      
  11,440,000원    4,840,000원    3,080,000원    1,540,000원    1,100,000원 
------------------------------------------------------------------------------------------------------
 마번  마   명            산지  성별 연령 중량       기수       조교사     마주              레이팅
------------------------------------------------------------------------------------------------------
   1   스피드마스트        한    수   3  56.0       다실바      안우성    배수한                   
   2   퀸오브하츠          한    암   3  54.0       요아니스    라이스    부건영                   
   3   할리우드퀸          한    암   4  54.0       유광희      이정표    천사들의 안장            
   4   운주으뜸            한(포)거   3  53.0   (-3)김태현      민장기    부수선                   
   5   레인킬러            한    거   3  56.0       조인권      김병학    임총재                   
   6   허니라이언          한    거   3  56.0       김혜선      임금만    류화영                   
   7   퍼스트윈드          한    수   4  54.0   (-2)모준호      조용배    하늬바람                 
   8   댄싱드래건          한    암   3  54.0       페로비치    장세한    김의기                   
   9   승리의불길          한    암   5  54.0       김어수      윤영훈    오종환                   
  10   노던라이츠          한    암   4  50.0   (-4)박종호      이정표    이계옥                   
  11   백풍                한    수   3  56.0       서승운      울즐리    정형철                   
  12   라피도퀸            한    암   4  54.0       송경윤      이상영    우만식                   
------------------------------------------------------------------------------------------------------
                                                                          --총전적--      --1년전적--
 마번  마  명                  수득상금     1년수득상금  6개월수득상금  1위/2위/3위/계  1위/2위/3위/계
------------------------------------------------------------------------------------------------------
   1   스피드마스트                     0             0             0    0   0   0   2   0   0   0   2
   2   퀸오브하츠               3,080,000     3,080,000     3,080,000    0   0   0   5   0   0   0   5
   3   할리우드퀸               1,540,000     1,540,000     1,540,000    0   0   0  10   0   0   0  10
   4   운주으뜸                 3,740,000     3,740,000     3,740,000    0   0   1   1   0   0   1   1
   5   레인킬러                         0             0             0    0   0   0   0   0   0   0   0
   6   허니라이언               3,420,000     3,420,000     2,420,000    0   0   0   6   0   0   0   6
   7   퍼스트윈드              10,340,000    10,340,000     3,080,000    1   0   0   7   1   0   0   7
   8   댄싱드래건               5,500,000     5,500,000     5,500,000    0   1   0   4   0   1   0   4
   9   승리의불길               5,340,000     2,420,000     2,420,000    0   0   0  15   0   0   0   6
  10   노던라이츠               8,920,000     8,920,000     4,840,000    0   1   0  10   0   1   0   9
  11   백풍                    10,570,000    10,570,000     3,740,000    0   0   1   6   0   0   1   5
  12   라피도퀸                 9,170,000     9,170,000     7,920,000    0   1   0   7   0   1   0   7
------------------------------------------------------------------------------------------------------


제목 : 21.08.01 제 47 일  일 요일   4경주;   

 1400 M   출전:12두    국6등급 ( R0~0          연령오픈  )     출발:12:55
 별정A         일반      
  11,440,000원    4,840,000원    3,080,000원    1,540,000원    1,100,000원 
------------------------------------------------------------------------------------------------------
 마번  마   명            산지  성별 연령 중량       기수       조교사     마주              레이팅
------------------------------------------------------------------------------------------------------
   1   연승글로리          한    거   3  52.0   (-4)박종호      이정표    성중희                   
   2   에코레이디          한    암   3  54.0       이성재      울즐리    류주영                   
   3   스타티세            한    암   3  54.0       정우주      조용배    김근영                   
   4   골드프린세스        한    암   3  54.0       페로비치    김병학    신우철                   
   5   킹그레이스          한    수   3  56.0       최시대      백광열    이종훈                   
   6   탐라황후            한    암   4  54.0       다실바      조용배    문법윤                   
   7   갤런트워리어        한    수   3  56.0       유현명      안우성    임한용                   
   8   스피드선샤인        한    거   3  56.0       채상현      김재섭    김지열                   
   9   칼마크              한    수   3  56.0       임성실      윤영훈    강애순                   
  10   담양돌풍            한    거   3  56.0       김어수      양귀선    최원호                   
  11   메이저포스          한    거   4  56.0       서승운      라이스    이성희                   
  12   텐텐퀸              한    암   3  54.0       요아니스    장세한    신윤경                   
------------------------------------------------------------------------------------------------------
                                                                          --총전적--      --1년전적--
 마번  마  명                  수득상금     1년수득상금  6개월수득상금  1위/2위/3위/계  1위/2위/3위/계
------------------------------------------------------------------------------------------------------
   1   연승글로리                       0             0             0    0   0   0   5   0   0   0   5
   2   에코레이디               5,500,000     5,500,000     5,500,000    0   1   0   2   0   1   0   2
   3   스타티세                         0             0             0    0   0   0   8   0   0   0   8
   4   골드프린세스                     0             0             0    0   0   0   0   0   0   0   0
   5   킹그레이스               2,640,000     2,640,000     2,640,000    0   0   0   4   0   0   0   4
   6   탐라황후                12,760,000    12,760,000    11,220,000    1   0   0  16   1   0   0  12
   7   갤런트워리어            15,250,000     8,500,000     5,500,000    0   1   0   5   0   1   0   3
   8   스피드선샤인                     0             0             0    0   0   0   0   0   0   0   0
   9   칼마크                   7,980,000     7,980,000     6,380,000    0   1   0   8   0   1   0   8
  10   담양돌풍                10,500,000             0             0    0   0   1   8   0   0   0   7
  11   메이저포스              11,440,000    11,440,000     8,800,000    0   0   0   8   0   0   0   8
  12   텐텐퀸                   6,160,000     6,160,000     2,420,000    0   0   1   8   0   0   1   8
------------------------------------------------------------------------------------------------------


제목 : 21.08.01 제 47 일  일 요일   5경주;   

 1400 M   출전:12두    국6등급 ( R0~0          연령오픈  )     출발:13:20
 별정A         일반      
  11,440,000원    4,840,000원    3,080,000원    1,540,000원    1,100,000원 
------------------------------------------------------------------------------------------------------
 마번  마   명            산지  성별 연령 중량       기수       조교사     마주              레이팅
------------------------------------------------------------------------------------------------------
   1   트리플스톰          한    수   4  56.0       서승운      하무선    백진희                   
   2   퍼스트파크          한    암   3  54.0       송경윤      이상영    곽희원                   
   3   허니스타            한    거   3  56.0       김어수      토마스    류화영                   
   4   사이먼탑건          한    암   3  51.0   (-3)김태현      이정표    이혜란                   
   5   루카스선            한    수   3  56.0       김혜선      장세한    이종석                   
   6   금빛행진            한    암   3  54.0       다실바      양귀선    양호규                   
   7   마리아스엠버        한(포)암   3  54.0       정도윤      울즐리    이시돌협회               
   8   마리아주            한    암   4  54.0       채상현      강병은    강봉한                   
   9   라온더캡틴          한    수   3  56.0       조인권      권승주    손천수                   
  10   오메가걸            한    암   4  50.0   (-4)박종호      이정표    안호석                   
  11   원더풀버드          한    거   3  56.0       이성재      김길중    지대섭                   
  12   영광의스피드        한    수   4  56.0       임성실      구영준    변창덕                   
------------------------------------------------------------------------------------------------------
                                                                          --총전적--      --1년전적--
 마번  마  명                  수득상금     1년수득상금  6개월수득상금  1위/2위/3위/계  1위/2위/3위/계
------------------------------------------------------------------------------------------------------
   1   트리플스톰              10,710,000    10,710,000     9,460,000    0   1   0   9   0   1   0   7
   2   퍼스트파크               2,420,000     2,420,000     2,420,000    0   0   0   4   0   0   0   4
   3   허니스타                 3,740,000     3,740,000     3,740,000    0   0   1   7   0   0   1   7
   4   사이먼탑건               8,580,000     8,580,000     5,940,000    0   0   0   7   0   0   0   7
   5   루카스선                19,150,000    19,150,000     9,020,000    0   0   3   8   0   0   3   7
   6   금빛행진                 7,040,000     7,040,000     7,040,000    0   1   0   9   0   1   0   9
   7   마리아스엠버                     0             0             0    0   0   0   4   0   0   0   4
   8   마리아주                         0             0             0    0   0   0   2   0   0   0   2
   9   라온더캡틴               8,800,000     8,800,000     8,800,000    1   0   0   3   1   0   0   3
  10   오메가걸                 7,500,000     3,500,000             0    0   0   1  11   0   0   1   9
  11   원더풀버드               1,540,000     1,540,000     1,540,000    0   0   0   3   0   0   0   3
  12   영광의스피드            19,680,000    14,080,000     7,920,000    0   1   1   7   0   1   0   5
------------------------------------------------------------------------------------------------------


제목 : 21.08.01 제 47 일  일 요일   6경주;   

 1200 M   출전:12두    국5등급 ( R1~35         연령오픈  )     출발:13:50
 핸디캡        일반      
  17,160,000원    7,260,000원    4,620,000원    2,310,000원    1,650,000원 
------------------------------------------------------------------------------------------------------
 마번  마   명            산지  성별 연령 중량       기수       조교사     마주              레이팅
------------------------------------------------------------------------------------------------------
   1   비제이미스          한    암   3  55.0       유현명      토마스    이시돌협회             32
   2   세컨드윈드          한    암   4  54.0       서승운      라이스    페가수스               30
   3   골든메인파리        한    암   5  54.0       정도윤      임동창    박병현                 30
   4   미스아델            한    암   4  52.0       송경윤      백광열    이장현                 25
   5   스톰투윈            한(포)암   4  53.5       이효식      김영관    오상철                 29
   6   투투페어리          한    암   4  55.0       이성재      임동창    강용익                 32
   7   메이저선더          한    암   6  56.5       김태훈      구영준    김동훈                 35
   8   해피매직            한    암   6  52.0       유광희      이상영    고승태                 21
   9   그레이트고          한    암   4  53.0       김혜선      장세한    양정두                 28
  10   해피요정            한    암   4  55.5       박재이      구영준    변수정                 33
  11   원더러너            한    암   4  52.0       진겸        방동석    코리아호스랜드         26
  12   마스터퀸            한    암   3  54.0   (-2)모준호      김병학    송승규                 34
------------------------------------------------------------------------------------------------------
                                                                          --총전적--      --1년전적--
 마번  마  명                  수득상금     1년수득상금  6개월수득상금  1위/2위/3위/계  1위/2위/3위/계
------------------------------------------------------------------------------------------------------
   1   비제이미스              14,300,000    14,300,000    14,300,000    1   1   0   3   1   1   0   3
   2   세컨드윈드              28,330,000    19,530,000    17,930,000    1   1   2  10   1   0   2   8
   3   골든메인파리            18,380,000    14,300,000     8,800,000    1   1   1  27   1   1   0   8
   4   미스아델                51,450,000     5,500,000             0    0   2   3  17   0   0   0   6
   5   스톰투윈                15,710,000    15,710,000    15,710,000    1   0   0   3   1   0   0   3
   6   투투페어리              62,390,000     9,240,000     9,240,000    1   2   3  17   0   1   0   8
   7   메이저선더              70,280,000     2,400,000             0    1   4   3  30   0   0   0   6
   8   해피매직                48,500,000    13,860,000     4,760,000    1   0   4  33   0   0   2  11
   9   그레이트고              30,390,000    27,390,000    13,510,000    0   2   1  11   0   2   1   8
  10   해피요정                54,860,000    24,460,000     7,260,000    1   3   1  10   0   2   1   7
  11   원더러너                19,580,000    19,580,000     6,160,000    0   1   3   8   0   1   3   8
  12   마스터퀸                33,100,000    33,100,000    30,680,000    1   2   2   8   1   2   2   8
------------------------------------------------------------------------------------------------------


제목 : 21.08.01 제 47 일  일 요일   7경주;   

 1400 M   출전:12두    국5등급 ( R1~35         연령오픈  )     출발:14:15
 핸디캡        일반      
  17,160,000원    7,260,000원    4,620,000원    2,310,000원    1,650,000원 
------------------------------------------------------------------------------------------------------
 마번  마   명            산지  성별 연령 중량       기수       조교사     마주              레이팅
------------------------------------------------------------------------------------------------------
   1   뉴럭스              한    암   4  53.5       서승운      강은석    고재완                 32
   2   최강번쩍            한    수   3  54.0       요아니스    강형곤    전종섭                 29
   3   월드리멤버          한    암   3  52.5       다실바      김재섭    김평갑                 30
   4   글로벌승리          한    거   4  55.5       정동철      임동창    이유완                 32
   5   최강라이거          한    거   4  54.0       송경윤      구영준    고경현                 29
   6   에이스가이          한    거   4  52.0   (-3)김태현      강병은    김효태                 31
   7   플랫베이브          한(포)암   3  55.0       유현명      민장기    김종업                 35
   8   판타스틱리더        한    수   3  53.0       박재이      임금만    무지개렌트카           27
   9   원더풀재즈          한    수   3  55.0       이효식      김영관    지대섭                 31
  10   룩스캣              한    암   4  51.0       최시대      양귀선    최종복                 24
  11   천마하서            한    거   4  52.0   (-2)모준호      조용배    박수영                 29
  12   골든카이저          한(포)수   3  55.0       페로비치    안우성    이성인                 31
------------------------------------------------------------------------------------------------------
                                                                          --총전적--      --1년전적--
 마번  마  명                  수득상금     1년수득상금  6개월수득상금  1위/2위/3위/계  1위/2위/3위/계
------------------------------------------------------------------------------------------------------
   1   뉴럭스                  31,410,000    29,810,000    15,800,000    2   1   0  10   2   1   0   8
   2   최강번쩍                10,340,000    10,340,000    10,340,000    0   2   0   8   0   2   0   8
   3   월드리멤버              14,960,000    14,960,000    14,960,000    1   0   1   9   1   0   1   9
   4   글로벌승리              23,530,000    21,930,000    12,540,000    1   1   1   9   1   1   1   7
   5   최강라이거              28,760,000    27,800,000    16,280,000    0   2   3  14   0   2   3   9
   6   에이스가이              22,220,000    22,220,000    22,220,000    1   2   0   5   1   2   0   5
   7   플랫베이브              38,420,000    38,420,000    32,920,000    1   3   1   5   1   3   1   5
   8   판타스틱리더            14,740,000    14,740,000    14,740,000    0   1   2   5   0   1   2   5
   9   원더풀재즈              16,610,000    16,610,000    14,190,000    1   0   1   4   1   0   1   4
  10   룩스캣                  38,880,000    16,880,000    11,480,000    1   0   2  18   0   0   2  13
  11   천마하서                22,970,000    21,970,000    12,980,000    1   0   1  12   1   0   1  10
  12   골든카이저              22,280,000    22,280,000     9,520,000    1   0   3   6   1   0   3   6
------------------------------------------------------------------------------------------------------


제목 : 21.08.01 제 47 일  일 요일   8경주;   

 1300 M   출전:12두    국5등급 ( R1~35         연령오픈  )     출발:14:45
 핸디캡        일반      
  17,160,000원    7,260,000원    4,620,000원    2,310,000원    1,650,000원 
------------------------------------------------------------------------------------------------------
 마번  마   명            산지  성별 연령 중량       기수       조교사     마주              레이팅
------------------------------------------------------------------------------------------------------
   1   월드슬램            한(포)거   5  52.0       정도윤      하무선    김진영a                21
   2   톱럭키              한(포)암   4  53.0       최시대      임금만    류화영                 30
   3   드래곤천하          한    암   4  52.0       송경윤      문제복    장석노                 26
   4   에코굿              한    암   4  54.0       이효식      김영관    류주영                 32
   5   굿스타              한    수   3  55.0       채상현      라이스    범한산업               30
   6   풀머니              미    거   4  54.0   (-3)김태현      구영준    조영자                 34
   7   천년의구름          한    암   5  52.5       진겸        강은석    류주영                 29
   8   킹비드              한    수   3  53.5       박재이      강병은    김정두                 27
   9   닥터콘스            한    거   4  53.0   (-2)모준호      백광열    권혁희                 30
  10   서부퀸              한    암   3  51.5       유현명      토마스    부건영                 27
  11   인디언추장          한    거   6  51.0       정동철      방동석    코리아호스랜드         21
  12   킹브라더            한    수   4  54.0       조인권      안우성    이성인                 28
------------------------------------------------------------------------------------------------------
                                                                          --총전적--      --1년전적--
 마번  마  명                  수득상금     1년수득상금  6개월수득상금  1위/2위/3위/계  1위/2위/3위/계
------------------------------------------------------------------------------------------------------
   1   월드슬램                17,560,000     1,960,000     1,960,000    0   1   2  28   0   0   0  10
   2   톱럭키                  57,820,000    27,220,000     6,600,000    1   2   2  14   0   2   1   9
   3   드래곤천하              13,680,000             0             0    1   0   0  11   0   0   0   6
   4   에코굿                  36,540,000    36,540,000     5,440,000    1   1   1   8   1   1   1   8
   5   굿스타                  11,440,000    11,440,000    11,440,000    1   0   0   1   1   0   0   1
   6   풀머니                   3,000,000             0             0    0   0   0  10   0   0   0   6
   7   천년의구름              27,510,000    17,260,000    11,760,000    0   3   2  13   0   2   1   6
   8   킹비드                  18,020,000    18,020,000    11,880,000    0   2   1   8   0   2   1   8
   9   닥터콘스                22,880,000    22,880,000    22,880,000    1   2   0   9   1   2   0   9
  10   서부퀸                  16,260,000    16,260,000    12,760,000    0   0   4   7   0   0   4   7
  11   인디언추장              13,340,000     1,600,000             0    0   0   3  16   0   0   0   7
  12   킹브라더                20,200,000    18,600,000    12,540,000    0   3   0  13   0   3   0  10
------------------------------------------------------------------------------------------------------


제목 : 21.08.01 제 47 일  일 요일   9경주;   

 1400 M   출전:12두    국5등급 ( R1~35         연령오픈  )     출발:15:10
 핸디캡        일반      
  17,160,000원    7,260,000원    4,620,000원    2,310,000원    1,650,000원 
------------------------------------------------------------------------------------------------------
 마번  마   명            산지  성별 연령 중량       기수       조교사     마주              레이팅
------------------------------------------------------------------------------------------------------
   1   스카이윈            한    수   4  55.5       다실바      안우성    문애순                 32
   2   인디언챔프          한    수   4  53.5       김혜선      유병복    범한산업               28
   3   천년의약속          한    수   5  55.0       이효식      임금만    류주영                 31
   4   전설의펀치          한    수   4  54.0       이성재      울즐리    무지개렌트카           29
   5   퀸오브더퀸          한    암   4  53.0       페로비치    강은석    김선식                 31
   6   얼라이브캡틴        한    거   3  54.0       요아니스    안우성    정영광                 29
   7   매직호스            한    암   5  53.5       송경윤      임동창    임용근                 32
   8   더퍼스트팩터        한(포)암   3  53.0       정동철      양귀선    김갑수                 31
   9   골드파운틴          한    거   3  55.5       정도윤      김영관    유연욱                 32
  10   센텀토르            한    거   3  51.5   (-2)모준호      권승주    조정현                 28
  11   영원파워            한    수   3  56.0       최시대      백광열    이종훈                 33
  12   남양승리            한    거   4  52.0       채상현      구영준    홍태수                 24
------------------------------------------------------------------------------------------------------
                                                                          --총전적--      --1년전적--
 마번  마  명                  수득상금     1년수득상금  6개월수득상금  1위/2위/3위/계  1위/2위/3위/계
------------------------------------------------------------------------------------------------------
   1   스카이윈                31,880,000    25,030,000     8,280,000    1   0   2  12   1   0   1   7
   2   인디언챔프              26,140,000    11,500,000     7,260,000    1   1   0  13   0   1   0   8
   3   천년의약속              35,480,000     6,600,000     6,600,000    1   1   1  10   0   0   0   4
   4   전설의펀치              42,030,000     9,990,000     9,990,000    0   2   4  15   0   0   1   7
   5   퀸오브더퀸              19,600,000    17,600,000    17,600,000    2   0   0  12   2   0   0   7
   6   얼라이브캡틴            14,300,000    14,300,000     9,240,000    0   2   1   4   0   2   1   4
   7   매직호스                46,650,000    31,900,000    13,600,000    1   1   2  18   0   1   2  11
   8   더퍼스트팩터            20,680,000    20,680,000    12,540,000    1   1   1   9   1   1   1   8
   9   골드파운틴              20,020,000    20,020,000    20,020,000    2   0   0   4   2   0   0   4
  10   센텀토르                14,300,000    14,300,000    14,300,000    0   2   0   7   0   2   0   6
  11   영원파워                25,310,000    21,560,000    21,560,000    1   2   0   8   1   2   0   6
  12   남양승리                21,300,000     6,360,000     4,760,000    0   2   1  15   0   0   1   9
------------------------------------------------------------------------------------------------------


제목 : 21.08.01 제 47 일  일 요일  10경주;   

 1400 M   출전:12두    국4등급 ( R1~50         연령오픈  )     출발:15:40
 핸디캡        일반      
  23,400,000원    9,900,000원    6,300,000원    3,150,000원    2,250,000원 
------------------------------------------------------------------------------------------------------
 마번  마   명            산지  성별 연령 중량       기수       조교사     마주              레이팅
------------------------------------------------------------------------------------------------------
   1   마크원              한    수   4  52.0       송경윤      백광열    박웅진                 36
   2   스마트모드          한    수   5  57.0       페로비치    조용배    김준현                 47
   3   록페가수스          한    수   4  52.0       박재이      강병은    허도행                 36
   4   톱베스트            한    수   4  53.5       이성재      울즐리    류화영                 40
   5   미녀봉              한    암   4  51.0       유현명      민장기    이종훈                 36
   6   아너퀸              한    암   4  52.0       요아니스    강은석    김호영                 36
   7   무적불패            한(포)수   3  53.0       서승운      토마스    이임보                 39
   8   타이틀코드          한    거   5  56.0       정동철      안우성    김지원                 45
   9   선라이트보이        한    수   3  52.0       최시대      권승주    엄을선                 37
  10   원더풀플래시        한(포)암   4  52.0       진겸        방동석    지광배                 38
  11   글로벌톱            한    암   4  55.5       김혜선      문제복    김진영a                48
  12   전설의불꽃          한    수   4  55.5   (-2)모준호      구영준    무지개렌트카           48
------------------------------------------------------------------------------------------------------
                                                                          --총전적--      --1년전적--
 마번  마  명                  수득상금     1년수득상금  6개월수득상금  1위/2위/3위/계  1위/2위/3위/계
------------------------------------------------------------------------------------------------------
   1   마크원                  74,190,000    12,390,000     8,470,000    1   3   0  18   0   0   0   8
   2   스마트모드              99,850,000    45,850,000    42,490,000    2   3   3  12   0   2   3   8
   3   록페가수스              52,660,000    52,660,000    24,160,000    3   1   1  11   3   1   1   9
   4   톱베스트                62,050,000    23,970,000    21,970,000    2   1   3  12   1   0   1   7
   5   미녀봉                  69,040,000    39,040,000    27,790,000    2   3   2  12   2   1   1   7
   6   아너퀸                  49,610,000    27,610,000     2,250,000    2   0   0  10   1   0   0   8
   7   무적불패                35,560,000    35,560,000    35,560,000    1   4   0   5   1   4   0   5
   8   타이틀코드             119,430,000    22,390,000     6,790,000    3   3   0  28   0   1   0  10
   9   선라이트보이            44,500,000    44,500,000    39,290,000    2   0   3  10   2   0   3  10
  10   원더풀플래시            55,200,000     8,400,000             0    2   0   1  13   0   0   1   6
  11   글로벌톱               101,250,000    38,810,000    19,250,000    3   2   0  13   1   1   0   7
  12   전설의불꽃             140,670,000    48,070,000    19,390,000    2   4   5  20   0   2   3  10
------------------------------------------------------------------------------------------------------


제목 : 21.08.01 제 47 일  일 요일  11경주;   

 1400 M   출전:12두    혼4등급 ( R1~50         연령오픈  )     출발:16:05
 핸디캡        일반      
  23,400,000원    9,900,000원    6,300,000원    3,150,000원    2,250,000원 
------------------------------------------------------------------------------------------------------
 마번  마   명            산지  성별 연령 중량       기수       조교사     마주              레이팅
------------------------------------------------------------------------------------------------------
   1   토함스타            한    거   5  52.0       송경윤      문제복    박웅진                 36
   2   행복시대            미    수   3  51.0   (-3)김태현      강형곤    범한산업               37
   3   킹스랜딩            한    암   4  52.0       정도윤      김병학    서종길                 36
   4   골든벼락            미    수   3  56.0       페로비치    김영관    구영본                 44
   5   검은쏜살            미    거   4  56.0       다실바      라이스    홍경표                 44
   6   닥터자이언츠        한    수   3  52.5       서승운      백광열    권혁희                 37
   7   원찬스              한    암   5  51.0   (-4)박종호      조용배    김무현                 43
   8   영봉산              한    거   5  53.5       진겸        유병복    김봉겸                 39
   9   대암장군            미    수   3  53.0       유현명      토마스    범한산업               38
  10   가오                한    거   7  51.0       정우주      조용배    차청일                 21
  11   투투칼턴            한    수   3  53.0       요아니스    강형곤    강용익                 38
  12   태극보이            미    거   4  52.5       박재이      김영관    김종업                 37
------------------------------------------------------------------------------------------------------
                                                                          --총전적--      --1년전적--
 마번  마  명                  수득상금     1년수득상금  6개월수득상금  1위/2위/3위/계  1위/2위/3위/계
------------------------------------------------------------------------------------------------------
   1   토함스타                51,420,000     2,940,000     2,940,000    1   3   1  19   0   0   0   7
   2   행복시대                 7,560,000     7,560,000     7,560,000    0   0   0   3   0   0   0   3
   3   킹스랜딩                42,330,000    28,580,000    19,480,000    2   0   2   9   1   0   2   6
   4   골든벼락                26,250,000    26,250,000    26,250,000    1   0   2   3   1   0   2   3
   5   검은쏜살                20,250,000    20,250,000    17,850,000    1   0   0   3   1   0   0   3
   6   닥터자이언츠            33,490,000    33,490,000    26,890,000    2   0   2   8   2   0   2   8
   7   원찬스                 108,950,000    18,600,000     8,400,000    2   1   5  14   0   0   2   6
   8   영봉산                 102,400,000    19,560,000             0    1   5   3  34   0   1   0  11
   9   대암장군                 2,450,000     2,450,000     2,450,000    0   0   0   1   0   0   0   1
  10   가오                    42,560,000             0             0    1   3   0  77   0   0   0  17
  11   투투칼턴                38,410,000    38,410,000    34,910,000    2   1   2  10   2   1   2  10
  12   태극보이                 3,150,000     3,150,000     3,150,000    0   0   0   3   0   0   0   3
------------------------------------------------------------------------------------------------------


제목 : 21.08.01 제 47 일  일 요일  12경주;   

 1400 M   출전:12두    혼3등급 ( R1~65         연령오픈  )     출발:16:35
 핸디캡        일반      
  31,200,000원   13,200,000원    8,400,000원    4,200,000원    3,000,000원 
------------------------------------------------------------------------------------------------------
 마번  마   명            산지  성별 연령 중량       기수       조교사     마주              레이팅
------------------------------------------------------------------------------------------------------
   1   미스터퓨전          한    거   4  52.0       채상현      라이스    이시돌협회             52
   2   히트예감            한    수   3  57.5       유현명      방동석    김준현                 64
   3   영웅루이스          미    수   3  55.0       최시대      권승주    고희종                 59
   4   소머치고            미    거   4  53.5       요아니스    강은석    고재완                 56
   5   소닉킹이지          미    수   3  57.0       페로비치    토마스    춘강                   63
   6   마이티파워          한    암   5  52.0       정동철      백광열    양국만                 57
   7   라즈푸타나          한    거   6  54.5   (-3)김태현      민장기    이장현                 64
   8   바벨히트            미    거   4  52.5       이성재      양귀선    김명환                 54
   9   사키사키            한    암   6  53.0       김태경      유병복    김봉겸                 59
  10   파워윈디            한    거   5  51.0   (-2)모준호      김길중    허필도                 51
  11   로키스카이          미    거   4  53.5       다실바      토마스    이성인                 56
  12   브라운파이          한    암   5  53.5       송경윤      임동창    조영철                 60
------------------------------------------------------------------------------------------------------
                                                                          --총전적--      --1년전적--
 마번  마  명                  수득상금     1년수득상금  6개월수득상금  1위/2위/3위/계  1위/2위/3위/계
------------------------------------------------------------------------------------------------------
   1   미스터퓨전              85,090,000    54,290,000    47,790,000    2   4   2   9   1   3   2   7
   2   히트예감               140,300,000    99,050,000    41,300,000    5   1   0   6   4   1   0   5
   3   영웅루이스              50,540,000    50,540,000    30,800,000    3   1   0   4   3   1   0   4
   4   소머치고                90,840,000    31,440,000    18,940,000    1   3   1  13   0   2   0   7
   5   소닉킹이지              93,910,000    93,910,000    33,920,000    3   2   0   8   3   2   0   8
   6   마이티파워             223,100,000    29,500,000    19,000,000    2   5   4  21   0   1   2   9
   7   라즈푸타나             169,020,000    21,840,000     5,500,000    4   3   1  12   0   1   0   3
   8   바벨히트               123,780,000    49,230,000    25,140,000    1   3   1  16   0   2   0  11
   9   사키사키               258,760,000    59,310,000    40,580,000    5   2   5  43   1   0   1  12
  10   파워윈디               307,550,000    15,850,000    15,850,000    3   4   4  30   0   1   1  10
  11   로키스카이             106,680,000    58,530,000    32,450,000    1   6   0  11   0   6   0   7
  12   브라운파이             168,050,000    15,600,000    11,760,000    4   2   1  23   0   0   1   9
------------------------------------------------------------------------------------------------------


제목 : 21.08.01 제 47 일  일 요일  13경주;   

 1200 M   출전:12두    혼4등급 ( R1~50         연령오픈  )     출발:17:00
 핸디캡        일반      
  23,400,000원    9,900,000원    6,300,000원    3,150,000원    2,250,000원 
------------------------------------------------------------------------------------------------------
 마번  마   명            산지  성별 연령 중량       기수       조교사     마주              레이팅
------------------------------------------------------------------------------------------------------
   1   닥터위크            한    수   5  52.5       정도윤      백광열    권혁희                 37
   2   달기                한    암   5  52.0       요아니스    유병복    김봉겸                 36
   3   에이스킬러          미    수   3  54.0   (-3)김태현      민장기    이권형                 46
   4   영성특급            한    수   3  52.0       진겸        방동석    김영순                 36
   5   영웅일기            미    수   8  54.0       정동철      임동창    이동훈                 40
   6   한라황후            한    암   5  54.5       김어수      조용배    문법윤                 45
   7   유로신화            한    수   6  57.0       김태훈      구영준    변공민                 46
   8   월드삭스            미    암   3  52.0       서승운      라이스    김창식                 38
   9   아침빛              한    암   4  51.0       정우주      권승주    고희종                 36
  10   티즈하티드          미    암   3  52.0       다실바      안우성    최상일                 38
  11   월드금메달          미    수   3  52.0       유현명      구민성    김진영a                36
  12   금아사이킥          미    거   3  56.5       페로비치    김영관    금아산업(주)           45
------------------------------------------------------------------------------------------------------
                                                                          --총전적--      --1년전적--
 마번  마  명                  수득상금     1년수득상금  6개월수득상금  1위/2위/3위/계  1위/2위/3위/계
------------------------------------------------------------------------------------------------------
   1   닥터위크                96,980,000    10,740,000             0    3   1   2  27   0   0   1   7
   2   달기                    52,960,000    41,800,000             0    1   2   1  19   1   1   0   9
   3   에이스킬러              45,490,000    45,490,000    33,250,000    2   1   1   5   2   1   1   5
   4   영성특급                36,810,000    33,810,000    12,800,000    3   0   0   8   3   0   0   7
   5   영웅일기               108,850,000             0             0    1   2   4  50   0   0   0   6
   6   한라황후               114,100,000    15,540,000     7,140,000    3   1   3  21   0   0   2   9
   7   유로신화               141,020,000             0             0    3   3   5  36   0   0   0   8
   8   월드삭스                 6,440,000     6,440,000             0    0   1   0   1   0   1   0   1
   9   아침빛                  74,710,000    69,110,000    32,570,000    1   2   5  14   1   2   4  12
  10   티즈하티드                       0             0             0    0   0   0   1   0   0   0   1
  11   월드금메달               7,980,000     7,980,000     2,940,000    0   0   1   5   0   0   1   5
  12   금아사이킥              22,750,000    22,750,000    22,750,000    1   1   0   4   1   1   0   4
------------------------------------------------------------------------------------------------------


제목 : 21.08.01 제 47 일  일 요일  14경주;   

 1200 M   출전:12두    국4등급 ( R1~50         연령오픈  )     출발:17:30
 핸디캡        일반      
  23,400,000원    9,900,000원    6,300,000원    3,150,000원    2,250,000원 
------------------------------------------------------------------------------------------------------
 마번  마   명            산지  성별 연령 중량       기수       조교사     마주              레이팅
------------------------------------------------------------------------------------------------------
   1   위닝댄서            한    거   4  55.5       최시대      민장기    송문관                 43
   2   운봉산              한    암   4  52.0       진겸        양귀선    최원길                 39
   3   남도퀸              한    암   3  51.0   (-2)모준호      구영준    배은정                 37
   4   대동기상            한(포)수   6  52.0       이성재      김길중    배삼성                 36
   5   페르디도로켓        한(포)거   5  52.0   (-3)김태현      구민성    배수한                 42
   6   알파어게인          한    수   3  57.0       정도윤      백광열    이성영                 46
   7   해피위치            한    암   3  53.5       서승운      울즐리    변수정                 43
   8   톱에이스            한    거   4  52.5       김혜선      임금만    류화영                 37
   9   라온더파워          한    거   3  55.0       유현명      권승주    손천수                 42
  10   달래                한    암   4  52.0       송경윤      임동창    최종하                 39
  11   아모르파티          한    거   5  52.5       이효식      방동석    코리아호스랜드         37
  12   해피여걸            한    암   4  53.5       유광희      민장기    변수정                 43
------------------------------------------------------------------------------------------------------
                                                                          --총전적--      --1년전적--
 마번  마  명                  수득상금     1년수득상금  6개월수득상금  1위/2위/3위/계  1위/2위/3위/계
------------------------------------------------------------------------------------------------------
   1   위닝댄서                74,450,000    74,450,000    26,950,000    3   1   0   8   3   1   0   8
   2   운봉산                  89,890,000    46,890,000    16,450,000    2   3   1  15   1   2   1   8
   3   남도퀸                  33,200,000    33,200,000     3,150,000    2   0   0   6   2   0   0   6
   4   대동기상                63,520,000     7,100,000     4,700,000    1   2   3  25   0   0   0   8
   5   페르디도로켓            77,790,000    21,550,000     5,950,000    0   6   3  20   0   1   1   9
   6   알파어게인              67,900,000    64,150,000    29,890,000    3   0   3  11   3   0   3  10
   7   해피위치                77,500,000    36,250,000    18,650,000    1   4   0   6   0   4   0   5
   8   톱에이스                84,550,000             0             0    2   1   1  15   0   0   0   5
   9   라온더파워              44,780,000    44,780,000    37,520,000    3   1   2   6   3   1   2   6
  10   달래                    57,630,000    21,710,000    15,960,000    2   2   2  14   1   1   1  10
  11   아모르파티              53,550,000    19,950,000    19,950,000    2   3   1   9   1   1   0   4
  12   해피여걸               129,440,000     8,690,000     2,250,000    3   2   0  16   0   1   0   8
------------------------------------------------------------------------------------------------------


제목 : 21.08.01 제 47 일  일 요일  15경주;   

 1800 M   출전:12두    1등급 ( R1~140        연령오픈  )     출발:18:00
 핸디캡        일반      
  46,800,000원   19,800,000원   12,600,000원    6,300,000원    4,500,000원 
------------------------------------------------------------------------------------------------------
 마번  마   명            산지  성별 연령 중량       기수       조교사     마주              레이팅
------------------------------------------------------------------------------------------------------
   1   알파킹이지          미    거   5  52.0       다실바      토마스    춘강                   82
   2   킹오브글로리        미    거   6  57.5       페로비치    울즐리    신우철                122
   3   터치스타맨          한    수   4  52.0       정도윤      김영관    우만식                 83
   4   두바이특급          호    거   7  52.0       진겸        김병학    남지수                 84
   5   동방대로            미    수   9  51.0       정우주      강형곤    정광화                 87
   6   영광의포스          한(포)거   5  52.0       박재이      임금만    변창덕                 79
   7   미스터어플릿        한(포)수   5  52.0       서승운      울즐리    정영식                101
   8   월드파워            미    수   5  52.0       조인권      김영관    고경민                103
   9   뿌듯                미    수   7  52.0       요아니스    강은석    민병욱                 96
  10   점보블레이드        미    수   6  59.0       유현명      안우성    김형란                125
  11   스타로드            미    수   5  51.0       김혜선      민장기    하늬바람              100
  12   스피드퓨리          한    거   6  51.0       정동철      김재섭    김지열                 85
------------------------------------------------------------------------------------------------------
                                                                          --총전적--      --1년전적--
 마번  마  명                  수득상금     1년수득상금  6개월수득상금  1위/2위/3위/계  1위/2위/3위/계
------------------------------------------------------------------------------------------------------
   1   알파킹이지             205,400,000    36,900,000    36,900,000    4   2   1  17   1   0   0   6
   2   킹오브글로리           733,300,000    93,800,000    56,900,000    9   3   7  26   1   2   2   7
   3   터치스타맨             821,780,000   387,080,000             0    5   2   2  12   1   1   1   5
   4   두바이특급             285,650,000    62,500,000    31,800,000    3   3   8  29   0   1   3   8
   5   동방대로               751,130,000     4,800,000             0    5  10   8  62   0   0   0   8
   6   영광의포스             231,190,000    74,140,000    49,300,000    4   5   4  26   1   2   1   9
   7   미스터어플릿           333,900,000    52,200,000    43,000,000    7   3   2  12   1   2   0   3
   8   월드파워               414,200,000    83,900,000    10,200,000    7   4   2  17   2   0   1   5
   9   뿌듯                   392,050,000    14,700,000             0    4   9   2  31   0   1   0   6
  10   점보블레이드           581,700,000    58,700,000    28,000,000    9   3   3  25   2   1   0   5
  11   스타로드               333,050,000    64,800,000    28,900,000    6   1   3  16   1   0   2   6
  12   스피드퓨리             287,780,000    67,000,000    12,600,000    7   0   3  14   1   0   1   5
------------------------------------------------------------------------------------------------------

