

제목 : 21.03.03(수) 훈련현황

  ※기승자범례(조:조교사, 보:조교보, 기:기수, 후:기수후보생, 승:조교승인)
  ※비고(금:금주출전예정마, 차:차주출전예정마, 특:특대상경주출전예정마)
  ※금주, 차주 또는 특별 대상경주 출전예상마는 출전신청 결과 및
  조교사의 의사에 따라 변동될 수 있는 미확정된 자료이오니 참고하시기 바랍니다.
━━━━━━━━━━━━━━━━━━━━━━━━━━━━━━━━━━━━━━━
  순 소속조 - 조번 마명              기승자 입장시각  퇴장시각  훈련시간 비고
━━━━━━━━━━━━━━━━━━━━━━━━━━━━━━━━━━━━━━━
  1  1조(백광열)13 닥터미미            승   06:58     07:16       0:18   금
  2  1조(백광열) 5 닥터선더            기   06:42     06:55       0:13   금
  3  1조(백광열)28 닥터스콜            승   08:13     08:30       0:17   금
  4  1조(백광열)37 닥터위크            승   06:02     06:17       0:15   금
  5  1조(백광열)10 닥터콘스            승   06:00     06:13       0:13   금
  6  1조(백광열) 4 닥터테이크          기   06:47     06:56       0:09   차
  7  1조(백광열)32 닥터텍사스          승   06:31     06:46       0:15   차
  8  1조(백광열) 6 닥터파피아누        기   07:19     07:32       0:13   금
  9  1조(백광열)18 닥터페이스          승   08:46     08:58       0:12   차
 10  1조(백광열)12 두무산              기   07:01     07:17       0:16   금
 11  1조(백광열)29 메니글로리          기   07:05     07:20       0:15   금
 12  1조(백광열)21 부미스타            승   07:46     08:02       0:16   차
 13  1조(백광열)11 아델소프트          승   07:46     08:01       0:15   차
 14  1조(백광열)33 아델크라운          기   06:00     06:13       0:13   금
 15  1조(백광열)35 아델퍼스트          기   06:48     06:58       0:10   금
 16  1조(백광열)38 아라다움            승   06:31     06:46       0:15   차
 17  1조(백광열)40 영천더비            기   06:41     06:53       0:12   금
 18  1조(백광열) 2 영천질주            승   08:19     08:33       0:14   차
 19  1조(백광열)34 천마브라보          승   06:02     06:19       0:17   금
 20  1조(백광열)41 톱아델              기   07:14     07:32       0:18   금
 21  1조(백광열) 1 파인의꿈            승   08:27     08:43       0:16   차
 22  1조(백광열)17 파인트럼펫          승   07:11     07:27       0:16   금
 23  2조(강형곤)11 동방대로            승   06:24     06:37       0:13   차
 24  2조(강형곤)22 레이디솔저          승   06:53     07:05       0:12   차
 25  2조(강형곤) 9 록초이스            승   06:25     06:38       0:13   차
 26  2조(강형곤)30 메니캐시            승   07:47     08:13       0:26   차
 27  2조(강형곤) 2 배다리글래머        승   06:00     06:14       0:14   금
 28  2조(강형곤)39 배다리아이콘        승   06:53     07:05       0:12   금
 29  2조(강형곤) 7 비케이빅터          기   07:47     07:56       0:09   금
 30  2조(강형곤)17 비케이선더          기   07:59     08:12       0:13   금
 31  2조(강형곤)43 비케이존            기   07:02     07:14       0:12   금
 32  2조(강형곤)32 비케이파워          기   06:18     06:30       0:12   금
 33  2조(강형곤)19 스위트밴드          기   08:05     08:20       0:15   금
 34  2조(강형곤)27 스타레이크          기   06:37     06:51       0:14   차
 35  2조(강형곤)21 스타오름            승   06:00     06:16       0:16   차
 36  2조(강형곤)31 영광의축제          기   06:40     06:53       0:13   금
 37  2조(강형곤)12 인에버터블          승   07:47     08:07       0:20   차
 38  2조(강형곤)33 장미공주            승   08:47     08:59       0:12   차
 39  2조(강형곤)25 전설의타임          승   07:18     07:38       0:20   차
 40  2조(강형곤)29 최강쏜살            승   08:25     08:46       0:21   차
 41  2조(강형곤)10 최강일세            승   06:53     07:04       0:11   금
 42  2조(강형곤)14 케이비아너          승   08:25     08:35       0:10   금
 43  2조(강형곤)23 투스타일            승   08:25     08:45       0:20   차
 44  2조(강형곤) 1 투투그레이트        승   06:25     06:42       0:17   차
 45  2조(강형곤) 5 투투칼턴            승   07:18     07:34       0:16   금
 46  2조(강형곤)34 팀스카이            승   06:00     06:12       0:12   차
 47  2조(강형곤)16 파이널파티          기   07:10     07:24       0:14   금
 48  2조(강형곤)41 퍼스트자칼          기   06:49     07:01       0:12   차
 49  2조(강형곤)42 함안백이산          승   07:47     08:13       0:26   차
 50  2조(강형곤)35 행복시대            승   08:54     09:03       0:09   차
 51  4조(임금만)14 디러블리퀸          승   07:26     07:36       0:10   차
 52  4조(임금만)12 래피드게임          기   06:29     06:44       0:15   차
 53  4조(임금만) 6 마이스타            승   06:02     06:16       0:14   차
 54  4조(임금만)38 말리부태양          기   06:45     06:53       0:08   차
 55  4조(임금만)32 메이저히트          기   07:26     07:41       0:15   금
 56  4조(임금만)24 모노폴리            승   07:27     07:43       0:16   차
 57  4조(임금만)13 문화시그니쳐        기   06:54     07:12       0:18   차
 58  4조(임금만) 9 바람과구름          승   06:35     06:47       0:12   차
 59  4조(임금만)28 샤이닝힐            보   07:06     07:16       0:10   금
 60  4조(임금만)19 에코문              승   06:33     06:44       0:11   금
 61  4조(임금만)22 영광의러너          기   06:09     06:23       0:14   차
 62  4조(임금만)21 영광의이글          승   06:03     06:18       0:15   금
 63  4조(임금만) 7 영광의포스          승   07:59     08:14       0:15   차
 64  4조(임금만)36 이스트벨            승   08:10     08:22       0:12   차
 65  4조(임금만)26 천년의약속          승   07:36     07:49       0:13   차
 66  4조(임금만)17 청담파이어          승   08:38     08:52       0:14   차
 67  4조(임금만)39 체인지백            기   07:27     07:43       0:16   금
 68  4조(임금만)16 코어블레이드        보   06:08     06:18       0:10   차
 69  4조(임금만)30 톱럭키              기   06:27     06:37       0:10   금
 70  4조(임금만)10 톱에이스            승   06:59     07:13       0:14   금
 71  4조(임금만) 5 티즈하티드          조   06:34     06:48       0:14   차
 72  4조(임금만)34 파이트매직          보   07:40     07:48       0:08   차
 73  4조(임금만) 3 판타스틱리더        승   07:06     07:16       0:10   금
 74  4조(임금만)35 해운대바다          승   06:04     06:18       0:14   차
 75  4조(임금만)37 해운대블루          승   07:02     07:16       0:14   차
 76  4조(임금만) 8 허니라이언          승   08:10     08:22       0:12   차
 77  4조(임금만)15 호랭이              승   06:34     06:44       0:10   금
 78  5조(유병복)22 늘푸른드래곤        승   08:02     08:15       0:13   차
 79  5조(유병복)29 다르마              승   06:00     06:13       0:13   차
 80  5조(유병복)23 럭키런              승   07:13     07:31       0:18   차
 81  5조(유병복)28 로열티켓            승   06:21     06:36       0:15   차
 82  5조(유병복)24 매직파트너          기   07:04     07:16       0:12   차
 83  5조(유병복)14 명가대로            승   08:05     08:20       0:15   금
 84  5조(유병복)13 신진강호            승   07:39     07:53       0:14   금
 85  5조(유병복)18 신진공주            기   06:23     06:34       0:11   금
 86  5조(유병복)27 영봉산              승   06:22     06:38       0:16   차
 87  5조(유병복) 4 오피서세상          승   07:13     07:27       0:14   차
 88  5조(유병복)10 원더워커            승   06:49     07:03       0:14   차
 89  5조(유병복) 1 제마포춘            기   07:12     07:26       0:14   차
 90  5조(유병복) 6 좋은명품            승   06:00     06:12       0:12   금
 91  5조(유병복)26 피닉스              승   06:49     07:02       0:13   차
 92  6조(구영준)27 골든원액트          승   07:45     08:04       0:19   차
 93  6조(구영준) 5 남도퀸              승   07:07     07:21       0:14   차
 94  6조(구영준)10 남양승리            보   06:36     06:52       0:16   금
 95  6조(구영준)26 다이나믹러시        보   07:01     07:19       0:18   차
 96  6조(구영준)13 달의바다            기   07:12     07:27       0:15   금
 97  6조(구영준) 7 리얼리칸            보   08:28     08:52       0:24   차
 98  6조(구영준) 2 무패찰리            조   07:55     08:24       0:29   차
 99  6조(구영준)19 버닝플라이          보   07:46     08:05       0:19   차
100  6조(구영준)28 영광의팩터          보   07:44     08:02       0:18   차
101  6조(구영준) 6 위닝포스트          승   08:21     08:42       0:21   금
102  6조(구영준)23 유로신화            승   06:37     06:55       0:18   금
103  6조(구영준)14 킹돔보              보   07:06     07:20       0:14   차
104  6조(구영준)11 풀머니              조   07:17     07:45       0:28   금
105  6조(구영준) 1 히든보이            보   06:31     06:45       0:14   차
106  7조(김병학)19 골드프린세스        승   08:59     09:15       0:16   차
107  7조(김병학)18 그레이트엘          승   07:32     07:51       0:19   차
108  7조(김병학)22 단숨에              승   06:47     07:07       0:20   금
109  7조(김병학) 9 두바이특급          승   06:11     06:27       0:16   차
110  7조(김병학)17 마스터벨라          기   07:21     07:39       0:18   금
111  7조(김병학)14 미라클선            승   06:03     06:23       0:20   차
112  7조(김병학)31 버닝건              승   06:05     06:22       0:17   차
113  7조(김병학) 8 베스트코리아        승   08:33     08:59       0:26   차
114  7조(김병학)23 브라이언파크        승   07:21     07:37       0:16   차
115  7조(김병학)16 아이언걸            승   07:50     08:00       0:10   차
116  7조(김병학)29 에스엘킹            기   06:47     07:03       0:16   금
117  7조(김병학)10 에이스돌풍          승   06:34     06:46       0:12   금
118  7조(김병학)11 오션피닉스          승   08:00     08:14       0:14   차
119  7조(김병학)27 옥스보이            승   07:03     07:14       0:11   금
120  7조(김병학) 5 캐치더빅토리        승   08:26     08:41       0:15   차
121  7조(김병학)21 킹오브조이          승   06:47     07:07       0:20   차
122  7조(김병학) 1 톱오브더걸          기   06:51     07:05       0:14   금
123  7조(김병학)13 트리플매직          기   06:34     06:47       0:13   금
124  7조(김병학)24 퍼스트초이스        기   06:25     06:40       0:15   금
125  7조(김병학) 7 호크킹              승   07:31     07:46       0:15   차
126  8조(토마스) 7 그레이트킹          보   06:31     06:43       0:12   차
127  8조(토마스)32 꽃과구름            기   06:02     06:12       0:10   금
128  8조(토마스)26 꽃무리              기   06:02     06:12       0:10   금
129  8조(토마스) 3 로키스카이          승   06:31     06:44       0:13   차
130  8조(토마스)31 마크에이스          승   08:30     08:36       0:06   차
131  8조(토마스)15 무적영웅            보   06:03     06:16       0:13   금
132  8조(토마스)43 미드나이트퀸        기   06:01     06:13       0:12   금
133  8조(토마스)39 비제이미스          승   08:02     08:15       0:13   차
134  8조(토마스)16 샤이닝아이          승   06:03     06:17       0:14   금
135  8조(토마스)14 서부퀸              승   08:29     08:37       0:08   차
136  8조(토마스)17 에이스붐            기   06:24     06:34       0:10   금
137  8조(토마스)37 에이스잭팟          승   06:58     07:12       0:14   차
138  8조(토마스)44 에이스포텐          승   08:01     08:14       0:13   차
139  8조(토마스)29 여왕의미소          기   06:01     06:13       0:12   금
140  8조(토마스)41 영광의시대          승   08:02     08:14       0:12   차
141  8조(토마스)13 영광의치얼스        승   07:32     07:45       0:13   금
142  8조(토마스) 4 오섬킹이지          승   06:05     06:16       0:11   금
143  8조(토마스)35 오아시스걸          승   06:31     06:43       0:12   차
144  8조(토마스)27 위너팰컨            승   07:32     07:44       0:12   차
145  8조(토마스)28 천마대로            승   07:32     07:46       0:14   금
146  8조(토마스)22 천마파워            보   07:32     07:44       0:12   차
147  8조(토마스)23 코리아프린스        승   06:59     07:15       0:16   차
148  8조(토마스)34 태풍이              보   08:01     08:14       0:13   차
149  8조(토마스) 2 톱파이어            승   06:59     07:15       0:16   차
150  8조(토마스) 9 패션키              보   08:30     08:37       0:07   차
151  8조(토마스)45 하이냐              기   07:03     07:15       0:12   차
152  8조(토마스)21 한라누리            승   06:31     06:42       0:11   금
153  8조(토마스)36 해피우먼            승   06:03     06:17       0:14   금
154  8조(토마스)42 힐모어              보   06:56     07:08       0:12   차
155  9조(양귀선) 8 골드매직            승   06:38     06:58       0:20   차
156  9조(양귀선)19 금빛스카이          승   07:37     08:03       0:26   차
157  9조(양귀선)25 금빛행진            기   06:01     06:13       0:12   금
158  9조(양귀선)29 뉴크라운            승   08:07     08:31       0:24   차
159  9조(양귀선)32 담양태양            기   06:19     06:32       0:13   차
160  9조(양귀선)34 당대블루            보   07:16     07:35       0:19   차
161  9조(양귀선)15 더퍼스트팩터        기   06:16     06:34       0:18   차
162  9조(양귀선)35 디바인축제          승   06:02     06:28       0:26   금
163  9조(양귀선)22 룩스캣              승   06:03     06:22       0:19   금
164  9조(양귀선) 2 바벨라일락          승   06:02     06:22       0:20   차
165  9조(양귀선)39 선더베가스          승   07:28     07:54       0:26   차
166  9조(양귀선)33 선더킹              승   07:08     07:29       0:21   차
167  9조(양귀선) 6 성산파워            보   06:26     06:38       0:12   금
168  9조(양귀선)18 어게인헬렌          승   06:37     07:00       0:23   차
169  9조(양귀선)23 연승미소            승   08:10     08:30       0:20   차
170  9조(양귀선) 3 온누리질주          기   06:01     06:14       0:13   금
171  9조(양귀선)28 우승강자            승   06:31     06:45       0:14   금
172  9조(양귀선)27 우승지킴이          기   06:01     06:14       0:13   금
173  9조(양귀선)20 운봉산              승   07:04     07:32       0:28   차
174  9조(양귀선) 7 이글엔젤            승   06:04     06:19       0:15   금
175  9조(양귀선)21 제라                승   06:59     07:17       0:18   차
176  9조(양귀선)26 파워울프            보   06:01     06:13       0:12   차
177  9조(양귀선) 5 하늘울림            보   06:52     07:05       0:13   차
178 10조(김남중)18 금아굿포인트        승   08:18     08:33       0:15   차
179 10조(김남중) 4 금아스탈렛          기   06:43     06:54       0:11   금
180 10조(김남중)10 남도일등            승   09:34     09:51       0:17   차
181 10조(김남중)13 라피도퀸            기   07:43     07:53       0:10   금
182 10조(김남중)15 럭키매직            승   07:10     07:19       0:09   차
183 10조(김남중)17 레이디러브          기   07:42     07:53       0:11   금
184 10조(김남중)28 월드금메달          승   06:43     06:54       0:11   금
185 10조(김남중)24 질풍코리아          기   07:10     07:19       0:09   금
186 10조(김남중)20 천년의강            승   07:42     07:55       0:13   차
187 10조(김남중) 9 최강큐피드          승   08:18     08:33       0:15   차
188 10조(김남중) 8 트루킹              승   06:28     06:45       0:17   차
189 10조(김남중) 6 퍼스트파크          승   07:10     07:19       0:09   금
190 10조(김남중) 2 페더럴스타          승   07:39     07:55       0:16   차
191 12조(조용배)25 가오                승   06:00     06:15       0:15   금
192 12조(조용배)22 글로벌히어로        승   06:25     06:45       0:20   차
193 12조(조용배) 8 디바인퀸            조   06:31     06:46       0:15   금
194 12조(조용배)27 로열캐슬            승   06:05     06:19       0:14   금
195 12조(조용배)14 배다리강호          승   08:15     08:36       0:21   차
196 12조(조용배)26 배다리대어          기   06:00     06:09       0:09   금
197 12조(조용배)30 배다리보배          승   07:31     07:47       0:16   금
198 12조(조용배)16 베스트윈드          승   06:46     07:09       0:23   금
199 12조(조용배)23 솔트라이트          승   07:27     07:43       0:16   금
200 12조(조용배)11 스마트영웅          기   06:34     06:44       0:10   금
201 12조(조용배)20 스타티세            승   06:05     06:21       0:16   금
202 12조(조용배) 6 차이밍미러클        승   06:53     07:10       0:17   금
203 12조(조용배)32 청마영웅            조   07:32     07:52       0:20   금
204 12조(조용배) 3 탐라황후            승   08:15     08:36       0:21   금
205 12조(조용배) 7 함안자양산          승   08:16     08:36       0:20   차
206 12조(조용배)19 해피스카이          승   07:23     07:38       0:15   차
207 13조(강병은)25 룰루                승   07:52     08:21       0:29   차
208 13조(강병은) 2 미녀검객            승   06:35     06:58       0:23   금
209 13조(강병은) 5 베가선더            기   07:20     07:36       0:16   차
210 13조(강병은) 8 비케이서머걸        승   07:52     08:11       0:19   차
211 13조(강병은) 7 비케이허니          승   06:23     06:38       0:15   차
212 13조(강병은) 3 새만금의비전        기   07:02     07:12       0:10   금
213 13조(강병은)10 새물결의파도        승   06:53     07:09       0:16   금
214 13조(강병은)12 시크릿매직          기   06:59     07:12       0:13   금
215 13조(강병은)22 애니라인            승   06:25     06:45       0:20   금
216 13조(강병은)28 에이스가이          기   07:23     07:39       0:16   차
217 13조(강병은)14 퀸업                보   06:36     06:51       0:15   차
218 13조(강병은)15 킹파티              승   07:51     08:21       0:30   금
219 13조(강병은) 6 한센물결            승   07:18     07:36       0:18   차
220 14조(윤영훈)25 골드오브하트        승   07:13     07:35       0:22   차
221 14조(윤영훈)12 마루짱              승   08:57     09:05       0:08   차
222 14조(윤영훈) 3 베라데이            승   06:00     06:24       0:24   차
223 14조(윤영훈)13 블랙피스            승   06:42     07:02       0:20   금
224 14조(윤영훈)18 선마운틴            보   09:00     09:15       0:15   차
225 14조(윤영훈)24 승리의불길          보   06:13     06:20       0:07   금
226 14조(윤영훈)26 시프린              승   07:57     08:10       0:13   차
227 14조(윤영훈)20 앨버트킹            보   07:00     07:12       0:12   금
228 14조(윤영훈) 7 에이스데이          보   07:55     08:13       0:18   금
229 14조(윤영훈)10 장산망치            승   08:18     08:42       0:24   차
230 14조(윤영훈)11 청담시티            승   06:33     06:56       0:23   차
231 14조(윤영훈)19 칼마크              승   07:12     07:32       0:20   차
232 14조(윤영훈)22 케이비보스          승   07:45     08:06       0:21   금
233 14조(윤영훈)21 패션블레이드        기   08:03     08:23       0:20   금
234 15조(안우성)21 골든카이저          승   06:15     06:34       0:19   차
235 15조(안우성)19 굿캐스팅            승   06:15     06:34       0:19   금
236 15조(안우성)35 그레이트댄스        승   08:47     08:59       0:12   차
237 15조(안우성)29 뉴잭스윙            승   06:16     06:31       0:15   차
238 15조(안우성)32 더윈                승   06:19     06:34       0:15   차
239 15조(안우성)27 리치카우보이        기   06:33     06:41       0:08   차
240 15조(안우성)44 맨오브더월드        승   06:53     07:08       0:15   차
241 15조(안우성)24 맨오브더필드        기   07:37     07:52       0:15   금
242 15조(안우성) 4 무비브라더          승   06:47     07:00       0:13   금
243 15조(안우성)37 버닝스타            승   08:18     08:30       0:12   차
244 15조(안우성)30 아람나래            기   06:21     06:34       0:13   차
245 15조(안우성)33 어플리트타핏        승   06:47     06:59       0:12   차
246 15조(안우성) 6 원더풀보브캣        승   06:14     06:25       0:11   차
247 15조(안우성)26 타이틀코드          승   07:18     07:36       0:18   차
248 15조(안우성) 5 화랑의챔피언        승   07:21     07:36       0:15   금
249 16조(김재섭)16 고블린              승   08:10     08:35       0:25   차
250 16조(김재섭)31 드로모스            승   08:00     08:17       0:17   차
251 16조(김재섭)13 서부원더풀          승   08:00     08:23       0:23   차
252 16조(김재섭)24 성산불꽃            승   06:21     06:46       0:25   금
253 16조(김재섭)36 성산히어로          승   06:31     06:44       0:13   금
254 16조(김재섭)11 울트라피닉스        승   06:46     07:01       0:15   차
255 16조(김재섭) 9 이터널위너          승   08:00     08:23       0:23   금
256 16조(김재섭) 8 챔피언시대          승   06:42     06:56       0:14   차
257 16조(김재섭)32 캡스톤              승   06:21     06:37       0:16   금
258 16조(김재섭)12 퓨처챔피언          승   07:13     07:24       0:11   차
259 17조(장세한) 6 국민스타            기   07:55     08:14       0:19   차
260 17조(장세한)26 다이나믹스타        보   08:37     08:52       0:15   차
261 17조(장세한)30 대흥시대            기   06:18     06:29       0:11   차
262 17조(장세한) 8 댄싱드래건          기   06:38     06:57       0:19   차
263 17조(장세한)17 런앤드건            기   09:02     09:20       0:18   차
264 17조(장세한)18 런파이터            기   07:10     07:27       0:17   차
265 17조(장세한)10 록하드포스          보   07:26     07:45       0:19   차
266 17조(장세한)19 루카스선            보   06:32     06:51       0:19   차
267 17조(장세한)21 메이저펀치          기   06:32     06:54       0:22   금
268 17조(장세한)31 스트레이트란        승   08:18     08:28       0:10   차
269 17조(장세한)12 와칸다              승   07:00     07:16       0:16   차
270 17조(장세한)22 텐텐퀸              기   07:12     07:26       0:14   금
271 17조(장세한)11 플라잉킹즈          승   07:16     07:32       0:16   차
272 18조(이정표)20 노던라이츠          기   06:47     06:56       0:09   금
273 18조(이정표) 2 다이나믹헌터        승   06:13     06:29       0:16   금
274 18조(이정표)22 로열산다이도        승   07:28     07:44       0:16   금
275 18조(이정표)25 메이저가이          승   07:52     08:01       0:09   차
276 18조(이정표)19 스마티돌풍          승   07:05     07:18       0:13   차
277 18조(이정표) 3 스피드킹덤          승   06:38     06:49       0:11   금
278 18조(이정표) 1 에이스공주          보   07:04     07:18       0:14   차
279 18조(이정표) 8 에이스로드          승   06:46     06:59       0:13   금
280 18조(이정표)26 에이원스            기   06:57     07:06       0:09   금
281 18조(이정표) 6 오메가걸            기   06:05     06:14       0:09   금
282 18조(이정표)27 우리좋은날          기   06:23     06:37       0:14   금
283 18조(이정표) 7 코코윈              보   06:24     06:40       0:16   금
284 18조(이정표)10 탐라하늘            승   07:21     07:33       0:12   금
285 18조(이정표)13 트리플실버          승   06:13     06:29       0:16   금
286 19조(김영관)13 가디스문            승   08:58     09:12       0:14   금
287 19조(김영관)32 골드파운틴          승   06:46     07:03       0:17   차
288 19조(김영관)44 골든벼락            승   07:38     07:56       0:18   차
289 19조(김영관)28 굿삭스              승   09:42     09:53       0:11   차
290 19조(김영관)39 글리터              기   07:33     07:48       0:15   금
291 19조(김영관)26 금아사이킥          승   08:58     09:15       0:17   금
292 19조(김영관)36 나이스최강          승   07:13     07:31       0:18   차
293 19조(김영관) 4 뉴욕망치            승   07:37     07:55       0:18   차
294 19조(김영관)11 동트자보이          승   09:23     09:38       0:15   차
295 19조(김영관)12 딥마인드            승   09:55     10:12       0:17   차
296 19조(김영관)25 라피도맨            승   06:02     06:17       0:15   차
297 19조(김영관)43 로사                기   08:07     08:19       0:12   금
298 19조(김영관) 9 백문백답            기   07:37     07:55       0:18   금
299 19조(김영관)34 부산항갈매기        기   08:06     08:23       0:17   금
300 19조(김영관)15 부카티니            기   08:04     08:23       0:19   금
301 19조(김영관)31 스타아이            승   08:05     08:20       0:15   차
302 19조(김영관) 8 애니카걸            승   06:53     07:06       0:13   차
303 19조(김영관)17 에이커스드림        승   09:22     09:36       0:14   차
304 19조(김영관)21 에코굿              기   08:06     08:23       0:17   금
305 19조(김영관) 5 원더골              승   08:32     08:50       0:18   차
306 19조(김영관) 6 원더풀시크릿        기   06:46     07:03       0:17   금
307 19조(김영관) 1 원더풀재즈          승   09:45     09:54       0:09   차
308 19조(김영관)38 월드그린            승   08:32     08:50       0:18   차
309 19조(김영관)42 킹골리앗            승   06:04     06:21       0:17   차
310 19조(김영관)27 태극보이            승   09:55     10:15       0:20   차
311 19조(김영관)19 투데이              승   06:24     06:40       0:16   차
312 19조(김영관)23 파이니스트워리어    승   06:31     06:44       0:13   차
313 19조(김영관)24 포리마              승   08:04     08:23       0:19   금
314 19조(김영관) 7 푸른장미            승   07:13     07:29       0:16   차
315 20조(최기홍) 5 뉴스메이커          승   06:50     07:00       0:10   차
316 20조(최기홍)13 슬림퀸              승   07:16     07:36       0:20   차
317 20조(최기홍)22 영도갈매기          승   06:39     06:53       0:14   차
318 20조(최기홍)25 영성브라보          승   06:39     06:54       0:15   차
319 20조(최기홍)15 월드플라워          승   07:53     08:05       0:12   차
320 20조(최기홍) 7 좋은해              승   07:53     08:08       0:15   차
321 20조(최기홍) 9 큰행복              기   07:08     07:19       0:11   금
322 20조(최기홍)16 함안악양루          승   07:16     07:36       0:20   금
323 21조(민장기)29 그레이엔젤          승   08:20     08:35       0:15   차
324 21조(민장기)45 도미네이션          승   06:13     06:32       0:19   차
325 21조(민장기) 8 돌아온포경선        보   07:25     07:42       0:17   금
326 21조(민장기)39 록하드스톤          기   06:49     07:05       0:16   차
327 21조(민장기)40 말리부별            보   06:13     06:32       0:19   차
328 21조(민장기)18 미녀봉              승   06:17     06:37       0:20   차
329 21조(민장기)37 미스펙터            승   07:27     07:44       0:17   차
330 21조(민장기)13 바람공주            승   06:16     06:37       0:21   차
331 21조(민장기)10 베이비라인          기   06:44     07:02       0:18   차
332 21조(민장기) 6 비욘드              기   07:38     07:54       0:16   차
333 21조(민장기)14 석세스파티          승   08:09     08:36       0:27   차
334 21조(민장기)21 에이스킬러          승   06:48     07:08       0:20   차
335 21조(민장기) 1 운주으뜸            승   08:08     08:36       0:28   차
336 21조(민장기) 2 원러시              승   07:45     08:04       0:19   차
337 21조(민장기) 5 월드톱              승   07:28     07:47       0:19   차
338 21조(민장기)43 윈드크로스          기   07:45     08:04       0:19   차
339 21조(민장기)41 짜잔                보   08:03     08:24       0:21   차
340 21조(민장기)32 쭈욱                승   07:28     07:48       0:20   차
341 21조(민장기)16 컬러윈드            보   06:49     07:10       0:21   금
342 21조(민장기)23 콜업더가드          기   07:45     08:04       0:19   금
343 21조(민장기)30 클러치히터          승   08:20     08:35       0:15   차
344 21조(민장기)22 클린히트            보   06:51     07:06       0:15   차
345 21조(민장기) 7 타핏원더풀          기   08:11     08:31       0:20   금
346 21조(민장기)15 파이널프런트        보   06:10     06:29       0:19   차
347 21조(민장기)28 퍼스트찬스          승   06:54     07:14       0:20   차
348 21조(민장기)11 해운대선더          기   07:11     07:29       0:18   금
349 21조(민장기)17 해피여걸            기   07:16     07:34       0:18   금
350 22조(강은석)14 뉴럭스              보   06:26     06:41       0:15   차
351 22조(강은석)12 모닝대로            기   06:00     06:15       0:15   금
352 22조(강은석)22 모닝브라보          조   07:53     08:12       0:19   금
353 22조(강은석)29 뿌듯                승   07:59     08:12       0:13   차
354 22조(강은석) 8 스페이스마린        승   06:24     06:41       0:17   차
355 22조(강은석)21 영광의타임          기   06:23     06:39       0:16   차
356 22조(강은석) 3 운주의별            승   06:54     07:10       0:16   차
357 22조(강은석)11 워리어클래스        보   06:00     06:16       0:16   차
358 22조(강은석)40 인투마린            승   06:54     07:10       0:16   차
359 22조(강은석)28 짱이                기   06:20     06:33       0:13   차
360 22조(강은석) 6 천년의질주          승   07:28     07:42       0:14   차
361 22조(강은석)25 콰트로맥스          기   07:22     07:35       0:13   금
362 22조(강은석)24 퀸오브더퀸          기   06:00     06:12       0:12   금
363 22조(강은석)30 퍼스트체인저        보   06:52     07:07       0:15   금
364 22조(강은석) 7 한빛영광            승   06:00     06:14       0:14   차
365 24조(김길중)27 갤럭시로드          승   06:59     07:16       0:17   차
366 24조(김길중)31 골드프린스          기   06:22     06:36       0:14   금
367 24조(김길중)20 대동기상            승   06:37     06:47       0:10   차
368 24조(김길중)23 마이베이비걸        승   07:42     07:59       0:17   차
369 24조(김길중)22 마하로드            승   06:59     07:16       0:17   차
370 24조(김길중)13 불멸의길            기   06:04     06:13       0:09   금
371 24조(김길중)12 선더레인            기   06:22     06:34       0:12   금
372 24조(김길중) 4 스페셜킹이지        승   07:32     07:49       0:17   차
373 24조(김길중) 3 스프링파이어        기   06:22     06:34       0:12   금
374 24조(김길중) 5 승리의길            승   07:42     07:59       0:17   차
375 24조(김길중) 6 원픽                기   06:22     06:34       0:12   금
376 24조(김길중)16 제너럴존            기   06:04     06:12       0:08   금
377 24조(김길중)11 퀸아더              승   06:50     07:08       0:18   차
378 24조(김길중)28 투투리즈            승   06:12     06:22       0:10   차
379 24조(김길중)29 투투미스터리        기   06:27     06:39       0:12   금
380 24조(김길중)18 티즈파워            기   07:16     07:26       0:10   금
381 24조(김길중)17 파워윈디            승   06:59     07:16       0:17   차
382 24조(김길중)15 필승이지            승   07:32     07:45       0:13   차
383 24조(김길중) 8 히트잭팟            기   06:27     06:39       0:12   금
384 26조(방동석)27 굿선더              승   06:15     06:26       0:11   차
385 26조(방동석)24 글로리로드          승   06:28     06:44       0:16   차
386 26조(방동석)32 글로벌캔디          승   07:23     07:40       0:17   금
387 26조(방동석) 5 마이퀸              승   06:57     07:09       0:12   차
388 26조(방동석)30 머니백              기   07:39     07:54       0:15   금
389 26조(방동석)31 바베어리언          승   09:11     09:23       0:12   차
390 26조(방동석)36 백년시대            승   08:17     08:34       0:17   차
391 26조(방동석)33 비바브라보          승   08:22     08:34       0:12   차
392 26조(방동석)10 사랑의기적          승   06:15     06:26       0:11   차
393 26조(방동석)13 어퓨어굿맨          기   07:17     07:33       0:16   금
394 26조(방동석)22 에코러시            승   07:07     07:18       0:11   차
395 26조(방동석)29 영성에이스          기   08:11     08:22       0:11   차
396 26조(방동석)38 오버더힐            승   08:22     08:34       0:12   차
397 26조(방동석) 9 원더러너            승   06:50     07:03       0:13   차
398 26조(방동석)16 원더풀라이언        기   07:17     07:33       0:16   금
399 26조(방동석)18 원더풀리얼티        승   08:59     09:13       0:14   금
400 26조(방동석)19 원더풀윙스          승   09:12     09:24       0:12   차
401 26조(방동석) 7 원더풀플래시        승   07:37     07:49       0:12   차
402 26조(방동석) 1 자이언트칼          승   06:50     07:03       0:13   차
403 26조(방동석)12 조이풀라이프        승   06:15     06:28       0:13   차
404 26조(방동석) 4 톱오브코리아        승   08:34     08:51       0:17   차
405 26조(방동석)35 하디찰리            기   07:39     07:58       0:19   금
406 26조(방동석) 2 하바나골드          기   08:13     08:27       0:14   차
407 27조(이상영)21 당대거함            승   06:13     06:25       0:12   차
408 27조(이상영)15 무적찰리            승   07:28     07:47       0:19   차
409 27조(이상영) 8 변화의시작          승   08:07     08:23       0:16   차
410 27조(이상영)31 부경천사            승   06:28     06:40       0:12   차
411 27조(이상영)24 승리퀸              승   07:32     07:46       0:14   금
412 27조(이상영) 7 아일캣              기   07:19     07:29       0:10   금
413 27조(이상영)11 에코피아            기   07:40     07:53       0:13   차
414 27조(이상영) 1 영광의리더          승   08:07     08:23       0:16   차
415 27조(이상영)12 윈드파크            기   06:42     06:56       0:14   금
416 27조(이상영) 5 전설의반지          승   06:17     06:33       0:16   차
417 27조(이상영) 2 전설의불꽃          승   06:13     06:28       0:15   차
418 27조(이상영) 4 탄젠트              기   06:57     07:13       0:16   금
419 27조(이상영)26 판타스틱로드        승   06:49     07:00       0:11   차
420 27조(이상영) 3 퍼펙트보스          승   06:56     07:12       0:16   금
421 27조(이상영)14 퍼펙트제왕          기   06:39     06:56       0:17   금
422 27조(이상영)16 피스백              기   06:49     07:01       0:12   금
423 28조(하무선) 8 모닝선              기   07:53     08:06       0:13   차
424 28조(하무선) 5 부경볼트            기   06:41     06:54       0:13   금
425 28조(하무선) 7 부경스토리          승   06:59     07:13       0:14   금
426 28조(하무선)10 부산에이스          승   07:56     08:20       0:24   금
427 28조(하무선) 4 엄지척              승   08:31     08:45       0:14   차
428 29조(문제복)23 남양희망            보   07:44     07:55       0:11   차
429 29조(문제복)28 돌아온신세대        승   07:44     08:09       0:25   차
430 29조(문제복)10 드래건킹            보   06:51     07:14       0:23   금
431 29조(문제복)13 드래곤천하          보   07:09     07:32       0:23   차
432 29조(문제복)20 상승대한            승   06:59     07:20       0:21   금
433 29조(문제복)27 에이프릴퀸          보   06:33     06:53       0:20   금
434 29조(문제복)16 원더풀시티          기   06:16     06:33       0:17   금
435 29조(문제복)21 하늘대완구          기   06:34     06:53       0:19   금
436 30조(울즐리)16 갤럭시오브          승   07:08     07:21       0:13   금
437 30조(울즐리) 3 골드럭              기   06:31     06:46       0:15   차
438 30조(울즐리)39 뉴프로스펙트        승   07:45     08:01       0:16   금
439 30조(울즐리)35 더세이버            보   08:21     08:37       0:16   차
440 30조(울즐리) 6 덩컨                기   06:00     06:20       0:20   차
441 30조(울즐리) 7 로켓고              기   06:00     06:10       0:10   금
442 30조(울즐리)34 르콩코드            승   07:03     07:19       0:16   차
443 30조(울즐리)42 마리아스엠버        보   07:46     08:02       0:16   차
444 30조(울즐리)38 메이플클래식        승   07:36     07:54       0:18   차
445 30조(울즐리)13 미스터어플릿        승   06:00     06:20       0:20   차
446 30조(울즐리)26 미스터인디          기   07:03     07:19       0:16   차
447 30조(울즐리)24 바비스패로우        승   08:18     08:36       0:18   차
448 30조(울즐리)43 바운티헌터          승   08:16     08:32       0:16   차
449 30조(울즐리) 2 반지의전설          승   06:40     06:53       0:13   금
450 30조(울즐리)17 별이뜨네            보   07:08     07:24       0:16   차
451 30조(울즐리) 9 비제이스텀스        보   06:00     06:10       0:10   차
452 30조(울즐리)31 스테디위너          승   08:24     08:37       0:13   차
453 30조(울즐리) 8 신라의전설          승   06:36     06:51       0:15   차
454 30조(울즐리)29 아티스갈            승   07:36     07:50       0:14   차
455 30조(울즐리)23 에이스코리아        승   07:09     07:30       0:21   금
456 30조(울즐리)41 에코레이디          보   07:46     08:02       0:16   차
457 30조(울즐리)21 전설의펀치          보   06:01     06:18       0:17   차
458 30조(울즐리)22 카피댓              보   07:06     07:21       0:15   차
459 30조(울즐리)33 킹오브글로리        기   06:28     06:45       0:17   금
460 30조(울즐리)30 톱스톰              승   06:00     06:10       0:10   금
461 30조(울즐리) 5 파샤                보   06:28     06:45       0:17   차
462 30조(울즐리)20 프로칸설            기   06:26     06:41       0:15   차
463 30조(울즐리)12 프리깃버드          승   07:37     07:51       0:14   차
464 31조(라이스)10 로열솔저            승   08:10     08:28       0:18   차
465 31조(라이스)17 미스터퓨전          기   06:00     06:11       0:11   금
466 31조(라이스)41 부활의반석          승   06:11     06:26       0:15   차
467 31조(라이스)23 비스틀리            승   06:51     07:03       0:12   금
468 31조(라이스)28 비제이킹            승   06:40     06:54       0:14   금
469 31조(라이스)42 빅터바시움          승   06:01     06:14       0:13   차
470 31조(라이스)39 슈퍼소닉이지        승   07:41     07:47       0:06   금
471 31조(라이스) 9 승리매직퀸          승   08:13     08:32       0:19   차
472 31조(라이스)21 쏜살                기   06:00     06:07       0:07   차
473 31조(라이스)26 에이스솔로몬        승   08:12     08:28       0:16   금
474 31조(라이스) 3 에이스의기쁨        기   06:00     06:11       0:11   금
475 31조(라이스)27 쿨가이              기   08:12     08:28       0:16   금
476 31조(라이스)20 퀸오브하츠          승   08:13     08:32       0:19   차
477 31조(라이스) 1 킹앨리              승   07:32     07:47       0:15   차
478 31조(라이스) 5 투혼의반석          보   07:32     07:47       0:15   차
479 31조(라이스)30 트라이벌댄서        승   06:00     06:12       0:12   차
480 31조(라이스)16 퍼스트스타          승   06:01     06:11       0:10   차
481 31조(라이스)12 퓨전퀸              승   06:02     06:14       0:12   차
482 31조(라이스)43 함안방어산          기   06:00     06:12       0:12   차
483 31조(라이스)32 히든스타            승   06:45     06:57       0:12   차
484 32조(임동창) 8 글로벌승리          승   07:32     07:49       0:17   금
485 32조(임동창)20 금반지              승   07:54     08:13       0:19   차
486 32조(임동창)21 기적의적토마        승   08:21     08:37       0:16   차
487 32조(임동창)12 다승이              기   07:40     07:52       0:12   금
488 32조(임동창)10 달래                기   07:49     08:00       0:11   금
489 32조(임동창)24 매직호스            승   06:12     06:23       0:11   차
490 32조(임동창) 6 성실소녀            기   08:23     08:35       0:12   금
491 32조(임동창) 1 성실으뜸            기   07:36     07:48       0:12   금
492 32조(임동창) 7 솔인빅투스          승   06:35     06:51       0:16   금
493 32조(임동창)11 용연                기   07:22     07:35       0:13   금
494 32조(임동창) 2 질주여행            승   06:56     07:08       0:12   차
495 32조(임동창) 5 테스타퀸            승   08:25     08:55       0:30   차
496 32조(임동창)23 하바나제인          승   07:14     07:27       0:13   금
497 32조(임동창)15 함안성산            기   06:23     06:31       0:08   금
498 33조(권승주)34 대로공주            승   07:15     07:31       0:16   차
499 33조(권승주)20 더프린세스          승   07:51     08:14       0:23   차
500 33조(권승주)29 라온더스타          보   07:49     08:00       0:11   차
501 33조(권승주)25 라온더캡틴          승   07:05     07:25       0:20   차
502 33조(권승주)13 라온더파워          보   07:12     07:26       0:14   차
503 33조(권승주) 8 마하유니            승   07:51     08:13       0:22   차
504 33조(권승주)37 블루파크            기   07:00     07:10       0:10   금
505 33조(권승주)33 선라이트보이        기   06:21     06:33       0:12   금
506 33조(권승주) 2 성산사이먼          승   06:29     06:51       0:22   차
507 33조(권승주)39 센텀번개            승   07:39     07:52       0:13   차
508 33조(권승주)31 스톰브라운          승   08:28     08:46       0:18   차
509 33조(권승주)22 여수토네이도        기   07:12     07:26       0:14   금
510 33조(권승주)12 영웅루이스          보   08:16     08:34       0:18   차
511 33조(권승주)24 일념통천            승   06:31     06:50       0:19   차
512 33조(권승주)38 청호리더            승   07:50     08:11       0:21   차
513 33조(권승주)27 케이케이원          승   06:38     06:50       0:12   차
514 33조(권승주)16 퀸플라잉            기   07:29     07:41       0:12   금
515 33조(권승주)11 키플레이어          승   06:40     06:51       0:11   금
516 33조(권승주)21 터프그린            승   06:26     06:38       0:12   차
517 33조(권승주) 4 트리플질주          승   07:05     07:25       0:20   차
518 33조(권승주)30 파워게이트          기   07:34     07:46       0:12   금
519 33조(권승주)40 함안서북산          승   08:28     08:46       0:18   차
520 33조(권승주) 3 행복코리아          기   07:53     08:04       0:11   차
521 33조(권승주)28 화이트갤로퍼        기   06:41     06:52       0:11   금
━━━━━━━━━━━━━━━━━━━━━━━━━━━━━━━━━━━━━━━
                                                      출력일자 : 2021. 3. 3

