

제목 : 21.07.17(토) 조교현황

  ※기승자범례(조:조교사, 보:조교보, 기:기수, 후:기수후보생, 승:조교승인)
  ※비고(금:금주출전예정마, 차:차주출전예정마, 특:특대상경주출전예정마)
  ※금주, 차주 또는 특별 대상경주 출전예상마는 출전신청 결과 및
  조교사의 의사에 따라 변동될 수 있는 미확정된 자료이오니 참고하시기 바랍니다.
━━━━━━━━━━━━━━━━━━━━━━━━━━━━━━━━━━━━━━━
  순 소속조 - 조번 마명              기승자 입장시각  퇴장시각  조교시간 비고
━━━━━━━━━━━━━━━━━━━━━━━━━━━━━━━━━━━━━━━
  1  1조(박종곤)29 라온더대쉬          승   08:18     08:30       0:12   차
  2  1조(박종곤)12 라온더스퍼트        승   08:18     08:30       0:12   차
  3  1조(박종곤)38 라온더아리아        승   07:41     07:56       0:15   차
  4  1조(박종곤)34 라온더와일드        승   07:40     07:58       0:18   차
  5  1조(박종곤)39 라온더위켄드        승   06:46     07:05       0:19   차
  6  1조(박종곤) 6 라온더제트          승   08:17     08:32       0:15   차
  7  1조(박종곤)40 라온더피버          승   06:47     07:04       0:17   차
  8  1조(박종곤)32 라온스페셜          승   06:28     06:41       0:13   차
  9  1조(박종곤)24 문학스트롱          승   08:15     08:37       0:22   차
 10  1조(박종곤)17 문학토스코          승   09:08     09:28       0:20   차
 11  1조(박종곤) 9 문학파로아          승   09:08     09:28       0:20   차
 12  1조(박종곤)18 콜윈                기   07:20     07:27       0:07   차
 13  2조(손영표)25 금성환희            기   07:17     07:33       0:16   차
 14  2조(손영표)35 라스트콜            승   06:37     06:52       0:15   차
 15  2조(손영표)12 로스트워            기   07:13     07:26       0:13   차
 16  2조(손영표)34 매직만점            승   07:42     07:52       0:10   차
 17  2조(손영표)24 보스베이비          승   07:17     07:33       0:16   차
 18  2조(손영표) 9 불의가속            승   06:37     06:54       0:17   차
 19  2조(손영표)27 트레비트            기   07:56     08:16       0:20   차
 20  2조(손영표)14 피엔에스더킹        기   07:42     07:56       0:14   차
 21  2조(손영표)18 피엔에스럭키        승   06:23     06:36       0:13   차
 22  2조(손영표) 2 피케이로드          승   06:18     06:34       0:16   차
 23  3조(최영주) 1 골드윙              승   06:12     06:22       0:10   차
 24  3조(최영주)14 록라인              승   07:07     07:18       0:11   차
 25  3조(최영주)16 블랙머니            승   06:26     06:40       0:14   차
 26  3조(최영주) 3 슈발도리앙          승   06:26     06:40       0:14   차
 27  3조(최영주) 6 스카이퓨처          승   07:46     07:58       0:12   차
 28  3조(최영주)25 스텔라로드          기   07:16     07:26       0:10   차
 29  3조(최영주)29 티케파이어          기   06:44     06:56       0:12   차
 30  4조(박윤규)19 걸작맨              승   06:13     06:26       0:13   차
 31  4조(박윤규) 2 광양으뜸            승   06:18     06:31       0:13   차
 32  4조(박윤규)16 굿니센              승   07:59     08:21       0:22   차
 33  4조(박윤규)10 리드머니            승   06:43     06:52       0:09   차
 34  4조(박윤규)33 리틀보이플래시      승   06:46     07:11       0:25   차
 35  4조(박윤규) 4 멋진가람            승   07:21     07:36       0:15   차
 36  4조(박윤규) 1 멋진기록            승   07:58     08:18       0:20   차
 37  4조(박윤규) 8 으뜸이루리          조   06:20     06:38       0:18   차
 38  4조(박윤규)20 제주의보석          승   07:21     07:35       0:14   차
 39  4조(박윤규) 3 티파니블루          승   07:21     07:34       0:13   차
 40  5조(우창구)17 금아인빈서블        승   07:24     07:36       0:12   차
 41  5조(우창구)37 드림걸스            보   06:20     06:31       0:11   차
 42  5조(우창구) 1 에이원퀸            승   06:19     06:32       0:13   차
 43  5조(우창구)15 역전의우승          보   06:50     07:04       0:14   차
 44  5조(우창구)20 원더케이            보   07:25     07:34       0:09   차
 45  5조(우창구) 5 위너골드            보   07:47     07:58       0:11   차
 46  5조(우창구)10 초원의기적          승   07:42     07:58       0:16   차
 47  5조(우창구)40 특권                승   07:11     07:24       0:13   차
 48  5조(우창구)30 파이널스타          승   06:49     07:00       0:11   금
 49  6조(홍대유)29 가자플랜            승   07:26     07:37       0:11   차
 50  6조(홍대유)34 그린와트            승   06:53     07:12       0:19   차
 51  6조(홍대유) 9 그린질주            승   06:56     07:17       0:21   차
 52  6조(홍대유) 3 금빛여왕            기   08:12     08:21       0:09   차
 53  6조(홍대유)37 내길의축복          승   07:47     08:08       0:21   차
 54  6조(홍대유)30 문학서브            승   06:18     06:37       0:19   차
 55  6조(홍대유)33 새내스퍼트          기   07:31     07:41       0:10   차
 56  6조(홍대유)14 새내초이스          기   07:58     08:09       0:11   차
 57  6조(홍대유)26 서던맨              승   06:27     06:34       0:07   차
 58  6조(홍대유)13 선더챔프            보   06:21     06:37       0:16   금
 59  6조(홍대유)38 어플리트마린        승   07:55     08:07       0:12   차
 60  6조(홍대유) 7 이겨주마            승   06:18     06:37       0:19   차
 61  6조(홍대유) 1 정문최강            보   06:54     07:13       0:19   차
 62  7조(구자흥)26 그린다르크          승   06:37     06:45       0:08   금
 63  7조(구자흥) 5 대군옥              승   07:15     07:28       0:13   차
 64  7조(구자흥)22 대산특급            기   07:03     07:14       0:11   차
 65  7조(구자흥) 9 디케이별찌          승   07:05     07:20       0:15   차
 66  7조(구자흥) 6 빅포스원            승   06:14     06:28       0:14   차
 67  8조(최용구) 9 땡큐보스            승   06:18     06:26       0:08   차
 68  8조(최용구) 4 발베니              승   06:15     06:24       0:09   차
 69  8조(최용구)31 불멸의제왕          보   06:17     06:35       0:18   차
 70  8조(최용구)34 블루마리아          승   07:53     08:04       0:11   차
 71  8조(최용구)14 비크레이지          승   06:16     06:40       0:24   차
 72  8조(최용구) 5 초륭                승   07:42     07:59       0:17   차
 73  8조(최용구)22 투어링라니          승   07:21     07:35       0:14   차
 74  8조(최용구)17 퍼지데이            승   07:21     07:32       0:11   차
 75  9조(강성오) 5 강서돌풍            승   06:23     06:35       0:12   차
 76  9조(강성오)40 노르웨이서드        기   06:54     07:08       0:14   차
 77  9조(강성오)25 대지의여걸          승   07:17     07:28       0:11   차
 78  9조(강성오)32 대지의여인          승   07:15     07:26       0:11   차
 79  9조(강성오)19 브라운참            승   06:24     06:35       0:11   차
 80  9조(강성오) 4 블랙루키            승   06:55     07:05       0:10   차
 81  9조(강성오)21 중추부사            기   07:04     07:16       0:12   차
 82  9조(강성오)39 퀴클리런            승   06:23     06:36       0:13   차
 83  9조(강성오)10 클린업트리오        승   07:40     07:49       0:09   차
 84  9조(강성오)36 킹심바              승   06:11     06:22       0:11   차
 85  9조(강성오)33 텐배거              승   06:43     06:54       0:11   차
 86 10조(정호익)14 글로벌캡틴          승   06:12     06:30       0:18   차
 87 10조(정호익) 5 두손판타스틱        기   06:13     06:26       0:13   차
 88 10조(정호익) 7 레전드부어스        기   06:34     06:45       0:11   차
 89 10조(정호익)32 레전드스타          기   06:46     06:59       0:13   차
 90 10조(정호익)12 록뉴스              승   08:08     08:18       0:10   차
 91 10조(정호익)39 마이멤버            승   07:41     07:56       0:15   차
 92 10조(정호익) 4 매직플랜            승   07:35     07:48       0:13   차
 93 10조(정호익)19 문학스톰            기   06:47     06:58       0:11   차
 94 10조(정호익) 1 문학에카티          승   06:47     06:58       0:11   차
 95 10조(정호익)15 백승                기   07:12     07:25       0:13   차
 96 10조(정호익)28 셋더페이스          승   07:35     07:49       0:14   차
 97 10조(정호익)30 스마티드림          승   07:13     07:25       0:12   차
 98 10조(정호익)26 승부사              기   06:17     06:28       0:11   금
 99 10조(정호익)31 원평가속            기   06:30     06:41       0:11   차
100 10조(정호익)17 정상파이팅          승   07:46     07:58       0:12   차
101 10조(정호익)22 터프가이            승   06:12     06:26       0:14   차
102 10조(정호익) 3 하이하이            승   07:28     07:42       0:14   차
103 10조(정호익)24 흥드림              승   06:50     07:00       0:10   차
104 11조(조현수)39 보디가드            승   07:38     07:50       0:12   차
105 11조(조현수)17 브라이트해피        승   07:19     07:30       0:11   차
106 11조(조현수) 8 사이먼스톰          승   06:38     06:46       0:08   차
107 11조(조현수) 7 원더풀우먼          승   07:48     08:02       0:14   차
108 11조(조현수) 3 위닝메이커          승   07:27     07:37       0:10   차
109 11조(조현수) 1 일향달마            승   06:52     07:00       0:08   차
110 11조(조현수)24 적벽신화            승   06:56     07:12       0:16   차
111 11조(조현수)16 조이오브킹          승   07:05     07:19       0:14   차
112 11조(조현수)20 컴플리트챔프        승   07:10     07:18       0:08   차
113 11조(조현수)14 퀸라이언            승   06:38     06:49       0:11   차
114 11조(조현수)38 파이널에이스        보   07:11     07:23       0:12   차
115 11조(조현수) 4 해후                보   06:43     06:53       0:10   차
116 12조(서범석)14 선라이팅            승   07:15     07:26       0:11   차
117 12조(서범석)13 선파이팅            승   07:29     07:40       0:11   차
118 12조(서범석)11 스트롱러너          승   06:34     06:52       0:18   차
119 12조(서범석)16 스트롱레드          승   07:16     07:33       0:17   차
120 12조(서범석)29 스트롱벌처          승   06:40     06:52       0:12   차
121 12조(서범석)10 스트롱캡틴          승   06:35     06:46       0:11   차
122 12조(서범석) 6 파이팅히어로        승   06:28     06:40       0:12   차
123 13조(이희영)16 굿바우              승   06:17     06:35       0:18   차
124 13조(이희영)21 다크존              기   06:39     06:53       0:14   차
125 13조(이희영)24 백일홍              기   07:21     07:32       0:11   차
126 13조(이희영) 5 베스트탑            승   06:36     06:49       0:13   차
127 13조(이희영)26 본능대로            승   07:18     07:42       0:24   차
128 13조(이희영)12 원더플레이스        승   06:50     07:02       0:12   차
129 13조(이희영)31 큐피드원더          승   07:18     07:33       0:15   차
130 13조(이희영)18 파크윈              승   07:03     07:17       0:14   차
131 14조(이신영) 3 거센질풍            승   07:03     07:14       0:11   차
132 14조(이신영)32 다프네              승   07:56     08:07       0:11   차
133 14조(이신영) 4 딕시어게인          승   08:24     08:35       0:11   차
134 14조(이신영)19 라게르타            기   06:29     06:42       0:13   차
135 14조(이신영)12 사려니로키          승   07:28     07:43       0:15   차
136 14조(이신영)14 쇼미더골드          승   06:46     06:59       0:13   차
137 14조(이신영)16 스카이망치          기   06:27     06:37       0:10   차
138 14조(이신영)10 아그리워            승   07:56     08:11       0:15   차
139 14조(이신영) 9 아이언삭스          기   07:32     07:44       0:12   차
140 14조(이신영)37 엉클벨              기   06:15     06:26       0:11   차
141 14조(이신영)28 유레카              승   07:56     08:07       0:11   차
142 14조(이신영)25 화려한미소          승   07:16     07:27       0:11   차
143 15조(박희철)16 서울데이            승   07:23     07:41       0:18   차
144 15조(박희철)19 서울탱크            승   06:11     06:22       0:11   차
145 15조(박희철) 5 아침함성            승   07:37     07:48       0:11   차
146 15조(박희철) 2 정상만세            승   06:11     06:23       0:12   차
147 15조(박희철) 6 정상제트            기   06:35     06:47       0:12   차
148 15조(박희철)10 정상킹덤            기   06:12     06:21       0:09   차
149 16조(최봉주)11 너울이              조   06:53     07:08       0:15   차
150 16조(최봉주) 8 대천얼짱            승   06:26     06:37       0:11   차
151 16조(최봉주) 6 언패럴렐드          승   07:38     07:50       0:12   차
152 16조(최봉주)25 에이스프린스        조   06:19     06:34       0:15   차
153 16조(최봉주)36 오피서커맨딩        승   08:19     08:33       0:14   차
154 16조(최봉주) 5 원더풀니키야        승   06:15     06:27       0:12   차
155 16조(최봉주) 3 원더풀맘보          승   06:41     06:52       0:11   차
156 16조(최봉주) 1 장군별              조   08:18     08:29       0:11   차
157 16조(최봉주) 7 제주의하늘          승   07:49     08:05       0:16   차
158 16조(최봉주)15 코스모              승   06:53     07:11       0:18   차
159 16조(최봉주)10 특급여왕            승   06:28     06:41       0:13   차
160 16조(최봉주)24 호크의영광          승   06:18     06:33       0:15   차
161 17조(김점오)21 그랜드캐슬          보   07:01     07:12       0:11   차
162 17조(김점오) 3 런닝스톰            보   06:17     06:37       0:20   차
163 17조(김점오) 7 스피드흑룡          승   06:23     06:35       0:12   차
164 17조(김점오)22 이스머스            승   06:16     06:29       0:13   차
165 18조(박대흥)19 개나리송            기   07:46     08:02       0:16   차
166 18조(박대흥)29 광해                승   07:47     08:13       0:26   차
167 18조(박대흥)13 뉴스타영천          기   06:13     06:24       0:11   차
168 18조(박대흥) 4 메니골드            기   06:26     06:37       0:11   차
169 18조(박대흥)11 별나라질주          승   07:22     07:34       0:12   차
170 18조(박대흥)26 선오브선더          기   06:54     07:09       0:15   차
171 18조(박대흥)39 실버햄튼            승   06:25     06:38       0:13   차
172 18조(박대흥)23 아스펜태양          기   06:12     06:24       0:12   차
173 18조(박대흥)33 어나더클래스        승   07:46     08:02       0:16   차
174 18조(박대흥) 5 원더풀플라이        기   06:40     06:53       0:13   차
175 18조(박대흥)34 질풍천하            승   08:04     08:17       0:13   차
176 18조(박대흥) 3 챔피언가문          승   07:46     08:02       0:16   차
177 18조(박대흥) 9 천년의비            승   07:46     08:02       0:16   차
178 18조(박대흥)35 케이엔메니퀸        승   07:21     07:35       0:14   차
179 18조(박대흥)31 케이엔언더킹        기   06:25     06:38       0:13   차
180 18조(박대흥) 6 케이엔월드          승   08:03     08:17       0:14   차
181 18조(박대흥)38 한라의원석          승   08:04     08:16       0:12   차
182 19조(곽영효)10 레드파인            승   06:41     06:55       0:14   차
183 19조(곽영효)19 리빙스턴            기   07:01     07:15       0:14   차
184 19조(곽영효)30 빅터웨이            승   08:02     08:14       0:12   차
185 19조(곽영효)22 옥천최강            승   08:33     08:50       0:17   차
186 19조(곽영효)21 용암보스            승   07:35     07:49       0:14   차
187 19조(곽영효)11 천지지대            승   08:01     08:14       0:13   차
188 19조(곽영효)15 콜조이              승   08:45     08:55       0:10   차
189 19조(곽영효)16 클라우터            기   07:29     07:37       0:08   차
190 19조(곽영효)20 한강매직            승   07:17     07:30       0:13   차
191 19조(곽영효)13 한강보스            승   07:17     07:33       0:16   차
192 19조(곽영효)12 한강챔프            승   08:33     08:50       0:17   차
193 20조(배대선)11 농본바다            기   07:09     07:23       0:14   차
194 20조(배대선) 6 러브위드미          승   06:56     07:05       0:09   차
195 20조(배대선)39 머니가락            기   06:58     07:08       0:10   차
196 20조(배대선) 4 머니탑              기   06:39     06:50       0:11   차
197 20조(배대선)37 원더풀오렌지        승   07:35     07:44       0:09   차
198 20조(배대선)10 천마투데이          승   06:41     06:51       0:10   차
199 20조(배대선)27 큐피드불릿          승   07:10     07:24       0:14   차
200 20조(배대선)24 큐피드코리아        기   07:26     07:38       0:12   차
201 20조(배대선)18 플레이시스투고      승   06:54     07:11       0:17   차
202 21조(임봉춘) 4 루이사              기   06:54     07:03       0:09   차
203 21조(임봉춘)36 명진캔디            기   07:07     07:19       0:12   금
204 21조(임봉춘) 7 비바챔피언          승   06:09     06:21       0:12   차
205 21조(임봉춘) 6 삼상                기   06:41     06:51       0:10   차
206 21조(임봉춘)16 찬란한날            승   06:27     06:40       0:13   차
207 21조(임봉춘)29 파워프라이드        승   06:46     06:54       0:08   차
208 21조(임봉춘)18 플렉스퀸            기   06:51     07:03       0:12   차
209 21조(임봉춘)19 황금럭키            승   07:13     07:24       0:11   차
210 21조(임봉춘) 9 황금천지            기   06:52     07:06       0:14   차
211 22조(안병기)33 갈색향기            기   07:27     07:40       0:13   차
212 22조(안병기)13 럭키밸리            승   07:53     08:09       0:16   차
213 22조(안병기) 4 루비캣              승   06:28     06:40       0:12   차
214 22조(안병기)11 산뜻한스침          승   06:54     07:07       0:13   차
215 22조(안병기)40 어마무시            기   07:11     07:24       0:13   차
216 22조(안병기)17 원더풀조이          승   07:42     07:55       0:13   차
217 22조(안병기)26 원지                기   07:25     07:34       0:09   차
218 22조(안병기)36 일보등천            기   06:31     06:43       0:12   차
219 22조(안병기)28 초인강자            조   06:14     06:29       0:15   차
220 22조(안병기) 7 초인스파크          승   06:42     06:52       0:10   차
221 22조(안병기)21 푸른요정            승   07:24     07:35       0:11   차
222 23조(유재길)18 대싱카누            승   07:12     07:27       0:15   차
223 23조(유재길)16 부케팔로스          승   06:42     06:57       0:15   차
224 23조(유재길) 1 스피어건            승   06:27     06:39       0:12   차
225 23조(유재길) 6 에버더챔프          승   06:12     06:21       0:09   차
226 23조(유재길) 3 예상백승            승   06:44     06:58       0:14   차
227 23조(유재길)11 정겨운              기   06:53     07:06       0:13   차
228 23조(유재길) 8 피엔에스헐          기   07:11     07:24       0:13   차
229 24조(서홍수)28 마이티웰            승   07:13     07:25       0:12   차
230 24조(서홍수)20 마이티킥            승   07:39     07:50       0:11   차
231 24조(서홍수)25 마칼루파워          승   07:56     08:07       0:11   차
232 24조(서홍수) 3 배다리프린스        승   06:35     06:46       0:11   차
233 24조(서홍수)24 스트롱퀸            승   08:19     08:30       0:11   차
234 24조(서홍수)40 시크릿보스          승   06:18     06:30       0:12   차
235 24조(서홍수)13 아치참              승   08:19     08:38       0:19   차
236 24조(서홍수)39 엠제이돌풍          승   08:19     08:35       0:16   차
237 24조(서홍수)22 질주대로            승   07:46     07:57       0:11   차
238 24조(서홍수)36 코리안펄            승   06:55     07:06       0:11   차
239 24조(서홍수) 7 팬시팬츠            승   06:56     07:08       0:12   차
240 25조(전승규)38 럭키훈              조   07:28     07:39       0:11   차
241 25조(전승규)15 모닝동자            승   07:44     07:55       0:11   차
242 25조(전승규)26 송암플레이어        승   06:23     06:34       0:11   차
243 25조(전승규)17 스마트대보          승   06:25     06:35       0:10   차
244 25조(전승규)40 원더풀인디언        승   08:13     08:23       0:10   차
245 25조(전승규) 3 이스트라이크        승   08:43     08:55       0:12   차
246 25조(전승규) 6 초토마              승   07:01     07:12       0:11   차
247 25조(전승규)34 춘산                승   06:28     06:38       0:10   차
248 25조(전승규)20 콘스티솔로          조   06:58     07:09       0:11   차
249 25조(전승규)37 파워요트            승   07:02     07:12       0:10   차
250 25조(전승규)35 팰리스퀸            승   08:11     08:22       0:11   차
251 25조(전승규)13 페페런              승   08:20     08:28       0:08   차
252 25조(전승규)18 항구스타            승   07:38     07:49       0:11   차
253 25조(전승규) 1 허쉬대보            조   06:29     06:36       0:07   차
254 26조(안해양)18 댓츠마이걸          승   07:10     07:24       0:14   차
255 26조(안해양)11 더블에지            승   08:13     08:29       0:16   차
256 26조(안해양)23 럭키인디            승   07:08     07:29       0:21   차
257 26조(안해양)15 런던스카이          승   07:42     07:57       0:15   차
258 26조(안해양)19 런던스피드          보   06:13     06:33       0:20   차
259 26조(안해양) 4 런던액티브          승   06:22     06:36       0:14   차
260 26조(안해양)10 벼락                기   07:42     07:57       0:15   차
261 26조(안해양)12 송암캔디            승   06:43     06:52       0:09   차
262 26조(안해양)35 아킬리온            보   06:47     07:05       0:18   차
263 26조(안해양) 9 에너자이저          보   08:14     08:30       0:16   차
264 26조(안해양)20 예스아이캔          승   07:41     07:52       0:11   차
265 26조(안해양) 5 우대륭              승   06:21     06:35       0:14   차
266 26조(안해양) 1 큐피드점보          기   08:13     08:29       0:16   차
267 26조(안해양)39 하륭                보   07:42     07:57       0:15   차
268 27조(박병일) 8 금세다              승   07:36     07:47       0:11   차
269 27조(박병일) 5 드림패션            승   06:54     07:17       0:23   차
270 27조(박병일)25 문학백투백          승   07:35     07:45       0:10   차
271 27조(박병일)16 문학선              승   07:54     08:07       0:13   차
272 27조(박병일) 6 문학태핏            승   06:17     06:34       0:17   차
273 27조(박병일)19 스마티대세          승   06:54     07:13       0:19   차
274 27조(박병일)29 스틸더패션          승   06:17     06:27       0:10   차
275 27조(박병일)26 은혜가득            승   08:06     08:19       0:13   차
276 27조(박병일) 3 은혜충만            승   06:56     07:13       0:17   차
277 27조(박병일)12 최강미래            승   06:54     07:13       0:19   차
278 27조(박병일)11 톱시드              승   08:22     08:31       0:09   차
279 27조(박병일)23 환상터치            승   06:13     06:22       0:09   차
280 28조(최상식)10 거센광풍            승   06:45     06:59       0:14   차
281 28조(최상식) 4 거센돌풍            기   06:22     06:37       0:15   차
282 28조(최상식)19 글로벌골드          기   07:05     07:21       0:16   차
283 28조(최상식) 2 글로벌매직          승   06:45     07:08       0:23   차
284 28조(최상식)11 글로벌스톰          승   06:45     06:57       0:12   차
285 28조(최상식) 6 글로벌천사          기   07:18     07:29       0:11   차
286 28조(최상식) 5 바람살              기   06:45     06:59       0:14   차
287 28조(최상식) 1 베스트럭키          기   06:10     06:22       0:12   차
288 29조(배휴준)18 데스크탑            보   07:05     07:20       0:15   차
289 29조(배휴준) 5 세명엠파이어        승   07:24     07:45       0:21   차
290 29조(배휴준)23 소중한기억          조   06:30     06:43       0:13   차
291 29조(배휴준) 6 와와여장부          승   07:01     07:14       0:13   차
292 29조(배휴준)31 와일드킹덤          승   06:53     07:06       0:13   차
293 29조(배휴준)20 원더풀루비          조   06:56     07:07       0:11   차
294 29조(배휴준)21 천리총              승   06:34     06:45       0:11   차
295 30조(토니  )14 남산초콜릿          승   08:33     08:45       0:12   차
296 30조(토니  )29 당대로얄            기   06:55     07:05       0:10   차
297 30조(토니  ) 2 더검푸              조   06:54     07:06       0:12   차
298 30조(토니  )11 더리퍼              조   06:21     06:35       0:14   차
299 30조(토니  )19 반야동행            승   06:55     07:05       0:10   차
300 30조(토니  ) 6 벚꽃블레이드        승   06:22     06:34       0:12   차
301 30조(토니  ) 3 베리블레이드        승   08:03     08:14       0:11   차
302 30조(토니  )12 스프링킹            기   07:22     07:33       0:11   금
303 30조(토니  )17 아마존킹            기   06:19     06:30       0:11   차
304 30조(토니  ) 7 에이스샤인          조   08:30     08:41       0:11   차
305 30조(토니  ) 1 우청륭              기   06:21     06:34       0:13   차
306 30조(토니  ) 9 장산바다            승   07:22     07:33       0:11   차
307 30조(토니  )21 천둥오름            승   06:22     06:34       0:12   차
308 30조(토니  )18 청담제왕            조   07:22     07:33       0:11   금
309 30조(토니  )13 청담탱크            조   08:03     08:15       0:12   차
310 30조(토니  )16 최강장산            승   07:25     07:35       0:10   차
311 30조(토니  ) 8 케이블레이드        승   08:01     08:12       0:11   차
312 31조(강환민)29 레전드삭스          승   07:10     07:28       0:18   차
313 31조(강환민)34 무적장산            승   06:26     06:35       0:09   차
314 31조(강환민) 7 블루블레이드        승   07:10     07:26       0:16   차
315 31조(강환민)39 어서와              승   06:13     06:21       0:08   차
316 31조(강환민)24 원더풀섀도우        승   07:38     07:49       0:11   차
317 31조(강환민)35 장산클리어          승   06:58     07:08       0:10   차
318 31조(강환민) 6 정상파워            승   08:29     08:42       0:13   차
319 31조(강환민)32 최강블레이드        기   06:24     06:35       0:11   차
320 31조(강환민) 1 큐피드와우          승   08:29     08:41       0:12   차
321 31조(강환민)17 해피삭스            승   06:44     06:55       0:11   차
322 32조(김윤섭)11 그랜드마스터        기   06:51     07:02       0:11   차
323 32조(김윤섭) 8 드림케이            기   07:01     07:16       0:15   차
324 32조(김윤섭) 7 문학슬루            승   07:02     07:14       0:12   차
325 32조(김윤섭)13 슈퍼버드            기   07:16     07:28       0:12   차
326 32조(김윤섭)26 헬로금성            기   06:50     07:04       0:14   차
327 33조(서인석) 6 누비강자            조   06:18     06:39       0:21   차
328 33조(서인석)32 누비고              기   07:09     07:21       0:12   차
329 33조(서인석)10 라이오넷            승   07:10     07:24       0:14   차
330 33조(서인석)26 마성천하            조   07:36     07:49       0:13   차
331 33조(서인석)19 매직조이            승   08:10     08:22       0:12   차
332 33조(서인석)20 빅리버              조   06:58     07:16       0:18   차
333 33조(서인석) 8 선포레              승   07:55     08:05       0:10   차
334 33조(서인석)24 유정챔프            기   06:26     06:40       0:14   차
335 33조(서인석)40 이스트제트          승   06:16     06:28       0:12   차
336 33조(서인석) 4 티즈에너지          승   06:16     06:34       0:18   차
337 33조(서인석)31 패션피플            기   06:56     07:03       0:07   차
338 33조(서인석) 5 프리마니케          기   06:13     06:24       0:11   차
339 34조(리카디)17 가로수길            기   06:56     07:08       0:12   차
340 34조(리카디) 5 남산의별            승   06:50     07:04       0:14   차
341 34조(리카디) 7 남산호랑이          승   07:25     07:35       0:10   차
342 34조(리카디) 8 댄싱블레이드        승   08:01     08:13       0:12   차
343 34조(리카디)21 드림스피드          승   08:40     08:51       0:11   차
344 34조(리카디)38 레드블레이드        승   08:12     08:20       0:08   차
345 34조(리카디)19 매직레코드          기   06:56     07:08       0:12   차
346 34조(리카디)32 미라클도터          승   08:48     09:03       0:15   차
347 34조(리카디)31 바비블레이드        보   08:48     09:02       0:14   차
348 34조(리카디) 6 발레리나            승   07:20     07:26       0:06   차
349 34조(리카디)22 벌말대장            승   06:18     06:30       0:12   차
350 34조(리카디)25 블랙마스크          승   08:01     08:15       0:14   차
351 34조(리카디)37 비제이플래시        승   08:48     09:02       0:14   차
352 34조(리카디)11 슈퍼삭스            승   06:29     06:39       0:10   차
353 34조(리카디)14 스피드갤럽          승   07:00     07:18       0:18   차
354 34조(리카디)23 어나더초이스        승   07:13     07:26       0:13   차
355 34조(리카디)24 엑톤선더            승   08:02     08:17       0:15   차
356 34조(리카디)13 지산꽃              승   08:02     08:17       0:15   차
357 34조(리카디)34 최강토마            승   07:47     07:57       0:10   차
358 34조(리카디)29 퀀텀점프            기   06:33     06:46       0:13   차
359 34조(리카디)28 파이널칸지노        승   08:20     08:29       0:09   차
360 34조(리카디) 2 희망가득            승   07:16     07:28       0:12   차
361 35조(임채덕)15 김천영웅            승   06:30     06:47       0:17   차
362 35조(임채덕) 1 럭센                승   06:46     06:59       0:13   차
363 35조(임채덕)18 로렐파워            조   08:01     08:17       0:16   차
364 35조(임채덕) 5 마이티선샤인        기   06:36     06:47       0:11   차
365 35조(임채덕)11 송암선샤인          승   07:21     07:35       0:14   차
366 35조(임채덕)22 어게인윙            승   06:28     06:44       0:16   차
367 35조(임채덕)16 원더풀캣            조   06:48     06:57       0:09   차
368 35조(임채덕)12 인디로켓            승   07:21     07:35       0:14   차
369 35조(임채덕) 6 인디언선샤인        승   08:01     08:18       0:17   차
370 35조(임채덕)17 제왕의별            조   07:25     07:44       0:19   차
371 35조(임채덕) 2 투에이스            기   07:08     07:19       0:11   차
372 35조(임채덕) 7 플라잉센걸          승   08:02     08:17       0:15   차
373 35조(임채덕)19 하니                조   06:20     06:33       0:13   차
374 37조(심승태)19 나올챔프            승   06:35     07:03       0:28   차
375 37조(심승태)15 뉴스마트            기   06:35     06:50       0:15   차
376 37조(심승태)22 뉴파티              승   07:36     07:48       0:12   차
377 37조(심승태)24 무야호              승   07:37     07:48       0:11   차
378 37조(심승태) 5 비엔토              승   07:17     07:33       0:16   차
379 37조(심승태)11 퍼스트슈            기   06:42     06:55       0:13   차
380 37조(심승태)20 피케이돌풍          기   06:21     06:29       0:08   금
381 40조(송문길)21 고스트빌리지        기   06:24     06:36       0:12   차
382 40조(송문길)31 나의전설            기   06:11     06:22       0:11   차
383 40조(송문길)28 런히어로            승   07:46     07:57       0:11   차
384 40조(송문길)11 베오울프            기   06:11     06:23       0:12   차
385 40조(송문길)14 빅투더빅            보   07:04     07:12       0:08   금
386 40조(송문길)29 샴로커              승   06:52     07:03       0:11   금
387 40조(송문길) 3 스마트파워          기   06:23     06:34       0:11   차
388 40조(송문길)20 아테나브이          기   06:10     06:22       0:12   차
389 40조(송문길)34 온리위너            기   06:11     06:22       0:11   금
390 40조(송문길)32 제다이              기   07:00     07:11       0:11   차
391 40조(송문길)24 콰이어트아델        기   06:11     06:21       0:10   차
392 40조(송문길)13 퍼플케이            승   07:04     07:17       0:13   금
393 41조(신삼영)13 논스톱기상          승   06:53     07:05       0:12   차
394 41조(신삼영)20 별빛보석            승   06:14     06:28       0:14   차
395 41조(신삼영) 1 세명기상            승   06:53     07:03       0:10   차
396 41조(신삼영)22 세명나래            승   07:37     07:52       0:15   차
397 41조(신삼영)15 알사이먼            승   08:00     08:16       0:16   차
398 41조(신삼영) 7 올포유어드림        승   06:14     06:29       0:15   차
399 41조(신삼영) 3 유로강자            승   08:00     08:19       0:19   차
400 42조(이관호) 3 글로리파이터        기   07:00     07:13       0:13   차
401 42조(이관호)29 금아스위프트        기   06:38     06:49       0:11   차
402 42조(이관호) 7 금아애크미          기   06:29     06:40       0:11   차
403 42조(이관호)14 댓츠마이보이        기   07:50     07:58       0:08   차
404 42조(이관호)24 맥스런              기   07:16     07:24       0:08   차
405 42조(이관호)21 방탄여걸            기   08:28     08:40       0:12   차
406 42조(이관호)34 베스트마루          기   08:06     08:16       0:10   차
407 42조(이관호) 6 빅에너지            승   08:40     08:50       0:10   차
408 42조(이관호) 4 승리여전사          기   06:57     07:05       0:08   차
409 42조(이관호)37 아이스펀치          기   07:13     07:24       0:11   차
410 42조(이관호)17 어나더스마트원      기   06:15     06:28       0:13   차
411 42조(이관호) 1 와일드러너          승   06:11     06:24       0:13   차
412 42조(이관호)20 지산군              기   07:38     07:46       0:08   차
413 42조(이관호)38 지스타              승   06:12     06:24       0:12   차
414 42조(이관호)30 챔피언함성          승   06:28     06:44       0:16   차
415 42조(이관호)13 청산강호            기   07:00     07:13       0:13   차
416 42조(이관호)32 청산영웅            기   06:53     07:06       0:13   차
417 42조(이관호)12 태양마              기   06:44     06:55       0:11   차
418 43조(서정하)14 세명햇살            승   06:13     06:25       0:12   차
419 48조(이준철) 9 거문                보   08:15     08:28       0:13   차
420 48조(이준철) 4 더드림              조   07:02     07:13       0:11   차
421 48조(이준철)16 메이블레이드        승   07:34     07:57       0:23   차
422 48조(이준철)31 블루키톤            조   06:22     06:33       0:11   차
423 48조(이준철)10 슈룹                보   06:27     06:37       0:10   차
424 48조(이준철) 3 엄청난걸            승   06:56     07:08       0:12   차
425 48조(이준철)21 오래함께하자        보   07:01     07:16       0:15   차
426 48조(이준철)14 원더풀기사          기   06:56     07:06       0:10   차
427 48조(이준철)13 이천아치            승   08:14     08:25       0:11   차
428 48조(이준철)23 코인즈웨이          승   07:00     07:11       0:11   차
429 48조(이준철)17 흥바라기            보   07:34     07:49       0:15   차
430 49조(지용철)32 겅호우              기   06:57     07:10       0:13   차
431 49조(지용철)34 구름타고            기   07:24     07:33       0:09   금
432 49조(지용철) 6 마패봉              기   06:28     06:36       0:08   금
433 49조(지용철)21 밀키셰리            기   07:48     07:59       0:11   차
434 49조(지용철)17 방탄마              기   07:28     07:36       0:08   금
435 49조(지용철)25 삼단가속            기   06:39     06:50       0:11   금
436 49조(지용철)13 스타로즈            기   08:04     08:15       0:11   차
437 49조(지용철) 1 아메리칸포스원      기   07:13     07:25       0:12   차
438 49조(지용철)18 온천하              기   07:14     07:25       0:11   차
439 49조(지용철)40 원앤온리            기   07:42     07:53       0:11   차
440 49조(지용철)38 지금여기에          기   06:38     06:49       0:11   차
441 49조(지용철) 5 청산가세            기   06:11     06:24       0:13   차
442 49조(지용철) 3 코리아기적          기   06:31     06:43       0:12   차
443 49조(지용철)28 태양타고            기   08:04     08:15       0:11   차
444 49조(지용철)37 페더럴킹            승   07:13     07:24       0:11   차
445 49조(지용철) 8 황금달빛            기   06:15     06:28       0:13   금
446 50조(박재우)22 가가나              기   06:26     06:42       0:16   차
447 50조(박재우)16 스킬맥스            승   06:43     06:53       0:10   차
448 50조(박재우) 8 야호스마트캣        기   06:16     06:31       0:15   차
449 50조(박재우)24 영광의미소          승   08:16     08:28       0:12   차
450 50조(박재우)28 이스트임팩트        승   08:10     08:22       0:12   차
451 50조(박재우)37 이터널메모리        승   06:28     06:36       0:08   차
452 50조(박재우)10 제이에스군주        승   07:18     07:32       0:14   차
453 50조(박재우) 7 컴플리트밸류        기   06:26     06:40       0:14   차
454 50조(박재우)18 컴플리트타임        기   06:42     06:57       0:15   차
455 50조(박재우)15 트리플킹덤          승   07:17     07:32       0:15   차
456 51조(최용건)15 다울사랑            보   08:02     08:10       0:08   차
457 51조(최용건)31 명진플라이          승   06:26     06:36       0:10   차
458 51조(최용건)13 모닝뉴스            보   07:15     07:26       0:11   차
459 51조(최용건)20 송암레이서          승   08:06     08:17       0:11   차
460 51조(최용건)10 스마티트렘          승   08:12     08:28       0:16   차
461 51조(최용건)27 신대로              승   07:34     07:45       0:11   차
462 51조(최용건)35 써니블레이드        승   07:52     08:04       0:12   차
463 51조(최용건) 6 장산포이즌          승   07:51     08:06       0:15   차
464 51조(최용건)11 젊은영웅            보   06:39     06:51       0:12   금
465 51조(최용건)21 천상성              조   06:46     07:04       0:18   차
466 51조(최용건)22 클리어검            승   06:20     06:31       0:11   금
467 51조(최용건)12 티즈러너            승   08:22     08:34       0:12   차
468 51조(최용건)26 플래티넘유로        승   06:53     07:09       0:16   차
469 51조(최용건)18 희망챔프            승   08:12     08:28       0:16   차
470 51조(최용건)17 히어로스피드        승   06:52     07:01       0:09   차
471 52조(김동균)32 로드스카이          승   07:11     07:25       0:14   차
472 52조(김동균)31 머니챔프            승   08:18     08:29       0:11   차
473 52조(김동균)17 볼트맨              기   06:32     06:44       0:12   차
474 52조(김동균)26 블랙머스크          기   06:13     06:23       0:10   차
475 52조(김동균)25 비트퀸              승   07:12     07:26       0:14   차
476 52조(김동균) 6 엠제이스톰          보   07:45     07:56       0:11   차
477 52조(김동균)40 엠제이포인트        승   06:32     06:45       0:13   차
478 52조(김동균)36 천지의빛            승   07:11     07:27       0:16   차
479 52조(김동균)15 트로트퀸            승   06:40     06:53       0:13   차
480 53조(김동철)25 갑오사랑해          승   08:19     08:31       0:12   차
481 53조(김동철) 2 대한질주            승   08:12     08:26       0:14   금
482 53조(김동철)34 러피언파크          승   06:34     06:55       0:21   차
483 53조(김동철)17 롱런                승   07:27     07:42       0:15   차
484 53조(김동철)27 슈퍼아이            승   06:34     06:55       0:21   차
485 53조(김동철)30 스타플라워          승   06:34     06:58       0:24   차
486 53조(김동철)24 영블러드            승   07:27     07:48       0:21   차
487 53조(김동철)29 천지운행            승   07:27     07:48       0:21   차
488 53조(김동철)26 캡틴오섬            승   06:34     06:54       0:20   차
489 53조(김동철)21 퀸엔젤              승   08:16     08:28       0:12   차
490 53조(김동철) 1 큐피드포인트        승   07:18     07:34       0:16   차
491 53조(김동철) 7 킹엔젤마리아        승   08:36     08:49       0:13   차
492 53조(김동철) 4 퍼텐셜에너지        승   08:20     08:28       0:08   차
493 54조(박천서)31 바로퀸              기   07:44     07:55       0:11   차
494 54조(박천서) 1 베링맨              승   06:24     06:39       0:15   차
495 54조(박천서)36 브이퀸              기   07:11     07:22       0:11   차
496 54조(박천서)16 블루참              기   07:35     07:46       0:11   차
497 54조(박천서)23 빅플랜              승   07:00     07:11       0:11   차
498 54조(박천서)33 승승파워            기   07:33     07:42       0:09   금
499 54조(박천서)24 아라비아해          기   07:20     07:32       0:12   차
500 54조(박천서)10 아미고라로          승   06:45     06:59       0:14   차
501 54조(박천서) 9 큐피드가이          보   08:21     08:28       0:07   차
━━━━━━━━━━━━━━━━━━━━━━━━━━━━━━━━━━━━━━━
                                                      출력일자 : 2021. 7.17

