

제목 : 21.05.01 제 20 일  토 요일   1경주;   

 1200 M   출전:11두    국6등급   ( R0~0             연령오픈  )     출발:11:00
 별정A         일반      
   8,800,000원    5,500,000원    3,740,000원    2,420,000원    1,540,000원 
------------------------------------------------------------------------------------------------------
 마번  마   명            산지  성별 연령 중량       기수       조교사     마주              레이팅
------------------------------------------------------------------------------------------------------
   1   샤인뮤직            한(포)암   4  54.0       하정훈      심승태    김용래                   
   2   금국화              한    암   3  54.0       이현종      우창구    배태곤                   
   3   런투골              한    암   3  54.0       함완식      강성오    씨유네트워크             
   4   아쿠아펀치          한    암   3  54.0       정정희      최용건    구인택                   
   5   천마투데이          한    암   3  54.0       장추열      배대선    박웅진                   
   6   히트하트            한    암   4  54.0       이강서      박천서    정승희                   
   7   매직레코드          한    암   3  54.0       빅투아르    리카디    남기태                   
   8   글로벌천사          한    암   3  54.0       이혁        최상식    장재형                   
   9   원더풀데블          한    암   3  54.0       임기원      서홍수    (주)녹원목장             
  10   은혜파도            한    암   4  54.0       부민호      김동철    강태구                   
  11   원더풀니키야        한    암   4  54.0       최범현      최봉주    지대섭                   
------------------------------------------------------------------------------------------------------
                                                                          --총전적--      --1년전적--
 마번  마  명                  수득상금     1년수득상금  6개월수득상금  1위/2위/3위/계  1위/2위/3위/계
------------------------------------------------------------------------------------------------------
   1   샤인뮤직                 4,420,000     2,420,000     2,420,000    0   0   0   6   0   0   0   3
   2   금국화                   1,000,000     1,000,000     1,000,000    0   0   0   3   0   0   0   3
   3   런투골                           0             0             0    0   0   0   3   0   0   0   3
   4   아쿠아펀치                       0             0             0    0   0   0   0   0   0   0   0
   5   천마투데이              31,980,000    31,980,000    18,480,000    2   0   1   6   2   0   1   6
   6   히트하트                         0             0             0    0   0   0   3   0   0   0   3
   7   매직레코드               8,800,000     8,800,000     8,800,000    1   0   0   1   1   0   0   1
   8   글로벌천사               2,420,000     2,420,000     2,420,000    0   0   0   4   0   0   0   4
   9   원더풀데블                       0             0             0    0   0   0   1   0   0   0   1
  10   은혜파도                13,520,000    13,520,000     7,920,000    0   1   1   8   0   1   1   6
  11   원더풀니키야             2,420,000     2,420,000     2,420,000    0   0   0   6   0   0   0   4
------------------------------------------------------------------------------------------------------


제목 : 21.05.01 제 20 일  토 요일   2경주;   

 1200 M   출전:14두    국6등급   ( R0~0             연령오픈  )     출발:12:00
 별정A         일반      
   8,800,000원    5,500,000원    3,740,000원    2,420,000원    1,540,000원 
------------------------------------------------------------------------------------------------------
 마번  마   명            산지  성별 연령 중량       기수       조교사     마주              레이팅
------------------------------------------------------------------------------------------------------
   1   올드스페셜          한    수   3  56.0       임기원      박재우    이진경                   
   2   김천영웅            한    거   3  56.0       김옥성      최봉주    박충범                   
   3   스마트하이          한(포)암   3  54.0       최범현      최용건    김창호                   
   4   젤로스              한    암   3  54.0       박을운      이관호    정기환                   
   5   베스트천상          한    암   3  54.0       송재철      박천서    베스트샤인조합           
   6   럭셔리킹            한    수   3  56.0       부민호      김동철    김명식                   
   7   홀리데이참          한    수   3  56.0       조한별      유재길    김세민                   
   8   비바챔피언          한    수   3  56.0       김덕현      임봉춘    박세용                   
   9   송암캣              한    암   4  54.0       박현우      안해양    지원철                   
  10   모닝동자            한    거   4  56.0       김동수      전승규    김중길                   
  11   지금여기에          한    수   3  56.0       정평수      지용철    최성룡                   
  12   그린최강            한    암   3  54.0       김정준      홍대유    김재영b                  
  13   빅리치              한    거   3  56.0       정정희      배휴준    김진철                   
  14   슈프림로드          한(포)수   3  56.0       조상범      최영주    손병현                   
------------------------------------------------------------------------------------------------------
                                                                          --총전적--      --1년전적--
 마번  마  명                  수득상금     1년수득상금  6개월수득상금  1위/2위/3위/계  1위/2위/3위/계
------------------------------------------------------------------------------------------------------
   1   올드스페셜               7,920,000     7,920,000     7,920,000    0   1   0   3   0   1   0   3
   2   김천영웅                 3,740,000     3,740,000     3,740,000    0   0   1   1   0   0   1   1
   3   스마트하이                       0             0             0    0   0   0   0   0   0   0   0
   4   젤로스                           0             0             0    0   0   0   2   0   0   0   2
   5   베스트천상               6,160,000     6,160,000     6,160,000    0   0   1   3   0   0   1   3
   6   럭셔리킹                         0             0             0    0   0   0   4   0   0   0   4
   7   홀리데이참               9,240,000     9,240,000     9,240,000    0   1   1   3   0   1   1   3
   8   비바챔피언                       0             0             0    0   0   0   1   0   0   0   1
   9   송암캣                   8,800,000     8,800,000     8,800,000    1   0   0   5   1   0   0   3
  10   모닝동자                         0             0             0    0   0   0   3   0   0   0   3
  11   지금여기에                       0             0             0    0   0   0   7   0   0   0   7
  12   그린최강                         0             0             0    0   0   0   5   0   0   0   5
  13   빅리치                           0             0             0    0   0   0   4   0   0   0   4
  14   슈프림로드                       0             0             0    0   0   0   1   0   0   0   1
------------------------------------------------------------------------------------------------------


제목 : 21.05.01 제 20 일  토 요일   3경주;   

 1300 M   출전:14두    국6등급   ( R0~0             연령오픈  )     출발:13:20
 별정A         일반      
   8,800,000원    5,500,000원    3,740,000원    2,420,000원    1,540,000원 
------------------------------------------------------------------------------------------------------
 마번  마   명            산지  성별 연령 중량       기수       조교사     마주              레이팅
------------------------------------------------------------------------------------------------------
   1   찬란한날            한    수   3  56.0       최범현      임봉춘    진교원                   
   2   인디라이트          한    암   3  54.0       문정균      최상식    변갑한                   
   3   불화산              한    거   3  56.0       김덕현      이관호    황은호                   
   4   찬기참              한    암   3  54.0       김동수      강성오    김세민                   
   5   나의신화            한    수   4  56.0       우에다      송문길    박복용                   
   6   마성혼신            한    암   4  54.0       문성혁      서인석    천사들의 안장            
   7   소우주              한    수   3  56.0       먼로        안병기    우태율                   
   8   천둥기세            한    수   4  56.0       김효정      배대선    (주)디알엠씨티           
   9   마이리더            한    수   3  54.0   (-2)임다빈      정호익    백국인                   
  10   남산열매            한(포)암   3  54.0       빅투아르    리카디    이기선                   
  11   테이크하트          한    암   3  54.0       김용근      임봉춘    홍종운                   
  12   케이블레이드        한(포)암   3  54.0       박을운      토니      김형란                   
  13   페더럴아이          한    수   3  56.0       문세영      지용철    금악목장                 
  14   강철다리            한    암   4  54.0       이기회      서정하    공이공팔                 
------------------------------------------------------------------------------------------------------
                                                                          --총전적--      --1년전적--
 마번  마  명                  수득상금     1년수득상금  6개월수득상금  1위/2위/3위/계  1위/2위/3위/계
------------------------------------------------------------------------------------------------------
   1   찬란한날                         0             0             0    0   0   0   3   0   0   0   3
   2   인디라이트                       0             0             0    0   0   0   4   0   0   0   4
   3   불화산                           0             0             0    0   0   0   4   0   0   0   4
   4   찬기참                   1,540,000     1,540,000     1,540,000    0   0   0   4   0   0   0   4
   5   나의신화                10,500,000     6,500,000             0    0   1   0   5   0   1   0   3
   6   마성혼신                 1,540,000     1,540,000     1,540,000    0   0   0   2   0   0   0   2
   7   소우주                   2,790,000     2,790,000     2,790,000    0   0   0   7   0   0   0   7
   8   천둥기세                 5,600,000     5,600,000             0    0   0   1   5   0   0   1   5
   9   마이리더                         0             0             0    0   0   0   4   0   0   0   4
  10   남산열매                         0             0             0    0   0   0   0   0   0   0   0
  11   테이크하트               6,160,000     6,160,000     6,160,000    0   0   1   3   0   0   1   3
  12   케이블레이드             2,420,000     2,420,000     2,420,000    0   0   0   5   0   0   0   5
  13   페더럴아이              16,280,000    16,280,000    13,200,000    0   1   2   5   0   1   2   5
  14   강철다리                         0             0             0    0   0   0   7   0   0   0   3
------------------------------------------------------------------------------------------------------


제목 : 21.05.01 제 20 일  토 요일   4경주;   

 1400 M   출전:14두    국5등급   ( R1~35            연령오픈  )     출발:14:20
 핸디캡        일반      
  11,200,000원    7,000,000원    4,760,000원    3,080,000원    1,960,000원 
------------------------------------------------------------------------------------------------------
 마번  마   명            산지  성별 연령 중량       기수       조교사     마주              레이팅
------------------------------------------------------------------------------------------------------
   1   천지폭풍            한    거   5  54.0       문성혁      서인석    홍상기                 29
   2   올드블레이드        한    암   4  55.0       문세영      최용건    김형란                 35
   3   천세만세            한    수   5  52.0       방춘식      박희철    신영식                 24
   4   파워돌풍            한    수   3  55.0       함완식      송문길    박정재                 31
   5   대한챔프            한    수   5  52.0       조한별      서정하    대한사료               25
   6   파이팅나우          한    수   4  54.5       최범현      박종곤    김정철                 30
   7   테라스피드          한    수   4  52.0       김동수      박병일    선용호                 25
   8   달리는빛깔          한    수   4  56.0       이혁        지용철    김종식                 33
   9   스트롱레드          한    암   4  51.5       문정균      서범석    이성헌                 28
  10   엄지여왕            한    암   6  52.0       정정희      배휴준    서상주                 21
  11   와니케이            한    암   6  52.0       김옥성      유재길    김영완                 28
  12   초동로켓            한    수   4  55.5       김용근      최영주    손병철                 32
  13   바디스타            한    수   4  53.5       조상범      임봉춘    김진태a                28
  14   화려                한    암   4  52.0       하정훈      이관호    황은호                 29
------------------------------------------------------------------------------------------------------
                                                                          --총전적--      --1년전적--
 마번  마  명                  수득상금     1년수득상금  6개월수득상금  1위/2위/3위/계  1위/2위/3위/계
------------------------------------------------------------------------------------------------------
   1   천지폭풍                40,880,000     2,000,000             0    1   1   1  15   0   0   0   3
   2   올드블레이드            51,600,000    44,000,000             0    1   2   1   6   1   2   0   4
   3   천세만세                28,880,000     3,840,000     2,240,000    0   2   2  26   0   0   0   8
   4   파워돌풍                17,500,000    17,500,000    17,500,000    1   0   2   4   1   0   2   4
   5   대한챔프                22,080,000             0             0    1   1   0  15   0   0   0   5
   6   파이팅나우              39,020,000    26,420,000    17,620,000    0   3   1   8   0   2   1   6
   7   테라스피드              15,000,000     7,500,000             0    0   2   0   9   0   1   0   5
   8   달리는빛깔              48,650,000    40,490,000    22,490,000    1   3   3  14   1   2   2   8
   9   스트롱레드              29,280,000             0             0    1   1   0   7   0   0   0   3
  10   엄지여왕                60,760,000     2,400,000             0    1   1   3  36   0   0   0  10
  11   와니케이                80,560,000    24,040,000     7,040,000    2   0   4  30   0   0   3  10
  12   초동로켓                39,750,000    19,350,000             0    1   1   2   6   1   0   1   4
  13   바디스타                30,150,000     4,600,000     3,000,000    1   0   1  13   0   0   0   7
  14   화려                    19,350,000    13,750,000             0    1   0   1  10   1   0   0   5
------------------------------------------------------------------------------------------------------


제목 : 21.05.01 제 20 일  토 요일   5경주;   

 1200 M   출전:14두    국4등급   ( R1~50            연령오픈  )     출발:15:20
 핸디캡        일반      
  14,000,000원    8,750,000원    5,950,000원    3,850,000원    2,450,000원 
------------------------------------------------------------------------------------------------------
 마번  마   명            산지  성별 연령 중량       기수       조교사     마주              레이팅
------------------------------------------------------------------------------------------------------
   1   하이비트            한(포)거   6  52.5       김정준      심승태    류재욱                 38
   2   라온제임스          한    거   5  52.5       정정희      안병기    라온산업개발(주)       38
   3   루이사              한    암   4  54.0       김용근      임봉춘    김철                   45
   4   일마레              한    수   5  51.5       문정균      서범석    카도노 시게오          36
   5   인듀어런스          한    수   5  53.0       방춘식      지용철    조용학                 39
   6   다이아키            한    수   4  52.0       김효정      배대선    강종우                 37
   7   드림머니            한    거   5  51.5       박태종      박윤규    박덕희                 36
   8   옥스퍼드킹          한(포)수   3  53.5       안토니오    박재우    민형근                 40
   9   피케이군주          한    수   5  53.5       문성혁      심승태    김태성                 40
  10   슈퍼럭키보이        한    수   4  52.5       유승완      조현수    신우철                 38
  11   심플스타일          한    수   4  52.0       우에다      송문길    (주)나스카             37
  12   왕탱이              한    거   4  55.5       신형철      박대흥    죽마조합               44
  13   미사일캔디          한(포)수   6  52.0       이용호      최영주    이장운                 36
  14   글로벌골드          한    거   4  52.5       이혁        최상식    장재형                 38
------------------------------------------------------------------------------------------------------
                                                                          --총전적--      --1년전적--
 마번  마  명                  수득상금     1년수득상금  6개월수득상금  1위/2위/3위/계  1위/2위/3위/계
------------------------------------------------------------------------------------------------------
   1   하이비트                74,280,000    18,800,000             0    1   3   1  16   0   1   1   5
   2   라온제임스              79,100,000    23,020,000    17,420,000    3   1   1  21   1   0   1   5
   3   루이사                 101,120,000    71,320,000    15,680,000    2   2   2   9   1   2   1   7
   4   일마레                  46,600,000             0             0    1   2   2  18   0   0   0   3
   5   인듀어런스              84,400,000    16,200,000             0    1   5   0  19   0   1   0   5
   6   다이아키                84,180,000    22,380,000    10,980,000    2   0   2  11   0   0   1   7
   7   드림머니                66,720,000    40,640,000    24,940,000    2   1   3  25   1   0   3   9
   8   옥스퍼드킹              81,550,000    81,550,000    16,300,000    2   1   0   6   2   1   0   6
   9   피케이군주              69,000,000     3,000,000             0    2   0   2  13   0   0   0   2
  10   슈퍼럭키보이            46,390,000    46,390,000    32,640,000    2   0   1   7   2   0   1   7
  11   심플스타일              71,200,000     2,400,000     2,400,000    2   1   0   7   0   0   0   3
  12   왕탱이                  65,000,000    22,000,000             0    2   1   0   4   1   0   0   2
  13   미사일캔디              64,080,000    22,000,000             0    2   1   1  24   1   0   0   5
  14   글로벌골드              56,020,000    52,520,000    19,320,000    2   0   3  10   2   0   2   7
------------------------------------------------------------------------------------------------------


제목 : 21.05.01 제 20 일  토 요일   6경주;   

 1200 M   출전:14두    국3등급   ( R1~65            연령오픈  )     출발:16:20
 핸디캡        일반      
  16,800,000원   10,500,000원    7,140,000원    4,620,000원    2,940,000원 
------------------------------------------------------------------------------------------------------
 마번  마   명            산지  성별 연령 중량       기수       조교사     마주              레이팅
------------------------------------------------------------------------------------------------------
   1   레이징엔젤          한    암   6  53.0       박태종      박종곤    강태구                 59
   2   교룡운우            한    수   5  53.0       함완식      토니      (주)디알엠씨티         55
   3   럭키봉성            한    암   5  52.5       먼로        박재우    최기영                 58
   4   미르스톰            한    거   5  55.5       박을운      김동철    이월희                 60
   5   러닝복스            한    암   5  54.5       우에다      최봉주    오종환                 62
   6   럭키법전            한    수   4  57.0       임기원      박재우    최기영                 63
   7   베스트럭키          한    수   4  52.0       유승완      최상식    고광숙                 53
   8   탁트인              한    암   4  52.0       조상범      지용철    김광명                 52
   9   드림포레            한(포)수   4  52.0       송재철      김동균    드림커뮤니티           52
  10   베스트라인          한    수   5  52.0       김옥성      이희영    이진경                 52
  11   연희일출            한    암   4  52.0       이준철      김대근    최병권                 53
  12   서클댄서            한    암   7  52.5   (-2)임다빈      최봉주    이수행                 62
  13   고업                한    암   4  56.0       이혁        이희영    김정성                 65
  14   올백                한    암   4  52.0       이현종      강성오    이긍열                 52
------------------------------------------------------------------------------------------------------
                                                                          --총전적--      --1년전적--
 마번  마  명                  수득상금     1년수득상금  6개월수득상금  1위/2위/3위/계  1위/2위/3위/계
------------------------------------------------------------------------------------------------------
   1   레이징엔젤             153,050,000    53,250,000             0    4   0   3  15   1   0   1   5
   2   교룡운우               148,800,000     3,750,000             0    3   2   1  16   0   0   0   4
   3   럭키봉성               146,700,000    55,500,000    41,250,000    4   0   2  13   1   0   1   5
   4   미르스톰               184,750,000    19,000,000     5,500,000    3   3   3  19   0   0   1   5
   5   러닝복스               160,800,000    60,000,000    16,500,000    3   5   1  15   0   3   1   7
   6   럭키법전               148,050,000    83,500,000    40,000,000    4   3   2  11   3   0   1   5
   7   베스트럭키              99,710,000    49,710,000    10,560,000    4   1   1  13   2   0   0   7
   8   탁트인                 151,810,000    32,260,000     5,500,000    3   2   2  14   0   0   2   6
   9   드림포레               109,880,000    79,080,000    57,080,000    3   3   1   7   2   2   1   5
  10   베스트라인             140,850,000             0             0    3   2   2  13   0   0   0   3
  11   연희일출               113,500,000    51,700,000     5,500,000    3   1   1  11   1   1   0   5
  12   서클댄서               290,700,000    26,500,000     7,000,000    4   4   1  41   0   1   0   5
  13   고업                   197,210,000   152,610,000    79,250,000    3   4   0   9   2   3   0   6
  14   올백                   110,280,000    70,480,000     4,480,000    3   0   1   8   2   0   0   5
------------------------------------------------------------------------------------------------------


제목 : 21.05.01 제 20 일  토 요일   7경주;   

 1400 M   출전:13두    2등급   ( R1~80            연령오픈  )     출발:17:25
 핸디캡        일반      
  20,000,000원   12,500,000원    8,500,000원    5,500,000원    3,500,000원 
------------------------------------------------------------------------------------------------------
 마번  마   명            산지  성별 연령 중량       기수       조교사     마주              레이팅
------------------------------------------------------------------------------------------------------
   1   킹즈스텝            호    수   5  54.0       임기원      박재우    오종택                 71
   2   딕시어게인          한    거   5  54.5   (-2)임다빈      이신영    정영식                 76
   3   천마                미    거  10  54.0       김옥성      최봉주    조금제                 71
   4   킬리의제왕          미    수   6  56.5       박현우      송문길    (주)나스카             76
   5   원더풀트루스        한    암   5  53.0       빅투아르    서홍수    지경미                 73
   6   대완마              한    암   5  52.0       문성혁      서인석    이긍열                 66
   7   파크삭스            미    수   6  53.0       조상범      강환민    김창식                 69
   8   대군천하            미    수   5  57.0       안토니오    최용구    표종진                 77
   9   역전의우승          미    거   7  51.5       박태종      우창구    우만식                 66
  10   어느멋진날          미    거   5  52.0       이현종      안병기    우태율                 61
  11   위너브라운          한    수   5  54.5       김정준      최영주    손병현                 72
  12   돌아온날리          미    수   7  52.0       김동수      신삼영    태희종합건설           66
  13   이글스그리프터      미    수   6  53.0       김효정      우창구    최몽주                 69
------------------------------------------------------------------------------------------------------
                                                                          --총전적--      --1년전적--
 마번  마  명                  수득상금     1년수득상금  6개월수득상금  1위/2위/3위/계  1위/2위/3위/계
------------------------------------------------------------------------------------------------------
   1   킹즈스텝               166,110,000    37,860,000    21,480,000    4   1   1  12   1   1   1   5
   2   딕시어게인             181,360,000    92,610,000    51,360,000    6   1   1   9   3   1   0   4
   3   천마                   584,530,000             0             0    7   4   7  66   0   0   0   7
   4   킬리의제왕             165,300,000    12,600,000             0    2   2   5  17   0   0   1   5
   5   원더풀트루스           204,930,000    62,130,000             0    4   4   1  20   1   1   1   7
   6   대완마                 632,850,000    19,800,000    19,800,000    4   3   0  15   0   1   0   4
   7   파크삭스               200,250,000    15,000,000    15,000,000    2   5   4  23   0   1   0   6
   8   대군천하               243,780,000    57,780,000    49,680,000    3   3   8  18   1   1   2   7
   9   역전의우승             176,850,000             0             0    2   2   3  27   0   0   0   4
  10   어느멋진날             138,600,000     3,600,000             0    3   0   1  17   0   0   0   5
  11   위너브라운             217,220,000    27,720,000    22,680,000    6   1   0  13   1   0   0   5
  12   돌아온날리             152,700,000    16,500,000             0    1   3   5  30   0   1   0   5
  13   이글스그리프터         143,250,000             0             0    2   3   1  22   0   0   0   3
------------------------------------------------------------------------------------------------------


제목 : 21.05.01 제 20 일  토 요일   8경주;   

 1800 M   출전:14두    혼3등급   ( R1~65            연령오픈  )     출발:18:00
 핸디캡        일반      
  16,800,000원   10,500,000원    7,140,000원    4,620,000원    2,940,000원 
------------------------------------------------------------------------------------------------------
 마번  마   명            산지  성별 연령 중량       기수       조교사     마주              레이팅
------------------------------------------------------------------------------------------------------
   1   와일드파이트        미    거   5  52.0       하정훈      신삼영    유영준                 51
   2   장산포에버          미    거   4  57.5       안토니오    리카디    김병진                 63
   3   금아킹덤            한(포)수   5  55.0       박을운      심승태    금아산업(주)           58
   4   에모리삭스          미    암   5  55.5       이현종      이관호    김창식                 63
   5   록의제왕            미    수   4  52.5       김용근      이신영    정영식                 53
   6   케이엔에이스        미    암   5  52.0       유승완      박대흥    조경수                 51
   7   황금럭키            미    수   4  52.5       먼로        임봉춘    송진석                 53
   8   이스크라            한    거   6  52.0       송재철      최용구    강태구                 52
   9   능력시대            한    암   6  52.0       이강서      유재길    허건호                 54
  10   금아제니스          한    수   5  53.5       지하주      우창구    금아산업(주)           55
  11   에버더챔프          미    거   5  55.5   (-2)임다빈      배휴준    권택종                 63
  12   리틀보이플래시      미    거   5  52.0       김동수      박윤규    박덕희                 52
  13   체인지메이커        호    수   6  53.0       이용호      배휴준    문창완                 54
  14   문학엠파이어        미    수   4  52.0       박태종      정호익    권경자                 52
------------------------------------------------------------------------------------------------------
                                                                          --총전적--      --1년전적--
 마번  마  명                  수득상금     1년수득상금  6개월수득상금  1위/2위/3위/계  1위/2위/3위/계
------------------------------------------------------------------------------------------------------
   1   와일드파이트            95,100,000             0             0    2   0   2  15   0   0   0   3
   2   장산포에버              99,200,000    99,200,000    53,000,000    3   1   0   5   3   1   0   5
   3   금아킹덤               171,900,000    19,500,000             0    2   5   3  22   0   1   0   6
   4   에모리삭스             181,440,000    48,090,000    45,090,000    3   1   3  24   1   0   0   6
   5   록의제왕                61,720,000    53,320,000    47,000,000    1   0   2   8   1   0   1   7
   6   케이엔에이스            74,600,000     6,500,000     3,500,000    1   1   1  12   0   0   0   4
   7   황금럭키                77,400,000    46,200,000             0    1   3   0  11   1   1   0   6
   8   이스크라               147,720,000             0             0    4   2   2  22   0   0   0   3
   9   능력시대               168,430,000    10,500,000             0    4   1   3  28   0   0   1   5
  10   금아제니스             128,530,000    14,250,000             0    3   2   2  17   0   0   1   4
  11   에버더챔프             144,000,000             0             0    3   1   1  18   0   0   0   5
  12   리틀보이플래시         102,450,000    36,750,000             0    1   3   1  24   1   0   0   7
  13   체인지메이커            82,500,000             0             0    1   2   2  15   0   0   0   6
  14   문학엠파이어            74,400,000    33,000,000             0    2   0   1  10   1   0   0   6
------------------------------------------------------------------------------------------------------


제목 : 21.05.02 제 21 일  일 요일   1경주;   

 1200 M   출전:14두    국6등급   ( R0~0             연령오픈  )     출발:10:45
 별정A         일반      
   8,800,000원    5,500,000원    3,740,000원    2,420,000원    1,540,000원 
------------------------------------------------------------------------------------------------------
 마번  마   명            산지  성별 연령 중량       기수       조교사     마주              레이팅
------------------------------------------------------------------------------------------------------
   1   천문                한    수   3  56.0       조상범      배휴준    조금제                   
   2   모닝플래시          한    수   3  56.0       이철경      조현수    김중길                   
   3   베스트포스          한    거   4  56.0       부민호      심승태    김태성                   
   4   은혜가득            한    수   3  56.0       이동국      박병일    강태구                   
   5   최강장산            한    거   3  56.0       안토니오    토니      김호선                   
   6   방탄여걸            한    암   3  54.0       하정훈      이관호    김태권                   
   7   장산가드            한    수   3  56.0       정정희      강환민    김병진                   
   8   영웅대마            한    거   3  56.0       장추열      정호익    김광명                   
   9   정문스타            한    수   3  56.0       김옥성      홍대유    김재영b                  
  10   호크아리랑          한    암   5  54.0       송재철      최봉주    코리아호스랜드           
  11   후이넘              한    수   3  56.0       함완식      김동균    김영근                   
  12   명진브레이싱        한    거   3  56.0       우에다      임봉춘    (주)자성실업             
  13   코리아기적          한    거   4  56.0       이혁        지용철    오종환                   
  14   마이더스캠프        한    수   3  56.0       이용호      서인석    이유환                   
------------------------------------------------------------------------------------------------------
                                                                          --총전적--      --1년전적--
 마번  마  명                  수득상금     1년수득상금  6개월수득상금  1위/2위/3위/계  1위/2위/3위/계
------------------------------------------------------------------------------------------------------
   1   천문                             0             0             0    0   0   0   1   0   0   0   1
   2   모닝플래시               3,740,000     3,740,000     3,740,000    0   0   1   3   0   0   1   3
   3   베스트포스                       0             0             0    0   0   0   2   0   0   0   2
   4   은혜가득                         0             0             0    0   0   0   1   0   0   0   1
   5   최강장산                         0             0             0    0   0   0   0   0   0   0   0
   6   방탄여걸                 3,960,000     3,960,000     3,960,000    0   0   0   3   0   0   0   3
   7   장산가드                         0             0             0    0   0   0   2   0   0   0   2
   8   영웅대마                 3,750,000     3,750,000             0    0   0   0   5   0   0   0   5
   9   정문스타                 3,750,000     3,750,000             0    0   0   0   5   0   0   0   5
  10   호크아리랑               9,060,000     2,420,000     2,420,000    0   1   0  15   0   0   0   5
  11   후이넘                   1,540,000     1,540,000     1,540,000    0   0   0   3   0   0   0   3
  12   명진브레이싱                     0             0             0    0   0   0   2   0   0   0   2
  13   코리아기적               3,080,000     3,080,000     3,080,000    0   0   0   9   0   0   0   4
  14   마이더스캠프                     0             0             0    0   0   0   3   0   0   0   3
------------------------------------------------------------------------------------------------------


제목 : 21.05.02 제 21 일  일 요일   2경주;   

 1300 M   출전:13두    국6등급   ( R0~0             연령오픈  )     출발:11:10
 별정A         일반      
   8,800,000원    5,500,000원    3,740,000원    2,420,000원    1,540,000원 
------------------------------------------------------------------------------------------------------
 마번  마   명            산지  성별 연령 중량       기수       조교사     마주              레이팅
------------------------------------------------------------------------------------------------------
   1   루비콘              한    암   3  54.0       박현우      홍대유    최동근                   
   2   브이퀸              한    암   3  54.0       박태종      박천서    박평양                   
   3   강화처녀            한    암   4  54.0       이철경      서인석    서운석                   
   4   리드보컬            한    암   3  54.0       임기원      안병기    강현철                   
   5   청담탱크            한    암   4  54.0       김용근      토니      삼정                     
   6   본투글로리          한    암   4  54.0       조상범      최봉주    박정배                   
   7   원더풀오렌지        한    암   4  54.0       김효정      배대선    (주)녹원목장             
   8   미스엘리트          한    암   4  54.0       빅투아르    서홍수    태희종합건설             
   9   엠제이퀸            한    암   3  54.0       송재철      김동균    박정재                   
  10   옥동공주            한(포)암   3  54.0       최범현      손영표    박흥길                   
  11   삼상                한    암   3  54.0       김덕현      임봉춘    이종천                   
  12   최강블랙            한    암   3  54.0       안토니오    리카디    함춘                     
  13   케이엔여신          한    암   4  54.0       장추열      박대흥    조경수                   
------------------------------------------------------------------------------------------------------
                                                                          --총전적--      --1년전적--
 마번  마  명                  수득상금     1년수득상금  6개월수득상금  1위/2위/3위/계  1위/2위/3위/계
------------------------------------------------------------------------------------------------------
   1   루비콘                  14,560,000    14,560,000    11,560,000    0   2   0   5   0   2   0   5
   2   브이퀸                   3,080,000     3,080,000     3,080,000    0   0   0   3   0   0   0   3
   3   강화처녀                16,140,000    16,140,000    10,540,000    0   1   2   9   0   1   2   5
   4   리드보컬                10,340,000    10,340,000    10,340,000    1   0   0   4   1   0   0   4
   5   청담탱크                10,180,000    10,180,000     8,580,000    0   1   0   5   0   1   0   5
   6   본투글로리               8,000,000     8,000,000             0    0   0   1   5   0   0   1   5
   7   원더풀오렌지            11,570,000     3,670,000     2,420,000    0   0   1  10   0   0   0   4
   8   미스엘리트              11,080,000     8,480,000     8,480,000    0   0   2   9   0   0   2   6
   9   엠제이퀸                 7,260,000     7,260,000     7,260,000    1   0   0   3   1   0   0   3
  10   옥동공주                 3,500,000     3,500,000     3,500,000    0   0   1   4   0   0   1   4
  11   삼상                             0             0             0    0   0   0   5   0   0   0   5
  12   최강블랙                 3,740,000     3,740,000     3,740,000    0   0   1   1   0   0   1   1
  13   케이엔여신               8,800,000     8,800,000     8,800,000    1   0   0   5   1   0   0   5
------------------------------------------------------------------------------------------------------


제목 : 21.05.02 제 21 일  일 요일   3경주;   

 1400 M   출전:11두    국5등급   ( R1~35            연령오픈  )     출발:11:40
 핸디캡        일반      
  11,200,000원    7,000,000원    4,760,000원    3,080,000원    1,960,000원 
------------------------------------------------------------------------------------------------------
 마번  마   명            산지  성별 연령 중량       기수       조교사     마주              레이팅
------------------------------------------------------------------------------------------------------
   1   위너이즈웰          한(포)수   5  56.0       문성혁      전승규    요시다 가츠미          32
   2   천은짱              한    암   5  52.0       장추열      최봉주    조금제                 26
   3   마패봉              한    수   6  56.0       문정균      지용철    박시용                 32
   4   아마로네            한    암   6  52.0       조한별      임봉춘    지앤지프로덕션         27
   5   케이엔메니퀸        한    암   3  52.5       문세영      박대흥    조경수                 29
   6   빅리버              한    암   4  53.5       이철경      서인석    이종욱                 31
   7   클린업트리오        한    거   5  56.0       이현종      강성오    씨유네트워크           32
   8   영주스톤            한    수   4  52.0       빅투아르    서정하    유영준                 24
   9   레인                한    암   5  53.0       이혁        이신영    이성영                 30
  10   만세                한(포)거   4  55.5       김덕현      임봉춘    김진태a                31
  11   대지여걸            한    암   5  54.5       김정준      최영주    말사모                 33
------------------------------------------------------------------------------------------------------
                                                                          --총전적--      --1년전적--
 마번  마  명                  수득상금     1년수득상금  6개월수득상금  1위/2위/3위/계  1위/2위/3위/계
------------------------------------------------------------------------------------------------------
   1   위너이즈웰              16,060,000    16,060,000    16,060,000    2   0   0   2   2   0   0   2
   2   천은짱                  61,740,000    14,140,000     6,740,000    1   1   3  23   0   0   1   8
   3   마패봉                  65,920,000    10,800,000             0    1   3   4  26   0   1   0   6
   4   아마로네                72,120,000    10,120,000     3,520,000    1   2   2  27   0   0   0   7
   5   케이엔메니퀸            14,300,000    14,300,000    14,300,000    1   1   0   4   1   1   0   4
   6   빅리버                  44,300,000    11,500,000    11,500,000    1   1   1   8   0   1   0   4
   7   클린업트리오            58,240,000     3,600,000             0    1   2   2  21   0   0   0   7
   8   영주스톤                14,700,000    11,200,000             0    0   0   3  10   0   0   2   6
   9   레인                    51,980,000     2,240,000     2,240,000    1   1   3  16   0   0   0   4
  10   만세                    35,840,000    17,600,000    10,000,000    1   1   1  12   0   1   1   6
  11   대지여걸                68,270,000    22,790,000     5,740,000    2   3   1  15   1   1   0   5
------------------------------------------------------------------------------------------------------


제목 : 21.05.02 제 21 일  일 요일   4경주;   

 1400 M   출전:14두    혼4등급   ( R1~50            연령오픈  )     출발:12:45
 핸디캡        일반      
  14,000,000원    8,750,000원    5,950,000원    3,850,000원    2,450,000원 
------------------------------------------------------------------------------------------------------
 마번  마   명            산지  성별 연령 중량       기수       조교사     마주              레이팅
------------------------------------------------------------------------------------------------------
   1   이글이글            미    거   5  52.5       먼로        서인석    이성인                 39
   2   라이드머니          미    거   4  52.0       문성혁      임채덕    박덕희                 36
   3   창성수호            뉴    수   4  52.0       이현종      안해양    임흥호                 36
   4   안양옥센            미    거   4  55.0       안토니오    구자흥    (주)에이에프피         44
   5   러블리케이          미    암   3  53.0       문세영      우창구    강경운                 44
   6   남산러브            미    수   3  52.0       조상범      리카디    이기선                 38
   7   로열함성            뉴    거   4  51.0       방춘식      이관호    황의영                 36
   8   디케이미르          미    거   4  52.0       이용호      최용구    표종진                 36
   9   피버디니            미    거   4  52.0       유승완      전승규    김광명                 38
  10   선우럭키            미    거   4  53.0       김효정      심승태    선우파워텍(주)         40
  11   문학백투백          미    수   3  52.0       김동수      홍대유    김재영a                36
  12   스프링꿈            미    수   3  51.0       정정희      안병기    (주)디알엠씨티         36
  13   문학드림            미    수   4  53.5       최범현      박종곤    권경자                 41
  14   장산탱크            미    거   4  54.5   (-2)임다빈      최용건    김병진                 47
------------------------------------------------------------------------------------------------------
                                                                          --총전적--      --1년전적--
 마번  마  명                  수득상금     1년수득상금  6개월수득상금  1위/2위/3위/계  1위/2위/3위/계
------------------------------------------------------------------------------------------------------
   1   이글이글                32,940,000    21,540,000    10,140,000    0   0   3  13   0   0   2   4
   2   라이드머니                       0             0             0    0   0   0   6   0   0   0   6
   3   창성수호                 3,000,000     3,000,000     3,000,000    0   0   0   7   0   0   0   7
   4   안양옥센                35,300,000    32,900,000    32,900,000    1   0   2   8   1   0   2   5
   5   러블리케이              35,900,000    35,900,000    32,900,000    1   0   2   5   1   0   2   5
   6   남산러브                         0             0             0    0   0   0   1   0   0   0   1
   7   로열함성                         0             0             0    0   0   0   5   0   0   0   5
   8   디케이미르               2,400,000     2,400,000             0    0   0   0   6   0   0   0   4
   9   피버디니                13,500,000    13,500,000    10,500,000    0   0   1   6   0   0   1   5
  10   선우럭키                21,300,000             0             0    0   0   2   7   0   0   0   3
  11   문학백투백                       0             0             0    0   0   0   4   0   0   0   4
  12   스프링꿈                         0             0             0    0   0   0   5   0   0   0   5
  13   문학드림                29,960,000    29,960,000    21,560,000    0   2   1   8   0   2   1   5
  14   장산탱크                52,800,000    52,800,000    44,760,000    1   0   2   9   1   0   2   7
------------------------------------------------------------------------------------------------------


제목 : 21.05.02 제 21 일  일 요일   5경주;   

 1400 M   출전:14두    혼4등급   ( R1~50            연령오픈  )     출발:13:50
 핸디캡        일반      
  14,000,000원    8,750,000원    5,950,000원    3,850,000원    2,450,000원 
------------------------------------------------------------------------------------------------------
 마번  마   명            산지  성별 연령 중량       기수       조교사     마주              레이팅
------------------------------------------------------------------------------------------------------
   1   무소의뿔            호    거   5  52.0       송재철      송문길    지앤지프로덕션         36
   2   트리플킹덤          미    수   4  51.0       임기원      박재우    선용호                 36
   3   문학스카이          미    수   4  53.0       김동수      박병일    황봉기                 40
   4   당찬세력            미    거   3  51.5       김용근      강성오    김기종                 37
   5   불굴의러너          호    거   5  55.0       신형철      김점오    이미양                 44
   6   라이오넷            미    암   3  52.0       먼로        서인석    최상기                 38
   7   에이스레전드        미    거   4  51.0       하정훈      토니      김광두                 36
   8   흥록대부            미    거   3  55.0       이준철      김대근    고광숙                 44
   9   퀀텀점프            미    수   5  53.0       정정희      리카디    남기태                 40
  10   아메리칸포스원      미    거   4  51.0       방춘식      지용철    서정범                 36
  11   브라보삭스          미    거   4  52.0       이현종      이관호    김창식                 36
  12   로드블랙            미    암   4  52.0       이용호      최용구    표종순                 36
  13   우승특기            미    수   6  57.5       김효정      배대선    이태인                 49
  14   두손멍군            미    수   3  52.0       장추열      정호익    이도명                 37
------------------------------------------------------------------------------------------------------
                                                                          --총전적--      --1년전적--
 마번  마  명                  수득상금     1년수득상금  6개월수득상금  1위/2위/3위/계  1위/2위/3위/계
------------------------------------------------------------------------------------------------------
   1   무소의뿔                         0             0             0    0   0   0   6   0   0   0   4
   2   트리플킹덤               7,800,000     5,400,000             0    0   0   0   6   0   0   0   3
   3   문학스카이              16,200,000     3,000,000             0    0   1   0   6   0   0   0   3
   4   당찬세력                 8,540,000     8,540,000     8,540,000    0   0   0   3   0   0   0   3
   5   불굴의러너              60,150,000    24,000,000     3,360,000    1   1   3  14   1   0   1   7
   6   라이오넷                         0             0             0    0   0   0   1   0   0   0   1
   7   에이스레전드                     0             0             0    0   0   0   4   0   0   0   3
   8   흥록대부                25,590,000    25,590,000    21,840,000    1   0   1   6   1   0   1   6
   9   퀀텀점프                38,160,000    14,760,000     3,000,000    0   1   2  15   0   0   1   4
  10   아메리칸포스원          34,050,000     9,300,000     2,940,000    0   0   2  18   0   0   0   6
  11   브라보삭스               4,800,000     2,400,000             0    0   0   0   8   0   0   0   5
  12   로드블랙                 6,000,000     6,000,000             0    0   0   0   6   0   0   0   4
  13   우승특기                57,150,000     8,400,000             0    1   0   2  17   0   0   1   4
  14   두손멍군                16,020,000    16,020,000    13,020,000    0   0   1   5   0   0   1   5
------------------------------------------------------------------------------------------------------


제목 : 21.05.02 제 21 일  일 요일   6경주;   

 1400 M   출전:14두    혼3등급   ( R1~65            연령오픈  )     출발:14:45
 핸디캡        일반      
  16,800,000원   10,500,000원    7,140,000원    4,620,000원    2,940,000원 
------------------------------------------------------------------------------------------------------
 마번  마   명            산지  성별 연령 중량       기수       조교사     마주              레이팅
------------------------------------------------------------------------------------------------------
   1   문학보스            미    수   4  55.0   (-2)임다빈      박종곤    권경자                 63
   2   호크행진곡          한    수   5  52.0       장추열      최봉주    오종환                 51
   3   제마특급            한    암   5  52.0       이철경      조현수    김봉겸                 51
   4   글로벌파티          미    거   4  52.0       지하주      최상식    장재형                 51
   5   요리조리            미    암   6  51.0       박태종      곽영효    황봉기                 52
   6   아미고라로          미    거   4  51.0       방춘식      박천서    김종진                 48
   7   샤크짱              미    수   4  52.0       김옥성      이희영    이종길                 51
   8   슬립웰              미    수   4  55.5       우에다      임봉춘    채승배                 60
   9   별나라신사          미    수   4  58.0       문세영      박대흥    조경수                 65
  10   고고비              캐    암   5  55.5       김정준      김윤섭    김재용                 64
  11   제주의흑선          한    암   6  52.0       박상우      서범석    무라카미 켄세이        52
  12   멋진왕자            미    수   4  57.0       송재철      박윤규    정기찬                 63
  13   글로벌삭스          미    거   4  52.5       먼로        강성오    김창식                 54
  14   블루마카롱          미    암   4  55.0       이준철      김대근    최병욱                 63
------------------------------------------------------------------------------------------------------
                                                                          --총전적--      --1년전적--
 마번  마  명                  수득상금     1년수득상금  6개월수득상금  1위/2위/3위/계  1위/2위/3위/계
------------------------------------------------------------------------------------------------------
   1   문학보스               105,600,000    41,250,000    41,250,000    2   1   1  12   1   0   0   5
   2   호크행진곡             115,120,000    11,320,000     8,320,000    3   1   1  15   0   0   0   7
   3   제마특급               128,400,000             0             0    3   3   2  18   0   0   0   6
   4   글로벌파티              57,150,000             0             0    1   1   1   8   0   0   0   3
   5   요리조리               109,650,000    33,000,000             0    2   1   1  21   1   0   0   5
   6   아미고라로              63,750,000    46,200,000             0    1   1   1  11   1   1   0   5
   7   샤크짱                  92,320,000    32,920,000    13,120,000    1   2   4  16   0   1   3   8
   8   슬립웰                  82,950,000     6,000,000     3,000,000    2   0   0   6   0   0   0   4
   9   별나라신사              86,000,000    69,500,000    20,000,000    2   2   0   8   2   1   0   5
  10   고고비                 139,200,000    10,500,000    10,500,000    2   2   3  15   0   0   1   4
  11   제주의흑선             147,240,000    29,400,000    29,400,000    1   7   6  31   0   2   1   6
  12   멋진왕자               125,490,000    55,590,000     3,840,000    2   2   2  12   1   0   1   7
  13   글로벌삭스              78,240,000    45,240,000    30,000,000    3   1   0   6   2   1   0   5
  14   블루마카롱             130,810,000   127,060,000    28,060,000    3   1   1  11   3   1   1   7
------------------------------------------------------------------------------------------------------


제목 : 21.05.02 제 21 일  일 요일   7경주;   

 1200 M   출전:12두    국5등급   ( R1~35            연령오픈  )     출발:15:40
 핸디캡        일반      
  11,200,000원    7,000,000원    4,760,000원    3,080,000원    1,960,000원 
------------------------------------------------------------------------------------------------------
 마번  마   명            산지  성별 연령 중량       기수       조교사     마주              레이팅
------------------------------------------------------------------------------------------------------
   1   쇼메이커            한(포)암   3  54.0       김정준      송문길    최종환                 30
   2   기로                한    암   5  52.0       이강서      유재길    전기섭                 24
   3   당찬바람            한    암   4  52.0       김옥성      이희영    김재덕                 24
   4   어디가나            한    암   3  54.5       문세영      김윤섭    황봉기                 31
   5   블레싱로드          한    암   6  56.0       박상우      서범석    무라카미 켄세이        34
   6   빅플랜              한    암   4  53.0       문정균      이희영    김재성b                28
   7   대군옥              한    암   5  52.5   (-2)임다빈      구자흥    표종진                 31
   8   런던퀸              한    암   3  54.0       장추열      안해양    임흥호                 30
   9   포트스원            한    암   3  53.0       이철경      서인석    조창규                 28
  10   섀도우퀸            한    암   4  54.0       먼로        신삼영    링크폴로               30
  11   포에버원            한    암   4  54.5       최범현      박종곤    강태구                 31
  12   위너세이            한(포)암   5  55.0       유승완      박대흥    요시다 가츠미          32
------------------------------------------------------------------------------------------------------
                                                                          --총전적--      --1년전적--
 마번  마  명                  수득상금     1년수득상금  6개월수득상금  1위/2위/3위/계  1위/2위/3위/계
------------------------------------------------------------------------------------------------------
   1   쇼메이커                12,540,000    12,540,000    12,540,000    1   0   1   2   1   0   1   2
   2   기로                    23,760,000             0             0    1   0   0  15   0   0   0   3
   3   당찬바람                13,900,000     5,500,000             0    0   2   0   9   0   1   0   5
   4   어디가나                13,750,000    13,750,000    13,750,000    1   0   0   3   1   0   0   3
   5   블레싱로드              86,640,000     8,600,000     7,000,000    2   2   3  31   0   1   0   6
   6   빅플랜                  37,570,000    14,770,000     3,520,000    2   0   0   9   1   0   0   7
   7   대군옥                  52,540,000    36,300,000     3,500,000    1   2   2  18   1   1   0   6
   8   런던퀸                  13,750,000    13,750,000    13,750,000    1   0   0   3   1   0   0   3
   9   포트스원                45,750,000    45,750,000     4,500,000    1   0   1   7   1   0   1   7
  10   섀도우퀸                23,750,000    23,750,000     4,500,000    1   1   1   7   1   1   1   6
  11   포에버원                27,540,000    27,540,000    21,940,000    1   1   2   6   1   1   2   6
  12   위너세이                40,000,000    13,200,000    13,200,000    1   1   0   8   0   1   0   3
------------------------------------------------------------------------------------------------------


제목 : 21.05.02 제 21 일  일 요일   8경주;   

 1300 M   출전:12두    국5등급   ( R1~35            연령오픈  )     출발:16:35
 핸디캡        일반      
  11,200,000원    7,000,000원    4,760,000원    3,080,000원    1,960,000원 
------------------------------------------------------------------------------------------------------
 마번  마   명            산지  성별 연령 중량       기수       조교사     마주              레이팅
------------------------------------------------------------------------------------------------------
   1   논스톱캣            한    암   3  53.5       이혁        서범석    태립                   31
   2   와일드우즈          한    거   4  53.5       박현우      최용구    최동근                 27
   3   왕인행차            한    수   4  54.0       방춘식      서홍수    전영규                 28
   4   위너블루            한    거   4  55.0       신형철      우창구    전영범                 30
   5   록라인              한    수   4  56.5       함완식      최영주    소태영                 33
   6   럭키플랜            한    암   4  52.0       문정균      이희영    김재영a                27
   7   방주                한(포)거   4  55.0       조한별      박윤규    오종환                 30
   8   산뜻한스침          한    암   4  55.0       문세영      안병기    우태율                 34
   9   사만다치타          한    암   3  53.5       빅투아르    박병일    이관형                 31
  10   굿원더              한    암   5  53.5       우에다      신삼영    오종환                 31
  11   뇌성벽력            한    거   5  52.0       이철경      서인석    홍상기                 24
  12   이스트임팩트        한    거   3  56.0       안토니오    박재우    김영구                 32
------------------------------------------------------------------------------------------------------
                                                                          --총전적--      --1년전적--
 마번  마  명                  수득상금     1년수득상금  6개월수득상금  1위/2위/3위/계  1위/2위/3위/계
------------------------------------------------------------------------------------------------------
   1   논스톱캣                12,760,000    12,760,000    12,760,000    1   0   1   3   1   0   1   3
   2   와일드우즈              35,300,000    18,900,000     4,500,000    0   1   4  10   0   1   2   6
   3   왕인행차                19,400,000    10,400,000             0    0   2   1   6   0   1   0   3
   4   위너블루                64,070,000    14,870,000     9,270,000    1   1   3  12   0   1   1   6
   5   록라인                  36,480,000     5,600,000             0    1   2   1  10   0   0   1   5
   6   럭키플랜                15,000,000             0             0    1   0   0  10   0   0   0   5
   7   방주                    31,000,000    27,500,000             0    1   1   1   7   1   1   0   5
   8   산뜻한스침              51,150,000    43,350,000    15,750,000    1   2   2   9   1   2   1   6
   9   사만다치타              51,450,000    51,450,000    10,200,000    1   0   2   6   1   0   2   6
  10   굿원더                  33,110,000    15,600,000     5,600,000    1   0   2  12   0   0   2   7
  11   뇌성벽력                27,840,000     5,600,000     5,600,000    0   0   5  19   0   0   1   5
  12   이스트임팩트            17,600,000    17,600,000    17,600,000    2   0   0   2   2   0   0   2
------------------------------------------------------------------------------------------------------


제목 : 21.05.02 제 21 일  일 요일   9경주;   

 1700 M   출전:12두    국4등급   ( R1~50            연령오픈  )     출발:17:30
 별정B         일반      
  14,000,000원    8,750,000원    5,950,000원    3,850,000원    2,450,000원 
------------------------------------------------------------------------------------------------------
 마번  마   명            산지  성별 연령 중량       기수       조교사     마주              레이팅
------------------------------------------------------------------------------------------------------
   1   사람이라는별        한    수   4  56.0       신형철      안병기    우태율                 44
   2   질주의꿈            한(포)암   4  52.0       문세영      박대흥    박남성                 38
   3   스포트라이트        한    수   3  54.0       김용근      송문길    (주)나스카             37
   4   함양산삼            한    암   5  52.0       우에다      조현수    유영준                 37
   5   만석지기            한(포)수   5  58.0       박태종      박종곤    강태구                 48
   6   낭만스타            한    거   7  54.0       이동국      안해양    지원철                 37
   7   밀키셰리            한    암   4  52.0       조한별      지용철    금악목장               36
   8   스피드벨            한    거   5  54.0       조상범      임봉춘    최몽주                 36
   9   스마티아델          한    암   5  53.0       박현우      송문길    이종훈                 41
  10   강화총각            한    수   6  58.0       이철경      서인석    서운석                 48
  11   정상으뜸            한    거   6  57.0       김옥성      박희철    정동진                 47
  12   정문서미트          한    수   4  56.0   (-2)임다빈      홍대유    김재영b                50
------------------------------------------------------------------------------------------------------
                                                                          --총전적--      --1년전적--
 마번  마  명                  수득상금     1년수득상금  6개월수득상금  1위/2위/3위/계  1위/2위/3위/계
------------------------------------------------------------------------------------------------------
   1   사람이라는별            61,120,000    61,120,000    13,200,000    2   1   0   7   2   1   0   7
   2   질주의꿈                66,240,000    16,560,000     3,360,000    2   1   0   8   0   1   0   5
   3   스포트라이트            31,940,000    31,940,000    28,860,000    3   0   0   4   3   0   0   4
   4   함양산삼                67,000,000             0             0    1   2   3  17   0   0   0   4
   5   만석지기                87,880,000    31,080,000    31,080,000    4   1   2  14   2   0   1   5
   6   낭만스타                87,200,000    11,400,000             0    1   3   5  41   0   0   1   5
   7   밀키셰리                59,310,000    34,180,000    12,180,000    2   0   4  21   1   0   2   8
   8   스피드벨                68,200,000             0             0    2   1   0  16   0   0   0   4
   9   스마티아델             104,000,000     2,400,000             0    2   2   0  20   0   0   0   5
  10   강화총각               146,800,000     8,400,000             0    2   4   7  28   0   0   1   5
  11   정상으뜸               129,600,000    13,200,000             0    1   6   4  35   0   1   0   5
  12   정문서미트             111,110,000    35,960,000    17,360,000    2   2   2  13   0   2   0   7
------------------------------------------------------------------------------------------------------


제목 : 21.05.02 제 21 일  일 요일  10경주;   

 2000 M   출전:14두    1등급   ( R1~140           연령오픈  )     출발:18:00
 핸디캡        일반      
  24,000,000원   15,000,000원   10,200,000원    6,600,000원    4,200,000원 
------------------------------------------------------------------------------------------------------
 마번  마   명            산지  성별 연령 중량       기수       조교사     마주              레이팅
------------------------------------------------------------------------------------------------------
   1   브리가디어제너럴    호    수   5  52.0       송재철      서범석    청팅콩                 89
   2   스프링백            미    거   5  51.0       정정희      안병기    (주)디알엠씨티        100
   3   나스카프린스        한    수   7  51.0       우에다      송문길    (주)나스카             89
   4   클린업시크릿        한(포)수   6  52.0       이혁        강성오    씨유네트워크           87
   5   로드위너            미    수   6  51.0       임기원      최용구    표종순                107
   6   명품축제            한    수   5  52.0       이철경      김점오    백경무                 87
   7   티즈플랜            미    수   6  60.0       빅투아르    박재우    권경자                137
   8   삼성불패            미    거   7  52.0       유승완      박대흥    김병진                100
   9   샴로커              미    수   8  54.0       김용근      송문길    최몽주                125
  10   장산카우보이        미    거   8  52.0       이현종      리카디    삼정                   94
  11   울트라로켓          한    거   7  51.0       박태종      안병기    조명식                113
  12   더검푸              미    수   4  52.0       먼로        토니      한명로                 83
  13   짱콩                미    수   6  52.0       김효정      배대선    이태인                 88
  14   우리                미    수   5  51.0       김동수      임봉춘    김진태a                81
------------------------------------------------------------------------------------------------------
                                                                          --총전적--      --1년전적--
 마번  마  명                  수득상금     1년수득상금  6개월수득상금  1위/2위/3위/계  1위/2위/3위/계
------------------------------------------------------------------------------------------------------
   1   브리가디어제너럴       261,600,000   177,300,000    25,100,000    5   2   4  14   4   1   1   6
   2   스프링백               422,000,000     5,500,000             0    5   4   0  19   0   0   0   4
   3   나스카프린스           400,150,000     4,800,000     4,800,000    6   5   2  24   0   0   0   3
   4   클린업시크릿           370,400,000    33,000,000             0    7   3   4  28   0   1   0   5
   5   로드위너               499,600,000    19,100,000     5,600,000    7   1   0  19   0   0   0   6
   6   명품축제               518,030,000    66,500,000             0    5   1   3  21   1   0   0   5
   7   티즈플랜             1,026,550,000   518,500,000    45,500,000   11   3   1  21   2   3   0   5
   8   삼성불패               496,950,000    19,600,000             0    5   9   2  30   0   0   0   5
   9   샴로커               1,253,650,000   179,400,000     4,400,000    6  11  10  44   0   0   3   5
  10   장산카우보이           528,350,000    53,200,000     4,800,000    5   5   9  45   0   1   1   7
  11   울트라로켓             790,150,000   100,800,000    13,300,000    9   7   6  40   1   0   1   6
  12   더검푸                 187,400,000   102,650,000    61,400,000    4   1   1  13   2   0   1   6
  13   짱콩                   275,800,000    74,800,000    28,800,000    4   3   3  20   0   3   2   7
  14   우리                   260,250,000    81,600,000     9,200,000    5   1   1  14   1   1   0   6
------------------------------------------------------------------------------------------------------

