

제목 : 21.06.05 제 30 일  토 요일   1경주;   

 1200 M   출전:14두    국6등급   ( R0~0             연령오픈  )     출발:11:00
 별정A         일반      
   8,800,000원    5,500,000원    3,740,000원    2,420,000원    1,540,000원 
------------------------------------------------------------------------------------------------------
 마번  마   명            산지  성별 연령 중량       기수       조교사     마주              레이팅
------------------------------------------------------------------------------------------------------
   1   호크퀸              한    암   3  54.0       정평수      지용철    코리아호스랜드           
   2   파이널에이스        한    암   4  50.0   (-4)김아현      조현수    김선식                   
   3   고어헤드            한    암   4  54.0       박을운      서정하    오종택                   
   4   골드스파이크        한    암   3  54.0       우에다      송문길    박복용                   
   5   원더풀리버          한    암   3  54.0       조상범      배휴준    지경미                   
   6   리멤버웬            한    암   4  54.0       이현종      리카디    함춘                     
   7   신데렐라            한    암   4  54.0       이철경      서홍수    이본희                   
   8   쿨프린세스          한    암   3  54.0       권석원      임채덕    이용대                   
   9   리드보컬            한    암   3  54.0       임기원      안병기    강현철                   
  10   삼상                한    암   3  54.0       김용근      임봉춘    이종천                   
  11   패밀리스타          한    암   4  54.0       김귀배      손영표    류재욱                   
  12   원더풀원더          한    암   3  54.0       문정균      최봉주    윤지중                   
  13   그린최강            한    암   3  54.0       김정준      홍대유    김재영b                  
  14   농본락              한    암   4  54.0       방춘식      배대선    김용래                   
------------------------------------------------------------------------------------------------------
                                                                          --총전적--      --1년전적--
 마번  마  명                  수득상금     1년수득상금  6개월수득상금  1위/2위/3위/계  1위/2위/3위/계
------------------------------------------------------------------------------------------------------
   1   호크퀸                   1,000,000     1,000,000             0    0   0   0   5   0   0   0   5
   2   파이널에이스            11,100,000    11,100,000     5,500,000    0   1   1  11   0   1   1   8
   3   고어헤드                 3,890,000     3,890,000             0    0   0   0   6   0   0   0   6
   4   골드스파이크             5,500,000     5,500,000     2,420,000    0   0   0   4   0   0   0   4
   5   원더풀리버                       0             0             0    0   0   0   3   0   0   0   3
   6   리멤버웬                15,420,000    15,420,000     1,540,000    0   1   0   6   0   1   0   6
   7   신데렐라                12,540,000    12,540,000    12,540,000    0   2   0   8   0   2   0   8
   8   쿨프린세스               5,720,000     5,720,000     5,720,000    0   0   0   5   0   0   0   5
   9   리드보컬                11,880,000    11,880,000    11,880,000    1   0   0   5   1   0   0   5
  10   삼상                             0             0             0    0   0   0   6   0   0   0   6
  11   패밀리스타                       0             0             0    0   0   0   3   0   0   0   3
  12   원더풀원더                       0             0             0    0   0   0   6   0   0   0   6
  13   그린최강                 2,420,000     2,420,000     2,420,000    0   0   0   6   0   0   0   6
  14   농본락                  17,000,000    17,000,000     1,540,000    0   2   0  10   0   2   0   8
------------------------------------------------------------------------------------------------------


제목 : 21.06.05 제 30 일  토 요일   2경주;   

 1200 M   출전:14두    국6등급   ( R0~0             연령오픈  )     출발:12:00
 별정A         일반      
   8,800,000원    5,500,000원    3,740,000원    2,420,000원    1,540,000원 
------------------------------------------------------------------------------------------------------
 마번  마   명            산지  성별 연령 중량       기수       조교사     마주              레이팅
------------------------------------------------------------------------------------------------------
   1   원더풀데블          한    암   3  54.0       임기원      서홍수    (주)녹원목장             
   2   로열영광            한    수   3  56.0       김옥성      박병일    이장호                   
   3   구름타고            한    거   3  56.0       방춘식      지용철    김종식                   
   4   천문                한    수   3  52.0   (-4)김아현      배휴준    조금제                   
   5   장산가드            한    수   3  56.0       문세영      강환민    김병진                   
   6   아킬리온            한    수   3  56.0       박현우      안해양    김한수                   
   7   베스트포스          한    거   4  56.0       박을운      심승태    김태성                   
   8   보고또보고          한    거   4  56.0       김덕현      임봉춘    김진태a                  
   9   케이엔특급          한    거   3  56.0       장추열      박대흥    조경수                   
  10   스마트오피서        한    암   3  54.0       문성혁      전승규    (주)자성실업             
  11   히트에이스          한    암   3  54.0       함완식      이관호    정승희                   
  12   바람과함께          한    수   3  56.0       이철경      서인석    양현모                   
  13   런런런              한    수   3  56.0       최범현      서범석    청메이칭                 
  14   텔로스              한    암   3  54.0       부민호      최용건    오종택                   
------------------------------------------------------------------------------------------------------
                                                                          --총전적--      --1년전적--
 마번  마  명                  수득상금     1년수득상금  6개월수득상금  1위/2위/3위/계  1위/2위/3위/계
------------------------------------------------------------------------------------------------------
   1   원더풀데블               2,420,000     2,420,000     2,420,000    0   0   0   2   0   0   0   2
   2   로열영광                11,800,000    11,800,000     6,160,000    0   0   0   8   0   0   0   8
   3   구름타고                         0             0             0    0   0   0   3   0   0   0   3
   4   천문                             0             0             0    0   0   0   3   0   0   0   3
   5   장산가드                 5,500,000     5,500,000     5,500,000    0   1   0   3   0   1   0   3
   6   아킬리온                 3,960,000     3,960,000     3,960,000    0   0   0   4   0   0   0   4
   7   베스트포스               3,740,000     3,740,000     3,740,000    0   0   1   3   0   0   1   3
   8   보고또보고               7,840,000     5,840,000     4,840,000    0   0   0   8   0   0   0   6
   9   케이엔특급               3,740,000     3,740,000     3,740,000    0   0   1   4   0   0   1   4
  10   스마트오피서             8,800,000     8,800,000     8,800,000    1   0   0   1   1   0   0   1
  11   히트에이스               2,420,000     2,420,000     2,420,000    0   0   0   4   0   0   0   4
  12   바람과함께                       0             0             0    0   0   0   3   0   0   0   3
  13   런런런                           0             0             0    0   0   0   2   0   0   0   2
  14   텔로스                   9,240,000     9,240,000     3,740,000    0   1   1   6   0   1   1   6
------------------------------------------------------------------------------------------------------


제목 : 21.06.05 제 30 일  토 요일   3경주;   

 1400 M   출전:14두    국5등급   ( R1~35            연령오픈  )     출발:13:20
 핸디캡        일반      
  11,200,000원    7,000,000원    4,760,000원    3,080,000원    1,960,000원 
------------------------------------------------------------------------------------------------------
 마번  마   명            산지  성별 연령 중량       기수       조교사     마주              레이팅
------------------------------------------------------------------------------------------------------
   1   모닝힐              한    거   3  56.0       문성혁      서인석    최상기                 32
   2   파이팅나우          한    수   4  56.5       최범현      박종곤    김정철                 33
   3   퍼텐셜에너지        한(포)암   4  54.5       이용호      김동철    박재범                 33
   4   바디스타            한    수   4  54.5       조상범      임봉춘    김진태a                29
   5   라오진              한    암   5  51.0   (-4)김아현      곽영효    최임규                 34
   6   좋은관계            한    수   3  54.0       김용근      신삼영    유영준                 28
   7   천지폭풍            한    거   5  54.0       김귀배      서인석    홍상기                 28
   8   테라스피드          한    수   4  52.0       빅투아르    박병일    선용호                 24
   9   모닝플래시          한    수   3  55.0       이철경      조현수    김중길                 30
  10   파워돌풍            한    수   3  55.5       함완식      송문길    박정재                 31
  11   클린업트리오        한    거   5  57.0       이현종      강성오    씨유네트워크           34
  12   운외창천            한    암   4  55.0       문세영      우창구    장수영                 34
  13   케이엔매직          한(포)암   3  52.0       유승완      박대흥    조경수                 27
  14   청산가세            한    거   4  55.5       문정균      지용철    김종식                 31
------------------------------------------------------------------------------------------------------
                                                                          --총전적--      --1년전적--
 마번  마  명                  수득상금     1년수득상금  6개월수득상금  1위/2위/3위/계  1위/2위/3위/계
------------------------------------------------------------------------------------------------------
   1   모닝힐                  17,600,000    17,600,000    17,600,000    2   0   0   2   2   0   0   2
   2   파이팅나우              46,020,000    33,420,000    23,020,000    0   4   1   9   0   3   1   7
   3   퍼텐셜에너지            26,200,000    26,200,000    11,200,000    2   0   0   8   2   0   0   5
   4   바디스타                34,910,000     9,360,000     7,760,000    1   0   2  14   0   0   1   8
   5   라오진                  76,240,000    14,040,000     5,440,000    1   0   7  19   0   0   2   7
   6   좋은관계                23,680,000    23,680,000     9,240,000    0   2   1   6   0   2   1   6
   7   천지폭풍                40,880,000     2,000,000             0    1   1   1  16   0   0   0   4
   8   테라스피드              15,000,000     7,500,000             0    0   2   0  10   0   1   0   6
   9   모닝플래시              12,540,000    12,540,000    12,540,000    1   0   1   4   1   0   1   4
  10   파워돌풍                17,500,000    17,500,000    16,500,000    1   0   2   5   1   0   2   5
  11   클린업트리오            65,240,000    10,600,000     7,000,000    1   3   2  22   0   1   0   8
  12   운외창천                55,170,000    47,370,000    16,270,000    1   2   2   7   1   2   1   6
  13   케이엔매직              14,300,000    14,300,000     8,800,000    0   2   1   4   0   2   1   4
  14   청산가세                17,800,000    17,800,000    14,300,000    1   0   1  10   1   0   1   8
------------------------------------------------------------------------------------------------------


제목 : 21.06.05 제 30 일  토 요일   4경주;   

 1200 M   출전: 9두    혼4등급   ( R1~50            연령오픈  )     출발:14:20
 핸디캡        일반      
  14,000,000원    8,750,000원    5,950,000원    3,850,000원    2,450,000원 
------------------------------------------------------------------------------------------------------
 마번  마   명            산지  성별 연령 중량       기수       조교사     마주              레이팅
------------------------------------------------------------------------------------------------------
   1   제이에스군황        미    수   3  52.0       임기원      김동균    박민지                 38
   2   문학백투백          미    수   3  52.0       김동수      홍대유    김재영a                36
   3   장산스타트          미    거   4  51.5       조상범      박대흥    김병진                 37
   4   투어링라니          미    수   3  52.0       박현우      최용구    공이공팔               36
   5   로맨스참            미    암   3  52.0       문성혁      김동철    김세민                 36
   6   이글이글            미    거   5  52.5       김귀배      서인석    이성인                 39
   7   더트서퍼            미    거   4  52.0       우에다      유재길    김윤호                 36
   8   와일들리로맨틱      미    수   3  57.5       문세영      안병기    우태율                 49
   9   파이널칸지노        호    거   6  53.0       정정희      리카디    함춘                   40
------------------------------------------------------------------------------------------------------
                                                                          --총전적--      --1년전적--
 마번  마  명                  수득상금     1년수득상금  6개월수득상금  1위/2위/3위/계  1위/2위/3위/계
------------------------------------------------------------------------------------------------------
   1   제이에스군황                     0             0             0    0   0   0   0   0   0   0   0
   2   문학백투백                       0             0             0    0   0   0   5   0   0   0   5
   3   장산스타트              16,640,000     8,840,000     6,440,000    0   1   1   8   0   1   0   4
   4   투어링라니                       0             0             0    0   0   0   3   0   0   0   3
   5   로맨스참                         0             0             0    0   0   0   5   0   0   0   5
   6   이글이글                32,940,000    21,540,000     7,140,000    0   0   3  14   0   0   2   5
   7   더트서퍼                 7,800,000             0             0    0   0   0  10   0   0   0   5
   8   와일들리로맨틱          38,990,000    38,990,000    29,750,000    2   1   0   4   2   1   0   4
   9   파이널칸지노            18,600,000    18,600,000     2,400,000    0   1   0   8   0   1   0   4
------------------------------------------------------------------------------------------------------


제목 : 21.06.05 제 30 일  토 요일   5경주;   

 1200 M   출전: 8두    혼4등급   ( R1~50            연령오픈  )     출발:15:20
 핸디캡        일반      
  14,000,000원    8,750,000원    5,950,000원    3,850,000원    2,450,000원 
------------------------------------------------------------------------------------------------------
 마번  마   명            산지  성별 연령 중량       기수       조교사     마주              레이팅
------------------------------------------------------------------------------------------------------
   1   로열함성            뉴    거   4  52.0       이철경      이관호    황의영                 36
   2   문학럭키            미    거   3  52.0       최범현      박종곤    김재영a                36
   3   금석돌파            미    거   5  57.0       이용호      김동철    유희태                 48
   4   파노라마퀸          미    암   3  52.0       송재철      김동균    김영근                 36
   5   어마무시            미    거   4  54.0       조한별      안병기    우태율                 42
   6   강태풍              미    거   3  52.0       문성혁      전승규    나종용                 38
   7   에이스찬            미    수   4  52.0       빅투아르    정호익    김광두                 38
   8   패트리어츠테일      미    거   4  52.0       김옥성      구자흥    표종순                 36
------------------------------------------------------------------------------------------------------
                                                                          --총전적--      --1년전적--
 마번  마  명                  수득상금     1년수득상금  6개월수득상금  1위/2위/3위/계  1위/2위/3위/계
------------------------------------------------------------------------------------------------------
   1   로열함성                         0             0             0    0   0   0   6   0   0   0   6
   2   문학럭키                         0             0             0    0   0   0   5   0   0   0   5
   3   금석돌파                80,550,000             0             0    2   0   1  16   0   0   0   5
   4   파노라마퀸                       0             0             0    0   0   0   3   0   0   0   3
   5   어마무시                36,600,000             0             0    1   0   0   8   0   0   0   3
   6   강태풍                           0             0             0    0   0   0   0   0   0   0   0
   7   에이스찬                36,440,000    28,040,000             0    0   2   1  12   0   2   1   6
   8   패트리어츠테일                   0             0             0    0   0   0   7   0   0   0   3
------------------------------------------------------------------------------------------------------


제목 : 21.06.05 제 30 일  토 요일   6경주;   

 1700 M   출전:12두    국5등급   ( R1~35            연령오픈  )     출발:16:20
 핸디캡        일반      
  11,200,000원    7,000,000원    4,760,000원    3,080,000원    1,960,000원 
------------------------------------------------------------------------------------------------------
 마번  마   명            산지  성별 연령 중량       기수       조교사     마주              레이팅
------------------------------------------------------------------------------------------------------
   1   스피드벨            한    거   5  57.0       김덕현      임봉춘    최몽주                 35
   2   알파독              한    거   4  55.5       안토니오    박대흥    우순근                 32
   3   에이스함성          한    수   4  57.0       함완식      이관호    황의영                 35
   4   봄날의기억          한    수   4  54.5       송재철      안병기    우태율                 30
   5   고스트빌리지        한(포)수   4  54.5       유승완      송문길    (주)나스카             30
   6   레인                한    암   5  52.5       이혁        이신영    이성영                 30
   7   이스트라이크        한    거   5  54.0       김동수      전승규    어선미                 29
   8   아마로네            한    암   6  52.0       조한별      임봉춘    (주)나스카             26
   9   페더럴아이          한    수   3  54.0       문세영      지용철    금악목장               29
  10   송암바비            한    암   6  52.0       이강서      유재길    지원철                 21
  11   영주스톤            한    수   4  52.0       빅투아르    서정하    유영준                 24
  12   송암공주            한    암   6  52.0       김옥성      김윤섭    지원철                 21
------------------------------------------------------------------------------------------------------
                                                                          --총전적--      --1년전적--
 마번  마  명                  수득상금     1년수득상금  6개월수득상금  1위/2위/3위/계  1위/2위/3위/계
------------------------------------------------------------------------------------------------------
   1   스피드벨                68,200,000             0             0    2   1   0  17   0   0   0   5
   2   알파독                  25,660,000    20,260,000    18,260,000    1   1   1   7   1   1   1   5
   3   에이스함성              45,150,000    45,150,000    24,000,000    2   2   1   9   2   2   1   7
   4   봄날의기억              39,640,000    22,520,000    10,520,000    0   3   2  13   0   2   0   6
   5   고스트빌리지            16,040,000    16,040,000    12,540,000    1   0   2   5   1   0   2   5
   6   레인                    56,740,000     7,000,000     7,000,000    1   1   4  17   0   0   1   5
   7   이스트라이크            15,350,000    15,350,000             0    1   0   0   6   1   0   0   6
   8   아마로네                72,120,000    10,120,000     3,520,000    1   2   2  28   0   0   0   8
   9   페더럴아이              21,780,000    21,780,000    18,700,000    0   2   2   6   0   2   2   6
  10   송암바비                38,160,000     1,600,000             0    1   1   1  24   0   0   0   8
  11   영주스톤                16,660,000    13,160,000     1,960,000    0   0   3  11   0   0   2   7
  12   송암공주                36,640,000             0             0    0   3   1  24   0   0   0   6
------------------------------------------------------------------------------------------------------


제목 : 21.06.05 제 30 일  토 요일   7경주;   

 1700 M   출전:11두    국4등급   ( R1~50            연령오픈  )     출발:17:25
 별정B         일반      
  14,000,000원    8,750,000원    5,950,000원    3,850,000원    2,450,000원 
------------------------------------------------------------------------------------------------------
 마번  마   명            산지  성별 연령 중량       기수       조교사     마주              레이팅
------------------------------------------------------------------------------------------------------
   1   정문서미트          한    수   4  58.0       김정준      홍대유    김재영b                50
   2   스트롱러너          한    수   6  57.0       우에다      서범석    이성헌                 45
   3   정상으뜸            한    거   6  57.0       김옥성      박희철    정동진                 46
   4   인듀어런스          한    수   5  54.0       방춘식      지용철    조용학                 37
   5   라온제임스          한    거   5  54.0       정정희      안병기    라온산업개발(주)       38
   6   최강파티            한    거   5  54.0       다비드      박병일    함춘                   36
   7   이글아이            한    암   5  55.0       박을운      이신영    윤우환                 47
   8   만석지기            한(포)수   5  58.0       이혁        박종곤    강태구                 50
   9   스마티아델          한    암   5  53.0       박현우      송문길    이종훈                 40
  10   금아슈프림          한    거   5  56.0       김용근      박천서    금아산업(주)           43
  11   우대륭              한(포)암   5  53.0       장추열      안해양    임흥호                 41
------------------------------------------------------------------------------------------------------
                                                                          --총전적--      --1년전적--
 마번  마  명                  수득상금     1년수득상금  6개월수득상금  1위/2위/3위/계  1위/2위/3위/계
------------------------------------------------------------------------------------------------------
   1   정문서미트             114,960,000    39,810,000    21,210,000    2   2   2  14   0   2   0   8
   2   스트롱러너             122,640,000             0             0    2   4   4  29   0   0   0   6
   3   정상으뜸               129,600,000    13,200,000             0    1   6   4  36   0   1   0   6
   4   인듀어런스              84,400,000    16,200,000             0    1   5   0  21   0   1   0   7
   5   라온제임스              79,100,000    23,020,000    17,420,000    3   1   1  22   1   0   1   6
   6   최강파티                58,600,000    29,800,000     9,800,000    1   2   4  14   0   1   3   7
   7   이글아이                81,990,000    15,190,000     6,790,000    2   2   2  15   0   0   1   5
   8   만석지기                96,630,000    39,830,000    30,590,000    4   2   2  15   2   1   1   6
   9   스마티아델             104,000,000     2,400,000             0    2   2   0  21   0   0   0   6
  10   금아슈프림              74,420,000    33,540,000     7,140,000    1   4   2  17   0   2   1   6
  11   우대륭                 111,100,000    28,300,000    13,580,000    2   2   3  16   0   1   2   7
------------------------------------------------------------------------------------------------------


제목 : 21.06.05 제 30 일  토 요일   8경주;   

 1400 M   출전: 9두    혼3등급   ( R1~65            연령오픈  )     출발:18:00
 핸디캡        일반      
  16,800,000원   10,500,000원    7,140,000원    4,620,000원    2,940,000원 
------------------------------------------------------------------------------------------------------
 마번  마   명            산지  성별 연령 중량       기수       조교사     마주              레이팅
------------------------------------------------------------------------------------------------------
   1   매치캡틴            미    수   5  52.0       문성혁      서인석    고재완                 52
   2   샤크짱              미    수   4  52.0       김귀배      이희영    이종길                 51
   3   어느멋진날          미    거   5  56.0       정정희      안병기    우태율                 61
   4   에코빌              미    수   4  55.0       빅투아르    리카디    이일형                 59
   5   판타스틱콤비        미    거   6  52.0       김옥성      박천서    한영석                 50
   6   적벽신화            미    거   6  51.0   (-4)김아현      조현수    이창모                 59
   7   큐피드미션          미    수   4  54.0       이혁        서범석    서순배                 57
   8   굿필승              미    수   3  53.5       문세영      박윤규    김지훈                 56
   9   파노라마선          미    거   4  52.0       박현우      김동균    김영근                 51
------------------------------------------------------------------------------------------------------
                                                                          --총전적--      --1년전적--
 마번  마  명                  수득상금     1년수득상금  6개월수득상금  1위/2위/3위/계  1위/2위/3위/계
------------------------------------------------------------------------------------------------------
   1   매치캡틴                70,050,000             0             0    1   2   0  16   0   0   0   5
   2   샤크짱                  99,460,000    40,060,000     7,140,000    1   2   5  17   0   1   4   9
   3   어느멋진날             138,600,000     3,600,000             0    3   0   1  18   0   0   0   6
   4   에코빌                 110,220,000    88,020,000    23,000,000    1   4   3  13   1   3   3   8
   5   판타스틱콤비            64,800,000     7,800,000             0    1   0   0  24   0   0   0   6
   6   적벽신화               200,700,000    51,750,000             0    3   1   4  32   1   0   1   8
   7   큐피드미션             118,490,000    60,140,000    27,140,000    1   3   4  12   0   3   2   8
   8   굿필승                  44,380,000    44,380,000    44,380,000    2   1   1   4   2   1   1   4
   9   파노라마선              55,200,000    49,200,000             0    1   1   0  13   1   1   0   8
------------------------------------------------------------------------------------------------------


제목 : 21.06.06 제 31 일  일 요일   1경주;   

 1000 M   출전:12두    국6등급   ( R0~0             연령오픈  )     출발:10:45
 별정A         일반      
   8,800,000원    5,500,000원    3,740,000원    2,420,000원    1,540,000원 
------------------------------------------------------------------------------------------------------
 마번  마   명            산지  성별 연령 중량       기수       조교사     마주              레이팅
------------------------------------------------------------------------------------------------------
   1   블로마인드          한    수   3  56.0       안토니오    박대흥    요시다 가츠미            
   2   새내황제            한    거   3  56.0       이용호      홍대유    문금철                   
   3   럭키바우            한    거   3  52.0   (-4)김아현      임채덕    김성래                   
   4   런투골              한    암   3  54.0       함완식      강성오    씨유네트워크             
   5   지산군              한    수   3  56.0       김덕현      이관호    (주)인펨                 
   6   페페런              한    거   3  56.0       문성혁      전승규    박기태                   
   7   티파니블루          한    암   3  54.0       다비드      박윤규    코리아호스랜드           
   8   태양타고            한    암   3  54.0       최원준      지용철    최성룡                   
   9   엠제이퀸            한    암   3  54.0       송재철      김동균    박정재                   
  10   엑톤질주            한    수   3  56.0       최범현      손영표    임정균                   
  11   금성패션            한    암   3  54.0       김정준      김윤섭    조창규                   
  12   축복예찬            한    암   3  54.0       이강서      박천서    윤훈현                   
------------------------------------------------------------------------------------------------------
                                                                          --총전적--      --1년전적--
 마번  마  명                  수득상금     1년수득상금  6개월수득상금  1위/2위/3위/계  1위/2위/3위/계
------------------------------------------------------------------------------------------------------
   1   블로마인드                       0             0             0    0   0   0   0   0   0   0   0
   2   새내황제                         0             0             0    0   0   0   3   0   0   0   3
   3   럭키바우                         0             0             0    0   0   0   4   0   0   0   4
   4   런투골                           0             0             0    0   0   0   4   0   0   0   4
   5   지산군                           0             0             0    0   0   0   2   0   0   0   2
   6   페페런                           0             0             0    0   0   0   2   0   0   0   2
   7   티파니블루                       0             0             0    0   0   0   2   0   0   0   2
   8   태양타고                 2,640,000     2,640,000     2,640,000    0   0   0   3   0   0   0   3
   9   엠제이퀸                 7,260,000     7,260,000             0    1   0   0   4   1   0   0   4
  10   엑톤질주                         0             0             0    0   0   0   2   0   0   0   2
  11   금성패션                         0             0             0    0   0   0   2   0   0   0   2
  12   축복예찬                         0             0             0    0   0   0   0   0   0   0   0
------------------------------------------------------------------------------------------------------


제목 : 21.06.06 제 31 일  일 요일   2경주;   

 1000 M   출전:12두    국6등급   ( R0~0             연령오픈  )     출발:11:10
 별정A         일반      
   8,800,000원    5,500,000원    3,740,000원    2,420,000원    1,540,000원 
------------------------------------------------------------------------------------------------------
 마번  마   명            산지  성별 연령 중량       기수       조교사     마주              레이팅
------------------------------------------------------------------------------------------------------
   1   걸작우먼            한    암   3  54.0       김용근      박윤규    박덕희                   
   2   베스트슈퍼          한    수   3  56.0       안토니오    박재우    류재욱                   
   3   글로벌스톰          한    거   3  56.0       유승완      최상식    장재형                   
   4   미소가득            한    암   4  54.0       박상우      곽영효    양수화                   
   5   매직주니어          한    거   3  56.0       문성혁      서인석    최상기                   
   6   베스트천상          한    암   3  54.0       송재철      박천서    베스트샤인조합           
   7   파라곤캐슬          한    암   4  54.0       하정훈      심승태    박정재                   
   8   그린마운틴          한    수   4  56.0       이철경      서홍수    박순옥                   
   9   정문지존            한    거   3  56.0       함완식      홍대유    김재영b                  
  10   질주본              한    거   3  56.0       김정준      최영주    박준배                   
  11   송암레이서          한    거   3  56.0       이동국      최용건    지원철                   
  12   명진브레이싱        한    거   3  56.0       우에다      임봉춘    (주)자성실업             
------------------------------------------------------------------------------------------------------
                                                                          --총전적--      --1년전적--
 마번  마  명                  수득상금     1년수득상금  6개월수득상금  1위/2위/3위/계  1위/2위/3위/계
------------------------------------------------------------------------------------------------------
   1   걸작우먼                10,480,000    10,480,000     2,420,000    0   1   0   6   0   1   0   6
   2   베스트슈퍼                       0             0             0    0   0   0   1   0   0   0   1
   3   글로벌스톰                       0             0             0    0   0   0   3   0   0   0   3
   4   미소가득                 1,000,000     1,000,000             0    0   0   0   4   0   0   0   4
   5   매직주니어                       0             0             0    0   0   0   0   0   0   0   0
   6   베스트천상               9,900,000     9,900,000     9,900,000    0   0   2   4   0   0   2   4
   7   파라곤캐슬                       0             0             0    0   0   0   0   0   0   0   0
   8   그린마운틴               5,000,000     2,000,000             0    0   0   0   6   0   0   0   3
   9   정문지존                 2,420,000     2,420,000     2,420,000    0   0   0   3   0   0   0   3
  10   질주본                   2,420,000     2,420,000     2,420,000    0   0   0   2   0   0   0   2
  11   송암레이서                       0             0             0    0   0   0   1   0   0   0   1
  12   명진브레이싱                     0             0             0    0   0   0   3   0   0   0   3
------------------------------------------------------------------------------------------------------


제목 : 21.06.06 제 31 일  일 요일   3경주;   

 1300 M   출전:14두    국6등급   ( R0~0             연령오픈  )     출발:11:40
 별정A         일반      
   8,800,000원    5,500,000원    3,740,000원    2,420,000원    1,540,000원 
------------------------------------------------------------------------------------------------------
 마번  마   명            산지  성별 연령 중량       기수       조교사     마주              레이팅
------------------------------------------------------------------------------------------------------
   1   최강돌진            한    수   3  56.0       박을운      김동철    김선식                   
   2   마이더스캠프        한    수   3  56.0       이용호      서인석    이유환                   
   3   청담탱크            한    암   4  54.0       안토니오    토니      삼정                     
   4   실버드래곤          한    거   5  56.0       우에다      임봉춘    윤우환                   
   5   아쿠아펀치          한    암   3  54.0       정정희      최용건    구인택                   
   6   본투글로리          한    암   4  54.0       최범현      최봉주    박정배                   
   7   쿠레레쿠스          한    거   4  56.0       박현우      이관호    이재원                   
   8   영웅대마            한    거   3  56.0       장추열      정호익    김광명                   
   9   파워프라이드        한    거   5  56.0       김덕현      임봉춘    최현기                   
  10   라스트보스          한    수   3  56.0       이혁        지용철    김선식                   
  11   원더풀타이쿤        한    수   3  56.0       이철경      서홍수    (주)녹원목장             
  12   챔피언가문          한    수   3  56.0       유승완      박대흥    (주)케이씨피             
  13   소중한골든          한    거   4  56.0       문성혁      서인석    최영훈                   
  14   킬라타스            한    수   4  56.0       문정균      서정하    오종택                   
------------------------------------------------------------------------------------------------------
                                                                          --총전적--      --1년전적--
 마번  마  명                  수득상금     1년수득상금  6개월수득상금  1위/2위/3위/계  1위/2위/3위/계
------------------------------------------------------------------------------------------------------
   1   최강돌진                         0             0             0    0   0   0   0   0   0   0   0
   2   마이더스캠프                     0             0             0    0   0   0   4   0   0   0   4
   3   청담탱크                18,100,000    18,100,000    16,500,000    0   2   0   7   0   2   0   7
   4   실버드래곤               9,240,000     9,240,000     9,240,000    0   1   1   7   0   1   1   3
   5   아쿠아펀치                       0             0             0    0   0   0   1   0   0   0   1
   6   본투글로리               8,000,000     5,600,000             0    0   0   1   7   0   0   1   6
   7   쿠레레쿠스              10,540,000    10,540,000     7,040,000    0   1   1   7   0   1   1   7
   8   영웅대마                 3,750,000     3,750,000             0    0   0   0   6   0   0   0   6
   9   파워프라이드            15,460,000             0             0    0   0   2  16   0   0   0   5
  10   라스트보스               8,580,000     8,580,000     8,580,000    0   1   0   7   0   1   0   7
  11   원더풀타이쿤             2,420,000     2,420,000     2,420,000    0   0   0   1   0   0   0   1
  12   챔피언가문              11,450,000    11,450,000     5,060,000    0   1   0   6   0   1   0   6
  13   소중한골든               3,500,000     3,500,000             0    0   0   1   8   0   0   1   6
  14   킬라타스                 1,250,000     1,250,000             0    0   0   0   7   0   0   0   6
------------------------------------------------------------------------------------------------------


제목 : 21.06.06 제 31 일  일 요일   4경주;   

 1200 M   출전:14두    국5등급   ( R1~35            연령오픈  )     출발:12:45
 핸디캡        일반      
  11,200,000원    7,000,000원    4,760,000원    3,080,000원    1,960,000원 
------------------------------------------------------------------------------------------------------
 마번  마   명            산지  성별 연령 중량       기수       조교사     마주              레이팅
------------------------------------------------------------------------------------------------------
   1   울트라애니          한    암   4  51.5       조상범      안병기    조명식                 28
   2   천마투데이          한    암   3  53.5       장추열      배대선    박웅진                 32
   3   루비콘              한    암   3  52.5       박현우      홍대유    최동근                 30
   4   캐치참              한    암   3  53.5       문세영      강성오    김세민                 32
   5   디케이미르          미    거   4  53.0   (-4)김아현      최용구    표종진                 35
   6   올드스페셜          한    수   3  54.5       임기원      박재우    이진경                 30
   7   뇌성벽력            한    거   5  52.0       이철경      서인석    홍상기                 23
   8   당찬바람            한    암   4  52.0       김귀배      이희영    김재덕                 23
   9   쇼메이커            한(포)암   3  52.5       김정준      송문길    최종환                 30
  10   안양재규어          한    암   5  53.0       권석원      구자흥    (주)에이에프피         31
  11   섀도우퀸            한    암   4  52.0       송재철      신삼영    링크폴로               29
  12   큐피드비상          한    암   4  53.0       다비드      서범석    서순배                 31
  13   대지여걸            한    암   5  53.5       유승완      최영주    말사모                 32
  14   제이에스파워        한    거   4  54.5       이혁        손영표    박정재                 30
------------------------------------------------------------------------------------------------------
                                                                          --총전적--      --1년전적--
 마번  마  명                  수득상금     1년수득상금  6개월수득상금  1위/2위/3위/계  1위/2위/3위/계
------------------------------------------------------------------------------------------------------
   1   울트라애니              27,440,000    16,800,000     4,500,000    0   2   3  10   0   1   2   6
   2   천마투데이              40,780,000    40,780,000    20,020,000    3   0   1   7   3   0   1   7
   3   루비콘                  23,360,000    23,360,000    19,360,000    1   2   0   6   1   2   0   6
   4   캐치참                  18,020,000    18,020,000    10,760,000    2   0   0   3   2   0   0   3
   5   디케이미르               2,400,000     2,400,000             0    0   0   0   7   0   0   0   5
   6   올드스페셜              16,720,000    16,720,000    16,720,000    1   1   0   4   1   1   0   4
   7   뇌성벽력                27,840,000     5,600,000             0    0   0   5  20   0   0   1   6
   8   당찬바람                13,900,000             0             0    0   2   0  10   0   0   0   5
   9   쇼메이커                12,540,000    12,540,000    12,540,000    1   0   1   3   1   0   1   3
  10   안양재규어              40,700,000     2,240,000     2,240,000    1   1   2  17   0   0   0   6
  11   섀도우퀸                23,750,000    23,750,000             0    1   1   1   8   1   1   1   7
  12   큐피드비상              47,490,000    31,290,000    15,540,000    1   1   1  13   1   0   1   9
  13   대지여걸                68,270,000    22,790,000     5,740,000    2   3   1  16   1   1   0   6
  14   제이에스파워            27,360,000    25,200,000    25,200,000    1   0   0   9   1   0   0   4
------------------------------------------------------------------------------------------------------


제목 : 21.06.06 제 31 일  일 요일   5경주;   

 1200 M   출전:13두    국4등급   ( R1~50            연령오픈  )     출발:13:50
 핸디캡        일반      
  14,000,000원    8,750,000원    5,950,000원    3,850,000원    2,450,000원 
------------------------------------------------------------------------------------------------------
 마번  마   명            산지  성별 연령 중량       기수       조교사     마주              레이팅
------------------------------------------------------------------------------------------------------
   1   킹오브선데이        한    수   5  52.0       김용근      배휴준    양현모                 36
   2   왕탱이              한    거   4  56.0       박상우      박대흥    죽마조합               44
   3   달리는빛깔          한    수   4  53.0       이용호      지용철    김종식                 38
   4   일마레              한    수   5  52.0       우에다      서범석    카도노 시게오          36
   5   옥스퍼드킹          한(포)수   3  57.0       안토니오    박재우    민형근                 46
   6   라온다이아          한    암   3  52.0       이혁        박종곤    라온건설               38
   7   천둥여울            한    암   4  52.5       조상범      최용건    김광명                 41
   8   다이아키            한    수   4  53.0       이현종      배대선    강종우                 38
   9   머니챔프            한    거   4  55.0       박을운      김동균    최임규                 42
  10   슈퍼럭키보이        한    수   4  53.0       김동수      조현수    신우철                 38
  11   이스트챔프          한    수   4  53.5       장추열      정호익    김영구                 39
  12   언패럴렐드          한    수   4  52.0       송재철      최봉주    오종환                 36
  13   피케이군주          한    수   5  53.5       박병윤      심승태    김태성                 39
------------------------------------------------------------------------------------------------------
                                                                          --총전적--      --1년전적--
 마번  마  명                  수득상금     1년수득상금  6개월수득상금  1위/2위/3위/계  1위/2위/3위/계
------------------------------------------------------------------------------------------------------
   1   킹오브선데이            79,280,000    17,680,000     6,440,000    1   4   1  13   0   2   0   7
   2   왕탱이                  65,000,000    22,000,000             0    2   1   0   4   1   0   0   2
   3   달리는빛깔              59,850,000    51,690,000    24,890,000    2   3   3  15   2   2   2   9
   4   일마레                  50,450,000     3,850,000     3,850,000    1   2   2  19   0   0   0   4
   5   옥스퍼드킹              95,550,000    95,550,000    26,800,000    3   1   0   7   3   1   0   7
   6   라온다이아              67,140,000    67,140,000    25,890,000    2   0   2   6   2   0   2   6
   7   천둥여울                82,440,000    11,640,000             0    3   0   0  11   1   0   0   6
   8   다이아키                90,130,000    28,330,000    13,930,000    2   0   3  12   0   0   2   8
   9   머니챔프                88,570,000    18,170,000     7,070,000    2   2   1  13   0   0   1   7
  10   슈퍼럭키보이            46,390,000    46,390,000     7,140,000    2   0   1   8   2   0   1   8
  11   이스트챔프              46,970,000    26,500,000             0    2   0   2  11   1   0   1   7
  12   언패럴렐드              38,690,000    38,690,000     2,940,000    2   0   0   4   2   0   0   4
  13   피케이군주              69,000,000     3,000,000             0    2   0   2  14   0   0   0   3
------------------------------------------------------------------------------------------------------


제목 : 21.06.06 제 31 일  일 요일   6경주;   

 1400 M   출전:13두    혼4등급   ( R1~50            연령오픈  )     출발:14:45
 핸디캡        일반      
  14,000,000원    8,750,000원    5,950,000원    3,850,000원    2,450,000원 
------------------------------------------------------------------------------------------------------
 마번  마   명            산지  성별 연령 중량       기수       조교사     마주              레이팅
------------------------------------------------------------------------------------------------------
   1   러블리케이          미    암   3  56.0       문세영      우창구    강경운                 44
   2   엠제이포인트        미    암   3  53.0       함완식      김동균    박민지                 38
   3   티즈로즈            한    암   5  54.5       김용근      강성오    김선식                 41
   4   천사박              미    암   4  53.5       장추열      배대선    (주)디알엠씨티         39
   5   마성투혼            한    암   4  54.5       이철경      서인석    천사들의 안장          41
   6   로드블랙            미    암   4  52.0       조상범      최용구    표종순                 36
   7   맘마로마            한    암   5  55.0       정정희      리카디    김용래                 42
   8   원더풀루비          한    암   5  55.0       박을운      배휴준    지대섭                 42
   9   챌린지삭스          한    암   4  52.0       이현종      이관호    김창식                 36
  10   돌격앞으로          미    암   5  55.5       김동수      최봉주    민홍기                 43
  11   라이오넷            미    암   3  53.0       송재철      서인석    최상기                 38
  12   큐티바비            한    암   5  55.0       김정준      김윤섭    지원철                 42
  13   세렌디피티야        미    암   4  52.0       이혁        안병기    우태율                 36
------------------------------------------------------------------------------------------------------
                                                                          --총전적--      --1년전적--
 마번  마  명                  수득상금     1년수득상금  6개월수득상금  1위/2위/3위/계  1위/2위/3위/계
------------------------------------------------------------------------------------------------------
   1   러블리케이              39,750,000    39,750,000    31,710,000    1   0   2   6   1   0   2   6
   2   엠제이포인트            16,800,000    16,800,000    11,760,000    0   0   2   4   0   0   2   4
   3   티즈로즈                50,280,000    32,400,000             0    2   0   2   9   1   0   2   5
   4   천사박                  13,200,000    13,200,000             0    0   1   0  11   0   1   0   7
   5   마성투혼                79,430,000    14,000,000             0    2   1   2  13   0   0   0   5
   6   로드블랙                 6,000,000     6,000,000             0    0   0   0   7   0   0   0   5
   7   맘마로마               161,690,000    23,990,000     5,390,000    1   6   1  22   0   1   0   8
   8   원더풀루비              89,950,000    30,350,000     8,750,000    1   4   2  19   0   2   1   8
   9   챌린지삭스              49,680,000    49,680,000    18,880,000    2   1   1   8   2   1   1   8
  10   돌격앞으로              44,340,000     5,340,000     2,940,000    0   1   3  16   0   0   0   5
  11   라이오넷                 3,850,000     3,850,000     3,850,000    0   0   0   2   0   0   0   2
  12   큐티바비                72,040,000     6,440,000     6,440,000    3   1   1  16   0   1   0   4
  13   세렌디피티야            19,140,000    19,140,000    12,390,000    0   0   0  10   0   0   0   7
------------------------------------------------------------------------------------------------------


제목 : 21.06.06 제 31 일  일 요일   7경주;   

 1400 M   출전: 9두    혼3등급   ( R1~65            연령오픈  )     출발:15:40
 핸디캡        일반      
  16,800,000원   10,500,000원    7,140,000원    4,620,000원    2,940,000원 
------------------------------------------------------------------------------------------------------
 마번  마   명            산지  성별 연령 중량       기수       조교사     마주              레이팅
------------------------------------------------------------------------------------------------------
   1   금자유              미    암   4  54.5       이동국      박병일    배태곤                 62
   2   다이나믹커밍        미    수   4  54.0       조상범      박대흥    이일형                 57
   3   빅투더빅            캐    암   4  51.0       김용근      송문길    이미양                 54
   4   고고비              캐    암   5  55.5       김정준      김윤섭    김재용                 64
   5   리틀보이플래시      미    거   5  52.0       김동수      박윤규    박덕희                 52
   6   섬싱익스펙트        미    수   4  52.0       이용호      홍대유    정춘복                 53
   7   블루마카롱          미    암   4  55.5       이준철      김대근    최병욱                 64
   8   마이티윙            미    수   5  52.0       우에다      서홍수    조병태                 53
   9   이스트반            미    거   4  51.0       다비드      서범석    임종근                 51
------------------------------------------------------------------------------------------------------
                                                                          --총전적--      --1년전적--
 마번  마  명                  수득상금     1년수득상금  6개월수득상금  1위/2위/3위/계  1위/2위/3위/계
------------------------------------------------------------------------------------------------------
   1   금자유                 124,250,000    67,250,000    12,500,000    2   2   2  13   1   1   1   7
   2   다이나믹커밍            75,000,000    16,500,000             0    1   2   1   9   0   1   0   4
   3   빅투더빅                93,000,000    43,500,000    10,500,000    1   3   0   7   0   2   0   4
   4   고고비                 142,140,000    13,440,000     2,940,000    2   2   3  16   0   0   1   5
   5   리틀보이플래시         105,390,000    39,690,000     2,940,000    1   3   1  25   1   0   0   8
   6   섬싱익스펙트            49,200,000    33,000,000             0    1   0   2   7   1   0   0   5
   7   블루마카롱             141,310,000   137,560,000    28,060,000    3   2   1  12   3   2   1   8
   8   마이티윙                99,180,000    10,980,000     7,980,000    1   3   0  20   0   0   0   6
   9   이스트반                83,270,000    63,920,000    31,080,000    1   4   1  12   1   3   1   8
------------------------------------------------------------------------------------------------------


제목 : 21.06.06 제 31 일  일 요일   8경주;   

 1700 M   출전:12두    혼4등급   ( R1~50            연령오픈  )     출발:16:35
 별정B         일반      
  14,000,000원    8,750,000원    5,950,000원    3,850,000원    2,450,000원 
------------------------------------------------------------------------------------------------------
 마번  마   명            산지  성별 연령 중량       기수       조교사     마주              레이팅
------------------------------------------------------------------------------------------------------
   1   파노라마칸          미    거   3  54.0       함완식      김동균    김영근                 38
   2   트리플킹덤          미    수   4  54.0       임기원      박재우    선용호                 37
   3   큐피드베이브        뉴    거   4  54.0       김용근      신삼영    서순배                 36
   4   신의열매            미    거   4  54.0       정정희      안병기    김동익                 36
   5   대형호재            한    거   4  55.0       유승완      박대흥    나종용                 39
   6   옥룡                미    거   4  55.0       이현종      강성오    이긍열                 41
   7   글라디아토레에이    미    수   5  54.0       박현우      송문길    김형실                 36
   8   아메리칸포스원      미    거   4  51.0   (-4)김아현      지용철    서정범                 36
   9   흥록대부            미    거   3  58.0       이준철      김대근    고광숙                 48
  10   장산탱크            미    거   4  57.0       문세영      최용건    김병진                 47
  11   선스타트            미    수   6  55.0       박병윤      손영표    이신근                 41
  12   안양옥센            미    거   4  57.0       안토니오    구자흥    (주)에이에프피         45
------------------------------------------------------------------------------------------------------
                                                                          --총전적--      --1년전적--
 마번  마  명                  수득상금     1년수득상금  6개월수득상금  1위/2위/3위/계  1위/2위/3위/계
------------------------------------------------------------------------------------------------------
   1   파노라마칸              13,090,000    13,090,000    13,090,000    0   0   2   3   0   0   2   3
   2   트리플킹덤              16,550,000    14,150,000     8,750,000    0   1   0   7   0   1   0   4
   3   큐피드베이브                     0             0             0    0   0   0   4   0   0   0   4
   4   신의열매                11,940,000     9,540,000     7,140,000    0   0   1  10   0   0   1   8
   5   대형호재                37,750,000    34,390,000    15,040,000    2   0   1   9   2   0   1   5
   6   옥룡                    39,500,000    23,750,000     8,750,000    0   2   1  11   0   1   1   6
   7   글라디아토레에이        15,150,000     3,000,000             0    0   0   1  10   0   0   0   4
   8   아메리칸포스원          36,500,000    11,750,000     5,390,000    0   0   2  20   0   0   0   8
   9   흥록대부                39,590,000    39,590,000    30,800,000    2   0   1   7   2   0   1   7
  10   장산탱크                58,750,000    58,750,000    17,710,000    1   0   3  10   1   0   3   8
  11   선스타트                97,800,000     8,400,000             0    0   4   4  32   0   0   1   7
  12   안양옥센                44,050,000    41,650,000    37,730,000    1   1   2   9   1   1   2   6
------------------------------------------------------------------------------------------------------


제목 : 21.06.06 제 31 일  일 요일   9경주;   

 1800 M   출전:12두    국3등급   ( R1~65            연령오픈  )     출발:17:30
 핸디캡        일반      
  16,800,000원   10,500,000원    7,140,000원    4,620,000원    2,940,000원 
------------------------------------------------------------------------------------------------------
 마번  마   명            산지  성별 연령 중량       기수       조교사     마주              레이팅
------------------------------------------------------------------------------------------------------
   1   머니지프            한    거   6  52.0       김정준      배대선    강종우                 51
   2   메니스피드          한    수   5  54.5       이현종      조현수    최몽주                 58
   3   컴플리트킹덤        한    수   4  55.0       임기원      박재우    장석영                 59
   4   금아제니스          한    수   5  52.0       정정희      우창구    금아산업(주)           53
   5   라온더파이터        한(포)수   3  54.5       이혁        박종곤    라온산업개발(주)       58
   6   대변화              한    거   6  55.5       방춘식      지용철    이수길                 60
   7   이스트킹덤          한    수   6  56.5       장추열      정호익    김영구                 62
   8   더불어숲            한    거   6  52.5       유승완      박병일    이관형                 54
   9   위즈모멘트          한    암   4  53.0       송재철      송문길    최몽주                 59
  10   리빙스턴            한    수   6  52.5       이기회      김동균    최임규                 54
  11   킹오브룰즈          한    수   5  52.0       김동수      조현수    이혜란                 51
  12   사이먼퀸            한    암   5  52.5       최범현      우창구    임영수                 58
------------------------------------------------------------------------------------------------------
                                                                          --총전적--      --1년전적--
 마번  마  명                  수득상금     1년수득상금  6개월수득상금  1위/2위/3위/계  1위/2위/3위/계
------------------------------------------------------------------------------------------------------
   1   머니지프               155,440,000    53,640,000     3,840,000    3   1   6  36   1   0   2   8
   2   메니스피드             167,040,000    91,200,000    32,640,000    2   5   9  24   1   4   2   9
   3   컴플리트킹덤           154,940,000    44,340,000     2,940,000    4   1   1  11   1   0   1   6
   4   금아제니스             128,530,000    14,250,000             0    3   2   2  18   0   0   1   5
   5   라온더파이터            57,350,000    57,350,000    43,600,000    4   0   0   4   4   0   0   4
   6   대변화                 206,190,000    48,500,000     3,500,000    3   5   4  34   1   0   0   9
   7   이스트킹덤             199,150,000    45,000,000             0    4   3   4  24   1   0   0   6
   8   더불어숲               179,280,000    13,500,000             0    3   4   4  23   0   0   1   7
   9   위즈모멘트             110,340,000   110,340,000    46,100,000    5   1   0   6   5   1   0   6
  10   리빙스턴               147,360,000    10,890,000     7,140,000    2   6   4  28   0   0   1   5
  11   킹오브룰즈             104,000,000     8,400,000             0    1   6   3  19   0   0   1   7
  12   사이먼퀸               145,360,000    52,680,000    19,140,000    3   3   3  17   0   2   2   6
------------------------------------------------------------------------------------------------------


제목 : 21.06.06 제 31 일  일 요일  10경주;   

 1200 M   출전: 8두    2등급   ( R1~80            연령오픈  )     출발:18:00
 핸디캡        일반      
  20,000,000원   12,500,000원    8,500,000원    5,500,000원    3,500,000원 
------------------------------------------------------------------------------------------------------
 마번  마   명            산지  성별 연령 중량       기수       조교사     마주              레이팅
------------------------------------------------------------------------------------------------------
   1   원더풀트루스        한    암   5  53.5       빅투아르    서홍수    지경미                 73
   2   역전의우승          미    거   7  52.0       유승완      우창구    우만식                 66
   3   킬리의제왕          미    수   6  57.0       박현우      송문길    (주)나스카             76
   4   이글스그리프터      미    수   6  52.5       정정희      우창구    최몽주                 67
   5   님의향기            한    수   5  51.5       하정훈      토니      한명로                 65
   6   정상스타            한    암   5  52.0       우에다      정호익    정동진                 66
   7   크레이지팩터        호    수   6  53.5       조상범      강환민    서창식                 69
   8   레전드데이          미    수   3  54.0       장추열      정호익    양순희                 70
------------------------------------------------------------------------------------------------------
                                                                          --총전적--      --1년전적--
 마번  마  명                  수득상금     1년수득상금  6개월수득상금  1위/2위/3위/계  1위/2위/3위/계
------------------------------------------------------------------------------------------------------
   1   원더풀트루스           210,430,000    67,630,000     5,500,000    4   4   1  21   1   1   1   8
   2   역전의우승             176,850,000             0             0    2   2   3  28   0   0   0   5
   3   킬리의제왕             168,800,000    16,100,000     3,500,000    2   2   5  18   0   0   1   6
   4   이글스그리프터         143,250,000             0             0    2   3   1  23   0   0   0   4
   5   님의향기               221,210,000    52,260,000    17,760,000    3   4   7  22   0   1   4   7
   6   정상스타               166,170,000    41,250,000             0    5   2   1  15   1   0   0   5
   7   크레이지팩터           143,880,000    29,880,000             0    2   1   5  21   0   1   1   8
   8   레전드데이             128,970,000   128,970,000    47,360,000    5   1   0   6   5   1   0   6
------------------------------------------------------------------------------------------------------

