

제목 : 21.04.08(목) 훈련현황

  ※기승자범례(조:조교사, 보:조교보, 기:기수, 후:기수후보생, 승:조교승인)
  ※비고(금:금주출전예정마, 차:차주출전예정마, 특:특대상경주출전예정마)
  ※금주, 차주 또는 특별 대상경주 출전예상마는 출전신청 결과 및
  조교사의 의사에 따라 변동될 수 있는 미확정된 자료이오니 참고하시기 바랍니다.
━━━━━━━━━━━━━━━━━━━━━━━━━━━━━━━━━━━━━━━
  순 소속조 - 조번 마명              기승자 입장시각  퇴장시각  훈련시간 비고
━━━━━━━━━━━━━━━━━━━━━━━━━━━━━━━━━━━━━━━
  1  1조(박종곤)39 굿센스              기   08:01     08:16       0:15   금
  2  1조(박종곤) 6 대마지풍            승   07:31     07:49       0:18   차
  3  1조(박종곤)17 라온가람            기   06:31     06:40       0:09   금
  4  1조(박종곤) 1 라온다이아          승   07:00     07:14       0:14   차
  5  1조(박종곤)19 라온더삭스          기   07:47     07:58       0:11   금
  6  1조(박종곤)27 라온더파이터        승   07:05     07:19       0:14   차
  7  1조(박종곤)32 라온스페셜          승   06:57     07:09       0:12   차
  8  1조(박종곤)21 라온탑맨            승   07:03     07:16       0:13   차
  9  1조(박종곤)13 라온터프맨          승   08:07     08:21       0:14   차
 10  1조(박종곤)30 라온패션            기   08:20     08:30       0:10   금
 11  1조(박종곤)35 라온핑크            기   06:59     07:15       0:16   금
 12  1조(박종곤)40 문학시바            승   08:22     08:36       0:14   차
 13  1조(박종곤)25 문학아리아리        승   07:43     07:58       0:15   차
 14  1조(박종곤) 9 문학파로아          승   07:12     07:21       0:09   차
 15  1조(박종곤)20 트라이선더          승   07:10     07:25       0:15   차
 16  2조(손영표)32 러브아치            기   07:32     07:45       0:13   금
 17  2조(손영표)12 로스트워            기   07:27     07:41       0:14   차
 18  2조(손영표)30 록비트              기   08:27     08:39       0:12   금
 19  2조(손영표)34 매직만점            기   08:00     08:12       0:12   금
 20  2조(손영표)10 선스타트            기   07:09     07:24       0:15   금
 21  2조(손영표)31 오섬스프링스        승   06:24     06:37       0:13   차
 22  2조(손영표)33 퀵실버키튼          승   07:05     07:20       0:15   차
 23  2조(손영표)19 패밀리스타          기   07:35     07:52       0:17   금
 24  2조(손영표)22 피어나다            승   06:16     06:29       0:13   차
 25  2조(손영표) 2 피케이로드          기   08:00     08:12       0:12   금
 26  3조(최영주)22 고웰                승   08:36     08:49       0:13   차
 27  3조(최영주) 4 골든제이            승   08:12     08:23       0:11   금
 28  3조(최영주)21 드림로드            승   06:15     06:30       0:15   차
 29  3조(최영주)24 랭크가드            승   08:53     09:07       0:14   차
 30  3조(최영주)20 멋진가이            승   08:46     08:59       0:13   차
 31  3조(최영주)34 샤이니퀸            승   07:59     08:16       0:17   차
 32  3조(최영주)13 서울달빛            기   07:36     07:50       0:14   차
 33  3조(최영주)25 스텔라로드          승   09:01     09:08       0:07   차
 34  3조(최영주)30 오로라로드          승   08:23     08:35       0:12   차
 35  3조(최영주)23 위닝투게더          승   06:49     06:58       0:09   차
 36  3조(최영주)26 윈드스카이          승   07:41     07:47       0:06   금
 37  3조(최영주)29 티케파이어          기   07:36     07:47       0:11   금
 38  3조(최영주) 2 허니퀸              승   09:12     09:29       0:17   차
 39  4조(박윤규)19 걸작맨              기   07:28     07:38       0:10   금
 40  4조(박윤규)18 걸작우먼            승   07:02     07:16       0:14   차
 41  4조(박윤규) 2 광양으뜸            승   08:41     09:01       0:20   차
 42  4조(박윤규)25 굿필승              승   06:14     06:28       0:14   차
 43  4조(박윤규)14 동진최강            기   06:52     06:59       0:07   금
 44  4조(박윤규)16 드림머니            승   06:11     06:16       0:05   차
 45  4조(박윤규) 1 멋진기록            승   08:41     09:01       0:20   차
 46  4조(박윤규)21 방주                승   08:08     08:23       0:15   차
 47  4조(박윤규)17 시티챔프            기   07:16     07:30       0:14   금
 48  4조(박윤규)12 에이스캔트          기   08:19     08:32       0:13   금
 49  4조(박윤규)20 제주의보석          승   08:41     08:57       0:16   차
 50  4조(박윤규)26 주말의시작          기   08:33     08:44       0:11   금
 51  4조(박윤규) 7 팔팔빅토리          승   06:26     06:40       0:14   차
 52  4조(박윤규)29 해피먼스            기   07:48     07:58       0:10   금
 53  4조(박윤규)22 해피하와이          승   09:12     09:25       0:13   차
 54  5조(우창구) 2 금로열              승   07:52     08:04       0:12   차
 55  5조(우창구)34 금아제니스          보   07:37     07:52       0:15   차
 56  5조(우창구)37 드림걸스            기   07:20     07:29       0:09   금
 57  5조(우창구) 6 미라클호프          보   06:27     06:39       0:12   금
 58  5조(우창구)13 선더타임            보   07:33     07:49       0:16   차
 59  5조(우창구) 5 위너골드            기   07:05     07:18       0:13   금
 60  5조(우창구)33 이글스그리프터      승   06:53     07:10       0:17   차
 61  5조(우창구)30 파이널스타          승   07:24     07:38       0:14   금
 62  5조(우창구)32 해랑                승   08:05     08:17       0:12   차
 63  6조(홍대유)22 가자플랜            기   08:35     08:45       0:10   금
 64  6조(홍대유)10 그린짱              보   06:12     06:28       0:16   차
 65  6조(홍대유)28 그린폭주            보   07:24     07:40       0:16   차
 66  6조(홍대유)12 그린필스타          보   06:44     07:04       0:20   차
 67  6조(홍대유) 7 럭키전사            승   06:43     06:59       0:16   차
 68  6조(홍대유) 1 문학리워드          승   07:20     07:33       0:13   차
 69  6조(홍대유)15 문학문              승   07:29     07:43       0:14   차
 70  6조(홍대유)13 문학백투백          승   06:46     06:58       0:12   차
 71  6조(홍대유)20 문학워              승   08:35     08:45       0:10   차
 72  6조(홍대유)17 배다리프린스        기   08:00     08:17       0:17   금
 73  6조(홍대유)40 비르투스            승   06:43     06:57       0:14   차
 74  6조(홍대유)16 새내선              승   08:42     08:56       0:14   차
 75  6조(홍대유)33 새내스퍼트          기   06:16     06:27       0:11   금
 76  6조(홍대유) 5 새내아이린          승   07:29     07:41       0:12   차
 77  6조(홍대유) 8 새내윈              승   07:28     07:46       0:18   차
 78  6조(홍대유)14 새내초이스          승   08:16     08:32       0:16   차
 79  6조(홍대유)23 서던맨              기   07:20     07:25       0:05   금
 80  6조(홍대유)24 선더챔프            승   08:35     08:48       0:13   차
 81  6조(홍대유)36 안양호랑이          승   06:50     07:05       0:15   차
 82  6조(홍대유)38 어플리트마린        승   07:37     07:51       0:14   차
 83  6조(홍대유) 4 월영이              보   08:17     08:33       0:16   차
 84  6조(홍대유)11 이겨주마            승   08:36     08:50       0:14   차
 85  6조(홍대유)32 정문에이스          기   06:16     06:27       0:11   금
 86  6조(홍대유)26 정문폭주            기   07:26     07:42       0:16   금
 87  6조(홍대유)29 정문프린스          승   08:20     08:37       0:17   차
 88  7조(구자흥) 1 가나파크            승   08:22     08:41       0:19   차
 89  7조(구자흥)26 그린다르크          기   07:02     07:12       0:10   금
 90  7조(구자흥) 3 달려라광산          승   06:49     07:01       0:12   차
 91  7조(구자흥) 8 디케이마루          승   08:15     08:25       0:10   차
 92  7조(구자흥) 9 디케이별찌          승   07:23     07:34       0:11   차
 93  7조(구자흥) 2 로드로즈            기   08:08     08:17       0:09   금
 94  7조(구자흥)11 백두거포            기   08:02     08:07       0:05   금
 95  7조(구자흥) 7 시크릿힐            승   08:23     08:40       0:17   차
 96  7조(구자흥)16 윈디러시            승   07:06     07:16       0:10   금
 97  7조(구자흥)12 제로백파이브        승   08:22     08:40       0:18   차
 98  7조(구자흥)21 천향국색            승   06:29     06:43       0:14   차
 99  7조(구자흥)30 패트리어츠테일      승   06:18     06:34       0:16   차
100  7조(구자흥)17 폭스파워            기   07:00     07:18       0:18   금
101  7조(구자흥)14 환한미소            승   07:23     07:34       0:11   차
102  8조(최용구) 6 골든서비스          기   06:44     06:55       0:11   금
103  8조(최용구)28 대군불패            승   08:27     08:39       0:12   차
104  8조(최용구)27 대군의창            기   06:43     06:56       0:13   금
105  8조(최용구)21 더블블랙            승   06:34     06:45       0:11   차
106  8조(최용구)24 디케이미르          승   06:48     07:00       0:12   차
107  8조(최용구)13 로드위너            승   06:10     06:20       0:10   금
108  8조(최용구) 2 루킹퍼스트          승   06:13     06:25       0:12   금
109  8조(최용구)34 블루마리아          승   09:06     09:23       0:17   차
110  8조(최용구)14 비크레이지          승   07:12     07:37       0:25   차
111  8조(최용구) 3 스위트캠프          승   07:26     07:38       0:12   차
112  8조(최용구)15 스피돔              승   07:59     08:07       0:08   차
113  8조(최용구) 5 이스크라            승   06:14     06:26       0:12   차
114  8조(최용구) 8 카우보이킹          승   09:04     09:23       0:19   차
115  8조(최용구)35 콜백                승   09:06     09:26       0:20   차
116  8조(최용구) 7 킹스맨              승   08:05     08:17       0:12   차
117  8조(최용구)20 트리운포            승   07:27     07:38       0:11   차
118  8조(최용구)32 하바나찰리          승   06:57     07:09       0:12   차
119  9조(강성오)29 골든배지            승   06:15     06:32       0:17   금
120  9조(강성오) 6 베스퍼              승   06:35     06:47       0:12   차
121  9조(강성오)27 옥룡                승   07:23     07:34       0:11   차
122  9조(강성오)16 온포인트            승   06:21     06:33       0:12   차
123  9조(강성오)18 올백                승   07:34     07:41       0:07   차
124  9조(강성오)34 일격필살            기   07:26     07:36       0:10   금
125  9조(강성오)12 정조의꿈            승   07:59     08:09       0:10   차
126  9조(강성오)21 중추부사            승   07:21     07:35       0:14   차
127  9조(강성오)15 커리어하이          기   07:12     07:23       0:11   금
128  9조(강성오)23 클린업시크릿        승   06:23     06:33       0:10   차
129  9조(강성오)10 클린업트리오        기   08:06     08:18       0:12   금
130  9조(강성오)28 히든삭스            승   06:47     07:02       0:15   금
131 10조(정호익)18 강토마              승   06:26     06:37       0:11   금
132 10조(정호익)23 두손장군            승   07:36     07:45       0:09   차
133 10조(정호익)32 레전드스타          기   06:15     06:32       0:17   금
134 10조(정호익)25 록뉴스              기   06:14     06:34       0:20   금
135 10조(정호익)37 마이멤버            기   06:44     06:57       0:13   차
136 10조(정호익) 5 마이호크            승   07:37     07:48       0:11   차
137 10조(정호익)30 문학미스치프        승   07:43     07:56       0:13   차
138 10조(정호익)17 문학쓰나미          승   08:26     08:33       0:07   차
139 10조(정호익)31 문학에카티          승   08:00     08:12       0:12   차
140 10조(정호익)15 문학엠파이어        승   07:31     07:46       0:15   차
141 10조(정호익)39 알찬누리            승   07:43     07:56       0:13   차
142 10조(정호익)38 이스트챔프          승   06:12     06:27       0:15   차
143 10조(정호익)33 이스트킹덤          승   06:10     06:39       0:29   금
144 10조(정호익)35 정상스타            승   07:02     07:17       0:15   차
145 10조(정호익)11 터프맨              기   06:47     07:02       0:15   금
146 10조(정호익)36 티케이보이          승   06:59     07:14       0:15   차
147 10조(정호익)24 흥드림              기   06:32     06:46       0:14   금
148 11조(조현수)34 골디락스            승   08:08     08:21       0:13   금
149 11조(조현수)10 그레이트한센        승   08:29     08:44       0:15   금
150 11조(조현수)15 도깨비              승   07:55     08:07       0:12   차
151 11조(조현수)28 메니스피드          보   07:40     07:51       0:11   차
152 11조(조현수)29 모닝타이거          승   06:32     06:48       0:16   금
153 11조(조현수) 8 사이먼스톰          승   07:56     08:08       0:12   차
154 11조(조현수) 2 스피드플라잉        승   07:42     07:55       0:13   차
155 11조(조현수)31 시선집중            승   07:21     07:30       0:09   금
156 11조(조현수) 6 에치드프라임        승   08:29     08:41       0:12   차
157 11조(조현수) 1 일향달마            승   07:13     07:26       0:13   차
158 11조(조현수)24 적벽신화            승   07:06     07:19       0:13   차
159 11조(조현수)11 제마특급            승   06:37     06:49       0:12   금
160 11조(조현수)17 컴플리트매직        승   06:55     07:04       0:09   차
161 11조(조현수)14 퀸라이언            승   08:03     08:16       0:13   금
162 11조(조현수) 5 킹오브룰즈          승   06:35     06:48       0:13   금
163 11조(조현수)38 파이널에이스        보   06:33     06:45       0:12   차
164 11조(조현수)33 퍼지퀸              승   07:44     07:58       0:14   차
165 11조(조현수)13 폴카                승   07:20     07:30       0:10   차
166 11조(조현수)18 피엔에스보스        승   06:37     06:48       0:11   차
167 11조(조현수)21 함양산삼            승   08:40     08:52       0:12   차
168 11조(조현수)35 효마루              승   06:51     07:05       0:14   차
169 12조(서범석)19 고고고              승   08:10     08:33       0:23   차
170 12조(서범석)20 런런런              승   07:38     07:55       0:17   금
171 12조(서범석)12 마인헌터            승   07:06     07:13       0:07   차
172 12조(서범석)14 선라이팅            기   08:37     08:45       0:08   금
173 12조(서범석)17 선붐                승   06:34     06:41       0:07   차
174 12조(서범석)31 선위너              승   07:38     07:55       0:17   차
175 12조(서범석)27 스트라이드업        승   06:33     06:50       0:17   차
176 12조(서범석)11 스트롱러너          승   06:34     06:48       0:14   차
177 12조(서범석)16 스트롱레드          기   06:25     06:38       0:13   금
178 12조(서범석)22 원더풀스톰          승   07:11     07:26       0:15   금
179 12조(서범석)28 이스트반            기   08:48     08:58       0:10   금
180 12조(서범석)26 카지노스타          승   07:10     07:22       0:12   차
181 12조(서범석)33 큐피드비상          승   07:23     07:37       0:14   차
182 13조(이희영)16 굿바우              승   07:24     07:35       0:11   차
183 13조(이희영)30 나도야금            기   07:12     07:26       0:14   차
184 13조(이희영)15 넘버원타깃          기   07:26     07:40       0:14   금
185 13조(이희영) 4 드림여왕            기   08:01     08:22       0:21   차
186 13조(이희영) 2 베스트라인          기   06:15     06:30       0:15   금
187 13조(이희영)26 본능대로            승   06:44     07:05       0:21   금
188 13조(이희영)24 빅플랜              승   07:57     08:10       0:13   차
189 13조(이희영)35 엘리트라인          승   07:45     07:58       0:13   차
190 13조(이희영) 7 화이팅랭퍼          승   07:35     07:45       0:10   금
191 14조(이신영)17 거센불패            승   07:22     07:37       0:15   차
192 14조(이신영)25 금아로버스트        승   07:45     07:54       0:09   차
193 14조(이신영)33 금아마이티          승   06:41     06:52       0:11   차
194 14조(이신영)38 더스파이커          승   07:55     08:06       0:11   차
195 14조(이신영)24 델피니              승   07:25     07:35       0:10   차
196 14조(이신영)19 라게르타            승   07:07     07:17       0:10   금
197 14조(이신영)29 말리부진저          승   07:51     08:00       0:09   차
198 14조(이신영)31 블랙킹              승   07:35     07:43       0:08   차
199 14조(이신영) 1 선샤인특급          승   07:21     07:30       0:09   금
200 14조(이신영)16 스카이망치          기   06:42     06:53       0:11   금
201 14조(이신영)37 엉클벨              기   06:32     06:42       0:10   금
202 14조(이신영)35 플로리다파워        승   06:16     06:30       0:14   차
203 15조(박희철) 4 마에스트로          승   06:12     06:27       0:15   차
204 15조(박희철)32 사려니              승   07:18     07:31       0:13   금
205 15조(박희철)14 원더풀샘            승   06:29     06:42       0:13   차
206 15조(박희철) 2 정상만세            승   06:11     06:21       0:10   차
207 15조(박희철)10 정상킹덤            보   06:44     07:07       0:23   차
208 15조(박희철)23 파티파워            승   07:31     07:46       0:15   차
209 16조(최봉주)31 뉴호프              조   06:21     06:40       0:19   금
210 16조(최봉주) 8 대천얼짱            기   07:04     07:18       0:14   금
211 16조(최봉주)35 돌격앞으로          기   08:11     08:24       0:13   차
212 16조(최봉주) 1 로렐챔프            기   08:23     08:40       0:17   차
213 16조(최봉주) 9 본투글로리          조   08:27     08:44       0:17   차
214 16조(최봉주)26 서클댄서            승   08:59     09:11       0:12   차
215 16조(최봉주)23 어드밴스            기   07:22     07:44       0:22   금
216 16조(최봉주)33 영화즈플라잉        조   07:28     07:45       0:17   차
217 16조(최봉주)17 워리어선더          조   09:05     09:22       0:17   차
218 16조(최봉주)29 원더풀딕시          승   08:22     08:34       0:12   차
219 16조(최봉주) 3 원더풀맘보          승   08:47     08:59       0:12   금
220 16조(최봉주)16 제주의요정          조   07:53     08:08       0:15   차
221 16조(최봉주) 2 천은짱              승   08:35     08:46       0:11   차
222 16조(최봉주)20 투엠오케이          기   08:20     08:32       0:12   금
223 16조(최봉주)10 특급여왕            기   06:21     06:38       0:17   금
224 16조(최봉주)21 파이팅대디          승   07:56     08:10       0:14   차
225 16조(최봉주)28 호크행진곡          조   07:13     07:18       0:05   금
226 17조(김점오)21 그랜드캐슬          기   07:19     07:32       0:13   금
227 17조(김점오) 3 런닝스톰            승   06:24     06:38       0:14   차
228 17조(김점오) 2 명품축제            승   06:48     07:02       0:14   차
229 17조(김점오)18 명품히어로          승   07:07     07:24       0:17   차
230 17조(김점오) 7 스피드흑룡          기   07:35     07:46       0:11   금
231 17조(김점오)25 어메이징퀸          보   06:13     06:27       0:14   차
232 17조(김점오)22 이스머스            승   06:26     06:42       0:16   차
233 17조(김점오)24 조이브라더          기   07:53     08:03       0:10   금
234 17조(김점오) 4 퍼스트드림          승   06:18     06:31       0:13   차
235 17조(김점오)35 황금주머니          승   06:21     06:34       0:13   금
236 18조(박대흥)13 골드케이            승   08:49     09:04       0:15   금
237 18조(박대흥)22 남촌아티스트        승   06:47     07:00       0:13   금
238 18조(박대흥)20 도끼블레이드        승   06:43     07:07       0:24   차
239 18조(박대흥) 8 명진캠프            승   07:23     07:37       0:14   금
240 18조(박대흥)37 별나라질주          승   07:47     08:03       0:16   차
241 18조(박대흥)39 선더소니아          승   08:04     08:24       0:20   차
242 18조(박대흥)19 선오브선더          기   07:09     07:20       0:11   금
243 18조(박대흥)10 스트리트강자        기   06:48     07:01       0:13   금
244 18조(박대흥)36 시리우스에이        승   08:14     08:34       0:20   차
245 18조(박대흥)40 알파독              승   06:10     06:26       0:16   차
246 18조(박대흥)25 왕벚꽃              기   07:47     08:00       0:13   금
247 18조(박대흥) 2 왕탱이              승   08:49     09:00       0:11   차
248 18조(박대흥) 3 위너콰드릴          승   06:14     06:26       0:12   차
249 18조(박대흥)33 질풍백광            승   08:49     09:04       0:15   금
250 18조(박대흥) 6 참일호              승   08:04     08:24       0:20   차
251 18조(박대흥)31 청담여걸            기   07:23     07:36       0:13   금
252 18조(박대흥) 1 최강퀸              승   09:10     09:26       0:16   차
253 18조(박대흥)15 치프인디            승   08:56     09:08       0:12   차
254 18조(박대흥)38 케이엔라이트        기   07:04     07:18       0:14   금
255 18조(박대흥) 7 케이엔매직          승   09:16     09:27       0:11   차
256 18조(박대흥)17 케이엔특급          승   06:14     06:27       0:13   차
257 18조(박대흥)27 케이엔파워          기   07:03     07:18       0:15   금
258 18조(박대흥)12 피닉스선            승   07:58     08:25       0:27   차
259 19조(곽영효)14 미소가득            승   07:30     07:44       0:14   차
260 19조(곽영효)30 빅터웨이            승   06:16     06:25       0:09   금
261 19조(곽영효)25 쇠와꽃              승   06:44     06:56       0:12   차
262 19조(곽영효) 8 스피드댄서          승   06:54     07:07       0:13   차
263 19조(곽영효)18 싱그러운타임        기   08:02     08:19       0:17   금
264 19조(곽영효)20 요리조리            승   06:14     06:32       0:18   차
265 19조(곽영효)24 우정의향기          승   06:28     06:38       0:10   차
266 19조(곽영효) 5 원더풀화성          기   06:44     06:55       0:11   차
267 20조(배대선)33 금아임패커블        승   06:53     07:03       0:10   차
268 20조(배대선)34 머니강자            승   07:08     07:18       0:10   차
269 20조(배대선)13 백색광채            승   08:07     08:17       0:10   금
270 20조(배대선)21 베가킹              기   07:08     07:19       0:11   차
271 20조(배대선)24 삼애락              기   07:21     07:30       0:09   차
272 20조(배대선)20 알짜                기   07:35     07:44       0:09   차
273 20조(배대선)40 원더풀케이          승   07:34     07:47       0:13   차
274 20조(배대선) 1 인동샘              승   07:08     07:20       0:12   차
275 20조(배대선)25 천사박              기   06:51     07:03       0:12   차
276 20조(배대선)31 탭패션드            승   08:18     08:28       0:10   금
277 20조(배대선)18 플레이시스투고      승   06:42     06:51       0:09   차
278 20조(배대선) 8 하이퍼카            기   06:37     06:49       0:12   금
279 21조(임봉춘)32 공작왕              승   06:13     06:27       0:14   차
280 21조(임봉춘)14 대용왕              승   07:20     07:28       0:08   차
281 21조(임봉춘)25 드림맥스            승   08:19     08:32       0:13   차
282 21조(임봉춘)24 미르캡틴            승   08:00     08:12       0:12   차
283 21조(임봉춘)20 바이스로이          기   06:26     06:39       0:13   금
284 21조(임봉춘)39 베스트타임          기   07:12     07:22       0:10   금
285 21조(임봉춘)10 베스트패밀리        승   07:54     08:04       0:10   차
286 21조(임봉춘)38 보리보리            승   06:34     06:45       0:11   차
287 21조(임봉춘) 8 비바레이디          승   08:19     08:30       0:11   차
288 21조(임봉춘)12 센아이              승   06:14     06:25       0:11   차
289 21조(임봉춘) 9 슬립웰              승   07:19     07:30       0:11   차
290 21조(임봉춘)16 엠제이베스트        기   06:58     07:10       0:12   금
291 21조(임봉춘)27 원더풀헤네시        기   06:34     06:39       0:05   금
292 21조(임봉춘) 1 찰리스타일          승   07:48     08:03       0:15   차
293 21조(임봉춘)37 퀸즈투어            승   07:10     07:25       0:15   차
294 21조(임봉춘)15 파워프라이드        승   06:54     07:07       0:13   차
295 21조(임봉춘)13 패밀리캡틴          기   06:58     07:12       0:14   금
296 21조(임봉춘)17 풀부스터            기   07:49     07:56       0:07   금
297 21조(임봉춘)26 황금파워            승   06:46     06:57       0:11   차
298 21조(임봉춘)40 황금해              기   07:15     07:27       0:12   금
299 22조(안병기) 3 가온챔프            기   07:02     07:19       0:17   금
300 22조(안병기)26 다이아마이트        승   07:04     07:16       0:12   차
301 22조(안병기)22 로열로드            기   07:35     07:46       0:11   금
302 22조(안병기)12 메니챔프            승   07:59     08:12       0:13   차
303 22조(안병기) 2 스프링백            기   09:28     09:36       0:08   차
304 22조(안병기)19 신의열매            기   09:05     09:18       0:13   차
305 22조(안병기)18 어느멋진날          승   07:52     08:15       0:23   금
306 22조(안병기)15 와일들리로맨틱      승   08:54     09:16       0:22   차
307 22조(안병기)31 울트라시대          기   07:24     07:41       0:17   금
308 22조(안병기)34 울트라애니          승   08:27     08:42       0:15   차
309 22조(안병기)17 원더풀조이          기   07:21     07:38       0:17   차
310 22조(안병기)27 원지                기   08:50     09:02       0:12   차
311 22조(안병기)36 일보등천            조   06:43     06:59       0:16   금
312 22조(안병기) 7 초인스파크          기   06:57     07:11       0:14   금
313 22조(안병기) 1 해찬                승   06:50     07:04       0:14   금
314 23조(유재길)10 기적의힘            승   07:36     07:56       0:20   차
315 23조(유재길)20 논스톱위닝          승   06:43     06:52       0:09   금
316 23조(유재길)18 대싱카누            기   07:03     07:12       0:09   금
317 23조(유재길)16 부케팔로스          승   06:57     07:03       0:06   차
318 23조(유재길)14 빛나는질주          기   07:11     07:24       0:13   차
319 23조(유재길) 9 엘리트파워          기   07:39     07:53       0:14   금
320 23조(유재길) 3 예상백승            승   07:24     07:52       0:28   차
321 23조(유재길) 8 특급한류            승   07:24     07:52       0:28   차
322 23조(유재길)26 프라임서밋          기   06:15     06:23       0:08   금
323 23조(유재길)27 해피나이스          승   06:47     07:00       0:13   금
324 24조(서홍수)16 그린마운틴          기   08:44     08:56       0:12   금
325 24조(서홍수)34 동서여걸            승   08:34     08:45       0:11   차
326 24조(서홍수) 9 럭키선더            승   07:32     07:45       0:13   차
327 24조(서홍수)15 레전드윈            기   07:43     07:52       0:09   금
328 24조(서홍수) 3 마스터선샤인        승   07:32     07:41       0:09   차
329 24조(서홍수)10 마이티고            승   06:57     07:14       0:17   차
330 24조(서홍수)13 마이티럭            승   08:18     08:26       0:08   차
331 24조(서홍수) 1 마이티붐            승   06:32     06:45       0:13   차
332 24조(서홍수)28 마이티웰            승   07:30     07:48       0:18   차
333 24조(서홍수)17 마이티윙            승   06:57     07:09       0:12   차
334 24조(서홍수) 8 마이티칩            승   06:15     06:35       0:20   차
335 24조(서홍수)25 마칼루파워          승   08:39     08:53       0:14   차
336 24조(서홍수)24 스트롱퀸            승   08:13     08:26       0:13   차
337 24조(서홍수)40 시크릿보스          승   09:04     09:15       0:11   차
338 24조(서홍수)21 신데렐라            기   08:27     08:36       0:09   금
339 24조(서홍수)33 아치여걸            승   08:53     09:05       0:12   차
340 24조(서홍수) 6 원더풀데블          승   07:58     08:11       0:13   차
341 24조(서홍수)19 원더풀플레저        승   06:59     07:10       0:11   차
342 24조(서홍수)36 코리안펄            승   09:04     09:16       0:12   차
343 24조(서홍수)30 탑뮤직              승   06:19     06:30       0:11   차
344 24조(서홍수) 7 팬시팬츠            승   08:48     09:00       0:12   차
345 25조(전승규) 4 강태풍              기   08:20     08:31       0:11   차
346 25조(전승규)33 드림펠라            승   06:20     06:36       0:16   차
347 25조(전승규) 8 라이드럭키          기   08:42     08:57       0:15   차
348 25조(전승규)22 럭키스카이          승   07:38     07:46       0:08   차
349 25조(전승규)25 루킹굿              기   07:10     07:24       0:14   금
350 25조(전승규)36 마크스토리          승   06:41     06:51       0:10   차
351 25조(전승규)32 미스양호            승   07:37     07:45       0:08   차
352 25조(전승규)14 백상                기   06:44     06:54       0:10   금
353 25조(전승규)16 불의고리            승   08:31     08:43       0:12   차
354 25조(전승규)29 블루파이어          승   08:07     08:16       0:09   차
355 25조(전승규) 7 빅토리킹            승   06:25     06:33       0:08   차
356 25조(전승규)12 스마트오피서        승   09:00     09:15       0:15   차
357 25조(전승규)40 원더풀인디언        승   06:20     06:36       0:16   금
358 25조(전승규) 3 이스트라이크        조   06:29     06:37       0:08   금
359 25조(전승규)37 파워요트            승   07:26     07:35       0:09   차
360 25조(전승규)35 팰리스퀸            승   08:14     08:23       0:09   차
361 25조(전승규)23 피버디니            승   07:38     07:46       0:08   금
362 25조(전승규) 1 허쉬대보            승   08:24     08:36       0:12   차
363 25조(전승규)28 화이트참            기   06:54     07:08       0:14   금
364 26조(안해양)25 더블테이크          승   07:05     07:19       0:14   차
365 26조(안해양)36 더킹클래스          승   07:50     08:01       0:11   금
366 26조(안해양) 4 런던액티브          승   07:35     07:50       0:15   차
367 26조(안해양)16 런던타이거          승   07:22     07:34       0:12   차
368 26조(안해양)34 런던파워            승   07:34     07:50       0:16   차
369 26조(안해양)30 레이디켈리          승   06:44     06:59       0:15   차
370 26조(안해양)23 로드핑크            승   07:23     07:35       0:12   금
371 26조(안해양)11 맥스대로            승   07:00     07:10       0:10   금
372 26조(안해양)10 순간타이밍          기   08:27     08:39       0:12   금
373 26조(안해양) 9 에너자이저          승   06:13     06:26       0:13   차
374 26조(안해양) 5 우대륭              승   06:27     06:44       0:17   차
375 26조(안해양)39 하륭                기   08:36     08:44       0:08   차
376 27조(박병일)20 검포                기   07:48     07:56       0:08   금
377 27조(박병일)24 구름왕자            승   06:10     06:19       0:09   차
378 27조(박병일) 8 금세다              기   06:41     06:54       0:13   차
379 27조(박병일)18 금자유              기   06:27     06:40       0:13   차
380 27조(박병일) 7 남산시대            기   07:36     07:51       0:15   금
381 27조(박병일)15 더불어숲            승   08:37     08:47       0:10   차
382 27조(박병일)21 더비스트            승   06:10     06:25       0:15   금
383 27조(박병일) 5 드림패션            기   07:41     07:55       0:14   금
384 27조(박병일)37 로열천지            기   06:15     06:25       0:10   차
385 27조(박병일)28 모던알파            승   07:21     07:33       0:12   차
386 27조(박병일)16 문학선              승   08:16     08:37       0:21   차
387 27조(박병일)35 문학스카이          승   07:59     08:12       0:13   차
388 27조(박병일)32 상감마마            승   07:23     07:41       0:18   금
389 27조(박병일)29 스틸더패션          승   07:28     07:39       0:11   차
390 27조(박병일)12 어게인윙            승   08:30     08:42       0:12   차
391 27조(박병일)27 인천스피드          승   06:12     06:26       0:14   차
392 27조(박병일) 2 청춘비바            승   06:44     06:54       0:10   차
393 27조(박병일)39 컨트리로드          승   06:44     06:56       0:12   차
394 27조(박병일)36 타우러스            기   07:25     07:38       0:13   금
395 27조(박병일)14 파란왕자            승   08:13     08:25       0:12   차
396 27조(박병일)10 하루온              승   06:47     07:06       0:19   차
397 27조(박병일)13 헤시안              기   06:43     06:56       0:13   금
398 28조(최상식) 4 거센돌풍            기   06:55     07:06       0:11   금
399 28조(최상식)11 글로벌스톰          승   07:35     07:47       0:12   차
400 28조(최상식) 3 글로벌에이스        승   06:25     06:38       0:13   금
401 28조(최상식) 8 글로벌영웅          승   06:41     06:56       0:15   차
402 28조(최상식)22 글로벌파티          승   07:36     07:44       0:08   금
403 28조(최상식)24 샌드파워            기   06:28     06:41       0:13   금
404 28조(최상식)28 일여하여            기   07:41     07:55       0:14   차
405 28조(최상식)17 퍼펙트파워          승   06:10     06:25       0:15   차
406 29조(배휴준)13 골든찬스            승   06:35     06:48       0:13   차
407 29조(배휴준)19 뉴시타델            승   08:03     08:13       0:10   차
408 29조(배휴준)14 빅리치              승   07:29     07:38       0:09   차
409 29조(배휴준) 1 샤크대장군          승   08:32     08:41       0:09   차
410 29조(배휴준)33 선포레              보   06:50     07:02       0:12   금
411 29조(배휴준)23 소중한기억          보   07:14     07:27       0:13   차
412 29조(배휴준)34 슈퍼파크            승   06:25     06:33       0:08   금
413 29조(배휴준) 9 싱싱메리            보   08:24     08:37       0:13   금
414 29조(배휴준)28 언비튼가이          승   07:39     07:57       0:18   차
415 29조(배휴준)11 엄지여왕            기   06:47     07:01       0:14   금
416 29조(배휴준)27 에버더챔프          보   06:14     06:30       0:16   차
417 29조(배휴준) 6 와와여장부          승   07:41     07:57       0:16   금
418 29조(배휴준)31 와일드킹덤          승   07:00     07:18       0:18   차
419 29조(배휴준)39 원더풀리버          승   06:50     07:04       0:14   금
420 29조(배휴준) 3 천존                승   08:22     08:36       0:14   차
421 29조(배휴준)15 체인지메이커        승   08:07     08:24       0:17   차
422 29조(배휴준)29 킹오브선데이        조   07:53     08:06       0:13   차
423 30조(토니  )17 교룡운우            승   06:23     06:35       0:12   차
424 30조(토니  )20 님의향기            조   06:54     07:05       0:11   금
425 30조(토니  )29 당대로얄            승   06:51     07:04       0:13   금
426 30조(토니  ) 2 더검푸              기   06:23     06:31       0:08   금
427 30조(토니  )19 반야동행            승   09:07     09:21       0:14   차
428 30조(토니  )25 스타블레이드        조   07:25     07:40       0:15   금
429 30조(토니  )12 스프링킹            기   06:54     07:07       0:13   금
430 30조(토니  ) 7 에이스샤인          조   08:38     08:51       0:13   금
431 30조(토니  ) 5 에이스솔롱고        승   09:07     09:22       0:15   차
432 30조(토니  ) 9 장산바다            조   06:19     06:31       0:12   차
433 30조(토니  )13 청담탱크            기   07:26     07:38       0:12   금
434 30조(토니  )16 최강장산            기   08:06     08:17       0:11   차
435 30조(토니  ) 8 케이블레이드        조   08:05     08:17       0:12   차
436 30조(토니  )15 트루팀버            승   08:39     08:51       0:12   차
437 30조(토니  ) 4 파이트투데이        승   07:22     07:35       0:13   차
438 31조(강환민)36 그레이트칸          기   06:46     06:55       0:09   금
439 31조(강환민)15 논스톱데릭          승   08:39     08:47       0:08   차
440 31조(강환민)23 롤러블레이드        승   08:11     08:20       0:09   차
441 31조(강환민)27 매드블레이드        승   06:12     06:29       0:17   금
442 31조(강환민)18 바잉블레이드        기   07:26     07:40       0:14   금
443 31조(강환민)13 블루해머            승   08:04     08:12       0:08   차
444 31조(강환민)24 선더블레이드        승   08:39     08:47       0:08   차
445 31조(강환민) 1 스피드가이          승   07:11     07:23       0:12   차
446 31조(강환민)39 어서와              기   07:26     07:41       0:15   금
447 31조(강환민)10 원더풀하트          승   07:59     08:06       0:07   차
448 31조(강환민)19 장산미사일          기   07:33     07:45       0:12   차
449 31조(강환민)31 정상여신            승   06:40     06:48       0:08   차
450 31조(강환민)25 청담위키드          기   06:59     07:08       0:09   금
451 31조(강환민)12 청담컬링            승   07:00     07:12       0:12   차
452 31조(강환민)32 최강블레이드        승   06:53     07:04       0:11   차
453 31조(강환민)30 큐피드딕션          승   07:35     07:41       0:06   차
454 31조(강환민)21 클린업샤인          기   07:13     07:22       0:09   금
455 31조(강환민)14 탱크삭스            기   07:43     07:54       0:11   금
456 31조(강환민)40 티케이플렉스        승   07:27     07:40       0:13   차
457 31조(강환민)17 해피삭스            승   06:11     06:23       0:12   차
458 32조(김윤섭)25 금성패션            기   07:20     07:35       0:15   금
459 32조(김윤섭) 2 문학고스트          승   06:32     06:44       0:12   차
460 32조(김윤섭) 3 미라클이천          승   07:11     07:27       0:16   차
461 32조(김윤섭)20 송암공주            승   07:09     07:19       0:10   금
462 32조(김윤섭)30 어디가나            승   07:52     08:02       0:10   차
463 32조(김윤섭) 6 정안킹덤            승   06:33     06:41       0:08   차
464 32조(김윤섭)24 챔프케이            기   08:03     08:21       0:18   금
465 32조(김윤섭)21 큐티바비            기   07:19     07:34       0:15   금
466 32조(김윤섭)12 해피스마티          승   06:11     06:26       0:15   차
467 32조(김윤섭)26 헬로금성            승   06:43     06:49       0:06   금
468 32조(김윤섭)18 호프킹덤            승   07:43     07:56       0:13   차
469 33조(서인석)29 굴참나무숲          승   06:21     06:33       0:12   차
470 33조(서인석)35 디스챌린지          승   08:08     08:20       0:12   차
471 33조(서인석)26 땡큐마더            승   07:05     07:14       0:09   차
472 33조(서인석)21 로큰롤타임          기   07:12     07:24       0:12   금
473 33조(서인석)32 릴패트론            기   06:10     06:20       0:10   금
474 33조(서인석) 6 마성투혼            기   07:02     07:12       0:10   금
475 33조(서인석)19 매직조이            기   07:15     07:26       0:11   차
476 33조(서인석)36 매치퀸              승   08:42     08:55       0:13   차
477 33조(서인석) 8 바람과함께          기   07:53     08:05       0:12   차
478 33조(서인석)30 백학                승   06:17     06:26       0:09   금
479 33조(서인석)13 블랙실버            기   07:12     07:19       0:07   금
480 33조(서인석)17 빅토리고고          기   07:27     07:38       0:11   차
481 33조(서인석)20 센토사              기   07:28     07:36       0:08   차
482 33조(서인석)31 스토미              승   08:09     08:20       0:11   차
483 33조(서인석)14 스피드고            기   06:11     06:20       0:09   금
484 33조(서인석)28 에스테이크          승   07:18     07:32       0:14   차
485 33조(서인석)16 월드메니피          기   07:14     07:21       0:07   금
486 33조(서인석) 7 이글이글            기   06:15     06:38       0:23   차
487 33조(서인석)18 이스트트로스        기   07:28     07:40       0:12   차
488 33조(서인석)34 이스트팔로스        승   06:16     06:27       0:11   금
489 33조(서인석) 3 천마여제            승   07:51     08:02       0:11   차
490 33조(서인석)40 청담제왕            승   07:27     07:35       0:08   금
491 33조(서인석)33 킹칸모르            기   06:26     06:38       0:12   차
492 33조(서인석) 4 티즈에너지          승   06:39     06:55       0:16   차
493 33조(서인석) 2 패션피플            기   06:44     06:56       0:12   차
494 33조(서인석)38 피렌체캐슬          기   07:30     07:39       0:09   금
495 34조(리카디)16 남산러브            승   08:39     08:50       0:11   차
496 34조(리카디) 3 남산열매            승   08:08     08:16       0:08   차
497 34조(리카디)12 리멤버웬            승   07:08     07:19       0:11   차
498 34조(리카디)25 마이티지            기   08:31     08:42       0:11   차
499 34조(리카디)14 마이티후            승   08:22     08:34       0:12   차
500 34조(리카디) 1 맘마로마            승   07:20     07:33       0:13   차
501 34조(리카디)19 매직레코드          승   08:09     08:17       0:08   차
502 34조(리카디)31 바비블레이드        기   07:32     07:43       0:11   금
503 34조(리카디)22 벌말대장            기   06:59     07:11       0:12   차
504 34조(리카디)11 슈퍼삭스            기   06:28     06:43       0:15   금
505 34조(리카디)23 어나더초이스        승   06:36     06:51       0:15   차
506 34조(리카디)13 에스삭스            승   07:35     07:46       0:11   차
507 34조(리카디)10 에코빌              승   07:07     07:22       0:15   차
508 34조(리카디) 4 장산포에버          승   07:20     07:33       0:13   차
509 34조(리카디)15 최강매직            기   07:03     07:14       0:11   금
510 34조(리카디)27 최강블랙            기   07:43     07:53       0:10   차
511 34조(리카디)29 퀀텀점프            승   07:49     08:00       0:11   금
512 34조(리카디)30 트로팅라일리        승   08:41     08:49       0:08   차
513 34조(리카디)28 파이널칸지노        기   06:31     06:38       0:07   차
514 35조(임채덕) 6 댄싱블레이드        승   06:24     06:35       0:11   금
515 35조(임채덕) 3 라이드맨            조   06:20     06:30       0:10   차
516 35조(임채덕) 2 라이드머니          승   06:12     06:31       0:19   차
517 35조(임채덕) 7 럭키바우            승   07:37     07:56       0:19   차
518 35조(임채덕) 9 레드블레이드        승   07:51     08:01       0:10   차
519 35조(임채덕)13 미스캠프            조   06:59     07:07       0:08   차
520 35조(임채덕)10 스마일레이디        기   07:37     07:48       0:11   차
521 35조(임채덕)16 원더풀캣            승   07:02     07:10       0:08   차
522 35조(임채덕)20 플라잉인디          기   06:44     06:56       0:12   금
523 35조(임채덕)21 플라잉풀문          승   06:44     06:53       0:09   차
524 35조(임채덕)19 하니                기   06:59     07:08       0:09   차
525 37조(심승태)28 금아매저스티        기   07:23     07:31       0:08   금
526 37조(심승태)31 금아킹덤            승   07:15     07:26       0:11   차
527 37조(심승태)22 뉴파티              승   07:53     08:10       0:17   차
528 37조(심승태)24 레이디대로          승   06:39     06:51       0:12   금
529 37조(심승태)39 비사연              승   07:04     07:21       0:17   금
530 37조(심승태) 4 선우럭키            승   07:46     08:04       0:18   차
531 37조(심승태)10 천둥캣              승   07:53     08:12       0:19   차
532 37조(심승태) 1 하이비트            승   06:22     06:27       0:05   차
533 40조(송문길)13 고스트빌리지        승   08:22     08:41       0:19   차
534 40조(송문길)16 골드스파이크        승   06:42     06:53       0:11   차
535 40조(송문길)36 글라디아토레에이    승   06:12     06:31       0:19   차
536 40조(송문길)33 나의전설            기   06:58     07:09       0:11   금
537 40조(송문길)18 녹리총              승   07:24     07:35       0:11   차
538 40조(송문길)25 다이아로드          승   07:50     08:01       0:11   차
539 40조(송문길)15 독도사랑            승   06:56     07:11       0:15   차
540 40조(송문길) 4 라피도아레스        승   07:35     07:53       0:18   차
541 40조(송문길)35 런히어로            기   07:44     07:56       0:12   금
542 40조(송문길) 2 레인케이            기   06:13     06:23       0:10   금
543 40조(송문길)10 마이윈              보   07:29     07:46       0:17   차
544 40조(송문길) 3 메디치글로리        승   06:12     06:23       0:11   차
545 40조(송문길)37 블랙참              기   06:40     06:51       0:11   금
546 40조(송문길) 6 비평                승   06:11     06:23       0:12   차
547 40조(송문길)14 빅투더빅            승   07:36     07:45       0:09   차
548 40조(송문길)30 스마트전사          보   06:14     06:27       0:13   차
549 40조(송문길)39 스포트라이트        승   06:44     06:55       0:11   차
550 40조(송문길)31 아델머스탱          보   08:06     08:15       0:09   차
551 40조(송문길)20 아테나브이          기   06:27     06:40       0:13   금
552 40조(송문길)19 어메이징위즈        기   06:31     06:42       0:11   금
553 40조(송문길) 5 위즈모멘트          기   07:25     07:42       0:17   금
554 40조(송문길)34 제다이              승   08:19     08:31       0:12   차
555 40조(송문길)26 제다이포스          승   07:23     07:34       0:11   차
556 40조(송문길)24 콰이어트아델        보   08:32     08:43       0:11   차
557 40조(송문길)11 큐피드코리아        보   06:59     07:12       0:13   차
558 41조(신삼영)30 강한여전사          승   07:49     07:57       0:08   금
559 41조(신삼영)36 굿원더              승   07:03     07:12       0:09   차
560 41조(신삼영)13 논스톱기상          기   06:43     06:55       0:12   금
561 41조(신삼영)12 논스톱리워드        승   06:48     07:00       0:12   차
562 41조(신삼영)21 매지컬초이스        승   08:44     08:55       0:11   차
563 41조(신삼영)18 베스트투어          승   07:20     07:33       0:13   차
564 41조(신삼영)22 세명나래            기   06:43     06:55       0:12   금
565 41조(신삼영)26 아이언로즈          승   06:11     06:24       0:13   금
566 41조(신삼영)37 좋은관계            승   07:24     07:37       0:13   차
567 41조(신삼영)19 좋은사이            승   07:05     07:17       0:12   차
568 41조(신삼영) 2 피렌체힐            승   07:48     08:00       0:12   금
569 41조(신삼영)40 헤리티지            승   08:01     08:20       0:19   금
570 42조(이관호)22 갑오풀퀸            기   07:07     07:19       0:12   금
571 42조(이관호) 3 글로리파이터        기   08:01     08:13       0:12   금
572 42조(이관호)17 다크플레이어        기   07:36     07:46       0:10   금
573 42조(이관호)33 대박행진            기   06:46     06:55       0:09   차
574 42조(이관호) 8 더퀸저스티스        승   06:13     06:23       0:10   차
575 42조(이관호)39 라이징삭스          기   07:10     07:19       0:09   차
576 42조(이관호)26 레이먼드            승   07:47     07:54       0:07   차
577 42조(이관호)23 매직의함성          기   06:41     06:50       0:09   금
578 42조(이관호)31 모르피스            승   06:14     06:27       0:13   차
579 42조(이관호)16 백랑                승   06:28     06:37       0:09   차
580 42조(이관호)25 백스핀              기   07:18     07:29       0:11   금
581 42조(이관호)30 베스트마루          기   07:06     07:13       0:07   차
582 42조(이관호)29 브라보삭스          기   06:41     06:50       0:09   차
583 42조(이관호) 6 빅에너지            기   07:04     07:13       0:09   차
584 42조(이관호)15 서브에이스          승   08:52     09:01       0:09   차
585 42조(이관호)24 서울크라운          승   06:14     06:27       0:13   차
586 42조(이관호) 2 아로마              기   08:02     08:11       0:09   금
587 42조(이관호)37 아이스펀치          승   07:57     08:09       0:12   차
588 42조(이관호)32 에이스함성          승   08:33     08:47       0:14   차
589 42조(이관호)28 이무기              기   06:51     07:02       0:11   금
590 42조(이관호)10 전정사금            승   08:22     08:32       0:10   차
591 42조(이관호)18 지산군              기   07:45     07:53       0:08   차
592 42조(이관호)11 챌린지삭스          승   08:43     08:54       0:11   차
593 42조(이관호)12 카히나              기   07:18     07:29       0:11   금
594 42조(이관호)35 티나                기   08:17     08:27       0:10   차
595 42조(이관호)14 해피드림            기   07:46     07:58       0:12   차
596 42조(이관호)38 히트에이스          승   06:44     06:51       0:07   차
597 43조(서정하)18 강철다리            승   07:18     07:39       0:21   금
598 43조(서정하)13 고어헤드            승   06:27     06:37       0:10   차
599 43조(서정하) 6 번개라이언          승   07:14     07:38       0:24   금
600 43조(서정하)27 비봉마루            승   06:27     06:37       0:10   차
601 43조(서정하)14 세명햇살            기   06:27     06:35       0:08   차
602 43조(서정하) 5 스피드이즈칸        기   06:28     06:36       0:08   금
603 43조(서정하) 3 아르폰스            기   06:40     07:00       0:20   차
604 48조(김대근) 4 더드림              기   07:27     07:47       0:20   차
605 48조(김대근)15 디에코              기   06:20     06:39       0:19   금
606 48조(김대근) 9 로열스마티          보   07:28     07:44       0:16   차
607 48조(김대근)31 블루키톤            승   07:11     07:28       0:17   차
608 48조(김대근)10 슈룹                보   06:20     06:39       0:19   차
609 48조(김대근) 1 쏘아라바바          승   07:47     08:03       0:16   차
610 48조(김대근)13 쏘아라보아          승   06:20     06:36       0:16   차
611 48조(김대근) 3 엄청난걸            승   07:47     08:04       0:17   차
612 48조(김대근)28 연희일출            승   06:30     06:47       0:17   차
613 48조(김대근)24 제스트원            승   07:10     07:29       0:19   차
614 48조(김대근) 5 천지울림            승   07:10     07:29       0:19   차
615 48조(김대근)30 환상터치            승   06:20     06:38       0:18   금
616 48조(김대근) 2 흥록대부            기   06:53     07:11       0:18   금
617 48조(김대근)17 흥바라기            보   06:53     07:13       0:20   금
618 49조(지용철)27 교룡득수            승   08:30     08:42       0:12   금
619 49조(지용철)34 구름타고            기   07:48     08:09       0:21   차
620 49조(지용철)26 나인아이            승   06:13     06:25       0:12   금
621 49조(지용철)36 대변화              기   06:41     06:52       0:11   차
622 49조(지용철)35 라스트보스          승   09:23     09:37       0:14   차
623 49조(지용철)22 러닝킹              기   06:30     06:45       0:15   금
624 49조(지용철) 7 럭키스마일          승   06:14     06:25       0:11   금
625 49조(지용철) 6 마패봉              기   06:42     06:53       0:11   금
626 49조(지용철)17 방탄마              기   06:43     06:52       0:09   차
627 49조(지용철)30 심장의고동          승   06:30     06:45       0:15   금
628 49조(지용철)12 에이투제트          기   06:46     06:58       0:12   금
629 49조(지용철) 9 원모어카드          기   08:30     08:42       0:12   차
630 49조(지용철)24 인듀어런스          기   08:52     09:05       0:13   금
631 49조(지용철)38 지금여기에          기   07:31     07:46       0:15   금
632 49조(지용철) 5 청산가세            기   06:11     06:23       0:12   금
633 49조(지용철) 1 캡틴포스원          기   07:08     07:19       0:11   금
634 49조(지용철) 3 코리아기적          승   06:30     06:49       0:19   금
635 49조(지용철)28 태양타고            승   08:52     09:05       0:13   차
636 49조(지용철)37 페더럴킹            기   06:13     06:25       0:12   금
637 49조(지용철) 4 호크퀸              기   07:10     07:26       0:16   차
638 50조(박재우) 6 가가나              승   06:21     06:40       0:19   금
639 50조(박재우)33 금성세계            기   07:47     08:00       0:13   차
640 50조(박재우) 4 금성차밍            기   07:27     07:39       0:12   차
641 50조(박재우) 5 다시두손            기   08:14     08:34       0:20   차
642 50조(박재우) 3 댄싱위드유          승   08:16     08:27       0:11   차
643 50조(박재우)38 동작                기   07:45     07:57       0:12   금
644 50조(박재우)32 레벨탑              승   08:46     09:02       0:16   금
645 50조(박재우)34 멋진금성            기   07:05     07:10       0:05   금
646 50조(박재우)12 문학럭키            승   08:37     08:47       0:10   차
647 50조(박재우)29 문학의전사          승   08:40     08:51       0:11   차
648 50조(박재우)36 문학타이거          기   07:13     07:24       0:11   금
649 50조(박재우)31 문학포리스트        승   06:56     07:05       0:09   차
650 50조(박재우)22 밀레니엄파워        승   08:14     08:34       0:20   차
651 50조(박재우)35 베스트군단          기   07:46     07:58       0:12   금
652 50조(박재우)40 베스트빅뱅          승   06:55     07:07       0:12   차
653 50조(박재우)20 베스트스톰          승   08:46     08:54       0:08   차
654 50조(박재우) 1 신부                승   06:40     06:57       0:17   차
655 50조(박재우) 9 야호골든캣          승   07:24     07:36       0:12   차
656 50조(박재우)24 은어축제            승   06:21     06:46       0:25   금
657 50조(박재우)17 컴플리트스타        승   08:43     08:51       0:08   차
658 50조(박재우)28 컴플리트찬스        승   06:36     06:52       0:16   차
659 50조(박재우) 8 컴플리트킹덤        승   06:17     06:32       0:15   차
660 50조(박재우) 2 케이톱킹            승   08:06     08:28       0:22   차
661 50조(박재우)30 클린업해피          승   06:21     06:46       0:25   금
662 50조(박재우)15 트리플킹덤          승   09:04     09:18       0:14   차
663 50조(박재우) 7 화이트퀸            승   07:33     07:47       0:14   차
664 51조(최용건)28 그레이트선더        조   07:25     07:36       0:11   차
665 51조(최용건)14 다울퀸              기   06:16     06:23       0:07   금
666 51조(최용건)18 마하지존            보   08:16     08:36       0:20   차
667 51조(최용건)12 메디치퀸            조   08:27     08:39       0:12   차
668 51조(최용건)32 명진스톰            승   08:31     08:41       0:10   차
669 51조(최용건)31 명진플라이          승   07:15     07:26       0:11   차
670 51조(최용건)13 모닝뉴스            기   06:15     06:23       0:08   금
671 51조(최용건)25 봄꽃                기   06:44     07:00       0:16   금
672 51조(최용건)20 송암레이서          기   07:46     07:57       0:11   차
673 51조(최용건)10 스마티트렘          기   08:03     08:14       0:11   차
674 51조(최용건)27 신대로              기   06:25     06:37       0:12   금
675 51조(최용건)30 아쿠아펀치          승   07:25     07:38       0:13   차
676 51조(최용건)16 인빅터스            보   07:14     07:34       0:20   차
677 51조(최용건) 3 장산탱크            승   08:14     08:20       0:06   차
678 51조(최용건)34 정성대로            기   06:13     06:29       0:16   차
679 51조(최용건) 5 천둥여울            승   06:12     06:20       0:08   차
680 51조(최용건)22 클리어검            승   06:26     06:42       0:16   금
681 51조(최용건)24 킹크러시            승   07:11     07:30       0:19   차
682 51조(최용건) 8 텔로스              기   07:34     07:48       0:14   금
683 51조(최용건)23 톱브레인            기   06:41     06:57       0:16   금
684 51조(최용건) 6 함박미소            승   07:46     07:58       0:12   차
685 51조(최용건)17 히어로스피드        승   08:11     08:23       0:12   차
686 52조(김동균)23 대디글로리          기   08:02     08:12       0:10   금
687 52조(김동균)25 럭셔리캡틴          기   07:22     07:31       0:09   금
688 52조(김동균)11 로열고스트          승   07:31     07:42       0:11   금
689 52조(김동균)20 리빙스턴            기   06:38     06:47       0:09   차
690 52조(김동균)18 메니히어로          보   06:11     06:20       0:09   차
691 52조(김동균)29 빅토리맵            승   08:15     08:26       0:11   금
692 52조(김동균) 4 스카이홀드          승   07:02     07:13       0:11   차
693 52조(김동균)19 스팟플래터          기   07:47     07:56       0:09   차
694 52조(김동균) 6 엠제이스톰          보   08:05     08:20       0:15   금
695 52조(김동균)40 엠제이포인트        승   08:04     08:15       0:11   차
696 52조(김동균)14 자이언트걸          보   07:23     07:31       0:08   차
697 52조(김동균)12 천지여걸            승   06:11     06:21       0:10   차
698 52조(김동균)30 퀴클리선            승   06:12     06:22       0:10   차
699 52조(김동균) 5 파노라마뷰          승   06:49     07:05       0:16   금
700 52조(김동균)24 흑전사              보   06:42     07:01       0:19   금
701 53조(김동철)25 갑오사랑해          승   08:38     08:50       0:12   금
702 53조(김동철)20 대한대로            승   09:08     09:23       0:15   차
703 53조(김동철) 2 대한질주            기   07:09     07:22       0:13   금
704 53조(김동철)34 러피언파크          기   07:08     07:23       0:15   금
705 53조(김동철)15 로드에이스          승   09:08     09:24       0:16   차
706 53조(김동철)10 로맨스참            승   07:44     07:56       0:12   차
707 53조(김동철)14 루비로드            승   09:09     09:24       0:15   차
708 53조(김동철)17 만에하나            승   07:02     07:17       0:15   금
709 53조(김동철) 9 미스스피드          승   06:13     06:35       0:22   차
710 53조(김동철)16 블랙인디            승   07:51     08:05       0:14   차
711 53조(김동철) 3 스타러시            기   07:51     08:03       0:12   금
712 53조(김동철)13 엔젤라크스          승   09:09     09:23       0:14   차
713 53조(김동철) 6 올마이퀸            기   07:52     08:03       0:11   금
714 53조(김동철)23 은혜파도            승   08:28     08:41       0:13   차
715 53조(김동철)12 최강돌진            승   06:12     06:35       0:23   차
716 53조(김동철) 1 큐피드포인트        승   06:15     06:25       0:10   금
717 53조(김동철) 7 킹엔젤마리아        승   07:08     07:24       0:16   금
718 53조(김동철)18 티케이데이          승   08:32     08:39       0:07   차
719 54조(박천서)23 다나은석세스        보   06:37     06:52       0:15   금
720 54조(박천서)40 댄스머신            기   08:50     09:06       0:16   차
721 54조(박천서) 8 레드백              기   06:37     06:51       0:14   금
722 54조(박천서)21 루미네스            기   08:03     08:14       0:11   금
723 54조(박천서)16 블루참              보   08:09     08:25       0:16   차
724 54조(박천서) 2 으뜸이루리          보   07:10     07:25       0:15   차
725 54조(박천서)18 천지애가            승   06:37     06:59       0:22   금
726 54조(박천서)28 티아고터치          기   07:42     07:59       0:17   차
727 54조(박천서)17 판타스틱콤비        기   08:46     08:54       0:08   차
728 54조(박천서) 4 피노시스터          기   07:44     07:54       0:10   금
━━━━━━━━━━━━━━━━━━━━━━━━━━━━━━━━━━━━━━━
                                                      출력일자 : 2021. 4. 8

