

제목 : 21.02.10(수) 훈련현황

  ※기승자범례(조:조교사, 보:조교보, 기:기수, 후:기수후보생, 승:조교승인)
  ※비고(금:금주출전예정마, 차:차주출전예정마, 특:특대상경주출전예정마)
  ※금주, 차주 또는 특별 대상경주 출전예상마는 출전신청 결과 및
  조교사의 의사에 따라 변동될 수 있는 미확정된 자료이오니 참고하시기 바랍니다.
━━━━━━━━━━━━━━━━━━━━━━━━━━━━━━━━━━━━━━━
  순 소속조 - 조번 마명              기승자 입장시각  퇴장시각  훈련시간 비고
━━━━━━━━━━━━━━━━━━━━━━━━━━━━━━━━━━━━━━━
  1  1조(박종곤)39 굿센스              승   07:45     08:02       0:17   차
  2  1조(박종곤) 6 대마지풍            승   08:31     08:45       0:14   차
  3  1조(박종곤)19 라온더삭스          기   07:02     07:14       0:12   차
  4  1조(박종곤)31 라온더최강          승   07:29     07:47       0:18   차
  5  1조(박종곤)23 라온더타이거        승   06:51     07:05       0:14   차
  6  1조(박종곤)36 라온돌풍            승   08:11     08:27       0:16   차
  7  1조(박종곤) 5 라온울프            승   08:18     08:34       0:16   차
  8  1조(박종곤) 4 라온칸              기   06:50     07:00       0:10   차
  9  1조(박종곤)40 문학시바            승   07:21     07:33       0:12   차
 10  1조(박종곤)25 문학아리아리        승   06:21     06:37       0:16   차
 11  1조(박종곤)10 블랙펀치            승   07:00     07:22       0:22   차
 12  1조(박종곤)12 쇼미더선더          승   07:00     07:22       0:22   차
 13  1조(박종곤) 7 청담도끼            승   08:08     08:29       0:21   차
 14  2조(손영표)13 금성여왕            승   06:28     06:43       0:15   차
 15  2조(손영표)32 러브아치            기   06:36     06:46       0:10   차
 16  2조(손영표)34 매직만점            승   07:45     08:01       0:16   차
 17  2조(손영표)14 선더머니            승   06:32     06:51       0:19   차
 18  2조(손영표) 5 패밀리타임          승   08:05     08:21       0:16   차
 19  2조(손영표) 2 피케이로드          승   06:52     07:05       0:13   차
 20  3조(최영주) 4 골든제이            승   06:48     06:59       0:11   차
 21  3조(최영주) 1 디케이나린          승   07:42     07:55       0:13   차
 22  3조(최영주)24 랭크가드            승   07:56     08:08       0:12   차
 23  3조(최영주)14 록라인              승   06:59     07:11       0:12   차
 24  3조(최영주) 7 미사일캔디          승   06:19     06:33       0:14   차
 25  3조(최영주)10 슈프림로드          승   07:23     07:38       0:15   차
 26  3조(최영주)35 싱싱유로            승   07:11     07:23       0:12   차
 27  3조(최영주) 3 아스트로            승   07:04     07:18       0:14   차
 28  3조(최영주)26 윈드스카이          승   07:38     07:50       0:12   차
 29  3조(최영주)18 최강마              승   08:32     08:47       0:15   차
 30  4조(박윤규) 5 그랜드플라이        기   07:51     08:02       0:11   차
 31  4조(박윤규)14 동진최강            승   08:09     08:25       0:16   차
 32  4조(박윤규)33 리틀보이플래시      승   07:33     07:43       0:10   차
 33  4조(박윤규)15 메이블루            승   08:19     08:27       0:08   차
 34  4조(박윤규)30 삼삼빅토리          승   07:15     07:29       0:14   차
 35  4조(박윤규)35 시크릿걸            승   06:50     07:01       0:11   차
 36  4조(박윤규)12 에이스캔트          승   06:13     06:27       0:14   차
 37  4조(박윤규)26 주말의시작          승   06:41     06:57       0:16   차
 38  4조(박윤규) 3 티파니블루          승   07:09     07:23       0:14   차
 39  4조(박윤규) 7 팔팔빅토리          승   06:13     06:28       0:15   차
 40  4조(박윤규)29 해피먼스            승   08:10     08:19       0:09   차
 41  5조(우창구) 2 금로열              승   07:49     08:02       0:13   차
 42  5조(우창구) 6 미라클호프          승   08:26     08:40       0:14   차
 43  5조(우창구)29 스마트스트롱        승   07:55     08:07       0:12   차
 44  5조(우창구)15 역전의우승          승   07:01     07:11       0:10   차
 45  5조(우창구) 5 위너골드            승   07:05     07:18       0:13   차
 46  5조(우창구)23 적광                승   07:36     07:52       0:16   차
 47  5조(우창구)10 초원의기적          승   07:35     07:50       0:15   차
 48  5조(우창구)32 해랑                승   08:03     08:12       0:09   차
 49  6조(홍대유)36 그레이스퀸          승   06:59     07:09       0:10   차
 50  6조(홍대유)24 그린볼트            보   07:20     07:33       0:13   차
 51  6조(홍대유)38 럭키전사            승   06:58     07:11       0:13   차
 52  6조(홍대유) 3 리턴밸리브리        승   07:31     07:55       0:24   차
 53  6조(홍대유) 7 문학리워드          승   08:35     08:46       0:11   차
 54  6조(홍대유)19 문학백투백          승   07:31     07:45       0:14   차
 55  6조(홍대유)21 문학워              승   08:10     08:22       0:12   차
 56  6조(홍대유) 1 문학위너            승   06:45     07:09       0:24   차
 57  6조(홍대유)10 베스트라인          승   07:35     07:49       0:14   차
 58  6조(홍대유) 8 새내윈              승   06:54     07:15       0:21   차
 59  6조(홍대유)11 이겨주마            승   07:32     07:45       0:13   차
 60  6조(홍대유)22 정문볼트            보   07:52     08:16       0:24   차
 61  6조(홍대유)32 정문에이스          승   08:10     08:25       0:15   차
 62  6조(홍대유)15 정문최강            승   07:44     08:03       0:19   차
 63  7조(구자흥)23 대군의길            승   06:19     06:33       0:14   차
 64  7조(구자흥) 8 디케이마루          승   07:01     07:11       0:10   차
 65  7조(구자흥) 9 디케이별찌          승   06:34     06:45       0:11   차
 66  7조(구자흥)11 백두거포            승   07:52     08:05       0:13   차
 67  7조(구자흥)28 선더챔피언          승   06:12     06:25       0:13   차
 68  7조(구자흥)27 시크릿선더          승   07:30     07:52       0:22   차
 69  7조(구자흥)13 안양재규어          승   06:50     07:09       0:19   차
 70  7조(구자흥)16 윈디러시            승   08:22     08:33       0:11   차
 71  7조(구자흥)12 제로백파이브        승   07:30     07:52       0:22   차
 72  8조(최용구) 6 골든서비스          승   07:33     07:45       0:12   차
 73  8조(최용구)40 그레이돌            승   07:56     08:08       0:12   차
 74  8조(최용구)19 대군의검            승   06:26     06:40       0:14   차
 75  8조(최용구)30 대군피닉스          승   06:45     06:56       0:11   차
 76  8조(최용구)26 대마불사            승   07:44     07:50       0:06   차
 77  8조(최용구)21 더블블랙            승   07:11     07:21       0:10   차
 78  8조(최용구)25 돌아온뽀빠이        승   06:44     06:53       0:09   차
 79  8조(최용구)13 로드위너            승   06:16     06:25       0:09   차
 80  8조(최용구)31 불멸의제왕          보   07:18     07:36       0:18   차
 81  8조(최용구)14 비크레이지          승   08:26     08:37       0:11   차
 82  8조(최용구) 3 스위트캠프          승   08:25     08:37       0:12   차
 83  8조(최용구) 5 이스크라            보   06:20     06:35       0:15   차
 84  8조(최용구)17 카일룸여제          보   08:22     08:35       0:13   차
 85  8조(최용구) 7 킹스맨              승   06:13     06:21       0:08   차
 86  8조(최용구) 8 행복스타            승   07:50     08:00       0:10   차
 87  9조(강성오)17 가온매직            승   06:36     06:44       0:08   차
 88  9조(강성오) 8 글로벌삭스          승   07:06     07:17       0:11   차
 89  9조(강성오)40 노르웨이서드        승   07:02     07:10       0:08   차
 90  9조(강성오)11 레드마운틴          승   08:23     08:29       0:06   차
 91  9조(강성오) 6 베스퍼              승   09:01     09:13       0:12   차
 92  9조(강성오)27 옥룡                승   06:22     06:34       0:12   차
 93  9조(강성오) 3 옥추마              승   08:02     08:20       0:18   차
 94  9조(강성오)34 일격필살            승   06:29     06:38       0:09   차
 95  9조(강성오)39 최강돌풍            승   06:37     06:51       0:14   차
 96  9조(강성오)35 최고레이스          승   08:02     08:20       0:18   차
 97  9조(강성오)15 커리어하이          승   07:35     07:48       0:13   차
 98  9조(강성오)23 클린업시크릿        승   07:19     07:28       0:09   차
 99  9조(강성오)10 클린업트리오        승   06:21     06:34       0:13   차
100  9조(강성오)36 킹심바              승   08:45     08:57       0:12   차
101  9조(강성오)28 히든삭스            승   06:47     06:57       0:10   차
102 10조(정호익)18 강토마              승   06:30     06:39       0:09   차
103 10조(정호익)31 글로리칸            승   08:22     08:39       0:17   차
104 10조(정호익) 5 마이호크            기   06:34     06:50       0:16   차
105 10조(정호익) 1 문학에카티          승   07:08     07:20       0:12   차
106 10조(정호익)35 문학엠파이어        승   07:42     07:55       0:13   차
107 10조(정호익)32 아멘다              승   07:24     07:32       0:08   차
108 10조(정호익)13 에이스찬            승   06:31     06:43       0:12   차
109 10조(정호익)28 영웅대마            승   07:55     08:09       0:14   차
110 10조(정호익)39 정상스타            승   07:22     07:46       0:24   차
111 10조(정호익)11 터프맨              기   06:14     06:33       0:19   차
112 10조(정호익)12 페더럴윈            기   06:59     07:06       0:07   차
113 11조(조현수)10 그레이트한센        승   08:19     08:31       0:12   차
114 11조(조현수)19 모닝플래시          보   07:27     07:43       0:16   차
115 11조(조현수) 8 사이먼스톰          승   08:15     08:27       0:12   차
116 11조(조현수) 9 스피드마운틴        승   07:07     07:20       0:13   차
117 11조(조현수) 2 스피드플라잉        승   06:58     07:09       0:11   차
118 11조(조현수)31 시선집중            승   06:35     06:44       0:09   차
119 11조(조현수) 1 일향달마            승   07:59     08:07       0:08   차
120 11조(조현수)24 적벽신화            승   06:33     06:47       0:14   차
121 11조(조현수)11 제마특급            보   06:41     06:53       0:12   차
122 11조(조현수)37 킹오브이글          승   08:15     08:29       0:14   차
123 11조(조현수)32 트루                승   06:33     06:47       0:14   차
124 11조(조현수)13 폴카                승   07:34     07:48       0:14   차
125 11조(조현수)35 효마루              승   07:05     07:20       0:15   차
126 12조(서범석) 1 논스톱캣            승   08:27     08:39       0:12   차
127 12조(서범석)20 런런런              승   07:50     08:06       0:16   차
128 12조(서범석) 4 로드반              승   06:30     06:47       0:17   차
129 12조(서범석)12 마인헌터            승   08:26     08:34       0:08   차
130 12조(서범석)34 브라보메이          승   07:18     07:28       0:10   차
131 12조(서범석) 5 브리가디어제너럴    승   07:15     07:26       0:11   차
132 12조(서범석)18 블레싱로드          승   07:14     07:30       0:16   차
133 12조(서범석) 2 사우스반            승   08:27     08:39       0:12   차
134 12조(서범석)14 선라이팅            승   06:29     06:43       0:14   차
135 12조(서범석)13 선파이팅            승   06:52     07:06       0:14   차
136 12조(서범석)10 스트롱캡틴          승   07:07     07:22       0:15   차
137 12조(서범석) 9 원더풀하와이        승   07:50     08:08       0:18   차
138 12조(서범석)28 이스트반            승   06:34     06:47       0:13   차
139 12조(서범석)32 일마레              승   07:13     07:30       0:17   차
140 12조(서범석)33 큐피드비상          승   08:32     08:40       0:08   차
141 12조(서범석) 6 파이팅히어로        승   07:50     07:58       0:08   차
142 13조(이희영) 1 그레이스리          승   06:52     07:09       0:17   차
143 13조(이희영) 3 늘푸른캣            기   06:30     06:43       0:13   차
144 13조(이희영) 9 럭키플랜            승   06:16     06:26       0:10   차
145 13조(이희영)28 문학탭              승   08:11     08:21       0:10   차
146 13조(이희영)14 발리스타            기   07:04     07:21       0:17   차
147 13조(이희영)26 본능대로            승   07:15     07:29       0:14   차
148 13조(이희영)10 솔개바람            승   06:27     06:38       0:11   차
149 13조(이희영)18 파크윈              승   06:39     06:51       0:12   차
150 14조(이신영) 8 금아플로러스        기   06:11     06:21       0:10   차
151 14조(이신영)38 더스파이커          승   07:35     07:47       0:12   차
152 14조(이신영)10 라이언록            승   07:01     07:13       0:12   차
153 14조(이신영)31 블랙킹              승   07:07     07:21       0:14   차
154 14조(이신영)32 비바소모            승   06:19     06:37       0:18   차
155 14조(이신영) 1 선샤인특급          승   08:17     08:27       0:10   차
156 14조(이신영)18 스위트카카오        승   07:23     07:34       0:11   차
157 14조(이신영)16 스카이망치          승   07:48     08:04       0:16   차
158 14조(이신영)20 오클랜드삭스        기   06:28     06:41       0:13   차
159 14조(이신영)28 큐피드여장부        승   07:10     07:22       0:12   차
160 14조(이신영)22 허니버터바비        승   06:19     06:34       0:15   차
161 15조(박희철)32 사려니              승   07:35     07:50       0:15   차
162 15조(박희철)26 센킹                승   07:35     07:50       0:15   차
163 15조(박희철)29 오월강자            보   08:24     08:41       0:17   차
164 15조(박희철)14 원더풀샘            승   08:24     08:41       0:17   차
165 15조(박희철) 2 정상만세            승   06:23     06:35       0:12   차
166 15조(박희철)27 제니퀸              승   07:15     07:26       0:11   차
167 15조(박희철)13 젝스칸              승   07:02     07:14       0:12   차
168 16조(최봉주)14 김천영웅            승   06:12     06:26       0:14   차
169 16조(최봉주)31 뉴호프              승   09:04     09:13       0:09   차
170 16조(최봉주)13 도원글로리          승   08:57     09:14       0:17   차
171 16조(최봉주)35 돌격앞으로          조   06:30     06:37       0:07   차
172 16조(최봉주)27 마하걸              승   06:21     06:34       0:13   차
173 16조(최봉주)32 메니스톰            승   07:30     07:43       0:13   차
174 16조(최봉주)26 서클댄서            승   07:03     07:19       0:16   차
175 16조(최봉주)23 어드밴스            승   06:58     07:12       0:14   차
176 16조(최봉주) 6 언패럴렐드          조   07:29     07:40       0:11   차
177 16조(최봉주)17 워리어선더          조   08:33     08:52       0:19   차
178 16조(최봉주)29 원더풀딕시          승   06:22     06:37       0:15   차
179 16조(최봉주) 3 원더풀맘보          승   07:38     07:48       0:10   차
180 16조(최봉주)12 원더풀원더          승   07:29     07:42       0:13   차
181 16조(최봉주)16 제주의요정          승   06:15     06:30       0:15   차
182 16조(최봉주) 7 제주의하늘          승   08:14     08:30       0:16   차
183 16조(최봉주)19 천마                승   09:31     09:39       0:08   차
184 16조(최봉주)20 투엠오케이          승   06:27     06:42       0:15   차
185 16조(최봉주)10 특급여왕            승   06:43     06:57       0:14   차
186 16조(최봉주)22 호크아리랑          승   07:57     08:10       0:13   차
187 16조(최봉주)24 호크의영광          승   06:59     07:11       0:12   차
188 16조(최봉주)28 호크행진곡          조   06:58     07:08       0:10   차
189 17조(김점오)13 가야영봉            보   07:11     07:24       0:13   차
190 17조(김점오)11 갤럽컬린            승   06:30     06:35       0:05   차
191 17조(김점오)21 그랜드캐슬          승   07:11     07:24       0:13   차
192 17조(김점오)26 미스터터너          승   07:19     07:28       0:09   차
193 17조(김점오)20 비욘드오버          보   06:27     06:41       0:14   차
194 17조(김점오) 7 스피드흑룡          승   06:13     06:33       0:20   차
195 17조(김점오)24 조이브라더          승   06:15     06:27       0:12   차
196 17조(김점오)16 최고비상            승   06:50     07:02       0:12   차
197 17조(김점오) 5 콘도르여왕          승   06:21     06:36       0:15   차
198 17조(김점오)34 황금들판            승   07:35     07:44       0:09   차
199 18조(박대흥) 5 롱가이              승   06:57     07:11       0:14   차
200 18조(박대흥)40 명왕                승   06:16     06:32       0:16   차
201 18조(박대흥)12 명진고스트          승   08:39     08:54       0:15   차
202 18조(박대흥)24 바이킹스톰          승   06:21     06:38       0:17   차
203 18조(박대흥)39 블로마인드          승   06:58     07:15       0:17   차
204 18조(박대흥)10 삼성불패            승   08:38     08:55       0:17   차
205 18조(박대흥) 9 선더마크            승   08:55     09:14       0:19   차
206 18조(박대흥)21 슈퍼케이            승   06:21     06:38       0:17   차
207 18조(박대흥)31 스톰워리어          승   08:39     08:54       0:15   차
208 18조(박대흥)11 스트리트강자        승   08:39     08:54       0:15   차
209 18조(박대흥)17 신매직              승   07:58     08:10       0:12   차
210 18조(박대흥)25 왕벚꽃              승   06:45     07:06       0:21   차
211 18조(박대흥) 2 왕탱이              승   09:06     09:16       0:10   차
212 18조(박대흥)29 원더풀플라이        승   07:53     08:06       0:13   차
213 18조(박대흥)19 장산몬스터          승   06:19     06:29       0:10   차
214 18조(박대흥)16 지산꽃              승   07:46     08:01       0:15   차
215 18조(박대흥)22 질풍백광            승   07:19     07:34       0:15   차
216 18조(박대흥) 8 청수여걸            승   08:43     08:59       0:16   차
217 19조(곽영효) 1 레스카              승   06:22     06:38       0:16   차
218 19조(곽영효) 6 레이디럭키          승   06:16     06:35       0:19   차
219 19조(곽영효)14 미소가득            승   06:54     07:12       0:18   차
220 19조(곽영효)28 브라이트캣          승   06:11     06:21       0:10   차
221 19조(곽영효) 8 스피드댄서          승   06:38     06:48       0:10   차
222 19조(곽영효) 5 원더풀화성          승   06:57     07:15       0:18   차
223 19조(곽영효) 9 캠프터치            승   07:37     07:52       0:15   차
224 19조(곽영효)26 통일질주            승   07:40     07:58       0:18   차
225 20조(배대선)33 금아임패커블        승   07:50     08:02       0:12   차
226 20조(배대선) 7 농본락              승   08:21     08:33       0:12   차
227 20조(배대선)15 다이아별빛          승   08:22     08:31       0:09   차
228 20조(배대선)23 러닝넘버원          기   07:34     07:46       0:12   차
229 20조(배대선)17 머니시장            승   08:10     08:20       0:10   차
230 20조(배대선)13 백색광채            기   07:09     07:18       0:09   차
231 20조(배대선)16 비뢰킹              승   07:34     07:45       0:11   차
232 20조(배대선)24 삼애락              기   07:22     07:33       0:11   차
233 20조(배대선)20 알짜                승   07:59     08:07       0:08   차
234 20조(배대선)27 우승특기            승   08:32     08:42       0:10   차
235 20조(배대선)37 원더풀오렌지        기   06:52     07:03       0:11   차
236 20조(배대선)14 위캔두잇            승   07:59     08:08       0:09   차
237 20조(배대선) 1 인동샘              승   07:47     07:58       0:11   차
238 20조(배대선)22 천년의고도          승   07:46     07:58       0:12   차
239 20조(배대선)25 천사박              기   06:40     06:51       0:11   차
240 20조(배대선)28 크레이지위키        승   07:06     07:19       0:13   차
241 20조(배대선)36 트윈제트            기   07:47     07:56       0:09   차
242 20조(배대선)18 플레이시스투고      승   06:52     07:05       0:13   차
243 21조(임봉춘)32 공작왕              승   08:47     09:01       0:14   차
244 21조(임봉춘) 5 마스크              승   08:18     08:36       0:18   차
245 21조(임봉춘)27 명진브레이싱        승   08:06     08:20       0:14   차
246 21조(임봉춘)31 보고또보고          승   08:45     08:57       0:12   차
247 21조(임봉춘) 8 비바레이디          승   08:43     08:53       0:10   차
248 21조(임봉춘)10 선녀예찬            승   07:17     07:28       0:11   차
249 21조(임봉춘)12 센아이              승   07:52     08:08       0:16   차
250 21조(임봉춘)28 스피드벨            승   07:33     07:47       0:14   차
251 21조(임봉춘)16 엠제이베스트        승   06:43     06:57       0:14   차
252 21조(임봉춘)11 찬란한날            승   07:24     07:37       0:13   차
253 21조(임봉춘) 1 찰리스타일          승   07:38     07:57       0:19   차
254 21조(임봉춘)23 천년의바람          승   06:54     06:59       0:05   차
255 21조(임봉춘)14 패밀리캡틴          기   07:36     07:46       0:10   차
256 21조(임봉춘)18 플렉스퀸            승   06:39     06:58       0:19   차
257 21조(임봉춘)19 황금럭키            승   06:44     06:56       0:12   차
258 21조(임봉춘)15 황금로드            승   07:55     08:11       0:16   차
259 22조(안병기)13 기븐러너            승   07:22     07:37       0:15   차
260 22조(안병기)12 다행이다            승   06:55     07:16       0:21   차
261 22조(안병기)26 라온라이트맨        승   07:02     07:14       0:12   차
262 22조(안병기)22 로열로드            승   07:55     08:19       0:24   차
263 22조(안병기)40 모든날함께해        승   06:42     07:00       0:18   차
264 22조(안병기)39 사람이라는별        조   06:19     06:38       0:19   차
265 22조(안병기)21 세렌디피티야        승   06:27     06:41       0:14   차
266 22조(안병기)15 와일들리로맨틱      승   08:47     09:07       0:20   차
267 22조(안병기)31 울트라시대          승   07:33     07:46       0:13   차
268 22조(안병기)32 울트라킹            승   07:47     08:01       0:14   차
269 22조(안병기)17 원더풀조이          승   08:40     09:01       0:21   차
270 22조(안병기)27 원지                승   08:21     08:29       0:08   차
271 22조(안병기)36 일보등천            조   06:52     07:11       0:19   차
272 22조(안병기)28 초인강자            승   06:22     06:42       0:20   차
273 22조(안병기) 7 초인스파크          승   08:19     08:42       0:23   차
274 23조(유재길)12 경부도령            승   06:41     06:56       0:15   차
275 23조(유재길)20 논스톱위닝          승   07:27     07:38       0:11   차
276 23조(유재길) 6 능력시대            승   06:49     07:05       0:16   차
277 23조(유재길) 5 대승퀸              승   08:10     08:30       0:20   차
278 23조(유재길)19 멜로디킹            승   07:39     07:53       0:14   차
279 23조(유재길)16 부케팔로스          승   07:43     07:53       0:10   차
280 23조(유재길)14 빛나는질주          기   07:06     07:24       0:18   차
281 23조(유재길) 7 송암바비            기   06:59     07:08       0:09   차
282 23조(유재길) 9 엘리트파워          승   07:51     08:05       0:14   차
283 23조(유재길) 8 특급한류            승   07:06     07:24       0:18   차
284 23조(유재길)26 프라임서밋          기   06:21     06:30       0:09   차
285 24조(서홍수)26 그레이캣            승   06:12     06:28       0:16   차
286 24조(서홍수)16 그린마운틴          승   08:23     08:30       0:07   차
287 24조(서홍수) 3 마스터선샤인        승   08:08     08:18       0:10   차
288 24조(서홍수)13 마이티럭            기   08:25     08:32       0:07   차
289 24조(서홍수) 1 마이티붐            승   07:03     07:13       0:10   차
290 24조(서홍수)17 마이티윙            승   07:25     07:40       0:15   차
291 24조(서홍수) 8 마이티칩            승   06:13     06:36       0:23   차
292 24조(서홍수)14 마이티팝            승   07:45     07:52       0:07   차
293 24조(서홍수)21 신데렐라            승   08:38     08:51       0:13   차
294 24조(서홍수) 6 원더풀데블          승   08:23     08:30       0:07   차
295 24조(서홍수)37 원더풀타이쿤        승   08:59     09:11       0:12   차
296 24조(서홍수)38 찐이야              승   08:18     08:29       0:11   차
297 25조(전승규) 2 구통사              승   06:38     06:48       0:10   차
298 25조(전승규) 8 라이드럭키          승   07:56     08:07       0:11   차
299 25조(전승규)36 마크스토리          승   08:10     08:15       0:05   차
300 25조(전승규) 9 명진데이            승   07:20     07:30       0:10   차
301 25조(전승규)15 모닝동자            승   08:41     08:48       0:07   차
302 25조(전승규)16 불의고리            승   09:39     09:44       0:05   차
303 25조(전승규)29 블루파이어          승   09:05     09:15       0:10   차
304 25조(전승규)18 송암에이스          승   07:34     07:43       0:09   차
305 25조(전승규)26 송암플레이어        승   06:38     06:49       0:11   차
306 25조(전승규)17 스마트대보          승   06:35     06:43       0:08   차
307 25조(전승규)24 영광의캡틴          승   08:40     08:58       0:18   차
308 25조(전승규)40 원더풀인디언        승   06:38     06:49       0:11   차
309 25조(전승규)20 콘스티솔로          조   06:57     07:12       0:15   차
310 25조(전승규)37 파워요트            승   08:40     08:58       0:18   차
311 25조(전승규)35 팰리스퀸            승   08:34     08:43       0:09   차
312 25조(전승규)39 프로폰도로쏘        승   07:34     07:43       0:09   차
313 25조(전승규) 1 허쉬대보            승   07:19     07:29       0:10   차
314 25조(전승규)28 화이트참            조   06:31     06:38       0:07   차
315 26조(안해양)40 런던아이            승   06:22     06:47       0:25   차
316 26조(안해양)34 런던파워            승   08:12     08:30       0:18   차
317 26조(안해양) 1 로드란              승   07:40     08:01       0:21   차
318 26조(안해양)23 로드핑크            승   07:22     07:37       0:15   차
319 26조(안해양)11 맥스대로            승   06:51     07:10       0:19   차
320 26조(안해양)21 버킷풀골드          승   07:13     07:36       0:23   차
321 26조(안해양)26 송암캣              승   07:37     07:51       0:14   차
322 26조(안해양)10 순간타이밍          승   06:51     07:13       0:22   차
323 26조(안해양)20 예스아이캔          승   08:31     08:46       0:15   차
324 26조(안해양)24 올댓코리아          승   07:06     07:18       0:12   차
325 26조(안해양) 5 우대륭              승   07:15     07:31       0:16   차
326 26조(안해양)17 정성더원            승   06:22     06:47       0:25   차
327 26조(안해양)39 하륭                승   07:53     08:11       0:18   차
328 27조(박병일) 1 거버넌스            승   08:09     08:22       0:13   차
329 27조(박병일)20 검포                승   07:25     07:50       0:25   차
330 27조(박병일)24 구름왕자            승   06:52     07:04       0:12   차
331 27조(박병일) 8 금세다              승   08:46     08:58       0:12   차
332 27조(박병일)18 금자유              기   06:40     06:53       0:13   차
333 27조(박병일)15 달의기적            승   09:33     09:58       0:25   차
334 27조(박병일)21 더비스트            승   07:30     07:41       0:11   차
335 27조(박병일) 5 드림패션            승   07:31     07:47       0:16   차
336 27조(박병일)23 로열영광            승   08:04     08:21       0:17   차
337 27조(박병일)37 로열천지            승   06:10     06:24       0:14   차
338 27조(박병일)17 리얼팩              승   06:44     06:59       0:15   차
339 27조(박병일) 9 사만다치타          승   06:48     07:08       0:20   차
340 27조(박병일)32 상감마마            승   08:55     09:10       0:15   차
341 27조(박병일)29 스틸더패션          승   08:54     09:13       0:19   차
342 27조(박병일)12 어게인윙            승   07:31     07:48       0:17   차
343 27조(박병일)26 은혜가득            기   06:24     06:38       0:14   차
344 27조(박병일)27 인천스피드          승   06:10     06:24       0:14   차
345 27조(박병일) 2 청춘비바            승   08:13     08:30       0:17   차
346 27조(박병일) 4 최강파티            승   06:12     06:22       0:10   차
347 27조(박병일)36 타우러스            승   08:10     08:34       0:24   차
348 27조(박병일)11 톱시드              승   06:10     06:24       0:14   차
349 27조(박병일)34 페페런              승   07:15     07:27       0:12   차
350 27조(박병일)10 하루온              승   06:25     06:39       0:14   차
351 27조(박병일)13 헤시안              기   06:10     06:23       0:13   차
352 28조(최상식) 4 거센돌풍            기   06:25     06:35       0:10   차
353 28조(최상식)12 글로벌럭키          승   07:25     07:40       0:15   차
354 28조(최상식)13 글로벌신화          승   07:18     07:36       0:18   차
355 28조(최상식)16 록파이터            승   06:25     06:41       0:16   차
356 28조(최상식)28 일여하여            기   08:11     08:23       0:12   차
357 28조(최상식) 5 흥깨비              승   06:10     06:25       0:15   차
358 28조(최상식)20 히트볼              승   06:43     06:54       0:11   차
359 29조(배휴준)37 독보천하            승   06:34     06:45       0:11   차
360 29조(배휴준) 1 샤크대장군          승   06:34     06:41       0:07   차
361 29조(배휴준)33 선포레              승   07:41     07:55       0:14   차
362 29조(배휴준)34 슈퍼파크            승   07:43     07:49       0:06   차
363 29조(배휴준) 7 아라크투윈          승   07:01     07:12       0:11   차
364 29조(배휴준) 8 아이언머스킷        승   08:19     08:32       0:13   차
365 29조(배휴준)11 엄지여왕            승   07:24     07:35       0:11   차
366 29조(배휴준)27 에버더챔프          승   06:21     06:29       0:08   차
367 29조(배휴준)16 온리의꿈            기   07:47     08:00       0:13   차
368 29조(배휴준) 6 와와여장부          승   08:45     08:59       0:14   차
369 29조(배휴준)31 와일드킹덤          승   07:29     07:46       0:17   차
370 29조(배휴준)20 원더풀루비          승   07:02     07:08       0:06   차
371 29조(배휴준) 4 천문                승   07:47     08:00       0:13   차
372 29조(배휴준)15 체인지메이커        기   07:19     07:29       0:10   차
373 30조(토니  )27 강서프린세스        승   08:11     08:21       0:10   차
374 30조(토니  )17 교룡운우            승   06:23     06:32       0:09   차
375 30조(토니  )30 남산드림            승   06:22     06:34       0:12   차
376 30조(토니  )14 남산초콜릿          기   06:55     07:07       0:12   차
377 30조(토니  )20 님의향기            조   06:22     06:34       0:12   차
378 30조(토니  ) 2 더검푸              승   07:29     07:38       0:09   차
379 30조(토니  )18 더킹블레이드        조   06:55     07:07       0:12   차
380 30조(토니  ) 3 머니캠프            보   06:22     06:32       0:10   차
381 30조(토니  )19 반야동행            승   07:59     08:10       0:11   차
382 30조(토니  )25 스타블레이드        승   06:55     07:07       0:12   차
383 30조(토니  )11 에이스레전드        기   07:28     07:37       0:09   차
384 30조(토니  ) 7 에이스샤인          조   08:11     08:22       0:11   차
385 30조(토니  ) 9 장산바다            조   07:22     07:36       0:14   차
386 30조(토니  )24 최강스타            기   06:56     07:07       0:11   차
387 30조(토니  ) 8 케이블레이드        승   07:28     07:38       0:10   차
388 31조(강환민) 8 갓오브삭스          승   07:11     07:20       0:09   차
389 31조(강환민)36 그레이트칸          기   07:11     07:19       0:08   차
390 31조(강환민)15 논스톱데릭          승   07:17     07:31       0:14   차
391 31조(강환민)33 슈퍼엑톤            승   07:40     07:48       0:08   차
392 31조(강환민) 4 장산가드            승   06:13     06:26       0:13   차
393 31조(강환민)19 장산미사일          기   07:20     07:35       0:15   차
394 31조(강환민)35 장산클리어          기   07:18     07:35       0:17   차
395 31조(강환민)31 정상여신            승   06:52     06:57       0:05   차
396 31조(강환민)38 조이풀케이          승   06:42     06:47       0:05   차
397 31조(강환민)25 청담위키드          승   06:12     06:22       0:10   차
398 31조(강환민)40 티케이플렉스        승   07:17     07:30       0:13   차
399 31조(강환민)26 파크삭스            승   07:27     07:35       0:08   차
400 31조(강환민)30 플라잉포드          승   06:13     06:25       0:12   차
401 32조(김윤섭) 1 고고스타            승   08:06     08:15       0:09   차
402 32조(김윤섭)10 금성황제            승   06:49     07:08       0:19   차
403 32조(김윤섭) 9 문학가이            승   08:58     09:17       0:19   차
404 32조(김윤섭) 2 문학고스트          승   08:47     09:00       0:13   차
405 32조(김윤섭)22 애니멀위너          승   06:49     07:08       0:19   차
406 32조(김윤섭) 6 정안킹덤            승   07:52     08:01       0:09   차
407 32조(김윤섭)24 챔프케이            승   07:15     07:26       0:11   차
408 32조(김윤섭)15 청수라이더          승   06:45     06:59       0:14   차
409 32조(김윤섭) 4 햇빛향기            승   08:47     08:57       0:10   차
410 32조(김윤섭)26 헬로금성            승   07:36     07:46       0:10   차
411 33조(서인석) 7 다이나믹펀치        기   07:50     08:02       0:12   차
412 33조(서인석)23 대승가온            승   07:55     08:02       0:07   차
413 33조(서인석)11 마성천하            기   08:08     08:16       0:08   차
414 33조(서인석)16 마성투혼            승   06:52     07:06       0:14   차
415 33조(서인석) 4 매치퀸              기   07:21     07:33       0:12   차
416 33조(서인석) 8 바람과함께          기   06:18     06:32       0:14   차
417 33조(서인석)30 백학                기   06:39     06:47       0:08   차
418 33조(서인석)22 삼정타퍼즈          승   07:23     07:37       0:14   차
419 33조(서인석) 3 서에번쩍            기   06:33     06:40       0:07   차
420 33조(서인석)14 센토사              기   06:12     06:20       0:08   차
421 33조(서인석)27 소중한골든          승   08:11     08:21       0:10   차
422 33조(서인석)18 스토미              기   06:58     07:07       0:09   차
423 33조(서인석)32 어바웃섬싱          기   06:49     06:58       0:09   차
424 33조(서인석)26 열린문              기   07:48     07:55       0:07   차
425 33조(서인석)19 이글이글            기   06:14     06:37       0:23   차
426 33조(서인석)17 이천특급            승   08:29     08:36       0:07   차
427 33조(서인석)37 피렌체캐슬          승   06:11     06:25       0:14   차
428 33조(서인석)31 환상스타            기   07:48     08:05       0:17   차
429 33조(서인석)36 흑룡가무            승   06:43     06:55       0:12   차
430 34조(리카디)16 남산러브            기   07:13     07:25       0:12   차
431 34조(리카디) 3 남산열매            승   07:29     07:39       0:10   차
432 34조(리카디) 5 남산의별            승   07:08     07:18       0:10   차
433 34조(리카디)12 리멤버웬            승   08:54     09:03       0:09   차
434 34조(리카디)25 마이티지            승   08:11     08:23       0:12   차
435 34조(리카디)14 마이티후            승   07:24     07:35       0:11   차
436 34조(리카디) 1 맘마로마            승   06:19     06:31       0:12   차
437 34조(리카디)19 매직레코드          승   08:11     08:23       0:12   차
438 34조(리카디) 2 무쌍황후            승   07:14     07:24       0:10   차
439 34조(리카디)31 바비블레이드        승   06:22     06:34       0:12   차
440 34조(리카디)22 벌말대장            승   07:36     07:47       0:11   차
441 34조(리카디)36 선더윈드            승   08:33     08:40       0:07   차
442 34조(리카디)11 슈퍼삭스            승   06:33     06:49       0:16   차
443 34조(리카디)33 애플민트            승   09:07     09:20       0:13   차
444 34조(리카디) 9 장산카우보이        승   07:50     07:56       0:06   차
445 34조(리카디) 4 장산포에버          승   06:22     06:33       0:11   차
446 34조(리카디) 7 체로키마린          승   08:10     08:21       0:11   차
447 34조(리카디)27 최강블랙            기   07:29     07:40       0:11   차
448 34조(리카디)34 최강토마            기   06:28     06:39       0:11   차
449 34조(리카디)29 퀀텀점프            승   08:11     08:23       0:12   차
450 34조(리카디)30 트로팅라일리        승   09:07     09:17       0:10   차
451 34조(리카디)37 한라블로섬          승   06:43     06:54       0:11   차
452 35조(임채덕) 8 구름바다            승   08:25     08:33       0:08   차
453 35조(임채덕) 6 댄싱블레이드        승   06:37     06:52       0:15   차
454 35조(임채덕) 3 라이드맨            승   06:22     06:29       0:07   차
455 35조(임채덕)15 럭키루키            기   07:26     07:36       0:10   차
456 35조(임채덕) 9 레드블레이드        승   08:07     08:20       0:13   차
457 35조(임채덕)13 미스캠프            기   07:10     07:23       0:13   차
458 35조(임채덕) 5 에코퍼스트온        승   06:49     07:03       0:14   차
459 35조(임채덕)16 원더풀캣            승   06:25     06:38       0:13   차
460 35조(임채덕)20 플라잉인디          승   07:25     07:39       0:14   차
461 35조(임채덕) 4 플라잉조이          승   06:13     06:25       0:12   차
462 35조(임채덕)21 플라잉풀문          승   07:24     07:39       0:15   차
463 35조(임채덕)19 하니                승   07:25     07:39       0:14   차
464 37조(심승태)28 금아매저스티        승   07:20     07:34       0:14   차
465 37조(심승태)22 뉴파티              승   08:09     08:22       0:13   차
466 37조(심승태) 8 마하조던            승   06:53     06:59       0:06   차
467 37조(심승태)34 블랙윙윙            승   06:46     06:53       0:07   차
468 37조(심승태)16 비다사랑            승   07:01     07:13       0:12   차
469 37조(심승태)39 비사연              승   06:39     06:51       0:12   차
470 37조(심승태) 3 새로운보배          승   07:27     07:33       0:06   차
471 37조(심승태) 4 선우럭키            승   06:45     07:09       0:24   차
472 37조(심승태)37 시저스셔가          승   08:09     08:22       0:13   차
473 37조(심승태)14 이천쌀              기   07:50     07:56       0:06   차
474 37조(심승태)15 플라잉주노          기   06:46     06:55       0:09   차
475 37조(심승태)35 플라잉챔프          승   08:02     08:09       0:07   차
476 40조(송문길)36 글라디아토레에이    승   07:30     07:41       0:11   차
477 40조(송문길)33 나의전설            승   06:21     06:32       0:11   차
478 40조(송문길)18 녹리총              승   08:15     08:28       0:13   차
479 40조(송문길) 6 독도사랑            승   06:13     06:25       0:12   차
480 40조(송문길)16 독도지기            승   08:44     08:59       0:15   차
481 40조(송문길)27 라피도볼트          승   08:48     09:04       0:16   차
482 40조(송문길) 8 레인케이            보   06:50     07:08       0:18   차
483 40조(송문길)22 빅이어              보   08:27     08:50       0:23   차
484 40조(송문길) 2 스마트전사          승   06:58     07:13       0:15   차
485 40조(송문길)25 스마티아델          승   06:18     06:24       0:06   차
486 40조(송문길)38 스카이돌풍          승   07:31     07:46       0:15   차
487 40조(송문길)20 아테나브이          승   06:53     07:08       0:15   차
488 40조(송문길)19 어메이징위즈        승   08:15     08:21       0:06   차
489 40조(송문길)28 오케이퀸            승   06:52     07:01       0:09   차
490 40조(송문길) 5 위즈모멘트          승   07:49     08:09       0:20   차
491 41조(신삼영)30 강한여전사          승   06:16     06:27       0:11   차
492 41조(신삼영)11 과천신세계          승   08:47     08:59       0:12   차
493 41조(신삼영) 6 광마힐              승   08:03     08:17       0:14   차
494 41조(신삼영)13 논스톱기상          승   06:51     07:03       0:12   차
495 41조(신삼영)38 문학파이어          승   08:10     08:25       0:15   차
496 41조(신삼영)20 별빛보석            승   06:49     07:04       0:15   차
497 41조(신삼영) 1 세명기상            승   06:12     06:26       0:14   차
498 41조(신삼영)22 세명나래            승   07:24     07:36       0:12   차
499 41조(신삼영) 5 와일드파이트        승   07:30     07:46       0:16   차
500 41조(신삼영)24 원더풀금성          승   06:48     07:03       0:15   차
501 41조(신삼영)32 한센초이스          승   08:06     08:17       0:11   차
502 41조(신삼영)40 헤리티지            승   07:26     07:40       0:14   차
503 41조(신삼영)10 호스퀸              승   06:11     06:25       0:14   차
504 42조(이관호)20 갑오풀퀸            승   08:02     08:13       0:11   차
505 42조(이관호)38 금빛여왕            기   06:25     06:34       0:09   차
506 42조(이관호)17 다크플레이어        기   08:10     08:17       0:07   차
507 42조(이관호)21 라이징삭스          승   08:21     08:35       0:14   차
508 42조(이관호)33 로열함성            기   07:12     07:22       0:10   차
509 42조(이관호)27 매직의함성          승   07:12     07:22       0:10   차
510 42조(이관호)25 백스핀              기   06:47     06:57       0:10   차
511 42조(이관호) 5 브라운로즈          승   07:31     07:38       0:07   차
512 42조(이관호)24 서울크라운          승   08:25     08:40       0:15   차
513 42조(이관호)28 승리여전사          승   07:46     07:58       0:12   차
514 42조(이관호) 2 아로마              승   06:47     06:57       0:10   차
515 42조(이관호)39 아이스스타          승   08:37     08:51       0:14   차
516 42조(이관호)29 이무기              승   06:15     06:25       0:10   차
517 42조(이관호)40 젤로스              기   07:38     07:46       0:08   차
518 42조(이관호)22 지산군              기   07:01     07:12       0:11   차
519 42조(이관호)12 카히나              기   06:34     06:43       0:09   차
520 42조(이관호)15 쿠레레쿠스          기   06:40     06:50       0:10   차
521 42조(이관호)32 티나                승   06:30     06:41       0:11   차
522 42조(이관호)14 해피드림            기   06:55     07:08       0:13   차
523 42조(이관호)19 화기                승   06:15     06:26       0:11   차
524 42조(이관호)36 히든돌풍            승   09:04     09:13       0:09   차
525 43조(서정하)18 강철다리            승   06:42     06:48       0:06   차
526 43조(서정하)13 고어헤드            승   07:15     07:21       0:06   차
527 43조(서정하) 6 번개라이언          승   08:08     08:15       0:07   차
528 43조(서정하)27 비봉마루            기   07:11     07:26       0:15   차
529 43조(서정하) 8 슈퍼플루이드        승   07:02     07:11       0:09   차
530 43조(서정하) 5 스피드이즈칸        승   07:50     08:03       0:13   차
531 43조(서정하) 3 아르폰스            기   07:29     07:38       0:09   차
532 43조(서정하) 7 황금비상            승   07:01     07:10       0:09   차
533 48조(김대근)15 디에코              기   06:19     06:38       0:19   차
534 48조(김대근)24 제스트원            승   06:19     06:42       0:23   차
535 48조(김대근)16 한일모아            기   06:53     07:12       0:19   차
536 48조(김대근)20 흥복드림            기   06:19     06:37       0:18   차
537 49조(지용철)27 교룡득수            승   08:55     09:06       0:11   차
538 49조(지용철)33 다이아삭스          승   08:29     08:40       0:11   차
539 49조(지용철)22 러닝킹              승   07:19     07:35       0:16   차
540 49조(지용철)21 밀키셰리            승   08:27     08:36       0:09   차
541 49조(지용철)17 방탄마              기   06:27     06:44       0:17   차
542 49조(지용철)10 상승행진            기   06:21     06:35       0:14   차
543 49조(지용철)30 심장의고동          승   06:45     06:56       0:11   차
544 49조(지용철) 1 아메리칸포스원      승   06:21     06:35       0:14   차
545 49조(지용철)18 온천하              승   07:49     08:09       0:20   차
546 49조(지용철) 9 원모어카드          승   07:49     08:09       0:20   차
547 49조(지용철)19 원퍼트              기   08:55     09:06       0:11   차
548 49조(지용철)31 절예                기   06:47     06:59       0:12   차
549 49조(지용철)14 초인볼트            승   08:55     09:06       0:11   차
550 49조(지용철)13 캐논슈터            기   06:10     06:25       0:15   차
551 49조(지용철) 3 코리아기적          기   08:05     08:19       0:14   차
552 49조(지용철)29 페더럴스트롱        기   07:14     07:27       0:13   차
553 49조(지용철)16 페더럴아이          승   07:14     07:27       0:13   차
554 49조(지용철) 2 페더럴캣            승   06:18     06:28       0:10   차
555 49조(지용철)26 화이트벨벳          기   07:39     07:53       0:14   차
556 50조(박재우)13 가가나              승   06:17     06:29       0:12   차
557 50조(박재우)20 국향                승   08:16     08:31       0:15   차
558 50조(박재우)11 그랜드스타          승   07:19     07:31       0:12   차
559 50조(박재우) 4 금성차밍            승   07:20     07:31       0:11   차
560 50조(박재우)34 논스톱골드          승   08:53     08:59       0:06   차
561 50조(박재우) 3 다시두손            승   08:30     08:44       0:14   차
562 50조(박재우)38 동작                승   09:51     09:58       0:07   차
563 50조(박재우)26 러브레이스          승   09:35     09:43       0:08   차
564 50조(박재우)40 럭키명호            승   06:48     07:01       0:13   차
565 50조(박재우)23 럭키봉성            승   08:44     08:57       0:13   차
566 50조(박재우)16 럭키석포            승   09:52     09:59       0:07   차
567 50조(박재우)32 맘보칸              기   07:25     07:35       0:10   차
568 50조(박재우)36 문학타이거          기   07:38     07:50       0:12   차
569 50조(박재우)17 밀레니엄파워        승   07:56     08:14       0:18   차
570 50조(박재우)35 베스트군단          승   06:26     06:32       0:06   차
571 50조(박재우)37 아담스애플          승   09:13     09:18       0:05   차
572 50조(박재우)25 옥스퍼드킹          기   07:54     08:09       0:15   차
573 50조(박재우)28 은어축제            승   10:00     10:06       0:06   차
574 50조(박재우)29 장수나봄            승   09:17     09:24       0:07   차
575 50조(박재우) 2 케이톱킹            승   07:56     08:13       0:17   차
576 50조(박재우)30 클린업해피          승   06:48     06:59       0:11   차
577 50조(박재우)15 트리플킹덤          승   09:35     09:43       0:08   차
578 51조(최용건) 4 급행마              승   07:11     07:21       0:10   차
579 51조(최용건)14 다울퀸              기   07:24     07:48       0:24   차
580 51조(최용건)13 모닝뉴스            보   06:44     06:59       0:15   차
581 51조(최용건)25 봄꽃                승   06:53     07:07       0:14   차
582 51조(최용건)27 신대로              승   06:22     06:33       0:11   차
583 51조(최용건)30 아쿠아펀치          승   07:35     07:52       0:17   차
584 51조(최용건) 2 올드블레이드        승   07:40     07:53       0:13   차
585 51조(최용건)11 젊은영웅            보   08:15     08:32       0:17   차
586 51조(최용건) 5 천둥여울            승   06:17     06:31       0:14   차
587 51조(최용건) 8 텔로스              기   06:59     07:09       0:10   차
588 51조(최용건)23 톱브레인            승   08:24     08:35       0:11   차
589 51조(최용건) 6 함박미소            승   07:04     07:15       0:11   차
590 52조(김동균)23 대디글로리          기   07:32     07:41       0:09   차
591 52조(김동균)25 럭셔리캡틴          승   07:32     07:44       0:12   차
592 52조(김동균)20 리빙스턴            기   06:47     06:56       0:09   차
593 52조(김동균)31 머니챔프            승   08:33     08:40       0:07   차
594 52조(김동균)18 메니히어로          보   06:10     06:21       0:11   차
595 52조(김동균)38 모던프라이드        기   07:46     07:59       0:13   차
596 52조(김동균)29 빅토리맵            기   06:24     06:35       0:11   차
597 52조(김동균) 4 스카이홀드          기   07:07     07:13       0:06   차
598 52조(김동균)19 스팟플래터          기   06:59     07:07       0:08   차
599 52조(김동균)33 엠제이퀸            보   08:23     08:42       0:19   차
600 52조(김동균)34 우승환희            보   07:48     07:54       0:06   차
601 52조(김동균)32 청운지벽            승   06:45     06:55       0:10   차
602 52조(김동균)37 파노라마칸          승   06:11     06:21       0:10   차
603 52조(김동균)21 파노라마퀸          승   08:18     08:27       0:09   차
604 52조(김동균) 6 한센글로리          승   06:38     06:43       0:05   차
605 52조(김동균)24 흑전사              보   06:40     06:57       0:17   차
606 53조(김동철)20 가즈아              기   06:29     06:39       0:10   차
607 53조(김동철)25 갑오사랑해          승   07:39     07:47       0:08   차
608 53조(김동철)19 금석돌파            승   08:44     08:58       0:14   차
609 53조(김동철) 2 대한질주            승   06:31     06:43       0:12   차
610 53조(김동철)17 만에하나            승   08:27     08:33       0:06   차
611 53조(김동철) 8 미르스톰            승   07:19     07:27       0:08   차
612 53조(김동철)32 백두의정상          승   08:25     08:35       0:10   차
613 53조(김동철)36 서울의별            승   07:06     07:13       0:07   차
614 53조(김동철)30 아라시              승   06:24     06:39       0:15   차
615 53조(김동철)14 인디언보스          기   06:46     06:57       0:11   차
616 53조(김동철) 1 큐피드포인트        승   08:06     08:20       0:14   차
617 53조(김동철) 7 킹엔젤마리아        승   07:34     07:42       0:08   차
618 53조(김동철) 4 퍼텐셜에너지        승   06:31     06:44       0:13   차
619 54조(박천서)30 금아슈프림          보   07:19     07:30       0:11   차
620 54조(박천서)38 기타리스트          기   07:45     07:58       0:13   차
621 54조(박천서)21 루미네스            보   06:18     06:40       0:22   차
622 54조(박천서)24 리쉬부르            승   08:26     08:38       0:12   차
623 54조(박천서)39 삼성비바            승   07:16     07:32       0:16   차
624 54조(박천서)19 월드특급            기   07:30     07:42       0:12   차
625 54조(박천서)18 천지애가            승   06:20     06:37       0:17   차
626 54조(박천서) 7 히트하트            기   06:31     06:41       0:10   차
━━━━━━━━━━━━━━━━━━━━━━━━━━━━━━━━━━━━━━━
                                                      출력일자 : 2021. 2.10

