

제목 : 21.10.10(일) 조교현황

  ※기승자범례(조:조교사, 보:조교보, 기:기수, 후:기수후보생, 승:조교승인)
  ※비고(금:금주출전예정마, 차:차주출전예정마, 특:특대상경주출전예정마)
  ※금주, 차주 또는 특별 대상경주 출전예상마는 출전신청 결과 및
  조교사의 의사에 따라 변동될 수 있는 미확정된 자료이오니 참고하시기 바랍니다.
━━━━━━━━━━━━━━━━━━━━━━━━━━━━━━━━━━━━━━━
  순 소속조 - 조번 마명              기승자 입장시각  퇴장시각  조교시간 비고
━━━━━━━━━━━━━━━━━━━━━━━━━━━━━━━━━━━━━━━
  1  1조(박종곤)18 굿센스              승   07:08     07:25       0:17   차
  2  1조(박종곤)19 굿플랜              승   08:24     08:39       0:15   차
  3  1조(박종곤)22 라온더골드          승   08:31     08:39       0:08   차
  4  1조(박종곤)12 라온더스퍼트        승   07:57     08:12       0:15   차
  5  1조(박종곤)34 라온더와일드        승   07:23     07:37       0:14   차
  6  1조(박종곤)39 라온더위켄드        승   07:28     07:45       0:17   차
  7  1조(박종곤)10 라온더축제          승   08:31     08:39       0:08   차
  8  1조(박종곤)21 라온탑맨            승   07:52     08:07       0:15   차
  9  1조(박종곤)30 라온패션            승   07:15     07:26       0:11   차
 10  1조(박종곤) 2 라온퍼스트          승   06:29     06:43       0:14   차
 11  1조(박종곤)35 라온핑크            승   06:42     07:03       0:21   특
 12  1조(박종곤)11 문학보스            승   08:07     08:22       0:15   차
 13  1조(박종곤) 9 문학파로아          승   06:42     07:02       0:20   차
 14  1조(박종곤)13 블랙펀치            승   07:57     08:12       0:15   차
 15  2조(손영표)10 떠오르다            승   08:01     08:18       0:17   차
 16  2조(손영표)12 로스트워            기   07:09     07:22       0:13   차
 17  2조(손영표)24 보스베이비          기   08:09     08:22       0:13   차
 18  2조(손영표)13 불의신화            승   08:31     08:47       0:16   차
 19  2조(손영표)16 불의여왕            기   06:21     06:33       0:12   차
 20  2조(손영표)11 엑톤질주            기   08:32     08:45       0:13   차
 21  2조(손영표)31 오섬스프링스        승   06:25     06:40       0:15   차
 22  2조(손영표)33 퀵실버키튼          기   08:15     08:27       0:12   차
 23  2조(손영표) 6 킹덤스톰            기   06:53     07:06       0:13   차
 24  2조(손영표)26 퍼펙트타임          승   08:01     08:22       0:21   차
 25  2조(손영표) 5 피엔에스골드        승   07:41     07:58       0:17   차
 26  2조(손영표)14 피엔에스더킹        승   07:09     07:23       0:14   차
 27  2조(손영표) 2 피케이로드          승   06:25     06:40       0:15   차
 28  3조(최영주) 1 골드윙              승   07:09     07:20       0:11   차
 29  3조(최영주)25 뉴청파              승   07:03     07:25       0:22   차
 30  3조(최영주)10 러너몬스터          기   06:37     06:47       0:10   차
 31  3조(최영주)20 멋진가이            승   06:11     06:23       0:12   차
 32  3조(최영주) 7 미사일캔디          승   06:20     06:30       0:10   차
 33  3조(최영주)16 블랙머니            승   06:25     06:44       0:19   차
 34  3조(최영주) 3 슈발도리앙          기   07:50     08:01       0:11   차
 35  3조(최영주) 4 심플퀸              승   06:46     07:02       0:16   차
 36  3조(최영주)24 에이스댄싱          승   07:10     07:20       0:10   차
 37  3조(최영주) 2 함평에이스          승   07:53     08:05       0:12   차
 38  3조(최영주) 8 함평여왕            승   07:56     08:07       0:11   차
 39  3조(최영주)12 함평파이터          승   06:25     06:44       0:19   차
 40  4조(박윤규)19 걸작맨              승   07:09     07:29       0:20   차
 41  4조(박윤규)16 굿니센              기   06:20     06:37       0:17   차
 42  4조(박윤규)10 리드머니            승   07:31     07:51       0:20   차
 43  4조(박윤규)33 리틀보이플래시      승   06:20     06:37       0:17   차
 44  4조(박윤규)31 멋진왕자            승   07:01     07:13       0:12   차
 45  4조(박윤규) 6 성실머니            승   08:42     09:05       0:23   차
 46  4조(박윤규)26 주말의시작          승   07:26     07:35       0:09   차
 47  4조(박윤규) 5 천지광풍            승   08:01     08:18       0:17   차
 48  4조(박윤규) 9 케이프렌지          승   08:42     09:00       0:18   차
 49  4조(박윤규) 8 퍼플월드            승   08:42     09:05       0:23   차
 50  4조(박윤규)13 피엔에스꼬미        승   08:01     08:18       0:17   차
 51  4조(박윤규)37 행복왕자            승   06:19     06:41       0:22   특
 52  5조(우창구)18 금국화              승   07:17     07:29       0:12   차
 53  5조(우창구) 9 러블리케이          승   06:46     06:58       0:12   차
 54  5조(우창구)16 몬스터케이          보   06:46     06:57       0:11   차
 55  5조(우창구)21 스피드블랙          보   07:44     08:00       0:16   차
 56  5조(우창구)27 알렉산더원          보   07:17     07:28       0:11   차
 57  5조(우창구) 1 에이원퀸            승   08:15     08:32       0:17   차
 58  5조(우창구) 4 우뚝                승   07:44     07:58       0:14   차
 59  5조(우창구)38 운외창천            보   08:09     08:22       0:13   차
 60  5조(우창구)20 원더케이            보   07:42     07:54       0:12   차
 61  5조(우창구)33 이글스그리프터      승   06:14     06:26       0:12   차
 62  5조(우창구)10 초원의기적          승   08:34     08:52       0:18   차
 63  5조(우창구)30 파이널스타          보   06:11     06:27       0:16   차
 64  5조(우창구) 3 퍼펙트라이트        승   08:50     08:59       0:09   차
 65  6조(홍대유) 6 그레이스퀸          승   08:01     08:14       0:13   차
 66  6조(홍대유) 9 그린질주            승   08:33     08:46       0:13   차
 67  6조(홍대유) 5 그린최강            승   07:46     08:00       0:14   차
 68  6조(홍대유)18 루비콘              승   06:45     06:58       0:13   차
 69  6조(홍대유)15 문학문              승   08:13     08:31       0:18   차
 70  6조(홍대유)27 문학위너            승   06:21     06:41       0:20   차
 71  6조(홍대유)35 배다리캔디          승   07:46     08:00       0:14   차
 72  6조(홍대유)33 새내스퍼트          승   08:18     08:39       0:21   차
 73  6조(홍대유)10 새내윈              승   07:14     07:29       0:15   차
 74  6조(홍대유)14 새내초이스          승   07:27     07:39       0:12   차
 75  6조(홍대유)13 선더챔프            보   07:21     07:38       0:17   차
 76  6조(홍대유)23 섬싱익스펙트        승   06:42     06:55       0:13   차
 77  6조(홍대유)36 안양호랑이          승   06:52     07:02       0:10   차
 78  6조(홍대유)38 어플리트마린        승   06:16     06:30       0:14   차
 79  6조(홍대유)25 정문서미트          보   06:49     07:06       0:17   차
 80  6조(홍대유)32 정문에이스          승   06:19     06:30       0:11   차
 81  6조(홍대유)40 정문지존            보   07:39     07:55       0:16   차
 82  6조(홍대유) 1 정문최강            보   06:15     06:29       0:14   차
 83  6조(홍대유) 8 파인터치            보   08:19     08:35       0:16   차
 84  7조(구자흥) 8 다나은로즈          승   06:17     06:35       0:18   차
 85  7조(구자흥) 5 대군옥              승   06:40     06:56       0:16   차
 86  7조(구자흥)13 대군파워            기   08:32     08:42       0:10   차
 87  7조(구자흥) 9 디케이별찌          승   07:17     07:30       0:13   차
 88  7조(구자흥)28 로드란              승   07:58     08:08       0:10   차
 89  7조(구자흥)15 사려니퀸            승   06:17     06:35       0:18   차
 90  7조(구자흥)19 안양옥센            승   08:31     08:49       0:18   차
 91  7조(구자흥)16 윈디러시            기   07:40     07:51       0:11   차
 92  7조(구자흥) 3 쿠키몬스터          승   07:02     07:18       0:16   차
 93  7조(구자흥)23 피엔에스린          승   07:02     07:18       0:16   차
 94  8조(최용구)11 네오포스            승   06:10     06:29       0:19   차
 95  8조(최용구)25 돌아온뽀빠이        승   07:16     07:26       0:10   차
 96  8조(최용구) 4 발베니              승   06:33     06:42       0:09   차
 97  8조(최용구) 2 송암레전드          승   07:25     07:43       0:18   차
 98  8조(최용구) 3 스위트캠프          승   06:58     07:07       0:09   차
 99  8조(최용구)12 예술이야            승   08:16     08:25       0:09   차
100  8조(최용구)10 유니콘알파          승   06:46     06:58       0:12   차
101  8조(최용구)23 은혜                승   07:25     07:43       0:18   차
102  8조(최용구)22 투어링라니          승   06:24     06:38       0:14   차
103  8조(최용구)32 하바나찰리          승   06:10     06:17       0:07   차
104  9조(강성오) 5 강서돌풍            기   07:44     08:06       0:22   차
105  9조(강성오)17 남산무적            승   07:44     08:06       0:22   차
106  9조(강성오)25 대지의여걸          승   08:26     08:34       0:08   차
107  9조(강성오)11 레드마운틴          승   06:42     06:51       0:09   차
108  9조(강성오)16 온포인트            승   06:23     06:38       0:15   차
109  9조(강성오)37 찬기참              승   06:15     06:27       0:12   차
110  9조(강성오)26 최고블랙            승   07:44     08:03       0:19   차
111  9조(강성오)10 터치나인            승   06:49     07:07       0:18   차
112  9조(강성오)33 텐배거              승   08:27     08:38       0:11   차
113  9조(강성오)40 플라잉골드          승   06:49     07:07       0:18   차
114  9조(강성오)28 히든삭스            승   06:26     06:35       0:09   차
115 10조(정호익)20 글로리칸            승   06:15     06:28       0:13   차
116 10조(정호익) 6 글로벌조이          승   06:13     06:26       0:13   차
117 10조(정호익)14 글로벌캡틴          승   06:10     06:43       0:33   특
118 10조(정호익) 1 동쪽글로리          승   06:36     06:48       0:12   차
119 10조(정호익)25 두손멍군            승   06:15     06:28       0:13   차
120 10조(정호익)34 두손판타스틱        승   06:46     07:00       0:14   차
121 10조(정호익) 9 레전드데이          승   07:27     07:41       0:14   차
122 10조(정호익)39 마이리더            기   06:11     06:24       0:13   차
123 10조(정호익)23 매직플랜            승   08:32     08:40       0:08   차
124 10조(정호익)19 문학스톰            승   07:08     07:21       0:13   차
125 10조(정호익)32 문학쓰나미          승   08:46     08:57       0:11   차
126 10조(정호익)35 문학에카티          승   07:41     07:55       0:14   차
127 10조(정호익)10 문학치프            승   08:11     08:31       0:20   특
128 10조(정호익)12 유롱스타            승   07:14     07:27       0:13   차
129 10조(정호익)29 이스트질주          기   06:40     06:51       0:11   차
130 10조(정호익)22 터프가이            승   07:35     07:46       0:11   차
131 10조(정호익)11 터프맨              승   08:03     08:21       0:18   차
132 10조(정호익)37 페더럴윈            기   06:26     06:38       0:12   차
133 11조(조현수)25 골드필드            승   06:41     06:54       0:13   차
134 11조(조현수)10 그레이트한센        승   07:40     07:59       0:19   차
135 11조(조현수)15 도깨비              승   08:27     08:40       0:13   차
136 11조(조현수)28 메니스피드          보   08:01     08:15       0:14   차
137 11조(조현수)39 보디가드            승   07:45     08:00       0:15   차
138 11조(조현수)23 비플라워            승   07:06     07:29       0:23   차
139 11조(조현수) 8 사이먼스톰          승   07:08     07:24       0:16   차
140 11조(조현수) 5 스마트별            승   07:06     07:21       0:15   차
141 11조(조현수) 7 원더풀우먼          보   07:26     07:41       0:15   차
142 11조(조현수)24 적벽신화            승   07:40     08:00       0:20   차
143 11조(조현수)16 조이오브킹          승   07:27     07:40       0:13   차
144 11조(조현수)12 컴플리트스윕        승   08:49     09:00       0:11   차
145 11조(조현수)20 컴플리트챔프        승   07:40     07:53       0:13   차
146 11조(조현수)14 퀸라이언            승   08:22     08:35       0:13   금
147 11조(조현수)32 트루                승   06:35     06:52       0:17   차
148 11조(조현수)38 파이널에이스        승   06:35     06:48       0:13   차
149 11조(조현수)33 퍼지퀸              승   06:35     06:48       0:13   차
150 11조(조현수)13 폴카                승   08:20     08:36       0:16   차
151 11조(조현수) 4 해후                보   06:39     06:53       0:14   차
152 12조(서범석) 7 라피어반            승   06:40     06:50       0:10   차
153 12조(서범석)34 브라보메이          승   06:29     06:42       0:13   차
154 12조(서범석) 5 브리가디어제너럴    승   07:15     07:25       0:10   특
155 12조(서범석)18 블레싱로드          승   06:55     07:08       0:13   차
156 12조(서범석)16 스트롱레드          승   07:48     08:10       0:22   차
157 12조(서범석)29 스트롱벌처          승   06:33     06:46       0:13   차
158 12조(서범석) 3 원더풀데퓨티        승   07:48     08:01       0:13   차
159 12조(서범석)30 원더풀이블          승   06:47     07:10       0:23   차
160 12조(서범석)23 원더풀잭팟          승   07:19     07:35       0:16   차
161 12조(서범석)31 큐피드웨이          승   07:48     08:05       0:17   차
162 13조(이희영)15 넘버원타깃          승   07:21     07:36       0:15   차
163 13조(이희영) 8 바다의꿈            기   06:54     07:08       0:14   차
164 13조(이희영)28 비트업              기   07:29     07:43       0:14   차
165 13조(이희영)23 샤크짱              승   06:48     07:00       0:12   차
166 13조(이희영)10 솔개바람            기   06:33     06:46       0:13   차
167 13조(이희영)35 엘리트라인          승   06:31     06:45       0:14   차
168 13조(이희영)18 파크윈              승   06:15     06:28       0:13   차
169 14조(이신영)40 거센강자            승   08:41     08:52       0:11   차
170 14조(이신영)21 거센기상            승   08:09     08:20       0:11   차
171 14조(이신영)26 거센질주            승   06:27     06:42       0:15   차
172 14조(이신영) 3 거센질풍            승   06:37     06:46       0:09   차
173 14조(이신영)13 금아키튼            승   07:36     07:45       0:09   차
174 14조(이신영)18 델피니              승   08:07     08:20       0:13   차
175 14조(이신영) 4 딕시어게인          승   09:05     09:20       0:15   차
176 14조(이신영)36 레이볼트            승   08:41     08:52       0:11   차
177 14조(이신영)34 레인                승   07:52     08:03       0:11   차
178 14조(이신영)29 말리부진저          승   07:40     07:50       0:10   차
179 14조(이신영) 1 선샤인특급          승   07:12     07:22       0:10   차
180 14조(이신영)10 아그리워            기   07:40     07:49       0:09   차
181 14조(이신영) 9 아이언삭스          승   07:09     07:25       0:16   특
182 14조(이신영)11 아침기상            승   06:21     06:33       0:12   특
183 14조(이신영) 5 엉클오              기   06:29     06:39       0:10   차
184 14조(이신영)33 에이스삭스          승   08:41     08:52       0:11   차
185 14조(이신영)28 유레카              기   08:16     08:31       0:15   차
186 14조(이신영)24 질주의칸            승   08:41     08:52       0:11   차
187 14조(이신영)20 타이탄삭스          승   07:12     07:28       0:16   차
188 14조(이신영)14 플라잉아테나        기   07:12     07:28       0:16   차
189 14조(이신영)39 플라잉팰리스        승   07:12     07:28       0:16   차
190 14조(이신영)25 화려한미소          기   08:01     08:13       0:12   차
191 15조(박희철) 7 보라퀸              승   06:46     06:55       0:09   차
192 15조(박희철)34 스페셜스토리        승   07:59     08:12       0:13   차
193 15조(박희철)12 정상스타            승   06:14     06:28       0:14   차
194 15조(박희철)10 정상킹덤            보   07:09     07:35       0:26   차
195 15조(박희철)23 파티파워            승   07:09     07:29       0:20   차
196 16조(최봉주) 3 그레이트매직        승   08:26     08:45       0:19   차
197 16조(최봉주)11 너울이              승   08:26     08:46       0:20   차
198 16조(최봉주) 8 대천얼짱            승   07:18     07:29       0:11   차
199 16조(최봉주)35 돌격앞으로          조   06:24     06:33       0:09   차
200 16조(최봉주)22 마하걸              승   07:28     07:38       0:10   차
201 16조(최봉주)23 어드밴스            기   07:32     07:46       0:14   차
202 16조(최봉주) 6 언패럴렐드          승   06:19     06:32       0:13   차
203 16조(최봉주)36 오피서커맨딩        기   07:01     07:14       0:13   차
204 16조(최봉주)29 원더풀딕시          기   07:15     07:31       0:16   차
205 16조(최봉주)16 제주의요정          승   06:44     06:57       0:13   차
206 16조(최봉주)37 천총                승   06:22     06:33       0:11   차
207 16조(최봉주)20 투엠오케이          승   07:12     07:25       0:13   차
208 16조(최봉주)27 파워타워            승   07:12     07:21       0:09   차
209 17조(김점오) 2 명품축제            승   06:10     06:27       0:17   차
210 17조(김점오) 8 스타룰러            승   06:59     07:15       0:16   차
211 17조(김점오) 6 스피드황룡          승   06:13     06:26       0:13   차
212 17조(김점오) 5 콘도르여왕          기   06:59     07:15       0:16   차
213 17조(김점오)19 통일전사            보   06:22     06:44       0:22   차
214 17조(김점오) 4 퍼스트드림          기   06:32     06:41       0:09   차
215 17조(김점오)35 황금주머니          기   06:41     06:58       0:17   차
216 18조(박대흥)19 개나리송            승   06:20     06:33       0:13   특
217 18조(박대흥)29 광해                승   06:45     06:58       0:13   차
218 18조(박대흥)18 뉴에이원            승   07:57     08:11       0:14   차
219 18조(박대흥)20 도끼블레이드        승   07:26     07:43       0:17   특
220 18조(박대흥)21 미라클케이          승   07:58     08:11       0:13   차
221 18조(박대흥) 2 바이킹스톰          승   06:20     06:34       0:14   차
222 18조(박대흥)37 선더소니아          승   08:35     08:47       0:12   차
223 18조(박대흥)35 실버햄튼            승   07:57     08:11       0:14   차
224 18조(박대흥)28 질주의꿈            승   06:16     06:28       0:12   차
225 18조(박대흥)34 청담지니            승   08:35     08:47       0:12   차
226 18조(박대흥) 1 최강퀸              승   06:45     06:58       0:13   차
227 18조(박대흥)14 최강팀              승   08:35     08:53       0:18   차
228 18조(박대흥)30 케이엔라이트        승   07:22     07:36       0:14   차
229 18조(박대흥) 7 케이엔매직          승   08:51     09:00       0:09   차
230 18조(박대흥)25 케이엔메니퀸        승   07:02     07:16       0:14   차
231 18조(박대흥) 3 케이엔특급          승   07:22     07:36       0:14   차
232 18조(박대흥)32 케이엔티즈원        승   07:58     08:11       0:13   차
233 18조(박대흥)17 프린스박            승   07:57     08:11       0:14   차
234 19조(곽영효)24 남촌의강호          승   07:36     08:11       0:35   차
235 19조(곽영효) 9 루비스타            승   07:35     07:56       0:21   차
236 19조(곽영효)19 리빙스턴            기   06:54     07:06       0:12   차
237 19조(곽영효) 2 메니피뮤직          승   07:16     07:33       0:17   차
238 19조(곽영효)25 쇠와꽃              승   07:36     08:11       0:35   차
239 19조(곽영효) 4 우승바람            승   07:16     07:31       0:15   차
240 19조(곽영효)23 트리플조이          기   07:36     07:49       0:13   차
241 19조(곽영효) 8 한강의기상          승   08:15     08:30       0:15   차
242 19조(곽영효) 1 햇무리              기   07:22     07:32       0:10   차
243 19조(곽영효)14 황후마마            승   07:30     07:38       0:08   차
244 20조(배대선)34 골든럭키            기   08:02     08:19       0:17   차
245 20조(배대선)23 러닝넘버원          승   07:32     07:44       0:12   차
246 20조(배대선)39 머니가락            승   07:17     07:29       0:12   차
247 20조(배대선)17 머니시장            승   06:42     06:56       0:14   차
248 20조(배대선)28 머니신              승   08:21     08:39       0:18   차
249 20조(배대선) 4 머니탑              승   07:48     08:01       0:13   차
250 20조(배대선)13 백색광채            승   08:03     08:15       0:12   차
251 20조(배대선)15 빛의대륙            기   07:45     07:56       0:11   차
252 20조(배대선) 6 원더풀할란          기   07:30     07:43       0:13   차
253 20조(배대선)32 점프                승   08:21     08:39       0:18   차
254 20조(배대선)10 천마투데이          승   06:58     07:13       0:15   차
255 20조(배대선)27 큐피드불릿          기   07:17     07:29       0:12   차
256 20조(배대선)24 큐피드코리아        승   06:46     06:58       0:12   차
257 20조(배대선)33 투게더웨이          승   08:02     08:19       0:17   차
258 20조(배대선)20 화랑스토리          승   07:30     07:43       0:13   차
259 21조(임봉춘)25 드림맥스            승   06:39     07:06       0:27   차
260 21조(임봉춘) 8 럭셔리골드          승   06:48     06:59       0:11   차
261 21조(임봉춘)32 마파람              승   08:24     08:36       0:12   차
262 21조(임봉춘)36 명진캔디            기   06:57     07:07       0:10   차
263 21조(임봉춘)24 미르캡틴            기   07:31     07:43       0:12   차
264 21조(임봉춘) 7 비바챔피언          기   07:24     07:38       0:14   차
265 21조(임봉춘)29 스타프린세스        승   07:49     08:17       0:28   차
266 21조(임봉춘)27 스탠바이미          승   07:48     08:10       0:22   차
267 21조(임봉춘)34 신과함께            승   08:19     08:34       0:15   차
268 21조(임봉춘) 2 신의아들            승   07:05     07:25       0:20   차
269 21조(임봉춘)15 엠제이베스트        기   07:07     07:18       0:11   차
270 21조(임봉춘)33 원더풀마리아        기   07:18     07:30       0:12   차
271 21조(임봉춘)16 찬란한날            기   06:41     06:56       0:15   차
272 21조(임봉춘)23 천년의바람          승   06:35     06:43       0:08   차
273 21조(임봉춘)37 퀸즈투어            기   06:30     06:45       0:15   특
274 21조(임봉춘)10 황금천지            기   07:10     07:22       0:12   차
275 21조(임봉춘)26 황금파워            승   07:38     07:56       0:18   차
276 21조(임봉춘)40 황금해              승   08:16     08:35       0:19   차
277 22조(안병기)30 내생애최고          승   06:43     06:54       0:11   차
278 22조(안병기)34 라온라이트맨        기   07:15     07:27       0:12   차
279 22조(안병기) 4 루비캣              승   06:16     06:29       0:13   차
280 22조(안병기)37 봄날의기억          기   07:57     08:12       0:15   차
281 22조(안병기)14 선더호스            기   07:05     07:16       0:11   차
282 22조(안병기)25 센스쟁이            승   08:12     08:31       0:19   차
283 22조(안병기) 2 스프링백            기   07:40     07:58       0:18   특
284 22조(안병기)15 야무진갤러퍼        승   08:41     08:52       0:11   차
285 22조(안병기) 7 야무진독도          기   08:01     08:16       0:15   금
286 22조(안병기)40 에피파니            기   07:34     07:47       0:13   차
287 22조(안병기)35 울트라시대          조   06:14     06:26       0:12   차
288 22조(안병기)10 울트라펀치          승   08:22     08:41       0:19   차
289 22조(안병기)17 원더풀조이          승   08:09     08:25       0:16   차
290 22조(안병기)36 일보등천            승   06:58     07:12       0:14   차
291 22조(안병기)20 챔프스타일          승   06:30     06:43       0:13   차
292 22조(안병기)28 초인강자            승   08:41     09:01       0:20   차
293 22조(안병기)32 티즈파이팅          기   06:15     06:27       0:12   차
294 23조(유재길)12 경부도령            승   06:55     07:03       0:08   차
295 23조(유재길) 2 더트서퍼            기   07:16     07:27       0:11   차
296 23조(유재길) 7 송암바비            승   06:33     06:47       0:14   차
297 23조(유재길)21 스피어골드          승   06:14     06:32       0:18   차
298 23조(유재길)22 에이원킹            승   06:56     07:08       0:12   차
299 23조(유재길)18 원평퀸              승   06:14     06:39       0:25   차
300 23조(유재길)13 홀리데이참          기   06:33     06:47       0:14   차
301 24조(서홍수) 5 마이티수            기   09:13     09:26       0:13   차
302 24조(서홍수)28 마이티웰            승   06:49     07:02       0:13   차
303 24조(서홍수)17 마이티윙            승   08:52     09:02       0:10   차
304 24조(서홍수)32 마이티지            승   06:51     07:07       0:16   차
305 24조(서홍수) 8 마이티칩            승   06:14     06:27       0:13   차
306 24조(서홍수)19 마이티후            승   06:16     06:31       0:15   차
307 24조(서홍수)25 마칼루파워          승   09:17     09:27       0:10   차
308 24조(서홍수)38 미르파워            승   08:57     09:16       0:19   차
309 24조(서홍수) 3 새내포레스트        승   08:57     09:16       0:19   차
310 24조(서홍수)29 스타워즈            기   06:34     06:42       0:08   차
311 24조(서홍수)40 시크릿보스          승   08:42     08:50       0:08   차
312 24조(서홍수)13 아치참              기   08:33     08:49       0:16   차
313 24조(서홍수)39 엠제이돌풍          승   08:33     08:49       0:16   차
314 24조(서홍수)12 왕인행차            기   07:32     07:45       0:13   차
315 24조(서홍수) 6 원더풀데블          승   07:21     07:32       0:11   차
316 24조(서홍수)27 원더풀트루스        승   07:44     07:53       0:09   차
317 24조(서홍수)31 투투키튼            기   08:57     09:13       0:16   차
318 24조(서홍수) 7 팬시팬츠            승   07:14     07:28       0:14   차
319 25조(전승규)39 나나랜드            기   06:12     06:24       0:12   차
320 25조(전승규) 7 남산꽃              기   06:11     06:20       0:09   차
321 25조(전승규)33 드림펠라            승   07:47     08:00       0:13   차
322 25조(전승규)27 럭키시엠프레        기   06:12     06:24       0:12   차
323 25조(전승규)38 럭키훈              기   06:41     06:52       0:11   차
324 25조(전승규)36 마크스토리          조   08:38     08:53       0:15   차
325 25조(전승규)15 모닝동자            기   06:26     06:39       0:13   차
326 25조(전승규) 8 미스클레버          조   07:25     07:36       0:11   차
327 25조(전승규)26 송암플레이어        기   06:11     06:20       0:09   차
328 25조(전승규)12 스마트오피서        승   07:18     07:33       0:15   특
329 25조(전승규)28 스텔라로드          승   08:54     09:05       0:11   차
330 25조(전승규) 4 아치게이트          승   07:47     08:01       0:14   차
331 25조(전승규)29 아치리버            승   08:16     08:30       0:14   차
332 25조(전승규)40 원더풀인디언        승   09:03     09:13       0:10   차
333 25조(전승규)24 이글포인트          승   07:46     08:01       0:15   차
334 25조(전승규)10 킹에이스            기   06:41     06:52       0:11   차
335 25조(전승규) 2 테스고대보          기   06:26     06:40       0:14   차
336 25조(전승규)21 특별                승   08:16     08:30       0:14   차
337 25조(전승규)23 피버디니            조   08:00     08:32       0:32   차
338 25조(전승규)19 화랑투데이          승   08:29     08:39       0:10   차
339 26조(안해양)21 가나파크            승   06:15     06:35       0:20   차
340 26조(안해양)15 런던스카이          승   06:14     06:27       0:13   차
341 26조(안해양)19 런던스피드          기   07:01     07:11       0:10   특
342 26조(안해양)33 런던퀸              기   07:04     07:16       0:12   차
343 26조(안해양)34 런던파워            보   07:22     07:31       0:09   차
344 26조(안해양) 2 런던히트            승   08:04     08:21       0:17   차
345 26조(안해양)30 레이디켈리          보   06:20     06:37       0:17   차
346 26조(안해양)10 벼락                승   07:42     07:55       0:13   차
347 26조(안해양) 8 보드람              승   07:41     08:01       0:20   차
348 26조(안해양)31 빅토리카            승   07:44     08:06       0:22   차
349 26조(안해양)27 선샤인케이          승   07:13     07:29       0:16   차
350 26조(안해양)12 송암캔디            승   06:36     06:45       0:09   차
351 26조(안해양) 3 시선주마            기   07:42     07:55       0:13   차
352 26조(안해양)17 시선평정            승   06:51     07:00       0:09   차
353 26조(안해양)35 아킬리온            승   07:52     08:08       0:16   차
354 26조(안해양)20 예스아이캔          승   06:34     06:46       0:12   차
355 26조(안해양)24 올댓코리아          보   06:55     07:07       0:12   차
356 26조(안해양)13 우아륭              승   06:18     06:35       0:17   차
357 26조(안해양) 7 플라잉바비          기   08:27     08:38       0:11   차
358 27조(박병일)20 검포                승   07:03     07:13       0:10   차
359 27조(박병일)18 금자유              기   07:15     07:29       0:14   차
360 27조(박병일)38 더파이팅            승   06:23     06:33       0:10   차
361 27조(박병일)17 리얼팩              승   06:16     06:27       0:11   차
362 27조(박병일)16 문학선              승   07:37     08:03       0:26   차
363 27조(박병일)24 문학의전사          승   06:47     07:01       0:14   차
364 27조(박병일)33 선더누리            승   07:37     07:56       0:19   차
365 27조(박병일) 1 올드스타트          기   07:23     07:37       0:14   차
366 27조(박병일)27 인천스피드          승   06:50     07:01       0:11   차
367 27조(박병일)15 최강파티            승   06:12     06:30       0:18   차
368 27조(박병일)39 컨트리로드          승   06:54     07:11       0:17   차
369 27조(박병일)30 포에버칸            승   07:37     07:56       0:19   차
370 27조(박병일)10 하루온              승   08:28     08:41       0:13   차
371 27조(박병일)31 해피믹스            승   07:37     07:56       0:19   차
372 27조(박병일)23 환상터치            승   07:01     07:12       0:11   차
373 28조(최상식)10 거센광풍            승   06:59     07:14       0:15   차
374 28조(최상식) 2 글로벌매직          승   07:45     08:02       0:17   차
375 28조(최상식)18 글로벌보배          승   06:59     07:16       0:17   차
376 28조(최상식) 6 글로벌천사          승   06:25     06:38       0:13   차
377 28조(최상식)23 대디코잔            승   06:40     06:53       0:13   차
378 28조(최상식)25 돌배                승   07:45     08:02       0:17   차
379 28조(최상식) 5 바람살              승   06:59     07:16       0:17   차
380 28조(최상식) 1 베스트럭키          승   06:10     06:23       0:13   차
381 28조(최상식)24 샌드파워            승   07:45     08:02       0:17   차
382 28조(최상식)15 원더풀라이트        기   07:02     07:14       0:12   차
383 28조(최상식)27 인디라이트          승   06:59     07:14       0:15   차
384 28조(최상식)17 퍼펙트파워          기   06:48     06:59       0:11   차
385 29조(배휴준)18 데스크탑            보   07:42     07:57       0:15   차
386 29조(배휴준) 5 세명엠파이어        승   07:07     07:18       0:11   차
387 29조(배휴준)23 소중한기억          보   08:15     08:31       0:16   차
388 29조(배휴준) 9 싱싱메리            보   06:52     07:08       0:16   차
389 29조(배휴준)28 언비튼가이          승   07:15     07:24       0:09   차
390 29조(배휴준)31 와일드킹덤          조   06:59     07:10       0:11   차
391 29조(배휴준)36 퀸오브레이싱        승   06:30     06:39       0:09   차
392 29조(배휴준)24 피엔에스싱          승   08:06     08:27       0:21   차
393 30조(토니  )14 남산초콜릿          기   06:17     06:29       0:12   차
394 30조(토니  )29 당대로얄            기   08:59     09:12       0:13   차
395 30조(토니  ) 2 더검푸              조   07:56     08:06       0:10   차
396 30조(토니  )19 반야동행            승   09:00     09:14       0:14   차
397 30조(토니  ) 6 벚꽃블레이드        기   06:49     07:03       0:14   차
398 30조(토니  )24 삼정타퍼즈          승   06:17     06:31       0:14   차
399 30조(토니  )25 스타블레이드        조   08:29     08:41       0:12   차
400 30조(토니  )12 스프링킹            기   07:56     08:06       0:10   차
401 30조(토니  ) 7 에이스샤인          조   06:17     06:31       0:14   차
402 30조(토니  ) 5 에이스솔롱고        보   07:16     07:29       0:13   차
403 30조(토니  ) 1 우청륭              기   08:29     08:41       0:12   차
404 30조(토니  ) 9 장산바다            조   07:16     07:29       0:13   차
405 30조(토니  )15 장산플라이          승   08:59     09:12       0:13   차
406 30조(토니  )10 청담도끼            조   09:05     09:14       0:09   차
407 30조(토니  )13 청담탱크            조   06:49     07:02       0:13   차
408 30조(토니  )23 헤라블레이드        승   08:29     08:41       0:12   차
409 31조(강환민)31 국제공항            승   06:44     07:01       0:17   차
410 31조(강환민)15 논스톱데릭          승   08:39     08:51       0:12   차
411 31조(강환민)32 로마블레이드        승   08:39     08:51       0:12   차
412 31조(강환민)10 머스탱파워          기   06:29     06:45       0:16   차
413 31조(강환민)20 멋진아치            기   08:08     08:19       0:11   차
414 31조(강환민)16 빅야크              승   06:50     07:00       0:10   차
415 31조(강환민)28 빅트리플            승   06:24     06:37       0:13   차
416 31조(강환민)37 송암아치걸          승   08:05     08:24       0:19   차
417 31조(강환민) 5 수리수리마          기   06:27     06:40       0:13   차
418 31조(강환민)39 어서와              승   07:18     07:30       0:12   차
419 31조(강환민)24 원더풀섀도우        승   06:52     07:04       0:12   차
420 31조(강환민) 4 장산가드            승   06:15     06:27       0:12   차
421 31조(강환민) 6 정상파워            승   07:22     07:37       0:15   차
422 31조(강환민) 3 천비성              승   07:29     07:37       0:08   차
423 31조(강환민)30 큐피드딕션          기   06:15     06:27       0:12   차
424 31조(강환민) 1 크레이지산타        승   07:15     07:29       0:14   차
425 31조(강환민)21 클린업샤인          기   06:27     06:40       0:13   차
426 31조(강환민)26 파크삭스            승   07:15     07:28       0:13   차
427 31조(강환민)22 패스트트랙          승   08:09     08:18       0:09   차
428 32조(김윤섭) 1 고고스타            기   06:40     06:53       0:13   차
429 32조(김윤섭) 4 금성맨              승   07:34     07:53       0:19   차
430 32조(김윤섭)25 금성패션            기   07:42     07:51       0:09   차
431 32조(김윤섭) 5 럭키마이더스        기   08:02     08:14       0:12   차
432 32조(김윤섭) 6 송당                승   08:33     08:46       0:13   차
433 32조(김윤섭)14 스카이팡팡          승   07:16     07:32       0:16   차
434 32조(김윤섭)29 야스                기   07:52     08:00       0:08   차
435 32조(김윤섭)15 초계비행            승   06:59     07:13       0:14   차
436 32조(김윤섭) 3 파워플랜            승   06:40     06:56       0:16   차
437 32조(김윤섭)26 헬로금성            승   06:57     07:10       0:13   차
438 33조(서인석)32 골든스타            기   06:21     06:33       0:12   차
439 33조(서인석)38 노던타임            승   06:54     07:07       0:13   차
440 33조(서인석) 3 누비강자            승   06:21     06:33       0:12   차
441 33조(서인석) 1 대완마              승   07:29     07:49       0:20   차
442 33조(서인석)35 디스챌린지          승   06:44     07:01       0:17   차
443 33조(서인석)13 릴패트론            조   06:10     06:24       0:14   특
444 33조(서인석)40 매직그레이스        승   07:33     07:49       0:16   차
445 33조(서인석)31 매직러시            승   06:21     06:33       0:12   차
446 33조(서인석)25 매직타이드          기   06:53     07:04       0:11   차
447 33조(서인석)21 바람과함께          조   06:48     07:07       0:19   차
448 33조(서인석)16 방방뜨네            승   07:55     08:04       0:09   차
449 33조(서인석)17 선포레              기   06:39     06:50       0:11   차
450 33조(서인석) 7 스피드고            승   06:11     06:31       0:20   특
451 33조(서인석)33 에스테이크          기   06:39     06:49       0:10   특
452 33조(서인석)15 원더풀러커스        승   06:11     06:27       0:16   차
453 33조(서인석)24 원더풀키티          기   07:19     07:31       0:12   차
454 33조(서인석)26 이스트제트          승   07:41     07:57       0:16   특
455 33조(서인석) 6 질주에바다          기   06:57     07:08       0:11   차
456 34조(리카디)39 갤럽컬린            승   08:30     08:38       0:08   차
457 34조(리카디)16 남산러브            승   08:15     08:23       0:08   차
458 34조(리카디) 5 남산의별            기   07:03     07:16       0:13   차
459 34조(리카디) 7 남산호랑이          승   06:50     07:05       0:15   차
460 34조(리카디) 9 대사리              승   09:06     09:16       0:10   차
461 34조(리카디)21 드림스피드          승   08:12     08:26       0:14   차
462 34조(리카디)15 라이징호크          승   07:27     07:40       0:13   차
463 34조(리카디)19 매직레코드          승   06:39     06:56       0:17   차
464 34조(리카디)23 맨해튼뮤직          승   08:45     08:55       0:10   차
465 34조(리카디)32 미라클도터          승   07:59     08:14       0:15   차
466 34조(리카디)26 백산선더            승   07:21     07:31       0:10   차
467 34조(리카디)25 블랙마스크          승   08:06     08:19       0:13   차
468 34조(리카디)36 선더윈드            승   07:50     08:03       0:13   차
469 34조(리카디)11 슈퍼삭스            승   07:03     07:16       0:13   차
470 34조(리카디)18 안목항              승   09:02     09:13       0:11   차
471 34조(리카디) 4 장산포에버          승   07:14     07:29       0:15   차
472 34조(리카디)34 조이브라더          승   06:34     06:43       0:09   차
473 34조(리카디)13 지산꽃              승   07:24     07:36       0:12   차
474 34조(리카디)27 최강블랙            승   08:38     08:45       0:07   차
475 34조(리카디)28 파이널칸지노        승   08:04     08:17       0:13   차
476 35조(임채덕) 9 감곡선샤인          승   07:22     07:35       0:13   차
477 35조(임채덕)15 김천영웅            승   07:22     07:35       0:13   차
478 35조(임채덕)11 로렐챔프            기   06:28     06:40       0:12   차
479 35조(임채덕)18 로렐파워            승   06:28     06:40       0:12   차
480 35조(임채덕)13 미스캠프            조   07:30     07:42       0:12   차
481 35조(임채덕) 6 인디언선샤인        기   06:14     06:26       0:12   차
482 35조(임채덕)17 제왕의별            기   07:54     08:05       0:11   차
483 35조(임채덕) 2 투에이스            조   07:52     08:06       0:14   차
484 35조(임채덕) 7 플라잉센걸          승   06:14     06:27       0:13   차
485 35조(임채덕)21 플라잉풀문          조   07:01     07:15       0:14   차
486 37조(심승태)26 또바기              승   07:18     07:34       0:16   차
487 37조(심승태)24 무야호              승   07:24     07:38       0:14   차
488 37조(심승태)39 비사연              승   06:49     07:03       0:14   차
489 37조(심승태) 5 비엔토              기   06:35     06:47       0:12   차
490 37조(심승태) 4 선우럭키            승   06:10     06:25       0:15   차
491 37조(심승태)21 스타크레이지        기   06:49     07:07       0:18   차
492 37조(심승태)28 아치메모리          승   07:24     07:36       0:12   차
493 37조(심승태) 8 주얼리베스트        승   07:18     07:37       0:19   차
494 37조(심승태)11 퍼스트슈            기   06:46     06:56       0:10   차
495 37조(심승태)40 플라잉카라          승   07:56     08:08       0:12   차
496 40조(송문길)12 뉴문워리어          승   06:48     06:59       0:11   차
497 40조(송문길)18 레드케이            승   06:46     07:12       0:26   차
498 40조(송문길)10 마이윈              보   07:46     08:04       0:18   차
499 40조(송문길) 6 메디치글로리        기   07:08     07:20       0:12   특
500 40조(송문길)22 산소파워            기   06:42     06:54       0:12   차
501 40조(송문길)29 샴로커              승   08:10     08:26       0:16   특
502 40조(송문길)35 쇼메이커            기   06:42     06:54       0:12   차
503 40조(송문길)17 스피디루키          승   06:16     06:26       0:10   차
504 40조(송문길) 7 어마어마            승   08:53     09:18       0:25   특
505 40조(송문길)16 어메이징위즈        승   06:16     06:26       0:10   차
506 40조(송문길)15 자이언트킬링        승   06:15     06:29       0:14   차
507 40조(송문길)32 제다이              기   08:01     08:12       0:11   특
508 40조(송문길)31 제이랩터            승   07:27     07:41       0:14   차
509 40조(송문길)37 파워박스            승   07:25     07:43       0:18   차
510 40조(송문길) 1 파이어하트          보   08:33     08:51       0:18   차
511 41조(신삼영)30 강한여전사          승   06:15     06:30       0:15   차
512 41조(신삼영)11 과천신세계          승   06:50     07:03       0:13   차
513 41조(신삼영)20 별빛보석            승   07:28     07:40       0:12   차
514 41조(신삼영)16 섀도우퀸            승   07:47     07:55       0:08   차
515 41조(신삼영)22 세명나래            승   06:16     06:29       0:13   차
516 41조(신삼영)15 알사이먼            승   08:01     08:12       0:11   차
517 41조(신삼영)24 원더풀금성          승   06:50     07:06       0:16   차
518 41조(신삼영) 3 유로강자            승   07:28     07:41       0:13   차
519 41조(신삼영) 9 출세가도            승   06:14     06:22       0:08   차
520 41조(신삼영)14 큐피드베이브        승   08:07     08:19       0:12   차
521 41조(신삼영) 2 피렌체힐            승   06:56     07:11       0:15   차
522 42조(이관호)38 금아스위프트        기   07:21     07:32       0:11   차
523 42조(이관호) 1 달타령              기   08:20     08:27       0:07   차
524 42조(이관호) 8 더퀸저스티스        기   07:24     07:36       0:12   차
525 42조(이관호)22 레이디퍼스트        승   06:39     06:52       0:13   차
526 42조(이관호)32 메인오브킹          기   06:53     07:02       0:09   차
527 42조(이관호)31 모르피스            승   06:19     06:28       0:09   특
528 42조(이관호)34 백스핀              기   06:10     06:22       0:12   차
529 42조(이관호)20 브라보삭스          승   06:11     06:23       0:12   차
530 42조(이관호) 6 빅에너지            승   06:46     06:55       0:09   차
531 42조(이관호) 3 서브에이스          기   07:17     07:28       0:11   차
532 42조(이관호)14 서울크라운          승   06:19     06:28       0:09   차
533 42조(이관호) 9 에이스함성          기   07:02     07:15       0:13   차
534 42조(이관호)19 엔비전사            기   07:32     07:49       0:17   차
535 42조(이관호)17 지산군              기   08:10     08:19       0:09   차
536 42조(이관호)30 챔피언함성          기   07:32     07:45       0:13   차
537 42조(이관호)39 천군                기   07:19     07:28       0:09   차
538 42조(이관호) 2 톱포지션            승   08:06     08:18       0:12   차
539 42조(이관호)21 티케이존            승   07:26     07:38       0:12   차
540 42조(이관호)35 하이러너            승   07:32     07:45       0:13   차
541 42조(이관호)23 히트에이스          승   06:25     06:38       0:13   차
542 43조(서정하)13 고어헤드            승   06:25     06:36       0:11   차
543 43조(서정하)12 대한챔프            승   07:10     07:27       0:17   차
544 43조(서정하) 2 룰브레이커          승   07:38     07:57       0:19   차
545 43조(서정하)11 세명캡틴            기   06:50     06:58       0:08   차
546 43조(서정하)14 세명햇살            승   06:36     06:48       0:12   차
547 43조(서정하) 5 스피드이즈칸        기   06:42     06:50       0:08   차
548 43조(서정하) 3 아르폰스            승   07:10     07:26       0:16   차
549 43조(서정하)10 킬라타스            승   06:14     06:24       0:10   차
550 48조(이준철) 9 거문                기   07:27     07:39       0:12   차
551 48조(이준철) 6 너를응원해          기   06:58     07:12       0:14   차
552 48조(이준철)15 디에코              조   06:56     07:09       0:13   차
553 48조(이준철)16 메이블레이드        승   07:27     07:39       0:12   차
554 48조(이준철) 3 엄청난걸            기   06:24     06:37       0:13   차
555 48조(이준철)28 연희일출            승   06:20     06:28       0:08   차
556 48조(이준철)12 참좋은친구          기   06:24     06:37       0:13   차
557 48조(이준철) 8 흥행질주            기   07:16     07:28       0:12   차
558 49조(지용철)29 그레이트아이        기   06:29     06:41       0:12   차
559 49조(지용철)36 대변화              기   07:45     07:56       0:11   차
560 49조(지용철)22 러닝킹              기   06:42     06:53       0:11   차
561 49조(지용철) 7 럭키스마일          기   08:12     08:29       0:17   차
562 49조(지용철) 6 마패봉              기   06:16     06:27       0:11   차
563 49조(지용철)39 빅비트              기   08:12     08:28       0:16   차
564 49조(지용철)40 원앤온리            기   06:37     06:50       0:13   차
565 49조(지용철) 5 청산가세            기   06:10     06:23       0:13   차
566 49조(지용철)28 태양타고            기   07:48     08:00       0:12   차
567 50조(박재우)18 다시두손            승   07:41     07:53       0:12   차
568 50조(박재우) 4 더페이버릿          기   07:41     07:46       0:05   차
569 50조(박재우)14 동작                승   06:16     06:29       0:13   차
570 50조(박재우)34 두손드라이브        승   06:52     07:05       0:13   차
571 50조(박재우)17 럭키명호            승   06:17     06:31       0:14   차
572 50조(박재우)12 럭키법전            승   06:17     06:31       0:14   차
573 50조(박재우) 2 럭키재산            승   07:26     07:38       0:12   차
574 50조(박재우)33 멋진금성            승   06:16     06:30       0:14   차
575 50조(박재우) 9 문학포리스트        승   06:52     07:05       0:13   차
576 50조(박재우) 1 신부                승   07:16     07:36       0:20   차
577 50조(박재우)20 영광의미소          기   06:43     07:04       0:21   특
578 50조(박재우)40 용호지마            승   06:57     07:16       0:19   차
579 50조(박재우)24 이스트포인트        승   07:15     07:26       0:11   차
580 50조(박재우)30 클린업해피          승   06:57     07:18       0:21   차
581 50조(박재우)21 티즈플랜            승   07:49     08:06       0:17   특
582 50조(박재우)26 파인팜              승   08:09     08:25       0:16   차
583 51조(최용건)36 경부대검            승   08:39     08:55       0:16   차
584 51조(최용건)29 골든펄              보   07:51     08:16       0:25   차
585 51조(최용건)28 그레이트선더        승   06:40     06:59       0:19   차
586 51조(최용건)15 나올에이스          승   07:24     07:46       0:22   차
587 51조(최용건)37 디바인퓨처즈        승   07:53     08:12       0:19   차
588 51조(최용건)32 명진스톰            승   08:43     08:54       0:11   차
589 51조(최용건)20 송암레이서          보   06:53     07:17       0:24   차
590 51조(최용건)33 스마트하이          조   07:19     07:46       0:27   차
591 51조(최용건)10 스마티트렘          승   06:47     07:01       0:14   차
592 51조(최용건) 7 실버스타            기   06:44     06:57       0:13   차
593 51조(최용건)35 써니블레이드        승   06:44     06:57       0:13   차
594 51조(최용건)30 아쿠아펀치          조   06:44     06:58       0:14   특
595 51조(최용건) 2 올드블레이드        승   08:14     08:24       0:10   차
596 51조(최용건)16 인빅터스            승   06:16     06:29       0:13   차
597 51조(최용건) 8 캠프세이버          승   07:53     08:13       0:20   차
598 51조(최용건)26 플래티넘유로        승   07:34     07:52       0:18   차
599 51조(최용건)38 해피뉴마            승   08:39     08:51       0:12   차
600 52조(김동균)34 그랜드파워          승   08:26     08:40       0:14   차
601 52조(김동균)16 글로리뷰            승   06:21     06:35       0:14   차
602 52조(김동균)33 다운더존            기   07:09     07:23       0:14   차
603 52조(김동균)10 드림포레            승   07:24     07:48       0:24   차
604 52조(김동균) 2 럭키월드            기   06:55     07:08       0:13   차
605 52조(김동균)17 루나실버            기   07:35     07:48       0:13   차
606 52조(김동균) 6 엠제이스톰          승   08:23     08:32       0:09   차
607 52조(김동균) 1 엠제이파워          승   06:23     06:34       0:11   특
608 52조(김동균)40 엠제이포인트        승   07:09     07:23       0:14   차
609 52조(김동균)37 영광의캡틴          보   08:31     08:45       0:14   차
610 52조(김동균)12 천지여걸            기   06:55     07:08       0:13   차
611 52조(김동균)13 카빙크로스          승   08:38     08:55       0:17   차
612 52조(김동균)15 트로트퀸            승   07:09     07:23       0:14   차
613 52조(김동균) 9 허밍버드            승   07:49     08:03       0:14   차
614 52조(김동균)24 흑전사              승   06:10     06:20       0:10   특
615 53조(김동철)19 금석돌파            승   08:03     08:19       0:16   차
616 53조(김동철)22 대박스타            승   07:34     07:48       0:14   차
617 53조(김동철)38 럭키어필            승   07:09     07:26       0:17   차
618 53조(김동철) 8 미르스톰            승   07:06     07:17       0:11   차
619 53조(김동철) 9 미스스피드          승   06:37     06:52       0:15   차
620 53조(김동철) 7 브라운              승   07:22     07:37       0:15   차
621 53조(김동철)28 스마트핑크          승   07:59     08:10       0:11   차
622 53조(김동철)11 에코존              승   07:22     07:37       0:15   차
623 53조(김동철)12 최강돌진            승   06:34     06:43       0:09   차
624 54조(박천서)21 골든스피드          기   06:17     06:28       0:11   차
625 54조(박천서)38 기타리스트          승   07:37     07:54       0:17   차
626 54조(박천서)40 댄스머신            기   07:16     07:28       0:12   차
627 54조(박천서) 6 르루아블랑          기   06:46     06:58       0:12   차
628 54조(박천서)22 베스트천상          보   06:17     06:33       0:16   차
629 54조(박천서)36 브이퀸              승   09:03     09:12       0:09   차
630 54조(박천서)16 블루참              승   08:43     09:03       0:20   차
631 54조(박천서)29 선봉골드            기   06:41     06:50       0:09   차
632 54조(박천서)10 아미고라로          보   06:55     07:10       0:15   차
633 54조(박천서)25 은성마루            승   07:37     07:52       0:15   차
634 54조(박천서)11 토루크막토          승   08:18     08:31       0:13   차
635 54조(박천서)12 프리마니케          보   08:48     09:03       0:15   차
636 54조(박천서) 7 히트하트            승   09:18     09:28       0:10   차
━━━━━━━━━━━━━━━━━━━━━━━━━━━━━━━━━━━━━━━
                                                      출력일자 : 2021.10.10

