

제목 : 21.08.19(목) 조교현황

  ※기승자범례(조:조교사, 보:조교보, 기:기수, 후:기수후보생, 승:조교승인)
  ※비고(금:금주출전예정마, 차:차주출전예정마, 특:특대상경주출전예정마)
  ※금주, 차주 또는 특별 대상경주 출전예상마는 출전신청 결과 및
  조교사의 의사에 따라 변동될 수 있는 미확정된 자료이오니 참고하시기 바랍니다.
━━━━━━━━━━━━━━━━━━━━━━━━━━━━━━━━━━━━━━━
  순 소속조 - 조번 마명              기승자 입장시각  퇴장시각  조교시간 비고
━━━━━━━━━━━━━━━━━━━━━━━━━━━━━━━━━━━━━━━
  1  1조(백광열)25 닥터스카이          승   08:06     08:25       0:19   차
  2  1조(백광열)31 닥터시크            기   06:00     06:16       0:16   차
  3  1조(백광열) 5 닥터자이언츠        승   08:18     08:38       0:20   차
  4  1조(백광열)34 닥터카이로          승   06:36     06:55       0:19   차
  5  1조(백광열)17 닥터캔디            승   08:48     09:07       0:19   차
  6  1조(백광열)26 닥터파라오          기   06:36     06:56       0:20   차
  7  1조(백광열) 6 닥터파피아누        승   08:48     09:07       0:19   차
  8  1조(백광열)39 닥터패션            기   06:42     06:53       0:11   금
  9  1조(백광열)12 두무산              기   07:01     07:16       0:15   차
 10  1조(백광열)44 메니글로리          승   07:06     07:18       0:12   차
 11  1조(백광열)43 벌마의스타          기   07:06     07:20       0:14   차
 12  1조(백광열)33 아델로사리오        기   07:31     07:51       0:20   차
 13  1조(백광열)16 아델퓨펄            승   07:16     07:34       0:18   차
 14  1조(백광열)20 영원자메이카        기   06:36     06:50       0:14   금
 15  1조(백광열) 7 영원파워            기   06:23     06:35       0:12   금
 16  1조(백광열)18 영천솔레미오        기   07:06     07:20       0:14   차
 17  1조(백광열)40 영천질주            승   06:00     06:24       0:24   금
 18  1조(백광열)41 와일드아델          기   06:00     06:09       0:09   금
 19  1조(백광열)21 위너스타            승   06:33     06:54       0:21   차
 20  1조(백광열) 9 킹그레이스          기   07:01     07:16       0:15   차
 21  1조(백광열)29 히든챔프            승   07:43     08:05       0:22   차
 22  2조(강형곤)38 그린치타            승   06:27     06:40       0:13   차
 23  2조(강형곤) 1 동방대로            기   08:00     08:16       0:16   차
 24  2조(강형곤) 8 드라이브타운        승   06:54     07:06       0:12   차
 25  2조(강형곤) 9 록초이스            승   08:17     08:34       0:17   차
 26  2조(강형곤)21 메니캐시            승   07:18     07:29       0:11   차
 27  2조(강형곤)23 모어댄스카이        기   06:27     06:40       0:13   차
 28  2조(강형곤)25 벨로스              승   06:54     07:06       0:12   차
 29  2조(강형곤) 6 불의혼              승   07:18     07:29       0:11   차
 30  2조(강형곤)35 블루오크            기   06:00     06:14       0:14   금
 31  2조(강형곤)12 비케이가이아        승   06:30     06:43       0:13   차
 32  2조(강형곤)24 비케이갬블          기   06:00     06:10       0:10   차
 33  2조(강형곤) 3 비케이룩스          기   08:33     08:43       0:10   금
 34  2조(강형곤)22 비케이맥스          승   07:16     07:26       0:10   차
 35  2조(강형곤)34 비케이하나          기   08:08     08:24       0:16   금
 36  2조(강형곤) 7 비케이하운드        승   07:40     08:06       0:26   차
 37  2조(강형곤)15 비케이허니          기   06:27     06:42       0:15   금
 38  2조(강형곤)14 스타레이크          기   07:57     08:29       0:32   금
 39  2조(강형곤)40 스타오름            승   08:17     08:35       0:18   차
 40  2조(강형곤)27 쌕쌕이              승   07:40     08:06       0:26   차
 41  2조(강형곤) 5 우승멜로디          승   06:00     06:16       0:16   차
 42  2조(강형곤)17 인디초이스          기   07:42     07:50       0:08   차
 43  2조(강형곤)18 천년미소            승   06:00     06:20       0:20   차
 44  2조(강형곤)19 최강번쩍            기   07:03     07:14       0:11   차
 45  2조(강형곤)33 캄스트롱            승   06:31     06:43       0:12   차
 46  2조(강형곤)29 투투코인            승   06:00     06:19       0:19   차
 47  2조(강형곤)41 팀스카이            기   07:28     07:36       0:08   금
 48  2조(강형곤)16 파이널파티          기   08:25     08:33       0:08   금
 49  2조(강형곤) 4 행복시대            승   07:39     07:57       0:18   차
 50  2조(강형곤)20 히든찰리            기   06:46     06:56       0:10   차
 51  2조(강형곤)43 히어로맨            기   06:54     07:06       0:12   차
 52  2조(강형곤)11 히트더로드          기   08:53     09:10       0:17   금
 53  4조(임금만)10 굿탱크              기   06:27     06:38       0:11   금
 54  4조(임금만)14 디러블리퀸          기   06:00     06:14       0:14   금
 55  4조(임금만)12 래피드게임          기   06:48     06:57       0:09   금
 56  4조(임금만)21 레이디러브          보   07:44     07:59       0:15   차
 57  4조(임금만) 6 마이스타            보   06:26     06:38       0:12   차
 58  4조(임금만)24 모노폴리            기   08:25     08:38       0:13   금
 59  4조(임금만) 4 바람의약속          기   06:48     06:59       0:11   금
 60  4조(임금만)34 보드블레이드        보   06:00     06:09       0:09   차
 61  4조(임금만)17 슬림퀸              승   07:44     07:59       0:15   차
 62  4조(임금만) 9 시티블레이드        승   07:08     07:22       0:14   차
 63  4조(임금만)22 영광의러너          승   06:58     07:08       0:10   금
 64  4조(임금만)11 영광의매직          보   06:58     07:08       0:10   차
 65  4조(임금만) 7 영광의포스          승   08:20     08:38       0:18   차
 66  4조(임금만)20 윈스팅              승   06:34     06:47       0:13   차
 67  4조(임금만)33 장산도끼            승   06:00     06:17       0:17   금
 68  4조(임금만)23 장산프라이드        승   06:33     06:47       0:14   금
 69  4조(임금만)18 챔프고              승   07:12     07:24       0:12   차
 70  4조(임금만)39 체인지백            기   08:18     08:27       0:09   차
 71  4조(임금만)30 톱럭키              승   06:00     06:15       0:15   차
 72  4조(임금만) 5 톱에이스            승   06:00     06:13       0:13   금
 73  4조(임금만) 3 판타스틱리더        승   06:36     06:50       0:14   차
 74  4조(임금만)35 해운대바다          승   06:32     06:47       0:15   차
 75  4조(임금만)28 해운대블루          기   07:07     07:15       0:08   금
 76  4조(임금만) 8 허니라이언          승   07:05     07:14       0:09   차
 77  5조(유병복) 9 골드캔디            기   07:09     07:22       0:13   차
 78  5조(유병복)21 골드티켓            기   06:00     06:18       0:18   차
 79  5조(유병복) 4 낙원대로            기   06:46     06:56       0:10   차
 80  5조(유병복)17 낭만전사            기   07:47     07:58       0:11   차
 81  5조(유병복) 2 달기                승   06:37     06:52       0:15   차
 82  5조(유병복)19 뜨거운만남          기   06:24     06:43       0:19   차
 83  5조(유병복)24 매직파트너          기   08:30     08:38       0:08   차
 84  5조(유병복)31 무지개빛            기   07:03     07:14       0:11   금
 85  5조(유병복)29 불패영광            기   06:46     06:57       0:11   차
 86  5조(유병복)11 사키사키            승   08:20     08:37       0:17   차
 87  5조(유병복) 7 스파이스인디        승   06:16     06:30       0:14   차
 88  5조(유병복)13 신진강호            기   07:28     07:41       0:13   금
 89  5조(유병복)27 영봉산              승   07:54     08:08       0:14   금
 90  5조(유병복)22 오케이선더          기   08:08     08:24       0:16   차
 91  5조(유병복) 5 이글스타            승   06:00     06:09       0:09   금
 92  5조(유병복)30 인디언챔프          승   07:00     07:20       0:20   차
 93  5조(유병복) 3 치프오피서          기   07:28     07:44       0:16   금
 94  5조(유병복) 6 해브어굿타임        승   07:30     07:44       0:14   차
 95  6조(구영준)13 남도퀸              기   07:07     07:24       0:17   차
 96  6조(구영준)10 남양승리            보   07:21     07:40       0:19   차
 97  6조(구영준)14 다시영광            기   08:02     08:19       0:17   차
 98  6조(구영준)21 대호누리            승   06:38     07:02       0:24   차
 99  6조(구영준)33 드림댄서            기   06:46     07:00       0:14   차
100  6조(구영준)16 마인드존            승   08:02     08:18       0:16   차
101  6조(구영준) 2 무패찰리            조   07:22     07:41       0:19   금
102  6조(구영준)30 스마트프린스        승   06:22     06:36       0:14   차
103  6조(구영준)25 영광의스피드        승   08:01     08:19       0:18   차
104  6조(구영준)23 오백장군            승   06:51     07:00       0:09   금
105  6조(구영준)24 우승헌터            기   07:11     07:27       0:16   차
106  6조(구영준)29 전설의불꽃          승   07:25     07:41       0:16   차
107  6조(구영준)31 천하넘버원          기   07:26     07:38       0:12   금
108  6조(구영준)17 최강라이거          기   06:33     06:48       0:15   차
109  6조(구영준)27 최강포스            승   08:02     08:19       0:17   차
110  6조(구영준)32 킹돔보              보   08:01     08:21       0:20   차
111  6조(구영준)11 풀머니              보   06:38     07:00       0:22   차
112  6조(구영준) 5 해피요정            기   07:22     07:40       0:18   금
113  7조(김병학)19 골드프린세스        승   06:49     07:06       0:17   차
114  7조(김병학) 9 두바이특급          승   06:56     07:16       0:20   차
115  7조(김병학)27 레인킬러            승   07:50     08:16       0:26   차
116  7조(김병학)33 리버스스윕          승   08:31     08:46       0:15   차
117  7조(김병학)21 맨오브더이어        승   06:44     07:10       0:26   차
118  7조(김병학) 1 머니케이스          승   06:01     06:27       0:26   차
119  7조(김병학) 3 미라클선            기   08:01     08:10       0:09   금
120  7조(김병학) 8 버닝건              기   08:13     08:19       0:06   금
121  7조(김병학)23 세이브어스          기   07:38     07:48       0:10   금
122  7조(김병학)31 슈퍼빅토리          승   07:54     08:19       0:25   차
123  7조(김병학)13 스테디골드          승   06:48     07:09       0:21   차
124  7조(김병학)16 아이언걸            승   06:01     06:21       0:20   금
125  7조(김병학)14 엔들리스러닝        승   06:01     06:27       0:26   차
126  7조(김병학)11 오션피닉스          승   07:54     08:14       0:20   차
127  7조(김병학)12 올에이플러스        승   06:44     07:10       0:26   차
128  7조(김병학) 2 최강마린            승   06:01     06:28       0:27   차
129  7조(김병학)28 캐러비언데이        기   07:54     08:05       0:11   금
130  7조(김병학) 4 킹스랜딩            기   06:24     06:35       0:11   금
131  7조(김병학) 7 호크킹              승   06:04     06:18       0:14   차
132  8조(토마스)30 경주의두레박        승   06:53     07:05       0:12   금
133  8조(토마스) 9 그레이트록          기   06:00     06:10       0:10   차
134  8조(토마스)23 그레이트원          승   07:23     07:36       0:13   차
135  8조(토마스)35 꽃과구름            보   06:54     07:06       0:12   차
136  8조(토마스)26 꽃무리              보   06:01     06:09       0:08   금
137  8조(토마스)20 대암장군            기   06:00     06:10       0:10   차
138  8조(토마스)15 라인브레이커        승   08:13     08:20       0:07   차
139  8조(토마스) 3 로키스카이          보   07:51     07:59       0:08   차
140  8조(토마스)31 마크에이스          승   06:00     06:12       0:12   금
141  8조(토마스) 6 무적불패            승   07:53     08:00       0:07   차
142  8조(토마스)17 무적영웅            승   06:27     06:38       0:11   차
143  8조(토마스)39 비제이미스          승   06:00     06:10       0:10   차
144  8조(토마스)14 서부퀸              기   06:00     06:10       0:10   차
145  8조(토마스)24 소닉킹이지          승   08:13     08:20       0:07   차
146  8조(토마스)45 스텔루나            기   06:55     07:07       0:12   차
147  8조(토마스)33 알파킹이지          보   07:23     07:30       0:07   차
148  8조(토마스)37 에이스잭팟          승   06:00     06:12       0:12   금
149  8조(토마스)29 여왕의미소          승   06:54     07:06       0:12   금
150  8조(토마스)19 영광의파이트        보   06:28     06:42       0:14   차
151  8조(토마스) 4 오섬킹이지          승   06:29     06:41       0:12   차
152  8조(토마스)41 으뜸이              승   07:23     07:36       0:13   차
153  8조(토마스)28 천마대로            보   06:27     06:37       0:10   차
154  8조(토마스)22 천마파워            승   06:54     07:06       0:12   차
155  8조(토마스)12 퀸즈대로            승   07:53     08:03       0:10   차
156  8조(토마스)34 태풍이              승   06:53     07:04       0:11   차
157  8조(토마스)25 파워트레인          승   06:00     06:07       0:07   금
158  8조(토마스)36 판타스틱매직        승   06:28     06:38       0:10   차
159  8조(토마스)32 판타스틱여걸        기   06:28     06:37       0:09   차
160  8조(토마스)38 플레이더인디        승   07:24     07:43       0:19   차
161  8조(토마스) 5 해가뜨고            승   07:23     07:36       0:13   차
162  8조(토마스)11 허니스타            승   07:53     08:05       0:12   차
163  9조(양귀선) 9 그레이트보스        보   06:00     06:16       0:16   차
164  9조(양귀선)25 금빛행진            승   06:26     06:37       0:11   차
165  9조(양귀선)29 뉴크라운            보   06:25     06:39       0:14   차
166  9조(양귀선)12 담양제왕            기   06:17     06:31       0:14   차
167  9조(양귀선)41 대지스페셜          승   07:43     07:54       0:11   차
168  9조(양귀선)15 더퍼스트팩터        기   06:45     06:58       0:13   차
169  9조(양귀선)26 독보                승   07:19     07:30       0:11   차
170  9조(양귀선)20 랩베르사            승   06:00     06:21       0:21   차
171  9조(양귀선)16 메니어게인          승   07:47     08:00       0:13   차
172  9조(양귀선) 2 바벨라일락          승   06:26     06:42       0:16   차
173  9조(양귀선)36 바벨히트            승   07:07     07:20       0:13   금
174  9조(양귀선)17 서귀히어로          기   06:01     06:12       0:11   차
175  9조(양귀선)33 선더킹              승   06:52     07:14       0:22   차
176  9조(양귀선) 6 성산파워            승   07:35     07:44       0:09   차
177  9조(양귀선) 4 센세이션파티        승   06:57     07:12       0:15   차
178  9조(양귀선)31 아임유어패션        보   06:52     07:12       0:20   차
179  9조(양귀선) 7 에지                승   08:25     08:39       0:14   차
180  9조(양귀선)11 운봉산              승   06:04     06:30       0:26   차
181  9조(양귀선)40 원더풀킹            기   06:58     07:10       0:12   금
182  9조(양귀선)42 존워리어            보   07:34     07:51       0:17   차
183  9조(양귀선)22 파워울프            기   06:19     06:29       0:10   금
184  9조(양귀선)10 파이트드림          승   06:36     06:53       0:17   차
185  9조(양귀선)14 하늘강자            승   07:26     07:38       0:12   차
186  9조(양귀선)35 하늘전사            승   06:01     06:19       0:18   차
187  9조(양귀선) 1 핼러윈파티          승   06:27     06:48       0:21   차
188 10조(구민성) 8 골드디바            보   06:50     07:09       0:19   차
189 10조(구민성)13 그레이트캡틴        승   06:15     06:33       0:18   차
190 10조(구민성)14 로켓고              승   06:50     07:03       0:13   차
191 10조(구민성)21 록페가수스          보   07:35     07:44       0:09   차
192 10조(구민성)20 룰루                조   07:23     07:33       0:10   차
193 10조(구민성)24 애니라인            기   06:47     07:02       0:15   금
194 10조(구민성) 1 월드금메달          보   06:15     06:33       0:18   차
195 10조(구민성)15 캡틴양키            조   06:15     06:33       0:18   차
196 10조(구민성) 3 파티인디            조   06:43     07:05       0:22   차
197 10조(구민성)23 하늘미소            보   07:20     07:26       0:06   차
198 10조(구민성)10 함안서북산          기   07:09     07:21       0:12   금
199 12조(조용배)25 가오                승   06:05     06:18       0:13   차
200 12조(조용배) 8 디바인퀸            조   07:21     07:40       0:19   차
201 12조(조용배)27 로열캐슬            승   07:29     07:43       0:14   차
202 12조(조용배)16 마하메루            기   08:24     08:37       0:13   차
203 12조(조용배)24 만리스타            승   07:28     07:49       0:21   차
204 12조(조용배)19 배다리지존          승   06:05     06:25       0:20   차
205 12조(조용배)23 스마트매직          조   08:50     09:11       0:21   차
206 12조(조용배)21 스마트모드          조   06:55     07:10       0:15   차
207 12조(조용배)22 스마트클래스        승   08:50     09:10       0:20   차
208 12조(조용배)20 스타티세            승   06:48     07:07       0:19   차
209 12조(조용배)10 엔젤윈드            기   08:42     08:51       0:09   금
210 12조(조용배) 5 온누리강자          승   06:24     06:42       0:18   차
211 12조(조용배) 6 월드천사            조   07:49     08:07       0:18   차
212 12조(조용배)15 윈드하이            승   07:47     08:04       0:17   차
213 12조(조용배)13 천마하서            승   06:33     06:46       0:13   차
214 12조(조용배) 4 청마황후            기   07:24     07:35       0:11   금
215 12조(조용배) 7 쾌한황금            기   06:24     06:33       0:09   금
216 12조(조용배) 3 탐라황후            승   06:04     06:25       0:21   금
217 12조(조용배)11 퍼스트윈드          기   08:07     08:19       0:12   금
218 12조(조용배) 9 한라황후            승   07:07     07:29       0:22   차
219 12조(조용배) 2 함안자양산          승   08:21     08:40       0:19   차
220 12조(조용배)18 해피피버            승   07:55     08:22       0:27   차
221 14조(윤영훈)25 골드오브하트        기   07:11     07:28       0:17   금
222 14조(윤영훈)17 동방캡틴            승   06:04     06:21       0:17   차
223 14조(윤영훈) 3 베라데이            기   07:49     08:04       0:15   차
224 14조(윤영훈)24 승리의불길          기   07:52     08:04       0:12   금
225 14조(윤영훈) 6 애플파이            승   08:06     08:28       0:22   차
226 14조(윤영훈) 7 에이스데이          기   07:59     08:21       0:22   금
227 14조(윤영훈)11 진마크              기   08:27     08:45       0:18   차
228 14조(윤영훈)19 칼마크              기   08:37     08:47       0:10   차
229 14조(윤영훈) 2 케이비런웨이        승   07:10     07:40       0:30   차
230 14조(윤영훈)22 케이비보스          기   06:35     07:00       0:25   차
231 14조(윤영훈)21 패션블레이드        기   07:39     08:04       0:25   차
232 14조(윤영훈)23 해피게이트          승   06:36     06:55       0:19   차
233 15조(안우성)18 갤런트워리어        기   06:50     07:00       0:10   차
234 15조(안우성)21 골든카이저          승   06:51     07:05       0:14   차
235 15조(안우성)27 구름속산책          승   07:30     07:40       0:10   차
236 15조(안우성)19 굿캐스팅            승   06:24     06:38       0:14   차
237 15조(안우성)43 그래핀킹            승   08:24     08:39       0:15   차
238 15조(안우성)44 맨오브더월드        기   08:00     08:10       0:10   차
239 15조(안우성) 7 맨오브더필드        승   06:01     06:17       0:16   차
240 15조(안우성)15 무한열정            승   08:01     08:15       0:14   차
241 15조(안우성)23 밀리언메이커        기   06:27     06:38       0:11   차
242 15조(안우성)40 블루엠버            승   07:10     07:21       0:11   차
243 15조(안우성)24 샤이닝힐            기   08:45     08:55       0:10   금
244 15조(안우성)34 스카이윈            승   07:20     07:35       0:15   차
245 15조(안우성)26 스카이제주향        승   07:14     07:26       0:12   차
246 15조(안우성)38 스피드마스트        기   07:08     07:18       0:10   차
247 15조(안우성)30 아람나래            기   06:00     06:14       0:14   금
248 15조(안우성)29 언브레이크          승   08:00     08:14       0:14   차
249 15조(안우성)22 얼라이브스타        승   08:32     08:46       0:14   차
250 15조(안우성)14 얼라이브퀸          승   06:01     06:16       0:15   차
251 15조(안우성) 2 예스파워            기   06:27     06:38       0:11   차
252 15조(안우성) 1 예스퍼펙트          승   06:00     06:10       0:10   금
253 15조(안우성)11 원더풀페이거        승   06:00     06:13       0:13   차
254 15조(안우성)25 장산도쿄            승   08:56     09:13       0:17   차
255 15조(안우성) 9 저스트윈            승   07:57     08:08       0:11   차
256 15조(안우성) 6 주말보배            승   07:35     07:45       0:10   차
257 15조(안우성) 4 크라운킹스타        기   07:08     07:18       0:10   차
258 15조(안우성)12 킹브라더            승   06:53     07:05       0:12   차
259 15조(안우성) 8 탱이바이트          승   06:31     06:50       0:19   차
260 15조(안우성)17 트라이엄프킹        승   06:24     06:38       0:14   차
261 15조(안우성)36 특급캠프            기   06:00     06:10       0:10   차
262 15조(안우성)45 티즈하티드          승   07:56     08:08       0:12   차
263 15조(안우성)10 폭풍언덕            승   06:46     06:56       0:10   금
264 15조(안우성)39 폭풍질주            승   07:10     07:21       0:11   차
265 15조(안우성)33 플라잉더챔프        승   08:24     08:39       0:15   차
266 15조(안우성)37 필그림              승   06:27     06:40       0:13   금
267 16조(김재섭) 8 갑오데이            승   07:48     08:15       0:27   차
268 16조(김재섭) 9 그레이트청호        승   08:25     08:50       0:25   차
269 16조(김재섭) 7 다이아몬드마린      승   07:14     07:32       0:18   금
270 16조(김재섭)13 도미네이션          기   07:56     08:15       0:19   차
271 16조(김재섭)17 동반의시작          승   08:55     09:14       0:19   금
272 16조(김재섭)31 백두여상            승   06:47     07:01       0:14   차
273 16조(김재섭)18 빙고맨              승   08:25     08:50       0:25   차
274 16조(김재섭)34 새만금의비전        승   07:14     07:33       0:19   차
275 16조(김재섭)35 새물결의파도        승   06:37     06:58       0:21   차
276 16조(김재섭)36 성산히어로          기   07:45     07:54       0:09   금
277 16조(김재섭) 1 솔인빅투스          기   07:37     07:48       0:11   금
278 16조(김재섭) 3 스나이더            기   06:03     06:20       0:17   금
279 16조(김재섭)15 스피드선샤인        기   07:29     07:37       0:08   금
280 16조(김재섭)20 스피드퓨리          기   07:00     07:19       0:19   차
281 16조(김재섭)25 영보스              승   06:47     07:01       0:14   차
282 16조(김재섭)30 오렌지스타          승   08:25     08:50       0:25   차
283 16조(김재섭)11 울트라피닉스        승   06:09     06:28       0:19   차
284 16조(김재섭)23 캐치더선            승   06:03     06:24       0:21   차
285 16조(김재섭)27 클러치히터          승   06:08     06:18       0:10   차
286 16조(김재섭) 5 탄젠트              승   06:37     06:58       0:21   차
287 16조(김재섭)32 프리덤나이트        기   07:45     07:54       0:09   금
288 16조(김재섭)21 하디찰리            기   08:47     09:00       0:13   금
289 16조(김재섭)12 함안성산            기   06:59     07:12       0:13   금
290 17조(장세한)29 광대승천            보   07:13     07:29       0:16   차
291 17조(장세한)24 그레이트고          보   06:26     06:37       0:11   금
292 17조(장세한)20 뉴프레시            보   07:50     08:11       0:21   차
293 17조(장세한) 8 댄싱드래건          승   06:43     06:55       0:12   차
294 17조(장세한)17 런앤드건            기   08:03     08:15       0:12   금
295 17조(장세한) 1 바벨드리머          기   07:29     07:40       0:11   금
296 17조(장세한) 2 사전통보            승   07:51     08:10       0:19   차
297 17조(장세한)21 스마트비진          기   06:12     06:28       0:16   차
298 17조(장세한)12 와칸다              기   07:20     07:38       0:18   차
299 17조(장세한)16 으뜸칼              기   08:03     08:14       0:11   금
300 17조(장세한)13 킹엔젤              기   06:48     06:59       0:11   차
301 18조(이정표)20 노던라이츠          승   06:00     06:16       0:16   차
302 18조(이정표)18 다르마              승   06:47     07:02       0:15   차
303 18조(이정표)17 대왕봉              보   06:35     06:49       0:14   금
304 18조(이정표) 9 사이먼탑건          승   06:24     06:38       0:14   차
305 18조(이정표)26 에이원스            기   06:26     06:45       0:19   금
306 18조(이정표)14 연승글로리          기   06:33     06:53       0:20   차
307 18조(이정표) 6 오메가걸            보   06:00     06:12       0:12   금
308 18조(이정표) 4 타이탄케이          승   07:39     08:16       0:37   차
309 18조(이정표)11 투데이스타          승   07:11     07:27       0:16   차
310 19조(김영관)32 골드파운틴          기   07:58     08:17       0:19   금
311 19조(김영관)26 금아사이킥          승   06:36     06:52       0:16   차
312 19조(김영관)20 금아스토밍          기   07:20     07:29       0:09   금
313 19조(김영관)39 금아제피로스        승   07:51     08:21       0:30   차
314 19조(김영관)24 나이스매직          승   07:51     08:18       0:27   차
315 19조(김영관) 7 나이스월드          기   07:17     07:28       0:11   금
316 19조(김영관) 4 로사                기   06:53     07:04       0:11   차
317 19조(김영관)44 무등산              승   08:40     09:01       0:21   차
318 19조(김영관) 9 백문백답            승   07:26     07:40       0:14   차
319 19조(김영관)21 부카티니            기   07:37     07:47       0:10   금
320 19조(김영관)22 샤카                승   06:57     07:15       0:18   차
321 19조(김영관)16 손아도르            승   08:01     08:15       0:14   차
322 19조(김영관)12 수소엔진            승   07:31     07:50       0:19   차
323 19조(김영관)35 스톰투윈            승   06:06     06:17       0:11   차
324 19조(김영관)36 스피드매치          기   06:08     06:21       0:13   차
325 19조(김영관)17 에이커스드림        승   06:08     06:24       0:16   차
326 19조(김영관)43 에코굿              기   06:42     06:53       0:11   금
327 19조(김영관)28 원더풀레이즈        승   09:12     09:20       0:08   차
328 19조(김영관)34 원더풀파일          승   09:12     09:28       0:16   차
329 19조(김영관)13 월드그린            승   09:30     09:43       0:13   차
330 19조(김영관)45 월드시카고          기   06:30     06:39       0:09   차
331 19조(김영관) 3 월드체인지          승   07:03     07:18       0:15   차
332 19조(김영관)15 크레이지콘티        승   06:43     07:01       0:18   차
333 19조(김영관)42 킹골리앗            기   07:51     08:07       0:16   금
334 19조(김영관)33 터치스타맨          승   06:06     06:24       0:18   차
335 19조(김영관) 1 톱데이              기   07:21     07:34       0:13   차
336 19조(김영관)18 톱스카이            기   07:02     07:12       0:10   금
337 19조(김영관)23 포켓파워            승   08:41     09:00       0:19   차
338 19조(김영관)14 함안여항산          승   06:27     06:46       0:19   차
339 19조(김영관)29 함양은산삼          기   07:51     08:22       0:31   차
340 20조(최기홍)12 난산스타            승   06:31     06:45       0:14   차
341 20조(최기홍)13 난산파워            승   07:30     07:50       0:20   차
342 20조(최기홍)18 뉴엔젤              승   06:31     06:51       0:20   차
343 20조(최기홍) 5 로즈스타            승   07:03     07:15       0:12   차
344 20조(최기홍)22 영성브라보          승   06:59     07:12       0:13   차
345 20조(최기홍)11 영성퀸              승   06:31     06:45       0:14   차
346 20조(최기홍) 9 와이즈보이          승   06:59     07:14       0:15   차
347 20조(최기홍)19 퀸브론스키          승   08:02     08:15       0:13   금
348 20조(최기홍)21 텍사스몬스터        승   07:29     07:50       0:21   차
349 21조(민장기)41 그레이캠프          기   06:32     06:50       0:18   차
350 21조(민장기)39 라즈푸타나          승   06:41     07:02       0:21   차
351 21조(민장기)20 매버릭              승   06:04     06:19       0:15   차
352 21조(민장기)43 메니피송            승   06:41     07:02       0:21   차
353 21조(민장기) 4 바람공주            기   06:46     06:58       0:12   금
354 21조(민장기)10 베이비라인          승   07:21     07:41       0:20   차
355 21조(민장기) 6 비욘드              기   07:10     07:20       0:10   금
356 21조(민장기) 3 석세스동방          승   06:41     07:02       0:21   차
357 21조(민장기)14 석세스파티          기   07:52     08:10       0:18   금
358 21조(민장기)11 스타로드            승   07:24     07:43       0:19   차
359 21조(민장기)13 와일드블루          승   07:24     07:42       0:18   차
360 21조(민장기)27 운주싹쓸이          승   08:25     08:48       0:23   차
361 21조(민장기) 1 운주으뜸            승   06:04     06:23       0:19   차
362 21조(민장기)37 원더풀찬스          승   08:07     08:29       0:22   차
363 21조(민장기)23 원러시              기   06:58     07:16       0:18   차
364 21조(민장기)19 원모어캐치          승   08:18     08:29       0:11   차
365 21조(민장기)22 월드보이            기   07:25     07:41       0:16   차
366 21조(민장기) 5 월드톱              기   07:50     08:02       0:12   금
367 21조(민장기)38 일번지              승   08:06     08:29       0:23   차
368 21조(민장기)35 컬린타임            승   06:02     06:20       0:18   차
369 21조(민장기)29 탑스타              승   06:04     06:19       0:15   차
370 21조(민장기)16 테이크아델          기   08:25     08:45       0:20   차
371 21조(민장기)24 플랫베이브          승   06:40     06:58       0:18   차
372 21조(민장기)28 해브어굿데이        승   07:25     07:41       0:16   차
373 21조(민장기)17 해피여걸            기   07:30     07:48       0:18   차
374 22조(강은석)12 글로리킹            승   07:52     08:07       0:15   차
375 22조(강은석)14 뉴럭스              승   06:01     06:16       0:15   차
376 22조(강은석)13 달이뜨니            기   06:22     06:34       0:12   금
377 22조(강은석)22 더블랙퀸            승   06:51     07:14       0:23   차
378 22조(강은석) 4 동트자데이          기   06:02     06:13       0:11   차
379 22조(강은석) 3 디먼스파이          승   07:25     07:43       0:18   차
380 22조(강은석) 5 리얼버클버니        기   06:51     07:13       0:22   차
381 22조(강은석) 9 리턴오브섭서디      기   07:48     07:59       0:11   금
382 22조(강은석)32 맨오브더맨          승   09:06     09:24       0:18   차
383 22조(강은석)29 메인브리지          승   08:34     08:56       0:22   차
384 22조(강은석)45 명성매직            승   06:26     06:42       0:16   차
385 22조(강은석)28 무한대              승   07:52     08:22       0:30   차
386 22조(강은석)39 뷰티풀마린          승   08:02     08:21       0:19   차
387 22조(강은석)26 서귀플러스          승   09:06     09:18       0:12   차
388 22조(강은석)16 소머치고            승   07:23     07:35       0:12   차
389 22조(강은석)21 영광의타임          승   06:01     06:17       0:16   차
390 22조(강은석)15 운주세상            승   06:50     07:03       0:13   금
391 22조(강은석)34 운주히어로          승   08:34     08:56       0:22   차
392 22조(강은석)42 윈드하푼            승   06:50     07:09       0:19   차
393 22조(강은석)37 인피니티파워        승   09:06     09:18       0:12   금
394 22조(강은석)33 정수시대            승   09:28     09:41       0:13   차
395 22조(강은석) 6 천년의강            기   06:20     06:33       0:13   차
396 22조(강은석)27 천년의구름          승   09:28     09:41       0:13   차
397 22조(강은석)31 캐치더스카이        승   06:01     06:16       0:15   차
398 22조(강은석)25 콰트로맥스          기   06:31     06:43       0:12   금
399 22조(강은석)44 퀵가이              승   07:25     07:43       0:18   차
400 22조(강은석)24 퀸오브더퀸          승   06:26     06:42       0:16   차
401 22조(강은석)36 클린샷              승   09:06     09:18       0:12   금
402 22조(강은석) 1 킹새터데이          승   07:52     08:23       0:31   차
403 22조(강은석)23 퍼니라이프          기   07:25     07:43       0:18   차
404 24조(김길중) 1 가원의빛            기   06:28     06:41       0:13   차
405 24조(김길중)27 러닝에이스          승   07:14     07:28       0:14   차
406 24조(김길중)22 마하로드            기   07:27     07:38       0:11   금
407 24조(김길중)31 보람이              승   07:14     07:28       0:14   차
408 24조(김길중)14 솔릭                승   06:20     06:33       0:13   차
409 24조(김길중)30 원더풀버드          승   07:50     08:00       0:10   차
410 24조(김길중)16 원더풀큐티          승   06:58     07:10       0:12   차
411 24조(김길중)29 잣나무길            승   06:59     07:10       0:11   차
412 24조(김길중) 6 투투토리            승   06:28     06:41       0:13   차
413 24조(김길중)26 퓨처킹              승   06:13     06:25       0:12   차
414 24조(김길중) 7 히트러너            승   06:28     06:41       0:13   차
415 24조(김길중) 8 히트잭팟            승   07:27     07:39       0:12   차
416 26조(방동석)24 당대거함            승   06:45     06:58       0:13   차
417 26조(방동석)25 마이데스티니        승   08:41     08:52       0:11   금
418 26조(방동석) 5 마이퀸              승   06:21     06:33       0:12   차
419 26조(방동석)30 머니백              승   08:42     08:52       0:10   금
420 26조(방동석)31 바베어리언          기   07:40     07:53       0:13   금
421 26조(방동석)32 샤이드래건          승   08:12     08:22       0:10   차
422 26조(방동석)14 선더클라우드        승   08:04     08:14       0:10   차
423 26조(방동석)11 아모르파티          승   07:26     07:36       0:10   차
424 26조(방동석)22 에코러시            승   06:13     06:25       0:12   차
425 26조(방동석) 9 원더러너            승   06:13     06:25       0:12   차
426 26조(방동석) 8 원더풀데이즈        승   06:22     06:34       0:12   차
427 26조(방동석)12 원더풀오션          기   08:12     08:22       0:10   차
428 26조(방동석) 4 위너스타임          승   08:04     08:13       0:09   차
429 26조(방동석) 1 자이언트칼          승   06:45     06:56       0:11   차
430 26조(방동석) 6 짜잔                승   07:33     07:44       0:11   금
431 26조(방동석)15 퀸오브더월드        승   06:52     07:03       0:11   차
432 26조(방동석) 3 판타스틱맨          기   07:28     07:40       0:12   금
433 26조(방동석)21 해거름신화          기   08:12     08:21       0:09   차
434 26조(방동석)20 히트예감            승   08:37     08:48       0:11   차
435 27조(이상영)13 글리터              기   06:04     06:14       0:10   차
436 27조(이상영)16 금아굿포인트        승   09:50     10:00       0:10   금
437 27조(이상영) 2 금아님블            승   09:15     09:34       0:19   차
438 27조(이상영)17 금아미스틱          기   06:04     06:15       0:11   금
439 27조(이상영) 9 나이스데이          기   09:15     09:34       0:19   차
440 27조(이상영) 4 밀리언뱅크          기   08:43     08:58       0:15   차
441 27조(이상영) 5 실버레이디          승   06:43     06:59       0:16   차
442 27조(이상영)26 아름다운감동        기   07:52     08:11       0:19   차
443 27조(이상영)10 오션스톰            승   09:15     09:34       0:19   차
444 27조(이상영)27 원더풀시크릿        승   06:04     06:20       0:16   차
445 27조(이상영)24 윈드위너            승   07:48     08:09       0:21   차
446 27조(이상영)12 윈드파크            승   08:43     08:55       0:12   금
447 27조(이상영)23 파워터치            승   07:20     07:35       0:15   차
448 27조(이상영)25 퍼스트파크          승   07:48     08:09       0:21   차
449 27조(이상영)15 해피매직            기   06:04     06:15       0:11   금
450 28조(하무선) 9 앨버트윈            보   06:48     06:59       0:11   차
451 28조(하무선) 3 월드슬램            승   06:48     07:14       0:26   차
452 29조(문제복)14 글로벌톱            기   06:45     07:00       0:15   차
453 29조(문제복)10 드래건킹            승   07:31     07:56       0:25   차
454 29조(문제복)12 매직위스퍼          승   07:30     07:48       0:18   차
455 29조(문제복) 5 토함스타            보   07:51     08:16       0:25   차
456 29조(문제복) 2 트루킹              승   06:55     07:20       0:25   금
457 29조(문제복)17 펑키                승   08:09     08:24       0:15   금
458 29조(문제복) 1 한혈마              승   06:50     07:09       0:19   차
459 30조(울즐리)27 갤럭시오브          기   06:01     06:13       0:12   차
460 30조(울즐리) 3 골드럭              승   08:12     08:21       0:09   차
461 30조(울즐리)35 더세이버            승   06:33     06:46       0:13   차
462 30조(울즐리) 9 라이트스토리        기   08:48     09:17       0:29   차
463 30조(울즐리)34 르콩코드            승   07:35     07:51       0:16   차
464 30조(울즐리) 4 맨오브더스타        승   08:48     09:17       0:29   차
465 30조(울즐리)30 메이플클래식        기   06:56     07:08       0:12   차
466 30조(울즐리)25 미스터밸러          기   06:29     06:44       0:15   금
467 30조(울즐리)13 미스터어플릿        기   06:00     06:12       0:12   차
468 30조(울즐리)26 미스터인디          기   06:00     06:12       0:12   차
469 30조(울즐리)38 반지의기적          승   06:01     06:13       0:12   차
470 30조(울즐리) 7 반지의매직          기   06:01     06:13       0:12   차
471 30조(울즐리)37 반지의요정          기   06:28     06:41       0:13   차
472 30조(울즐리) 2 반지의전설          승   06:00     06:12       0:12   차
473 30조(울즐리)19 백풍                보   08:10     08:19       0:09   차
474 30조(울즐리)32 선셋멜로디          보   08:50     09:17       0:27   차
475 30조(울즐리) 1 스키터              승   08:11     08:21       0:10   차
476 30조(울즐리)43 시크릿레거시        보   06:34     06:45       0:11   차
477 30조(울즐리)10 아이윌비프리        승   08:48     09:17       0:29   차
478 30조(울즐리)23 에이스코리아        승   07:34     07:51       0:17   차
479 30조(울즐리)18 영광의파티          승   06:29     06:44       0:15   금
480 30조(울즐리)40 원더풀레이디        승   07:39     07:51       0:12   차
481 30조(울즐리)28 인세이셔블          승   07:03     07:16       0:13   차
482 30조(울즐리)21 전설의펀치          보   07:02     07:17       0:15   차
483 30조(울즐리)14 카피댓              승   07:03     07:16       0:13   차
484 30조(울즐리)24 캣니스              승   08:50     09:17       0:27   차
485 30조(울즐리)33 킹오브글로리        승   08:23     08:31       0:08   차
486 30조(울즐리)36 톱베스트            승   06:31     06:43       0:12   차
487 30조(울즐리) 8 패트리엇            승   07:03     07:16       0:13   차
488 30조(울즐리)17 평화축제            기   08:50     09:17       0:27   차
489 30조(울즐리)22 퓨어킹              보   07:35     07:51       0:16   차
490 30조(울즐리)20 프로칸설            승   08:06     08:15       0:09   차
491 30조(울즐리)12 프리깃버드          기   08:22     08:32       0:10   금
492 30조(울즐리)15 헌치                기   06:00     06:12       0:12   차
493 31조(라이스)41 검은쏜살            기   08:46     08:56       0:10   차
494 31조(라이스)40 그린스피드          승   06:34     06:49       0:15   차
495 31조(라이스)44 블루캡틴            승   08:29     08:43       0:14   차
496 31조(라이스)28 비제이송            승   06:01     06:09       0:08   금
497 31조(라이스) 4 승리토우트          기   06:01     06:13       0:12   차
498 31조(라이스)30 쏜살처럼            기   06:01     06:13       0:12   차
499 31조(라이스)33 알라스카캠프        승   07:22     07:29       0:07   차
500 31조(라이스)43 언브라이들퀸        승   07:22     07:28       0:06   차
501 31조(라이스)14 와일드인디          승   06:01     06:12       0:11   차
502 31조(라이스) 6 원더블레이드        승   07:52     08:02       0:10   차
503 31조(라이스)13 월드삭스            승   07:50     08:03       0:13   차
504 31조(라이스)12 장산바비            승   08:15     08:30       0:15   차
505 31조(라이스)39 장산블랙            승   07:43     07:51       0:08   차
506 31조(라이스) 7 정문드래곤          기   06:31     06:41       0:10   차
507 31조(라이스)45 제시의꿈            승   06:34     06:49       0:15   차
508 31조(라이스) 8 치프원              승   07:14     07:22       0:08   차
509 31조(라이스) 5 투혼의반석          승   06:01     06:11       0:10   금
510 31조(라이스)16 퍼스트스타          승   06:44     06:54       0:10   금
511 31조(라이스) 2 플래시참            승   08:30     08:42       0:12   차
512 31조(라이스)11 함안방어산          기   06:18     06:40       0:22   금
513 31조(라이스)32 히든스타            기   06:02     06:12       0:10   차
514 32조(임동창)18 골든                기   06:17     06:31       0:14   금
515 32조(임동창) 2 골든메인파리        승   06:04     06:24       0:20   차
516 32조(임동창) 8 글로벌승리          기   06:39     06:52       0:13   차
517 32조(임동창)19 글로벌최고          승   06:17     06:31       0:14   차
518 32조(임동창)17 마이베이비걸        기   06:31     06:41       0:10   차
519 32조(임동창)13 브라운파이          승   06:10     06:25       0:15   차
520 32조(임동창)11 용연                승   06:44     07:01       0:17   차
521 32조(임동창)14 투투페어리          승   06:46     07:01       0:15   차
522 33조(권승주)45 갤럽보이            기   06:00     06:13       0:13   금
523 33조(권승주)20 골든파워            승   06:40     06:57       0:17   차
524 33조(권승주)29 긍정에너지          승   06:39     06:55       0:16   차
525 33조(권승주)26 라온더굳센          승   07:17     07:29       0:12   차
526 33조(권승주)15 라온더보스          기   07:29     07:41       0:12   금
527 33조(권승주)25 라온더캡틴          기   07:14     07:22       0:08   금
528 33조(권승주)37 라온더플래시        승   07:17     07:29       0:12   차
529 33조(권승주) 3 러닝워리어          승   07:53     08:12       0:19   차
530 33조(권승주) 8 마하유니            승   06:29     06:43       0:14   차
531 33조(권승주)14 마하타이탄          기   07:25     07:37       0:12   차
532 33조(권승주)34 빅꿈                승   07:25     07:39       0:14   차
533 33조(권승주)44 스트레이트란        기   06:25     06:35       0:10   금
534 33조(권승주)32 아침빛              기   07:17     07:28       0:11   차
535 33조(권승주)23 알파하트            승   06:09     06:26       0:17   차
536 33조(권승주)19 어메이징풋          승   06:03     06:19       0:16   차
537 33조(권승주)42 에이스파트라        승   07:53     08:12       0:19   차
538 33조(권승주)12 영웅루이스          승   06:01     06:14       0:13   차
539 33조(권승주) 4 챔프그린            승   06:03     06:18       0:15   차
540 33조(권승주)38 청호리더            기   07:25     07:39       0:14   차
541 33조(권승주)27 케이케이원          승   07:23     07:36       0:13   차
542 33조(권승주) 7 트리플질주          기   06:24     06:35       0:11   금
543 33조(권승주)18 퍼플라인            보   06:24     06:35       0:11   차
544 33조(권승주)39 한센이천            승   06:03     06:18       0:15   차
545 33조(권승주)22 희망펀치            승   07:53     08:12       0:19   차
━━━━━━━━━━━━━━━━━━━━━━━━━━━━━━━━━━━━━━━
                                                      출력일자 : 2021. 8.19

