2021.03.11 더파이팅          27 닥터임동물병 좌후지 부종                                                                                         
2021.03.11 레전드윈          24 닥터임동물병 우중수부찰과상                                                                                      
2021.03.11 스텔라로드        03 닥터임동물병 양제3중수골골막염                                                                                   
2021.03.11 싱싱메리          29 닥터임동물병 우완관절염                                                                                          
2021.03.11 큐피드비상        12 닥터임동물병 양후지교돌상                                                                                        
2021.03.11 티케이데이        53 닥터임동물병 운동기인성 피로회복                                                                                 
2021.03.11 페네트로          12 닥터임동물병 좌후지교돌상                                                                                        
2021.03.11 피노시스터        54 닥터임동물병 우후 구절부 찰과상                                                                                  
2021.03.11 환상터치          48 닥터임동물병 좌완슬부 열창                                                                                       
2021.03.11 강철다리          43 마사랑동물병 정치                                                                                                
2021.03.11 걸작우먼          04 마사랑동물병 양전 구절부 좌상                                                                                    
2021.03.11 고웰              03 마사랑동물병 운동기인성 피로회복(수액처치)                                                                       
2021.03.11 골든제이          03 마사랑동물병 우완슬부 좌상                                                                                       
2021.03.11 글로리파이터      42 마사랑동물병 좌전지 부종                                                                                         
2021.03.11 금아인빈서블      05 마사랑동물병 술후처치(거세술)                                                                                    
2021.03.11 논스톱리워드      41 마사랑동물병 우중수부계인대좌상                                                                                  
2021.03.11 다모아트리플      02 마사랑동물병 우후지 부종                                                                                         
2021.03.11 대디코잔          28 마사랑동물병 운동기인성 피로회복(수액처치)                                                                       
2021.03.11 대디코잔          28 마사랑동물병 운동기인성 피로회복(수액처치)                                                                       
2021.03.11 더퀸저스티스      42 마사랑동물병 요배통                                                                                              
2021.03.11 두손장군          10 마사랑동물병 좌중수부 찰과상                                                                                     
2021.03.11 루미너스퀸        41 마사랑동물병 우후 구절부 찰과상                                                                                  
2021.03.11 룰브레이커        43 마사랑동물병 우후 구절부 찰과상                                                                                  
2021.03.11 매지컬초이스      41 마사랑동물병 좌후지파행                                                                                          
2021.03.11 머니가락          20 마사랑동물병 좌후제염                                                                                            
2021.03.11 명품축제          17 마사랑동물병 좌후지교돌상                                                                                        
2021.03.11 무적장산          31 마사랑동물병 좌중족부찰과상                                                                                      
2021.03.11 비크레이지        08 마사랑동물병 좌전제염                                                                                            
2021.03.11 빅페이스          04 마사랑동물병 정치                                                                                                
2021.03.11 사람이라는별      22 마사랑동물병 좌전지 부종                                                                                         
2021.03.11 성실머니          04 마사랑동물병 정치                                                                                                
2021.03.11 세명캡틴          43 마사랑동물병 좌전구절염좌                                                                                        
2021.03.11 세명햇살          43 마사랑동물병 운동기인성 피로회복(수액처치)                                                                       
2021.03.11 세명햇살          43 마사랑동물병 운동기인성 피로회복(수액처치)                                                                       
2021.03.11 슈퍼플루이드      43 마사랑동물병 좌전구절염좌                                                                                        
2021.03.11 스테디챔피언      17 마사랑동물병 좌후지 부종                                                                                         
2021.03.11 실버울프          40 마사랑동물병 좌후지교돌상                                                                                        
2021.03.11 아르폰스          43 마사랑동물병 좌완슬부 좌상                                                                                       
2021.03.11 오섬스프링스      02 마사랑동물병 우중족부찰과상                                                                                      
2021.03.11 위닝투게더        03 마사랑동물병 운동기인성 피로회복(수액처치)                                                                       
2021.03.11 위닝투게더        03 마사랑동물병 운동기인성 피로회복(수액처치)                                                                       
2021.03.11 유니콘브라보      08 마사랑동물병 우완슬부 좌상,우전구절염좌                                                                          
2021.03.11 이스트킹덤        10 마사랑동물병 좌전지 부종                                                                                         
2021.03.11 조이머니          04 마사랑동물병 좌완슬부 좌상,좌중수부계인대좌상                                                                    
2021.03.11 축복의약속        22 마사랑동물병 좌후지 부종                                                                                         
2021.03.11 클린업샤인        31 마사랑동물병 우중수부찰과상                                                                                      
2021.03.11 킬라타스          43 마사랑동물병 운동기인성 피로회복(수액처치)                                                                       
2021.03.11 킬라타스          43 마사랑동물병 운동기인성 피로회복(수액처치)                                                                       
2021.03.11 허니퀸            03 마사랑동물병 감기                                                                                                
2021.03.11 헤리티지          41 마사랑동물병 우전구절염좌                                                                                        
2021.03.11 고고비            32 명성동물병원 좌후 구절부 찰과상                                                                                  
2021.03.11 대천얼짱          16 명성동물병원 우전외측 제구부 찰과상,우전지파행                                                                   
2021.03.11 라온가람          01 명성동물병원 양요완골골연골증                                                                                    
2021.03.11 라온스페셜        01 명성동물병원 운동기인성 피로회복(수액처치)                                                                       
2021.03.11 라온스페셜        01 명성동물병원 운동기인성 피로회복(수액처치)                                                                       
2021.03.11 랭크가드          03 명성동물병원 우전제염                                                                                            
2021.03.11 럭셔리캡틴        52 명성동물병원 우전제염                                                                                            
2021.03.11 런던스피드        26 명성동물병원 우전지 근육통                                                                                       
2021.03.11 만세              21 명성동물병원 좌전구절찰과상                                                                                      
2021.03.11 매직그라운드      03 명성동물병원 양전지 부종                                                                                         
2021.03.11 문학슬루          32 명성동물병원 양후지 근육통                                                                                       
2021.03.11 문학젠야타        01 명성동물병원 운동기인성 피로회복(수액처치)                                                                       
2021.03.11 문학젠야타        01 명성동물병원 운동기인성 피로회복(수액처치)                                                                       
2021.03.11 문학카이로        01 명성동물병원 양전지 근육통                                                                                       
2021.03.11 비다사랑          37 명성동물병원 좌비절부찰과상                                                                                      
2021.03.11 비바레이디        21 명성동물병원 운동기인성 피로회복(수액처치)                                                                       
2021.03.11 비바레이디        21 명성동물병원 운동기인성 피로회복(수액처치)                                                                       
2021.03.11 샤이니퀸          03 명성동물병원 좌전지 부종                                                                                         
2021.03.11 쇠와꽃            19 명성동물병원 양후 구절부 찰과상                                                                                  
2021.03.11 슈프림로드        03 명성동물병원 우후 구절부 찰과상                                                                                  
2021.03.11 슬립웰            21 명성동물병원 운동기인성 피로회복(수액처치)                                                                       
2021.03.11 슬립웰            21 명성동물병원 운동기인성 피로회복(수액처치)                                                                       
2021.03.11 신의아들          21 명성동물병원 좌제3중수골골막염                                                                                   
2021.03.11 안목항            34 명성동물병원 양후지 근육통                                                                                       
2021.03.11 영화즈플라잉      16 명성동물병원 좌전제염                                                                                            
2021.03.11 오로라로드        03 명성동물병원 정치                                                                                                
2021.03.11 위너브라운        03 명성동물병원 운동기인성 피로회복                                                                                 
2021.03.11 장산클리어        31 명성동물병원 좌제3중수골골막염                                                                                   
2021.03.11 초동로켓          03 명성동물병원 운동기인성 피로회복                                                                                 
2021.03.11 콜윈              01 명성동물병원 진정(보정)                                                                                          
2021.03.11 테이크하트        21 명성동물병원 우후지 부종                                                                                         
2021.03.11 피케이돌풍        37 명성동물병원 좌전지파행                                                                                          
2021.03.11 황금파워          21 명성동물병원 운동기인성 피로회복(수액처치)                                                                       
2021.03.11 황금파워          21 명성동물병원 운동기인성 피로회복(수액처치)                                                                       
2021.03.11 후이넘            52 명성동물병원 양전지 근육통                                                                                       
2021.03.11 개나리송          18 삼포동물병원 정치,양후지 근육통                                                                                  
2021.03.11 글로벌삭스        09 삼포동물병원 양전구절염                                                                                          
2021.03.11 드림여왕          13 삼포동물병원 우후지 봉와직염                                                                                     
2021.03.11 드림패션          27 삼포동물병원 좌완슬부 열창                                                                                       
2021.03.11 로열영광          27 삼포동물병원 좌중족부찰과상                                                                                      
2021.03.11 리얼팩            27 삼포동물병원 우상악동염                                                                                          
2021.03.11 매직페인터        09 삼포동물병원 우전구절염                                                                                          
2021.03.11 불의고리          25 삼포동물병원 우후지파행                                                                                          
2021.03.11 슬링스톤          09 삼포동물병원 담마진                                                                                              
2021.03.11 옥추마            09 삼포동물병원 좌전지파행                                                                                          
2021.03.11 왕인행차          24 삼포동물병원 피부염                                                                                              
2021.03.11 왕탱이            18 삼포동물병원 우전구절염                                                                                          
2021.03.11 원더풀머스킷      24 삼포동물병원 좌후지파행,양전지 부종                                                                              
2021.03.11 치프인디          18 삼포동물병원 운동기인성 피로회복(수액처치)                                                                       
2021.03.11 치프인디          18 삼포동물병원 운동기인성 피로회복(수액처치)                                                                       
2021.03.11 캐치참            09 삼포동물병원 비정상 치아 마모,정치                                                                               
2021.03.11 케이엔매직        18 삼포동물병원 좌후 발목피부염(계군)                                                                               
2021.03.11 케이엔메니퀸      18 삼포동물병원 구내염                                                                                              
2021.03.11 콘스티솔로        25 삼포동물병원 좌중수부 찰과상                                                                                     
2021.03.11 티케이데이        53 삼포동물병원 정장처치                                                                                            
2021.03.11 파워요트          25 삼포동물병원 좌후지 근육통,우완관절염                                                                            
2021.03.11 스카이퓨처        03 서울부속동물 물리치료(광열)                                                                                      
2021.03.11 원퍼트            49 서울부속동물 술후처치(개복술)                                                                                    
2021.03.12 더드림            48 닥터임동물병 운동기인성 피로회복(수액처치)                                                                       
2021.03.12 더드림            48 닥터임동물병 운동기인성 피로회복(수액처치)                                                                       
2021.03.12 더파이팅          27 닥터임동물병 좌후지 부종                                                                                         
2021.03.12 레전드윈          24 닥터임동물병 우중수부찰과상                                                                                      
2021.03.12 로열스마티        48 닥터임동물병 운동기인성 피로회복(수액처치)                                                                       
2021.03.12 로열스마티        48 닥터임동물병 운동기인성 피로회복(수액처치)                                                                       
2021.03.12 빅리치            29 닥터임동물병 좌후 구절부 찰과상                                                                                  
2021.03.12 선포레            29 닥터임동물병 운동기인성 피로회복(수액처치)                                                                       
2021.03.12 슈룹              48 닥터임동물병 운동기인성 피로회복(수액처치)                                                                       
2021.03.12 슈룹              48 닥터임동물병 운동기인성 피로회복(수액처치)                                                                       
2021.03.12 스타러시          53 닥터임동물병 운동기인성 피로회복(수액처치)                                                                       
2021.03.12 스타러시          53 닥터임동물병 운동기인성 피로회복(수액처치)                                                                       
2021.03.12 스텔라로드        03 닥터임동물병 양제3중수골골막염                                                                                   
2021.03.12 싱싱메리          29 닥터임동물병 우완관절염                                                                                          
2021.03.12 쏘아라바바        48 닥터임동물병 운동기인성 피로회복(수액처치)                                                                       
2021.03.12 쏘아라바바        48 닥터임동물병 운동기인성 피로회복(수액처치)                                                                       
2021.03.12 오로라로드        03 닥터임동물병 좌제3중수골골막염                                                                                   
2021.03.12 철심장            48 닥터임동물병 운동기인성 피로회복(수액처치)                                                                       
2021.03.12 철심장            48 닥터임동물병 운동기인성 피로회복(수액처치)                                                                       
2021.03.12 티케이데이        53 닥터임동물병 운동기인성 피로회복(수액처치)                                                                       
2021.03.12 티케이데이        53 닥터임동물병 운동기인성 피로회복(수액처치)                                                                       
2021.03.12 페네트로          12 닥터임동물병 좌후지교돌상                                                                                        
2021.03.12 피노시스터        54 닥터임동물병 우후 구절부 찰과상                                                                                  
2021.03.12 환상터치          48 닥터임동물병 좌완슬부 열창                                                                                       
2021.03.12 흥록대부          48 닥터임동물병 정치                                                                                                
2021.03.12 걸작우먼          04 마사랑동물병 양전 구절부 좌상                                                                                    
2021.03.12 골든제이          03 마사랑동물병 우완슬부 좌상                                                                                       
2021.03.12 굿필승            04 마사랑동물병 운동기인성 피로회복(수액처치)                                                                       
2021.03.12 굿필승            04 마사랑동물병 운동기인성 피로회복(수액처치)                                                                       
2021.03.12 글로리파이터      42 마사랑동물병 좌전지 부종                                                                                         
2021.03.12 금아인빈서블      05 마사랑동물병 술후처치(거세술)                                                                                    
2021.03.12 다모아트리플      02 마사랑동물병 우후지 부종                                                                                         
2021.03.12 대군의창          08 마사랑동물병 정치                                                                                                
2021.03.12 더퀸저스티스      42 마사랑동물병 요배통                                                                                              
2021.03.12 땡큐대천          10 마사랑동물병 운동기인성 피로회복(수액처치)                                                                       
2021.03.12 땡큐대천          10 마사랑동물병 운동기인성 피로회복(수액처치)                                                                       
2021.03.12 로드블랙          08 마사랑동물병 정치                                                                                                
2021.03.12 룰브레이커        43 마사랑동물병 우후 구절부 찰과상                                                                                  
2021.03.12 리드보컬          22 마사랑동물병 우후지 부종                                                                                         
2021.03.12 마에스트로        15 마사랑동물병 운동기인성 피로회복(수액처치)                                                                       
2021.03.12 마에스트로        15 마사랑동물병 운동기인성 피로회복(수액처치)                                                                       
2021.03.12 마이호크          10 마사랑동물병 운동기인성 피로회복(수액처치)                                                                       
2021.03.12 마이호크          10 마사랑동물병 운동기인성 피로회복(수액처치)                                                                       
2021.03.12 멋진가이          03 마사랑동물병 운동기인성 피로회복(수액처치)                                                                       
2021.03.12 멋진가이          03 마사랑동물병 운동기인성 피로회복(수액처치)                                                                       
2021.03.12 문학엠파이어      10 마사랑동물병 운동기인성 피로회복(수액처치)                                                                       
2021.03.12 문학엠파이어      10 마사랑동물병 운동기인성 피로회복(수액처치)                                                                       
2021.03.12 문학파이어        41 마사랑동물병 우후 구절부 찰과상                                                                                  
2021.03.12 백승              10 마사랑동물병 우전지 근육통                                                                                       
2021.03.12 블루케이          40 마사랑동물병 정치                                                                                                
2021.03.12 비크레이지        08 마사랑동물병 좌전제염                                                                                            
2021.03.12 사람이라는별      22 마사랑동물병 좌전지 부종                                                                                         
2021.03.12 사랑다모아        02 마사랑동물병 운동기인성 피로회복(수액처치)                                                                       
2021.03.12 사랑다모아        02 마사랑동물병 운동기인성 피로회복(수액처치)                                                                       
2021.03.12 소울메리트        22 마사랑동물병 좌후지 부종                                                                                         
2021.03.12 슈퍼마스터        04 마사랑동물병 운동기인성 피로회복(수액처치)                                                                       
2021.03.12 슈퍼마스터        04 마사랑동물병 운동기인성 피로회복(수액처치)                                                                       
2021.03.12 슈퍼플루이드      43 마사랑동물병 좌전구절염좌                                                                                        
2021.03.12 아스트로          03 마사랑동물병 좌완슬부 좌상                                                                                       
2021.03.12 알찬누리          10 마사랑동물병 운동기인성 피로회복(수액처치)                                                                       
2021.03.12 알찬누리          10 마사랑동물병 운동기인성 피로회복(수액처치)                                                                       
2021.03.12 와일드파이트      41 마사랑동물병 양각막염                                                                                            
2021.03.12 유니콘브라보      08 마사랑동물병 우완슬부 좌상,우전구절염좌                                                                          
2021.03.12 정상만세          15 마사랑동물병 운동기인성 피로회복(수액처치)                                                                       
2021.03.12 정상만세          15 마사랑동물병 운동기인성 피로회복(수액처치)                                                                       
2021.03.12 조이머니          04 마사랑동물병 좌완슬부 좌상,좌중수부계인대좌상                                                                    
2021.03.12 질주본            03 마사랑동물병 운동기인성 피로회복(수액처치)                                                                       
2021.03.12 질주본            03 마사랑동물병 운동기인성 피로회복(수액처치)                                                                       
2021.03.12 큐피드불릿        40 마사랑동물병 정치,발치                                                                                           
2021.03.12 클린업샤인        31 마사랑동물병 우중수부찰과상                                                                                      
2021.03.12 티케이보이        10 마사랑동물병 운동기인성 피로회복(수액처치)                                                                       
2021.03.12 티케이보이        10 마사랑동물병 운동기인성 피로회복(수액처치)                                                                       
2021.03.12 팔팔빅토리        04 마사랑동물병 운동기인성 피로회복(수액처치)                                                                       
2021.03.12 팔팔빅토리        04 마사랑동물병 운동기인성 피로회복(수액처치)                                                                       
2021.03.12 허니퀸            03 마사랑동물병 감기                                                                                                
2021.03.12 거센기상          14 명성동물병원 진정(수송)                                                                                          
2021.03.12 거센불패          14 명성동물병원 운동기인성 피로회복(수액처치)                                                                       
2021.03.12 거센불패          14 명성동물병원 운동기인성 피로회복(수액처치)                                                                       
2021.03.12 나우퀸            26 명성동물병원 좌중수부중간부천지굴건염                                                                            
2021.03.12 대군옥            07 명성동물병원 운동기인성 피로회복(수액처치)                                                                       
2021.03.12 대군옥            07 명성동물병원 운동기인성 피로회복(수액처치)                                                                       
2021.03.12 대천얼짱          16 명성동물병원 우전외측 제구부 찰과상,우전지파행                                                                   
2021.03.12 드림로드          03 명성동물병원 우전구절찰과상                                                                                      
2021.03.12 라온가람          01 명성동물병원 양요완골골연골증                                                                                    
2021.03.12 라온돌풍          01 명성동물병원 운동기인성 피로회복(수액처치)                                                                       
2021.03.12 라온돌풍          01 명성동물병원 운동기인성 피로회복(수액처치)                                                                       
2021.03.12 랭크가드          03 명성동물병원 우전제염                                                                                            
2021.03.12 럭셔리캡틴        52 명성동물병원 우전제염                                                                                            
2021.03.12 런던스피드        26 명성동물병원 우전지 근육통                                                                                       
2021.03.12 런던아이          26 명성동물병원 우후지파행                                                                                          
2021.03.12 런던액티브        26 명성동물병원 운동기인성 피로회복(수액처치)                                                                       
2021.03.12 런던액티브        26 명성동물병원 운동기인성 피로회복(수액처치)                                                                       
2021.03.12 런던타이거        26 명성동물병원 운동기인성 피로회복(수액처치)                                                                       
2021.03.12 런던타이거        26 명성동물병원 운동기인성 피로회복(수액처치)                                                                       
2021.03.12 말리부진저        14 명성동물병원 운동기인성 피로회복(수액처치)                                                                       
2021.03.12 말리부진저        14 명성동물병원 운동기인성 피로회복(수액처치)                                                                       
2021.03.12 매직그라운드      03 명성동물병원 양전지 부종                                                                                         
2021.03.12 문학카이로        01 명성동물병원 양전지 근육통                                                                                       
2021.03.12 문학파로아        01 명성동물병원 양각막염                                                                                            
2021.03.12 비다사랑          37 명성동물병원 좌비절부찰과상                                                                                      
2021.03.12 비바소모          14 명성동물병원 우중족부 열창                                                                                       
2021.03.12 샤이니퀸          03 명성동물병원 좌전지 부종                                                                                         
2021.03.12 스카이망치        14 명성동물병원 양각막염                                                                                            
2021.03.12 스타크레이지      37 명성동물병원 우전지 부종                                                                                         
2021.03.12 싱싱유로          03 명성동물병원 피부병                                                                                              
2021.03.12 안목항            34 명성동물병원 양후지 근육통                                                                                       
2021.03.12 에너지퀸          19 명성동물병원 좌후제관상                                                                                          
2021.03.12 영화즈플라잉      16 명성동물병원 좌전제염                                                                                            
2021.03.12 우소륭            26 명성동물병원 운동기인성 피로회복(수액처치)                                                                       
2021.03.12 우소륭            26 명성동물병원 운동기인성 피로회복(수액처치)                                                                       
2021.03.12 원더풀헤네시      21 명성동물병원 정치                                                                                                
2021.03.12 제로백파이브      07 명성동물병원 좌후 구절 좌상                                                                                      
2021.03.12 테이크하트        21 명성동물병원 정치                                                                                                
2021.03.12 파이팅나우        01 명성동물병원 진정(보정)                                                                                          
2021.03.12 포에버원          01 명성동물병원 마비성근색소뇨증                                                                                    
2021.03.12 풀부스터          21 명성동물병원 정치                                                                                                
2021.03.12 플로리다파워      14 명성동물병원 운동기인성 피로회복(수액처치)                                                                       
2021.03.12 플로리다파워      14 명성동물병원 운동기인성 피로회복(수액처치)                                                                       
2021.03.12 피케이군주        37 명성동물병원 좌전지파행                                                                                          
2021.03.12 개나리송          18 삼포동물병원 양후지 근육통                                                                                       
2021.03.12 거버넌스          27 삼포동물병원 운동기인성 피로회복(수액처치)                                                                       
2021.03.12 거버넌스          27 삼포동물병원 운동기인성 피로회복(수액처치)                                                                       
2021.03.12 글로벌삭스        09 삼포동물병원 양전구절염                                                                                          
2021.03.12 기적의힘          23 삼포동물병원 우제3중수골골막염                                                                                   
2021.03.12 남산시대          27 삼포동물병원 운동기인성 피로회복(수액처치)                                                                       
2021.03.12 남산시대          27 삼포동물병원 운동기인성 피로회복(수액처치)                                                                       
2021.03.12 럭키클럽          24 삼포동물병원 고환적출술                                                                                          
2021.03.12 로열영광          27 삼포동물병원 좌중족부찰과상                                                                                      
2021.03.12 로열태리          09 삼포동물병원 우전지파행,침치료(수침)                                                                             
2021.03.12 매직페인터        09 삼포동물병원 우전구절염                                                                                          
2021.03.12 바램              18 삼포동물병원 운동기인성 피로회복(수액처치)                                                                       
2021.03.12 바램              18 삼포동물병원 운동기인성 피로회복(수액처치)                                                                       
2021.03.12 불의고리          25 삼포동물병원 우후지파행                                                                                          
2021.03.12 실버햄튼          18 삼포동물병원 운동기인성 피로회복(수액처치)                                                                       
2021.03.12 실버햄튼          18 삼포동물병원 운동기인성 피로회복(수액처치)                                                                       
2021.03.12 옥추마            09 삼포동물병원 좌전지파행                                                                                          
2021.03.12 왕인행차          24 삼포동물병원 피부염                                                                                              
2021.03.12 왕탱이            18 삼포동물병원 우전구절염                                                                                          
2021.03.12 원더풀머스킷      24 삼포동물병원 좌후지파행,양전지 부종                                                                              
2021.03.12 천향국색          07 삼포동물병원 운동기인성 피로회복(수액처치)                                                                       
2021.03.12 천향국색          07 삼포동물병원 운동기인성 피로회복(수액처치)                                                                       
2021.03.12 치프인디          18 삼포동물병원 운동기인성 피로회복(수액처치)                                                                       
2021.03.12 치프인디          18 삼포동물병원 운동기인성 피로회복(수액처치)                                                                       
2021.03.12 케이엔매직        18 삼포동물병원 좌후 발목피부염(계군)                                                                               
2021.03.12 콘스티솔로        25 삼포동물병원 좌중수부 찰과상                                                                                     
2021.03.12 파워요트          25 삼포동물병원 좌후지 근육통,우완관절염                                                                            
2021.03.12 나우퀸            26 서울부속동물 좌중수부중간부천지굴건염                                                                            
2021.03.12 리얼팩            27 서울부속동물 원거술(전두동/상악동 천공술),우상악동염                                                             
2021.03.12 스카이퓨처        03 서울부속동물 물리치료(광열)                                                                                      
2021.03.12 쏘아라보아        48 서울부속동물 우전지파행                                                                                          
2021.03.12 원퍼트            49 서울부속동물 술후처치(개복술)                                                                                    
2021.03.13 검포              27 닥터임동물병 우전열제                                                                                            
2021.03.13 더파이팅          27 닥터임동물병 좌후지 부종                                                                                         
2021.03.13 빅리치            29 닥터임동물병 좌후 구절부 찰과상                                                                                  
2021.03.13 선붐              12 닥터임동물병 마비성근색소뇨증                                                                                    
2021.03.13 싱싱메리          29 닥터임동물병 우완관절염                                                                                          
2021.03.13 오로라로드        03 닥터임동물병 좌제3중수골골막염                                                                                   
2021.03.13 질풍여왕          54 닥터임동물병 진정(장제)                                                                                          
2021.03.13 킹오브선데이      29 닥터임동물병 정치                                                                                                
2021.03.13 티케이데이        53 닥터임동물병 운동기인성 피로회복(수액처치)                                                                       
2021.03.13 티케이데이        53 닥터임동물병 운동기인성 피로회복(수액처치)                                                                       
2021.03.13 페네트로          12 닥터임동물병 좌후지교돌상                                                                                        
2021.03.13 환상터치          48 닥터임동물병 좌완슬부 열창                                                                                       
2021.03.13 가온포스          22 마사랑동물병 운동기인성 피로회복(수액처치)                                                                       
2021.03.13 가온포스          22 마사랑동물병 운동기인성 피로회복(수액처치)                                                                       
2021.03.13 골든제이          03 마사랑동물병 우완슬부 좌상                                                                                       
2021.03.13 글로리파이터      42 마사랑동물병 좌전지 부종                                                                                         
2021.03.13 글로벌조이        10 마사랑동물병 좌후제저타박상                                                                                      
2021.03.13 금아인빈서블      05 마사랑동물병 술후처치(거세술)                                                                                    
2021.03.13 농본락            20 마사랑동물병 정치                                                                                                
2021.03.13 다모아트리플      02 마사랑동물병 우후지 부종                                                                                         
2021.03.13 더퀸저스티스      42 마사랑동물병 요배통                                                                                              
2021.03.13 로열엘비스        08 마사랑동물병 양후지교돌상                                                                                        
2021.03.13 룰브레이커        43 마사랑동물병 우후 구절부 찰과상                                                                                  
2021.03.13 바잉블레이드      31 마사랑동물병 정치,발치                                                                                           
2021.03.13 백승              10 마사랑동물병 우전지파행,침치료(신침)                                                                             
2021.03.13 블루케이          40 마사랑동물병 좌후지 부종                                                                                         
2021.03.13 비크레이지        08 마사랑동물병 좌전제염                                                                                            
2021.03.13 선더호스          22 마사랑동물병 운동기인성 피로회복(수액처치)                                                                       
2021.03.13 선더호스          22 마사랑동물병 운동기인성 피로회복(수액처치)                                                                       
2021.03.13 스페셜스토리      15 마사랑동물병 좌후계부찰과상                                                                                      
2021.03.13 아스트로          03 마사랑동물병 좌완슬부 좌상                                                                                       
2021.03.13 와일드우즈        08 마사랑동물병 좌중족부찰과상                                                                                      
2021.03.13 와일드파이트      41 마사랑동물병 좌후 구절부 찰과상                                                                                  
2021.03.13 유니콘브라보      08 마사랑동물병 우완슬부 좌상,우전구절염좌                                                                          
2021.03.13 케이프렌지        04 마사랑동물병 운동기인성 피로회복(수액처치)                                                                       
2021.03.13 케이프렌지        04 마사랑동물병 운동기인성 피로회복(수액처치)                                                                       
2021.03.13 코브라볼          05 마사랑동물병 우전지 부종                                                                                         
2021.03.13 큐피드불릿        40 마사랑동물병 구내염                                                                                              
2021.03.13 클린업샤인        31 마사랑동물병 우중수부찰과상                                                                                      
2021.03.13 포트스원          33 마사랑동물병 진정(장제)                                                                                          
2021.03.13 하바나찰리        08 마사랑동물병 좌후지교돌상                                                                                        
2021.03.13 남산드림          30 명성동물병원 좌요골원위단골연골증                                                                                
2021.03.13 대천얼짱          16 명성동물병원 우전외측 제구부 찰과상,우전지파행                                                                   
2021.03.13 드림로드          03 명성동물병원 우전구절찰과상                                                                                      
2021.03.13 라온가람          01 명성동물병원 양요완골골연골증                                                                                    
2021.03.13 랭크가드          03 명성동물병원 우전제염                                                                                            
2021.03.13 런던아이          26 명성동물병원 우후지파행                                                                                          
2021.03.13 레스카            19 명성동물병원 우전구절찰과상                                                                                      
2021.03.13 매직그라운드      03 명성동물병원 양전지 부종                                                                                         
2021.03.13 메니스탠드        19 명성동물병원 우전지파행                                                                                          
2021.03.13 문학파로아        01 명성동물병원 운동기인성 피로회복                                                                                 
2021.03.13 사려니퀸          07 명성동물병원 우후지파행                                                                                          
2021.03.13 샤이니퀸          03 명성동물병원 좌전지 부종                                                                                         
2021.03.13 스타크레이지      37 명성동물병원 우전지 부종                                                                                         
2021.03.13 에너지퀸          19 명성동물병원 좌후제관상                                                                                          
2021.03.13 에이스천하        30 명성동물병원 좌둔부혈종                                                                                          
2021.03.13 엠제이스톰        52 명성동물병원 양전제염                                                                                            
2021.03.13 제로백파이브      07 명성동물병원 좌후 구절 좌상                                                                                      
2021.03.13 탑퀄리티          01 명성동물병원 진정(보정)                                                                                          
2021.03.13 테이크하트        21 명성동물병원 우후지 부종                                                                                         
2021.03.13 파인터치          06 명성동물병원 우전구절염좌                                                                                        
2021.03.13 풀부스터          21 명성동물병원 우후지 부종                                                                                         
2021.03.13 프리맥스          21 명성동물병원 정치                                                                                                
2021.03.13 프린세스삭스      14 명성동물병원 진정(보정)                                                                                          
2021.03.13 피케이돌풍        37 명성동물병원 좌완관절염                                                                                          
2021.03.13 해피스마티        32 명성동물병원 양전지 근육통                                                                                       
2021.03.13 개나리송          18 삼포동물병원 양후지 근육통                                                                                       
2021.03.13 검포              27 삼포동물병원 우전열제,우전지파행                                                                                 
2021.03.13 글로벌삭스        09 삼포동물병원 양전구절염                                                                                          
2021.03.13 기적의힘          23 삼포동물병원 우제3중수골골막염                                                                                   
2021.03.13 드림여왕          13 삼포동물병원 우후지 봉와직염                                                                                     
2021.03.13 럭키클럽          24 삼포동물병원 술후처치(거세술)                                                                                    
2021.03.13 럭키훈            25 삼포동물병원 비정상 치아 마모,정치                                                                               
2021.03.13 로열태리          09 삼포동물병원 우전지파행,우후지 근육통                                                                            
2021.03.13 매직페인터        09 삼포동물병원 우전구절염                                                                                          
2021.03.13 문학선            27 삼포동물병원 낭치,정치                                                                                           
2021.03.13 블루파이어        25 삼포동물병원 정치                                                                                                
2021.03.13 선더케이          18 삼포동물병원 정치                                                                                                
2021.03.13 액티몬            18 삼포동물병원 정치                                                                                                
2021.03.13 왕탱이            18 삼포동물병원 우전구절염                                                                                          
2021.03.13 은혜가득          27 삼포동물병원 좌후지교돌상                                                                                        
2021.03.13 이스트라이크      25 삼포동물병원 정치                                                                                                
2021.03.13 인빅터스          51 삼포동물병원 좌후지파행                                                                                          
2021.03.13 챔피언가문        18 삼포동물병원 좌전지파행,좌중수부 자창                                                                            
2021.03.13 케이엔매직        18 삼포동물병원 좌후 발목피부염(계군)                                                                               
2021.03.13 파워요트          25 삼포동물병원 좌후지 근육통,우완관절염                                                                            
2021.03.13 핑크번개          25 삼포동물병원 비정상 치아 마모,정치                                                                               
2021.03.13 골든스피드        13 서울부속동물 우후지파행                                                                                          
2021.03.13 스카이퓨처        03 서울부속동물 물리치료(광열)                                                                                      
2021.03.13 쏘아라보아        48 서울부속동물 우전지파행                                                                                          
2021.03.13 원퍼트            49 서울부속동물 술후처치(개복술)                                                                                    
2021.03.13 킹오브선데이      29 서울부속동물 술후처치                                                                                            
2021.03.14 다모아트리플      02 서울부속동물 우후지 봉와직염                                                                                     
2021.03.14 리얼팩            27 서울부속동물 술후처치                                                                                            
2021.03.14 슈퍼제나이        33 서울부속동물 좌후지파행                                                                                          
2021.03.14 파인터치          06 서울부속동물 우중수부계인대염                                                                                    
