2021.06.13 경주의두레박      08 마리동물병원 좌전지교돌상                                                                                        
2021.06.13 골드캔디          05 마리동물병원 좌후 계부 열창                                                                                      
2021.06.13 골드티켓          05 마리동물병원 좌후지 부종                                                                                         
2021.06.13 그레이트엘        07 마리동물병원 좌경부 좌상                                                                                         
2021.06.13 금아스토밍        19 마리동물병원 좌후지교돌상                                                                                        
2021.06.13 금아인피니티      19 마리동물병원 양전지교돌상                                                                                        
2021.06.13 금아캐벌리        19 마리동물병원 우전지파행                                                                                          
2021.06.13 나이스원          21 마리동물병원 우전지교돌상                                                                                        
2021.06.13 뉴파이어          01 마리동물병원 좌전지교돌상                                                                                        
2021.06.13 닥터자이언츠      01 마리동물병원 우전지교돌상                                                                                        
2021.06.13 닥터콘스          01 마리동물병원 우전지교돌상                                                                                        
2021.06.13 닥터텍사스        01 마리동물병원 좌전지교돌상                                                                                        
2021.06.13 대동기상          24 마리동물병원 좌후지교돌상                                                                                        
2021.06.13 대암장군          08 마리동물병원 양후지 부종                                                                                         
2021.06.13 대호질주          01 마리동물병원 우후지교돌상                                                                                        
2021.06.13 덩컨              30 마리동물병원 좌후지교돌상                                                                                        
2021.06.13 드로모스          26 마리동물병원 우후지 부종                                                                                         
2021.06.13 디바인뮤직        09 마리동물병원 우중수부찰과상                                                                                      
2021.06.13 럭키런            05 마리동물병원 양전구절염,좌완관절염                                                                               
2021.06.13 럭키브레이크      16 마리동물병원 정치,발치                                                                                           
2021.06.13 레이디러브        04 마리동물병원 요배통                                                                                              
2021.06.13 레인킬러          07 마리동물병원 정치                                                                                                
2021.06.13 레인킬러          07 마리동물병원 정치                                                                                                
2021.06.13 루시의기적        13 마리동물병원 양제3중수골골막염                                                                                   
2021.06.13 리아논포인트      12 마리동물병원 진정(장제)                                                                                          
2021.06.13 리얼리칸          06 마리동물병원 요배통                                                                                              
2021.06.13 마스터퀸          07 마리동물병원 물리치료(쇽웨이브)                                                                                  
2021.06.13 마이퀸            26 마리동물병원 운동기인성 피로회복                                                                                 
2021.06.13 마이퀸            26 마리동물병원 좌측피열연골염                                                                                      
2021.06.13 마하로드          24 마리동물병원 좌전지교돌상                                                                                        
2021.06.13 매직파트너        05 마리동물병원 좌전지교돌상                                                                                        
2021.06.13 무적불패          08 마리동물병원 우전지교돌상                                                                                        
2021.06.13 미스터한센        19 마리동물병원 좌후지교돌상                                                                                        
2021.06.13 배다리강호        12 마리동물병원 좌전지교돌상                                                                                        
2021.06.13 배다리보배        12 마리동물병원 우전지파행                                                                                          
2021.06.13 버닝건            07 마리동물병원 양전지교돌상                                                                                        
2021.06.13 스마트모드        12 마리동물병원 우중수부찰과상                                                                                      
2021.06.13 스카이모어        08 마리동물병원 우전지교돌상                                                                                        
2021.06.13 스타티세          12 마리동물병원 좌전지교돌상                                                                                        
2021.06.13 아나스타시아      24 마리동물병원 양전지교돌상,진정(보정)                                                                             
2021.06.13 아델로사리오      01 마리동물병원 산통                                                                                                
2021.06.13 아델스파이크      01 마리동물병원 우후지교돌상                                                                                        
2021.06.13 어게인헬렌        09 마리동물병원 우제3중수골골막염                                                                                   
2021.06.13 어플리트타핏      15 마리동물병원 양각막염                                                                                            
2021.06.13 에스엘킹          07 마리동물병원 양전구절염                                                                                          
2021.06.13 에이스붐          08 마리동물병원 우후지교돌상                                                                                        
2021.06.13 에이스포텐        08 마리동물병원 좌후지교돌상                                                                                        
2021.06.13 에코러시          26 마리동물병원 좌전지 부종                                                                                         
2021.06.13 에코레이디        30 마리동물병원 좌전지교돌상                                                                                        
2021.06.13 영광의세이브      04 마리동물병원 양전구절염,요배통                                                                                   
2021.06.13 영광의치얼스      08 마리동물병원 우전지교돌상                                                                                        
2021.06.13 영천질주          01 마리동물병원 좌전지교돌상                                                                                        
2021.06.13 운주세상          22 마리동물병원 귀진드기감염증                                                                                      
2021.06.13 원더풀월드        21 마리동물병원 좌전지교돌상                                                                                        
2021.06.13 원더풀재즈        19 마리동물병원 우전지교돌상                                                                                        
2021.06.13 원더풀피스        24 마리동물병원 우후지교돌상                                                                                        
2021.06.13 월드시카고        19 마리동물병원 우후지교돌상                                                                                        
2021.06.13 윈드하이          12 마리동물병원 좌전지교돌상                                                                                        
2021.06.13 이기다            08 마리동물병원 좌전지교돌상                                                                                        
2021.06.13 인투마린          22 마리동물병원 좌전지교돌상                                                                                        
2021.06.13 천년의질주        22 마리동물병원 우전지교돌상                                                                                        
2021.06.13 청마영웅          12 마리동물병원 좌전제관부 찰과상                                                                                   
2021.06.13 청마황후          12 마리동물병원 우전지교돌상                                                                                        
2021.06.13 캐러비언데이      07 마리동물병원 좌전지교돌상                                                                                        
2021.06.13 퀸오브더월드      26 마리동물병원 양전지파행                                                                                          
2021.06.13 퀸오브캡틴        07 마리동물병원 우전지교돌상                                                                                        
2021.06.13 크라운펑키        16 마리동물병원 정치                                                                                                
2021.06.13 크레이지콘티      19 마리동물병원 좌전지교돌상                                                                                        
2021.06.13 크로너스          19 마리동물병원 양전지교돌상                                                                                        
2021.06.13 킹삭스            19 마리동물병원 양후지 근육통                                                                                       
2021.06.13 탐라황후          12 마리동물병원 우전지교돌상                                                                                        
2021.06.13 톱베스트          30 마리동물병원 우전지교돌상                                                                                        
2021.06.13 톱파이어          08 마리동물병원 우후지교돌상                                                                                        
2021.06.13 파인의꿈          01 마리동물병원 좌후지교돌상                                                                                        
2021.06.13 판타스틱여걸      08 마리동물병원 산통,진정(보정)                                                                                     
2021.06.13 퍼스트윈드        12 마리동물병원 물리치료(쇽웨이브)                                                                                  
2021.06.13 페르디도로켓      21 마리동물병원 양후지교돌상                                                                                        
2021.06.13 퓨처킹            24 마리동물병원 우전지교돌상                                                                                        
2021.06.13 하늘울림          09 마리동물병원 좌전지 부종                                                                                         
2021.06.13 함안여항산        19 마리동물병원 운동기인성 피로회복                                                                                 
2021.06.13 해남짱돌          15 마리동물병원 마체검사                                                                                            
2021.06.13 해브어굿타임      05 마리동물병원 우전지교돌상                                                                                        
2021.06.13 해피피버          12 마리동물병원 양후지 근육통                                                                                       
2021.06.13 헌치              30 마리동물병원 우후지교돌상                                                                                        
2021.06.13 힐모어            08 마리동물병원 호흡기질환기타                                                                                      
2021.06.13 티즈비            31 부산부속동물 마체검사                                                                                            
2021.06.13 고블린            16 스마일 동물  후두염,기관지염                                                                                     
2021.06.13 골든              32 스마일 동물  좌각막찰과상                                                                                        
2021.06.13 골든메인파리      32 스마일 동물  좌각막찰과상                                                                                        
2021.06.13 골든위너          33 스마일 동물  운동기인성 피로회복                                                                                 
2021.06.13 광대승천          17 스마일 동물  좌각막찰과상                                                                                        
2021.06.13 그랜드여왕        29 스마일 동물  우각막찰과상                                                                                        
2021.06.13 금의맨            29 스마일 동물  우각막찰과상                                                                                        
2021.06.13 동남불패          14 스마일 동물  좌각막찰과상                                                                                        
2021.06.13 라온더캡틴        33 스마일 동물  우각막찰과상                                                                                        
2021.06.13 런앤드건          17 스마일 동물  좌각막찰과상                                                                                        
2021.06.13 로열티켓          05 스마일 동물  우각막찰과상                                                                                        
2021.06.13 록초이스          02 스마일 동물  좌각막찰과상                                                                                        
2021.06.13 버닝플라이        06 스마일 동물  좌각막찰과상                                                                                        
2021.06.13 블루오크          02 스마일 동물  인푸렌자예방접종,일본뇌염예방접종                                                                   
2021.06.13 블루오크          02 스마일 동물  양각막찰과상                                                                                        
2021.06.13 비케이갬블        02 스마일 동물  우각막찰과상                                                                                        
2021.06.13 비케이룩스        02 스마일 동물  우각막찰과상                                                                                        
2021.06.13 비케이존          02 스마일 동물  우각막찰과상                                                                                        
2021.06.13 비케이파워        02 스마일 동물  좌각막찰과상                                                                                        
2021.06.13 서부원더풀        16 스마일 동물  우전지 부종                                                                                         
2021.06.13 성실소녀          32 스마일 동물  좌각막찰과상                                                                                        
2021.06.13 세컨드윈드        31 스마일 동물  우각막찰과상                                                                                        
2021.06.13 솔인빅투스        16 스마일 동물  후두개포착                                                                                          
2021.06.13 스카이캡틴        02 스마일 동물  양제3중수골골막염                                                                                   
2021.06.13 스피드선샤인      16 스마일 동물  물리치료(쇽웨이브)                                                                                  
2021.06.13 스피드퓨리        16 스마일 동물  물리치료(쇽웨이브)                                                                                  
2021.06.13 신비한여인        14 스마일 동물  좌각막찰과상                                                                                        
2021.06.13 쏜살              31 스마일 동물  진정(장제)                                                                                          
2021.06.13 어퓨어굿맨        26 스마일 동물  진정(보정)                                                                                          
2021.06.13 에이원플러스      02 스마일 동물  우각막찰과상                                                                                        
2021.06.13 에코피아          02 스마일 동물  우각막찰과상                                                                                        
2021.06.13 영광의러너        04 스마일 동물  우각막찰과상                                                                                        
2021.06.13 영도갈매기        20 스마일 동물  우각막찰과상                                                                                        
2021.06.13 원더블레이드      31 스마일 동물  좌각막찰과상                                                                                        
2021.06.13 원더풀리얼티      26 스마일 동물  진정(보정)                                                                                          
2021.06.13 월드금메달        10 스마일 동물  우각막찰과상                                                                                        
2021.06.13 유로공주          20 스마일 동물  우각막찰과상                                                                                        
2021.06.13 유로신화          06 스마일 동물  우각막찰과상                                                                                        
2021.06.13 재도약의반석      05 스마일 동물  우각막찰과상                                                                                        
2021.06.13 천년의약속        04 스마일 동물  우각막찰과상                                                                                        
2021.06.13 천하넘버원        06 스마일 동물  좌각막찰과상                                                                                        
2021.06.13 청담드라이브      14 스마일 동물  우각막찰과상                                                                                        
2021.06.13 최강일세          02 스마일 동물  우각막찰과상                                                                                        
2021.06.13 칼마크            14 스마일 동물  우각막찰과상                                                                                        
2021.06.13 캐치더선          16 스마일 동물  물리치료(쇽웨이브)                                                                                  
2021.06.13 케이케이원        33 스마일 동물  좌각막찰과상                                                                                        
2021.06.13 투투칼턴          02 스마일 동물  좌각막찰과상                                                                                        
2021.06.13 판타스틱리더      04 스마일 동물  우각막찰과상                                                                                        
2021.06.13 해피매직          10 스마일 동물  좌각막찰과상                                                                                        
2021.06.13 해피윈드          06 스마일 동물  우각막찰과상                                                                                        
2021.06.13 행복시대          02 스마일 동물  좌각막찰과상                                                                                        
2021.06.13 허니라이언        04 스마일 동물  인푸렌자예방접종,일본뇌염예방접종                                                                   
2021.06.13 호랭이            04 스마일 동물  좌각막찰과상                                                                                        
2021.06.13 화이트갤로퍼      33 스마일 동물  양각막찰과상                                                                                        
2021.06.14 경주의두레박      08 마리동물병원 좌전지교돌상                                                                                        
2021.06.14 골든벼락          19 마리동물병원 귀진드기감염증                                                                                      
2021.06.14 글로리킹          22 마리동물병원 양전지 근육통                                                                                       
2021.06.14 금아인피니티      19 마리동물병원 양전지교돌상                                                                                        
2021.06.14 금아캐벌리        19 마리동물병원 우완관절염                                                                                          
2021.06.14 나이스원          21 마리동물병원 우전지교돌상                                                                                        
2021.06.14 달이뜨니          22 마리동물병원 양후지 근육통                                                                                       
2021.06.14 대동기상          24 마리동물병원 좌후지교돌상                                                                                        
2021.06.14 디바인뮤직        09 마리동물병원 우중수부찰과상                                                                                      
2021.06.14 디바인퀸          12 마리동물병원 양후지 근육통                                                                                       
2021.06.14 럭키런            05 마리동물병원 양전구절염,좌완관절염                                                                               
2021.06.14 레이디러브        04 마리동물병원 요배통                                                                                              
2021.06.14 루시의기적        13 마리동물병원 양제3중수골골막염                                                                                   
2021.06.14 리아논포인트      12 마리동물병원 양후지 근육통                                                                                       
2021.06.14 리얼리칸          06 마리동물병원 요배통                                                                                              
2021.06.14 리턴오브섭서디    22 마리동물병원 좌전지교돌상                                                                                        
2021.06.14 마스터터치        21 마리동물병원 우중족부찰과상                                                                                      
2021.06.14 마이퀸            26 마리동물병원 좌측피열연골염                                                                                      
2021.06.14 마하로드          24 마리동물병원 좌전지교돌상                                                                                        
2021.06.14 매직파트너        05 마리동물병원 좌전지교돌상                                                                                        
2021.06.14 모닝코리아        15 마리동물병원 요배통                                                                                              
2021.06.14 무적불패          08 마리동물병원 우전지교돌상                                                                                        
2021.06.14 미스터한센        19 마리동물병원 좌후지교돌상                                                                                        
2021.06.14 밀리언메이커      15 마리동물병원 양전구절염                                                                                          
2021.06.14 바베어리언        26 마리동물병원 요배통                                                                                              
2021.06.14 배다리강호        12 마리동물병원 좌전지교돌상                                                                                        
2021.06.14 배다리보배        12 마리동물병원 우전지파행                                                                                          
2021.06.14 백두정기          22 마리동물병원 양후지 근육통                                                                                       
2021.06.14 버닝건            07 마리동물병원 양전지교돌상                                                                                        
2021.06.14 베이비라인        21 마리동물병원 양제3중수골골막염                                                                                   
2021.06.14 본마타            15 마리동물병원 양후지 근육통                                                                                       
2021.06.14 부산미소          22 마리동물병원 우전지교돌상                                                                                        
2021.06.14 사이먼탑건        18 마리동물병원 양후지 근육통                                                                                       
2021.06.14 소머치고          22 마리동물병원 운동기인성 피로회복(수액처치)                                                                       
2021.06.14 소머치고          22 마리동물병원 운동기인성 피로회복(수액처치)                                                                       
2021.06.14 스타티세          12 마리동물병원 좌전지교돌상                                                                                        
2021.06.14 스톰섀도          22 마리동물병원 양후지 근육통                                                                                       
2021.06.14 아나스타시아      24 마리동물병원 양전지교돌상                                                                                        
2021.06.14 어게인헬렌        09 마리동물병원 우제3중수골골막염                                                                                   
2021.06.14 에스엘킹          07 마리동물병원 양전구절염                                                                                          
2021.06.14 에이스질주        18 마리동물병원 운동기인성 피로회복(수액처치)                                                                       
2021.06.14 에이스질주        18 마리동물병원 운동기인성 피로회복(수액처치)                                                                       
2021.06.14 에코레이디        30 마리동물병원 좌전지교돌상                                                                                        
2021.06.14 영광의세이브      04 마리동물병원 양전구절염,요배통                                                                                   
2021.06.14 영광의타임        22 마리동물병원 양후지 근육통                                                                                       
2021.06.14 영성에이스        26 마리동물병원 운동기인성 피로회복                                                                                 
2021.06.14 원더러너          26 마리동물병원 운동기인성 피로회복                                                                                 
2021.06.14 원더풀월드        21 마리동물병원 좌전지교돌상                                                                                        
2021.06.14 원더풀페이거      15 마리동물병원 양제3중수골골막염                                                                                   
2021.06.14 원더풀피스        24 마리동물병원 우후지교돌상                                                                                        
2021.06.14 월드톱            21 마리동물병원 양전지 근육통                                                                                       
2021.06.14 윈드하이          12 마리동물병원 좌전지교돌상                                                                                        
2021.06.14 이기다            08 마리동물병원 좌전지교돌상                                                                                        
2021.06.14 인투마린          22 마리동물병원 좌전지교돌상                                                                                        
2021.06.14 천년의약속        04 마리동물병원 좌전지 근육통                                                                                       
2021.06.14 천년의질주        22 마리동물병원 우전지교돌상                                                                                        
2021.06.14 청마영웅          12 마리동물병원 좌전제관부 찰과상                                                                                   
2021.06.14 청마황후          12 마리동물병원 우전지교돌상                                                                                        
2021.06.14 최강드래곤        22 마리동물병원 좌후지교돌상                                                                                        
2021.06.14 치트키            16 마리동물병원 양전지 근육통                                                                                       
2021.06.14 캐치더스카이      22 마리동물병원 양후지 근육통                                                                                       
2021.06.14 컬린타임          21 마리동물병원 양전지 근육통                                                                                       
2021.06.14 케이축제          13 마리동물병원 좌전지교돌상                                                                                        
2021.06.14 퀸오브더월드      26 마리동물병원 양전지파행                                                                                          
2021.06.14 클린샷            22 마리동물병원 양후지 근육통                                                                                       
2021.06.14 킹알리바바        99 마리동물병원 좌요완관절 퇴행성관절염                                                                             
2021.06.14 킹오브더매치      19 마리동물병원 귀진드기감염증                                                                                      
2021.06.14 탐라황후          12 마리동물병원 우전지교돌상                                                                                        
2021.06.14 톱오브코리아      26 마리동물병원 요배통                                                                                              
2021.06.14 톱파이어          08 마리동물병원 우후지교돌상                                                                                        
2021.06.14 파워풀레전드      22 마리동물병원 양후지 근육통                                                                                       
2021.06.14 판타스틱여걸      08 마리동물병원 신경계질환기타                                                                                      
2021.06.14 퍼니라이프        22 마리동물병원 좌전관골류                                                                                          
2021.06.14 폭풍언덕          15 마리동물병원 요배통                                                                                              
2021.06.14 퓨어킹            30 마리동물병원 좌후지 부종                                                                                         
2021.06.14 퓨처킹            24 마리동물병원 우전지교돌상                                                                                        
2021.06.14 한빛영광          22 마리동물병원 물리치료(쇽웨이브)                                                                                  
2021.06.14 해브어굿타임      05 마리동물병원 우전지교돌상                                                                                        
2021.06.14 해피피버          12 마리동물병원 양후지 근육통                                                                                       
2021.06.14 헌치              30 마리동물병원 우후지교돌상                                                                                        
2021.06.14 황금벌마          22 마리동물병원 양후지 근육통                                                                                       
2021.06.14 판타스틱여걸      08 부산부속동물 신경계질환기타                                                                                      
2021.06.14 고블린            16 스마일 동물  후두염,기관지염                                                                                     
2021.06.14 골든메인파리      32 스마일 동물  좌각막찰과상                                                                                        
2021.06.14 광대승천          17 스마일 동물  좌각막찰과상                                                                                        
2021.06.14 그랜드여왕        29 스마일 동물  우각막찰과상                                                                                        
2021.06.14 글로벌톱          29 스마일 동물  좌각막찰과상                                                                                        
2021.06.14 금의맨            29 스마일 동물  우각막찰과상                                                                                        
2021.06.14 닥터자이언츠      01 스마일 동물  우전지교돌상                                                                                        
2021.06.14 닥터카이로        01 스마일 동물  운동기인성 피로회복                                                                                 
2021.06.14 닥터텍사스        01 스마일 동물  우각막찰과상                                                                                        
2021.06.14 닥터파라오        01 스마일 동물  운동기인성 피로회복                                                                                 
2021.06.14 닥터파피아누      01 스마일 동물  운동기인성 피로회복(수액처치)                                                                       
2021.06.14 닥터파피아누      01 스마일 동물  운동기인성 피로회복(수액처치)                                                                       
2021.06.14 대호질주          01 스마일 동물  좌각막찰과상                                                                                        
2021.06.14 라온더스타        33 스마일 동물  우전지 근육통                                                                                       
2021.06.14 로열티켓          05 스마일 동물  우각막찰과상                                                                                        
2021.06.14 본마타            15 스마일 동물  인푸렌자예방접종,일본뇌염예방접종                                                                   
2021.06.14 블루오크          02 스마일 동물  양각막찰과상                                                                                        
2021.06.14 비케이갬블        02 스마일 동물  우각막찰과상                                                                                        
2021.06.14 비케이룩스        02 스마일 동물  우각막찰과상                                                                                        
2021.06.14 비케이존          02 스마일 동물  우각막찰과상                                                                                        
2021.06.14 비케이파워        02 스마일 동물  좌각막찰과상                                                                                        
2021.06.14 성실소녀          32 스마일 동물  좌각막찰과상                                                                                        
2021.06.14 솔인빅투스        16 스마일 동물  후두개포착                                                                                          
2021.06.14 수소탱크          10 스마일 동물  좌각막찰과상                                                                                        
2021.06.14 승리매직퀸        31 스마일 동물  좌후지 부종                                                                                         
2021.06.14 시선강탈          16 스마일 동물  좌각막찰과상                                                                                        
2021.06.14 아델골드          01 스마일 동물  운동기인성 피로회복                                                                                 
2021.06.14 아델로사리오      01 스마일 동물  운동기인성 피로회복                                                                                 
2021.06.14 아델소프트        01 스마일 동물  운동기인성 피로회복(수액처치)                                                                       
2021.06.14 아델소프트        01 스마일 동물  운동기인성 피로회복(수액처치)                                                                       
2021.06.14 어퓨어굿맨        26 스마일 동물  진정(보정)                                                                                          
2021.06.14 에코피아          02 스마일 동물  우각막찰과상                                                                                        
2021.06.14 영광의러너        04 스마일 동물  우각막찰과상                                                                                        
2021.06.14 영도갈매기        20 스마일 동물  우각막찰과상                                                                                        
2021.06.14 영성퀸            20 스마일 동물  좌각막찰과상                                                                                        
2021.06.14 영성프린스        20 스마일 동물  좌각막찰과상                                                                                        
2021.06.14 영원파워          01 스마일 동물  운동기인성 피로회복(수액처치)                                                                       
2021.06.14 영원파워          01 스마일 동물  운동기인성 피로회복(수액처치)                                                                       
2021.06.14 영천질주          01 스마일 동물  우각막찰과상                                                                                        
2021.06.14 와이즈보이        20 스마일 동물  우각막찰과상                                                                                        
2021.06.14 원더블레이드      31 스마일 동물  우전지파행                                                                                          
2021.06.14 위너스맨          20 스마일 동물  좌각막찰과상                                                                                        
2021.06.14 유로공주          20 스마일 동물  우각막찰과상                                                                                        
2021.06.14 최강일세          02 스마일 동물  우각막찰과상                                                                                        
2021.06.14 탄젠트            99 스마일 동물  운동기인성 피로회복                                                                                 
2021.06.14 투투칼턴          02 스마일 동물  좌각막찰과상                                                                                        
2021.06.14 티즈비            31 스마일 동물  우전지파행                                                                                          
2021.06.14 파인의꿈          01 스마일 동물  좌각막찰과상                                                                                        
2021.06.14 판타스틱리더      04 스마일 동물  우각막찰과상                                                                                        
2021.06.14 해피매직          10 스마일 동물  좌각막찰과상                                                                                        
2021.06.14 해피윈드          06 스마일 동물  우각막찰과상                                                                                        
2021.06.14 행복시대          02 스마일 동물  요배통                                                                                              
2021.06.14 호랭이            04 스마일 동물  좌각막찰과상                                                                                        
2021.06.14 화랑베스트        01 스마일 동물  운동기인성 피로회복                                                                                 
2021.06.14 화이트갤로퍼      33 스마일 동물  양각막찰과상                                                                                        
2021.06.15 글로리킹          22 마리동물병원 양전지 근육통                                                                                       
2021.06.15 금아캐벌리        19 마리동물병원 우완관절염                                                                                          
2021.06.15 나이스원          21 마리동물병원 우전지교돌상                                                                                        
2021.06.15 느닷              21 마리동물병원 운동기인성 피로회복(수액처치)                                                                       
2021.06.15 느닷              21 마리동물병원 운동기인성 피로회복(수액처치)                                                                       
2021.06.15 달이뜨니          22 마리동물병원 양후지 근육통                                                                                       
2021.06.15 디바인퀸          12 마리동물병원 양후지 근육통                                                                                       
2021.06.15 럭키런            05 마리동물병원 양전구절염,좌완관절염                                                                               
2021.06.15 레이디러브        04 마리동물병원 요배통                                                                                              
2021.06.15 리아논포인트      12 마리동물병원 양후지 근육통                                                                                       
2021.06.15 리턴오브섭서디    22 마리동물병원 좌전지교돌상                                                                                        
2021.06.15 마이퀸            26 마리동물병원 운동기인성 피로회복                                                                                 
2021.06.15 마이퀸            26 마리동물병원 좌측피열연골염                                                                                      
2021.06.15 모닝코리아        15 마리동물병원 요배통                                                                                              
2021.06.15 밀리언메이커      15 마리동물병원 양전구절염                                                                                          
2021.06.15 바베어리언        26 마리동물병원 요배통                                                                                              
2021.06.15 배다리강호        12 마리동물병원 좌전지교돌상                                                                                        
2021.06.15 배다리보배        12 마리동물병원 우전지파행                                                                                          
2021.06.15 백두정기          22 마리동물병원 양후지 근육통                                                                                       
2021.06.15 베이비라인        21 마리동물병원 양제3중수골골막염                                                                                   
2021.06.15 본마타            15 마리동물병원 양후지 근육통                                                                                       
2021.06.15 부산미소          22 마리동물병원 우전지교돌상                                                                                        
2021.06.15 사이먼탑건        18 마리동물병원 양후지 근육통                                                                                       
2021.06.15 스타티세          12 마리동물병원 좌전지교돌상                                                                                        
2021.06.15 스톰섀도          22 마리동물병원 물리치료(쇽웨이브)                                                                                  
2021.06.15 아나스타시아      24 마리동물병원 양전지교돌상                                                                                        
2021.06.15 에코레이디        30 마리동물병원 좌후지파행                                                                                          
2021.06.15 영광의세이브      04 마리동물병원 양전구절염,요배통                                                                                   
2021.06.15 영광의타임        22 마리동물병원 양후지 근육통                                                                                       
2021.06.15 운주세상          22 마리동물병원 건강검진                                                                                            
2021.06.15 원더풀페이거      15 마리동물병원 양제3중수골골막염                                                                                   
2021.06.15 월드톱            21 마리동물병원 양전지 근육통                                                                                       
2021.06.15 윈드하이          12 마리동물병원 좌전지교돌상                                                                                        
2021.06.15 이기다            08 마리동물병원 좌전지교돌상                                                                                        
2021.06.15 천년의약속        04 마리동물병원 좌전지 근육통                                                                                       
2021.06.15 천년의질주        22 마리동물병원 우전지교돌상                                                                                        
2021.06.15 청마영웅          12 마리동물병원 좌전제관부 찰과상                                                                                   
2021.06.15 최강드래곤        22 마리동물병원 좌후지교돌상                                                                                        
2021.06.15 치트키            16 마리동물병원 양전지 근육통                                                                                       
2021.06.15 캐치더스카이      22 마리동물병원 양후지 근육통                                                                                       
2021.06.15 컬린타임          21 마리동물병원 양전지 근육통                                                                                       
2021.06.15 퀸오브더월드      26 마리동물병원 양전지파행                                                                                          
2021.06.15 클린샷            22 마리동물병원 양후지 근육통                                                                                       
2021.06.15 킹알리바바        99 마리동물병원 좌요완관절 퇴행성관절염                                                                             
2021.06.15 탐라황후          12 마리동물병원 우전지교돌상                                                                                        
2021.06.15 톱오브코리아      26 마리동물병원 요배통                                                                                              
2021.06.15 파워풀레전드      22 마리동물병원 양후지 근육통                                                                                       
2021.06.15 판타스틱여걸      08 마리동물병원 신경계질환기타                                                                                      
2021.06.15 퍼니라이프        22 마리동물병원 좌전관골류                                                                                          
2021.06.15 폭풍언덕          15 마리동물병원 요배통                                                                                              
2021.06.15 퓨어킹            30 마리동물병원 좌후지 부종                                                                                         
2021.06.15 한빛영광          22 마리동물병원 양후지 근육통                                                                                       
2021.06.15 해브어굿타임      05 마리동물병원 우전지교돌상                                                                                        
2021.06.15 해피피버          12 마리동물병원 양후지 근육통                                                                                       
2021.06.15 헌치              30 마리동물병원 우후지교돌상                                                                                        
2021.06.15 황금벌마          22 마리동물병원 양후지 근육통                                                                                       
2021.06.15 고블린            16 스마일 동물  후두염,기관지염                                                                                     
2021.06.15 골든메인파리      32 스마일 동물  좌각막찰과상                                                                                        
2021.06.15 글로벌톱          29 스마일 동물  좌각막찰과상                                                                                        
2021.06.15 라온더스타        33 스마일 동물  우전지 근육통                                                                                       
2021.06.15 솔인빅투스        16 스마일 동물  후두개포착                                                                                          
2021.06.15 승리매직퀸        31 스마일 동물  좌후지 부종                                                                                         
2021.06.15 시선강탈          16 스마일 동물  좌각막찰과상                                                                                        
2021.06.15 영도갈매기        20 스마일 동물  우각막찰과상                                                                                        
2021.06.15 영성퀸            20 스마일 동물  좌각막찰과상                                                                                        
2021.06.15 영성프린스        20 스마일 동물  좌각막찰과상                                                                                        
2021.06.15 영천질주          01 스마일 동물  우각막찰과상                                                                                        
2021.06.15 와이즈보이        20 스마일 동물  우각막찰과상                                                                                        
2021.06.15 원더블레이드      31 스마일 동물  우전지파행                                                                                          
2021.06.15 위너스맨          20 스마일 동물  좌각막찰과상                                                                                        
2021.06.15 유로공주          20 스마일 동물  우각막찰과상                                                                                        
2021.06.15 티즈비            31 스마일 동물  우전지파행                                                                                          
2021.06.15 파인의꿈          01 스마일 동물  좌각막찰과상                                                                                        
2021.06.15 화이트갤로퍼      33 스마일 동물  양각막찰과상                                                                                        
2021.06.16 구름속산책        15 마리동물병원 정치                                                                                                
2021.06.16 금아캐벌리        19 마리동물병원 우완관절염                                                                                          
2021.06.16 닥터파피아누      01 마리동물병원 운동기인성 피로회복(수액처치)                                                                       
2021.06.16 닥터파피아누      01 마리동물병원 운동기인성 피로회복(수액처치)                                                                       
2021.06.16 대망의길          24 마리동물병원 물리치료(쇽웨이브)                                                                                  
2021.06.16 동트자데이        22 마리동물병원 산통                                                                                                
2021.06.16 디바인퀸          12 마리동물병원 양후지 근육통                                                                                       
2021.06.16 리아논포인트      12 마리동물병원 양후지 근육통                                                                                       
2021.06.16 마이퀸            26 마리동물병원 좌측피열연골염                                                                                      
2021.06.16 미스터한센        19 마리동물병원 물리치료(쇽웨이브)                                                                                  
2021.06.16 바베어리언        26 마리동물병원 요배통                                                                                              
2021.06.16 배다리보배        12 마리동물병원 우전지파행                                                                                          
2021.06.16 베이비라인        21 마리동물병원 양제3중수골골막염                                                                                   
2021.06.16 불멸의길          24 마리동물병원 양전지교돌상                                                                                        
2021.06.16 블루파워          24 마리동물병원 물리치료(쇽웨이브)                                                                                  
2021.06.16 소머치고          22 마리동물병원 운동기인성 피로회복(수액처치)                                                                       
2021.06.16 소머치고          22 마리동물병원 운동기인성 피로회복(수액처치)                                                                       
2021.06.16 시티블레이드      04 마리동물병원 마비성근색소뇨증                                                                                    
2021.06.16 아나스타시아      24 마리동물병원 물리치료(쇽웨이브)                                                                                  
2021.06.16 아델로사리오      01 마리동물병원 양후지 근육통                                                                                       
2021.06.16 알파어게인        01 마리동물병원 운동기인성 피로회복(수액처치)                                                                       
2021.06.16 알파어게인        01 마리동물병원 운동기인성 피로회복(수액처치)                                                                       
2021.06.16 엘클라시코        22 마리동물병원 귀진드기감염증                                                                                      
2021.06.16 영광의타임        22 마리동물병원 양후지 근육통                                                                                       
2021.06.16 영성특급          26 마리동물병원 건강검진                                                                                            
2021.06.16 영원파워          01 마리동물병원 정치                                                                                                
2021.06.16 영천질주          01 마리동물병원 양전구절염                                                                                          
2021.06.16 온누리강자        12 마리동물병원 양후지교돌상                                                                                        
2021.06.16 원더러너          26 마리동물병원 우완슬부찰과상                                                                                      
2021.06.16 원더풀라이언      26 마리동물병원 우전지 부종                                                                                         
2021.06.16 원더풀페이거      15 마리동물병원 양제3중수골골막염                                                                                   
2021.06.16 월드천사          12 마리동물병원 양후지 근육통                                                                                       
2021.06.16 월드톱            21 마리동물병원 양전지 근육통                                                                                       
2021.06.16 이기다            08 마리동물병원 좌전지교돌상                                                                                        
2021.06.16 제라              09 마리동물병원 요배통                                                                                              
2021.06.16 천년의강          99 마리동물병원 정치                                                                                                
2021.06.16 천년의질주        22 마리동물병원 우전지교돌상                                                                                        
2021.06.16 천하넘버원        06 마리동물병원 거세술                                                                                              
2021.06.16 청마영웅          12 마리동물병원 좌전제관부 찰과상                                                                                   
2021.06.16 치트키            16 마리동물병원 양전지 근육통                                                                                       
2021.06.16 캐치더빅토리      07 마리동물병원 정치                                                                                                
2021.06.16 캐치더빅토리      07 마리동물병원 운동기인성 피로회복(수액처치)                                                                       
2021.06.16 캐치더빅토리      07 마리동물병원 운동기인성 피로회복(수액처치)                                                                       
2021.06.16 컬린타임          21 마리동물병원 양전지 근육통                                                                                       
2021.06.16 클리프턴킹        19 마리동물병원 산통                                                                                                
2021.06.16 탐라황후          12 마리동물병원 우전지교돌상                                                                                        
2021.06.16 테이크인디킹      99 마리동물병원 정치                                                                                                
2021.06.16 톱오브코리아      26 마리동물병원 요배통                                                                                              
2021.06.16 판타스틱여걸      08 마리동물병원 신경계질환기타                                                                                      
2021.06.16 패트리엇          30 마리동물병원 양후지 부종                                                                                         
2021.06.16 플라잉리걸        15 마리동물병원 정치                                                                                                
2021.06.16 해운대블루        04 마리동물병원 진정(장제)                                                                                          
2021.06.16 해피피버          12 마리동물병원 양후지 근육통                                                                                       
2021.06.16 화랑에이스        01 마리동물병원 양후지 근육통                                                                                       
2021.06.16 매직파트너        05 부산부속동물 우중수부중간부굴건건초염,우중수부중간부천지굴건염                                                   
2021.06.16 제마포춘          05 부산부속동물 양완관절염,양요골원위단골편골절                                                                     
2021.06.16 타핏원더풀        21 부산부속동물 술후처치(관절경이용술)                                                                              
2021.06.16 가속주니어        31 스마일 동물  진정(보정)                                                                                          
2021.06.16 고블린            16 스마일 동물  후두염,기관지염                                                                                     
2021.06.16 골든위너          33 스마일 동물  운동기인성 피로회복                                                                                 
2021.06.16 동반의시작        16 스마일 동물  정치                                                                                                
2021.06.16 라온더밀리언      33 스마일 동물  좌각막찰과상                                                                                        
2021.06.16 라온더파워        33 스마일 동물  운동기인성 피로회복                                                                                 
2021.06.16 런앤드건          17 스마일 동물  운동기인성 피로회복                                                                                 
2021.06.16 마크스타          33 스마일 동물  좌각막찰과상                                                                                        
2021.06.16 마하타이탄        33 스마일 동물  운동기인성 피로회복                                                                                 
2021.06.16 무패찰리          06 스마일 동물  운동기인성 피로회복                                                                                 
2021.06.16 성산히어로        16 스마일 동물  정치                                                                                                
2021.06.16 센텀토르          33 스마일 동물  우각막찰과상                                                                                        
2021.06.16 솔인빅투스        16 스마일 동물  후두개포착                                                                                          
2021.06.16 승리매직퀸        31 스마일 동물  좌후지 부종                                                                                         
2021.06.16 신비한여인        14 스마일 동물  우후지교돌상                                                                                        
2021.06.16 아침빛            33 스마일 동물  우각막찰과상                                                                                        
2021.06.16 여수토네이도      33 스마일 동물  좌각막찰과상                                                                                        
2021.06.16 오르다            14 스마일 동물  우후지교돌상                                                                                        
2021.06.16 오버더힐          26 스마일 동물  진정(보정)                                                                                          
2021.06.16 용가리            32 스마일 동물  우각막찰과상                                                                                        
2021.06.16 원더블레이드      31 스마일 동물  우전지파행                                                                                          
2021.06.16 원더풀리얼티      26 스마일 동물  진정(보정)                                                                                          
2021.06.16 원더풀윙스        26 스마일 동물  진정(보정)                                                                                          
2021.06.16 원더풀플래시      26 스마일 동물  진정(보정)                                                                                          
2021.06.16 장산망치          14 스마일 동물  운동기인성 피로회복                                                                                 
2021.06.16 케이케이원        33 스마일 동물  운동기인성 피로회복                                                                                 
2021.06.16 텐텐퀸            17 스마일 동물  운동기인성 피로회복(수액처치)                                                                       
2021.06.16 텐텐퀸            17 스마일 동물  운동기인성 피로회복(수액처치)                                                                       
2021.06.16 톱에이스          04 스마일 동물  인푸렌자예방접종,일본뇌염예방접종                                                                   
2021.06.16 티즈비            31 스마일 동물  우전지파행                                                                                          
2021.06.16 퍼플라인          33 스마일 동물  우후지 부종                                                                                         
2021.06.16 풀머니            06 스마일 동물  운동기인성 피로회복                                                                                 
2021.06.17 고블린            16 부산부속동물 후두염                                                                                              
2021.06.17 빅터바시움        31 부산부속동물 우제3완골판상골절                                                                                   
2021.06.17 솔인빅투스        16 부산부속동물 술후처치,후두개포착                                                                                 
2021.06.17 에이스챔피언      18 부산부속동물 후두성형술,좌후두편마비                                                                             
2021.06.17 라비오사          02 스마일 동물  인푸렌자예방접종,일본뇌염예방접종                                                                   
2021.06.17 비제이송          31 스마일 동물  인푸렌자예방접종,일본뇌염예방접종                                                                   
2021.06.17 비케이하나        02 스마일 동물  인푸렌자예방접종,일본뇌염예방접종                                                                   
2021.06.17 알라스카캠프      31 스마일 동물  인푸렌자예방접종,일본뇌염예방접종                                                                   
2021.06.17 행복시대          02 스마일 동물  인푸렌자예방접종,일본뇌염예방접종                                                                   
