

제목 : 21.11.13 제 72 일  토 요일   1경주;   

 1000 M   출전:11두    국6등급   ( R0~0             2세       )     출발:10:45
 별정A         일반      
  33,000,000원   13,200,000원    8,400,000원    3,000,000원    2,400,000원 
------------------------------------------------------------------------------------------------------
 마번  마   명            산지  성별 연령 중량       기수       조교사     마주              레이팅
------------------------------------------------------------------------------------------------------
   1   챔프스타일          한    암   2  53.0       조한별      안병기    박정웅                   
   2   스마트별            한    암   2  53.0       최범현      조현수    김조은                   
   3   두손판타스틱        한(포)수   2  55.0       장추열      정호익    이도명                   
   4   라온더대쉬          한    암   2  53.0       송재철      박종곤    라온산업개발(주)         
   5   아치메모리          한    암   2  53.0       김효정      심승태    이종욱                   
   6   허밍버드            한    거   2  55.0       박현우      김동균    박정배                   
   7   적토성산            한    수   2  55.0       이기회      박천서    함운일                   
   8   논스톱알리          한    수   2  55.0       다비드      이희영    태립                     
   9   컴플리트럭키        한    암   2  53.0       임기원      박재우    장세준                   
  10   동방의혼            한    수   2  55.0       이해동      서인석    서상주                   
  11   사려니로키          한    거   2  55.0       이용호      이신영    오영익                   
------------------------------------------------------------------------------------------------------
                                                                          --총전적--      --1년전적--
 마번  마  명                  수득상금     1년수득상금  6개월수득상금  1위/2위/3위/계  1위/2위/3위/계
------------------------------------------------------------------------------------------------------
   1   챔프스타일                       0             0             0    0   0   0   2   0   0   0   2
   2   스마트별                         0             0             0    0   0   0   0   0   0   0   0
   3   두손판타스틱            13,200,000    13,200,000    13,200,000    0   1   0   2   0   1   0   2
   4   라온더대쉬               4,650,000     4,650,000     4,650,000    0   0   0   2   0   0   0   2
   5   아치메모리                       0             0             0    0   0   0   0   0   0   0   0
   6   허밍버드                         0             0             0    0   0   0   0   0   0   0   0
   7   적토성산                         0             0             0    0   0   0   1   0   0   0   1
   8   논스톱알리                       0             0             0    0   0   0   0   0   0   0   0
   9   컴플리트럭키             8,400,000     8,400,000     8,400,000    0   0   1   2   0   0   1   2
  10   동방의혼                         0             0             0    0   0   0   0   0   0   0   0
  11   사려니로키                       0             0             0    0   0   0   1   0   0   0   1
------------------------------------------------------------------------------------------------------


제목 : 21.11.13 제 72 일  토 요일   2경주;   

 1000 M   출전:10두    국6등급   ( R0~0             2세       )     출발:11:35
 별정A         일반      
  33,000,000원   13,200,000원    8,400,000원    3,000,000원    2,400,000원 
------------------------------------------------------------------------------------------------------
 마번  마   명            산지  성별 연령 중량       기수       조교사     마주              레이팅
------------------------------------------------------------------------------------------------------
   1   원더풀키티          한    암   2  53.0       이철경      서인석    지대섭                   
   2   금아위티            한    암   2  53.0       김정준      박천서    금아산업(주)             
   3   나올챔프            한    암   2  53.0       최범현      심승태    이경호a                  
   4   천지의빛            한    암   2  53.0       김동수      김동균    최임규                   
   5   슈퍼아이            한    암   2  53.0       박을운      김동철    금악목장                 
   6   이천아치            한    암   2  53.0       하정훈      이준철    이종욱                   
   7   매직주드            한    암   2  53.0       송재철      서인석    최상일                   
   8   백일홍              한    암   2  53.0       최원준      이희영    김창국                   
   9   천스닥              한    암   2  53.0       박병윤      김윤섭    조금제                   
  10   피엔에스찬스        한    암   2  53.0       박현우      박윤규    피엔에스커튼월           
------------------------------------------------------------------------------------------------------
                                                                          --총전적--      --1년전적--
 마번  마  명                  수득상금     1년수득상금  6개월수득상금  1위/2위/3위/계  1위/2위/3위/계
------------------------------------------------------------------------------------------------------
   1   원더풀키티                       0             0             0    0   0   0   1   0   0   0   1
   2   금아위티                         0             0             0    0   0   0   0   0   0   0   0
   3   나올챔프                         0             0             0    0   0   0   0   0   0   0   0
   4   천지의빛                         0             0             0    0   0   0   2   0   0   0   2
   5   슈퍼아이                         0             0             0    0   0   0   0   0   0   0   0
   6   이천아치                13,200,000    13,200,000    13,200,000    0   1   0   1   0   1   0   1
   7   매직주드                         0             0             0    0   0   0   2   0   0   0   2
   8   백일홍                           0             0             0    0   0   0   0   0   0   0   0
   9   천스닥                           0             0             0    0   0   0   1   0   0   0   1
  10   피엔에스찬스                     0             0             0    0   0   0   0   0   0   0   0
------------------------------------------------------------------------------------------------------


제목 : 21.11.13 제 72 일  토 요일   3경주;   

 1200 M   출전:13두    국6등급   ( R0~0             연령오픈  )     출발:12:40
 별정A         일반      
  13,750,000원    5,500,000원    3,500,000원    1,250,000원    1,000,000원 
------------------------------------------------------------------------------------------------------
 마번  마   명            산지  성별 연령 중량       기수       조교사     마주              레이팅
------------------------------------------------------------------------------------------------------
   1   플렉스퀸            한    암   3  54.0       이용호      임봉춘    김철                     
   2   럭키크라운          한    암   2  53.0       송재철      배휴준    이미경                   
   3   과천신세계          한    암   3  54.0       하정훈      신삼영    김성진                   
   4   벚꽃블레이드        한    암   2  50.0   (-4)김태희      토니      김병진                   
   5   라게르타            한    암   3  54.0       박병윤      이신영    이성영                   
   6   어드밴스            한(포)암   4  54.0       정평수      최봉주    정승희                   
   7   엘리트룰즈          한    암   3  54.0       다비드      이희영    태희종합건설             
   8   금국화              한    암   3  54.0       장추열      우창구    배태곤                   
   9   이스트매직          한    암   3  54.0       임기원      박재우    김영구                   
  10   정겨운              한    암   3  54.0       박상우      유재길    이장운                   
  11   히트하트            한    암   4  54.0       최원준      박천서    정승희                   
  12   푸른요정            한    암   2  53.0       김동수      안병기    우태율                   
  13   아이언로즈          한    암   3  54.0       지하주      신삼영    김선식                   
------------------------------------------------------------------------------------------------------
                                                                          --총전적--      --1년전적--
 마번  마  명                  수득상금     1년수득상금  6개월수득상금  1위/2위/3위/계  1위/2위/3위/계
------------------------------------------------------------------------------------------------------
   1   플렉스퀸                 1,540,000     1,540,000     1,540,000    0   0   0   5   0   0   0   4
   2   럭키크라운               8,400,000     8,400,000     8,400,000    0   0   1   3   0   0   1   3
   3   과천신세계               3,080,000     3,080,000             0    0   0   0  10   0   0   0   7
   4   벚꽃블레이드                     0             0             0    0   0   0   1   0   0   0   1
   5   라게르타                 9,900,000     9,900,000     9,900,000    1   0   0   9   1   0   0   9
   6   어드밴스                 6,820,000     6,820,000     3,080,000    0   0   2  13   0   0   2  11
   7   엘리트룰즈               5,620,000     5,620,000     5,620,000    0   0   1   6   0   0   1   6
   8   금국화                  11,120,000    11,120,000    10,120,000    0   1   1   8   0   1   1   8
   9   이스트매직               1,250,000     1,250,000     1,250,000    0   0   0   4   0   0   0   4
  10   정겨운                           0             0             0    0   0   0   5   0   0   0   5
  11   히트하트                         0             0             0    0   0   0   6   0   0   0   4
  12   푸른요정                 8,700,000     8,700,000     8,700,000    0   0   1   3   0   0   1   3
  13   아이언로즈                       0             0             0    0   0   0   7   0   0   0   6
------------------------------------------------------------------------------------------------------


제목 : 21.11.13 제 72 일  토 요일   4경주;   

 1300 M   출전:14두    국6등급   ( R0~0             연령오픈  )     출발:13:45
 별정A         일반      
  13,750,000원    5,500,000원    3,500,000원    1,250,000원    1,000,000원 
------------------------------------------------------------------------------------------------------
 마번  마   명            산지  성별 연령 중량       기수       조교사     마주              레이팅
------------------------------------------------------------------------------------------------------
   1   마이리더            한    수   3  56.0       장추열      정호익    백국인                   
   2   원더풀파워          한    수   4  56.0       박병윤      손영표    김은갑                   
   3   메인오브킹          한    거   3  52.0   (-4)김아현      이관호    손병현                   
   4   인디라이트          한    암   3  54.0       문정균      최상식    변갑한                   
   5   최강돌진            한    수   3  56.0       김효정      김동철    김선식                   
   6   멋진가람            한    암   3  54.0       최원준      박윤규    정기찬                   
   7   데스크탑            한    수   3  56.0       다비드      배휴준    조금제                   
   8   퀸라이언            한    암   4  54.0       지하주      조현수    신우철                   
   9   선더소니아          한    암   4  54.0       박상우      박대흥    임영수                   
  10   부케팔로스          한    수   3  56.0       정평수      유재길    권택종                   
  11   바람과함께          한    수   3  56.0       이철경      서인석    양현모                   
  12   리얼콩코드          한    암   3  54.0       송재철      신삼영    이진경                   
  13   원더풀캣            한    암   4  50.0   (-4)김태희      임채덕    (주)녹원목장             
  14   베스트빅뱅          한    거   3  56.0       김동수      박재우    김태성                   
------------------------------------------------------------------------------------------------------
                                                                          --총전적--      --1년전적--
 마번  마  명                  수득상금     1년수득상금  6개월수득상금  1위/2위/3위/계  1위/2위/3위/계
------------------------------------------------------------------------------------------------------
   1   마이리더                         0             0             0    0   0   0   7   0   0   0   7
   2   원더풀파워               5,600,000             0             0    0   0   1   8   0   0   0   5
   3   메인오브킹               7,040,000     7,040,000     7,040,000    0   1   0   8   0   1   0   6
   4   인디라이트                       0             0             0    0   0   0   8   0   0   0   7
   5   최강돌진                         0             0             0    0   0   0   4   0   0   0   4
   6   멋진가람                         0             0             0    0   0   0   4   0   0   0   4
   7   데스크탑                14,080,000    14,080,000    11,660,000    0   1   1   8   0   1   1   8
   8   퀸라이언                 6,600,000             0             0    0   0   1  10   0   0   0   6
   9   선더소니아                       0             0             0    0   0   0   6   0   0   0   3
  10   부케팔로스                       0             0             0    0   0   0   4   0   0   0   4
  11   바람과함께                       0             0             0    0   0   0   5   0   0   0   5
  12   리얼콩코드              11,220,000    11,220,000     5,940,000    0   1   1   9   0   1   1   8
  13   원더풀캣                11,120,000     1,540,000             0    0   1   1  17   0   0   0   8
  14   베스트빅뱅                       0             0             0    0   0   0   5   0   0   0   5
------------------------------------------------------------------------------------------------------


제목 : 21.11.13 제 72 일  토 요일   5경주;   

 1300 M   출전:14두    국6등급   ( R0~0             연령오픈  )     출발:14:35
 별정A         일반      
  13,750,000원    5,500,000원    3,500,000원    1,250,000원    1,000,000원 
------------------------------------------------------------------------------------------------------
 마번  마   명            산지  성별 연령 중량       기수       조교사     마주              레이팅
------------------------------------------------------------------------------------------------------
   1   비엔토              한    암   3  54.0       최범현      심승태    전영애                   
   2   불화산              한    거   3  56.0       이해동      이관호    황은호                   
   3   그레이트아이        한(포)수   3  56.0       방춘식      지용철    금악목장                 
   4   럭키밸리            한    암   3  54.0       박현우      안병기    정찬헌                   
   5   킬라타스            한    수   4  56.0       김귀배      서정하    오종택                   
   6   에이스댄싱          한    암   4  54.0       문정균      최영주    김순건                   
   7   엄청난걸            한    암   3  54.0       하정훈      이준철    임한용                   
   8   빛나는질주          한    수   3  56.0       박상우      유재길    제주축산개발             
   9   강한여전사          한    암   4  54.0       지하주      신삼영    조창규                   
  10   슈퍼버드            한(포)암   3  54.0       김정준      김윤섭    최장석                   
  11   블랙킹              한    수   4  52.0   (-4)김태희      이신영    김두식                   
  12   갑오사랑해          한    암   4  54.0       김효정      김동철    김평갑                   
  13   누비강자            한    수   2  55.0       이철경      서인석    천병득                   
  14   케이엔파크          한    거   3  56.0       장추열      박대흥    조경수                   
------------------------------------------------------------------------------------------------------
                                                                          --총전적--      --1년전적--
 마번  마  명                  수득상금     1년수득상금  6개월수득상금  1위/2위/3위/계  1위/2위/3위/계
------------------------------------------------------------------------------------------------------
   1   비엔토                   4,620,000     4,620,000     1,540,000    0   0   0   5   0   0   0   4
   2   불화산                           0             0             0    0   0   0   6   0   0   0   5
   3   그레이트아이             7,150,000     7,150,000     7,150,000    0   1   0   5   0   1   0   5
   4   럭키밸리                 2,540,000     2,540,000     1,540,000    0   0   0   8   0   0   0   7
   5   킬라타스                 1,250,000             0             0    0   0   0   9   0   0   0   6
   6   에이스댄싱               1,000,000     1,000,000             0    0   0   0   4   0   0   0   4
   7   엄청난걸                 4,840,000     4,840,000     4,840,000    0   1   0   8   0   1   0   7
   8   빛나는질주               5,720,000     5,720,000     5,720,000    0   0   1   7   0   0   1   7
   9   강한여전사              11,620,000     4,180,000     4,180,000    0   1   1  16   0   0   1   9
  10   슈퍼버드                 9,680,000     9,680,000     9,680,000    0   1   1   4   0   1   1   4
  11   블랙킹                   3,960,000     3,960,000     1,540,000    0   0   0  14   0   0   0   9
  12   갑오사랑해              15,140,000     7,040,000     5,500,000    0   0   1  14   0   0   0   9
  13   누비강자                         0             0             0    0   0   0   2   0   0   0   2
  14   케이엔파크                       0             0             0    0   0   0   1   0   0   0   1
------------------------------------------------------------------------------------------------------


제목 : 21.11.13 제 72 일  토 요일   6경주;   

 1200 M   출전:10두    국5등급   ( R1~35            연령오픈  )     출발:15:30
 핸디캡        일반      
  22,000,000원    8,800,000원    5,600,000원    2,000,000원    1,600,000원 
------------------------------------------------------------------------------------------------------
 마번  마   명            산지  성별 연령 중량       기수       조교사     마주              레이팅
------------------------------------------------------------------------------------------------------
   1   플라잉빅터          한    수   3  54.5       황순도      강성오    김형순                 30
   2   라온샹젤리          한    암   3  53.5       함완식      박종곤    라온건설               32
   3   드림펠라            한    거   3  55.0       김동수      전승규    드림커뮤니티           31
   4   아델머스탱          한    수   3  52.0       박현우      송문길    이종훈                 25
   5   럭키마이더스        한    수   5  53.0       박병윤      김윤섭    조창규                 27
   6   지산군              한    수   3  55.5       이철경      이관호    (주)인펨               32
   7   금아플로러스        한    수   4  53.5       이용호      이신영    금아산업(주)           28
   8   월영이              한    암   4  51.0   (-4)김태희      홍대유    김정숙                 27
   9   원지                한    거   4  54.5       조한별      안병기    우태율                 30
  10   미사일캔디          한(포)수   6  56.0       장추열      최영주    이장운                 33
------------------------------------------------------------------------------------------------------
                                                                          --총전적--      --1년전적--
 마번  마  명                  수득상금     1년수득상금  6개월수득상금  1위/2위/3위/계  1위/2위/3위/계
------------------------------------------------------------------------------------------------------
   1   플라잉빅터              22,660,000    22,660,000    22,660,000    1   1   0   5   1   1   0   5
   2   라온샹젤리              22,270,000    22,270,000     7,000,000    0   3   1   6   0   3   1   6
   3   드림펠라                23,100,000    23,100,000     8,800,000    2   1   0   5   2   1   0   5
   4   아델머스탱              57,750,000             0             0    1   1   0   9   0   0   0   7
   5   럭키마이더스            47,970,000     3,890,000     1,650,000    1   1   2  25   0   0   0   9
   6   지산군                  22,550,000    22,550,000    22,550,000    1   1   0   6   1   1   0   6
   7   금아플로러스            31,110,000    12,870,000     7,810,000    0   2   1  11   0   1   1   6
   8   월영이                  17,740,000    16,740,000     7,500,000    0   2   1  11   0   2   1   7
   9   원지                    23,980,000    23,980,000    21,560,000    1   1   1  12   1   1   1   8
  10   미사일캔디              64,080,000             0             0    2   1   1  28   0   0   0   6
------------------------------------------------------------------------------------------------------


제목 : 21.11.13 제 72 일  토 요일   7경주;   

 1400 M   출전:12두    국5등급   ( R1~35            연령오픈  )     출발:16:30
 핸디캡        일반      
  22,000,000원    8,800,000원    5,600,000원    2,000,000원    1,600,000원 
------------------------------------------------------------------------------------------------------
 마번  마   명            산지  성별 연령 중량       기수       조교사     마주              레이팅
------------------------------------------------------------------------------------------------------
   1   쏘아라바바          한    암   3  52.0       하정훈      이준철    현태봉                 29
   2   조이오브킹          한    거   5  54.5       박을운      조현수    신우철                 30
   3   록파이터            한    수   3  55.5       김동수      최상식    강승연                 32
   4   질주대로            한    거   3  57.0       다비드      서홍수    이혜란                 35
   5   대한챔프            한    수   5  51.0   (-4)김태희      서정하    대한사료               21
   6   어플리트마린        한    암   4  52.0       방춘식      홍대유    이경희                 27
   7   마루캐슬            한    암   4  52.0       문정균      손영표    류재욱                 23
   8   바디스타            한    수   4  53.5       송재철      임봉춘    김진태a                28
   9   퍼텐셜에너지        한(포)암   4  53.0       장추열      김동철    박재범                 31
  10   어서와              한    수   3  54.5       황순도      강환민    강용식                 30
  11   청산가세            한    거   4  51.0   (-4)김아현      지용철    김종식                 30
  12   정문최강            한    거   3  54.0       박병윤      홍대유    김재영b                29
------------------------------------------------------------------------------------------------------
                                                                          --총전적--      --1년전적--
 마번  마  명                  수득상금     1년수득상금  6개월수득상금  1위/2위/3위/계  1위/2위/3위/계
------------------------------------------------------------------------------------------------------
   1   쏘아라바바              41,830,000    19,020,000    12,860,000    1   2   2  12   0   1   2   8
   2   조이오브킹              33,670,000    14,420,000     3,910,000    1   1   2  14   0   1   1   8
   3   록파이터                31,740,000    31,740,000    19,860,000    2   0   2  10   2   0   2   9
   4   질주대로                48,580,000    22,330,000    19,910,000    1   2   0  11   1   1   0   8
   5   대한챔프                28,490,000     6,410,000     6,410,000    1   1   1  21   0   0   1   8
   6   어플리트마린            17,580,000    14,080,000     8,580,000    0   2   2  10   0   2   1   7
   7   마루캐슬                21,520,000     3,920,000     3,920,000    0   2   0   9   0   0   0   7
   8   바디스타                39,530,000    12,380,000     4,620,000    1   0   3  18   0   0   2   8
   9   퍼텐셜에너지            27,850,000    12,850,000     1,650,000    2   0   0  12   1   0   0   7
  10   어서와                  24,420,000    24,420,000     8,800,000    1   1   2  10   1   1   2   9
  11   청산가세                29,110,000    29,110,000    11,310,000    1   1   1  16   1   1   1  11
  12   정문최강                17,490,000    17,490,000    14,850,000    1   0   0  10   1   0   0   8
------------------------------------------------------------------------------------------------------


제목 : 21.11.13 제 72 일  토 요일   8경주;   

 1400 M   출전:12두    혼4등급   ( R1~50            연령오픈  )     출발:17:00
 핸디캡        일반      
  33,000,000원   13,200,000원    8,400,000원    3,000,000원    2,400,000원 
------------------------------------------------------------------------------------------------------
 마번  마   명            산지  성별 연령 중량       기수       조교사     마주              레이팅
------------------------------------------------------------------------------------------------------
   1   야무진독도          미    거   2  52.0       조한별      안병기    우태율                 38
   2   히든돌풍            미    수   3  57.5       박을운      이관호    김광명                 49
   3   돌격앞으로          미    암   5  52.5       김효정      최봉주    민홍기                 43
   4   대군피닉스          미    거   5  51.5   (-4)김아현      구자흥    표종순                 45
   5   탭다운              미    수   2  51.0       이철경      서인석    최상일                 38
   6   로렐파워            미    거   3  52.0       문정균      임채덕    박충범                 35
   7   제이에스군주        미    거   4  57.0       다비드      박재우    박민지                 48
   8   일보등천            한(포)수   4  51.0       방춘식      안병기    김기종                 26
   9   피버디니            미    거   4  52.5       김동수      전승규    김광명                 39
  10   레이스로열          미    암   3  53.5       김정준      서인석    최상기                 45
  11   강남맨              미    거   4  52.0       지하주      김동균    박평양                 38
  12   유니콘브라보        미    수   3  57.0       송재철      최용구    권태석                 48
------------------------------------------------------------------------------------------------------
                                                                          --총전적--      --1년전적--
 마번  마  명                  수득상금     1년수득상금  6개월수득상금  1위/2위/3위/계  1위/2위/3위/계
------------------------------------------------------------------------------------------------------
   1   야무진독도                       0             0             0    0   0   0   1   0   0   0   1
   2   히든돌풍                62,750,000    62,750,000             0    1   3   0   6   1   3   0   6
   3   돌격앞으로              66,690,000    27,690,000    22,350,000    0   2   4  23   0   1   1  11
   4   대군피닉스              47,500,000    12,100,000     9,100,000    1   0   1  11   0   0   1   4
   5   탭다운                           0             0             0    0   0   0   1   0   0   0   1
   6   로렐파워                 2,250,000     2,250,000     2,250,000    0   0   0   8   0   0   0   8
   7   제이에스군주            62,250,000    25,590,000    12,150,000    0   4   0  14   0   2   0   7
   8   일보등천                45,080,000     3,080,000     3,080,000    1   1   0  13   0   0   0   8
   9   피버디니                24,700,000    21,700,000     8,750,000    0   1   1  10   0   1   1   7
  10   레이스로열              30,240,000    30,240,000    10,850,000    0   1   2   5   0   1   2   5
  11   강남맨                  19,740,000     2,940,000             0    0   0   2   9   0   0   0   5
  12   유니콘브라보            52,210,000    48,290,000    45,350,000    1   1   0   6   1   1   0   5
------------------------------------------------------------------------------------------------------


제목 : 21.11.13 제 72 일  토 요일   9경주;   

 1200 M   출전:11두    혼3등급   ( R1~65            연령오픈  )     출발:17:30
 핸디캡        일반      
  41,250,000원   16,500,000원   10,500,000원    3,750,000원    3,000,000원 
------------------------------------------------------------------------------------------------------
 마번  마   명            산지  성별 연령 중량       기수       조교사     마주              레이팅
------------------------------------------------------------------------------------------------------
   1   러닝복스            한    암   5  52.0       이기회      최봉주    오종환                 54
   2   마이티붐            미    암   4  54.5       최범현      서홍수    조병태                 60
   3   샤크짱              미    수   4  53.5       김귀배      이희영    이종길                 54
   4   장산골드            미    암   4  52.0       다비드      최용건    김병진                 55
   5   프리맥스            미    수   4  58.0       이용호      임봉춘    김호진                 63
   6   맨해튼뮤직          미    암   6  52.0       김효정      리카디    김석헌                 53
   7   빅투더빅            캐    암   4  54.0       송재철      송문길    이미양                 59
   8   대군의창            미    수   5  53.5       윤영민      구자흥    표종순                 54
   9   글로벌신화          미    수   3  53.0       함완식      최상식    장재형                 53
  10   드림포레            한(포)수   4  52.0       김동수      김동균    드림커뮤니티           51
  11   컴플리트캡틴        한    수   4  55.5       임기원      박재우    장석영                 58
------------------------------------------------------------------------------------------------------
                                                                          --총전적--      --1년전적--
 마번  마  명                  수득상금     1년수득상금  6개월수득상금  1위/2위/3위/계  1위/2위/3위/계
------------------------------------------------------------------------------------------------------
   1   러닝복스               160,800,000    16,500,000             0    3   5   1  21   0   1   0  10
   2   마이티붐                98,440,000    71,750,000    54,950,000    2   4   1   9   2   2   1   5
   3   샤크짱                 120,580,000    34,020,000    21,120,000    1   3   5  21   0   1   2   8
   4   장산골드                80,360,000    73,920,000    30,100,000    2   2   2  12   2   1   2   9
   5   프리맥스               130,970,000    32,360,000    16,500,000    3   3   1  11   0   2   1   6
   6   맨해튼뮤직             102,900,000     3,000,000             0    0   4   5  24   0   0   0   3
   7   빅투더빅               126,000,000    43,500,000    33,000,000    2   4   0  11   1   2   0   7
   8   대군의창               117,300,000             0             0    1   4   2  17   0   0   0   5
   9   글로벌신화              60,800,000    60,800,000    35,950,000    1   3   2   6   1   3   2   6
  10   드림포레               109,880,000    57,080,000             0    3   3   1  10   1   2   1   7
  11   컴플리트캡틴           147,600,000    49,800,000             0    4   0   3   9   1   0   2   5
------------------------------------------------------------------------------------------------------


제목 : 21.11.13 제 72 일  토 요일  10경주;   

 1700 M   출전:12두    국4등급   ( R1~50            연령오픈  )     출발:18:00
 별정B         일반      
  33,000,000원   13,200,000원    8,400,000원    3,000,000원    2,400,000원 
------------------------------------------------------------------------------------------------------
 마번  마   명            산지  성별 연령 중량       기수       조교사     마주              레이팅
------------------------------------------------------------------------------------------------------
   1   라스트보스          한    수   3  55.0       방춘식      지용철    김선식                 40
   2   제마특급            한    암   5  51.0   (-4)김아현      배대선    김봉겸                 46
   3   스트롱벌처          한    거   5  54.0       부민호      서범석    이성헌                 37
   4   그레이스퀸          한    암   4  53.0       함완식      홍대유    정이철                 39
   5   초인강자            한    수   4  57.0       송재철      안병기    박남성                 46
   6   제주의요정          한    암   5  52.0       이기회      최봉주    미즈타니 마사테루      36
   7   일마레              한    수   5  54.0       정평수      서범석    카도노 시게오          36
   8   심플스타일          한    수   4  54.0       이용호      송문길    윤우환                 36
   9   케이엔원더풀        한    거   4  54.0       다비드      박대흥    조경수                 38
  10   카히나              한    암   5  54.0       조한별      이관호    오종택                 42
  11   동쪽글로리          한    거   4  54.0       장추열      정호익    김영구                 36
  12   스토미              한    수   6  55.0       이철경      서인석    허훈                   41
------------------------------------------------------------------------------------------------------
                                                                          --총전적--      --1년전적--
 마번  마  명                  수득상금     1년수득상금  6개월수득상금  1위/2위/3위/계  1위/2위/3위/계
------------------------------------------------------------------------------------------------------
   1   라스트보스              46,640,000    46,640,000    43,560,000    2   1   1  15   2   1   1  13
   2   제마특급               128,400,000             0             0    3   3   2  25   0   0   0   9
   3   스트롱벌처             123,200,000     9,240,000             0    4   1   3  24   1   0   0   7
   4   그레이스퀸              50,610,000    43,110,000    23,550,000    3   1   2  12   3   1   1   9
   5   초인강자               133,550,000    13,200,000             0    2   2   1  15   0   1   0   6
   6   제주의요정              62,480,000    14,750,000     2,250,000    2   1   3  20   0   1   1   8
   7   일마레                  59,750,000    13,150,000     9,300,000    1   2   3  23   0   0   1   7
   8   심플스타일              73,650,000     4,850,000             0    2   1   0  11   0   0   0   7
   9   케이엔원더풀            54,570,000    38,770,000    23,060,000    1   4   0  12   1   3   0   6
  10   카히나                  72,720,000    13,200,000             0    2   2   2  20   0   1   0   6
  11   동쪽글로리              59,610,000    36,100,000     6,250,000    3   2   0  18   2   1   0  10
  12   스토미                 105,700,000    14,360,000    11,000,000    1   4   3  37   0   1   0   6
------------------------------------------------------------------------------------------------------


제목 : 21.11.14 제 73 일  일 요일   1경주;   

 1200 M   출전: 8두    국6등급   ( R0~0             2세       )     출발:10:45
 별정A         일반      
  33,000,000원   13,200,000원    8,400,000원    3,000,000원    2,400,000원 
------------------------------------------------------------------------------------------------------
 마번  마   명            산지  성별 연령 중량       기수       조교사     마주              레이팅
------------------------------------------------------------------------------------------------------
   1   피엔에스갬블        한    수   2  55.0       이기회      조현수    피엔에스커튼월           
   2   야무진왕초          한    수   2  55.0       조한별      안병기    우태율                   
   3   타이탄삭스          한    수   2  55.0       장추열      이신영    김창식                   
   4   질주에바다          한    수   2  55.0       이해동      서인석    고재완                   
   5   천지지대            한    수   2  55.0       송재철      곽영효    최임규                   
   6   스피드갤럽          한    암   2  53.0       최범현      리카디    홍종철                   
   7   푸른빛깔            한    수   2  55.0       방춘식      지용철    이수길                   
   8   참좋은친구          한    암   2  53.0       박을운      이준철    임한용                   
------------------------------------------------------------------------------------------------------
                                                                          --총전적--      --1년전적--
 마번  마  명                  수득상금     1년수득상금  6개월수득상금  1위/2위/3위/계  1위/2위/3위/계
------------------------------------------------------------------------------------------------------
   1   피엔에스갬블                     0             0             0    0   0   0   2   0   0   0   2
   2   야무진왕초                       0             0             0    0   0   0   1   0   0   0   1
   3   타이탄삭스                       0             0             0    0   0   0   0   0   0   0   0
   4   질주에바다                       0             0             0    0   0   0   2   0   0   0   2
   5   천지지대                 8,700,000     8,700,000     8,700,000    0   0   1   2   0   0   1   2
   6   스피드갤럽              15,450,000    15,450,000    15,450,000    0   1   0   2   0   1   0   2
   7   푸른빛깔                         0             0             0    0   0   0   2   0   0   0   2
   8   참좋은친구               8,400,000     8,400,000     8,400,000    0   0   1   2   0   0   1   2
------------------------------------------------------------------------------------------------------


제목 : 21.11.14 제 73 일  일 요일   2경주;   

 1200 M   출전:13두    국6등급   ( R0~0             연령오픈  )     출발:11:35
 별정A         일반      
  13,750,000원    5,500,000원    3,500,000원    1,250,000원    1,000,000원 
------------------------------------------------------------------------------------------------------
 마번  마   명            산지  성별 연령 중량       기수       조교사     마주              레이팅
------------------------------------------------------------------------------------------------------
   1   사려니퍼스트        한    수   2  55.0       이용호      이신영    오영익                   
   2   댄스머신            한    거   3  56.0       이기회      박천서    김봉섭                   
   3   런던파워            한    암   3  54.0       다비드      안해양    임현성                   
   4   질주전사            한    수   2  55.0       함완식      김동균    김조은                   
   5   비크레이지          한    거   3  56.0       송재철      최용구    전영애                   
   6   동서여걸            한    암   3  54.0       최원준      서홍수    김명식                   
   7   천문                한    수   3  56.0       박을운      배휴준    조금제                   
   8   골든스타            한    수   3  52.0   (-4)김태희      서인석    김재성b                  
   9   스타로즈            한    암   2  53.0       정평수      지용철    금악목장                 
  10   스마트전사          한    거   3  56.0       김정준      송문길    김태성                   
  11   인빅터스            한    암   3  54.0       김효정      최용건    김정철                   
  12   라스트콜            한    수   3  56.0       박병윤      손영표    강승연                   
  13   기적의힘            한    수   3  56.0       박상우      유재길    이장운                   
------------------------------------------------------------------------------------------------------
                                                                          --총전적--      --1년전적--
 마번  마  명                  수득상금     1년수득상금  6개월수득상금  1위/2위/3위/계  1위/2위/3위/계
------------------------------------------------------------------------------------------------------
   1   사려니퍼스트            18,300,000    18,300,000    18,300,000    0   1   1   2   0   1   1   2
   2   댄스머신                         0             0             0    0   0   0   6   0   0   0   6
   3   런던파워                 7,410,000     7,410,000     3,670,000    0   0   1   5   0   0   1   5
   4   질주전사                 2,250,000     2,250,000     2,250,000    0   0   0   3   0   0   0   3
   5   비크레이지                       0             0             0    0   0   0   0   0   0   0   0
   6   동서여걸                 1,000,000     1,000,000             0    0   0   0   7   0   0   0   7
   7   천문                             0             0             0    0   0   0   5   0   0   0   5
   8   골든스타                         0             0             0    0   0   0   1   0   0   0   1
   9   스타로즈                         0             0             0    0   0   0   4   0   0   0   4
  10   스마트전사               5,500,000     5,500,000     5,500,000    0   1   0   4   0   1   0   4
  11   인빅터스                         0             0             0    0   0   0   5   0   0   0   5
  12   라스트콜                         0             0             0    0   0   0   4   0   0   0   4
  13   기적의힘                 1,650,000     1,650,000     1,650,000    0   0   0   5   0   0   0   5
------------------------------------------------------------------------------------------------------


제목 : 21.11.14 제 73 일  일 요일   3경주;   

 1700 M   출전:10두    국6등급   ( R0~0             연령오픈  )     출발:12:40
 별정A         일반      
  22,000,000원    8,800,000원    5,600,000원    2,000,000원    1,600,000원 
------------------------------------------------------------------------------------------------------
 마번  마   명            산지  성별 연령 중량       기수       조교사     마주              레이팅
------------------------------------------------------------------------------------------------------
   1   지금여기에          한    수   3  56.0       김정준      김윤섭    최성룡                   
   2   새내황제            한    거   3  56.0       박을운      홍대유    문금철                   
   3   태양타고            한    암   3  54.0       최원준      지용철    최성룡                   
   4   에이원킹            한    수   5  56.0       박병윤      유재길    임영수                   
   5   토루크막토          한    암   3  54.0       이동국      박천서    김봉섭                   
   6   하니                한    암   3  54.0       황순도      임채덕    황혜정                   
   7   디바인파워          한    수   4  56.0       김귀배      손영표    류재욱                   
   8   엠제이돌풍          한    수   3  56.0       이기회      서홍수    박정재                   
   9   머니탑              한    암   2  53.0       장추열      배대선    박상헌                   
  10   사우스반            한    암   5  54.0       박상우      서범석    임종근                   
------------------------------------------------------------------------------------------------------
                                                                          --총전적--      --1년전적--
 마번  마  명                  수득상금     1년수득상금  6개월수득상금  1위/2위/3위/계  1위/2위/3위/계
------------------------------------------------------------------------------------------------------
   1   지금여기에               8,800,000     8,800,000     8,800,000    0   1   0  13   0   1   0  10
   2   새내황제                         0             0             0    0   0   0   5   0   0   0   3
   3   태양타고                 9,220,000     9,220,000     6,580,000    0   0   1   9   0   0   1   9
   4   에이원킹                 7,370,000     1,000,000             0    0   0   1  19   0   0   0   8
   5   토루크막토               1,540,000     1,540,000     1,540,000    0   0   0   9   0   0   0   9
   6   하니                     2,000,000     2,000,000     2,000,000    0   0   0   7   0   0   0   7
   7   디바인파워               2,000,000             0             0    0   0   0   9   0   0   0   6
   8   엠제이돌풍                       0             0             0    0   0   0   4   0   0   0   4
   9   머니탑                           0             0             0    0   0   0   3   0   0   0   3
  10   사우스반                 5,620,000     1,540,000     1,540,000    0   0   0  18   0   0   0   7
------------------------------------------------------------------------------------------------------


제목 : 21.11.14 제 73 일  일 요일   4경주;   

 1700 M   출전:12두    국5등급   ( R1~35            연령오픈  )     출발:13:45
 별정B         일반      
  33,000,000원   13,200,000원    8,400,000원    3,000,000원    2,400,000원 
------------------------------------------------------------------------------------------------------
 마번  마   명            산지  성별 연령 중량       기수       조교사     마주              레이팅
------------------------------------------------------------------------------------------------------
   1   티케파이어          한    수   4  57.0       송재철      전승규    손병현                 34
   2   당대로얄            한    암   5  52.0       하정훈      토니      김광두                 22
   3   경부도령            한    수   4  56.0       박상우      유재길    허건호                 28
   4   발바투              한    수   4  57.0       윤태혁      곽영효    안영환                 34
   5   드림맥스            한    암   3  54.0       박현우      임봉춘    김호진                 30
   6   러피언파크          한    거   4  55.0       함완식      김동철    박종율                 26
   7   원더풀케이          한    수   3  56.0       다비드      배대선    강경운                 30
   8   이스트라이크        한    거   5  55.0       장추열      전승규    어선미                 27
   9   마칼루파워          한    수   4  55.0       김효정      서홍수    김세민                 25
  10   대용왕              한    거   5  54.0       황순도      임봉춘    박정재                 23
  11   대지여걸            한    암   5  54.0       김정준      최영주    말사모                 30
  12   피케이돌풍          한    거   4  56.0       박을운      심승태    김태성                 31
------------------------------------------------------------------------------------------------------
                                                                          --총전적--      --1년전적--
 마번  마  명                  수득상금     1년수득상금  6개월수득상금  1위/2위/3위/계  1위/2위/3위/계
------------------------------------------------------------------------------------------------------
   1   티케파이어              45,830,000    25,480,000    10,780,000    2   0   1  13   1   0   0   8
   2   당대로얄                25,110,000     3,910,000     2,310,000    0   1   2  16   0   0   0   7
   3   경부도령                38,660,000    15,010,000    15,010,000    1   2   1  18   0   1   1   9
   4   발바투                  40,120,000    11,520,000             0    1   2   2  11   0   1   0   5
   5   드림맥스                20,770,000    20,770,000     1,960,000    1   2   0   8   1   2   0   7
   6   러피언파크              29,690,000    17,570,000     7,070,000    0   1   4  16   0   1   2   9
   7   원더풀케이              37,840,000    37,840,000    28,820,000    1   1   1   8   1   1   1   8
   8   이스트라이크            22,610,000     8,860,000     7,260,000    1   1   0  11   0   1   0   9
   9   마칼루파워              43,850,000    29,450,000    20,710,000    0   1   5  19   0   0   4  15
  10   대용왕                  38,280,000             0             0    1   1   1  20   0   0   0   6
  11   대지여걸                72,890,000    10,360,000     4,620,000    2   3   2  20   0   0   1   8
  12   피케이돌풍              47,100,000     7,560,000             0    1   2   1  15   0   0   1   7
------------------------------------------------------------------------------------------------------


제목 : 21.11.14 제 73 일  일 요일   5경주;   

 1300 M   출전:12두    국5등급   ( R1~35            연령오픈  )     출발:14:35
 핸디캡        일반      
  22,000,000원    8,800,000원    5,600,000원    2,000,000원    1,600,000원 
------------------------------------------------------------------------------------------------------
 마번  마   명            산지  성별 연령 중량       기수       조교사     마주              레이팅
------------------------------------------------------------------------------------------------------
   1   미르캡틴            한    수   3  54.5       박현우      임봉춘    김은갑                 28
   2   멋진가이            한    거   3  55.0       이용호      최영주    이장운                 29
   3   골드스파이크        한    암   3  53.5       송재철      송문길    박복용                 30
   4   케이프렌지          한    거   3  54.0       박병윤      박윤규    김영선                 27
   5   논스톱기상          한    수   3  54.5       지하주      신삼영    태립                   28
   6   피케이로드          한(포)암   3  52.0       문정균      손영표    김태성                 25
   7   플라잉풀문          한    암   3  53.5       장추열      임채덕    김형순                 30
   8   라온더타이거        한    거   3  57.0       함완식      박종곤    라온산업개발(주)       33
   9   올드스페셜          한    수   3  55.5       다비드      박재우    이진경                 30
  10   아이스스타          한    거   3  52.0   (-4)김아현      이관호    이경희                 31
  11   폴카                한    암   4  53.5       박상우      조현수    정광화                 30
  12   왕인행차            한    수   4  52.0       이기회      서홍수    전영규                 22
------------------------------------------------------------------------------------------------------
                                                                          --총전적--      --1년전적--
 마번  마  명                  수득상금     1년수득상금  6개월수득상금  1위/2위/3위/계  1위/2위/3위/계
------------------------------------------------------------------------------------------------------
   1   미르캡틴                27,970,000    14,960,000     1,650,000    2   1   0  10   1   1   0   7
   2   멋진가이                20,480,000    20,480,000    18,940,000    1   1   0  10   1   1   0  10
   3   골드스파이크            20,480,000    17,400,000    14,980,000    1   0   0   8   1   0   0   7
   4   케이프렌지              14,300,000     9,240,000             0    0   2   1   7   0   1   1   5
   5   논스톱기상              22,530,000    22,530,000    12,410,000    1   1   0  11   1   1   0  10
   6   피케이로드              19,580,000    15,620,000     3,740,000    0   1   3   9   0   1   2   8
   7   플라잉풀문              20,240,000    20,240,000    20,240,000    1   0   1   8   1   0   1   8
   8   라온더타이거            29,700,000    26,620,000    21,560,000    1   2   0   9   1   2   0   7
   9   올드스페셜              20,830,000    20,830,000     4,110,000    1   1   0   8   1   1   0   7
  10   아이스스타              23,390,000    23,390,000    23,390,000    2   0   0   9   2   0   0   8
  11   폴카                    26,550,000    26,550,000    22,880,000    1   0   2  14   1   0   2  11
  12   왕인행차                25,980,000     6,580,000     6,580,000    0   2   2  15   0   0   1  10
------------------------------------------------------------------------------------------------------


제목 : 21.11.14 제 73 일  일 요일   6경주;   

 1200 M   출전: 9두    국5등급   ( R1~35            연령오픈  )     출발:15:25
 핸디캡        일반      
  22,000,000원    8,800,000원    5,600,000원    2,000,000원    1,600,000원 
------------------------------------------------------------------------------------------------------
 마번  마   명            산지  성별 연령 중량       기수       조교사     마주              레이팅
------------------------------------------------------------------------------------------------------
   1   월드포스            한    암   2  53.0       김정준      안병기    손병철                 31
   2   피렌체캐슬          한    암   3  51.0   (-4)김태희      서인석    안병렬                 32
   3   댄싱위드유          한    암   3  55.0       임기원      박재우    서창식                 33
   4   원더풀라이트        한    암   4  52.0       조한별      최상식    변갑한                 27
   5   쇠와꽃              한    암   3  54.0       최범현      곽영효    김용재                 31
   6   드림걸스            한    암   4  53.0       장추열      우창구    드림커뮤니티           29
   7   루비스타            한    암   3  53.5       문정균      곽영효    허영희                 30
   8   런던액티브          한    암   3  56.0       송재철      안해양    임현성                 35
   9   선샤인특급          한    암   5  52.0       이용호      이신영    박의주                 21
------------------------------------------------------------------------------------------------------
                                                                          --총전적--      --1년전적--
 마번  마  명                  수득상금     1년수득상금  6개월수득상금  1위/2위/3위/계  1위/2위/3위/계
------------------------------------------------------------------------------------------------------
   1   월드포스                39,300,000    39,300,000    39,300,000    1   0   1   2   1   0   1   2
   2   피렌체캐슬              15,290,000    15,290,000    15,290,000    1   0   0   2   1   0   0   2
   3   댄싱위드유              31,220,000    27,260,000    15,380,000    1   1   2   8   1   1   1   7
   4   원더풀라이트            44,980,000     8,260,000             0    1   0   4  15   0   0   1   6
   5   쇠와꽃                  23,980,000    23,980,000    23,980,000    1   2   0   6   1   2   0   6
   6   드림걸스                53,310,000    20,710,000     6,990,000    1   1   3  14   0   0   2   9
   7   루비스타                17,160,000    17,160,000    17,160,000    1   0   0   1   1   0   0   1
   8   런던액티브              30,250,000    30,250,000     7,260,000    1   2   0   8   1   2   0   8
   9   선샤인특급              27,440,000             0             0    1   0   1  25   0   0   0   6
------------------------------------------------------------------------------------------------------


제목 : 21.11.14 제 73 일  일 요일   7경주;   

 1200 M   출전:12두    국4등급   ( R1~50            연령오픈  )     출발:16:15
 핸디캡        일반      
  33,000,000원   13,200,000원    8,400,000원    3,000,000원    2,400,000원 
------------------------------------------------------------------------------------------------------
 마번  마   명            산지  성별 연령 중량       기수       조교사     마주              레이팅
------------------------------------------------------------------------------------------------------
   1   머니챔프            한    거   4  56.0       박을운      김동균    최임규                 46
   2   킹오브선데이        한    수   5  52.0       문정균      배휴준    양현모                 36
   3   이스트임팩트        한    거   3  55.0       임기원      박재우    김영구                 44
   4   시크릿보스          한(포)수   3  51.5       다비드      서홍수    김명식                 37
   5   언패럴렐드          한    수   4  52.0       조한별      최봉주    오종환                 36
   6   피렌체힐            한    수   5  57.5       윤태혁      신삼영    안병렬                 49
   7   바이스로이          한    거   3  54.0       장추열      임봉춘    김진태a                42
   8   에이투제트          한    수   4  58.0       방춘식      지용철    최성룡                 50
   9   홈커밍              한(포)암   5  52.5       이동국      리카디    페가수스               43
  10   에이스캔트          한(포)거   6  51.0   (-4)김아현      박윤규    김지훈                 40
  11   브라운로즈          한    암   6  52.0       김효정      이관호    제주축협               41
  12   화이트코멧          한    수   5  54.5       박상우      정호익    백국인                 43
------------------------------------------------------------------------------------------------------
                                                                          --총전적--      --1년전적--
 마번  마  명                  수득상금     1년수득상금  6개월수득상금  1위/2위/3위/계  1위/2위/3위/계
------------------------------------------------------------------------------------------------------
   1   머니챔프               113,920,000    38,120,000    25,350,000    3   2   2  19   1   0   2  10
   2   킹오브선데이            83,130,000    10,290,000     3,850,000    1   4   1  17   0   1   0   7
   3   이스트임팩트            65,160,000    65,160,000    40,560,000    4   1   0   6   4   1   0   6
   4   시크릿보스              45,540,000    45,540,000    45,540,000    2   1   2   9   2   1   2   9
   5   언패럴렐드              38,690,000    24,940,000             0    2   0   0   7   1   0   0   6
   6   피렌체힐               110,080,000             0             0    2   3   3  20   0   0   0   2
   7   바이스로이              53,500,000    46,540,000    44,120,000    2   0   2  10   2   0   1   8
   8   에이투제트              87,070,000    35,070,000    14,000,000    2   3   2  14   1   1   1   7
   9   홈커밍                  99,000,000    35,400,000    35,400,000    2   3   1  13   1   0   0   4
  10   에이스캔트             115,990,000    17,430,000     2,250,000    2   2   4  31   0   0   2   8
  11   브라운로즈             108,910,000     8,470,000             0    1   6   2  24   0   0   0   6
  12   화이트코멧              89,190,000    11,550,000     8,550,000    2   3   3  20   0   0   1   9
------------------------------------------------------------------------------------------------------


제목 : 21.11.14 제 73 일  일 요일   8경주;   

 1400 M   출전:12두    국4등급   ( R1~50            연령오픈  )     출발:17:05
 핸디캡        일반      
  33,000,000원   13,200,000원    8,400,000원    3,000,000원    2,400,000원 
------------------------------------------------------------------------------------------------------
 마번  마   명            산지  성별 연령 중량       기수       조교사     마주              레이팅
------------------------------------------------------------------------------------------------------
   1   드림노크            한    암   3  53.5       함완식      김동균    드림커뮤니티           44
   2   록라인              한    수   4  52.0       김정준      최영주    소태영                 37
   3   바잉블레이드        한    수   3  51.5       임기원      강환민    김형란                 36
   4   신의아들            한    수   3  53.5       송재철      임봉춘    김진태a                40
   5   불의퀸              한(포)암   5  52.0       이동국      손영표    피엔에스홈즈           41
   6   스피드이즈칸        한    수   6  53.5   (-4)김태희      서정하    대한사료               48
   7   파이어로드          한    수   3  52.0       지하주      송문길    손병철                 37
   8   조이브라더          한    거   4  52.5       다비드      리카디    이성인                 38
   9   스피드벨            한    거   5  52.0       박현우      임봉춘    최몽주                 36
  10   마성질주            한    수   5  51.5       이철경      서인석    천사들의 안장          36
  11   비사연              한    거   5  53.0       하정훈      심승태    전좌식                 39
  12   교룡득수            한    수   4  51.0   (-4)김아현      지용철    (주)디알엠씨티         39
------------------------------------------------------------------------------------------------------
                                                                          --총전적--      --1년전적--
 마번  마  명                  수득상금     1년수득상금  6개월수득상금  1위/2위/3위/계  1위/2위/3위/계
------------------------------------------------------------------------------------------------------
   1   드림노크                57,200,000    57,200,000    46,420,000    2   2   1   6   2   2   1   6
   2   록라인                  50,340,000    13,860,000    11,900,000    1   3   1  14   0   1   0   6
   3   바잉블레이드            39,140,000    30,340,000     7,260,000    1   3   1  10   1   2   1   7
   4   신의아들                50,000,000    46,250,000    36,200,000    3   1   1   8   3   1   1   7
   5   불의퀸                  71,640,000             0             0    1   4   0  20   0   0   0   4
   6   스피드이즈칸           183,140,000     8,550,000     8,550,000    2   6   2  35   0   0   0   8
   7   파이어로드              36,860,000    36,860,000     4,500,000    3   0   1   8   3   0   1   8
   8   조이브라더              80,240,000    41,440,000    26,680,000    2   2   2  11   1   2   2   7
   9   스피드벨                75,960,000     7,760,000     7,760,000    2   1   1  21   0   0   1   7
  10   마성질주                59,320,000             0             0    2   2   0  12   0   0   0   3
  11   비사연                  69,860,000     9,460,000     6,100,000    2   1   1  18   0   0   0   8
  12   교룡득수                88,600,000    15,400,000     4,900,000    2   2   0  15   0   1   0   7
------------------------------------------------------------------------------------------------------


제목 : 21.11.14 제 73 일  일 요일   9경주;   

 1200 M   출전: 9두    국3등급   ( R1~65            연령오픈  )     출발:17:35
 핸디캡        일반      
  41,250,000원   16,500,000원   10,500,000원    3,750,000원    3,000,000원 
------------------------------------------------------------------------------------------------------
 마번  마   명            산지  성별 연령 중량       기수       조교사     마주              레이팅
------------------------------------------------------------------------------------------------------
   1   원더풀딕시          한    수   5  54.0       송재철      최봉주    지대섭                 53
   2   제주의흑선          한    암   6  51.0       방춘식      서범석    무라카미 켄세이        51
   3   탁트인              한    암   4  51.0   (-4)김아현      지용철    김광명                 51
   4   호크행진곡          한    거   5  52.5       이기회      최봉주    오종환                 50
   5   레이디켈리          한    암   4  52.5       다비드      안해양    (주)인펨               54
   6   에이스솔롱고        한    암   5  51.5       하정훈      토니      김광두                 52
   7   최강팀              한    수   4  54.5       최범현      박대흥    박남성                 54
   8   럭키봉성            한    암   5  55.0       임기원      박재우    럭키팜                 59
   9   글로벌선더          한    거   4  55.0       김동수      최상식    장재형                 55
------------------------------------------------------------------------------------------------------
                                                                          --총전적--      --1년전적--
 마번  마  명                  수득상금     1년수득상금  6개월수득상금  1위/2위/3위/계  1위/2위/3위/계
------------------------------------------------------------------------------------------------------
   1   원더풀딕시             163,880,000    14,280,000     7,140,000    3   2   5  21   0   0   1   8
   2   제주의흑선             147,240,000    29,400,000             0    1   7   6  34   0   2   1   7
   3   탁트인                 151,810,000     5,500,000             0    3   2   2  17   0   0   0   6
   4   호크행진곡             115,120,000     3,840,000             0    3   1   1  20   0   0   0   8
   5   레이디켈리             152,750,000    52,550,000    52,550,000    4   1   2  11   1   1   2   7
   6   에이스솔롱고           171,690,000     6,690,000     2,940,000    3   3   3  21   0   0   0   6
   7   최강팀                 261,450,000     3,750,000             0    3   2   0  11   0   0   0   5
   8   럭키봉성               172,920,000    67,470,000    21,600,000    4   1   3  18   1   1   1   8
   9   글로벌선더             132,100,000    29,500,000    21,000,000    3   2   2  10   0   1   2   6
------------------------------------------------------------------------------------------------------


제목 : 21.11.14 제 73 일  일 요일  10경주;   

 1700 M   출전:11두    혼4등급   ( R1~50            연령오픈  )     출발:18:00
 별정B         일반      
  33,000,000원   13,200,000원    8,400,000원    3,000,000원    2,400,000원 
------------------------------------------------------------------------------------------------------
 마번  마   명            산지  성별 연령 중량       기수       조교사     마주              레이팅
------------------------------------------------------------------------------------------------------
   1   로열함성            뉴    거   4  54.0       하정훈      이관호    황의영                 36
   2   마이티후            미    수   3  58.0       다비드      서홍수    조병태                 48
   3   싱그러운타임        한    암   5  53.0       문정균      곽영효    최임규                 39
   4   선포레              미    거   4  54.0       이철경      서인석    서상주                 36
   5   카일룸제왕          미    거   4  54.0       조한별      최용구    강태구                 37
   6   신의열매            미    거   4  54.0       박현우      안병기    김동익                 36
   7   글로벌럭키          미    암   4  52.0       방춘식      최상식    장재형                 36
   8   문학럭키            미    거   3  56.0       함완식      박종곤    에스지이건설           43
   9   럭키상운            한    수   4  55.0       임기원      박재우    럭키팜                 41
  10   정문에이스          미    수   4  57.0       최범현      홍대유    김재영b                47
  11   대디코잔            미    거   4  56.0       송재철      최상식    강석대                 42
------------------------------------------------------------------------------------------------------
                                                                          --총전적--      --1년전적--
 마번  마  명                  수득상금     1년수득상금  6개월수득상금  1위/2위/3위/계  1위/2위/3위/계
------------------------------------------------------------------------------------------------------
   1   로열함성                 7,000,000     7,000,000     7,000,000    0   0   0  11   0   0   0  10
   2   마이티후                44,640,000    44,640,000    41,700,000    1   1   1   9   1   1   1   9
   3   싱그러운타임           107,450,000    15,650,000    15,650,000    2   2   3  22   0   1   0  11
   4   선포레                  22,900,000     8,350,000     8,350,000    0   0   2  17   0   0   1   8
   5   카일룸제왕              30,900,000    25,500,000    17,100,000    0   0   3  14   0   0   3   8
   6   신의열매                17,340,000    12,540,000     5,400,000    0   0   1  15   0   0   1   9
   7   글로벌럭키              37,360,000     9,370,000     5,450,000    0   1   1  16   0   0   0   8
   8   문학럭키                33,500,000    33,500,000    33,500,000    1   1   1   9   1   1   1   8
   9   럭키상운                94,200,000             0             0    3   0   0  14   0   0   0   6
  10   정문에이스              65,650,000    65,650,000    39,500,000    1   3   2  15   1   3   2  10
  11   대디코잔                41,170,000    23,450,000     2,450,000    0   2   1  10   0   2   0   5
------------------------------------------------------------------------------------------------------

