2021.05.13 골드프린세스      07 마리동물병원 마비성근색소뇨증                                                                                    
2021.05.13 닥터스카이        01 마리동물병원 운동기인성 피로회복(수액처치)                                                                       
2021.05.13 닥터스카이        01 마리동물병원 운동기인성 피로회복(수액처치)                                                                       
2021.05.13 닥터자이언츠      01 마리동물병원 운동기인성 피로회복(수액처치)                                                                       
2021.05.13 닥터자이언츠      01 마리동물병원 운동기인성 피로회복(수액처치)                                                                       
2021.05.13 닥터파피아누      01 마리동물병원 마비성근색소뇨증                                                                                    
2021.05.13 닥터페이스        01 마리동물병원 운동기인성 피로회복(수액처치)                                                                       
2021.05.13 닥터페이스        01 마리동물병원 운동기인성 피로회복(수액처치)                                                                       
2021.05.13 동트자데이        22 마리동물병원 운동기인성 피로회복(수액처치)                                                                       
2021.05.13 동트자데이        22 마리동물병원 운동기인성 피로회복(수액처치)                                                                       
2021.05.13 두바이특급        07 마리동물병원 마비성근색소뇨증                                                                                    
2021.05.13 로열페넌트        30 마리동물병원 운동기인성 피로회복(수액처치)                                                                       
2021.05.13 로열페넌트        30 마리동물병원 운동기인성 피로회복(수액처치)                                                                       
2021.05.13 마이티파워        01 마리동물병원 운동기인성 피로회복(수액처치)                                                                       
2021.05.13 마이티파워        01 마리동물병원 운동기인성 피로회복(수액처치)                                                                       
2021.05.13 마크원            01 마리동물병원 운동기인성 피로회복(수액처치)                                                                       
2021.05.13 마크원            01 마리동물병원 운동기인성 피로회복(수액처치)                                                                       
2021.05.13 만리스타          12 마리동물병원 좌대퇴부 찰과상                                                                                     
2021.05.13 미라클드리밍      16 마리동물병원 운동기인성 피로회복(수액처치)                                                                       
2021.05.13 미라클드리밍      16 마리동물병원 운동기인성 피로회복(수액처치)                                                                       
2021.05.13 스마트모드        12 마리동물병원 운동기인성 피로회복                                                                                 
2021.05.13 아델스파이크      01 마리동물병원 운동기인성 피로회복(수액처치)                                                                       
2021.05.13 아델스파이크      01 마리동물병원 운동기인성 피로회복(수액처치)                                                                       
2021.05.13 아델퓨펄          01 마리동물병원 운동기인성 피로회복(수액처치)                                                                       
2021.05.13 아델퓨펄          01 마리동물병원 운동기인성 피로회복(수액처치)                                                                       
2021.05.13 연승브라보        01 마리동물병원 운동기인성 피로회복(수액처치)                                                                       
2021.05.13 연승브라보        01 마리동물병원 운동기인성 피로회복(수액처치)                                                                       
2021.05.13 영천더비          01 마리동물병원 마비성근색소뇨증                                                                                    
2021.05.13 영천어벤저        01 마리동물병원 운동기인성 피로회복(수액처치)                                                                       
2021.05.13 영천어벤저        01 마리동물병원 운동기인성 피로회복(수액처치)                                                                       
2021.05.13 운주의별          22 마리동물병원 우후지파행                                                                                          
2021.05.13 원더풀로맨스      19 마리동물병원 우후지파행                                                                                          
2021.05.13 인피니티파워      22 마리동물병원 운동기인성 피로회복(수액처치)                                                                       
2021.05.13 인피니티파워      22 마리동물병원 운동기인성 피로회복(수액처치)                                                                       
2021.05.13 자메이카파워      01 마리동물병원 운동기인성 피로회복(수액처치)                                                                       
2021.05.13 자메이카파워      01 마리동물병원 운동기인성 피로회복(수액처치)                                                                       
2021.05.13 천년의구름        22 마리동물병원 양후지 근육통                                                                                       
2021.05.13 천마브라보        01 마리동물병원 운동기인성 피로회복(수액처치)                                                                       
2021.05.13 천마브라보        01 마리동물병원 운동기인성 피로회복(수액처치)                                                                       
2021.05.13 캐치더빅토리      07 마리동물병원 운동기인성 피로회복(수액처치)                                                                       
2021.05.13 캐치더빅토리      07 마리동물병원 운동기인성 피로회복(수액처치)                                                                       
2021.05.13 쾌한황금          13 마리동물병원 정치                                                                                                
2021.05.13 킹스턴하버        01 마리동물병원 운동기인성 피로회복(수액처치)                                                                       
2021.05.13 킹스턴하버        01 마리동물병원 운동기인성 피로회복(수액처치)                                                                       
2021.05.13 퍼스트윈드        12 마리동물병원 물리치료(쇽웨이브)                                                                                  
2021.05.13 퍼스트초이스      07 마리동물병원 운동기인성 피로회복(수액처치)                                                                       
2021.05.13 퍼스트초이스      07 마리동물병원 운동기인성 피로회복(수액처치)                                                                       
2021.05.13 함안여항산        19 마리동물병원 우중족부찰과상                                                                                      
2021.05.13 해가뜨고          08 마리동물병원 양전구절염,양제3중수골골막염                                                                        
2021.05.13 해피피버          12 마리동물병원 요배통                                                                                              
2021.05.13 황금벌마          22 마리동물병원 운동기인성 피로회복(수액처치)                                                                       
2021.05.13 황금벌마          22 마리동물병원 운동기인성 피로회복(수액처치)                                                                       
2021.05.13 뉴픽              02 부산부속동물 술후처치(관절경이용술)                                                                              
2021.05.13 런앤드건          17 부산부속동물 마체검사                                                                                            
2021.05.13 운주의별          22 부산부속동물 마체검사                                                                                            
2021.05.13 고블린            16 스마일 동물  좌전지파행                                                                                          
2021.05.13 골드오브하트      14 스마일 동물  진정(보정)                                                                                          
2021.05.13 금아미스틱        10 스마일 동물  호흡기질환기타                                                                                      
2021.05.13 금아스탈렛        10 스마일 동물  운동기인성 피로회복(수액처치)                                                                       
2021.05.13 금아스탈렛        10 스마일 동물  운동기인성 피로회복(수액처치)                                                                       
2021.05.13 뉴픽              02 스마일 동물  거세술                                                                                              
2021.05.13 닥터시크          99 스마일 동물  양전지 근육통,우후지 부종                                                                           
2021.05.13 대호마            06 스마일 동물  운동기인성 피로회복(수액처치)                                                                       
2021.05.13 대호마            06 스마일 동물  운동기인성 피로회복(수액처치)                                                                       
2021.05.13 동방대로          02 스마일 동물  운동기인성 피로회복(수액처치)                                                                       
2021.05.13 동방대로          02 스마일 동물  운동기인성 피로회복(수액처치)                                                                       
2021.05.13 라스트가디언      10 스마일 동물  운동기인성 피로회복(수액처치)                                                                       
2021.05.13 라스트가디언      10 스마일 동물  운동기인성 피로회복(수액처치)                                                                       
2021.05.13 래피드게임        04 스마일 동물  좌전지파행                                                                                          
2021.05.13 모노폴리          04 스마일 동물  마체검사                                                                                            
2021.05.13 무적베테랑        04 스마일 동물  진정(보정)                                                                                          
2021.05.13 보드블레이드      04 스마일 동물  양후지 근육통                                                                                       
2021.05.13 블루엠버          15 스마일 동물  좌완관절염                                                                                          
2021.05.13 블루파워          24 스마일 동물  물리치료(쇽웨이브)                                                                                  
2021.05.13 비케이빅터        02 스마일 동물  운동기인성 피로회복(수액처치)                                                                       
2021.05.13 비케이빅터        02 스마일 동물  운동기인성 피로회복(수액처치)                                                                       
2021.05.13 승리글로리        31 스마일 동물  진정(보정)                                                                                          
2021.05.13 얼라이브캡틴      15 스마일 동물  거세술                                                                                              
2021.05.13 에이스데이        14 스마일 동물  진정(장제)                                                                                          
2021.05.13 에이원플러스      02 스마일 동물  운동기인성 피로회복(수액처치)                                                                       
2021.05.13 에이원플러스      02 스마일 동물  운동기인성 피로회복(수액처치)                                                                       
2021.05.13 영광의스타트      04 스마일 동물  양전구절염                                                                                          
2021.05.13 우승헌터          06 스마일 동물  진정(보정)                                                                                          
2021.05.13 원더풀데이즈      26 스마일 동물  진정(보정)                                                                                          
2021.05.13 윈드파크          27 스마일 동물  운동기인성 피로회복(수액처치)                                                                       
2021.05.13 윈드파크          27 스마일 동물  운동기인성 피로회복(수액처치)                                                                       
2021.05.13 윈드하푼          22 스마일 동물  진정(보정)                                                                                          
2021.05.13 최강쏜살          02 스마일 동물  운동기인성 피로회복(수액처치)                                                                       
2021.05.13 최강쏜살          02 스마일 동물  운동기인성 피로회복(수액처치)                                                                       
2021.05.13 최강일세          02 스마일 동물  운동기인성 피로회복(수액처치)                                                                       
2021.05.13 최강일세          02 스마일 동물  운동기인성 피로회복(수액처치)                                                                       
2021.05.13 치트키            16 스마일 동물  운동기인성 피로회복(수액처치)                                                                       
2021.05.13 치트키            16 스마일 동물  운동기인성 피로회복(수액처치)                                                                       
2021.05.13 캡스톤            16 스마일 동물  운동기인성 피로회복                                                                                 
2021.05.13 킹브라더          15 스마일 동물  물리치료(쇽웨이브)                                                                                  
2021.05.13 톱메이트          02 스마일 동물  운동기인성 피로회복(수액처치)                                                                       
2021.05.13 톱메이트          02 스마일 동물  운동기인성 피로회복(수액처치)                                                                       
2021.05.13 트래픽마린        27 스마일 동물  운동기인성 피로회복(수액처치)                                                                       
2021.05.13 트래픽마린        27 스마일 동물  운동기인성 피로회복(수액처치)                                                                       
2021.05.13 포리마            10 스마일 동물  정치                                                                                                
2021.05.13 퓨전퀸            31 스마일 동물  좌후계부찰과상                                                                                      
2021.05.13 함안백이산        99 스마일 동물  좌전지 근육통                                                                                       
2021.05.14 가디스문          19 마리동물병원 양후지 근육통                                                                                       
2021.05.14 광화문시대        07 마리동물병원 운동기인성 피로회복(수액처치)                                                                       
2021.05.14 광화문시대        07 마리동물병원 운동기인성 피로회복(수액처치)                                                                       
2021.05.14 그레이트원        08 마리동물병원 운동기인성 피로회복                                                                                 
2021.05.14 그레이트킹        08 마리동물병원 운동기인성 피로회복(수액처치)                                                                       
2021.05.14 그레이트킹        08 마리동물병원 운동기인성 피로회복(수액처치)                                                                       
2021.05.14 닥터위크          01 마리동물병원 양전지 근육통                                                                                       
2021.05.14 라피도맨          19 마리동물병원 양후지 근육통                                                                                       
2021.05.14 리턴오브섭서디    22 마리동물병원 우전지 부종                                                                                         
2021.05.14 만리스타          12 마리동물병원 좌대퇴부 찰과상                                                                                     
2021.05.14 명성매직          22 마리동물병원 운동기인성 피로회복(수액처치)                                                                       
2021.05.14 명성매직          22 마리동물병원 운동기인성 피로회복(수액처치)                                                                       
2021.05.14 소닉킹이지        08 마리동물병원 운동기인성 피로회복(수액처치)                                                                       
2021.05.14 소닉킹이지        08 마리동물병원 운동기인성 피로회복(수액처치)                                                                       
2021.05.14 소머치고          22 마리동물병원 운동기인성 피로회복(수액처치)                                                                       
2021.05.14 소머치고          22 마리동물병원 운동기인성 피로회복(수액처치)                                                                       
2021.05.14 아델크라운        01 마리동물병원 양전지 근육통                                                                                       
2021.05.14 알파킹이지        08 마리동물병원 운동기인성 피로회복(수액처치)                                                                       
2021.05.14 알파킹이지        08 마리동물병원 운동기인성 피로회복(수액처치)                                                                       
2021.05.14 에스엘킹          07 마리동물병원 정치                                                                                                
2021.05.14 운주의별          22 마리동물병원 우후지파행                                                                                          
2021.05.14 원더풀로맨스      19 마리동물병원 우후지파행                                                                                          
2021.05.14 장산바비          22 마리동물병원 운동기인성 피로회복(수액처치)                                                                       
2021.05.14 장산바비          22 마리동물병원 운동기인성 피로회복(수액처치)                                                                       
2021.05.14 천년의구름        22 마리동물병원 양후지 근육통                                                                                       
2021.05.14 청마황후          12 마리동물병원 좌제3중수골골막염                                                                                   
2021.05.14 컬러풀인디        12 마리동물병원 양제3중수골골막염                                                                                   
2021.05.14 퀸오브캡틴        07 마리동물병원 운동기인성 피로회복(수액처치)                                                                       
2021.05.14 퀸오브캡틴        07 마리동물병원 운동기인성 피로회복(수액처치)                                                                       
2021.05.14 파샤              30 마리동물병원 운동기인성 피로회복(수액처치)                                                                       
2021.05.14 파샤              30 마리동물병원 운동기인성 피로회복(수액처치)                                                                       
2021.05.14 파워풀레전드      22 마리동물병원 우중족부찰과상                                                                                      
2021.05.14 퍼스트체인저      22 마리동물병원 양전지 근육통                                                                                       
2021.05.14 해가뜨고          08 마리동물병원 양전구절염,양제3중수골골막염                                                                        
2021.05.14 해피피버          12 마리동물병원 산통                                                                                                
2021.05.14 쏜살              31 부산부속동물 마체검사                                                                                            
2021.05.14 에이스챔피언      18 부산부속동물 좌후두편마비                                                                                        
2021.05.14 타핏원더풀        21 부산부속동물 술후처치(골편적출술)                                                                                
2021.05.14 고블린            16 스마일 동물  좌전지파행                                                                                          
2021.05.14 골드오브하트      14 스마일 동물  인푸렌자예방접종,일본뇌염예방접종                                                                   
2021.05.14 골든위너          33 스마일 동물  좌전구절찰과상                                                                                      
2021.05.14 굿탱크            04 스마일 동물  양완관절염                                                                                          
2021.05.14 그레이트굿        99 스마일 동물  인푸렌자예방접종,일본뇌염예방접종                                                                   
2021.05.14 뉴픽              02 스마일 동물  술후처치(거세술)                                                                                    
2021.05.14 다이아몬드마린    27 스마일 동물  운동기인성 피로회복(수액처치)                                                                       
2021.05.14 다이아몬드마린    27 스마일 동물  운동기인성 피로회복(수액처치)                                                                       
2021.05.14 동남불패          14 스마일 동물  인푸렌자예방접종,일본뇌염예방접종                                                                   
2021.05.14 동반의시작        16 스마일 동물  양각막찰과상                                                                                        
2021.05.14 동방대로          02 스마일 동물  운동기인성 피로회복(수액처치)                                                                       
2021.05.14 동방대로          02 스마일 동물  운동기인성 피로회복(수액처치)                                                                       
2021.05.14 래피드게임        04 스마일 동물  좌전지파행                                                                                          
2021.05.14 럭키브레이크      16 스마일 동물  우각막찰과상                                                                                        
2021.05.14 레이디러브        99 스마일 동물  인푸렌자예방접종,일본뇌염예방접종                                                                   
2021.05.14 레이빅터          15 스마일 동물  우전지파행                                                                                          
2021.05.14 레인킬러          99 스마일 동물  인푸렌자예방접종,일본뇌염예방접종                                                                   
2021.05.14 메이저선더        99 스마일 동물  인푸렌자예방접종,일본뇌염예방접종                                                                   
2021.05.14 미라클선          99 스마일 동물  인푸렌자예방접종,일본뇌염예방접종                                                                   
2021.05.14 미스터싹쓰리      99 스마일 동물  인푸렌자예방접종,일본뇌염예방접종                                                                   
2021.05.14 배다리페인터      99 스마일 동물  인푸렌자예방접종,일본뇌염예방접종                                                                   
2021.05.14 뷰티풀마린        99 스마일 동물  인푸렌자예방접종,일본뇌염예방접종                                                                   
2021.05.14 블랙피스          14 스마일 동물  인푸렌자예방접종,일본뇌염예방접종                                                                   
2021.05.14 블루스카이        14 스마일 동물  인푸렌자예방접종,일본뇌염예방접종                                                                   
2021.05.14 블루엠버          15 스마일 동물  좌완관절염                                                                                          
2021.05.14 샤이닝힐          04 스마일 동물  좌전구절염                                                                                          
2021.05.14 서귀포인트        02 스마일 동물  우각막찰과상                                                                                        
2021.05.14 서부원더풀        16 스마일 동물  좌각막찰과상                                                                                        
2021.05.14 스카이캡틴        02 스마일 동물  양각막찰과상                                                                                        
2021.05.14 스타로드          99 스마일 동물  인푸렌자예방접종,일본뇌염예방접종                                                                   
2021.05.14 스톰브라운        33 스마일 동물  우제3중수골골막염                                                                                   
2021.05.14 스피드퓨리        16 스마일 동물  우각막찰과상                                                                                        
2021.05.14 슬림퀸            99 스마일 동물  인푸렌자예방접종,일본뇌염예방접종                                                                   
2021.05.14 신비한강자        14 스마일 동물  인푸렌자예방접종,일본뇌염예방접종                                                                   
2021.05.14 신비한바람        14 스마일 동물  인푸렌자예방접종,일본뇌염예방접종                                                                   
2021.05.14 신비한여인        14 스마일 동물  인푸렌자예방접종,일본뇌염예방접종                                                                   
2021.05.14 아라로즈          06 스마일 동물  좌각막찰과상                                                                                        
2021.05.14 아이스댄스        22 스마일 동물  좌각막찰과상                                                                                        
2021.05.14 앨버트킹          14 스마일 동물  인푸렌자예방접종,일본뇌염예방접종                                                                   
2021.05.14 얼라이브캡틴      15 스마일 동물  술후처치(거세술)                                                                                    
2021.05.14 에이스데이        14 스마일 동물  인푸렌자예방접종,일본뇌염예방접종                                                                   
2021.05.14 에이원플러스      02 스마일 동물  운동기인성 피로회복(수액처치)                                                                       
2021.05.14 에이원플러스      02 스마일 동물  운동기인성 피로회복(수액처치)                                                                       
2021.05.14 에코굿            99 스마일 동물  인푸렌자예방접종,일본뇌염예방접종                                                                   
2021.05.14 엔젤윈드          99 스마일 동물  인푸렌자예방접종,일본뇌염예방접종                                                                   
2021.05.14 영광의로드        04 스마일 동물  우전지 부종                                                                                         
2021.05.14 영광의스피드      27 스마일 동물  운동기인성 피로회복(수액처치)                                                                       
2021.05.14 영광의스피드      27 스마일 동물  운동기인성 피로회복(수액처치)                                                                       
2021.05.14 영광의시크릿      99 스마일 동물  인푸렌자예방접종,일본뇌염예방접종                                                                   
2021.05.14 영광의파워        99 스마일 동물  인푸렌자예방접종,일본뇌염예방접종                                                                   
2021.05.14 오르다            14 스마일 동물  좌각막찰과상                                                                                        
2021.05.14 오르다            14 스마일 동물  인푸렌자예방접종,일본뇌염예방접종                                                                   
2021.05.14 올에이플러스      99 스마일 동물  인푸렌자예방접종,일본뇌염예방접종                                                                   
2021.05.14 우승멜로디        02 스마일 동물  좌각막찰과상                                                                                        
2021.05.14 원러시            99 스마일 동물  인푸렌자예방접종,일본뇌염예방접종                                                                   
2021.05.14 원픽              24 스마일 동물  요배통                                                                                              
2021.05.14 전설의파티        99 스마일 동물  인푸렌자예방접종,일본뇌염예방접종                                                                   
2021.05.14 짜잔              99 스마일 동물  인푸렌자예방접종,일본뇌염예방접종                                                                   
2021.05.14 청담드라이브      14 스마일 동물  인푸렌자예방접종,일본뇌염예방접종                                                                   
2021.05.14 최강일세          02 스마일 동물  운동기인성 피로회복(수액처치)                                                                       
2021.05.14 최강일세          02 스마일 동물  운동기인성 피로회복(수액처치)                                                                       
2021.05.14 치프에이스        14 스마일 동물  인푸렌자예방접종,일본뇌염예방접종                                                                   
2021.05.14 케이비보스        14 스마일 동물  인푸렌자예방접종,일본뇌염예방접종                                                                   
2021.05.14 쿨가이            31 스마일 동물  진정(보정)                                                                                          
2021.05.14 퀸데이            22 스마일 동물  우각막찰과상                                                                                        
2021.05.14 크라운펑키        16 스마일 동물  좌각막찰과상                                                                                        
2021.05.14 타임스펙          27 스마일 동물  운동기인성 피로회복(수액처치)                                                                       
2021.05.14 타임스펙          27 스마일 동물  운동기인성 피로회복(수액처치)                                                                       
2021.05.14 탄젠트            27 스마일 동물  운동기인성 피로회복(수액처치)                                                                       
2021.05.14 탄젠트            27 스마일 동물  운동기인성 피로회복(수액처치)                                                                       
2021.05.14 탱이바이트        15 스마일 동물  인푸렌자예방접종,일본뇌염예방접종                                                                   
2021.05.14 투나이스          02 스마일 동물  좌각막찰과상                                                                                        
2021.05.14 판타스틱로드      99 스마일 동물  인푸렌자예방접종,일본뇌염예방접종                                                                   
2021.05.14 하바나제인        99 스마일 동물  인푸렌자예방접종,일본뇌염예방접종                                                                   
2021.05.14 한센플래쉬        99 스마일 동물  인푸렌자예방접종,일본뇌염예방접종                                                                   
2021.05.14 함안말이산        27 스마일 동물  운동기인성 피로회복(수액처치)                                                                       
2021.05.14 함안말이산        27 스마일 동물  운동기인성 피로회복(수액처치)                                                                       
2021.05.14 해운대블루        99 스마일 동물  인푸렌자예방접종,일본뇌염예방접종                                                                   
2021.05.14 해피게이트        14 스마일 동물  인푸렌자예방접종,일본뇌염예방접종                                                                   
2021.05.14 해피요정          06 스마일 동물  우각막찰과상                                                                                        
2021.05.15 가디스문          19 마리동물병원 정치,양후지 근육통                                                                                  
2021.05.15 굿파워            19 마리동물병원 정치,좌제3중수골골막염                                                                              
2021.05.15 금아인피니티      19 마리동물병원 우전내측제구부찰과상                                                                                
2021.05.15 나이스최강        19 마리동물병원 정치                                                                                                
2021.05.15 닥터위크          01 마리동물병원 양전지 근육통                                                                                       
2021.05.15 닥터자이언츠      01 마리동물병원 좌전지교돌상                                                                                        
2021.05.15 딥마인드          19 마리동물병원 정치                                                                                                
2021.05.15 로사              19 마리동물병원 정치                                                                                                
2021.05.15 로열페넌트        30 마리동물병원 우전지교돌상                                                                                        
2021.05.15 리버스스윕        16 마리동물병원 양후지 근육통                                                                                       
2021.05.15 마크원            01 마리동물병원 좌전지교돌상                                                                                        
2021.05.15 만리스타          12 마리동물병원 좌대퇴부 찰과상                                                                                     
2021.05.15 말리부별          21 마리동물병원 양후지 부종                                                                                         
2021.05.15 맨오브톱          19 마리동물병원 정치                                                                                                
2021.05.15 몽땅              19 마리동물병원 복대상                                                                                              
2021.05.15 무적불패          08 마리동물병원 좌후지교돌상                                                                                        
2021.05.15 미스고            08 마리동물병원 진정(장제)                                                                                          
2021.05.15 반지의전설        30 마리동물병원 좌전지교돌상                                                                                        
2021.05.15 스트롱마인드      24 마리동물병원 좌전지교돌상                                                                                        
2021.05.15 아델스파이크      01 마리동물병원 우후지교돌상                                                                                        
2021.05.15 아델크라운        01 마리동물병원 양전지 근육통                                                                                       
2021.05.15 아델퓨펄          01 마리동물병원 좌후지교돌상                                                                                        
2021.05.15 에이스포텐        08 마리동물병원 우전지교돌상                                                                                        
2021.05.15 연승브라보        01 마리동물병원 우전지교돌상                                                                                        
2021.05.15 영광의시대        08 마리동물병원 좌전지교돌상                                                                                        
2021.05.15 워리어클래스      22 마리동물병원 양후지 근육통                                                                                       
2021.05.15 천년의구름        22 마리동물병원 양후지 근육통                                                                                       
2021.05.15 천마파워          08 마리동물병원 좌전지교돌상                                                                                        
2021.05.15 청마황후          12 마리동물병원 좌제3중수골골막염                                                                                   
2021.05.15 캐치더빅토리      07 마리동물병원 양전지교돌상                                                                                        
2021.05.15 컬러풀인디        12 마리동물병원 양제3중수골골막염                                                                                   
2021.05.15 퀸데이            22 마리동물병원 양제3중수골골막염                                                                                   
2021.05.15 킹골리앗          19 마리동물병원 정치                                                                                                
2021.05.15 톱데이            19 마리동물병원 정치                                                                                                
2021.05.15 톱아델            01 마리동물병원 마비성근색소뇨증                                                                                    
2021.05.15 투투리즈          24 마리동물병원 우전지교돌상                                                                                        
2021.05.15 파인의꿈          01 마리동물병원 양전지 근육통                                                                                       
2021.05.15 퍼스트체인저      22 마리동물병원 양전지 근육통                                                                                       
2021.05.15 평화시대          21 마리동물병원 양후지교돌상                                                                                        
2021.05.15 푸른장미          19 마리동물병원 우전완부 찰과상                                                                                     
2021.05.15 한라누리          08 마리동물병원 우후지파행                                                                                          
2021.05.15 해피피버          12 마리동물병원 요배통                                                                                              
2021.05.15 원더풀로맨스      19 부산부속동물 마체검사,우후주상골염                                                                               
2021.05.15 가속주니어        31 스마일 동물  인푸렌자예방접종,일본뇌염예방접종                                                                   
2021.05.15 검은쏜살          31 스마일 동물  인푸렌자예방접종,일본뇌염예방접종                                                                   
2021.05.15 굿스타            31 스마일 동물  인푸렌자예방접종,일본뇌염예방접종                                                                   
2021.05.15 러닝삭스          31 스마일 동물  인푸렌자예방접종,일본뇌염예방접종                                                                   
2021.05.15 로열솔저          31 스마일 동물  인푸렌자예방접종,일본뇌염예방접종                                                                   
2021.05.15 미라쿨룸          31 스마일 동물  인푸렌자예방접종,일본뇌염예방접종                                                                   
2021.05.15 빅터바시움        31 스마일 동물  인푸렌자예방접종,일본뇌염예방접종                                                                   
2021.05.15 스틸하트          31 스마일 동물  인푸렌자예방접종,일본뇌염예방접종                                                                   
2021.05.15 승리글로리        31 스마일 동물  인푸렌자예방접종,일본뇌염예방접종                                                                   
2021.05.15 승리매직퀸        31 스마일 동물  인푸렌자예방접종,일본뇌염예방접종                                                                   
2021.05.15 쏜살              31 스마일 동물  인푸렌자예방접종,일본뇌염예방접종                                                                   
2021.05.15 알파스타          31 스마일 동물  인푸렌자예방접종,일본뇌염예방접종                                                                   
2021.05.15 에이스솔로몬      31 스마일 동물  인푸렌자예방접종,일본뇌염예방접종                                                                   
2021.05.15 원더블레이드      31 스마일 동물  인푸렌자예방접종,일본뇌염예방접종                                                                   
2021.05.15 월드삭스          31 스마일 동물  인푸렌자예방접종,일본뇌염예방접종                                                                   
2021.05.15 장산왕자          31 스마일 동물  인푸렌자예방접종,일본뇌염예방접종                                                                   
2021.05.15 체리뱅키시        31 스마일 동물  인푸렌자예방접종,일본뇌염예방접종                                                                   
2021.05.15 쿨가이            31 스마일 동물  인푸렌자예방접종,일본뇌염예방접종                                                                   
2021.05.15 퀸마블이지        31 스마일 동물  인푸렌자예방접종,일본뇌염예방접종                                                                   
2021.05.15 투혼의반석        31 스마일 동물  인푸렌자예방접종,일본뇌염예방접종                                                                   
2021.05.15 티즈비            31 스마일 동물  인푸렌자예방접종,일본뇌염예방접종                                                                   
2021.05.15 풀머니            06 스마일 동물  운동기인성 피로회복(수액처치)                                                                       
2021.05.15 풀머니            06 스마일 동물  운동기인성 피로회복(수액처치)                                                                       
2021.05.15 플래시참          31 스마일 동물  인푸렌자예방접종,일본뇌염예방접종                                                                   
2021.05.15 함안방어산        31 스마일 동물  인푸렌자예방접종,일본뇌염예방접종                                                                   
2021.05.15 허니드래건        31 스마일 동물  인푸렌자예방접종,일본뇌염예방접종                                                                   
2021.05.15 허니타이거        31 스마일 동물  인푸렌자예방접종,일본뇌염예방접종                                                                   
2021.05.15 히든스타          31 스마일 동물  인푸렌자예방접종,일본뇌염예방접종                                                                   
2021.05.15 히트더로드        31 스마일 동물  인푸렌자예방접종,일본뇌염예방접종                                                                   
2021.05.16 네임드            31 부산부속동물 좌후 구절 자창                                                                                      
2021.05.16 오피서세상        05 부산부속동물 좌요골원위단골편골절,좌중간완골골편골절                                                             
2021.05.16 타핏원더풀        21 부산부속동물 술후처치(골편적출술)                                                                                
2021.05.16 톱메이트          02 부산부속동물 마체검사,잠복고환                                                                                   
