

제목 : 21.11.17(수) 조교현황

  ※기승자범례(조:조교사, 보:조교보, 기:기수, 후:기수후보생, 승:조교승인)
  ※비고(금:금주출전예정마, 차:차주출전예정마, 특:특대상경주출전예정마)
  ※금주, 차주 또는 특별 대상경주 출전예상마는 출전신청 결과 및
  조교사의 의사에 따라 변동될 수 있는 미확정된 자료이오니 참고하시기 바랍니다.
━━━━━━━━━━━━━━━━━━━━━━━━━━━━━━━━━━━━━━━
  순 소속조 - 조번 마명              기승자 입장시각  퇴장시각  조교시간 비고
━━━━━━━━━━━━━━━━━━━━━━━━━━━━━━━━━━━━━━━
  1  1조(박종곤) 1 라온다이아          승   08:52     09:08       0:16   차
  2  1조(박종곤)22 라온더골드          기   07:19     07:32       0:13   금
  3  1조(박종곤)34 라온더와일드        승   07:15     07:31       0:16   차
  4  1조(박종곤) 6 라온더제트          승   07:26     07:43       0:17   차
  5  1조(박종곤)10 라온더축제          기   08:15     08:32       0:17   금
  6  1조(박종곤) 4 라온더특급          승   07:26     07:42       0:16   금
  7  1조(박종곤)27 라온더파이터        기   07:57     08:15       0:18   특
  8  1조(박종곤)40 라온더피버          승   07:28     07:44       0:16   차
  9  1조(박종곤)32 라온스페셜          기   08:16     08:29       0:13   금
 10  1조(박종곤)30 라온패션            승   07:15     07:32       0:17   차
 11  1조(박종곤)28 만석지기            승   08:36     08:54       0:18   차
 12  1조(박종곤)14 문학보스            승   06:48     07:05       0:17   차
 13  1조(박종곤) 7 문학카이로          승   07:58     08:13       0:15   금
 14  1조(박종곤)11 문학파로아          승   06:55     07:10       0:15   금
 15  1조(박종곤)13 블랙펀치            승   08:47     09:11       0:24   차
 16  1조(박종곤)17 어메이징나우        기   08:33     08:49       0:16   차
 17  1조(박종곤)33 플래시선더          승   08:47     09:09       0:22   차
 18  2조(손영표) 3 다모아트리플        기   07:04     07:17       0:13   차
 19  2조(손영표)32 러브아치            승   07:19     07:35       0:16   금
 20  2조(손영표)10 럭셔리돌풍          기   06:30     06:41       0:11   차
 21  2조(손영표)12 로스트워            기   08:22     08:34       0:12   금
 22  2조(손영표) 9 불의가속            승   06:20     06:37       0:17   차
 23  2조(손영표)16 불의여왕            승   08:15     08:37       0:22   차
 24  2조(손영표)20 사랑다모아          승   06:27     06:38       0:11   차
 25  2조(손영표)11 엑톤질주            승   06:32     06:51       0:19   차
 26  2조(손영표)13 엠제이퀸            기   08:01     08:18       0:17   차
 27  2조(손영표) 4 제이에스파워        승   07:45     08:00       0:15   차
 28  2조(손영표)26 퍼펙트타임          기   08:01     08:10       0:09   차
 29  2조(손영표)22 피어나다            승   07:19     07:35       0:16   금
 30  2조(손영표) 5 피엔에스골드        기   07:46     07:58       0:12   금
 31  3조(최영주) 1 골드윙              승   06:38     06:51       0:13   차
 32  3조(최영주)25 뉴청파              승   06:28     06:41       0:13   차
 33  3조(최영주)10 러너몬스터          기   07:08     07:27       0:19   금
 34  3조(최영주)11 매직선데이          승   07:50     08:01       0:11   차
 35  3조(최영주) 9 매직신화            승   07:50     08:04       0:14   차
 36  3조(최영주)16 블랙머니            승   07:33     07:48       0:15   차
 37  3조(최영주) 3 슈발도리앙          기   07:39     07:48       0:09   차
 38  3조(최영주)18 함평나비            승   07:16     07:26       0:10   차
 39  3조(최영주) 8 함평여왕            기   07:14     07:30       0:16   금
 40  4조(박윤규)19 걸작맨              승   07:13     07:29       0:16   차
 41  4조(박윤규) 2 광양으뜸            기   07:01     07:13       0:12   금
 42  4조(박윤규)16 굿니센              승   07:21     07:43       0:22   차
 43  4조(박윤규)33 리틀보이플래시      승   08:27     08:39       0:12   금
 44  4조(박윤규) 4 멋진가람            승   07:49     08:09       0:20   차
 45  4조(박윤규)31 멋진왕자            승   06:14     06:32       0:18   차
 46  4조(박윤규)17 바로퀸              기   08:17     08:28       0:11   금
 47  4조(박윤규) 6 성실머니            승   06:43     07:04       0:21   차
 48  4조(박윤규) 5 천지광풍            승   07:49     08:09       0:20   금
 49  4조(박윤규) 7 팔팔빅토리          승   06:15     06:34       0:19   금
 50  4조(박윤규)29 해피먼스            승   07:21     07:43       0:22   금
 51  5조(우창구)26 눈부신한센          보   08:14     08:31       0:17   차
 52  5조(우창구) 9 러블리케이          보   07:32     07:43       0:11   금
 53  5조(우창구)16 몬스터케이          승   08:47     09:04       0:17   차
 54  5조(우창구)17 빅스고              보   08:47     09:04       0:17   차
 55  5조(우창구)11 사이먼퀸            기   07:43     07:55       0:12   금
 56  5조(우창구)24 선더라이트          보   08:56     09:10       0:14   차
 57  5조(우창구)21 스피드블랙          기   08:32     08:45       0:13   차
 58  5조(우창구)27 알렉산더원          보   06:47     06:58       0:11   금
 59  5조(우창구) 4 우뚝                승   08:14     08:31       0:17   차
 60  5조(우창구)20 원더케이            보   07:14     07:32       0:18   차
 61  5조(우창구) 8 위너카이            기   07:32     07:46       0:14   금
 62  5조(우창구)33 이글스그리프터      승   07:45     07:59       0:14   금
 63  5조(우창구) 7 코브라볼            보   06:16     06:32       0:16   차
 64  6조(홍대유) 9 그린질주            승   07:50     08:03       0:13   차
 65  6조(홍대유)28 그린폭주            보   07:51     08:05       0:14   차
 66  6조(홍대유)16 내길의별            승   08:50     09:07       0:17   차
 67  6조(홍대유)18 루비콘              기   07:24     07:36       0:12   금
 68  6조(홍대유)20 문학다이얼          승   06:57     07:13       0:16   차
 69  6조(홍대유)15 문학문              기   08:43     08:56       0:13   금
 70  6조(홍대유)30 문학서브            기   08:31     08:43       0:12   금
 71  6조(홍대유)35 배다리캔디          승   07:15     07:29       0:14   차
 72  6조(홍대유)33 새내스퍼트          승   07:24     07:44       0:20   차
 73  6조(홍대유)10 새내윈              승   06:24     06:39       0:15   차
 74  6조(홍대유) 4 새내파워풀          승   06:57     07:14       0:17   차
 75  6조(홍대유)13 선더챔프            보   07:27     07:41       0:14   금
 76  6조(홍대유)23 섬싱익스펙트        승   08:07     08:19       0:12   차
 77  6조(홍대유)36 안양호랑이          기   06:47     06:57       0:10   금
 78  6조(홍대유)14 연희사랑            승   08:50     09:06       0:16   차
 79  6조(홍대유) 7 이겨주마            승   06:16     06:32       0:16   금
 80  6조(홍대유)17 정문사이            보   06:16     06:34       0:18   특
 81  6조(홍대유)25 정문서미트          보   06:34     06:51       0:17   특
 82  6조(홍대유)40 정문지존            보   06:52     07:05       0:13   금
 83  6조(홍대유) 3 챈슬러              승   08:39     08:57       0:18   차
 84  7조(구자흥)26 그린다르크          승   07:18     07:28       0:10   차
 85  7조(구자흥) 8 다나은로즈          기   08:21     08:33       0:12   차
 86  7조(구자흥)13 대군파워            승   08:52     09:02       0:10   차
 87  7조(구자흥)22 대산특급            승   06:56     07:10       0:14   차
 88  7조(구자흥) 9 디케이별찌          승   08:08     08:18       0:10   차
 89  7조(구자흥) 4 로드위너            기   06:23     06:50       0:27   차
 90  7조(구자흥)25 매직모카신          승   08:43     08:57       0:14   차
 91  7조(구자흥)15 사려니퀸            승   06:18     06:30       0:12   차
 92  7조(구자흥)14 스프링워터          승   08:34     08:57       0:23   차
 93  7조(구자흥) 1 안양사자            승   08:36     08:53       0:17   차
 94  7조(구자흥)19 안양옥센            승   07:57     08:20       0:23   차
 95  7조(구자흥)24 토스코노바캣        승   09:01     09:13       0:12   차
 96  8조(최용구) 4 발베니              기   06:25     06:38       0:13   금
 97  8조(최용구) 2 송암레전드          승   07:45     07:59       0:14   차
 98  8조(최용구) 3 스위트캠프          기   06:33     06:43       0:10   금
 99  8조(최용구)20 어나더초이스        승   07:32     07:46       0:14   금
100  8조(최용구)12 예술이야            승   08:00     08:18       0:18   차
101  8조(최용구)19 오해피              승   08:36     08:48       0:12   차
102  8조(최용구) 1 와일드우즈          승   08:28     08:45       0:17   차
103  8조(최용구)10 유니콘알파          승   07:12     07:30       0:18   차
104  8조(최용구)23 은혜                기   07:05     07:16       0:11   금
105  8조(최용구)30 은혜가문            승   08:36     08:54       0:18   차
106  8조(최용구)24 은혜글로리          승   07:45     07:59       0:14   차
107  8조(최용구)28 은혜레코드          승   07:45     07:59       0:14   차
108  8조(최용구)32 하바나찰리          승   06:57     07:08       0:11   특
109  8조(최용구)13 해가빛              승   08:36     08:58       0:22   차
110  8조(최용구) 5 회두령              승   06:14     06:39       0:25   차
111  9조(강성오)24 나의나라            승   08:52     09:09       0:17   차
112  9조(강성오)25 대지의여걸          기   06:36     06:48       0:12   금
113  9조(강성오)14 돈마                승   08:26     08:41       0:15   차
114  9조(강성오)22 런투골              승   06:26     06:36       0:10   차
115  9조(강성오)11 레드마운틴          승   08:22     08:34       0:12   금
116  9조(강성오)19 브라운참            기   07:53     08:04       0:11   금
117  9조(강성오) 4 블랙루키            승   07:52     08:03       0:11   금
118  9조(강성오)26 최고블랙            승   07:27     07:44       0:17   차
119  9조(강성오)39 퀴클리런            승   08:26     08:41       0:15   차
120  9조(강성오) 1 킹칼레              승   08:15     08:32       0:17   차
121  9조(강성오)10 터치나인            기   07:09     07:22       0:13   차
122  9조(강성오)33 텐배거              기   07:38     07:52       0:14   금
123  9조(강성오) 6 퍼미션투윈          승   07:09     07:23       0:14   차
124  9조(강성오)40 플라잉골드          기   07:22     07:36       0:14   금
125 10조(정호익) 4 골든선더            기   07:16     07:29       0:13   차
126 10조(정호익) 6 글로벌조이          승   08:40     08:49       0:09   차
127 10조(정호익)14 글로벌캡틴          승   06:13     06:45       0:32   특
128 10조(정호익)23 두손장군            기   06:32     06:44       0:12   금
129 10조(정호익) 9 레전드데이          승   07:17     07:31       0:14   차
130 10조(정호익)27 레전드스톰          승   06:41     06:56       0:15   금
131 10조(정호익)19 록뉴스              승   08:04     08:24       0:20   차
132 10조(정호익)33 문학앙코르          승   06:12     06:23       0:11   금
133 10조(정호익)20 문학엠파이어        기   06:33     06:46       0:13   금
134 10조(정호익)36 문학조이            승   07:01     07:16       0:15   차
135 10조(정호익)10 문학치프            승   09:14     09:28       0:14   차
136 10조(정호익)12 백승                승   08:10     08:30       0:20   차
137 10조(정호익)26 승부사              승   08:02     08:12       0:10   차
138 10조(정호익)37 알찬누리            기   06:56     07:08       0:12   금
139 10조(정호익)31 원평가속            승   09:11     09:26       0:15   차
140 10조(정호익)38 원평광야            기   07:31     07:39       0:08   차
141 10조(정호익)29 이스트질주          기   06:12     06:23       0:11   금
142 10조(정호익)21 이스트챔프          승   08:51     09:02       0:11   금
143 10조(정호익) 5 천해강자            승   08:03     08:26       0:23   차
144 10조(정호익)11 터프맨              기   06:20     06:30       0:10   금
145 10조(정호익) 8 트리플런            승   06:13     06:32       0:19   금
146 10조(정호익) 3 하이하이            승   07:40     07:53       0:13   차
147 10조(정호익)30 화수분              승   08:37     08:46       0:09   차
148 10조(정호익)24 흥드림              승   07:18     07:38       0:20   차
149 11조(조현수)34 골디락스            승   07:14     07:29       0:15   차
150 11조(조현수) 3 그랜드캐슬          승   07:02     07:15       0:13   차
151 11조(조현수)10 그레이트한센        승   08:32     08:41       0:09   차
152 11조(조현수)15 도깨비              승   06:37     06:51       0:14   금
153 11조(조현수)28 메니스피드          보   07:33     07:51       0:18   차
154 11조(조현수)17 브라이트해피        승   07:15     07:27       0:12   차
155 11조(조현수)23 비플라워            승   07:59     08:10       0:11   차
156 11조(조현수)31 시선집중            승   07:33     07:44       0:11   차
157 11조(조현수) 7 원더풀우먼          보   06:47     07:01       0:14   차
158 11조(조현수) 1 일향달마            승   06:43     06:55       0:12   금
159 11조(조현수)24 적벽신화            승   06:37     06:54       0:17   차
160 11조(조현수)32 트루                승   06:40     06:55       0:15   금
161 11조(조현수)38 파이널에이스        승   08:13     08:32       0:19   차
162 11조(조현수)33 퍼지퀸              승   07:33     07:44       0:11   차
163 11조(조현수) 9 프린세스데이        승   07:50     08:03       0:13   차
164 11조(조현수)26 피엔에스행복        승   07:19     07:29       0:10   차
165 11조(조현수)22 휘파람              승   07:20     07:29       0:09   금
166 12조(서범석)19 고고고              후   07:09     07:24       0:15   차
167 12조(서범석)10 네버네버스톱        승   07:09     07:29       0:20   차
168 12조(서범석) 1 논스톱캣            기   07:21     07:33       0:12   금
169 12조(서범석)35 디터미네이션        승   08:28     08:42       0:14   금
170 12조(서범석) 7 라피어반            기   07:21     07:33       0:12   금
171 12조(서범석)20 런런런              승   06:35     06:49       0:14   차
172 12조(서범석) 5 브리가디어제너럴    기   06:39     06:55       0:16   특
173 12조(서범석) 3 원더풀데퓨티        승   07:09     07:29       0:20   차
174 12조(서범석)30 원더풀이블          승   06:28     06:43       0:15   특
175 12조(서범석)26 카지노스타          승   07:09     07:23       0:14   차
176 12조(서범석)21 페네트로            승   07:18     07:33       0:15   차
177 13조(이희영)16 굿바우              승   06:58     07:13       0:15   차
178 13조(이희영) 4 논스톱데릭          승   08:07     08:26       0:19   차
179 13조(이희영)22 모던베스트          기   08:13     08:23       0:10   금
180 13조(이희영) 8 바다의꿈            기   07:27     07:40       0:13   차
181 13조(이희영)19 베스트야            기   08:02     08:16       0:14   차
182 13조(이희영) 5 베스트탑            승   06:19     06:33       0:14   차
183 13조(이희영)28 비트업              기   07:39     07:52       0:13   금
184 13조(이희영)23 샤크짱              승   07:14     07:24       0:10   차
185 13조(이희영)10 솔개바람            승   08:29     08:43       0:14   차
186 13조(이희영)35 엘리트라인          기   06:42     06:53       0:11   금
187 13조(이희영)12 우소륭              기   07:46     08:00       0:14   차
188 13조(이희영) 3 쿨게이트            승   07:31     07:44       0:13   차
189 13조(이희영) 1 큐피드점보          승   06:36     06:56       0:20   차
190 13조(이희영)18 파크윈              기   08:48     09:03       0:15   차
191 14조(이신영)40 거센강자            승   08:40     08:54       0:14   차
192 14조(이신영)26 거센질주            승   06:18     06:28       0:10   금
193 14조(이신영)32 다프네              승   07:15     07:27       0:12   차
194 14조(이신영)38 더스파이커          기   08:45     08:57       0:12   금
195 14조(이신영)18 델피니              승   06:45     07:00       0:15   금
196 14조(이신영)36 레이볼트            승   07:33     07:51       0:18   차
197 14조(이신영) 6 록의제왕            승   07:30     07:41       0:11   차
198 14조(이신영)29 말리부진저          승   06:45     06:58       0:13   금
199 14조(이신영) 7 바이킹하트          승   08:05     08:17       0:12   차
200 14조(이신영)10 아그리워            기   07:33     07:49       0:16   금
201 14조(이신영) 9 아이언삭스          승   07:53     08:08       0:15   차
202 14조(이신영)37 엉클벨              승   06:55     07:06       0:11   차
203 14조(이신영)33 에이스삭스          승   08:40     08:53       0:13   차
204 14조(이신영)28 유레카              승   06:44     06:58       0:14   차
205 14조(이신영) 2 조이풀피스          기   06:10     06:27       0:17   차
206 14조(이신영)24 질주의칸            승   07:12     07:25       0:13   차
207 14조(이신영)14 플라잉아테나        기   07:57     08:11       0:14   금
208 14조(이신영)39 플라잉팰리스        기   08:22     08:35       0:13   금
209 14조(이신영)35 플로리다파워        기   07:33     07:48       0:15   금
210 14조(이신영)25 화려한미소          승   08:31     08:44       0:13   차
211 15조(박희철) 3 거센파워            기   08:03     08:14       0:11   금
212 15조(박희철) 4 마에스트로          승   06:16     06:32       0:16   금
213 15조(박희철) 5 아침함성            승   07:18     07:30       0:12   차
214 15조(박희철)14 원더풀샘            승   08:38     08:51       0:13   차
215 15조(박희철) 2 정상만세            승   07:27     07:46       0:19   차
216 15조(박희철) 9 정상으뜸            승   06:17     06:30       0:13   금
217 15조(박희철) 6 정상제트            승   07:01     07:10       0:09   차
218 15조(박희철)10 정상킹덤            보   07:43     08:00       0:17   차
219 15조(박희철)11 젤로스              기   07:09     07:18       0:09   금
220 16조(최봉주) 3 그레이트매직        승   09:04     09:21       0:17   차
221 16조(최봉주)31 뉴호프              조   07:30     07:46       0:16   차
222 16조(최봉주) 4 대천뷰티            승   09:32     09:42       0:10   차
223 16조(최봉주) 8 대천얼짱            조   06:20     06:34       0:14   차
224 16조(최봉주)12 디바인키튼          승   09:04     09:21       0:17   차
225 16조(최봉주)10 러브레이스          승   07:37     07:50       0:13   차
226 16조(최봉주)34 부스터로켓          기   07:12     07:24       0:12   금
227 16조(최봉주)38 빅포켓              기   08:02     08:17       0:15   차
228 16조(최봉주)20 쌍옥루              승   08:14     08:35       0:21   차
229 16조(최봉주)23 어드밴스            승   06:54     07:05       0:11   차
230 16조(최봉주)25 에이스프린스        조   06:54     07:10       0:16   차
231 16조(최봉주) 5 원더풀니키야        승   07:51     08:02       0:11   금
232 16조(최봉주) 1 장군별              기   08:40     08:51       0:11   차
233 16조(최봉주) 7 제주의하늘          기   06:50     06:58       0:08   차
234 16조(최봉주)27 파워타워            승   06:48     07:00       0:12   차
235 16조(최봉주)21 파이팅대디          승   07:16     07:28       0:12   금
236 16조(최봉주) 2 플라이스타          조   08:14     08:34       0:20   차
237 16조(최봉주)24 호크의영광          승   06:20     06:31       0:11   차
238 17조(김점오) 2 명품축제            승   06:24     06:40       0:16   특
239 17조(김점오) 6 스피드황룡          승   07:17     07:41       0:24   차
240 17조(김점오) 1 에코빅터            승   06:24     06:40       0:16   차
241 17조(김점오) 5 콘도르여왕          기   07:13     07:24       0:11   금
242 17조(김점오) 9 하늘아              기   06:49     07:13       0:24   차
243 17조(김점오)35 황금주머니          기   06:31     06:45       0:14   금
244 18조(박대흥)19 개나리송            승   08:03     08:16       0:13   차
245 18조(박대흥)26 남촌아티스트        승   07:56     08:08       0:12   차
246 18조(박대흥)34 명진고스트          승   09:14     09:26       0:12   금
247 18조(박대흥)21 미라클케이          승   06:15     06:29       0:14   차
248 18조(박대흥)18 바램                기   07:05     07:18       0:13   금
249 18조(박대흥)27 별나라신사          기   07:34     07:49       0:15   금
250 18조(박대흥)16 블로마인드          승   09:14     09:26       0:12   금
251 18조(박대흥)22 소울메리트          기   07:05     07:18       0:13   금
252 18조(박대흥)36 시리우스에이        기   07:01     07:13       0:12   금
253 18조(박대흥)10 알파독              승   07:56     08:08       0:12   차
254 18조(박대흥)33 어나더클래스        승   06:13     06:24       0:11   차
255 18조(박대흥)12 왕벚꽃              기   06:32     07:04       0:32   특
256 18조(박대흥) 1 최강퀸              기   07:50     08:02       0:12   금
257 18조(박대흥)30 케이엔라이트        승   07:07     07:22       0:15   차
258 18조(박대흥) 7 케이엔매직          승   06:39     06:54       0:15   차
259 18조(박대흥)25 케이엔메니퀸        승   06:13     06:27       0:14   차
260 18조(박대흥) 3 케이엔특급          승   08:39     09:00       0:21   금
261 18조(박대흥)32 케이엔티즈원        기   06:49     07:03       0:14   금
262 18조(박대흥) 8 퍼스트로드          승   08:40     08:53       0:13   차
263 18조(박대흥)17 프린스박            승   08:01     08:11       0:10   차
264 19조(곽영효)24 남촌의강호          승   06:56     07:14       0:18   차
265 19조(곽영효)28 라스트펀치          기   08:56     09:06       0:10   차
266 19조(곽영효)19 리빙스턴            승   06:17     06:31       0:14   금
267 19조(곽영효)27 머니스톤            승   07:05     07:24       0:19   차
268 19조(곽영효) 2 메니피뮤직          기   06:30     06:47       0:17   금
269 19조(곽영효)32 원더풀뮤직          승   06:34     06:55       0:21   차
270 19조(곽영효)33 콩코드스퍼트        기   07:35     07:48       0:13   차
271 19조(곽영효)16 클라우터            기   07:19     07:31       0:12   금
272 19조(곽영효)30 한강돌풍            승   08:08     08:26       0:18   차
273 19조(곽영효) 8 한강의기상          기   07:58     08:26       0:28   차
274 19조(곽영효)12 한강챔프            승   07:05     07:24       0:19   차
275 19조(곽영효)31 한강히어로          승   08:08     08:26       0:18   차
276 19조(곽영효) 1 햇무리              기   06:12     06:30       0:18   금
277 20조(배대선)11 농본바다            승   07:40     07:50       0:10   차
278 20조(배대선) 3 농본파이터          승   06:45     06:57       0:12   차
279 20조(배대선)14 돌콩                승   06:59     07:10       0:11   차
280 20조(배대선)23 러닝넘버원          승   06:58     07:09       0:11   차
281 20조(배대선)39 머니가락            승   06:45     06:57       0:12   차
282 20조(배대선)28 머니신              기   08:32     08:47       0:15   차
283 20조(배대선) 5 머니지프            승   07:39     07:48       0:09   차
284 20조(배대선)13 백색광채            기   07:08     07:20       0:12   금
285 20조(배대선)15 빛의대륙            승   07:27     07:40       0:13   금
286 20조(배대선)30 빛의카              기   08:20     08:32       0:12   차
287 20조(배대선)37 원더풀오렌지        승   07:27     07:43       0:16   금
288 20조(배대선)32 점프                승   08:05     08:26       0:21   차
289 20조(배대선)33 투게더웨이          기   08:32     08:47       0:15   차
290 20조(배대선)20 화랑스토리          기   08:20     08:32       0:12   금
291 21조(임봉춘) 5 마스크              승   08:12     08:34       0:22   차
292 21조(임봉춘)36 명진캔디            기   07:04     07:15       0:11   차
293 21조(임봉춘)38 보리보리            승   07:39     07:49       0:10   차
294 21조(임봉춘) 7 비바챔피언          기   06:52     07:04       0:12   차
295 21조(임봉춘) 6 삼상                기   06:59     07:10       0:11   금
296 21조(임봉춘)27 스탠바이미          승   07:27     07:47       0:20   차
297 21조(임봉춘)34 신과함께            승   08:22     08:35       0:13   차
298 21조(임봉춘)31 실버드래곤          승   06:59     07:15       0:16   차
299 21조(임봉춘)12 아마로네            승   07:54     08:08       0:14   차
300 21조(임봉춘)15 엠제이베스트        기   06:09     06:22       0:13   금
301 21조(임봉춘)22 우리                승   06:57     07:16       0:19   차
302 21조(임봉춘)33 원더풀마리아        기   06:38     06:48       0:10   금
303 21조(임봉춘)30 찬란한날            승   07:42     07:58       0:16   차
304 21조(임봉춘)16 찰리스타일          기   06:23     06:35       0:12   금
305 21조(임봉춘)23 천년의바람          승   07:34     07:46       0:12   금
306 21조(임봉춘) 3 천년의비            기   07:16     07:28       0:12   차
307 21조(임봉춘)19 황금럭키            승   06:54     07:06       0:12   차
308 21조(임봉춘)40 황금해              승   06:42     06:59       0:17   차
309 22조(안병기)33 갈색향기            승   07:29     07:52       0:23   금
310 22조(안병기)13 다이아마이트        승   06:51     07:04       0:13   차
311 22조(안병기)23 따뜻한빛            기   08:26     08:43       0:17   금
312 22조(안병기)34 라온라이트맨        기   09:25     09:36       0:11   차
313 22조(안병기)22 로열로드            승   09:16     09:33       0:17   차
314 22조(안병기) 8 리드보컬            승   09:52     10:03       0:11   차
315 22조(안병기)12 메니챔프            기   06:59     07:10       0:11   금
316 22조(안병기)37 봄날의기억          기   07:25     07:40       0:15   금
317 22조(안병기)11 산뜻한스침          승   06:20     06:37       0:17   금
318 22조(안병기)   생일선물            기   08:06     08:26       0:20   금
319 22조(안병기)25 세렌디피티야        기   07:52     08:04       0:12   차
320 22조(안병기)38 스프링꿈            승   08:36     08:53       0:17   금
321 22조(안병기) 2 스프링백            기   08:00     08:13       0:13   특
322 22조(안병기) 5 야무진배짱          승   08:18     08:33       0:15   차
323 22조(안병기)31 어느멋진날          승   10:04     10:16       0:12   차
324 22조(안병기)26 어마무시            기   08:43     08:56       0:13   차
325 22조(안병기)40 에피파니            승   07:25     07:38       0:13   차
326 22조(안병기)24 와일들리로맨틱      승   09:34     09:48       0:14   차
327 22조(안병기) 9 울트라로켓          승   09:57     10:16       0:19   차
328 22조(안병기)20 울트라킹            승   08:45     08:59       0:14   차
329 22조(안병기)17 원더풀조이          기   08:39     08:51       0:12   금
330 22조(안병기) 3 원스피어            기   07:40     07:55       0:15   금
331 22조(안병기) 7 테이크머니          조   06:24     06:37       0:13   차
332 22조(안병기)32 포스스페셜          승   08:45     09:05       0:20   차
333 23조(유재길) 5 대승퀸              승   07:28     07:38       0:10   금
334 23조(유재길) 4 동방칸              승   08:23     08:52       0:29   차
335 23조(유재길) 1 스피어건            승   08:19     08:35       0:16   차
336 23조(유재길)21 스피어골드          기   07:35     07:45       0:10   차
337 23조(유재길) 3 예상백승            기   07:12     07:24       0:12   금
338 23조(유재길) 6 원평버드            승   06:54     07:12       0:18   차
339 23조(유재길)18 원평퀸              승   06:45     07:00       0:15   금
340 23조(유재길)19 큐피드보우          승   06:16     06:30       0:14   차
341 23조(유재길)15 피엔에스빌          승   06:14     06:30       0:16   금
342 23조(유재길)17 피엔에스안          승   08:23     08:45       0:22   차
343 23조(유재길)13 홀리데이참          승   07:25     07:44       0:19   금
344 24조(서홍수)26 그레이캣            기   07:52     08:03       0:11   차
345 24조(서홍수) 9 나래킹              승   07:20     07:42       0:22   차
346 24조(서홍수)23 럭키클럽            승   07:54     08:05       0:11   차
347 24조(서홍수)10 마이티고            승   08:32     08:41       0:09   차
348 24조(서홍수)15 마이티굿            승   08:43     08:56       0:13   차
349 24조(서홍수) 5 마이티수            기   08:45     09:04       0:19   금
350 24조(서홍수)28 마이티웰            승   06:19     06:31       0:12   차
351 24조(서홍수)17 마이티윙            승   08:12     08:24       0:12   금
352 24조(서홍수)32 마이티지            승   07:25     07:37       0:12   차
353 24조(서홍수) 8 마이티칩            승   06:18     06:28       0:10   차
354 24조(서홍수)14 마이티팝            승   06:41     06:54       0:13   차
355 24조(서홍수)29 스타워즈            기   08:03     08:16       0:13   금
356 24조(서홍수) 6 원더풀데블          승   07:59     08:09       0:10   차
357 24조(서홍수)37 원더풀타이쿤        기   08:29     08:39       0:10   금
358 24조(서홍수)31 투투키튼            승   09:04     09:16       0:12   차
359 24조(서홍수) 7 팬시팬츠            승   08:04     08:21       0:17   차
360 24조(서홍수)21 행복여왕            승   06:52     07:07       0:15   차
361 25조(전승규)16 럭키영              승   09:21     09:36       0:15   금
362 25조(전승규)38 럭키훈              기   06:52     07:03       0:11   금
363 25조(전승규)25 루킹굿              승   06:17     06:34       0:17   차
364 25조(전승규)36 마크스토리          승   09:07     09:16       0:09   차
365 25조(전승규) 9 명진데이            승   08:54     09:02       0:08   차
366 25조(전승규)22 송암러너            기   08:48     09:01       0:13   차
367 25조(전승규)14 송암티즈            기   09:15     09:26       0:11   차
368 25조(전승규)28 스텔라로드          기   06:23     06:35       0:12   금
369 25조(전승규)29 아치리버            승   08:05     08:16       0:11   차
370 25조(전승규)40 원더풀인디언        승   06:52     07:04       0:12   차
371 25조(전승규) 6 위너브라운          기   06:40     06:51       0:11   금
372 25조(전승규)30 위너이즈웰          승   07:26     07:36       0:10   금
373 25조(전승규)24 이글포인트          승   07:56     08:05       0:09   금
374 25조(전승규)15 초토마              승   07:33     07:43       0:10   차
375 25조(전승규)11 최강게임            조   07:26     07:36       0:10   차
376 25조(전승규)10 킹에이스            기   06:40     06:51       0:11   금
377 25조(전승규)37 파워요트            승   08:03     08:14       0:11   금
378 25조(전승규)27 펀크레이지          승   08:22     08:41       0:19   차
379 25조(전승규)13 페페런              기   06:25     06:37       0:12   금
380 25조(전승규) 1 허쉬대보            조   06:24     06:36       0:12   특
381 25조(전승규)19 화랑투데이          기   07:56     08:05       0:09   금
382 26조(안해양)21 가나파크            보   06:54     07:10       0:16   차
383 26조(안해양) 5 가나패션            승   07:36     07:52       0:16   차
384 26조(안해양)28 구억마알            보   07:42     07:51       0:09   차
385 26조(안해양)36 그레이토르          승   08:27     08:46       0:19   차
386 26조(안해양)18 댓츠마이걸          승   06:12     06:32       0:20   차
387 26조(안해양)11 더블에지            승   07:34     07:55       0:21   차
388 26조(안해양)14 드림여왕            승   06:58     07:11       0:13   차
389 26조(안해양)23 럭키인디            승   07:00     07:17       0:17   차
390 26조(안해양)15 런던스카이          보   08:40     08:56       0:16   차
391 26조(안해양)33 런던퀸              기   06:29     06:42       0:13   금
392 26조(안해양)10 벼락                승   06:57     07:17       0:20   차
393 26조(안해양)31 빅토리카            기   06:36     06:46       0:10   차
394 26조(안해양)27 선샤인케이          승   08:21     08:49       0:28   차
395 26조(안해양)26 송암캣              기   07:52     08:19       0:27   차
396 26조(안해양) 3 시선주마            기   06:23     06:33       0:10   금
397 26조(안해양)17 시선평정            승   07:36     07:49       0:13   차
398 26조(안해양)35 아킬리온            승   08:21     08:42       0:21   차
399 26조(안해양)20 예스아이캔          승   08:23     08:35       0:12   차
400 26조(안해양)24 올댓코리아          기   08:38     08:52       0:14   금
401 26조(안해양)32 유로특급            기   07:36     07:51       0:15   차
402 26조(안해양) 1 폭스파워            기   08:56     09:10       0:14   금
403 27조(박병일) 8 금세다              승   07:05     07:15       0:10   금
404 27조(박병일)18 금자유              승   07:01     07:17       0:16   차
405 27조(박병일)38 더파이팅            기   07:37     07:52       0:15   차
406 27조(박병일)29 떠오르다            승   09:08     09:26       0:18   차
407 27조(박병일)17 리얼팩              기   07:45     07:57       0:12   금
408 27조(박병일)13 마이블랙            승   08:19     08:50       0:31   차
409 27조(박병일)21 메탈                승   07:30     07:44       0:14   차
410 27조(박병일)25 문학백투백          승   06:27     06:37       0:10   금
411 27조(박병일)16 문학선              승   07:45     07:57       0:12   차
412 27조(박병일)33 선더누리            승   09:08     09:26       0:18   차
413 27조(박병일)19 스마티대세          기   06:59     07:11       0:12   금
414 27조(박병일) 1 올드스타트          승   07:01     07:12       0:11   차
415 27조(박병일)28 은혜드림            기   08:38     08:52       0:14   차
416 27조(박병일) 3 은혜충만            승   06:17     06:33       0:16   차
417 27조(박병일) 2 청춘비바            승   07:43     08:02       0:19   차
418 27조(박병일)15 최강파티            승   06:20     06:40       0:20   차
419 27조(박병일)39 컨트리로드          승   06:35     06:48       0:13   금
420 27조(박병일)14 파란왕자            기   07:06     07:21       0:15   차
421 27조(박병일)30 포에버칸            기   07:51     08:06       0:15   금
422 27조(박병일)31 해피믹스            기   08:01     08:15       0:14   차
423 27조(박병일)23 환상터치            기   08:50     09:00       0:10   금
424 27조(박병일) 4 흥행대박            승   08:19     08:50       0:31   차
425 28조(최상식)10 거센광풍            승   06:59     07:16       0:17   금
426 28조(최상식)19 글로벌골드          승   06:41     06:56       0:15   금
427 28조(최상식) 2 글로벌매직          승   06:53     07:07       0:14   차
428 28조(최상식)18 글로벌보배          승   06:59     07:16       0:17   차
429 28조(최상식)11 글로벌스톰          기   08:06     08:21       0:15   금
430 28조(최상식) 3 글로벌에이스        승   06:28     06:41       0:13   차
431 28조(최상식) 9 글로벌천하          승   06:13     06:25       0:12   차
432 28조(최상식)22 글로벌프라임        승   07:36     07:46       0:10   차
433 28조(최상식)25 돌배                승   08:24     08:40       0:16   차
434 28조(최상식) 5 바람살              기   08:06     08:21       0:15   금
435 28조(최상식) 1 베스트럭키          승   07:31     07:45       0:14   차
436 28조(최상식)17 퍼펙트파워          기   07:51     08:05       0:14   금
437 29조(배휴준) 1 골든클래스          보   07:27     07:40       0:13   차
438 29조(배휴준)15 럭키크라운          승   06:33     06:48       0:15   차
439 29조(배휴준) 3 쇼미더골드          기   06:30     06:49       0:19   차
440 29조(배휴준)34 슈퍼파크            보   06:44     06:57       0:13   금
441 29조(배휴준) 7 아라크투윈          승   07:14     07:25       0:11   차
442 29조(배휴준)28 언비튼가이          승   06:44     06:57       0:13   금
443 29조(배휴준) 6 와와여장부          승   08:10     08:22       0:12   차
444 29조(배휴준)21 천리총              보   08:02     08:13       0:11   차
445 29조(배휴준)36 퀸오브레이싱        승   06:30     06:44       0:14   금
446 30조(토니  )14 남산초콜릿          기   08:37     08:49       0:12   차
447 30조(토니  )20 님의향기            기   07:22     07:35       0:13   차
448 30조(토니  )11 더리퍼              조   08:02     08:15       0:13   차
449 30조(토니  )19 반야동행            승   08:03     08:17       0:14   차
450 30조(토니  )24 삼정타퍼즈          기   06:17     06:30       0:13   금
451 30조(토니  )25 스타블레이드        기   06:17     06:30       0:13   차
452 30조(토니  )12 스프링킹            승   08:02     08:15       0:13   차
453 30조(토니  )17 아마존킹            승   08:37     08:49       0:12   차
454 30조(토니  ) 4 액티몬              기   06:49     07:02       0:13   차
455 30조(토니  ) 7 에이스샤인          기   09:22     09:34       0:12   차
456 30조(토니  ) 1 우청륭              기   07:22     07:35       0:13   차
457 30조(토니  )26 장산몬스터          승   09:13     09:25       0:12   차
458 30조(토니  ) 9 장산바다            조   08:37     08:49       0:12   차
459 30조(토니  )28 장산스타트          승   09:22     09:34       0:12   차
460 30조(토니  )15 장산플라이          조   06:17     06:30       0:13   특
461 30조(토니  )21 천둥오름            승   08:37     08:49       0:12   금
462 30조(토니  )18 청담제왕            기   06:49     07:02       0:13   차
463 30조(토니  ) 8 청담지니            기   08:02     08:15       0:13   차
464 30조(토니  )13 청담탱크            조   06:49     07:02       0:13   금
465 30조(토니  )23 헤라블레이드        조   07:22     07:35       0:13   차
466 31조(강환민) 9 그레이트제니        기   06:30     06:38       0:08   차
467 31조(강환민)32 로마블레이드        승   08:40     08:55       0:15   차
468 31조(강환민)23 롤러블레이드        승   07:05     07:16       0:11   차
469 31조(강환민)27 매드블레이드        기   07:48     08:01       0:13   금
470 31조(강환민)13 블루해머            승   08:40     08:55       0:15   차
471 31조(강환민)28 빅트리플            기   07:24     07:35       0:11   금
472 31조(강환민) 5 수리수리마          승   09:08     09:18       0:10   차
473 31조(강환민)33 슈퍼엑톤            기   07:51     07:59       0:08   금
474 31조(강환민) 8 스마트블루          승   08:20     08:33       0:13   차
475 31조(강환민)24 원더풀섀도우        기   08:10     08:23       0:13   차
476 31조(강환민)15 원더풀하트          승   08:12     08:31       0:19   차
477 31조(강환민) 4 장산가드            기   07:36     07:45       0:09   금
478 31조(강환민)35 장산클리어          기   06:11     06:21       0:10   차
479 31조(강환민)38 조이풀케이          승   08:40     08:55       0:15   차
480 31조(강환민) 3 천비성              기   06:15     06:24       0:09   금
481 31조(강환민) 7 큐피드벨            승   06:30     06:38       0:08   차
482 31조(강환민) 1 크레이지산타        승   06:54     07:05       0:11   차
483 31조(강환민)40 티케이플렉스        승   07:36     07:45       0:09   금
484 31조(강환민)11 핵삭스              승   06:39     06:51       0:12   차
485 32조(김윤섭) 1 고고스타            승   08:23     08:33       0:10   금
486 32조(김윤섭) 4 금성맨              기   08:23     08:33       0:10   금
487 32조(김윤섭)18 금성최고            기   06:56     07:04       0:08   차
488 32조(김윤섭)33 룰즈클래스          기   06:44     06:55       0:11   금
489 32조(김윤섭)15 초계비행            승   06:29     06:55       0:26   차
490 32조(김윤섭)26 헬로금성            승   06:12     06:23       0:11   금
491 33조(서인석)18 건곤일척            승   07:32     07:47       0:15   차
492 33조(서인석)38 노던타임            승   06:49     07:03       0:14   차
493 33조(서인석)32 누비고              승   08:11     08:24       0:13   차
494 33조(서인석)16 대승가온            기   07:10     07:21       0:11   금
495 33조(서인석)35 디스챌린지          기   07:26     07:38       0:12   차
496 33조(서인석)17 릴패트론            승   06:15     06:30       0:15   차
497 33조(서인석) 2 마성투혼            기   08:28     08:38       0:10   차
498 33조(서인석)40 매직그레이스        기   06:16     06:27       0:11   금
499 33조(서인석)31 매직러시            기   07:49     07:59       0:10   금
500 33조(서인석)28 매직조이            승   07:13     07:29       0:16   금
501 33조(서인석)25 매직타이드          기   07:04     07:15       0:11   차
502 33조(서인석)12 매치캡틴            승   09:05     09:20       0:15   차
503 33조(서인석) 9 모닝힐              승   08:19     08:31       0:12   차
504 33조(서인석)24 빅리버              기   08:03     08:18       0:15   차
505 33조(서인석)21 세인트루카          기   08:14     08:28       0:14   차
506 33조(서인석) 6 열린문              기   07:31     07:42       0:11   금
507 33조(서인석)22 옐로우캣            승   08:54     09:09       0:15   차
508 33조(서인석)27 워프나인            승   07:18     07:29       0:11   금
509 33조(서인석)15 월드메니피          승   07:39     07:50       0:11   금
510 33조(서인석)20 유정챔프            기   06:09     06:20       0:11   금
511 33조(서인석)26 이스트제트          기   06:16     06:27       0:11   특
512 33조(서인석) 7 이츠마이럭키        기   07:56     08:09       0:13   차
513 33조(서인석)33 천마비상            승   08:49     09:03       0:14   금
514 33조(서인석) 1 천지폭풍            승   06:15     06:23       0:08   차
515 33조(서인석)36 티즈에너지          기   07:49     08:00       0:11   금
516 33조(서인석) 4 패션피플            기   06:42     06:51       0:09   차
517 33조(서인석)34 흑룡가무            승   06:30     06:43       0:13   차
518 34조(리카디)39 갤럽컬린            승   08:15     08:26       0:11   차
519 34조(리카디)16 남산러브            승   06:22     06:35       0:13   금
520 34조(리카디) 5 남산의별            기   06:54     07:04       0:10   금
521 34조(리카디) 7 남산호랑이          승   07:53     08:07       0:14   차
522 34조(리카디) 8 댄싱블레이드        승   07:05     07:17       0:12   차
523 34조(리카디)21 드림스피드          승   08:45     08:57       0:12   차
524 34조(리카디)15 라이징호크          승   08:54     09:10       0:16   차
525 34조(리카디)38 레드블레이드        승   06:36     06:52       0:16   금
526 34조(리카디)22 벌말대장            승   06:36     06:45       0:09   차
527 34조(리카디)25 블랙마스크          승   07:31     07:40       0:09   차
528 34조(리카디)37 비제이플래시        기   08:29     08:39       0:10   차
529 34조(리카디)36 선더윈드            승   06:48     07:01       0:13   차
530 34조(리카디)11 슈퍼삭스            기   06:27     06:49       0:22   특
531 34조(리카디)33 애플민트            승   06:57     07:12       0:15   차
532 34조(리카디)10 에코빌              기   06:36     06:52       0:16   금
533 34조(리카디)24 엑톤선더            승   07:53     08:07       0:14   차
534 34조(리카디)29 자이언트삭스        승   08:54     09:10       0:16   차
535 34조(리카디) 4 장산포에버          기   08:10     08:25       0:15   차
536 34조(리카디)13 지산꽃              기   08:47     09:00       0:13   금
537 34조(리카디)28 파이널칸지노        승   07:51     08:01       0:10   금
538 35조(임채덕) 9 감곡선샤인          승   07:31     07:41       0:10   금
539 35조(임채덕) 1 럭센                승   08:11     08:28       0:17   차
540 35조(임채덕) 5 마이티선샤인        승   07:31     07:41       0:10   차
541 35조(임채덕)13 미스캠프            조   06:11     06:29       0:18   차
542 35조(임채덕)12 불국화              승   06:11     06:20       0:09   차
543 35조(임채덕)24 불의꽃              조   08:05     08:18       0:13   차
544 35조(임채덕)22 불의신화            승   08:11     08:29       0:18   차
545 35조(임채덕) 6 인디언선샤인        기   06:13     06:29       0:16   금
546 35조(임채덕)17 제왕의별            조   07:01     07:12       0:11   금
547 35조(임채덕) 3 퀵실버키튼          기   08:50     08:59       0:09   금
548 35조(임채덕) 2 투에이스            기   06:54     07:04       0:10   금
549 35조(임채덕) 7 플라잉센걸          승   06:57     07:07       0:10   금
550 35조(임채덕)19 하니                조   07:32     07:42       0:10   차
551 37조(심승태)12 나올킹              승   08:28     08:48       0:20   차
552 37조(심승태)15 뉴스마트            기   06:33     06:49       0:16   금
553 37조(심승태)26 또바기              승   06:40     06:49       0:09   차
554 37조(심승태)24 무야호              승   07:21     07:31       0:10   차
555 37조(심승태) 1 미라클이천          승   07:56     08:05       0:09   차
556 37조(심승태) 6 베스트포스          승   09:00     09:09       0:09   차
557 37조(심승태) 3 새로운보배          승   07:45     07:59       0:14   차
558 37조(심승태) 4 선우럭키            기   06:55     07:06       0:11   금
559 37조(심승태)30 스위트카카오        승   08:43     08:53       0:10   금
560 37조(심승태)14 이천쌀              승   07:59     08:13       0:14   금
561 37조(심승태)10 천둥캣              기   09:00     09:09       0:09   차
562 37조(심승태)29 티즈드림            기   06:40     06:47       0:07   차
563 37조(심승태)11 퍼스트슈            승   07:51     08:01       0:10   차
564 40조(송문길)30 글라디아토레에이    승   06:10     06:25       0:15   금
565 40조(송문길)12 뉴문워리어          승   06:54     07:03       0:09   차
566 40조(송문길) 2 라피도아레스        기   06:43     06:53       0:10   차
567 40조(송문길)10 마이윈              기   06:10     06:22       0:12   금
568 40조(송문길)22 산소파워            기   06:25     06:40       0:15   차
569 40조(송문길)35 쇼메이커            기   06:10     06:22       0:12   금
570 40조(송문길)19 스카이돌풍          기   06:10     06:24       0:14   금
571 40조(송문길)17 스피디루키          승   07:32     07:55       0:23   차
572 40조(송문길)21 아델나래            승   07:33     07:45       0:12   차
573 40조(송문길) 7 어마어마            기   06:10     06:24       0:14   특
574 40조(송문길)16 어메이징위즈        승   07:16     07:30       0:14   차
575 40조(송문길)31 제이랩터            승   07:17     07:27       0:10   차
576 40조(송문길)23 킬리의제왕          승   06:10     06:28       0:18   금
577 40조(송문길)37 파워박스            승   07:47     07:57       0:10   차
578 41조(신삼영) 6 광마힐              승   07:07     07:20       0:13   금
579 41조(신삼영)12 논스톱리워드        기   08:45     08:59       0:14   금
580 41조(신삼영)28 돌아온날리          승   06:14     06:41       0:27   금
581 41조(신삼영)33 루미너스퀸          승   09:06     09:18       0:12   차
582 41조(신삼영)21 매지컬초이스        기   08:30     08:42       0:12   금
583 41조(신삼영)20 별빛보석            승   07:08     07:21       0:13   차
584 41조(신삼영)16 섀도우퀸            승   08:32     08:46       0:14   차
585 41조(신삼영) 7 올포유어드림        승   07:50     08:01       0:11   차
586 41조(신삼영) 5 와일드파이트        승   08:16     08:29       0:13   차
587 41조(신삼영)24 원더풀금성          승   07:43     08:01       0:18   차
588 41조(신삼영) 3 유로강자            승   07:28     07:41       0:13   차
589 41조(신삼영) 8 유로퀸              승   06:52     07:07       0:15   차
590 41조(신삼영)37 좋은관계            승   06:14     06:26       0:12   차
591 41조(신삼영)14 큐피드베이브        승   06:21     06:33       0:12   금
592 42조(이관호) 7 금아애크미          기   06:32     06:43       0:11   특
593 42조(이관호) 8 더퀸저스티스        기   06:26     06:37       0:11   금
594 42조(이관호)22 레이디퍼스트        승   07:05     07:19       0:14   차
595 42조(이관호)21 맥스런              기   06:54     07:05       0:11   차
596 42조(이관호)31 모르피스            기   06:14     06:27       0:13   특
597 42조(이관호)25 무도                기   07:12     07:24       0:12   금
598 42조(이관호)34 백스핀              승   08:32     08:41       0:09   차
599 42조(이관호)17 브라보삭스          승   06:14     06:26       0:12   차
600 42조(이관호) 6 빅에너지            기   07:06     07:18       0:12   금
601 42조(이관호)14 서울크라운          승   08:55     09:07       0:12   금
602 42조(이관호) 4 어나더스마트원      기   07:10     07:23       0:13   차
603 42조(이관호)16 와일드삭스          기   06:12     06:23       0:11   금
604 42조(이관호)28 이무기              승   06:47     06:58       0:11   금
605 42조(이관호)10 전정사금            승   07:48     08:02       0:14   금
606 42조(이관호)27 지스타              승   06:27     06:39       0:12   차
607 42조(이관호)11 챌린지삭스          승   09:04     09:14       0:10   차
608 42조(이관호)39 천군                기   07:40     07:54       0:14   금
609 42조(이관호)19 청산강호            기   07:42     07:54       0:12   차
610 42조(이관호)29 콩코드스파크        승   09:32     09:42       0:10   차
611 42조(이관호)33 쿠레레쿠스          기   07:25     07:37       0:12   금
612 42조(이관호)12 태양마              승   08:13     08:25       0:12   차
613 42조(이관호) 2 톱포지션            기   06:45     06:56       0:11   차
614 42조(이관호)40 티나                승   09:00     09:13       0:13   차
615 42조(이관호) 5 포에버드림          기   08:29     08:41       0:12   금
616 42조(이관호)24 프로함성            승   07:46     08:02       0:16   차
617 42조(이관호)35 하이러너            승   09:30     09:42       0:12   차
618 43조(서정하) 2 룰브레이커          승   06:58     07:07       0:09   차
619 43조(서정하)16 케미블루            승   07:41     07:54       0:13   차
620 43조(서정하)10 킬라타스            승   07:27     07:39       0:12   차
621 48조(이준철)26 가기만고당          기   07:41     07:53       0:12   차
622 48조(이준철) 9 거문                조   08:13     08:24       0:11   차
623 48조(이준철) 6 너를응원해          조   07:06     07:19       0:13   차
624 48조(이준철) 4 더드림              보   08:17     08:30       0:13   차
625 48조(이준철)15 디에코              기   06:22     06:50       0:28   금
626 48조(이준철)16 메이블레이드        승   06:22     06:50       0:28   금
627 48조(이준철)11 쏘아라대로          기   06:28     06:43       0:15   금
628 48조(이준철)27 태산아치            보   07:41     07:53       0:12   차
629 48조(이준철)14 팀임팩트            보   06:23     06:37       0:14   차
630 48조(이준철)24 피엔에스수          조   06:20     06:43       0:23   금
631 48조(이준철) 8 흥행질주            보   07:04     07:15       0:11   특
632 49조(지용철)34 구름타고            기   06:38     06:52       0:14   금
633 49조(지용철)26 나인아이            승   08:01     08:20       0:19   차
634 49조(지용철)15 달리는빛깔          승   07:05     07:13       0:08   차
635 49조(지용철)36 대변화              기   08:43     08:56       0:13   특
636 49조(지용철)22 러닝킹              승   08:18     08:36       0:18   차
637 49조(지용철) 7 럭키스마일          기   06:44     06:57       0:13   금
638 49조(지용철)38 리마커블            승   06:34     06:51       0:17   차
639 49조(지용철) 6 마패봉              기   06:13     06:26       0:13   금
640 49조(지용철)21 밀키셰리            승   06:16     06:32       0:16   금
641 49조(지용철) 4 블러드문            기   08:01     08:21       0:20   차
642 49조(지용철)39 빅비트              기   08:01     08:13       0:12   금
643 49조(지용철)30 심장의고동          승   08:43     08:57       0:14   특
644 49조(지용철) 1 아메리칸포스원      승   07:33     07:45       0:12   차
645 49조(지용철)19 원퍼트              기   07:33     07:46       0:13   차
646 49조(지용철)31 절예                승   06:38     06:53       0:15   차
647 49조(지용철)11 진또배기            기   07:46     07:55       0:09   금
648 49조(지용철)37 페더럴킹            승   07:33     07:46       0:13   차
649 50조(박재우) 3 가가나              승   08:06     08:26       0:20   차
650 50조(박재우)39 금성세계            승   06:48     07:02       0:14   차
651 50조(박재우)31 다시두손            기   07:34     07:47       0:13   금
652 50조(박재우)33 더페이버릿          기   07:34     07:46       0:12   금
653 50조(박재우)14 동작                기   07:51     08:03       0:12   금
654 50조(박재우)34 두손드라이브        기   06:54     07:04       0:10   금
655 50조(박재우)27 멋진금성            승   06:19     06:32       0:13   금
656 50조(박재우)10 문학타이거          승   08:39     08:56       0:17   차
657 50조(박재우) 9 문학포리스트        승   07:34     07:46       0:12   금
658 50조(박재우)22 백두걸              승   09:18     09:32       0:14   차
659 50조(박재우)35 별빛마루            승   08:52     09:09       0:17   차
660 50조(박재우)16 스킬맥스            기   07:36     07:53       0:17   금
661 50조(박재우)24 야호골든캣          기   07:13     07:28       0:15   금
662 50조(박재우)40 용호지마            승   06:54     07:04       0:10   금
663 50조(박재우)32 유쾌한날들          승   07:55     08:10       0:15   차
664 50조(박재우)13 은어축제            승   06:46     07:00       0:14   차
665 50조(박재우)18 이스트포인트        승   06:17     06:25       0:08   금
666 50조(박재우) 7 컴플리트밸류        기   08:06     08:26       0:20   특
667 50조(박재우) 6 큐피드세이프        승   08:51     09:02       0:11   차
668 50조(박재우)15 트리플킹덤          승   06:19     06:32       0:13   금
669 50조(박재우)21 티즈플랜            기   06:03     06:25       0:22   특
670 50조(박재우)29 프린스              승   08:19     08:32       0:13   금
671 51조(최용건)36 경부대검            기   08:33     08:45       0:12   차
672 51조(최용건)29 골든펄              보   06:10     06:38       0:28   차
673 51조(최용건)28 그레이트선더        승   07:48     08:09       0:21   금
674 51조(최용건)15 나올에이스          승   07:49     08:00       0:11   차
675 51조(최용건)14 다울퀸              승   06:16     06:30       0:14   차
676 51조(최용건)39 메니데이            보   07:20     07:47       0:27   차
677 51조(최용건)32 명진스톰            승   06:47     06:57       0:10   차
678 51조(최용건)31 명진플라이          승   06:09     06:16       0:07   금
679 51조(최용건)35 서니블레이드        기   07:17     07:26       0:09   금
680 51조(최용건)20 송암레이서          보   08:31     08:49       0:18   차
681 51조(최용건) 7 실버스타            기   07:05     07:17       0:12   금
682 51조(최용건) 2 올드블레이드        승   07:04     07:19       0:15   금
683 51조(최용건)16 인빅터스            승   06:15     06:24       0:09   차
684 51조(최용건) 6 장산포이즌          승   07:04     07:19       0:15   금
685 51조(최용건)34 정성대로            후   07:13     07:36       0:23   차
686 51조(최용건) 5 천둥여울            승   07:31     07:45       0:14   차
687 51조(최용건) 8 캠프세이버          승   07:57     08:11       0:14   차
688 51조(최용건)23 톱브레인            승   06:55     07:08       0:13   차
689 51조(최용건)12 티즈러너            후   06:10     06:38       0:28   차
690 51조(최용건)26 플래티넘유로        승   07:48     08:09       0:21   차
691 51조(최용건)38 해피뉴마            기   08:03     08:14       0:11   차
692 51조(최용건)17 히어로스피드        후   08:10     08:26       0:16   차
693 52조(김동균)   고져스서브          승   08:56     09:06       0:10   차
694 52조(김동균)34 그랜드파워          승   06:13     06:25       0:12   차
695 52조(김동균)16 글로리뷰            기   07:27     07:39       0:12   금
696 52조(김동균)29 나는스타            기   07:45     07:57       0:12   금
697 52조(김동균)37 대완구              승   07:40     07:51       0:11   차
698 52조(김동균)21 랠리퀸              승   06:39     07:00       0:21   금
699 52조(김동균) 2 럭키월드            승   09:30     09:42       0:12   차
700 52조(김동균)17 루나실버            기   07:16     07:30       0:14   금
701 52조(김동균)18 메니히어로          보   06:00     06:14       0:14   특
702 52조(김동균)26 블랙머스크          보   07:18     07:35       0:17   특
703 52조(김동균)32 서머에이스          승   08:05     08:24       0:19   차
704 52조(김동균)35 스피드팔콘          기   07:16     07:30       0:14   금
705 52조(김동균) 6 엠제이스톰          후   06:16     06:28       0:12   금
706 52조(김동균) 1 엠제이파워          승   06:16     06:28       0:12   특
707 52조(김동균)39 천둥세자            승   08:38     08:46       0:08   차
708 52조(김동균)12 천지여걸            승   08:03     08:19       0:16   차
709 52조(김동균)13 카빙크로스          승   09:38     09:50       0:12   특
710 52조(김동균)38 퀸의질주            승   06:30     06:42       0:12   차
711 52조(김동균)14 클레어파워          승   09:00     09:13       0:13   차
712 52조(김동균)33 파노라마선          후   08:11     08:32       0:21   차
713 52조(김동균) 3 파노라마퀸          승   08:52     09:00       0:08   차
714 52조(김동균)23 하이퍼카            후   06:42     07:00       0:18   차
715 53조(김동철)19 금석돌파            승   08:51     09:07       0:16   차
716 53조(김동철) 6 나올영웅            승   06:43     07:00       0:17   차
717 53조(김동철)22 대박스타            승   09:18     09:31       0:13   차
718 53조(김동철)39 럭셔리킹            승   08:28     08:40       0:12   차
719 53조(김동철)38 럭키어필            승   09:07     09:16       0:09   금
720 53조(김동철)10 로맨스참            승   08:04     08:21       0:17   차
721 53조(김동철)17 롱런                승   06:32     06:49       0:17   차
722 53조(김동철)14 루비로드            승   07:22     07:42       0:20   차
723 53조(김동철) 8 미르스톰            승   07:57     08:07       0:10   차
724 53조(김동철)13 바람타고            승   07:22     07:42       0:20   차
725 53조(김동철) 7 브라운              기   08:30     08:47       0:17   차
726 53조(김동철)36 서울의별            승   08:47     08:56       0:09   차
727 53조(김동철)24 영블러드            승   07:59     08:20       0:21   차
728 53조(김동철)37 울프아이            승   06:43     07:00       0:17   차
729 53조(김동철)23 은혜파도            승   09:07     09:15       0:08   차
730 53조(김동철)18 티케이데이          기   07:00     07:17       0:17   금
731 54조(박천서)14 그린백              보   07:42     08:00       0:18   차
732 54조(박천서) 8 레드백              기   07:26     07:41       0:15   차
733 54조(박천서) 6 르루아블랑          후   06:45     06:59       0:14   차
734 54조(박천서)13 마바위              기   07:05     07:18       0:13   금
735 54조(박천서) 1 베링맨              승   08:20     08:32       0:12   차
736 54조(박천서)22 베스트천상          보   06:17     06:35       0:18   금
737 54조(박천서) 2 비호번개            기   07:43     07:53       0:10   차
738 54조(박천서)29 선봉골드            기   06:42     06:54       0:12   차
739 54조(박천서)12 프리마니케          보   06:54     07:10       0:16   금
━━━━━━━━━━━━━━━━━━━━━━━━━━━━━━━━━━━━━━━
                                                      출력일자 : 2021.11.17

