

제목 : 21.11.07(일) 조교현황

  ※기승자범례(조:조교사, 보:조교보, 기:기수, 후:기수후보생, 승:조교승인)
  ※비고(금:금주출전예정마, 차:차주출전예정마, 특:특대상경주출전예정마)
  ※금주, 차주 또는 특별 대상경주 출전예상마는 출전신청 결과 및
  조교사의 의사에 따라 변동될 수 있는 미확정된 자료이오니 참고하시기 바랍니다.
━━━━━━━━━━━━━━━━━━━━━━━━━━━━━━━━━━━━━━━
  순 소속조 - 조번 마명              기승자 입장시각  퇴장시각  조교시간 비고
━━━━━━━━━━━━━━━━━━━━━━━━━━━━━━━━━━━━━━━
  1  1조(박종곤)22 라온더골드          승   08:15     08:25       0:10   차
  2  1조(박종곤)29 라온더대쉬          승   07:37     07:48       0:11   차
  3  1조(박종곤)18 라온더삭스          승   08:40     08:56       0:16   차
  4  1조(박종곤)19 라온더최강          승   07:56     08:12       0:16   차
  5  1조(박종곤)10 라온더축제          승   08:40     08:59       0:19   차
  6  1조(박종곤)23 라온더타이거        승   07:28     07:42       0:14   차
  7  1조(박종곤) 4 라온더특급          승   07:08     07:24       0:16   차
  8  1조(박종곤)27 라온더파이터        기   07:28     07:44       0:16   특
  9  1조(박종곤)40 라온더피버          승   06:22     06:37       0:15   차
 10  1조(박종곤)36 라온샹젤리          기   06:16     06:29       0:13   차
 11  1조(박종곤)35 라온핑크            승   06:49     07:11       0:22   특
 12  1조(박종곤)25 문학럭키            기   06:31     06:42       0:11   차
 13  1조(박종곤) 7 문학카이로          승   07:35     07:50       0:15   차
 14  1조(박종곤) 9 문학토스코          승   08:20     08:43       0:23   차
 15  1조(박종곤)11 문학파로아          승   06:49     07:10       0:21   차
 16  1조(박종곤)17 어메이징나우        승   08:17     08:41       0:24   차
 17  1조(박종곤)33 플래시선더          승   08:17     08:42       0:25   차
 18  2조(손영표)23 디바인파워          기   06:10     06:23       0:13   차
 19  2조(손영표)35 라스트콜            승   08:01     08:17       0:16   차
 20  2조(손영표)32 러브아치            승   07:53     08:07       0:14   차
 21  2조(손영표)21 마루캐슬            승   07:22     07:35       0:13   차
 22  2조(손영표) 7 불의퀸              승   06:24     06:39       0:15   차
 23  2조(손영표)31 오섬스프링스        승   08:04     08:20       0:16   차
 24  2조(손영표)29 원더풀파워          기   06:38     06:54       0:16   차
 25  2조(손영표)22 피어나다            승   07:13     07:28       0:15   차
 26  2조(손영표) 2 피케이로드          기   06:11     06:24       0:13   차
 27  3조(최영주) 1 골드윙              승   08:55     09:09       0:14   차
 28  3조(최영주)25 뉴청파              승   08:02     08:17       0:15   차
 29  3조(최영주)33 대지여걸            승   06:12     06:23       0:11   차
 30  3조(최영주)10 러너몬스터          기   07:56     08:06       0:10   차
 31  3조(최영주)14 록라인              승   06:47     07:00       0:13   차
 32  3조(최영주)11 매직선데이          승   07:10     07:26       0:16   차
 33  3조(최영주) 9 매직신화            승   07:10     07:26       0:16   차
 34  3조(최영주)20 멋진가이            승   07:45     08:00       0:15   차
 35  3조(최영주) 7 미사일캔디          승   06:15     06:27       0:12   차
 36  3조(최영주)16 블랙머니            승   06:50     07:01       0:11   차
 37  3조(최영주) 3 슈발도리앙          기   07:32     07:53       0:21   차
 38  3조(최영주) 4 심플퀸              기   07:39     07:53       0:14   차
 39  3조(최영주)24 에이스댄싱          승   08:00     08:13       0:13   차
 40  3조(최영주)18 함평나비            승   08:52     09:12       0:20   차
 41  3조(최영주) 8 함평여왕            승   08:15     08:29       0:14   차
 42  4조(박윤규) 2 광양으뜸            승   08:35     08:50       0:15   차
 43  4조(박윤규)33 리틀보이플래시      승   07:45     07:58       0:13   차
 44  4조(박윤규) 4 멋진가람            기   06:31     06:48       0:17   차
 45  4조(박윤규)17 바로퀸              승   08:12     08:28       0:16   차
 46  4조(박윤규)12 에이스캔트          승   06:16     06:31       0:15   차
 47  4조(박윤규)26 주말의시작          승   07:45     08:03       0:18   차
 48  4조(박윤규) 5 천지광풍            승   07:20     07:34       0:14   차
 49  4조(박윤규) 9 케이프렌지          승   06:16     06:31       0:15   차
 50  4조(박윤규) 7 팔팔빅토리          승   06:49     07:02       0:13   차
 51  4조(박윤규)24 피엔에스찬스        승   08:11     08:20       0:09   차
 52  4조(박윤규)29 해피먼스            승   06:59     07:18       0:19   차
 53  5조(우창구)18 금국화              보   06:43     07:03       0:20   차
 54  5조(우창구)37 드림걸스            승   07:21     07:35       0:14   차
 55  5조(우창구) 9 러블리케이          보   07:14     07:32       0:18   차
 56  5조(우창구)11 사이먼퀸            보   07:42     07:54       0:12   차
 57  5조(우창구)21 스피드블랙          보   06:43     07:03       0:20   차
 58  5조(우창구)27 알렉산더원          보   08:02     08:18       0:16   차
 59  5조(우창구) 8 위너카이            보   06:11     06:23       0:12   차
 60  6조(홍대유) 6 그레이스퀸          승   07:40     07:56       0:16   차
 61  6조(홍대유)26 그린짱              보   07:24     07:34       0:10   차
 62  6조(홍대유)16 내길의별            승   08:19     08:36       0:17   차
 63  6조(홍대유)18 루비콘              승   08:27     08:42       0:15   차
 64  6조(홍대유)15 문학문              승   07:45     07:58       0:13   차
 65  6조(홍대유) 4 새내파워풀          승   07:43     07:59       0:16   차
 66  6조(홍대유)19 새내황제            기   06:46     06:56       0:10   차
 67  6조(홍대유)36 안양호랑이          기   06:50     07:02       0:12   차
 68  6조(홍대유)38 어플리트마린        승   06:21     06:36       0:15   차
 69  6조(홍대유)14 연희사랑            승   07:09     07:19       0:10   차
 70  6조(홍대유)39 월영이              기   07:53     08:07       0:14   차
 71  6조(홍대유) 7 이겨주마            승   06:22     06:42       0:20   차
 72  6조(홍대유)32 정문에이스          승   06:37     06:50       0:13   차
 73  6조(홍대유)40 정문지존            보   06:47     07:03       0:16   차
 74  6조(홍대유) 1 정문최강            보   06:13     06:29       0:16   차
 75  6조(홍대유) 2 차돌런              승   07:09     07:19       0:10   차
 76  6조(홍대유)37 킹스아이            승   07:09     07:19       0:10   차
 77  7조(구자흥) 8 다나은로즈          승   06:33     06:57       0:24   차
 78  7조(구자흥)11 대군의창            기   06:30     06:44       0:14   차
 79  7조(구자흥) 2 대군피닉스          승   06:33     06:55       0:22   차
 80  7조(구자흥)22 대산특급            승   08:09     08:24       0:15   차
 81  7조(구자흥) 4 로드위너            승   07:13     07:23       0:10   차
 82  7조(구자흥)25 매직모카신          승   08:22     08:43       0:21   차
 83  7조(구자흥)15 사려니퀸            승   07:26     07:38       0:12   차
 84  7조(구자흥)14 스프링워터          승   08:22     08:43       0:21   차
 85  7조(구자흥) 1 안양사자            승   08:22     08:43       0:21   차
 86  7조(구자흥) 6 원더풀룰즈          승   08:22     08:39       0:17   차
 87  7조(구자흥) 3 쿠키몬스터          승   07:26     07:40       0:14   차
 88  8조(최용구) 4 발베니              승   06:14     06:24       0:10   차
 89  8조(최용구)31 불멸의제왕          승   06:57     07:20       0:23   차
 90  8조(최용구)14 비크레이지          승   06:17     06:39       0:22   차
 91  8조(최용구) 3 스위트캠프          승   06:35     06:43       0:08   차
 92  8조(최용구)20 어나더초이스        승   07:19     07:29       0:10   차
 93  8조(최용구)19 오해피              승   07:49     07:59       0:10   차
 94  8조(최용구)33 유니콘브라보        기   07:05     07:19       0:14   차
 95  8조(최용구)23 은혜                승   08:20     08:34       0:14   차
 96  8조(최용구)30 은혜가문            승   07:49     08:03       0:14   차
 97  8조(최용구)39 카일룸제왕          승   08:29     08:38       0:09   차
 98  8조(최용구)32 하바나찰리          승   06:55     07:05       0:10   차
 99  8조(최용구)13 해가빛              승   07:49     08:03       0:14   차
100  9조(강성오)15 가온매직            기   07:00     07:12       0:12   차
101  9조(강성오) 5 강서돌풍            승   08:01     08:20       0:19   차
102  9조(강성오)25 대지의여걸          승   07:40     07:54       0:14   차
103  9조(강성오)14 돈마                승   07:00     07:12       0:12   차
104  9조(강성오)19 브라운참            승   09:03     09:17       0:14   차
105  9조(강성오) 4 블랙루키            승   08:35     08:45       0:10   차
106  9조(강성오) 9 최강돌풍            승   08:01     08:17       0:16   차
107  9조(강성오)26 최고블랙            승   07:22     07:40       0:18   차
108  9조(강성오)23 최고포인트          승   07:00     07:14       0:14   차
109  9조(강성오) 6 퍼미션투윈          승   07:22     07:40       0:18   차
110  9조(강성오)40 플라잉골드          승   06:26     06:37       0:11   차
111  9조(강성오)38 플라잉빅터          승   06:26     06:37       0:11   차
112 10조(정호익)14 글로벌캡틴          승   06:10     06:38       0:28   특
113 10조(정호익) 1 동쪽글로리          승   08:14     08:26       0:12   차
114 10조(정호익)23 두손장군            승   07:01     07:13       0:12   차
115 10조(정호익)34 두손판타스틱        승   06:14     06:28       0:14   차
116 10조(정호익)27 레전드스톰          승   07:32     07:46       0:14   차
117 10조(정호익)39 마이리더            기   06:27     06:39       0:12   차
118 10조(정호익)33 문학앙코르          승   06:18     06:29       0:11   차
119 10조(정호익)20 문학엠파이어        승   07:58     08:18       0:20   차
120 10조(정호익)36 문학조이            승   07:08     07:25       0:17   차
121 10조(정호익)37 알찬누리            기   06:10     06:22       0:12   차
122 10조(정호익)13 원평코드            승   08:10     08:26       0:16   차
123 10조(정호익)21 이스트챔프          승   07:12     07:23       0:11   차
124 10조(정호익)15 작두콩              승   08:10     08:26       0:16   차
125 10조(정호익) 5 천해강자            승   06:33     06:44       0:11   차
126 10조(정호익)22 터프가이            기   06:18     06:28       0:10   차
127 10조(정호익)11 터프맨              승   06:47     07:02       0:15   차
128 10조(정호익)40 화이트코멧          승   07:30     07:43       0:13   차
129 11조(조현수)15 도깨비              승   07:23     07:34       0:11   차
130 11조(조현수)17 브라이트해피        승   07:03     07:13       0:10   차
131 11조(조현수)23 비플라워            승   06:30     06:44       0:14   차
132 11조(조현수) 5 스마트별            승   07:07     07:20       0:13   차
133 11조(조현수) 1 일향달마            승   07:55     08:10       0:15   차
134 11조(조현수)16 조이오브킹          승   07:25     07:37       0:12   차
135 11조(조현수)14 퀸라이언            승   06:30     06:43       0:13   차
136 11조(조현수)32 트루                승   06:29     06:46       0:17   차
137 11조(조현수)13 폴카                승   07:19     07:34       0:15   차
138 11조(조현수)21 피엔에스갬블        승   07:07     07:20       0:13   차
139 11조(조현수)22 휘파람              승   06:30     06:38       0:08   차
140 12조(서범석)19 고고고              승   06:43     06:54       0:11   차
141 12조(서범석)10 네버네버스톱        승   07:31     07:52       0:21   차
142 12조(서범석)35 디터미네이션        승   07:00     07:10       0:10   차
143 12조(서범석) 7 라피어반            승   07:09     07:26       0:17   차
144 12조(서범석) 5 브리가디어제너럴    승   06:43     06:54       0:11   특
145 12조(서범석) 2 사우스반            기   07:46     07:57       0:11   차
146 12조(서범석)17 선붐                승   08:06     08:20       0:14   차
147 12조(서범석)29 스트롱벌처          승   07:16     07:30       0:14   차
148 12조(서범석)32 일마레              승   07:05     07:18       0:13   차
149 12조(서범석)25 제주의흑선          승   08:07     08:20       0:13   차
150 12조(서범석)26 카지노스타          기   08:07     08:18       0:11   차
151 12조(서범석)31 큐피드웨이          승   07:31     07:52       0:21   차
152 13조(이희영)27 논스톱알리          승   06:32     06:45       0:13   차
153 13조(이희영)22 모던베스트          승   07:04     07:18       0:14   차
154 13조(이희영)24 백일홍              기   07:00     07:15       0:15   차
155 13조(이희영)23 샤크짱              승   06:48     07:01       0:13   차
156 13조(이희영)35 엘리트라인          승   07:20     07:34       0:14   차
157 13조(이희영)11 엘리트룰즈          승   06:16     06:30       0:14   차
158 14조(이신영)40 거센강자            승   08:15     08:34       0:19   차
159 14조(이신영) 8 금아플로러스        승   07:35     07:49       0:14   차
160 14조(이신영)38 더스파이커          기   08:06     08:19       0:13   차
161 14조(이신영)18 델피니              승   06:14     06:30       0:16   차
162 14조(이신영)19 라게르타            기   07:50     08:06       0:16   차
163 14조(이신영)31 블랙킹              승   06:42     06:56       0:14   차
164 14조(이신영)12 사려니로키          기   07:18     07:35       0:17   차
165 14조(이신영)22 사려니퍼스트        승   06:35     06:49       0:14   차
166 14조(이신영)23 사려니프린스        승   08:15     08:36       0:21   차
167 14조(이신영) 1 선샤인특급          승   06:57     07:07       0:10   차
168 14조(이신영)33 에이스삭스          기   08:15     08:36       0:21   차
169 14조(이신영)20 타이탄삭스          기   06:35     06:49       0:14   차
170 14조(이신영)14 플라잉아테나        기   07:35     07:49       0:14   차
171 14조(이신영)35 플로리다파워        승   07:45     08:00       0:15   차
172 14조(이신영) 3 화이트윙            승   07:18     07:35       0:17   차
173 15조(박희철) 3 거센파워            승   06:24     06:37       0:13   차
174 15조(박희철) 4 마에스트로          승   07:13     07:24       0:11   차
175 16조(최봉주)11 너울이              승   06:42     06:59       0:17   차
176 16조(최봉주) 8 대천얼짱            승   07:13     07:31       0:18   차
177 16조(최봉주)35 돌격앞으로          기   07:24     07:38       0:14   차
178 16조(최봉주)30 러닝복스            승   08:38     08:49       0:11   차
179 16조(최봉주)34 부스터로켓          승   06:16     06:29       0:13   차
180 16조(최봉주)19 블루카이저          조   07:14     07:23       0:09   차
181 16조(최봉주)20 쌍옥루              승   08:03     08:26       0:23   차
182 16조(최봉주)23 어드밴스            승   07:12     07:27       0:15   차
183 16조(최봉주) 6 언패럴렐드          기   07:07     07:23       0:16   차
184 16조(최봉주)29 원더풀딕시          승   06:18     06:31       0:13   차
185 16조(최봉주)16 제주의요정          기   06:36     06:51       0:15   차
186 16조(최봉주) 7 제주의하늘          기   07:10     07:22       0:12   차
187 16조(최봉주)15 코스모              조   06:29     06:42       0:13   차
188 16조(최봉주)21 파이팅대디          승   08:49     09:00       0:11   차
189 16조(최봉주) 2 플라이스타          조   08:03     08:25       0:22   차
190 16조(최봉주)28 호크행진곡          승   06:43     06:56       0:13   차
191 17조(김점오) 8 스타룰러            기   06:48     07:04       0:16   차
192 17조(김점오) 9 하늘아              승   06:25     06:44       0:19   차
193 17조(김점오)35 황금주머니          기   06:30     06:47       0:17   차
194 18조(박대흥)18 바램                승   07:58     08:14       0:16   차
195 18조(박대흥)27 별나라신사          승   06:13     06:27       0:14   차
196 18조(박대흥)37 선더소니아          기   07:20     07:32       0:12   차
197 18조(박대흥)40 선더여왕            승   07:20     07:32       0:12   차
198 18조(박대흥)36 시리우스에이        승   07:46     07:59       0:13   차
199 18조(박대흥)10 알파독              승   07:13     07:27       0:14   차
200 18조(박대흥)12 왕벚꽃              승   07:46     08:00       0:14   특
201 18조(박대흥) 1 최강퀸              승   06:46     07:00       0:14   차
202 18조(박대흥)14 최강팀              승   06:13     06:27       0:14   차
203 18조(박대흥)35 케이엔올드퀸        승   07:20     07:33       0:13   차
204 18조(박대흥)38 케이엔원더풀        승   06:46     07:00       0:14   차
205 18조(박대흥)24 케이엔파크          승   07:13     07:26       0:13   차
206 19조(곽영효)24 남촌의강호          승   07:07     07:24       0:17   차
207 19조(곽영효) 9 루비스타            기   06:40     06:58       0:18   차
208 19조(곽영효)19 리빙스턴            승   07:26     07:38       0:12   차
209 19조(곽영효) 2 메니피뮤직          승   06:35     06:49       0:14   차
210 19조(곽영효) 7 발바투              기   07:28     07:42       0:14   차
211 19조(곽영효)25 쇠와꽃              승   07:34     07:43       0:09   차
212 19조(곽영효)18 싱그러운타임        기   06:26     06:39       0:13   차
213 19조(곽영효)32 원더풀뮤직          승   07:10     07:24       0:14   차
214 19조(곽영효)11 천지지대            기   07:28     07:42       0:14   차
215 19조(곽영효)33 콩코드스퍼트        기   07:49     07:58       0:09   차
216 19조(곽영효)16 클라우터            기   07:15     07:23       0:08   차
217 19조(곽영효) 8 한강의기상          기   07:58     08:10       0:12   차
218 19조(곽영효) 1 햇무리              승   06:20     06:33       0:13   차
219 20조(배대선)28 머니신              기   08:01     08:10       0:09   차
220 20조(배대선) 4 머니탑              승   07:25     07:39       0:14   차
221 20조(배대선)13 백색광채            승   07:02     07:15       0:13   차
222 20조(배대선)15 빛의대륙            승   06:47     06:57       0:10   차
223 20조(배대선)30 빛의카              승   08:01     08:18       0:17   차
224 20조(배대선)22 우주의봄            기   07:45     07:57       0:12   차
225 20조(배대선)40 원더풀케이          승   07:39     07:52       0:13   차
226 20조(배대선)32 점프                기   07:45     07:58       0:13   차
227 20조(배대선)19 제마특급            승   06:47     07:02       0:15   차
228 20조(배대선)33 투게더웨이          기   08:01     08:10       0:09   차
229 20조(배대선)20 화랑스토리          승   07:01     07:12       0:11   차
230 21조(임봉춘)35 대용왕              기   06:52     07:05       0:13   차
231 21조(임봉춘)25 드림맥스            기   06:22     06:34       0:12   차
232 21조(임봉춘) 9 미르베스트          승   07:03     07:27       0:24   차
233 21조(임봉춘)24 미르캡틴            승   07:54     08:09       0:15   차
234 21조(임봉춘)13 바디스타            승   06:57     07:14       0:17   차
235 21조(임봉춘)20 바이스로이          기   06:50     07:03       0:13   차
236 21조(임봉춘) 6 삼상                승   07:28     07:41       0:13   차
237 21조(임봉춘)28 스피드벨            기   06:09     06:20       0:11   차
238 21조(임봉춘) 2 신의아들            기   06:52     07:05       0:13   차
239 21조(임봉춘)31 실버드래곤          승   07:06     07:22       0:16   차
240 21조(임봉춘)15 엠제이베스트        승   07:59     08:16       0:17   차
241 21조(임봉춘)33 원더풀마리아        승   07:54     08:09       0:15   차
242 21조(임봉춘)16 찰리스타일          승   07:53     08:10       0:17   차
243 21조(임봉춘)23 천년의바람          승   07:07     07:21       0:14   차
244 21조(임봉춘)37 퀸즈투어            기   06:31     06:42       0:11   특
245 21조(임봉춘)21 프리맥스            기   06:22     06:35       0:13   차
246 21조(임봉춘)18 플렉스퀸            기   06:10     06:21       0:11   차
247 21조(임봉춘)40 황금해              승   07:30     07:45       0:15   차
248 22조(안병기)13 럭키밸리            승   07:41     07:54       0:13   차
249 22조(안병기)22 로열로드            승   09:23     09:33       0:10   차
250 22조(안병기)37 봄날의기억          승   08:33     08:45       0:12   차
251 22조(안병기)   생일선물            승   06:48     06:57       0:09   차
252 22조(안병기) 2 스프링백            승   09:10     09:28       0:18   특
253 22조(안병기)19 신의열매            기   08:27     08:39       0:12   차
254 22조(안병기)25 야무진독도          기   08:27     08:40       0:13   차
255 22조(안병기) 5 야무진배짱          승   07:03     07:20       0:17   차
256 22조(안병기)27 야무진왕초          기   07:25     07:38       0:13   차
257 22조(안병기)40 에피파니            승   07:25     07:38       0:13   차
258 22조(안병기)24 와일들리로맨틱      승   09:07     09:20       0:13   차
259 22조(안병기)17 원더풀조이          승   08:50     09:08       0:18   차
260 22조(안병기)26 원지                기   07:54     08:06       0:12   차
261 22조(안병기) 1 월드포스            기   07:17     07:30       0:13   차
262 22조(안병기)36 일보등천            승   06:30     06:47       0:17   차
263 22조(안병기)20 챔프스타일          기   07:41     07:54       0:13   차
264 22조(안병기)28 초인강자            조   06:18     06:29       0:11   차
265 22조(안병기)32 포스스페셜          승   08:22     08:37       0:15   차
266 22조(안병기)21 푸른요정            기   07:17     07:30       0:13   차
267 23조(유재길)12 경부도령            승   07:01     07:17       0:16   차
268 23조(유재길)10 기적의힘            승   08:25     08:36       0:11   차
269 23조(유재길)16 부케팔로스          승   07:45     07:58       0:13   차
270 23조(유재길)14 빛나는질주          기   07:01     07:17       0:16   차
271 23조(유재길)   스피어퀸            승   06:15     06:35       0:20   차
272 23조(유재길)22 에이원킹            승   07:03     07:19       0:16   차
273 23조(유재길)18 원평퀸              승   07:56     08:17       0:21   차
274 23조(유재길)17 피엔에스안          승   06:15     06:36       0:21   차
275 23조(유재길)13 홀리데이참          승   07:06     07:25       0:19   차
276 24조(서홍수) 9 나래킹              승   07:23     07:51       0:28   차
277 24조(서홍수) 4 마이티뉴            승   06:13     06:29       0:16   차
278 24조(서홍수) 1 마이티붐            승   06:55     07:09       0:14   차
279 24조(서홍수) 5 마이티수            기   08:45     09:01       0:16   차
280 24조(서홍수)28 마이티웰            승   06:16     06:30       0:14   차
281 24조(서홍수) 8 마이티칩            기   07:56     08:11       0:15   차
282 24조(서홍수)19 마이티후            승   07:32     07:45       0:13   차
283 24조(서홍수)25 마칼루파워          승   07:49     07:59       0:10   차
284 24조(서홍수)38 미르파워            기   08:40     08:51       0:11   차
285 24조(서홍수) 3 새내포레스트        승   08:14     08:28       0:14   차
286 24조(서홍수)29 스타워즈            승   07:01     07:12       0:11   차
287 24조(서홍수)40 시크릿보스          승   08:00     08:12       0:12   차
288 24조(서홍수)13 아치참              기   08:19     08:31       0:12   차
289 24조(서홍수)39 엠제이돌풍          승   08:40     08:51       0:11   차
290 24조(서홍수)12 왕인행차            승   08:19     08:31       0:12   차
291 24조(서홍수) 6 원더풀데블          승   08:42     08:53       0:11   차
292 24조(서홍수)37 원더풀타이쿤        승   09:00     09:15       0:15   차
293 24조(서홍수)18 웰빙챔피언          기   08:19     08:31       0:12   차
294 24조(서홍수)22 질주대로            승   06:40     06:49       0:09   차
295 24조(서홍수)31 투투키튼            승   08:30     08:42       0:12   차
296 25조(전승규)33 드림펠라            기   06:30     06:41       0:11   차
297 25조(전승규)16 럭키영              승   08:18     08:28       0:10   차
298 25조(전승규)38 럭키훈              조   07:50     08:00       0:10   차
299 25조(전승규)25 루킹굿              승   07:12     07:24       0:12   차
300 25조(전승규) 8 미스클레버          조   07:05     07:16       0:11   차
301 25조(전승규)14 송암티즈            기   07:38     07:48       0:10   차
302 25조(전승규)12 스마트오피서        기   08:07     08:19       0:12   특
303 25조(전승규)28 스텔라로드          승   08:57     09:06       0:09   차
304 25조(전승규) 6 위너브라운          승   07:00     07:12       0:12   차
305 25조(전승규)24 이글포인트          승   07:32     07:45       0:13   차
306 25조(전승규) 3 이스트라이크        기   06:38     06:51       0:13   차
307 25조(전승규)15 초토마              승   06:22     06:33       0:11   차
308 25조(전승규)10 킹에이스            기   06:42     06:53       0:11   차
309 25조(전승규)32 티케파이어          기   06:38     06:51       0:13   차
310 25조(전승규)37 파워요트            승   08:53     09:03       0:10   차
311 25조(전승규)13 페페런              승   08:05     08:17       0:12   차
312 25조(전승규)23 피버디니            승   06:30     06:41       0:11   차
313 25조(전승규) 1 허쉬대보            승   07:08     07:28       0:20   차
314 25조(전승규)19 화랑투데이          승   07:32     07:45       0:13   차
315 26조(안해양) 5 가나패션            승   06:15     06:33       0:18   차
316 26조(안해양)36 그레이토르          승   08:39     08:57       0:18   차
317 26조(안해양)18 댓츠마이걸          승   06:56     07:08       0:12   차
318 26조(안해양)14 드림여왕            승   06:22     06:33       0:11   차
319 26조(안해양)16 런던명가            승   07:41     07:55       0:14   차
320 26조(안해양) 4 런던액티브          승   06:16     06:33       0:17   차
321 26조(안해양)33 런던퀸              승   06:51     07:05       0:14   차
322 26조(안해양)34 런던파워            보   07:29     07:44       0:15   차
323 26조(안해양)30 레이디켈리          보   06:19     06:41       0:22   차
324 26조(안해양)27 선샤인케이          승   07:41     08:00       0:19   차
325 26조(안해양) 3 시선주마            보   06:56     07:10       0:14   차
326 26조(안해양)24 올댓코리아          보   07:59     08:31       0:32   차
327 26조(안해양)32 유로특급            승   08:39     08:57       0:18   차
328 27조(박병일)17 리얼팩              승   06:14     06:27       0:13   차
329 27조(박병일)13 마이블랙            승   07:19     07:42       0:23   차
330 27조(박병일)25 문학백투백          승   06:26     06:42       0:16   차
331 27조(박병일)32 은혜서브            승   06:26     06:42       0:16   차
332 27조(박병일)39 컨트리로드          승   06:49     07:08       0:19   차
333 27조(박병일) 9 탱자                승   07:19     07:39       0:20   차
334 27조(박병일)14 파란왕자            기   07:06     07:23       0:17   차
335 27조(박병일) 4 흥행대박            승   07:19     07:41       0:22   차
336 28조(최상식)10 거센광풍            승   07:43     07:58       0:15   차
337 28조(최상식)19 글로벌골드          승   07:44     07:58       0:14   차
338 28조(최상식)12 글로벌럭키          승   06:40     06:54       0:14   차
339 28조(최상식)18 글로벌보배          승   06:57     07:14       0:17   차
340 28조(최상식)21 글로벌선더          기   07:46     07:58       0:12   차
341 28조(최상식)11 글로벌스톰          승   08:19     08:33       0:14   차
342 28조(최상식)13 글로벌신화          기   07:33     07:45       0:12   차
343 28조(최상식)23 대디코잔            승   06:11     06:25       0:14   차
344 28조(최상식)25 돌배                승   06:57     07:12       0:15   차
345 28조(최상식)16 록파이터            기   07:33     07:45       0:12   차
346 28조(최상식) 5 바람살              승   06:26     06:40       0:14   차
347 28조(최상식)15 원더풀라이트        승   06:57     07:17       0:20   차
348 28조(최상식)27 인디라이트          승   08:19     08:33       0:14   차
349 28조(최상식)17 퍼펙트파워          승   06:59     07:14       0:15   차
350 29조(배휴준)18 데스크탑            보   07:22     07:35       0:13   차
351 29조(배휴준)15 럭키크라운          보   06:35     06:50       0:15   차
352 29조(배휴준) 3 쇼미더골드          기   08:54     09:09       0:15   차
353 29조(배휴준)28 언비튼가이          승   07:14     07:27       0:13   차
354 29조(배휴준) 5 온리의꿈            승   08:03     08:21       0:18   차
355 29조(배휴준)20 원더풀루비          승   06:35     06:52       0:17   차
356 29조(배휴준) 4 천문                보   08:03     08:24       0:21   차
357 29조(배휴준)36 퀸오브레이싱        승   06:28     06:44       0:16   차
358 29조(배휴준)29 킹오브선데이        승   07:22     07:35       0:13   차
359 30조(토니  )14 남산초콜릿          조   08:10     08:22       0:12   차
360 30조(토니  )29 당대로얄            기   09:12     09:22       0:10   차
361 30조(토니  )11 더리퍼              조   08:40     08:52       0:12   차
362 30조(토니  )19 반야동행            승   08:40     08:52       0:12   차
363 30조(토니  ) 6 벚꽃블레이드        기   07:27     07:41       0:14   차
364 30조(토니  )24 삼정타퍼즈          조   07:27     07:45       0:18   차
365 30조(토니  )12 스프링킹            승   08:10     08:22       0:12   차
366 30조(토니  ) 7 에이스샤인          보   06:15     06:29       0:14   차
367 30조(토니  ) 5 에이스솔롱고        승   06:48     07:01       0:13   차
368 30조(토니  ) 1 우청륭              승   09:12     09:22       0:10   차
369 30조(토니  )15 장산플라이          조   06:48     07:01       0:13   차
370 30조(토니  )21 천둥오름            승   08:40     08:52       0:12   차
371 30조(토니  )13 청담탱크            보   06:48     07:01       0:13   차
372 30조(토니  )23 헤라블레이드        승   06:15     06:29       0:14   차
373 31조(강환민) 9 그레이트제니        승   06:45     06:56       0:11   차
374 31조(강환민)32 로마블레이드        승   08:11     08:25       0:14   차
375 31조(강환민)27 매드블레이드        승   08:05     08:13       0:08   차
376 31조(강환민)10 머스탱파워          승   07:39     07:54       0:15   차
377 31조(강환민)18 바잉블레이드        승   06:20     06:29       0:09   차
378 31조(강환민)28 빅트리플            승   07:32     07:41       0:09   차
379 31조(강환민)37 송암아치걸          승   06:25     06:33       0:08   차
380 31조(강환민)39 어서와              승   07:09     07:18       0:09   차
381 31조(강환민)24 원더풀섀도우        승   07:32     07:41       0:09   차
382 31조(강환민) 4 장산가드            기   07:09     07:18       0:09   차
383 31조(강환민) 3 천비성              승   07:00     07:09       0:09   차
384 31조(강환민) 7 큐피드벨            승   06:45     06:58       0:13   차
385 31조(강환민) 1 크레이지산타        승   06:10     06:20       0:10   차
386 31조(강환민)40 티케이플렉스        승   06:09     06:16       0:07   차
387 31조(강환민)11 핵삭스              승   07:29     07:38       0:09   차
388 32조(김윤섭) 1 고고스타            기   08:34     08:43       0:09   차
389 32조(김윤섭) 4 금성맨              승   06:10     06:19       0:09   차
390 32조(김윤섭)18 금성최고            승   06:18     06:30       0:12   차
391 32조(김윤섭) 5 럭키마이더스        승   08:31     08:43       0:12   차
392 32조(김윤섭)33 룰즈클래스          기   06:48     06:57       0:09   차
393 32조(김윤섭)13 슈퍼버드            기   06:38     06:48       0:10   차
394 32조(김윤섭)30 어디가나            기   07:05     07:17       0:12   특
395 32조(김윤섭)17 용천지상            기   07:35     07:43       0:08   차
396 32조(김윤섭) 9 지금여기에          승   07:05     07:17       0:12   차
397 32조(김윤섭)10 천스닥              기   07:56     08:09       0:13   차
398 32조(김윤섭)11 천은총              기   07:35     07:43       0:08   차
399 32조(김윤섭)26 헬로금성            기   08:25     08:34       0:09   차
400 33조(서인석)11 골든스타            기   08:31     08:45       0:14   차
401 33조(서인석) 4 누비강자            기   06:09     06:23       0:14   차
402 33조(서인석)   동방의혼            기   07:37     07:45       0:08   차
403 33조(서인석)37 레이스로열          기   06:24     06:36       0:12   차
404 33조(서인석) 3 마성질주            승   06:09     06:23       0:14   차
405 33조(서인석)40 매직그레이스        승   06:57     07:09       0:12   차
406 33조(서인석)31 매직러시            기   07:52     08:05       0:13   차
407 33조(서인석)28 매직조이            기   08:12     08:24       0:12   차
408 33조(서인석)39 매직주드            승   06:53     07:09       0:16   차
409 33조(서인석)25 매직타이드          승   08:14     08:24       0:10   차
410 33조(서인석)21 바람과함께          승   07:09     07:20       0:11   차
411 33조(서인석)13 선포레              기   06:45     06:54       0:09   차
412 33조(서인석) 1 스토미              승   07:32     07:45       0:13   차
413 33조(서인석) 6 열린문              기   06:10     06:20       0:10   차
414 33조(서인석)27 워프나인            승   07:27     07:39       0:12   차
415 33조(서인석) 2 원더풀키티          기   07:23     07:31       0:08   차
416 33조(서인석)15 월드메니피          승   08:00     08:12       0:12   차
417 33조(서인석)20 유정챔프            승   08:05     08:16       0:11   차
418 33조(서인석)26 이스트제트          승   06:14     06:29       0:15   특
419 33조(서인석) 7 질주에바다          기   07:04     07:17       0:13   차
420 33조(서인석)33 천마비상            승   07:33     07:48       0:15   차
421 33조(서인석) 8 탭다운              승   06:14     06:29       0:15   차
422 33조(서인석)36 티즈에너지          승   07:44     07:57       0:13   차
423 33조(서인석) 5 피렌체캐슬          기   06:30     06:39       0:09   차
424 34조(리카디)39 갤럽컬린            승   08:00     08:12       0:12   차
425 34조(리카디)16 남산러브            승   07:50     08:02       0:12   차
426 34조(리카디) 5 남산의별            승   06:19     06:28       0:09   차
427 34조(리카디) 9 대사리              기   07:25     07:41       0:16   차
428 34조(리카디) 8 댄싱블레이드        승   08:13     08:28       0:15   차
429 34조(리카디)21 드림스피드          승   08:40     08:52       0:12   차
430 34조(리카디)15 라이징호크          승   07:25     07:41       0:16   차
431 34조(리카디)38 레드블레이드        승   06:31     06:43       0:12   차
432 34조(리카디)23 맨해튼뮤직          기   06:53     07:06       0:13   차
433 34조(리카디)37 비제이플래시        승   06:29     06:42       0:13   차
434 34조(리카디)11 슈퍼삭스            기   06:47     07:00       0:13   특
435 34조(리카디)14 스피드갤럽          승   06:53     07:06       0:13   차
436 34조(리카디)18 안목항              승   08:12     08:23       0:11   차
437 34조(리카디)33 애플민트            승   08:13     08:28       0:15   차
438 34조(리카디)24 엑톤선더            승   07:50     08:02       0:12   차
439 34조(리카디)29 자이언트삭스        기   07:25     07:41       0:16   차
440 34조(리카디) 4 장산포에버          승   07:49     08:04       0:15   차
441 34조(리카디)34 조이브라더          기   06:31     06:43       0:12   차
442 34조(리카디)13 지산꽃              승   06:40     06:58       0:18   차
443 34조(리카디)27 최강블랙            승   08:44     08:52       0:08   특
444 34조(리카디)28 파이널칸지노        승   06:47     07:00       0:13   차
445 35조(임채덕) 9 감곡선샤인          승   07:09     07:28       0:19   차
446 35조(임채덕)18 로렐파워            승   06:27     06:36       0:09   차
447 35조(임채덕)12 불국화              기   07:39     07:51       0:12   차
448 35조(임채덕)16 원더풀캣            조   07:27     07:42       0:15   차
449 35조(임채덕) 4 이터널선샤인        기   07:39     07:51       0:12   차
450 35조(임채덕) 6 인디언선샤인        기   06:15     06:37       0:22   차
451 35조(임채덕)17 제왕의별            조   08:00     08:19       0:19   차
452 35조(임채덕) 2 투에이스            승   07:47     08:04       0:17   차
453 35조(임채덕) 7 플라잉센걸          승   07:09     07:26       0:17   차
454 35조(임채덕)21 플라잉풀문          조   06:50     07:12       0:22   차
455 35조(임채덕)19 하니                조   06:17     06:26       0:09   차
456 37조(심승태)19 나올챔프            승   07:26     07:34       0:08   차
457 37조(심승태)12 나올킹              기   06:42     06:52       0:10   차
458 37조(심승태)26 또바기              승   06:35     06:55       0:20   차
459 37조(심승태)39 비사연              승   07:55     08:12       0:17   차
460 37조(심승태) 5 비엔토              승   07:26     07:46       0:20   차
461 37조(심승태)30 스위트카카오        기   07:05     07:15       0:10   차
462 37조(심승태)28 아치메모리          기   06:53     07:06       0:13   차
463 37조(심승태)29 티즈드림            승   06:35     06:55       0:20   차
464 37조(심승태)20 피케이돌풍          승   07:40     07:49       0:09   차
465 40조(송문길) 9 골드스파이크        기   06:10     06:22       0:12   차
466 40조(송문길)30 글라디아토레에이    승   06:33     06:47       0:14   차
467 40조(송문길) 2 라피도아레스        승   07:25     07:38       0:13   차
468 40조(송문길)10 마이윈              보   07:42     07:57       0:15   차
469 40조(송문길)14 빅투더빅            기   06:25     06:37       0:12   차
470 40조(송문길)22 산소파워            승   07:29     07:44       0:15   차
471 40조(송문길)35 쇼메이커            승   06:13     06:23       0:10   차
472 40조(송문길)38 스마트전사          기   06:10     06:22       0:12   차
473 40조(송문길)19 스카이돌풍          승   06:57     07:12       0:15   차
474 40조(송문길) 4 심플스타일          기   06:39     06:52       0:13   차
475 40조(송문길)39 아델머스탱          기   06:39     06:52       0:13   차
476 40조(송문길) 7 어마어마            승   08:53     09:17       0:24   특
477 40조(송문길)32 제다이              기   07:47     07:59       0:12   특
478 40조(송문길)23 킬리의제왕          승   06:10     06:27       0:17   차
479 40조(송문길)40 파이어로드          기   06:25     06:37       0:12   차
480 41조(신삼영)30 강한여전사          기   06:35     06:45       0:10   차
481 41조(신삼영)11 과천신세계          승   06:19     06:35       0:16   차
482 41조(신삼영)13 논스톱기상          승   06:34     06:44       0:10   차
483 41조(신삼영)12 논스톱리워드        승   06:48     07:00       0:12   차
484 41조(신삼영)28 돌아온날리          승   08:01     08:18       0:17   차
485 41조(신삼영) 4 리얼콩코드          승   07:23     07:36       0:13   차
486 41조(신삼영)21 매지컬초이스        승   07:11     07:27       0:16   차
487 41조(신삼영)26 아이언로즈          승   06:12     06:25       0:13   차
488 41조(신삼영) 5 와일드파이트        승   07:36     07:51       0:15   차
489 41조(신삼영)14 큐피드베이브        승   06:59     07:12       0:13   차
490 41조(신삼영) 2 피렌체힐            기   07:01     07:12       0:11   차
491 42조(이관호) 8 더퀸저스티스        승   06:54     07:07       0:13   차
492 42조(이관호)20 로열함성            기   08:38     08:49       0:11   차
493 42조(이관호)32 메인오브킹          기   08:17     08:31       0:14   차
494 42조(이관호)31 모르피스            승   06:11     06:27       0:16   특
495 42조(이관호)25 무도                승   07:31     07:46       0:15   차
496 42조(이관호) 1 브라운로즈          기   07:02     07:16       0:14   차
497 42조(이관호) 6 빅에너지            승   08:55     09:08       0:13   차
498 42조(이관호) 3 서브에이스          기   07:05     07:16       0:11   특
499 42조(이관호)14 서울크라운          승   06:11     06:27       0:16   차
500 42조(이관호)38 아이스스타          기   08:00     08:14       0:14   차
501 42조(이관호)18 와일드러너          기   06:35     06:47       0:12   차
502 42조(이관호)16 와일드삭스          기   07:32     07:43       0:11   차
503 42조(이관호)28 이무기              승   06:25     06:38       0:13   차
504 42조(이관호)10 전정사금            승   08:07     08:21       0:14   차
505 42조(이관호)30 지산군              기   07:50     07:58       0:08   차
506 42조(이관호)39 천군                기   07:22     07:36       0:14   차
507 42조(이관호)   청산드림            승   06:45     07:01       0:16   차
508 42조(이관호)13 카히나              기   06:45     06:56       0:11   차
509 42조(이관호)29 콩코드스파크        승   08:55     09:09       0:14   차
510 42조(이관호)33 쿠레레쿠스          기   08:03     08:11       0:08   차
511 42조(이관호) 2 톱포지션            승   08:45     08:59       0:14   차
512 42조(이관호) 5 포에버드림          승   06:12     06:24       0:12   차
513 42조(이관호)35 하이러너            기   06:50     07:02       0:12   차
514 42조(이관호)36 히든돌풍            승   07:31     07:44       0:13   차
515 43조(서정하)12 대한챔프            승   06:24     06:37       0:13   차
516 43조(서정하) 5 스피드이즈칸        승   07:07     07:21       0:14   차
517 43조(서정하)10 킬라타스            승   07:24     07:36       0:12   차
518 48조(이준철)26 가기만고당          기   07:37     07:52       0:15   차
519 48조(이준철)23 기쁨환희            기   06:23     06:36       0:13   차
520 48조(이준철)15 디에코              보   08:07     08:24       0:17   차
521 48조(이준철)16 메이블레이드        승   06:25     06:36       0:11   차
522 48조(이준철)11 쏘아라대로          기   08:09     08:24       0:15   차
523 48조(이준철) 1 쏘아라바바          승   07:00     07:13       0:13   차
524 48조(이준철) 3 엄청난걸            조   07:00     07:13       0:13   차
525 48조(이준철)13 이천아치            기   07:00     07:13       0:13   차
526 48조(이준철)12 참좋은친구          기   07:00     07:13       0:13   차
527 48조(이준철)27 태산아치            보   07:33     07:49       0:16   차
528 48조(이준철)14 팀임팩트            보   06:23     06:36       0:13   차
529 48조(이준철)25 화이트캣            승   08:07     08:24       0:17   차
530 48조(이준철) 8 흥행질주            보   06:59     07:10       0:11   차
531 49조(지용철)27 교룡득수            기   06:49     07:02       0:13   차
532 49조(지용철)29 그레이트아이        승   06:31     06:45       0:14   차
533 49조(지용철)35 라스트보스          승   07:06     07:22       0:16   차
534 49조(지용철) 7 럭키스마일          기   06:35     06:47       0:12   차
535 49조(지용철)39 빅비트              기   08:13     08:27       0:14   차
536 49조(지용철)13 스타로즈            기   07:33     07:45       0:12   차
537 49조(지용철)30 심장의고동          승   07:49     08:04       0:15   차
538 49조(지용철)12 에이투제트          승   07:06     07:22       0:16   차
539 49조(지용철)11 진또배기            기   08:16     08:26       0:10   차
540 49조(지용철) 5 청산가세            기   06:11     06:23       0:12   차
541 49조(지용철)23 탁트인              기   07:12     07:30       0:18   차
542 49조(지용철)28 태양타고            기   08:31     08:44       0:13   차
543 49조(지용철)33 푸른빛깔            기   06:42     06:57       0:15   차
544 50조(박재우)39 금성세계            승   06:20     06:32       0:12   차
545 50조(박재우) 4 댄싱위드유          기   07:19     07:29       0:10   차
546 50조(박재우)14 동작                승   08:13     08:22       0:09   차
547 50조(박재우)34 두손드라이브        승   07:36     07:48       0:12   차
548 50조(박재우)23 럭키봉성            승   06:20     06:32       0:12   차
549 50조(박재우) 5 럭키상운            승   07:00     07:12       0:12   차
550 50조(박재우) 8 베스트빅뱅          승   08:35     09:05       0:30   차
551 50조(박재우)20 영광의미소          승   06:39     07:00       0:21   특
552 50조(박재우) 1 올드스페셜          승   06:27     06:36       0:09   차
553 50조(박재우)40 용호지마            승   08:52     09:02       0:10   차
554 50조(박재우)19 이스트매직          승   08:35     09:05       0:30   차
555 50조(박재우)17 이스트임팩트        기   07:02     07:16       0:14   차
556 50조(박재우)35 제이에스군주        승   07:09     07:21       0:12   차
557 50조(박재우) 6 컴플리트럭키        기   07:32     07:43       0:11   차
558 50조(박재우) 7 컴플리트밸류        기   08:20     08:31       0:11   특
559 50조(박재우)12 컴플리트캡틴        기   08:02     08:19       0:17   차
560 50조(박재우)15 트리플킹덤          승   08:30     08:44       0:14   차
561 50조(박재우)21 티즈플랜            기   06:42     06:56       0:14   특
562 50조(박재우)29 프린스              승   08:07     08:24       0:17   차
563 51조(최용건)36 경부대검            승   07:54     08:11       0:17   차
564 51조(최용건)29 골든펄              보   06:21     06:48       0:27   차
565 51조(최용건)28 그레이트선더        승   06:45     07:01       0:16   차
566 51조(최용건)14 다울퀸              승   06:51     07:06       0:15   차
567 51조(최용건)39 메니데이            보   07:23     07:51       0:28   차
568 51조(최용건)32 명진스톰            승   07:58     08:07       0:09   차
569 51조(최용건)31 명진플라이          승   06:09     06:20       0:11   차
570 51조(최용건)35 서니블레이드        승   07:09     07:19       0:10   차
571 51조(최용건) 2 올드블레이드        승   06:32     06:43       0:11   차
572 51조(최용건)16 인빅터스            승   06:14     06:29       0:15   차
573 51조(최용건) 1 장산골드            승   06:54     07:09       0:15   차
574 51조(최용건) 6 장산포이즌          승   07:43     08:07       0:24   차
575 51조(최용건) 5 천둥여울            승   07:17     07:33       0:16   차
576 51조(최용건) 8 캠프세이버          후   06:19     06:39       0:20   차
577 51조(최용건)12 티즈러너            후   07:14     07:26       0:12   차
578 51조(최용건)38 해피뉴마            후   07:54     08:11       0:17   차
579 52조(김동균)22 강남맨              기   06:55     07:09       0:14   차
580 52조(김동균)   고져스서브          승   06:10     06:28       0:18   차
581 52조(김동균)16 글로리뷰            후   06:10     06:28       0:18   차
582 52조(김동균)27 드림노크            기   06:50     07:03       0:13   차
583 52조(김동균)10 드림포레            승   06:50     07:03       0:13   차
584 52조(김동균)21 랠리퀸              승   07:30     07:49       0:19   차
585 52조(김동균)32 로드스카이          승   06:13     06:24       0:11   차
586 52조(김동균)17 루나실버            기   07:46     08:03       0:17   차
587 52조(김동균)31 머니챔프            후   08:24     08:34       0:10   차
588 52조(김동균)18 메니히어로          보   06:09     06:20       0:11   특
589 52조(김동균)26 블랙머스크          보   08:50     09:05       0:15   특
590 52조(김동균)35 스피드팔콘          보   08:29     08:39       0:10   차
591 52조(김동균) 1 엠제이파워          승   08:49     09:03       0:14   특
592 52조(김동균) 5 질주전사            기   07:12     07:24       0:12   차
593 52조(김동균)36 천지의빛            승   08:12     08:24       0:12   차
594 52조(김동균)14 클레어파워          승   06:52     07:07       0:15   차
595 52조(김동균) 9 허밍버드            승   08:28     08:40       0:12   차
596 53조(김동철)34 러피언파크          승   07:04     07:16       0:12   차
597 53조(김동철)39 럭셔리킹            승   06:27     06:40       0:13   차
598 53조(김동철)38 럭키어필            승   07:35     07:50       0:15   차
599 53조(김동철)17 롱런                승   06:33     06:49       0:16   차
600 53조(김동철)27 슈퍼아이            승   07:31     07:51       0:20   차
601 53조(김동철)24 영블러드            승   06:36     06:50       0:14   차
602 53조(김동철)37 울프아이            승   06:33     06:49       0:16   차
603 53조(김동철)12 최강돌진            승   07:39     07:51       0:12   차
604 53조(김동철) 1 큐피드포인트        승   06:24     06:38       0:14   특
605 53조(김동철)18 티케이데이          승   08:23     08:37       0:14   차
606 53조(김동철) 4 퍼텐셜에너지        승   08:07     08:21       0:14   차
607 54조(박천서)19 금아위티            후   07:26     07:39       0:13   차
608 54조(박천서)13 마바위              기   07:09     07:30       0:21   차
609 54조(박천서) 3 모던알파            후   06:50     07:03       0:13   차
610 54조(박천서)22 베스트천상          보   07:21     07:31       0:10   차
611 54조(박천서) 2 비호번개            후   06:12     06:28       0:16   차
612 54조(박천서)25 은성마루            후   08:08     08:26       0:18   차
613 54조(박천서)20 적토성산            기   06:58     07:12       0:14   차
614 54조(박천서)12 프리마니케          보   06:45     06:55       0:10   차
━━━━━━━━━━━━━━━━━━━━━━━━━━━━━━━━━━━━━━━
                                                      출력일자 : 2021.11.07

