

제목 : 21.04.10 제 14 일  토 요일   1경주;   

 1200 M   출전:14두    국6등급 ( R0~0          연령오픈  )     출발:11:30
 별정A         일반      
   8,800,000원    5,500,000원    3,740,000원    2,420,000원    1,540,000원 
------------------------------------------------------------------------------------------------------
 마번  마   명            산지  성별 연령 중량       기수       조교사     마주              레이팅
------------------------------------------------------------------------------------------------------
   1   세컨드윈드          한    암   4  55.0       서승운      라이스    페가수스                 
   2   최강일세            한    암   3  55.0       정도윤      강형곤    전종섭                   
   3   이스트벨            한    암   4  55.0       박재이      임금만    김혜진                   
   4   스마티돌풍          한    암   3  55.0       김어수      이정표    성중희                   
   5   석세스마초          한(포)거   3  57.0       유현명      민장기    이장현                   
   6   록햄프턴            한    수   3  57.0       김태훈      윤영훈    박광순                   
   7   로열챈트            한    수   3  57.0       김명신      구영준    손병철                   
   8   마이데스티니        한    암   3  55.0       조인권      방동석    이성인                   
   9   최강번쩍            한    수   3  54.0   (-3)모준호      강형곤    전종섭                   
  10   마하유니            한    암   3  55.0       정우주      권승주    문상후                   
  11   승리매직퀸          한    암   3  55.0       채상현      라이스    강수현                   
  12   함안말이산          한    암   4  55.0       유광희      이상영    함안군                   
  13   윈드하푼            한    암   3  55.0       최시대      강은석    하늬바람                 
  14   나이스월드          한    암   3  55.0       다실바      김영관    유연훈                   
------------------------------------------------------------------------------------------------------
                                                                          --총전적--      --1년전적--
 마번  마  명                  수득상금     1년수득상금  6개월수득상금  1위/2위/3위/계  1위/2위/3위/계
------------------------------------------------------------------------------------------------------
   1   세컨드윈드              14,140,000    14,140,000     3,740,000    0   1   1   5   0   1   1   5
   2   최강일세                 2,420,000     2,420,000     2,420,000    0   0   0   2   0   0   0   2
   3   이스트벨                12,320,000    12,320,000    12,320,000    1   1   0   3   1   1   0   3
   4   스마티돌풍                       0             0             0    0   0   0   0   0   0   0   0
   5   석세스마초                       0             0             0    0   0   0   0   0   0   0   0
   6   록햄프턴                         0             0             0    0   0   0   0   0   0   0   0
   7   로열챈트                         0             0             0    0   0   0   3   0   0   0   3
   8   마이데스티니             3,080,000     3,080,000     3,080,000    0   0   0   1   0   0   0   1
   9   최강번쩍                         0             0             0    0   0   0   4   0   0   0   4
  10   마하유니                         0             0             0    0   0   0   0   0   0   0   0
  11   승리매직퀸                       0             0             0    0   0   0   0   0   0   0   0
  12   함안말이산                       0             0             0    0   0   0   3   0   0   0   3
  13   윈드하푼                         0             0             0    0   0   0   1   0   0   0   1
  14   나이스월드                       0             0             0    0   0   0   0   0   0   0   0
------------------------------------------------------------------------------------------------------


제목 : 21.04.10 제 14 일  토 요일   2경주;   

 1400 M   출전:14두    국6등급 ( R0~0          연령오픈  )     출발:12:40
 별정A         일반      
   8,800,000원    5,500,000원    3,740,000원    2,420,000원    1,540,000원 
------------------------------------------------------------------------------------------------------
 마번  마   명            산지  성별 연령 중량       기수       조교사     마주              레이팅
------------------------------------------------------------------------------------------------------
   1   삼색조              한    암   3  55.0       정우주      최기홍    안규생                   
   2   드림댄서            한    암   5  55.0       송경윤      구영준    김갑수                   
   3   퍼스트초이스        한(포)암   4  55.0       김철호      김병학    신윤경                   
   4   미녀검객            한    암   4  55.0       최시대      강병은    허도행                   
   5   노던라이츠          한    암   4  55.0       김어수      이정표    이계옥                   
   6   패션블레이드        한    암   4  55.0       김명신      윤영훈    김병진                   
   7   백설퀸              한    암   3  55.0       정동철      문제복    박평양                   
   8   진마크              한    암   3  55.0       김태경      윤영훈    강애순                   
   9   호랭이              한    암   3  55.0       박재이      임금만    류화영                   
  10   배다리아이콘        한    암   3  55.0       요아니스    강형곤    송한우                   
  11   퓨전퀸              한    암   3  55.0       채상현      라이스    이시돌협회               
  12   아라다움            한    암   3  55.0       정도윤      백광열    고재완                   
  13   원더풀레이디        한    암   3  55.0       페로비치    울즐리    정형철                   
  14   블루오크            한    암   4  51.0   (-4)김태현      강형곤    이혜란                   
------------------------------------------------------------------------------------------------------
                                                                          --총전적--      --1년전적--
 마번  마  명                  수득상금     1년수득상금  6개월수득상금  1위/2위/3위/계  1위/2위/3위/계
------------------------------------------------------------------------------------------------------
   1   삼색조                           0             0             0    0   0   0   1   0   0   0   1
   2   드림댄서                 8,660,000     8,660,000     7,700,000    0   0   2   5   0   0   2   5
   3   퍼스트초이스             1,540,000     1,540,000     1,540,000    0   0   0   2   0   0   0   2
   4   미녀검객                11,650,000     8,800,000             0    0   1   0   7   0   1   0   4
   5   노던라이츠               4,080,000     4,080,000     3,080,000    0   0   0   7   0   0   0   7
   6   패션블레이드             1,540,000     1,540,000     1,540,000    0   0   0   1   0   0   0   1
   7   백설퀸                  14,250,000    14,250,000             0    0   0   1   5   0   0   1   5
   8   진마크                           0             0             0    0   0   0   1   0   0   0   1
   9   호랭이                   8,480,000     8,480,000     8,480,000    0   0   2   4   0   0   2   4
  10   배다리아이콘             3,960,000     3,960,000     3,960,000    0   0   1   4   0   0   1   4
  11   퓨전퀸                           0             0             0    0   0   0   0   0   0   0   0
  12   아라다움                         0             0             0    0   0   0   0   0   0   0   0
  13   원더풀레이디             1,540,000     1,540,000     1,540,000    0   0   0   1   0   0   0   1
  14   블루오크                 3,670,000     3,670,000     2,420,000    0   0   0  10   0   0   0   9
------------------------------------------------------------------------------------------------------


제목 : 21.04.10 제 14 일  토 요일   3경주;   

 1200 M   출전:14두    국5등급 ( R1~35         연령오픈  )     출발:13:50
 핸디캡        일반      
  11,200,000원    7,000,000원    4,760,000원    3,080,000원    1,960,000원 
------------------------------------------------------------------------------------------------------
 마번  마   명            산지  성별 연령 중량       기수       조교사     마주              레이팅
------------------------------------------------------------------------------------------------------
   1   미녀봉              한    암   4  53.5       다실바      민장기    이종훈                 30
   2   에이스의기쁨        한    암   4  54.5       서승운      라이스    정재훈                 32
   3   풀오프              한    암   6  52.0       조인권      유병복    현길림                 25
   4   윈드파크            한    암   4  53.0       김태훈      이상영    곽종수                 29
   5   엔젤윈드            한    암   4  53.0       박재이      조용배    하늬바람               29
   6   선더베가스          한    암   4  53.0   (-3)모준호      양귀선    김명환                 35
   7   아침빛              한    암   4  54.0       정우주      권승주    고희종                 31
   8   해피윈드            한    암   4  54.0       송경윤      구영준    변수정                 31
   9   트루시그니처        한    암   5  52.5       채상현      양귀선    김호종                 28
  10   마스터벨라          한    암   4  53.5       페로비치    김병학    송승규                 30
  11   비케이파워          한    암   3  54.0       요아니스    강형곤    함승원                 31
  12   달래                한    암   4  54.5       유현명      임동창    최종하                 32
  13   톱럭키              한(포)암   4  54.5       이효식      임금만    류화영                 32
  14   톱오브더걸          한(포)암   4  54.5       김철호      김병학    손병철                 32
------------------------------------------------------------------------------------------------------
                                                                          --총전적--      --1년전적--
 마번  마  명                  수득상금     1년수득상금  6개월수득상금  1위/2위/3위/계  1위/2위/3위/계
------------------------------------------------------------------------------------------------------
   1   미녀봉                  54,690,000    27,690,000    21,690,000    1   3   2   9   1   1   1   6
   2   에이스의기쁨            33,140,000    33,140,000     6,740,000    0   3   1   6   0   3   1   6
   3   풀오프                  43,900,000     5,100,000     3,500,000    1   0   2  20   0   0   0   6
   4   윈드파크                24,000,000    24,000,000             0    1   0   0   8   1   0   0   8
   5   엔젤윈드                25,660,000    25,660,000    25,660,000    1   1   0   6   1   1   0   6
   6   선더베가스              60,320,000    43,040,000    19,440,000    3   1   1  15   2   1   1   9
   7   아침빛                  45,660,000    45,660,000    16,460,000    1   0   3   9   1   0   3   9
   8   해피윈드                29,350,000    25,850,000    24,250,000    1   1   2   9   1   1   1   6
   9   트루시그니처            50,680,000     8,600,000     5,600,000    1   1   3  22   0   0   1   6
  10   마스터벨라              50,620,000    17,700,000     4,500,000    1   1   3  10   0   1   1   6
  11   비케이파워              18,260,000    18,260,000    18,260,000    1   1   1   6   1   1   1   6
  12   달래                    41,670,000    27,750,000     5,750,000    1   2   1  10   1   1   0   7
  13   톱럭키                  54,740,000    46,140,000    24,140,000    1   2   2  11   1   2   1   8
  14   톱오브더걸              35,490,000    33,490,000    10,240,000    1   1   0  11   1   1   0   7
------------------------------------------------------------------------------------------------------


제목 : 21.04.10 제 14 일  토 요일   4경주;   

 1600 M   출전:12두    국5등급 ( R1~35         연령오픈  )     출발:14:50
 핸디캡        일반      
  11,200,000원    7,000,000원    4,760,000원    3,080,000원    1,960,000원 
------------------------------------------------------------------------------------------------------
 마번  마   명            산지  성별 연령 중량       기수       조교사     마주              레이팅
------------------------------------------------------------------------------------------------------
   1   매직호스            한    암   5  53.0       박재이      임동창    임용근                 31
   2   골드의인연          한    암   6  52.0       유광희      이정표    김현우                 21
   3   가오                한    거   7  51.0       정우주      조용배    차청일                 21
   4   트리플매직          한(포)거   4  52.5       조인권      김병학    신우철                 26
   5   앨버트킹            한    수   5  57.0       조창욱      윤영훈    태영종합건설           35
   6   룩스캣              한    암   4  51.0       최시대      양귀선    최종복                 27
   7   닥터맥스            한    암   4  51.0   (-4)김태현      백광열    권혁희                 29
   8   금아굿포인트        한    거   4  54.5       송경윤      김남중    금아산업(주)           30
   9   파인의꿈            한    수   4  55.5       정동철      백광열    이장현                 32
  10   스카이윈            한    수   4  55.5       다실바      안우성    문애순                 32
  11   제왕의후예          미    거   6  56.0       요아니스    강은석    김호영                 33
  12   대왕봉              미    거   7  52.0       김태경      이정표    이광열                 21
------------------------------------------------------------------------------------------------------
                                                                          --총전적--      --1년전적--
 마번  마  명                  수득상금     1년수득상금  6개월수득상금  1위/2위/3위/계  1위/2위/3위/계
------------------------------------------------------------------------------------------------------
   1   매직호스                36,570,000    35,570,000    12,620,000    1   0   2  15   1   0   2  10
   2   골드의인연              28,480,000     1,600,000             0    1   0   1  28   0   0   0   7
   3   가오                    42,560,000             0             0    1   3   0  69   0   0   0  11
   4   트리플매직              23,320,000    15,820,000     7,020,000    0   2   0   9   0   1   0   7
   5   앨버트킹                54,640,000             0             0    2   1   1  23   0   0   0   4
   6   룩스캣                  27,400,000    27,400,000     3,000,000    1   0   0  11   1   0   0   8
   7   닥터맥스                22,450,000    18,850,000             0    1   0   1  10   1   0   1   6
   8   금아굿포인트            21,050,000    21,050,000    19,800,000    1   1   0   8   1   1   0   7
   9   파인의꿈                57,230,000    40,740,000    29,940,000    2   3   2  13   2   2   1   7
  10   스카이윈                27,120,000    27,120,000     6,520,000    1   0   1  10   1   0   1   8
  11   제왕의후예              20,600,000     2,000,000     2,000,000    0   0   1  17   0   0   0   4
  12   대왕봉                  23,000,000             0             0    0   2   0  42   0   0   0   8
------------------------------------------------------------------------------------------------------


제목 : 21.04.10 제 14 일  토 요일   5경주;   

 1400 M   출전:14두    국4등급 ( R1~50         연령오픈  )     출발:15:50
 핸디캡        일반      
  14,000,000원    8,750,000원    5,950,000원    3,850,000원    2,450,000원 
------------------------------------------------------------------------------------------------------
 마번  마   명            산지  성별 연령 중량       기수       조교사     마주              레이팅
------------------------------------------------------------------------------------------------------
   1   엑톤스텔스          한    거   5  52.0       서승운      이상영    곽영숙                 36
   2   골드티켓            한    수   5  52.5   (-4)김태현      유병복    정영식                 48
   3   본마타              한    거   5  52.0       정도윤      안우성    김범수                 38
   4   토함스타            한    거   5  51.0       정우주      문제복    박웅진                 36
   5   타임스펙            한    거   6  55.5       송경윤      이상영    임석수                 46
   6   스마트모드          한    수   5  54.0       페로비치    조용배    김준현                 43
   7   부산미소            한    수   5  52.0       유광희      하무선    이시환                 38
   8   베라데이            한(포)수   4  54.5       정동철      윤영훈    강애순                 44
   9   남도퀸              한    암   3  51.0   (-3)모준호      구영준    배은정                 37
  10   원픽                한    수   4  56.0       이효식      김길중    신우철                 47
  11   화랑의챔피언        한    거   5  57.0       요아니스    안우성    권주순                 49
  12   영광의타임          한(포)암   4  52.0       채상현      강은석    변창덕                 41
  13   히트예감            한    수   3  57.0       유현명      방동석    김준현                 49
  14   그레이트보스        한(포)거   4  56.0       최시대      양귀선    배수한                 47
------------------------------------------------------------------------------------------------------
                                                                          --총전적--      --1년전적--
 마번  마  명                  수득상금     1년수득상금  6개월수득상금  1위/2위/3위/계  1위/2위/3위/계
------------------------------------------------------------------------------------------------------
   1   엑톤스텔스              49,520,000     9,520,000     3,920,000    2   0   2  21   0   0   1   8
   2   골드티켓                94,920,000     9,960,000     9,960,000    2   2   1  15   0   0   0   5
   3   본마타                  61,835,000    34,645,000    31,045,000    2   2   0  18   1   1   0   9
   4   토함스타                51,420,000     2,940,000     2,940,000    1   3   1  16   0   0   0   5
   5   타임스펙               134,880,000     2,400,000             0    2   5   3  30   0   0   0   6
   6   스마트모드              75,000,000    21,000,000    21,000,000    2   2   1   8   0   1   1   4
   7   부산미소                93,340,000     2,940,000     2,940,000    3   0   1  19   0   0   0   5
   8   베라데이                68,600,000    46,000,000             0    2   2   0  10   2   0   0   5
   9   남도퀸                  30,050,000    30,050,000    30,050,000    2   0   0   4   2   0   0   4
  10   원픽                    81,610,000    52,260,000    21,460,000    2   1   2  12   1   1   0   9
  11   화랑의챔피언           127,900,000    31,220,000    14,420,000    3   2   5  16   0   1   3   8
  12   영광의타임              88,000,000    39,880,000    22,680,000    2   2   4  14   1   1   2   6
  13   히트예감               109,500,000   109,500,000    68,250,000    3   1   0   4   3   1   0   4
  14   그레이트보스            92,780,000    70,780,000    45,780,000    5   1   0   7   4   1   0   6
------------------------------------------------------------------------------------------------------


제목 : 21.04.10 제 14 일  토 요일   6경주;   

 1800 M   출전:10두    혼3등급 ( R1~65         연령오픈  )     출발:16:50
 핸디캡        일반      
  16,800,000원   10,500,000원    7,140,000원    4,620,000원    2,940,000원 
------------------------------------------------------------------------------------------------------
 마번  마   명            산지  성별 연령 중량       기수       조교사     마주              레이팅
------------------------------------------------------------------------------------------------------
   1   에이스질주          미    거   8  52.0       유광희      이정표    이광열                 30
   2   래피드게임          미    수   4  51.0       최시대      임금만    김혜진                 51
   3   맨오브더필드        한    수   4  52.0       조인권      안우성    신윤경                 53
   4   말리부별            미    수   5  54.5       유현명      민장기    최동호                 58
   5   온누리강자          한    거   7  51.0       정우주      조용배    이용우                 37
   6   바벨히트            미    거   4  53.0       요아니스    양귀선    김명환                 55
   7   기적의적토마        한    거   6  58.0       정동철      임동창    임용근                 65
   8   로사                한    암   5  52.0       이효식      김영관    김종업                 57
   9   어플리트영          한    수   4  54.5       다실바      강형곤    이혜란                 58
  10   영원자메이카        미    거   5  53.0       정도윤      백광열    이종훈                 55
------------------------------------------------------------------------------------------------------
                                                                          --총전적--      --1년전적--
 마번  마  명                  수득상금     1년수득상금  6개월수득상금  1위/2위/3위/계  1위/2위/3위/계
------------------------------------------------------------------------------------------------------
   1   에이스질주              88,600,000     1,600,000             0    2   2   1  70   0   0   0   6
   2   래피드게임              84,910,000    43,660,000    17,260,000    1   2   2  10   0   2   2   8
   3   맨오브더필드           171,460,000    85,560,000    36,960,000    2   3   3  15   1   3   1   9
   4   말리부별               122,950,000    16,000,000    16,000,000    2   2   0  12   0   1   0   5
   5   온누리강자             140,260,000     3,000,000             0    1   8   5  74   0   0   0  11
   6   바벨히트               107,640,000    39,090,000    29,340,000    1   2   1  12   0   1   0   8
   7   기적의적토마           211,950,000             0             0    4   3   4  25   0   0   0   7
   8   로사                   158,690,000    78,250,000    78,250,000    3   4   1  22   2   0   1   9
   9   어플리트영             148,160,000   108,680,000    72,680,000    6   2   1  16   4   2   1  10
  10   영원자메이카            77,500,000    44,500,000     5,500,000    2   0   0  13   1   0   0   6
------------------------------------------------------------------------------------------------------


제목 : 21.04.11 제 15 일  일 요일   1경주;   

 1200 M   출전:14두    국6등급 ( R0~0          연령오픈  )     출발:12:05
 별정A         일반      
   8,800,000원    5,500,000원    3,740,000원    2,420,000원    1,540,000원 
------------------------------------------------------------------------------------------------------
 마번  마   명            산지  성별 연령 중량       기수       조교사     마주              레이팅
------------------------------------------------------------------------------------------------------
   1   케이축제            한    거   3  53.0   (-4)김태현      강병은    이성님                   
   2   사이먼탑건          한    암   3  51.0   (-4)박종호      이정표    이혜란                   
   3   스피드매치          한(포)수   3  57.0       서승운      김영관    (주)디알엠씨티           
   4   영광의로드          한    수   3  57.0       다실바      임금만    변창덕                   
   5   리아논포인트        한    암   3  55.0       정동철      조용배    김근영                   
   6   함안성산            한    거   4  57.0       김어수      임동창    함안군                   
   7   수소파워            한    암   3  55.0       송경윤      김남중    구원모                   
   8   아델크라운          한(포)거   3  57.0       정우주      백광열    이종훈                   
   9   인피니티파워        한    암   3  55.0       김태경      강은석    김영구                   
  10   청호리더            한    수   3  57.0       이효식      권승주    고은아                   
  11   장산망치            한    거   5  57.0       임성실      윤영훈    김병진                   
  12   레이디솔저          한    암   3  52.0   (-3)모준호      강형곤    부건영                   
  13   트라이벌댄서        한    암   3  55.0       조인권      라이스    김경태                   
  14   원더풀월드          한    수   4  57.0       유현명      민장기    고경민                   
------------------------------------------------------------------------------------------------------
                                                                          --총전적--      --1년전적--
 마번  마  명                  수득상금     1년수득상금  6개월수득상금  1위/2위/3위/계  1위/2위/3위/계
------------------------------------------------------------------------------------------------------
   1   케이축제                         0             0             0    0   0   0   1   0   0   0   1
   2   사이먼탑건               5,060,000     5,060,000     5,060,000    0   0   0   4   0   0   0   4
   3   스피드매치               6,500,000     6,500,000     6,500,000    0   1   0   3   0   1   0   3
   4   영광의로드                       0             0             0    0   0   0   3   0   0   0   3
   5   리아논포인트                     0             0             0    0   0   0   0   0   0   0   0
   6   함안성산                         0             0             0    0   0   0   1   0   0   0   1
   7   수소파워                         0             0             0    0   0   0   2   0   0   0   2
   8   아델크라운               2,420,000     2,420,000     2,420,000    0   0   0   1   0   0   0   1
   9   인피니티파워             3,740,000     3,740,000     3,740,000    0   0   1   2   0   0   1   2
  10   청호리더                         0             0             0    0   0   0   0   0   0   0   0
  11   장산망치                 6,500,000     6,500,000             0    0   1   0   3   0   1   0   3
  12   레이디솔저                       0             0             0    0   0   0   0   0   0   0   0
  13   트라이벌댄서                     0             0             0    0   0   0   0   0   0   0   0
  14   원더풀월드                       0             0             0    0   0   0   1   0   0   0   1
------------------------------------------------------------------------------------------------------


제목 : 21.04.11 제 15 일  일 요일   2경주;   

 1300 M   출전:14두    국6등급 ( R0~0          연령오픈  )     출발:13:25
 별정A         일반      
   8,800,000원    5,500,000원    3,740,000원    2,420,000원    1,540,000원 
------------------------------------------------------------------------------------------------------
 마번  마   명            산지  성별 연령 중량       기수       조교사     마주              레이팅
------------------------------------------------------------------------------------------------------
   1   애니키튼            한    암   3  55.0       채상현      강형곤    김호종                   
   2   와일드인디          한    수   3  57.0       다실바      라이스    정영식                   
   3   킹엔젤              한    수   3  54.0   (-3)모준호      장세한    김정두                   
   4   칼마크              한    수   3  57.0       조창욱      윤영훈    강애순                   
   5   골든메인파리        한    암   5  55.0       정도윤      임동창    박병현                   
   6   스타오브킹          한    수   4  53.0   (-4)김태현      김길중    배삼성                   
   7   메니글로리          한    수   3  57.0       페로비치    백광열    이종훈                   
   8   에이원스            한    암   4  55.0       김어수      이정표    (주)금악목장             
   9   블루파크            한    수   3  53.0   (-4)박종호      권승주    이종원                   
  10   차지파워            한    암   5  55.0       김명신      강병은    김효태                   
  11   허니라이언          한    거   3  57.0       박재이      임금만    류화영                   
  12   대호마              한(포)수   3  57.0       송경윤      구영준    고재완                   
  13   어플리트타핏        한    수   3  57.0       조인권      안우성    임교철                   
  14   원더러너            한    암   4  55.0       이효식      방동석    코리아호스랜드           
------------------------------------------------------------------------------------------------------
                                                                          --총전적--      --1년전적--
 마번  마  명                  수득상금     1년수득상금  6개월수득상금  1위/2위/3위/계  1위/2위/3위/계
------------------------------------------------------------------------------------------------------
   1   애니키튼                         0             0             0    0   0   0   3   0   0   0   3
   2   와일드인디                       0             0             0    0   0   0   0   0   0   0   0
   3   킹엔젤                   1,540,000     1,540,000     1,540,000    0   0   0   2   0   0   0   2
   4   칼마크                   1,600,000     1,600,000             0    0   0   0   4   0   0   0   4
   5   골든메인파리             9,580,000     5,500,000             0    0   1   1  24   0   1   0   7
   6   스타오브킹              10,780,000    10,780,000     5,180,000    0   0   1   9   0   0   1   7
   7   메니글로리              11,000,000    11,000,000    11,000,000    0   2   0   2   0   2   0   2
   8   에이원스                 1,000,000     1,000,000             0    0   0   0   4   0   0   0   3
   9   블루파크                 1,540,000     1,540,000     1,540,000    0   0   0   2   0   0   0   2
  10   차지파워                 7,760,000     6,160,000     4,960,000    0   0   1  11   0   0   1   7
  11   허니라이언               1,000,000     1,000,000     1,000,000    0   0   0   3   0   0   0   3
  12   대호마                           0             0             0    0   0   0   2   0   0   0   2
  13   어플리트타핏             5,500,000     5,500,000     5,500,000    0   1   0   2   0   1   0   2
  14   원더러너                15,840,000    15,840,000    15,840,000    0   1   2   4   0   1   2   4
------------------------------------------------------------------------------------------------------


제목 : 21.04.11 제 15 일  일 요일   3경주;   

 1600 M   출전:13두    국6등급 ( R0~0          연령오픈  )     출발:14:15
 별정A         일반      
   8,800,000원    5,500,000원    3,740,000원    2,420,000원    1,540,000원 
------------------------------------------------------------------------------------------------------
 마번  마   명            산지  성별 연령 중량       기수       조교사     마주              레이팅
------------------------------------------------------------------------------------------------------
   1   로열캐슬            한    수   4  57.0       김태경      조용배    김흥보                   
   2   이글엔젤            한    암   3  55.0       정동철      양귀선    한정협                   
   3   영원파워            한    수   3  57.0       임성실      백광열    이종훈                   
   4   에이스로드          한    암   4  51.0   (-4)박종호      이정표    채찬식                   
   5   글로벌승리          한    거   4  57.0       김어수      임동창    이유완                   
   6   텐텐퀸              한    암   3  55.0       채상현      장세한    신윤경                   
   7   대호평정            한    수   3  53.0   (-4)김태현      백광열    고재완                   
   8   퀸오브더퀸          한    암   4  55.0       요아니스    강은석    김선식                   
   9   머니백              한    수   3  57.0       서승운      방동석    유수태                   
  10   피스백              한    암   4  55.0       조창욱      이상영    이혜란                   
  11   성실으뜸            한    수   4  57.0       박재이      임동창    이동혁                   
  12   캡스톤              한    암   4  55.0       김태훈      김재섭    권경준                   
  13   해남해머            한    암   3  55.0       조인권      안우성    고광숙                   
------------------------------------------------------------------------------------------------------
                                                                          --총전적--      --1년전적--
 마번  마  명                  수득상금     1년수득상금  6개월수득상금  1위/2위/3위/계  1위/2위/3위/계
------------------------------------------------------------------------------------------------------
   1   로열캐슬                 4,750,000     1,250,000             0    0   0   1  15   0   0   0   8
   2   이글엔젤                 3,740,000     3,740,000     3,740,000    0   0   1   6   0   0   1   6
   3   영원파워                 3,750,000     3,750,000             0    0   0   0   4   0   0   0   4
   4   에이스로드                       0             0             0    0   0   0   6   0   0   0   6
   5   글로벌승리              14,730,000    13,130,000    11,880,000    0   1   1   6   0   1   1   5
   6   텐텐퀸                   3,740,000     3,740,000     3,740,000    0   0   1   4   0   0   1   4
   7   대호평정                13,500,000    13,500,000             0    0   0   1   5   0   0   1   5
   8   퀸오브더퀸               2,000,000             0             0    0   0   0   9   0   0   0   5
   9   머니백                   8,730,000     8,730,000     8,730,000    0   0   2   4   0   0   2   4
  10   피스백                  11,910,000    11,910,000     6,310,000    0   1   1   7   0   1   1   7
  11   성실으뜸                         0             0             0    0   0   0   7   0   0   0   4
  12   캡스톤                   2,790,000     2,790,000     1,540,000    0   0   0   8   0   0   0   7
  13   해남해머                11,440,000    11,440,000    11,440,000    1   0   0   2   1   0   0   2
------------------------------------------------------------------------------------------------------


제목 : 21.04.11 제 15 일  일 요일   4경주;   

 1400 M   출전:12두    국5등급 ( R1~35         연령오픈  )     출발:15:10
 핸디캡        일반      
  11,200,000원    7,000,000원    4,760,000원    3,080,000원    1,960,000원 
------------------------------------------------------------------------------------------------------
 마번  마   명            산지  성별 연령 중량       기수       조교사     마주              레이팅
------------------------------------------------------------------------------------------------------
   1   랩터맨              한    거   4  51.5   (-3)모준호      문제복    박평양                 29
   2   굿삭스              한    암   3  54.0       정도윤      김영관    김창식                 32
   3   톱베스트            한    수   4  55.5       서승운      울즐리    류화영                 31
   4   선라이트보이        한    수   3  51.5   (-4)박종호      권승주    엄을선                 31
   5   수소탱크            한    암   4  54.0       송경윤      김남중    구원모                 32
   6   인디언파티          한    수   4  53.0       정동철      김병학    배은정                 26
   7   남양승리            한    거   4  52.5       요아니스    구영준    홍태수                 25
   8   닥터패션            한    수   3  56.5       최시대      백광열    권혁희                 33
   9   부산볼트            한    암   7  54.5       김도현      하무선    이시환                 33
  10   꽃과구름            한    암   3  55.0       유현명      토마스    류화영                 34
  11   밀리언메이커        한    수   4  54.5       다실바      안우성    김선우                 29
  12   황금벌마            한    거   6  57.0       임성실      강은석    이장현                 34
------------------------------------------------------------------------------------------------------
                                                                          --총전적--      --1년전적--
 마번  마  명                  수득상금     1년수득상금  6개월수득상금  1위/2위/3위/계  1위/2위/3위/계
------------------------------------------------------------------------------------------------------
   1   랩터맨                  14,300,000    14,300,000     8,800,000    1   1   0  13   1   1   0   8
   2   굿삭스                  59,500,000    59,500,000    49,000,000    2   0   2   5   2   0   2   5
   3   톱베스트                45,520,000    37,720,000     7,440,000    1   1   3   8   1   1   2   7
   4   선라이트보이            16,430,000    16,430,000    16,430,000    1   0   1   5   1   0   1   5
   5   수소탱크                31,090,000    31,090,000     7,240,000    1   1   0   9   1   1   0   9
   6   인디언파티              23,690,000    23,690,000    20,190,000    0   2   3  10   0   2   3   9
   7   남양승리                16,540,000     3,200,000             0    0   2   0  12   0   0   0   7
   8   닥터패션                66,870,000    66,870,000     3,520,000    1   1   1   4   1   1   1   4
   9   부산볼트               101,880,000    10,640,000     2,240,000    2   2   2  49   0   0   1   7
  10   꽃과구름                62,850,000    62,850,000    12,800,000    2   1   0   7   2   1   0   7
  11   밀리언메이커            22,100,000    16,600,000    11,000,000    1   1   2   5   1   0   2   3
  12   황금벌마                70,070,000     2,400,000             0    2   1   2  31   0   0   0   7
------------------------------------------------------------------------------------------------------


제목 : 21.04.11 제 15 일  일 요일   5경주;   

 1200 M   출전:14두    혼4등급 ( R1~50         연령오픈  )     출발:16:05
 핸디캡        일반      
  14,000,000원    8,750,000원    5,950,000원    3,850,000원    2,450,000원 
------------------------------------------------------------------------------------------------------
 마번  마   명            산지  성별 연령 중량       기수       조교사     마주              레이팅
------------------------------------------------------------------------------------------------------
   1   케이비보스          한    암   4  53.0       정우주      윤영훈    홍중표                 44
   2   클린처              미    거   4  54.5   (-3)모준호      장세한    조규일                 49
   3   클러치히터          호    암   4  52.0       이효식      민장기    최병부                 38
   4   로키스카이          미    거   4  58.0       유현명      토마스    이성인                 50
   5   글로벌캔디          미    암   4  51.0   (-4)김태현      방동석    이성기                 37
   6   퀸마블이지          미    암   4  52.0       요아니스    라이스    춘강                   42
   7   로열페넌트          미    수   4  52.0       채상현      울즐리    박희준                 36
   8   모닝브라보          한(포)거   6  54.5       김태경      강은석    김혜진                 43
   9   영웅일기            미    수   8  54.5       김도현      임동창    이동훈                 43
  10   하디찰리            미    수   3  52.0       서승운      방동석    박병현                 38
  11   골든벼락            미    수   3  52.0       정도윤      김영관    구영본                 38
  12   분단의벽넘어        한    거   5  51.0   (-4)박종호      김병학    임총재                 40
  13   위닝댄서            한    거   4  52.0       최시대      민장기    송문관                 38
  14   진주사랑            한    암   4  52.0       박재이      김길중    배동성                 36
------------------------------------------------------------------------------------------------------
                                                                          --총전적--      --1년전적--
 마번  마  명                  수득상금     1년수득상금  6개월수득상금  1위/2위/3위/계  1위/2위/3위/계
------------------------------------------------------------------------------------------------------
   1   케이비보스              75,180,000    27,300,000    27,300,000    2   3   1  10   1   1   0   5
   2   클린처                  66,150,000             0             0    2   0   0  11   0   0   0   5
   3   클러치히터                       0             0             0    0   0   0   1   0   0   0   1
   4   로키스카이              84,730,000    41,980,000    36,580,000    1   4   0   8   0   4   0   7
   5   글로벌캔디                       0             0             0    0   0   0   2   0   0   0   1
   6   퀸마블이지              46,860,000    33,360,000    11,760,000    0   1   3  12   0   1   2   7
   7   로열페넌트              10,620,000     7,620,000     4,620,000    0   0   0   7   0   0   0   4
   8   모닝브라보             100,040,000    20,160,000    11,760,000    1   2   9  21   0   0   2   6
   9   영웅일기               108,850,000             0             0    1   2   4  48   0   0   0   6
  10   하디찰리                         0             0             0    0   0   0   1   0   0   0   1
  11   골든벼락                         0             0             0    0   0   0   0   0   0   0   0
  12   분단의벽넘어            45,600,000    45,600,000             0    2   0   0   7   2   0   0   7
  13   위닝댄서                58,000,000    58,000,000    36,000,000    2   1   0   5   2   1   0   5
  14   진주사랑                62,020,000    39,920,000     3,920,000    1   2   1  13   1   0   0   7
------------------------------------------------------------------------------------------------------


제목 : 21.04.11 제 15 일  일 요일   6경주;   

 1400 M   출전:14두    2등급 ( R1~80         연령오픈  )     출발:17:00
 핸디캡        일반      
  20,000,000원   12,500,000원    8,500,000원    5,500,000원    3,500,000원 
------------------------------------------------------------------------------------------------------
 마번  마   명            산지  성별 연령 중량       기수       조교사     마주              레이팅
------------------------------------------------------------------------------------------------------
   1   오션피닉스          한    암   6  52.0       박재이      김병학    송승규                 67
   2   비케이갬블          한(포)암   5  52.0       이효식      강형곤    함승원                 70
   3   체리뱅키시          미    암   6  52.0       채상현      라이스    강봉한                 66
   4   예스파워            한    거   6  57.5       조인권      안우성    정영광                 79
   5   하이냐              한(포)암   6  52.5       유현명      토마스    요시다 순스케          73
   6   히든챔프            한    거   6  54.0       정동철      백광열    이장현                 72
   7   해피피버            한    수   4  55.5       페로비치    조용배    이본희                 75
   8   파워터치            한    거   5  55.0       송경윤      김남중    우만식                 74
   9   아임유어패션        한    수   4  51.0   (-3)모준호      양귀선    서정범                 67
  10   베이킹즈            한    거   7  56.5       임성실      임동창    임용근                 77
  11   투투그레이트        한    암   4  52.0       정도윤      강형곤    강용익                 67
  12   쭈욱                미    거   6  54.0       서승운      민장기    민병욱                 72
  13   영광의시크릿        한    수   5  54.0       다실바      장세한    변창덕                 72
  14   대호질주            한    수   5  51.0       최시대      백광열    고재완                 66
------------------------------------------------------------------------------------------------------
                                                                          --총전적--      --1년전적--
 마번  마  명                  수득상금     1년수득상금  6개월수득상금  1위/2위/3위/계  1위/2위/3위/계
------------------------------------------------------------------------------------------------------
   1   오션피닉스             196,710,000    26,860,000    23,860,000    3   6   4  26   0   2   0   5
   2   비케이갬블             208,210,000    34,500,000    24,000,000    5   1   3  23   0   1   1   6
   3   체리뱅키시             130,700,000             0             0    2   2   0  11   0   0   0   1
   4   예스파워               280,780,000             0             0    6   2   4  17   0   0   0   0
   5   하이냐                 172,350,000             0             0    4   2   1  10   0   0   0   2
   6   히든챔프               273,100,000    28,400,000     4,200,000    5   3   1  27   0   1   0   6
   7   해피피버               236,610,000   101,010,000    39,960,000    4   6   0  13   2   3   0   7
   8   파워터치               234,450,000             0             0    5   0   6  19   0   0   0   4
   9   아임유어패션           178,160,000   108,560,000    34,310,000    6   1   0  11   4   0   0   6
  10   베이킹즈               316,990,000     5,500,000             0    7   4   1  42   0   0   0   6
  11   투투그레이트           207,150,000    33,300,000    33,300,000    5   2   1  11   0   1   1   5
  12   쭈욱                   219,150,000    53,700,000     4,200,000    4   2   1  26   1   0   0   7
  13   영광의시크릿           390,450,000    47,250,000             0    6   1   0  12   1   0   0   3
  14   대호질주               205,220,000    66,000,000     4,500,000    4   4   3  23   1   1   0   8
------------------------------------------------------------------------------------------------------

