

제목 : 21.02.28 제  7 일  일 요일   1경주;   

 1000 M   출전:12두    국6등급   ( R0~0             연령오픈  )     출발:10:45
 별정A         일반      
   8,800,000원    5,500,000원    3,740,000원    2,420,000원    1,540,000원 
------------------------------------------------------------------------------------------------------
 마번  마   명            산지  성별 연령 중량       기수       조교사     마주              레이팅
------------------------------------------------------------------------------------------------------
   1   서울달빛            한    암   3  54.5       이준철      최영주    강승연                   
   2   모닝힐              한    거   3  55.5   (-1)문성혁      서인석    최상기                   
   3   스마트전사          한    거   3  56.5       김정준      송문길    김태성                   
   4   미사일퀸            한    암   3  54.5       윤영민      조현수    이장운                   
   5   지산군              한    수   3  56.5       빅투아르    이관호    (주)인펨                 
   6   런던파워            한    암   3  54.5       이혁        안해양    임흥호                   
   7   킹엔젤마리아        한    거   3  56.5       김옥성      김동철    이월희                   
   8   겅호우              한    수   3  52.5   (-4)김아현      지용철    조용학                   
   9   빅토리샘            한    암   3  54.5       최범현      곽영효    이효선                   
  10   티파니블루          한    암   3  54.5       박태종      박윤규    코리아호스랜드           
  11   정겨운              한    암   3  54.5       박상우      유재길    이장운                   
  12   노르웨이서드        한    암   3  54.5       송재철      강성오    이수행                   
------------------------------------------------------------------------------------------------------
                                                                          --총전적--      --1년전적--
 마번  마  명                  수득상금     1년수득상금  6개월수득상금  1위/2위/3위/계  1위/2위/3위/계
------------------------------------------------------------------------------------------------------
   1   서울달빛                         0             0             0    0   0   0   0   0   0   0   0
   2   모닝힐                           0             0             0    0   0   0   0   0   0   0   0
   3   스마트전사                       0             0             0    0   0   0   0   0   0   0   0
   4   미사일퀸                         0             0             0    0   0   0   0   0   0   0   0
   5   지산군                           0             0             0    0   0   0   0   0   0   0   0
   6   런던파워                         0             0             0    0   0   0   0   0   0   0   0
   7   킹엔젤마리아                     0             0             0    0   0   0   0   0   0   0   0
   8   겅호우                           0             0             0    0   0   0   0   0   0   0   0
   9   빅토리샘                         0             0             0    0   0   0   0   0   0   0   0
  10   티파니블루                       0             0             0    0   0   0   0   0   0   0   0
  11   정겨운                           0             0             0    0   0   0   0   0   0   0   0
  12   노르웨이서드                     0             0             0    0   0   0   0   0   0   0   0
------------------------------------------------------------------------------------------------------


제목 : 21.02.28 제  7 일  일 요일   2경주;   

 1200 M   출전:14두    국6등급   ( R0~0             연령오픈  )     출발:11:10
 별정A         일반      
   8,800,000원    5,500,000원    3,740,000원    2,420,000원    1,540,000원 
------------------------------------------------------------------------------------------------------
 마번  마   명            산지  성별 연령 중량       기수       조교사     마주              레이팅
------------------------------------------------------------------------------------------------------
   1   다울퀸              한    암   3  54.5       부민호      최용건    김봉겸                   
   2   아이언머스킷        한    암   3  54.5       조상범      배휴준    홍종철                   
   3   플라잉풀문          한    암   3  54.5       이혁        임채덕    김형순                   
   4   티나                한    암   3  54.5       빅투아르    이관호    곽홍석                   
   5   컴플리트챔프        한    암   3  54.5       유승완      조현수    장세준                   
   6   큐피드원더          한    암   3  54.5       지하주      이희영    서순배                   
   7   글로리칸            한    암   3  51.5   (-3)임다빈      정호익    정범성                   
   8   히트하트            한    암   4  55.0       이강서      박천서    정승희                   
   9   이스트매직          한    암   3  54.5       다비드      박재우    김영구                   
  10   인디라이트          한    암   3  54.5       문정균      최상식    변갑한                   
  11   로즈데이마린        한    암   4  55.0       장추열      홍대유    이경희                   
  12   주말의시작          한    암   3  54.5       우에다      박윤규    김광영                   
  13   고고스타            한    암   3  54.5       김정준      김윤섭    김재용                   
  14   월드메니피          한    암   3  53.5   (-1)문성혁      서인석    이성님                   
------------------------------------------------------------------------------------------------------
                                                                          --총전적--      --1년전적--
 마번  마  명                  수득상금     1년수득상금  6개월수득상금  1위/2위/3위/계  1위/2위/3위/계
------------------------------------------------------------------------------------------------------
   1   다울퀸                  11,220,000    11,220,000    11,220,000    1   0   1   2   1   0   1   2
   2   아이언머스킷             8,800,000     8,800,000     8,800,000    1   0   0   1   1   0   0   1
   3   플라잉풀문                       0             0             0    0   0   0   1   0   0   0   1
   4   티나                             0             0             0    0   0   0   1   0   0   0   1
   5   컴플리트챔프                     0             0             0    0   0   0   2   0   0   0   2
   6   큐피드원더               2,420,000     2,420,000     2,420,000    0   0   0   3   0   0   0   3
   7   글로리칸                         0             0             0    0   0   0   2   0   0   0   2
   8   히트하트                         0             0             0    0   0   0   2   0   0   0   2
   9   이스트매직                       0             0             0    0   0   0   2   0   0   0   2
  10   인디라이트                       0             0             0    0   0   0   2   0   0   0   2
  11   로즈데이마린             5,040,000     5,040,000     1,540,000    0   0   1   3   0   0   1   3
  12   주말의시작               2,420,000     2,420,000     2,420,000    0   0   0   1   0   0   0   1
  13   고고스타                17,040,000    17,040,000     2,790,000    0   0   1   4   0   0   1   4
  14   월드메니피                       0             0             0    0   0   0   4   0   0   0   4
------------------------------------------------------------------------------------------------------


제목 : 21.02.28 제  7 일  일 요일   3경주;   

 1200 M   출전:14두    국6등급   ( R0~0             연령오픈  )     출발:11:35
 별정A         일반      
   8,800,000원    5,500,000원    3,740,000원    2,420,000원    1,540,000원 
------------------------------------------------------------------------------------------------------
 마번  마   명            산지  성별 연령 중량       기수       조교사     마주              레이팅
------------------------------------------------------------------------------------------------------
   1   뉴호프              한    암   3  54.5       박태종      최봉주    오상철                   
   2   골드케이            한    거   3  56.5       안토니오    박대흥    강경운                   
   3   명진브레이싱        한    거   3  56.5       우에다      임봉춘    (주)자성실업             
   4   페페런              한    수   3  56.5       조한별      박병일    박기태                   
   5   라온샹젤리          한    암   3  54.5       최범현      박종곤    라온건설                 
   6   아킬리온            한    수   3  56.5       박현우      안해양    김한수                   
   7   러닝킹              한    수   3  56.5       문세영      지용철    오종환                   
   8   모든날함께해        한    수   3  56.5       신형철      안병기    우태율                   
   9   하니                한    암   3  54.5       함완식      임채덕    황혜정                   
  10   레드마운틴          한    수   3  56.5       김동수      강성오    박순옥                   
  11   댓츠마이보이        한    거   3  52.5   (-4)김아현      이관호    (주)인펨                 
  12   장산가드            한    수   3  56.5       먼로        강환민    김병진                   
  13   일격필살            한    수   3  56.5       박을운      강성오    김창식                   
  14   터프맨              한    수   3  56.5       장추열      정호익    김광명                   
------------------------------------------------------------------------------------------------------
                                                                          --총전적--      --1년전적--
 마번  마  명                  수득상금     1년수득상금  6개월수득상금  1위/2위/3위/계  1위/2위/3위/계
------------------------------------------------------------------------------------------------------
   1   뉴호프                           0             0             0    0   0   0   2   0   0   0   2
   2   골드케이                         0             0             0    0   0   0   1   0   0   0   1
   3   명진브레이싱                     0             0             0    0   0   0   1   0   0   0   1
   4   페페런                           0             0             0    0   0   0   1   0   0   0   1
   5   라온샹젤리               4,270,000     4,270,000     4,270,000    0   0   1   2   0   0   1   2
   6   아킬리온                 2,420,000     2,420,000     2,420,000    0   0   0   2   0   0   0   2
   7   러닝킹                  11,000,000    11,000,000    11,000,000    0   2   0   2   0   2   0   2
   8   모든날함께해                     0             0             0    0   0   0   0   0   0   0   0
   9   하니                             0             0             0    0   0   0   1   0   0   0   1
  10   레드마운틴               1,540,000     1,540,000     1,540,000    0   0   0   1   0   0   0   1
  11   댓츠마이보이                     0             0             0    0   0   0   1   0   0   0   1
  12   장산가드                         0             0             0    0   0   0   1   0   0   0   1
  13   일격필살                 5,500,000     5,500,000     5,500,000    0   1   0   1   0   1   0   1
  14   터프맨                  10,560,000    10,560,000    10,560,000    0   2   0   2   0   2   0   2
------------------------------------------------------------------------------------------------------


제목 : 21.02.28 제  7 일  일 요일   4경주;   

 1300 M   출전:14두    국6등급   ( R0~0             연령오픈  )     출발:12:00
 별정A         일반      
   8,800,000원    5,500,000원    3,740,000원    2,420,000원    1,540,000원 
------------------------------------------------------------------------------------------------------
 마번  마   명            산지  성별 연령 중량       기수       조교사     마주              레이팅
------------------------------------------------------------------------------------------------------
   1   파이널에이스        한    암   4  55.0       송재철      조현수    김선식                   
   2   아담스애플          한    암   3  54.5       빅투아르    박재우    서창식                   
   3   빅토리카            한    암   3  54.5       박현우      안해양    김한수                   
   4   퀸즈투어            한    암   3  54.5       조상범      임봉춘    안희철                   
   5   케이엔여신          한    암   4  51.0   (-4)김아현      박대흥    조경수                   
   6   피케이로드          한(포)암   3  54.5       우에다      손영표    김태성                   
   7   고어헤드            한    암   4  55.0       김옥성      서정하    오종택                   
   8   햇빛향기            한    암   4  55.0       조한별      김윤섭    지원철                   
   9   조이풀케이          한    암   4  55.0       최범현      강환민    강경운                   
  10   쏘아라가즈          한    암   3  54.5       이준철      김대근    현태봉                   
  11   은혜파도            한    암   4  55.0       박을운      김동철    강태구                   
  12   아이언로즈          한    암   3  54.5       하정훈      신삼영    김선식                   
  13   유롱스타            한    암   4  55.0       장추열      정호익    장위에셩                 
  14   우승환희            한    암   3  54.5       부민호      김동균    이연수                   
------------------------------------------------------------------------------------------------------
                                                                          --총전적--      --1년전적--
 마번  마  명                  수득상금     1년수득상금  6개월수득상금  1위/2위/3위/계  1위/2위/3위/계
------------------------------------------------------------------------------------------------------
   1   파이널에이스             5,600,000     5,600,000     5,600,000    0   0   1   7   0   0   1   4
   2   아담스애플              14,750,000    14,750,000    11,000,000    0   2   0   3   0   2   0   3
   3   빅토리카                 8,490,000     8,490,000     4,740,000    0   0   1   4   0   0   1   4
   4   퀸즈투어                 2,420,000     2,420,000     2,420,000    0   0   0   1   0   0   0   1
   5   케이엔여신               8,800,000     8,800,000     8,800,000    1   0   0   4   1   0   0   4
   6   피케이로드               6,600,000     6,600,000     6,600,000    0   0   1   2   0   0   1   2
   7   고어헤드                 3,890,000     3,890,000     2,640,000    0   0   0   4   0   0   0   4
   8   햇빛향기                 5,060,000     5,060,000     5,060,000    0   1   0   4   0   1   0   4
   9   조이풀케이              25,080,000    25,080,000    25,080,000    1   2   1   4   1   2   1   4
  10   쏘아라가즈                       0             0             0    0   0   0   2   0   0   0   2
  11   은혜파도                13,520,000    13,520,000     7,920,000    0   1   1   6   0   1   1   5
  12   아이언로즈                       0             0             0    0   0   0   3   0   0   0   3
  13   유롱스타                 9,800,000     9,800,000     8,800,000    1   0   0   3   1   0   0   3
  14   우승환희                 5,340,000     5,340,000     5,340,000    0   0   1   4   0   0   1   4
------------------------------------------------------------------------------------------------------


제목 : 21.02.28 제  7 일  일 요일   5경주;   

 1400 M   출전:14두    국6등급   ( R0~0             연령오픈  )     출발:13:00
 별정A         일반      
   8,800,000원    5,500,000원    3,740,000원    2,420,000원    1,540,000원 
------------------------------------------------------------------------------------------------------
 마번  마   명            산지  성별 연령 중량       기수       조교사     마주              레이팅
------------------------------------------------------------------------------------------------------
   1   로드핑크            한    암   4  55.0       최범현      안해양    표종순                   
   2   고고고              한    수   3  56.5       다비드      서범석    청메이칭                 
   3   폴카                한    암   4  55.0       조한별      조현수    정광화                   
   4   내길의축복          한    암   4  55.0       함완식      홍대유    유종국                   
   5   천총                한    수   4  57.0       박태종      최봉주    조금제                   
   6   정문최강            한    수   3  56.5       김동수      홍대유    김재영b                  
   7   모닝뉴스            한    암   3  54.5       빅투아르    최용건    (주)나스카               
   8   쿠레레쿠스          한    거   4  57.0       박현우      이관호    이재원                   
   9   라이드맨            한    거   4  57.0       부민호      임채덕    박덕희                   
  10   흑룡가무            한    거   3  55.5   (-1)문성혁      서인석    정승희                   
  11   페더럴스트롱        한    거   4  57.0       정평수      지용철    이수길                   
  12   페더럴윈            한    암   3  54.5       장추열      정호익    금악목장                 
  13   월드특급            한    거   4  57.0       지하주      박천서    김명식                   
  14   원더풀조이          한(포)거   3  56.5       신형철      안병기    김기종                   
------------------------------------------------------------------------------------------------------
                                                                          --총전적--      --1년전적--
 마번  마  명                  수득상금     1년수득상금  6개월수득상금  1위/2위/3위/계  1위/2위/3위/계
------------------------------------------------------------------------------------------------------
   1   로드핑크                 1,250,000     1,250,000     1,250,000    0   0   0   7   0   0   0   3
   2   고고고                   3,200,000     3,200,000     1,600,000    0   0   0   4   0   0   0   4
   3   폴카                     1,250,000     1,250,000     1,250,000    0   0   0   4   0   0   0   4
   4   내길의축복               1,250,000     1,250,000     1,250,000    0   0   0   4   0   0   0   3
   5   천총                     9,000,000     9,000,000     6,500,000    0   1   0  11   0   1   0   6
   6   정문최강                 2,640,000     2,640,000     2,640,000    0   0   0   4   0   0   0   4
   7   모닝뉴스                 6,310,000     6,310,000     6,310,000    0   1   0   3   0   1   0   3
   8   쿠레레쿠스               3,500,000     3,500,000     3,500,000    0   0   1   4   0   0   1   4
   9   라이드맨                 3,600,000     3,600,000             0    0   0   0   5   0   0   0   5
  10   흑룡가무                10,500,000    10,500,000             0    0   0   1   3   0   0   1   3
  11   페더럴스트롱             5,500,000     5,500,000     5,500,000    0   1   0   4   0   1   0   4
  12   페더럴윈                         0             0             0    0   0   0   3   0   0   0   3
  13   월드특급                 5,100,000     5,100,000             0    0   0   1   4   0   0   1   3
  14   원더풀조이               2,540,000     2,540,000     2,540,000    0   0   0   4   0   0   0   4
------------------------------------------------------------------------------------------------------


제목 : 21.02.28 제  7 일  일 요일   6경주;   

 1400 M   출전:14두    국6등급   ( R0~0             연령오픈  )     출발:13:30
 별정A         일반      
   8,800,000원    5,500,000원    3,740,000원    2,420,000원    1,540,000원 
------------------------------------------------------------------------------------------------------
 마번  마   명            산지  성별 연령 중량       기수       조교사     마주              레이팅
------------------------------------------------------------------------------------------------------
   1   베스트탑            한    수   4  57.0       송재철      이희영    베스트샤인조합           
   2   송암플레이어        한    암   4  54.0   (-1)문성혁      전승규    지원철                   
   3   논스톱위닝          한    거   5  54.0   (-3)임다빈      유재길    태희종합건설             
   4   맥스대로            한    암   4  55.0       문세영      안해양    최종환                   
   5   찬란한날            한    수   3  56.5       최범현      임봉춘    진교원                   
   6   리턴밸리브리        한    수   3  56.5       함완식      홍대유    김인호                   
   7   원퍼트              한    수   4  57.0       정평수      지용철    박시용                   
   8   초원의기적          한    암   4  55.0       김효정      우창구    조홍구                   
   9   신대로              한    수   4  57.0       문정균      최용건    박정배                   
  10   레드백              한    수   3  56.5       박현우      박천서    윤훈현                   
  11   라게르타            한    암   3  54.5       박을운      이신영    이성영                   
  12   오피서커맨딩        한    암   4  55.0       신형철      최봉주    윤지중                   
  13   다나은석세스        한    거   4  57.0       이강서      박천서    이진경                   
  14   소우주              한    수   3  56.5       박태종      안병기    우태율                   
------------------------------------------------------------------------------------------------------
                                                                          --총전적--      --1년전적--
 마번  마  명                  수득상금     1년수득상금  6개월수득상금  1위/2위/3위/계  1위/2위/3위/계
------------------------------------------------------------------------------------------------------
   1   베스트탑                18,190,000    10,390,000     4,990,000    0   0   2   6   0   0   1   5
   2   송암플레이어            13,400,000             0             0    0   0   2   4   0   0   0   2
   3   논스톱위닝              18,460,000    13,260,000     8,510,000    1   0   2   7   1   0   1   5
   4   맥스대로                14,270,000    10,770,000     9,170,000    0   1   1   7   0   1   0   4
   5   찬란한날                         0             0             0    0   0   0   2   0   0   0   2
   6   리턴밸리브리             2,640,000     2,640,000     2,640,000    0   0   0   4   0   0   0   4
   7   원퍼트                   9,040,000     9,040,000     7,040,000    0   1   0   9   0   1   0   6
   8   초원의기적               9,560,000     9,560,000     3,960,000    0   0   2   4   0   0   2   3
   9   신대로                   5,060,000     5,060,000     5,060,000    0   1   0   4   0   1   0   2
  10   레드백                   5,500,000     5,500,000     5,500,000    0   1   0   2   0   1   0   2
  11   라게르타                         0             0             0    0   0   0   2   0   0   0   2
  12   오피서커맨딩             5,500,000     5,500,000     5,500,000    0   1   0   5   0   1   0   5
  13   다나은석세스             5,040,000     5,040,000             0    0   1   0   4   0   1   0   4
  14   소우주                   1,250,000     1,250,000     1,250,000    0   0   0   5   0   0   0   5
------------------------------------------------------------------------------------------------------


제목 : 21.02.28 제  7 일  일 요일   7경주;   

 1400 M   출전:14두    국5등급   ( R1~35            연령오픈  )     출발:14:00
 핸디캡        일반      
  12,800,000원    8,000,000원    5,440,000원    3,520,000원    2,240,000원 
------------------------------------------------------------------------------------------------------
 마번  마   명            산지  성별 연령 중량       기수       조교사     마주              레이팅
------------------------------------------------------------------------------------------------------
   1   로열로드            한    수   3  54.0       문세영      안병기    손병현                 30
   2   명진데이            한    수   3  55.0       신형철      전승규    정은섭                 32
   3   배다리캔디          한(포)암   3  52.0       방춘식      홍대유    송한우                 30
   4   탱크삭스            한    암   4  54.5       박을운      강환민    김창식                 34
   5   큐피드포인트        한    암   3  53.0       이혁        김동철    서순배                 32
   6   삼성비바            한    수   4  55.0       먼로        박천서    한명로                 31
   7   톱시드              한(포)거   4  54.5       김정준      박병일    김봉섭                 30
   8   가가나              한    수   4  55.5       다비드      박재우    이경호                 32
   9   에이피파텍          한    수   4  56.0       빅투아르    서범석    카도노 시게오          33
  10   블랙참              한    수   3  54.5       장추열      송문길    김세민                 31
  11   디에코              한    암   4  52.0       조한별      김대근    안희철                 25
  12   경부도령            한    수   4  51.5   (-3)임다빈      유재길    허건호                 30
  13   금성에이스          한    암   4  52.0   (-1)문성혁      서인석    조창규                 31
  14   가즈아              한    수   5  52.0       김옥성      김동철    장석린외1인(신치구)    24
------------------------------------------------------------------------------------------------------
                                                                          --총전적--      --1년전적--
 마번  마  명                  수득상금     1년수득상금  6개월수득상금  1위/2위/3위/계  1위/2위/3위/계
------------------------------------------------------------------------------------------------------
   1   로열로드                13,860,000    13,860,000    13,860,000    1   1   0   3   1   1   0   3
   2   명진데이                17,710,000    17,710,000    17,710,000    1   0   1   2   1   0   1   2
   3   배다리캔디              45,090,000    45,090,000     3,840,000    1   0   0   4   1   0   0   4
   4   탱크삭스                70,850,000    31,450,000    22,650,000    2   2   1  10   1   2   1   5
   5   큐피드포인트            16,060,000    16,060,000    16,060,000    2   0   0   3   2   0   0   3
   6   삼성비바                28,480,000     8,800,000             0    1   2   0   9   0   1   0   4
   7   톱시드                  36,750,000    28,150,000             0    1   1   2   8   1   1   1   6
   8   가가나                  28,640,000             0             0    1   1   1  10   0   0   0   4
   9   에이피파텍              46,540,000    41,840,000    33,040,000    1   2   1   8   1   2   0   5
  10   블랙참                  30,770,000    30,770,000    17,270,000    1   0   1   5   1   0   1   5
  11   디에코                  24,100,000     2,400,000             0    0   1   2  10   0   0   0   4
  12   경부도령                23,650,000    21,250,000             0    1   1   0  10   1   1   0   6
  13   금성에이스              44,400,000    42,000,000    27,600,000    1   1   2   6   1   1   2   5
  14   가즈아                  51,400,000             0             0    1   0   2  21   0   0   0   5
------------------------------------------------------------------------------------------------------


제목 : 21.02.28 제  7 일  일 요일   8경주;   

 1200 M   출전:14두    국5등급   ( R1~35            연령오픈  )     출발:14:30
 핸디캡        일반      
  12,800,000원    8,000,000원    5,440,000원    3,520,000원    2,240,000원 
------------------------------------------------------------------------------------------------------
 마번  마   명            산지  성별 연령 중량       기수       조교사     마주              레이팅
------------------------------------------------------------------------------------------------------
   1   한일모아            한    암   4  53.5       이준철      김대근    한일사료               30
   2   흥깨비              한    암   5  52.0       지하주      최상식    임동현                 25
   3   선샤인특급          한    암   5  52.0       안효리      이신영    박의주                 27
   4   스마트핑크          한    암   3  53.0       이혁        김동철    오종환                 30
   5   엄지여왕            한    암   6  52.0       하정훈      배휴준    서상주                 23
   6   안양재규어          한    암   5  54.5       권석원      구자흥    (주)에이에프피         32
   7   라온블러드          한    암   4  55.0       조상범      안병기    라온건설               33
   8   기로                한    암   5  52.0       이강서      유재길    전기섭                 27
   9   블랙실버            한    암   4  54.5       이철경      서인석    홍상기                 32
  10   해랑                한    암   5  53.5       김효정      우창구    장수영                 30
  11   대승퀸              한    암   4  53.0       조한별      유재길    김명식                 29
  12   아테나브이          한    암   5  52.5       유승완      송문길    허장원                 28
  13   새로운보배          한    암   5  54.0       김정준      심승태    류재욱                 31
  14   글로벌선            한    암   4  55.5       김동수      최상식    장재형                 34
------------------------------------------------------------------------------------------------------
                                                                          --총전적--      --1년전적--
 마번  마  명                  수득상금     1년수득상금  6개월수득상금  1위/2위/3위/계  1위/2위/3위/계
------------------------------------------------------------------------------------------------------
   1   한일모아                39,960,000    30,800,000             0    1   1   1   9   1   1   0   3
   2   흥깨비                  46,000,000             0             0    1   0   1  14   0   0   0   4
   3   선샤인특급              27,440,000     1,600,000             0    1   0   1  19   0   0   0   4
   4   스마트핑크              14,300,000    14,300,000    14,300,000    1   1   0   2   1   1   0   2
   5   엄지여왕                60,760,000     2,400,000             0    1   1   3  33   0   0   0   7
   6   안양재규어              38,460,000             0             0    1   1   2  14   0   0   0   3
   7   라온블러드              57,200,000    43,200,000     4,600,000    1   1   2   9   1   0   1   5
   8   기로                    23,760,000             0             0    1   0   0  12   0   0   0   0
   9   블랙실버                32,990,000    29,990,000    19,190,000    1   1   1   7   1   1   1   4
  10   해랑                    30,640,000             0             0    0   2   3  13   0   0   0   1
  11   대승퀸                  44,400,000    13,200,000             0    0   2   2  10   0   1   0   6
  12   아테나브이              42,200,000     2,400,000             0    1   1   1   6   0   0   0   3
  13   새로운보배              43,200,000    21,600,000             0    0   3   2  13   0   1   1   5
  14   글로벌선                42,150,000    40,550,000    28,150,000    2   1   0   9   2   1   0   7
------------------------------------------------------------------------------------------------------


제목 : 21.02.28 제  7 일  일 요일   9경주;   

 1200 M   출전:14두    국4등급   ( R1~50            연령오픈  )     출발:15:00
 핸디캡        일반      
  16,800,000원   10,500,000원    7,140,000원    4,620,000원    2,940,000원 
------------------------------------------------------------------------------------------------------
 마번  마   명            산지  성별 연령 중량       기수       조교사     마주              레이팅
------------------------------------------------------------------------------------------------------
   1   천년의바람          한    거   5  52.5       하정훈      임봉춘    류주영                 39
   2   화이트벨벳          한    거   5  52.0       조상범      지용철    오종환                 36
   3   나의전설            한    수   4  51.0       우에다      송문길    박복용                 36
   4   비사연              한    거   5  55.0       김효정      심승태    전좌식                 44
   5   원더풀스톰          한    수   4  52.5       최범현      서범석    지대섭                 39
   6   챔프케이            한    수   5  52.5       유승완      김윤섭    강경운                 39
   7   아라리요            한    수   4  53.5       박현우      안해양    김한수                 41
   8   역대최고            한    거   5  52.0       문정균      최상식    오상철                 37
   9   라온라이트맨        한    거   4  52.0       이혁        안병기    라온건설               37
  10   이스트챔프          한    수   4  51.0   (-3)임다빈      정호익    김영구                 40
  11   클린업해피          한(포)거   4  58.0       안토니오    박재우    씨유네트워크           50
  12   루미네스            한    거   5  58.0       박병윤      박천서    임민영                 50
  13   버킷풀골드          한    수   5  54.0       박을운      안해양    김길중                 42
  14   언패럴렐드          한    수   4  52.0       먼로        최봉주    오종환                 36
------------------------------------------------------------------------------------------------------
                                                                          --총전적--      --1년전적--
 마번  마  명                  수득상금     1년수득상금  6개월수득상금  1위/2위/3위/계  1위/2위/3위/계
------------------------------------------------------------------------------------------------------
   1   천년의바람              74,240,000    25,920,000     3,920,000    2   1   2  21   1   0   0   5
   2   화이트벨벳              55,000,000     3,000,000             0    2   1   1  15   0   0   0   5
   3   나의전설                48,820,000    26,620,000    26,620,000    1   1   2   6   1   0   0   3
   4   비사연                  63,760,000     3,360,000     3,360,000    2   1   1  11   0   0   0   4
   5   원더풀스톰              49,250,000    49,250,000    13,500,000    2   1   0   5   2   1   0   5
   6   챔프케이                73,600,000     2,400,000             0    2   0   2  17   0   0   0   3
   7   아라리요                50,190,000    23,600,000             0    2   1   1   8   1   0   0   4
   8   역대최고                66,600,000    11,400,000             0    2   0   2  14   0   0   1   5
   9   라온라이트맨            85,960,000     5,760,000     3,360,000    2   1   1  10   0   0   0   4
  10   이스트챔프              46,970,000    26,500,000    26,500,000    2   0   2   9   1   0   1   5
  11   클린업해피              92,700,000    52,900,000    30,900,000    3   0   3   6   2   0   2   4
  12   루미네스               109,200,000    35,400,000     2,400,000    3   1   2  15   1   0   0   4
  13   버킷풀골드              89,840,000     8,040,000     5,040,000    1   5   1  16   0   0   1   4
  14   언패럴렐드              38,690,000    38,690,000    38,690,000    2   0   0   3   2   0   0   3
------------------------------------------------------------------------------------------------------


제목 : 21.02.28 제  7 일  일 요일  10경주;   

 1200 M   출전:14두    혼4등급   ( R1~50            연령오픈  )     출발:15:30
 별정B         일반      
  16,800,000원   10,500,000원    7,140,000원    4,620,000원    2,940,000원 
------------------------------------------------------------------------------------------------------
 마번  마   명            산지  성별 연령 중량       기수       조교사     마주              레이팅
------------------------------------------------------------------------------------------------------
   1   은어축제            미    수   4  54.0       김동수      박재우    최기영                 37
   2   별나라질주          미    수   3  53.5       유승완      박대흥    조경수                 38
   3   히든돌풍            미    수   3  57.5       문세영      이관호    김광명                 48
   4   대군의검            미    수   5  54.0   (-4)김아현      최용구    표종진                 48
   5   선녀예찬            호    암   4  52.0       우에다      임봉춘    이장운                 38
   6   문학워              미    수   4  54.0       함완식      홍대유    김재영a                38
   7   문학고스트          미    수   3  53.5       김정준      김윤섭    권경자                 38
   8   정상처럼            미    거   4  54.0       황순도      강환민    정동진                 36
   9   트리플킹덤          미    수   4  54.0       다비드      박재우    선용호                 37
  10   이글이글            미    거   5  55.0       김귀배      서인석    이성인                 39
  11   마이티팝            미    수   3  54.5       송재철      서홍수    조병태                 39
  12   천구클래스          미    수   3  53.5       조상범      배휴준    조금제                 37
  13   문학문              미    수   3  55.5       먼로        홍대유    권경자                 44
  14   퀀텀점프            미    수   5  55.0       안토니오    리카디    남기태                 41
------------------------------------------------------------------------------------------------------
                                                                          --총전적--      --1년전적--
 마번  마  명                  수득상금     1년수득상금  6개월수득상금  1위/2위/3위/계  1위/2위/3위/계
------------------------------------------------------------------------------------------------------
   1   은어축제                16,800,000     8,400,000             0    0   0   2   8   0   0   1   3
   2   별나라질주                       0             0             0    0   0   0   0   0   0   0   0
   3   히든돌풍                43,500,000    43,500,000    43,500,000    1   1   0   2   1   1   0   2
   4   대군의검                46,800,000     8,400,000             0    0   2   2  10   0   0   1   3
   5   선녀예찬                         0             0             0    0   0   0   1   0   0   0   1
   6   문학워                           0             0             0    0   0   0   0   0   0   0   0
   7   문학고스트               2,940,000     2,940,000     2,940,000    0   0   0   1   0   0   0   1
   8   정상처럼                         0             0             0    0   0   0   6   0   0   0   4
   9   트리플킹덤               7,800,000     5,400,000             0    0   0   0   5   0   0   0   2
  10   이글이글                25,800,000    14,400,000     3,000,000    0   0   2  12   0   0   1   3
  11   마이티팝                 9,540,000     9,540,000     9,540,000    0   0   1   2   0   0   1   2
  12   천구클래스                       0             0             0    0   0   0   2   0   0   0   2
  13   문학문                  27,000,000    27,000,000    10,500,000    0   1   1   2   0   1   1   2
  14   퀀텀점프                38,160,000    14,760,000    14,760,000    0   1   2  14   0   0   1   3
------------------------------------------------------------------------------------------------------


제목 : 21.02.28 제  7 일  일 요일  11경주;   

 1300 M   출전:14두    국5등급   ( R1~35            연령오픈  )     출발:16:00
 핸디캡        일반      
  12,800,000원    8,000,000원    5,440,000원    3,520,000원    2,240,000원 
------------------------------------------------------------------------------------------------------
 마번  마   명            산지  성별 연령 중량       기수       조교사     마주              레이팅
------------------------------------------------------------------------------------------------------
   1   금아인빈서블        한    수   5  54.0       송재철      우창구    금아산업(주)           29
   2   아로마              한    수   4  53.5       박현우      이관호    최수군                 28
   3   백학                한    암   4  52.0       이철경      서인석    씨유네트워크           24
   4   커리어하이          한    암   4  52.5       김동수      강성오    고양진                 30
   5   미라클호프          한    수   5  55.5       박병윤      우창구    변갑한                 32
   6   정성스타            한    암   4  54.5       최범현      안해양    임정균                 34
   7   해피삭스            한    암   3  52.0       문세영      강환민    김창식                 30
   8   퍼펙트파워          한    거   4  55.5       신형철      최상식    지성한                 32
   9   사만다치타          한    암   3  52.5       유승완      박병일    이관형                 31
  10   일보등천            한(포)수   4  55.0       먼로        안병기    김기종                 31
  11   어메이징위즈        한    암   4  53.0       김정준      송문길    최몽주                 31
  12   캡틴브라보          한(포)거   4  54.0       박태종      곽영효    김용래                 29
  13   플라잉조이          한    수   6  52.5   (-4)김아현      임채덕    김형순                 34
  14   라피도볼트          한    거   4  53.5       방춘식      송문길    허장원                 28
------------------------------------------------------------------------------------------------------
                                                                          --총전적--      --1년전적--
 마번  마  명                  수득상금     1년수득상금  6개월수득상금  1위/2위/3위/계  1위/2위/3위/계
------------------------------------------------------------------------------------------------------
   1   금아인빈서블            13,680,000             0             0    1   0   0   6   0   0   0   4
   2   아로마                  16,600,000    16,600,000    11,000,000    0   2   1   4   0   2   1   4
   3   백학                    18,840,000     2,400,000             0    0   2   0  12   0   0   0   6
   4   커리어하이              28,150,000    28,150,000    22,550,000    1   1   1   5   1   1   1   5
   5   미라클호프              59,600,000     5,600,000             0    1   4   1  16   0   0   1   4
   6   정성스타                51,040,000             0             0    1   1   2   8   0   0   0   2
   7   해피삭스                24,250,000    24,250,000    13,750,000    1   0   1   3   1   0   1   3
   8   퍼펙트파워              28,250,000    28,250,000    21,750,000    1   2   0   9   1   2   0   4
   9   사만다치타              41,250,000    41,250,000             0    1   0   0   4   1   0   0   4
  10   일보등천                42,000,000    24,000,000             0    1   1   0   6   1   0   0   3
  11   어메이징위즈            31,600,000    29,600,000    27,600,000    1   0   1   6   1   0   1   4
  12   캡틴브라보              18,750,000    18,750,000    16,750,000    1   0   0   8   1   0   0   6
  13   플라잉조이              83,040,000     2,000,000             0    0   4   8  30   0   0   0   4
  14   라피도볼트              18,280,000             0             0    1   0   0   9   0   0   0   4
------------------------------------------------------------------------------------------------------


제목 : 21.02.28 제  7 일  일 요일  12경주;   

 1400 M   출전:14두    혼4등급   ( R1~50            연령오픈  )     출발:16:30
 핸디캡        일반      
  16,800,000원   10,500,000원    7,140,000원    4,620,000원    2,940,000원 
------------------------------------------------------------------------------------------------------
 마번  마   명            산지  성별 연령 중량       기수       조교사     마주              레이팅
------------------------------------------------------------------------------------------------------
   1   캐논슈터            미    암   5  52.0       문정균      지용철    박시용                 37
   2   독보천하            한    암   4  53.0       이혁        배휴준    김진영a                42
   3   황금들판            일    암   8  56.0       신형철      김점오    백경무                 48
   4   금성여왕            미    암   6  52.5   (-3)임다빈      손영표    조창규                 47
   5   굴참나무숲          한    암   6  53.0       이철경      서인석    이종욱                 42
   6   피노시스터          미    암   4  52.5       박현우      박천서    박병룡                 41
   7   마이티붐            미    암   4  53.0       빅투아르    서홍수    조병태                 42
   8   천사박              미    암   4  52.5       김효정      배대선    (주)디알엠씨티         41
   9   와와여장부          한    암   7  54.0       권석원      배휴준    곽희원                 44
  10   글로벌조이          미    암   4  55.5       장추열      정호익    장재형                 47
  11   세렌디피티야        미    암   4  52.0       문세영      안병기    우태율                 36
  12   돌격앞으로          미    암   5  54.5       먼로        최봉주    민홍기                 45
  13   땡큐마더            한    암   5  55.0   (-1)문성혁      서인석    강용식                 48
  14   절예                미    암   4  52.0   (-4)김아현      지용철    조용학                 48
------------------------------------------------------------------------------------------------------
                                                                          --총전적--      --1년전적--
 마번  마  명                  수득상금     1년수득상금  6개월수득상금  1위/2위/3위/계  1위/2위/3위/계
------------------------------------------------------------------------------------------------------
   1   캐논슈터                30,400,000    11,400,000             0    0   1   2  21   0   0   1   5
   2   독보천하                61,560,000     5,760,000     3,360,000    1   2   1   9   0   0   0   4
   3   황금들판               205,250,000     7,800,000     3,000,000    3   2   2  55   0   0   0   5
   4   금성여왕                82,550,000     3,000,000             0    2   0   0  20   0   0   0   3
   5   굴참나무숲             101,600,000     3,000,000     3,000,000    3   0   1  17   0   0   0   4
   6   피노시스터              16,200,000    16,200,000    13,200,000    0   1   0   4   0   1   0   4
   7   마이티붐                26,690,000    22,940,000     6,440,000    0   2   0   4   0   2   0   2
   8   천사박                  13,200,000    13,200,000             0    0   1   0   9   0   1   0   5
   9   와와여장부             133,970,000             0             0    2   3   5  30   0   0   0   3
  10   글로벌조이              75,930,000    28,980,000    28,980,000    3   0   2   8   2   0   1   5
  11   세렌디피티야            10,670,000    10,670,000     6,920,000    0   0   0   8   0   0   0   5
  12   돌격앞으로              41,400,000     2,400,000     2,400,000    0   1   3  13   0   0   0   2
  13   땡큐마더               133,200,000    46,200,000             0    2   5   1  18   1   1   0   5
  14   절예                    76,200,000    22,650,000    12,150,000    1   0   2   9   0   0   1   5
------------------------------------------------------------------------------------------------------


제목 : 21.02.28 제  7 일  일 요일  13경주;   

 1700 M   출전:12두    국4등급   ( R1~50            연령오픈  )     출발:17:00
 핸디캡        일반      
  16,800,000원   10,500,000원    7,140,000원    4,620,000원    2,940,000원 
------------------------------------------------------------------------------------------------------
 마번  마   명            산지  성별 연령 중량       기수       조교사     마주              레이팅
------------------------------------------------------------------------------------------------------
   1   만에하나            한    거   5  52.0       송재철      김동철    이월희                 37
   2   백색광채            한    거   5  52.0       김효정      배대선    미리내                 38
   3   제주의흑선          한    암   6  56.0       박상우      서범석    무라카미 켄세이        50
   4   선더윈드            한    수   4  51.0       김동수      리카디    조건진                 32
   5   레인케이            한    암   4  51.0       박태종      송문길    강경운                 36
   6   럭셔리캡틴          한    수   4  55.0       박을운      김동균    김은갑                 44
   7   천년의비            한    암   5  56.0       안토니오    박대흥    류주영                 50
   8   백스핀              한    암   5  52.0       다비드      이관호    이경희                 40
   9   시티챔프            한    수   7  51.0       우에다      박윤규    윤훈현                 36
  10   록뉴스              한    거   4  51.0   (-3)임다빈      정호익    최종환                 37
  11   러브레이스          한    암   5  54.5       신형철      박재우    오종환                 47
  12   갑오풀퀸            한    암   5  52.0       조상범      이관호    김평갑                 36
------------------------------------------------------------------------------------------------------
                                                                          --총전적--      --1년전적--
 마번  마  명                  수득상금     1년수득상금  6개월수득상금  1위/2위/3위/계  1위/2위/3위/계
------------------------------------------------------------------------------------------------------
   1   만에하나                43,880,000    20,600,000    11,800,000    0   3   3  21   0   2   0   6
   2   백색광채                71,000,000     6,320,000     3,920,000    1   2   3  19   0   0   0   4
   3   제주의흑선             136,740,000    18,900,000    18,900,000    1   6   6  29   0   1   1   4
   4   선더윈드                34,630,000    34,630,000    25,830,000    1   2   0   7   1   2   0   6
   5   레인케이                63,000,000    27,600,000     8,800,000    1   3   1   7   0   2   1   4
   6   럭셔리캡틴              63,890,000    37,540,000    15,540,000    2   1   2   8   1   0   2   5
   7   천년의비                74,480,000    10,800,000             0    2   1   2  16   0   0   1   3
   8   백스핀                  48,000,000     6,920,000     3,920,000    2   0   0  13   0   0   0   4
   9   시티챔프                89,900,000     3,360,000     3,360,000    0   6   4  36   0   0   0   5
  10   록뉴스                  41,000,000    37,350,000    26,550,000    2   1   0   8   2   1   0   4
  11   러브레이스             110,260,000    44,060,000    11,060,000    3   1   2  14   1   1   0   4
  12   갑오풀퀸                62,000,000    16,400,000     7,600,000    1   2   3  12   0   1   1   4
------------------------------------------------------------------------------------------------------


제목 : 21.02.28 제  7 일  일 요일  14경주;   

 1800 M   출전:14두    혼3등급   ( R1~65            연령오픈  )     출발:17:30
 핸디캡        일반      
  20,000,000원   12,500,000원    8,500,000원    5,500,000원    3,500,000원 
------------------------------------------------------------------------------------------------------
 마번  마   명            산지  성별 연령 중량       기수       조교사     마주              레이팅
------------------------------------------------------------------------------------------------------
   1   보드람              한    암   6  54.5       하정훈      안해양    지원철                 62
   2   스트롱로드          한(포)수  10  58.0       이동국      서범석    이성헌                 65
   3   배다리프린스        미    수   4  52.0       김옥성      홍대유    송한우                 51
   4   문학에카티          미    수   4  57.0       장추열      정호익    황봉기                 63
   5   어느멋진날          미    거   5  57.0       김동수      안병기    우태율                 63
   6   황금럭키            미    수   4  54.5       박을운      임봉춘    송진석                 58
   7   장산포에버          미    거   4  54.5       안토니오    리카디    김병진                 58
   8   댄싱블레이드        한    암   6  54.0       문정균      임채덕    김형란                 61
   9   더스파이커          미    수   5  53.0       빅투아르    이신영    일진코스메틱           55
  10   라온칸              한    거   5  52.0       조한별      박종곤    라온산업개발(주)       53
  11   돌아온뽀빠이        미    거   4  54.0       유승완      최용구    이영해                 57
  12   위즈모멘트          한    암   4  52.0       송재철      송문길    최몽주                 52
  13   킹오브룰즈          한    수   5  52.0       이철경      조현수    이혜란                 51
  14   리빙스턴            한    수   6  52.0       이기회      김동균    최임규                 53
------------------------------------------------------------------------------------------------------
                                                                          --총전적--      --1년전적--
 마번  마  명                  수득상금     1년수득상금  6개월수득상금  1위/2위/3위/계  1위/2위/3위/계
------------------------------------------------------------------------------------------------------
   1   보드람                 176,250,000             0             0    3   5   2  22   0   0   0   2
   2   스트롱로드             674,750,000     4,400,000             0   10   5   6  56   0   0   0   4
   3   배다리프린스            72,000,000    36,000,000             0    2   0   0   6   1   0   0   4
   4   문학에카티             152,760,000    44,010,000    22,260,000    2   1   4  13   0   1   2   5
   5   어느멋진날             138,600,000     3,600,000             0    3   0   1  15   0   0   0   3
   6   황금럭키                77,400,000    46,200,000    33,000,000    1   3   0   9   1   1   0   4
   7   장산포에버              79,200,000    79,200,000    33,000,000    2   1   0   4   2   1   0   4
   8   댄싱블레이드           160,050,000    13,500,000     3,750,000    4   1   2  16   0   0   1   5
   9   더스파이커              75,300,000    16,500,000             0    0   3   2  15   0   1   0   3
  10   라온칸                 103,600,000     3,000,000             0    3   1   1  16   0   0   0   4
  11   돌아온뽀빠이           106,730,000    78,380,000    32,180,000    1   3   3  10   1   3   0   6
  12   위즈모멘트              81,040,000    81,040,000    26,040,000    4   0   0   4   4   0   0   4
  13   킹오브룰즈             104,000,000     8,400,000             0    1   6   3  16   0   0   1   4
  14   리빙스턴               140,220,000     3,750,000             0    2   6   3  26   0   0   0   3
------------------------------------------------------------------------------------------------------


제목 : 21.02.28 제  7 일  일 요일  15경주;   

 1800 M   출전:14두    2등급   ( R1~80            연령오픈  )     출발:18:00
 핸디캡        일반      
  24,000,000원   15,000,000원   10,200,000원    6,600,000원    4,200,000원 
------------------------------------------------------------------------------------------------------
 마번  마   명            산지  성별 연령 중량       기수       조교사     마주              레이팅
------------------------------------------------------------------------------------------------------
   1   톱브레인            미    거   6  57.0       문세영      최용건    김철                   78
   2   청담대로            미    거   7  57.5       안토니오    박대흥    삼정                   79
   3   빅이어              한    암   6  51.0       우에다      송문길    최몽주                 68
   4   서울의별            한    암   6  51.5   (-4)김아현      김동철    김선식                 79
   5   서울탱크            미    거   7  54.5       김정준      박희철    조병해                 73
   6   이겨주마            미    거   6  56.5       먼로        홍대유    황봉기                 77
   7   허쉬대보            한    수   5  54.5   (-3)임다빈      전승규    박철근                 79
   8   환상스타            미    수   5  52.0   (-1)문성혁      서인석    최영훈                 70
   9   트라이선더          한(포)거   5  52.0       조한별      박종곤    이웅열                 65
  10   흥복드림            미    거   5  58.0       이준철      김대근    고광숙                 80
  11   비카브레이싱        한    수   6  52.5       유승완      박대흥    (주)자성실업           69
  12   레드블레이드        한    거   5  56.5       조상범      임채덕    김형란                 77
  13   명진플라이          미    거   4  52.5       이혁        최용건    (주)자성실업           69
  14   라온퍼스트          한    암   4  51.5       박태종      박종곤    라온산업개발(주)       71
------------------------------------------------------------------------------------------------------
                                                                          --총전적--      --1년전적--
 마번  마  명                  수득상금     1년수득상금  6개월수득상금  1위/2위/3위/계  1위/2위/3위/계
------------------------------------------------------------------------------------------------------
   1   톱브레인               205,170,000    36,720,000    24,120,000    3   3   3  16   0   0   3   5
   2   청담대로               235,950,000     3,600,000     3,600,000    3   3   3  24   0   0   0   3
   3   빅이어                 228,550,000    19,800,000    19,800,000    3   5   3  23   0   1   0   2
   4   서울의별               687,100,000    11,100,000     3,600,000    4   2   6  30   0   0   0   5
   5   서울탱크               221,430,000    36,180,000     6,480,000    2   7   1  49   0   1   1   5
   6   이겨주마               246,800,000    49,000,000    13,800,000    2   6   3  23   0   1   2   5
   7   허쉬대보               253,930,000    46,080,000    10,080,000    6   1   0  10   0   1   0   3
   8   환상스타               183,300,000    12,600,000             0    1   6   5  19   0   0   1   4
   9   트라이선더             208,000,000    44,250,000     3,000,000    5   1   3  19   1   0   0   4
  10   흥복드림               268,200,000    61,000,000    12,600,000    3   5   4  21   0   2   1   5
  11   비카브레이싱           168,260,000    42,750,000             0    5   1   1  12   1   0   0   2
  12   레드블레이드           222,940,000    19,900,000             0    4   3   3  18   0   0   1   5
  13   명진플라이             140,750,000    10,400,000             0    2   3   0   9   0   0   0   3
  14   라온퍼스트             418,150,000   134,500,000   121,000,000    4   1   0   8   0   1   0   3
------------------------------------------------------------------------------------------------------

