2021.03.25 뜨거운만남        05 마리동물병원 우후지파행                                                                                          
2021.03.25 라이징보이        30 마리동물병원 운동기인성 피로회복(수액처치)                                                                       
2021.03.25 라이징보이        30 마리동물병원 운동기인성 피로회복(수액처치)                                                                       
2021.03.25 마리아주          13 마리동물병원 좌후지파행                                                                                          
2021.03.25 명성매직          22 마리동물병원 마비성근색소뇨증                                                                                    
2021.03.25 미스터인디        30 마리동물병원 운동기인성 피로회복(수액처치)                                                                       
2021.03.25 미스터인디        30 마리동물병원 운동기인성 피로회복(수액처치)                                                                       
2021.03.25 배다리강호        12 마리동물병원 좌후지 부종                                                                                         
2021.03.25 백문백답          19 마리동물병원 좌비절부찰과상                                                                                      
2021.03.25 베가선더          13 마리동물병원 좌후지 봉와직염                                                                                     
2021.03.25 비케이서머걸      13 마리동물병원 좌전지파행                                                                                          
2021.03.25 비케이킹스타      13 마리동물병원 우전지 부종                                                                                         
2021.03.25 스타라이트        24 마리동물병원 우완관절염                                                                                          
2021.03.25 스프링파이어      24 마리동물병원 양후지 부종                                                                                         
2021.03.25 아너퀸            22 마리동물병원 운동기인성 피로회복(수액처치)                                                                       
2021.03.25 아너퀸            22 마리동물병원 운동기인성 피로회복(수액처치)                                                                       
2021.03.25 에이스챔피언      18 마리동물병원 좌전제저타박상                                                                                      
2021.03.25 원더풀스마티      24 마리동물병원 좌후 구절부 찰과상                                                                                  
2021.03.25 이츠마이럭키보이  22 마리동물병원 운동기인성 피로회복(수액처치)                                                                       
2021.03.25 이츠마이럭키보이  22 마리동물병원 운동기인성 피로회복(수액처치)                                                                       
2021.03.25 인디언파티        07 마리동물병원 운동기인성 피로회복(수액처치)                                                                       
2021.03.25 인디언파티        07 마리동물병원 운동기인성 피로회복(수액처치)                                                                       
2021.03.25 장산바비          22 마리동물병원 운동기인성 피로회복(수액처치)                                                                       
2021.03.25 장산바비          22 마리동물병원 운동기인성 피로회복(수액처치)                                                                       
2021.03.25 천년의구름        22 마리동물병원 운동기인성 피로회복(수액처치)                                                                       
2021.03.25 천년의구름        22 마리동물병원 운동기인성 피로회복(수액처치)                                                                       
2021.03.25 천년의질주        22 마리동물병원 운동기인성 피로회복(수액처치)                                                                       
2021.03.25 천년의질주        22 마리동물병원 운동기인성 피로회복(수액처치)                                                                       
2021.03.25 킹파티            13 마리동물병원 좌전지 근육통                                                                                       
2021.03.25 헌치              30 마리동물병원 좌후지 근육통                                                                                       
2021.03.25 글로벌캔디        26 스마일 동물  정치                                                                                                
2021.03.25 뉴파이어          01 스마일 동물  운동기인성 피로회복(수액처치)                                                                       
2021.03.25 뉴파이어          01 스마일 동물  운동기인성 피로회복(수액처치)                                                                       
2021.03.25 다이아몬드마린    27 스마일 동물  운동기인성 피로회복(수액처치)                                                                       
2021.03.25 다이아몬드마린    27 스마일 동물  운동기인성 피로회복(수액처치)                                                                       
2021.03.25 닥터그레이        01 스마일 동물  운동기인성 피로회복(수액처치)                                                                       
2021.03.25 닥터그레이        01 스마일 동물  운동기인성 피로회복(수액처치)                                                                       
2021.03.25 당대블루          09 스마일 동물  우전지 부종                                                                                         
2021.03.25 리얼리칸          06 스마일 동물  좌전지파행                                                                                          
2021.03.25 미즈유로          26 스마일 동물  정치,발치                                                                                           
2021.03.25 블루엠버          15 스마일 동물  좌완관절염                                                                                          
2021.03.25 빅터바시움        31 스마일 동물  진정(보정)                                                                                          
2021.03.25 서부원더풀        16 스마일 동물  우중족부찰과상                                                                                      
2021.03.25 신비한여인        14 스마일 동물  요배통                                                                                              
2021.03.25 아라다움          01 스마일 동물  우후지 근육통                                                                                       
2021.03.25 아람나래          15 스마일 동물  우전지 근육통                                                                                       
2021.03.25 아이스댄스        22 스마일 동물  술후처치                                                                                            
2021.03.25 얼라이브퀸        15 스마일 동물  좌전지 부종                                                                                         
2021.03.25 자메이카파워      01 스마일 동물  운동기인성 피로회복(수액처치)                                                                       
2021.03.25 자메이카파워      01 스마일 동물  운동기인성 피로회복(수액처치)                                                                       
2021.03.25 전설의불꽃        27 스마일 동물  운동기인성 피로회복(수액처치)                                                                       
2021.03.25 전설의불꽃        27 스마일 동물  운동기인성 피로회복(수액처치)                                                                       
2021.03.25 천년의약속        04 스마일 동물  운동기인성 피로회복(수액처치)                                                                       
2021.03.25 천년의약속        04 스마일 동물  운동기인성 피로회복(수액처치)                                                                       
2021.03.25 체리뱅키시        31 스마일 동물  진정(보정)                                                                                          
2021.03.25 최강쏜살          02 스마일 동물  운동기인성 피로회복(수액처치)                                                                       
2021.03.25 최강쏜살          02 스마일 동물  운동기인성 피로회복(수액처치)                                                                       
2021.03.25 킹엔젤            17 스마일 동물  우중수부 열창                                                                                       
2021.03.25 탄젠트            27 스마일 동물  운동기인성 피로회복(수액처치)                                                                       
2021.03.25 탄젠트            27 스마일 동물  운동기인성 피로회복(수액처치)                                                                       
2021.03.25 투비사무라이      21 스마일 동물  정치                                                                                                
2021.03.25 풀머니            06 스마일 동물  운동기인성 피로회복(수액처치)                                                                       
2021.03.25 풀머니            06 스마일 동물  운동기인성 피로회복(수액처치)                                                                       
2021.03.25 해피크라운        02 스마일 동물  좌각막찰과상                                                                                        
2021.03.26 뜨거운만남        05 마리동물병원 우후지파행                                                                                          
2021.03.26 마리아주          13 마리동물병원 좌후지파행                                                                                          
2021.03.26 마스터벨라        07 마리동물병원 요배통                                                                                              
2021.03.26 무적불패          08 마리동물병원 정치,발치                                                                                           
2021.03.26 배다리최강        12 마리동물병원 운동기인성 피로회복(수액처치)                                                                       
2021.03.26 배다리최강        12 마리동물병원 운동기인성 피로회복(수액처치)                                                                       
2021.03.26 베가선더          13 마리동물병원 좌후지 봉와직염                                                                                     
2021.03.26 비케이서머걸      13 마리동물병원 좌전지파행                                                                                          
2021.03.26 스타라이트        24 마리동물병원 우완관절염                                                                                          
2021.03.26 에이스챔피언      18 마리동물병원 좌전제저타박상                                                                                      
2021.03.26 엔젤윈드          12 마리동물병원 양후지 근육통                                                                                       
2021.03.26 워너비스타        12 마리동물병원 운동기인성 피로회복                                                                                 
2021.03.26 원더풀스마티      24 마리동물병원 좌후 구절부 찰과상                                                                                  
2021.03.26 코리아프린스      08 마리동물병원 우전지파행                                                                                          
2021.03.26 킹파티            13 마리동물병원 좌전지 근육통                                                                                       
2021.03.26 패션키            08 마리동물병원 양전구절만성증식성활막염                                                                            
2021.03.26 퍼스트윈드        12 마리동물병원 운동기인성 피로회복(수액처치)                                                                       
2021.03.26 퍼스트윈드        12 마리동물병원 운동기인성 피로회복(수액처치)                                                                       
2021.03.26 퍼스트초이스      07 마리동물병원 복대상                                                                                              
2021.03.26 해피스카이        12 마리동물병원 양전지 근육통                                                                                       
2021.03.26 헌치              30 마리동물병원 좌후지 근육통                                                                                       
2021.03.26 아이스댄스        22 부산부속동물 술후처치(관절경이용술)                                                                              
2021.03.26 이터널위너        16 부산부속동물 잠복고환절제술(편측성)                                                                              
2021.03.26 다이나믹스타      17 스마일 동물  정치                                                                                                
2021.03.26 닥터텍사스        01 스마일 동물  우전지 부종                                                                                         
2021.03.26 당대블루          09 스마일 동물  우전지 부종                                                                                         
2021.03.26 록하드포스        17 스마일 동물  좌전구절염                                                                                          
2021.03.26 마이데스티니      26 스마일 동물  우중족부 좌창                                                                                       
2021.03.26 바이칼킹          33 스마일 동물  우전지파행                                                                                          
2021.03.26 백년시대          26 스마일 동물  정치                                                                                                
2021.03.26 블랙올리브        31 스마일 동물  진정(보정)                                                                                          
2021.03.26 블루엠버          15 스마일 동물  좌완관절염                                                                                          
2021.03.26 서부원더풀        16 스마일 동물  우중족부찰과상                                                                                      
2021.03.26 신비한여인        14 스마일 동물  요배통                                                                                              
2021.03.26 아라다움          01 스마일 동물  우후지 근육통                                                                                       
2021.03.26 아람나래          15 스마일 동물  우전지 근육통                                                                                       
2021.03.26 얼라이브퀸        15 스마일 동물  좌전지 부종                                                                                         
2021.03.26 영원자메이카      01 스마일 동물  양전구절염,진정(보정)                                                                               
2021.03.26 우승헌터          06 스마일 동물  우후지파행                                                                                          
2021.03.26 원더풀리얼티      26 스마일 동물  정치,발치                                                                                           
2021.03.26 점보블레이드      15 스마일 동물  요배통                                                                                              
2021.03.26 챔피언시대        16 스마일 동물  좌후지 부종                                                                                         
2021.03.26 킹엔젤            17 스마일 동물  우중수부 열창                                                                                       
2021.03.26 티즈하티드        04 스마일 동물  물리치료(쇽웨이브)                                                                                  
2021.03.26 퓨전퀸            31 스마일 동물  진정(보정)                                                                                          
2021.03.26 한빛영광          22 스마일 동물  양전지파행                                                                                          
2021.03.26 한혈마            29 스마일 동물  양전지파행                                                                                          
2021.03.27 가오              12 마리동물병원 좌전지교돌상                                                                                        
2021.03.27 라이징보이        30 마리동물병원 우전지교돌상                                                                                        
2021.03.27 로열골드          05 마리동물병원 좌전지교돌상                                                                                        
2021.03.27 루킹캣            19 마리동물병원 호흡기질환기타                                                                                      
2021.03.27 만리스타          12 마리동물병원 우전지 부종                                                                                         
2021.03.27 미스터인디        30 마리동물병원 좌전지교돌상                                                                                        
2021.03.27 백문백답          19 마리동물병원 좌비절부찰과상                                                                                      
2021.03.27 베가선더          13 마리동물병원 좌후지 봉와직염                                                                                     
2021.03.27 별이뜨네          30 마리동물병원 우전지교돌상                                                                                        
2021.03.27 서부굿            08 마리동물병원 좌전지교돌상                                                                                        
2021.03.27 소닉킹이지        08 마리동물병원 우후지교돌상                                                                                        
2021.03.27 스트롱마인드      24 마리동물병원 좌전지교돌상                                                                                        
2021.03.27 알파킹이지        08 마리동물병원 좌전지교돌상                                                                                        
2021.03.27 에이커스드림      19 마리동물병원 우후지교돌상                                                                                        
2021.03.27 에코굿            19 마리동물병원 우후지파행                                                                                          
2021.03.27 엔젤윈드          12 마리동물병원 양후지 근육통                                                                                       
2021.03.27 온누리강자        12 마리동물병원 우전지교돌상                                                                                        
2021.03.27 워너비스타        12 마리동물병원 운동기인성 피로회복                                                                                 
2021.03.27 원더풀스마티      24 마리동물병원 좌후 구절부 찰과상                                                                                  
2021.03.27 월드투데이        19 마리동물병원 좌전지교돌상                                                                                        
2021.03.27 전설의파이트      08 마리동물병원 좌후지교돌상                                                                                        
2021.03.27 전설의펀치        30 마리동물병원 좌후지교돌상                                                                                        
2021.03.27 캐치더빅토리      07 마리동물병원 운동기인성 피로회복                                                                                 
2021.03.27 코리아프린스      08 마리동물병원 우전지파행                                                                                          
2021.03.27 톱스카이          19 마리동물병원 우전구절염                                                                                          
2021.03.27 패션키            08 마리동물병원 양전구절만성증식성활막염                                                                            
2021.03.27 퍼스트윈드        12 마리동물병원 운동기인성 피로회복(수액처치)                                                                       
2021.03.27 퍼스트윈드        12 마리동물병원 운동기인성 피로회복(수액처치)                                                                       
2021.03.27 퍼스트초이스      07 마리동물병원 복대상                                                                                              
2021.03.27 프리깃버드        30 마리동물병원 우후지교돌상                                                                                        
2021.03.27 해피스카이        12 마리동물병원 양전지 근육통                                                                                       
2021.03.27 희망의소리        30 마리동물병원 좌전지교돌상                                                                                        
2021.03.27 힐모어            08 마리동물병원 우전지교돌상                                                                                        
2021.03.27 골드오브하트      14 부산부속동물 마체검사                                                                                            
2021.03.27 미라클드리밍      16 부산부속동물 좌전지파행                                                                                          
2021.03.27 위닝포스트        06 부산부속동물 마체검사                                                                                            
2021.03.27 금아스탈렛        10 스마일 동물  양후지 근육통                                                                                       
2021.03.27 닥터맥스          01 스마일 동물  양전지 근육통                                                                                       
2021.03.27 닥터텍사스        01 스마일 동물  우전지 부종                                                                                         
2021.03.27 당대블루          09 스마일 동물  우전지 부종                                                                                         
2021.03.27 드라이브타운      02 스마일 동물  우후지파행                                                                                          
2021.03.27 라온더캡틴        33 스마일 동물  좌후지 근육통                                                                                       
2021.03.27 록하드포스        17 스마일 동물  좌전구절염                                                                                          
2021.03.27 블랙올리브        31 스마일 동물  진정(보정)                                                                                          
2021.03.27 소리태풍          02 스마일 동물  좌각막찰과상                                                                                        
2021.03.27 아임유어패션      09 스마일 동물  정치                                                                                                
2021.03.27 영원자메이카      01 스마일 동물  양전구절염                                                                                          
2021.03.27 우승헌터          06 스마일 동물  우후지파행                                                                                          
2021.03.27 점보블레이드      15 스마일 동물  요배통                                                                                              
2021.03.27 진주사랑          24 스마일 동물  양전지 근육통                                                                                       
2021.03.27 크라운킹스타      15 스마일 동물  물리치료(쇽웨이브)                                                                                  
2021.03.27 킹엔젤            17 스마일 동물  우중수부 열창                                                                                       
2021.03.27 허니드래건        31 스마일 동물  우중족부찰과상                                                                                      
2021.03.27 히어로맨          02 스마일 동물  양전지 근육통                                                                                       
2021.03.28 눈꽃여왕          07 마리동물병원 우전지교돌상                                                                                        
2021.03.28 달려라볼포니      13 마리동물병원 우전지교돌상                                                                                        
2021.03.28 로열골드          05 마리동물병원 좌전지교돌상                                                                                        
2021.03.28 로즈스타          13 마리동물병원 좌후지교돌상                                                                                        
2021.03.28 만리스타          12 마리동물병원 우전지 부종                                                                                         
2021.03.28 미라클드리밍      16 마리동물병원 좌전지파행                                                                                          
2021.03.28 미라클선          07 마리동물병원 물리치료(쇽웨이브)                                                                                  
2021.03.28 미스터인디        30 마리동물병원 양전지 근육통                                                                                       
2021.03.28 바람의꿈          22 마리동물병원 좌완관절염                                                                                          
2021.03.28 배다리최강        12 마리동물병원 운동기인성 피로회복(수액처치)                                                                       
2021.03.28 배다리최강        12 마리동물병원 운동기인성 피로회복(수액처치)                                                                       
2021.03.28 백문백답          19 마리동물병원 좌비절부찰과상                                                                                      
2021.03.28 백전불패          13 마리동물병원 좌전지교돌상                                                                                        
2021.03.28 베가선더          13 마리동물병원 좌후지 봉와직염                                                                                     
2021.03.28 비제이미스        08 마리동물병원 정치,낭치                                                                                           
2021.03.28 비케이루프톱      13 마리동물병원 우후지교돌상                                                                                        
2021.03.28 서부굿            08 마리동물병원 좌전지교돌상                                                                                        
2021.03.28 소닉킹이지        08 마리동물병원 우후지교돌상                                                                                        
2021.03.28 스트롱마인드      24 마리동물병원 좌전지교돌상                                                                                        
2021.03.28 아이언걸          07 마리동물병원 양후지교돌상                                                                                        
2021.03.28 알파킹이지        08 마리동물병원 좌전지교돌상                                                                                        
2021.03.28 엔젤윈드          12 마리동물병원 운동기인성 피로회복                                                                                 
2021.03.28 온누리강자        12 마리동물병원 진정(보정)                                                                                          
2021.03.28 와이즈걸          07 마리동물병원 좌후지교돌상                                                                                        
2021.03.28 워너비스타        12 마리동물병원 운동기인성 피로회복                                                                                 
2021.03.28 월드투데이        19 마리동물병원 요배통                                                                                              
2021.03.28 윈드하이          12 마리동물병원 감기                                                                                                
2021.03.28 인디언파티        07 마리동물병원 좌전지교돌상                                                                                        
2021.03.28 장산바비          22 마리동물병원 양전지 근육통                                                                                       
2021.03.28 전설의파이트      08 마리동물병원 좌후지교돌상                                                                                        
2021.03.28 정수시대          22 마리동물병원 양전지 근육통                                                                                       
2021.03.28 천년의구름        22 마리동물병원 우후지파행                                                                                          
2021.03.28 천년의질주        22 마리동물병원 양전지 근육통                                                                                       
2021.03.28 킹골리앗          19 마리동물병원 양전지교돌상                                                                                        
2021.03.28 톱스카이          19 마리동물병원 양전구절염                                                                                          
2021.03.28 해피스카이        12 마리동물병원 양전지 근육통                                                                                       
2021.03.28 해피우먼          08 마리동물병원 우전지파행                                                                                          
2021.03.28 해피피버          12 마리동물병원 운동기인성 피로회복                                                                                 
2021.03.28 힐모어            08 마리동물병원 우전지교돌상                                                                                        
2021.03.28 금아바니          10 부산부속동물 우제3완골판상골절,좌중수부중간부천지굴건염                                                          
