

제목 : 21.08.28(토) 조교현황

  ※기승자범례(조:조교사, 보:조교보, 기:기수, 후:기수후보생, 승:조교승인)
  ※비고(금:금주출전예정마, 차:차주출전예정마, 특:특대상경주출전예정마)
  ※금주, 차주 또는 특별 대상경주 출전예상마는 출전신청 결과 및
  조교사의 의사에 따라 변동될 수 있는 미확정된 자료이오니 참고하시기 바랍니다.
━━━━━━━━━━━━━━━━━━━━━━━━━━━━━━━━━━━━━━━
  순 소속조 - 조번 마명              기승자 입장시각  퇴장시각  조교시간 비고
━━━━━━━━━━━━━━━━━━━━━━━━━━━━━━━━━━━━━━━
  1  1조(박종곤)19 굿플랜              승   07:18     07:34       0:16   차
  2  1조(박종곤)37 라온더스파크        승   08:10     08:43       0:33   차
  3  1조(박종곤) 4 라온더특급          기   06:47     06:55       0:08   금
  4  1조(박종곤)26 라온더펄            기   06:26     06:41       0:15   차
  5  1조(박종곤)40 라온더피버          승   06:26     06:43       0:17   차
  6  1조(박종곤)25 문학럭키            승   07:03     07:15       0:12   차
  7  1조(박종곤)14 문학미스치프        승   08:19     08:30       0:11   차
  8  1조(박종곤)11 문학보스            승   07:15     07:30       0:15   차
  9  1조(박종곤)18 문학시바            승   07:25     07:41       0:16   차
 10  1조(박종곤) 9 문학파로아          승   08:10     08:25       0:15   차
 11  1조(박종곤)13 블랙펀치            승   07:56     08:12       0:16   금
 12  2조(손영표)25 금성환희            기   07:02     07:18       0:16   차
 13  2조(손영표)35 라스트콜            기   06:41     06:55       0:14   차
 14  2조(손영표)34 매직만점            승   07:14     07:25       0:11   차
 15  2조(손영표)13 불의신화            기   07:38     07:51       0:13   차
 16  2조(손영표)16 불의여왕            승   07:33     07:45       0:12   차
 17  2조(손영표) 7 불의퀸              승   06:29     06:46       0:17   차
 18  2조(손영표)19 애국자달려          승   07:38     07:50       0:12   차
 19  2조(손영표)18 피엔에스럭키        승   06:30     06:46       0:16   특
 20  2조(손영표)28 피케이힐            승   06:26     06:34       0:08   차
 21  3조(최영주) 5 골드카이저          승   06:15     06:27       0:12   차
 22  3조(최영주)10 러너몬스터          기   06:33     06:45       0:12   차
 23  3조(최영주)14 록라인              승   06:23     06:43       0:20   차
 24  3조(최영주)20 멋진가이            승   08:06     08:21       0:15   차
 25  3조(최영주)16 블랙머니            기   07:22     07:37       0:15   차
 26  3조(최영주) 3 슈발도리앙          승   07:22     07:37       0:15   차
 27  3조(최영주)24 에이스댄싱          승   07:37     07:47       0:10   차
 28  3조(최영주) 2 함평에이스          승   06:13     06:30       0:17   차
 29  3조(최영주) 8 함평여왕            승   06:33     06:44       0:11   차
 30  4조(박윤규) 2 광양으뜸            승   06:35     06:49       0:14   차
 31  4조(박윤규) 1 멋진기록            승   07:25     07:41       0:16   차
 32  4조(박윤규)31 멋진왕자            승   06:38     06:55       0:17   차
 33  4조(박윤규)12 에이스캔트          승   06:14     06:24       0:10   차
 34  4조(박윤규) 8 으뜸이루리          조   06:27     06:41       0:14   차
 35  4조(박윤규) 3 티파니블루          승   07:25     07:41       0:16   차
 36  4조(박윤규)37 행복왕자            기   07:14     07:29       0:15   차
 37  5조(우창구) 2 금로열              승   08:37     08:47       0:10   차
 38  5조(우창구)26 눈부신한센          보   07:23     07:41       0:18   차
 39  5조(우창구)19 동행                승   07:23     07:41       0:18   차
 40  5조(우창구) 9 러블리케이          승   06:51     07:02       0:11   차
 41  5조(우창구) 6 미라클호프          승   08:51     09:03       0:12   차
 42  5조(우창구)13 선더타임            보   08:25     08:42       0:17   차
 43  5조(우창구)27 알렉산더원          보   08:54     09:08       0:14   차
 44  5조(우창구)15 역전의우승          보   08:04     08:13       0:09   금
 45  5조(우창구) 4 우뚝                승   07:57     08:11       0:14   차
 46  5조(우창구)20 원더케이            승   08:25     08:37       0:12   금
 47  5조(우창구) 5 위너골드            보   06:50     07:04       0:14   차
 48  5조(우창구) 8 위너카이            기   07:57     08:13       0:16   차
 49  5조(우창구)33 이글스그리프터      승   06:17     06:31       0:14   차
 50  5조(우창구)14 초원의힘            승   07:57     08:11       0:14   차
 51  5조(우창구)30 파이널스타          보   06:17     06:32       0:15   차
 52  5조(우창구) 3 퍼펙트라이트        승   07:23     07:41       0:18   차
 53  6조(홍대유)29 가자플랜            승   06:49     07:02       0:13   차
 54  6조(홍대유) 6 그레이스퀸          승   06:42     06:57       0:15   차
 55  6조(홍대유)34 그린와트            승   06:19     06:32       0:13   차
 56  6조(홍대유)20 그린최강            승   06:18     06:31       0:13   차
 57  6조(홍대유)28 그린폭주            보   08:07     08:22       0:15   차
 58  6조(홍대유) 3 금빛여왕            승   07:16     07:29       0:13   차
 59  6조(홍대유)37 내길의축복          기   06:34     06:45       0:11   차
 60  6조(홍대유) 2 로즈데이마린        승   07:59     08:15       0:16   차
 61  6조(홍대유)15 문학문              승   07:16     07:29       0:13   차
 62  6조(홍대유)22 베스트플랜          승   08:24     08:43       0:19   차
 63  6조(홍대유)16 새내선              승   07:46     08:01       0:15   차
 64  6조(홍대유)14 새내초이스          기   06:15     06:33       0:18   차
 65  6조(홍대유)19 새내황제            승   07:00     07:15       0:15   차
 66  6조(홍대유)24 에이스플랜          승   07:46     08:01       0:15   차
 67  6조(홍대유)32 정문에이스          승   06:16     06:31       0:15   차
 68  6조(홍대유)40 정문지존            보   06:28     06:45       0:17   차
 69  6조(홍대유) 1 정문최강            보   07:01     07:16       0:15   차
 70  6조(홍대유)11 정문폭주            승   06:33     06:46       0:13   차
 71  6조(홍대유) 8 파인터치            보   07:28     07:43       0:15   차
 72  7조(구자흥)26 그린다르크          기   06:33     06:45       0:12   차
 73  7조(구자흥) 8 다나은로즈          승   08:30     08:54       0:24   차
 74  7조(구자흥) 5 대군옥              승   06:48     07:00       0:12   차
 75  7조(구자흥)11 대군의창            승   07:45     07:55       0:10   차
 76  7조(구자흥)32 대군제패            승   07:20     07:36       0:16   차
 77  7조(구자흥)22 대산특급            기   06:19     06:32       0:13   차
 78  7조(구자흥)27 디케이나린          승   07:33     07:46       0:13   차
 79  7조(구자흥) 9 디케이별찌          승   06:19     06:32       0:13   차
 80  7조(구자흥)18 사려니위너          승   07:00     07:16       0:16   차
 81  7조(구자흥)16 윈디러시            승   08:30     08:52       0:22   차
 82  7조(구자흥)12 제로백파이브        승   07:26     07:38       0:12   차
 83  7조(구자흥) 3 쿠키몬스터          승   08:07     08:22       0:15   차
 84  7조(구자흥)24 토스코노바캣        승   08:19     08:46       0:27   차
 85  8조(최용구)21 더블블랙            승   07:25     07:36       0:11   차
 86  8조(최용구)25 돌아온뽀빠이        승   06:37     06:45       0:08   금
 87  8조(최용구) 9 땡큐보스            승   07:25     07:34       0:09   차
 88  8조(최용구)16 로열엘비스          보   06:18     06:39       0:21   차
 89  8조(최용구)34 블루마리아          승   06:20     06:29       0:09   차
 90  8조(최용구) 2 송암레전드          승   07:57     08:15       0:18   차
 91  8조(최용구)19 오해피              승   06:09     06:20       0:11   차
 92  8조(최용구)23 은혜                승   07:57     08:15       0:18   차
 93  8조(최용구)24 은혜글로리          승   07:57     08:15       0:18   차
 94  8조(최용구) 8 카우보이킹          승   06:56     07:07       0:11   차
 95  8조(최용구)22 투어링라니          승   07:25     07:40       0:15   차
 96  8조(최용구)17 퍼지데이            승   06:56     07:07       0:11   차
 97  8조(최용구)32 하바나찰리          승   08:33     08:43       0:10   차
 98  9조(강성오) 5 강서돌풍            승   06:44     06:59       0:15   차
 99  9조(강성오)24 나의나라            승   07:40     07:53       0:13   차
100  9조(강성오)40 노르웨이서드        승   06:35     06:56       0:21   차
101  9조(강성오)32 대지의여인          승   08:42     08:50       0:08   차
102  9조(강성오)22 런투골              승   07:48     07:55       0:07   차
103  9조(강성오) 7 마이공주            승   08:08     08:22       0:14   차
104  9조(강성오) 4 블랙루키            승   07:11     07:22       0:11   차
105  9조(강성오)31 영앤리치            승   08:08     08:22       0:14   차
106  9조(강성오)27 옥룡                승   07:15     07:30       0:15   차
107  9조(강성오)16 온포인트            승   06:14     06:22       0:08   차
108  9조(강성오)12 정조의꿈            승   08:12     08:24       0:12   차
109  9조(강성오)39 퀴클리런            승   06:44     06:59       0:15   차
110  9조(강성오)36 킹심바              승   08:38     08:50       0:12   차
111  9조(강성오)10 터치나인            승   07:40     07:53       0:13   차
112  9조(강성오)33 텐배거              기   06:28     06:38       0:10   특
113  9조(강성오)28 히든삭스            승   06:16     06:27       0:11   차
114 10조(정호익) 6 글로벌조이          승   06:15     06:25       0:10   차
115 10조(정호익)14 글로벌캡틴          승   06:11     06:31       0:20   금
116 10조(정호익)34 두손멍군            승   07:17     07:30       0:13   금
117 10조(정호익)23 두손장군            승   07:45     07:55       0:10   차
118 10조(정호익) 5 두손판타스틱        기   06:16     06:27       0:11   차
119 10조(정호익)32 레전드스타          승   08:01     08:17       0:16   차
120 10조(정호익) 1 마이멤버            승   07:21     07:36       0:15   차
121 10조(정호익)21 마이호크            승   08:34     08:48       0:14   차
122 10조(정호익)19 문학스톰            승   07:08     07:23       0:15   차
123 10조(정호익)10 문학치프            승   08:39     08:50       0:11   차
124 10조(정호익)26 승부사              기   06:32     06:44       0:12   특
125 10조(정호익)12 영웅대마            승   07:38     07:50       0:12   차
126 10조(정호익)35 원모어러시          기   07:03     07:17       0:14   차
127 10조(정호익)31 원평가속            기   06:32     06:44       0:12   특
128 10조(정호익)29 이스트질주          기   07:18     07:30       0:12   차
129 10조(정호익)22 터프가이            기   06:16     06:28       0:12   차
130 10조(정호익) 7 터프여제            승   08:19     08:37       0:18   차
131 10조(정호익) 8 트리플런            승   07:03     07:16       0:13   차
132 10조(정호익)36 티케이보이          기   06:46     07:02       0:16   금
133 10조(정호익)33 페더럴윈            기   06:37     06:48       0:11   차
134 10조(정호익)16 해들뫼              승   08:01     08:17       0:16   차
135 10조(정호익)30 화수분              승   08:19     08:37       0:18   차
136 11조(조현수)25 골드필드            승   07:57     08:11       0:14   차
137 11조(조현수)19 모닝플래시          승   07:20     07:30       0:10   차
138 11조(조현수)39 보디가드            승   07:41     07:52       0:11   차
139 11조(조현수) 8 사이먼스톰          승   07:25     07:45       0:20   차
140 11조(조현수) 5 스마트별            승   07:05     07:15       0:10   차
141 11조(조현수)31 시선집중            승   06:53     07:03       0:10   차
142 11조(조현수) 6 에치드프라임        승   06:31     06:46       0:15   차
143 11조(조현수) 7 원더풀우먼          보   06:31     06:46       0:15   차
144 11조(조현수)16 조이오브킹          승   07:16     07:33       0:17   차
145 11조(조현수)20 컴플리트챔프        승   06:31     06:46       0:15   차
146 11조(조현수)14 퀸라이언            승   06:31     06:49       0:18   차
147 11조(조현수)32 트루                승   07:52     08:03       0:11   차
148 11조(조현수)13 폴카                승   06:50     07:03       0:13   차
149 11조(조현수)22 휘파람              승   07:05     07:15       0:10   차
150 12조(서범석) 8 브레인스피더        승   07:59     08:12       0:13   차
151 12조(서범석)13 선파이팅            기   07:47     08:02       0:15   차
152 12조(서범석)15 에이피파텍          승   06:35     06:49       0:14   차
153 12조(서범석) 3 원더풀데퓨티        승   07:36     07:48       0:12   차
154 12조(서범석)25 제주의흑선          승   06:33     06:52       0:19   차
155 12조(서범석)24 큐피드미션          승   06:55     07:06       0:11   차
156 13조(이희영) 1 그레이스리          승   06:37     06:57       0:20   차
157 13조(이희영)15 넘버원타깃          승   07:31     07:41       0:10   차
158 13조(이희영) 8 바다의꿈            기   07:50     08:21       0:31   차
159 13조(이희영)19 베스트야            기   07:16     07:26       0:10   차
160 13조(이희영)26 본능대로            승   07:46     08:00       0:14   차
161 13조(이희영)25 여걸비전            기   07:05     07:19       0:14   차
162 13조(이희영)20 인천캡틴            승   06:59     07:18       0:19   차
163 13조(이희영)31 큐피드원더          기   06:45     06:55       0:10   차
164 13조(이희영)18 파크윈              승   06:19     06:31       0:12   차
165 13조(이희영) 7 화이팅랭퍼          승   07:22     07:36       0:14   차
166 14조(이신영)17 거센불패            기   06:42     06:55       0:13   차
167 14조(이신영)26 거센질주            기   06:17     06:28       0:11   차
168 14조(이신영)36 금아홀섬            승   06:55     07:11       0:16   차
169 14조(이신영)31 블랙킹              승   07:05     07:20       0:15   차
170 14조(이신영)12 사려니로키          기   07:05     07:20       0:15   차
171 14조(이신영) 5 엉클오              기   07:30     07:42       0:12   차
172 15조(박희철) 3 거센파워            승   06:27     06:40       0:13   차
173 15조(박희철) 4 마에스트로          승   07:22     07:34       0:12   금
174 15조(박희철)16 서울데이            보   06:36     07:01       0:25   차
175 15조(박희철)14 원더풀샘            승   07:38     07:50       0:12   차
176 15조(박희철) 9 정상으뜸            승   06:47     06:57       0:10   차
177 15조(박희철)33 천세만세            승   06:14     06:26       0:12   차
178 16조(최봉주)11 너울이              조   06:34     06:54       0:20   차
179 16조(최봉주) 4 대천뷰티            승   08:11     08:29       0:18   차
180 16조(최봉주) 8 대천얼짱            기   06:15     06:26       0:11   금
181 16조(최봉주)12 디바인키튼          승   07:34     07:49       0:15   차
182 16조(최봉주)30 러닝복스            승   07:01     07:18       0:17   차
183 16조(최봉주)38 빅포켓              기   07:40     07:52       0:12   차
184 16조(최봉주)23 어드밴스            기   07:55     08:08       0:13   차
185 16조(최봉주) 6 언패럴렐드          승   06:30     06:59       0:29   차
186 16조(최봉주)36 오피서커맨딩        승   06:14     06:25       0:11   금
187 16조(최봉주)29 원더풀딕시          승   06:19     06:31       0:12   차
188 16조(최봉주)16 제주의요정          승   06:52     07:06       0:14   차
189 16조(최봉주)14 차이밍보이          승   07:34     07:49       0:15   차
190 16조(최봉주)15 코스모              승   08:11     08:29       0:18   차
191 16조(최봉주)10 특급여왕            승   06:51     07:07       0:16   차
192 16조(최봉주)24 호크의영광          기   06:13     06:22       0:09   금
193 17조(김점오) 2 명품축제            승   06:19     06:27       0:08   차
194 17조(김점오) 8 스타룰러            승   06:16     06:28       0:12   차
195 17조(김점오) 1 에코빅터            승   06:56     07:17       0:21   차
196 17조(김점오)22 이스머스            승   06:12     06:32       0:20   차
197 17조(김점오) 4 퍼스트드림          기   07:29     07:38       0:09   차
198 18조(박대흥)25 골드케이            기   07:03     07:14       0:11   차
199 18조(박대흥)29 광해                승   06:16     06:30       0:14   차
200 18조(박대흥)10 남촌아티스트        승   07:20     07:36       0:16   차
201 18조(박대흥)13 뉴스타영천          승   08:10     08:22       0:12   금
202 18조(박대흥)18 뉴에이원            승   07:27     07:40       0:13   차
203 18조(박대흥)20 도끼블레이드        승   07:25     07:45       0:20   금
204 18조(박대흥)21 미라클케이          승   07:27     07:44       0:17   차
205 18조(박대흥)40 바램                기   07:20     07:32       0:12   차
206 18조(박대흥) 8 삼성불패            기   07:04     07:18       0:14   차
207 18조(박대흥)33 어나더클래스        승   06:16     06:30       0:14   차
208 18조(박대흥)12 왕벚꽃              승   08:27     08:42       0:15   차
209 18조(박대흥)34 청담지니            승   08:10     08:22       0:12   차
210 18조(박대흥)31 케이엔언더킹        기   06:49     07:01       0:12   차
211 18조(박대흥) 6 케이엔월드          승   07:27     07:43       0:16   차
212 18조(박대흥)22 타라타라타라        승   06:16     06:29       0:13   차
213 18조(박대흥)35 퍼스트로드          승   06:16     06:30       0:14   차
214 19조(곽영효) 2 메니피뮤직          승   06:52     07:06       0:14   차
215 19조(곽영효)28 브라이트캣          기   06:25     06:33       0:08   금
216 19조(곽영효)30 빅터웨이            승   07:37     07:50       0:13   차
217 19조(곽영효)22 옥천최강            승   08:14     08:30       0:16   차
218 19조(곽영효) 5 원더풀화성          승   07:21     07:38       0:17   차
219 19조(곽영효)17 캡틴브라보          승   07:12     07:30       0:18   차
220 19조(곽영효)16 클라우터            승   07:40     07:53       0:13   차
221 19조(곽영효)23 트리플조이          승   08:14     08:30       0:16   차
222 19조(곽영효)20 한강매직            기   06:55     07:06       0:11   차
223 19조(곽영효) 8 한강의기상          승   07:55     08:11       0:16   차
224 19조(곽영효)12 한강챔프            승   08:14     08:30       0:16   차
225 19조(곽영효) 1 햇무리              승   07:55     08:10       0:15   차
226 20조(배대선) 7 농본락              기   07:18     07:33       0:15   차
227 20조(배대선)23 러닝넘버원          기   06:59     07:13       0:14   차
228 20조(배대선)28 머니신              승   07:18     07:40       0:22   차
229 20조(배대선)22 우주의봄            기   07:18     07:40       0:22   차
230 20조(배대선)40 원더풀케이          승   06:59     07:13       0:14   차
231 21조(임봉춘)27 뉴그랜드            기   06:50     07:03       0:13   차
232 21조(임봉춘)10 데리안머스킷        기   07:26     07:35       0:09   차
233 21조(임봉춘) 4 루이사              기   06:50     07:00       0:10   차
234 21조(임봉춘)38 보리보리            승   07:52     08:03       0:11   차
235 21조(임봉춘) 6 삼상                기   06:10     06:21       0:11   차
236 21조(임봉춘) 8 슬립웰              승   06:11     06:22       0:11   차
237 21조(임봉춘) 2 신의아들            승   08:21     08:38       0:17   차
238 21조(임봉춘)31 실버드래곤          기   06:44     06:54       0:10   차
239 21조(임봉춘)15 엠제이베스트        승   07:44     07:53       0:09   차
240 21조(임봉춘)22 우리                기   07:56     08:07       0:11   차
241 21조(임봉춘)29 파워프라이드        기   07:05     07:21       0:16   차
242 21조(임봉춘)12 패밀리캡틴          승   06:31     06:45       0:14   차
243 21조(임봉춘)17 풀부스터            기   08:02     08:14       0:12   차
244 21조(임봉춘)18 플렉스퀸            승   07:24     07:41       0:17   차
245 21조(임봉춘)11 하이파크            승   06:31     06:45       0:14   차
246 21조(임봉춘)19 황금럭키            승   08:18     08:34       0:16   차
247 21조(임봉춘)26 황금파워            승   07:44     07:53       0:09   차
248 22조(안병기)34 라온라이트맨        승   08:14     08:24       0:10   차
249 22조(안병기)22 로열로드            승   08:54     09:04       0:10   차
250 22조(안병기) 4 루비캣              승   06:23     06:39       0:16   차
251 22조(안병기)11 산뜻한스침          승   06:40     06:53       0:13   차
252 22조(안병기)38 스프링꿈            기   08:16     08:29       0:13   차
253 22조(안병기)19 신의열매            기   07:46     07:57       0:11   차
254 22조(안병기)15 야무진갤러퍼        승   07:59     08:13       0:14   차
255 22조(안병기) 9 울트라로켓          승   08:03     08:18       0:15   차
256 22조(안병기)10 울트라펀치          승   08:27     08:45       0:18   차
257 22조(안병기) 1 월드포스            기   07:21     07:30       0:09   차
258 22조(안병기) 7 초인스파크          조   06:18     06:33       0:15   차
259 22조(안병기)23 축복의약속          기   07:29     07:43       0:14   차
260 22조(안병기) 6 퀸제니스            승   07:17     07:27       0:10   차
261 22조(안병기)21 푸른요정            기   06:30     06:44       0:14   특
262 23조(유재길) 2 더트서퍼            승   07:00     07:11       0:11   차
263 23조(유재길)14 빛나는질주          승   06:14     06:27       0:13   차
264 23조(유재길) 7 송암바비            승   06:47     06:56       0:09   차
265 23조(유재길) 6 에버더챔프          승   06:55     07:16       0:21   차
266 23조(유재길) 4 피엔에스루체        승   07:30     07:39       0:09   차
267 23조(유재길)15 피엔에스빌          승   06:33     06:44       0:11   차
268 23조(유재길)13 홀리데이참          승   07:23     07:35       0:12   차
269 24조(서홍수)34 동서여걸            기   07:40     07:58       0:18   차
270 24조(서홍수)10 마이티고            승   06:14     06:30       0:16   차
271 24조(서홍수)15 마이티굿            승   07:40     07:52       0:12   차
272 24조(서홍수) 4 마이티뉴            승   06:12     06:25       0:13   차
273 24조(서홍수) 1 마이티붐            승   06:35     06:48       0:13   차
274 24조(서홍수)32 마이티지            승   06:52     07:05       0:13   차
275 24조(서홍수) 8 마이티칩            승   08:42     09:00       0:18   차
276 24조(서홍수)20 마이티킥            승   09:16     09:25       0:09   차
277 24조(서홍수)19 마이티후            승   07:21     07:43       0:22   차
278 24조(서홍수)38 미르파워            승   08:46     09:02       0:16   차
279 24조(서홍수) 3 새내포레스트        승   08:10     08:23       0:13   차
280 24조(서홍수)16 스카이송            승   08:10     08:23       0:13   차
281 24조(서홍수)29 스타워즈            승   06:12     06:25       0:13   차
282 24조(서홍수)35 시스터젬            승   07:40     07:52       0:12   차
283 24조(서홍수)13 아치참              기   08:10     08:23       0:13   차
284 24조(서홍수)39 엠제이돌풍          승   09:05     09:17       0:12   차
285 24조(서홍수)12 왕인행차            승   07:17     07:26       0:09   차
286 24조(서홍수) 6 원더풀데블          승   08:24     08:40       0:16   차
287 24조(서홍수)37 원더풀타이쿤        승   06:52     07:05       0:13   차
288 24조(서홍수)31 투투키튼            승   09:05     09:20       0:15   차
289 25조(전승규)16 럭키영              승   07:27     07:38       0:11   차
290 25조(전승규)32 미스양호            승   06:55     07:09       0:14   차
291 25조(전승규)24 볼드어게인          승   07:55     08:03       0:08   차
292 25조(전승규)26 송암플레이어        기   08:02     08:12       0:10   차
293 25조(전승규)17 스마트대보          승   06:57     07:09       0:12   차
294 25조(전승규)12 스마트오피서        조   06:48     06:59       0:11   금
295 25조(전승규)40 원더풀인디언        조   06:23     06:33       0:10   차
296 25조(전승규)21 원동길              조   07:27     07:38       0:11   차
297 25조(전승규) 3 이스트라이크        승   07:28     07:36       0:08   차
298 25조(전승규) 6 초토마              승   06:23     06:33       0:10   차
299 25조(전승규)11 최강게임            기   06:20     06:31       0:11   금
300 25조(전승규)37 파워요트            승   06:27     06:37       0:10   차
301 25조(전승규)13 페페런              승   07:25     07:35       0:10   금
302 26조(안해양)25 더블테이크          보   06:42     06:53       0:11   차
303 26조(안해양)19 런던스피드          승   06:47     07:11       0:24   차
304 26조(안해양)33 런던퀸              승   06:48     06:57       0:09   차
305 26조(안해양)30 레이디켈리          보   07:33     07:50       0:17   차
306 26조(안해양)10 벼락                보   08:10     08:23       0:13   차
307 26조(안해양)31 빅토리카            승   07:18     07:29       0:11   차
308 26조(안해양)12 송암캔디            승   07:02     07:13       0:11   차
309 26조(안해양) 3 시선주마            승   07:38     07:48       0:10   차
310 26조(안해양)17 시선평정            승   06:18     06:30       0:12   차
311 26조(안해양)35 아킬리온            승   07:56     08:19       0:23   차
312 26조(안해양) 9 에너자이저          보   07:05     07:17       0:12   차
313 26조(안해양)20 예스아이캔          승   06:48     06:59       0:11   차
314 26조(안해양)24 올댓코리아          보   06:15     06:28       0:13   금
315 26조(안해양)29 우소륭              승   07:50     08:08       0:18   차
316 26조(안해양) 7 플라잉바비          승   06:36     06:47       0:11   차
317 26조(안해양)39 하륭                승   07:02     07:15       0:13   차
318 27조(박병일) 7 남산시대            승   08:14     08:23       0:09   차
319 27조(박병일)15 더불어숲            승   07:28     07:38       0:10   차
320 27조(박병일)17 리얼팩              승   06:10     06:24       0:14   차
321 27조(박병일)21 메탈                기   06:10     06:22       0:12   차
322 27조(박병일)25 문학백투백          승   08:10     08:33       0:23   차
323 27조(박병일)24 문학의전사          승   07:45     08:00       0:15   차
324 27조(박병일) 6 문학태핏            승   07:34     07:47       0:13   차
325 27조(박병일) 1 올드스타트          승   07:20     07:36       0:16   차
326 27조(박병일)28 은혜드림            승   06:51     07:13       0:22   차
327 27조(박병일)32 은혜서브            승   06:51     07:12       0:21   차
328 27조(박병일)27 인천스피드          승   06:10     06:33       0:23   차
329 27조(박병일)12 최강미래            승   06:50     07:05       0:15   차
330 27조(박병일)11 톱시드              승   06:38     06:49       0:11   차
331 27조(박병일)23 환상터치            승   07:32     07:46       0:14   차
332 28조(최상식)19 글로벌골드          승   06:29     06:39       0:10   차
333 28조(최상식)14 글로벌퍼스트        기   06:47     07:01       0:14   차
334 28조(최상식) 1 베스트럭키          승   07:25     07:35       0:10   차
335 28조(최상식)24 샌드파워            승   06:24     06:36       0:12   차
336 28조(최상식)27 인디라이트          승   06:11     06:22       0:11   차
337 29조(배휴준)12 고속페달            조   07:18     07:38       0:20   차
338 29조(배휴준)15 럭키크라운          기   07:48     08:01       0:13   차
339 29조(배휴준)23 소중한기억          승   07:10     07:18       0:08   차
340 29조(배휴준)26 소중한당신          보   07:07     07:25       0:18   차
341 29조(배휴준)34 슈퍼파크            승   07:48     08:05       0:17   차
342 29조(배휴준)19 스푸트니크          승   07:48     08:05       0:17   차
343 29조(배휴준) 9 싱싱메리            보   08:04     08:18       0:14   차
344 29조(배휴준)14 천송이              승   06:31     06:52       0:21   차
345 29조(배휴준)36 퀸오브레이싱        조   06:31     06:52       0:21   차
346 29조(배휴준)10 피엔에스땅콩        보   06:31     06:52       0:21   차
347 30조(토니  )27 강서프린세스        조   06:35     06:48       0:13   차
348 30조(토니  )14 남산초콜릿          승   07:14     07:26       0:12   차
349 30조(토니  )20 님의향기            승   07:14     07:26       0:12   차
350 30조(토니  ) 2 더검푸              조   06:12     06:25       0:13   차
351 30조(토니  )11 더리퍼              조   08:30     08:43       0:13   차
352 30조(토니  ) 3 베리블레이드        승   06:12     06:26       0:14   차
353 30조(토니  )22 불패소녀            승   09:05     09:14       0:09   차
354 30조(토니  )25 스타블레이드        승   06:12     06:25       0:13   차
355 30조(토니  )12 스프링킹            기   07:14     07:26       0:12   차
356 30조(토니  ) 7 에이스샤인          승   08:30     08:43       0:13   차
357 30조(토니  ) 1 우청륭              기   07:57     08:10       0:13   차
358 30조(토니  ) 9 장산바다            조   07:05     07:17       0:12   차
359 30조(토니  )21 천둥오름            승   07:57     08:10       0:13   차
360 30조(토니  )18 청담제왕            승   09:05     09:14       0:09   차
361 30조(토니  )13 청담탱크            조   07:57     08:10       0:13   차
362 30조(토니  )16 최강장산            승   06:42     06:55       0:13   차
363 30조(토니  ) 8 케이블레이드        승   06:42     06:55       0:13   차
364 30조(토니  ) 4 파이트투데이        승   09:02     09:14       0:12   차
365 30조(토니  )23 헤라블레이드        승   08:30     08:43       0:13   차
366 31조(강환민)31 국제공항            승   08:38     09:00       0:22   차
367 31조(강환민)10 머스탱파워          기   07:42     08:03       0:21   차
368 31조(강환민)18 바잉블레이드        승   06:11     06:23       0:12   차
369 31조(강환민) 2 블루인디            승   08:38     09:00       0:22   차
370 31조(강환민)13 블루해머            승   07:01     07:14       0:13   차
371 31조(강환민)28 빅트리플            승   07:55     08:04       0:09   차
372 31조(강환민) 5 수리수리마          승   06:12     06:21       0:09   차
373 31조(강환민)39 어서와              승   06:43     06:54       0:11   차
374 31조(강환민)24 원더풀섀도우        승   06:50     07:02       0:12   차
375 31조(강환민) 4 장산가드            승   06:50     07:02       0:12   차
376 31조(강환민)19 장산미사일          승   07:20     07:28       0:08   차
377 31조(강환민) 6 정상파워            승   08:38     09:00       0:22   차
378 31조(강환민)38 조이풀케이          승   07:42     07:55       0:13   차
379 31조(강환민)21 클린업샤인          승   07:56     08:08       0:12   차
380 31조(강환민)11 핵삭스              승   07:17     07:29       0:12   차
381 32조(김윤섭) 1 고고스타            기   06:40     06:51       0:11   차
382 32조(김윤섭)11 그랜드마스터        기   07:51     08:01       0:10   차
383 32조(김윤섭) 5 럭키마이더스        승   07:20     07:36       0:16   차
384 32조(김윤섭)30 어디가나            승   06:35     06:46       0:11   차
385 32조(김윤섭)10 천스닥              승   07:20     07:31       0:11   차
386 32조(김윤섭)21 큐티바비            승   06:35     06:46       0:11   차
387 33조(서인석)31 금성크라운          기   06:14     06:24       0:10   차
388 33조(서인석)38 노던타임            기   06:50     07:02       0:12   차
389 33조(서인석)37 레이스로열          승   06:25     06:41       0:16   차
390 33조(서인석)22 마성천하            승   07:24     07:36       0:12   차
391 33조(서인석)19 매직조이            기   06:32     06:41       0:09   차
392 33조(서인석)25 매직타이드          승   06:10     06:22       0:12   차
393 33조(서인석)30 매직플라워          기   07:27     07:38       0:11   차
394 33조(서인석)17 매치퀸              기   06:13     06:24       0:11   차
395 33조(서인석)23 벤칼프린세스        기   06:30     06:40       0:10   특
396 33조(서인석) 5 빅리버              조   06:18     06:30       0:12   차
397 33조(서인석)34 스피드고            기   06:10     06:23       0:13   차
398 33조(서인석)15 열린문              기   07:12     07:23       0:11   차
399 33조(서인석)16 워프나인            승   06:47     07:01       0:14   차
400 33조(서인석)11 이츠마이럭키        조   07:50     08:23       0:33   차
401 33조(서인석) 3 질주에바다          기   06:55     07:05       0:10   차
402 33조(서인석)18 천마비상            승   06:39     06:51       0:12   차
403 33조(서인석)33 킹칸모르            승   07:10     07:21       0:11   차
404 33조(서인석) 4 티즈에너지          승   08:05     08:20       0:15   차
405 33조(서인석)21 패션피플            기   06:47     07:01       0:14   차
406 33조(서인석)36 프리마니케          승   07:15     07:27       0:12   차
407 33조(서인석) 6 흑룡가무            승   06:10     06:22       0:12   차
408 34조(리카디)17 가로수길            승   07:10     07:19       0:09   차
409 34조(리카디)16 남산러브            승   07:03     07:15       0:12   차
410 34조(리카디) 3 남산열매            승   08:44     08:54       0:10   차
411 34조(리카디) 5 남산의별            승   07:25     07:35       0:10   차
412 34조(리카디)15 라이징호크          기   06:28     06:38       0:10   차
413 34조(리카디)38 레드블레이드        승   08:55     09:06       0:11   차
414 34조(리카디)19 매직레코드          승   08:11     08:20       0:09   차
415 34조(리카디)32 미라클도터          승   08:44     08:54       0:10   차
416 34조(리카디)26 백산선더            승   07:35     07:45       0:10   차
417 34조(리카디)22 벌말대장            승   06:56     07:11       0:15   차
418 34조(리카디) 1 비제이스톰          승   08:16     08:28       0:12   차
419 34조(리카디)37 비제이플래시        승   07:46     07:58       0:12   차
420 34조(리카디)36 선더윈드            승   06:45     06:52       0:07   차
421 34조(리카디)11 슈퍼삭스            승   06:24     06:35       0:11   차
422 34조(리카디)14 스피드갤럽          승   08:42     08:53       0:11   차
423 34조(리카디) 4 장산포에버          승   07:51     08:01       0:10   차
424 34조(리카디)13 지산꽃              승   07:10     07:19       0:09   차
425 34조(리카디)28 파이널칸지노        승   07:51     08:01       0:10   차
426 35조(임채덕) 9 감곡선샤인          승   06:56     07:09       0:13   차
427 35조(임채덕) 1 럭센                승   06:56     07:09       0:13   차
428 35조(임채덕)18 로렐파워            조   08:28     08:43       0:15   차
429 35조(임채덕)13 미스캠프            조   07:44     08:00       0:16   차
430 35조(임채덕)11 송암선샤인          기   07:41     07:56       0:15   차
431 35조(임채덕)22 어게인윙            승   06:28     06:36       0:08   차
432 35조(임채덕)16 원더풀캣            승   06:10     06:19       0:09   차
433 35조(임채덕)12 인디로켓            승   06:28     06:39       0:11   차
434 35조(임채덕) 6 인디언선샤인        승   07:41     07:56       0:15   차
435 35조(임채덕)14 쿨프린세스          조   07:04     07:13       0:09   차
436 35조(임채덕) 2 투에이스            승   08:27     08:38       0:11   차
437 35조(임채덕) 7 플라잉센걸          승   07:41     07:56       0:15   차
438 35조(임채덕)21 플라잉풀문          조   06:28     06:37       0:09   차
439 37조(심승태)23 메니스퍼트          기   06:34     07:00       0:26   차
440 37조(심승태)14 이천쌀              승   06:45     06:55       0:10   차
441 37조(심승태) 8 주얼리베스트        승   06:34     07:00       0:26   차
442 37조(심승태)40 플라잉카라          승   08:29     08:45       0:16   차
443 37조(심승태)20 피케이돌풍          기   07:11     07:32       0:21   차
444 40조(송문길)33 고스트빌리지        승   06:17     06:40       0:23   차
445 40조(송문길)19 녹리총              승   08:25     08:35       0:10   차
446 40조(송문길)12 뉴문워리어          승   07:25     07:34       0:09   차
447 40조(송문길) 2 라피도아레스        승   06:42     07:00       0:18   차
448 40조(송문길)26 별의순간            기   06:55     07:05       0:10   차
449 40조(송문길)17 스피디루키          승   07:50     08:02       0:12   차
450 40조(송문길)21 아델나래            승   07:14     07:33       0:19   차
451 40조(송문길) 7 어마어마            기   06:23     06:35       0:12   차
452 40조(송문길)16 어메이징위즈        승   07:12     07:22       0:10   차
453 40조(송문길)34 온리위너            승   07:07     07:15       0:08   차
454 40조(송문길)24 콰이어트아델        기   08:18     08:30       0:12   차
455 40조(송문길)36 클레어베스트        기   06:10     06:20       0:10   차
456 40조(송문길) 4 터치마이아델        보   07:52     08:09       0:17   차
457 40조(송문길)37 파워박스            승   06:48     07:07       0:19   차
458 40조(송문길) 1 파이어하트          기   06:22     06:34       0:12   차
459 40조(송문길)13 퍼플케이            기   06:37     06:54       0:17   특
460 41조(신삼영)30 강한여전사          승   06:14     06:28       0:14   차
461 41조(신삼영)11 과천신세계          승   06:51     07:06       0:15   차
462 41조(신삼영)13 논스톱기상          승   06:59     07:11       0:12   금
463 41조(신삼영)22 세명나래            승   06:47     07:00       0:13   차
464 41조(신삼영)15 알사이먼            승   07:36     07:53       0:17   차
465 41조(신삼영)24 원더풀금성          승   07:36     07:53       0:17   차
466 41조(신삼영)37 좋은관계            승   06:15     06:23       0:08   금
467 41조(신삼영)14 큐피드베이브        승   06:15     06:27       0:12   차
468 41조(신삼영)31 크레이지탱크        승   07:26     07:38       0:12   차
469 42조(이관호)17 금아스위프트        기   06:27     06:39       0:12   차
470 42조(이관호)20 대박행진            기   07:20     07:30       0:10   차
471 42조(이관호) 8 더퀸저스티스        승   06:14     06:26       0:12   차
472 42조(이관호)22 레이디퍼스트        기   06:27     06:39       0:12   특
473 42조(이관호)32 로열함성            기   07:48     07:56       0:08   차
474 42조(이관호)27 방탄여걸            승   07:31     07:40       0:09   차
475 42조(이관호)39 불화산              승   07:20     07:28       0:08   차
476 42조(이관호)25 브라보삭스          기   06:46     06:55       0:09   차
477 42조(이관호) 6 빅에너지            승   08:32     08:40       0:08   차
478 42조(이관호)34 승리여전사          기   07:31     07:39       0:08   차
479 42조(이관호)37 아이스펀치          기   06:10     06:20       0:10   차
480 42조(이관호) 4 어나더스마트원      승   06:10     06:21       0:11   차
481 42조(이관호)16 와일드삭스          승   07:59     08:09       0:10   차
482 42조(이관호)40 지산군              승   06:28     06:36       0:08   차
483 42조(이관호)18 지스타              승   08:34     08:45       0:11   차
484 42조(이관호) 5 천군                기   07:04     07:18       0:14   차
485 42조(이관호)19 쿠레레쿠스          기   07:38     07:45       0:07   차
486 42조(이관호) 2 톱포지션            승   06:48     06:57       0:09   차
487 42조(이관호)14 해피드림            기   08:02     08:13       0:11   차
488 42조(이관호)11 히트에이스          기   07:35     07:45       0:10   차
489 43조(서정하)13 고어헤드            승   06:17     06:28       0:11   차
490 43조(서정하) 5 스피드이즈칸        승   07:14     07:31       0:17   차
491 43조(서정하)16 케미블루            승   06:31     06:41       0:10   차
492 48조(이준철) 4 더드림              기   06:28     06:38       0:10   금
493 48조(이준철)16 메이블레이드        조   06:56     07:06       0:10   차
494 48조(이준철)10 슈룹                승   06:24     06:38       0:14   차
495 48조(이준철)11 쏘아라대로          기   06:56     07:06       0:10   차
496 48조(이준철)17 흥바라기            승   06:55     07:06       0:11   차
497 48조(이준철)20 흥복드림            조   06:23     06:35       0:12   차
498 49조(지용철)32 겅호우              기   06:23     06:36       0:13   차
499 49조(지용철)29 그레이트아이        기   06:40     06:49       0:09   금
500 49조(지용철)38 리마커블            기   08:08     08:28       0:20   차
501 49조(지용철) 6 마패봉              기   07:28     07:37       0:09   차
502 49조(지용철)21 밀키셰리            기   06:52     07:01       0:09   차
503 49조(지용철)17 방탄마              기   06:50     07:02       0:12   차
504 49조(지용철)39 빅비트              승   08:08     08:28       0:20   차
505 49조(지용철)10 상승행진            승   06:29     06:44       0:15   차
506 49조(지용철) 1 아메리칸포스원      승   07:19     07:30       0:11   차
507 49조(지용철)12 에이투제트          기   06:11     06:20       0:09   금
508 49조(지용철)40 원앤온리            기   06:39     06:50       0:11   차
509 49조(지용철)19 원퍼트              기   06:29     06:44       0:15   차
510 49조(지용철)24 인듀어런스          기   06:11     06:21       0:10   금
511 49조(지용철) 5 청산가세            기   06:11     06:20       0:09   금
512 49조(지용철)16 페더럴아이          기   07:19     07:30       0:11   차
513 49조(지용철)14 포사포사            기   07:16     07:28       0:12   차
514 50조(박재우) 4 더페이버릿          승   08:01     08:11       0:10   차
515 50조(박재우) 1 신부                승   06:10     06:26       0:16   차
516 50조(박재우)32 유쾌한날들          승   08:15     08:28       0:13   특
517 50조(박재우)17 유쾌한선택          승   07:34     07:42       0:08   차
518 50조(박재우)31 이스트매직          승   06:10     06:28       0:18   차
519 50조(박재우)11 이터널메모리        승   06:54     07:06       0:12   차
520 50조(박재우)29 제이에스군주        승   06:10     06:22       0:12   차
521 50조(박재우)37 컴플리트룰러        승   07:50     08:02       0:12   차
522 50조(박재우) 7 컴플리트밸류        기   06:54     07:06       0:12   특
523 50조(박재우)19 케이톱킹            승   07:50     08:02       0:12   차
524 50조(박재우)21 티즈플랜            승   07:18     07:27       0:09   차
525 50조(박재우)26 파인팜              승   06:14     06:25       0:11   차
526 50조(박재우)12 회두령              승   06:54     07:06       0:12   차
527 51조(최용건)15 나올에이스          승   07:54     08:12       0:18   차
528 51조(최용건)31 명진플라이          승   06:40     06:50       0:10   차
529 51조(최용건)13 모닝뉴스            보   08:25     08:46       0:21   차
530 51조(최용건)25 봄꽃                보   07:39     07:57       0:18   차
531 51조(최용건) 4 신의한수            승   07:34     07:43       0:09   차
532 51조(최용건)16 인빅터스            승   07:15     07:27       0:12   차
533 51조(최용건) 1 장산골드            보   06:10     06:26       0:16   차
534 51조(최용건)19 장산레이저          승   07:01     07:21       0:20   차
535 51조(최용건)11 젊은영웅            보   07:05     07:22       0:17   금
536 51조(최용건) 8 텔로스              승   08:11     08:20       0:09   차
537 51조(최용건)23 톱브레인            승   07:02     07:16       0:14   차
538 51조(최용건)12 티즈러너            승   07:54     08:12       0:18   차
539 51조(최용건)26 플래티넘유로        승   06:25     06:35       0:10   금
540 51조(최용건)18 희망챔프            승   07:54     08:12       0:18   차
541 52조(김동균)34 그랜드파워          기   07:12     07:33       0:21   차
542 52조(김동균)29 나는스타            보   07:04     07:15       0:11   차
543 52조(김동균)23 대디글로리          승   06:48     07:00       0:12   차
544 52조(김동균)21 랠리퀸              승   08:24     08:35       0:11   차
545 52조(김동균)17 볼트맨              기   08:18     08:27       0:09   차
546 52조(김동균)14 서머에이스          승   06:13     06:28       0:15   차
547 52조(김동균)38 스피어킹            승   08:24     08:35       0:11   차
548 52조(김동균)40 엠제이포인트        승   07:21     07:32       0:11   차
549 52조(김동균)37 영광의캡틴          보   06:10     06:16       0:06   금
550 52조(김동균)30 퀴클리선            승   06:12     06:30       0:18   차
551 52조(김동균)15 트로트퀸            승   08:58     09:05       0:07   차
552 52조(김동균) 9 허밍버드            보   08:11     08:23       0:12   차
553 52조(김동균)24 흑전사              보   06:35     06:52       0:17   차
554 53조(김동철)22 대박스타            승   07:20     07:33       0:13   차
555 53조(김동철) 2 대한질주            승   06:41     06:53       0:12   차
556 53조(김동철)39 럭셔리킹            승   07:41     07:55       0:14   차
557 53조(김동철)38 럭키어필            승   07:28     07:36       0:08   차
558 53조(김동철) 8 미르스톰            승   07:55     08:06       0:11   차
559 53조(김동철) 3 스타러시            승   08:04     08:14       0:10   차
560 53조(김동철)30 스타플라워          승   06:35     06:49       0:14   차
561 53조(김동철)23 은혜파도            승   07:05     07:19       0:14   차
562 53조(김동철)12 최강돌진            승   06:31     06:41       0:10   차
563 53조(김동철) 5 햇살타고            승   06:25     06:38       0:13   차
564 54조(박천서)11 강남맨              승   07:04     07:14       0:10   차
565 54조(박천서)40 댄스머신            기   07:27     07:42       0:15   차
566 54조(박천서) 8 레드백              기   07:16     07:29       0:13   차
567 54조(박천서) 1 베링맨              승   06:21     06:39       0:18   차
568 54조(박천서)22 베스트천상          보   06:26     06:41       0:15   차
569 54조(박천서)16 블루참              기   08:18     08:29       0:11   차
570 54조(박천서)10 아미고라로          기   07:11     07:24       0:13   차
571 54조(박천서) 4 피노시스터          기   06:44     06:56       0:12   차
━━━━━━━━━━━━━━━━━━━━━━━━━━━━━━━━━━━━━━━
                                                      출력일자 : 2021. 8.28

