

제목 : 21.01.17(일) 훈련현황

  ※기승자범례(조:조교사, 보:조교보, 기:기수, 후:기수후보생, 승:조교승인)
  ※비고(금:금주출전예정마, 차:차주출전예정마, 특:특대상경주출전예정마)
  ※금주, 차주 또는 특별 대상경주 출전예상마는 출전신청 결과 및
  조교사의 의사에 따라 변동될 수 있는 미확정된 자료이오니 참고하시기 바랍니다.
━━━━━━━━━━━━━━━━━━━━━━━━━━━━━━━━━━━━━━━
  순 소속조 - 조번 마명              기승자 입장시각  퇴장시각  훈련시간 비고
━━━━━━━━━━━━━━━━━━━━━━━━━━━━━━━━━━━━━━━
  1  1조(박종곤)17 라온가람            기   06:19     06:33       0:14   차
  2  1조(박종곤) 1 라온다이아          기   07:25     07:33       0:08   차
  3  1조(박종곤) 3 라온비트            기   07:55     08:06       0:11   차
  4  1조(박종곤)32 라온스페셜          기   07:26     07:40       0:14   차
  5  1조(박종곤) 5 라온울프            기   08:07     08:18       0:11   차
  6  1조(박종곤)28 만석지기            승   07:53     08:04       0:11   차
  7  1조(박종곤)14 문학젠야타          기   07:11     07:25       0:14   차
  8  1조(박종곤)15 포에버원            승   06:51     07:05       0:14   차
  9  2조(손영표)13 금성여왕            승   06:16     06:27       0:11   차
 10  2조(손영표)32 러브아치            승   08:24     08:38       0:14   차
 11  2조(손영표)21 마루캐슬            승   08:14     08:42       0:28   차
 12  2조(손영표) 7 불의퀸              승   07:56     08:14       0:18   차
 13  2조(손영표)20 사랑다모아          기   06:54     07:05       0:11   차
 14  2조(손영표)14 선더머니            승   06:46     06:58       0:12   차
 15  2조(손영표)10 선스타트            승   08:40     08:58       0:18   차
 16  2조(손영표)31 오섬스프링스        기   06:35     06:52       0:17   차
 17  2조(손영표) 8 옥동공주            승   08:46     09:06       0:20   차
 18  2조(손영표)29 원더풀파워          승   07:52     08:08       0:16   차
 19  2조(손영표)15 천지명장            승   07:25     07:38       0:13   차
 20  2조(손영표) 5 패밀리타임          승   06:35     06:53       0:18   차
 21  2조(손영표)22 피어나다            기   07:01     07:11       0:10   차
 22  2조(손영표)28 피케이힐            승   07:15     07:28       0:13   차
 23  3조(최영주) 2 골드브릿지          승   06:14     06:25       0:11   차
 24  3조(최영주) 4 골든제이            승   07:00     07:12       0:12   차
 25  3조(최영주)31 대동포스            승   07:25     07:39       0:14   차
 26  3조(최영주)21 드림로드            승   07:58     08:12       0:14   차
 27  3조(최영주)20 멋진가이            승   07:13     07:24       0:11   차
 28  3조(최영주)16 샤이니파이어        승   08:40     08:55       0:15   차
 29  3조(최영주)13 서울달빛            승   07:52     08:07       0:15   차
 30  3조(최영주)17 스톰로드            승   07:39     07:45       0:06   차
 31  3조(최영주)35 싱싱유로            승   06:49     06:59       0:10   차
 32  3조(최영주) 9 위너브라운          기   07:20     07:33       0:13   차
 33  3조(최영주)23 위닝투게더          승   06:53     07:03       0:10   차
 34  3조(최영주)26 윈드스카이          승   06:14     06:28       0:14   차
 35  3조(최영주)28 질주본              기   07:33     07:45       0:12   차
 36  3조(최영주)18 최강마              승   07:49     08:01       0:12   차
 37  3조(최영주)11 퓨처파이어          승   06:59     07:11       0:12   차
 38  4조(박윤규)25 굿필승              기   07:33     07:49       0:16   차
 39  4조(박윤규)14 동진최강            승   07:37     07:57       0:20   차
 40  4조(박윤규)16 드림머니            승   07:10     07:22       0:12   차
 41  4조(박윤규)31 멋진왕자            승   06:15     06:30       0:15   차
 42  4조(박윤규)21 방주                승   07:01     07:15       0:14   차
 43  4조(박윤규) 6 성실머니            승   07:52     08:08       0:16   차
 44  4조(박윤규)23 슈퍼마스터          승   07:23     07:36       0:13   차
 45  4조(박윤규)17 시티챔프            승   07:37     07:55       0:18   차
 46  4조(박윤규)12 에이스캔트          승   06:17     06:29       0:12   차
 47  4조(박윤규)37 행복왕자            기   07:04     07:16       0:12   차
 48  5조(우창구)18 금국화              승   06:30     06:46       0:16   차
 49  5조(우창구) 2 금로열              승   08:14     08:29       0:15   차
 50  5조(우창구)26 눈부신한센          승   07:44     07:54       0:10   차
 51  5조(우창구) 9 러블리케이          승   08:36     08:53       0:17   차
 52  5조(우창구)16 몬스터케이          승   07:17     07:36       0:19   차
 53  5조(우창구) 6 미라클호프          승   06:16     06:29       0:13   차
 54  5조(우창구)15 역전의우승          승   07:56     08:11       0:15   차
 55  5조(우창구) 8 예상백승            보   08:07     08:32       0:25   차
 56  5조(우창구)14 오케이연답          승   08:35     08:50       0:15   차
 57  5조(우창구)28 용마루구            기   07:17     07:35       0:18   차
 58  5조(우창구)38 운외창천            기   07:43     07:54       0:11   차
 59  5조(우창구)31 원더플레이스        승   07:10     07:26       0:16   차
 60  5조(우창구) 5 위너골드            승   06:42     06:51       0:09   차
 61  5조(우창구)25 위너블루            승   07:06     07:17       0:11   차
 62  5조(우창구)23 적광                승   09:05     09:19       0:14   차
 63  5조(우창구)10 초원의기적          승   06:59     07:16       0:17   차
 64  5조(우창구) 3 퍼펙트라이트        승   09:05     09:19       0:14   차
 65  5조(우창구)36 플라잉뮤닝          승   08:18     08:32       0:14   차
 66  6조(홍대유)18 가자플랜            승   06:37     06:58       0:21   차
 67  6조(홍대유)24 그린볼트            기   06:44     06:55       0:11   차
 68  6조(홍대유)34 그린와트            승   08:07     08:24       0:17   차
 69  6조(홍대유)28 그린폭주            승   09:05     09:22       0:17   차
 70  6조(홍대유) 3 리턴밸리브리        승   06:37     06:58       0:21   차
 71  6조(홍대유) 7 문학리워드          승   07:27     07:56       0:29   차
 72  6조(홍대유)29 배다리킹덤          승   06:37     06:58       0:21   차
 73  6조(홍대유)17 배다리프린스        보   07:07     07:25       0:18   차
 74  6조(홍대유)10 베스트라인          승   09:04     09:22       0:18   차
 75  6조(홍대유)16 비르투스            기   07:38     07:56       0:18   차
 76  6조(홍대유) 8 새내윈              승   06:40     06:54       0:14   차
 77  6조(홍대유)14 새내초이스          승   08:23     08:40       0:17   차
 78  6조(홍대유)13 선더챔프            승   07:27     07:44       0:17   차
 79  6조(홍대유)26 섬싱노바디노        보   06:40     06:54       0:14   차
 80  6조(홍대유) 9 안양호랑이          승   08:22     08:36       0:14   차
 81  6조(홍대유)38 어플리트마린        승   06:40     06:54       0:14   차
 82  6조(홍대유)12 월영이              기   06:31     06:41       0:10   차
 83  6조(홍대유)22 정문볼트            보   07:45     08:02       0:17   차
 84  6조(홍대유)27 정문사이            보   08:37     08:58       0:21   차
 85  6조(홍대유)30 정문프린스          승   07:21     07:39       0:18   차
 86  6조(홍대유) 4 초강국              승   08:21     08:40       0:19   차
 87  7조(구자흥) 3 달려라광산          승   07:17     07:30       0:13   차
 88  7조(구자흥) 5 대군옥              승   06:53     06:59       0:06   차
 89  7조(구자흥)23 대군의길            승   08:08     08:24       0:16   차
 90  7조(구자흥)32 대군제패            승   07:02     07:14       0:12   차
 91  7조(구자흥)20 디케이아리아        승   06:13     06:29       0:16   차
 92  7조(구자흥)25 럭키밸리            기   06:11     06:25       0:14   차
 93  7조(구자흥)18 사려니위너          승   07:25     07:41       0:16   차
 94  7조(구자흥)15 사려니퀸            승   06:16     06:29       0:13   차
 95  7조(구자흥)28 선더챔피언          승   07:30     07:42       0:12   차
 96  7조(구자흥) 4 엔에스미래          승   08:32     08:57       0:25   차
 97  7조(구자흥)16 윈디러시            승   08:05     08:15       0:10   차
 98  7조(구자흥)12 제로백파이브        승   08:32     08:58       0:26   차
 99  7조(구자흥)21 천향국색            기   07:50     08:00       0:10   차
100  7조(구자흥)31 컬러즈온리          승   06:41     06:50       0:09   차
101  7조(구자흥)24 토스코노바캣        승   07:56     08:07       0:11   차
102  7조(구자흥)14 환한미소            승   06:24     06:34       0:10   차
103  7조(구자흥)29 횡운골              승   06:54     07:04       0:10   차
104  8조(최용구) 6 골든서비스          승   07:01     07:14       0:13   차
105  8조(최용구)23 대군천하            승   07:57     08:10       0:13   차
106  8조(최용구)11 대군파워            승   07:29     07:42       0:13   차
107  8조(최용구)21 더블블랙            승   06:36     06:46       0:10   차
108  8조(최용구)24 디케이미르          승   06:36     06:46       0:10   차
109  8조(최용구) 9 땡큐보스            승   07:29     07:42       0:13   차
110  8조(최용구)37 로드블랙            승   08:49     09:00       0:11   차
111  8조(최용구)13 로드위너            승   08:21     08:33       0:12   차
112  8조(최용구) 2 루킹퍼스트          승   07:01     07:14       0:13   차
113  8조(최용구)31 불멸의제왕          승   06:22     06:39       0:17   차
114  8조(최용구) 1 와일드우즈          승   07:57     08:10       0:13   차
115  8조(최용구)33 유니콘브라보        승   06:11     06:21       0:10   차
116  8조(최용구)10 유니콘알파          승   08:21     08:33       0:12   차
117  8조(최용구) 5 이스크라            승   06:16     06:29       0:13   차
118  8조(최용구)17 카일룸여제          승   07:14     07:29       0:15   차
119  8조(최용구)39 카일룸제왕          승   06:11     06:21       0:10   차
120  8조(최용구) 7 킹스맨              승   08:50     08:59       0:09   차
121  8조(최용구)22 투어링라니          승   07:55     08:03       0:08   차
122  8조(최용구)20 트리운포            승   06:57     07:09       0:12   차
123  8조(최용구)29 파인로드            승   07:28     07:36       0:08   차
124  8조(최용구) 8 행복스타            승   08:50     08:59       0:09   차
125  9조(강성오)29 골든배지            기   07:12     07:19       0:07   차
126  9조(강성오)24 나의나라            기   08:11     08:17       0:06   차
127  9조(강성오)40 노르웨이서드        승   06:14     06:31       0:17   차
128  9조(강성오)25 대지의여걸          기   07:26     07:32       0:06   차
129  9조(강성오)32 대지의여인          승   08:36     08:46       0:10   차
130  9조(강성오) 2 매직페인터          승   06:16     06:29       0:13   차
131  9조(강성오) 6 베스퍼              기   08:10     08:17       0:07   차
132  9조(강성오)14 슬링스톤            승   06:31     06:39       0:08   차
133  9조(강성오)19 아탈란테            승   08:42     08:58       0:16   차
134  9조(강성오)16 온포인트            기   07:12     07:19       0:07   차
135  9조(강성오)39 최강돌풍            승   07:12     07:30       0:18   차
136  9조(강성오) 9 허리케인삭스        승   08:19     08:27       0:08   차
137 10조(정호익) 6 글로벌조이          승   08:59     09:13       0:14   차
138 10조(정호익)14 글로벌캡틴          승   06:12     06:46       0:34   차
139 10조(정호익)25 땡큐대천            기   06:11     06:26       0:15   차
140 10조(정호익) 9 레전드데이          승   06:11     06:24       0:13   차
141 10조(정호익)27 레전드스톰          기   06:35     06:49       0:14   차
142 10조(정호익) 2 매직플랜            승   08:16     08:32       0:16   차
143 10조(정호익)30 문학미스치프        기   07:22     07:41       0:19   차
144 10조(정호익)35 문학엠파이어        승   06:51     07:08       0:17   차
145 10조(정호익)31 문학조이            승   07:07     07:34       0:27   차
146 10조(정호익)10 문학치프            승   08:16     08:31       0:15   차
147 10조(정호익)20 블루카이저          기   06:15     06:28       0:13   차
148 10조(정호익)22 셋더페이스          승   06:19     06:34       0:15   차
149 10조(정호익)32 아멘다              승   08:04     08:22       0:18   차
150 10조(정호익)28 알찬누리            승   08:33     08:45       0:12   차
151 10조(정호익)13 에이스찬            승   07:36     07:46       0:10   차
152 10조(정호익)29 이스트질주          기   07:07     07:24       0:17   차
153 10조(정호익)26 인천치프            기   07:09     07:21       0:12   차
154 10조(정호익)15 천해강자            승   07:52     08:13       0:21   차
155 10조(정호익) 1 킹덤스톰            승   07:43     07:58       0:15   차
156 10조(정호익)19 튼트나              기   06:37     06:49       0:12   차
157 10조(정호익)36 티케이보이          기   06:52     07:01       0:09   차
158 10조(정호익)16 해들뫼              승   07:11     07:33       0:22   차
159 10조(정호익) 8 해피보이            승   08:43     09:02       0:19   차
160 11조(조현수)25 골드필드            승   07:45     07:59       0:14   차
161 11조(조현수)34 골디락스            승   07:40     07:59       0:19   차
162 11조(조현수)10 그레이트한센        승   06:37     06:47       0:10   차
163 11조(조현수)15 도깨비              보   06:48     07:10       0:22   차
164 11조(조현수)29 모닝타이거          승   08:42     08:51       0:09   차
165 11조(조현수)27 미사일퀸            승   07:53     08:11       0:18   차
166 11조(조현수)39 보디가드            승   07:21     07:37       0:16   차
167 11조(조현수) 8 사이먼스톰          승   07:30     07:44       0:14   차
168 11조(조현수)36 슈퍼럭키보이        승   06:48     07:10       0:22   차
169 11조(조현수) 2 스피드플라잉        승   07:21     07:36       0:15   차
170 11조(조현수) 6 야호엠제이캣        승   08:54     09:06       0:12   차
171 11조(조현수) 3 위닝메이커          기   06:54     07:04       0:10   차
172 11조(조현수)24 적벽신화            승   07:05     07:17       0:12   차
173 11조(조현수)11 제마특급            보   08:13     08:26       0:13   차
174 11조(조현수)16 조이오브킹          승   07:35     07:46       0:11   차
175 11조(조현수)22 컴플리트샤인        승   06:47     06:59       0:12   차
176 11조(조현수)32 트루                승   06:35     06:49       0:14   차
177 11조(조현수)33 퍼지퀸              승   07:53     08:10       0:17   차
178 11조(조현수)13 폴카                승   08:06     08:19       0:13   차
179 11조(조현수)26 프로마테우스        승   08:26     08:38       0:12   차
180 11조(조현수)18 피엔에스보스        승   08:44     08:51       0:07   차
181 11조(조현수)35 효마루              승   08:27     08:40       0:13   차
182 12조(서범석) 2 사우스반            승   06:37     06:52       0:15   차
183 12조(서범석)14 선라이팅            승   07:16     07:30       0:14   차
184 12조(서범석)17 선붐                승   06:59     07:11       0:12   차
185 12조(서범석)31 선위너              승   07:11     07:24       0:13   차
186 12조(서범석)16 스트롱레드          승   07:38     07:53       0:15   차
187 12조(서범석)30 원더풀이블          승   06:42     06:53       0:11   차
188 12조(서범석) 9 원더풀하와이        승   07:38     07:57       0:19   차
189 13조(이희영)13 고업                승   07:05     07:19       0:14   차
190 13조(이희영)16 굿바우              기   07:50     08:00       0:10   차
191 13조(이희영)30 나도야금            기   07:46     08:01       0:15   차
192 13조(이희영)15 넘버원타깃          승   06:49     07:00       0:11   차
193 13조(이희영) 3 늘푸른캣            기   06:33     06:43       0:10   차
194 13조(이희영)17 당찬바람            기   07:35     07:45       0:10   차
195 13조(이희영) 2 럭키굿              기   08:14     08:31       0:17   차
196 13조(이희영) 9 럭키플랜            승   07:55     08:07       0:12   차
197 13조(이희영)22 모던베스트          기   07:22     07:34       0:12   차
198 13조(이희영)26 본능대로            승   08:13     08:30       0:17   차
199 13조(이희영)23 샤크짱              승   08:41     08:50       0:09   차
200 13조(이희영)10 솔개바람            승   08:07     08:20       0:13   차
201 13조(이희영)35 엘리트라인          승   06:22     06:33       0:11   차
202 13조(이희영)25 여걸비전            승   08:20     08:32       0:12   차
203 13조(이희영)18 파크윈              승   08:54     09:03       0:09   차
204 13조(이희영) 7 화이팅랭퍼          승   06:35     06:48       0:13   차
205 14조(이신영)21 거센기상            승   07:43     07:54       0:11   차
206 14조(이신영)26 거센질주            승   07:14     07:26       0:12   차
207 14조(이신영) 3 거센질풍            승   08:06     08:15       0:09   차
208 14조(이신영)36 금아홀섬            기   06:39     06:50       0:11   차
209 14조(이신영) 4 딕시어게인          승   07:40     07:48       0:08   차
210 14조(이신영)34 레인                승   06:12     06:24       0:12   차
211 14조(이신영)29 말리부진저          승   06:55     07:07       0:12   차
212 14조(이신영)31 블랙킹              승   06:26     06:38       0:12   차
213 14조(이신영)39 스위트주스바        승   06:25     06:39       0:14   차
214 14조(이신영)12 아리안왕자          기   08:18     08:30       0:12   차
215 14조(이신영)20 오클랜드삭스        기   06:12     06:24       0:12   차
216 14조(이신영)23 이글아이            기   06:57     07:09       0:12   차
217 14조(이신영)30 프린세스삭스        승   06:38     06:50       0:12   차
218 14조(이신영)15 화이트윙            기   06:25     06:37       0:12   차
219 15조(박희철) 3 거센파워            승   06:52     07:02       0:10   차
220 15조(박희철)21 그린스카이          승   06:22     06:35       0:13   차
221 15조(박희철) 1 대세만세            승   06:30     06:51       0:21   차
222 15조(박희철)27 제니퀸              승   07:39     07:50       0:11   차
223 15조(박희철)13 젝스칸              승   07:50     08:01       0:11   차
224 16조(최봉주)31 뉴호프              승   06:16     06:31       0:15   차
225 16조(최봉주)13 도원글로리          승   08:43     09:00       0:17   차
226 16조(최봉주)35 돌격앞으로          기   07:22     07:34       0:12   차
227 16조(최봉주)30 러닝복스            승   08:38     08:53       0:15   차
228 16조(최봉주) 9 본투글로리          승   07:44     07:56       0:12   차
229 16조(최봉주)38 빅포켓              조   06:48     07:04       0:16   차
230 16조(최봉주)15 에너자이저          조   07:14     07:28       0:14   차
231 16조(최봉주)25 에이스프린스        조   06:16     06:31       0:15   차
232 16조(최봉주)33 영화즈플라잉        승   06:21     06:35       0:14   차
233 16조(최봉주)29 원더풀딕시          승   07:17     07:32       0:15   차
234 16조(최봉주) 3 원더풀맘보          승   08:15     08:24       0:09   차
235 16조(최봉주)34 임페리얼데이        승   06:47     07:04       0:17   차
236 16조(최봉주)19 천마                승   07:27     07:38       0:11   차
237 16조(최봉주) 2 천은짱              승   08:28     08:36       0:08   차
238 16조(최봉주)14 천체                승   07:57     08:10       0:13   차
239 16조(최봉주)10 특급여왕            승   08:12     08:27       0:15   차
240 16조(최봉주)21 파이팅대디          승   06:48     07:04       0:16   차
241 16조(최봉주)22 호크아리랑          승   08:30     08:42       0:12   차
242 16조(최봉주)24 호크의영광          기   07:06     07:16       0:10   차
243 16조(최봉주)28 호크행진곡          승   08:08     08:24       0:16   차
244 17조(김점오)13 가야영봉            보   06:23     06:38       0:15   차
245 17조(김점오)11 갤럽컬린            승   06:58     07:16       0:18   차
246 17조(김점오)21 그랜드캐슬          승   06:18     06:31       0:13   차
247 17조(김점오)14 말라카스            승   07:52     07:59       0:07   차
248 17조(김점오)18 명품히어로          승   07:56     08:13       0:17   차
249 17조(김점오)26 미스터터너          승   07:25     07:31       0:06   차
250 17조(김점오)30 불굴의러너          승   06:24     06:42       0:18   차
251 17조(김점오) 3 새록새록            승   06:10     06:27       0:17   차
252 17조(김점오)15 스테디챔피언        승   07:49     08:01       0:12   차
253 17조(김점오)17 스피드청룡          승   06:17     06:28       0:11   차
254 17조(김점오) 6 스피드황룡          승   07:38     07:48       0:10   차
255 17조(김점오)22 이스머스            승   06:18     06:33       0:15   차
256 17조(김점오)24 조이브라더          승   07:00     07:19       0:19   차
257 17조(김점오)16 최고비상            승   06:53     07:11       0:18   차
258 17조(김점오)35 황금주머니          승   07:13     07:28       0:15   차
259 18조(박대흥)30 남산꽃              승   09:05     09:20       0:15   차
260 18조(박대흥)33 땡벌                승   07:22     07:34       0:12   차
261 18조(박대흥)32 별나라비마          승   09:02     09:07       0:05   차
262 18조(박대흥)37 별나라질주          승   07:17     07:31       0:14   차
263 18조(박대흥)10 삼성불패            승   08:26     08:38       0:12   차
264 18조(박대흥) 9 선더마크            승   08:59     09:12       0:13   차
265 18조(박대흥)13 선더소니아          승   06:43     06:57       0:14   차
266 18조(박대흥) 5 선오브선더          승   08:25     08:43       0:18   차
267 18조(박대흥)24 송암티즈            승   07:45     07:58       0:13   차
268 18조(박대흥)36 시리우스에이        승   06:31     06:44       0:13   차
269 18조(박대흥)17 신매직              승   08:26     08:42       0:16   차
270 18조(박대흥)23 실버햄튼            승   06:23     06:37       0:14   차
271 18조(박대흥)11 위너콰드릴          승   07:22     07:35       0:13   차
272 18조(박대흥)22 질풍백광            승   08:45     08:56       0:11   차
273 18조(박대흥)14 최강팀              승   07:25     07:38       0:13   차
274 18조(박대흥)15 치프인디            기   07:18     07:31       0:13   차
275 18조(박대흥) 7 케이엔매직          기   06:42     06:57       0:15   차
276 18조(박대흥)18 케이엔원더풀        승   06:15     06:27       0:12   차
277 18조(박대흥)40 케이엔파워          승   07:06     07:25       0:19   차
278 19조(곽영효)31 라오진              승   06:34     06:44       0:10   차
279 19조(곽영효)11 맥파이              승   06:22     06:32       0:10   차
280 19조(곽영효)14 미소가득            승   06:19     06:38       0:19   차
281 19조(곽영효) 7 발바투              승   08:02     08:14       0:12   차
282 19조(곽영효)28 브라이트캣          승   06:10     06:20       0:10   차
283 19조(곽영효)30 빅터웨이            승   08:42     09:00       0:18   차
284 19조(곽영효) 3 빅토리샘            승   08:14     08:25       0:11   차
285 19조(곽영효) 5 원더풀화성          승   07:54     08:18       0:24   차
286 19조(곽영효)27 위너챔프            승   08:44     08:59       0:15   차
287 19조(곽영효) 9 캠프터치            승   07:17     07:32       0:15   차
288 19조(곽영효)15 콜조이              기   06:36     06:49       0:13   차
289 19조(곽영효)16 클라우터            기   06:50     07:06       0:16   차
290 19조(곽영효)26 통일질주            승   08:36     08:46       0:10   차
291 19조(곽영효)23 파워뮤직            승   07:08     07:25       0:17   차
292 19조(곽영효) 4 한라최강            승   07:54     08:19       0:25   차
293 20조(배대선) 7 농본락              기   07:06     07:13       0:07   차
294 20조(배대선)11 농본바다            승   08:28     08:38       0:10   차
295 20조(배대선)15 다이아별빛          기   08:07     08:20       0:13   차
296 20조(배대선)12 대완구              승   06:58     07:10       0:12   차
297 20조(배대선) 3 러브위드미          기   07:36     07:49       0:13   차
298 20조(배대선)39 머니가락            승   08:35     08:47       0:12   차
299 20조(배대선)34 머니강자            기   07:54     08:06       0:12   차
300 20조(배대선)17 머니시장            승   08:39     08:49       0:10   차
301 20조(배대선)26 머니실크            승   08:06     08:16       0:10   차
302 20조(배대선) 5 머니지프            승   08:07     08:20       0:13   차
303 20조(배대선)13 백색광채            기   06:41     06:52       0:11   차
304 20조(배대선)21 베가킹              승   07:36     07:49       0:13   차
305 20조(배대선)27 우승특기            승   08:20     08:27       0:07   차
306 20조(배대선) 1 인동샘              승   08:36     08:47       0:11   차
307 20조(배대선)29 짱콩                승   07:33     07:40       0:07   차
308 20조(배대선)22 천년의고도          승   07:28     07:34       0:06   차
309 20조(배대선) 4 천둥기세            기   07:24     07:35       0:11   차
310 20조(배대선)31 크레이지선          승   07:54     08:05       0:11   차
311 20조(배대선)28 크레이지위키        승   06:55     07:08       0:13   차
312 20조(배대선)30 토함산파워          기   06:53     07:05       0:12   차
313 20조(배대선)18 플레이시스투고      승   07:27     07:44       0:17   차
314 21조(임봉춘)25 드림맥스            승   08:08     08:20       0:12   차
315 21조(임봉춘) 4 루이사              승   07:21     07:33       0:12   차
316 21조(임봉춘) 7 만세                승   07:09     07:23       0:14   차
317 21조(임봉춘) 9 명진캔디            기   06:59     07:07       0:08   차
318 21조(임봉춘)24 미르캡틴            승   08:18     08:31       0:13   차
319 21조(임봉춘)29 바디스타            승   07:14     07:28       0:14   차
320 21조(임봉춘)13 바이스로이          승   08:38     08:51       0:13   차
321 21조(임봉춘)31 보고또보고          승   06:42     06:54       0:12   차
322 21조(임봉춘)30 블루울프            승   06:42     06:55       0:13   차
323 21조(임봉춘) 8 비바레이디          기   07:48     07:57       0:09   차
324 21조(임봉춘) 6 삼상                승   07:57     08:08       0:11   차
325 21조(임봉춘)12 센아이              승   07:36     07:49       0:13   차
326 21조(임봉춘)20 슬립웰              승   07:53     08:04       0:11   차
327 21조(임봉춘)22 우리                승   07:41     07:57       0:16   차
328 21조(임봉춘)17 풀부스터            승   07:58     08:09       0:11   차
329 21조(임봉춘)21 프리맥스            승   06:50     07:05       0:15   차
330 21조(임봉춘)18 플렉스퀸            승   06:17     06:31       0:14   차
331 21조(임봉춘)19 황금럭키            승   06:16     06:25       0:09   차
332 21조(임봉춘)15 황금로드            승   08:50     09:09       0:19   차
333 21조(임봉춘)26 황금파워            승   06:14     06:27       0:13   차
334 22조(안병기) 3 가온챔프            조   06:13     06:34       0:21   차
335 22조(안병기)30 가온포스            승   06:45     06:58       0:13   차
336 22조(안병기)13 기븐러너            승   06:39     06:54       0:15   차
337 22조(안병기)29 라온윌리엄스        승   09:04     09:20       0:16   차
338 22조(안병기)25 라온제임스          승   06:57     07:09       0:12   차
339 22조(안병기) 8 리드보컬            승   07:40     08:05       0:25   차
340 22조(안병기)34 바람을그리다        승   08:25     08:39       0:14   차
341 22조(안병기)14 선더호스            승   07:02     07:15       0:13   차
342 22조(안병기)21 세렌디피티야        승   08:20     08:32       0:12   차
343 22조(안병기)18 어느멋진날          승   06:58     07:13       0:15   차
344 22조(안병기)31 울트라시대          승   08:02     08:13       0:11   차
345 22조(안병기)27 원지                승   07:28     07:41       0:13   차
346 22조(안병기)20 티즈파이팅          기   07:28     07:46       0:18   차
347 22조(안병기)11 하늘을달리다        승   07:55     08:08       0:13   차
348 22조(안병기) 1 해찬                승   06:21     06:39       0:18   차
349 23조(유재길)31 메이플문            승   07:15     07:26       0:11   차
350 23조(유재길)25 엘리트어게인        승   07:49     08:00       0:11   차
351 23조(유재길)36 재능충만            기   06:17     06:27       0:10   차
352 23조(유재길)11 정겨운              승   07:02     07:14       0:12   차
353 23조(유재길)27 해피나이스          승   07:05     07:16       0:11   차
354 24조(서홍수)16 그린마운틴          승   08:25     08:36       0:11   차
355 24조(서홍수) 9 럭키선더            승   08:24     08:36       0:12   차
356 24조(서홍수) 3 마스터선샤인        승   06:54     07:05       0:11   차
357 24조(서홍수) 4 마이티뉴            승   06:15     06:28       0:13   차
358 24조(서홍수)13 마이티럭            기   09:12     09:20       0:08   차
359 24조(서홍수) 5 마이티수            승   06:44     06:58       0:14   차
360 24조(서홍수)17 마이티윙            승   07:17     07:36       0:19   차
361 24조(서홍수)25 마칼루파워          승   08:45     08:55       0:10   차
362 24조(서홍수)31 미스엘리트          기   07:35     07:41       0:06   차
363 24조(서홍수)24 스트롱퀸            승   06:16     06:26       0:10   차
364 24조(서홍수)19 원더풀플레저        기   08:11     08:21       0:10   차
365 24조(서홍수)38 찐이야              승   09:01     09:13       0:12   차
366 24조(서홍수)36 코리안펄            승   09:11     09:34       0:23   차
367 24조(서홍수)30 탑뮤직              기   08:11     08:21       0:10   차
368 24조(서홍수) 7 팬시팬츠            승   07:29     07:39       0:10   차
369 25조(전승규)13 드림럭키            기   06:39     06:50       0:11   차
370 25조(전승규)33 드림펠라            승   07:21     07:36       0:15   차
371 25조(전승규)38 럭키훈              승   07:14     07:25       0:11   차
372 25조(전승규)32 미스양호            기   06:20     06:28       0:08   차
373 25조(전승규)16 불의고리            조   07:17     07:35       0:18   차
374 25조(전승규)29 블루파이어          승   08:47     08:59       0:12   차
375 25조(전승규) 7 빅토리킹            승   07:21     07:37       0:16   차
376 25조(전승규)26 송암플레이어        승   08:16     08:30       0:14   차
377 25조(전승규)27 스마티블루          기   06:51     07:01       0:10   차
378 25조(전승규)40 원더풀인디언        승   08:19     08:33       0:14   차
379 25조(전승규) 3 이스트라이크        승   07:55     08:00       0:05   차
380 25조(전승규)34 춘산                기   06:53     07:01       0:08   차
381 25조(전승규)10 킹에이스            기   06:21     06:32       0:11   차
382 25조(전승규)35 톱플레이            기   06:41     06:49       0:08   차
383 26조(안해양)28 구억마알            승   07:57     08:16       0:19   차
384 26조(안해양)32 금당나래            승   07:07     07:31       0:24   차
385 26조(안해양) 6 꼬꼬마레이디        승   07:37     07:50       0:13   차
386 26조(안해양)14 낭만스타            승   06:28     06:40       0:12   차
387 26조(안해양)25 더블테이크          승   06:20     06:41       0:21   차
388 26조(안해양) 4 런던액티브          승   06:53     07:05       0:12   차
389 26조(안해양)33 런던퀸              승   07:24     07:35       0:11   차
390 26조(안해양)30 레이디켈리          승   06:28     06:44       0:16   차
391 26조(안해양)23 로드핑크            승   08:04     08:20       0:16   차
392 26조(안해양)37 루나케이            승   06:17     06:41       0:24   차
393 26조(안해양)12 송암캔디            승   08:21     08:36       0:15   차
394 26조(안해양)10 순간타이밍          승   06:44     07:00       0:16   차
395 26조(안해양)38 어륭                승   07:37     07:56       0:19   차
396 26조(안해양)20 예스아이캔          승   07:09     07:29       0:20   차
397 26조(안해양)24 올댓코리아          승   08:18     08:40       0:22   차
398 26조(안해양)29 우소륭              승   07:44     08:03       0:19   차
399 26조(안해양)13 우아륭              승   08:17     08:37       0:20   차
400 26조(안해양)27 창성수호            기   07:02     07:16       0:14   차
401 26조(안해양)15 팍스나노            승   06:10     06:22       0:12   차
402 26조(안해양) 7 플라잉바비          승   06:52     07:09       0:17   차
403 26조(안해양)39 하륭                승   07:36     07:56       0:20   차
404 27조(박병일) 1 거버넌스            승   06:55     07:05       0:10   차
405 27조(박병일)20 검포                승   09:07     09:33       0:26   차
406 27조(박병일)24 구름왕자            승   08:05     08:21       0:16   차
407 27조(박병일) 8 금세다              승   06:13     06:25       0:12   차
408 27조(박병일)40 달과구름            승   07:27     07:38       0:11   차
409 27조(박병일)15 달의기적            기   07:37     07:44       0:07   차
410 27조(박병일)38 더파이팅            승   08:34     08:56       0:22   차
411 27조(박병일) 5 드림패션            승   08:58     09:10       0:12   차
412 27조(박병일)23 로열영광            승   07:35     07:51       0:16   차
413 27조(박병일)37 로열천지            승   07:06     07:22       0:16   차
414 27조(박병일)17 리얼팩              승   07:53     08:05       0:12   차
415 27조(박병일)28 모던알파            승   06:41     06:56       0:15   차
416 27조(박병일)16 문학선              승   06:54     07:11       0:17   차
417 27조(박병일)35 문학스카이          승   06:42     07:02       0:20   차
418 27조(박병일) 9 사만다치타          승   07:59     08:14       0:15   차
419 27조(박병일)29 스틸더패션          승   07:18     07:35       0:17   차
420 27조(박병일)12 어게인윙            승   08:34     08:56       0:22   차
421 27조(박병일) 3 은혜충만            기   06:14     06:27       0:13   차
422 27조(박병일)27 인천스피드          승   06:18     06:28       0:10   차
423 27조(박병일) 2 청춘비바            승   08:17     08:48       0:31   차
424 27조(박병일) 4 최강파티            승   08:34     08:53       0:19   차
425 27조(박병일)39 컨트리로드          승   07:18     07:41       0:23   차
426 27조(박병일) 6 테라스피드          승   06:26     06:38       0:12   차
427 27조(박병일)11 톱시드              승   06:26     06:37       0:11   차
428 27조(박병일)13 헤시안              승   08:58     09:12       0:14   차
429 28조(최상식)19 글로벌골드          승   07:07     07:23       0:16   차
430 28조(최상식)21 글로벌선더          승   07:02     07:17       0:15   차
431 28조(최상식)11 글로벌스톰          승   07:53     08:08       0:15   차
432 28조(최상식) 3 글로벌에이스        승   07:21     07:37       0:16   차
433 28조(최상식)18 글로벌왕자          승   06:11     06:25       0:14   차
434 28조(최상식) 9 글로벌천하          기   07:09     07:21       0:12   차
435 28조(최상식)22 글로벌파티          승   07:53     08:08       0:15   차
436 28조(최상식)23 대디코잔            기   07:22     07:37       0:15   차
437 28조(최상식) 1 베스트럭키          승   08:26     08:43       0:17   차
438 28조(최상식)14 역대최고            기   07:46     07:56       0:10   차
439 28조(최상식)15 원더풀라이트        승   06:26     06:41       0:15   차
440 28조(최상식)28 일여하여            기   07:57     08:08       0:11   차
441 28조(최상식) 7 카우보이탱고        기   07:09     07:21       0:12   차
442 28조(최상식)20 히트볼              승   06:44     06:55       0:11   차
443 29조(배휴준)37 독보천하            승   07:29     07:45       0:16   차
444 29조(배휴준)35 사이먼리치          승   08:40     08:52       0:12   차
445 29조(배휴준) 1 샤크대장군          승   06:21     06:31       0:10   차
446 29조(배휴준)33 선포레              승   06:57     07:08       0:11   차
447 29조(배휴준)26 소중한당신          승   06:27     06:42       0:15   차
448 29조(배휴준)34 슈퍼파크            기   07:05     07:13       0:08   차
449 29조(배휴준) 9 싱싱메리            승   06:22     06:41       0:19   차
450 29조(배휴준)24 싱싱장수            승   07:26     07:36       0:10   차
451 29조(배휴준)28 언비튼가이          기   07:18     07:38       0:20   차
452 29조(배휴준) 6 와와여장부          승   06:52     07:03       0:11   차
453 29조(배휴준)10 원더풀댄서          승   07:20     07:38       0:18   차
454 29조(배휴준)36 월드캡틴            승   08:20     08:39       0:19   차
455 29조(배휴준)17 유로아이            승   08:01     08:15       0:14   차
456 29조(배휴준) 3 천존                승   08:44     09:09       0:25   차
457 29조(배휴준) 5 코리아대장부        승   08:48     09:09       0:21   차
458 29조(배휴준)21 클레이위너          승   08:04     08:18       0:14   차
459 29조(배휴준)29 킹오브선데이        승   08:16     08:30       0:14   차
460 30조(토니  )27 강서프린세스        승   08:12     08:26       0:14   차
461 30조(토니  )17 교룡운우            기   06:59     07:09       0:10   차
462 30조(토니  )14 남산초콜릿          조   07:32     07:44       0:12   차
463 30조(토니  )20 님의향기            조   06:24     06:35       0:11   차
464 30조(토니  )29 당대로얄            승   07:32     07:44       0:12   차
465 30조(토니  ) 2 더검푸              승   06:59     07:09       0:10   차
466 30조(토니  )18 더킹블레이드        조   08:12     08:26       0:14   차
467 30조(토니  ) 3 머니캠프            기   07:30     07:44       0:14   차
468 30조(토니  )19 반야동행            승   06:51     07:04       0:13   차
469 30조(토니  )12 스프링킹            승   07:32     07:44       0:12   차
470 30조(토니  ) 7 에이스샤인          승   08:45     08:54       0:09   차
471 30조(토니  ) 5 에이스솔롱고        승   06:25     06:35       0:10   차
472 30조(토니  )22 점프블레이드        조   08:45     08:55       0:10   차
473 30조(토니  )13 청담탱크            기   08:46     08:55       0:09   차
474 30조(토니  )24 최강스타            기   06:25     06:36       0:11   차
475 30조(토니  )16 최강장산            승   06:24     06:36       0:12   차
476 30조(토니  )15 트루팀버            기   08:14     08:26       0:12   차
477 30조(토니  ) 4 파이트투데이        조   06:58     07:09       0:11   차
478 31조(강환민) 8 갓오브삭스          승   06:12     06:21       0:09   차
479 31조(강환민)15 논스톱데릭          승   08:05     08:18       0:13   차
480 31조(강환민)34 무적장산            기   07:56     08:07       0:11   차
481 31조(강환민)28 빅트리플            기   07:32     07:43       0:11   차
482 31조(강환민)33 슈퍼엑톤            승   06:48     07:00       0:12   차
483 31조(강환민) 1 스피드가이          승   06:16     06:27       0:11   차
484 31조(강환민)10 원더풀하트          기   07:49     07:59       0:10   차
485 31조(강환민) 4 장산가드            승   06:55     07:09       0:14   차
486 31조(강환민)22 정상처럼            기   07:09     07:22       0:13   차
487 31조(강환민) 6 천괴성              승   07:32     07:43       0:11   차
488 31조(강환민) 3 천비성              기   06:22     06:35       0:13   차
489 31조(강환민)12 청담컬링            기   07:49     07:59       0:10   차
490 31조(강환민)37 켄터키망치          승   06:30     06:38       0:08   차
491 31조(강환민)20 크레이지팩터        승   06:45     06:52       0:07   차
492 31조(강환민)21 클린업샤인          승   06:56     07:06       0:10   차
493 31조(강환민)40 티케이플렉스        승   08:06     08:18       0:12   차
494 31조(강환민)29 플라잉팰리스        기   07:47     07:58       0:11   차
495 31조(강환민)30 플라잉포드          승   06:12     06:19       0:07   차
496 31조(강환민)11 핵삭스              승   06:36     06:47       0:11   차
497 32조(김윤섭)11 그랜드마스터        승   06:20     06:33       0:13   차
498 32조(김윤섭)25 금성패션            기   07:18     07:32       0:14   차
499 32조(김윤섭)10 금성황제            승   08:38     09:01       0:23   차
500 32조(김윤섭) 5 럭키마이더스        승   09:04     09:12       0:08   차
501 32조(김윤섭)33 룰즈클래스          승   07:58     08:07       0:09   차
502 32조(김윤섭)17 멋진승부            승   08:28     08:44       0:16   차
503 32조(김윤섭)20 송암공주            승   07:56     08:06       0:10   차
504 32조(김윤섭)29 야스                승   07:18     07:33       0:15   차
505 32조(김윤섭)30 어디가나            기   07:02     07:17       0:15   차
506 32조(김윤섭)24 챔프케이            승   08:14     08:25       0:11   차
507 32조(김윤섭)15 청수라이더          승   07:02     07:17       0:15   차
508 32조(김윤섭)21 큐티바비            기   07:02     07:16       0:14   차
509 32조(김윤섭)12 해피스마티          승   06:20     06:34       0:14   차
510 32조(김윤섭) 4 햇빛향기            승   08:45     08:58       0:13   차
511 32조(김윤섭)26 헬로금성            승   07:03     07:17       0:14   차
512 33조(서인석)34 강화총각            승   07:38     07:49       0:11   차
513 33조(서인석)12 골든블랙            기   07:32     07:42       0:10   차
514 33조(서인석) 5 날아라힐            기   07:38     07:55       0:17   차
515 33조(서인석) 9 누비고              기   08:05     08:14       0:09   차
516 33조(서인석) 1 대완마              승   06:56     07:08       0:12   차
517 33조(서인석)24 레이스로열          기   08:45     09:04       0:19   차
518 33조(서인석)25 매직타이드          기   08:21     08:35       0:14   차
519 33조(서인석)36 모스트스피드        기   06:42     06:53       0:11   차
520 33조(서인석)30 백학                승   06:51     07:01       0:10   차
521 33조(서인석)35 빅레드              기   06:14     06:24       0:10   차
522 33조(서인석)29 빅리버              기   08:05     08:14       0:09   차
523 33조(서인석) 2 빅토리고고          기   06:40     06:53       0:13   차
524 33조(서인석)22 삼정타퍼즈          승   07:15     07:29       0:14   차
525 33조(서인석)14 센토사              승   08:10     08:23       0:13   차
526 33조(서인석) 4 소중한만남          기   08:46     08:57       0:11   차
527 33조(서인석) 6 스피드고            승   06:16     06:32       0:16   차
528 33조(서인석)32 에스테이크          기   06:13     06:23       0:10   차
529 33조(서인석)38 원더풀러커스        승   07:24     07:35       0:11   차
530 33조(서인석)20 유정챔프            기   06:35     06:46       0:11   차
531 33조(서인석)19 이글이글            기   06:25     06:47       0:22   차
532 33조(서인석) 3 이스트트로스        승   06:17     06:32       0:15   차
533 33조(서인석)17 이천특급            승   07:58     08:05       0:07   차
534 33조(서인석)40 청담제왕            승   08:02     08:13       0:11   차
535 33조(서인석) 8 킹칸모르            기   07:45     07:55       0:10   차
536 33조(서인석)33 티즈시티            기   07:03     07:21       0:18   차
537 33조(서인석)15 패션피플            기   06:54     07:01       0:07   차
538 33조(서인석)39 프리마니케          기   08:28     08:37       0:09   차
539 33조(서인석)37 피렌체캐슬          기   07:14     07:31       0:17   차
540 33조(서인석)27 한센바로우즈        승   08:06     08:17       0:11   차
541 34조(리카디)16 남산러브            승   06:43     06:51       0:08   차
542 34조(리카디) 5 남산의별            승   06:20     06:30       0:10   차
543 34조(리카디)12 리멤버웬            기   08:28     08:39       0:11   차
544 34조(리카디)25 마이티지            승   08:41     09:01       0:20   차
545 34조(리카디) 1 맘마로마            승   06:24     06:39       0:15   차
546 34조(리카디)19 매직레코드          승   07:34     07:53       0:19   차
547 34조(리카디) 2 무쌍황후            기   06:55     07:05       0:10   차
548 34조(리카디)26 백산선더            기   07:37     07:46       0:09   차
549 34조(리카디)22 벌말대장            기   07:09     07:19       0:10   차
550 34조(리카디)36 선더윈드            승   08:09     08:19       0:10   차
551 34조(리카디)11 슈퍼삭스            승   06:34     06:46       0:12   차
552 34조(리카디)33 애플민트            승   08:40     09:01       0:21   차
553 34조(리카디)23 어나더초이스        승   07:45     07:56       0:11   차
554 34조(리카디)13 에스삭스            승   08:39     08:51       0:12   차
555 34조(리카디)10 에코빌              기   08:28     08:38       0:10   차
556 34조(리카디) 4 장산포에버          기   07:25     07:35       0:10   차
557 34조(리카디)38 청담포리스트        승   06:22     06:34       0:12   차
558 34조(리카디) 7 체로키마린          승   06:55     07:05       0:10   차
559 34조(리카디)15 최강매직            기   07:09     07:19       0:10   차
560 34조(리카디)27 최강블랙            승   08:41     09:01       0:20   차
561 34조(리카디)34 최강토마            승   07:17     07:28       0:11   차
562 34조(리카디)35 최고캠프            기   08:47     08:55       0:08   차
563 34조(리카디)29 퀀텀점프            기   07:25     07:35       0:10   차
564 34조(리카디)37 한라블로섬          승   08:39     08:51       0:12   차
565 35조(임채덕) 8 구름바다            승   07:58     08:08       0:10   차
566 35조(임채덕)12 나하프린세스        기   07:14     07:24       0:10   차
567 35조(임채덕) 6 댄싱블레이드        승   07:17     07:31       0:14   차
568 35조(임채덕) 3 라이드맨            승   06:12     06:23       0:11   차
569 35조(임채덕)13 미스캠프            승   07:43     08:00       0:17   차
570 35조(임채덕)22 백두산천지          기   06:44     06:51       0:07   차
571 35조(임채덕) 5 에코퍼스트온        승   07:18     07:29       0:11   차
572 35조(임채덕)16 원더풀캣            승   07:53     08:04       0:11   차
573 35조(임채덕)17 제왕의별            기   06:44     06:51       0:07   차
574 35조(임채덕)14 쿨프린세스          기   07:13     07:25       0:12   차
575 35조(임채덕) 4 플라잉조이          승   06:28     06:39       0:11   차
576 37조(심승태)28 금아매저스티        기   07:37     07:45       0:08   차
577 37조(심승태) 8 마하조던            승   06:47     07:06       0:19   차
578 37조(심승태)34 블랙윙윙            기   07:01     07:10       0:09   차
579 37조(심승태)16 비다사랑            승   06:54     07:18       0:24   차
580 37조(심승태) 3 새로운보배          승   08:14     08:23       0:09   차
581 37조(심승태) 7 샤인뮤직            기   07:13     07:23       0:10   차
582 37조(심승태)17 소베라니아          승   06:55     07:17       0:22   차
583 37조(심승태)21 스타크레이지        승   07:02     07:14       0:12   차
584 37조(심승태)37 시저스셔가          승   06:37     06:52       0:15   차
585 37조(심승태)14 이천쌀              기   07:27     07:37       0:10   차
586 40조(송문길)13 고스트빌리지        기   06:46     06:57       0:11   차
587 40조(송문길)26 골드해머            기   07:27     07:37       0:10   차
588 40조(송문길)36 글라디아토레에이    기   07:40     07:50       0:10   차
589 40조(송문길)34 글리밍              승   08:44     08:50       0:06   차
590 40조(송문길)18 녹리총              승   09:09     09:24       0:15   차
591 40조(송문길) 6 독도사랑            승   08:49     09:07       0:18   차
592 40조(송문길)35 메디치스토리        승   07:29     07:45       0:16   차
593 40조(송문길)21 무소의뿔            승   06:10     06:26       0:16   차
594 40조(송문길)29 샴로커              승   06:43     07:06       0:23   차
595 40조(송문길)20 스마트파워          승   06:44     07:01       0:17   차
596 40조(송문길)38 스카이돌풍          승   06:47     07:04       0:17   차
597 40조(송문길)39 스포트라이트        기   07:41     07:50       0:09   차
598 40조(송문길)23 실버울프            보   09:05     09:28       0:23   차
599 40조(송문길)19 심플스타일          승   08:30     08:45       0:15   차
600 40조(송문길)31 아델머스탱          기   07:54     08:04       0:10   차
601 40조(송문길)10 오케이탑            기   07:52     08:04       0:12   차
602 40조(송문길)12 제이이글            기   07:54     08:04       0:10   차
603 40조(송문길)24 콰이어트아델        기   07:28     07:37       0:09   차
604 40조(송문길)33 킬리의제왕          승   06:12     06:28       0:16   차
605 40조(송문길) 8 파워돌풍            승   06:12     06:27       0:15   차
606 40조(송문길)30 파이어로드          승   08:35     08:50       0:15   차
607 41조(신삼영)30 강한여전사          승   06:45     06:57       0:12   차
608 41조(신삼영) 6 광마힐              승   08:25     08:35       0:10   차
609 41조(신삼영)36 굿원더              승   06:11     06:25       0:14   차
610 41조(신삼영)34 문학퀸              승   06:11     06:29       0:18   차
611 41조(신삼영)38 문학파이어          승   08:46     09:00       0:14   차
612 41조(신삼영)18 베스트투어          승   07:12     07:26       0:14   차
613 41조(신삼영) 7 블레이드스톰        승   09:09     09:22       0:13   차
614 41조(신삼영) 1 세명기상            승   07:59     08:11       0:12   차
615 41조(신삼영) 3 세명엠파이어        승   07:12     07:26       0:14   차
616 41조(신삼영)23 와일드코리아        승   08:02     08:15       0:13   차
617 41조(신삼영) 5 와일드파이트        승   08:47     09:00       0:13   차
618 41조(신삼영) 9 출세가도            승   07:38     07:50       0:12   차
619 41조(신삼영)31 크레이지탱크        승   09:10     09:24       0:14   차
620 41조(신삼영) 2 피렌체힐            승   08:20     08:34       0:14   차
621 41조(신삼영) 8 함양상림            승   07:38     07:49       0:11   차
622 41조(신삼영)40 헤리티지            승   06:42     07:00       0:18   차
623 42조(이관호) 3 글로리파이터        기   07:05     07:16       0:11   차
624 42조(이관호) 7 금아애크미          승   07:19     07:30       0:11   차
625 42조(이관호) 1 달타령              기   06:47     06:59       0:12   차
626 42조(이관호)26 레이먼드            기   06:12     06:22       0:10   차
627 42조(이관호)33 로열함성            기   07:04     07:13       0:09   차
628 42조(이관호)14 맥스런              기   07:20     07:28       0:08   차
629 42조(이관호)32 메갈리오스          승   07:27     07:38       0:11   차
630 42조(이관호)28 백랑                기   07:05     07:16       0:11   차
631 42조(이관호)25 불화산              기   07:05     07:23       0:18   차
632 42조(이관호)30 브라보삭스          승   07:54     08:03       0:09   차
633 42조(이관호)24 서브에이스          승   06:13     06:22       0:09   차
634 42조(이관호)39 아이스스타          기   06:47     06:59       0:12   차
635 42조(이관호)15 에이스함성          기   06:12     06:22       0:10   차
636 42조(이관호)10 전정사금            기   06:48     07:00       0:12   차
637 42조(이관호)11 챌린지삭스          승   08:15     08:31       0:16   차
638 42조(이관호) 5 천군                승   06:24     06:33       0:09   차
639 42조(이관호)13 청산강호            기   06:34     06:42       0:08   차
640 42조(이관호)29 초동로즈            기   06:26     06:37       0:11   차
641 42조(이관호)16 초인마              승   06:12     06:23       0:11   차
642 43조(서정하)18 강철다리            승   06:49     06:59       0:10   차
643 43조(서정하)12 대한챔프            승   06:56     07:03       0:07   차
644 43조(서정하) 6 번개라이언          승   08:07     08:19       0:12   차
645 43조(서정하)27 비봉마루            승   07:15     07:28       0:13   차
646 43조(서정하)11 세명캡틴            기   07:43     07:57       0:14   차
647 43조(서정하)14 세명햇살            기   07:03     07:19       0:16   차
648 43조(서정하) 3 아르폰스            기   06:31     06:42       0:11   차
649 43조(서정하) 1 아스테르            승   08:15     08:27       0:12   차
650 43조(서정하)26 영주스톤            승   07:44     07:56       0:12   차
651 43조(서정하)16 케미블루            승   06:27     06:48       0:21   차
652 43조(서정하)10 킬라타스            승   06:59     07:10       0:11   차
653 48조(김대근) 4 더드림              기   06:51     07:09       0:18   차
654 48조(김대근)15 디에코              기   07:39     08:00       0:21   차
655 48조(김대근)19 블루마카롱          보   07:36     07:56       0:20   차
656 48조(김대근)31 블루키톤            기   06:19     06:38       0:19   차
657 48조(김대근)10 슈룹                기   06:19     06:38       0:19   차
658 48조(김대근) 1 쏘아라바바          승   06:20     06:38       0:18   차
659 48조(김대근)13 쏘아라보아          승   06:19     06:38       0:19   차
660 48조(김대근) 3 엄청난걸            기   06:48     07:05       0:17   차
661 48조(김대근)18 좋은걸              보   06:19     06:38       0:19   차
662 48조(김대근) 5 천지울림            기   07:36     07:56       0:20   차
663 48조(김대근)23 철심장              기   07:21     07:39       0:18   차
664 48조(김대근)11 클린하트            승   06:55     07:17       0:22   차
665 48조(김대근)30 환상터치            승   06:59     07:20       0:21   차
666 48조(김대근)14 흥애디              승   07:36     07:57       0:21   차
667 48조(김대근)25 흥행대박            승   07:39     08:02       0:23   차
668 48조(김대근) 8 흥행질주            보   06:53     07:14       0:21   차
669 49조(지용철)32 겅호우              기   07:31     07:44       0:13   차
670 49조(지용철)20 깡돌이              기   07:02     07:22       0:20   차
671 49조(지용철)36 대변화              기   07:33     07:45       0:12   차
672 49조(지용철) 6 마패봉              기   06:33     06:46       0:13   차
673 49조(지용철)21 밀키셰리            승   06:11     06:25       0:14   차
674 49조(지용철)18 사이킥보스          기   06:13     06:26       0:13   차
675 49조(지용철)33 운륭풍호            승   07:57     08:13       0:16   차
676 49조(지용철)40 원앤온리            승   06:26     06:40       0:14   차
677 49조(지용철)24 인듀어런스          기   06:48     07:01       0:13   차
678 49조(지용철)31 절예                기   06:16     06:36       0:20   차
679 49조(지용철)11 진또배기            기   07:57     08:12       0:15   차
680 49조(지용철)13 캐논슈터            승   07:31     07:44       0:13   차
681 49조(지용철) 1 캡틴포스원          기   07:15     07:28       0:13   차
682 49조(지용철)29 페더럴스트롱        기   06:57     07:11       0:14   차
683 49조(지용철)37 페더럴킹            기   06:57     07:11       0:14   차
684 49조(지용철)26 화이트벨벳          기   06:27     06:41       0:14   차
685 50조(박재우)13 가가나              승   06:47     07:10       0:23   차
686 50조(박재우)37 금성세계            승   06:17     06:33       0:16   차
687 50조(박재우) 4 금성차밍            승   06:17     06:33       0:16   차
688 50조(박재우)34 논스톱골드          승   07:49     08:00       0:11   차
689 50조(박재우) 3 다시두손            기   06:25     06:33       0:08   차
690 50조(박재우)38 동작                승   08:35     08:49       0:14   차
691 50조(박재우)40 럭키명호            승   06:28     06:45       0:17   차
692 50조(박재우)32 럭키재산            기   08:08     08:19       0:11   차
693 50조(박재우)17 레벨탑              승   08:32     08:51       0:19   차
694 50조(박재우)36 문학럭키            승   06:47     06:59       0:12   차
695 50조(박재우)35 베스트군단          기   07:00     07:08       0:08   차
696 50조(박재우)19 베스트스톰          기   07:24     07:34       0:10   차
697 50조(박재우) 1 신부                승   08:06     08:19       0:13   차
698 50조(박재우)33 야호골든캣          승   06:47     06:59       0:12   차
699 50조(박재우)28 올드스페셜          기   07:26     07:38       0:12   차
700 50조(박재우) 6 이스트매직          기   07:48     08:00       0:12   차
701 50조(박재우)16 이스트임팩트        승   09:08     09:16       0:08   차
702 50조(박재우)29 장수나봄            승   09:06     09:17       0:11   차
703 50조(박재우)27 제이에스군주        기   07:39     07:54       0:15   차
704 50조(박재우) 8 컴플리트킹덤        승   06:16     06:29       0:13   차
705 50조(박재우)15 트리플킹덤          승   08:17     08:30       0:13   차
706 50조(박재우)21 티즈플랜            기   07:58     08:08       0:10   차
707 50조(박재우) 7 화이트퀸            승   08:27     08:42       0:15   차
708 51조(최용건) 4 급행마              승   06:23     06:43       0:20   차
709 51조(최용건)15 다울사랑            기   07:49     07:59       0:10   차
710 51조(최용건)18 마하지존            보   07:24     07:42       0:18   차
711 51조(최용건)25 봄꽃                승   08:05     08:24       0:19   차
712 51조(최용건)16 인빅터스            보   08:06     08:25       0:19   차
713 51조(최용건) 1 장산골드            보   06:12     06:32       0:20   차
714 51조(최용건)19 장산레이저          조   06:51     07:08       0:17   차
715 51조(최용건) 3 장산탱크            승   06:13     06:27       0:14   차
716 51조(최용건)11 젊은영웅            승   06:57     07:11       0:14   차
717 51조(최용건)22 클리어검            승   06:55     07:07       0:12   차
718 51조(최용건) 8 텔로스              조   07:34     07:50       0:16   차
719 51조(최용건) 9 패션드패션          기   06:29     06:35       0:06   차
720 51조(최용건)24 프리모              승   07:29     07:43       0:14   차
721 51조(최용건)17 히어로스피드        기   06:28     06:36       0:08   차
722 52조(김동균)23 대디글로리          기   07:36     07:41       0:05   차
723 52조(김동균)10 드림포레            보   07:28     07:35       0:07   차
724 52조(김동균)31 머니챔프            승   07:27     07:37       0:10   차
725 52조(김동균)18 메니히어로          보   06:10     06:17       0:07   차
726 52조(김동균)26 블랙머스크          기   06:32     06:44       0:12   차
727 52조(김동균)14 자이언트걸          기   07:24     07:32       0:08   차
728 52조(김동균) 7 천둥세자            기   08:14     08:30       0:16   차
729 52조(김동균)32 청운지벽            승   06:45     06:52       0:07   차
730 52조(김동균)30 퀴클리선            승   06:15     06:24       0:09   차
731 52조(김동균)22 퀸오브베스트        보   06:38     06:51       0:13   차
732 52조(김동균)39 클린업보드          기   06:43     06:55       0:12   차
733 52조(김동균) 3 파노라마선          승   07:05     07:16       0:11   차
734 53조(김동철)20 가즈아              기   06:44     06:57       0:13   차
735 53조(김동철)25 갑오사랑해          승   09:06     09:24       0:18   차
736 53조(김동철)39 럭셔리킹            승   08:38     08:51       0:13   차
737 53조(김동철)38 럭키어필            승   07:30     07:41       0:11   차
738 53조(김동철) 9 미스스피드          승   07:29     07:41       0:12   차
739 53조(김동철)32 백두의정상          승   08:17     08:29       0:12   차
740 53조(김동철)16 블랙인디            승   07:05     07:19       0:14   차
741 53조(김동철)40 새남의별            승   06:21     06:40       0:19   차
742 53조(김동철)36 서울의별            승   06:42     06:52       0:10   차
743 53조(김동철)21 실버디자인          승   08:05     08:16       0:11   차
744 53조(김동철)30 아라시              승   07:53     08:06       0:13   차
745 53조(김동철)31 위닝질주            승   07:29     07:41       0:12   차
746 53조(김동철)37 코인피버            기   07:05     07:19       0:14   차
747 53조(김동철)11 텐스타              기   06:12     06:27       0:15   차
748 53조(김동철)18 티케이데이          승   08:17     08:30       0:13   차
749 53조(김동철) 4 퍼텐셜에너지        승   06:18     06:25       0:07   차
750 53조(김동철) 5 햇살타고            기   07:23     07:39       0:16   차
751 54조(박천서) 2 달리미              기   08:44     09:07       0:23   차
752 54조(박천서)24 리쉬부르            승   08:31     08:41       0:10   차
753 54조(박천서)35 매드디바            승   09:06     09:13       0:07   차
754 54조(박천서) 1 베링맨              승   08:14     08:27       0:13   차
755 54조(박천서)14 베스트파티          보   06:26     06:42       0:16   차
756 54조(박천서)36 브이퀸              기   08:14     08:27       0:13   차
757 54조(박천서)39 삼성비바            승   06:50     07:03       0:13   차
758 54조(박천서)29 선봉골드            승   08:46     09:05       0:19   차
759 54조(박천서)34 스루더스카이        승   08:16     08:31       0:15   차
760 54조(박천서)10 아미고라로          보   07:09     07:25       0:16   차
761 54조(박천서)12 에이맨              승   07:30     07:49       0:19   차
762 54조(박천서) 3 에이스파워풀        기   07:51     08:05       0:14   차
763 54조(박천서)19 월드특급            기   07:35     07:46       0:11   차
764 54조(박천서)18 천지애가            승   07:33     07:46       0:13   차
765 54조(박천서) 9 큐피드가이          보   08:52     08:59       0:07   차
766 54조(박천서)17 판타스틱콤비        승   07:03     07:14       0:11   차
━━━━━━━━━━━━━━━━━━━━━━━━━━━━━━━━━━━━━━━
                                                      출력일자 : 2021. 1.17

