

제목 : 21.08.22(일) 조교현황

  ※기승자범례(조:조교사, 보:조교보, 기:기수, 후:기수후보생, 승:조교승인)
  ※비고(금:금주출전예정마, 차:차주출전예정마, 특:특대상경주출전예정마)
  ※금주, 차주 또는 특별 대상경주 출전예상마는 출전신청 결과 및
  조교사의 의사에 따라 변동될 수 있는 미확정된 자료이오니 참고하시기 바랍니다.
━━━━━━━━━━━━━━━━━━━━━━━━━━━━━━━━━━━━━━━
  순 소속조 - 조번 마명              기승자 입장시각  퇴장시각  조교시간 비고
━━━━━━━━━━━━━━━━━━━━━━━━━━━━━━━━━━━━━━━
  1  1조(박종곤) 7 대마지풍            승   07:39     07:48       0:09   차
  2  1조(박종곤) 1 라온다이아          승   07:05     07:18       0:13   차
  3  1조(박종곤)37 라온더스파크        승   08:27     08:45       0:18   차
  4  1조(박종곤)12 라온더스퍼트        기   06:28     06:42       0:14   차
  5  1조(박종곤)34 라온더와일드        승   08:00     08:21       0:21   차
  6  1조(박종곤)40 라온더피버          승   07:28     07:43       0:15   차
  7  1조(박종곤)32 라온스페셜          승   07:26     07:41       0:15   차
  8  1조(박종곤) 2 라온퍼스트          기   06:31     06:44       0:13   차
  9  1조(박종곤)35 라온핑크            승   06:25     06:39       0:14   차
 10  1조(박종곤)33 문학드림            승   06:40     07:01       0:21   차
 11  1조(박종곤)11 문학보스            승   07:56     08:10       0:14   차
 12  1조(박종곤)18 문학시바            승   07:08     07:25       0:17   차
 13  1조(박종곤)13 블랙펀치            승   07:25     07:44       0:19   차
 14  2조(손영표)25 금성환희            기   06:38     06:55       0:17   차
 15  2조(손영표)35 라스트콜            승   08:08     08:23       0:15   차
 16  2조(손영표)34 매직만점            승   06:57     07:11       0:14   차
 17  2조(손영표)24 보스베이비          기   06:57     07:11       0:14   차
 18  2조(손영표)13 불의신화            기   07:14     07:27       0:13   차
 19  2조(손영표)16 불의여왕            승   08:17     08:28       0:11   차
 20  2조(손영표)20 사랑다모아          승   06:38     06:55       0:17   차
 21  2조(손영표)19 애국자달려          승   07:14     07:27       0:13   차
 22  2조(손영표)30 카미노              승   07:14     07:33       0:19   차
 23  2조(손영표)27 트레비트            기   07:14     07:28       0:14   차
 24  2조(손영표) 2 피케이로드          승   07:49     08:04       0:15   차
 25  3조(최영주) 5 골드카이저          승   07:01     07:16       0:15   차
 26  3조(최영주) 4 골든제이            승   07:38     07:47       0:09   차
 27  3조(최영주)10 러너몬스터          기   06:19     06:32       0:13   차
 28  3조(최영주)14 록라인              승   06:54     07:10       0:16   차
 29  3조(최영주)16 블랙머니            기   08:24     08:37       0:13   차
 30  3조(최영주) 3 슈발도리앙          승   08:24     08:38       0:14   차
 31  3조(최영주)24 에이스댄싱          승   06:17     06:30       0:13   차
 32  3조(최영주)28 질주본              기   07:28     07:42       0:14   차
 33  3조(최영주)29 티케파이어          승   06:20     06:32       0:12   차
 34  3조(최영주) 2 함평에이스          승   06:32     06:49       0:17   차
 35  3조(최영주) 8 함평여왕            승   06:14     06:29       0:15   차
 36  4조(박윤규)10 리드머니            승   06:14     06:27       0:13   차
 37  4조(박윤규)33 리틀보이플래시      승   07:18     07:30       0:12   차
 38  4조(박윤규) 4 멋진가람            승   07:50     08:02       0:12   차
 39  4조(박윤규)31 멋진왕자            승   07:25     07:37       0:12   차
 40  4조(박윤규) 6 성실머니            승   08:13     08:27       0:14   차
 41  4조(박윤규)12 에이스캔트          승   06:15     06:27       0:12   차
 42  4조(박윤규) 8 으뜸이루리          조   06:19     06:41       0:22   차
 43  4조(박윤규) 7 팔팔빅토리          승   06:45     06:58       0:13   차
 44  4조(박윤규)29 해피먼스            승   07:50     08:02       0:12   차
 45  4조(박윤규)37 행복왕자            승   06:48     06:57       0:09   차
 46  5조(우창구)26 눈부신한센          보   08:01     08:13       0:12   차
 47  5조(우창구)37 드림걸스            승   06:43     06:56       0:13   차
 48  5조(우창구) 9 러블리케이          승   07:47     08:02       0:15   차
 49  5조(우창구)15 역전의우승          보   07:23     07:32       0:09   차
 50  5조(우창구) 4 우뚝                승   08:27     08:39       0:12   차
 51  5조(우창구)20 원더케이            보   06:50     07:01       0:11   차
 52  5조(우창구) 8 위너카이            보   08:27     08:41       0:14   차
 53  5조(우창구)33 이글스그리프터      승   07:17     07:32       0:15   차
 54  5조(우창구)14 초원의힘            승   08:27     08:40       0:13   차
 55  5조(우창구)40 특권                승   06:12     06:25       0:13   차
 56  5조(우창구)30 파이널스타          보   06:16     06:33       0:17   차
 57  5조(우창구) 3 퍼펙트라이트        승   08:01     08:13       0:12   차
 58  6조(홍대유)29 가자플랜            승   06:24     06:35       0:11   차
 59  6조(홍대유) 9 그린질주            승   07:47     08:01       0:14   차
 60  6조(홍대유)20 그린최강            승   06:16     06:32       0:16   차
 61  6조(홍대유)28 그린폭주            보   07:58     08:14       0:16   차
 62  6조(홍대유)12 그린필스타          보   06:25     06:39       0:14   차
 63  6조(홍대유) 3 금빛여왕            승   06:37     06:54       0:17   차
 64  6조(홍대유)37 내길의축복          기   06:21     06:39       0:18   차
 65  6조(홍대유)15 문학문              승   07:40     07:59       0:19   차
 66  6조(홍대유)22 베스트플랜          승   08:25     08:40       0:15   차
 67  6조(홍대유)33 새내스퍼트          승   07:46     08:06       0:20   차
 68  6조(홍대유) 5 새내아이린          승   07:05     07:22       0:17   차
 69  6조(홍대유) 4 새내파워풀          승   08:25     08:41       0:16   차
 70  6조(홍대유)19 새내황제            승   07:03     07:19       0:16   차
 71  6조(홍대유)13 선더챔프            보   08:38     08:57       0:19   차
 72  6조(홍대유)38 어플리트마린        승   06:38     06:50       0:12   차
 73  6조(홍대유)39 월영이              보   07:08     07:24       0:16   차
 74  6조(홍대유) 7 이겨주마            승   06:55     07:14       0:19   차
 75  6조(홍대유) 1 정문최강            보   06:51     07:07       0:16   차
 76  6조(홍대유)11 정문폭주            승   06:16     06:32       0:16   차
 77  6조(홍대유) 8 파인터치            보   07:24     07:35       0:11   차
 78  7조(구자흥)26 그린다르크          승   06:14     06:28       0:14   차
 79  7조(구자흥) 5 대군옥              승   07:16     07:24       0:08   차
 80  7조(구자흥)13 대군파워            기   08:09     08:19       0:10   차
 81  7조(구자흥)22 대산특급            승   06:20     06:31       0:11   차
 82  7조(구자흥)19 안양옥센            승   06:43     06:54       0:11   차
 83  7조(구자흥)16 윈디러시            승   08:11     08:21       0:10   차
 84  7조(구자흥)12 제로백파이브        승   07:13     07:35       0:22   차
 85  7조(구자흥) 3 쿠키몬스터          승   07:13     07:35       0:22   차
 86  7조(구자흥)24 토스코노바캣        승   08:13     08:29       0:16   차
 87  7조(구자흥)23 피엔에스린          승   07:37     07:51       0:14   차
 88  8조(최용구)25 돌아온뽀빠이        기   06:40     06:49       0:09   차
 89  8조(최용구)16 로열엘비스          보   06:12     06:30       0:18   차
 90  8조(최용구)31 불멸의제왕          보   07:00     07:17       0:17   차
 91  8조(최용구) 2 송암레전드          승   07:44     08:01       0:17   차
 92  8조(최용구)20 어나더초이스        승   06:12     06:24       0:12   차
 93  8조(최용구)19 오해피              승   06:51     07:03       0:12   차
 94  8조(최용구) 1 와일드우즈          승   06:12     06:25       0:13   차
 95  8조(최용구)23 은혜                승   07:44     08:01       0:17   차
 96  8조(최용구)24 은혜글로리          승   07:44     08:01       0:17   차
 97  8조(최용구) 5 초륭                기   07:27     07:41       0:14   차
 98  8조(최용구)39 카일룸제왕          승   06:46     06:57       0:11   차
 99  9조(강성오) 5 강서돌풍            승   07:21     07:38       0:17   차
100  9조(강성오)24 나의나라            승   08:30     08:43       0:13   차
101  9조(강성오)40 노르웨이서드        승   06:16     06:36       0:20   차
102  9조(강성오)25 대지의여걸          승   06:40     06:56       0:16   차
103  9조(강성오)11 레드마운틴          승   08:05     08:18       0:13   차
104  9조(강성오) 7 마이공주            승   07:21     07:36       0:15   차
105  9조(강성오)19 브라운참            승   06:35     06:47       0:12   차
106  9조(강성오) 4 블랙루키            승   07:50     08:00       0:10   차
107  9조(강성오)14 슬링스톤            승   08:00     08:10       0:10   차
108  9조(강성오)27 옥룡                승   07:34     07:43       0:09   차
109  9조(강성오)12 정조의꿈            승   08:41     08:52       0:11   차
110  9조(강성오)21 중추부사            승   06:15     06:35       0:20   차
111  9조(강성오)37 찬기참              기   07:25     07:37       0:12   차
112  9조(강성오)39 퀴클리런            승   06:51     07:06       0:15   차
113  9조(강성오)36 킹심바              승   06:13     06:26       0:13   차
114  9조(강성오)10 터치나인            승   06:51     07:07       0:16   차
115  9조(강성오)33 텐배거              승   08:38     08:48       0:10   특
116  9조(강성오) 9 허리케인삭스        승   08:47     09:00       0:13   차
117  9조(강성오)28 히든삭스            승   06:13     06:26       0:13   차
118 10조(정호익)14 글로벌캡틴          승   06:12     06:39       0:27   차
119 10조(정호익) 5 두손판타스틱        기   06:30     06:39       0:09   차
120 10조(정호익)26 승부사              승   07:28     07:44       0:16   특
121 10조(정호익)28 에이스찬            기   06:11     06:21       0:10   차
122 10조(정호익)35 원모어러시          승   06:53     07:12       0:19   차
123 10조(정호익)31 원평가속            승   08:20     08:35       0:15   특
124 10조(정호익)29 이스트질주          기   06:21     06:30       0:09   차
125 10조(정호익)38 이스트챔프          승   06:10     06:18       0:08   차
126 10조(정호익)22 터프가이            승   07:36     07:58       0:22   차
127 10조(정호익)11 터프맨              승   06:57     07:17       0:20   차
128 10조(정호익) 7 터프여제            승   08:11     08:33       0:22   차
129 10조(정호익) 8 트리플런            승   07:42     07:59       0:17   차
130 10조(정호익)36 티케이보이          승   06:36     06:54       0:18   차
131 10조(정호익)33 페더럴윈            승   07:07     07:20       0:13   차
132 11조(조현수)34 골디락스            승   07:02     07:14       0:12   차
133 11조(조현수)17 브라이트해피        승   07:10     07:23       0:13   차
134 11조(조현수) 8 사이먼스톰          승   06:54     07:08       0:14   차
135 11조(조현수) 5 스마트별            승   07:42     07:51       0:09   차
136 11조(조현수) 7 원더풀우먼          승   07:27     07:36       0:09   차
137 11조(조현수)16 조이오브킹          승   06:40     06:59       0:19   차
138 11조(조현수)20 컴플리트챔프        승   06:38     06:47       0:09   차
139 11조(조현수)33 퍼지퀸              승   07:10     07:23       0:13   차
140 11조(조현수) 4 해후                보   07:00     07:12       0:12   차
141 11조(조현수)22 휘파람              승   07:42     07:51       0:09   차
142 12조(서범석) 1 논스톱캣            승   06:37     06:51       0:14   차
143 12조(서범석)18 블레싱로드          승   07:11     07:25       0:14   차
144 12조(서범석) 9 원더풀하와이        승   06:28     06:41       0:13   차
145 12조(서범석) 6 파이팅히어로        승   06:37     06:54       0:17   차
146 12조(서범석)21 페네트로            승   06:42     06:57       0:15   차
147 13조(이희영) 1 그레이스리          승   07:06     07:18       0:12   차
148 13조(이희영)15 넘버원타깃          승   07:22     07:41       0:19   차
149 13조(이희영)21 다크존              기   06:55     07:07       0:12   차
150 13조(이희영) 6 달려라존            승   06:50     07:04       0:14   차
151 13조(이희영) 8 바다의꿈            기   08:04     08:24       0:20   차
152 13조(이희영)19 베스트야            기   06:50     07:03       0:13   차
153 13조(이희영)26 본능대로            승   07:54     08:13       0:19   차
154 13조(이희영)23 샤크짱              승   07:29     07:53       0:24   차
155 13조(이희영)10 솔개바람            승   06:32     06:48       0:16   차
156 13조(이희영)35 엘리트라인          승   06:17     06:31       0:14   차
157 13조(이희영)17 캐시백              기   07:16     07:31       0:15   차
158 14조(이신영)26 거센질주            기   07:14     07:31       0:17   차
159 14조(이신영)19 라게르타            조   06:48     07:00       0:12   차
160 14조(이신영) 6 록의제왕            승   06:51     07:07       0:16   차
161 14조(이신영)29 말리부진저          기   06:40     06:55       0:15   차
162 14조(이신영) 7 바이킹하트          승   06:51     07:01       0:10   차
163 14조(이신영)12 사려니로키          기   07:45     07:59       0:14   차
164 14조(이신영)16 스카이망치          기   06:51     07:03       0:12   차
165 14조(이신영)11 아침기상            기   07:05     07:18       0:13   차
166 14조(이신영) 5 엉클오              승   07:38     07:48       0:10   차
167 14조(이신영)23 이글아이            승   06:51     07:03       0:12   차
168 14조(이신영)25 화려한미소          기   06:15     06:29       0:14   차
169 14조(이신영)15 화이트윙            승   07:45     07:59       0:14   차
170 15조(박희철) 4 마에스트로          승   07:35     07:51       0:16   차
171 15조(박희철) 7 보라퀸              승   06:23     06:36       0:13   차
172 16조(최봉주)11 너울이              조   07:22     07:40       0:18   차
173 16조(최봉주)18 네버워크얼론        승   07:26     07:42       0:16   차
174 16조(최봉주) 4 대천뷰티            승   08:48     09:05       0:17   차
175 16조(최봉주) 8 대천얼짱            승   06:56     07:10       0:14   차
176 16조(최봉주)12 디바인키튼          승   08:06     08:27       0:21   차
177 16조(최봉주)30 러닝복스            승   09:06     09:16       0:10   차
178 16조(최봉주) 9 본투글로리          승   06:24     06:33       0:09   차
179 16조(최봉주)38 빅포켓              기   06:54     07:08       0:14   차
180 16조(최봉주)26 서클댄서            승   06:20     06:31       0:11   차
181 16조(최봉주)36 오피서커맨딩        승   08:35     08:46       0:11   차
182 16조(최봉주) 5 원더풀니키야        승   06:51     07:03       0:12   차
183 16조(최봉주) 1 장군별              조   06:56     07:10       0:14   차
184 16조(최봉주) 7 제주의하늘          승   08:48     09:01       0:13   차
185 16조(최봉주)14 차이밍보이          승   08:48     09:05       0:17   차
186 16조(최봉주) 2 천은짱              승   06:14     06:23       0:09   차
187 16조(최봉주)37 천총                기   08:09     08:22       0:13   차
188 16조(최봉주)15 코스모              승   08:06     08:27       0:21   차
189 16조(최봉주)20 투엠오케이          승   08:01     08:17       0:16   차
190 16조(최봉주)10 특급여왕            승   06:37     06:49       0:12   차
191 16조(최봉주)21 파이팅대디          조   06:29     06:42       0:13   차
192 16조(최봉주)13 플라이제니          조   08:06     08:27       0:21   차
193 16조(최봉주)24 호크의영광          승   07:26     07:41       0:15   차
194 17조(김점오) 8 스타룰러            승   06:21     06:36       0:15   차
195 18조(박대흥)19 개나리송            승   07:27     07:40       0:13   차
196 18조(박대흥)25 골드케이            승   08:31     08:42       0:11   차
197 18조(박대흥)29 광해                승   06:17     06:32       0:15   차
198 18조(박대흥)13 뉴스타영천          승   06:17     06:32       0:15   차
199 18조(박대흥)18 뉴에이원            승   07:24     07:40       0:16   차
200 18조(박대흥)20 도끼블레이드        승   06:52     07:15       0:23   차
201 18조(박대흥) 4 메니골드            기   08:09     08:24       0:15   차
202 18조(박대흥)21 미라클케이          승   07:24     07:40       0:16   차
203 18조(박대흥)32 액티몬              기   06:16     06:28       0:12   차
204 18조(박대흥)33 어나더클래스        승   08:35     08:46       0:11   차
205 18조(박대흥)37 위너콰드릴          승   08:30     08:40       0:10   차
206 18조(박대흥)16 위너템플러          기   07:23     07:41       0:18   차
207 18조(박대흥)26 장산몬스터          기   06:47     06:58       0:11   차
208 18조(박대흥)15 치프인디            기   06:17     06:30       0:13   차
209 18조(박대흥)30 케이엔라이트        승   06:59     07:12       0:13   차
210 18조(박대흥)31 케이엔언더킹        승   07:54     08:13       0:19   차
211 18조(박대흥)39 케이엔에이스        기   06:31     06:43       0:12   차
212 18조(박대흥)38 케이엔원더풀        승   07:39     07:54       0:15   차
213 18조(박대흥) 6 케이엔월드          승   06:54     07:13       0:19   차
214 19조(곽영효)19 리빙스턴            기   06:36     06:46       0:10   차
215 19조(곽영효)28 브라이트캣          승   06:59     07:15       0:16   차
216 19조(곽영효)30 빅터웨이            승   07:20     07:38       0:18   차
217 19조(곽영효)18 싱그러운타임        기   06:22     06:35       0:13   차
218 19조(곽영효)20 한강매직            승   08:03     08:15       0:12   차
219 19조(곽영효) 8 한강의기상          승   07:08     07:25       0:17   차
220 19조(곽영효) 1 햇무리              승   08:15     08:31       0:16   차
221 20조(배대선)11 농본바다            기   07:47     08:00       0:13   차
222 20조(배대선) 3 농본파이터          승   08:03     08:17       0:14   차
223 20조(배대선)23 러닝넘버원          승   07:45     07:56       0:11   차
224 20조(배대선)39 머니가락            승   07:09     07:20       0:11   차
225 20조(배대선) 5 머니지프            기   07:34     07:46       0:12   차
226 20조(배대선) 4 머니탑              승   07:34     07:47       0:13   차
227 20조(배대선)40 원더풀케이          승   07:34     07:45       0:11   차
228 20조(배대선)10 천마투데이          승   06:44     06:58       0:14   차
229 20조(배대선)27 큐피드불릿          기   07:09     07:20       0:11   차
230 20조(배대선)35 킹코트              기   07:49     08:02       0:13   차
231 21조(임봉춘)27 뉴그랜드            기   06:49     07:01       0:12   차
232 21조(임봉춘)25 드림맥스            기   07:18     07:31       0:13   차
233 21조(임봉춘) 4 루이사              승   07:00     07:16       0:16   차
234 21조(임봉춘)14 보고또보고          기   06:25     06:38       0:13   차
235 21조(임봉춘) 7 비바챔피언          기   06:49     06:58       0:09   차
236 21조(임봉춘) 6 삼상                승   07:32     07:46       0:14   차
237 21조(임봉춘) 8 슬립웰              승   06:10     06:20       0:10   차
238 21조(임봉춘)31 실버드래곤          승   08:00     08:17       0:17   차
239 21조(임봉춘)22 우리                승   06:20     06:38       0:18   차
240 21조(임봉춘)16 찬란한날            기   07:02     07:16       0:14   차
241 21조(임봉춘)29 파워프라이드        승   08:14     08:20       0:06   차
242 21조(임봉춘)17 풀부스터            승   06:20     06:34       0:14   차
243 21조(임봉춘)11 하이파크            승   06:26     06:44       0:18   차
244 21조(임봉춘) 9 황금천지            기   07:34     07:49       0:15   차
245 22조(안병기) 3 가온포스            승   07:36     07:48       0:12   차
246 22조(안병기)33 갈색향기            승   08:42     08:56       0:14   차
247 22조(안병기)25 구름손짓해          조   06:19     06:33       0:14   차
248 22조(안병기) 4 루비캣              승   06:20     06:34       0:14   차
249 22조(안병기)14 선더호스            승   06:45     07:00       0:15   차
250 22조(안병기)39 소우주              기   07:38     07:50       0:12   차
251 22조(안병기) 2 스프링백            기   07:37     07:54       0:17   차
252 22조(안병기) 5 야무진배짱          기   07:24     07:37       0:13   차
253 22조(안병기)31 어느멋진날          승   07:22     07:40       0:18   차
254 22조(안병기)40 에피파니            승   07:24     07:36       0:12   차
255 22조(안병기)32 울트라애니          승   08:58     09:11       0:13   차
256 22조(안병기)17 원더풀조이          승   08:13     08:27       0:14   차
257 22조(안병기)36 일보등천            조   06:34     06:48       0:14   차
258 22조(안병기)23 축복의약속          기   07:13     07:23       0:10   차
259 22조(안병기)21 푸른요정            승   09:01     09:16       0:15   특
260 23조(유재길)12 경부도령            기   07:08     07:22       0:14   차
261 23조(유재길)18 대싱카누            승   06:39     06:51       0:12   차
262 23조(유재길)14 빛나는질주          승   06:12     06:26       0:14   차
263 23조(유재길) 7 송암바비            승   06:44     06:57       0:13   차
264 23조(유재길) 9 엘리트파워          기   07:03     07:17       0:14   차
265 23조(유재길)15 피엔에스빌          승   07:08     07:22       0:14   차
266 23조(유재길) 8 피엔에스헐          기   07:23     07:35       0:12   차
267 24조(서홍수)34 동서여걸            기   07:23     07:37       0:14   차
268 24조(서홍수)15 마이티굿            승   07:27     07:44       0:17   차
269 24조(서홍수) 4 마이티뉴            승   06:18     06:34       0:16   차
270 24조(서홍수) 1 마이티붐            승   06:46     06:57       0:11   차
271 24조(서홍수)32 마이티지            승   07:38     07:55       0:17   차
272 24조(서홍수) 8 마이티칩            승   07:05     07:22       0:17   차
273 24조(서홍수)20 마이티킥            승   08:43     08:51       0:08   차
274 24조(서홍수)14 마이티팝            승   06:24     06:46       0:22   차
275 24조(서홍수)19 마이티후            승   08:41     08:49       0:08   차
276 24조(서홍수)25 마칼루파워          승   08:20     08:32       0:12   차
277 24조(서홍수) 3 새내포레스트        승   08:13     08:25       0:12   차
278 24조(서홍수)16 스카이송            승   08:13     08:26       0:13   차
279 24조(서홍수)29 스타워즈            승   06:51     07:00       0:09   차
280 24조(서홍수)35 시스터젬            승   07:27     07:42       0:15   차
281 24조(서홍수)40 시크릿보스          승   08:12     08:25       0:13   차
282 24조(서홍수)22 질주대로            승   06:24     06:35       0:11   차
283 24조(서홍수)36 코리안펄            승   08:47     09:00       0:13   차
284 24조(서홍수) 7 팬시팬츠            승   08:01     08:13       0:12   차
285 25조(전승규) 4 강태풍              기   08:44     08:55       0:11   차
286 25조(전승규)33 드림펠라            승   07:24     07:36       0:12   차
287 25조(전승규)16 럭키영              승   07:54     08:07       0:13   차
288 25조(전승규)32 미스양호            승   07:54     08:02       0:08   차
289 25조(전승규)29 블루파이어          승   09:10     09:20       0:10   차
290 25조(전승규)14 송암티즈            기   06:55     07:01       0:06   차
291 25조(전승규)26 송암플레이어        기   06:44     06:51       0:07   차
292 25조(전승규)17 스마트대보          승   07:26     07:35       0:09   차
293 25조(전승규)12 스마트오피서        승   06:55     07:02       0:07   차
294 25조(전승규)40 원더풀인디언        승   07:56     08:06       0:10   차
295 25조(전승규)21 원동길              승   07:54     08:07       0:13   차
296 25조(전승규) 3 이스트라이크        기   08:56     09:05       0:09   차
297 25조(전승규) 6 초토마              기   06:10     06:23       0:13   차
298 25조(전승규)11 최강게임            기   06:30     06:41       0:11   차
299 25조(전승규)20 콘스티솔로          기   06:30     06:41       0:11   차
300 25조(전승규)37 파워요트            승   07:08     07:29       0:21   차
301 25조(전승규)13 페페런              승   06:44     06:52       0:08   차
302 26조(안해양)18 댓츠마이걸          기   08:23     08:34       0:11   차
303 26조(안해양)11 더블에지            기   06:43     06:55       0:12   차
304 26조(안해양)25 더블테이크          보   07:24     07:35       0:11   차
305 26조(안해양)23 럭키인디            기   06:53     07:06       0:13   차
306 26조(안해양)19 런던스피드          승   07:33     07:59       0:26   차
307 26조(안해양)40 런던아이            승   06:27     06:41       0:14   차
308 26조(안해양) 4 런던액티브          승   07:22     07:34       0:12   차
309 26조(안해양)34 런던파워            보   06:59     07:11       0:12   차
310 26조(안해양)10 벼락                기   07:02     07:18       0:16   차
311 26조(안해양)17 시선평정            승   06:23     06:35       0:12   차
312 26조(안해양)35 아킬리온            승   07:52     08:12       0:20   차
313 26조(안해양) 9 에너자이저          보   07:51     08:03       0:12   차
314 26조(안해양)20 예스아이캔          승   07:30     07:48       0:18   차
315 26조(안해양)24 올댓코리아          보   06:25     06:42       0:17   차
316 26조(안해양) 7 플라잉바비          승   07:51     08:04       0:13   차
317 27조(박병일)20 검포                승   07:45     07:57       0:12   차
318 27조(박병일) 8 금세다              승   06:10     06:23       0:13   차
319 27조(박병일)15 더불어숲            승   08:27     08:44       0:17   차
320 27조(박병일) 5 드림패션            승   07:11     07:28       0:17   차
321 27조(박병일)17 리얼팩              승   06:10     06:29       0:19   차
322 27조(박병일)25 문학백투백          승   06:10     06:30       0:20   차
323 27조(박병일)16 문학선              승   08:31     08:39       0:08   차
324 27조(박병일) 6 문학태핏            승   07:24     07:38       0:14   차
325 27조(박병일) 9 사만다치타          승   07:48     08:04       0:16   차
326 27조(박병일)29 스틸더패션          승   06:45     06:55       0:10   차
327 27조(박병일)28 은혜드림            승   07:11     07:28       0:17   차
328 27조(박병일) 3 은혜충만            승   08:05     08:15       0:10   차
329 27조(박병일)27 인천스피드          승   06:52     07:02       0:10   차
330 27조(박병일) 2 청춘비바            승   07:46     08:01       0:15   차
331 27조(박병일)12 최강미래            승   06:56     07:09       0:13   차
332 27조(박병일)23 환상터치            승   07:26     07:45       0:19   차
333 28조(최상식)10 거센광풍            승   07:02     07:18       0:16   차
334 28조(최상식)12 글로벌럭키          승   06:10     06:18       0:08   차
335 28조(최상식) 6 글로벌천사          승   06:20     06:33       0:13   차
336 28조(최상식)14 글로벌퍼스트        승   07:03     07:18       0:15   차
337 28조(최상식)24 샌드파워            승   06:34     06:47       0:13   차
338 28조(최상식)17 퍼펙트파워          승   07:48     07:59       0:11   차
339 29조(배휴준)12 고속페달            조   06:56     07:12       0:16   차
340 29조(배휴준) 1 골든클래스          보   08:29     08:40       0:11   차
341 29조(배휴준)18 데스크탑            보   07:05     07:15       0:10   차
342 29조(배휴준)23 소중한기억          승   06:41     06:57       0:16   차
343 29조(배휴준)26 소중한당신          보   07:35     07:50       0:15   차
344 29조(배휴준)19 스푸트니크          승   08:00     08:11       0:11   차
345 29조(배휴준) 6 와와여장부          승   06:50     07:00       0:10   차
346 29조(배휴준)31 와일드킹덤          조   07:46     08:00       0:14   차
347 29조(배휴준)14 천송이              승   08:28     08:44       0:16   차
348 29조(배휴준)36 퀸오브레이싱        승   07:42     07:53       0:11   차
349 29조(배휴준)29 킹오브선데이        조   06:27     06:36       0:09   차
350 29조(배휴준)17 피엔에스아이        기   06:30     06:40       0:10   차
351 30조(토니  )27 강서프린세스        조   06:12     06:24       0:12   차
352 30조(토니  )14 남산초콜릿          승   06:50     07:03       0:13   차
353 30조(토니  )20 님의향기            승   07:56     08:10       0:14   차
354 30조(토니  )29 당대로얄            기   07:20     07:33       0:13   차
355 30조(토니  ) 2 더검푸              조   06:45     06:57       0:12   차
356 30조(토니  ) 6 벚꽃블레이드        기   06:20     06:33       0:13   차
357 30조(토니  ) 3 베리블레이드        승   07:56     08:10       0:14   차
358 30조(토니  )25 스타블레이드        승   07:20     07:33       0:13   차
359 30조(토니  )17 아마존킹            조   07:20     07:33       0:13   차
360 30조(토니  ) 5 에이스솔롱고        기   07:56     08:10       0:14   차
361 30조(토니  ) 1 우청륭              승   08:30     08:39       0:09   차
362 30조(토니  ) 9 장산바다            조   07:55     08:09       0:14   차
363 30조(토니  )21 천둥오름            승   06:20     06:33       0:13   차
364 30조(토니  )16 최강장산            승   07:20     07:33       0:13   차
365 30조(토니  ) 8 케이블레이드        승   06:20     06:33       0:13   차
366 30조(토니  ) 4 파이트투데이        승   06:50     07:03       0:13   차
367 30조(토니  )23 헤라블레이드        승   08:30     08:47       0:17   차
368 31조(강환민)29 레전드삭스          승   08:01     08:18       0:17   차
369 31조(강환민)10 머스탱파워          기   07:39     07:55       0:16   차
370 31조(강환민)20 멋진아치            기   08:01     08:21       0:20   차
371 31조(강환민)18 바잉블레이드        승   06:42     06:51       0:09   차
372 31조(강환민) 2 블루인디            승   06:52     07:10       0:18   차
373 31조(강환민)39 어서와              승   07:12     07:25       0:13   차
374 31조(강환민)24 원더풀섀도우        승   07:35     07:43       0:08   차
375 31조(강환민) 9 유아넘버텐          승   07:39     07:55       0:16   차
376 31조(강환민) 4 장산가드            승   07:35     07:43       0:08   차
377 31조(강환민) 6 정상파워            승   06:52     07:10       0:18   차
378 31조(강환민)38 조이풀케이          승   08:01     08:18       0:17   차
379 31조(강환민)12 청담컬링            승   06:12     06:22       0:10   차
380 31조(강환민)14 탱크삭스            승   06:17     06:25       0:08   차
381 31조(강환민)11 핵삭스              승   07:11     07:24       0:13   차
382 32조(김윤섭) 1 고고스타            기   07:17     07:25       0:08   차
383 32조(김윤섭) 5 럭키마이더스        승   08:08     08:18       0:10   차
384 32조(김윤섭)13 슈퍼버드            기   07:01     07:13       0:12   차
385 32조(김윤섭)30 어디가나            승   07:33     07:49       0:16   차
386 32조(김윤섭) 9 지금여기에          승   06:43     06:58       0:15   차
387 32조(김윤섭)10 천스닥              승   08:06     08:19       0:13   차
388 32조(김윤섭)21 큐티바비            승   07:55     08:07       0:12   차
389 32조(김윤섭)26 헬로금성            승   06:13     06:27       0:14   차
390 33조(서인석)32 골든스타            조   06:12     06:42       0:30   차
391 33조(서인석)31 금성크라운          기   06:30     06:38       0:08   차
392 33조(서인석)38 노던타임            기   07:39     07:49       0:10   차
393 33조(서인석) 2 누비고              기   06:10     06:20       0:10   차
394 33조(서인석)10 라이오넷            승   06:10     06:22       0:12   차
395 33조(서인석)37 레이스로열          승   06:15     06:28       0:13   차
396 33조(서인석)40 매직그레이스        기   08:20     08:30       0:10   차
397 33조(서인석)19 매직조이            기   06:45     06:56       0:11   차
398 33조(서인석)25 매직타이드          기   07:55     08:05       0:10   차
399 33조(서인석)17 매치퀸              기   07:30     07:45       0:15   차
400 33조(서인석)23 벤칼프린세스        기   07:17     07:26       0:09   특
401 33조(서인석) 5 빅리버              승   07:32     07:48       0:16   차
402 33조(서인석)13 선포레              승   06:12     06:25       0:13   차
403 33조(서인석)34 스피드고            승   07:01     07:13       0:12   차
404 33조(서인석)15 열린문              승   07:35     07:49       0:14   차
405 33조(서인석)26 옐로우캣            기   07:29     07:38       0:09   차
406 33조(서인석)16 워프나인            승   08:00     08:10       0:10   차
407 33조(서인석)11 이츠마이럭키        승   08:25     08:38       0:13   차
408 33조(서인석) 3 질주에바다          기   07:08     07:17       0:09   차
409 33조(서인석)36 프리마니케          승   06:50     06:59       0:09   차
410 33조(서인석) 7 환상스타            조   07:17     07:33       0:16   차
411 34조(리카디)16 남산러브            승   08:30     08:40       0:10   차
412 34조(리카디) 5 남산의별            승   07:48     07:58       0:10   차
413 34조(리카디) 8 댄싱블레이드        기   06:35     06:47       0:12   차
414 34조(리카디)38 레드블레이드        승   08:48     09:00       0:12   차
415 34조(리카디)12 리멤버웬            기   06:21     06:30       0:09   차
416 34조(리카디)31 바비블레이드        승   07:22     07:34       0:12   차
417 34조(리카디)26 백산선더            승   06:49     06:58       0:09   차
418 34조(리카디)22 벌말대장            승   08:24     08:32       0:08   차
419 34조(리카디)25 블랙마스크          승   07:36     07:51       0:15   차
420 34조(리카디) 1 비제이스톰          승   08:10     08:22       0:12   차
421 34조(리카디)36 선더윈드            승   07:00     07:11       0:11   차
422 34조(리카디)11 슈퍼삭스            승   07:10     07:26       0:16   차
423 34조(리카디)14 스피드갤럽          승   07:35     07:45       0:10   차
424 34조(리카디) 4 장산포에버          승   08:21     08:31       0:10   차
425 34조(리카디)28 파이널칸지노        승   08:21     08:30       0:09   차
426 34조(리카디) 2 희망가득            기   06:35     06:47       0:12   차
427 35조(임채덕) 9 감곡선샤인          승   07:54     08:07       0:13   차
428 35조(임채덕) 8 로즈골드            기   08:12     08:23       0:11   차
429 35조(임채덕) 5 마이티선샤인        기   07:41     07:50       0:09   차
430 35조(임채덕)10 스마일레이디        승   06:24     06:40       0:16   차
431 35조(임채덕)16 원더풀캣            승   07:58     08:07       0:09   차
432 35조(임채덕)12 인디로켓            승   07:54     08:07       0:13   차
433 35조(임채덕) 6 인디언선샤인        승   07:00     07:19       0:19   차
434 35조(임채덕)14 쿨프린세스          조   07:02     07:13       0:11   차
435 35조(임채덕) 7 플라잉센걸          승   07:00     07:19       0:19   차
436 35조(임채덕)21 플라잉풀문          조   06:22     06:33       0:11   차
437 37조(심승태)15 뉴스마트            기   06:33     06:48       0:15   차
438 37조(심승태)23 메니스퍼트          기   07:00     07:18       0:18   차
439 37조(심승태) 3 새로운보배          승   06:33     06:57       0:24   차
440 37조(심승태) 7 샤인뮤직            기   07:05     07:14       0:09   차
441 37조(심승태) 8 주얼리베스트        승   07:00     07:18       0:18   차
442 37조(심승태)12 퀸오브블루          승   07:10     07:22       0:12   차
443 37조(심승태)40 플라잉카라          승   08:08     08:20       0:12   차
444 37조(심승태)20 피케이돌풍          기   07:32     07:48       0:16   차
445 40조(송문길)31 나의전설            승   06:55     07:05       0:10   차
446 40조(송문길)26 별의순간            승   06:10     06:28       0:18   차
447 40조(송문길)11 블랙참              기   06:16     06:28       0:12   차
448 40조(송문길) 3 스마트파워          기   06:24     06:34       0:10   차
449 40조(송문길)38 스카이돌풍          기   06:28     06:41       0:13   차
450 40조(송문길)22 스포트라이트        승   07:21     07:35       0:14   차
451 40조(송문길)27 심플스타일          기   07:45     07:55       0:10   차
452 40조(송문길)39 아델머스탱          기   07:35     07:47       0:12   차
453 40조(송문길) 7 어마어마            승   08:34     08:59       0:25   차
454 40조(송문길)24 콰이어트아델        승   06:17     06:26       0:09   차
455 40조(송문길)36 클레어베스트        승   07:42     07:56       0:14   차
456 40조(송문길)40 파이어로드          기   06:11     06:22       0:11   차
457 40조(송문길) 1 파이어하트          보   08:07     08:29       0:22   차
458 40조(송문길)13 퍼플케이            승   06:44     06:59       0:15   특
459 41조(신삼영)11 과천신세계          승   07:21     07:39       0:18   차
460 41조(신삼영)13 논스톱기상          승   06:42     06:59       0:17   차
461 41조(신삼영)20 별빛보석            승   07:22     07:35       0:13   차
462 41조(신삼영) 1 세명기상            승   06:45     07:00       0:15   차
463 41조(신삼영)26 아이언로즈          승   06:11     06:24       0:13   차
464 41조(신삼영)24 원더풀금성          승   06:11     06:27       0:16   차
465 41조(신삼영)37 좋은관계            승   06:15     06:27       0:12   차
466 41조(신삼영)14 큐피드베이브        승   06:44     06:58       0:14   차
467 41조(신삼영)31 크레이지탱크        승   07:18     07:30       0:12   차
468 42조(이관호)17 금아스위프트        승   06:12     06:28       0:16   차
469 42조(이관호) 7 금아애크미          승   06:30     06:41       0:11   차
470 42조(이관호)30 달타령              기   08:18     08:31       0:13   차
471 42조(이관호)20 대박행진            승   07:11     07:21       0:10   차
472 42조(이관호)28 더뉴스쿨            기   06:32     06:43       0:11   차
473 42조(이관호)22 레이디퍼스트        승   06:12     06:27       0:15   특
474 42조(이관호)32 로열함성            기   06:45     06:56       0:11   차
475 42조(이관호)31 모르피스            기   06:20     06:35       0:15   차
476 42조(이관호)39 불화산              기   08:00     08:14       0:14   차
477 42조(이관호) 3 서브에이스          기   07:15     07:27       0:12   차
478 42조(이관호)33 서울크라운          기   06:20     06:35       0:15   차
479 42조(이관호)37 아이스펀치          승   07:40     07:53       0:13   차
480 42조(이관호) 9 에이스함성          승   07:10     07:24       0:14   차
481 42조(이관호) 1 와일드러너          기   07:38     07:49       0:11   차
482 42조(이관호)13 청산강호            기   07:00     07:13       0:13   차
483 42조(이관호)19 쿠레레쿠스          기   08:00     08:11       0:11   차
484 42조(이관호) 2 톱포지션            승   06:55     07:04       0:09   차
485 42조(이관호)14 해피드림            기   07:05     07:15       0:10   차
486 42조(이관호)11 히트에이스          승   08:27     08:40       0:13   차
487 43조(서정하) 7 세명강자            승   06:28     06:40       0:12   차
488 43조(서정하)14 세명햇살            승   06:28     06:38       0:10   차
489 43조(서정하)16 케미블루            승   06:28     06:39       0:11   차
490 43조(서정하)10 킬라타스            승   07:18     07:30       0:12   차
491 48조(이준철) 9 거문                보   06:19     06:32       0:13   차
492 48조(이준철) 4 더드림              조   07:36     07:49       0:13   차
493 48조(이준철)16 메이블레이드        승   06:19     06:32       0:13   차
494 48조(이준철)31 블루키톤            조   06:55     07:05       0:10   차
495 48조(이준철)10 슈룹                승   07:44     07:53       0:09   차
496 48조(이준철)13 이천아치            기   06:19     06:32       0:13   차
497 48조(이준철) 5 천지울림            기   06:45     06:56       0:11   차
498 48조(이준철)24 피엔에스수          조   06:19     06:32       0:13   차
499 48조(이준철) 7 흥과기쁨            보   06:55     07:05       0:10   차
500 49조(지용철)32 겅호우              기   08:03     08:12       0:09   차
501 49조(지용철)27 교룡득수            기   07:20     07:29       0:09   차
502 49조(지용철)29 그레이트아이        기   06:14     06:29       0:15   차
503 49조(지용철) 4 내맘의강물          기   07:33     07:49       0:16   차
504 49조(지용철)36 대변화              기   06:38     06:54       0:16   차
505 49조(지용철)35 라스트보스          기   07:02     07:16       0:14   차
506 49조(지용철)38 리마커블            기   07:33     07:49       0:16   차
507 49조(지용철)25 삼단가속            기   08:35     08:50       0:15   차
508 49조(지용철)13 스타로즈            기   06:43     06:53       0:10   차
509 49조(지용철)12 에이투제트          기   06:44     06:54       0:10   차
510 49조(지용철) 9 올가림              기   07:02     07:16       0:14   차
511 49조(지용철)24 인듀어런스          기   07:12     07:31       0:19   차
512 49조(지용철) 5 청산가세            기   06:29     06:43       0:14   차
513 49조(지용철) 3 코리아기적          승   06:29     06:43       0:14   차
514 49조(지용철)16 페더럴아이          승   06:14     06:29       0:15   차
515 49조(지용철) 8 황금달빛            기   06:14     06:29       0:15   차
516 50조(박재우)22 댄싱위드유          승   07:07     07:15       0:08   차
517 50조(박재우) 8 럭키상운            승   08:20     08:33       0:13   차
518 50조(박재우) 2 럭키재산            승   06:34     06:45       0:11   차
519 50조(박재우)40 베스트빅뱅          승   08:42     08:54       0:12   차
520 50조(박재우) 3 베스트스톰          승   07:05     07:14       0:09   차
521 50조(박재우)20 야호스마트캣        승   07:24     07:34       0:10   차
522 50조(박재우)38 올드스페셜          승   06:17     06:30       0:13   차
523 50조(박재우)32 유쾌한날들          승   07:40     07:49       0:09   차
524 50조(박재우)31 이스트매직          승   06:21     06:36       0:15   차
525 50조(박재우)11 이터널메모리        승   07:19     07:27       0:08   차
526 50조(박재우)29 제이에스군주        승   08:00     08:11       0:11   차
527 50조(박재우) 7 컴플리트밸류        승   07:54     08:02       0:08   차
528 50조(박재우)18 컴플리트타임        승   06:16     06:30       0:14   차
529 50조(박재우)19 케이톱킹            승   07:00     07:09       0:09   차
530 50조(박재우)15 트리플킹덤          승   06:34     06:47       0:13   차
531 50조(박재우)12 회두령              승   07:34     07:43       0:09   차
532 51조(최용건)15 나올에이스          승   07:55     08:09       0:14   차
533 51조(최용건)25 봄꽃                보   07:05     07:16       0:11   차
534 51조(최용건)35 써니블레이드        승   07:26     07:38       0:12   차
535 51조(최용건)16 인빅터스            승   07:28     07:40       0:12   차
536 51조(최용건) 1 장산골드            보   06:10     06:20       0:10   차
537 51조(최용건)19 장산레이저          승   07:02     07:19       0:17   차
538 51조(최용건)11 젊은영웅            승   06:12     06:25       0:13   차
539 51조(최용건) 5 천둥여울            승   07:06     07:18       0:12   차
540 51조(최용건)23 톱브레인            승   07:50     07:59       0:09   차
541 51조(최용건)12 티즈러너            승   08:02     08:19       0:17   차
542 51조(최용건)26 플래티넘유로        승   06:57     07:10       0:13   차
543 51조(최용건)17 히어로스피드        승   06:43     06:54       0:11   차
544 52조(김동균)34 그랜드파워          기   07:39     07:57       0:18   차
545 52조(김동균)27 드림노크            보   08:27     08:35       0:08   차
546 52조(김동균)10 드림포레            승   06:14     06:35       0:21   차
547 52조(김동균) 2 럭키월드            기   06:40     06:55       0:15   차
548 52조(김동균)26 블랙머스크          보   06:11     06:21       0:10   차
549 52조(김동균)25 비트퀸              기   07:46     07:56       0:10   차
550 52조(김동균)14 서머에이스          승   06:45     06:56       0:11   차
551 52조(김동균) 6 엠제이스톰          기   06:45     06:55       0:10   차
552 52조(김동균)40 엠제이포인트        승   07:28     07:36       0:08   차
553 52조(김동균)37 영광의캡틴          보   07:18     07:28       0:10   차
554 52조(김동균) 5 질주전사            승   06:48     07:01       0:13   차
555 52조(김동균)13 카빙크로스          승   08:49     08:59       0:10   차
556 52조(김동균)30 퀴클리선            승   06:17     06:38       0:21   차
557 52조(김동균) 3 파노라마선          승   08:05     08:20       0:15   차
558 52조(김동균) 9 허밍버드            보   07:45     07:54       0:09   차
559 52조(김동균)24 흑전사              보   06:40     06:48       0:08   차
560 53조(김동철)19 금석돌파            승   07:58     08:11       0:13   차
561 53조(김동철) 2 대한질주            승   06:42     07:00       0:18   차
562 53조(김동철)34 러피언파크          승   07:21     07:35       0:14   차
563 53조(김동철)10 로맨스참            승   07:41     07:56       0:15   차
564 53조(김동철)36 서울의별            승   06:56     07:07       0:11   차
565 53조(김동철)27 슈퍼아이            기   07:20     07:31       0:11   차
566 53조(김동철)29 천지운행            승   07:00     07:16       0:16   차
567 53조(김동철) 1 큐피드포인트        승   07:53     08:10       0:17   차
568 53조(김동철) 4 퍼텐셜에너지        승   07:21     07:35       0:14   차
569 54조(박천서)14 그린백              보   06:58     07:14       0:16   차
570 54조(박천서)40 댄스머신            기   06:52     07:05       0:13   차
571 54조(박천서) 1 베링맨              승   06:44     06:53       0:09   차
572 54조(박천서)36 브이퀸              승   08:38     08:52       0:14   차
573 54조(박천서) 2 비호번개            보   06:13     06:27       0:14   차
574 54조(박천서)29 선봉골드            기   07:04     07:14       0:10   차
575 54조(박천서)24 아라비아해          기   06:51     07:03       0:12   차
━━━━━━━━━━━━━━━━━━━━━━━━━━━━━━━━━━━━━━━
                                                      출력일자 : 2021. 8.22

