

제목 : 21.09.18 제 58 일  토 요일   1경주;   

 1000 M   출전:12두    국6등급   ( R0~0             2세       )     출발:11:00
 별정A         일반      
  23,400,000원    9,900,000원    6,300,000원    3,150,000원    2,250,000원 
------------------------------------------------------------------------------------------------------
 마번  마   명            산지  성별 연령 중량       기수       조교사     마주              레이팅
------------------------------------------------------------------------------------------------------
   1   세인트루카          한    수   2  55.0       이철경      서인석    김재성b                  
   2   리마커블            한    암   2  50.0   (-4)김아현      지용철    조용학                   
   3   피엔에스빌          한(포)수   2  55.0       문정균      유재길    피엔에스홈즈             
   4   라온더위켄드        한    암   2  53.0       이혁        박종곤    라온산업개발(주)         
   5   바로퀸              한    암   2  53.0       박을운      박천서    박평양                   
   6   유레카              한    수   2  55.0       이용호      이신영    (주)나스카               
   7   카우보이킹          한    거   2  55.0       안토니오    최용구    강무웅                   
   8   글로벌매직          한    수   2  55.0       함완식      최상식    장재형                   
   9   제이트로스          한    암   2  53.0       김정준      송문길    허장원                   
  10   벚꽃블레이드        한    암   2  53.0       김용근      토니      김병진                   
  11   큐피드와우          한    수   2  55.0       조상범      강환민    서순배                   
  12   빛의대륙            한    암   2  53.0       김효정      배대선    미리내                   
------------------------------------------------------------------------------------------------------
                                                                          --총전적--      --1년전적--
 마번  마  명                  수득상금     1년수득상금  6개월수득상금  1위/2위/3위/계  1위/2위/3위/계
------------------------------------------------------------------------------------------------------
   1   세인트루카                       0             0             0    0   0   0   0   0   0   0   0
   2   리마커블                         0             0             0    0   0   0   0   0   0   0   0
   3   피엔에스빌                       0             0             0    0   0   0   0   0   0   0   0
   4   라온더위켄드                     0             0             0    0   0   0   0   0   0   0   0
   5   바로퀸                           0             0             0    0   0   0   0   0   0   0   0
   6   유레카                           0             0             0    0   0   0   0   0   0   0   0
   7   카우보이킹                       0             0             0    0   0   0   0   0   0   0   0
   8   글로벌매직                       0             0             0    0   0   0   0   0   0   0   0
   9   제이트로스                       0             0             0    0   0   0   0   0   0   0   0
  10   벚꽃블레이드                     0             0             0    0   0   0   0   0   0   0   0
  11   큐피드와우                       0             0             0    0   0   0   0   0   0   0   0
  12   빛의대륙                 9,900,000     9,900,000     9,900,000    0   1   0   1   0   1   0   1
------------------------------------------------------------------------------------------------------


제목 : 21.09.18 제 58 일  토 요일   2경주;   

 1400 M   출전:12두    국6등급   ( R0~0             연령오픈  )     출발:12:00
 별정A         일반      
  11,440,000원    4,840,000원    3,080,000원    1,540,000원    1,100,000원 
------------------------------------------------------------------------------------------------------
 마번  마   명            산지  성별 연령 중량       기수       조교사     마주              레이팅
------------------------------------------------------------------------------------------------------
   1   라게르타            한    암   3  54.0       이용호      이신영    이성영                   
   2   챔피언가문          한    거   3  56.0       박태종      박대흥    (주)케이씨피             
   3   윈디러시            한    암   4  54.0       이동국      구자흥    제주축협                 
   4   그레이트아이        한(포)수   3  52.0   (-4)김아현      지용철    금악목장                 
   5   무적장산            한    암   3  54.0       안토니오    강환민    삼정                     
   6   큐피드코리아        한    거   4  56.0       방춘식      배대선    서순배                   
   7   기타리스트          한    거   3  56.0       김옥성      박천서    김봉섭                   
   8   방탄여걸            한    암   3  54.0       하정훈      이관호    김태권                   
   9   태양타고            한    암   3  54.0       최원준      지용철    최성룡                   
  10   스타크레이지        한    수   3  56.0       부민호      심승태    전영애                   
  11   선봉골드            한    암   3  54.0       이기회      박천서    한영석                   
  12   사우스반            한    암   5  54.0       박상우      서범석    임종근                   
------------------------------------------------------------------------------------------------------
                                                                          --총전적--      --1년전적--
 마번  마  명                  수득상금     1년수득상금  6개월수득상금  1위/2위/3위/계  1위/2위/3위/계
------------------------------------------------------------------------------------------------------
   1   라게르타                 9,900,000     9,900,000     9,900,000    1   0   0   8   1   0   0   8
   2   챔피언가문              11,450,000     7,700,000             0    0   1   0   8   0   1   0   6
   3   윈디러시                 2,250,000     1,250,000             0    0   0   0   7   0   0   0   5
   4   그레이트아이             2,310,000     2,310,000     2,310,000    0   0   0   3   0   0   0   3
   5   무적장산                 3,080,000     3,080,000     3,080,000    0   0   1   5   0   0   1   5
   6   큐피드코리아            15,880,000    10,780,000     6,160,000    0   1   2  13   0   1   1   8
   7   기타리스트               1,540,000     1,540,000     1,540,000    0   0   0   5   0   0   0   5
   8   방탄여걸                 6,380,000     6,380,000     3,960,000    0   0   0   7   0   0   0   7
   9   태양타고                 4,180,000     4,180,000     1,540,000    0   0   0   7   0   0   0   7
  10   스타크레이지                     0             0             0    0   0   0   3   0   0   0   3
  11   선봉골드                 5,040,000     5,040,000     1,540,000    0   0   1   7   0   0   1   7
  12   사우스반                 5,620,000     1,540,000     1,540,000    0   0   0  17   0   0   0   6
------------------------------------------------------------------------------------------------------


제목 : 21.09.18 제 58 일  토 요일   3경주;   

 1300 M   출전:12두    국5등급   ( R1~35            연령오픈  )     출발:13:20
 핸디캡        일반      
  17,160,000원    7,260,000원    4,620,000원    2,310,000원    1,650,000원 
------------------------------------------------------------------------------------------------------
 마번  마   명            산지  성별 연령 중량       기수       조교사     마주              레이팅
------------------------------------------------------------------------------------------------------
   1   모던베스트          한    암   3  53.0       송재철      이희영    베스트샤인조합         31
   2   시크릿보스          한(포)수   3  55.0       다비드      서홍수    김명식                 31
   3   천둥캣              한    암   3  52.5       하정훈      심승태    이종욱                 30
   4   제이에스파워        한    거   4  56.5       이혁        손영표    박정재                 34
   5   대세만세            한    암   3  52.0       김옥성      박희철    신영식                 28
   6   디에코              한    암   4  52.5       최범현      이준철    안희철                 30
   7   그레이트한센        한    암   3  52.0       박을운      조현수    이혜란                 28
   8   포트스원            한    암   3  52.0       이철경      서인석    조창규                 29
   9   골드케이            한    거   3  55.5       안토니오    박대흥    강경운                 32
  10   더파이팅            한    수   3  55.0       김정준      박병일    김정철                 31
  11   섀도우퀸            한    암   4  53.5       함완식      신삼영    링크폴로               32
  12   유롱스타            한    암   4  52.0   (-1)임다빈      정호익    에릭 코                31
------------------------------------------------------------------------------------------------------
                                                                          --총전적--      --1년전적--
 마번  마  명                  수득상금     1년수득상금  6개월수득상금  1위/2위/3위/계  1위/2위/3위/계
------------------------------------------------------------------------------------------------------
   1   모던베스트              23,870,000    23,870,000    20,130,000    1   1   1   7   1   1   1   7
   2   시크릿보스              18,920,000    18,920,000    18,920,000    1   1   1   7   1   1   1   7
   3   천둥캣                  12,980,000    12,980,000    12,980,000    1   0   0   2   1   0   0   2
   4   제이에스파워            44,520,000    42,360,000    17,160,000    2   0   0  12   2   0   0   6
   5   대세만세                14,080,000    14,080,000    14,080,000    1   0   1   8   1   0   1   8
   6   디에코                  44,790,000    20,690,000    20,690,000    1   1   3  15   1   0   1   6
   7   그레이트한센            14,300,000    14,300,000    14,300,000    1   1   0   6   1   1   0   6
   8   포트스원                57,510,000    16,260,000    11,760,000    1   1   2  10   0   1   2   7
   9   골드케이                25,880,000    25,880,000    25,880,000    1   0   3   8   1   0   3   8
  10   더파이팅                21,560,000    21,560,000    18,480,000    1   1   0   7   1   1   0   7
  11   섀도우퀸                34,090,000    14,840,000    10,340,000    1   2   1  10   0   1   1   7
  12   유롱스타                32,420,000    31,420,000    20,200,000    1   2   1   9   1   2   1   8
------------------------------------------------------------------------------------------------------


제목 : 21.09.18 제 58 일  토 요일   4경주;   

 1200 M   출전:12두    국5등급   ( R1~35            연령오픈  )     출발:14:15
 핸디캡        일반      
  23,400,000원    9,900,000원    6,300,000원    3,150,000원    2,250,000원 
------------------------------------------------------------------------------------------------------
 마번  마   명            산지  성별 연령 중량       기수       조교사     마주              레이팅
------------------------------------------------------------------------------------------------------
   1   아로마              한    수   4  53.0       이철경      이관호    최수군                 27
   2   매드블레이드        한    거   3  55.0       안토니오    강환민    김형란                 31
   3   울트라킹            한    거   3  57.0       임기원      안병기    조명식                 35
   4   원더풀데블          한    암   3  52.5       김용근      서홍수    (주)녹원목장           30
   5   대지의여걸          한    암   3  52.5       먼로        강성오    김명식                 30
   6   컴플리트스타        한    암   3  52.5       박태종      박재우    장세준                 30
   7   스마트핑크          한    암   3  52.5       이혁        김동철    오종환                 30
   8   마파람              한    암   2  52.0       송재철      임봉춘    (주)나스카             30
   9   골든찬스            한    암   3  52.0       정정희      배휴준    양현모                 26
  10   명품히어로          한    거   3  53.5   (-1)임다빈      김점오    박양호                 30
  11   로드란              한    암   4  54.5       박현우      구자흥    표종순                 34
  12   초원의기적          한    암   4  52.0       빅투아르    우창구    조홍구                 27
------------------------------------------------------------------------------------------------------
                                                                          --총전적--      --1년전적--
 마번  마  명                  수득상금     1년수득상금  6개월수득상금  1위/2위/3위/계  1위/2위/3위/계
------------------------------------------------------------------------------------------------------
   1   아로마                  28,620,000    23,020,000    12,020,000    0   3   2   9   0   3   1   7
   2   매드블레이드            21,360,000    19,360,000    13,860,000    1   1   0   9   1   1   0   7
   3   울트라킹                37,380,000    37,380,000    31,000,000    2   0   1   9   2   0   1   8
   4   원더풀데블              19,580,000    19,580,000    19,580,000    1   0   0   5   1   0   0   5
   5   대지의여걸              21,560,000    21,560,000    13,420,000    1   1   1   9   1   1   1   8
   6   컴플리트스타            27,060,000    27,060,000     7,700,000    1   2   1   6   1   2   1   6
   7   스마트핑크              14,300,000    14,300,000             0    1   1   0   3   1   1   0   3
   8   마파람                  23,400,000    23,400,000    23,400,000    1   0   0   2   1   0   0   2
   9   골든찬스                19,120,000    19,120,000    11,200,000    0   2   1   6   0   2   1   6
  10   명품히어로              14,520,000    14,520,000    14,520,000    1   0   1   5   1   0   1   5
  11   로드란                  58,450,000     8,250,000             0    2   1   1   5   1   0   0   1
  12   초원의기적              14,180,000     8,580,000     4,620,000    0   0   3   9   0   0   2   7
------------------------------------------------------------------------------------------------------


제목 : 21.09.18 제 58 일  토 요일   5경주;   

 1200 M   출전:12두    혼4등급   ( R1~50            연령오픈  )     출발:15:10
 핸디캡        일반      
  23,400,000원    9,900,000원    6,300,000원    3,150,000원    2,250,000원 
------------------------------------------------------------------------------------------------------
 마번  마   명            산지  성별 연령 중량       기수       조교사     마주              레이팅
------------------------------------------------------------------------------------------------------
   1   몬스터케이          미    거   3  57.5       박태종      우창구    강경운                 49
   2   천지광풍            미    수   2  52.0       박을운      박윤규    김영선                 38
   3   문학스트롱          미    수   2  52.0       이혁        박종곤    권경자                 38
   4   퀵실버키튼          미    거   3  51.0   (-1)임다빈      손영표    황경호                 38
   5   언비튼가이          미    수   4  53.0       정정희      배휴준    오상철                 40
   6   파인로드            미    수   3  55.0       조한별      최용구    최동근                 44
   7   최고레이스          미    수   3  54.0       빅투아르    강성오    이강운                 42
   8   별나라질주          미    거   3  57.5       안토니오    박대흥    조경수                 49
   9   어나더초이스        미    암   4  52.0       송재철      최용구    김중길                 36
  10   파워요트            미    수   4  52.0       김동수      전승규    이시환                 36
  11   유아넘버텐          호    거   4  52.0       조상범      강환민    서창식                 36
  12   도깨비              미    거   3  52.0       김옥성      조현수    피닉스                 37
------------------------------------------------------------------------------------------------------
                                                                          --총전적--      --1년전적--
 마번  마  명                  수득상금     1년수득상금  6개월수득상금  1위/2위/3위/계  1위/2위/3위/계
------------------------------------------------------------------------------------------------------
   1   몬스터케이              46,350,000    43,350,000    43,350,000    2   0   1   8   2   0   1   7
   2   천지광풍                         0             0             0    0   0   0   1   0   0   0   1
   3   문학스트롱                       0             0             0    0   0   0   0   0   0   0   0
   4   퀵실버키튼              11,350,000    11,350,000    11,350,000    0   0   1   3   0   0   1   3
   5   언비튼가이              16,310,000    16,310,000    11,690,000    0   1   0   5   0   1   0   5
   6   파인로드                16,800,000    16,800,000             0    1   0   0   5   1   0   0   5
   7   최고레이스              29,000,000    29,000,000    29,000,000    1   0   0   5   1   0   0   5
   8   별나라질주              35,090,000    35,090,000    32,150,000    1   1   0   3   1   1   0   3
   9   어나더초이스                     0             0             0    0   0   0   4   0   0   0   4
  10   파워요트                         0             0             0    0   0   0   3   0   0   0   1
  11   유아넘버텐                       0             0             0    0   0   0   5   0   0   0   5
  12   도깨비                  10,500,000    10,500,000             0    0   0   1   5   0   0   1   5
------------------------------------------------------------------------------------------------------


제목 : 21.09.18 제 58 일  토 요일   6경주;   

 1200 M   출전:12두    혼3등급   ( R1~65            연령오픈  )     출발:16:05
 핸디캡        일반      
  31,200,000원   13,200,000원    8,400,000원    4,200,000원    3,000,000원 
------------------------------------------------------------------------------------------------------
 마번  마   명            산지  성별 연령 중량       기수       조교사     마주              레이팅
------------------------------------------------------------------------------------------------------
   1   고고비              캐    암   5  54.5       김정준      김윤섭    김재용                 61
   2   빅터문              미    암   3  52.0       송재철      김동균    박정배                 52
   3   메니챔프            한    수   4  53.0       김용근      안병기    조명식                 54
   4   클린업벨라          미    수   4  58.0       정정희      박재우    씨유네트워크           64
   5   글로벌신화          미    수   3  52.0       김동수      최상식    장재형                 51
   6   원더풀딕시          한    수   5  53.0       김효정      최봉주    지대섭                 54
   7   미르스톰            한    거   5  57.0       박을운      김동철    이월희                 62
   8   호크행진곡          한    거   5  52.0       조상범      최봉주    오종환                 51
   9   대군파워            한(포)거   5  53.5       박현우      구자흥    표종순                 55
  10   문학젠야타          미    암   3  54.5       박태종      박종곤    권경자                 61
  11   섬싱익스펙트        미    수   4  52.0       이용호      홍대유    정춘복                 52
  12   대군의창            미    수   5  54.0       하정훈      구자흥    표종순                 56
------------------------------------------------------------------------------------------------------
                                                                          --총전적--      --1년전적--
 마번  마  명                  수득상금     1년수득상금  6개월수득상금  1위/2위/3위/계  1위/2위/3위/계
------------------------------------------------------------------------------------------------------
   1   고고비                 142,140,000    13,440,000     2,940,000    2   2   3  18   0   0   1   6
   2   빅터문                  41,300,000    41,300,000    24,500,000    2   1   0   4   2   1   0   4
   3   메니챔프               136,900,000    48,700,000    15,700,000    3   2   1  15   1   0   1   7
   4   클린업벨라             115,260,000    27,060,000             0    2   4   1  10   1   1   0   4
   5   글로벌신화              47,600,000    47,600,000    28,700,000    1   2   2   5   1   2   2   5
   6   원더풀딕시             159,680,000    10,080,000    10,080,000    3   2   5  19   0   0   1   6
   7   미르스톰               220,570,000    41,320,000    35,820,000    4   3   3  24   1   0   0   8
   8   호크행진곡             115,120,000     8,320,000             0    3   1   1  17   0   0   0   6
   9   대군파워               144,660,000    17,860,000     7,620,000    3   2   4  17   0   0   1   7
  10   문학젠야타             107,260,000    90,760,000    53,140,000    2   2   1   9   2   1   1   7
  11   섬싱익스펙트            53,400,000     4,200,000     4,200,000    1   0   2   9   0   0   0   5
  12   대군의창               117,300,000             0             0    1   4   2  16   0   0   0   4
------------------------------------------------------------------------------------------------------


제목 : 21.09.18 제 58 일  토 요일   7경주;   

 1700 M   출전:12두    국5등급   ( R1~35            연령오픈  )     출발:17:00
 핸디캡        일반      
  17,160,000원    7,260,000원    4,620,000원    2,310,000원    1,650,000원 
------------------------------------------------------------------------------------------------------
 마번  마   명            산지  성별 연령 중량       기수       조교사     마주              레이팅
------------------------------------------------------------------------------------------------------
   1   배다리캔디          한(포)암   3  55.0       송재철      홍대유    송한우                 35
   2   청담탱크            한    암   4  54.0       먼로        토니      삼정                   33
   3   드림패션            한    수   4  57.0       김동수      박병일    드림커뮤니티           35
   4   호크의영광          한    거   5  52.5       박태종      최봉주    코리아호스랜드         26
   5   해피먼스            한    암   4  52.0       김효정      박윤규    박덕희                 26
   6   경부도령            한    수   4  53.5       박상우      유재길    허건호                 28
   7   런런런              한    수   3  53.0       최범현      서범석    청메이칭               27
   8   대용왕              한    거   5  52.0       박현우      임봉춘    박정재                 24
   9   최강블랙            한    암   3  52.5       빅투아르    리카디    이강운                 30
  10   러피언파크          한    거   4  53.0       함완식      김동철    박종율                 27
  11   금성에이스          한    암   4  54.0       이철경      서인석    조창규                 33
  12   서던맨              한(포)거   5  52.5       이용호      홍대유    이경희                 26
------------------------------------------------------------------------------------------------------
                                                                          --총전적--      --1년전적--
 마번  마  명                  수득상금     1년수득상금  6개월수득상금  1위/2위/3위/계  1위/2위/3위/계
------------------------------------------------------------------------------------------------------
   1   배다리캔디              70,790,000    27,940,000    25,700,000    2   0   1  10   1   0   1   8
   2   청담탱크                43,070,000    41,470,000    38,390,000    1   3   0  10   1   3   0   8
   3   드림패션                47,380,000    37,380,000    25,740,000    1   2   2  11   1   2   1   7
   4   호크의영광              15,990,000    12,870,000    12,870,000    0   0   4  22   0   0   3   9
   5   해피먼스                31,220,000    13,320,000     8,580,000    0   1   3  21   0   0   2  11
   6   경부도령                35,410,000    11,760,000    11,760,000    1   2   1  16   0   1   1   8
   7   런런런                  12,100,000    12,100,000    12,100,000    0   2   0   5   0   2   0   5
   8   대용왕                  38,280,000             0             0    1   1   1  19   0   0   0   5
   9   최강블랙                19,470,000    19,470,000    19,470,000    1   0   2   5   1   0   2   5
  10   러피언파크              29,690,000    17,570,000    14,070,000    0   1   4  15   0   1   2   8
  11   금성에이스              57,230,000    18,430,000     9,310,000    1   2   2  10   0   1   1   6
  12   서던맨                  35,280,000     5,480,000     1,960,000    1   1   0  21   0   0   0   8
------------------------------------------------------------------------------------------------------


제목 : 21.09.18 제 58 일  토 요일   8경주;   

 1400 M   출전:12두    국4등급   ( R1~50            연령오픈  )     출발:17:30
 핸디캡        일반      
  23,400,000원    9,900,000원    6,300,000원    3,150,000원    2,250,000원 
------------------------------------------------------------------------------------------------------
 마번  마   명            산지  성별 연령 중량       기수       조교사     마주              레이팅
------------------------------------------------------------------------------------------------------
   1   매직레코드          한    암   3  52.0       빅투아르    리카디    남기태                 37
   2   에이스함성          한    수   4  54.0       함완식      이관호    황의영                 42
   3   루비콘              한    암   3  52.0       박태종      홍대유    최동근                 37
   4   마성투혼            한    암   4  52.5       정정희      서인석    천사들의 안장          43
   5   봄날의기억          한    수   4  53.5       김동수      안병기    우태율                 41
   6   운외창천            한    암   4  51.0       다비드      우창구    장수영                 40
   7   베스트타임          한(포)암   3  52.0       송재철      임봉춘    김태성                 40
   8   화이트코멧          한    수   5  54.5   (-1)임다빈      정호익    백국인                 45
   9   스테디챔피언        한    수   3  57.5       신형철      김점오    신우철                 49
  10   스피드벨            한    거   5  52.0       조상범      임봉춘    최몽주                 36
  11   제다이              한    암   3  54.5       김용근      송문길    (주)나스카             47
  12   정문볼트            한    수   4  56.5       이혁        홍대유    김재영b                47
------------------------------------------------------------------------------------------------------
                                                                          --총전적--      --1년전적--
 마번  마  명                  수득상금     1년수득상금  6개월수득상금  1위/2위/3위/계  1위/2위/3위/계
------------------------------------------------------------------------------------------------------
   1   매직레코드              31,460,000    31,460,000    31,460,000    2   1   0   5   2   1   0   5
   2   에이스함성              66,250,000    50,600,000    45,100,000    3   3   1  11   3   2   0   6
   3   루비콘                  42,640,000    39,640,000    33,580,000    1   4   1   9   1   4   1   8
   4   마성투혼                94,480,000    15,050,000    15,050,000    2   2   3  15   0   1   1   5
   5   봄날의기억              77,840,000    50,320,000    48,720,000    1   4   2  16   1   2   0   7
   6   운외창천                66,370,000    30,970,000    18,200,000    2   2   2  10   1   2   0   7
   7   베스트타임              88,600,000    43,600,000    29,850,000    1   5   1  10   0   5   1   8
   8   화이트코멧              89,190,000    11,550,000     8,550,000    2   3   3  18   0   0   1   7
   9   스테디챔피언            58,360,000    58,360,000    44,500,000    3   2   0   6   3   2   0   6
  10   스피드벨                75,960,000     7,760,000     7,760,000    2   1   1  20   0   0   1   6
  11   제다이                 109,250,000    76,750,000    28,000,000    3   3   2   9   2   3   1   7
  12   정문볼트                79,630,000    24,430,000     2,450,000    2   3   1  12   0   2   1   5
------------------------------------------------------------------------------------------------------


제목 : 21.09.18 제 58 일  토 요일   9경주;   

 1400 M   출전: 9두    2등급   ( R1~80            연령오픈  )     출발:18:00
 핸디캡        경주퇴역마 복지기금 출연 기념경주
  39,000,000원   16,500,000원   10,500,000원    5,250,000원    3,750,000원 
------------------------------------------------------------------------------------------------------
 마번  마   명            산지  성별 연령 중량       기수       조교사     마주              레이팅
------------------------------------------------------------------------------------------------------
   1   이글스그리프터      미    수   6  52.0       정정희      우창구    최몽주                 66
   2   무도                한    수   5  53.0       최범현      이관호    황은호                 70
   3   파크삭스            미    수   6  52.0       조상범      강환민    김창식                 66
   4   마이호크            한    수   5  51.5   (-1)임다빈      정호익    백국인                 69
   5   라온더파이터        한(포)수   3  57.0       이혁        박종곤    라온산업개발(주)       78
   6   굿필승              미    수   3  51.5       김용근      박윤규    김지훈                 67
   7   님의향기            한    수   5  52.0       먼로        토니      한명로                 68
   8   피닉스선            한    거   8  54.5       빅투아르    박대흥    남승현                 73
   9   돌아온날리          미    수   7  51.0       하정훈      신삼영    태희종합건설           66
------------------------------------------------------------------------------------------------------
                                                                          --총전적--      --1년전적--
 마번  마  명                  수득상금     1년수득상금  6개월수득상금  1위/2위/3위/계  1위/2위/3위/계
------------------------------------------------------------------------------------------------------
   1   이글스그리프터         146,750,000     3,500,000     3,500,000    2   3   1  25   0   0   0   4
   2   무도                   190,115,000    80,990,000    39,740,000    5   3   2  17   3   0   0   5
   3   파크삭스               200,250,000    15,000,000             0    2   5   4  26   0   1   0   7
   4   마이호크               235,780,000    27,030,000    18,750,000    5   3   2  22   0   2   0   7
   5   라온더파이터           113,150,000   113,150,000    69,800,000    6   0   0   6   6   0   0   6
   6   굿필승                  86,080,000    86,080,000    72,500,000    3   2   1   6   3   2   1   6
   7   님의향기               233,710,000    40,760,000    16,000,000    3   5   7  23   0   1   3   6
   8   피닉스선               206,940,000     6,600,000             0    5   2   0  16   0   0   0   4
   9   돌아온날리             158,200,000     5,500,000     5,500,000    1   3   5  32   0   0   0   5
------------------------------------------------------------------------------------------------------


제목 : 21.09.19 제 59 일  일 요일   1경주;   

 1000 M   출전:12두    국6등급   ( R0~0             2세       )     출발:10:45
 별정A         일반      
  23,400,000원    9,900,000원    6,300,000원    3,150,000원    2,250,000원 
------------------------------------------------------------------------------------------------------
 마번  마   명            산지  성별 연령 중량       기수       조교사     마주              레이팅
------------------------------------------------------------------------------------------------------
   1   청산영웅            한    거   2  55.0       유승완      이관호    황은호                   
   2   드림스피드          한    암   2  53.0       정정희      리카디    남기태                   
   3   골든스쿠프          한    암   2  53.0       김동수      이관호    김정철                   
   4   올포유어드림        한    수   2  55.0       송재철      신삼영    서창식                   
   5   럭키인디            한    암   2  53.0       김효정      안해양    김성래                   
   6   별빛마루            한    암   2  53.0       임기원      박재우    서순배                   
   7   굿플랜              한    암   2  53.0       최범현      박종곤    황봉기                   
   8   캐시백              한    수   2  55.0       김귀배      이희영    김창국                   
   9   바람살              한(포)암   2  53.0       문정균      최상식    제일사료(주)             
  10   걸작드림            한    암   2  53.0       다비드      박윤규    박덕희                   
  11   선더플래시          한    수   2  55.0       박현우      임봉춘    이장운                   
  12   참좋은친구          한    암   2  53.0       김정준      이준철    임한용                   
------------------------------------------------------------------------------------------------------
                                                                          --총전적--      --1년전적--
 마번  마  명                  수득상금     1년수득상금  6개월수득상금  1위/2위/3위/계  1위/2위/3위/계
------------------------------------------------------------------------------------------------------
   1   청산영웅                         0             0             0    0   0   0   1   0   0   0   1
   2   드림스피드               2,250,000     2,250,000     2,250,000    0   0   0   1   0   0   0   1
   3   골든스쿠프                       0             0             0    0   0   0   0   0   0   0   0
   4   올포유어드림                     0             0             0    0   0   0   0   0   0   0   0
   5   럭키인디                         0             0             0    0   0   0   0   0   0   0   0
   6   별빛마루                 8,610,000     8,610,000     8,610,000    0   0   1   2   0   0   1   2
   7   굿플랜                           0             0             0    0   0   0   1   0   0   0   1
   8   캐시백                           0             0             0    0   0   0   0   0   0   0   0
   9   바람살                           0             0             0    0   0   0   0   0   0   0   0
  10   걸작드림                         0             0             0    0   0   0   1   0   0   0   1
  11   선더플래시                       0             0             0    0   0   0   0   0   0   0   0
  12   참좋은친구                       0             0             0    0   0   0   0   0   0   0   0
------------------------------------------------------------------------------------------------------


제목 : 21.09.19 제 59 일  일 요일   2경주;   

 1200 M   출전:12두    국6등급   ( R0~0             3세이하   )     출발:11:10
 별정A         일반      
  17,160,000원    7,260,000원    4,620,000원    2,310,000원    1,650,000원 
------------------------------------------------------------------------------------------------------
 마번  마   명            산지  성별 연령 중량       기수       조교사     마주              레이팅
------------------------------------------------------------------------------------------------------
   1   스위트캠프          한    암   3  54.0       이혁        최용구    송용만                   
   2   천리총              한    암   2  52.5       빅투아르    배휴준    조금제                   
   3   다이아마이트        한    암   3  54.0       정정희      안병기    우태율                   
   4   통일전사            한    거   3  56.0       김옥성      김점오    백경무                   
   5   내맘의강물          한    암   3  54.0       조상범      지용철    오종환                   
   6   퀸엔젤              한    암   3  50.0   (-4)김아현      김동철    김근영                   
   7   퍼지데이            한    거   2  54.5       송재철      최용구    송용만                   
   8   노스몰선            한    암   2  52.5       장추열      정호익    김평갑                   
   9   프린세스데이        한    암   3  54.0       박을운      조현수    김선식                   
  10   플라잉카라          한(포)거   3  56.0       임기원      심승태    김형순                   
  11   라피어반            한(포)암   3  54.0       먼로        서범석    임종근                   
  12   천마비상            한(포)암   3  54.0       이철경      서인석    정승희                   
------------------------------------------------------------------------------------------------------
                                                                          --총전적--      --1년전적--
 마번  마  명                  수득상금     1년수득상금  6개월수득상금  1위/2위/3위/계  1위/2위/3위/계
------------------------------------------------------------------------------------------------------
   1   스위트캠프                       0             0             0    0   0   0   1   0   0   0   1
   2   천리총                           0             0             0    0   0   0   2   0   0   0   2
   3   다이아마이트             2,310,000     2,310,000     2,310,000    0   0   0   2   0   0   0   2
   4   통일전사                         0             0             0    0   0   0   1   0   0   0   1
   5   내맘의강물                       0             0             0    0   0   0   0   0   0   0   0
   6   퀸엔젤                           0             0             0    0   0   0   1   0   0   0   1
   7   퍼지데이                         0             0             0    0   0   0   0   0   0   0   0
   8   노스몰선                         0             0             0    0   0   0   0   0   0   0   0
   9   프린세스데이             4,620,000     4,620,000     4,620,000    0   0   1   2   0   0   1   2
  10   플라잉카라               7,700,000     7,700,000             0    0   0   2   2   0   0   2   2
  11   라피어반                 7,150,000     7,150,000     7,150,000    0   1   0   2   0   1   0   2
  12   천마비상                         0             0             0    0   0   0   0   0   0   0   0
------------------------------------------------------------------------------------------------------


제목 : 21.09.19 제 59 일  일 요일   3경주;   

 1200 M   출전:12두    국6등급   ( R0~0             연령오픈  )     출발:11:40
 별정A         일반      
  17,160,000원    7,260,000원    4,620,000원    2,310,000원    1,650,000원 
------------------------------------------------------------------------------------------------------
 마번  마   명            산지  성별 연령 중량       기수       조교사     마주              레이팅
------------------------------------------------------------------------------------------------------
   1   기적의힘            한    수   3  56.0       김옥성      유재길    이장운                   
   2   제이이글            한    암   3  54.0       이철경      송문길    허장원                   
   3   넘버원타깃          한    암   4  50.0   (-4)김태희      이희영    태립                     
   4   불의가속            한    거   3  56.0       함완식      손영표    신상섭                   
   5   퍼펙트라이트        한    암   4  53.0   (-1)임다빈      우창구    변갑한                   
   6   컨트리로드          한    수   3  56.0       김정준      박병일    김정철                   
   7   파이널에이스        한    암   4  54.0       유승완      조현수    김선식                   
   8   블랙카              한    암   3  54.0       김효정      배대선    최홍일                   
   9   소베라니아          한    암   3  54.0       박을운      심승태    전영애                   
  10   빅에너지            한    수   3  56.0       조한별      이관호    김광명                   
  11   데스크탑            한    수   3  56.0       이용호      배휴준    조금제                   
  12   엠제이돌풍          한    수   3  56.0       이기회      서홍수    박정재                   
------------------------------------------------------------------------------------------------------
                                                                          --총전적--      --1년전적--
 마번  마  명                  수득상금     1년수득상금  6개월수득상금  1위/2위/3위/계  1위/2위/3위/계
------------------------------------------------------------------------------------------------------
   1   기적의힘                 1,650,000     1,650,000     1,650,000    0   0   0   4   0   0   0   4
   2   제이이글                11,330,000    11,330,000     8,690,000    0   1   0   7   0   1   0   7
   3   넘버원타깃               4,000,000             0             0    0   0   0   8   0   0   0   5
   4   불의가속                 7,920,000     7,920,000     2,420,000    0   1   0   4   0   1   0   4
   5   퍼펙트라이트             3,960,000     3,960,000     3,960,000    0   0   0  10   0   0   0   9
   6   컨트리로드                       0             0             0    0   0   0   2   0   0   0   2
   7   파이널에이스            13,520,000     7,920,000     7,920,000    0   1   1  14   0   1   0   9
   8   블랙카                   1,000,000     1,000,000             0    0   0   0   4   0   0   0   3
   9   소베라니아               9,680,000     9,680,000     9,680,000    0   1   0   2   0   1   0   2
  10   빅에너지                 2,310,000     2,310,000     2,310,000    0   0   0   4   0   0   0   4
  11   데스크탑                14,080,000    14,080,000    11,660,000    0   1   1   6   0   1   1   6
  12   엠제이돌풍                       0             0             0    0   0   0   3   0   0   0   3
------------------------------------------------------------------------------------------------------


제목 : 21.09.19 제 59 일  일 요일   4경주;   

 1300 M   출전:12두    국6등급   ( R0~0             연령오픈  )     출발:12:45
 별정A         일반      
  11,440,000원    4,840,000원    3,080,000원    1,540,000원    1,100,000원 
------------------------------------------------------------------------------------------------------
 마번  마   명            산지  성별 연령 중량       기수       조교사     마주              레이팅
------------------------------------------------------------------------------------------------------
   1   스마트전사          한    거   3  56.0       김정준      송문길    김태성                   
   2   비바챔피언          한    수   3  56.0       황순도      임봉춘    박세용                   
   3   비엔토              한    암   3  54.0       부민호      심승태    전영애                   
   4   어드밴스            한(포)암   4  54.0       정평수      최봉주    정승희                   
   5   미스스피드          한    암   3  54.0       최원준      김동철    김명식                   
   6   온천하              한    수   3  56.0       조상범      지용철    김광명                   
   7   갑오사랑해          한    암   4  50.0   (-4)김아현      김동철    김평갑                   
   8   원더풀오렌지        한    암   4  54.0       김효정      배대선    (주)녹원목장             
   9   스피어건            한(포)수   3  56.0       함완식      유재길    김영완                   
  10   그랜드스타          한    수   3  56.0       임기원      박재우    박정재                   
  11   야스                한    암   3  54.0       김옥성      김윤섭    조금제                   
  12   플라잉풀문          한    암   3  54.0       장추열      임채덕    김형순                   
------------------------------------------------------------------------------------------------------
                                                                          --총전적--      --1년전적--
 마번  마  명                  수득상금     1년수득상금  6개월수득상금  1위/2위/3위/계  1위/2위/3위/계
------------------------------------------------------------------------------------------------------
   1   스마트전사               5,500,000     5,500,000     5,500,000    0   1   0   3   0   1   0   3
   2   비바챔피언               2,310,000     2,310,000     2,310,000    0   0   0   6   0   0   0   6
   3   비엔토                   3,080,000     3,080,000             0    0   0   0   3   0   0   0   3
   4   어드밴스                 6,820,000     6,820,000     6,820,000    0   0   2  10   0   0   2   8
   5   미스스피드               4,620,000     4,620,000     3,080,000    0   0   1  11   0   0   1  11
   6   온천하                  11,000,000    11,000,000    11,000,000    0   1   1   4   0   1   1   4
   7   갑오사랑해              15,140,000     7,040,000     5,500,000    0   0   1  13   0   0   0   8
   8   원더풀오렌지            20,370,000    11,220,000    11,220,000    0   1   1  17   0   1   0   9
   9   스피어건                 8,580,000     8,580,000     8,580,000    0   1   1   7   0   1   1   7
  10   그랜드스타               2,420,000     2,420,000     2,420,000    0   0   0   6   0   0   0   6
  11   야스                     2,640,000     2,640,000     2,640,000    0   0   0   9   0   0   0   9
  12   플라잉풀문               3,410,000     3,410,000     3,410,000    0   0   0   6   0   0   0   6
------------------------------------------------------------------------------------------------------


제목 : 21.09.19 제 59 일  일 요일   5경주;   

 1200 M   출전:12두    국5등급   ( R1~35            연령오픈  )     출발:13:50
 핸디캡        일반      
  17,160,000원    7,260,000원    4,620,000원    2,310,000원    1,650,000원 
------------------------------------------------------------------------------------------------------
 마번  마   명            산지  성별 연령 중량       기수       조교사     마주              레이팅
------------------------------------------------------------------------------------------------------
   1   패션드패션          한    암   3  51.0   (-4)김아현      최용건    이미양                 35
   2   큐피드비상          한    암   4  54.5       김동수      서범석    서순배                 34
   3   허리케인삭스        한    거   4  53.0       함완식      강성오    김창식                 27
   4   베스트마루          한    거   3  54.5       이철경      이관호    베스트샤인조합         30
   5   팬시팬츠            한    암   3  52.0       다비드      서홍수    윤지중                 29
   6   새내윈              한    수   3  55.0       최범현      홍대유    문금철                 31
   7   원지                한    거   4  54.5       조한별      안병기    우태율                 30
   8   셋더페이스          한    암   5  52.0       장추열      정호익    윤지중                 29
   9   천둥세자            한    수   3  55.0       김정준      김동균    김영근                 31
  10   파이팅나우          한    수   4  57.0       박태종      박종곤    김정철                 35
  11   티즈블랙            한    거   4  57.0       유승완      우창구    유길상                 35
  12   러닝킹              한    수   3  57.0       김용근      지용철    오종환                 35
------------------------------------------------------------------------------------------------------
                                                                          --총전적--      --1년전적--
 마번  마  명                  수득상금     1년수득상금  6개월수득상금  1위/2위/3위/계  1위/2위/3위/계
------------------------------------------------------------------------------------------------------
   1   패션드패션              36,280,000    36,280,000    24,620,000    2   1   1   8   2   1   1   8
   2   큐피드비상              54,490,000    22,540,000    10,080,000    1   2   1  15   0   1   1   8
   3   허리케인삭스            12,560,000    10,560,000    10,560,000    0   0   3   8   0   0   3   5
   4   베스트마루              11,440,000    11,440,000    11,440,000    1   0   0   7   1   0   0   6
   5   팬시팬츠                23,980,000    23,980,000    19,800,000    0   2   1   8   0   2   1   8
   6   새내윈                  23,320,000    23,320,000    20,680,000    1   1   1   8   1   1   1   7
   7   원지                    19,360,000    19,360,000    16,940,000    1   1   0  10   1   1   0   6
   8   셋더페이스              46,330,000    21,530,000    10,340,000    1   2   1  14   0   2   1   8
   9   천둥세자                16,720,000    16,720,000    15,180,000    1   0   1   7   1   0   1   7
  10   파이팅나우              57,640,000    36,240,000    22,140,000    0   5   2  11   0   3   2   7
  11   티즈블랙                30,800,000    20,000,000    20,000,000    2   1   0   5   2   0   0   3
  12   러닝킹                  29,480,000    29,480,000    16,060,000    1   3   0   7   1   3   0   7
------------------------------------------------------------------------------------------------------


제목 : 21.09.19 제 59 일  일 요일   6경주;   

 1400 M   출전:12두    국5등급   ( R1~35            연령오픈  )     출발:14:45
 핸디캡        일반      
  17,160,000원    7,260,000원    4,620,000원    2,310,000원    1,650,000원 
------------------------------------------------------------------------------------------------------
 마번  마   명            산지  성별 연령 중량       기수       조교사     마주              레이팅
------------------------------------------------------------------------------------------------------
   1   하이하이            한(포)수   3  57.0       장추열      정호익    김경민                 35
   2   네버워크얼론        한(포)수   4  55.0       문정균      최봉주    김정철                 31
   3   강화처녀            한    암   4  52.0       이철경      서인석    서운석                 29
   4   하루온              한    암   4  53.0       조한별      박병일    임동현                 31
   5   청산가세            한    거   4  51.0   (-4)김아현      지용철    김종식                 30
   6   코리안펄            한    거   4  54.0       김효정      서홍수    박순옥                 29
   7   우승환희            한    암   3  52.0       유승완      김동균    이연수                 27
   8   스톰워리어          한    거   3  54.5       조상범      박대흥    양동희                 30
   9   파이팅대디          한    거   3  56.0       최범현      최봉주    김정철                 33
  10   고스트빌리지        한(포)수   4  54.5       이용호      송문길    (주)나스카             30
  11   아침함성            한    암   3  52.5       먼로        박희철    이미경                 30
  12   김천영웅            한    거   3  55.0       신형철      임채덕    박충범                 31
------------------------------------------------------------------------------------------------------
                                                                          --총전적--      --1년전적--
 마번  마  명                  수득상금     1년수득상금  6개월수득상금  1위/2위/3위/계  1위/2위/3위/계
------------------------------------------------------------------------------------------------------
   1   하이하이                32,320,000    32,320,000    12,760,000    2   1   2   6   2   1   2   6
   2   네버워크얼론            37,000,000    31,500,000     2,000,000    1   1   1   8   1   1   0   5
   3   강화처녀                25,850,000    20,250,000    11,250,000    0   2   2  13   0   2   1   7
   4   하루온                  53,250,000    18,450,000     7,260,000    1   2   3  13   0   2   1   7
   5   청산가세                24,800,000    24,800,000    10,080,000    1   1   1  14   1   1   1   9
   6   코리안펄                47,640,000    20,140,000     7,840,000    1   2   1  14   0   1   1   9
   7   우승환희                14,580,000    12,980,000     9,240,000    0   0   3   9   0   0   3   7
   8   스톰워리어              11,440,000    11,440,000    11,440,000    1   0   0   5   1   0   0   4
   9   파이팅대디              24,710,000    24,710,000     8,650,000    2   1   0   7   2   1   0   7
  10   고스트빌리지            18,000,000    14,500,000    14,500,000    1   0   2   7   1   0   1   5
  11   아침함성                20,020,000    20,020,000    17,600,000    1   0   1   9   1   0   1   9
  12   김천영웅                15,180,000    15,180,000    15,180,000    1   0   1   5   1   0   1   5
------------------------------------------------------------------------------------------------------


제목 : 21.09.19 제 59 일  일 요일   7경주;   

 1200 M   출전:12두    국4등급   ( R1~50            연령오픈  )     출발:15:40
 핸디캡        일반      
  23,400,000원    9,900,000원    6,300,000원    3,150,000원    2,250,000원 
------------------------------------------------------------------------------------------------------
 마번  마   명            산지  성별 연령 중량       기수       조교사     마주              레이팅
------------------------------------------------------------------------------------------------------
   1   그레이트칸          한    거   4  52.0       황순도      강환민    김순건                 37
   2   강서프린세스        한(포)암   3  52.0       먼로        토니      (주)디알엠씨티         36
   3   머니시장            한    암   4  52.5       김효정      배대선    박상헌                 42
   4   핵삭스              한    수   4  56.0       안토니오    강환민    김창식                 45
   5   대천얼짱            한    수   3  52.0       유승완      최봉주    김경민                 36
   6   사려니퀸            한    암   4  52.0       이혁        구자흥    오영익                 37
   7   글로벌영웅          한    수   3  52.0       김용근      최상식    장재형                 37
   8   안양호랑이          한(포)암   4  52.0       이용호      홍대유    (주)에이에프피         37
   9   동쪽글로리          한    거   4  52.0       장추열      정호익    김영구                 37
  10   영광의미소          한    암   3  52.0       임기원      박재우    변창덕                 41
  11   가나파크            한    암   4  51.0       다비드      안해양    김한수                 38
  12   파워타워            한    암   4  52.0       김동수      최봉주    윤지중                 38
------------------------------------------------------------------------------------------------------
                                                                          --총전적--      --1년전적--
 마번  마  명                  수득상금     1년수득상금  6개월수득상금  1위/2위/3위/계  1위/2위/3위/계
------------------------------------------------------------------------------------------------------
   1   그레이트칸              56,990,000    22,390,000    11,200,000    2   2   1   7   1   1   1   4
   2   강서프린세스            33,110,000    33,110,000    24,310,000    2   1   0   5   2   1   0   5
   3   머니시장                97,920,000    37,320,000    14,500,000    1   3   3  12   0   1   3   8
   4   핵삭스                  60,990,000    60,990,000    19,640,000    2   2   1   6   2   2   1   6
   5   대천얼짱                35,400,000    35,400,000    23,960,000    1   3   1   8   1   3   1   8
   6   사려니퀸                36,060,000    25,960,000    25,960,000    2   1   1   5   2   0   0   3
   7   글로벌영웅              39,160,000    39,160,000    25,960,000    2   1   2   9   2   1   2   8
   8   안양호랑이              36,210,000    31,460,000    17,160,000    2   1   1  12   2   1   0   7
   9   동쪽글로리              57,210,000    33,700,000     3,850,000    3   2   0  16   2   1   0   8
  10   영광의미소              54,960,000    44,460,000    29,960,000    3   0   3   7   3   0   2   6
  11   가나파크                56,300,000    22,000,000             0    2   1   1   5   1   0   0   2
  12   파워타워                71,950,000    68,950,000     3,150,000    1   2   1   7   1   2   1   6
------------------------------------------------------------------------------------------------------


제목 : 21.09.19 제 59 일  일 요일   8경주;   

 1400 M   출전:12두    혼3등급   ( R1~65            연령오픈  )     출발:16:35
 별정B         일반      
  31,200,000원   13,200,000원    8,400,000원    4,200,000원    3,000,000원 
------------------------------------------------------------------------------------------------------
 마번  마   명            산지  성별 연령 중량       기수       조교사     마주              레이팅
------------------------------------------------------------------------------------------------------
   1   발베니              미    수   3  57.0       안토니오    최용구    강무웅                 60
   2   새내아이린          미    암   4  52.0       박을운      홍대유    문금철                 52
   3   블루마카롱          미    암   4  52.0   (-4)김아현      이준철    최병욱                 65
   4   옥스퍼드킹          한(포)수   3  56.0       임기원      박재우    민형근                 59
   5   금자유              미    암   4  55.0       이동국      박병일    배태곤                 62
   6   샤크짱              미    수   4  54.0       김옥성      이희영    이종길                 51
   7   이스트반            미    거   4  54.0       장추열      서범석    임종근                 52
   8   문학선              미    수   3  54.0       먼로        박병일    에스지이건설           51
   9   스프링킹            미    거   4  54.0       하정훈      토니      (주)디알엠씨티         53
  10   마이티윙            미    수   5  54.0       다비드      서홍수    조병태                 51
  11   금로열              한    수   5  57.0       유승완      우창구    배태곤                 60
  12   적벽신화            미    거   6  55.0       박상우      조현수    이창모                 56
------------------------------------------------------------------------------------------------------
                                                                          --총전적--      --1년전적--
 마번  마  명                  수득상금     1년수득상금  6개월수득상금  1위/2위/3위/계  1위/2위/3위/계
------------------------------------------------------------------------------------------------------
   1   발베니                  90,320,000    49,070,000    34,650,000    3   1   1   8   2   1   1   7
   2   새내아이린              73,760,000    29,960,000    12,600,000    0   3   3  11   0   2   0   7
   3   블루마카롱             149,710,000    46,960,000    22,400,000    3   2   2  15   1   1   2   8
   4   옥스퍼드킹             145,400,000    80,150,000    76,650,000    4   3   0  10   3   2   0   7
   5   금자유                 131,390,000    22,640,000     7,140,000    2   2   2  15   0   1   0   6
   6   샤크짱                 104,080,000    24,880,000    11,760,000    1   2   5  19   0   1   2   7
   7   이스트반                93,770,000    48,020,000    19,740,000    1   5   1  14   1   2   1   7
   8   문학선                  32,200,000    32,200,000    32,200,000    2   0   0   4   2   0   0   4
   9   스프링킹                76,830,000    22,380,000    18,540,000    1   1   2  11   0   0   2   8
  10   마이티윙               103,800,000    15,600,000     4,620,000    1   3   0  23   0   0   0   8
  11   금로열                 167,060,000    52,660,000    52,660,000    4   3   1  18   1   0   1   6
  12   적벽신화               205,320,000     4,620,000     4,620,000    3   1   4  35   0   0   0   8
------------------------------------------------------------------------------------------------------


제목 : 21.09.19 제 59 일  일 요일   9경주;   

 1700 M   출전:12두    혼4등급   ( R1~50            연령오픈  )     출발:17:30
 별정B         일반      
  23,400,000원    9,900,000원    6,300,000원    3,150,000원    2,250,000원 
------------------------------------------------------------------------------------------------------
 마번  마   명            산지  성별 연령 중량       기수       조교사     마주              레이팅
------------------------------------------------------------------------------------------------------
   1   사람이라는별        한    수   4  56.0       조한별      안병기    우태율                 42
   2   유니콘알파          미    수   3  53.0   (-1)임다빈      최용구    권태석                 36
   3   돌격앞으로          미    암   5  54.0       함완식      최봉주    민홍기                 44
   4   마이티웰            미    수   3  54.0       안토니오    서홍수    조병태                 38
   5   흥드림              한    수   3  57.0       장추열      정호익    임한용                 45
   6   뉴킹맨              미    수   2  52.5       김옥성      박천서    박평양                 38
   7   스틸더패션          한    암   3  52.0       김정준      박병일    임동현                 38
   8   아르폰스            미    수   5  54.0       방춘식      서정하    유정희                 37
   9   초토마              한(포)거   4  54.0       유승완      전승규    박남성                 38
  10   로렐파워            미    거   3  54.0       문정균      임채덕    박충범                 36
  11   백색광채            한    거   5  54.0       다비드      배대선    미리내                 38
  12   티케이데이          한    암   4  54.0       박을운      김동철    김태권                 44
------------------------------------------------------------------------------------------------------
                                                                          --총전적--      --1년전적--
 마번  마  명                  수득상금     1년수득상금  6개월수득상금  1위/2위/3위/계  1위/2위/3위/계
------------------------------------------------------------------------------------------------------
   1   사람이라는별            61,120,000    17,120,000             0    2   1   0   9   0   1   0   6
   2   유니콘알파               5,400,000     5,400,000     5,400,000    0   0   0   6   0   0   0   6
   3   돌격앞으로              63,690,000    24,690,000    19,350,000    0   2   4  21   0   1   1   9
   4   마이티웰                 2,250,000     2,250,000     2,250,000    0   0   0   2   0   0   0   2
   5   흥드림                  62,750,000    61,150,000    26,600,000    3   2   0  10   3   2   0   7
   6   뉴킹맨                           0             0             0    0   0   0   1   0   0   0   1
   7   스틸더패션              40,920,000    40,920,000    35,420,000    1   4   0   7   1   4   0   7
   8   아르폰스                26,230,000    18,630,000     2,250,000    1   0   2  14   1   0   1   4
   9   초토마                  55,900,000    28,300,000     6,300,000    2   0   2   7   1   0   1   5
  10   로렐파워                 2,250,000     2,250,000     2,250,000    0   0   0   6   0   0   0   6
  11   백색광채                83,350,000    16,270,000    12,350,000    1   3   3  26   0   1   0   9
  12   티케이데이             158,500,000    26,000,000    15,500,000    1   3   3  17   0   2   0   8
------------------------------------------------------------------------------------------------------


제목 : 21.09.19 제 59 일  일 요일  10경주;   

 1800 M   출전:12두    국3등급   ( R1~65            연령오픈  )     출발:18:00
 별정B         일반      
  31,200,000원   13,200,000원    8,400,000원    4,200,000원    3,000,000원 
------------------------------------------------------------------------------------------------------
 마번  마   명            산지  성별 연령 중량       기수       조교사     마주              레이팅
------------------------------------------------------------------------------------------------------
   1   제왕의별            한    수   6  58.0       최범현      임채덕    (주)녹원목장           63
   2   더불어숲            한    거   6  54.0       이용호      박병일    이관형                 51
   3   바람을그리다        한    수   5  57.0       정정희      안병기    우태율                 60
   4   리빙스턴            한    수   6  55.0       이기회      곽영효    최임규                 54
   5   스피드황룡          한    거   6  54.0       이동국      김점오    과천시청               53
   6   러닝복스            한    암   5  52.0   (-1)임다빈      최봉주    오종환                 56
   7   예상백승            한    암   7  56.0       박상우      유재길    이장운                 64
   8   어느멋진날          미    거   5  52.0   (-4)김아현      안병기    우태율                 59
   9   가로수길            한    수   5  56.0       다비드      리카디    홍종철                 59
  10   대변화              한    거   6  57.0       방춘식      지용철    이수길                 61
  11   서클댄서            한    암   7  54.0       먼로        최봉주    이수행                 57
  12   정문사이            한    수   5  56.0       박태종      홍대유    김재영b                58
------------------------------------------------------------------------------------------------------
                                                                          --총전적--      --1년전적--
 마번  마  명                  수득상금     1년수득상금  6개월수득상금  1위/2위/3위/계  1위/2위/3위/계
------------------------------------------------------------------------------------------------------
   1   제왕의별               213,400,000             0             0    4   4   1  27   0   0   0   9
   2   더불어숲               179,280,000             0             0    3   4   4  25   0   0   0   7
   3   바람을그리다           170,890,000    35,640,000    35,640,000    3   4   4  23   0   2   0   7
   4   리빙스턴               154,560,000    14,340,000    14,340,000    2   6   4  31   0   0   1   7
   5   스피드황룡             189,510,000    24,080,000    10,080,000    4   1   5  31   0   0   1   7
   6   러닝복스               160,800,000    16,500,000             0    3   5   1  19   0   1   0   8
   7   예상백승               294,600,000     3,500,000     3,500,000    3   7   4  46   0   0   0   9
   8   어느멋진날             141,540,000     2,940,000     2,940,000    3   0   1  21   0   0   0   7
   9   가로수길               114,680,000    64,200,000    31,200,000    4   1   0   7   2   0   0   2
  10   대변화                 224,010,000    21,320,000    21,320,000    3   6   4  39   0   1   0  11
  11   서클댄서               290,700,000     7,000,000     3,500,000    4   4   1  45   0   0   0   7
  12   정문사이               158,720,000    43,120,000     4,620,000    4   2   2  13   1   0   0   3
------------------------------------------------------------------------------------------------------

