

제목 : 21.07.21(수) 조교현황

  ※기승자범례(조:조교사, 보:조교보, 기:기수, 후:기수후보생, 승:조교승인)
  ※비고(금:금주출전예정마, 차:차주출전예정마, 특:특대상경주출전예정마)
  ※금주, 차주 또는 특별 대상경주 출전예상마는 출전신청 결과 및
  조교사의 의사에 따라 변동될 수 있는 미확정된 자료이오니 참고하시기 바랍니다.
━━━━━━━━━━━━━━━━━━━━━━━━━━━━━━━━━━━━━━━
  순 소속조 - 조번 마명              기승자 입장시각  퇴장시각  조교시간 비고
━━━━━━━━━━━━━━━━━━━━━━━━━━━━━━━━━━━━━━━
  1  1조(박종곤)29 라온더대쉬          기   06:46     07:01       0:15   차
  2  1조(박종곤)22 라온더브라보        승   08:46     09:06       0:20   차
  3  1조(박종곤)12 라온더스퍼트        기   06:33     06:43       0:10   금
  4  1조(박종곤)38 라온더아리아        승   08:09     08:23       0:14   차
  5  1조(박종곤)34 라온더와일드        기   06:45     07:01       0:16   차
  6  1조(박종곤)39 라온더위켄드        승   07:38     07:57       0:19   차
  7  1조(박종곤) 6 라온더제트          승   08:48     09:04       0:16   차
  8  1조(박종곤)26 라온더펄            승   07:38     07:57       0:19   차
  9  1조(박종곤)40 라온더피버          승   08:09     08:25       0:16   차
 10  1조(박종곤)32 라온스페셜          기   07:04     07:19       0:15   금
 11  1조(박종곤)24 문학스트롱          기   06:46     07:01       0:15   차
 12  1조(박종곤)10 문학카이로          승   08:47     09:03       0:16   차
 13  1조(박종곤)17 문학토스코          승   09:03     09:15       0:12   차
 14  1조(박종곤)18 콜윈                기   06:55     07:03       0:08   금
 15  2조(손영표)25 금성환희            기   07:16     07:28       0:12   차
 16  2조(손영표)35 라스트콜            기   07:30     07:45       0:15   금
 17  2조(손영표)12 로스트워            기   07:43     07:56       0:13   금
 18  2조(손영표)34 매직만점            기   08:17     08:31       0:14   차
 19  2조(손영표)24 보스베이비          승   07:16     07:28       0:12   차
 20  2조(손영표) 9 불의가속            기   06:39     06:53       0:14   금
 21  2조(손영표)27 트레비트            기   06:16     06:28       0:12   차
 22  2조(손영표)14 피엔에스더킹        승   08:17     08:30       0:13   차
 23  2조(손영표)18 피엔에스럭키        승   06:22     06:37       0:15   금
 24  2조(손영표) 2 피케이로드          기   08:06     08:15       0:09   금
 25  3조(최영주) 1 골드윙              승   06:13     06:28       0:15   차
 26  3조(최영주)10 러너몬스터          승   06:33     06:47       0:14   차
 27  3조(최영주)14 록라인              승   07:52     08:03       0:11   금
 28  3조(최영주)16 블랙머니            승   06:48     07:02       0:14   차
 29  3조(최영주) 3 슈발도리앙          승   06:33     06:47       0:14   차
 30  3조(최영주) 6 스카이퓨처          승   07:14     07:29       0:15   차
 31  3조(최영주) 2 연승장관            기   06:17     06:28       0:11   차
 32  3조(최영주)29 티케파이어          기   07:06     07:16       0:10   금
 33  4조(박윤규)19 걸작맨              승   07:16     07:30       0:14   금
 34  4조(박윤규) 2 광양으뜸            승   06:16     06:30       0:14   금
 35  4조(박윤규)16 굿니센              승   08:22     08:46       0:24   차
 36  4조(박윤규)10 리드머니            승   06:46     06:56       0:10   금
 37  4조(박윤규) 4 멋진가람            기   07:16     07:31       0:15   금
 38  4조(박윤규) 1 멋진기록            승   07:51     08:05       0:14   차
 39  4조(박윤규) 8 으뜸이루리          조   06:22     06:44       0:22   차
 40  4조(박윤규)20 제주의보석          기   07:51     08:06       0:15   금
 41  4조(박윤규) 3 티파니블루          기   08:32     08:42       0:10   금
 42  4조(박윤규)13 피엔에스꼬미        승   07:16     07:30       0:14   차
 43  5조(우창구)17 금아인빈서블        승   08:00     08:21       0:21   금
 44  5조(우창구)37 드림걸스            보   06:30     06:40       0:10   금
 45  5조(우창구)16 몬스터케이          보   08:01     08:15       0:14   차
 46  5조(우창구) 1 에이원퀸            기   06:31     06:43       0:12   금
 47  5조(우창구)15 역전의우승          보   08:34     08:43       0:09   금
 48  5조(우창구)20 원더케이            보   06:58     07:08       0:10   금
 49  5조(우창구) 5 위너골드            보   07:30     07:43       0:13   차
 50  5조(우창구)10 초원의기적          승   06:53     07:09       0:16   금
 51  5조(우창구)40 특권                기   07:40     07:51       0:11   금
 52  6조(홍대유)29 가자플랜            기   07:31     07:41       0:10   금
 53  6조(홍대유)34 그린와트            기   07:51     07:58       0:07   금
 54  6조(홍대유) 9 그린질주            승   08:18     08:34       0:16   금
 55  6조(홍대유) 3 금빛여왕            기   08:22     08:27       0:05   금
 56  6조(홍대유)37 내길의축복          승   06:42     06:59       0:17   금
 57  6조(홍대유)30 문학서브            승   06:42     06:59       0:17   금
 58  6조(홍대유)33 새내스퍼트          기   07:31     07:41       0:10   금
 59  6조(홍대유)14 새내초이스          기   07:45     07:53       0:08   금
 60  6조(홍대유)19 새내황제            승   06:37     06:50       0:13   금
 61  6조(홍대유)26 서던맨              승   08:44     08:54       0:10   금
 62  6조(홍대유)38 어플리트마린        기   06:25     06:42       0:17   금
 63  6조(홍대유) 7 이겨주마            기   07:58     08:06       0:08   금
 64  6조(홍대유) 1 정문최강            기   08:06     08:16       0:10   금
 65  7조(구자흥) 5 대군옥              승   06:44     06:56       0:12   금
 66  7조(구자흥)10 대군천하            승   07:23     07:36       0:13   차
 67  7조(구자흥)22 대산특급            기   07:35     07:44       0:09   금
 68  7조(구자흥) 9 디케이별찌          기   08:02     08:14       0:12   금
 69  7조(구자흥)28 로드란              승   06:44     06:57       0:13   차
 70  7조(구자흥) 4 로드위너            승   07:15     07:25       0:10   차
 71  7조(구자흥) 6 빅포스원            승   06:14     06:27       0:13   금
 72  7조(구자흥) 3 쿠키몬스터          승   08:50     09:04       0:14   차
 73  7조(구자흥)17 폭스파워            승   07:57     08:11       0:14   차
 74  8조(최용구) 9 땡큐보스            승   06:19     06:30       0:11   차
 75  8조(최용구) 4 발베니              승   06:14     06:23       0:09   금
 76  8조(최용구)31 불멸의제왕          보   06:17     06:29       0:12   금
 77  8조(최용구)34 블루마리아          승   08:05     08:16       0:11   금
 78  8조(최용구) 5 초륭                승   07:14     07:31       0:17   차
 79  8조(최용구)22 투어링라니          승   07:14     07:31       0:17   차
 80  8조(최용구)17 퍼지데이            기   07:13     07:31       0:18   차
 81  9조(강성오) 5 강서돌풍            승   06:27     06:38       0:11   차
 82  9조(강성오)40 노르웨이서드        기   06:43     06:55       0:12   금
 83  9조(강성오)25 대지의여걸          승   07:30     07:43       0:13   금
 84  9조(강성오)32 대지의여인          기   07:30     07:42       0:12   금
 85  9조(강성오)11 레드마운틴          승   08:10     08:22       0:12   금
 86  9조(강성오)19 브라운참            승   06:15     06:26       0:11   금
 87  9조(강성오) 4 블랙루키            기   07:11     07:19       0:08   금
 88  9조(강성오)21 중추부사            기   07:25     07:39       0:14   금
 89  9조(강성오)39 퀴클리런            승   06:27     06:39       0:12   차
 90  9조(강성오)10 클린업트리오        승   07:57     08:03       0:06   차
 91  9조(강성오)36 킹심바              승   06:30     06:46       0:16   차
 92  9조(강성오)33 텐배거              승   06:15     06:28       0:13   금
 93 10조(정호익) 5 두손판타스틱        기   06:40     06:56       0:16   차
 94 10조(정호익)12 록뉴스              승   07:52     08:07       0:15   금
 95 10조(정호익)39 마이멤버            기   06:17     06:30       0:13   금
 96 10조(정호익) 4 매직플랜            승   07:51     08:04       0:13   금
 97 10조(정호익)19 문학스톰            기   06:17     06:36       0:19   차
 98 10조(정호익) 1 문학에카티          승   07:34     07:49       0:15   차
 99 10조(정호익)28 셋더페이스          승   06:49     07:03       0:14   금
100 10조(정호익)30 스마티드림          승   06:59     07:19       0:20   차
101 10조(정호익)31 원평가속            기   06:38     06:58       0:20   금
102 10조(정호익)17 정상파이팅          기   07:16     07:27       0:11   금
103 10조(정호익)22 터프가이            승   06:38     06:58       0:20   차
104 10조(정호익) 3 하이하이            승   07:34     07:49       0:15   금
105 10조(정호익)24 흥드림              기   06:59     07:09       0:10   금
106 11조(조현수)25 골드필드            승   07:22     07:36       0:14   금
107 11조(조현수)39 보디가드            승   07:45     07:58       0:13   차
108 11조(조현수)17 브라이트해피        승   07:06     07:18       0:12   차
109 11조(조현수) 8 사이먼스톰          승   06:36     06:48       0:12   금
110 11조(조현수) 7 원더풀우먼          승   07:07     07:31       0:24   차
111 11조(조현수) 3 위닝메이커          승   07:35     07:46       0:11   금
112 11조(조현수) 1 일향달마            승   06:36     06:47       0:11   차
113 11조(조현수)24 적벽신화            승   06:36     06:45       0:09   차
114 11조(조현수)16 조이오브킹          승   07:34     07:42       0:08   금
115 11조(조현수)14 퀸라이언            승   08:10     08:25       0:15   금
116 11조(조현수)32 트루                승   07:00     07:18       0:18   금
117 11조(조현수)38 파이널에이스        보   06:31     06:42       0:11   금
118 11조(조현수) 4 해후                보   07:13     07:23       0:10   금
119 11조(조현수)22 휘파람              승   07:56     08:09       0:13   차
120 12조(서범석) 5 브리가디어제너럴    승   06:28     06:41       0:13   차
121 12조(서범석)14 선라이팅            기   07:55     08:04       0:09   금
122 12조(서범석)13 선파이팅            승   07:42     07:55       0:13   차
123 12조(서범석)11 스트롱러너          승   06:40     07:00       0:20   금
124 12조(서범석)16 스트롱레드          승   07:20     07:45       0:25   차
125 12조(서범석)29 스트롱벌처          승   06:57     07:09       0:12   금
126 12조(서범석)10 스트롱캡틴          승   06:40     07:00       0:20   금
127 12조(서범석) 6 파이팅히어로        기   07:41     07:54       0:13   금
128 13조(이희영)16 굿바우              승   07:09     07:24       0:15   금
129 13조(이희영)21 다크존              기   07:39     07:51       0:12   차
130 13조(이희영)24 백일홍              기   06:50     07:04       0:14   차
131 13조(이희영) 5 베스트탑            승   06:28     06:40       0:12   금
132 13조(이희영)26 본능대로            승   07:45     07:57       0:12   금
133 13조(이희영)12 원더플레이스        승   06:16     06:28       0:12   금
134 13조(이희영)31 큐피드원더          승   07:13     07:26       0:13   금
135 13조(이희영)18 파크윈              승   06:42     06:54       0:12   금
136 13조(이희영) 7 화이팅랭퍼          승   06:56     07:07       0:11   차
137 14조(이신영) 3 거센질풍            승   06:24     06:35       0:11   금
138 14조(이신영)32 다프네              승   07:58     08:11       0:13   차
139 14조(이신영) 4 딕시어게인          승   08:22     08:34       0:12   금
140 14조(이신영)19 라게르타            기   06:59     07:13       0:14   금
141 14조(이신영) 7 바이킹하트          승   07:15     07:39       0:24   차
142 14조(이신영)12 사려니로키          승   06:39     06:49       0:10   차
143 14조(이신영)14 쇼미더골드          승   06:40     06:49       0:09   차
144 14조(이신영)16 스카이망치          기   06:22     06:33       0:11   금
145 14조(이신영)10 아그리워            승   06:54     07:07       0:13   차
146 14조(이신영) 9 아이언삭스          승   06:22     06:32       0:10   금
147 14조(이신영)37 엉클벨              기   06:53     07:07       0:14   금
148 14조(이신영)28 유레카              승   07:58     08:11       0:13   차
149 14조(이신영)25 화려한미소          기   07:54     08:06       0:12   금
150 15조(박희철) 7 보라퀸              승   06:31     06:41       0:10   금
151 15조(박희철)16 서울데이            승   06:44     06:58       0:14   금
152 15조(박희철)19 서울탱크            기   07:34     07:44       0:10   금
153 15조(박희철) 5 아침함성            기   07:46     07:58       0:12   금
154 15조(박희철) 2 정상만세            승   06:11     06:22       0:11   금
155 15조(박희철) 6 정상제트            기   07:54     08:12       0:18   차
156 15조(박희철)10 정상킹덤            기   06:11     06:23       0:12   차
157 16조(최봉주)11 너울이              조   06:48     07:04       0:16   차
158 16조(최봉주) 8 대천얼짱            기   07:27     07:38       0:11   금
159 16조(최봉주)38 빅포켓              조   07:20     07:32       0:12   금
160 16조(최봉주)23 어드밴스            승   06:13     06:25       0:12   금
161 16조(최봉주) 6 언패럴렐드          승   06:27     06:33       0:06   금
162 16조(최봉주)25 에이스프린스        조   08:14     08:26       0:12   금
163 16조(최봉주)36 오피서커맨딩        승   08:48     08:59       0:11   차
164 16조(최봉주) 5 원더풀니키야        기   08:34     08:44       0:10   금
165 16조(최봉주) 3 원더풀맘보          승   06:27     06:35       0:08   금
166 16조(최봉주) 1 장군별              기   08:14     08:26       0:12   금
167 16조(최봉주) 7 제주의하늘          승   07:28     07:38       0:10   금
168 16조(최봉주)15 코스모              승   06:48     07:06       0:18   차
169 16조(최봉주)10 특급여왕            조   06:17     06:29       0:12   금
170 16조(최봉주)24 호크의영광          승   06:46     07:02       0:16   금
171 17조(김점오)21 그랜드캐슬          기   07:50     08:01       0:11   금
172 17조(김점오) 3 런닝스톰            보   06:19     06:36       0:17   금
173 17조(김점오) 7 스피드흑룡          기   06:40     06:49       0:09   금
174 17조(김점오)22 이스머스            기   06:51     07:00       0:09   금
175 17조(김점오) 5 콘도르여왕          승   06:29     06:42       0:13   차
176 17조(김점오)35 황금주머니          승   07:14     07:28       0:14   차
177 18조(박대흥)19 개나리송            기   06:42     06:53       0:11   금
178 18조(박대흥)29 광해                승   07:29     07:49       0:20   차
179 18조(박대흥)13 뉴스타영천          기   06:12     06:24       0:12   금
180 18조(박대흥)37 대형호재            승   08:29     08:44       0:15   차
181 18조(박대흥) 4 메니골드            승   08:50     09:02       0:12   차
182 18조(박대흥)11 별나라질주          승   07:24     07:32       0:08   금
183 18조(박대흥)18 선더소니아          기   07:37     07:48       0:11   금
184 18조(박대흥)26 선오브선더          승   08:03     08:17       0:14   금
185 18조(박대흥)36 시리우스에이        승   09:03     09:16       0:13   차
186 18조(박대흥)39 실버햄튼            승   07:17     07:31       0:14   금
187 18조(박대흥)23 아스펜태양          기   06:25     06:41       0:16   차
188 18조(박대흥)24 알파독              승   08:46     09:02       0:16   차
189 18조(박대흥)33 어나더클래스        승   08:00     08:13       0:13   차
190 18조(박대흥) 5 원더풀플라이        기   07:10     07:20       0:10   금
191 18조(박대흥)34 질풍천하            승   07:59     08:13       0:14   차
192 18조(박대흥) 3 챔피언가문          승   07:00     07:13       0:13   금
193 18조(박대흥) 9 천년의비            기   07:41     07:51       0:10   금
194 18조(박대흥)30 케이엔라이트        승   08:11     08:25       0:14   차
195 18조(박대흥)35 케이엔메니퀸        기   06:57     07:09       0:12   금
196 18조(박대흥)31 케이엔언더킹        기   06:26     06:38       0:12   차
197 18조(박대흥) 6 케이엔월드          승   07:59     08:13       0:14   차
198 18조(박대흥)38 한라의원석          기   07:30     07:50       0:20   차
199 19조(곽영효)30 빅터웨이            승   07:02     07:17       0:15   금
200 19조(곽영효)22 옥천최강            승   06:25     06:39       0:14   차
201 19조(곽영효)21 용암보스            승   07:51     08:03       0:12   차
202 19조(곽영효)11 천지지대            기   08:18     08:29       0:11   금
203 19조(곽영효)15 콜조이              기   07:20     07:37       0:17   금
204 19조(곽영효)16 클라우터            기   06:15     06:21       0:06   금
205 19조(곽영효)20 한강매직            승   07:33     07:46       0:13   차
206 19조(곽영효)13 한강보스            승   07:50     08:06       0:16   차
207 19조(곽영효)12 한강챔프            기   06:25     06:39       0:14   차
208 20조(배대선)11 농본바다            기   06:38     06:53       0:15   금
209 20조(배대선) 6 러브위드미          승   07:37     07:46       0:09   금
210 20조(배대선)39 머니가락            기   07:38     07:46       0:08   금
211 20조(배대선) 4 머니탑              기   07:06     07:11       0:05   금
212 20조(배대선)37 원더풀오렌지        기   07:11     07:23       0:12   금
213 20조(배대선)10 천마투데이          기   07:09     07:15       0:06   금
214 20조(배대선)27 큐피드불릿          승   06:57     07:11       0:14   금
215 20조(배대선)24 큐피드코리아        기   06:53     07:01       0:08   금
216 20조(배대선)18 플레이시스투고      기   07:22     07:33       0:11   금
217 21조(임봉춘) 4 루이사              기   06:55     07:07       0:12   금
218 21조(임봉춘) 7 비바챔피언          승   06:11     06:23       0:12   차
219 21조(임봉춘) 6 삼상                기   06:42     06:52       0:10   금
220 21조(임봉춘)16 찬란한날            기   07:06     07:17       0:11   금
221 21조(임봉춘)29 파워프라이드        기   07:40     07:52       0:12   금
222 21조(임봉춘)18 플렉스퀸            기   07:24     07:38       0:14   금
223 21조(임봉춘)19 황금럭키            승   06:51     07:02       0:11   차
224 21조(임봉춘)40 황금해              승   08:09     08:21       0:12   차
225 22조(안병기)33 갈색향기            기   08:49     09:00       0:11   차
226 22조(안병기)13 럭키밸리            승   07:54     08:03       0:09   차
227 22조(안병기) 4 루비캣              승   07:07     07:25       0:18   금
228 22조(안병기)11 산뜻한스침          승   06:52     07:03       0:11   금
229 22조(안병기)40 어마무시            기   07:04     07:15       0:11   금
230 22조(안병기)24 에피파니            승   06:28     06:41       0:13   금
231 22조(안병기)17 원더풀조이          승   07:13     07:27       0:14   금
232 22조(안병기)26 원지                기   07:17     07:27       0:10   금
233 22조(안병기)36 일보등천            기   07:28     07:40       0:12   금
234 22조(안병기)28 초인강자            조   06:15     06:34       0:19   금
235 22조(안병기) 7 초인스파크          승   06:41     06:51       0:10   금
236 22조(안병기)21 푸른요정            기   07:08     07:26       0:18   금
237 23조(유재길)18 대싱카누            승   07:08     07:23       0:15   금
238 23조(유재길)16 부케팔로스          승   06:37     06:46       0:09   금
239 23조(유재길) 1 스피어건            승   06:12     06:24       0:12   금
240 23조(유재길) 6 에버더챔프          승   06:26     06:45       0:19   차
241 23조(유재길) 3 예상백승            승   06:47     07:03       0:16   금
242 23조(유재길)11 정겨운              기   07:04     07:14       0:10   금
243 23조(유재길) 8 피엔에스헐          기   07:16     07:32       0:16   차
244 24조(서홍수)10 마이티고            승   07:55     08:06       0:11   차
245 24조(서홍수)28 마이티웰            승   08:30     08:44       0:14   금
246 24조(서홍수)32 마이티지            승   06:31     06:43       0:12   차
247 24조(서홍수) 8 마이티칩            승   07:24     07:35       0:11   차
248 24조(서홍수)20 마이티킥            기   06:40     06:48       0:08   금
249 24조(서홍수)19 마이티후            승   07:01     07:14       0:13   차
250 24조(서홍수) 3 배다리프린스        승   06:35     06:53       0:18   금
251 24조(서홍수)24 스트롱퀸            기   08:10     08:24       0:14   금
252 24조(서홍수)35 시스터젬            승   08:11     08:25       0:14   차
253 24조(서홍수)40 시크릿보스          기   06:35     06:47       0:12   금
254 24조(서홍수)13 아치참              승   08:35     08:56       0:21   차
255 24조(서홍수)39 엠제이돌풍          승   08:10     08:24       0:14   차
256 24조(서홍수) 6 원더풀데블          승   07:17     07:28       0:11   차
257 24조(서홍수)22 질주대로            기   06:48     06:56       0:08   금
258 24조(서홍수)36 코리안펄            기   06:27     06:37       0:10   금
259 24조(서홍수) 7 팬시팬츠            기   06:35     06:46       0:11   금
260 25조(전승규)38 럭키훈              조   06:53     07:06       0:13   차
261 25조(전승규)15 모닝동자            승   08:11     08:23       0:12   차
262 25조(전승규)24 볼드어게인          승   06:28     06:40       0:12   차
263 25조(전승규)26 송암플레이어        기   08:49     08:59       0:10   금
264 25조(전승규)40 원더풀인디언        승   07:16     07:28       0:12   차
265 25조(전승규) 3 이스트라이크        승   08:20     08:30       0:10   금
266 25조(전승규) 6 초토마              기   07:46     07:58       0:12   차
267 25조(전승규)11 최강게임            조   07:29     07:36       0:07   차
268 25조(전승규)34 춘산                기   08:22     08:35       0:13   금
269 25조(전승규)20 콘스티솔로          기   06:26     06:35       0:09   금
270 25조(전승규)37 파워요트            승   06:15     06:37       0:22   금
271 25조(전승규)35 팰리스퀸            승   08:51     09:00       0:09   금
272 25조(전승규)13 페페런              승   06:35     06:44       0:09   차
273 25조(전승규)18 항구스타            승   07:00     07:13       0:13   차
274 25조(전승규) 1 허쉬대보            승   07:25     07:33       0:08   차
275 26조(안해양)18 댓츠마이걸          승   08:31     08:49       0:18   차
276 26조(안해양)11 더블에지            승   07:16     07:50       0:34   차
277 26조(안해양)23 럭키인디            승   08:32     08:49       0:17   차
278 26조(안해양)15 런던스카이          승   07:16     07:50       0:34   차
279 26조(안해양)19 런던스피드          기   06:46     06:54       0:08   금
280 26조(안해양) 4 런던액티브          승   06:40     06:55       0:15   금
281 26조(안해양)10 벼락                기   08:05     08:17       0:12   차
282 26조(안해양)12 송암캔디            승   06:20     06:28       0:08   금
283 26조(안해양)26 송암캣              보   08:52     09:06       0:14   차
284 26조(안해양)35 아킬리온            보   06:19     06:39       0:20   금
285 26조(안해양) 9 에너자이저          기   07:52     08:03       0:11   금
286 26조(안해양)20 예스아이캔          기   07:41     07:52       0:11   금
287 26조(안해양) 5 우대륭              승   06:23     06:37       0:14   금
288 26조(안해양) 1 큐피드점보          보   07:16     07:47       0:31   차
289 26조(안해양)39 하륭                보   08:13     08:26       0:13   금
290 27조(박병일) 8 금세다              승   07:21     07:33       0:12   금
291 27조(박병일) 5 드림패션            승   06:42     06:55       0:13   금
292 27조(박병일)25 문학백투백          승   08:20     08:33       0:13   차
293 27조(박병일)16 문학선              기   07:40     07:52       0:12   금
294 27조(박병일) 6 문학태핏            승   08:05     08:11       0:06   차
295 27조(박병일)19 스마티대세          승   06:52     07:10       0:18   차
296 27조(박병일)29 스틸더패션          기   07:20     07:33       0:13   금
297 27조(박병일)26 은혜가득            기   07:40     07:50       0:10   금
298 27조(박병일) 3 은혜충만            승   07:12     07:25       0:13   차
299 27조(박병일)27 인천스피드          승   06:16     06:28       0:12   차
300 27조(박병일)12 최강미래            승   06:52     07:11       0:19   차
301 27조(박병일)39 컨트리로드          승   06:11     06:21       0:10   차
302 27조(박병일)11 톱시드              승   08:06     08:15       0:09   금
303 27조(박병일)14 파란왕자            기   07:53     08:03       0:10   차
304 27조(박병일)10 하루온              승   06:16     06:28       0:12   차
305 27조(박병일)23 환상터치            승   07:45     07:54       0:09   차
306 28조(최상식)10 거센광풍            승   07:08     07:27       0:19   차
307 28조(최상식) 4 거센돌풍            기   06:40     06:52       0:12   금
308 28조(최상식)19 글로벌골드          기   07:02     07:15       0:13   금
309 28조(최상식)12 글로벌럭키          승   06:10     06:21       0:11   금
310 28조(최상식) 2 글로벌매직          승   07:08     07:36       0:28   차
311 28조(최상식)11 글로벌스톰          승   08:10     08:30       0:20   금
312 28조(최상식) 6 글로벌천사          기   07:20     07:30       0:10   금
313 28조(최상식) 5 바람살              기   07:08     07:26       0:18   차
314 28조(최상식) 1 베스트럭키          기   06:52     07:00       0:08   금
315 28조(최상식)24 샌드파워            승   08:10     08:30       0:20   금
316 29조(배휴준)18 데스크탑            보   07:06     07:22       0:16   금
317 29조(배휴준) 5 세명엠파이어        승   07:00     07:20       0:20   차
318 29조(배휴준)23 소중한기억          조   06:35     06:52       0:17   금
319 29조(배휴준) 6 와와여장부          승   06:29     06:44       0:15   금
320 29조(배휴준)31 와일드킹덤          승   06:41     06:54       0:13   금
321 29조(배휴준)21 천리총              기   06:50     07:03       0:13   금
322 30조(토니  )27 강서프린세스        조   08:28     08:40       0:12   차
323 30조(토니  )14 남산초콜릿          승   06:52     07:04       0:12   차
324 30조(토니  )29 당대로얄            기   07:25     07:36       0:11   차
325 30조(토니  ) 2 더검푸              조   06:21     06:34       0:13   차
326 30조(토니  )11 더리퍼              조   08:02     08:16       0:14   차
327 30조(토니  )19 반야동행            승   06:18     06:32       0:14   금
328 30조(토니  ) 6 벚꽃블레이드        기   08:02     08:18       0:16   차
329 30조(토니  ) 3 베리블레이드        승   07:24     07:36       0:12   차
330 30조(토니  )12 스프링킹            기   06:52     07:04       0:12   차
331 30조(토니  )17 아마존킹            기   08:01     08:16       0:15   차
332 30조(토니  ) 7 에이스샤인          승   06:18     06:32       0:14   차
333 30조(토니  ) 5 에이스솔롱고        보   08:37     08:51       0:14   차
334 30조(토니  ) 1 우청륭              승   06:52     07:06       0:14   차
335 30조(토니  ) 9 장산바다            조   06:52     07:04       0:12   차
336 30조(토니  )15 장산플라이          승   09:14     09:23       0:09   차
337 30조(토니  )21 천둥오름            승   08:01     08:16       0:15   차
338 30조(토니  )13 청담탱크            조   07:24     07:36       0:12   차
339 30조(토니  )16 최강장산            기   06:21     06:33       0:12   차
340 30조(토니  ) 8 케이블레이드        승   07:24     07:36       0:12   차
341 30조(토니  ) 4 파이트투데이        승   08:37     08:51       0:14   차
342 31조(강환민)29 레전드삭스          승   08:50     09:05       0:15   차
343 31조(강환민)34 무적장산            승   06:24     06:33       0:09   금
344 31조(강환민) 7 블루블레이드        승   08:50     09:04       0:14   차
345 31조(강환민)39 어서와              기   07:42     07:51       0:09   금
346 31조(강환민)24 원더풀섀도우        승   07:21     07:33       0:12   차
347 31조(강환민) 6 정상파워            승   08:31     08:45       0:14   차
348 31조(강환민)32 최강블레이드        기   07:31     07:43       0:12   금
349 31조(강환민) 1 큐피드와우          승   08:32     08:44       0:12   차
350 31조(강환민)40 티케이플렉스        기   07:10     07:22       0:12   금
351 31조(강환민)17 해피삭스            기   07:31     07:43       0:12   금
352 32조(김윤섭)11 그랜드마스터        기   06:37     06:47       0:10   금
353 32조(김윤섭) 7 문학슬루            승   07:47     07:58       0:11   차
354 32조(김윤섭)13 슈퍼버드            기   07:47     07:58       0:11   금
355 32조(김윤섭)26 헬로금성            기   07:22     07:36       0:14   금
356 33조(서인석)27 굴참나무숲          승   07:27     07:40       0:13   차
357 33조(서인석)38 노던타임            기   08:20     08:33       0:13   차
358 33조(서인석) 6 누비강자            조   06:17     06:28       0:11   금
359 33조(서인석)32 누비고              기   07:42     07:55       0:13   금
360 33조(서인석)11 다이나믹펀치        승   07:05     07:18       0:13   차
361 33조(서인석)10 라이오넷            기   06:31     06:41       0:10   금
362 33조(서인석)26 마성천하            조   07:16     07:26       0:10   금
363 33조(서인석) 3 마성투혼            승   06:56     07:08       0:12   차
364 33조(서인석)19 매직조이            승   08:08     08:20       0:12   차
365 33조(서인석)30 매직플라워          승   08:47     09:00       0:13   차
366 33조(서인석) 9 모닝힐              기   09:08     09:17       0:09   차
367 33조(서인석)23 벤칼프린세스        승   08:41     08:53       0:12   차
368 33조(서인석)20 빅리버              조   06:56     07:09       0:13   금
369 33조(서인석) 8 선포레              승   07:41     08:02       0:21   금
370 33조(서인석) 2 스피드고            기   08:01     08:13       0:12   차
371 33조(서인석)17 열린문              기   07:42     07:55       0:13   차
372 33조(서인석)24 유정챔프            기   06:32     06:45       0:13   금
373 33조(서인석)40 이스트제트          기   06:16     06:31       0:15   금
374 33조(서인석)33 킹칸모르            기   06:12     06:21       0:09   금
375 33조(서인석) 4 티즈에너지          승   06:16     06:31       0:15   금
376 33조(서인석)31 패션피플            기   06:45     06:52       0:07   차
377 33조(서인석) 5 프리마니케          승   07:51     08:07       0:16   금
378 33조(서인석)21 흑룡가무            승   06:10     06:22       0:12   차
379 34조(리카디)17 가로수길            기   07:56     08:08       0:12   금
380 34조(리카디) 5 남산의별            승   06:36     06:48       0:12   차
381 34조(리카디) 7 남산호랑이          승   08:07     08:17       0:10   차
382 34조(리카디)21 드림스피드          기   07:04     07:12       0:08   차
383 34조(리카디)12 리멤버웬            승   07:11     07:23       0:12   차
384 34조(리카디)19 매직레코드          기   07:06     07:18       0:12   금
385 34조(리카디)32 미라클도터          승   08:46     09:00       0:14   차
386 34조(리카디)31 바비블레이드        보   08:53     09:00       0:07   차
387 34조(리카디) 6 발레리나            기   07:38     07:48       0:10   차
388 34조(리카디)26 백산선더            승   06:22     06:31       0:09   차
389 34조(리카디)22 벌말대장            기   07:19     07:31       0:12   금
390 34조(리카디)25 블랙마스크          승   08:02     08:15       0:13   차
391 34조(리카디)37 비제이플래시        승   08:21     08:32       0:11   차
392 34조(리카디)11 슈퍼삭스            승   06:28     06:37       0:09   차
393 34조(리카디)14 스피드갤럽          승   08:00     08:10       0:10   차
394 34조(리카디)23 어나더초이스        승   07:19     07:30       0:11   금
395 34조(리카디)24 엑톤선더            승   08:47     08:59       0:12   차
396 34조(리카디) 4 장산포에버          승   07:04     07:13       0:09   차
397 34조(리카디)13 지산꽃              승   07:38     07:49       0:11   금
398 34조(리카디)34 최강토마            승   06:58     07:09       0:11   차
399 34조(리카디)29 퀀텀점프            기   06:44     06:57       0:13   금
400 34조(리카디)28 파이널칸지노        승   08:25     08:37       0:12   차
401 34조(리카디) 2 희망가득            승   08:46     08:58       0:12   차
402 35조(임채덕)15 김천영웅            승   07:41     07:54       0:13   금
403 35조(임채덕) 1 럭센                승   06:53     07:06       0:13   차
404 35조(임채덕)18 로렐파워            조   07:41     07:54       0:13   금
405 35조(임채덕) 5 마이티선샤인        조   06:53     07:06       0:13   금
406 35조(임채덕)11 송암선샤인          승   07:06     07:23       0:17   차
407 35조(임채덕) 3 아라선샤인          기   06:23     06:36       0:13   차
408 35조(임채덕)22 어게인윙            승   07:53     08:09       0:16   차
409 35조(임채덕)16 원더풀캣            기   06:13     06:19       0:06   금
410 35조(임채덕)12 인디로켓            승   07:06     07:24       0:18   차
411 35조(임채덕) 6 인디언선샤인        승   08:46     08:59       0:13   차
412 35조(임채덕)17 제왕의별            기   06:31     06:42       0:11   금
413 35조(임채덕) 2 투에이스            기   07:06     07:18       0:12   차
414 35조(임채덕) 7 플라잉센걸          승   08:46     09:00       0:14   차
415 35조(임채덕)19 하니                기   06:21     06:32       0:11   금
416 37조(심승태)19 나올챔프            승   06:30     06:58       0:28   차
417 37조(심승태)15 뉴스마트            기   06:30     06:49       0:19   차
418 37조(심승태)22 뉴파티              승   07:28     07:39       0:11   차
419 37조(심승태)24 무야호              승   07:28     07:39       0:11   차
420 40조(송문길)21 고스트빌리지        기   06:35     06:48       0:13   금
421 40조(송문길)31 나의전설            기   06:49     06:59       0:10   금
422 40조(송문길)28 런히어로            승   08:18     08:40       0:22   차
423 40조(송문길) 2 레인케이            승   07:50     08:03       0:13   차
424 40조(송문길)11 베오울프            기   06:12     06:23       0:11   금
425 40조(송문길) 3 스마트파워          기   06:11     06:22       0:11   금
426 40조(송문길)39 아델머스탱          승   07:07     07:18       0:11   차
427 40조(송문길)20 아테나브이          기   06:11     06:22       0:11   금
428 40조(송문길)34 온리위너            기   06:22     06:36       0:14   금
429 40조(송문길)32 제다이              기   06:12     06:23       0:11   금
430 40조(송문길)24 콰이어트아델        기   06:50     07:00       0:10   금
431 41조(신삼영)13 논스톱기상          승   06:47     07:00       0:13   금
432 41조(신삼영)20 별빛보석            기   07:53     08:04       0:11   금
433 41조(신삼영) 1 세명기상            기   08:11     08:27       0:16   금
434 41조(신삼영)22 세명나래            승   06:13     06:27       0:14   금
435 41조(신삼영)26 아이언로즈          승   06:58     07:11       0:13   금
436 41조(신삼영)15 알사이먼            승   08:15     08:31       0:16   차
437 41조(신삼영) 7 올포유어드림        승   08:33     08:48       0:15   차
438 41조(신삼영) 3 유로강자            승   08:14     08:31       0:17   차
439 41조(신삼영)31 크레이지탱크        승   07:29     07:43       0:14   금
440 42조(이관호)23 골든스쿠프          승   07:42     07:52       0:10   차
441 42조(이관호) 3 글로리파이터        기   06:58     07:08       0:10   금
442 42조(이관호)29 금아스위프트        기   06:58     07:10       0:12   금
443 42조(이관호) 7 금아애크미          기   06:28     06:38       0:10   금
444 42조(이관호)14 댓츠마이보이        기   07:09     07:19       0:10   금
445 42조(이관호)28 더뉴스쿨            승   06:51     07:02       0:11   차
446 42조(이관호)22 레이디퍼스트        기   07:29     07:41       0:12   차
447 42조(이관호)21 방탄여걸            기   06:13     06:22       0:09   금
448 42조(이관호)34 베스트마루          기   08:33     08:44       0:11   금
449 42조(이관호) 6 빅에너지            기   07:00     07:11       0:11   차
450 42조(이관호) 4 승리여전사          기   06:30     06:39       0:09   금
451 42조(이관호)33 아로마              승   06:34     06:42       0:08   차
452 42조(이관호)37 아이스펀치          기   07:17     07:28       0:11   금
453 42조(이관호)17 어나더스마트원      기   06:14     06:26       0:12   금
454 42조(이관호) 1 와일드러너          승   06:14     06:27       0:13   차
455 42조(이관호)20 지산군              기   08:46     08:58       0:12   금
456 42조(이관호)38 지스타              기   06:43     07:01       0:18   차
457 42조(이관호)30 챔피언함성          승   06:15     06:27       0:12   차
458 42조(이관호) 2 천군                기   07:14     07:25       0:11   차
459 42조(이관호)13 청산강호            기   06:45     06:58       0:13   금
460 42조(이관호)32 청산영웅            기   06:43     07:01       0:18   금
461 42조(이관호)12 태양마              승   07:22     07:32       0:10   차
462 42조(이관호)39 프로함성            승   07:53     08:05       0:12   차
463 43조(서정하)14 세명햇살            승   06:13     06:25       0:12   금
464 48조(이준철) 9 거문                보   08:21     08:38       0:17   차
465 48조(이준철) 4 더드림              조   07:16     07:30       0:14   금
466 48조(이준철)16 메이블레이드        승   06:38     06:45       0:07   차
467 48조(이준철)31 블루키톤            조   06:18     06:32       0:14   금
468 48조(이준철)10 슈룹                보   06:21     06:38       0:17   금
469 48조(이준철) 3 엄청난걸            승   07:33     07:52       0:19   금
470 48조(이준철)21 오래함께하자        보   07:10     07:27       0:17   차
471 48조(이준철)14 원더풀기사          기   07:34     07:44       0:10   차
472 48조(이준철)13 이천아치            승   08:21     08:38       0:17   차
473 48조(이준철) 5 천지울림            기   08:06     08:15       0:09   차
474 48조(이준철)23 코인즈웨이          승   07:10     07:27       0:17   차
475 48조(이준철)17 흥바라기            보   06:40     06:56       0:16   금
476 49조(지용철)32 겅호우              기   07:55     08:08       0:13   금
477 49조(지용철)21 밀키셰리            기   06:34     06:43       0:09   금
478 49조(지용철)10 상승행진            기   07:24     07:42       0:18   금
479 49조(지용철)13 스타로즈            기   07:24     07:42       0:18   차
480 49조(지용철) 1 아메리칸포스원      기   06:13     06:24       0:11   금
481 49조(지용철)18 온천하              기   08:01     08:14       0:13   금
482 49조(지용철) 9 올가림              승   06:37     06:51       0:14   차
483 49조(지용철)40 원앤온리            기   08:17     08:32       0:15   금
484 49조(지용철)38 지금여기에          기   06:37     06:51       0:14   금
485 49조(지용철) 5 청산가세            기   06:10     06:23       0:13   금
486 49조(지용철) 3 코리아기적          승   06:13     06:23       0:10   금
487 49조(지용철)28 태양타고            기   08:19     08:33       0:14   금
488 49조(지용철)37 페더럴킹            승   08:01     08:14       0:13   금
489 50조(박재우)22 가가나              기   08:12     08:25       0:13   금
490 50조(박재우)16 스킬맥스            승   07:05     07:21       0:16   금
491 50조(박재우) 8 야호스마트캣        기   07:04     07:16       0:12   금
492 50조(박재우)24 영광의미소          승   07:35     07:47       0:12   금
493 50조(박재우)28 이스트임팩트        기   06:26     06:38       0:12   금
494 50조(박재우)37 이터널메모리        기   06:50     06:59       0:09   금
495 50조(박재우)10 제이에스군주        승   08:17     08:28       0:11   금
496 50조(박재우) 7 컴플리트밸류        기   06:46     07:01       0:15   금
497 50조(박재우)18 컴플리트타임        기   07:05     07:20       0:15   금
498 50조(박재우)15 트리플킹덤          승   07:51     08:05       0:14   금
499 51조(최용건)15 다울사랑            보   07:15     07:34       0:19   금
500 51조(최용건)31 명진플라이          승   06:32     06:45       0:13   금
501 51조(최용건)13 모닝뉴스            보   06:12     06:26       0:14   금
502 51조(최용건)20 송암레이서          승   08:47     08:59       0:12   금
503 51조(최용건)10 스마티트렘          승   08:47     09:01       0:14   금
504 51조(최용건)27 신대로              승   07:10     07:35       0:25   금
505 51조(최용건)35 써니블레이드        기   07:51     08:02       0:11   차
506 51조(최용건)16 인빅터스            승   07:18     07:27       0:09   차
507 51조(최용건)19 장산레이저          조   08:37     08:51       0:14   차
508 51조(최용건) 6 장산포이즌          기   07:51     08:02       0:11   차
509 51조(최용건)21 천상성              조   07:00     07:11       0:11   금
510 51조(최용건)24 킹크러시            승   06:34     06:46       0:12   차
511 51조(최용건)12 티즈러너            승   06:56     07:08       0:12   차
512 51조(최용건)26 플래티넘유로        기   08:12     08:21       0:09   금
513 51조(최용건)18 희망챔프            승   08:47     09:02       0:15   차
514 51조(최용건)17 히어로스피드        승   07:10     07:22       0:12   금
515 52조(김동균)38 럭셔리돌풍          기   07:15     07:28       0:13   금
516 52조(김동균)32 로드스카이          승   07:05     07:18       0:13   금
517 52조(김동균)31 머니챔프            승   06:40     06:51       0:11   금
518 52조(김동균)17 볼트맨              기   06:41     06:53       0:12   금
519 52조(김동균)26 블랙머스크          기   06:13     06:24       0:11   금
520 52조(김동균)25 비트퀸              승   07:45     07:57       0:12   차
521 52조(김동균)14 서머에이스          승   08:42     09:01       0:19   차
522 52조(김동균) 6 엠제이스톰          보   06:51     07:02       0:11   금
523 52조(김동균)40 엠제이포인트        승   06:13     06:25       0:12   금
524 52조(김동균)36 천지의빛            승   07:12     07:41       0:29   차
525 52조(김동균)15 트로트퀸            기   07:05     07:17       0:12   금
526 53조(김동철)25 갑오사랑해          승   08:20     08:33       0:13   금
527 53조(김동철) 6 달빛타고            승   08:14     08:35       0:21   차
528 53조(김동철)34 러피언파크          기   08:37     08:46       0:09   금
529 53조(김동철)27 슈퍼아이            승   06:43     07:02       0:19   차
530 53조(김동철)30 스타플라워          승   06:43     07:02       0:19   차
531 53조(김동철)24 영블러드            기   07:16     07:35       0:19   차
532 53조(김동철)29 천지운행            승   06:42     06:58       0:16   차
533 53조(김동철)26 캡틴오섬            승   06:43     07:02       0:19   차
534 53조(김동철)21 퀸엔젤              승   08:14     08:35       0:21   금
535 53조(김동철) 1 큐피드포인트        승   06:42     06:59       0:17   금
536 53조(김동철)11 텐스타              승   07:42     07:52       0:10   금
537 53조(김동철) 4 퍼텐셜에너지        승   07:16     07:24       0:08   금
538 54조(박천서)40 댄스머신            기   06:49     06:58       0:09   금
539 54조(박천서)31 바로퀸              기   07:53     08:08       0:15   차
540 54조(박천서) 1 베링맨              승   06:37     06:46       0:09   금
541 54조(박천서)36 브이퀸              기   07:23     07:37       0:14   금
542 54조(박천서)16 블루참              기   08:04     08:18       0:14   금
543 54조(박천서) 2 비호번개            승   06:57     07:13       0:16   차
544 54조(박천서)23 빅플랜              기   07:25     07:35       0:10   차
545 54조(박천서)24 아라비아해          기   07:12     07:25       0:13   금
546 54조(박천서)10 아미고라로          승   08:02     08:16       0:14   금
547 54조(박천서) 7 히트하트            기   06:57     07:10       0:13   금
━━━━━━━━━━━━━━━━━━━━━━━━━━━━━━━━━━━━━━━
                                                      출력일자 : 2021. 7.21

