

제목 : 21.03.08(월) 훈련현황

  ※기승자범례(조:조교사, 보:조교보, 기:기수, 후:기수후보생, 승:조교승인)
  ※비고(금:금주출전예정마, 차:차주출전예정마, 특:특대상경주출전예정마)
  ※금주, 차주 또는 특별 대상경주 출전예상마는 출전신청 결과 및
  조교사의 의사에 따라 변동될 수 있는 미확정된 자료이오니 참고하시기 바랍니다.
━━━━━━━━━━━━━━━━━━━━━━━━━━━━━━━━━━━━━━━
  순 소속조 - 조번 마명              기승자 입장시각  퇴장시각  훈련시간 비고
━━━━━━━━━━━━━━━━━━━━━━━━━━━━━━━━━━━━━━━
  1  1조(백광열)25 닥터스카이          승   07:47     07:58       0:11   차
  2  1조(백광열)27 닥터카슨            기   07:55     08:07       0:12   금
  3  1조(백광열)23 닥터칸              기   06:25     06:40       0:15   차
  4  1조(백광열)10 닥터콘스            승   07:12     07:25       0:13   금
  5  1조(백광열) 4 닥터테이크          승   06:00     06:16       0:16   금
  6  1조(백광열) 6 닥터파피아누        승   07:51     08:07       0:16   차
  7  1조(백광열)39 닥터패션            기   07:11     07:24       0:13   차
  8  1조(백광열)18 닥터페이스          승   06:00     06:15       0:15   금
  9  1조(백광열)14 대호평정            승   07:11     07:24       0:13   차
 10  1조(백광열)26 메이저알파          기   07:28     07:42       0:14   차
 11  1조(백광열)21 부미스타            승   06:37     06:52       0:15   차
 12  1조(백광열)11 아델소프트          승   06:37     06:52       0:15   차
 13  1조(백광열)16 아델퓨펄            승   07:53     08:07       0:14   차
 14  1조(백광열)22 영천어벤저          승   06:00     06:16       0:16   차
 15  1조(백광열) 2 영천질주            승   07:13     07:30       0:17   차
 16  1조(백광열)30 와일드아델          승   08:30     08:38       0:08   차
 17  1조(백광열)31 자메이카파워        승   08:16     08:39       0:23   차
 18  1조(백광열)20 킹스턴하버          기   06:54     07:08       0:14   차
 19  1조(백광열)41 톱아델              기   06:27     06:46       0:19   금
 20  1조(백광열)19 파워원더풀          승   06:36     06:50       0:14   차
 21  1조(백광열) 1 파인의꿈            기   06:47     07:00       0:13   금
 22  2조(강형곤)11 동방대로            기   07:08     07:19       0:11   차
 23  2조(강형곤) 9 록초이스            승   06:51     07:06       0:15   차
 24  2조(강형곤)30 메니캐시            승   07:18     07:36       0:18   차
 25  2조(강형곤) 2 배다리글래머        기   07:16     07:27       0:11   금
 26  2조(강형곤)26 비케이룩스          승   07:46     07:56       0:10   금
 27  2조(강형곤)17 비케이선더          기   07:58     08:11       0:13   금
 28  2조(강형곤) 3 사이먼다임          승   07:18     07:34       0:16   차
 29  2조(강형곤)19 스위트밴드          기   06:01     06:11       0:10   금
 30  2조(강형곤)27 스타레이크          기   07:29     07:43       0:14   금
 31  2조(강형곤)21 스타오름            승   06:23     06:39       0:16   금
 32  2조(강형곤) 8 어플리트영          승   06:23     06:36       0:13   금
 33  2조(강형곤)12 인에버터블          기   07:30     07:40       0:10   금
 34  2조(강형곤)33 장미공주            기   06:32     06:44       0:12   금
 35  2조(강형곤)29 최강쏜살            승   08:11     08:29       0:18   차
 36  2조(강형곤)28 톱메이트            승   06:52     07:06       0:14   금
 37  2조(강형곤) 1 투투그레이트        승   06:01     06:12       0:11   금
 38  2조(강형곤)34 팀스카이            승   06:01     06:12       0:11   금
 39  2조(강형곤)41 퍼스트자칼          기   06:26     06:36       0:10   차
 40  2조(강형곤)35 행복시대            승   07:45     07:59       0:14   차
 41  4조(임금만)12 래피드게임          기   06:25     06:41       0:16   금
 42  4조(임금만)13 문화시그니쳐        승   06:20     06:36       0:16   금
 43  4조(임금만)19 에코문              승   07:24     07:37       0:13   금
 44  4조(임금만)22 영광의러너          기   06:08     06:22       0:14   금
 45  4조(임금만)10 톱에이스            승   06:53     07:07       0:14   금
 46  4조(임금만)34 파이트매직          기   07:11     07:19       0:08   금
 47  5조(유병복)16 강자의청춘          승   08:02     08:15       0:13   차
 48  5조(유병복)22 늘푸른드래곤        승   07:30     07:44       0:14   차
 49  5조(유병복)29 다르마              승   06:36     06:45       0:09   금
 50  5조(유병복)19 뜨거운만남          승   06:18     06:29       0:11   차
 51  5조(유병복)28 로열티켓            승   06:00     06:09       0:09   차
 52  5조(유병복)24 매직파트너          기   06:34     06:45       0:11   금
 53  5조(유병복)14 명가대로            승   07:35     07:49       0:14   금
 54  5조(유병복)13 신진강호            승   07:13     07:25       0:12   금
 55  5조(유병복)18 신진공주            기   07:22     07:33       0:11   금
 56  5조(유병복)27 영봉산              승   06:17     06:29       0:12   차
 57  5조(유병복) 4 오피서세상          기   06:51     07:01       0:10   차
 58  5조(유병복)10 원더워커            승   06:51     07:01       0:10   차
 59  5조(유병복)12 제마투지            승   06:00     06:12       0:12   차
 60  5조(유병복) 1 제마포춘            기   06:34     06:42       0:08   금
 61  6조(구영준)27 골든원액트          기   07:38     07:52       0:14   금
 62  6조(구영준) 5 남도퀸              기   07:05     07:20       0:15   금
 63  6조(구영준)26 다이나믹러시        보   07:40     07:56       0:16   금
 64  6조(구영준)13 달의바다            기   07:07     07:18       0:11   금
 65  6조(구영준)16 대호아라            보   07:24     07:42       0:18   차
 66  6조(구영준) 7 리얼리칸            보   08:07     08:30       0:23   차
 67  6조(구영준) 2 무패찰리            조   07:47     08:16       0:29   차
 68  6조(구영준)19 버닝플라이          보   06:54     07:09       0:15   금
 69  6조(구영준)30 스마트프린스        기   07:35     07:59       0:24   차
 70  6조(구영준)22 영광의라이더        보   07:07     07:17       0:10   금
 71  6조(구영준)28 영광의팩터          보   08:15     08:32       0:17   금
 72  6조(구영준) 1 히든보이            보   06:39     06:53       0:14   차
 73  7조(김병학)19 골드프린세스        승   07:11     07:27       0:16   차
 74  7조(김병학) 3 넓은고을            승   07:05     07:21       0:16   차
 75  7조(김병학)15 뉴글로리데이        승   08:18     08:32       0:14   차
 76  7조(김병학)22 단숨에              승   07:44     07:57       0:13   금
 77  7조(김병학) 9 두바이특급          기   07:04     07:17       0:13   금
 78  7조(김병학)14 미라클선            기   07:22     07:35       0:13   금
 79  7조(김병학) 8 베스트코리아        승   08:18     08:32       0:14   차
 80  7조(김병학)23 브라이언파크        기   07:24     07:38       0:14   금
 81  7조(김병학)11 오션피닉스          승   06:08     06:20       0:12   금
 82  7조(김병학)27 옥스보이            승   06:37     06:46       0:09   금
 83  7조(김병학) 5 캐치더빅토리        기   06:58     07:15       0:17   차
 84  7조(김병학) 4 킹스랜딩            승   06:37     06:54       0:17   차
 85  7조(김병학)21 킹오브조이          승   07:44     07:57       0:13   금
 86  7조(김병학) 7 호크킹              승   06:07     06:21       0:14   차
 87  8조(토마스) 7 그레이트킹          보   06:52     07:02       0:10   차
 88  8조(토마스)26 꽃무리              보   06:02     06:10       0:08   금
 89  8조(토마스)31 마크에이스          승   07:17     07:28       0:11   차
 90  8조(토마스)43 미드나이트퀸        기   06:02     06:12       0:10   금
 91  8조(토마스) 8 서부굿              승   08:10     08:21       0:11   차
 92  8조(토마스)14 서부퀸              보   08:04     08:14       0:10   차
 93  8조(토마스)17 에이스붐            보   06:26     06:35       0:09   금
 94  8조(토마스)37 에이스잭팟          기   06:26     06:35       0:09   금
 95  8조(토마스)41 영광의시대          기   06:01     06:12       0:11   차
 96  8조(토마스)35 오아시스걸          기   06:02     06:12       0:10   금
 97  8조(토마스) 2 톱파이어            기   06:02     06:11       0:09   금
 98  8조(토마스)25 파워트레인          보   07:16     07:27       0:11   차
 99  8조(토마스) 1 파티어게인          승   06:52     07:04       0:12   차
100  8조(토마스)11 허니스타            승   07:43     07:54       0:11   차
101  8조(토마스)42 힐모어              보   07:41     07:52       0:11   차
102  9조(양귀선) 8 골드매직            승   06:03     06:15       0:12   금
103  9조(양귀선)19 금빛스카이          승   07:04     07:26       0:22   금
104  9조(양귀선)25 금빛행진            기   06:25     06:37       0:12   금
105  9조(양귀선)29 뉴크라운            승   06:51     07:15       0:24   차
106  9조(양귀선)12 담양제왕            보   06:25     06:37       0:12   금
107  9조(양귀선)32 담양태양            기   06:23     06:34       0:11   차
108  9조(양귀선)15 더퍼스트팩터        기   06:01     06:13       0:12   금
109  9조(양귀선)22 룩스캣              승   06:01     06:13       0:12   금
110  9조(양귀선) 2 바벨라일락          승   06:04     06:18       0:14   차
111  9조(양귀선)36 바벨히트            보   07:00     07:37       0:37   금
112  9조(양귀선)17 뷰티풀킹            승   06:27     06:52       0:25   차
113  9조(양귀선)39 선더베가스          승   07:29     07:53       0:24   차
114  9조(양귀선)33 선더킹              기   07:21     07:33       0:12   금
115  9조(양귀선)14 승리대로            승   07:10     07:30       0:20   차
116  9조(양귀선)18 어게인헬렌          승   07:50     08:07       0:17   차
117  9조(양귀선)23 연승미소            기   06:03     06:13       0:10   금
118  9조(양귀선)28 우승강자            승   06:27     06:40       0:13   차
119  9조(양귀선)20 운봉산              기   07:19     07:32       0:13   금
120  9조(양귀선) 7 이글엔젤            승   06:04     06:18       0:14   금
121  9조(양귀선) 4 자이언트파워        승   06:59     07:22       0:23   차
122  9조(양귀선)21 제라                보   06:01     06:14       0:13   금
123  9조(양귀선)30 트루시그니처        승   06:47     07:04       0:17   차
124  9조(양귀선)10 파이트드림          승   07:43     08:03       0:20   차
125  9조(양귀선) 5 하늘울림            기   06:02     06:15       0:13   금
126 10조(김남중)18 금아굿포인트        기   07:35     07:54       0:19   금
127 10조(김남중)25 금아바니            기   08:15     08:31       0:16   차
128 10조(김남중)21 금아신스틸러        승   08:10     08:27       0:17   차
129 10조(김남중)10 남도일등            승   08:48     09:02       0:14   차
130 10조(김남중)14 라스트가디언        승   07:30     07:47       0:17   금
131 10조(김남중)13 라피도퀸            기   08:12     08:28       0:16   금
132 10조(김남중)11 럭키넘버원          승   08:10     08:27       0:17   차
133 10조(김남중)17 레이디러브          기   07:04     07:18       0:14   금
134 10조(김남중) 3 브레이브킹덤        승   07:28     07:43       0:15   차
135 10조(김남중)20 천년의강            승   06:54     07:08       0:14   금
136 10조(김남중) 9 최강큐피드          기   07:35     07:54       0:19   금
137 10조(김남중) 5 퀵무브              승   06:54     07:05       0:11   차
138 10조(김남중) 8 트루킹              승   06:22     06:38       0:16   차
139 10조(김남중) 2 페더럴스타          승   06:24     06:34       0:10   금
140 10조(김남중) 1 해피매직            승   08:48     09:02       0:14   차
141 12조(조용배)25 가오                승   07:44     07:55       0:11   금
142 12조(조용배) 8 디바인퀸            조   07:43     07:56       0:13   금
143 12조(조용배)27 로열캐슬            기   06:01     06:12       0:11   금
144 12조(조용배)12 리아논포인트        승   07:58     08:16       0:18   차
145 12조(조용배)24 만리스타            승   06:03     06:25       0:22   차
146 12조(조용배)14 배다리강호          승   07:18     07:35       0:17   차
147 12조(조용배)26 배다리대어          기   06:01     06:13       0:12   금
148 12조(조용배)21 스마트모드          조   08:15     08:33       0:18   금
149 12조(조용배)11 스마트영웅          승   07:58     08:14       0:16   금
150 12조(조용배)20 스타티세            승   06:01     06:14       0:13   금
151 12조(조용배) 5 온누리강자          승   06:33     06:55       0:22   금
152 12조(조용배)31 워너비스타          승   06:41     06:57       0:16   차
153 12조(조용배) 4 청마황후            승   06:11     06:28       0:17   차
154 12조(조용배)10 퍼스트윈드          승   07:00     07:15       0:15   차
155 12조(조용배) 9 한라황후            기   07:38     07:54       0:16   금
156 12조(조용배) 7 함안자양산          승   07:18     07:35       0:17   차
157 13조(강병은) 7 비케이허니          보   06:29     06:43       0:14   금
158 13조(강병은) 3 새만금의비전        기   06:59     07:10       0:11   금
159 13조(강병은)22 애니라인            보   06:58     07:10       0:12   금
160 13조(강병은)28 에이스가이          기   06:29     06:43       0:14   금
161 13조(강병은)14 퀸업                기   06:58     07:09       0:11   금
162 13조(강병은) 6 한센물결            보   07:24     07:42       0:18   금
163 14조(윤영훈)25 골드오브하트        기   07:58     08:07       0:09   금
164 14조(윤영훈) 3 베라데이            기   06:41     06:52       0:11   금
165 14조(윤영훈)13 블랙피스            보   08:01     08:13       0:12   금
166 14조(윤영훈)18 선마운틴            기   06:58     07:14       0:16   금
167 14조(윤영훈)16 신비한바람          보   06:06     06:23       0:17   차
168 14조(윤영훈) 7 에이스데이          보   08:57     09:11       0:14   금
169 14조(윤영훈) 6 하이섹시            보   07:02     07:16       0:14   차
170 15조(안우성)21 골든카이저          기   06:00     06:10       0:10   금
171 15조(안우성)35 그레이트댄스        기   06:00     06:10       0:10   차
172 15조(안우성)36 레이빅터            승   07:47     08:02       0:15   차
173 15조(안우성)20 모닝코리아          승   06:32     06:47       0:15   차
174 15조(안우성)15 무한열정            기   06:45     07:02       0:17   차
175 15조(안우성)23 밀리언메이커        승   07:05     07:22       0:17   차
176 15조(안우성)37 버닝스타            기   06:23     06:34       0:11   금
177 15조(안우성)30 아람나래            기   06:23     06:32       0:09   금
178 15조(안우성)33 어플리트타핏        승   08:26     08:42       0:16   차
179 15조(안우성)22 얼라이브스타        승   08:26     08:43       0:17   차
180 15조(안우성)14 얼라이브퀸          승   07:47     08:04       0:17   차
181 15조(안우성) 2 예스파워            승   08:16     08:32       0:16   차
182 15조(안우성)11 원더풀페이거        승   06:22     06:38       0:16   차
183 15조(안우성)25 장산도쿄            승   09:18     09:31       0:13   차
184 15조(안우성)16 점보블레이드        기   06:45     07:03       0:18   차
185 15조(안우성) 3 콘스탄틴            승   07:14     07:28       0:14   차
186 15조(안우성) 7 퀸오딘이지          승   08:51     09:06       0:15   차
187 15조(안우성)45 큐트가이            승   07:47     08:03       0:16   차
188 15조(안우성)12 킹브라더            승   06:50     07:03       0:13   차
189 15조(안우성)17 트라이엄프킹        승   06:00     06:13       0:13   차
190 16조(김재섭)16 고블린              기   06:23     06:37       0:14   금
191 16조(김재섭)31 드로모스            승   06:10     06:26       0:16   차
192 16조(김재섭) 6 로즈불릿            승   07:50     08:03       0:13   차
193 16조(김재섭)36 성산히어로          승   07:00     07:09       0:09   금
194 16조(김재섭)33 스파이시칸          승   07:01     07:16       0:15   차
195 16조(김재섭)15 스피드선샤인        승   06:10     06:27       0:17   차
196 16조(김재섭)20 스피드퓨리          승   06:36     06:55       0:19   차
197 16조(김재섭)14 월드리멤버          승   06:36     06:51       0:15   차
198 16조(김재섭)22 치트키              승   07:24     07:40       0:16   차
199 17조(장세한) 6 국민스타            승   07:00     07:13       0:13   금
200 17조(장세한)20 뉴프레시            보   07:41     07:54       0:13   차
201 17조(장세한)26 다이나믹스타        승   08:47     08:59       0:12   차
202 17조(장세한)30 대흥시대            기   07:02     07:16       0:14   차
203 17조(장세한) 8 댄싱드래건          기   06:39     06:49       0:10   차
204 17조(장세한)18 런파이터            기   06:21     06:31       0:10   차
205 17조(장세한)10 록하드포스          기   07:00     07:12       0:12   금
206 17조(장세한)19 루카스선            보   07:02     07:16       0:14   금
207 17조(장세한) 2 영광의시크릿        기   06:20     06:33       0:13   금
208 17조(장세한)12 와칸다              기   06:44     06:56       0:12   금
209 17조(장세한)11 플라잉킹즈          승   06:20     06:34       0:14   금
210 18조(이정표) 2 다이나믹헌터        승   08:43     09:07       0:24   금
211 18조(이정표)22 로열산다이도        승   06:06     06:20       0:14   금
212 18조(이정표)25 메이저가이          조   07:16     07:36       0:20   차
213 18조(이정표) 9 사이먼탑건          승   07:52     08:06       0:14   차
214 18조(이정표)18 슈거비치            승   07:05     07:21       0:16   금
215 18조(이정표)19 스마티돌풍          기   07:07     07:18       0:11   차
216 18조(이정표) 3 스피드킹덤          기   07:22     07:39       0:17   금
217 18조(이정표)15 에이스질주          승   07:33     07:52       0:19   금
218 18조(이정표)26 에이원스            승   07:22     07:40       0:18   금
219 18조(이정표)27 우리좋은날          기   06:41     06:51       0:10   금
220 18조(이정표) 7 코코윈              승   06:37     06:53       0:16   금
221 18조(이정표)11 투데이스타          승   08:43     09:07       0:24   차
222 18조(이정표)12 할리우드퀸          승   06:32     06:44       0:12   금
223 19조(김영관)13 가디스문            승   08:01     08:16       0:15   차
224 19조(김영관)26 금아사이킥          승   06:27     06:44       0:17   차
225 19조(김영관)20 금아스토밍          승   09:27     09:47       0:20   차
226 19조(김영관)45 금아카이로스        승   06:51     07:09       0:18   금
227 19조(김영관)36 나이스최강          승   07:40     07:54       0:14   차
228 19조(김영관) 4 뉴욕망치            승   08:01     08:18       0:17   차
229 19조(김영관)11 동트자보이          승   09:08     09:19       0:11   차
230 19조(김영관)12 딥마인드            승   08:23     08:36       0:13   차
231 19조(김영관)25 라피도맨            승   08:47     09:01       0:14   차
232 19조(김영관)30 루킹캣              승   06:04     06:19       0:15   차
233 19조(김영관)31 스타아이            승   09:02     09:19       0:17   금
234 19조(김영관) 3 스피드매치          승   06:27     06:43       0:16   차
235 19조(김영관)35 시드니망치          승   08:24     08:39       0:15   차
236 19조(김영관) 8 애니카걸            승   07:40     07:54       0:14   차
237 19조(김영관)17 에이커스드림        승   09:23     09:47       0:24   차
238 19조(김영관)16 올드천하            기   09:02     09:19       0:17   금
239 19조(김영관) 1 원더풀재즈          승   07:15     07:32       0:17   차
240 19조(김영관)18 월드투데이          승   08:43     08:56       0:13   차
241 19조(김영관)27 태극보이            승   06:06     06:18       0:12   차
242 19조(김영관)10 톱데이              승   06:52     07:09       0:17   금
243 19조(김영관)14 티즈모어            승   07:15     07:32       0:17   금
244 19조(김영관)23 파이니스트워리어    기   06:22     06:32       0:10   차
245 20조(최기홍)14 버닝파티            승   06:28     06:39       0:11   차
246 21조(민장기)38 굿트렌드            기   07:15     07:30       0:15   차
247 21조(민장기)29 그레이엔젤          기   08:25     08:38       0:13   차
248 21조(민장기)45 도미네이션          승   06:11     06:32       0:21   차
249 21조(민장기)40 말리부별            기   08:05     08:20       0:15   금
250 21조(민장기)18 미녀봉              승   06:50     07:08       0:18   차
251 21조(민장기)37 미스펙터            기   07:43     08:01       0:18   차
252 21조(민장기)13 바람공주            승   07:08     07:21       0:13   금
253 21조(민장기)10 베이비라인          기   07:08     07:21       0:13   금
254 21조(민장기) 6 비욘드              기   08:05     08:20       0:15   금
255 21조(민장기)14 석세스파티          승   08:29     08:44       0:15   차
256 21조(민장기)44 스타로드            승   07:52     08:10       0:18   차
257 21조(민장기)21 에이스킬러          승   06:58     07:16       0:18   차
258 21조(민장기)27 와일드블루          보   07:20     07:40       0:20   차
259 21조(민장기) 1 운주으뜸            승   08:29     08:44       0:15   차
260 21조(민장기) 5 월드톱              보   06:46     07:02       0:16   차
261 21조(민장기)20 제라게              기   06:49     07:06       0:17   차
262 21조(민장기)41 짜잔                기   07:43     08:01       0:18   차
263 21조(민장기)32 쭈욱                승   06:15     06:34       0:19   금
264 21조(민장기)16 컬러윈드            보   06:09     06:29       0:20   금
265 21조(민장기)35 컬린타임            승   07:48     08:07       0:19   차
266 21조(민장기)30 클러치히터          기   08:13     08:31       0:18   차
267 21조(민장기)15 파이널프런트        보   08:24     08:38       0:14   금
268 21조(민장기)28 퍼스트찬스          승   06:11     06:32       0:21   차
269 21조(민장기)12 프리덤나이트        승   07:28     07:46       0:18   차
270 22조(강은석)14 뉴럭스              보   07:23     07:40       0:17   차
271 22조(강은석) 9 리턴오브섭서디      승   07:35     07:42       0:07   차
272 22조(강은석)45 명성매직            승   06:49     07:07       0:18   차
273 22조(강은석)34 바람의꿈            승   07:24     07:42       0:18   차
274 22조(강은석)29 뿌듯                승   06:31     06:47       0:16   차
275 22조(강은석) 8 스페이스마린        승   06:02     06:16       0:14   차
276 22조(강은석)17 아너퀸              승   06:48     07:10       0:22   차
277 22조(강은석)21 영광의타임          기   06:00     06:11       0:11   금
278 22조(강은석) 3 운주의별            기   06:00     06:12       0:12   금
279 22조(강은석) 5 이츠마이럭키보이    승   07:56     08:16       0:20   차
280 22조(강은석)23 장산바비            기   08:24     08:35       0:11   차
281 22조(강은석)33 정수시대            승   06:20     06:40       0:20   차
282 22조(강은석)28 짱이                기   06:00     06:13       0:13   차
283 22조(강은석)27 천년의구름          보   08:05     08:21       0:16   차
284 22조(강은석) 6 천년의질주          승   07:05     07:22       0:17   차
285 22조(강은석)31 캐치더스카이        승   06:20     06:40       0:20   차
286 22조(강은석) 1 퀸데이              승   07:52     08:12       0:20   차
287 22조(강은석)24 퀸오브더퀸          기   06:00     06:12       0:12   금
288 22조(강은석)36 클린샷              보   06:39     06:55       0:16   차
289 22조(강은석) 7 한빛영광            승   08:04     08:16       0:12   금
290 24조(김길중)27 갤럭시로드          승   06:10     06:25       0:15   금
291 24조(김길중)20 대동기상            승   06:29     06:40       0:11   차
292 24조(김길중)23 마이베이비걸        승   06:39     06:51       0:12   금
293 24조(김길중) 4 스페셜킹이지        기   06:23     06:36       0:13   차
294 24조(김길중) 5 승리의길            기   06:23     06:36       0:13   차
295 24조(김길중)14 아이스레그          승   07:07     07:21       0:14   차
296 24조(김길중)11 퀸아더              승   07:07     07:15       0:08   금
297 24조(김길중)28 투투리즈            승   06:04     06:16       0:12   차
298 24조(김길중)17 파워윈디            승   06:10     06:25       0:15   금
299 24조(김길중)15 필승이지            승   06:39     06:49       0:10   차
300 26조(방동석)27 굿선더              승   06:25     06:38       0:13   차
301 26조(방동석)24 글로리로드          승   06:25     06:40       0:15   차
302 26조(방동석) 5 마이퀸              기   07:49     08:03       0:14   금
303 26조(방동석)31 바베어리언          승   09:07     09:19       0:12   차
304 26조(방동석)36 백년시대            승   07:41     07:57       0:16   차
305 26조(방동석)33 비바브라보          승   07:37     07:50       0:13   차
306 26조(방동석)10 사랑의기적          승   06:25     06:36       0:11   차
307 26조(방동석)22 에코러시            기   07:57     08:07       0:10   금
308 26조(방동석)29 영성에이스          승   08:22     08:36       0:14   금
309 26조(방동석)38 오버더힐            승   06:58     07:10       0:12   차
310 26조(방동석) 9 원더러너            승   06:58     07:08       0:10   차
311 26조(방동석)18 원더풀리얼티        승   08:30     08:47       0:17   금
312 26조(방동석)19 원더풀윙스          승   09:05     09:14       0:09   차
313 26조(방동석) 7 원더풀플래시        승   07:57     08:04       0:07   금
314 26조(방동석)26 인디언추장          승   08:29     08:40       0:11   차
315 26조(방동석) 1 자이언트칼          승   06:58     07:13       0:15   차
316 26조(방동석)12 조이풀라이프        기   07:08     07:15       0:07   차
317 26조(방동석) 4 톱오브코리아        승   06:59     07:08       0:09   차
318 27조(이상영)21 당대거함            승   06:09     06:26       0:17   금
319 27조(이상영)18 머제스틱글로리      승   06:42     06:53       0:11   차
320 27조(이상영) 8 변화의시작          승   07:13     07:26       0:13   차
321 27조(이상영)31 부경천사            기   06:48     07:01       0:13   금
322 27조(이상영)24 승리퀸              기   07:13     07:30       0:17   금
323 27조(이상영)11 에코피아            기   07:33     07:46       0:13   차
324 27조(이상영) 5 전설의반지          승   06:09     06:24       0:15   금
325 27조(이상영) 2 전설의불꽃          승   06:40     06:59       0:19   차
326 27조(이상영)22 퀸할리              승   07:46     08:01       0:15   차
327 27조(이상영)26 판타스틱로드        기   06:48     07:01       0:13   금
328 27조(이상영)16 피스백              기   06:45     06:57       0:12   금
329 28조(하무선)10 부산에이스          승   07:48     08:01       0:13   금
330 28조(하무선) 4 엄지척              승   07:25     07:40       0:15   금
331 29조(문제복)11 감동의순간          기   07:41     07:54       0:13   차
332 29조(문제복)18 그랜드축제          보   06:45     07:04       0:19   차
333 29조(문제복)14 글로벌톱            승   07:02     07:18       0:16   차
334 29조(문제복)23 남양희망            기   07:25     07:37       0:12   금
335 29조(문제복)28 돌아온신세대        보   06:54     07:11       0:17   금
336 29조(문제복)10 드래건킹            보   07:25     07:38       0:13   금
337 29조(문제복) 9 모닝캣              승   06:45     07:04       0:19   차
338 29조(문제복) 8 스톰골드            승   07:25     07:35       0:10   차
339 29조(문제복) 1 한혈마              승   07:56     08:15       0:19   차
340 30조(울즐리)42 마리아스엠버        기   06:30     06:41       0:11   차
341 30조(울즐리)38 메이플클래식        승   06:27     06:41       0:14   금
342 30조(울즐리)26 미스터인디          기   06:30     06:41       0:11   차
343 30조(울즐리) 8 신라의전설          승   06:00     06:12       0:12   차
344 30조(울즐리)29 아티스갈            보   07:11     07:19       0:08   금
345 30조(울즐리)41 에코레이디          보   06:29     06:41       0:12   차
346 30조(울즐리)21 전설의펀치          보   06:34     06:52       0:18   차
347 30조(울즐리)22 카피댓              승   06:58     07:13       0:15   금
348 30조(울즐리) 5 파샤                보   06:00     06:12       0:12   차
349 30조(울즐리)20 프로칸설            기   06:01     06:12       0:11   차
350 30조(울즐리)12 프리깃버드          보   06:02     06:21       0:19   차
351 31조(라이스)18 리얼참              기   07:50     07:56       0:06   금
352 31조(라이스) 8 마이월드            승   07:18     07:31       0:13   금
353 31조(라이스)19 메이저포스          기   06:01     06:12       0:11   차
354 31조(라이스)31 승리글로리          기   06:01     06:12       0:11   차
355 31조(라이스) 9 승리매직퀸          승   07:09     07:20       0:11   차
356 31조(라이스)14 와일드인디          승   08:05     08:20       0:15   차
357 31조(라이스) 6 원더블레이드        승   07:37     07:47       0:10   차
358 31조(라이스)22 정문파워            승   08:57     09:11       0:14   차
359 31조(라이스)15 퀸마블이지          승   06:02     06:12       0:10   차
360 31조(라이스)25 크리스털싱킹        승   06:38     06:49       0:11   차
361 31조(라이스) 1 킹앨리              승   08:11     08:23       0:12   차
362 31조(라이스) 5 투혼의반석          승   08:42     08:55       0:13   차
363 31조(라이스)30 트라이벌댄서        기   06:01     06:12       0:11   차
364 31조(라이스)16 퍼스트스타          승   06:37     06:49       0:12   차
365 31조(라이스)36 픽처재스퍼          기   06:25     06:37       0:12   차
366 31조(라이스)32 히든스타            승   06:03     06:13       0:10   차
367 32조(임동창)24 매직호스            승   06:20     06:35       0:15   금
368 32조(임동창)19 보령환호            승   07:22     07:38       0:16   차
369 32조(임동창) 3 성실사랑            승   08:16     08:34       0:18   차
370 32조(임동창) 9 예술의경지          승   07:44     08:11       0:27   차
371 32조(임동창) 2 질주여행            기   06:18     06:27       0:09   차
372 32조(임동창)14 투투페어리          승   06:39     06:55       0:16   차
373 32조(임동창)23 하바나제인          승   06:59     07:15       0:16   금
374 33조(권승주) 9 골든위너            승   06:31     06:45       0:14   차
375 33조(권승주)15 라온더보스          승   06:57     07:12       0:15   차
376 33조(권승주) 1 라온더블루          보   08:06     08:20       0:14   차
377 33조(권승주)29 라온더스타          보   07:20     07:38       0:18   차
378 33조(권승주)25 라온더캡틴          승   07:52     08:07       0:15   차
379 33조(권승주)13 라온더파워          승   07:21     07:38       0:17   차
380 33조(권승주) 8 마하유니            승   06:30     06:45       0:15   차
381 33조(권승주)14 마하타이탄          보   06:31     06:49       0:18   차
382 33조(권승주)36 매직존              기   06:46     06:56       0:10   차
383 33조(권승주)33 선라이트보이        기   06:28     06:38       0:10   차
384 33조(권승주) 2 성산사이먼          승   07:01     07:22       0:21   차
385 33조(권승주)39 센텀번개            승   07:47     08:04       0:17   차
386 33조(권승주)26 아침빛              기   07:51     08:04       0:13   금
387 33조(권승주)23 알파하트            보   06:56     07:09       0:13   차
388 33조(권승주)12 영웅루이스          기   07:38     07:55       0:17   차
389 33조(권승주)24 일념통천            기   07:42     07:54       0:12   금
390 33조(권승주) 5 천년의퀸            승   08:14     08:30       0:16   차
391 33조(권승주)38 청호리더            승   06:30     06:45       0:15   차
392 33조(권승주)27 케이케이원          승   07:36     07:54       0:18   금
393 33조(권승주)21 터프그린            승   07:21     07:37       0:16   금
394 33조(권승주) 4 트리플질주          기   07:52     08:07       0:15   차
395 33조(권승주) 7 해변의뮤직          승   07:19     07:32       0:13   차
━━━━━━━━━━━━━━━━━━━━━━━━━━━━━━━━━━━━━━━
                                                      출력일자 : 2021. 3. 8

