

제목 : 21년 1월30일 (토)   제 4차 주행심사성적  제 1경주

날    씨 : 맑음                               주로상태 : 양호 (7%)
--------------------------------------------------------------------------------
   순위  마번  마    명         산지  성  연령   부  담  기수명    조교사명
--------------------------------------------------------------------------------
     1     8   톱베스트          한   수    4    56      이성재     울즐리   
     2     4   무적불패          한   수    3    54      유현명     토마스   
     3    10   판타스틱리더      한   수    3    54      김철호     임금만   
     4     9   스타오브킹        한   수    4    56      김태현     김길중   
     5     7   진마크            한   암    3    53      이효식     윤영훈   
     6     6   글로벌여왕        한   암    3    53+ 2.0 김어수     임동창   
     7     2   승리대로          한   암    3    53      정동철     양귀선   
     8     1   애프터쇼크        한   거    3    54      채상현     울즐리   
     9     3   새물결의파도      한   암    4    54      정도윤     강병은   
    95     5   레이더            한   암    3    53      다실바     김영관   
--------------------------------------------------------------------------------
   순위 마번  마    명        마체중 기  록  도착차    판정 불합격사유   검사사유
--------------------------------------------------------------------------------
     1    8   톱베스트          510  1:01.3            합             장기휴양(재)
     2    4   무적불패          510  1:01.5   1        합             주행미합(신)
     3   10   판타스틱리더      464  1:02.8   7        합             주행지정(재)
     4    9   스타오브킹        440  1:03.2   2        합             주행지정(재)
     5    7   진마크            466  1:03.9   4        합             주행미합(신)
     6    6   글로벌여왕        468  1:04.3   2½      합             주행미합(신)
     7    2   승리대로          446  1:05.1   4        합             주행미합(신)
     8    1   애프터쇼크        497  1:05.6   3        합             주행미합(신)
     9    3   새물결의파도      475  1:06.3   4        불   능력미달  주행미합(신)
    95    5   레이더              0  0:00.0   출전취소 출   훈련불충분주행미합(신)
--------------------------------------------------------------------------------
   순위  마번   S1F-G3F-G2F-G1F  S1-F    400     G400     G-3F     G-1F 
--------------------------------------------------------------------------------
     1     8     2- 2- 2- 2      13.9    22.5    24.9     0:35.8   0:12.2
     2     4     1- 1- 1- 1      13.9    22.5    25.1     0:36.0   0:12.5
     3    10     3- 3- 3- 3      13.9    23.0    25.9     0:37.2   0:12.8
     4     9     8- 8- 6- 4      14.3    23.0    25.9     0:37.1   0:12.9
     5     7     9- 9- 9- 6      14.4    23.4    26.1     0:37.6   0:13.0
     6     6     6- 7- 5- 5      14.1    23.1    27.1     0:38.2   0:13.6
     7     2     7- 5- 7- 8      14.2    23.3    27.6     0:39.0   0:13.7
     8     1     4- 4- 4- 7      14.1    23.1    28.4     0:39.7   0:14.6
     9     3     5- 6- 8- 9      14.1    23.4    28.8     0:40.2   0:14.7
    95     5      -  -  -                                                
--------------------------------------------------------------------------------
      4펄롱 :  47.4       3펄롱 :  35.8
--------------------------------------------------------------------------------


제목 : 21년 1월30일 (토)   제 4차 주행심사성적  제 2경주

날    씨 : 맑음                               주로상태 : 양호 (7%)
--------------------------------------------------------------------------------
   순위  마번  마    명         산지  성  연령   부  담  기수명    조교사명
--------------------------------------------------------------------------------
     1     9   말리부태양        미   거    5    57      다실바     김영민   
     2    10   영광의시크릿      한   수    5    57      이성재     장세한   
     3     8   보고있나          미   거    6    57      정도윤     방동석   
     4     6   원더풀레이디      한   암    3    53+ 1.0 페로비치    울즐리   
     5     5   크리스털싱킹      한   암    3    53      채상현     라이스   
     6     4   닥터시애틀        한   거    3    54      진겸      백광열   
     7     1   로즈스타          한   암    3    53      이효식     강병은   
     8     7   블랙퀸            한   암    3    53+ 2.0 김어수     양귀선   
     9     2   로킹스타          한   암    3    53+ 1.0 송경윤     구영준   
    10     3   킹파티            한   수    3    54+ 1.0 김명신     강병은   
--------------------------------------------------------------------------------
   순위 마번  마    명        마체중 기  록  도착차    판정 불합격사유   검사사유
--------------------------------------------------------------------------------
     1    9   말리부태양        493  1:03.0            합             장기휴양(재)
     2   10   영광의시크릿      547  1:03.5   3        합             장기휴양(재)
     3    8   보고있나          496  1:03.9   2        합             주행지정(재)
     4    6   원더풀레이디      441  1:04.1   1½      합             주행미합(신)
     5    5   크리스털싱킹      508  1:04.7   4        합             주행미합(신)
     6    4   닥터시애틀        476  1:04.8   ½       합             주행미합(신)
     7    1   로즈스타          437  1:06.3   9        불   능력미달  주행미합(신)
     8    7   블랙퀸            481  1:06.5   ¾       불   능력미달  주행미합(신)
     9    2   로킹스타          474  1:07.3   5        불   능력미달  주행미합(신)
    10    3   킹파티            461  1:22.5   87       불   발진불량  주행미합(신)
--------------------------------------------------------------------------------
   순위  마번   S1F-G3F-G2F-G1F  S1-F    400     G400     G-3F     G-1F 
--------------------------------------------------------------------------------
     1     9     1- 1- 1- 1      13.8    22.5    26.7     0:37.5   0:13.4
     2    10     2- 4- 4- 2      13.8    22.9    26.8     0:37.8   0:13.6
     3     8     7- 9- 5- 5      14.4    23.2    26.3     0:37.5   0:13.0
     4     6     3- 3- 3- 3      14.1    22.6    27.4     0:38.5   0:13.7
     5     5     9- 8- 6- 6      14.6    23.1    27.0     0:38.3   0:13.5
     6     4     5- 2- 2- 4      14.2    22.5    28.1     0:39.2   0:14.3
     7     1     8- 7- 9- 8      14.6    23.5    28.2     0:39.9   0:14.2
     8     7     6- 6- 8- 7      14.2    23.8    28.5     0:40.2   0:14.5
     9     2     4- 5- 7- 9      14.2    23.7    29.4     0:41.0   0:15.1
    10     3    10-10-10-10      21.6    27.9    33.0     0:46.6   0:16.2
--------------------------------------------------------------------------------
      4펄롱 :  49.2       3펄롱 :  37.5
--------------------------------------------------------------------------------


제목 : 21년 1월30일 (토)   제 4차 주행심사성적  제 3경주

날    씨 : 맑음                               주로상태 : 양호 (7%)
--------------------------------------------------------------------------------
   순위  마번  마    명         산지  성  연령   부  담  기수명    조교사명
--------------------------------------------------------------------------------
     1     7   바람공주          한   암    4    54      유현명     민장기   
     2     5   로열페넌트        미   수    4    56      페로비치    울즐리   
     3    10   원더풀킹          한   수    3    54+ 2.0 김어수     양귀선   
     4     3   다이아몬드마린    미   거    4    56      다실바     이상영   
     5     9   글로벌캔디        미   암    4    54      진겸      방동석   
     6     6   파이트매직        한   암    5    55      김철호     임금만   
     7     8   와일드비전        한   암    4    54      이성재     울즐리   
     8     2   히트잭팟          한   암    4    54      김태현     김길중   
     9     4   인투마린          한   거    4    56      이효식     김영민   
    10     1   아델크라운        한   거    3    54      정우주     백광열   
--------------------------------------------------------------------------------
   순위 마번  마    명        마체중 기  록  도착차    판정 불합격사유   검사사유
--------------------------------------------------------------------------------
     1    7   바람공주          479  1:03.1            합             주행지정(재)
     2    5   로열페넌트        497  1:03.4   1¾      합             장기휴양(재)
     3   10   원더풀킹          508  1:03.4   머리     연             연습주행    
     4    3   다이아몬드마린    507  1:03.7   1¾      합             장기휴양(재)
     5    9   글로벌캔디        482  1:04.0   1½      합             장기휴양(재)
     6    6   파이트매직        462  1:04.1   ½       합             장기휴양(재)
     7    8   와일드비전        424  1:04.2   ½       합             장기휴양(재)
     8    2   히트잭팟          451  1:04.4   1½      합             장기휴양(재)
     9    4   인투마린          537  1:04.5   머리     합             장기휴양(재)
    10    1   아델크라운        485  1:04.5   목       합             장기휴양(재)
--------------------------------------------------------------------------------
   순위  마번   S1F-G3F-G2F-G1F  S1-F    400     G400     G-3F     G-1F 
--------------------------------------------------------------------------------
     1     7     1- 1- 1- 1      13.7    22.6    26.8     0:38.0   0:13.3
     2     5     2- 2- 2- 2      13.7    23.0    26.7     0:38.1   0:13.1
     3    10    10-10-10- 5      14.6    22.7    26.1     0:37.2   0:12.9
     4     3     7- 6- 4- 6      14.1    22.7    26.9     0:38.0   0:13.1
     5     9     3- 3- 5- 3      13.8    23.0    27.2     0:38.7   0:13.6
     6     6     9- 7- 6- 4      14.2    22.7    27.2     0:38.4   0:13.6
     7     8     4- 5- 7- 7      13.9    23.0    27.3     0:38.7   0:13.5
     8     2     6- 8- 9-10      14.1    23.2    27.1     0:38.6   0:13.3
     9     4     8- 9- 8- 8      14.2    23.0    27.3     0:38.7   0:13.7
    10     1     5- 4- 3- 9      14.0    22.8    27.7     0:39.0   0:13.6
--------------------------------------------------------------------------------
      4펄롱 :  49.4       3펄롱 :  38.0
--------------------------------------------------------------------------------
