

제목 : 21.09.27(월) 조교현황

  ※기승자범례(조:조교사, 보:조교보, 기:기수, 후:기수후보생, 승:조교승인)
  ※비고(금:금주출전예정마, 차:차주출전예정마, 특:특대상경주출전예정마)
  ※금주, 차주 또는 특별 대상경주 출전예상마는 출전신청 결과 및
  조교사의 의사에 따라 변동될 수 있는 미확정된 자료이오니 참고하시기 바랍니다.
━━━━━━━━━━━━━━━━━━━━━━━━━━━━━━━━━━━━━━━
  순 소속조 - 조번 마명              기승자 입장시각  퇴장시각  조교시간 비고
━━━━━━━━━━━━━━━━━━━━━━━━━━━━━━━━━━━━━━━
  1  1조(백광열)25 닥터스카이          기   08:11     08:26       0:15   차
  2  1조(백광열)32 닥터스콜            승   06:06     06:22       0:16   차
  3  1조(백광열)24 닥터시저            기   07:03     07:17       0:14   금
  4  1조(백광열)15 닥터시크            승   08:01     08:20       0:19   금
  5  1조(백광열) 5 닥터자이언츠        승   07:54     08:15       0:21   차
  6  1조(백광열)17 닥터캔디            승   06:45     06:55       0:10   금
  7  1조(백광열)34 닥터콩돌이          승   07:12     07:32       0:20   차
  8  1조(백광열)40 닥터콩순이          승   08:30     08:42       0:12   차
  9  1조(백광열) 4 닥터테이크          승   06:01     06:17       0:16   금
 10  1조(백광열)28 닥터텍사스          승   06:29     06:48       0:19   차
 11  1조(백광열)26 닥터파라오          기   07:38     07:53       0:15   특
 12  1조(백광열)39 닥터패션            승   08:44     08:59       0:15   차
 13  1조(백광열)23 닥터페이스          승   08:19     08:31       0:12   차
 14  1조(백광열)36 닥터프로            기   07:40     07:54       0:14   차
 15  1조(백광열)31 대호전설            기   06:37     06:52       0:15   차
 16  1조(백광열) 2 대호질주            승   07:14     07:33       0:19   금
 17  1조(백광열)38 마이티파워          승   07:40     07:58       0:18   금
 18  1조(백광열)44 메니글로리          승   08:02     08:20       0:18   차
 19  1조(백광열)33 아델로사리오        기   06:45     06:59       0:14   금
 20  1조(백광열)13 아델스마트          승   06:02     06:17       0:15   차
 21  1조(백광열)30 아델스텔라          승   08:46     08:59       0:13   차
 22  1조(백광열)11 아델스파이크        승   06:01     06:13       0:12   차
 23  1조(백광열)20 아델앨리스          기   08:46     08:58       0:12   차
 24  1조(백광열)35 아델크라운          승   06:35     06:55       0:20   차
 25  1조(백광열)16 아델퓨펄            기   07:40     07:57       0:17   금
 26  1조(백광열) 8 알파어게인          기   06:00     06:18       0:18   금
 27  1조(백광열)22 연승브라보          기   07:11     07:29       0:18   금
 28  1조(백광열) 7 영원파워            승   07:05     07:34       0:29   차
 29  1조(백광열)43 영천파워            승   06:37     06:53       0:16   차
 30  1조(백광열)41 와일드아델          승   06:40     06:55       0:15   차
 31  1조(백광열)21 위너스타            기   07:08     07:23       0:15   금
 32  1조(백광열)14 화랑베스트          기   07:38     07:53       0:15   특
 33  1조(백광열) 9 화랑브라보          승   07:12     07:32       0:20   차
 34  1조(백광열)10 화랑에이스          승   08:59     09:13       0:14   차
 35  1조(백광열)29 히든챔프            승   06:04     06:22       0:18   차
 36  2조(강형곤)38 그린치타            기   08:57     09:13       0:16   차
 37  2조(강형곤)18 노블카우보이        승   07:20     07:37       0:17   차
 38  2조(강형곤) 2 동부스타            기   07:46     07:54       0:08   금
 39  2조(강형곤)45 로열티켓            기   07:24     07:39       0:15   차
 40  2조(강형곤) 9 록초이스            승   06:51     07:08       0:17   차
 41  2조(강형곤)37 명성차지            기   06:26     06:36       0:10   차
 42  2조(강형곤)39 배다리아이콘        승   08:57     09:13       0:16   차
 43  2조(강형곤)40 백구                승   08:57     09:13       0:16   차
 44  2조(강형곤)25 불의검              승   07:52     08:08       0:16   차
 45  2조(강형곤) 6 불의혼              승   06:51     07:08       0:17   차
 46  2조(강형곤)16 뷰티풀갤럽          승   08:24     08:41       0:17   차
 47  2조(강형곤)27 비케이갬블          승   07:52     08:08       0:16   차
 48  2조(강형곤)21 비케이루프톱        승   06:00     06:12       0:12   금
 49  2조(강형곤)12 비케이룩스          기   07:28     07:36       0:08   차
 50  2조(강형곤) 5 비케이마셜          승   08:24     08:41       0:17   차
 51  2조(강형곤) 7 비케이하운드        기   06:00     06:12       0:12   금
 52  2조(강형곤)13 비케이헌터          승   06:00     06:12       0:12   차
 53  2조(강형곤)36 서귀포인트          기   08:32     08:41       0:09   차
 54  2조(강형곤)35 스타레이크          승   09:24     09:36       0:12   차
 55  2조(강형곤) 3 영광의축제          기   06:24     06:35       0:11   차
 56  2조(강형곤)31 우승멜로디          기   06:45     06:55       0:10   금
 57  2조(강형곤) 8 인에버터블          승   06:24     06:40       0:16   차
 58  2조(강형곤)32 천년미소            기   07:04     07:14       0:10   차
 59  2조(강형곤)17 최강두드림          기   07:47     07:55       0:08   차
 60  2조(강형곤)19 최강무지개          기   07:28     07:37       0:09   차
 61  2조(강형곤)28 톱메이트            승   07:20     07:37       0:17   차
 62  2조(강형곤)30 투투그레이트        승   06:24     06:36       0:12   차
 63  2조(강형곤)33 파이널파티          기   07:46     07:56       0:10   금
 64  2조(강형곤)11 히트더로드          기   07:12     07:26       0:14   차
 65  4조(임금만) 6 마이스타            승   06:00     06:08       0:08   금
 66  4조(임금만)34 보드블레이드        기   06:00     06:08       0:08   금
 67  4조(임금만)17 슬림퀸              승   06:29     06:41       0:12   차
 68  4조(임금만) 9 시티블레이드        승   07:40     07:52       0:12   금
 69  4조(임금만)19 에코문              승   06:58     07:15       0:17   차
 70  4조(임금만)16 영광의레전드        기   06:01     06:18       0:17   특
 71  4조(임금만)36 이스트벨            승   06:29     06:41       0:12   차
 72  4조(임금만)33 장산도끼            기   07:38     07:55       0:17   금
 73  4조(임금만)18 챔프고              기   06:01     06:17       0:16   차
 74  4조(임금만)21 청담파이어          승   07:38     07:55       0:17   차
 75  4조(임금만) 5 톱에이스            승   07:37     07:52       0:15   금
 76  4조(임금만)12 판타스틱로드        기   07:35     07:50       0:15   차
 77  6조(구영준)13 남도퀸              승   06:25     06:40       0:15   차
 78  6조(구영준)18 남양천리            승   07:09     07:22       0:13   차
 79  6조(구영준)21 대호누리            기   06:43     06:56       0:13   특
 80  6조(구영준)33 드림댄서            기   06:44     06:57       0:13   금
 81  6조(구영준) 4 로킹스타            승   08:02     08:14       0:12   금
 82  6조(구영준) 7 리얼리칸            보   07:21     07:38       0:17   금
 83  6조(구영준) 2 무패찰리            보   08:17     08:36       0:19   금
 84  6조(구영준)30 스마트프린스        승   07:41     07:55       0:14   차
 85  6조(구영준) 6 위닝포스트          승   07:02     07:20       0:18   금
 86  6조(구영준)12 윈드크로스          기   07:09     07:22       0:13   차
 87  6조(구영준)22 전설의파티          기   07:29     07:41       0:12   차
 88  6조(구영준)27 최강포스            기   08:06     08:16       0:10   금
 89  6조(구영준)32 킹돔보              기   08:06     08:16       0:10   금
 90  6조(구영준)11 풀머니              승   08:17     08:36       0:19   금
 91  6조(구영준) 1 히든보이            보   06:39     06:56       0:17   차
 92  7조(김병학)19 골드프린세스        승   07:39     07:58       0:19   차
 93  7조(김병학)18 그레이트엘          승   06:14     06:37       0:23   차
 94  7조(김병학)21 맨오브더이어        기   08:01     08:13       0:12   금
 95  7조(김병학) 8 버닝건              승   06:14     06:37       0:23   차
 96  7조(김병학)12 올에이플러스        승   06:56     07:17       0:21   금
 97  7조(김병학)26 인디언파티          기   08:22     08:35       0:13   금
 98  7조(김병학) 5 캐치더빅토리        승   06:56     07:17       0:21   차
 99  7조(김병학) 4 킹스랜딩            기   07:25     07:36       0:11   금
100  7조(김병학) 7 호크킹              승   07:55     08:10       0:15   차
101  8조(토마스)30 경주의두레박        보   07:15     07:26       0:11   금
102  8조(토마스) 7 그레이트킹          기   06:00     06:10       0:10   차
103  8조(토마스)35 꽃과구름            기   06:30     06:44       0:14   차
104  8조(토마스)26 꽃무리              승   06:00     06:11       0:11   금
105  8조(토마스) 3 로키스카이          보   07:40     07:53       0:13   차
106  8조(토마스)16 뮤직박스            승   08:56     09:08       0:12   차
107  8조(토마스) 1 미스고              보   08:59     09:15       0:16   차
108  8조(토마스)27 스카이모어          승   07:40     07:54       0:14   차
109  8조(토마스)45 스텔루나            승   08:33     08:44       0:11   차
110  8조(토마스)25 에이스붐            기   06:00     06:10       0:10   차
111  8조(토마스)37 에이스잭팟          승   08:37     09:05       0:28   차
112  8조(토마스)44 에이스포텐          승   06:26     06:44       0:18   금
113  8조(토마스)29 여왕의미소          승   07:10     07:20       0:10   차
114  8조(토마스)19 영광의파이트        승   06:01     06:13       0:12   금
115  8조(토마스)41 으뜸이              승   08:10     08:24       0:14   차
116  8조(토마스)28 천마대로            기   06:26     06:35       0:09   금
117  8조(토마스)22 천마파워            기   06:30     06:44       0:14   금
118  8조(토마스)12 퀸즈대로            승   08:07     08:18       0:11   차
119  8조(토마스)34 태풍이              보   08:37     09:05       0:28   차
120  8조(토마스)36 판타스틱매직        승   07:41     07:53       0:12   차
121  8조(토마스)38 플레이더인디        기   06:00     06:10       0:10   금
122  8조(토마스)21 한라누리            승   06:57     07:08       0:11   금
123  8조(토마스) 5 해가뜨고            보   08:10     08:23       0:13   차
124  8조(토마스)40 해피우먼            기   07:15     07:26       0:11   금
125  8조(토마스)11 허니스타            기   06:26     06:35       0:09   차
126  8조(토마스)42 힐모어              승   07:17     07:28       0:11   차
127  9조(양귀선)13 그레이트댄스        승   07:05     07:26       0:21   차
128  9조(양귀선)19 금빛스카이          승   07:12     07:35       0:23   금
129  9조(양귀선)25 금빛행진            승   06:24     06:39       0:15   차
130  9조(양귀선)29 뉴크라운            기   06:36     06:48       0:12   차
131  9조(양귀선)38 담양돌풍            승   07:32     07:46       0:14   금
132  9조(양귀선)12 담양제왕            기   06:19     06:35       0:16   차
133  9조(양귀선)34 대지초이스          기   06:00     06:13       0:13   특
134  9조(양귀선)15 더퍼스트팩터        승   06:36     06:54       0:18   금
135  9조(양귀선)20 랩베르사            승   07:19     07:42       0:23   차
136  9조(양귀선)30 로드투브이          승   07:47     08:05       0:18   차
137  9조(양귀선)16 메니어게인          승   06:32     06:57       0:25   금
138  9조(양귀선) 2 바벨라일락          기   06:20     06:31       0:11   금
139  9조(양귀선)36 바벨히트            승   08:00     08:22       0:22   차
140  9조(양귀선)23 범이내려온다        보   06:07     06:20       0:13   금
141  9조(양귀선)39 선더베가스          승   06:05     06:17       0:12   금
142  9조(양귀선) 6 성산파워            승   06:07     06:20       0:13   금
143  9조(양귀선)44 슈퍼크랙            승   07:53     08:11       0:18   차
144  9조(양귀선)18 어게인헬렌          기   06:46     06:57       0:11   금
145  9조(양귀선) 3 온누리질주          승   06:42     07:09       0:27   특
146  9조(양귀선)28 우승강자            보   06:41     06:53       0:12   차
147  9조(양귀선)24 울트라위너          승   08:37     08:49       0:12   차
148  9조(양귀선)40 원더풀킹            승   06:07     06:27       0:20   금
149  9조(양귀선)21 제라                기   08:23     08:38       0:15   특
150  9조(양귀선)26 케이축제            승   06:47     07:02       0:15   차
151  9조(양귀선)27 테이크인디킹        보   08:23     08:38       0:15   차
152  9조(양귀선)10 파워울프            승   06:07     06:20       0:13   금
153  9조(양귀선) 5 하늘울림            승   07:17     07:40       0:23   차
154 10조(구민성) 8 골드디바            기   08:54     09:04       0:10   금
155 10조(구민성) 9 그랜드축제          기   08:06     08:14       0:08   금
156 10조(구민성)14 로켓고              기   07:47     07:54       0:07   차
157 10조(구민성)21 록페가수스          기   07:11     07:22       0:11   금
158 10조(구민성)20 룰루                승   07:36     07:51       0:15   차
159 10조(구민성) 5 마이티스톰          승   07:03     07:21       0:18   차
160 10조(구민성)10 미녀검객            승   06:06     06:20       0:14   차
161 10조(구민성) 7 블루카슨            승   08:06     08:16       0:10   금
162 10조(구민성)28 사키사키            승   07:36     07:56       0:20   금
163 10조(구민성) 3 서귀퍼스트          승   06:33     06:50       0:17   차
164 10조(구민성)29 신진강호            기   07:11     07:23       0:12   금
165 10조(구민성)22 영봉산              기   06:14     06:23       0:09   금
166 10조(구민성) 1 월드금메달          승   06:11     06:23       0:12   차
167 10조(구민성)16 이터널에이스        승   07:03     07:21       0:18   차
168 10조(구민성) 6 최고오름            승   06:19     06:35       0:16   차
169 10조(구민성)23 하늘미소            승   06:54     07:11       0:17   차
170 10조(구민성)25 한센물결            승   06:33     06:50       0:17   금
171 10조(구민성)31 함안서북산          기   06:29     06:37       0:08   차
172 12조(조용배)25 가오                승   07:18     07:34       0:16   금
173 12조(조용배)10 낙원대로            기   08:29     08:40       0:11   금
174 12조(조용배)27 로열캐슬            승   06:35     06:53       0:18   금
175 12조(조용배)12 리아논포인트        조   06:30     06:47       0:17   금
176 12조(조용배)14 밀크데이            승   06:35     06:58       0:23   차
177 12조(조용배)19 배다리지존          승   06:35     07:01       0:26   차
178 12조(조용배)22 스마트클래스        승   06:00     06:14       0:14   차
179 12조(조용배)20 스타티세            승   06:00     06:14       0:14   금
180 12조(조용배) 5 온누리강자          승   06:00     06:19       0:19   금
181 12조(조용배) 6 월드천사            기   07:53     08:09       0:16   차
182 12조(조용배)15 윈드하이            기   07:45     07:56       0:11   차
183 12조(조용배)32 청마영웅            기   07:25     07:38       0:13   금
184 12조(조용배) 4 청마황후            조   07:25     07:38       0:13   금
185 12조(조용배) 7 쾌한황금            승   07:45     07:56       0:11   차
186 12조(조용배) 3 탐라황후            조   06:59     07:10       0:11   차
187 14조(윤영훈)12 동남불패            기   06:22     06:33       0:11   금
188 14조(윤영훈)14 마크원              기   06:42     06:55       0:13   금
189 14조(윤영훈) 3 베라데이            승   06:03     06:27       0:24   차
190 14조(윤영훈)18 선마운틴            승   07:19     07:45       0:26   금
191 14조(윤영훈) 8 신비한강자          기   08:07     08:18       0:11   금
192 14조(윤영훈) 9 신비한여인          기   06:41     06:55       0:14   금
193 14조(윤영훈)11 진마크              기   07:33     07:45       0:12   금
194 14조(윤영훈)15 청담드라이브        기   07:32     07:45       0:13   금
195 14조(윤영훈)22 케이비보스          기   06:51     07:15       0:24   금
196 15조(안우성)21 골든카이저          승   06:00     06:13       0:13   차
197 15조(안우성)27 구름속산책          승   06:50     07:05       0:15   차
198 15조(안우성)19 굿캐스팅            승   07:25     07:42       0:17   차
199 15조(안우성)43 그래핀킹            승   08:14     08:28       0:14   차
200 15조(안우성)20 모닝코리아          기   06:55     07:02       0:07   금
201 15조(안우성)40 블루엠버            기   07:11     07:20       0:09   차
202 15조(안우성)34 스카이윈            기   06:02     06:12       0:10   차
203 15조(안우성)38 스피드마스트        기   07:28     07:37       0:09   금
204 15조(안우성)30 아람나래            기   07:28     07:37       0:09   금
205 15조(안우성)31 얼라이브캡틴        승   08:50     09:03       0:13   차
206 15조(안우성) 2 예스파워            승   09:14     09:30       0:16   차
207 15조(안우성) 1 예스퍼펙트          승   06:01     06:18       0:17   차
208 15조(안우성)35 원더풀디거          승   07:20     07:31       0:11   금
209 15조(안우성)11 원더풀페이거        승   07:53     08:09       0:16   차
210 15조(안우성) 8 위너팰컨            승   06:29     06:39       0:10   차
211 15조(안우성) 9 저스트윈            기   06:54     07:04       0:10   금
212 15조(안우성)16 점보블레이드        승   06:26     06:47       0:21   차
213 15조(안우성) 6 주말보배            기   07:11     07:20       0:09   차
214 15조(안우성)12 킹브라더            승   06:00     06:14       0:14   차
215 15조(안우성) 3 트라이엄프캣        승   07:41     07:56       0:15   차
216 15조(안우성)17 트라이엄프킹        승   06:59     07:16       0:17   차
217 15조(안우성)36 특급캠프            승   06:50     07:05       0:15   차
218 15조(안우성)33 플라잉더챔프        승   08:19     08:36       0:17   차
219 16조(김재섭) 7 다이아몬드마린      승   06:45     07:18       0:33   금
220 16조(김재섭)13 도미네이션          승   06:14     06:35       0:21   차
221 16조(김재섭)17 동반의시작          기   07:42     07:55       0:13   금
222 16조(김재섭)39 미스터싹쓰리        기   08:08     08:22       0:14   금
223 16조(김재섭)31 백두여상            기   08:01     08:16       0:15   금
224 16조(김재섭)18 빙고맨              승   07:27     07:45       0:18   차
225 16조(김재섭)34 새만금의비전        기   07:42     07:54       0:12   금
226 16조(김재섭)24 성산불꽃            기   08:01     08:16       0:15   금
227 16조(김재섭)36 성산히어로          승   07:27     07:46       0:19   차
228 16조(김재섭) 1 솔인빅투스          기   06:56     07:09       0:13   금
229 16조(김재섭)19 스페이스마린        승   06:14     06:35       0:21   차
230 16조(김재섭)15 스피드선샤인        기   07:45     08:02       0:17   차
231 16조(김재섭)20 스피드퓨리          승   08:10     08:27       0:17   차
232 16조(김재섭)38 울트라파워          승   08:29     08:49       0:20   차
233 16조(김재섭)14 월드리멤버          기   06:56     07:09       0:13   금
234 16조(김재섭)41 이츠마이럭키보이    승   08:45     09:02       0:17   차
235 16조(김재섭)23 캐치더선            기   08:29     08:49       0:20   금
236 16조(김재섭)21 하디찰리            승   06:45     07:16       0:31   차
237 16조(김재섭)35 해브어굿타임        승   08:08     08:22       0:14   금
238 17조(장세한)24 그레이트고          보   07:14     07:32       0:18   금
239 17조(장세한)23 다이아포스          기   09:00     09:10       0:10   금
240 17조(장세한) 8 댄싱드래건          기   06:31     06:42       0:11   차
241 17조(장세한) 7 뜨거운만남          보   07:50     08:14       0:24   차
242 17조(장세한)18 런파이터            승   08:34     08:49       0:15   차
243 17조(장세한) 3 레이디골든          승   07:50     08:13       0:23   차
244 17조(장세한) 1 바벨드리머          보   08:51     09:06       0:15   차
245 17조(장세한)21 스마트비진          기   06:07     06:23       0:16   금
246 17조(장세한)12 와칸다              기   07:16     07:25       0:09   금
247 17조(장세한)16 으뜸칼              승   07:07     07:28       0:21   차
248 17조(장세한)27 클린처              승   06:22     06:36       0:14   차
249 17조(장세한)22 텐텐퀸              보   06:21     06:32       0:11   금
250 18조(이정표)18 다르마              승   07:05     07:21       0:16   금
251 18조(이정표) 2 다이나믹헌터        승   06:10     06:24       0:14   금
252 18조(이정표)17 대왕봉              승   06:15     06:32       0:17   금
253 18조(이정표) 3 스피드킹덤          승   07:32     07:52       0:20   차
254 18조(이정표) 8 에이스로드          승   07:20     07:34       0:14   금
255 18조(이정표)15 에이스질주          승   06:36     06:56       0:20   금
256 18조(이정표) 1 에이스챔피언        승   08:09     08:28       0:19   차
257 18조(이정표)14 연승글로리          기   08:11     08:23       0:12   금
258 18조(이정표) 6 오메가걸            기   07:50     08:01       0:11   금
259 18조(이정표)27 우리좋은날          기   08:11     08:23       0:12   금
260 18조(이정표)10 탐라하늘            승   06:46     06:57       0:11   금
261 18조(이정표)12 할리우드퀸          기   06:00     06:14       0:14   금
262 19조(김영관)32 골드파운틴          기   08:59     09:17       0:18   금
263 19조(김영관)26 금아사이킥          승   08:59     09:17       0:18   금
264 19조(김영관) 7 나이스월드          기   08:31     08:50       0:19   금
265 19조(김영관) 6 딥마인드            승   06:02     06:16       0:14   차
266 19조(김영관)14 레전드넘버원        승   07:50     08:13       0:23   차
267 19조(김영관) 4 로사                기   07:30     07:47       0:17   금
268 19조(김영관)40 몽땅                기   08:31     08:50       0:19   특
269 19조(김영관)44 무등산              기   06:23     06:41       0:18   금
270 19조(김영관) 9 백문백답            승   09:48     10:00       0:12   차
271 19조(김영관)31 사가르마타          승   06:54     07:08       0:14   차
272 19조(김영관)12 수소엔진            기   07:13     07:28       0:15   차
273 19조(김영관)36 스피드매치          승   09:08     09:15       0:07   차
274 19조(김영관)25 어게인터치          기   09:24     09:41       0:17   금
275 19조(김영관)17 에이커스드림        기   06:49     07:01       0:12   차
276 19조(김영관)43 올드천하            승   06:01     06:16       0:15   차
277 19조(김영관)28 원더풀레이즈        승   09:24     09:41       0:17   차
278 19조(김영관) 2 원더풀재즈          기   06:22     06:39       0:17   금
279 19조(김영관)13 월드그린            승   06:35     06:47       0:12   차
280 19조(김영관)45 월드시카고          승   08:44     08:59       0:15   차
281 19조(김영관)38 월드투데이          승   07:15     07:33       0:18   금
282 19조(김영관) 8 제이에스데이        승   06:35     06:48       0:13   차
283 19조(김영관)15 크레이지콘티        승   08:52     09:12       0:20   차
284 19조(김영관)24 크로너스            승   07:11     07:25       0:14   차
285 19조(김영관)10 클리프턴킹          승   07:15     07:31       0:16   특
286 19조(김영관)42 킹골리앗            승   07:50     08:13       0:23   차
287 19조(김영관)30 킹오브더매치        승   06:25     06:43       0:18   차
288 19조(김영관)18 톱스카이            기   07:30     07:47       0:17   금
289 20조(최기홍) 1 뉴루비              승   06:31     06:46       0:15   차
290 20조(최기홍)18 뉴엔젤              승   07:02     07:16       0:14   차
291 20조(최기홍)22 영성브라보          승   07:02     07:16       0:14   차
292 20조(최기홍)15 월드플라워          승   08:11     08:24       0:13   차
293 20조(최기홍) 3 위너스맨            승   06:31     06:46       0:15   차
294 20조(최기홍)19 퀸브론스키          승   07:45     07:57       0:12   금
295 21조(민장기)41 그레이캠프          승   06:48     07:06       0:18   차
296 21조(민장기) 2 나이스원            승   06:03     06:24       0:21   차
297 21조(민장기)39 라즈푸타나          승   06:09     06:24       0:15   금
298 21조(민장기)40 말리부별            기   07:05     07:21       0:16   금
299 21조(민장기) 4 바람공주            보   06:48     07:06       0:18   차
300 21조(민장기) 3 석세스동방          승   06:08     06:32       0:24   차
301 21조(민장기)42 석세스마초          승   07:38     07:54       0:16   금
302 21조(민장기)25 아델석세스          승   06:09     06:22       0:13   금
303 21조(민장기) 1 운주으뜸            기   08:24     08:35       0:11   금
304 21조(민장기)37 원더풀찬스          승   06:48     07:06       0:18   차
305 21조(민장기)19 원모어캐치          승   06:48     07:06       0:18   차
306 21조(민장기)22 월드보이            승   07:38     07:54       0:16   금
307 21조(민장기)33 위닝댄서            보   06:08     06:27       0:19   차
308 21조(민장기)35 컬린타임            기   07:05     07:21       0:16   금
309 21조(민장기)16 테이크아델          승   06:13     06:32       0:19   차
310 21조(민장기)15 파이널프런트        기   06:44     06:57       0:13   차
311 21조(민장기)24 플랫베이브          기   08:24     08:35       0:11   금
312 22조(강은석)12 글로리킹            승   07:48     07:59       0:11   금
313 22조(강은석)14 뉴럭스              승   06:00     06:15       0:15   차
314 22조(강은석)10 대호평정            승   07:06     07:16       0:10   차
315 22조(강은석) 5 더블랙퀸            승   08:35     08:50       0:15   차
316 22조(강은석) 3 디먼스파이          승   08:09     08:24       0:15   차
317 22조(강은석) 9 리턴오브섭서디      기   07:27     07:36       0:09   금
318 22조(강은석)32 맨오브더맨          기   06:49     07:02       0:13   차
319 22조(강은석)29 메인브리지          승   06:48     06:58       0:10   차
320 22조(강은석)45 명성매직            기   07:06     07:15       0:09   금
321 22조(강은석)28 무한대              기   06:01     06:16       0:15   차
322 22조(강은석)19 백두정기            기   07:48     07:59       0:11   금
323 22조(강은석)41 부산미소            승   06:48     06:58       0:10   차
324 22조(강은석)39 뷰티풀마린          승   07:54     08:09       0:15   차
325 22조(강은석)37 블루챔프            승   08:44     08:57       0:13   차
326 22조(강은석)17 솔라세일            기   06:26     06:40       0:14   차
327 22조(강은석)38 스마트영웅          승   08:21     08:36       0:15   차
328 22조(강은석)18 스톰섀도            승   06:01     06:16       0:15   금
329 22조(강은석)21 영광의타임          승   07:53     08:05       0:12   차
330 22조(강은석)15 운주세상            승   06:25     06:39       0:14   차
331 22조(강은석) 2 운주의별            승   06:26     06:40       0:14   차
332 22조(강은석)42 윈드하푼            승   08:52     09:06       0:14   차
333 22조(강은석)33 정수시대            승   08:10     08:24       0:14   차
334 22조(강은석)27 천년의구름          승   07:48     07:59       0:11   금
335 22조(강은석)31 캐치더스카이        기   07:06     07:15       0:09   금
336 22조(강은석)25 콰트로맥스          승   06:01     06:16       0:15   차
337 22조(강은석)24 퀸오브더퀸          승   06:25     06:39       0:14   차
338 22조(강은석)36 클린샷              승   06:49     07:02       0:13   차
339 22조(강은석)30 퍼스트체인저        승   07:27     07:36       0:09   차
340 22조(강은석)40 포인트레인          승   08:35     08:49       0:14   차
341 22조(강은석)22 하비스트킹          기   06:01     06:16       0:15   차
342 22조(강은석) 7 한빛영광            승   07:13     07:26       0:13   차
343 24조(김길중) 1 가원의빛            기   07:16     07:31       0:15   차
344 24조(김길중)11 갤럭시로드          승   06:48     07:07       0:19   차
345 24조(김길중)27 러닝에이스          승   06:20     06:32       0:12   차
346 24조(김길중)36 로열골드            기   06:26     06:37       0:11   차
347 24조(김길중)14 베가선더            기   08:33     08:46       0:13   차
348 24조(김길중)31 보람이              기   08:34     08:46       0:12   차
349 24조(김길중) 9 블루파워            기   08:08     08:23       0:15   금
350 24조(김길중)30 원더풀버드          기   08:33     08:46       0:13   금
351 24조(김길중) 2 원더풀피스          승   08:16     08:28       0:12   차
352 24조(김길중)29 잣나무길            기   06:02     06:22       0:20   금
353 24조(김길중) 4 천년의질주          승   06:22     06:32       0:10   금
354 24조(김길중)35 치프오피서          승   07:26     07:37       0:11   금
355 24조(김길중)12 캡틴골드            승   06:20     06:32       0:12   차
356 24조(김길중)33 퀸업                기   08:08     08:23       0:15   금
357 24조(김길중)32 킹비드              승   06:47     06:58       0:11   차
358 24조(김길중)22 투투셀럽            승   07:26     07:38       0:12   차
359 24조(김길중) 6 투투토리            승   07:16     07:29       0:13   차
360 24조(김길중)18 티즈파워            승   06:47     06:58       0:11   금
361 24조(김길중)17 파워윈디            기   06:48     07:06       0:18   금
362 24조(김길중)26 퓨처킹              승   07:44     07:54       0:10   차
363 24조(김길중) 8 히트잭팟            기   08:37     08:53       0:16   금
364 26조(방동석)24 당대거함            승   06:15     06:26       0:11   차
365 26조(방동석)19 레드컬러            승   08:35     08:47       0:12   차
366 26조(방동석)25 마이데스티니        승   09:10     09:20       0:10   차
367 26조(방동석) 5 마이퀸              승   06:48     06:59       0:11   차
368 26조(방동석)14 선더클라우드        승   07:57     08:07       0:10   차
369 26조(방동석)11 아모르파티          승   07:29     07:39       0:10   차
370 26조(방동석)13 어퓨어굿맨          승   07:56     08:09       0:13   차
371 26조(방동석)22 에코러시            승   08:05     08:17       0:12   차
372 26조(방동석)29 영성에이스          승   07:25     07:36       0:11   금
373 26조(방동석) 6 오버더힐            승   06:52     07:04       0:12   차
374 26조(방동석) 9 원더러너            기   07:25     07:36       0:11   금
375 26조(방동석) 8 원더풀데이즈        승   06:15     06:25       0:10   금
376 26조(방동석)16 원더풀라이언        승   09:49     10:00       0:11   차
377 26조(방동석)18 원더풀리얼티        승   09:11     09:20       0:09   차
378 26조(방동석)12 원더풀오션          승   08:35     08:47       0:12   차
379 26조(방동석) 7 조이풀라이프        기   08:15     08:29       0:14   차
380 26조(방동석)27 짜잔                승   07:34     07:45       0:11   차
381 26조(방동석) 2 쭈욱                승   08:35     08:46       0:11   차
382 26조(방동석)23 캡틴스텔스          승   09:09     09:20       0:11   차
383 26조(방동석) 3 판타스틱맨          승   09:48     09:59       0:11   차
384 26조(방동석)20 히트예감            승   06:50     07:01       0:11   차
385 27조(이상영)13 글리터              기   07:48     08:02       0:14   금
386 27조(이상영)19 금아패셔너트        승   08:16     08:35       0:19   차
387 27조(이상영)11 남도일등            승   06:48     07:02       0:14   금
388 27조(이상영)21 무적찰리            승   07:51     08:04       0:13   차
389 27조(이상영)14 블루스카이          승   07:24     07:42       0:18   차
390 27조(이상영) 8 애니카걸            기   06:48     07:02       0:14   금
391 27조(이상영)10 오션스톰            기   06:24     06:34       0:10   차
392 27조(이상영)24 윈드위너            기   06:48     07:02       0:14   차
393 27조(이상영)12 윈드파크            승   06:24     06:34       0:10   금
394 27조(이상영) 1 장한질주            승   07:02     07:24       0:22   차
395 27조(이상영) 7 조셉핀퀸            승   08:16     08:35       0:19   차
396 27조(이상영)15 해피매직            기   06:01     06:13       0:12   금
397 28조(하무선) 4 앨버트킹            보   06:38     06:51       0:13   금
398 28조(하무선) 3 월드슬램            승   07:45     07:58       0:13   차
399 28조(하무선) 5 트리플스톰          승   06:58     07:14       0:16   차
400 29조(문제복)14 글로벌톱            보   06:54     07:13       0:19   차
401 29조(문제복)10 드래건킹            승   06:34     06:58       0:24   차
402 29조(문제복)20 상승대한            승   06:59     07:23       0:24   차
403 29조(문제복) 3 에이프릴퀸          승   07:11     07:32       0:21   차
404 30조(울즐리) 3 골드럭              보   06:58     07:11       0:13   금
405 30조(울즐리) 6 덩컨                승   06:36     06:53       0:17   차
406 30조(울즐리) 9 라이트스토리        기   06:38     06:58       0:20   차
407 30조(울즐리)34 르콩코드            기   07:26     07:40       0:14   차
408 30조(울즐리)39 마이팔              승   09:15     09:33       0:18   차
409 30조(울즐리) 4 맨오브더스타        기   06:38     06:58       0:20   금
410 30조(울즐리)11 미스인디            기   06:27     06:41       0:14   금
411 30조(울즐리)13 미스터어플릿        승   07:14     07:29       0:15   차
412 30조(울즐리)26 미스터인디          기   06:27     06:42       0:15   차
413 30조(울즐리)38 반지의기적          기   06:58     07:12       0:14   차
414 30조(울즐리) 7 반지의매직          승   07:45     07:58       0:13   차
415 30조(울즐리)44 비제이댄서          승   08:40     08:57       0:17   차
416 30조(울즐리)32 선셋멜로디          기   06:00     06:12       0:12   차
417 30조(울즐리) 1 스키터              승   06:00     06:11       0:11   금
418 30조(울즐리)43 시크릿레거시        승   07:44     07:59       0:15   차
419 30조(울즐리)10 아이윌비프리        승   06:38     06:58       0:20   차
420 30조(울즐리)41 에코레이디          승   07:43     07:55       0:12   금
421 30조(울즐리)29 오렌지개라지        보   08:07     08:18       0:11   차
422 30조(울즐리)30 와이즈맨            승   08:40     08:57       0:17   차
423 30조(울즐리)40 원더풀레이디        기   07:56     08:07       0:11   차
424 30조(울즐리)45 유서프              승   09:15     09:33       0:18   차
425 30조(울즐리)28 인세이셔블          기   06:27     06:40       0:13   차
426 30조(울즐리)21 전설의펀치          승   06:00     06:11       0:11   금
427 30조(울즐리)14 카피댓              보   08:38     08:57       0:19   차
428 30조(울즐리)24 캣니스              승   06:27     06:40       0:13   차
429 30조(울즐리)33 킹오브글로리        승   07:11     07:25       0:14   차
430 30조(울즐리)37 토탈이클립스        기   09:15     09:33       0:18   차
431 30조(울즐리)36 톱베스트            승   08:18     08:25       0:07   차
432 30조(울즐리) 5 파샤                승   06:00     06:17       0:17   차
433 30조(울즐리) 8 패트리엇            승   08:39     08:57       0:18   차
434 30조(울즐리)17 평화축제            기   06:00     06:12       0:12   차
435 30조(울즐리)22 퓨어킹              보   07:26     07:40       0:14   차
436 30조(울즐리)20 프로칸설            승   07:11     07:27       0:16   차
437 30조(울즐리)12 프리깃버드          승   08:18     08:26       0:08   차
438 30조(울즐리)15 헌치                승   08:10     08:19       0:09   차
439 31조(라이스)29 굿스타              승   08:28     08:40       0:12   차
440 31조(라이스)40 그린스피드          승   07:44     07:58       0:14   차
441 31조(라이스)19 메이저포스          기   06:00     06:10       0:10   금
442 31조(라이스)35 미라쿨룸            기   06:00     06:10       0:10   금
443 31조(라이스)37 삼성도끼            기   06:02     06:13       0:11   금
444 31조(라이스)34 세컨드윈드          승   06:39     06:48       0:09   차
445 31조(라이스) 9 승리매직퀸          기   06:02     06:12       0:10   차
446 31조(라이스)22 알파스타            기   06:02     06:15       0:13   금
447 31조(라이스)43 언브라이들퀸        승   09:01     09:13       0:12   차
448 31조(라이스)14 와일드인디          기   06:05     06:15       0:10   차
449 31조(라이스) 6 원더블레이드        승   06:34     06:44       0:10   금
450 31조(라이스)12 장산바비            승   07:15     07:25       0:10   차
451 31조(라이스) 7 정문드래곤          기   06:07     06:18       0:11   특
452 31조(라이스)27 퀸마블이지          승   08:18     08:29       0:11   차
453 31조(라이스)20 퀸오브하츠          기   06:34     06:45       0:11   금
454 31조(라이스)31 킹존                승   07:10     07:21       0:11   차
455 31조(라이스)38 티즈비              승   06:05     06:15       0:10   금
456 31조(라이스)16 퍼스트스타          승   07:43     07:57       0:14   차
457 31조(라이스) 2 플래시참            승   06:07     06:18       0:11   금
458 32조(임동창)18 골든                승   06:11     06:26       0:15   차
459 32조(임동창) 8 글로벌승리          기   06:52     07:00       0:08   금
460 32조(임동창)21 기적의적토마        승   06:40     06:53       0:13   금
461 32조(임동창) 1 다승이              기   06:52     07:02       0:10   금
462 32조(임동창)17 마이베이비걸        기   07:07     07:16       0:09   금
463 32조(임동창)22 베이킹즈            승   06:40     06:53       0:13   금
464 32조(임동창) 3 성실사랑            승   06:08     06:27       0:19   차
465 32조(임동창)15 성실시화            승   07:47     08:05       0:18   차
466 32조(임동창) 7 용가리              승   07:16     07:29       0:13   특
467 32조(임동창)11 용연                승   07:21     07:38       0:17   차
468 32조(임동창)23 용천                기   07:54     08:07       0:13   금
469 32조(임동창) 9 투투라임            승   06:40     06:58       0:18   차
470 32조(임동창)16 하바나골드          승   06:10     06:25       0:15   금
471 33조(권승주)45 갤럽보이            승   07:40     07:53       0:13   차
472 33조(권승주)20 골든파워            승   07:09     07:28       0:19   차
473 33조(권승주)26 라온더굳센          승   06:05     06:23       0:18   차
474 33조(권승주) 6 라온더밀리언        승   07:39     07:57       0:18   차
475 33조(권승주)15 라온더보스          승   07:42     08:01       0:19   차
476 33조(권승주)25 라온더캡틴          보   06:08     06:26       0:18   차
477 33조(권승주)16 라온더탱크          승   06:38     06:53       0:15   차
478 33조(권승주)13 라온더파워          승   06:49     07:06       0:17   차
479 33조(권승주)10 라온더파이팅        승   06:38     06:53       0:15   차
480 33조(권승주)37 라온더플래시        기   09:12     09:23       0:11   금
481 33조(권승주)35 라온시크            승   06:08     06:22       0:14   차
482 33조(권승주) 3 러닝워리어          승   06:38     06:53       0:15   차
483 33조(권승주) 8 마하유니            기   07:07     07:20       0:13   금
484 33조(권승주)14 마하타이탄          승   06:24     06:37       0:13   차
485 33조(권승주)33 선라이트보이        승   06:02     06:18       0:16   차
486 33조(권승주)17 센텀토르            보   07:07     07:18       0:11   차
487 33조(권승주)31 스톰브라운          기   08:06     08:18       0:12   금
488 33조(권승주)44 스트레이트란        기   06:54     07:08       0:14   차
489 33조(권승주)23 알파하트            기   07:07     07:20       0:13   금
490 33조(권승주)19 어메이징풋          기   08:05     08:18       0:13   금
491 33조(권승주)11 언제나영웅          승   07:09     07:22       0:13   차
492 33조(권승주)42 에이스파트라        승   07:09     07:22       0:13   차
493 33조(권승주)12 영웅루이스          승   06:03     06:15       0:12   차
494 33조(권승주)40 은성영웅            승   08:12     08:32       0:20   차
495 33조(권승주)41 일념천하            승   07:14     07:34       0:20   차
496 33조(권승주)24 일념통천            승   06:07     06:23       0:16   차
497 33조(권승주) 1 천년의퀸            기   08:05     08:18       0:13   금
498 33조(권승주)38 청호리더            기   08:06     08:19       0:13   금
499 33조(권승주)27 케이케이원          보   07:33     07:45       0:12   차
500 33조(권승주)21 키루스여인          보   06:38     06:54       0:16   차
501 33조(권승주) 4 터프그린            승   08:06     08:18       0:12   차
502 33조(권승주) 2 테스브라더          기   08:06     08:19       0:13   금
503 33조(권승주) 7 트리플질주          승   09:12     09:24       0:12   금
504 33조(권승주)39 한센이천            승   06:37     06:57       0:20   차
505 33조(권승주) 5 핫플레이            승   07:43     07:55       0:12   차
506 33조(권승주)28 화이트갤로퍼        기   06:25     06:41       0:16   차
507 33조(권승주)22 희망펀치            승   07:09     07:28       0:19   차
━━━━━━━━━━━━━━━━━━━━━━━━━━━━━━━━━━━━━━━
                                                      출력일자 : 2021. 9.27

