출전마진료및장구사용

경주일: 2021.05.22   1 경주
─────────────────────────────────────────────────────────  
 No  마명                보조장구               폐출혈            진료사항                  
─────────────────────────────────────────────────────────  
  1  스프링파이어         망사눈가면                        2021.05.12우후 구절부 찰과상  
                          반가지큰고리재갈                  2021.05.02요배통              
  2  베스트코리아         BlueBond편자                      2021.04.27좌후 계부 열창      
                          귀가면(예시&출장                  2021.03.08우후 구절부 찰과상  
  3  킹앨리               계란형큰고리재갈                  2021.05.15발치                
                          망사눈가면                        2021.05.06진정(보정)          
  4  세계질주             계란형큰고리재갈                  2021.03.07정치                
                                                                                          
  5  캐치더스카이         귀가면(예시&출장                  2021.05.11양전지 근육통       
                          망사가면                          2021.03.30양후지 근육통       
  6  디러블리퀸           계란형큰고리재갈                  2021.05.01좌각막찰과상        
                          망사가면                          2021.02.27진정(장제)          
  7  뮤직박스             망사가면                          2021.05.09진정(장제)          
                          반가지큰고리재갈                  2021.04.23양후지교돌상        
  8  스타라이트           Triabit러깅재갈                   2021.03.26우완관절염          
                          망사가면                          2021.03.23좌전지교돌상        
  9  승리의불길           눈가리개                          2021.04.17우각막찰과상        
                          반가지큰고리재갈                  2021.04.04운동기인성 피로회복 
 10  닥터탱고             혀보정끈                          2021.05.19운동기인성 피로회복(수액처치)
                          계란형큰고리재갈                  2021.04.12식이성 식욕부진     
 11  전설의타임           Triabit러깅재갈                   2021.04.30좌각막찰과상        
                          망사가면                          2021.04.11양제3중수골골막염   
 12  으뜸칼               계란형큰고리재갈                  2021.03.21우각막찰과상        
                          망사가면                          2021.03.15좌각막찰과상        

경주일: 2021.05.22   2 경주
─────────────────────────────────────────────────────────  
 No  마명                보조장구               폐출혈            진료사항                  
─────────────────────────────────────────────────────────  
  1  승리퀸               계란형큰고리재갈                  2021.04.18좌각막찰과상        
                          망사눈가면                        2021.04.16운동기인성 피로회복(수액처치)
  2  신진강호             망사눈가면                                                      
                          반가지큰고리재갈                                                
  3  달의바다             BlueBond편자(오                   2021.05.08양후지 근육통       
                                                            2021.04.30정치                
  4  성산불꽃             망사눈가면                        2021.04.20우각막찰과상        
                          반가지큰고리재갈                  2021.03.15양각막찰과상        
  5  청마영웅             BlueBond편자                      2021.05.11양전지 근육통       
                          망사눈가면                        2021.04.28양제3중수골골막염   
  6  달이뜨니             귀가면(예시&출장                  2021.05.11양후지 근육통       
                                                            2021.04.26물리치료(쇽웨이브)  
  7  애니카걸             계란형큰고리재갈                  2021.05.02정치,발치           
                          귀가면(예시&출장                                                
  8  댄싱드래건           계란형큰고리재갈                  2021.05.08우전계부찰과상      
                          망사가면                          2021.04.25산통                
  9  승리의길             망사눈가면                        2021.04.28우완관절염          
                          반가지큰고리재갈                  2021.04.27우각막찰과상        
 10  애니라인             망사눈가면                        2021.05.10우전구절염          
                          반가지큰고리재갈                  2021.04.20양전구절염          
 11  명가대로             망사가면           2021.04.18 1회                               
                          반가지큰고리재갈                                                
 12  연승글로리           혀보정끈                                                        
                          반가지큰고리재갈                                                
 13  승리대로             망사가면                                                        
                          계란형큰고리재갈                                                
 14  천마대로             망사가면                          2021.04.14양전지 근육통       
                          반가지큰고리재갈                  2021.03.07좌전지교돌상        

경주일: 2021.05.22   3 경주
─────────────────────────────────────────────────────────  
 No  마명                보조장구               폐출혈            진료사항                  
─────────────────────────────────────────────────────────  
  1  맨오브더월드         귀가면(예시&출장                  2021.05.02좌각막찰과상        
                          눈가면                            2021.04.23정치                
  2  퍼스트모카신         계란형큰고리재갈                  2021.04.11진정(보정)          
                          망사눈가면                                                      
  3  라온더파워           망사눈가면                        2021.05.12우각막찰과상        
                          Triabit러깅재갈                   2021.05.02우전지파행          
  4  선더베가스           망사눈가면                        2021.04.16우후계부찰과상      
                          계란형큰고리재갈                  2021.03.22좌후계부찰과상      
  5  파워게이트           Triabit러깅재갈                   2021.05.12우각막찰과상        
                          망사가면                          2021.03.10우전지파행          
  6  풀머니               BlueBond편자                      2021.05.15운동기인성 피로회복(수액처치)
                                                            2021.05.10운동기인성 피로회복 
  7  탐라하늘             반가지큰고리재갈                                                
                                                                                          
  8  비케이파워           Triabit러깅재갈                   2021.05.08요배통              
                                                            2021.04.10양전구절염          

경주일: 2021.05.22   4 경주
─────────────────────────────────────────────────────────  
 No  마명                보조장구               폐출혈            진료사항                  
─────────────────────────────────────────────────────────  
  1  그레이트보스         망사눈가면                        2021.04.13요배통              
                          반가지큰고리재갈                                                
  2  분단의벽넘어         BlueBond편자                      2021.04.13우전지교돌상        
                          망사눈가면                        2021.02.22우각막찰과상        
  3  토함스타             계란형큰고리재갈                  2021.02.27양각막찰과상        
                          망사가면                                                        
  4  진주사랑             망사눈가면                        2021.04.13좌후계부찰과상      
                                                            2021.03.29양전지 근육통       
  5  원더풀플래시         망사가면                          2021.05.07진정(보정)          
                                                            2021.03.19정치                
  6  영광의타임           귀가면(예시&출장                  2021.05.12양후지 근육통       
                          망사가면                          2021.05.05요배통              
  7  닥터패션             혀보정끈                          2021.05.10좌각막찰과상        
                          망사가면                          2021.05.06운동기인성 피로회복(수액처치)
  8  투투와일드싱         Triabit러깅재갈                   2021.05.16운동기인성 피로회복(수액처치)
                          망사가면                          2021.05.10우각막찰과상        
  9  레거시               귀가면(예시&출장                  2021.04.22정치                
                          계란형큰고리재갈                  2021.04.18우각막찰과상        
 10  모닝브라보           반가지큰고리재갈                  2021.05.11양후지 근육통       
                          우측 ROPE                         2021.04.26양전지 근육통       
 11  미녀봉               망사가면                          2021.04.13우각막찰과상        
                          계란형큰고리재갈                  2021.03.22양각막찰과상        
 12  미스터한센           귀가면(예시&출장                  2021.05.02정치                
                          망사눈가면                                                      
 13  글로벌톱             계란형큰고리재갈                  2021.04.17양전지 근육통       
                          귀가면(예시&출장                  2021.03.20우각막찰과상        
 14  굿트렌드             망사가면                          2021.03.21우각막찰과상        
                          귀가면(예시&출장                  2021.03.01좌각막찰과상        

경주일: 2021.05.22   5 경주
─────────────────────────────────────────────────────────  
 No  마명                보조장구               폐출혈            진료사항                  
─────────────────────────────────────────────────────────  
  1  클린샷               귀가면(예시&출장                  2021.05.11양후지 근육통       
                          계란형큰고리재갈                  2021.05.08정치                
  2  골드티켓             망사가면                          2021.04.11양전구절염          
                                                                                          
  3  알파어게인           망사가면                          2021.04.26양각막찰과상        
                          계란형큰고리재갈                  2021.04.24운동기인성 피로회복 
  4  베라데이             망사가면                          2021.04.10우각막찰과상        
                                                            2021.04.10마체검사            
  5  뉴스메이커           귀가면(예시&출장                  2021.05.12좌각막찰과상        
                          계란형큰고리재갈                  2021.04.19좌비절부찰과상      
  6  클린처               망사가면                          2021.04.12좌각막찰과상        
                          반가지큰고리재갈                  2021.02.28우각막찰과상        
  7  영광의팩터           계란형큰고리재갈                  2021.04.25정치                
                          망사가면                          2021.04.18좌각막찰과상        
  8  폭풍언덕             반가지큰고리재갈                  2021.04.21요배통              
                          귀가면(예시&출장                  2021.04.05우각막찰과상        
  9  프리덤나이트         귀가면(예시&출장                  2021.05.09산통                
                          망사눈가면                        2021.04.15마체검사            
 10  영성특급             계란형큰고리재갈                  2021.05.07진정(보정)          
                          망사눈가면                                                      
 11  골든벼락             계란형큰고리재갈                  2021.05.01정치                
                          귀가면(예시&출장                  2021.04.13양전지교돌상        
 12  비케이룩스           망사가면                          2021.05.16운동기인성 피로회복(수액처치)
                          반가지큰고리재갈                  2021.05.10좌각막찰과상        
 13  비욘드               망사가면                          2021.04.19좌후 구절부 찰과상  
                          계란형큰고리재갈                  2021.03.15우각막찰과상        
 14  태극보이             계란형큰고리재갈                  2021.05.01정치                
                          망사가면                          2021.04.02양후지교돌상        

경주일: 2021.05.22   6 경주
─────────────────────────────────────────────────────────  
 No  마명                보조장구               폐출혈            진료사항                  
─────────────────────────────────────────────────────────  
  1  다이나믹헌터         반가지큰고리재갈                                                
                                                                                          
  2  두무산               혀보정끈                          2021.04.25우각막찰과상        
                          망사가면                          2021.04.24운동기인성 피로회복 
  3  룩스캣               혀보정끈                                                        
                          계란형큰고리재갈                                                
  4  마크에이스           망사가면                          2021.05.10좌전지 부종         
                          반가지큰고리재갈                  2021.04.26양후지 근육통       
  5  투투칼턴             Triabit러깅재갈                   2021.05.15운동기인성 피로회복(수액처치)
                          망사눈가면                        2021.05.08요배통              
  6  코리아헌터           반가지큰고리재갈                  2021.03.16양전지 근육통       
                          망사눈가면                                                      
  7  뉴럭스               망사가면                          2021.05.17운동기인성 피로회복(수액처치)
                          귀가면(예시&출장                  2021.05.11양후지 근육통       
  8  비케이허니           반가지큰고리재갈                  2021.04.19우중수부찰과상      
                          망사가면                                                        
  9  수소탱크             망사가면                          2021.05.10우각막찰과상        
                          계란형큰고리재갈                  2021.04.12좌각막찰과상        
 10  승리토우트           망사눈가면                        2021.04.24좌각막찰과상        
                                                            2021.04.01정치,발치           
 11  보령환호             계란형큰고리재갈                  2021.04.23좌각막찰과상        
                          망사눈가면                        2021.03.21양각막찰과상        
 12  가오                 귀가면(예시&출장                  2021.05.09양전지 근육통       
                          계란형큰고리재갈                  2021.04.28정치                

경주일: 2021.05.23   1 경주
─────────────────────────────────────────────────────────  
 No  마명                보조장구               폐출혈            진료사항                  
─────────────────────────────────────────────────────────  
  1  오버더힐                                               2021.05.06진정(보정)          
                                                            2021.04.24정치,낭치           
  2  퀸오브스피릿         귀가면(예시&출장                  2021.04.22진정(보정)          
                          망사가면                          2021.04.19좌각막찰과상        
  3  트리플질주           구각자극판                        2021.04.10정치                
                          귀가면(예시&출장                  2021.04.02좌각막찰과상        
  4  뉴크라운             망사눈가면                        2021.04.13좌중족부찰과상      
                          반가지큰고리재갈                  2021.03.22우각막찰과상        
  5  에코러시             반가지큰고리재갈                  2021.04.19운동기인성 피로회복 
                          망사가면                          2021.03.27정치                
  6  스톰섀도             귀가면(예시&출장                  2021.05.11양후지교돌상        
                                                            2021.04.17좌후지교돌상        
  7  크라운킹스타         계란형큰고리재갈                  2021.04.21물리치료(쇽웨이브)  
                          귀가면(예시&출장                                                
  8  남도일등             계란형큰고리재갈                  2021.04.16좌각막찰과상        
                          망사가면                          2021.04.02우각막찰과상        
  9  록햄프턴                                               2021.04.24진정(장제)          
                                                            2021.04.10좌각막찰과상        
 10  메니글로리           귀가면(예시&출장                  2021.05.09좌각막찰과상        
                          망사가면                          2021.04.12우각막찰과상        
 11  룰루                 망사가면                          2021.04.24양제3중수골골막염   
                          반가지큰고리재갈                                                
 12  함안성산             Triabit러깅재갈                   2021.04.11양각막찰과상        
                          망사눈가면                        2021.03.17건강검진            
 13  스마티돌풍           혀보정끈                          2021.04.22상순 좌상           
                          반가지큰고리재갈                  2021.03.17양제3중수골골막염   
 14  파티인디             계란형큰고리재갈                  2021.05.17정치                
                          눈가면                            2021.05.08운동기인성 피로회복 

경주일: 2021.05.23   2 경주
─────────────────────────────────────────────────────────  
 No  마명                보조장구               폐출혈            진료사항                  
─────────────────────────────────────────────────────────  
  1  탐라황후             망사가면                          2021.05.11우전지교돌상        
                          계란형큰고리재갈                  2021.04.26정치                
  2  스테디위너           망사가면                          2021.04.24좌전지교돌상        
                          JR러깅재갈                                                      
  3  버닝건               Triabit러깅재갈                   2021.04.23좌전구절염          
                          귀가면(예시&출장                  2021.04.20양전지 근육통       
  4  스위트밴드           망사가면                          2021.04.24우각막찰과상        
                          반가지큰고리재갈                  2021.03.20양각막찰과상        
  5  키플레이어           Triabit러깅재갈                   2021.05.12좌각막찰과상        
                          망사가면                          2021.03.31우각막찰과상        
  6  매직스텔스           망사눈가면                        2021.04.25좌각막찰과상        
                          계란형큰고리재갈                  2021.04.22운동기인성 피로회복(수액처치)
  7  아델퍼스트           계란형큰고리재갈                  2021.03.28양각막찰과상        
                          망사가면                                                        
  8  우승대로             양털코굴레                        2021.04.18양각막찰과상        
                          반가지큰고리재갈                                                
  9  퓨전퀸               망사가면                          2021.05.13좌후계부찰과상      
                                                            2021.05.08좌후지 부종         
 10  화이트갤로퍼         Triabit러깅재갈                   2021.05.12양각막찰과상        
                          망사가면                                                        
 11  에이스로드           망사가면                                                        
                          반가지큰고리재갈                                                
 12  배다리아이콘         망사눈가면                        2021.05.02양각막찰과상        
                          Triabit러깅재갈                   2021.04.10요배통              
 13  세컨드윈드           계란형큰고리재갈                  2021.05.09우각막찰과상        
                          망사눈가면                        2021.04.08운동기인성 피로회복(수액처치)
 14  드림댄서             반가지큰고리재갈                  2021.04.12우각막찰과상        
                          망사가면                          2021.04.07운동기인성 피로회복(수액처치)

경주일: 2021.05.23   3 경주
─────────────────────────────────────────────────────────  
 No  마명                보조장구               폐출혈            진료사항                  
─────────────────────────────────────────────────────────  
  1  크리스털싱킹         망사눈가면                        2021.03.27좌각막찰과상        
                                                            2021.02.27우각막찰과상        
  2  쾌한황금             계란형큰고리재갈                  2021.05.13정치                
                          귀가면(예시&출장                  2021.04.19좌후지 근육통       
  3  메이저포스           계란형큰고리재갈                  2021.05.02좌각막찰과상        
                          양털코굴레                        2021.04.06양제3중수골골막염   
  4  동방캡틴             계란형큰고리재갈                  2021.04.28진정(보정)          
                          망사눈가면                        2021.04.18우각막찰과상        
  5  레이디솔저           Triabit러깅재갈                   2021.04.24좌각막찰과상        
                          망사가면                          2021.03.21양각막찰과상        
  6  성산히어로           귀가면(예시&출장                  2021.04.18우각막찰과상        
                          망사가면                                                        
  7  닥터콘스             계란형큰고리재갈                  2021.05.11우각막찰과상        
                          망사눈가면                        2021.05.09운동기인성 피로회복 
  8  바벨스타             망사눈가면                        2021.05.08좌각막찰과상        
                          BlueBond편자                      2021.04.06양각막찰과상        
  9  닥터테이크           구각자극판                        2021.04.30구내염              
                          망사눈가면                        2021.04.27우각막찰과상        
 10  텐텐퀸               귀가면(예시&출장                  2021.05.03우각막찰과상        
                          계란형큰고리재갈                  2021.04.12양각막찰과상        
 11  라온더캡틴           Triabit러깅재갈                   2021.05.12좌각막찰과상        
                          귀가면(예시&출장                  2021.05.03우후지파행          
 12  드래곤로열           망사눈가면                        2021.04.04좌후 구절부 찰과상  
                          혀보정끈                                                        
 13  로열캐슬             망사눈가면                        2021.05.09좌후지교돌상        
                                                            2021.04.28양전지 근육통       
 14  캡스톤               망사가면                          2021.05.13운동기인성 피로회복 
                                                            2021.05.11좌각막찰과상        

경주일: 2021.05.23   4 경주
─────────────────────────────────────────────────────────  
 No  마명                보조장구               폐출혈            진료사항                  
─────────────────────────────────────────────────────────  
  1  닥터파피아누         계란형큰고리재갈                  2021.05.19운동기인성 피로회복(수액처치)
                          망사가면                          2021.05.13마비성근색소뇨증    
  2  스타아이             망사가면                          2021.05.02양각막염            
                          계란형큰고리재갈                  2021.03.14우전지교돌상        
  3  매직플라잉           귀가면(예시&출장                  2021.05.03우전지교돌상        
                          반가지큰고리재갈                  2021.04.19좌각막찰과상        
  4  전설의불꽃           망사눈가면                        2021.05.10좌각막찰과상        
                          계란형큰고리재갈                  2021.05.02양각막찰과상        
  5  문화시그니쳐         망사가면                          2021.04.18우각막찰과상        
                          BlueBond편자                      2021.04.15운동기인성 피로회복(수액처치)
  6  펑키                 망사눈가면                        2021.05.01양각막찰과상        
                          반가지큰고리재갈                  2021.03.28좌각막찰과상        
  7  전설의파이트         망사가면                          2021.03.28좌후지교돌상        
                          반가지큰고리재갈                  2021.02.25운동기인성 피로회복(수액처치)
  8  어메이징위너         눈가리개                          2021.04.17좌각막찰과상        
                          Triabit러깅재갈                   2021.02.27우각막찰과상        
  9  정수시대             JR러깅재갈                        2021.05.11양후지 근육통       
                          귀가면(예시&출장                  2021.04.18우전지교돌상        
 10  퀸업                 귀가면(예시&출장                  2021.04.18양전지교돌상        
                          반가지큰고리재갈                  2021.03.14양전구절염          
 11  운봉산               혀보정끈                                                        
                          반가지큰고리재갈                                                

경주일: 2021.05.23   5 경주
─────────────────────────────────────────────────────────  
 No  마명                보조장구               폐출혈            진료사항                  
─────────────────────────────────────────────────────────  
  1  그레이엔젤           망사가면                          2021.05.01좌각막찰과상        
                          계란형큰고리재갈                  2021.04.18운동기인성 피로회복 
  2  투투페어리           망사가면                          2021.04.19양각막찰과상        
                          반가지큰고리재갈                  2021.03.21우각막찰과상        
  3  디바인퀸             망사눈가면                        2021.05.11양전지 근육통       
                          계란형큰고리재갈                  2021.05.04양후지 근육통       
  4  에이스잭팟           반가지큰고리재갈                  2021.04.25좌후지교돌상        
                          망사가면                          2021.04.24좌전지교돌상        
  5  트루시그니처         반가지큰고리재갈                  2021.03.05정치                
                          망사눈가면                                                      
  6  뷰티풀갤럽           Triabit러깅재갈                   2021.05.02우각막찰과상        
                          망사가면                          2021.04.05좌각막찰과상        
  7  와이즈걸             망사가면                          2021.04.30양후지파행          
                          계란형큰고리재갈                  2021.04.26양전지 근육통       
  8  페더럴스타           망사가면                          2021.05.02우각막찰과상        
                          계란형큰고리재갈                  2021.04.18좌각막찰과상        
  9  골드의인연           반가지큰고리재갈                  2021.03.16좌전지 근육통       
                                                                                          
 10  닥터맥스             망사눈가면                        2021.04.11좌각막찰과상        
                          계란형큰고리재갈                  2021.04.10운동기인성 피로회복 
 11  필승이지             망사가면                          2021.05.09좌각막찰과상        
                          계란형큰고리재갈                  2021.04.25우각막찰과상        
 12  퍼스트스타           계란형큰고리재갈                  2021.03.27양각막찰과상        
                          망사가면                          2021.03.03정치                

경주일: 2021.05.23   6 경주
─────────────────────────────────────────────────────────  
 No  마명                보조장구               폐출혈            진료사항                  
─────────────────────────────────────────────────────────  
  1  에이스돌풍           Triabit러깅재갈                   2021.05.12우전지교돌상        
                          망사가면                          2021.04.18양각막염            
  2  대망의길             망사가면                          2021.04.27좌각막찰과상        
                          계란형큰고리재갈                  2021.04.11정치                
  3  터프그린             망사가면                                                        
                          귀가면(예시&출장                                                
  4  베이킹즈             계란형큰고리재갈                  2021.05.10우각막찰과상        
                          망사가면                          2021.04.11양각막찰과상        
  5  대호질주             망사가면                          2021.05.10우각막찰과상        
                          계란형큰고리재갈                  2021.04.12양각막찰과상        
  6  컬린타임             망사눈가면                        2021.04.27양각막찰과상        
                          귀가면(예시&출장                  2021.04.03좌중수부 찰과상     
  7  월드넘버원           Triabit러깅재갈                   2021.03.27양각막찰과상        
                          망사눈가면                        2021.02.27좌각막찰과상        
  8  영광의포스           망사눈가면                        2021.04.27우각막찰과상        
                          반가지큰고리재갈                  2021.04.23운동기인성 피로회복(수액처치)
  9  천년의강             눈가면             2019.03.29 1회 2021.03.27우각막찰과상        
                          Triabit러깅재갈                                                 
 10  비케이갬블           Triabit러깅재갈                   2021.05.10요배통              
                          망사가면                          2021.04.12우각막찰과상        
 11  모닝코리아           반가지큰고리재갈                  2021.05.10좌각막찰과상        
                          혀보정끈                          2021.02.28양각막찰과상        
 12  경주의두레박         망사가면                          2021.04.26양후지 근육통       
                          반가지큰고리재갈                  2021.02.28우후지교돌상        
 13  파워터치             귀가면(예시&출장                  2021.04.12양각막찰과상        
                          계란형큰고리재갈                                                

