

제목 : 21.02.27(토) 훈련현황

  ※기승자범례(조:조교사, 보:조교보, 기:기수, 후:기수후보생, 승:조교승인)
  ※비고(금:금주출전예정마, 차:차주출전예정마, 특:특대상경주출전예정마)
  ※금주, 차주 또는 특별 대상경주 출전예상마는 출전신청 결과 및
  조교사의 의사에 따라 변동될 수 있는 미확정된 자료이오니 참고하시기 바랍니다.
━━━━━━━━━━━━━━━━━━━━━━━━━━━━━━━━━━━━━━━
  순 소속조 - 조번 마명              기승자 입장시각  퇴장시각  훈련시간 비고
━━━━━━━━━━━━━━━━━━━━━━━━━━━━━━━━━━━━━━━
  1  1조(박종곤)27 라온더파이터        기   07:01     07:13       0:12   차
  2  1조(박종곤)36 라온돌풍            승   06:50     07:08       0:18   금
  3  1조(박종곤)34 라온샹젤리          기   06:54     07:01       0:07   금
  4  1조(박종곤)13 라온터프맨          기   06:36     06:50       0:14   차
  5  1조(박종곤)30 라온패션            기   07:16     07:30       0:14   차
  6  1조(박종곤)35 라온핑크            기   06:22     06:35       0:13   차
  7  1조(박종곤)37 레이징엔젤          승   06:52     07:07       0:15   차
  8  1조(박종곤)40 문학시바            기   06:34     06:45       0:11   차
  9  1조(박종곤) 9 문학파로아          승   07:36     07:54       0:18   차
 10  1조(박종곤)12 쇼미더선더          기   07:53     08:06       0:13   차
 11  2조(손영표)13 금성여왕            승   06:19     06:30       0:11   금
 12  2조(손영표) 6 더더비              승   08:40     08:55       0:15   차
 13  2조(손영표)12 로스트워            승   06:59     07:18       0:19   차
 14  2조(손영표)16 불의여왕            승   08:07     08:23       0:16   차
 15  2조(손영표) 7 불의퀸              승   07:21     07:35       0:14   차
 16  2조(손영표)20 사랑다모아          승   07:59     08:22       0:23   차
 17  2조(손영표)14 선더머니            승   08:53     09:11       0:18   차
 18  2조(손영표)10 선스타트            승   07:57     08:19       0:22   차
 19  2조(손영표)11 엑톤질주            승   08:57     09:13       0:16   차
 20  2조(손영표)31 오섬스프링스        기   07:09     07:21       0:12   차
 21  2조(손영표)19 패밀리스타          승   06:45     07:01       0:16   차
 22  2조(손영표) 5 패밀리타임          기   06:59     07:17       0:18   차
 23  2조(손영표)22 피어나다            승   06:13     06:22       0:09   차
 24  3조(최영주)22 고웰                승   07:04     07:15       0:11   차
 25  3조(최영주)31 대동포스            기   07:32     07:43       0:11   차
 26  3조(최영주) 1 디케이나린          승   07:25     07:38       0:13   차
 27  3조(최영주)12 매직그라운드        승   07:16     07:29       0:13   차
 28  3조(최영주)20 멋진가이            승   06:54     07:04       0:10   차
 29  3조(최영주)34 샤이니퀸            승   07:49     08:00       0:11   차
 30  3조(최영주)13 서울달빛            승   06:11     06:19       0:08   금
 31  3조(최영주)10 슈프림로드          기   06:56     07:08       0:12   차
 32  3조(최영주)15 슈프림위너          승   07:36     07:52       0:16   차
 33  3조(최영주) 6 스카이퓨처          승   08:23     08:37       0:14   차
 34  3조(최영주) 3 아스트로            승   07:59     08:13       0:14   차
 35  3조(최영주)30 오로라로드          승   07:37     07:48       0:11   차
 36  3조(최영주) 5 월드비욘드          승   06:41     06:51       0:10   차
 37  3조(최영주) 9 위너브라운          승   06:47     07:01       0:14   차
 38  3조(최영주)23 위닝투게더          기   06:43     06:54       0:11   차
 39  3조(최영주)28 질주본              승   08:32     08:48       0:16   차
 40  3조(최영주)32 초동로켓            승   08:43     08:59       0:16   차
 41  3조(최영주)19 초동보스            승   06:37     06:52       0:15   차
 42  3조(최영주)29 티케파이어          승   06:15     06:26       0:11   차
 43  4조(박윤규)19 걸작맨              승   08:02     08:15       0:13   차
 44  4조(박윤규)18 걸작우먼            승   07:32     07:46       0:14   차
 45  4조(박윤규)25 굿필승              승   06:18     06:36       0:18   차
 46  4조(박윤규)14 동진최강            승   07:10     07:25       0:15   차
 47  4조(박윤규)33 리틀보이플래시      승   07:34     07:45       0:11   차
 48  4조(박윤규)21 방주                승   08:06     08:20       0:14   차
 49  4조(박윤규)23 슈퍼마스터          승   08:05     08:13       0:08   차
 50  4조(박윤규)28 조이머니            승   06:46     07:00       0:14   차
 51  4조(박윤규) 9 케이프렌지          승   06:17     06:36       0:19   차
 52  4조(박윤규)29 해피먼스            승   07:32     07:49       0:17   차
 53  4조(박윤규)22 해피하와이          승   07:02     07:20       0:18   차
 54  5조(우창구)17 금아인빈서블        승   06:23     06:35       0:12   금
 55  5조(우창구)37 드림걸스            승   07:25     07:40       0:15   차
 56  5조(우창구)11 사이먼퀸            승   08:06     08:19       0:13   차
 57  5조(우창구)24 선더라이트          승   07:54     08:08       0:14   차
 58  5조(우창구)23 적광                승   07:10     07:28       0:18   차
 59  5조(우창구)12 티즈블랙            승   07:31     07:43       0:12   차
 60  5조(우창구)30 파이널스타          승   06:52     07:10       0:18   차
 61  5조(우창구)32 해랑                승   06:56     07:06       0:10   금
 62  6조(홍대유)18 가자플랜            승   07:15     07:29       0:14   차
 63  6조(홍대유) 2 그린짱              보   07:19     07:32       0:13   차
 64  6조(홍대유)24 그린최강            보   06:50     07:04       0:14   차
 65  6조(홍대유)30 그린필스타          승   07:33     07:56       0:23   차
 66  6조(홍대유)38 럭키전사            승   06:49     06:59       0:10   차
 67  6조(홍대유)19 문학백투백          승   06:45     07:07       0:22   차
 68  6조(홍대유) 7 문학서브            승   08:20     08:46       0:26   차
 69  6조(홍대유) 1 문학위너            승   07:33     07:47       0:14   차
 70  6조(홍대유)40 비르투스            승   06:14     06:33       0:19   차
 71  6조(홍대유)16 새내선              승   07:46     08:05       0:19   차
 72  6조(홍대유)33 새내스퍼트          승   08:36     08:50       0:14   차
 73  6조(홍대유) 5 새내아이린          승   08:36     08:50       0:14   차
 74  6조(홍대유)23 서던맨              승   06:42     06:57       0:15   차
 75  6조(홍대유)22 섬싱노바디노        보   06:21     06:35       0:14   차
 76  6조(홍대유)11 이겨주마            보   07:51     08:06       0:15   금
 77  6조(홍대유)32 정문에이스          기   07:15     07:31       0:16   차
 78  6조(홍대유)31 정문짱              승   08:17     08:33       0:16   차
 79  6조(홍대유)26 정문폭주            승   06:45     07:07       0:22   차
 80  7조(구자흥)26 그린다르크          승   06:18     06:32       0:14   차
 81  7조(구자흥)18 사려니위너          승   06:18     06:37       0:19   차
 82  7조(구자흥)21 천향국색            승   07:25     07:39       0:14   차
 83  7조(구자흥)30 패트리어츠테일      승   06:52     07:10       0:18   차
 84  7조(구자흥)17 폭스파워            승   06:54     07:02       0:08   차
 85  8조(최용구)28 대군불패            승   06:17     06:30       0:13   차
 86  8조(최용구)26 대마불사            기   06:45     06:55       0:10   차
 87  8조(최용구)24 디케이미르          승   07:41     07:50       0:09   차
 88  8조(최용구) 4 발베니              승   07:41     07:50       0:09   차
 89  8조(최용구)12 스트로리아          승   06:15     06:26       0:11   차
 90  8조(최용구)33 유니콘브라보        승   06:50     06:59       0:09   차
 91  9조(강성오)29 골든배지            승   06:23     06:33       0:10   차
 92  9조(강성오)24 나의나라            승   07:19     07:30       0:11   차
 93  9조(강성오)30 당찬세력            승   07:51     07:59       0:08   차
 94  9조(강성오)32 대지의여인          승   08:23     08:32       0:09   차
 95  9조(강성오)13 로열태리            승   06:13     06:32       0:19   차
 96  9조(강성오) 6 베스퍼              승   07:29     07:37       0:08   차
 97  9조(강성오) 1 어치브              승   06:39     06:52       0:13   차
 98  9조(강성오) 3 옥추마              승   08:23     08:34       0:11   차
 99  9조(강성오)16 온포인트            승   06:45     06:56       0:11   차
100  9조(강성오)34 일격필살            기   07:05     07:14       0:09   금
101  9조(강성오)12 정조의꿈            승   08:05     08:14       0:09   차
102  9조(강성오)35 최고레이스          승   07:02     07:25       0:23   차
103  9조(강성오) 5 캣츠미라클          승   07:48     08:02       0:14   차
104  9조(강성오) 9 허리케인삭스        승   08:37     08:44       0:07   차
105 10조(정호익)18 강토마              승   06:26     06:34       0:08   차
106 10조(정호익)31 글로리칸            기   06:10     06:19       0:09   금
107 10조(정호익) 6 글로벌조이          승   07:46     07:54       0:08   금
108 10조(정호익)23 두손장군            승   06:57     07:08       0:11   차
109 10조(정호익)32 레전드스타          승   06:54     07:09       0:15   차
110 10조(정호익)27 레전드스톰          기   07:15     07:31       0:16   차
111 10조(정호익)25 록뉴스              기   06:28     06:43       0:15   금
112 10조(정호익)37 마이멤버            기   06:52     07:06       0:14   차
113 10조(정호익) 2 문학쓰나미          승   08:10     08:22       0:12   차
114 10조(정호익) 1 문학에카티          기   06:59     07:15       0:16   금
115 10조(정호익)19 백승                기   07:33     07:49       0:16   차
116 10조(정호익)28 영웅대마            승   07:19     07:32       0:13   차
117 10조(정호익) 4 오더파지빌리티스    승   07:54     08:11       0:17   차
118 10조(정호익)26 유롱스타            기   06:24     06:40       0:16   금
119 10조(정호익)33 이스트킹덤          승   06:29     06:48       0:19   차
120 10조(정호익)11 터프맨              기   06:41     06:56       0:15   금
121 10조(정호익)36 티케이보이          승   08:33     08:45       0:12   차
122 10조(정호익)12 페더럴윈            기   06:14     06:23       0:09   금
123 10조(정호익) 8 해피보이            승   07:33     07:49       0:16   차
124 10조(정호익)24 흥드림              승   07:25     07:37       0:12   차
125 11조(조현수)34 골디락스            승   07:39     07:49       0:10   차
126 11조(조현수)28 메니스피드          보   06:48     07:08       0:20   차
127 11조(조현수)27 미사일퀸            승   07:48     08:03       0:15   금
128 11조(조현수) 8 사이먼스톰          승   06:33     06:47       0:14   차
129 11조(조현수)31 시선집중            승   06:40     06:49       0:09   차
130 11조(조현수) 6 에치드프라임        승   07:53     08:12       0:19   차
131 11조(조현수) 1 일향달마            승   06:59     07:11       0:12   차
132 11조(조현수)12 컴플리트스윕        승   07:34     07:46       0:12   차
133 11조(조현수)20 컴플리트챔프        승   06:31     06:46       0:15   금
134 11조(조현수) 5 킹오브룰즈          승   07:27     07:44       0:17   금
135 11조(조현수)38 파이널에이스        승   07:34     07:49       0:15   금
136 11조(조현수)33 퍼지퀸              승   07:53     08:12       0:19   차
137 11조(조현수)13 폴카                승   07:00     07:09       0:09   금
138 11조(조현수)21 함양산삼            승   06:38     06:51       0:13   차
139 12조(서범석)12 마인헌터            승   08:05     08:12       0:07   차
140 12조(서범석) 3 스터닝어게인        승   07:19     07:32       0:13   차
141 12조(서범석)11 스트롱러너          승   07:00     07:05       0:05   차
142 12조(서범석)16 스트롱레드          승   06:52     07:09       0:17   차
143 12조(서범석)15 에이피파텍          승   06:30     06:41       0:11   금
144 12조(서범석)22 원더풀스톰          승   07:22     07:32       0:10   금
145 12조(서범석)30 원더풀이블          승   07:01     07:10       0:09   차
146 12조(서범석) 9 원더풀하와이        기   07:22     07:39       0:17   차
147 12조(서범석)25 제주의흑선          승   06:52     07:02       0:10   금
148 12조(서범석)26 카지노스타          승   07:18     07:33       0:15   차
149 12조(서범석)24 큐피드미션          승   06:31     06:44       0:13   차
150 12조(서범석)33 큐피드비상          승   07:52     08:06       0:14   차
151 12조(서범석) 6 파이팅히어로        승   07:29     07:43       0:14   차
152 12조(서범석)21 페네트로            승   07:47     08:01       0:14   차
153 13조(이희영) 1 그레이스리          기   06:30     06:49       0:19   차
154 13조(이희영)15 넘버원타깃          기   06:15     06:27       0:12   차
155 13조(이희영) 3 늘푸른캣            기   06:39     06:51       0:12   차
156 13조(이희영) 4 드림여왕            기   07:01     07:22       0:21   차
157 13조(이희영)28 문학탭              승   08:04     08:13       0:09   차
158 13조(이희영) 8 바다의꿈            기   07:33     07:49       0:16   차
159 13조(이희영)14 발리스타            기   07:18     07:30       0:12   금
160 13조(이희영) 5 베스트탑            승   06:11     06:24       0:13   금
161 13조(이희영)26 본능대로            기   07:33     07:51       0:18   차
162 13조(이희영)25 여걸비전            승   06:24     06:36       0:12   차
163 13조(이희영)34 인천캡틴            승   08:17     08:31       0:14   차
164 13조(이희영)20 하이브              기   07:01     07:22       0:21   차
165 13조(이희영) 7 화이팅랭퍼          승   06:37     06:49       0:12   차
166 14조(이신영)17 거센불패            승   07:00     07:12       0:12   차
167 14조(이신영)33 금아마이티          승   06:39     06:53       0:14   차
168 14조(이신영)24 델피니              기   07:17     07:28       0:11   차
169 14조(이신영)10 라이언록            승   07:41     07:55       0:14   차
170 14조(이신영)29 말리부진저          승   07:29     07:41       0:12   차
171 14조(이신영) 7 바이킹하트          승   07:26     07:53       0:27   차
172 14조(이신영)16 스카이망치          승   07:13     07:28       0:15   차
173 14조(이신영) 9 아이언삭스          승   06:44     06:56       0:12   차
174 14조(이신영) 5 엉클오              승   06:20     06:29       0:09   차
175 14조(이신영)15 화이트윙            승   07:17     07:30       0:13   차
176 15조(박희철) 4 마에스트로          승   06:12     06:25       0:13   차
177 15조(박희철)16 서울데이            승   07:04     07:13       0:09   차
178 15조(박희철)19 서울탱크            기   06:59     07:08       0:09   금
179 15조(박희철)20 슈퍼제니            기   07:32     07:48       0:16   차
180 15조(박희철) 9 정상으뜸            승   06:11     06:30       0:19   차
181 15조(박희철)27 제니퀸              승   08:00     08:09       0:09   차
182 15조(박희철)13 젝스칸              승   07:26     07:39       0:13   금
183 16조(최봉주)14 김천영웅            승   06:14     06:30       0:16   차
184 16조(최봉주) 8 대천얼짱            기   08:01     08:12       0:11   차
185 16조(최봉주) 9 본투글로리          승   07:08     07:19       0:11   차
186 16조(최봉주)38 빅포켓              승   07:26     07:38       0:12   차
187 16조(최봉주)26 서클댄서            승   06:55     07:05       0:10   차
188 16조(최봉주)33 영화즈플라잉        승   07:38     07:51       0:13   차
189 16조(최봉주)12 원더풀원더          승   06:43     06:58       0:15   차
190 16조(최봉주)21 파이팅대디          승   08:15     08:27       0:12   차
191 17조(김점오)13 가야영봉            보   06:14     06:30       0:16   차
192 17조(김점오)12 굿초이스            보   06:59     07:14       0:15   차
193 17조(김점오) 9 기동대장            승   06:22     06:45       0:23   차
194 17조(김점오)14 말라카스            승   06:45     06:57       0:12   차
195 17조(김점오)18 명품히어로          승   07:08     07:28       0:20   차
196 17조(김점오)26 미스터터너          승   07:27     07:35       0:08   차
197 17조(김점오)25 어메이징퀸          승   07:29     07:41       0:12   차
198 17조(김점오) 1 에코빅터            승   06:59     07:14       0:15   차
199 17조(김점오)22 이스머스            승   06:27     06:39       0:12   차
200 17조(김점오)19 통일전사            승   07:40     08:05       0:25   차
201 18조(박대흥)19 남촌데이            승   08:28     08:44       0:16   차
202 18조(박대흥) 8 바램                승   06:40     06:51       0:11   차
203 18조(박대흥) 3 별나라신사          기   06:32     06:45       0:13   차
204 18조(박대흥)36 시리우스에이        승   07:19     07:34       0:15   차
205 18조(박대흥)23 실버햄튼            승   07:28     07:45       0:17   차
206 18조(박대흥)11 에이원퀸            승   07:55     08:11       0:16   차
207 18조(박대흥)29 원더풀플라이        승   08:22     08:31       0:09   차
208 18조(박대흥) 5 참일호              기   07:38     07:47       0:09   차
209 18조(박대흥)34 최강영천            기   07:03     07:16       0:13   차
210 18조(박대흥) 1 최강퀸              승   06:15     06:33       0:18   차
211 18조(박대흥)15 치프인디            승   08:26     08:37       0:11   차
212 18조(박대흥)38 케이엔라이트        기   07:05     07:16       0:11   차
213 18조(박대흥) 7 케이엔매직          승   07:55     08:07       0:12   차
214 18조(박대흥)17 케이엔특급          승   06:15     06:33       0:18   차
215 18조(박대흥)18 케이엔파크          승   06:15     06:33       0:18   차
216 18조(박대흥)32 퍼스트로드          승   07:28     07:57       0:29   차
217 19조(곽영효)30 빅터웨이            승   06:14     06:24       0:10   차
218 19조(곽영효)18 싱그러운타임        승   06:45     07:02       0:17   차
219 19조(곽영효)24 우정의향기          승   07:28     07:44       0:16   차
220 19조(곽영효) 5 원더풀화성          기   06:29     06:42       0:13   차
221 19조(곽영효)16 클라우터            승   06:25     06:35       0:10   차
222 19조(곽영효)26 통일질주            승   07:12     07:23       0:11   차
223 20조(배대선) 6 금아애자일          승   08:23     08:37       0:14   차
224 20조(배대선)33 금아임패커블        승   07:31     07:40       0:09   차
225 20조(배대선)15 다이아별빛          기   07:03     07:11       0:08   차
226 20조(배대선)19 런닝스톰            기   06:38     06:50       0:12   차
227 20조(배대선)34 머니강자            승   08:02     08:13       0:11   차
228 20조(배대선)32 머니라인            승   07:03     07:20       0:17   차
229 20조(배대선)26 머니실크            승   08:34     08:44       0:10   차
230 20조(배대선)38 메인이벤트          승   08:23     08:34       0:11   차
231 20조(배대선)21 베가킹              승   07:54     08:05       0:11   차
232 20조(배대선)24 삼애락              기   07:12     07:21       0:09   차
233 20조(배대선)20 알짜                승   07:48     08:00       0:12   차
234 20조(배대선)27 우승특기            승   07:35     07:43       0:08   차
235 20조(배대선)37 원더풀오렌지        기   06:51     06:57       0:06   차
236 20조(배대선)40 원더풀케이          승   07:22     07:35       0:13   차
237 20조(배대선) 1 인동샘              승   08:04     08:12       0:08   차
238 20조(배대선) 4 천둥기세            기   07:22     07:35       0:13   차
239 20조(배대선)35 킹코트              승   08:06     08:13       0:07   차
240 20조(배대선)30 토함산파워          승   06:54     07:05       0:11   차
241 20조(배대선)36 트윈제트            승   08:33     08:43       0:10   차
242 20조(배대선) 8 하이퍼카            기   08:21     08:36       0:15   차
243 20조(배대선) 9 화이트마운틴        기   07:48     08:00       0:12   차
244 21조(임봉춘)32 공작왕              승   07:02     07:15       0:13   차
245 21조(임봉춘)25 드림맥스            승   08:08     08:19       0:11   차
246 21조(임봉춘)15 베스트실버          승   07:56     08:07       0:11   차
247 21조(임봉춘)39 베스트타임          기   06:24     06:34       0:10   차
248 21조(임봉춘)31 보고또보고          승   06:53     07:02       0:09   차
249 21조(임봉춘) 8 비바레이디          승   06:44     06:57       0:13   차
250 21조(임봉춘) 6 삼상                승   08:14     08:28       0:14   차
251 21조(임봉춘)28 스피드벨            승   07:26     07:34       0:08   차
252 21조(임봉춘)20 슬립웰              승   07:36     07:47       0:11   차
253 21조(임봉춘) 2 신의아들            승   07:37     07:48       0:11   차
254 21조(임봉춘) 7 실버드래곤          승   07:38     07:52       0:14   차
255 21조(임봉춘)16 엠제이베스트        기   07:34     07:43       0:09   차
256 21조(임봉춘)22 우리                승   08:11     08:27       0:16   차
257 21조(임봉춘) 1 찰리스타일          기   06:39     06:51       0:12   차
258 21조(임봉춘)21 프리맥스            승   06:22     06:32       0:10   차
259 21조(임봉춘)26 황금파워            승   06:29     06:44       0:15   차
260 21조(임봉춘)40 황금해              기   06:12     06:21       0:09   차
261 22조(안병기)12 메니챔프            승   07:57     08:08       0:11   차
262 22조(안병기)40 모든날함께해        승   07:08     07:21       0:13   금
263 22조(안병기)37 봄날의기억          승   07:35     07:54       0:19   차
264 22조(안병기) 4 브라이트빅터        승   08:37     08:48       0:11   차
265 22조(안병기)39 사람이라는별        기   06:59     07:14       0:15   차
266 22조(안병기)10 센스쟁이            승   07:16     07:33       0:17   차
267 22조(안병기)38 스프링꿈            승   08:37     08:51       0:14   차
268 22조(안병기) 2 스프링백            승   08:14     08:37       0:23   차
269 22조(안병기) 9 신의열매            승   07:08     07:22       0:14   차
270 22조(안병기)32 에피파니            승   07:54     08:12       0:18   차
271 22조(안병기)15 와일들리로맨틱      기   07:15     07:30       0:15   차
272 22조(안병기)20 울트라애니          승   08:41     08:52       0:11   차
273 22조(안병기)36 일보등천            조   06:25     06:35       0:10   금
274 22조(안병기)34 축복의약속          승   07:33     07:52       0:19   차
275 23조(유재길)12 경부도령            승   06:44     06:52       0:08   금
276 23조(유재길)10 기적의힘            승   07:55     08:16       0:21   차
277 23조(유재길) 6 능력시대            승   08:07     08:22       0:15   차
278 23조(유재길) 5 대승퀸              기   07:45     07:55       0:10   금
279 23조(유재길)18 대싱카누            승   07:17     07:30       0:13   차
280 23조(유재길)16 부케팔로스          승   06:55     07:03       0:08   차
281 23조(유재길)14 빛나는질주          기   07:13     07:28       0:15   차
282 23조(유재길) 7 송암바비            승   07:40     07:54       0:14   차
283 23조(유재길)22 에이원킹            승   07:13     07:30       0:17   차
284 23조(유재길)26 프라임서밋          기   06:42     06:50       0:08   차
285 23조(유재길)27 해피나이스          기   07:10     07:21       0:11   차
286 24조(서홍수)23 럭키클럽            승   06:13     06:27       0:14   차
287 24조(서홍수)15 레전드윈            승   07:18     07:29       0:11   차
288 24조(서홍수) 5 마이티수            승   06:12     06:25       0:13   차
289 24조(서홍수)17 마이티윙            승   07:03     07:18       0:15   차
290 24조(서홍수) 8 마이티칩            승   06:39     07:00       0:21   차
291 24조(서홍수)25 마칼루파워          승   08:45     08:56       0:11   차
292 24조(서홍수)24 스트롱퀸            승   07:52     08:05       0:13   차
293 24조(서홍수)12 왕인행차            승   06:44     06:55       0:11   차
294 24조(서홍수) 6 원더풀데블          승   08:30     08:45       0:15   차
295 24조(서홍수) 2 원더풀머스킷        승   06:13     06:27       0:14   차
296 24조(서홍수)37 원더풀타이쿤        승   08:30     08:45       0:15   차
297 24조(서홍수)19 원더풀플레저        승   07:06     07:17       0:11   차
298 24조(서홍수)36 코리안펄            승   07:38     07:52       0:14   차
299 24조(서홍수)30 탑뮤직              승   08:06     08:17       0:11   차
300 24조(서홍수) 7 팬시팬츠            승   08:00     08:11       0:11   차
301 25조(전승규) 2 구통사              승   07:29     07:37       0:08   차
302 25조(전승규) 5 더불어숲            승   08:56     09:02       0:06   차
303 25조(전승규)13 드림럭키            기   08:52     09:04       0:12   차
304 25조(전승규)33 드림펠라            승   08:06     08:16       0:10   차
305 25조(전승규)38 럭키훈              승   08:54     09:02       0:08   차
306 25조(전승규) 9 명진데이            기   07:57     08:04       0:07   금
307 25조(전승규)15 모닝동자            기   06:36     06:42       0:06   차
308 25조(전승규)32 미스양호            승   08:06     08:16       0:10   차
309 25조(전승규)14 백상                기   06:46     06:58       0:12   차
310 25조(전승규)21 브랜던              승   07:27     07:37       0:10   차
311 25조(전승규) 7 빅토리킹            승   08:05     08:14       0:09   차
312 25조(전승규)18 송암에이스          승   08:54     09:02       0:08   차
313 25조(전승규)26 송암플레이어        기   07:42     07:49       0:07   금
314 25조(전승규)31 슈퍼챔피언          승   06:39     06:47       0:08   차
315 25조(전승규)12 스마트오피서        승   09:18     09:33       0:15   차
316 25조(전승규)24 영광의캡틴          조   06:59     07:05       0:06   차
317 25조(전승규)40 원더풀인디언        승   06:43     06:49       0:06   차
318 25조(전승규) 6 초토마              기   08:11     08:27       0:16   차
319 25조(전승규)11 최강게임            승   09:26     09:36       0:10   차
320 25조(전승규)34 춘산                승   07:26     07:37       0:11   차
321 25조(전승규)20 콘스티솔로          조   07:20     07:30       0:10   차
322 25조(전승규)10 킹에이스            승   09:26     09:36       0:10   차
323 25조(전승규)37 파워요트            조   06:24     06:31       0:07   차
324 25조(전승규)39 프로폰도로쏘        기   06:36     06:43       0:07   차
325 25조(전승규)23 피버디니            승   08:21     08:29       0:08   차
326 25조(전승규) 1 허쉬대보            기   08:21     08:30       0:09   금
327 25조(전승규)28 화이트참            승   06:42     06:49       0:07   차
328 26조(안해양) 9 나우퀸              승   08:08     08:21       0:13   차
329 26조(안해양)25 더블테이크          승   07:09     07:23       0:14   차
330 26조(안해양)36 더킹클래스          승   06:55     07:08       0:13   차
331 26조(안해양)40 런던아이            승   07:51     08:08       0:17   차
332 26조(안해양)37 루나케이            승   06:29     06:45       0:16   차
333 26조(안해양)20 예스아이캔          승   07:33     07:48       0:15   차
334 26조(안해양)29 우소륭              승   06:46     07:05       0:19   차
335 26조(안해양)17 정성더원            승   07:23     07:49       0:26   차
336 26조(안해양)27 창성수호            승   06:52     07:07       0:15   차
337 26조(안해양)22 창성히트            승   06:17     06:28       0:11   차
338 26조(안해양)39 하륭                승   07:11     07:24       0:13   차
339 27조(박병일)24 구름왕자            승   06:55     07:09       0:14   차
340 27조(박병일) 8 금세다              승   06:12     06:23       0:11   차
341 27조(박병일)18 금자유              기   06:11     06:31       0:20   차
342 27조(박병일) 7 남산시대            승   08:19     08:41       0:22   차
343 27조(박병일)21 더비스트            승   06:11     06:29       0:18   차
344 27조(박병일)38 더파이팅            승   07:40     08:01       0:21   차
345 27조(박병일) 5 드림패션            승   06:55     07:13       0:18   차
346 27조(박병일)32 상감마마            승   06:11     06:32       0:21   차
347 27조(박병일)29 스틸더패션          승   07:39     07:59       0:20   차
348 27조(박병일)12 어게인윙            승   07:40     07:58       0:18   차
349 27조(박병일)26 은혜가득            기   06:45     06:55       0:10   차
350 27조(박병일) 2 청춘비바            승   06:15     06:30       0:15   차
351 27조(박병일) 4 최강파티            승   06:30     06:45       0:15   차
352 27조(박병일)39 컨트리로드          승   08:27     08:45       0:18   차
353 27조(박병일)36 타우러스            승   07:38     07:55       0:17   차
354 27조(박병일) 6 테라스피드          승   07:14     07:29       0:15   차
355 27조(박병일)10 하루온              승   06:50     07:10       0:20   차
356 27조(박병일)13 헤시안              기   06:32     06:43       0:11   차
357 28조(최상식) 8 글로벌영웅          기   06:20     06:31       0:11   차
358 28조(최상식) 9 글로벌천하          승   06:11     06:27       0:16   차
359 28조(최상식)23 대디코잔            승   07:46     08:01       0:15   차
360 28조(최상식)24 샌드파워            승   07:15     07:35       0:20   차
361 28조(최상식)27 인디라이트          기   06:21     06:32       0:11   금
362 28조(최상식) 5 흥깨비              승   06:28     06:42       0:14   금
363 29조(배휴준)13 골든찬스            기   06:35     06:50       0:15   차
364 29조(배휴준)19 뉴시타델            승   07:19     07:33       0:14   차
365 29조(배휴준)33 선포레              보   07:06     07:20       0:14   차
366 29조(배휴준)23 소중한기억          기   07:19     07:33       0:14   차
367 29조(배휴준)34 슈퍼파크            승   07:49     08:07       0:18   금
368 29조(배휴준)25 아이언마스크        기   07:20     07:34       0:14   차
369 29조(배휴준)28 언비튼가이          기   07:37     07:48       0:11   차
370 29조(배휴준)11 엄지여왕            승   08:12     08:40       0:28   금
371 29조(배휴준) 6 와와여장부          기   07:05     07:16       0:11   금
372 29조(배휴준)10 원더풀댄서          보   07:49     07:58       0:09   차
373 29조(배휴준)39 원더풀리버          보   06:27     06:50       0:23   차
374 29조(배휴준)17 유로아이            승   06:32     06:47       0:15   차
375 29조(배휴준) 3 천존                승   08:18     08:37       0:19   차
376 29조(배휴준)15 체인지메이커        승   08:42     08:49       0:07   차
377 30조(토니  )27 강서프린세스        조   08:55     09:06       0:11   차
378 30조(토니  )14 남산초콜릿          승   07:24     07:35       0:11   차
379 30조(토니  )20 님의향기            조   08:29     08:39       0:10   차
380 30조(토니  )29 당대로얄            승   07:58     08:08       0:10   차
381 30조(토니  ) 2 더검푸              조   06:52     07:02       0:10   차
382 30조(토니  ) 3 머니캠프            기   06:52     07:02       0:10   차
383 30조(토니  )19 반야동행            승   08:29     08:39       0:10   차
384 30조(토니  )25 스타블레이드        조   07:24     07:34       0:10   차
385 30조(토니  )12 스프링킹            승   06:52     07:03       0:11   차
386 30조(토니  )11 에이스레전드        기   06:16     06:24       0:08   차
387 30조(토니  ) 7 에이스샤인          조   06:16     06:24       0:08   차
388 30조(토니  ) 5 에이스솔롱고        승   06:52     07:02       0:10   차
389 30조(토니  ) 9 장산바다            기   06:16     06:24       0:08   차
390 30조(토니  )24 최강스타            승   08:54     09:07       0:13   차
391 30조(토니  )16 최강장산            승   08:00     08:06       0:06   차
392 30조(토니  ) 8 케이블레이드        기   06:17     06:24       0:07   차
393 30조(토니  )15 트루팀버            보   07:24     07:34       0:10   차
394 30조(토니  ) 4 파이트투데이        조   07:57     08:08       0:11   차
395 31조(강환민)15 논스톱데릭          승   07:45     07:53       0:08   차
396 31조(강환민)23 롤러블레이드        승   06:11     06:18       0:07   차
397 31조(강환민)27 매드블레이드        승   07:04     07:10       0:06   차
398 31조(강환민)18 바잉블레이드        승   06:32     06:39       0:07   차
399 31조(강환민)13 블루해머            승   07:10     07:18       0:08   차
400 31조(강환민)28 빅트리플            승   06:15     06:24       0:09   차
401 31조(강환민) 1 스피드가이          승   07:06     07:13       0:07   차
402 31조(강환민)39 어서와              승   06:46     06:57       0:11   차
403 31조(강환민)10 원더풀하트          승   07:05     07:12       0:07   차
404 31조(강환민)31 정상여신            승   06:19     06:25       0:06   차
405 31조(강환민) 3 천비성              승   06:44     06:55       0:11   차
406 31조(강환민)32 최강블레이드        승   06:12     06:25       0:13   차
407 31조(강환민)29 플라잉팰리스        승   06:47     06:54       0:07   차
408 32조(김윤섭)16 고고비              기   07:46     08:01       0:15   차
409 32조(김윤섭)25 금성패션            기   07:32     07:45       0:13   차
410 32조(김윤섭)10 금성황제            승   06:31     06:47       0:16   차
411 32조(김윤섭) 9 문학가이            승   06:31     06:51       0:20   차
412 32조(김윤섭) 7 문학슬루            승   06:11     06:30       0:19   차
413 32조(김윤섭)30 어디가나            승   07:00     07:14       0:14   차
414 32조(김윤섭) 4 햇빛향기            승   07:19     07:29       0:10   금
415 32조(김윤섭)26 헬로금성            승   07:32     07:46       0:14   금
416 32조(김윤섭)18 호프킹덤            승   08:07     08:18       0:11   차
417 33조(서인석)33 굴참나무숲          승   06:15     06:27       0:12   금
418 33조(서인석) 5 날아라힐            승   07:24     07:38       0:14   차
419 33조(서인석)32 리암스무니          승   06:16     06:37       0:21   차
420 33조(서인석)29 릴패트론            승   06:19     06:30       0:11   차
421 33조(서인석)28 마성혼신            기   06:19     06:28       0:09   차
422 33조(서인석) 8 매치캡틴            기   07:23     07:33       0:10   차
423 33조(서인석)27 소중한만남          승   08:18     08:28       0:10   차
424 33조(서인석)11 슈퍼제나이          승   06:48     06:58       0:10   차
425 33조(서인석)18 스토미              승   08:04     08:14       0:10   차
426 33조(서인석) 2 에스테이크          기   06:52     07:03       0:11   차
427 33조(서인석) 3 원더풀매직          기   06:55     07:04       0:09   차
428 33조(서인석)37 이스트트로스        승   07:28     07:42       0:14   차
429 33조(서인석)34 이스트팔로스        승   06:57     07:07       0:10   차
430 33조(서인석)17 이천특급            승   07:48     07:57       0:09   차
431 33조(서인석)23 장산플라이          승   06:13     06:32       0:19   차
432 33조(서인석)35 천마여제            기   06:30     06:40       0:10   차
433 33조(서인석)22 킹칸모르            기   07:50     07:56       0:06   차
434 34조(리카디)16 남산러브            승   06:42     06:54       0:12   차
435 34조(리카디)25 마이티지            승   08:26     08:38       0:12   차
436 34조(리카디)14 마이티후            승   07:49     07:59       0:10   차
437 34조(리카디) 1 맘마로마            기   06:47     06:57       0:10   금
438 34조(리카디)19 매직레코드          승   09:04     09:14       0:10   차
439 34조(리카디) 2 무쌍황후            기   06:28     06:39       0:11   차
440 34조(리카디)31 바비블레이드        기   08:04     08:13       0:09   차
441 34조(리카디)26 백산선더            기   07:00     07:10       0:10   차
442 34조(리카디)22 벌말대장            승   07:40     07:53       0:13   차
443 34조(리카디)36 선더윈드            승   06:49     06:57       0:08   금
444 34조(리카디)33 애플민트            기   06:38     06:49       0:11   차
445 34조(리카디)13 에스삭스            승   08:38     08:49       0:11   차
446 34조(리카디)10 에코빌              승   07:40     07:53       0:13   차
447 34조(리카디)15 최강매직            승   06:36     06:48       0:12   차
448 34조(리카디)27 최강블랙            기   06:46     06:54       0:08   차
449 34조(리카디)34 최강토마            승   07:32     07:38       0:06   차
450 34조(리카디)35 최고캠프            승   06:21     06:31       0:10   차
451 34조(리카디)30 트로팅라일리        승   09:04     09:14       0:10   차
452 34조(리카디)37 한라블로섬          승   07:05     07:15       0:10   차
453 35조(임채덕) 8 구름바다            승   06:21     06:42       0:21   차
454 35조(임채덕)12 나하프린세스        승   06:11     06:23       0:12   차
455 35조(임채덕)10 스마일레이디        승   06:45     07:16       0:31   차
456 35조(임채덕)16 원더풀캣            승   06:26     06:37       0:11   차
457 35조(임채덕)20 플라잉인디          승   06:45     07:16       0:31   차
458 37조(심승태)31 금아킹덤            승   07:21     07:35       0:14   차
459 37조(심승태)22 뉴파티              승   06:38     06:47       0:09   차
460 37조(심승태) 6 베스트포스          승   06:38     06:51       0:13   차
461 37조(심승태)34 블랙윙윙            기   06:28     06:38       0:10   차
462 37조(심승태)19 비무량              승   07:16     07:35       0:19   차
463 37조(심승태) 7 샤인뮤직            승   07:01     07:23       0:22   차
464 37조(심승태)40 플라잉카라          승   08:04     08:15       0:11   차
465 37조(심승태) 9 피케이군주          승   06:38     06:50       0:12   차
466 37조(심승태)20 피케이돌풍          기   06:45     06:55       0:10   차
467 37조(심승태) 1 하이비트            승   06:43     06:51       0:08   차
468 40조(송문길)13 고스트빌리지        승   08:22     08:43       0:21   차
469 40조(송문길)16 골드스파이크        승   07:15     07:33       0:18   차
470 40조(송문길)26 골드해머            보   07:25     07:38       0:13   차
471 40조(송문길)36 글라디아토레에이    기   07:36     07:43       0:07   차
472 40조(송문길)18 녹리총              승   08:03     08:17       0:14   차
473 40조(송문길) 6 독도사랑            기   08:06     08:17       0:11   차
474 40조(송문길)27 라피도볼트          기   08:17     08:28       0:11   금
475 40조(송문길) 4 라피도아레스        기   06:36     06:45       0:09   차
476 40조(송문길)10 마이윈              승   08:35     08:47       0:12   차
477 40조(송문길) 3 메디치글로리        기   06:23     06:33       0:10   차
478 40조(송문길)21 무소의뿔            승   07:12     07:33       0:21   차
479 40조(송문길)40 비평                기   07:27     07:35       0:08   차
480 40조(송문길)22 빅이어              기   06:52     06:58       0:06   금
481 40조(송문길)14 빅투더빅            기   06:58     07:09       0:11   차
482 40조(송문길)29 샴로커              승   07:58     08:15       0:17   차
483 40조(송문길)11 소서노레전드        보   08:22     08:45       0:23   차
484 40조(송문길)39 스포트라이트        승   06:39     06:59       0:20   차
485 40조(송문길)17 스피디루키          승   08:59     09:16       0:17   차
486 40조(송문길)31 아델머스탱          승   07:22     07:30       0:08   차
487 40조(송문길)20 아테나브이          기   07:06     07:13       0:07   금
488 40조(송문길) 5 위즈모멘트          기   07:16     07:24       0:08   금
489 40조(송문길)34 제다이              기   06:12     06:22       0:10   차
490 40조(송문길)12 제이이글            승   06:23     06:32       0:09   차
491 40조(송문길)24 콰이어트아델        승   06:19     06:27       0:08   차
492 40조(송문길)30 큐피드코리아        기   08:32     08:48       0:16   차
493 41조(신삼영)30 강한여전사          기   07:35     07:44       0:09   차
494 41조(신삼영) 6 광마힐              승   07:07     07:20       0:13   차
495 41조(신삼영)12 논스톱리워드        승   06:44     06:56       0:12   차
496 41조(신삼영)17 더드림캐리어        승   08:26     08:44       0:18   차
497 41조(신삼영)33 루미너스퀸          승   08:27     08:49       0:22   차
498 41조(신삼영) 4 리얼콩코드          승   07:16     07:28       0:12   차
499 41조(신삼영)21 매지컬초이스        승   08:49     09:06       0:17   차
500 41조(신삼영)37 좋은관계            승   06:12     06:23       0:11   차
501 41조(신삼영)19 좋은사이            승   07:10     07:20       0:10   차
502 41조(신삼영)14 큐피드베이브        승   07:43     07:57       0:14   차
503 41조(신삼영)31 크레이지탱크        승   07:51     08:07       0:16   차
504 41조(신삼영)40 헤리티지            승   07:47     08:07       0:20   차
505 41조(신삼영)27 히비키              승   06:21     06:35       0:14   차
506 42조(이관호) 3 글로리파이터        기   06:48     07:00       0:12   차
507 42조(이관호)12 대박행진            기   07:43     07:50       0:07   차
508 42조(이관호) 8 더퀸저스티스        기   07:20     07:30       0:10   차
509 42조(이관호)21 라이징삭스          승   06:57     07:06       0:09   차
510 42조(이관호)27 메인오브킹          승   08:24     08:37       0:13   차
511 42조(이관호)33 무도                승   08:51     09:01       0:10   차
512 42조(이관호)34 백랑                승   06:13     06:23       0:10   차
513 42조(이관호)29 불화산              기   06:35     06:45       0:10   차
514 42조(이관호) 6 빅에너지            승   06:29     06:41       0:12   차
515 42조(이관호)24 서울크라운          기   06:53     07:04       0:11   차
516 42조(이관호) 4 어나더스마트원      승   06:45     06:55       0:10   차
517 42조(이관호)38 에이스함성          승   06:12     06:28       0:16   차
518 42조(이관호)23 위너킹              기   07:37     07:50       0:13   차
519 42조(이관호)10 전정사금            승   07:27     07:38       0:11   차
520 42조(이관호)35 조지퀸              기   06:14     06:25       0:11   차
521 42조(이관호)14 해피드림            기   06:30     06:41       0:11   차
522 43조(서정하)13 고어헤드            기   06:30     06:38       0:08   금
523 43조(서정하)27 비봉마루            기   06:58     07:09       0:11   차
524 43조(서정하)11 세명캡틴            기   06:19     06:28       0:09   차
525 43조(서정하) 8 슈퍼플루이드        승   07:12     07:24       0:12   차
526 43조(서정하)10 킬라타스            승   07:00     07:08       0:08   차
527 48조(김대근) 4 더드림              기   07:24     07:41       0:17   차
528 48조(김대근)15 디에코              기   06:42     07:05       0:23   금
529 48조(김대근) 9 로열스마티          승   07:35     07:52       0:17   차
530 48조(김대근)10 슈룹                승   07:37     07:55       0:18   차
531 48조(김대근) 6 쏘아라가즈          기   06:44     07:02       0:18   금
532 48조(김대근) 1 쏘아라바바          승   07:36     07:52       0:16   차
533 48조(김대근)13 쏘아라보아          승   06:19     06:33       0:14   차
534 48조(김대근)24 제스트원            기   06:18     06:36       0:18   차
535 48조(김대근)23 철심장              기   07:16     07:36       0:20   차
536 48조(김대근)21 통천대로            승   06:19     06:37       0:18   차
537 48조(김대근)30 환상터치            승   06:54     07:08       0:14   차
538 48조(김대근) 2 흥록대부            승   06:56     07:18       0:22   차
539 48조(김대근)17 흥바라기            승   06:57     07:13       0:16   차
540 48조(김대근)20 흥복드림            승   06:18     06:39       0:21   금
541 49조(지용철)32 겅호우              기   07:06     07:18       0:12   금
542 49조(지용철)36 대변화              기   07:56     08:08       0:12   차
543 49조(지용철)35 라스트보스          승   06:13     06:29       0:16   차
544 49조(지용철)22 러닝킹              승   06:46     06:58       0:12   금
545 49조(지용철) 7 럭키스마일          기   06:13     06:28       0:15   차
546 49조(지용철)30 심장의고동          기   06:47     07:00       0:13   차
547 49조(지용철) 1 아메리칸포스원      기   06:32     06:45       0:13   차
548 49조(지용철)12 에이투제트          기   06:46     06:58       0:12   차
549 49조(지용철)19 원퍼트              기   07:31     07:45       0:14   금
550 49조(지용철)31 절예                승   07:07     07:19       0:12   금
551 49조(지용철) 5 청산가세            기   07:21     07:39       0:18   차
552 49조(지용철)13 캐논슈터            기   06:11     06:20       0:09   금
553 49조(지용철) 3 코리아기적          승   07:31     07:45       0:14   차
554 49조(지용철)29 페더럴스트롱        기   07:09     07:19       0:10   금
555 49조(지용철)37 페더럴킹            기   06:32     06:45       0:13   차
556 50조(박재우)13 가가나              승   06:44     06:53       0:09   금
557 50조(박재우)31 금성세계            기   08:03     08:17       0:14   차
558 50조(박재우)38 동작                승   07:48     08:01       0:13   차
559 50조(박재우)26 러브레이스          승   08:06     08:15       0:09   금
560 50조(박재우)40 럭키명호            승   06:16     06:29       0:13   차
561 50조(박재우)18 럭키법전            승   08:32     08:41       0:09   차
562 50조(박재우)16 럭키석포            기   07:01     07:06       0:05   차
563 50조(박재우) 9 멋진금성            기   06:53     07:05       0:12   차
564 50조(박재우)19 문학의전사          승   08:44     08:59       0:15   차
565 50조(박재우)29 문학킹              승   08:43     08:58       0:15   차
566 50조(박재우)36 문학타이거          기   06:23     06:36       0:13   금
567 50조(박재우) 1 신부                승   08:37     08:50       0:13   차
568 50조(박재우)37 아담스애플          기   07:20     07:31       0:11   금
569 50조(박재우)33 야호골든캣          승   07:33     07:49       0:16   차
570 50조(박재우)24 야호선더캣          승   08:13     08:30       0:17   차
571 50조(박재우)28 은어축제            승   06:56     07:04       0:08   금
572 50조(박재우) 6 이스트매직          승   07:22     07:33       0:11   금
573 50조(박재우)32 이스트포인트        기   07:34     07:45       0:11   차
574 50조(박재우)27 제이에스군주        기   07:46     07:53       0:07   차
575 50조(박재우)10 커버걸저스티스      승   09:01     09:08       0:07   차
576 50조(박재우)12 컴플리트스타        승   06:16     06:32       0:16   차
577 50조(박재우)30 클린업해피          승   06:16     06:24       0:08   금
578 50조(박재우)15 트리플킹덤          기   06:25     06:33       0:08   금
579 51조(최용건)28 그레이트선더        승   06:45     06:57       0:12   차
580 51조(최용건) 4 급행마              승   07:25     07:34       0:09   차
581 51조(최용건)14 다울퀸              승   06:40     06:49       0:09   금
582 51조(최용건)12 메디치퀸            보   06:52     07:07       0:15   차
583 51조(최용건)31 명진플라이          승   06:18     06:28       0:10   금
584 51조(최용건)13 모닝뉴스            보   07:41     07:56       0:15   금
585 51조(최용건)10 스마티트렘          기   07:20     07:32       0:12   차
586 51조(최용건)27 신대로              승   06:50     07:04       0:14   금
587 51조(최용건)30 아쿠아펀치          승   07:12     07:22       0:10   차
588 51조(최용건) 2 올드블레이드        승   07:56     08:19       0:23   차
589 51조(최용건)23 톱브레인            승   06:12     06:21       0:09   금
590 51조(최용건) 6 함박미소            승   08:02     08:17       0:15   차
591 52조(김동균)27 드림노크            보   06:10     06:20       0:10   차
592 52조(김동균)25 럭셔리캡틴          보   06:34     06:47       0:13   금
593 52조(김동균)11 로열고스트          승   08:20     08:30       0:10   차
594 52조(김동균)26 블랙머스크          보   08:50     09:00       0:10   차
595 52조(김동균) 4 스카이홀드          기   06:43     06:52       0:09   차
596 52조(김동균)40 엠제이포인트        기   07:00     07:13       0:13   차
597 52조(김동균)14 자이언트걸          승   08:33     08:40       0:07   차
598 52조(김동균) 8 제이에스군황        보   07:28     07:39       0:11   차
599 52조(김동균)12 천지여걸            승   06:10     06:19       0:09   차
600 52조(김동균)32 청운지벽            승   06:38     06:49       0:11   차
601 52조(김동균)30 퀴클리선            승   07:33     07:43       0:10   차
602 52조(김동균) 5 파노라마뷰          승   07:06     07:20       0:14   차
603 52조(김동균)21 파노라마퀸          승   07:57     08:07       0:10   차
604 52조(김동균)36 후이넘              보   08:09     08:15       0:06   차
605 52조(김동균)24 흑전사              보   06:59     07:15       0:16   차
606 53조(김동철)34 러피언파크          승   07:50     08:04       0:14   차
607 53조(김동철)38 럭키어필            승   07:32     07:40       0:08   차
608 53조(김동철)10 로맨스참            승   07:18     07:32       0:14   차
609 53조(김동철) 8 미르스톰            승   07:18     07:28       0:10   차
610 53조(김동철)32 백두의정상          승   08:18     08:31       0:13   차
611 53조(김동철)40 새남의별            승   07:57     08:10       0:13   차
612 53조(김동철)36 서울의별            승   06:47     06:55       0:08   금
613 53조(김동철) 6 올마이퀸            승   07:18     07:26       0:08   차
614 53조(김동철)14 인디언보스          기   06:12     06:26       0:14   금
615 53조(김동철)26 최강다이아          승   07:50     08:04       0:14   차
616 53조(김동철)18 티케이데이          승   06:34     06:45       0:11   차
617 54조(박천서)30 금아슈프림          보   07:02     07:17       0:15   차
618 54조(박천서)35 매드디바            보   08:27     08:40       0:13   차
619 54조(박천서)14 베스트파티          보   06:14     06:28       0:14   차
620 54조(박천서)31 새로운파티          승   07:00     07:21       0:21   차
621 54조(박천서)29 선봉골드            승   08:49     09:05       0:16   차
622 54조(박천서) 2 으뜸이루리          승   07:42     08:02       0:20   차
623 54조(박천서)26 천탑                승   06:30     06:43       0:13   차
624 54조(박천서)20 축복예찬            보   07:42     08:04       0:22   차
━━━━━━━━━━━━━━━━━━━━━━━━━━━━━━━━━━━━━━━
                                                      출력일자 : 2021. 2.27

