

제목 : 21.06.14(월) 조교현황

  ※기승자범례(조:조교사, 보:조교보, 기:기수, 후:기수후보생, 승:조교승인)
  ※비고(금:금주출전예정마, 차:차주출전예정마, 특:특대상경주출전예정마)
  ※금주, 차주 또는 특별 대상경주 출전예상마는 출전신청 결과 및
  조교사의 의사에 따라 변동될 수 있는 미확정된 자료이오니 참고하시기 바랍니다.
━━━━━━━━━━━━━━━━━━━━━━━━━━━━━━━━━━━━━━━
  순 소속조 - 조번 마명              기승자 입장시각  퇴장시각  조교시간 비고
━━━━━━━━━━━━━━━━━━━━━━━━━━━━━━━━━━━━━━━
  1  1조(박종곤)19 굿플랜              승   08:17     08:34       0:17   차
  2  1조(박종곤)29 라온더대쉬          승   07:35     07:52       0:17   차
  3  1조(박종곤)37 라온더스파크        승   08:21     08:35       0:14   차
  4  1조(박종곤)12 라온더스퍼트        승   08:19     08:35       0:16   차
  5  1조(박종곤)31 라온더최강          기   06:21     06:33       0:12   금
  6  1조(박종곤) 4 라온더특급          승   08:23     08:35       0:12   차
  7  1조(박종곤)26 라온더펄            승   07:35     07:52       0:17   차
  8  1조(박종곤) 5 라온울프            기   06:52     07:03       0:11   금
  9  1조(박종곤)13 라온터프맨          기   06:36     06:51       0:15   금
 10  1조(박종곤)20 트라이선더          승   06:34     06:50       0:16   금
 11  1조(박종곤)15 포에버원            기   06:20     06:33       0:13   금
 12  2조(손영표) 6 더더비              승   07:56     08:16       0:20   차
 13  2조(손영표)12 로스트워            기   07:01     07:15       0:14   금
 14  2조(손영표)34 매직만점            기   08:04     08:17       0:13   금
 15  2조(손영표) 9 불의가속            승   07:04     07:15       0:11   차
 16  2조(손영표) 8 옥동공주            기   08:05     08:19       0:14   금
 17  2조(손영표)29 원더풀파워          기   07:01     07:15       0:14   금
 18  2조(손영표)28 피케이힐            승   06:22     06:39       0:17   금
 19  3조(최영주)22 고웰                승   08:18     08:30       0:12   차
 20  3조(최영주) 5 골드카이저          승   07:52     08:05       0:13   차
 21  3조(최영주)20 멋진가이            승   06:56     07:07       0:11   금
 22  3조(최영주) 3 슈발도리앙          승   07:14     07:25       0:11   차
 23  3조(최영주)25 스텔라로드          승   08:09     08:18       0:09   차
 24  3조(최영주)24 에이스댄싱          승   07:05     07:21       0:16   금
 25  3조(최영주)23 위닝투게더          승   06:18     06:31       0:13   금
 26  4조(박윤규)19 걸작맨              기   06:46     06:59       0:13   금
 27  4조(박윤규) 2 광양으뜸            기   06:46     06:58       0:12   금
 28  4조(박윤규)14 동진최강            승   06:55     07:05       0:10   차
 29  4조(박윤규)33 리틀보이플래시      승   06:13     06:21       0:08   차
 30  4조(박윤규) 1 멋진기록            승   08:14     08:41       0:27   차
 31  4조(박윤규) 5 천지광풍            승   07:46     08:00       0:14   차
 32  4조(박윤규)37 행복왕자            승   08:14     08:39       0:25   차
 33  5조(우창구)17 금아인빈서블        보   07:45     07:56       0:11   금
 34  5조(우창구)26 눈부신한센          보   07:45     07:55       0:10   금
 35  5조(우창구)40 특권                기   07:50     08:00       0:10   금
 36  5조(우창구)12 티즈블랙            기   07:16     07:28       0:12   금
 37  5조(우창구)30 파이널스타          보   07:17     07:27       0:10   금
 38  6조(홍대유)29 가자플랜            승   08:17     08:28       0:11   금
 39  6조(홍대유)22 굿승리              보   08:18     08:34       0:16   차
 40  6조(홍대유)33 새내스퍼트          기   07:42     07:57       0:15   금
 41  6조(홍대유)14 새내초이스          승   08:19     08:34       0:15   금
 42  6조(홍대유)31 정문볼트            보   07:18     07:35       0:17   금
 43  6조(홍대유)17 정문사이            기   06:41     06:57       0:16   금
 44  6조(홍대유)32 정문에이스          기   07:58     08:10       0:12   금
 45  6조(홍대유)11 정문폭주            기   06:45     06:55       0:10   금
 46  7조(구자흥) 1 가나파크            기   06:18     06:29       0:11   금
 47  7조(구자흥)26 그린다르크          기   06:18     06:29       0:11   금
 48  7조(구자흥)22 대산특급            기   07:22     07:31       0:09   금
 49  7조(구자흥)25 럭키밸리            기   07:46     07:58       0:12   금
 50  7조(구자흥) 2 로드로즈            승   08:21     08:27       0:06   차
 51  7조(구자흥) 6 빅포스원            승   07:18     07:31       0:13   차
 52  7조(구자흥)18 사려니위너          승   06:16     06:29       0:13   금
 53  7조(구자흥) 4 엔에스미래          기   07:47     07:59       0:12   금
 54  7조(구자흥)30 패트리어츠테일      기   07:19     07:38       0:19   금
 55  8조(최용구) 6 골든서비스          승   06:35     06:46       0:11   차
 56  8조(최용구)11 대군파워            기   06:57     07:06       0:09   금
 57  8조(최용구) 9 땡큐보스            기   07:37     07:45       0:08   금
 58  8조(최용구) 2 루킹퍼스트          승   06:12     06:28       0:16   차
 59  8조(최용구)31 불멸의제왕          기   08:08     08:29       0:21   금
 60  8조(최용구)34 블루마리아          승   08:25     08:33       0:08   차
 61  8조(최용구)18 위시미              승   07:18     07:27       0:09   차
 62  8조(최용구)33 유니콘브라보        승   07:53     08:04       0:11   금
 63  8조(최용구)39 카일룸제왕          기   06:57     07:07       0:10   금
 64  8조(최용구)35 콜백                승   07:23     07:33       0:10   차
 65  8조(최용구)32 하바나찰리          승   06:11     06:17       0:06   차
 66  9조(강성오)29 골든배지            승   07:17     07:25       0:08   금
 67  9조(강성오)25 대지의여걸          승   08:16     08:28       0:12   차
 68  9조(강성오)32 대지의여인          승   08:41     08:54       0:13   차
 69  9조(강성오) 2 매직페인터          승   07:34     07:55       0:21   차
 70  9조(강성오) 4 블랙루키            승   06:52     07:02       0:10   차
 71  9조(강성오)14 슬링스톤            승   07:49     08:05       0:16   금
 72  9조(강성오)21 중추부사            기   06:39     06:48       0:09   금
 73  9조(강성오)37 찬기참              승   06:11     06:26       0:15   금
 74  9조(강성오)33 텐배거              승   08:47     08:54       0:07   차
 75  9조(강성오) 9 허리케인삭스        승   08:11     08:25       0:14   차
 76  9조(강성오)28 히든삭스            승   06:39     06:48       0:09   금
 77 10조(정호익) 1 글로리칸            기   06:41     06:50       0:09   금
 78 10조(정호익) 6 글로벌조이          승   07:43     07:53       0:10   금
 79 10조(정호익)23 두손장군            승   08:12     08:28       0:16   차
 80 10조(정호익)25 록뉴스              기   06:16     06:27       0:11   금
 81 10조(정호익)39 마이멤버            기   06:15     06:27       0:12   금
 82 10조(정호익) 5 마이호크            승   08:44     08:59       0:15   차
 83 10조(정호익)12 문학엠파이어        승   08:51     09:02       0:11   차
 84 10조(정호익)28 셋더페이스          승   08:26     08:35       0:09   차
 85 10조(정호익)26 승부사              기   07:21     07:34       0:13   차
 86 10조(정호익) 2 알찬누리            기   06:29     06:38       0:09   금
 87 10조(정호익)31 원평가속            기   07:21     07:35       0:14   차
 88 10조(정호익)17 정상파이팅          기   06:59     07:08       0:09   차
 89 10조(정호익)11 터프맨              승   08:32     08:48       0:16   차
 90 10조(정호익) 8 트리플런            기   07:35     07:48       0:13   차
 91 10조(정호익)16 해들뫼              기   07:36     07:45       0:09   금
 92 10조(정호익)24 흥드림              기   06:28     06:39       0:11   금
 93 11조(조현수)25 골드필드            승   06:35     06:47       0:12   금
 94 11조(조현수)10 그레이트한센        승   08:06     08:21       0:15   차
 95 11조(조현수)15 도깨비              기   07:35     07:45       0:10   금
 96 11조(조현수) 8 사이먼스톰          승   07:10     07:22       0:12   금
 97 11조(조현수)24 적벽신화            승   06:55     07:14       0:19   금
 98 11조(조현수)16 조이오브킹          승   08:05     08:14       0:09   차
 99 11조(조현수)20 컴플리트챔프        승   06:51     07:07       0:16   금
100 11조(조현수)38 파이널에이스        승   06:51     07:07       0:16   차
101 11조(조현수)21 피엔에스갬블        승   07:13     07:22       0:09   차
102 12조(서범석) 7 라피어반            승   07:19     07:35       0:16   차
103 12조(서범석)34 브라보메이          기   06:36     06:46       0:10   금
104 12조(서범석)18 블레싱로드          승   07:32     07:50       0:18   금
105 12조(서범석) 2 사우스반            기   07:44     07:55       0:11   금
106 12조(서범석) 3 스터닝어게인        기   06:54     07:02       0:08   금
107 12조(서범석)27 스트라이드업        기   06:33     06:47       0:14   금
108 12조(서범석) 6 파이팅히어로        기   07:33     07:43       0:10   금
109 13조(이희영)16 굿바우              기   07:28     07:39       0:11   금
110 13조(이희영)15 넘버원타깃          승   07:44     07:58       0:14   금
111 13조(이희영) 8 바다의꿈            승   06:46     06:55       0:09   차
112 13조(이희영) 2 베스트라인          승   07:06     07:20       0:14   금
113 13조(이희영)23 샤크짱              기   07:44     07:58       0:14   차
114 13조(이희영) 3 쿨게이트            승   06:35     06:45       0:10   금
115 13조(이희영)31 큐피드원더          승   06:25     06:34       0:09   금
116 13조(이희영)18 파크윈              기   06:40     06:54       0:14   차
117 14조(이신영)21 거센기상            승   07:48     08:03       0:15   차
118 14조(이신영)13 금아키튼            기   07:31     07:46       0:15   차
119 14조(이신영)36 금아홀섬            기   07:17     07:30       0:13   금
120 14조(이신영)19 라게르타            기   07:47     08:03       0:16   금
121 14조(이신영)32 비바소모            승   06:56     07:10       0:14   차
122 14조(이신영) 1 선샤인특급          기   06:20     06:35       0:15   금
123 14조(이신영) 9 아이언삭스          기   07:17     07:30       0:13   금
124 14조(이신영)11 아침기상            승   06:56     07:06       0:10   차
125 15조(박희철) 3 거센파워            기   08:09     08:20       0:11   금
126 15조(박희철) 1 대세만세            기   07:56     08:06       0:10   금
127 15조(박희철) 7 보라퀸              기   06:23     06:35       0:12   금
128 15조(박희철)32 사려니              보   06:40     07:06       0:26   금
129 15조(박희철)19 서울탱크            기   07:00     07:11       0:11   금
130 15조(박희철)34 스페셜스토리        기   08:08     08:18       0:10   금
131 15조(박희철) 2 정상만세            승   06:10     06:23       0:13   금
132 15조(박희철) 9 정상으뜸            승   07:26     07:35       0:09   금
133 15조(박희철)10 정상킹덤            기   06:10     06:22       0:12   금
134 15조(박희철)33 천세만세            승   07:59     08:10       0:11   차
135 16조(최봉주) 8 대천얼짱            기   06:12     06:26       0:14   금
136 16조(최봉주)35 돌격앞으로          조   06:50     06:58       0:08   금
137 16조(최봉주)30 러닝복스            승   07:02     07:11       0:09   금
138 16조(최봉주)13 백산포스            조   06:12     06:24       0:12   차
139 16조(최봉주)38 빅포켓              조   06:27     06:39       0:12   금
140 16조(최봉주) 3 원더풀맘보          승   07:15     07:26       0:11   금
141 16조(최봉주) 7 제주의하늘          승   06:14     06:27       0:13   금
142 16조(최봉주)10 특급여왕            기   06:27     06:41       0:14   금
143 17조(김점오) 6 스피드황룡          승   07:50     08:04       0:14   금
144 17조(김점오)22 이스머스            승   07:50     08:03       0:13   금
145 17조(김점오)19 통일전사            승   06:22     06:35       0:13   차
146 18조(박대흥)31 남촌아티스트        기   07:31     07:46       0:15   금
147 18조(박대흥)20 도끼블레이드        승   08:58     09:10       0:12   차
148 18조(박대흥) 8 삼성불패            승   08:46     08:57       0:11   차
149 18조(박대흥) 3 선더케이            기   07:40     07:56       0:16   금
150 18조(박대흥)11 선오브선더          기   06:47     06:59       0:12   금
151 18조(박대흥) 5 원더풀플라이        기   06:47     06:59       0:12   금
152 18조(박대흥)22 장산몬스터          기   07:01     07:15       0:14   금
153 18조(박대흥)26 질풍백광            승   08:24     08:38       0:14   금
154 18조(박대흥)25 참일호              승   08:25     08:38       0:13   차
155 18조(박대흥)15 치프인디            기   07:32     07:45       0:13   금
156 18조(박대흥)16 케이엔파워          기   07:01     07:15       0:14   금
157 19조(곽영효) 7 발바투              승   07:29     07:39       0:10   차
158 19조(곽영효)28 브라이트캣          기   06:48     06:56       0:08   차
159 19조(곽영효) 3 빅토리샘            기   07:09     07:28       0:19   금
160 19조(곽영효) 8 스피드댄서          기   06:33     06:45       0:12   금
161 19조(곽영효)18 싱그러운타임        기   06:20     06:32       0:12   금
162 19조(곽영효)24 우정의향기          기   06:34     06:43       0:09   차
163 19조(곽영효)15 콜조이              승   08:03     08:14       0:11   차
164 19조(곽영효)29 토루크막토          기   06:21     06:32       0:11   금
165 19조(곽영효)13 한강보스            승   07:49     08:03       0:14   차
166 19조(곽영효)12 한강챔프            승   07:49     08:09       0:20   차
167 20조(배대선) 7 농본락              승   07:55     08:08       0:13   금
168 20조(배대선)11 농본바다            기   06:35     06:48       0:13   차
169 20조(배대선)34 머니강자            기   06:49     07:00       0:11   금
170 20조(배대선)16 비뢰킹              기   07:55     08:08       0:13   금
171 20조(배대선)15 빛의대륙            승   07:24     07:41       0:17   차
172 20조(배대선)20 알짜                승   07:24     07:39       0:15   차
173 20조(배대선)40 원더풀케이          승   06:34     06:48       0:14   차
174 20조(배대선)19 제마특급            기   07:02     07:13       0:11   차
175 20조(배대선)18 플레이시스투고      승   06:49     07:04       0:15   차
176 21조(임봉춘)27 뉴그랜드            기   06:55     07:05       0:10   금
177 21조(임봉춘)32 마파람              승   08:45     08:59       0:14   차
178 21조(임봉춘)36 명진캔디            기   07:09     07:16       0:07   차
179 21조(임봉춘)20 바이스로이          기   07:53     07:59       0:06   금
180 21조(임봉춘)39 베스트타임          기   07:57     08:08       0:11   금
181 21조(임봉춘)12 슬립웰              기   06:15     06:25       0:10   금
182 21조(임봉춘) 2 신의아들            승   08:42     08:57       0:15   차
183 21조(임봉춘)33 원더풀마리아        기   06:25     06:36       0:11   금
184 21조(임봉춘)30 조우니가            기   06:22     06:28       0:06   금
185 21조(임봉춘)31 패밀리캡틴          기   07:53     08:00       0:07   금
186 21조(임봉춘)17 풀부스터            기   08:19     08:32       0:13   금
187 21조(임봉춘)19 황금럭키            승   07:12     07:25       0:13   차
188 21조(임봉춘) 9 황금천지            승   06:11     06:27       0:16   차
189 21조(임봉춘)26 황금파워            승   08:54     09:06       0:12   차
190 22조(안병기) 6 구름손짓해          기   06:11     06:25       0:14   금
191 22조(안병기) 4 라온라이트맨        기   06:55     07:08       0:13   금
192 22조(안병기) 5 라온블러드          승   07:18     07:30       0:12   차
193 22조(안병기) 8 리드보컬            승   08:01     08:17       0:16   차
194 22조(안병기)25 모든날함께해        승   08:18     08:29       0:11   금
195 22조(안병기)27 야무진꿈            기   08:42     09:00       0:18   차
196 22조(안병기)35 울트라시대          조   06:22     06:32       0:10   금
197 22조(안병기)10 울트라펀치          승   07:40     07:52       0:12   차
198 22조(안병기) 7 초인스파크          승   06:42     06:54       0:12   금
199 22조(안병기)18 축복의약속          기   06:55     07:08       0:13   금
200 22조(안병기)20 티즈파이팅          기   07:19     07:31       0:12   금
201 23조(유재길)10 기적의힘            승   07:15     07:28       0:13   금
202 23조(유재길)20 논스톱위닝          기   06:49     07:01       0:12   금
203 23조(유재길)16 부케팔로스          승   06:40     06:50       0:10   금
204 23조(유재길)14 빛나는질주          기   07:10     07:23       0:13   금
205 23조(유재길) 1 스피어건            기   07:10     07:22       0:12   금
206 23조(유재길) 3 예상백승            승   06:31     06:42       0:11   금
207 24조(서홍수) 9 럭키선더            기   06:29     06:40       0:11   금
208 24조(서홍수)10 마이티고            승   06:36     06:53       0:17   차
209 24조(서홍수)33 아치여걸            기   08:46     08:51       0:05   금
210 24조(서홍수)39 엠제이돌풍          승   06:29     06:40       0:11   차
211 24조(서홍수)22 질주대로            기   07:17     07:30       0:13   금
212 24조(서홍수) 7 팬시팬츠            기   07:03     07:14       0:11   금
213 25조(전승규)15 모닝동자            승   08:36     08:44       0:08   차
214 25조(전승규)21 브랜던              기   06:22     06:33       0:11   금
215 25조(전승규)29 블루파이어          승   07:41     07:55       0:14   차
216 25조(전승규) 5 아스펜로스          승   08:03     08:17       0:14   차
217 25조(전승규)40 원더풀인디언        기   07:21     07:32       0:11   금
218 25조(전승규)11 최강게임            승   09:22     09:30       0:08   차
219 25조(전승규) 2 테스고대보          기   06:12     06:20       0:08   차
220 25조(전승규)35 팰리스퀸            승   08:33     08:49       0:16   차
221 26조(안해양)40 런던아이            승   07:03     07:13       0:10   차
222 26조(안해양)33 런던퀸              기   07:13     07:26       0:13   금
223 26조(안해양) 2 런던히트            승   06:48     06:59       0:11   금
224 26조(안해양)10 벼락                승   06:15     06:36       0:21   차
225 26조(안해양) 3 시선주마            승   08:40     08:52       0:12   차
226 26조(안해양) 9 에너자이저          승   08:11     08:20       0:09   차
227 26조(안해양)20 예스아이캔          승   07:14     07:31       0:17   차
228 26조(안해양)13 우아륭              기   07:30     07:41       0:11   금
229 26조(안해양) 1 큐피드점보          승   06:15     06:36       0:21   차
230 26조(안해양)39 하륭                기   07:55     08:04       0:09   금
231 27조(박병일)22 남산주몽            승   06:37     06:50       0:13   차
232 27조(박병일)16 문학선              기   07:21     07:31       0:10   금
233 27조(박병일)29 스틸더패션          승   06:10     06:23       0:13   차
234 27조(박병일)26 은혜가득            기   07:06     07:19       0:13   금
235 27조(박병일) 2 청춘비바            승   06:46     06:55       0:09   차
236 27조(박병일)39 컨트리로드          기   07:50     08:04       0:14   금
237 27조(박병일)11 톱시드              승   07:03     07:16       0:13   차
238 27조(박병일)14 파란왕자            기   07:04     07:16       0:12   금
239 27조(박병일)10 하루온              승   06:13     06:23       0:10   차
240 28조(최상식)12 글로벌럭키          기   07:09     07:20       0:11   금
241 28조(최상식)26 글로벌선            기   06:18     06:28       0:10   금
242 28조(최상식)21 글로벌선더          기   06:33     06:44       0:11   금
243 28조(최상식)13 글로벌신화          승   08:05     08:22       0:17   차
244 28조(최상식) 3 글로벌에이스        승   07:24     07:41       0:17   금
245 28조(최상식)23 대디코잔            승   06:41     06:54       0:13   차
246 28조(최상식)27 인디라이트          승   06:28     06:39       0:11   차
247 28조(최상식)17 퍼펙트파워          승   06:10     06:25       0:15   금
248 29조(배휴준)13 골든찬스            승   08:04     08:21       0:17   차
249 29조(배휴준)18 데스크탑            기   06:35     07:01       0:26   금
250 29조(배휴준)14 빅리치              기   06:33     06:46       0:13   금
251 29조(배휴준)33 선포레              기   06:49     07:01       0:12   금
252 29조(배휴준) 5 세명엠파이어        기   06:33     06:47       0:14   금
253 29조(배휴준)23 소중한기억          승   07:40     07:54       0:14   금
254 29조(배휴준) 4 천문                승   06:12     06:28       0:16   금
255 29조(배휴준)17 피엔에스아이        승   07:36     07:43       0:07   차
256 30조(토니  )27 강서프린세스        기   07:01     07:12       0:11   차
257 30조(토니  )11 더리퍼              승   07:37     07:50       0:13   차
258 30조(토니  )19 반야동행            조   07:37     07:50       0:13   차
259 30조(토니  ) 6 벚꽃블레이드        기   06:19     06:30       0:11   차
260 30조(토니  ) 3 베리블레이드        기   06:19     06:30       0:11   금
261 30조(토니  )12 스프링킹            기   06:53     07:03       0:10   금
262 30조(토니  )17 아마존킹            기   07:37     07:49       0:12   차
263 30조(토니  )15 장산플라이          승   06:53     07:06       0:13   차
264 30조(토니  )13 청담탱크            조   06:19     06:30       0:11   차
265 31조(강환민)23 롤러블레이드        승   06:13     06:23       0:10   차
266 31조(강환민)27 매드블레이드        기   08:16     08:26       0:10   차
267 31조(강환민) 2 블루비치            기   08:02     08:09       0:07   금
268 31조(강환민)16 빅야크              승   07:43     07:55       0:12   차
269 31조(강환민) 9 유아넘버텐          승   07:16     07:27       0:11   금
270 31조(강환민)35 장산클리어          기   08:44     08:52       0:08   차
271 31조(강환민)31 정상여신            승   06:16     06:25       0:09   차
272 31조(강환민) 6 천괴성              기   08:02     08:12       0:10   금
273 31조(강환민)37 켄터키망치          기   08:02     08:14       0:12   금
274 31조(강환민)30 큐피드딕션          기   08:16     08:28       0:12   금
275 31조(강환민)14 탱크삭스            기   08:16     08:28       0:12   금
276 31조(강환민)40 티케이플렉스        승   07:10     07:19       0:09   차
277 31조(강환민)26 파크삭스            승   06:42     06:52       0:10   차
278 31조(강환민)22 패스트트랙          승   07:24     07:36       0:12   차
279 31조(강환민)17 해피삭스            승   06:34     06:46       0:12   차
280 32조(김윤섭) 4 금성맨              기   07:32     07:45       0:13   차
281 32조(김윤섭) 2 문학고스트          승   07:53     08:11       0:18   금
282 32조(김윤섭) 7 문학슬루            승   07:04     07:17       0:13   차
283 32조(김윤섭)29 야스                기   06:47     06:59       0:12   금
284 32조(김윤섭)30 어디가나            기   07:03     07:15       0:12   금
285 32조(김윤섭) 6 정안킹덤            기   07:01     07:12       0:11   금
286 33조(서인석)28 노던타임            기   06:57     07:06       0:09   금
287 33조(서인석)38 마성질주            조   06:25     06:51       0:26   차
288 33조(서인석)21 마성혼신            조   07:25     07:42       0:17   금
289 33조(서인석)19 매직조이            승   09:02     09:11       0:09   차
290 33조(서인석)29 블랙실버            승   08:08     08:22       0:14   차
291 33조(서인석)18 빅토리고고          기   07:08     07:17       0:09   차
292 33조(서인석)17 스토미              승   08:47     08:59       0:12   차
293 33조(서인석)30 스피드고            기   06:57     07:06       0:09   금
294 33조(서인석)11 어바웃섬싱          기   07:32     07:42       0:10   금
295 33조(서인석) 3 열린문              기   06:35     06:46       0:11   금
296 33조(서인석) 5 유정챔프            기   06:10     06:20       0:10   금
297 33조(서인석)40 이스트제트          기   07:17     07:28       0:11   차
298 33조(서인석)26 패션피플            승   08:28     08:40       0:12   차
299 33조(서인석)13 프리마니케          기   06:10     06:21       0:11   금
300 33조(서인석)39 환상스타            기   07:15     07:25       0:10   금
301 33조(서인석)36 흑룡가무            기   06:35     06:45       0:10   금
302 34조(리카디)16 남산러브            기   08:03     08:17       0:14   금
303 34조(리카디) 5 남산의별            승   08:41     08:50       0:09   금
304 34조(리카디) 7 남산호랑이          승   08:00     08:09       0:09   차
305 34조(리카디)21 드림스피드          승   07:41     07:54       0:13   차
306 34조(리카디)15 라이징호크          기   07:46     07:57       0:11   차
307 34조(리카디)19 매직레코드          승   08:21     08:31       0:10   차
308 34조(리카디)22 벌말대장            기   06:47     06:59       0:12   금
309 34조(리카디)36 선더윈드            기   06:32     06:43       0:11   금
310 34조(리카디)11 슈퍼삭스            승   06:53     07:07       0:14   차
311 34조(리카디)14 스피드갤럽          승   07:41     07:54       0:13   차
312 34조(리카디)23 어나더초이스        승   06:50     06:57       0:07   차
313 34조(리카디)27 최강블랙            승   07:20     07:31       0:11   차
314 34조(리카디)35 최고캠프            기   07:48     07:59       0:11   금
315 35조(임채덕)17 제왕의별            기   06:51     07:04       0:13   금
316 35조(임채덕)20 플라잉인디          기   07:10     07:20       0:10   차
317 37조(심승태)28 금아매저스티        기   06:28     06:41       0:13   금
318 37조(심승태)16 비다사랑            기   06:28     06:39       0:11   금
319 37조(심승태) 5 비엔토              기   06:43     06:54       0:11   금
320 40조(송문길)25 다이아로드          승   07:28     07:52       0:24   차
321 40조(송문길)28 런히어로            기   07:43     07:54       0:11   금
322 40조(송문길) 2 레인케이            기   06:12     06:22       0:10   금
323 40조(송문길)36 메디치스토리        승   06:13     06:23       0:10   차
324 40조(송문길)11 베오울프            기   07:28     07:41       0:13   금
325 40조(송문길)26 별의순간            승   08:11     08:20       0:09   차
326 40조(송문길)12 빅이어              승   08:07     08:19       0:12   차
327 40조(송문길)22 스포트라이트        승   06:54     07:10       0:16   차
328 40조(송문길)20 아테나브이          기   07:18     07:28       0:10   금
329 40조(송문길)24 콰이어트아델        기   07:09     07:18       0:09   금
330 41조(신삼영)28 돌아온날리          승   07:45     08:02       0:17   차
331 41조(신삼영)20 별빛보석            기   07:21     07:30       0:09   금
332 41조(신삼영) 8 유로퀸              승   08:31     08:42       0:11   차
333 41조(신삼영)14 큐피드베이브        승   07:59     08:14       0:15   금
334 41조(신삼영) 2 피렌체힐            승   07:03     07:19       0:16   차
335 42조(이관호) 4 갑오풀퀸            승   07:00     07:12       0:12   금
336 42조(이관호) 7 금아애크미          기   08:43     08:52       0:09   금
337 42조(이관호) 1 달타령              기   07:09     07:16       0:07   금
338 42조(이관호)22 레이디퍼스트        승   06:45     06:55       0:10   차
339 42조(이관호)15 무도                기   06:13     06:25       0:12   금
340 42조(이관호)19 불화산              기   08:19     08:28       0:09   금
341 42조(이관호)25 브라보삭스          승   06:31     06:43       0:12   차
342 42조(이관호)23 서울크라운          승   08:32     08:42       0:10   금
343 42조(이관호)40 아로마              기   08:32     08:43       0:11   금
344 42조(이관호)33 아이스스타          기   08:19     08:29       0:10   금
345 42조(이관호)28 카히나              승   07:37     07:53       0:16   금
346 42조(이관호)12 태양마              승   06:14     06:25       0:11   차
347 42조(이관호)39 프로함성            승   06:12     06:24       0:12   차
348 42조(이관호)14 해피드림            기   06:36     06:47       0:11   차
349 43조(서정하) 2 룰브레이커          승   06:44     07:01       0:17   금
350 43조(서정하)11 세명캡틴            기   06:50     06:58       0:08   금
351 43조(서정하) 3 아르폰스            승   07:05     07:18       0:13   차
352 48조(김대근) 6 너를응원해          기   06:48     07:07       0:19   차
353 48조(김대근)15 디에코              기   07:15     07:34       0:19   금
354 48조(김대근)16 메이블레이드        승   07:20     07:42       0:22   차
355 48조(김대근)21 오래함께하자        보   07:20     07:42       0:22   차
356 48조(김대근)18 좋은걸              보   06:19     06:38       0:19   금
357 48조(김대근)22 퍼플블레이드        승   07:20     07:43       0:23   차
358 48조(김대근)30 환상터치            보   06:48     07:05       0:17   금
359 48조(김대근) 8 흥행질주            기   06:19     06:38       0:19   금
360 49조(지용철)27 교룡득수            승   06:57     07:11       0:14   차
361 49조(지용철)34 구름타고            기   07:36     07:45       0:09   금
362 49조(지용철)36 대변화              기   08:20     08:32       0:12   금
363 49조(지용철)35 라스트보스          기   07:08     07:20       0:12   금
364 49조(지용철)17 방탄마              기   06:48     07:00       0:12   금
365 49조(지용철) 1 아메리칸포스원      기   06:19     06:32       0:13   금
366 49조(지용철)18 온천하              승   08:00     08:13       0:13   차
367 49조(지용철) 9 원모어카드          기   07:10     07:22       0:12   금
368 49조(지용철)19 원퍼트              기   06:18     06:34       0:16   금
369 49조(지용철)24 인듀어런스          기   06:50     07:12       0:22   금
370 49조(지용철) 3 코리아기적          승   06:18     06:37       0:19   금
371 49조(지용철)28 태양타고            기   08:00     08:13       0:13   금
372 49조(지용철)37 페더럴킹            기   06:18     06:31       0:13   차
373 49조(지용철)14 포사포사            기   06:44     06:57       0:13   차
374 50조(박재우)22 가가나              승   07:02     07:16       0:14   금
375 50조(박재우)17 국향                승   08:39     08:54       0:15   금
376 50조(박재우) 9 금성차밍            승   06:35     06:50       0:15   차
377 50조(박재우)10 럭키명호            승   07:03     07:15       0:12   금
378 50조(박재우)33 맘보칸              기   07:36     07:46       0:10   금
379 50조(박재우)28 유쾌한선택          기   07:03     07:15       0:12   금
380 50조(박재우)19 은어축제            승   06:21     06:33       0:12   금
381 50조(박재우)37 이터널메모리        승   06:27     06:33       0:06   금
382 50조(박재우) 3 컴플리트밸류        승   07:58     08:09       0:11   차
383 50조(박재우)30 클린업해피          승   08:39     08:52       0:13   금
384 51조(최용건)14 다울퀸              기   08:04     08:15       0:11   금
385 51조(최용건)25 봄꽃                승   07:19     07:32       0:13   차
386 51조(최용건)27 신대로              승   07:42     07:53       0:11   차
387 51조(최용건) 4 신의한수            기   06:31     06:41       0:10   차
388 51조(최용건) 2 올드블레이드        승   06:44     06:54       0:10   금
389 51조(최용건)11 젊은영웅            승   06:32     06:41       0:09   차
390 51조(최용건)21 천상성              기   08:30     08:40       0:10   금
391 51조(최용건)24 킹크러시            승   08:03     08:14       0:11   차
392 51조(최용건)26 플래티넘유로        승   07:18     07:34       0:16   차
393 51조(최용건)17 히어로스피드        기   08:10     08:15       0:05   금
394 52조(김동균)23 대디글로리          기   06:23     06:29       0:06   금
395 52조(김동균) 2 럭키월드            기   07:15     07:26       0:11   금
396 52조(김동균)32 로드스카이          승   07:59     08:14       0:15   차
397 52조(김동균) 4 메니원더풀          보   08:39     08:55       0:16   차
398 52조(김동균)34 미스터클레버        보   07:59     08:14       0:15   차
399 52조(김동균)35 스피드팔콘          기   08:05     08:14       0:09   차
400 52조(김동균) 1 엠제이파워          승   07:02     07:17       0:15   차
401 52조(김동균) 7 우승환희            기   07:15     07:24       0:09   금
402 52조(김동균)12 천지여걸            기   06:11     06:20       0:09   금
403 52조(김동균)15 트로트퀸            기   07:14     07:27       0:13   차
404 53조(김동철)25 갑오사랑해          승   07:53     08:08       0:15   금
405 53조(김동철) 2 대한질주            기   07:02     07:14       0:12   금
406 53조(김동철)15 로드에이스          승   07:02     07:17       0:15   차
407 53조(김동철) 9 미스스피드          승   08:16     08:34       0:18   금
408 53조(김동철)36 서울의별            승   07:11     07:22       0:11   금
409 53조(김동철)13 엔젤라크스          승   07:55     08:07       0:12   차
410 53조(김동철) 7 킹엔젤마리아        승   07:03     07:17       0:14   금
411 53조(김동철) 5 햇살타고            승   07:40     07:53       0:13   금
412 54조(박천서)40 댄스머신            기   07:04     07:14       0:10   금
413 54조(박천서)18 라로마네            기   06:20     06:32       0:12   차
414 54조(박천서)13 울돌목영웅          기   06:32     06:41       0:09   금
415 54조(박천서) 7 히트하트            기   07:10     07:23       0:13   금
━━━━━━━━━━━━━━━━━━━━━━━━━━━━━━━━━━━━━━━
                                                      출력일자 : 2021. 6.14

