

제목 : 21년 9월18일 (토)   제35차 주행심사성적  제 1경주

날    씨 : 맑음                               주로상태 : 포화 (16%)
--------------------------------------------------------------------------------
   순위  마번  마    명         산지  성  연령   부  담  기수명    조교사명
--------------------------------------------------------------------------------
     1     5   서귀플러스        한   암    2    53+ 1.0 조인권     강은석   
     2    10   하늘울림          한   수    3    55      최시대     양귀선   
     3     7   선더클라우드      한   암    2    53      진겸      방동석   
     4     1   희망펀치          한   암    2    53+ 2.0 페로비치    권승주   
     5    11   스타레이크        미   암    3    54      김태현     강형곤   
     6     6   정든로            한   암    2    53+ 1.0 박재이     민장기   
     7     8   원더풀큐티        한   암    2    53      최은경     김길중   
     8     4   그레이트청호      한   암    2    53      정동철     김재섭   
     9     2   에지              한   암    3    54      유현명     양귀선   
    10     3   오렌지스타        한   암    2    53      채상현     김재섭   
    11     9   무지개빛          한   암    3    54      모준호     조용배   
--------------------------------------------------------------------------------
   순위 마번  마    명        마체중 기  록  도착차    판정 불합격사유   검사사유
--------------------------------------------------------------------------------
     1    5   서귀플러스        425  1:02.1            합             주행미합(신)
     2   10   하늘울림          526  1:02.7   4        합             장기휴양(재)
     3    7   선더클라우드      413  1:02.9   1        유   출발자세불량주행미합(신)
     4    1   희망펀치          489  1:03.0   ½       합             주행미합(신)
     5   11   스타레이크        502  1:03.0   목       합             주행지정(재)
     6    6   정든로            497  1:03.8   4        합             주행미합(신)
     7    8   원더풀큐티        454  1:04.4   4        합             주행미합(신)
     8    4   그레이트청호      417  1:04.7   1¼      합             주행미합(신)
     9    2   에지              469  1:05.0   1¾      합             주행미합(신)
    10    3   오렌지스타        449  1:05.9   5        합             주행미합(신)
    11    9   무지개빛          470  1:07.5   9        불   능력미달  주행지정(재)
--------------------------------------------------------------------------------
   순위  마번   S1F-G3F-G2F-G1F  S1-F    400     G400     G-3F     G-1F 
--------------------------------------------------------------------------------
     1     5     1- 1- 1- 1      13.6    23.6    24.9     0:36.9   0:12.9
     2    10     9- 6- 6- 5      14.5    23.4    24.8     0:36.5   0:12.8
     3     7     4- 3- 3- 2      13.9    23.4    25.6     0:37.5   0:13.2
     4     1     3- 4- 4- 3      13.9    23.8    25.3     0:37.5   0:13.1
     5    11     6- 8- 8- 7      14.3    24.3    24.4     0:36.7   0:12.4
     6     6     2- 2- 2- 4      13.7    23.6    26.5     0:38.4   0:13.9
     7     8    10- 7- 7- 6      14.7    23.3    26.4     0:38.1   0:13.8
     8     4     7- 5- 5- 8      14.4    23.5    26.8     0:38.9   0:14.0
     9     2     5-10- 9- 9      14.0    25.5    25.5     0:37.8   0:13.0
    10     3    11-11-11-10      15.2    24.5    26.2     0:38.7   0:13.5
    11     9     8- 9-10-11      14.4    25.2    27.9     0:40.7   0:14.9
--------------------------------------------------------------------------------
      4펄롱 :  48.5       3펄롱 :  36.9
--------------------------------------------------------------------------------


제목 : 21년 9월18일 (토)   제35차 주행심사성적  제 2경주

날    씨 : 맑음                               주로상태 : 포화 (16%)
--------------------------------------------------------------------------------
   순위  마번  마    명         산지  성  연령   부  담  기수명    조교사명
--------------------------------------------------------------------------------
     1     6   일번지            한   암    2    53      김태현     민장기   
     2     9   베스트윈드        한   암    3    54      진겸      구영준   
     3     2   영광의매직        한   암    2    53+ 1.0 다실바     임금만   
     4    11   하늘미소          한   암    2    53+ 1.0 박재이     구민성   
     5     3   슈퍼빅토리        한   암    2    53+ 1.0 조인권     김병학   
     6     4   킹새터데이        한   수    2    53      유현명     강은석   
     7     5   언제나영웅        한   수    2    53      박종호     권승주   
     8     7   에이스챔피언      한   수    3    55      유광희     이정표   
    93     1   최강무지개        한   수    3    55      정우주     강형곤   
    93     8   슈퍼크랙          한   수    2    53      채상현     양귀선   
    93    10   가원의빛          한   수    2    53      최은경     김길중   
--------------------------------------------------------------------------------
   순위 마번  마    명        마체중 기  록  도착차    판정 불합격사유   검사사유
--------------------------------------------------------------------------------
     1    6   일번지            474  1:02.1            유   출발자세불량주행미합(신)
     2    9   베스트윈드        479  1:02.1   ½       합             장기휴양(재)
     3    2   영광의매직        416  1:03.4   7        합             주행미합(신)
     4   11   하늘미소          483  1:03.7   1¼      연             연습주행    
     5    3   슈퍼빅토리        501  1:04.8   6        합             주행미합(신)
     6    4   킹새터데이        491  1:05.7   5        합             주행미합(신)
     7    5   언제나영웅        410  1:07.1   8        불   능력미달  주행미합(신)
     8    7   에이스챔피언      476  1:09.2   12       불   능력미달  주행미합(신)
    93    1   최강무지개        466  0:00.0            출   출발자세불량주행미합(신)
    93    8   슈퍼크랙          480  0:00.0            출   진입불량  주행미합(신)
    93   10   가원의빛          461  0:00.0   연습제외 연   진입불량  연습주행    
--------------------------------------------------------------------------------
   순위  마번   S1F-G3F-G2F-G1F  S1-F    400     G400     G-3F     G-1F 
--------------------------------------------------------------------------------
     1     6     1- 1- 1- 1      13.3    22.9    25.9     0:37.7   0:13.4
     2     9     5- 5- 4- 2      13.8    23.1    25.2     0:36.9   0:13.0
     3     2     3- 3- 3- 4      13.6    23.1    26.7     0:38.7   0:14.0
     4    11     2- 2- 2- 3      13.4    23.0    27.3     0:39.2   0:14.4
     5     3     6- 6- 6- 5      14.0    23.4    27.4     0:39.5   0:14.3
     6     4     4- 4- 5- 6      13.7    23.6    28.4     0:40.5   0:15.0
     7     5     8- 8- 8- 7      14.6    25.1    27.4     0:40.1   0:14.1
     8     7     7- 7- 7- 8      14.1    25.0    30.1     0:42.8   0:16.2
    95     1      -  -  -                                                
    95     8      -  -  -                                                
    95    10      -  -  -                                                
--------------------------------------------------------------------------------
      4펄롱 :  48.8       3펄롱 :  37.7
--------------------------------------------------------------------------------


제목 : 21년 9월18일 (토)   제35차 주행심사성적  제 3경주

날    씨 : 맑음                               주로상태 : 포화 (16%)
--------------------------------------------------------------------------------
   순위  마번  마    명         산지  성  연령   부  담  기수명    조교사명
--------------------------------------------------------------------------------
     1    11   하늘전사          한   수    2    53      최시대     양귀선   
     2    10   블루카슨          한   암    3    54      채상현     구민성   
     3     2   라온더굳센        한   수    2    53      김태현     권승주   
     4     5   운주히어로        한   수    2    53      진겸      강은석   
     5     8   와이즈걸          한   암    4    55+ 1.0 요아니스    김병학   
     6     9   최강두드림        한   암    3    54      정우주     강형곤   
     7     3   타이탄케이        한   암    2    53      유광희     이정표   
     8     7   히트러너          한   거    2    53      이성재     김길중   
     9     4   함양은산삼        한   수    2    53      유현명     김영관   
    10     6   애플파이          한   암    2    53+ 2.0 김명신     윤영훈   
    93     1   라인브레이커      한   수    2    53+ 1.0 박재이     토마스   
--------------------------------------------------------------------------------
   순위 마번  마    명        마체중 기  록  도착차    판정 불합격사유   검사사유
--------------------------------------------------------------------------------
     1   11   하늘전사          485  1:01.9            연             연습주행    
     2   10   블루카슨          477  1:01.9   목       연             연습주행    
     3    2   라온더굳센        456  1:02.7   5        합             주행미합(신)
     4    5   운주히어로        494  1:03.0   1¼      합             주행미합(신)
     5    8   와이즈걸          451  1:03.3   1¾      합             장기휴양도래(재)
     6    9   최강두드림        453  1:04.1   5        합             장기휴양(재)
     7    3   타이탄케이        457  1:04.5   2        합             주행미합(신)
     8    7   히트러너          438  1:05.3   4        합             주행미합(신)
     9    4   함양은산삼        516  1:06.1   4        불   능력미달  주행미합(신)
    10    6   애플파이          436  1:06.6   3        불   능력미달  주행미합(신)
    93    1   라인브레이커      470  0:00.0            출   출장불량  주행미합(신)
--------------------------------------------------------------------------------
   순위  마번   S1F-G3F-G2F-G1F  S1-F    400     G400     G-3F     G-1F 
--------------------------------------------------------------------------------
     1    11     3- 3- 3- 2      13.8    23.3    24.8     0:36.9   0:12.8
     2    10     1- 1- 2- 1      13.6    23.2    25.1     0:37.1   0:12.9
     3     2     5- 5- 6- 4      14.1    24.1    24.5     0:36.7   0:12.7
     4     5     2- 2- 1- 3      13.8    23.0    26.2     0:38.0   0:13.8
     5     8     6- 7- 7- 7      14.3    24.0    25.0     0:37.1   0:12.7
     6     9     4- 4- 4- 5      14.0    23.9    26.2     0:38.4   0:13.6
     7     3     7- 6- 5- 6      14.5    23.5    26.5     0:38.5   0:13.9
     8     7     8- 8- 9- 8      14.7    24.5    26.1     0:38.5   0:13.6
     9     4     9-10-10-10      14.8    25.0    26.3     0:39.1   0:13.5
    10     6    10- 9- 8- 9      15.3    23.8    27.5     0:39.7   0:14.2
    95     1      -  -  -                                                
--------------------------------------------------------------------------------
      4펄롱 :  49.1       3펄롱 :  37.9
--------------------------------------------------------------------------------


제목 : 21년 9월18일 (토)   제35차 주행심사성적  제 4경주

날    씨 : 맑음                               주로상태 : 포화 (16%)
--------------------------------------------------------------------------------
   순위  마번  마    명         산지  성  연령   부  담  기수명    조교사명
--------------------------------------------------------------------------------
     1     9   청담드라이브      한   수    4    57      김태훈     윤영훈   
     2     2   케이비보스        한   암    4    55      김태경     윤영훈   
     3     6   천년의퀸          미   암    3    54      최시대     권승주   
     4     8   미녀검객          한   암    4    55      박재이     구민성   
     5     4   장산블랙          미   거    5    57      조인권     라이스   
     6     1   올드천하          한   수    3    55      서강주     김영관   
     7     3   미스터싹쓰리      미   거    3    55      채상현     김재섭   
     8     5   아나스타시아      한   암    2    53+ 1.0 이성재     김길중   
     9     7   아델골드          한   암    2    53      신윤섭     백광열   
    10    10   퀵가이            미   수    3    55+ 1.0 요아니스    강은석   
    11    11   운주스타          한   수    2    53      모준호     조용배   
--------------------------------------------------------------------------------
   순위 마번  마    명        마체중 기  록  도착차    판정 불합격사유   검사사유
--------------------------------------------------------------------------------
     1    9   청담드라이브      472  1:01.8            합             주행지정(재)
     2    2   케이비보스        461  1:02.5   4        합             주행지정(재)
     3    6   천년의퀸          482  1:03.2   4        합             장기휴양(재)
     4    8   미녀검객          430  1:03.2   머리     합             주행지정(재)
     5    4   장산블랙          529  1:03.2   코       합             장기휴양(재)
     6    1   올드천하          497  1:03.5   1½      합             장기휴양(재)
     7    3   미스터싹쓰리      441  1:03.6   ¾       합             장기휴양(재)
     8    5   아나스타시아      434  1:03.9   2        합             주행지정(재)
     9    7   아델골드          426  1:04.1   1        합             주행지정(재)
    10   10   퀵가이            499  1:04.7   4        연             연습주행    
    11   11   운주스타          472  1:05.5   4        연             연습주행    
--------------------------------------------------------------------------------
   순위  마번   S1F-G3F-G2F-G1F  S1-F    400     G400     G-3F     G-1F 
--------------------------------------------------------------------------------
     1     9     9-10- 5- 2      14.1    23.3    24.4     0:36.0   0:12.5
     2     2     1- 1- 1- 1      13.5    22.4    26.6     0:38.0   0:14.2
     3     6     4- 4- 4- 5      13.9    23.5    25.8     0:37.7   0:13.5
     4     8     8- 5- 6- 6      14.1    23.5    25.6     0:37.5   0:13.1
     5     4     3- 3- 3- 4      13.9    23.4    25.9     0:37.8   0:13.5
     6     1     6- 7- 8- 7      14.0    24.1    25.4     0:37.7   0:13.0
     7     3     7- 8- 9- 8      14.0    24.2    25.4     0:37.8   0:13.0
     8     5     2- 2- 2- 3      13.6    23.2    27.1     0:39.0   0:14.4
     9     7     5- 9-10- 9      13.9    24.4    25.8     0:38.3   0:13.5
    10    10    11-11-11-11      14.4    24.5    25.8     0:38.1   0:13.3
    11    11    10- 6- 7-10      14.1    23.8    27.6     0:39.8   0:14.6
--------------------------------------------------------------------------------
      4펄롱 :  48.3       3펄롱 :  37.3
--------------------------------------------------------------------------------
