

제목 : 21.03.05(금) 훈련현황

  ※기승자범례(조:조교사, 보:조교보, 기:기수, 후:기수후보생, 승:조교승인)
  ※비고(금:금주출전예정마, 차:차주출전예정마, 특:특대상경주출전예정마)
  ※금주, 차주 또는 특별 대상경주 출전예상마는 출전신청 결과 및
  조교사의 의사에 따라 변동될 수 있는 미확정된 자료이오니 참고하시기 바랍니다.
━━━━━━━━━━━━━━━━━━━━━━━━━━━━━━━━━━━━━━━
  순 소속조 - 조번 마명              기승자 입장시각  퇴장시각  훈련시간 비고
━━━━━━━━━━━━━━━━━━━━━━━━━━━━━━━━━━━━━━━
  1  1조(박종곤)17 라온가람            승   06:52     07:11       0:19   차
  2  1조(박종곤) 1 라온다이아          승   07:53     08:04       0:11   차
  3  1조(박종곤)27 라온더파이터        기   07:22     07:36       0:14   금
  4  1조(박종곤) 3 라온비트            승   07:43     08:01       0:18   차
  5  1조(박종곤)22 라온스톰            승   08:04     08:20       0:16   차
  6  1조(박종곤)32 라온스페셜          승   07:30     07:41       0:11   차
  7  1조(박종곤)13 라온터프맨          기   07:32     07:46       0:14   금
  8  1조(박종곤)35 라온핑크            기   06:22     06:34       0:12   금
  9  1조(박종곤)37 레이징엔젤          승   06:52     07:11       0:19   차
 10  1조(박종곤)40 문학시바            기   07:02     07:17       0:15   금
 11  1조(박종곤)14 문학젠야타          승   06:49     07:02       0:13   차
 12  1조(박종곤) 9 문학파로아          승   07:12     07:32       0:20   차
 13  2조(손영표)23 디바인파워          승   08:02     08:18       0:16   차
 14  2조(손영표)12 로스트워            기   07:29     07:44       0:15   금
 15  2조(손영표)26 미르스카이          승   07:14     07:25       0:11   차
 16  2조(손영표) 7 불의퀸              승   07:02     07:19       0:17   금
 17  2조(손영표)20 사랑다모아          기   08:02     08:18       0:16   차
 18  2조(손영표)14 선더머니            승   06:24     06:41       0:17   금
 19  2조(손영표)10 선스타트            기   07:44     07:56       0:12   금
 20  2조(손영표)11 엑톤질주            승   08:02     08:18       0:16   차
 21  2조(손영표)31 오섬스프링스        기   06:12     06:26       0:14   금
 22  2조(손영표)15 천지명장            승   06:31     06:39       0:08   차
 23  2조(손영표)19 패밀리스타          승   07:54     08:08       0:14   차
 24  2조(손영표) 5 패밀리타임          기   07:09     07:21       0:12   금
 25  2조(손영표)22 피어나다            승   06:10     06:31       0:21   차
 26  3조(최영주)22 고웰                승   06:50     07:02       0:12   차
 27  3조(최영주) 4 골든제이            기   08:26     08:35       0:09   차
 28  3조(최영주) 1 디케이나린          기   07:22     07:36       0:14   금
 29  3조(최영주)14 록라인              승   07:34     07:49       0:15   차
 30  3조(최영주)12 매직그라운드        승   08:05     08:11       0:06   차
 31  3조(최영주)20 멋진가이            승   07:19     07:33       0:14   차
 32  3조(최영주) 7 미사일캔디          승   06:10     06:25       0:15   차
 33  3조(최영주)34 샤이니퀸            기   07:49     08:05       0:16   금
 34  3조(최영주)10 슈프림로드          기   06:27     06:40       0:13   금
 35  3조(최영주) 6 스카이퓨처          승   07:03     07:18       0:15   차
 36  3조(최영주)17 스톰로드            기   08:06     08:11       0:05   금
 37  3조(최영주)35 싱싱유로            기   06:55     07:03       0:08   금
 38  3조(최영주) 3 아스트로            기   07:22     07:37       0:15   금
 39  3조(최영주)30 오로라로드          승   08:19     08:35       0:16   금
 40  3조(최영주) 5 월드비욘드          승   07:50     08:04       0:14   금
 41  3조(최영주)23 위닝투게더          기   06:42     06:52       0:10   차
 42  3조(최영주)28 질주본              승   07:23     07:40       0:17   차
 43  3조(최영주)32 초동로켓            승   08:20     08:32       0:12   차
 44  3조(최영주)29 티케파이어          승   06:48     07:02       0:14   금
 45  4조(박윤규)19 걸작맨              기   06:32     06:42       0:10   금
 46  4조(박윤규)18 걸작우먼            기   06:49     07:05       0:16   금
 47  4조(박윤규)25 굿필승              승   06:13     06:31       0:18   차
 48  4조(박윤규)14 동진최강            기   07:06     07:21       0:15   금
 49  4조(박윤규)16 드림머니            승   06:33     06:46       0:13   차
 50  4조(박윤규)33 리틀보이플래시      승   07:57     08:10       0:13   차
 51  4조(박윤규)21 방주                승   08:26     08:41       0:15   차
 52  4조(박윤규)30 삼삼빅토리          승   06:22     06:31       0:09   차
 53  4조(박윤규)23 슈퍼마스터          승   06:12     06:21       0:09   차
 54  4조(박윤규)35 시크릿걸            기   08:10     08:22       0:12   금
 55  4조(박윤규)28 조이머니            승   07:04     07:21       0:17   금
 56  4조(박윤규) 9 케이프렌지          승   06:15     06:30       0:15   차
 57  4조(박윤규) 7 팔팔빅토리          승   06:47     07:00       0:13   차
 58  4조(박윤규)29 해피먼스            기   07:52     08:02       0:10   금
 59  4조(박윤규)22 해피하와이          승   07:15     07:30       0:15   금
 60  4조(박윤규)37 행복왕자            승   08:00     08:16       0:16   차
 61  5조(우창구) 2 금로열              승   07:13     07:26       0:13   차
 62  5조(우창구)37 드림걸스            기   06:23     06:30       0:07   금
 63  5조(우창구)11 사이먼퀸            기   06:34     06:45       0:11   금
 64  5조(우창구)24 선더라이트          승   08:17     08:34       0:17   차
 65  5조(우창구)27 알렉산더원          승   08:01     08:21       0:20   차
 66  5조(우창구)15 역전의우승          승   07:17     07:34       0:17   차
 67  5조(우창구)25 위너블루            승   07:25     07:38       0:13   차
 68  5조(우창구)23 적광                기   08:01     08:20       0:19   금
 69  5조(우창구)30 파이널스타          기   06:31     06:43       0:12   금
 70  5조(우창구) 3 퍼펙트라이트        보   07:54     08:18       0:24   차
 71  5조(우창구)39 화씨벽              승   07:51     08:07       0:16   차
 72  6조(홍대유)18 가자플랜            승   06:49     07:01       0:12   금
 73  6조(홍대유) 9 그린질주            승   08:20     08:34       0:14   차
 74  6조(홍대유) 2 그린짱              승   06:43     07:00       0:17   금
 75  6조(홍대유)24 그린최강            보   08:07     08:23       0:16   차
 76  6조(홍대유)30 그린필스타          승   06:49     07:00       0:11   차
 77  6조(홍대유)38 럭키전사            기   07:15     07:23       0:08   금
 78  6조(홍대유)19 문학백투백          기   06:47     06:58       0:11   금
 79  6조(홍대유) 7 문학서브            승   07:29     07:49       0:20   차
 80  6조(홍대유)40 비르투스            승   06:53     07:12       0:19   차
 81  6조(홍대유)16 새내선              승   08:07     08:23       0:16   차
 82  6조(홍대유)33 새내스퍼트          기   06:29     06:36       0:07   금
 83  6조(홍대유) 5 새내아이린          기   08:03     08:13       0:10   금
 84  6조(홍대유)23 서던맨              기   07:46     08:02       0:16   금
 85  6조(홍대유)22 섬싱노바디노        보   07:29     07:51       0:22   차
 86  6조(홍대유)36 안양호랑이          승   07:45     07:59       0:14   차
 87  6조(홍대유)15 정문라이언          승   08:31     08:53       0:22   차
 88  6조(홍대유)32 정문에이스          기   07:02     07:14       0:12   금
 89  6조(홍대유)31 정문짱              승   07:38     07:52       0:14   차
 90  6조(홍대유)26 정문폭주            기   06:48     07:01       0:13   금
 91  6조(홍대유)29 정문프린스          승   08:21     08:35       0:14   차
 92  7조(구자흥)26 그린다르크          기   07:40     07:50       0:10   금
 93  7조(구자흥) 5 대군옥              승   06:54     07:03       0:09   차
 94  7조(구자흥)27 시크릿선더          기   07:06     07:23       0:17   금
 95  7조(구자흥)12 제로백파이브        승   07:57     08:17       0:20   차
 96  7조(구자흥)21 천향국색            승   06:34     06:50       0:16   차
 97  7조(구자흥)24 토스코노바캣        승   07:26     07:35       0:09   차
 98  7조(구자흥)30 패트리어츠테일      승   06:29     06:46       0:17   차
 99  7조(구자흥)17 폭스파워            승   06:49     07:05       0:16   금
100  8조(최용구)28 대군불패            승   06:52     07:01       0:09   금
101  8조(최용구)23 대군천하            승   06:14     06:25       0:11   차
102  8조(최용구)11 대군파워            승   08:04     08:14       0:10   차
103  8조(최용구)26 대마불사            기   06:41     06:56       0:15   금
104  8조(최용구)24 디케이미르          승   07:06     07:16       0:10   차
105  8조(최용구) 4 발베니              승   07:20     07:30       0:10   차
106  8조(최용구)31 불멸의제왕          보   06:21     06:36       0:15   차
107  8조(최용구)34 블루마리아          승   07:44     07:58       0:14   차
108  8조(최용구)33 유니콘브라보        기   07:06     07:16       0:10   차
109  8조(최용구)10 유니콘알파          승   06:40     06:51       0:11   차
110  8조(최용구)17 카일룸여제          보   07:15     07:28       0:13   차
111  8조(최용구)39 카일룸제왕          승   06:11     06:26       0:15   차
112  8조(최용구)20 트리운포            승   06:44     07:01       0:17   차
113  9조(강성오)29 골든배지            승   06:38     06:46       0:08   차
114  9조(강성오)30 당찬세력            승   07:40     07:50       0:10   차
115  9조(강성오)32 대지의여인          승   08:10     08:41       0:31   차
116  9조(강성오)22 런투골              승   07:48     07:53       0:05   차
117  9조(강성오)13 로열태리            승   06:16     06:35       0:19   금
118  9조(강성오) 2 매직페인터          승   06:20     06:37       0:17   차
119  9조(강성오) 6 베스퍼              기   07:13     07:25       0:12   차
120  9조(강성오) 1 어치브              승   06:38     06:46       0:08   금
121  9조(강성오) 3 옥추마              기   07:50     08:00       0:10   금
122  9조(강성오)16 온포인트            승   06:13     06:25       0:12   차
123  9조(강성오)12 정조의꿈            승   08:11     08:20       0:09   차
124  9조(강성오)21 중추부사            승   08:14     08:24       0:10   차
125  9조(강성오)35 최고레이스          승   07:04     07:14       0:10   차
126  9조(강성오) 5 캣츠미라클          승   07:07     07:14       0:07   차
127 10조(정호익)18 강토마              승   06:31     06:45       0:14   금
128 10조(정호익)23 두손장군            승   06:11     06:29       0:18   금
129 10조(정호익)13 땡큐대천            기   06:35     06:47       0:12   차
130 10조(정호익)32 레전드스타          기   06:14     06:27       0:13   금
131 10조(정호익)37 마이멤버            기   06:10     06:23       0:13   금
132 10조(정호익) 5 마이호크            승   07:19     07:33       0:14   차
133 10조(정호익)26 매직플랜            승   08:30     08:46       0:16   차
134 10조(정호익) 2 문학쓰나미          승   07:03     07:15       0:12   금
135 10조(정호익)35 문학엠파이어        승   08:38     08:48       0:10   차
136 10조(정호익)10 문학치프            승   08:12     08:25       0:13   차
137 10조(정호익)19 백승                기   07:36     07:52       0:16   차
138 10조(정호익)22 셋더페이스          기   06:49     07:03       0:14   차
139 10조(정호익)39 알찬누리            승   08:02     08:16       0:14   차
140 10조(정호익) 4 오더파지빌리티스    승   07:49     08:04       0:15   금
141 10조(정호익)29 이스트질주          기   07:12     07:26       0:14   차
142 10조(정호익)33 이스트킹덤          승   06:55     07:15       0:20   금
143 10조(정호익)15 천해강자            승   07:10     07:27       0:17   차
144 10조(정호익)36 티케이보이          승   07:38     07:51       0:13   차
145 10조(정호익)24 흥드림              기   06:31     06:45       0:14   금
146 11조(조현수)25 골드필드            승   08:07     08:18       0:11   차
147 11조(조현수)34 골디락스            승   07:09     07:20       0:11   차
148 11조(조현수)28 메니스피드          보   06:46     07:08       0:22   금
149 11조(조현수) 8 사이먼스톰          승   08:13     08:33       0:20   금
150 11조(조현수)36 슈퍼럭키보이        승   07:46     07:56       0:10   차
151 11조(조현수)31 시선집중            승   06:29     06:46       0:17   금
152 11조(조현수) 6 에치드프라임        승   07:28     07:41       0:13   차
153 11조(조현수)24 적벽신화            승   07:24     07:41       0:17   차
154 11조(조현수)11 제마특급            승   06:34     06:50       0:16   차
155 11조(조현수)16 조이오브킹          승   06:49     07:02       0:13   차
156 11조(조현수)12 컴플리트스윕        승   07:09     07:27       0:18   차
157 11조(조현수)37 킹오브이글          승   07:08     07:20       0:12   차
158 11조(조현수)33 퍼지퀸              승   07:28     07:41       0:13   차
159 12조(서범석)12 마인헌터            승   07:52     08:02       0:10   차
160 12조(서범석) 5 브리가디어제너럴    승   07:16     07:25       0:09   차
161 12조(서범석)31 선위너              승   08:19     08:32       0:13   차
162 12조(서범석)27 스트라이드업        승   06:46     06:55       0:09   차
163 12조(서범석)11 스트롱러너          승   06:29     06:42       0:13   차
164 12조(서범석)16 스트롱레드          기   07:39     07:47       0:08   금
165 12조(서범석)10 스트롱캡틴          승   07:43     07:57       0:14   차
166 12조(서범석) 9 원더풀하와이        승   08:19     08:33       0:14   차
167 12조(서범석)32 일마레              승   07:12     07:25       0:13   차
168 12조(서범석)24 큐피드미션          기   07:28     07:43       0:15   금
169 12조(서범석)33 큐피드비상          승   07:23     07:43       0:20   금
170 12조(서범석) 6 파이팅히어로        승   06:42     06:49       0:07   차
171 12조(서범석)21 페네트로            기   07:13     07:27       0:14   금
172 13조(이희영)13 고업                승   07:24     07:35       0:11   차
173 13조(이희영)16 굿바우              승   07:14     07:25       0:11   차
174 13조(이희영) 1 그레이스리          기   06:57     07:13       0:16   차
175 13조(이희영)30 나도야금            기   06:45     06:55       0:10   차
176 13조(이희영)15 넘버원타깃          기   06:18     06:29       0:11   금
177 13조(이희영) 3 늘푸른캣            기   06:52     07:03       0:11   금
178 13조(이희영)22 모던베스트          기   06:33     06:42       0:09   차
179 13조(이희영) 8 바다의꿈            기   07:36     07:54       0:18   차
180 13조(이희영)26 본능대로            기   06:42     06:57       0:15   금
181 13조(이희영)24 빅플랜              승   07:55     08:08       0:13   차
182 13조(이희영)20 하이브              기   07:06     07:23       0:17   차
183 13조(이희영) 7 화이팅랭퍼          승   07:36     07:46       0:10   차
184 14조(이신영)17 거센불패            기   06:25     06:34       0:09   차
185 14조(이신영) 3 거센질풍            승   08:34     08:45       0:11   차
186 14조(이신영)25 금아로버스트        승   08:03     08:20       0:17   차
187 14조(이신영)33 금아마이티          승   06:55     07:08       0:13   차
188 14조(이신영)27 금아콜로설          승   06:54     07:07       0:13   금
189 14조(이신영) 4 딕시어게인          승   07:23     07:31       0:08   차
190 14조(이신영)10 라이언록            승   06:57     07:13       0:16   금
191 14조(이신영)29 말리부진저          승   08:06     08:16       0:10   차
192 14조(이신영) 7 바이킹하트          승   08:03     08:21       0:18   차
193 14조(이신영)31 블랙킹              승   07:36     07:48       0:12   금
194 14조(이신영)39 스위트주스바        승   06:58     07:07       0:09   차
195 14조(이신영)16 스카이망치          승   06:27     06:39       0:12   차
196 14조(이신영)11 아침기상            승   07:42     07:52       0:10   차
197 14조(이신영)23 이글아이            승   07:08     07:21       0:13   차
198 14조(이신영)28 큐피드여장부        승   06:41     06:53       0:12   차
199 14조(이신영)35 플로리다파워        승   06:16     06:26       0:10   차
200 15조(박희철) 1 대세만세            승   07:11     07:42       0:31   차
201 15조(박희철) 4 마에스트로          승   06:11     06:25       0:14   차
202 15조(박희철)32 사려니              승   07:07     07:42       0:35   차
203 15조(박희철) 2 정상만세            승   07:20     07:30       0:10   차
204 15조(박희철)10 정상킹덤            승   06:59     07:08       0:09   차
205 15조(박희철)27 제니퀸              승   08:00     08:15       0:15   금
206 15조(박희철)13 젝스칸              승   06:12     06:22       0:10   금
207 16조(최봉주) 1 로렐챔프            조   06:53     07:00       0:07   차
208 16조(최봉주) 4 로렐파워            기   07:57     08:13       0:16   차
209 16조(최봉주) 9 본투글로리          승   07:03     07:18       0:15   차
210 16조(최봉주)38 빅포켓              승   08:40     08:50       0:10   차
211 16조(최봉주)26 서클댄서            승   06:25     06:32       0:07   금
212 16조(최봉주)15 에너자이저          조   07:25     07:40       0:15   차
213 16조(최봉주)33 영화즈플라잉        승   07:47     08:02       0:15   차
214 16조(최봉주) 5 원더풀니키야        승   08:19     08:39       0:20   차
215 16조(최봉주)29 원더풀딕시          승   06:38     06:54       0:16   차
216 16조(최봉주) 3 원더풀맘보          승   06:50     07:07       0:17   금
217 16조(최봉주)12 원더풀원더          기   08:30     08:44       0:14   금
218 16조(최봉주)16 제주의요정          승   07:30     07:43       0:13   차
219 16조(최봉주)19 천마                승   08:11     08:21       0:10   차
220 16조(최봉주) 2 천은짱              승   06:10     06:23       0:13   차
221 16조(최봉주)21 파이팅대디          승   08:37     08:53       0:16   차
222 16조(최봉주)22 호크아리랑          승   07:42     07:53       0:11   금
223 16조(최봉주)24 호크의영광          승   07:06     07:17       0:11   금
224 17조(김점오)12 굿초이스            보   06:59     07:14       0:15   금
225 17조(김점오)14 말라카스            승   06:30     06:39       0:09   차
226 17조(김점오) 2 명품축제            승   06:44     06:58       0:14   차
227 17조(김점오)18 명품히어로          승   07:02     07:18       0:16   차
228 17조(김점오)26 미스터터너          승   07:39     07:48       0:09   차
229 17조(김점오)20 비욘드오버          보   06:13     06:29       0:16   금
230 17조(김점오)15 스테디챔피언        승   06:25     06:43       0:18   차
231 17조(김점오)25 어메이징퀸          승   06:15     06:26       0:11   차
232 17조(김점오) 1 에코빅터            승   06:24     06:47       0:23   차
233 17조(김점오)22 이스머스            승   07:05     07:17       0:12   차
234 17조(김점오) 5 콘도르여왕          승   07:38     08:11       0:33   차
235 17조(김점오)19 통일전사            승   07:37     08:12       0:35   차
236 18조(박대흥)19 남촌데이            승   07:30     07:47       0:17   차
237 18조(박대흥)12 명진고스트          승   08:02     08:15       0:13   차
238 18조(박대흥) 3 별나라신사          승   07:21     07:41       0:20   금
239 18조(박대흥)26 선더케이            승   07:30     07:47       0:17   차
240 18조(박대흥)21 슈퍼케이            승   09:12     09:35       0:23   차
241 18조(박대흥)27 알파독              승   08:33     08:48       0:15   차
242 18조(박대흥)11 에이원퀸            기   06:52     07:09       0:17   금
243 18조(박대흥)28 질주의꿈            승   06:57     07:04       0:07   차
244 18조(박대흥) 5 참일호              기   06:36     06:50       0:14   금
245 18조(박대흥)13 챔피언가문          승   08:02     08:17       0:15   차
246 18조(박대흥) 6 청담지니            승   08:33     08:48       0:15   차
247 18조(박대흥) 1 최강퀸              승   08:00     08:11       0:11   차
248 18조(박대흥)14 최강팀              승   08:55     09:14       0:19   차
249 18조(박대흥)15 치프인디            기   07:43     08:01       0:18   차
250 18조(박대흥)38 케이엔라이트        기   06:45     07:03       0:18   금
251 18조(박대흥) 7 케이엔매직          승   06:16     06:36       0:20   차
252 18조(박대흥)33 케이엔에이스        승   08:16     08:24       0:08   차
253 18조(박대흥)24 케이엔월드          승   09:12     09:27       0:15   차
254 18조(박대흥)18 케이엔파크          승   09:12     09:27       0:15   차
255 19조(곽영효) 1 레스카              승   07:46     07:59       0:13   금
256 19조(곽영효)33 메니스탠드          승   07:00     07:20       0:20   차
257 19조(곽영효)28 브라이트캣          승   08:11     08:23       0:12   차
258 19조(곽영효)18 싱그러운타임        승   07:13     07:25       0:12   금
259 19조(곽영효)20 요리조리            승   06:27     06:39       0:12   차
260 19조(곽영효)24 우정의향기          승   07:59     08:10       0:11   차
261 19조(곽영효) 5 원더풀화성          기   06:26     06:39       0:13   차
262 20조(배대선) 6 금아애자일          승   07:46     07:56       0:10   금
263 20조(배대선)33 금아임패커블        승   07:06     07:19       0:13   차
264 20조(배대선)11 농본바다            승   06:54     07:06       0:12   차
265 20조(배대선)15 다이아별빛          기   07:43     07:55       0:12   금
266 20조(배대선)12 대완구              승   07:37     07:48       0:11   차
267 20조(배대선)19 런닝스톰            기   06:38     06:50       0:12   금
268 20조(배대선)39 머니가락            승   08:34     08:43       0:09   차
269 20조(배대선)34 머니강자            승   07:48     07:59       0:11   차
270 20조(배대선)32 머니라인            승   07:02     07:12       0:10   차
271 20조(배대선)26 머니실크            승   07:30     07:38       0:08   차
272 20조(배대선)38 메인이벤트          승   07:37     07:45       0:08   차
273 20조(배대선)21 베가킹              승   08:00     08:12       0:12   차
274 20조(배대선)24 삼애락              기   06:54     07:06       0:12   차
275 20조(배대선)20 알짜                승   08:17     08:26       0:09   차
276 20조(배대선)27 우승특기            승   08:16     08:25       0:09   차
277 20조(배대선)37 원더풀오렌지        기   07:24     07:31       0:07   차
278 20조(배대선)40 원더풀케이          승   07:13     07:22       0:09   차
279 20조(배대선) 1 인동샘              승   08:34     08:43       0:09   차
280 20조(배대선)35 킹코트              승   07:02     07:12       0:10   차
281 20조(배대선)30 토함산파워          기   08:14     08:23       0:09   차
282 20조(배대선)36 트윈제트            승   08:17     08:27       0:10   차
283 20조(배대선) 8 하이퍼카            기   07:58     08:11       0:13   금
284 20조(배대선) 9 화이트마운틴        기   07:07     07:19       0:12   금
285 21조(임봉춘)32 공작왕              기   08:08     08:24       0:16   금
286 21조(임봉춘)25 드림맥스            승   08:38     08:50       0:12   차
287 21조(임봉춘) 4 루이사              승   06:46     07:01       0:15   차
288 21조(임봉춘) 3 만세                승   07:42     07:57       0:15   차
289 21조(임봉춘) 9 명진캔디            승   07:46     08:01       0:15   차
290 21조(임봉춘)24 미르캡틴            승   08:11     08:23       0:12   차
291 21조(임봉춘)29 바디스타            승   08:44     08:58       0:14   차
292 21조(임봉춘)15 베스트실버          승   06:32     06:46       0:14   차
293 21조(임봉춘)39 베스트타임          기   07:09     07:24       0:15   금
294 21조(임봉춘)38 보리보리            승   06:54     07:08       0:14   차
295 21조(임봉춘) 8 비바레이디          승   06:49     07:02       0:13   차
296 21조(임봉춘) 6 삼상                승   07:31     07:47       0:16   차
297 21조(임봉춘)20 슬립웰              승   06:11     06:24       0:13   차
298 21조(임봉춘) 2 신의아들            승   08:03     08:15       0:12   차
299 21조(임봉춘)16 엠제이베스트        기   06:21     06:36       0:15   금
300 21조(임봉춘)22 우리                승   08:34     08:48       0:14   차
301 21조(임봉춘)13 원더풀글리터        승   06:38     06:50       0:12   차
302 21조(임봉춘) 1 찰리스타일          기   07:23     07:36       0:13   금
303 21조(임봉춘)14 파워프라이드        승   07:35     07:48       0:13   차
304 21조(임봉춘)26 황금파워            승   06:52     07:05       0:13   차
305 21조(임봉춘)40 황금해              기   07:10     07:21       0:11   금
306 22조(안병기)30 가온포스            승   08:00     08:14       0:14   차
307 22조(안병기)12 메니챔프            승   07:45     07:59       0:14   차
308 22조(안병기)37 봄날의기억          승   07:43     07:58       0:15   차
309 22조(안병기)39 사람이라는별        승   07:13     07:26       0:13   금
310 22조(안병기)14 선더호스            승   07:59     08:14       0:15   차
311 22조(안병기)10 센스쟁이            승   07:05     07:22       0:17   금
312 22조(안병기)38 스프링꿈            승   07:14     07:31       0:17   차
313 22조(안병기) 9 신의열매            승   07:23     07:31       0:08   금
314 22조(안병기)32 에피파니            조   06:19     06:33       0:14   차
315 22조(안병기)15 와일들리로맨틱      기   07:45     08:02       0:17   금
316 22조(안병기)23 울트라로켓          승   08:30     08:41       0:11   차
317 22조(안병기)20 울트라애니          기   06:47     06:56       0:09   금
318 22조(안병기)27 원지                승   07:00     07:12       0:12   금
319 22조(안병기)34 축복의약속          승   08:18     08:32       0:14   차
320 23조(유재길)15 그린트리서밋        기   07:33     07:45       0:12   차
321 23조(유재길)10 기적의힘            승   08:01     08:30       0:29   차
322 23조(유재길)18 대싱카누            승   06:43     07:02       0:19   금
323 23조(유재길) 2 더트서퍼            기   07:25     07:40       0:15   차
324 23조(유재길)31 메이플문            기   07:33     07:44       0:11   금
325 23조(유재길)19 멜로디킹            승   07:14     07:28       0:14   차
326 23조(유재길)16 부케팔로스          승   06:46     06:53       0:07   차
327 23조(유재길)14 빛나는질주          기   07:14     07:31       0:17   차
328 23조(유재길) 7 송암바비            기   06:49     07:04       0:15   금
329 23조(유재길)22 에이원킹            기   06:31     06:42       0:11   금
330 23조(유재길)26 프라임서밋          기   07:41     07:49       0:08   금
331 23조(유재길)27 해피나이스          기   07:03     07:12       0:09   금
332 23조(유재길)13 홀리데이참          승   08:02     08:26       0:24   차
333 24조(서홍수)26 그레이캣            승   06:40     06:53       0:13   차
334 24조(서홍수)16 그린마운틴          승   08:33     08:51       0:18   금
335 24조(서홍수)23 럭키클럽            기   06:38     06:48       0:10   금
336 24조(서홍수)15 레전드윈            승   08:27     08:35       0:08   금
337 24조(서홍수)13 마이티럭            승   07:58     08:03       0:05   차
338 24조(서홍수) 5 마이티수            승   06:14     06:28       0:14   차
339 24조(서홍수)17 마이티윙            승   06:54     07:09       0:15   차
340 24조(서홍수) 8 마이티칩            승   06:48     07:12       0:24   차
341 24조(서홍수)20 마이티킥            승   08:30     08:43       0:13   차
342 24조(서홍수)25 마칼루파워          승   09:02     09:14       0:12   차
343 24조(서홍수)31 미스엘리트          승   07:06     07:24       0:18   금
344 24조(서홍수)24 스트롱퀸            승   07:37     07:51       0:14   차
345 24조(서홍수)12 왕인행차            승   06:14     06:26       0:12   차
346 24조(서홍수) 6 원더풀데블          승   08:52     09:10       0:18   차
347 24조(서홍수)37 원더풀타이쿤        승   07:32     07:49       0:17   차
348 24조(서홍수)19 원더풀플레저        승   07:06     07:20       0:14   차
349 24조(서홍수)36 코리안펄            승   07:46     07:59       0:13   차
350 24조(서홍수)30 탑뮤직              승   06:14     06:26       0:12   차
351 24조(서홍수) 7 팬시팬츠            승   07:42     07:52       0:10   차
352 25조(전승규)13 드림럭키            기   08:12     08:23       0:11   차
353 25조(전승규)33 드림펠라            승   07:01     07:09       0:08   차
354 25조(전승규)38 럭키훈              승   06:58     07:06       0:08   차
355 25조(전승규)36 마크스토리          승   08:08     08:18       0:10   차
356 25조(전승규)32 미스양호            승   07:01     07:08       0:07   차
357 25조(전승규)14 백상                승   07:38     07:46       0:08   차
358 25조(전승규)21 브랜던              승   06:58     07:06       0:08   차
359 25조(전승규) 7 빅토리킹            승   08:42     08:51       0:09   차
360 25조(전승규)18 송암에이스          승   07:35     07:44       0:09   차
361 25조(전승규)31 슈퍼챔피언          승   08:09     08:24       0:15   차
362 25조(전승규)12 스마트오피서        승   08:43     09:00       0:17   차
363 25조(전승규)24 영광의캡틴          조   07:54     08:05       0:11   차
364 25조(전승규)40 원더풀인디언        기   07:19     07:30       0:11   금
365 25조(전승규) 6 초토마              기   07:42     07:56       0:14   차
366 25조(전승규)34 춘산                승   08:07     08:14       0:07   차
367 25조(전승규)39 프로폰도로쏘        승   08:08     08:20       0:12   차
368 25조(전승규)28 화이트참            기   07:04     07:17       0:13   금
369 26조(안해양) 9 나우퀸              승   06:40     06:51       0:11   차
370 26조(안해양)25 더블테이크          기   07:48     08:00       0:12   금
371 26조(안해양)36 더킹클래스          승   08:29     08:53       0:24   금
372 26조(안해양) 4 런던액티브          승   06:12     06:30       0:18   차
373 26조(안해양)33 런던퀸              승   07:07     07:18       0:11   차
374 26조(안해양)16 런던타이거          승   06:50     07:06       0:16   차
375 26조(안해양)37 루나케이            승   06:31     06:41       0:10   차
376 26조(안해양)20 예스아이캔          승   08:05     08:29       0:24   차
377 26조(안해양)29 우소륭              기   07:23     07:37       0:14   차
378 26조(안해양)27 창성수호            승   06:21     06:39       0:18   차
379 26조(안해양)39 하륭                승   08:31     08:52       0:21   차
380 27조(박병일)24 구름왕자            승   06:15     06:28       0:13   차
381 27조(박병일)18 금자유              기   06:11     06:25       0:14   금
382 27조(박병일) 7 남산시대            승   07:08     07:24       0:16   차
383 27조(박병일)37 로열천지            승   06:15     06:32       0:17   차
384 27조(박병일)35 문학스카이          승   06:59     07:12       0:13   차
385 27조(박병일)29 스틸더패션          승   06:16     06:36       0:20   차
386 27조(박병일)25 애니티즈            기   07:27     07:49       0:22   차
387 27조(박병일)12 어게인윙            승   06:33     06:52       0:19   차
388 27조(박병일) 4 최강파티            승   06:58     07:18       0:20   차
389 27조(박병일)39 컨트리로드          승   06:19     06:46       0:27   차
390 27조(박병일) 6 테라스피드          승   06:52     07:04       0:12   차
391 27조(박병일)10 하루온              기   07:30     07:38       0:08   금
392 28조(최상식)11 글로벌스톰          승   07:20     07:36       0:16   차
393 28조(최상식) 8 글로벌영웅          기   07:50     08:01       0:11   금
394 28조(최상식) 9 글로벌천하          승   06:28     06:43       0:15   차
395 28조(최상식)22 글로벌파티          승   07:20     07:37       0:17   차
396 28조(최상식)23 대디코잔            승   06:11     06:27       0:16   차
397 28조(최상식)24 샌드파워            기   06:45     06:59       0:14   금
398 28조(최상식)15 원더풀라이트        승   06:44     06:59       0:15   차
399 28조(최상식)28 일여하여            기   08:15     08:27       0:12   차
400 29조(배휴준)13 골든찬스            기   08:09     08:21       0:12   금
401 29조(배휴준)19 뉴시타델            기   07:47     08:00       0:13   금
402 29조(배휴준) 1 샤크대장군          승   08:22     08:35       0:13   차
403 29조(배휴준)33 선포레              승   07:23     07:29       0:06   차
404 29조(배휴준)23 소중한기억          기   07:47     08:06       0:19   금
405 29조(배휴준)26 소중한당신          승   06:53     07:09       0:16   차
406 29조(배휴준)34 슈퍼파크            승   06:46     06:57       0:11   차
407 29조(배휴준)25 아이언마스크        승   07:11     07:28       0:17   차
408 29조(배휴준)28 언비튼가이          기   07:24     07:44       0:20   차
409 29조(배휴준)27 에버더챔프          승   06:22     06:30       0:08   차
410 29조(배휴준)10 원더풀댄서          승   06:46     06:57       0:11   차
411 29조(배휴준)17 유로아이            승   06:19     06:31       0:12   차
412 29조(배휴준) 3 천존                승   08:48     08:59       0:11   차
413 29조(배휴준)15 체인지메이커        승   08:24     08:46       0:22   차
414 29조(배휴준) 5 코리아대장부        승   07:53     08:14       0:21   차
415 30조(토니  )27 강서프린세스        기   07:26     07:33       0:07   차
416 30조(토니  )17 교룡운우            기   07:59     08:09       0:10   차
417 30조(토니  )30 남산드림            승   08:01     08:09       0:08   차
418 30조(토니  )14 남산초콜릿          기   06:51     06:59       0:08   차
419 30조(토니  )20 님의향기            조   06:50     07:02       0:12   차
420 30조(토니  )29 당대로얄            승   08:33     08:38       0:05   금
421 30조(토니  ) 2 더검푸              기   06:14     06:21       0:07   차
422 30조(토니  ) 3 머니캠프            기   06:16     06:26       0:10   차
423 30조(토니  )19 반야동행            승   07:58     08:09       0:11   차
424 30조(토니  )25 스타블레이드        조   07:26     07:33       0:07   금
425 30조(토니  )12 스프링킹            승   07:25     07:36       0:11   차
426 30조(토니  )11 에이스레전드        기   07:26     07:33       0:07   금
427 30조(토니  ) 7 에이스샤인          조   06:13     06:24       0:11   차
428 30조(토니  ) 5 에이스솔롱고        승   08:31     08:44       0:13   차
429 30조(토니  ) 9 장산바다            조   08:33     08:38       0:05   금
430 30조(토니  )24 최강스타            기   08:34     08:43       0:09   차
431 30조(토니  )16 최강장산            승   06:50     07:02       0:12   차
432 30조(토니  ) 8 케이블레이드        기   06:50     07:02       0:12   차
433 30조(토니  )15 트루팀버            승   06:16     06:26       0:10   차
434 30조(토니  ) 4 파이트투데이        조   07:58     08:09       0:11   차
435 31조(강환민)15 논스톱데릭          승   07:40     07:48       0:08   차
436 31조(강환민)23 롤러블레이드        승   06:12     06:26       0:14   차
437 31조(강환민)27 매드블레이드        승   07:42     07:53       0:11   금
438 31조(강환민)18 바잉블레이드        승   07:07     07:15       0:08   금
439 31조(강환민)13 블루해머            승   06:52     07:04       0:12   차
440 31조(강환민)28 빅트리플            승   06:19     06:25       0:06   차
441 31조(강환민) 1 스피드가이          승   06:12     06:20       0:08   차
442 31조(강환민)39 어서와              기   07:12     07:32       0:20   금
443 31조(강환민)10 원더풀하트          승   07:12     07:19       0:07   차
444 31조(강환민) 3 천비성              승   06:41     06:55       0:14   차
445 31조(강환민)12 청담컬링            승   07:17     07:22       0:05   차
446 31조(강환민)32 최강블레이드        승   07:39     07:52       0:13   차
447 31조(강환민)30 큐피드딕션          승   07:39     07:53       0:14   차
448 31조(강환민)40 티케이플렉스        승   06:52     07:04       0:12   차
449 31조(강환민)26 파크삭스            승   06:44     06:53       0:09   차
450 31조(강환민)29 플라잉팰리스        기   06:39     06:45       0:06   차
451 32조(김윤섭)16 고고비              기   07:52     08:06       0:14   금
452 32조(김윤섭)11 그랜드마스터        승   07:14     07:26       0:12   차
453 32조(김윤섭)33 룰즈클래스          승   08:27     08:40       0:13   차
454 32조(김윤섭) 9 문학가이            승   07:00     07:16       0:16   차
455 32조(김윤섭) 7 문학슬루            승   07:17     07:35       0:18   차
456 32조(김윤섭) 3 미라클이천          승   07:30     07:43       0:13   차
457 32조(김윤섭)30 어디가나            승   08:12     08:26       0:14   차
458 32조(김윤섭)15 청수라이더          승   06:32     06:47       0:15   금
459 32조(김윤섭)12 해피스마티          승   06:32     06:45       0:13   차
460 32조(김윤섭)26 헬로금성            기   08:08     08:20       0:12   금
461 32조(김윤섭)18 호프킹덤            승   06:33     06:51       0:18   차
462 33조(서인석) 6 강화처녀            승   06:46     07:00       0:14   차
463 33조(서인석)12 골든블랙            승   08:45     08:54       0:09   차
464 33조(서인석) 5 날아라힐            승   08:00     08:14       0:14   차
465 33조(서인석)16 누비고              기   07:02     07:14       0:12   차
466 33조(서인석) 1 대완마              승   06:24     06:33       0:09   차
467 33조(서인석)24 레이스로열          승   07:33     07:43       0:10   차
468 33조(서인석)29 릴패트론            기   06:35     06:43       0:08   금
469 33조(서인석)28 마성혼신            기   06:17     06:35       0:18   금
470 33조(서인석)25 매직타이드          승   07:35     07:48       0:13   차
471 33조(서인석)19 모스트스피드        기   08:48     09:04       0:16   차
472 33조(서인석)14 빅레드              기   08:25     08:34       0:09   차
473 33조(서인석)27 소중한만남          기   07:41     07:52       0:11   차
474 33조(서인석)11 슈퍼제나이          승   06:11     06:20       0:09   차
475 33조(서인석) 2 에스테이크          기   06:45     06:56       0:11   차
476 33조(서인석) 3 원더풀매직          승   06:58     07:11       0:13   차
477 33조(서인석)13 유정챔프            승   06:32     06:47       0:15   차
478 33조(서인석)37 이스트트로스        승   06:12     06:26       0:14   차
479 33조(서인석)17 이천특급            승   08:22     08:37       0:15   금
480 33조(서인석)23 장산플라이          기   08:06     08:16       0:10   금
481 33조(서인석)35 천마여제            승   06:28     06:40       0:12   차
482 33조(서인석)40 청담제왕            승   08:00     08:11       0:11   차
483 33조(서인석)22 킹칸모르            승   07:05     07:19       0:14   차
484 33조(서인석)15 패션피플            승   06:43     06:54       0:11   차
485 33조(서인석) 4 한센바로우즈        승   09:04     09:18       0:14   차
486 34조(리카디)16 남산러브            승   06:34     06:45       0:11   차
487 34조(리카디) 5 남산의별            승   08:02     08:09       0:07   차
488 34조(리카디)25 마이티지            승   07:07     07:19       0:12   차
489 34조(리카디)14 마이티후            기   07:07     07:20       0:13   금
490 34조(리카디) 1 맘마로마            승   07:26     07:39       0:13   차
491 34조(리카디) 2 무쌍황후            승   07:41     07:53       0:12   금
492 34조(리카디)31 바비블레이드        기   07:30     07:50       0:20   금
493 34조(리카디)22 벌말대장            승   06:41     06:55       0:14   차
494 34조(리카디)18 안목항              승   08:05     08:15       0:10   차
495 34조(리카디)23 어나더초이스        승   07:57     08:06       0:09   차
496 34조(리카디)13 에스삭스            승   08:33     08:42       0:09   차
497 34조(리카디)10 에코빌              기   08:35     08:41       0:06   차
498 34조(리카디)15 최강매직            승   06:35     06:46       0:11   차
499 34조(리카디)34 최강토마            기   07:29     07:47       0:18   금
500 34조(리카디)35 최고캠프            승   08:20     08:30       0:10   차
501 34조(리카디)30 트로팅라일리        승   09:00     09:11       0:11   차
502 35조(임채덕) 8 구름바다            승   06:12     06:30       0:18   금
503 35조(임채덕)16 원더풀캣            기   06:12     06:17       0:05   금
504 35조(임채덕)17 제왕의별            승   07:08     07:18       0:10   차
505 35조(임채덕)14 쿨프린세스          승   07:08     07:18       0:10   차
506 35조(임채덕)20 플라잉인디          기   06:21     06:36       0:15   금
507 37조(심승태)28 금아매저스티        승   06:34     06:49       0:15   금
508 37조(심승태)31 금아킹덤            승   07:28     07:39       0:11   금
509 37조(심승태) 6 베스트포스          승   07:36     08:00       0:24   차
510 37조(심승태)34 블랙윙윙            기   07:38     07:48       0:10   금
511 37조(심승태)16 비다사랑            승   08:22     08:36       0:14   차
512 37조(심승태)19 비무량              승   06:52     07:17       0:25   차
513 37조(심승태) 7 샤인뮤직            승   07:41     08:02       0:21   차
514 37조(심승태) 4 선우럭키            승   06:28     06:39       0:11   차
515 37조(심승태)17 소베라니아          승   08:22     08:35       0:13   차
516 37조(심승태)37 시저스셔가          승   06:53     07:10       0:17   차
517 37조(심승태) 9 피케이군주          승   07:21     07:31       0:10   차
518 37조(심승태)20 피케이돌풍          기   06:12     06:21       0:09   금
519 40조(송문길)13 고스트빌리지        기   06:15     06:24       0:09   차
520 40조(송문길)16 골드스파이크        승   07:33     07:48       0:15   차
521 40조(송문길)36 글라디아토레에이    기   06:49     07:03       0:14   금
522 40조(송문길)33 나의신화            보   07:41     08:02       0:21   차
523 40조(송문길)18 녹리총              기   07:09     07:20       0:11   금
524 40조(송문길) 6 독도사랑            기   07:05     07:12       0:07   금
525 40조(송문길) 4 라피도아레스        기   06:27     06:41       0:14   금
526 40조(송문길)10 마이윈              기   06:24     06:33       0:09   차
527 40조(송문길) 3 메디치글로리        기   06:44     06:58       0:14   금
528 40조(송문길)35 메디치스토리        승   08:13     08:38       0:25   차
529 40조(송문길)21 무소의뿔            승   07:46     07:58       0:12   차
530 40조(송문길)40 비평                기   07:15     07:26       0:11   금
531 40조(송문길)14 빅투더빅            기   06:24     06:38       0:14   금
532 40조(송문길)29 샴로커              승   08:07     08:29       0:22   차
533 40조(송문길)11 소서노레전드        기   07:22     07:34       0:12   금
534 40조(송문길)39 스포트라이트        승   07:18     07:34       0:16   차
535 40조(송문길)17 스피디루키          승   08:13     08:32       0:19   차
536 40조(송문길)27 심플스타일          보   08:28     08:45       0:17   차
537 40조(송문길)31 아델머스탱          기   07:49     07:59       0:10   차
538 40조(송문길)34 제다이              기   06:26     06:40       0:14   금
539 40조(송문길)12 제이이글            기   06:36     06:50       0:14   차
540 40조(송문길)24 콰이어트아델        승   06:13     06:24       0:11   차
541 40조(송문길)30 큐피드코리아        기   08:02     08:18       0:16   금
542 40조(송문길) 2 킬리의제왕          보   08:30     08:46       0:16   차
543 40조(송문길) 8 파워돌풍            승   08:52     09:07       0:15   차
544 40조(송문길)22 파이어하트          보   09:04     09:19       0:15   차
545 41조(신삼영)30 강한여전사          기   06:35     06:48       0:13   금
546 41조(신삼영)36 굿원더              승   07:36     07:47       0:11   차
547 41조(신삼영)12 논스톱리워드        기   07:14     07:27       0:13   금
548 41조(신삼영)17 더드림캐리어        승   07:42     07:57       0:15   차
549 41조(신삼영)28 돌아온날리          승   08:35     08:49       0:14   차
550 41조(신삼영)33 루미너스퀸          승   07:42     08:00       0:18   차
551 41조(신삼영) 4 리얼콩코드          승   06:51     07:06       0:15   차
552 41조(신삼영)21 매지컬초이스        기   08:06     08:16       0:10   금
553 41조(신삼영)38 문학파이어          승   08:58     09:17       0:19   차
554 41조(신삼영) 5 와일드파이트        승   07:50     08:03       0:13   차
555 41조(신삼영)37 좋은관계            승   06:14     06:25       0:11   차
556 41조(신삼영)19 좋은사이            승   06:54     07:05       0:11   차
557 41조(신삼영)29 질주대로            승   09:20     09:35       0:15   차
558 41조(신삼영)14 큐피드베이브        승   06:54     07:07       0:13   차
559 41조(신삼영)31 크레이지탱크        승   08:21     08:36       0:15   차
560 41조(신삼영) 2 피렌체힐            승   08:26     08:35       0:09   차
561 41조(신삼영)40 헤리티지            승   06:23     06:32       0:09   금
562 42조(이관호) 3 글로리파이터        기   07:29     07:41       0:12   차
563 42조(이관호)12 대박행진            기   06:49     06:56       0:07   차
564 42조(이관호) 8 더퀸저스티스        승   06:47     07:03       0:16   금
565 42조(이관호)21 라이징삭스          기   08:28     08:38       0:10   차
566 42조(이관호)26 레이먼드            승   06:12     06:23       0:11   차
567 42조(이관호)28 로열함성            기   06:13     06:21       0:08   차
568 42조(이관호)18 메갈리오스          승   07:03     07:15       0:12   차
569 42조(이관호)27 메인오브킹          기   08:46     08:57       0:11   차
570 42조(이관호)33 무도                승   08:34     08:45       0:11   차
571 42조(이관호)22 방탄여걸            기   08:06     08:13       0:07   차
572 42조(이관호)34 백랑                기   06:13     06:24       0:11   차
573 42조(이관호)30 베스트마루          승   06:30     06:43       0:13   차
574 42조(이관호)29 불화산              기   06:33     06:43       0:10   차
575 42조(이관호) 6 빅에너지            승   08:35     08:47       0:12   차
576 42조(이관호)15 서브에이스          승   06:18     06:26       0:08   차
577 42조(이관호)24 서울크라운          기   06:46     06:56       0:10   차
578 42조(이관호) 4 어나더스마트원      기   07:18     07:34       0:16   금
579 42조(이관호)38 에이스함성          기   07:45     07:56       0:11   차
580 42조(이관호)10 전정사금            승   07:41     07:51       0:10   차
581 42조(이관호)11 챌린지삭스          승   08:16     08:31       0:15   차
582 42조(이관호) 5 히트에이스          승   06:47     06:57       0:10   차
583 43조(서정하)18 강철다리            기   06:53     07:06       0:13   금
584 43조(서정하) 6 번개라이언          승   07:17     07:26       0:09   차
585 43조(서정하)27 비봉마루            기   06:30     06:50       0:20   금
586 43조(서정하)11 세명캡틴            승   07:33     07:48       0:15   금
587 43조(서정하)14 세명햇살            기   06:15     06:25       0:10   차
588 43조(서정하) 8 슈퍼플루이드        승   08:18     08:23       0:05   금
589 43조(서정하) 3 아르폰스            승   06:56     07:06       0:10   금
590 48조(김대근) 4 더드림              기   06:19     06:38       0:19   차
591 48조(김대근) 9 로열스마티          승   06:19     06:40       0:21   차
592 48조(김대근)31 블루키톤            기   07:32     07:48       0:16   차
593 48조(김대근)10 슈룹                승   07:38     07:59       0:21   차
594 48조(김대근) 1 쏘아라바바          승   06:24     06:46       0:22   차
595 48조(김대근)13 쏘아라보아          기   06:44     07:02       0:18   차
596 48조(김대근) 3 엄청난걸            기   07:46     08:02       0:16   차
597 48조(김대근)28 연희일출            승   07:44     07:59       0:15   차
598 48조(김대근)18 좋은걸              승   07:27     07:43       0:16   차
599 48조(김대근) 5 천지울림            기   06:55     07:13       0:18   차
600 48조(김대근)23 철심장              기   07:13     07:35       0:22   차
601 48조(김대근)21 통천대로            승   06:18     06:38       0:20   금
602 48조(김대근) 2 흥록대부            승   06:56     07:17       0:21   금
603 48조(김대근)17 흥바라기            승   06:56     07:17       0:21   금
604 49조(지용철)27 교룡득수            기   07:27     07:41       0:14   차
605 49조(지용철)20 깡돌이              기   07:37     07:53       0:16   차
606 49조(지용철)36 대변화              기   06:13     06:29       0:16   차
607 49조(지용철)35 라스트보스          기   07:37     07:50       0:13   차
608 49조(지용철) 7 럭키스마일          기   07:37     07:49       0:12   금
609 49조(지용철)30 심장의고동          기   07:05     07:21       0:16   금
610 49조(지용철)12 에이투제트          기   06:44     07:01       0:17   금
611 49조(지용철)18 온천하              기   06:30     06:45       0:15   차
612 49조(지용철) 9 원모어카드          기   07:15     07:26       0:11   차
613 49조(지용철) 5 청산가세            기   07:02     07:19       0:17   금
614 49조(지용철)14 초인볼트            승   07:27     07:44       0:17   차
615 49조(지용철)23 탁트인              승   06:47     06:56       0:09   차
616 49조(지용철) 8 황금달빛            기   06:33     06:45       0:12   차
617 50조(박재우)31 금성세계            기   08:04     08:17       0:13   차
618 50조(박재우) 4 금성차밍            기   07:32     07:44       0:12   금
619 50조(박재우) 3 다시두손            승   06:57     07:11       0:14   금
620 50조(박재우)38 동작                승   06:55     07:13       0:18   금
621 50조(박재우)40 럭키명호            기   07:46     07:56       0:10   금
622 50조(박재우)18 럭키법전            승   07:14     07:37       0:23   차
623 50조(박재우) 5 럭키상운            승   08:42     08:55       0:13   차
624 50조(박재우)11 럭키재산            승   08:43     08:57       0:14   차
625 50조(박재우) 9 멋진금성            승   06:41     06:51       0:10   금
626 50조(박재우)20 문학럭키            승   08:01     08:16       0:15   차
627 50조(박재우)19 문학의전사          승   08:01     08:15       0:14   차
628 50조(박재우)36 문학타이거          기   06:33     06:46       0:13   금
629 50조(박재우)17 밀레니엄파워        승   06:14     06:32       0:18   금
630 50조(박재우)35 베스트스톰          기   07:51     08:03       0:12   차
631 50조(박재우) 1 신부                승   06:15     06:34       0:19   차
632 50조(박재우)33 야호골든캣          승   06:15     06:34       0:19   차
633 50조(박재우)32 이스트포인트        기   07:19     07:32       0:13   금
634 50조(박재우)27 제이에스군주        승   06:18     06:31       0:13   차
635 50조(박재우)12 컴플리트스타        기   06:46     06:57       0:11   금
636 50조(박재우)13 킹즈스텝            승   08:44     08:53       0:09   차
637 51조(최용건)28 그레이트선더        승   07:49     08:03       0:14   차
638 51조(최용건) 4 급행마              승   08:23     08:41       0:18   차
639 51조(최용건)15 다울사랑            승   08:38     08:51       0:13   차
640 51조(최용건)18 마하지존            승   06:19     06:26       0:07   차
641 51조(최용건)12 메디치퀸            보   07:07     07:24       0:17   차
642 51조(최용건)32 명진스톰            승   08:55     09:09       0:14   차
643 51조(최용건)10 스마티트렘          기   06:48     07:00       0:12   차
644 51조(최용건)30 아쿠아펀치          승   07:50     08:04       0:14   차
645 51조(최용건) 2 올드블레이드        승   06:17     06:31       0:14   차
646 51조(최용건) 1 장산골드            보   06:07     06:29       0:22   차
647 51조(최용건) 3 장산탱크            승   08:22     08:34       0:12   차
648 51조(최용건)24 킹크러시            승   08:05     08:18       0:13   차
649 51조(최용건)26 플래티넘유로        승   06:59     07:08       0:09   차
650 51조(최용건) 6 함박미소            승   08:22     08:42       0:20   차
651 51조(최용건)17 히어로스피드        승   06:59     07:08       0:09   차
652 52조(김동균) 9 나는스타            보   07:24     07:30       0:06   차
653 52조(김동균)10 드림포레            승   08:02     08:17       0:15   차
654 52조(김동균)11 로열고스트          기   07:38     07:47       0:09   금
655 52조(김동균)38 모던프라이드        기   07:54     08:06       0:12   차
656 52조(김동균) 4 스카이홀드          기   06:40     06:50       0:10   차
657 52조(김동균)40 엠제이포인트        기   06:52     07:03       0:11   금
658 52조(김동균)14 자이언트걸          기   07:33     07:39       0:06   차
659 52조(김동균) 8 제이에스군황        보   06:45     06:56       0:11   차
660 52조(김동균)32 청운지벽            승   06:12     06:26       0:14   금
661 52조(김동균)30 퀴클리선            승   08:52     08:59       0:07   차
662 52조(김동균)39 클린업보드          승   07:26     07:37       0:11   차
663 52조(김동균) 5 파노라마뷰          승   06:43     06:58       0:15   금
664 52조(김동균)37 파노라마칸          보   08:01     08:14       0:13   차
665 52조(김동균)21 파노라마퀸          기   06:50     06:56       0:06   금
666 52조(김동균)24 흑전사              보   06:07     06:18       0:11   금
667 53조(김동철)25 갑오사랑해          승   07:09     07:20       0:11   금
668 53조(김동철)34 러피언파크          승   07:03     07:13       0:10   금
669 53조(김동철)38 럭키어필            승   06:20     06:38       0:18   차
670 53조(김동철)10 로맨스참            승   07:11     07:24       0:13   금
671 53조(김동철)32 백두의정상          승   08:54     09:09       0:15   금
672 53조(김동철)16 블랙인디            승   08:25     08:33       0:08   차
673 53조(김동철)40 새남의별            승   07:57     08:12       0:15   차
674 53조(김동철) 3 스타러시            승   08:02     08:16       0:14   차
675 53조(김동철)30 아라시              승   08:38     08:51       0:13   금
676 53조(김동철) 6 올마이퀸            승   08:18     08:30       0:12   금
677 53조(김동철)31 위닝질주            승   07:32     07:41       0:09   차
678 53조(김동철)14 인디언보스          기   06:13     06:26       0:13   차
679 53조(김동철)18 티케이데이          승   07:44     07:58       0:14   차
680 54조(박천서)11 강남맨              승   07:51     08:05       0:14   차
681 54조(박천서)30 금아슈프림          보   06:55     07:13       0:18   차
682 54조(박천서)21 루미네스            승   07:48     08:01       0:13   차
683 54조(박천서) 6 르루아블랑          승   08:37     08:58       0:21   차
684 54조(박천서)36 브이퀸              기   08:54     09:09       0:15   차
685 54조(박천서)29 선봉골드            기   08:29     08:48       0:19   금
686 54조(박천서)12 에이맨              보   06:18     06:32       0:14   차
687 54조(박천서)19 월드특급            기   07:32     07:44       0:12   차
688 54조(박천서)27 질풍여왕            보   07:48     08:07       0:19   차
689 54조(박천서)26 천탑                승   06:35     06:50       0:15   금
690 54조(박천서)20 축복예찬            보   08:54     09:09       0:15   차
691 54조(박천서)17 판타스틱콤비        승   07:36     07:49       0:13   차
━━━━━━━━━━━━━━━━━━━━━━━━━━━━━━━━━━━━━━━
                                                      출력일자 : 2021. 3. 5

