

제목 : 21.04.21(수) 훈련현황

  ※기승자범례(조:조교사, 보:조교보, 기:기수, 후:기수후보생, 승:조교승인)
  ※비고(금:금주출전예정마, 차:차주출전예정마, 특:특대상경주출전예정마)
  ※금주, 차주 또는 특별 대상경주 출전예상마는 출전신청 결과 및
  조교사의 의사에 따라 변동될 수 있는 미확정된 자료이오니 참고하시기 바랍니다.
━━━━━━━━━━━━━━━━━━━━━━━━━━━━━━━━━━━━━━━
  순 소속조 - 조번 마명              기승자 입장시각  퇴장시각  훈련시간 비고
━━━━━━━━━━━━━━━━━━━━━━━━━━━━━━━━━━━━━━━
  1  1조(백광열)37 뉴파이어            기   07:04     07:21       0:17   차
  2  1조(백광열)28 닥터스콜            승   08:33     08:50       0:17   차
  3  1조(백광열) 3 닥터시애틀          기   07:29     07:44       0:15   금
  4  1조(백광열)42 닥터시크            승   06:00     06:21       0:21   금
  5  1조(백광열)27 닥터카슨            승   08:33     08:51       0:18   차
  6  1조(백광열) 4 닥터테이크          기   07:10     07:26       0:16   금
  7  1조(백광열)32 닥터텍사스          승   07:17     07:40       0:23   차
  8  1조(백광열) 6 닥터파피아누        기   07:40     07:57       0:17   금
  9  1조(백광열)12 두무산              기   06:19     06:32       0:13   금
 10  1조(백광열)14 마이티파워          기   06:41     06:53       0:12   금
 11  1조(백광열)11 아델소프트          승   06:36     06:55       0:19   차
 12  1조(백광열)36 아델스마트          기   08:48     09:00       0:12   차
 13  1조(백광열)23 아델의신            승   06:41     07:01       0:20   금
 14  1조(백광열)43 아델의축제          승   06:30     06:49       0:19   차
 15  1조(백광열)16 아델퓨펄            기   07:06     07:22       0:16   금
 16  1조(백광열)38 아라다움            승   07:53     08:09       0:16   금
 17  1조(백광열) 8 알파어게인          승   06:30     06:42       0:12   금
 18  1조(백광열)26 영원다이너모        승   07:08     07:30       0:22   차
 19  1조(백광열) 7 영원파워            기   07:39     07:55       0:16   차
 20  1조(백광열)40 영천더비            승   06:00     06:24       0:24   차
 21  1조(백광열) 2 영천질주            기   07:16     07:33       0:17   금
 22  1조(백광열)34 천마브라보          승   06:03     06:24       0:21   차
 23  1조(백광열) 9 킹그레이스          승   07:07     07:31       0:24   차
 24  1조(백광열)44 톱아델              기   07:53     08:09       0:16   금
 25  1조(백광열)19 파워원더풀          승   07:53     08:09       0:16   차
 26  1조(백광열)35 파인트럼펫          승   07:07     07:14       0:07   차
 27  2조(강형곤)20 노블카우보이        승   08:29     08:45       0:16   차
 28  2조(강형곤)37 뉴픽                승   08:00     08:18       0:18   차
 29  2조(강형곤) 1 동방대로            승   06:50     07:00       0:10   차
 30  2조(강형곤)14 동부스타            승   08:00     08:18       0:18   차
 31  2조(강형곤)22 레이디솔저          기   07:57     08:06       0:09   금
 32  2조(강형곤)30 메니캐시            승   07:11     07:25       0:14   차
 33  2조(강형곤) 3 비케이룩스          승   06:00     06:16       0:16   차
 34  2조(강형곤)11 비케이마셜          승   07:36     07:48       0:12   차
 35  2조(강형곤)44 비케이존            기   06:21     06:34       0:13   금
 36  2조(강형곤)24 소리오름            승   06:26     06:40       0:14   차
 37  2조(강형곤)18 소리태풍            기   07:06     07:17       0:11   금
 38  2조(강형곤) 7 스위트밴드          기   06:00     06:12       0:12   금
 39  2조(강형곤)27 스타레이크          기   06:44     06:55       0:11   금
 40  2조(강형곤)31 영광의축제          승   06:00     06:16       0:16   차
 41  2조(강형곤)19 인디초이스          승   08:00     08:18       0:18   차
 42  2조(강형곤)12 인에버터블          승   07:32     07:43       0:11   차
 43  2조(강형곤)25 전설의타임          승   07:11     07:25       0:14   차
 44  2조(강형곤)33 케이비아너          기   07:38     07:48       0:10   차
 45  2조(강형곤)28 톱메이트            승   06:00     06:17       0:17   차
 46  2조(강형곤)10 투나이스            승   08:29     08:48       0:19   차
 47  2조(강형곤)23 투스타일            승   07:11     07:26       0:15   차
 48  2조(강형곤)13 투투와일드싱        기   06:42     06:55       0:13   금
 49  2조(강형곤)32 투투칼턴            기   06:53     07:03       0:10   금
 50  2조(강형곤)34 팀스카이            기   07:00     07:13       0:13   금
 51  2조(강형곤)42 함안백이산          기   07:20     07:29       0:09   차
 52  4조(임금만)32 런스마일            보   07:10     07:26       0:16   차
 53  4조(임금만) 6 마이스타            기   06:19     06:31       0:12   금
 54  4조(임금만)40 무적베테랑          승   06:37     06:48       0:11   차
 55  4조(임금만) 4 바람의약속          기   06:00     06:10       0:10   금
 56  4조(임금만)28 샤이닝힐            보   06:04     06:15       0:11   금
 57  4조(임금만)27 에코선              기   06:23     06:33       0:10   금
 58  4조(임금만)21 영광의레전드        승   07:10     07:26       0:16   차
 59  4조(임금만) 1 영광의세이브        보   06:36     06:53       0:17   차
 60  4조(임금만)11 영광의특급          승   07:47     08:02       0:15   차
 61  4조(임금만)31 영광의파워          보   06:36     06:53       0:17   차
 62  4조(임금만) 7 영광의포스          승   06:00     06:10       0:10   금
 63  4조(임금만)25 인디댄서            승   06:00     06:12       0:12   차
 64  4조(임금만)33 장산도끼            승   06:26     06:36       0:10   금
 65  4조(임금만)26 천년의약속          승   06:36     06:48       0:12   금
 66  4조(임금만)30 톱럭키              보   07:18     07:29       0:11   차
 67  4조(임금만) 3 판타스틱리더        보   06:05     06:15       0:10   금
 68  4조(임금만)37 해운대블루          승   06:05     06:15       0:10   금
 69  5조(유병복)16 강자의청춘          승   07:54     08:12       0:18   차
 70  5조(유병복) 9 골드캔디            기   06:54     07:08       0:14   차
 71  5조(유병복)17 낭만전사            승   06:44     06:53       0:09   금
 72  5조(유병복) 2 달기                기   07:11     07:29       0:18   금
 73  5조(유병복)20 로열골드            승   06:00     06:11       0:11   차
 74  5조(유병복)28 로열티켓            조   06:00     06:12       0:12   금
 75  5조(유병복)24 매직파트너          조   08:00     08:17       0:17   차
 76  5조(유병복)29 불패영광            조   07:37     07:50       0:13   차
 77  5조(유병복)11 사키사키            승   08:24     08:38       0:14   차
 78  5조(유병복) 7 스파이스인디        승   06:20     06:33       0:13   차
 79  5조(유병복)22 오케이선더          조   06:20     06:33       0:13   차
 80  5조(유병복)15 운주불패            승   07:07     07:23       0:16   차
 81  5조(유병복)10 원더워커            승   07:37     07:50       0:13   차
 82  5조(유병복) 5 이글스타            승   06:20     06:33       0:13   차
 83  5조(유병복)25 재도약의반석        기   06:38     06:47       0:09   금
 84  5조(유병복) 3 치프오피서          기   06:20     06:33       0:13   차
 85  5조(유병복) 8 풀오프              기   07:43     07:55       0:12   금
 86  5조(유병복)26 피닉스              승   07:07     07:23       0:16   차
 87  5조(유병복) 6 해브어굿타임        조   06:48     06:59       0:11   차
 88  6조(구영준) 3 강한질주            보   06:37     06:57       0:20   금
 89  6조(구영준)27 골든원액트          보   07:21     07:45       0:24   차
 90  6조(구영준)32 날아라꿀단지        보   08:01     08:09       0:08   차
 91  6조(구영준)26 다이나믹러시        조   07:12     07:35       0:23   금
 92  6조(구영준) 7 리얼리칸            기   06:47     07:03       0:16   금
 93  6조(구영준) 2 무패찰리            조   07:49     08:13       0:24   금
 94  6조(구영준)19 버닝플라이          기   07:11     07:25       0:14   금
 95  6조(구영준) 9 아라로즈            조   08:25     08:41       0:16   차
 96  6조(구영준)22 영광의라이더        기   07:37     07:55       0:18   금
 97  6조(구영준)23 오백장군            보   08:01     08:23       0:22   차
 98  6조(구영준) 6 위닝포스트          보   08:25     08:45       0:20   차
 99  6조(구영준)20 유로신화            보   06:34     06:47       0:13   금
100  6조(구영준)17 최강라이거          기   07:08     07:27       0:19   차
101  6조(구영준)14 킹돔보              보   07:01     07:15       0:14   차
102  7조(김병학)19 골드프린세스        승   06:02     06:25       0:23   차
103  7조(김병학) 3 넓은고을            기   07:58     08:16       0:18   금
104  7조(김병학)17 눈꽃여왕            승   06:01     06:17       0:16   차
105  7조(김병학)15 뉴글로리데이        승   06:39     06:51       0:12   금
106  7조(김병학) 8 베스트코리아        승   07:17     07:38       0:21   차
107  7조(김병학)13 스테디골드          승   07:08     07:33       0:25   차
108  7조(김병학)16 아이언걸            기   06:25     06:36       0:11   금
109  7조(김병학)10 에이스돌풍          승   07:13     07:31       0:18   차
110  7조(김병학)12 와이즈걸            승   06:00     06:19       0:19   금
111  7조(김병학)28 캐러비언데이        승   07:52     08:12       0:20   차
112  7조(김병학) 5 캐치더빅토리        승   07:52     08:01       0:09   차
113  7조(김병학)25 퀸의부활            승   07:08     07:33       0:25   차
114  7조(김병학) 4 킹스랜딩            승   08:01     08:15       0:14   차
115  7조(김병학) 1 킹오브조이          승   06:00     06:15       0:15   차
116  7조(김병학) 7 호크킹              승   06:37     06:51       0:14   차
117  8조(토마스) 9 그레이트록          승   06:27     06:41       0:14   차
118  8조(토마스)23 그레이트원          승   07:54     08:07       0:13   차
119  8조(토마스)26 꽃무리              승   06:53     07:03       0:10   차
120  8조(토마스) 3 로키스카이          보   08:18     08:25       0:07   차
121  8조(토마스)15 무적영웅            승   06:54     07:08       0:14   차
122  8조(토마스)16 뮤직박스            승   06:53     07:05       0:12   차
123  8조(토마스)39 비제이미스          기   06:01     06:12       0:11   금
124  8조(토마스) 8 서부굿              승   08:22     08:37       0:15   차
125  8조(토마스)14 서부퀸              기   07:06     07:17       0:11   차
126  8조(토마스)24 소닉킹이지          보   06:26     06:37       0:11   차
127  8조(토마스)27 스카이모어          보   06:52     07:03       0:11   차
128  8조(토마스)33 알파킹이지          기   06:24     06:33       0:09   차
129  8조(토마스)17 에이스붐            승   06:27     06:37       0:10   금
130  8조(토마스)37 에이스잭팟          승   06:02     06:12       0:10   금
131  8조(토마스)44 에이스포텐          승   07:54     08:07       0:13   차
132  8조(토마스)29 여왕의미소          기   06:01     06:12       0:11   금
133  8조(토마스)41 영광의시대          승   06:01     06:12       0:11   금
134  8조(토마스)13 영광의치얼스        승   06:28     06:40       0:12   금
135  8조(토마스)19 영광의파이트        보   06:02     06:12       0:10   금
136  8조(토마스)35 오아시스걸          승   06:02     06:12       0:10   금
137  8조(토마스)38 이기다              승   07:24     07:35       0:11   차
138  8조(토마스)28 천마대로            승   07:24     07:32       0:08   차
139  8조(토마스)22 천마파워            보   07:24     07:35       0:11   금
140  8조(토마스)34 태풍이              기   06:01     06:10       0:09   금
141  8조(토마스)25 파워트레인          보   07:49     08:00       0:11   차
142  8조(토마스)45 하이냐              승   08:22     08:28       0:06   차
143  8조(토마스)12 해가뜨고            승   07:24     07:36       0:12   차
144  8조(토마스)36 해피우먼            기   06:01     06:12       0:11   금
145  8조(토마스)11 허니스타            승   07:52     08:05       0:13   금
146  9조(양귀선)13 그레이트댄스        보   06:00     06:10       0:10   금
147  9조(양귀선)37 글로리송            승   06:31     06:47       0:16   금
148  9조(양귀선)25 금빛행진            보   06:46     07:00       0:14   금
149  9조(양귀선)38 담양돌풍            승   06:57     07:12       0:15   차
150  9조(양귀선)41 대지스페셜          승   07:33     07:58       0:25   차
151  9조(양귀선)15 더퍼스트팩터        승   06:15     06:33       0:18   차
152  9조(양귀선)11 드래곤로열          승   06:02     06:14       0:12   금
153  9조(양귀선)27 디바인뮤직          보   07:13     07:28       0:15   차
154  9조(양귀선)22 룩스캣              기   06:00     06:09       0:09   금
155  9조(양귀선)32 바벨스톰            승   07:33     08:11       0:38   차
156  9조(양귀선)23 범이내려온다        승   07:33     07:59       0:26   차
157  9조(양귀선) 7 서던킹              승   07:33     07:58       0:25   차
158  9조(양귀선)33 선더킹              기   06:00     06:10       0:10   금
159  9조(양귀선) 6 성산파워            승   06:30     06:43       0:13   차
160  9조(양귀선)35 세계질주            승   06:00     06:07       0:07   차
161  9조(양귀선)14 승리대로            승   06:00     06:14       0:14   차
162  9조(양귀선) 3 온누리질주          기   06:22     06:35       0:13   금
163  9조(양귀선)28 우승강자            기   06:16     06:29       0:13   차
164  9조(양귀선)20 운봉산              승   06:48     07:10       0:22   금
165  9조(양귀선)21 제라                승   06:01     06:20       0:19   차
166  9조(양귀선)30 트루시그니처        승   06:43     06:56       0:13   금
167  9조(양귀선)10 파이트드림          승   06:02     06:26       0:24   차
168 10조(김남중)22 금아미스틱          승   07:08     07:24       0:16   차
169 10조(김남중)21 금아신스틸러        승   07:53     08:06       0:13   차
170 10조(김남중)14 라스트가디언        승   06:33     06:45       0:12   차
171 10조(김남중)13 라피도퀸            기   08:11     08:30       0:19   차
172 10조(김남중)11 럭키넘버원          승   06:50     07:04       0:14   차
173 10조(김남중) 3 브레이브킹덤        승   07:20     07:33       0:13   차
174 10조(김남중)26 원더풀스마일        승   06:22     06:31       0:09   금
175 10조(김남중)28 월드금메달          승   07:53     08:08       0:15   금
176 10조(김남중)24 윈드위너            승   07:53     08:11       0:18   차
177 10조(김남중)19 장한질주            승   06:29     06:43       0:14   금
178 12조(조용배)25 가오                기   06:43     06:54       0:11   금
179 12조(조용배) 8 디바인퀸            조   06:32     06:46       0:14   금
180 12조(조용배)27 로열캐슬            기   06:00     06:11       0:11   금
181 12조(조용배)12 리아논포인트        승   06:14     06:33       0:19   차
182 12조(조용배)24 만리스타            기   06:43     06:55       0:12   금
183 12조(조용배)14 배다리강호          승   07:08     07:27       0:19   차
184 12조(조용배) 5 온누리강자          승   06:58     07:10       0:12   차
185 12조(조용배)15 윈드하이            승   08:06     08:20       0:14   차
186 12조(조용배)13 천마하서            기   06:00     06:11       0:11   금
187 12조(조용배)32 청마영웅            조   07:38     07:56       0:18   금
188 12조(조용배) 4 청마황후            조   07:14     07:26       0:12   차
189 12조(조용배) 2 티즈라인            승   07:42     07:59       0:17   금
190 12조(조용배) 9 한라황후            기   07:15     07:25       0:10   금
191 12조(조용배) 7 함안자양산          조   08:06     08:34       0:28   차
192 13조(강병은)26 그레이트데이        기   07:01     07:14       0:13   금
193 13조(강병은)23 달려라볼포니        승   06:51     07:08       0:17   금
194 13조(강병은)18 로즈스타            보   06:55     07:04       0:09   차
195 13조(강병은)24 루시의기적          승   07:49     08:18       0:29   차
196 13조(강병은)25 룰루                기   07:49     08:09       0:20   금
197 13조(강병은) 2 미녀검객            승   06:16     06:32       0:16   차
198 13조(강병은)16 백전불패            승   06:30     06:46       0:16   차
199 13조(강병은)20 비케이루프톱        승   07:20     07:40       0:20   차
200 13조(강병은) 8 비케이서머걸        기   07:54     08:08       0:14   차
201 13조(강병은)19 비케이킹스타        보   07:20     07:41       0:21   차
202 13조(강병은) 3 새만금의비전        기   06:38     06:49       0:11   차
203 13조(강병은)10 새물결의파도        보   06:27     06:43       0:16   금
204 13조(강병은)21 찬란보이            보   07:58     08:20       0:22   차
205 13조(강병은)11 킹비드              승   06:51     07:01       0:10   차
206 14조(윤영훈)25 골드오브하트        기   06:17     06:27       0:10   금
207 14조(윤영훈)12 동남불패            기   07:39     07:50       0:11   차
208 14조(윤영훈) 3 베라데이            승   07:04     07:25       0:21   차
209 14조(윤영훈)13 블랙피스            승   07:34     07:59       0:25   차
210 14조(윤영훈) 2 블루스카이          승   06:40     07:04       0:24   차
211 14조(윤영훈) 8 신비한강자          승   08:12     08:34       0:22   차
212 14조(윤영훈) 9 신비한여인          승   06:28     06:55       0:27   차
213 14조(윤영훈)27 오르다              보   07:49     08:08       0:19   차
214 14조(윤영훈)15 청담드라이브        승   07:35     07:49       0:14   차
215 14조(윤영훈) 6 하이섹시            승   06:00     06:20       0:20   차
216 14조(윤영훈)14 화이트포인트        기   06:31     06:41       0:10   금
217 15조(안우성)18 갤런트워리어        기   07:06     07:18       0:12   차
218 15조(안우성)21 골든카이저          기   06:00     06:13       0:13   차
219 15조(안우성)29 뉴잭스윙            기   06:29     06:43       0:14   금
220 15조(안우성)32 더윈                승   08:16     08:30       0:14   차
221 15조(안우성) 8 드롭더비트          승   08:22     08:39       0:17   차
222 15조(안우성)36 레이빅터            승   06:04     06:19       0:15   차
223 15조(안우성)44 맨오브더월드        승   07:46     07:58       0:12   차
224 15조(안우성)24 맨오브더필드        승   07:31     07:45       0:14   차
225 15조(안우성)20 모닝코리아          승   07:25     07:38       0:13   차
226 15조(안우성)15 무한열정            승   07:56     08:10       0:14   차
227 15조(안우성)23 밀리언메이커        승   06:33     06:51       0:18   금
228 15조(안우성)27 버닝스타            승   07:33     07:49       0:16   차
229 15조(안우성)43 본마타              승   08:45     09:05       0:20   차
230 15조(안우성)40 블루엠버            승   07:30     07:42       0:12   차
231 15조(안우성)34 스카이윈            승   07:00     07:12       0:12   금
232 15조(안우성)30 아람나래            승   07:11     07:24       0:13   차
233 15조(안우성)33 어플리트타핏        승   06:33     06:51       0:18   차
234 15조(안우성)22 얼라이브스타        기   07:07     07:17       0:10   금
235 15조(안우성)14 얼라이브퀸          승   06:04     06:21       0:17   차
236 15조(안우성) 2 예스파워            승   08:46     09:02       0:16   차
237 15조(안우성) 1 예스퍼펙트          승   06:32     06:46       0:14   차
238 15조(안우성)11 원더풀페이거        승   08:00     08:11       0:11   차
239 15조(안우성) 9 저스트윈            승   07:39     07:51       0:12   차
240 15조(안우성)16 점보블레이드        승   06:24     06:38       0:14   차
241 15조(안우성) 3 콘스탄틴            승   09:03     09:16       0:13   차
242 15조(안우성)45 큐트가이            승   06:47     07:01       0:14   차
243 15조(안우성) 4 크라운킹스타        승   07:11     07:24       0:13   차
244 15조(안우성)26 타이틀코드          승   08:02     08:13       0:11   금
245 15조(안우성)17 트라이엄프킹        승   06:00     06:13       0:13   차
246 15조(안우성)39 폭풍질주            승   06:03     06:14       0:11   금
247 15조(안우성)37 필그림              승   06:47     07:01       0:14   차
248 15조(안우성)13 해남해머            승   08:28     08:43       0:15   차
249 15조(안우성) 5 화랑의챔피언        승   07:07     07:20       0:13   차
250 16조(김재섭)16 고블린              기   08:20     08:32       0:12   금
251 16조(김재섭)26 럭키브레이크        승   07:15     07:28       0:13   차
252 16조(김재섭) 6 로즈불릿            승   06:17     06:29       0:12   금
253 16조(김재섭)13 서부원더풀          승   08:09     08:31       0:22   금
254 16조(김재섭) 1 솔인빅투스          승   07:37     08:09       0:32   금
255 16조(김재섭)33 스파이시칸          승   07:15     07:28       0:13   차
256 16조(김재섭)15 스피드선샤인        승   08:47     09:02       0:15   차
257 16조(김재섭) 4 시선강탈            승   06:46     06:59       0:13   차
258 16조(김재섭)11 울트라피닉스        승   06:55     07:06       0:11   차
259 16조(김재섭)14 월드리멤버          승   07:36     07:48       0:12   금
260 16조(김재섭) 9 이터널위너          기   07:04     07:17       0:13   차
261 16조(김재섭) 8 챔피언시대          승   08:47     09:02       0:15   차
262 16조(김재섭)22 치트키              승   06:35     06:48       0:13   금
263 16조(김재섭)10 크라운펑키          승   06:21     06:38       0:17   금
264 16조(김재섭) 3 함안봉화산          승   07:37     07:49       0:12   차
265 17조(장세한) 6 국민스타            기   07:11     07:24       0:13   차
266 17조(장세한)28 군주의길            승   08:05     08:20       0:15   금
267 17조(장세한)26 다이나믹스타        보   09:09     09:23       0:14   차
268 17조(장세한)30 대흥시대            기   07:35     07:54       0:19   금
269 17조(장세한)17 런앤드건            보   08:34     08:59       0:25   차
270 17조(장세한)18 런파이터            기   08:04     08:19       0:15   금
271 17조(장세한) 9 레전드보스          승   07:18     07:28       0:10   차
272 17조(장세한) 1 바벨드리머          보   07:16     07:30       0:14   차
273 17조(장세한)15 빅스토리            기   06:41     06:54       0:13   금
274 17조(장세한) 4 와이즈보스          승   08:34     08:59       0:25   차
275 17조(장세한)12 와칸다              기   07:35     07:55       0:20   금
276 17조(장세한)14 위닝어게인          승   09:02     09:27       0:25   금
277 17조(장세한) 3 전설의파티          기   07:50     08:03       0:13   금
278 17조(장세한)22 텐텐퀸              보   06:34     06:45       0:11   차
279 18조(이정표)16 골드의인연          보   06:50     07:06       0:16   차
280 18조(이정표)20 노던라이츠          승   07:21     07:33       0:12   차
281 18조(이정표) 2 다이나믹헌터        승   08:02     08:18       0:16   금
282 18조(이정표)17 대왕봉              보   08:03     08:25       0:22   금
283 18조(이정표)22 로열산다이도        승   06:06     06:18       0:12   금
284 18조(이정표)25 메이저가이          보   06:11     06:27       0:16   차
285 18조(이정표)23 모닝선더            승   07:21     07:33       0:12   차
286 18조(이정표)18 슈거비치            승   06:27     06:43       0:16   차
287 18조(이정표) 3 스피드킹덤          기   06:25     06:35       0:10   금
288 18조(이정표) 8 에이스로드          승   06:53     07:05       0:12   차
289 18조(이정표)15 에이스질주          보   07:26     07:44       0:18   금
290 18조(이정표) 1 에이스챔피언        기   07:26     07:40       0:14   차
291 18조(이정표)26 에이원스            승   06:53     07:07       0:14   차
292 18조(이정표)14 연승글로리          기   08:04     08:14       0:10   금
293 18조(이정표)24 코리아헌터          승   06:26     06:39       0:13   금
294 18조(이정표) 7 코코윈              승   07:54     08:08       0:14   차
295 18조(이정표)10 탐라하늘            승   06:06     06:17       0:11   금
296 19조(김영관)21 굿파워              승   06:23     06:40       0:17   차
297 19조(김영관)40 금아니피            승   06:24     06:39       0:15   차
298 19조(김영관)26 금아사이킥          승   06:01     06:16       0:15   차
299 19조(김영관)20 금아스토밍          승   07:52     08:10       0:18   차
300 19조(김영관)22 금아캐벌리          기   08:31     08:44       0:13   금
301 19조(김영관)36 나이스최강          승   08:14     08:27       0:13   차
302 19조(김영관)34 넘버원스타          승   08:17     08:23       0:06   차
303 19조(김영관)12 딥마인드            승   07:53     08:07       0:14   금
304 19조(김영관)43 로사                기   08:31     08:44       0:13   금
305 19조(김영관) 6 미스터한센          승   07:08     07:24       0:16   차
306 19조(김영관) 9 백문백답            승   07:32     07:46       0:14   차
307 19조(김영관) 5 부산항갈매기        승   06:46     07:01       0:15   차
308 19조(김영관)15 부카티니            기   09:11     09:23       0:12   금
309 19조(김영관) 1 사가르마타          승   07:32     07:44       0:12   차
310 19조(김영관)31 스타아이            승   07:09     07:24       0:15   차
311 19조(김영관) 8 애니카걸            기   07:43     07:57       0:14   금
312 19조(김영관)11 원더풀로맨스        승   08:59     09:12       0:13   차
313 19조(김영관)16 원더풀리젠트        승   08:35     08:49       0:14   차
314 19조(김영관) 3 월드체인지          승   09:27     09:34       0:07   차
315 19조(김영관)19 윙크데이            승   08:35     08:49       0:14   차
316 19조(김영관)41 크레이지콘티        기   08:12     08:24       0:12   금
317 19조(김영관)29 크로너스            승   06:48     07:01       0:13   차
318 19조(김영관)27 태극보이            승   06:00     06:15       0:15   차
319 19조(김영관)23 파이니스트워리어    기   06:44     06:54       0:10   차
320 19조(김영관)24 함안여항산          승   08:59     09:19       0:20   차
321 20조(최기홍) 2 그레이트블루        승   07:35     07:50       0:15   차
322 20조(최기홍) 1 뉴루비              승   07:35     07:51       0:16   차
323 20조(최기홍) 5 뉴스메이커          승   07:00     07:10       0:10   차
324 20조(최기홍) 8 영도갈매기          승   06:28     06:42       0:14   차
325 20조(최기홍)25 영성브라보          승   06:28     06:42       0:14   차
326 20조(최기홍)15 월드플라워          승   07:36     07:49       0:13   금
327 20조(최기홍) 3 위너스맨            승   06:29     06:43       0:14   차
328 20조(최기홍) 6 유로공주            승   07:00     07:10       0:10   차
329 20조(최기홍)23 킹할리              승   07:01     07:09       0:08   차
330 21조(민장기)29 그레이엔젤          승   07:39     08:13       0:34   차
331 21조(민장기) 8 돌아온포경선        승   07:22     07:42       0:20   차
332 21조(민장기)40 말리부별            승   07:22     07:41       0:19   차
333 21조(민장기)13 바람공주            승   06:08     06:25       0:17   금
334 21조(민장기) 4 브이아이피킹        기   07:10     07:21       0:11   금
335 21조(민장기)31 블루치퍼            기   07:09     07:32       0:23   차
336 21조(민장기)22 월드보이            승   06:53     07:15       0:22   차
337 21조(민장기) 5 월드톱              기   07:32     07:54       0:22   금
338 21조(민장기)20 제라게              승   06:06     06:25       0:19   차
339 21조(민장기)35 컬린타임            기   08:01     08:17       0:16   금
340 21조(민장기)39 톱오브톱            기   06:41     07:00       0:19   차
341 21조(민장기)15 파이널프런트        승   06:30     06:48       0:18   차
342 21조(민장기)19 퍼스트모카신        승   06:34     06:55       0:21   차
343 21조(민장기)28 퍼스트찬스          승   06:07     06:21       0:14   금
344 21조(민장기) 3 페르디도로켓        기   06:10     06:22       0:12   금
345 21조(민장기)41 평화시대            승   06:41     07:00       0:19   차
346 21조(민장기)12 프리덤나이트        승   07:13     07:29       0:16   차
347 21조(민장기)24 플랫베이브          승   06:44     07:04       0:20   차
348 21조(민장기)11 해운대선더          기   06:30     06:47       0:17   금
349 21조(민장기)17 해피여걸            기   06:57     07:14       0:17   금
350 22조(강은석)14 뉴럭스              기   07:24     07:38       0:14   금
351 22조(강은석)13 달이뜨니            기   06:02     06:16       0:14   차
352 22조(강은석)12 모닝대로            승   07:56     08:09       0:13   차
353 22조(강은석)34 바람의꿈            승   06:01     06:14       0:13   금
354 22조(강은석)19 백두정기            승   06:45     06:58       0:13   금
355 22조(강은석)44 블루챔프            승   07:07     07:20       0:13   차
356 22조(강은석)16 소머치고            기   09:01     09:17       0:16   금
357 22조(강은석)17 아너퀸              승   07:49     08:03       0:14   차
358 22조(강은석) 2 아이스댄스          승   08:24     08:37       0:13   차
359 22조(강은석)43 엘클라시코          승   06:23     06:35       0:12   차
360 22조(강은석)15 운주세상            조   07:07     07:22       0:15   차
361 22조(강은석)11 워리어클래스        조   09:17     09:34       0:17   차
362 22조(강은석)22 이너프              기   06:44     06:57       0:13   차
363 22조(강은석) 5 이츠마이럭키보이    승   07:55     08:09       0:14   차
364 22조(강은석)40 인투마린            승   06:01     06:14       0:13   금
365 22조(강은석)23 장산바비            기   08:35     08:46       0:11   차
366 22조(강은석)27 천년의구름          기   07:24     07:35       0:11   금
367 22조(강은석) 6 천년의질주          승   06:45     06:58       0:13   금
368 22조(강은석)32 최강드래곤          기   06:24     06:35       0:11   차
369 22조(강은석)31 캐치더스카이        승   09:08     09:21       0:13   차
370 22조(강은석)25 콰트로맥스          기   06:00     06:12       0:12   차
371 22조(강은석)10 파워풀레전드        기   06:20     06:31       0:11   차
372 22조(강은석)30 퍼스트체인저        조   08:00     08:15       0:15   차
373 22조(강은석) 7 한빛영광            승   07:07     07:21       0:14   차
374 24조(김길중)20 대동기상            승   06:31     06:41       0:10   금
375 24조(김길중)10 대망의길            기   06:02     06:21       0:19   금
376 24조(김길중)22 마하로드            승   06:12     06:25       0:13   차
377 24조(김길중)13 불멸의길            기   06:29     06:38       0:09   금
378 24조(김길중)14 솔릭                승   06:07     06:19       0:12   차
379 24조(김길중)24 스타라이트          승   06:38     06:50       0:12   차
380 24조(김길중) 5 승리의길            승   06:07     06:18       0:11   차
381 24조(김길중)19 아나스타시아        승   06:12     06:25       0:13   차
382 24조(김길중)11 퀸아더              승   06:08     06:15       0:07   차
383 24조(김길중)33 투투셀럽            승   06:44     06:55       0:11   차
384 24조(김길중)15 필승이지            승   06:34     06:47       0:13   금
385 24조(김길중)35 한빛태양            승   07:11     07:23       0:12   차
386 24조(김길중) 8 히트잭팟            승   07:04     07:14       0:10   금
387 26조(방동석)27 굿선더              기   08:26     08:35       0:09   금
388 26조(방동석)32 글로벌캔디          승   09:03     09:15       0:12   차
389 26조(방동석) 5 마이퀸              기   06:52     07:06       0:14   금
390 26조(방동석)31 바베어리언          승   08:29     08:42       0:13   금
391 26조(방동석)36 백년시대            기   07:09     07:19       0:10   금
392 26조(방동석)29 영성에이스          승   06:56     07:09       0:13   금
393 26조(방동석) 9 원더러너            승   06:20     06:31       0:11   차
394 26조(방동석)16 원더풀라이언        승   07:37     07:51       0:14   차
395 26조(방동석)19 원더풀윙스          기   07:11     07:21       0:10   금
396 26조(방동석) 6 위너스타임          승   07:15     07:25       0:10   차
397 26조(방동석)26 인디언추장          승   08:38     08:47       0:09   차
398 26조(방동석) 1 자이언트칼          기   08:10     08:18       0:08   금
399 26조(방동석)12 조이풀라이프        보   08:04     08:17       0:13   차
400 26조(방동석) 4 톱오브코리아        승   07:54     08:05       0:11   차
401 26조(방동석)35 하디찰리            승   06:14     06:26       0:12   차
402 26조(방동석) 2 하바나골드          기   07:20     07:31       0:11   금
403 27조(이상영)21 당대거함            승   06:10     06:22       0:12   차
404 27조(이상영) 6 매직스텔스          기   07:59     08:15       0:16   금
405 27조(이상영) 8 변화의시작          기   07:32     07:48       0:16   금
406 27조(이상영)31 부경천사            승   06:17     06:29       0:12   차
407 27조(이상영)30 스나이더            승   07:01     07:12       0:11   차
408 27조(이상영)32 아름다운감동        승   07:32     07:50       0:18   차
409 27조(이상영)11 에코피아            승   08:13     08:32       0:19   차
410 27조(이상영) 2 전설의불꽃          승   06:43     06:59       0:16   차
411 27조(이상영)22 퀸할리              승   07:19     07:38       0:19   금
412 27조(이상영) 9 타임포인트          승   06:50     07:00       0:10   차
413 27조(이상영) 4 탄젠트              승   07:01     07:11       0:10   금
414 27조(이상영)29 테이크인디킹        승   06:34     06:47       0:13   차
415 27조(이상영)27 트래픽마린          승   08:08     08:18       0:10   차
416 27조(이상영)14 퍼펙트제왕          기   06:36     06:51       0:15   금
417 28조(하무선) 5 지평선              승   07:07     07:20       0:13   차
418 28조(하무선) 1 특별조치            승   07:48     07:59       0:11   차
419 29조(문제복)11 감동의순간          승   07:16     07:34       0:18   차
420 29조(문제복)28 돌아온신세대        승   08:04     08:26       0:22   차
421 29조(문제복)10 드래건킹            승   06:43     07:00       0:17   금
422 29조(문제복) 9 모닝캣              보   07:16     07:34       0:18   차
423 29조(문제복)24 산타맨              승   08:04     08:31       0:27   차
424 29조(문제복)27 에이프릴퀸          보   06:42     07:01       0:19   금
425 29조(문제복)17 펑키                보   08:00     08:20       0:20   차
426 29조(문제복)21 하늘대완구          기   08:02     08:13       0:11   금
427 29조(문제복) 1 한혈마              승   07:19     07:36       0:17   금
428 30조(울즐리) 3 골드럭              승   07:48     08:01       0:13   금
429 30조(울즐리)35 더세이버            기   06:00     06:11       0:11   금
430 30조(울즐리)28 로열페넌트          보   08:28     08:38       0:10   차
431 30조(울즐리)34 르콩코드            승   07:13     07:31       0:18   차
432 30조(울즐리)42 마리아스엠버        승   06:34     06:50       0:16   차
433 30조(울즐리)38 메이플클래식        승   06:00     06:15       0:15   차
434 30조(울즐리)11 미스인디            승   07:12     07:40       0:28   차
435 30조(울즐리)26 미스터인디          기   06:00     06:12       0:12   금
436 30조(울즐리)24 바비스패로우        기   06:32     06:52       0:20   차
437 30조(울즐리)43 바운티헌터          승   07:10     07:23       0:13   차
438 30조(울즐리)37 반지의요정          보   07:47     08:04       0:17   차
439 30조(울즐리) 2 반지의전설          기   06:00     06:11       0:11   금
440 30조(울즐리)19 백풍                기   06:28     06:43       0:15   차
441 30조(울즐리)17 별이뜨네            승   07:11     07:23       0:12   금
442 30조(울즐리) 9 비제이스텀스        승   06:00     06:11       0:11   금
443 30조(울즐리) 1 스키터              보   07:12     07:26       0:14   차
444 30조(울즐리)31 스테디위너          승   08:21     08:30       0:09   금
445 30조(울즐리)23 에이스코리아        승   06:33     06:52       0:19   차
446 30조(울즐리)41 에코레이디          보   06:34     06:50       0:16   차
447 30조(울즐리)18 영광의파티          승   06:31     06:48       0:17   차
448 30조(울즐리)40 원더풀레이디        승   07:56     08:07       0:11   금
449 30조(울즐리)36 톱베스트            승   07:45     08:01       0:16   차
450 30조(울즐리)30 톱스톰              보   07:05     07:18       0:13   금
451 30조(울즐리) 5 파샤                승   08:26     08:38       0:12   차
452 30조(울즐리)20 프로칸설            승   08:39     08:49       0:10   차
453 30조(울즐리)12 프리깃버드          기   06:00     06:11       0:11   금
454 30조(울즐리)16 해피위치            보   07:44     07:58       0:14   차
455 30조(울즐리)15 헌치                승   07:59     08:11       0:12   차
456 31조(라이스) 7 가속주니어          승   07:24     07:36       0:12   차
457 31조(라이스)41 검은쏜살            기   07:34     07:45       0:11   차
458 31조(라이스)43 네임드              승   07:58     08:10       0:12   차
459 31조(라이스)33 로열솔저            승   07:50     08:05       0:15   차
460 31조(라이스)18 리얼참              승   06:35     06:52       0:17   금
461 31조(라이스) 8 마이월드            승   07:24     07:36       0:12   금
462 31조(라이스)19 메이저포스          승   06:35     06:53       0:18   금
463 31조(라이스)35 미라쿨룸            기   06:35     06:52       0:17   차
464 31조(라이스)42 빅터바시움          기   06:01     06:11       0:10   차
465 31조(라이스)39 스틸하트            기   06:01     06:11       0:10   금
466 31조(라이스)31 승리글로리          승   06:01     06:12       0:11   차
467 31조(라이스)21 쏜살                승   06:01     06:07       0:06   차
468 31조(라이스)14 와일드인디          승   08:13     08:27       0:14   차
469 31조(라이스) 6 원더블레이드        승   08:44     08:56       0:12   차
470 31조(라이스)13 월드삭스            승   09:00     09:12       0:12   차
471 31조(라이스)27 쿨가이              승   06:35     06:52       0:17   금
472 31조(라이스)15 퀸마블이지          승   08:32     08:44       0:12   차
473 31조(라이스) 1 킹앨리              기   06:01     06:07       0:06   금
474 31조(라이스) 5 투혼의반석          승   07:13     07:24       0:11   금
475 31조(라이스)16 퍼스트스타          기   06:00     06:06       0:06   금
476 31조(라이스)32 히든스타            승   06:01     06:07       0:06   차
477 32조(임동창)20 금반지              기   06:46     06:58       0:12   금
478 32조(임동창)21 기적의적토마        승   06:17     06:30       0:13   금
479 32조(임동창)12 다승이              기   07:42     07:53       0:11   금
480 32조(임동창)24 매직호스            기   06:42     06:55       0:13   금
481 32조(임동창)19 보령환호            기   06:30     06:42       0:12   금
482 32조(임동창) 3 성실사랑            승   06:41     06:55       0:14   차
483 32조(임동창) 5 테스타퀸            승   07:38     07:55       0:17   차
484 33조(권승주)35 갤럽보이            승   07:56     08:10       0:14   차
485 33조(권승주) 9 골든위너            기   06:39     06:57       0:18   금
486 33조(권승주) 6 라온더밀리언        승   08:19     08:33       0:14   차
487 33조(권승주)15 라온더보스          기   06:42     06:51       0:09   금
488 33조(권승주) 1 라온더블루          보   07:39     07:52       0:13   차
489 33조(권승주)32 루사                승   06:54     07:15       0:21   차
490 33조(권승주) 8 마하유니            승   06:56     07:14       0:18   차
491 33조(권승주)20 바이칼인디          승   06:54     07:15       0:21   차
492 33조(권승주) 3 볼라벤              승   06:54     07:14       0:20   차
493 33조(권승주)33 선라이트보이        보   06:26     06:39       0:13   차
494 33조(권승주) 2 성산사이먼          승   08:25     08:44       0:19   차
495 33조(권승주)17 센텀토르            기   06:46     07:00       0:14   금
496 33조(권승주)34 슈퍼갤러리          기   07:36     07:54       0:18   금
497 33조(권승주)31 스톰브라운          보   07:12     07:24       0:12   금
498 33조(권승주)26 아침빛              승   06:28     06:43       0:15   차
499 33조(권승주)19 어메이징풋          승   07:31     07:42       0:11   차
500 33조(권승주)18 에이스의환희        승   07:28     07:41       0:13   금
501 33조(권승주)38 청호리더            보   08:12     08:24       0:12   차
502 33조(권승주)27 케이케이원          기   07:38     07:55       0:17   금
503 33조(권승주)21 터프그린            승   07:27     07:38       0:11   금
504 33조(권승주) 4 트리플질주          기   07:02     07:18       0:16   금
505 33조(권승주)30 파워게이트          승   06:22     06:35       0:13   금
506 33조(권승주)40 함안서북산          기   07:12     07:24       0:12   금
507 33조(권승주) 7 해변의뮤직          승   07:56     08:14       0:18   차
508 33조(권승주)22 행복코리아          승   06:19     06:36       0:17   금
509 33조(권승주)28 화이트갤로퍼        기   06:25     06:36       0:11   금
━━━━━━━━━━━━━━━━━━━━━━━━━━━━━━━━━━━━━━━
                                                      출력일자 : 2021. 4.21

