출전마진료및장구사용

경주일: 2021.08.20   1 경주
─────────────────────────────────────────────────────────  
 No  마명                보조장구               폐출혈            진료사항                  
─────────────────────────────────────────────────────────  
  1  킹골리앗             계란형큰고리재갈                  2021.08.04운동기인성 피로회복(수액처치)
                          귀가면(예시&출장                  2021.07.23우전지교돌상        
  2  드로모스                                               2021.07.25운동기인성 피로회복 
                                                            2021.06.20귀진드기감염증      
  3  캐러비언데이         혀보정끈                          2021.07.20양제3중수골골막염   
                          계란형큰고리재갈                  2021.07.16운동기인성 피로회복(수액처치)
  4  스피드선샤인         눈가면                            2021.08.02좌전지교돌상        
                          계란형큰고리재갈                  2021.06.25양전지 근육통,정치  
  5  오백장군             망사가면                          2021.07.13우각막찰과상        
                          반가지큰고리재갈                  2021.06.27양전지 근육통       
  6  필그림               계란형큰고리재갈                  2021.07.31좌각막찰과상        
                          귀가면(예시&출장                                                
  7  여수토네이도         망사가면                          2021.08.09좌각막찰과상        
                          Triabit러깅재갈                                                 
  8  비케이하나           Triabit러깅재갈                   2021.07.30좌각막찰과상        
                          망사가면                          2021.07.11요배통              
  9  와일드아델           계란형큰고리재갈                  2021.08.16운동기인성 피로회복(수액처치)
                          망사가면                          2021.07.13사지 부종           
 10  함안서북산           망사눈가면                        2021.07.16우슬부찰과상        
                          반가지큰고리재갈                  2021.05.24인푸렌자예방접종,일본뇌염예방접종
 11  글로리송             계란형큰고리재갈                                                
                                                                                          
 12  전설의파티           망사가면                          2021.08.02좌각막찰과상        
                          반가지큰고리재갈                  2021.07.20우각막찰과상        

경주일: 2021.08.20   2 경주
─────────────────────────────────────────────────────────  
 No  마명                보조장구               폐출혈            진료사항                  
─────────────────────────────────────────────────────────  
  1  퍼스트윈드           눈가리개                          2021.08.16운동기인성 피로회복(수액처치)
                          BlueBond편자                      2021.08.01우전지교돌상        
  2  솔인빅투스           계란형큰고리재갈                  2021.07.29우중수부찰과상      
                                                            2021.07.24좌후지교돌상        
  3  치프오피서           반가지큰고리재갈                  2021.07.26양각막찰과상        
                                                            2021.06.29좌각막찰과상        
  4  운주세상             계란형큰고리재갈                  2021.08.18운동기인성 피로회복(수액처치)
                          망사가면                          2021.08.03양후지 근육통       
  5  나이스월드           망사가면                          2021.08.06운동기인성 피로회복(수액처치)
                          계란형큰고리재갈                  2021.05.24인푸렌자예방접종,일본뇌염예방접종
  6  블루오크             망사가면                          2021.07.25좌각막찰과상        
                          반가지큰고리재갈                  2021.07.22운동기인성 피로회복(수액처치)
  7  담양돌풍             반가지큰고리재갈                  2021.05.30인푸렌자예방접종,일본뇌염예방접종
                          망사눈가면                                                      
  8  샤이닝힐             JR러깅재갈                        2021.07.24좌각막찰과상        
                          망사눈가면                        2021.07.21운동기인성 피로회복(수액처치)
  9  신진강호             망사눈가면                        2021.07.27우각막찰과상        
                          반가지큰고리재갈                  2021.06.28좌각막찰과상        
 10  꽃무리               망사가면                          2021.07.24좌전지교돌상        
                          반가지큰고리재갈                  2021.05.26사지 부종           
 11  원더풀월드           귀가면(예시&출장                  2021.07.11좌각막찰과상        
                          망사가면                          2021.07.07운동기인성 피로회복(수액처치)
 12  머니백               반가지큰고리재갈                  2021.08.08운동기인성 피로회복 
                                                            2021.06.09좌전지파행          

경주일: 2021.08.20   3 경주
─────────────────────────────────────────────────────────  
 No  마명                보조장구               폐출혈            진료사항                  
─────────────────────────────────────────────────────────  
  1  상승대한             망사눈가면                        2021.07.12우각막찰과상        
                          계란형큰고리재갈                  2021.06.08좌각막찰과상        
  2  한빛영광             JR러깅재갈                        2021.08.18운동기인성 피로회복(수액처치)
                          망사눈가면                        2021.08.10양후지 근육통       
  3  치트키               망사눈가면                        2021.08.02우후지교돌상        
                          계란형큰고리재갈                  2021.07.10양각막염            
  4  선라이트보이         망사가면                          2021.08.01좌각막찰과상        
                          Triabit러깅재갈                   2021.07.09우각막찰과상        
  5  골드파운틴           계란형큰고리재갈                  2021.08.09운동기인성 피로회복(수액처치)
                          망사눈가면                        2021.08.03우전지교돌상,운동기인성 피로회복(수액처치)
  6  비케이룩스           망사가면                          2021.07.26좌각막찰과상        
                          반가지큰고리재갈                  2021.07.22운동기인성 피로회복(수액처치)
  7  부카티니             계란형큰고리재갈                  2021.08.09운동기인성 피로회복(수액처치)
                          망사눈가면                        2021.07.17좌중수부 찰과상     
  8  바벨드리머           BlueBond편자(오                   2021.07.19좌각막찰과상        
                          망사눈가면                        2021.06.09운동기인성 피로회복 
  9  킹스랜딩             계란형큰고리재갈                  2021.08.03좌전지교돌상        
                          망사눈가면                        2021.07.30운동기인성 피로회복(수액처치)
 10  대왕봉               반가지큰고리재갈   2019.06.16 1회 2021.05.30좌비절부찰과상      
                                                            2021.05.30인푸렌자예방접종,일본뇌염예방접종
 11  그랜드여왕           눈가리개                          2021.07.20좌각막찰과상        
                          망사눈가면                        2021.06.14우각막찰과상        
 12  짜잔                                                   2021.07.12운동기인성 피로회복 
                                                            2021.06.19귀진드기감염증      

경주일: 2021.08.20   4 경주
─────────────────────────────────────────────────────────  
 No  마명                보조장구               폐출혈            진료사항                  
─────────────────────────────────────────────────────────  
  1  미녀봉               귀가면(예시&출장                  2021.08.03양각막찰과상        
                          망사가면                          2021.07.25운동기인성 피로회복(수액처치)
  2  파이널파티           귀가면(예시&출장                  2021.08.02우각막찰과상        
                          Triabit러깅재갈                   2021.07.24좌각막찰과상        
  3  위닝어게인           계란형큰고리재갈                  2021.07.10좌각막찰과상        
                          망사가면                          2021.06.11양전지 근육통       
  4  유로신화             계란형큰고리재갈                  2021.08.03우각막찰과상        
                          망사가면                          2021.05.23인푸렌자예방접종,일본뇌염예방접종
  5  에이스데이           망사가면                          2021.07.28진정(장제)          
                                                            2021.07.14요배통              
  6  닥터패션             혀보정끈                          2021.08.16운동기인성 피로회복(수액처치)
                          망사가면                          2021.07.31좌중수부 찰과상     
  7  시선강탈             계란형큰고리재갈                  2021.07.18좌전구절 퇴행성관절염,좌중수부계인대염
                                                            2021.07.12운동기인성 피로회복(수액처치)
  8  톱에이스             JR러깅재갈                        2021.08.02좌각막찰과상        
                          눈가면                            2021.07.03우각막찰과상        
  9  라온더파워           망사눈가면                        2021.08.09좌각막찰과상        
                          Triabit러깅재갈                   2021.07.21우각막찰과상        
 10  비욘드               망사가면                          2021.07.30양전지파행          
                          계란형큰고리재갈                  2021.05.28인푸렌자예방접종,일본뇌염예방접종
 11  세컨드윈드           계란형큰고리재갈                  2021.08.01좌각막찰과상        
                          망사눈가면                        2021.07.02우각막찰과상        
 12  버닝플라이           망사가면                          2021.07.31진정(장제)          
                                                            2021.07.14양각막찰과상        

경주일: 2021.08.20   5 경주
─────────────────────────────────────────────────────────  
 No  마명                보조장구               폐출혈            진료사항                  
─────────────────────────────────────────────────────────  
  1  승리글로리           꼬리받침                          2021.07.11양제3중수골골막염   
                          망사가면                          2021.07.09좌각막찰과상        
  2  쾌한황금             계란형큰고리재갈                  2021.07.24양전지 근육통       
                          귀가면(예시&출장                  2021.07.11운동기인성 피로회복(수액처치)
  3  영광의러너           귀가면(예시&출장                  2021.08.05정치                
                          망사가면                          2021.08.01좌각막찰과상        
  4  영원파워             귀가면(예시&출장                  2021.08.16운동기인성 피로회복(수액처치)
                          계란형큰고리재갈                  2021.08.01우전지교돌상        
  5  성산히어로           계란형큰고리재갈                  2021.06.28좌전지교돌상        
                                                            2021.06.16정치                
  6  에이스잭팟           반가지큰고리재갈                  2021.07.10우전지교돌상        
                          망사가면                          2021.06.20좌후지교돌상        
  7  불멸의길             Triabit러깅재갈                   2021.07.16좌주두점액낭염(좌주종)
                          BlueBond편자                      2021.07.14좌주두점액낭염(좌주종),양전구절염
  8  장산프라이드         계란형큰고리재갈                  2021.08.10우각막찰과상        
                                                            2021.07.25양각막찰과상        
  9  라온더캡틴           Triabit러깅재갈                   2021.08.09좌각막찰과상        
                          귀가면(예시&출장                  2021.08.01우각막찰과상        
 10  크리스털싱킹         망사눈가면                        2021.07.11요배통              
                                                            2021.07.09우각막찰과상        
 11  금아굿포인트         귀가면(예시&출장                  2021.08.09우각막찰과상        
                          망사가면                          2021.07.24좌각막찰과상        
 12  팀스카이             Triabit러깅재갈                   2021.07.23좌각막찰과상        
                          망사가면                          2021.07.02운동기인성 피로회복(수액처치)

경주일: 2021.08.20   6 경주
─────────────────────────────────────────────────────────  
 No  마명                보조장구               폐출혈            진료사항                  
─────────────────────────────────────────────────────────  
  1  트루킹               계란형큰고리재갈                  2021.07.28좌후지교돌상        
                                                            2021.07.04좌각막찰과상        
  2  바벨히트             망사눈가면                        2021.08.03좌각막찰과상        
                          계란형큰고리재갈                                                
  3  래피드게임           BlueBond편자                      2021.08.10좌각막찰과상        
                          망사가면                          2021.07.21양전내측근위종자골염
  4  폭풍언덕             반가지큰고리재갈                  2021.07.31요배통              
                          귀가면(예시&출장                  2021.07.13우완슬부찰과상      
  5  파워트레인           망사가면                          2021.07.19좌후지교돌상        
                          반가지큰고리재갈                  2021.06.27양후지 근육통       
  6  미스터밸러           망사눈가면                        2021.07.02정치                
                          JR러깅재갈                        2021.06.26우전지교돌상        
  7  판타스틱맨           계란형큰고리재갈                  2021.08.09운동기인성 피로회복 
                          망사가면                          2021.07.23정치                
  8  바람의약속           망사가면                          2021.08.08요배통              
                          계란형큰고리재갈                  2021.07.19좌각막찰과상        
  9  프리덤나이트         계란형큰고리재갈                  2021.08.13정치                
                                                            2021.07.22우중수부 좌창       
 10  금아스토밍           망사눈가면                        2021.08.01운동기인성 피로회복(수액처치)
                          계란형큰고리재갈                  2021.07.31우전지교돌상        
 11  영원자메이카         계란형큰고리재갈                  2021.08.16운동기인성 피로회복(수액처치)
                          망사가면                          2021.05.24인푸렌자예방접종,일본뇌염예방접종
 12  파워윈디             망사눈가면                        2021.08.03우각막찰과상        
                          계란형큰고리재갈                  2021.08.01좌각막찰과상        

경주일: 2021.08.22   1 경주
─────────────────────────────────────────────────────────  
 No  마명                보조장구               폐출혈            진료사항                  
─────────────────────────────────────────────────────────  
  1  해운대블루           Triabit러깅재갈                   2021.08.11운동기인성 피로회복(수액처치)
                          망사가면                          2021.08.06정치,발치           
  2  마이데스티니         망사가면                          2021.07.10운동기인성 피로회복 
                                                            2021.07.09좌후 구절부 찰과상  
  3  세이브어스           귀가면(예시&출장                  2021.07.27좌전지교돌상        
                          망사가면                          2021.07.23운동기인성 피로회복(수액처치)
  4  으뜸칼               귀가면(예시&출장                  2021.07.24좌각막찰과상        
                          망사눈가면                                                      
  5  천하넘버원           계란형큰고리재갈                  2021.07.27좌후구절염좌        
                          망사눈가면                        2021.07.20양각막찰과상        
  6  무지개빛             망사가면                          2021.07.31좌각막찰과상        
                          반가지큰고리재갈                  2021.06.20좌전지파행          
  7  갤럽보이             Triabit러깅재갈                   2021.08.02좌각막찰과상        
                          망사가면                          2021.05.30인푸렌자예방접종,일본뇌염예방접종
  8  애니라인             귀가면(예시&출장                  2021.08.10우전지파행          
                          망사눈가면                        2021.07.20좌전지교돌상        
  9  트리플질주           구각자극판                        2021.06.28좌각막찰과상        
                          귀가면(예시&출장                                                
 10  함안성산             눈가면                            2021.07.23우후 구절부 찰과상  
                          계란형큰고리재갈                  2021.07.14정치                
 11  에이원스             망사눈가면                                                      
                          반가지큰고리재갈                                                
 12  골드오브하트         혀보정끈                          2021.07.11우각막찰과상        
                          계란형큰고리재갈                  2021.05.29좌각막찰과상        

경주일: 2021.08.22   2 경주
─────────────────────────────────────────────────────────  
 No  마명                보조장구               폐출혈            진료사항                  
─────────────────────────────────────────────────────────  
  1  런앤드건             망사눈가면                        2021.07.26좌각막찰과상        
                                                            2021.06.28좌후 구절부 찰과상  
  2  마하로드             망사가면           2021.05.02 1회 2021.08.09양전지 근육통       
                          계란형큰고리재갈                  2021.07.31물리치료(쇽웨이브)  
  3  함안방어산           망사가면                          2021.08.12피부염              
                                                            2021.07.25우각막찰과상        
  4  아이언걸             망사가면                          2021.08.02일,열사병           
                          반가지큰고리재갈                  2021.07.18양제3중수골골막염   
  5  달이뜨니             양털코굴레                        2021.08.10양후지 근육통       
                          귀가면(예시&출장                  2021.07.26우전지교돌상        
  6  버닝건               망사눈가면                        2021.07.28우전지교돌상        
                                                            2021.07.23운동기인성 피로회복(수액처치)
  7  파워울프             계란형큰고리재갈                  2021.05.28인푸렌자예방접종,일본뇌염예방접종
                                                                                          
  8  청마황후             망사눈가면         2020.12.20 1회 2021.08.12양후지 근육통       
                          계란형큰고리재갈                  2021.07.31좌전지교돌상        
  9  바람공주             망사가면                          2021.08.01좌각막찰과상        
                          혀보정끈                          2021.07.25운동기인성 피로회복(수액처치)
 10  오메가걸             망사눈가면                                                      
                          반가지큰고리재갈                                                
 11  스트레이트란         Triabit러깅재갈                   2021.08.09우각막찰과상        
                          망사가면                                                        
 12  승리의불길           반가지큰고리재갈                  2021.08.03좌각막찰과상        
                          망사가면                          2021.07.30운동기인성 피로회복(수액처치)

경주일: 2021.08.22   3 경주
─────────────────────────────────────────────────────────  
 No  마명                보조장구               폐출혈            진료사항                  
─────────────────────────────────────────────────────────  
  1  인피니티파워         귀가면(예시&출장                  2021.08.12우후제관부 찰과상   
                          계란형큰고리재갈                  2021.08.10양후지 근육통       
  2  동반의시작           귀가면(예시&출장                  2021.07.05좌전지교돌상        
                          계란형큰고리재갈                  2021.06.18우각막찰과상        
  3  그레이트고           귀가면(예시&출장                  2021.08.02좌각막찰과상        
                          BlueBond편자                      2021.07.29운동기인성 피로회복(수액처치)
  4  퍼스트스타           계란형큰고리재갈                  2021.07.27우전지파행          
                          망사가면                          2021.07.25양각막찰과상        
  5  탐라황후             망사가면           2021.06.13 1회 2021.08.01우후지교돌상        
                          계란형큰고리재갈                  2021.07.22우전지교돌상        
  6  에코굿               망사가면                          2021.08.08운동기인성 피로회복(수액처치)
                          계란형큰고리재갈                                                
  7  퀸브론스키           망사눈가면                        2021.07.28좌각막찰과상        
                          반가지큰고리재갈                  2021.06.10우각막찰과상        
  8  스타레이크           망사눈가면                        2021.08.03산통                
                          Triabit러깅재갈                   2021.07.23우각막찰과상        
  9  윈드파크             혀보정끈                          2021.08.09좌각막찰과상        
                          귀가면(예시&출장                  2021.06.29좌중족부찰과상      
 10  굿탱크               귀가면(예시&출장                  2021.08.02양완관절염          
                          계란형큰고리재갈                  2021.07.28마체검사            
 11  마크에이스           망사가면                          2021.07.29운동기인성 피로회복(수액처치)
                          반가지큰고리재갈                  2021.06.28우전지교돌상        

경주일: 2021.08.22   4 경주
─────────────────────────────────────────────────────────  
 No  마명                보조장구               폐출혈            진료사항                  
─────────────────────────────────────────────────────────  
  1  엔젤윈드             계란형큰고리재갈                  2021.08.16정치                
                          귀가면(예시&출장                  2021.08.14운동기인성 피로회복(수액처치)
  2  히트더로드           Triabit러깅재갈                   2021.08.05좌각막찰과상        
                          망사눈가면                        2021.07.24요배통              
  3  디러블리퀸           계란형큰고리재갈                  2021.07.21물리치료(쇽웨이브)  
                          망사가면                          2021.07.19우각막찰과상        
  4  비제이송             망사가면                          2021.07.11좌각막찰과상        
                                                            2021.06.20우전지파행          
  5  골든                 계란형큰고리재갈                  2021.08.05운동기인성 피로회복(수액처치)
                          망사가면                          2021.07.25우각막찰과상        
  6  이글스타             반가지큰고리재갈                  2021.07.27좌전지교돌상        
                          망사눈가면                        2021.07.07발치                
  7  원더풀킹             혀보정끈                          2021.08.10우전지 근육통       
                          반가지큰고리재갈                  2021.08.06좌후 구절부 찰과상  
  8  프리깃버드           망사눈가면                        2021.07.16좌후지교돌상        
                          계란형큰고리재갈                  2021.07.03정치                
  9  비케이허니           반가지큰고리재갈                  2021.07.10우전지교돌상        
                          망사가면                          2021.07.04정치                
 10  해피매직             눈가면                            2021.08.03좌각막찰과상        
                          Triabit러깅재갈                   2021.07.30운동기인성 피로회복(수액처치)
 11  해피요정             계란형큰고리재갈   2021.02.05 1회 2021.08.06정치                
                          망사가면                          2021.08.03우각막찰과상        
 12  미라클선             혀보정끈                          2021.07.27좌후지교돌상        
                          계란형큰고리재갈                  2021.07.23운동기인성 피로회복(수액처치)

경주일: 2021.08.22   5 경주
─────────────────────────────────────────────────────────  
 No  마명                보조장구               폐출혈            진료사항                  
─────────────────────────────────────────────────────────  
  1  펑키                 망사눈가면                        2021.07.12우각막찰과상        
                          반가지큰고리재갈                  2021.05.27인푸렌자예방접종,일본뇌염예방접종
  2  여왕의미소           망사가면                          2021.07.24우전지교돌상        
                          반가지큰고리재갈                  2021.07.21운동기인성 피로회복(수액처치)
  3  클린샷               귀가면(예시&출장                  2021.08.10양후지 근육통       
                          계란형큰고리재갈                  2021.08.09물리치료(쇽웨이브)  
  4  스나이더             망사눈가면                        2021.08.04양전지교돌상        
                          계란형큰고리재갈                  2021.07.24양각막염            
  5  무패찰리             BlueBond편자       2019.01.04 1회 2021.08.11좌각막찰과상        
                                                            2021.08.01양후지 근육통       
  6  콰트로맥스           망사눈가면                        2021.08.16운동기인성 피로회복(수액처치)
                          귀가면(예시&출장                  2021.08.10양후지 근육통       
  7  투혼의반석           눈가면                            2021.07.16좌각막찰과상        
                                                            2021.06.30진정(보정)          
  8  아람나래             계란형큰고리재갈                  2021.08.01좌각막찰과상        
                                                            2021.07.29운동기인성 피로회복(수액처치)
  9  모노폴리             반가지큰고리재갈                  2021.08.10양각막찰과상        
                          BlueBond편자                      2021.07.23요배통              
 10  영봉산                                                 2021.08.02좌각막찰과상        
                                                            2021.07.11우각막찰과상        
 11  라온더보스           귀가면(예시&출장                  2021.08.09우각막찰과상        
                          Triabit러깅재갈                   2021.08.04좌각막찰과상        
 12  하디찰리             반가지큰고리재갈                  2021.07.21정치                
                                                            2021.07.12운동기인성 피로회복 

경주일: 2021.08.22   6 경주
─────────────────────────────────────────────────────────  
 No  마명                보조장구               폐출혈            진료사항                  
─────────────────────────────────────────────────────────  
  1  다이아몬드마린       계란형큰고리재갈                  2021.07.28좌후 구절부 찰과상  
                                                            2021.07.19우전지교돌상        
  2  예스퍼펙트           망사눈가면                        2021.08.07좌각막찰과상        
                          반가지큰고리재갈                  2021.06.11양후지 근육통       
  3  장산도끼             망사가면                          2021.08.16운동기인성 피로회복(수액처치)
                          계란형큰고리재갈                  2021.08.10좌각막찰과상        
  4  톱스카이             망사가면                          2021.08.05운동기인성 피로회복(수액처치)
                          계란형큰고리재갈                                                
  5  석세스파티           계란형큰고리재갈                  2021.07.27우전구절염          
                          망사가면                          2021.07.24좌각막찰과상        
  6  영광의파티           망사눈가면                        2021.08.03우후지교돌상        
                          계란형큰고리재갈                  2021.07.29운동기인성 피로회복(수액처치)
  7  경주의두레박         망사가면                          2021.08.01좌후지교돌상        
                          반가지큰고리재갈                  2021.07.29운동기인성 피로회복(수액처치)
  8  바베어리언           계란형큰고리재갈                  2021.08.09운동기인성 피로회복 
                          망사가면                          2021.07.16운동기인성 피로회복(수액처치)
  9  월드톱               계란형큰고리재갈                  2021.07.20좌각막찰과상        
                          귀가면(예시&출장                  2021.07.15운동기인성 피로회복(수액처치)
 10  리턴오브섭서디       귀가면(예시&출장                  2021.08.16운동기인성 피로회복(수액처치)
                          망사가면                          2021.08.10양후지 근육통       
 11  금아미스틱           망사가면                          2021.08.12좌각막찰과상        
                          Triabit러깅재갈                   2021.08.12호흡기질환기타      
 12  영천질주             계란형큰고리재갈                  2021.08.16운동기인성 피로회복(수액처치)
                          혀보정끈                          2021.08.08좌각막찰과상        

