

제목 : 21.11.13(토) 조교현황

  ※기승자범례(조:조교사, 보:조교보, 기:기수, 후:기수후보생, 승:조교승인)
  ※비고(금:금주출전예정마, 차:차주출전예정마, 특:특대상경주출전예정마)
  ※금주, 차주 또는 특별 대상경주 출전예상마는 출전신청 결과 및
  조교사의 의사에 따라 변동될 수 있는 미확정된 자료이오니 참고하시기 바랍니다.
━━━━━━━━━━━━━━━━━━━━━━━━━━━━━━━━━━━━━━━
  순 소속조 - 조번 마명              기승자 입장시각  퇴장시각  조교시간 비고
━━━━━━━━━━━━━━━━━━━━━━━━━━━━━━━━━━━━━━━
  1  1조(박종곤)22 라온더골드          기   06:52     07:05       0:13   차
  2  1조(박종곤) 6 라온더제트          승   07:04     07:19       0:15   차
  3  1조(박종곤)10 라온더축제          승   07:37     07:51       0:14   차
  4  1조(박종곤)27 라온더파이터        승   07:37     07:52       0:15   특
  5  1조(박종곤)32 라온스페셜          승   07:04     07:19       0:15   차
  6  1조(박종곤)30 라온패션            승   08:08     08:23       0:15   차
  7  1조(박종곤)35 라온핑크            기   06:36     06:50       0:14   특
  8  1조(박종곤)28 만석지기            승   08:00     08:23       0:23   차
  9  1조(박종곤)14 문학보스            승   06:48     07:05       0:17   차
 10  1조(박종곤) 7 문학카이로          승   08:12     08:28       0:16   차
 11  1조(박종곤)11 문학파로아          승   07:37     07:52       0:15   차
 12  1조(박종곤)13 블랙펀치            승   08:12     08:26       0:14   차
 13  1조(박종곤)17 어메이징나우        승   06:44     06:53       0:09   차
 14  1조(박종곤)33 플래시선더          기   06:44     06:53       0:09   차
 15  2조(손영표) 3 다모아트리플        기   06:29     06:40       0:11   차
 16  2조(손영표)32 러브아치            승   08:37     08:59       0:22   차
 17  2조(손영표)10 럭셔리돌풍          기   06:14     06:24       0:10   차
 18  2조(손영표) 1 럭셔리캡틴          승   07:35     07:46       0:11   차
 19  2조(손영표)12 로스트워            기   06:11     06:23       0:12   차
 20  2조(손영표)16 불의여왕            승   07:46     08:01       0:15   차
 21  2조(손영표)20 사랑다모아          승   06:31     06:49       0:18   차
 22  2조(손영표)11 엑톤질주            승   07:24     07:40       0:16   차
 23  2조(손영표)13 엠제이퀸            승   06:11     06:22       0:11   차
 24  2조(손영표)31 오섬스프링스        기   06:10     06:18       0:08   차
 25  2조(손영표) 4 제이에스파워        승   08:20     08:34       0:14   차
 26  2조(손영표)26 퍼펙트타임          승   08:08     08:26       0:18   차
 27  2조(손영표)22 피어나다            승   08:37     08:54       0:17   차
 28  2조(손영표) 5 피엔에스골드        기   07:12     07:24       0:12   차
 29  3조(최영주) 1 골드윙              승   08:32     08:41       0:09   차
 30  3조(최영주)25 뉴청파              승   07:38     07:50       0:12   차
 31  3조(최영주)10 러너몬스터          기   06:31     06:43       0:12   차
 32  3조(최영주)14 록라인              승   06:13     06:22       0:09   금
 33  3조(최영주)11 매직선데이          승   07:34     07:46       0:12   차
 34  3조(최영주) 9 매직신화            승   07:52     08:12       0:20   차
 35  3조(최영주) 3 슈발도리앙          승   06:53     07:03       0:10   차
 36  3조(최영주)18 함평나비            승   07:34     07:48       0:14   차
 37  3조(최영주) 8 함평여왕            승   06:51     07:05       0:14   차
 38  4조(박윤규)19 걸작맨              승   07:16     07:26       0:10   차
 39  4조(박윤규) 2 광양으뜸            승   06:18     06:30       0:12   차
 40  4조(박윤규)16 굿니센              승   07:57     08:19       0:22   차
 41  4조(박윤규)21 굿승리              승   08:04     08:28       0:24   차
 42  4조(박윤규)33 리틀보이플래시      기   06:25     06:34       0:09   차
 43  4조(박윤규)31 멋진왕자            승   07:57     08:19       0:22   차
 44  4조(박윤규)17 바로퀸              승   07:29     07:39       0:10   차
 45  4조(박윤규) 6 성실머니            승   07:12     07:28       0:16   차
 46  4조(박윤규) 7 팔팔빅토리          승   06:46     07:00       0:14   차
 47  4조(박윤규)29 해피먼스            승   06:18     06:30       0:12   차
 48  5조(우창구) 9 러블리케이          보   07:23     07:34       0:11   차
 49  5조(우창구)16 몬스터케이          승   07:06     07:21       0:15   차
 50  5조(우창구)17 빅스고              보   08:23     08:39       0:16   차
 51  5조(우창구)11 사이먼퀸            보   07:57     08:07       0:10   차
 52  5조(우창구)21 스피드블랙          보   07:03     07:21       0:18   차
 53  5조(우창구)27 알렉산더원          보   06:52     07:03       0:11   차
 54  5조(우창구) 4 우뚝                승   08:23     08:40       0:17   차
 55  5조(우창구)20 원더케이            보   08:52     09:05       0:13   차
 56  5조(우창구) 8 위너카이            보   06:17     06:38       0:21   차
 57  5조(우창구)33 이글스그리프터      승   07:35     07:50       0:15   차
 58  5조(우창구) 7 코브라볼            보   07:06     07:22       0:16   차
 59  6조(홍대유) 9 그린질주            승   07:55     08:08       0:13   차
 60  6조(홍대유)26 그린짱              보   07:31     07:43       0:12   차
 61  6조(홍대유)28 그린폭주            보   07:43     07:55       0:12   차
 62  6조(홍대유)18 루비콘              승   07:15     07:28       0:13   차
 63  6조(홍대유)20 문학다이얼          승   07:51     08:00       0:09   차
 64  6조(홍대유)15 문학문              승   07:15     07:28       0:13   차
 65  6조(홍대유)30 문학서브            승   06:15     06:29       0:14   차
 66  6조(홍대유)35 배다리캔디          승   06:48     07:02       0:14   차
 67  6조(홍대유)33 새내스퍼트          승   08:25     08:45       0:20   차
 68  6조(홍대유)10 새내윈              승   06:14     06:28       0:14   차
 69  6조(홍대유) 4 새내파워풀          승   07:22     07:36       0:14   차
 70  6조(홍대유)13 선더챔프            보   08:00     08:15       0:15   차
 71  6조(홍대유)23 섬싱익스펙트        승   06:59     07:07       0:08   차
 72  6조(홍대유)36 안양호랑이          기   06:42     06:52       0:10   차
 73  6조(홍대유)14 연희사랑            승   08:50     09:04       0:14   차
 74  6조(홍대유) 7 이겨주마            승   06:45     06:56       0:11   차
 75  6조(홍대유)17 정문사이            보   06:19     06:38       0:19   특
 76  6조(홍대유)25 정문서미트          보   06:58     07:17       0:19   특
 77  6조(홍대유)40 정문지존            보   06:45     06:56       0:11   차
 78  6조(홍대유) 3 챈슬러              승   08:21     08:40       0:19   차
 79  7조(구자흥)26 그린다르크          기   07:53     08:06       0:13   차
 80  7조(구자흥) 8 다나은로즈          승   07:29     07:45       0:16   차
 81  7조(구자흥)22 대산특급            승   07:08     07:21       0:13   차
 82  7조(구자흥) 4 로드위너            기   06:34     06:51       0:17   차
 83  7조(구자흥)25 매직모카신          승   08:33     08:48       0:15   차
 84  7조(구자흥)15 사려니퀸            기   07:13     07:24       0:11   차
 85  7조(구자흥)14 스프링워터          승   08:33     08:51       0:18   차
 86  7조(구자흥) 1 안양사자            승   08:33     08:48       0:15   차
 87  8조(최용구) 4 발베니              승   06:18     06:30       0:12   차
 88  8조(최용구)14 비크레이지          기   07:16     07:34       0:18   금
 89  8조(최용구) 2 송암레전드          승   06:16     06:30       0:14   차
 90  8조(최용구) 3 스위트캠프          승   06:45     06:58       0:13   차
 91  8조(최용구)20 어나더초이스        승   06:10     06:22       0:12   차
 92  8조(최용구)12 예술이야            승   08:07     08:18       0:11   차
 93  8조(최용구)19 오해피              승   07:19     07:33       0:14   차
 94  8조(최용구) 1 와일드우즈          승   08:26     08:36       0:10   차
 95  8조(최용구)10 유니콘알파          승   07:51     08:07       0:16   차
 96  8조(최용구)23 은혜                승   06:45     06:57       0:12   차
 97  8조(최용구)30 은혜가문            승   07:19     07:33       0:14   차
 98  8조(최용구)24 은혜글로리          승   06:16     06:30       0:14   차
 99  8조(최용구)28 은혜레코드          승   06:16     06:30       0:14   차
100  8조(최용구)32 하바나찰리          승   08:02     08:15       0:13   특
101  8조(최용구)13 해가빛              승   07:19     07:33       0:14   차
102  8조(최용구) 5 회두령              승   06:14     06:36       0:22   차
103  9조(강성오)15 가온매직            승   07:22     07:41       0:19   차
104  9조(강성오) 5 강서돌풍            승   07:22     07:39       0:17   차
105  9조(강성오)24 나의나라            승   08:41     08:54       0:13   차
106  9조(강성오)17 남산무적            승   08:51     09:00       0:09   차
107  9조(강성오)25 대지의여걸          승   06:51     07:03       0:12   차
108  9조(강성오)14 돈마                승   07:22     07:39       0:17   차
109  9조(강성오)22 런투골              승   06:13     06:27       0:14   차
110  9조(강성오)11 레드마운틴          승   08:12     08:24       0:12   차
111  9조(강성오)19 브라운참            승   06:14     06:29       0:15   차
112  9조(강성오) 4 블랙루키            승   08:05     08:13       0:08   차
113  9조(강성오) 9 최강돌풍            승   06:44     07:04       0:20   차
114  9조(강성오)26 최고블랙            승   08:26     08:51       0:25   차
115  9조(강성오)23 최고포인트          승   08:26     08:45       0:19   차
116  9조(강성오)39 퀴클리런            승   08:06     08:19       0:13   차
117  9조(강성오) 1 킹칼레              승   08:59     09:11       0:12   차
118  9조(강성오)10 터치나인            기   08:26     08:40       0:14   차
119  9조(강성오)33 텐배거              승   07:22     07:40       0:18   차
120  9조(강성오) 6 퍼미션투윈          승   06:44     07:09       0:25   차
121  9조(강성오)40 플라잉골드          승   06:14     06:29       0:15   차
122 10조(정호익) 4 골든선더            기   06:46     06:54       0:08   차
123 10조(정호익)14 글로벌캡틴          승   06:11     06:22       0:11   특
124 10조(정호익)23 두손장군            승   06:24     06:33       0:09   차
125 10조(정호익) 9 레전드데이          승   07:40     07:53       0:13   차
126 10조(정호익)27 레전드스톰          승   06:33     06:46       0:13   차
127 10조(정호익)33 문학앙코르          승   06:11     06:22       0:11   차
128 10조(정호익)20 문학엠파이어        기   06:10     06:22       0:12   차
129 10조(정호익)10 문학치프            승   08:21     08:34       0:13   차
130 10조(정호익)13 원평코드            승   08:07     08:22       0:15   차
131 10조(정호익)29 이스트질주          기   06:29     06:39       0:10   차
132 10조(정호익)15 작두콩              승   08:07     08:20       0:13   차
133 10조(정호익) 5 천해강자            승   07:41     07:53       0:12   차
134 10조(정호익)11 터프맨              승   07:04     07:16       0:12   차
135 10조(정호익) 8 트리플런            기   06:16     06:26       0:10   차
136 10조(정호익) 3 하이하이            승   07:28     07:42       0:14   차
137 10조(정호익)40 화이트코멧          기   08:03     08:16       0:13   금
138 10조(정호익)24 흥드림              승   07:34     07:54       0:20   차
139 11조(조현수)34 골디락스            승   07:12     07:23       0:11   차
140 11조(조현수) 3 그랜드캐슬          승   07:03     07:14       0:11   차
141 11조(조현수)15 도깨비              승   06:44     06:57       0:13   차
142 11조(조현수)28 메니스피드          보   06:47     07:11       0:24   차
143 11조(조현수)17 브라이트해피        승   06:44     06:59       0:15   차
144 11조(조현수)31 시선집중            승   07:41     07:52       0:11   차
145 11조(조현수) 7 원더풀우먼          보   07:43     07:59       0:16   차
146 11조(조현수) 1 일향달마            승   07:51     08:09       0:18   차
147 11조(조현수)24 적벽신화            승   06:35     06:50       0:15   차
148 11조(조현수)32 트루                승   06:36     06:55       0:19   차
149 11조(조현수)33 퍼지퀸              승   07:18     07:29       0:11   차
150 11조(조현수) 9 프린세스데이        승   07:35     07:45       0:10   차
151 11조(조현수)22 휘파람              승   07:16     07:28       0:12   차
152 12조(서범석)10 네버네버스톱        승   07:08     07:24       0:16   차
153 12조(서범석) 1 논스톱캣            승   07:11     07:23       0:12   차
154 12조(서범석)35 디터미네이션        승   08:03     08:16       0:13   차
155 12조(서범석) 7 라피어반            승   06:27     06:40       0:13   차
156 12조(서범석) 5 브리가디어제너럴    기   06:27     06:40       0:13   특
157 12조(서범석) 3 원더풀데퓨티        승   07:08     07:22       0:14   차
158 12조(서범석)30 원더풀이블          승   07:45     07:54       0:09   특
159 13조(이희영)16 굿바우              승   07:06     07:19       0:13   차
160 13조(이희영) 4 논스톱데릭          승   07:58     08:09       0:11   차
161 13조(이희영)22 모던베스트          승   06:16     06:28       0:12   차
162 13조(이희영) 8 바다의꿈            기   07:11     07:25       0:14   차
163 13조(이희영)19 베스트야            기   07:29     07:38       0:09   차
164 13조(이희영) 5 베스트탑            승   06:32     06:44       0:12   차
165 13조(이희영)28 비트업              기   07:05     07:17       0:12   차
166 13조(이희영)10 솔개바람            승   08:11     08:23       0:12   차
167 13조(이희영)35 엘리트라인          승   08:28     08:45       0:17   차
168 13조(이희영)12 우소륭              기   07:44     07:55       0:11   차
169 13조(이희영) 3 쿨게이트            승   07:24     07:37       0:13   차
170 13조(이희영) 1 큐피드점보          승   06:48     07:02       0:14   차
171 13조(이희영)18 파크윈              기   08:33     08:46       0:13   차
172 14조(이신영)40 거센강자            승   08:46     09:01       0:15   차
173 14조(이신영)26 거센질주            승   06:22     06:31       0:09   차
174 14조(이신영)32 다프네              승   07:45     07:54       0:09   차
175 14조(이신영)38 더스파이커          승   08:20     08:33       0:13   차
176 14조(이신영)18 델피니              승   06:34     06:47       0:13   차
177 14조(이신영)36 레이볼트            승   07:31     07:45       0:14   차
178 14조(이신영) 6 록의제왕            승   06:58     07:06       0:08   차
179 14조(이신영)29 말리부진저          승   06:18     06:28       0:10   차
180 14조(이신영)10 아그리워            승   06:13     06:21       0:08   차
181 14조(이신영) 9 아이언삭스          승   06:48     06:57       0:09   차
182 14조(이신영)37 엉클벨              승   07:26     07:35       0:09   차
183 14조(이신영)33 에이스삭스          승   08:46     09:01       0:15   차
184 14조(이신영)28 유레카              승   07:19     07:28       0:09   차
185 14조(이신영)24 질주의칸            승   07:43     07:55       0:12   차
186 14조(이신영)14 플라잉아테나        승   08:01     08:14       0:13   차
187 14조(이신영)39 플라잉팰리스        승   07:06     07:15       0:09   차
188 14조(이신영)35 플로리다파워        승   07:09     07:17       0:08   차
189 14조(이신영)25 화려한미소          승   07:57     08:06       0:09   차
190 15조(박희철) 3 거센파워            승   06:11     06:24       0:13   차
191 15조(박희철) 4 마에스트로          승   06:48     07:02       0:14   차
192 15조(박희철) 5 아침함성            승   07:24     07:36       0:12   차
193 15조(박희철)14 원더풀샘            승   08:02     08:17       0:15   차
194 15조(박희철) 8 은파마운틴          승   08:02     08:18       0:16   차
195 15조(박희철) 9 정상으뜸            승   06:11     06:22       0:11   차
196 15조(박희철) 6 정상제트            승   06:48     07:00       0:12   차
197 15조(박희철)11 젤로스              기   07:06     07:19       0:13   차
198 15조(박희철)23 파티파워            승   08:12     08:21       0:09   차
199 16조(최봉주) 3 그레이트매직        승   08:25     08:44       0:19   차
200 16조(최봉주)11 너울이              승   06:55     07:07       0:12   차
201 16조(최봉주)31 뉴호프              조   07:47     08:01       0:14   차
202 16조(최봉주) 8 대천얼짱            조   06:28     06:40       0:12   차
203 16조(최봉주)12 디바인키튼          승   07:51     08:04       0:13   차
204 16조(최봉주)10 러브레이스          승   07:16     07:29       0:13   차
205 16조(최봉주)34 부스터로켓          승   06:31     06:40       0:09   차
206 16조(최봉주)38 빅포켓              승   07:59     08:11       0:12   차
207 16조(최봉주)20 쌍옥루              승   08:25     08:44       0:19   차
208 16조(최봉주)25 에이스프린스        조   07:18     07:27       0:09   차
209 16조(최봉주) 5 원더풀니키야        승   08:18     08:30       0:12   차
210 16조(최봉주)27 파워타워            승   07:22     07:36       0:14   차
211 16조(최봉주)21 파이팅대디          승   08:51     09:02       0:11   차
212 16조(최봉주) 2 플라이스타          조   08:25     08:44       0:19   차
213 16조(최봉주)24 호크의영광          승   06:46     06:56       0:10   차
214 16조(최봉주)28 호크행진곡          승   06:27     06:36       0:09   금
215 17조(김점오) 2 명품축제            승   06:38     06:50       0:12   특
216 17조(김점오) 8 스타룰러            기   06:33     06:42       0:09   차
217 17조(김점오) 6 스피드황룡          승   07:10     07:25       0:15   차
218 17조(김점오) 5 콘도르여왕          기   07:07     07:19       0:12   차
219 17조(김점오) 9 하늘아              기   06:42     06:52       0:10   차
220 17조(김점오)35 황금주머니          기   06:53     07:00       0:07   차
221 18조(박대흥)26 남촌아티스트        승   07:14     07:24       0:10   차
222 18조(박대흥)28 리버태양            승   08:24     08:41       0:17   차
223 18조(박대흥)   마루마              승   08:24     08:40       0:16   차
224 18조(박대흥)34 명진고스트          승   08:54     09:09       0:15   차
225 18조(박대흥)21 미라클케이          승   06:16     06:28       0:12   차
226 18조(박대흥)18 바램                승   07:44     07:56       0:12   차
227 18조(박대흥)27 별나라신사          기   07:09     07:27       0:18   차
228 18조(박대흥)16 블로마인드          승   08:54     09:09       0:15   차
229 18조(박대흥)22 소울메리트          기   06:33     06:48       0:15   차
230 18조(박대흥)36 시리우스에이        승   06:33     06:45       0:12   차
231 18조(박대흥)12 왕벚꽃              승   07:45     07:59       0:14   특
232 18조(박대흥) 1 최강퀸              승   06:33     06:45       0:12   차
233 18조(박대흥)30 케이엔라이트        승   07:53     08:07       0:14   차
234 18조(박대흥) 7 케이엔매직          승   08:24     08:39       0:15   차
235 18조(박대흥)35 케이엔올드퀸        승   07:01     07:15       0:14   차
236 18조(박대흥) 3 케이엔특급          승   08:24     08:43       0:19   차
237 18조(박대흥)32 케이엔티즈원        승   07:01     07:15       0:14   차
238 19조(곽영효)24 남촌의강호          승   07:26     07:39       0:13   차
239 19조(곽영효)28 라스트펀치          승   08:14     08:27       0:13   차
240 19조(곽영효) 9 루비스타            기   06:45     06:55       0:10   금
241 19조(곽영효)19 리빙스턴            승   07:02     07:14       0:12   차
242 19조(곽영효)27 머니스톤            승   07:35     07:52       0:17   차
243 19조(곽영효) 2 메니피뮤직          승   06:38     06:57       0:19   차
244 19조(곽영효)32 원더풀뮤직          승   07:41     07:54       0:13   차
245 19조(곽영효)33 콩코드스퍼트        기   07:40     07:56       0:16   차
246 19조(곽영효) 8 한강의기상          기   08:00     08:14       0:14   차
247 19조(곽영효)12 한강챔프            승   08:00     08:13       0:13   차
248 19조(곽영효)31 한강히어로          승   07:41     07:54       0:13   차
249 19조(곽영효) 1 햇무리              승   06:18     06:35       0:17   차
250 20조(배대선)11 농본바다            승   08:04     08:19       0:15   차
251 20조(배대선) 3 농본파이터          승   06:43     06:52       0:09   차
252 20조(배대선)14 돌콩                승   06:55     07:14       0:19   차
253 20조(배대선)39 머니가락            승   06:43     06:52       0:09   차
254 20조(배대선)28 머니신              기   07:15     07:28       0:13   차
255 20조(배대선) 5 머니지프            승   08:02     08:11       0:09   차
256 20조(배대선)13 백색광채            승   07:49     08:01       0:12   차
257 20조(배대선)15 빛의대륙            승   07:31     07:43       0:12   차
258 20조(배대선)30 빛의카              기   07:15     07:29       0:14   차
259 20조(배대선)37 원더풀오렌지        승   07:31     07:43       0:12   차
260 20조(배대선)33 투게더웨이          기   07:31     07:42       0:11   차
261 20조(배대선)20 화랑스토리          기   07:31     07:42       0:11   차
262 21조(임봉춘) 5 마스크              승   07:40     07:58       0:18   차
263 21조(임봉춘) 7 비바챔피언          기   07:06     07:20       0:14   차
264 21조(임봉춘) 6 삼상                기   06:12     06:23       0:11   차
265 21조(임봉춘)27 스탠바이미          승   06:51     07:13       0:22   차
266 21조(임봉춘)34 신과함께            승   07:42     08:01       0:19   차
267 21조(임봉춘)12 아마로네            승   07:48     08:01       0:13   차
268 21조(임봉춘)15 엠제이베스트        기   06:12     06:23       0:11   차
269 21조(임봉춘)22 우리                승   06:51     07:09       0:18   차
270 21조(임봉춘)33 원더풀마리아        기   06:27     06:38       0:11   차
271 21조(임봉춘)30 찬란한날            승   07:39     07:57       0:18   차
272 21조(임봉춘)23 천년의바람          승   06:47     07:06       0:19   차
273 21조(임봉춘) 3 천년의비            기   06:52     07:04       0:12   차
274 21조(임봉춘)40 황금해              승   07:45     08:07       0:22   차
275 22조(안병기)33 갈색향기            승   09:00     09:17       0:17   차
276 22조(안병기)23 따뜻한빛            기   07:33     07:45       0:12   차
277 22조(안병기)22 로열로드            승   06:44     06:57       0:13   차
278 22조(안병기) 8 리드보컬            승   08:15     08:24       0:09   차
279 22조(안병기)12 메니챔프            승   08:29     08:44       0:15   차
280 22조(안병기)37 봄날의기억          기   06:23     06:39       0:16   차
281 22조(안병기)11 산뜻한스침          승   06:16     06:27       0:11   차
282 22조(안병기)   생일선물            기   07:20     07:33       0:13   차
283 22조(안병기)38 스프링꿈            조   06:22     06:35       0:13   차
284 22조(안병기) 2 스프링백            승   08:42     08:53       0:11   특
285 22조(안병기) 5 야무진배짱          기   07:56     08:11       0:15   차
286 22조(안병기)40 에피파니            승   07:30     07:43       0:13   차
287 22조(안병기)24 와일들리로맨틱      승   07:25     07:35       0:10   차
288 22조(안병기) 9 울트라로켓          승   08:13     08:23       0:10   차
289 22조(안병기)17 원더풀조이          승   07:43     07:56       0:13   차
290 22조(안병기) 3 원스피어            기   06:39     06:51       0:12   차
291 22조(안병기)32 포스스페셜          승   09:00     09:17       0:17   차
292 23조(유재길)12 경부도령            승   07:30     07:45       0:15   금
293 23조(유재길) 5 대승퀸              승   07:16     07:31       0:15   차
294 23조(유재길) 4 동방칸              승   07:56     08:17       0:21   차
295 23조(유재길) 1 스피어건            승   08:18     08:28       0:10   차
296 23조(유재길)21 스피어골드          승   06:17     06:32       0:15   차
297 23조(유재길) 3 예상백승            승   07:57     08:21       0:24   차
298 23조(유재길) 6 원평버드            승   06:49     07:09       0:20   차
299 23조(유재길)18 원평퀸              승   07:01     07:14       0:13   차
300 23조(유재길)19 큐피드보우          승   06:37     06:46       0:09   차
301 23조(유재길)15 피엔에스빌          승   07:56     08:15       0:19   차
302 23조(유재길)17 피엔에스안          승   06:17     06:35       0:18   차
303 23조(유재길)13 홀리데이참          승   07:28     07:41       0:13   차
304 24조(서홍수) 9 나래킹              승   07:18     07:43       0:25   차
305 24조(서홍수)23 럭키클럽            승   08:18     08:29       0:11   차
306 24조(서홍수)15 마이티굿            승   07:35     07:46       0:11   차
307 24조(서홍수) 4 마이티뉴            기   07:57     08:09       0:12   차
308 24조(서홍수) 5 마이티수            기   08:15     08:31       0:16   차
309 24조(서홍수)28 마이티웰            승   06:18     06:30       0:12   차
310 24조(서홍수)17 마이티윙            승   07:59     08:10       0:11   차
311 24조(서홍수)32 마이티지            승   06:55     07:10       0:15   차
312 24조(서홍수) 8 마이티칩            승   07:57     08:08       0:11   차
313 24조(서홍수)29 스타워즈            승   07:57     08:09       0:12   차
314 24조(서홍수) 6 원더풀데블          승   06:21     06:31       0:10   차
315 24조(서홍수)37 원더풀타이쿤        기   07:48     07:58       0:10   차
316 24조(서홍수)31 투투키튼            승   08:37     08:49       0:12   차
317 24조(서홍수) 7 팬시팬츠            기   07:33     07:46       0:13   차
318 24조(서홍수)21 행복여왕            승   06:48     07:00       0:12   차
319 25조(전승규)16 럭키영              승   09:16     09:26       0:10   차
320 25조(전승규)38 럭키훈              조   07:26     07:37       0:11   차
321 25조(전승규)25 루킹굿              승   06:27     06:45       0:18   차
322 25조(전승규)22 송암러너            승   08:32     08:50       0:18   차
323 25조(전승규)14 송암티즈            승   07:54     08:07       0:13   차
324 25조(전승규)28 스텔라로드          승   07:48     07:57       0:09   차
325 25조(전승규)40 원더풀인디언        승   07:52     08:02       0:10   차
326 25조(전승규) 6 위너브라운          승   06:24     06:35       0:11   차
327 25조(전승규)30 위너이즈웰          승   08:11     08:26       0:15   차
328 25조(전승규)24 이글포인트          승   06:46     07:00       0:14   차
329 25조(전승규) 3 이스트라이크        승   06:25     06:34       0:09   금
330 25조(전승규)15 초토마              승   07:00     07:12       0:12   차
331 25조(전승규)11 최강게임            승   09:04     09:13       0:09   차
332 25조(전승규)10 킹에이스            승   07:00     07:12       0:12   차
333 25조(전승규)32 티케파이어          기   07:04     07:14       0:10   금
334 25조(전승규)37 파워요트            승   09:01     09:16       0:15   차
335 25조(전승규)27 펀크레이지          승   08:32     08:54       0:22   차
336 25조(전승규)13 페페런              승   08:03     08:15       0:12   차
337 25조(전승규) 1 허쉬대보            조   06:30     06:42       0:12   특
338 25조(전승규)19 화랑투데이          기   06:46     07:00       0:14   차
339 26조(안해양)21 가나파크            승   06:13     06:39       0:26   차
340 26조(안해양) 5 가나패션            승   06:13     06:39       0:26   차
341 26조(안해양)36 그레이토르          승   08:41     08:57       0:16   차
342 26조(안해양)14 드림여왕            승   06:51     07:07       0:16   차
343 26조(안해양)23 럭키인디            승   07:27     07:36       0:09   차
344 26조(안해양)15 런던스카이          보   08:30     08:43       0:13   차
345 26조(안해양)33 런던퀸              승   06:51     07:04       0:13   차
346 26조(안해양)34 런던파워            보   07:02     07:13       0:11   금
347 26조(안해양)30 레이디켈리          보   06:10     06:21       0:11   금
348 26조(안해양)10 벼락                기   06:37     06:52       0:15   차
349 26조(안해양)27 선샤인케이          승   08:00     08:19       0:19   차
350 26조(안해양)26 송암캣              기   06:16     06:24       0:08   차
351 26조(안해양) 3 시선주마            보   07:29     07:43       0:14   차
352 26조(안해양)17 시선평정            승   08:25     08:38       0:13   차
353 26조(안해양)35 아킬리온            승   06:14     06:31       0:17   차
354 26조(안해양)20 예스아이캔          승   08:30     08:43       0:13   차
355 26조(안해양)24 올댓코리아          보   06:36     06:47       0:11   차
356 26조(안해양)32 유로특급            승   08:46     08:57       0:11   차
357 26조(안해양) 1 폭스파워            승   07:32     07:46       0:14   차
358 27조(박병일) 8 금세다              승   06:37     06:52       0:15   차
359 27조(박병일)18 금자유              승   07:32     07:47       0:15   차
360 27조(박병일)38 더파이팅            기   07:32     07:50       0:18   차
361 27조(박병일)29 떠오르다            승   08:22     08:35       0:13   차
362 27조(박병일)17 리얼팩              승   06:14     06:23       0:09   차
363 27조(박병일)13 마이블랙            승   08:22     08:39       0:17   차
364 27조(박병일)25 문학백투백          승   06:49     07:08       0:19   차
365 27조(박병일)16 문학선              승   07:45     07:55       0:10   차
366 27조(박병일)33 선더누리            승   07:32     07:42       0:10   차
367 27조(박병일)19 스마티대세          승   06:43     07:02       0:19   차
368 27조(박병일)28 은혜드림            승   07:32     07:52       0:20   차
369 27조(박병일) 2 청춘비바            승   08:23     08:42       0:19   차
370 27조(박병일)15 최강파티            승   06:10     06:21       0:11   차
371 27조(박병일)39 컨트리로드          승   06:54     07:09       0:15   차
372 27조(박병일)14 파란왕자            기   07:32     07:44       0:12   차
373 27조(박병일)30 포에버칸            기   07:47     07:58       0:11   차
374 27조(박병일)31 해피믹스            기   07:59     08:14       0:15   차
375 27조(박병일)23 환상터치            기   07:35     07:43       0:08   차
376 27조(박병일) 4 흥행대박            승   08:22     08:39       0:17   차
377 28조(최상식)19 글로벌골드          승   06:34     06:47       0:13   차
378 28조(최상식)11 글로벌스톰          승   08:13     08:20       0:07   차
379 28조(최상식) 3 글로벌에이스        승   06:50     07:01       0:11   차
380 28조(최상식) 9 글로벌천하          승   06:11     06:22       0:11   차
381 28조(최상식)14 글로벌퍼스트        승   07:32     07:42       0:10   차
382 28조(최상식)22 글로벌프라임        승   06:59     07:14       0:15   차
383 28조(최상식) 5 바람살              기   06:11     06:22       0:11   차
384 28조(최상식) 1 베스트럭키          승   06:24     06:31       0:07   차
385 28조(최상식)17 퍼펙트파워          기   06:25     06:37       0:12   차
386 29조(배휴준) 3 쇼미더골드          기   06:33     06:49       0:16   차
387 29조(배휴준)34 슈퍼파크            보   07:28     07:38       0:10   차
388 29조(배휴준)28 언비튼가이          승   06:47     06:59       0:12   차
389 29조(배휴준) 5 온리의꿈            승   08:00     08:14       0:14   차
390 29조(배휴준) 6 와와여장부          승   08:00     08:12       0:12   차
391 29조(배휴준)21 천리총              보   06:48     06:59       0:11   차
392 29조(배휴준)36 퀸오브레이싱        승   06:33     06:57       0:24   차
393 30조(토니  )14 남산초콜릿          조   07:38     07:50       0:12   차
394 30조(토니  )20 님의향기            기   06:19     06:32       0:13   차
395 30조(토니  )29 당대로얄            기   08:09     08:17       0:08   금
396 30조(토니  )11 더리퍼              조   08:38     08:50       0:12   차
397 30조(토니  )19 반야동행            승   06:19     06:32       0:13   차
398 30조(토니  )24 삼정타퍼즈          기   06:56     07:08       0:12   차
399 30조(토니  )25 스타블레이드        기   08:09     08:22       0:13   차
400 30조(토니  )12 스프링킹            승   07:39     07:50       0:11   차
401 30조(토니  )17 아마존킹            승   08:38     08:50       0:12   차
402 30조(토니  ) 4 액티몬              기   07:36     07:48       0:12   차
403 30조(토니  ) 7 에이스샤인          보   06:19     06:32       0:13   차
404 30조(토니  ) 5 에이스솔롱고        보   06:54     07:03       0:09   금
405 30조(토니  ) 1 우청륭              승   08:38     08:50       0:12   차
406 30조(토니  )26 장산몬스터          승   09:10     09:21       0:11   차
407 30조(토니  ) 9 장산바다            승   09:10     09:23       0:13   차
408 30조(토니  )15 장산플라이          조   06:54     07:06       0:12   특
409 30조(토니  )21 천둥오름            승   08:09     08:21       0:12   차
410 30조(토니  )18 청담제왕            보   07:29     07:42       0:13   차
411 30조(토니  ) 8 청담지니            기   08:41     08:52       0:11   차
412 30조(토니  )13 청담탱크            조   08:09     08:21       0:12   차
413 30조(토니  )23 헤라블레이드        조   06:19     06:32       0:13   차
414 31조(강환민) 9 그레이트제니        승   06:28     06:39       0:11   차
415 31조(강환민)32 로마블레이드        승   08:07     08:20       0:13   차
416 31조(강환민)23 롤러블레이드        승   06:44     06:53       0:09   차
417 31조(강환민)27 매드블레이드        승   07:01     07:14       0:13   차
418 31조(강환민)36 블루비치            기   06:40     06:50       0:10   차
419 31조(강환민)13 블루해머            승   08:07     08:20       0:13   차
420 31조(강환민)28 빅트리플            기   06:11     06:21       0:10   차
421 31조(강환민)37 송암아치걸          승   06:10     06:20       0:10   차
422 31조(강환민) 5 수리수리마          승   08:31     08:44       0:13   차
423 31조(강환민)33 슈퍼엑톤            승   08:38     08:47       0:09   차
424 31조(강환민) 8 스마트블루          승   07:29     07:42       0:13   차
425 31조(강환민)24 원더풀섀도우        승   07:14     07:22       0:08   차
426 31조(강환민)15 원더풀하트          승   07:20     07:32       0:12   차
427 31조(강환민) 4 장산가드            승   06:10     06:20       0:10   차
428 31조(강환민)35 장산클리어          승   08:38     08:46       0:08   차
429 31조(강환민)38 조이풀케이          승   08:07     08:20       0:13   차
430 31조(강환민) 3 천비성              기   06:29     06:39       0:10   차
431 31조(강환민) 7 큐피드벨            승   06:28     06:39       0:11   차
432 31조(강환민) 1 크레이지산타        승   06:10     06:20       0:10   차
433 31조(강환민)40 티케이플렉스        승   06:10     06:19       0:09   차
434 31조(강환민)11 핵삭스              승   06:52     07:04       0:12   차
435 32조(김윤섭) 1 고고스타            승   07:05     07:19       0:14   차
436 32조(김윤섭) 4 금성맨              승   06:11     06:24       0:13   차
437 32조(김윤섭)18 금성최고            기   06:11     06:24       0:13   차
438 32조(김윤섭)33 룰즈클래스          기   06:37     06:49       0:12   차
439 32조(김윤섭)30 어디가나            기   06:25     06:36       0:11   특
440 32조(김윤섭)26 헬로금성            승   06:29     06:44       0:15   차
441 33조(서인석)18 건곤일척            기   07:34     07:42       0:08   차
442 33조(서인석)11 골든스타            승   06:47     06:59       0:12   금
443 33조(서인석)38 노던타임            승   08:01     08:10       0:09   차
444 33조(서인석)16 대승가온            기   06:52     07:02       0:10   차
445 33조(서인석)35 디스챌린지          승   06:40     06:55       0:15   차
446 33조(서인석)17 릴패트론            승   06:52     07:03       0:11   차
447 33조(서인석)40 매직그레이스        승   06:16     06:29       0:13   차
448 33조(서인석)31 매직러시            기   07:23     07:35       0:12   차
449 33조(서인석)28 매직조이            기   07:43     07:54       0:11   차
450 33조(서인석)25 매직타이드          승   07:35     07:49       0:14   차
451 33조(서인석) 9 모닝힐              승   07:28     07:42       0:14   차
452 33조(서인석) 6 열린문              기   06:35     06:46       0:11   차
453 33조(서인석)27 워프나인            승   06:49     07:01       0:12   차
454 33조(서인석)15 월드메니피          승   07:08     07:20       0:12   차
455 33조(서인석)20 유정챔프            기   07:00     07:10       0:10   차
456 33조(서인석)26 이스트제트          승   06:16     06:29       0:13   특
457 33조(서인석)   이스트트로스        기   08:01     08:09       0:08   차
458 33조(서인석)33 천마비상            기   07:20     07:30       0:10   차
459 33조(서인석)36 티즈에너지          승   06:17     06:31       0:14   차
460 34조(리카디)39 갤럽컬린            승   06:42     06:54       0:12   차
461 34조(리카디)16 남산러브            승   08:17     08:30       0:13   차
462 34조(리카디) 5 남산의별            승   07:34     07:46       0:12   차
463 34조(리카디) 7 남산호랑이          승   07:37     07:51       0:14   차
464 34조(리카디) 8 댄싱블레이드        승   06:20     06:31       0:11   차
465 34조(리카디)21 드림스피드          승   08:30     08:43       0:13   차
466 34조(리카디)15 라이징호크          승   07:33     07:47       0:14   차
467 34조(리카디)38 레드블레이드        승   08:35     08:44       0:09   차
468 34조(리카디)37 비제이플래시        승   07:55     08:07       0:12   차
469 34조(리카디)36 선더윈드            승   06:53     07:08       0:15   차
470 34조(리카디)11 슈퍼삭스            승   06:59     07:15       0:16   특
471 34조(리카디)33 애플민트            승   06:56     07:08       0:12   차
472 34조(리카디)10 에코빌              승   07:11     07:24       0:13   차
473 34조(리카디)24 엑톤선더            승   08:17     08:30       0:13   차
474 34조(리카디)29 자이언트삭스        승   08:33     08:47       0:14   차
475 34조(리카디) 4 장산포에버          승   06:17     06:33       0:16   차
476 34조(리카디)13 지산꽃              승   07:11     07:30       0:19   차
477 34조(리카디)28 파이널칸지노        기   07:13     07:25       0:12   차
478 35조(임채덕) 9 감곡선샤인          조   07:05     07:19       0:14   차
479 35조(임채덕) 5 마이티선샤인        승   08:22     08:38       0:16   차
480 35조(임채덕)13 미스캠프            조   07:42     07:52       0:10   차
481 35조(임채덕)24 불의꽃              승   07:33     07:46       0:13   차
482 35조(임채덕)22 불의신화            승   06:39     06:55       0:16   차
483 35조(임채덕) 6 인디언선샤인        기   06:19     06:35       0:16   차
484 35조(임채덕)17 제왕의별            조   06:26     06:39       0:13   차
485 35조(임채덕) 3 퀵실버키튼          기   07:31     07:42       0:11   차
486 35조(임채덕) 2 투에이스            기   06:20     06:31       0:11   차
487 35조(임채덕) 7 플라잉센걸          기   06:43     06:53       0:10   차
488 37조(심승태)15 뉴스마트            기   06:30     06:43       0:13   차
489 37조(심승태)26 또바기              승   07:27     07:44       0:17   차
490 37조(심승태) 4 선우럭키            기   07:16     07:28       0:12   차
491 37조(심승태)14 이천쌀              승   07:55     08:06       0:11   차
492 37조(심승태)29 티즈드림            승   07:41     07:52       0:11   차
493 40조(송문길)30 글라디아토레에이    승   07:21     07:34       0:13   차
494 40조(송문길)12 뉴문워리어          승   06:48     06:57       0:09   차
495 40조(송문길) 2 라피도아레스        승   06:18     06:30       0:12   차
496 40조(송문길)10 마이윈              기   06:50     07:02       0:12   차
497 40조(송문길)22 산소파워            기   06:24     06:36       0:12   차
498 40조(송문길)35 쇼메이커            승   07:07     07:22       0:15   차
499 40조(송문길)19 스카이돌풍          기   06:57     07:05       0:08   차
500 40조(송문길)17 스피디루키          승   07:22     07:41       0:19   차
501 40조(송문길)21 아델나래            승   07:57     08:09       0:12   차
502 40조(송문길) 7 어마어마            기   06:13     06:26       0:13   특
503 40조(송문길)16 어메이징위즈        승   07:42     08:02       0:20   차
504 40조(송문길)31 제이랩터            승   07:28     07:37       0:09   차
505 40조(송문길)23 킬리의제왕          승   06:10     06:26       0:16   차
506 40조(송문길)37 파워박스            승   07:22     07:38       0:16   차
507 41조(신삼영) 6 광마힐              승   06:59     07:09       0:10   차
508 41조(신삼영)12 논스톱리워드        승   07:43     07:55       0:12   차
509 41조(신삼영)28 돌아온날리          승   06:14     06:36       0:22   차
510 41조(신삼영)33 루미너스퀸          승   08:14     08:31       0:17   차
511 41조(신삼영)21 매지컬초이스        승   07:17     07:36       0:19   차
512 41조(신삼영)20 별빛보석            승   07:04     07:17       0:13   차
513 41조(신삼영)16 섀도우퀸            승   08:00     08:14       0:14   차
514 41조(신삼영) 7 올포유어드림        승   06:41     06:52       0:11   차
515 41조(신삼영)24 원더풀금성          승   08:19     08:30       0:11   차
516 41조(신삼영) 3 유로강자            승   07:36     07:50       0:14   차
517 41조(신삼영) 8 유로퀸              승   08:27     08:37       0:10   차
518 41조(신삼영)37 좋은관계            승   07:16     07:28       0:12   차
519 41조(신삼영)14 큐피드베이브        승   06:15     06:26       0:11   차
520 41조(신삼영) 2 피렌체힐            승   06:36     06:47       0:11   금
521 42조(이관호) 7 금아애크미          승   07:32     07:44       0:12   특
522 42조(이관호) 8 더퀸저스티스        승   06:51     07:02       0:11   차
523 42조(이관호)22 레이디퍼스트        승   06:52     07:06       0:14   차
524 42조(이관호)21 맥스런              기   07:05     07:17       0:12   차
525 42조(이관호)31 모르피스            승   06:14     06:29       0:15   특
526 42조(이관호)25 무도                기   07:26     07:38       0:12   차
527 42조(이관호)17 브라보삭스          기   09:10     09:23       0:13   차
528 42조(이관호) 6 빅에너지            승   08:54     09:06       0:12   차
529 42조(이관호)14 서울크라운          승   06:14     06:29       0:15   차
530 42조(이관호) 4 어나더스마트원      승   07:52     08:04       0:12   차
531 42조(이관호)18 와일드러너          기   08:41     08:52       0:11   차
532 42조(이관호)16 와일드삭스          기   06:51     07:02       0:11   차
533 42조(이관호)28 이무기              승   06:27     06:38       0:11   차
534 42조(이관호)10 전정사금            승   07:53     08:05       0:12   차
535 42조(이관호)27 지스타              승   06:45     06:58       0:13   차
536 42조(이관호)39 천군                기   08:23     08:33       0:10   차
537 42조(이관호)19 청산강호            승   08:55     09:07       0:12   차
538 42조(이관호)   청산드림            승   08:55     09:08       0:13   차
539 42조(이관호)29 콩코드스파크        기   08:54     09:03       0:09   차
540 42조(이관호)33 쿠레레쿠스          기   08:08     08:19       0:11   차
541 42조(이관호)12 태양마              승   07:18     07:30       0:12   차
542 42조(이관호) 2 톱포지션            승   09:11     09:26       0:15   차
543 42조(이관호)40 티나                승   08:37     08:50       0:13   차
544 42조(이관호) 5 포에버드림          승   06:13     06:25       0:12   차
545 42조(이관호)35 하이러너            기   08:55     09:08       0:13   차
546 48조(이준철)26 가기만고당          기   06:55     07:11       0:16   차
547 48조(이준철) 9 거문                승   07:29     07:41       0:12   차
548 48조(이준철) 6 너를응원해          조   07:30     07:39       0:09   차
549 48조(이준철) 4 더드림              보   08:06     08:15       0:09   차
550 48조(이준철)15 디에코              기   06:48     06:59       0:11   차
551 48조(이준철)16 메이블레이드        승   06:21     06:35       0:14   차
552 48조(이준철)11 쏘아라대로          기   06:21     06:35       0:14   차
553 48조(이준철)27 태산아치            보   06:55     07:11       0:16   차
554 48조(이준철)14 팀임팩트            보   06:19     06:39       0:20   차
555 48조(이준철)24 피엔에스수          조   06:18     06:31       0:13   차
556 48조(이준철) 8 흥행질주            보   07:34     07:46       0:12   특
557 49조(지용철)32 강철부대            승   08:14     08:29       0:15   차
558 49조(지용철)27 교룡득수            기   07:08     07:16       0:08   금
559 49조(지용철)34 구름타고            기   06:43     06:52       0:09   차
560 49조(지용철)22 러닝킹              승   06:43     06:52       0:09   차
561 49조(지용철) 7 럭키스마일          기   06:42     06:55       0:13   차
562 49조(지용철)38 리마커블            승   06:24     06:35       0:11   차
563 49조(지용철) 6 마패봉              승   08:14     08:22       0:08   차
564 49조(지용철)21 밀키셰리            승   06:48     07:04       0:16   차
565 49조(지용철) 4 블러드문            기   07:36     07:51       0:15   차
566 49조(지용철)39 빅비트              승   07:36     07:50       0:14   차
567 49조(지용철)13 스타로즈            기   06:13     06:23       0:10   금
568 49조(지용철)30 심장의고동          승   08:48     09:04       0:16   특
569 49조(지용철)12 에이투제트          기   07:02     07:11       0:09   금
570 49조(지용철)31 절예                승   08:14     08:26       0:12   차
571 49조(지용철)11 진또배기            기   07:58     08:08       0:10   차
572 49조(지용철)23 탁트인              승   07:19     07:28       0:09   금
573 49조(지용철)28 태양타고            기   07:54     08:02       0:08   금
574 49조(지용철)33 푸른빛깔            기   07:08     07:19       0:11   금
575 50조(박재우) 3 가가나              승   07:44     07:57       0:13   차
576 50조(박재우)39 금성세계            승   07:25     07:47       0:22   차
577 50조(박재우)31 다시두손            승   06:22     06:35       0:13   차
578 50조(박재우)33 더페이버릿          기   08:10     08:21       0:11   차
579 50조(박재우)14 동작                승   07:39     07:52       0:13   차
580 50조(박재우)34 두손드라이브        기   06:40     06:53       0:13   차
581 50조(박재우)23 럭키봉성            승   06:17     06:25       0:08   금
582 50조(박재우) 5 럭키상운            승   06:58     07:10       0:12   금
583 50조(박재우)27 멋진금성            기   07:54     08:06       0:12   차
584 50조(박재우)10 문학타이거          승   08:21     08:32       0:11   차
585 50조(박재우) 9 문학포리스트        승   07:08     07:27       0:19   차
586 50조(박재우)16 스킬맥스            승   08:27     08:43       0:16   차
587 50조(박재우)24 야호골든캣          승   08:42     08:55       0:13   차
588 50조(박재우)20 영광의미소          기   07:10     07:21       0:11   특
589 50조(박재우)40 용호지마            승   06:40     06:53       0:13   차
590 50조(박재우)17 이스트임팩트        기   06:27     06:36       0:09   금
591 50조(박재우)18 이스트포인트        승   07:36     07:51       0:15   차
592 50조(박재우) 7 컴플리트밸류        기   07:08     07:26       0:18   특
593 50조(박재우)15 트리플킹덤          승   06:22     06:35       0:13   차
594 50조(박재우)21 티즈플랜            기   07:35     07:51       0:16   특
595 50조(박재우)29 프린스              승   07:07     07:22       0:15   차
596 51조(최용건)36 경부대검            승   07:03     07:18       0:15   차
597 51조(최용건)29 골든펄              보   06:13     06:41       0:28   차
598 51조(최용건)28 그레이트선더        승   07:49     08:09       0:20   차
599 51조(최용건)14 다울퀸              승   06:15     06:29       0:14   차
600 51조(최용건)39 메니데이            보   07:18     07:43       0:25   차
601 51조(최용건)32 명진스톰            승   08:27     08:37       0:10   차
602 51조(최용건)35 서니블레이드        조   07:24     07:36       0:12   차
603 51조(최용건)20 송암레이서          보   08:24     08:42       0:18   차
604 51조(최용건) 7 실버스타            조   06:34     06:47       0:13   차
605 51조(최용건) 2 올드블레이드        승   06:56     07:08       0:12   차
606 51조(최용건)16 인빅터스            후   07:59     08:15       0:16   금
607 51조(최용건) 6 장산포이즌          승   07:03     07:18       0:15   차
608 51조(최용건)34 정성대로            승   07:42     07:58       0:16   차
609 51조(최용건) 5 천둥여울            승   07:17     07:31       0:14   차
610 51조(최용건)23 톱브레인            승   06:21     06:31       0:10   차
611 51조(최용건)12 티즈러너            후   06:13     06:41       0:28   차
612 51조(최용건)26 플래티넘유로        승   07:46     07:56       0:10   차
613 51조(최용건)38 해피뉴마            후   07:03     07:18       0:15   차
614 51조(최용건)17 히어로스피드        조   06:12     06:23       0:11   차
615 52조(김동균)   고져스서브          승   06:50     07:07       0:17   차
616 52조(김동균)16 글로리뷰            기   07:08     07:20       0:12   차
617 52조(김동균)29 나는스타            기   07:17     07:24       0:07   차
618 52조(김동균)37 대완구              승   07:44     07:53       0:09   차
619 52조(김동균)21 랠리퀸              승   08:11     08:23       0:12   차
620 52조(김동균) 2 럭키월드            보   07:36     07:45       0:09   차
621 52조(김동균)17 루나실버            기   07:00     07:12       0:12   차
622 52조(김동균)18 메니히어로          보   06:11     06:24       0:13   특
623 52조(김동균)26 블랙머스크          보   09:00     09:13       0:13   특
624 52조(김동균)35 스피드팔콘          승   06:17     06:36       0:19   차
625 52조(김동균) 6 엠제이스톰          후   08:11     08:21       0:10   차
626 52조(김동균) 1 엠제이파워          승   06:21     06:32       0:11   특
627 52조(김동균)12 천지여걸            승   08:01     08:15       0:14   차
628 52조(김동균)13 카빙크로스          승   09:05     09:20       0:15   특
629 52조(김동균)14 클레어파워          승   06:50     07:07       0:17   차
630 52조(김동균)23 하이퍼카            후   06:56     07:11       0:15   차
631 53조(김동철)19 금석돌파            승   08:39     08:49       0:10   차
632 53조(김동철) 6 나올영웅            승   07:20     07:35       0:15   차
633 53조(김동철)22 대박스타            승   08:26     08:36       0:10   차
634 53조(김동철)38 럭키어필            승   07:37     07:51       0:14   차
635 53조(김동철)10 로맨스참            승   07:20     07:31       0:11   차
636 53조(김동철)14 루비로드            승   06:21     06:31       0:10   차
637 53조(김동철) 8 미르스톰            승   08:47     08:58       0:11   차
638 53조(김동철)13 바람타고            승   07:20     07:32       0:12   차
639 53조(김동철)36 서울의별            승   06:37     06:47       0:10   특
640 53조(김동철)28 스마트핑크          승   08:12     08:21       0:09   차
641 53조(김동철)   스타태풍            승   08:05     08:19       0:14   차
642 53조(김동철)24 영블러드            승   06:35     06:48       0:13   차
643 53조(김동철)37 울프아이            승   07:20     07:34       0:14   차
644 53조(김동철)18 티케이데이          승   06:25     06:37       0:12   차
645 54조(박천서)14 그린백              보   06:23     06:32       0:09   차
646 54조(박천서) 8 레드백              기   07:52     08:08       0:16   차
647 54조(박천서)13 마바위              기   06:52     07:05       0:13   차
648 54조(박천서)   밀리언퀸            후   08:01     08:22       0:21   차
649 54조(박천서)22 베스트천상          보   06:54     07:10       0:16   차
650 54조(박천서) 2 비호번개            후   06:20     06:34       0:14   차
651 54조(박천서)15 스카이홀드          보   08:01     08:18       0:17   차
652 54조(박천서)12 프리마니케          보   07:26     07:42       0:16   차
━━━━━━━━━━━━━━━━━━━━━━━━━━━━━━━━━━━━━━━
                                                      출력일자 : 2021.11.13

