2021.04.18 가디스문          19 마리동물병원 우전지 근육통                                                                                       
2021.04.18 그레이트킹        08 마리동물병원 우전지교돌상                                                                                        
2021.04.18 꽃과구름          08 마리동물병원 우중수부찰과상                                                                                      
2021.04.18 닥터선더          01 마리동물병원 우후지교돌상                                                                                        
2021.04.18 닥터스카이        01 마리동물병원 좌전지교돌상                                                                                        
2021.04.18 닥터스콜          01 마리동물병원 양후지 근육통                                                                                       
2021.04.18 닥터자이언츠      01 마리동물병원 좌전지교돌상                                                                                        
2021.04.18 닥터콘스          01 마리동물병원 우전지교돌상                                                                                        
2021.04.18 닥터페이스        01 마리동물병원 좌전지교돌상                                                                                        
2021.04.18 대암장군          08 마리동물병원 우전열제                                                                                            
2021.04.18 두바이특급        07 마리동물병원 양각막염                                                                                            
2021.04.18 라이징보이        30 마리동물병원 우전지교돌상                                                                                        
2021.04.18 로켓고            30 마리동물병원 좌전지교돌상                                                                                        
2021.04.18 마룬퀸            22 마리동물병원 양전구절염                                                                                          
2021.04.18 마스터퀸          07 마리동물병원 좌전지교돌상                                                                                        
2021.04.18 마크에이스        08 마리동물병원 좌전지교돌상                                                                                        
2021.04.18 마크원            01 마리동물병원 우후지교돌상                                                                                        
2021.04.18 무적불패          08 마리동물병원 좌전지교돌상                                                                                        
2021.04.18 미드나이트퀸      08 마리동물병원 우전지교돌상                                                                                        
2021.04.18 미라클선          07 마리동물병원 좌후지교돌상                                                                                        
2021.04.18 미스터어플릿      30 마리동물병원 우후지교돌상                                                                                        
2021.04.18 배다리보배        12 마리동물병원 좌후지교돌상                                                                                        
2021.04.18 버닝건            07 마리동물병원 좌전구절찰과상                                                                                      
2021.04.18 비케이킹스타      13 마리동물병원 양전지 근육통                                                                                       
2021.04.18 스마티돌풍        18 마리동물병원 상순 좌상                                                                                           
2021.04.18 스트롱마인드      24 마리동물병원 양각막염                                                                                            
2021.04.18 스프링파이어      24 마리동물병원 우후지 봉와직염                                                                                     
2021.04.18 신라의전설        30 마리동물병원 좌후지교돌상                                                                                        
2021.04.18 아델스파이크      01 마리동물병원 좌후지교돌상                                                                                        
2021.04.18 아델의신          01 마리동물병원 정치                                                                                                
2021.04.18 에스엘킹          07 마리동물병원 우전지교돌상                                                                                        
2021.04.18 에이스돌풍        07 마리동물병원 양각막염                                                                                            
2021.04.18 오섬킹이지        08 마리동물병원 좌후지교돌상                                                                                        
2021.04.18 워너비스타        12 마리동물병원 양후지 근육통                                                                                       
2021.04.18 원더풀스마티      24 마리동물병원 우전지교돌상                                                                                        
2021.04.18 자메이카파워      01 마리동물병원 우전지교돌상                                                                                        
2021.04.18 장산바비          22 마리동물병원 요배통                                                                                              
2021.04.18 전설의보스        08 마리동물병원 좌전지교돌상                                                                                        
2021.04.18 정수시대          22 마리동물병원 우전지교돌상                                                                                        
2021.04.18 청마황후          12 마리동물병원 좌전구절찰과상                                                                                      
2021.04.18 퀸업              13 마리동물병원 양전지교돌상                                                                                        
2021.04.18 탐라황후          12 마리동물병원 우전지교돌상                                                                                        
2021.04.18 톱파이어          08 마리동물병원 우후지교돌상                                                                                        
2021.04.18 투투미스터리      24 마리동물병원 좌전지교돌상                                                                                        
2021.04.18 파인트럼펫        01 마리동물병원 우전지교돌상                                                                                        
2021.04.18 푸른장미          19 마리동물병원 좌전지교돌상                                                                                        
2021.04.18 한라누리          08 마리동물병원 좌후지교돌상                                                                                        
2021.04.18 한센물결          13 마리동물병원 양전지파행                                                                                          
2021.04.18 함안자양산        12 마리동물병원 양후지 근육통                                                                                       
2021.04.18 힐모어            08 마리동물병원 좌전제저타박상                                                                                      
2021.04.18 타핏원더풀        21 부산부속동물 술후처치(골편적출술)                                                                                
2021.04.18 골드프린스        24 스마일 동물  양제3중수골골막염                                                                                   
2021.04.18 그레이엔젤        21 스마일 동물  운동기인성 피로회복                                                                                 
2021.04.18 금아스탈렛        10 스마일 동물  양각막찰과상                                                                                        
2021.04.18 노블카우보이      02 스마일 동물  좌각막찰과상                                                                                        
2021.04.18 뉴스메이커        20 스마일 동물  좌비절부찰과상                                                                                      
2021.04.18 뉴프레시          17 스마일 동물  좌전지 부종                                                                                         
2021.04.18 뉴픽              02 스마일 동물  우각막찰과상                                                                                        
2021.04.18 다이아몬드마린    27 스마일 동물  우각막찰과상                                                                                        
2021.04.18 다이아포스        17 스마일 동물  산통                                                                                                
2021.04.18 더윈              15 스마일 동물  양각막찰과상                                                                                        
2021.04.18 동남불패          14 스마일 동물  우각막찰과상                                                                                        
2021.04.18 동방캡틴          14 스마일 동물  우각막찰과상                                                                                        
2021.04.18 라온더스타        33 스마일 동물  좌전지파행                                                                                          
2021.04.18 라온더캡틴        33 스마일 동물  좌각막찰과상                                                                                        
2021.04.18 라온더파워        33 스마일 동물  우후지 부종                                                                                         
2021.04.18 럭키브레이크      16 스마일 동물  좌각막찰과상                                                                                        
2021.04.18 레거시            15 스마일 동물  우각막찰과상                                                                                        
2021.04.18 록하드포스        17 스마일 동물  우각막찰과상                                                                                        
2021.04.18 루카스선          17 스마일 동물  좌각막찰과상                                                                                        
2021.04.18 마이티즈젬        15 스마일 동물  좌각막찰과상                                                                                        
2021.04.18 마하타이탄        33 스마일 동물  좌각막찰과상                                                                                        
2021.04.18 매직플라잉        16 스마일 동물  좌각막찰과상                                                                                        
2021.04.18 무적베테랑        04 스마일 동물  좌각막찰과상                                                                                        
2021.04.18 문화시그니쳐      04 스마일 동물  우각막찰과상                                                                                        
2021.04.18 미스펙터          21 스마일 동물  좌각막찰과상                                                                                        
2021.04.18 베스트해피        02 스마일 동물  좌각막찰과상                                                                                        
2021.04.18 브라운파이        32 스마일 동물  우각막찰과상                                                                                        
2021.04.18 블루엠버          15 스마일 동물  정치                                                                                                
2021.04.18 비스틀리          31 스마일 동물  좌각막찰과상                                                                                        
2021.04.18 비욘드            21 스마일 동물  좌후 구절부 찰과상                                                                                  
2021.04.18 비케이존          02 스마일 동물  운동기인성 피로회복(수액처치)                                                                       
2021.04.18 비케이존          02 스마일 동물  운동기인성 피로회복(수액처치)                                                                       
2021.04.18 서귀포에이스      14 스마일 동물  우각막찰과상                                                                                        
2021.04.18 선마운틴          14 스마일 동물  좌각막찰과상                                                                                        
2021.04.18 성산히어로        16 스마일 동물  우각막찰과상                                                                                        
2021.04.18 센텀번개          33 스마일 동물  우전지파행                                                                                          
2021.04.18 스카이캡틴        02 스마일 동물  좌하퇴부 좌창                                                                                       
2021.04.18 스타레이크        02 스마일 동물  운동기인성 피로회복(수액처치)                                                                       
2021.04.18 스타레이크        02 스마일 동물  운동기인성 피로회복(수액처치)                                                                       
2021.04.18 스파이시칸        16 스마일 동물  양각막찰과상                                                                                        
2021.04.18 스피드선샤인      16 스마일 동물  물리치료(쇽웨이브)                                                                                  
2021.04.18 스피드퓨리        16 스마일 동물  물리치료(쇽웨이브)                                                                                  
2021.04.18 승리퀸            27 스마일 동물  좌각막찰과상                                                                                        
2021.04.18 시선강탈          16 스마일 동물  좌완관절염,양전구절염                                                                               
2021.04.18 신비한바람        14 스마일 동물  우각막찰과상                                                                                        
2021.04.18 아나스타시아      24 스마일 동물  우후 구절부 찰과상                                                                                  
2021.04.18 아메리칸파워      10 스마일 동물  우각막찰과상                                                                                        
2021.04.18 아이엠차터드      06 스마일 동물  우중수부찰과상                                                                                      
2021.04.18 얼라이브캡틴      15 스마일 동물  양각막찰과상                                                                                        
2021.04.18 엄지척            28 스마일 동물  우전구절찰과상                                                                                      
2021.04.18 에이스데이        14 스마일 동물  우각막찰과상                                                                                        
2021.04.18 에이스솔로몬      31 스마일 동물  거세술                                                                                              
2021.04.18 에코문            04 스마일 동물  양각막찰과상                                                                                        
2021.04.18 영광의러너        04 스마일 동물  우각막찰과상                                                                                        
2021.04.18 영광의팩터        06 스마일 동물  좌각막찰과상                                                                                        
2021.04.18 영도갈매기        20 스마일 동물  좌후지 근육통                                                                                       
2021.04.18 영봉산            05 스마일 동물  좌각막찰과상                                                                                        
2021.04.18 오피서세상        05 스마일 동물  양각막찰과상                                                                                        
2021.04.18 용연              32 스마일 동물  좌각막찰과상                                                                                        
2021.04.18 우승대로          16 스마일 동물  양각막찰과상                                                                                        
2021.04.18 운주으뜸          21 스마일 동물  좌각막찰과상                                                                                        
2021.04.18 울트라피닉스      16 스마일 동물  우각막찰과상                                                                                        
2021.04.18 원더풀버드        24 스마일 동물  우전제관상                                                                                          
2021.04.18 원더풀보브캣      15 스마일 동물  좌주두점액낭염(좌주종)                                                                              
2021.04.18 원더풀킹          09 스마일 동물  좌각막찰과상                                                                                        
2021.04.18 원더풀피스        24 스마일 동물  좌각막찰과상                                                                                        
2021.04.18 위너스맨          20 스마일 동물  좌각막찰과상                                                                                        
2021.04.18 일념통천          33 스마일 동물  우각막찰과상                                                                                        
2021.04.18 제마포춘          05 스마일 동물  우각막찰과상                                                                                        
2021.04.18 최강쏜살          02 스마일 동물  요배통                                                                                              
2021.04.18 치프에이스        14 스마일 동물  우각막찰과상                                                                                        
2021.04.18 캐치더선          16 스마일 동물  물리치료(쇽웨이브)                                                                                  
2021.04.18 콘스탄틴          15 스마일 동물  우각막찰과상                                                                                        
2021.04.18 퀸브론스키        20 스마일 동물  좌후지파행                                                                                          
2021.04.18 퀸오브스피릿      04 스마일 동물  좌각막찰과상                                                                                        
2021.04.18 퀸플라잉          33 스마일 동물  좌각막찰과상                                                                                        
2021.04.18 킹브라더          15 스마일 동물  양각막찰과상                                                                                        
2021.04.18 투투리즈          24 스마일 동물  우각막찰과상                                                                                        
2021.04.18 투투셀럽          24 스마일 동물  좌중수부 찰과상,우중족부찰과상                                                                      
2021.04.18 투투와일드싱      02 스마일 동물  운동기인성 피로회복(수액처치)                                                                       
2021.04.18 투투와일드싱      02 스마일 동물  운동기인성 피로회복(수액처치)                                                                       
2021.04.18 투투페어리        32 스마일 동물  양각막찰과상                                                                                        
2021.04.18 트라이엄프캣      15 스마일 동물  좌각막찰과상                                                                                        
2021.04.18 파워윈디          24 스마일 동물  좌각막찰과상                                                                                        
2021.04.18 파이널파티        02 스마일 동물  요배통                                                                                              
2021.04.18 퍼펙트제왕        27 스마일 동물  운동기인성 피로회복(수액처치)                                                                       
2021.04.18 퍼펙트제왕        27 스마일 동물  운동기인성 피로회복(수액처치)                                                                       
2021.04.18 페더럴스타        10 스마일 동물  좌각막찰과상                                                                                        
2021.04.18 플래시참          31 스마일 동물  좌전지파행                                                                                          
2021.04.18 해피요정          06 스마일 동물  외상기타                                                                                            
2021.04.18 히트더로드        31 스마일 동물  우각막찰과상                                                                                        
2021.04.19 가디스문          19 마리동물병원 우전지 근육통                                                                                       
2021.04.19 그레이트킹        08 마리동물병원 우전지교돌상                                                                                        
2021.04.19 닥터스카이        01 마리동물병원 좌전지교돌상                                                                                        
2021.04.19 닥터자이언츠      01 마리동물병원 좌전지교돌상                                                                                        
2021.04.19 닥터콘스          01 마리동물병원 우전지교돌상                                                                                        
2021.04.19 닥터페이스        01 마리동물병원 좌전지교돌상                                                                                        
2021.04.19 대암장군          08 마리동물병원 우전열제                                                                                            
2021.04.19 두바이특급        07 마리동물병원 양각막염                                                                                            
2021.04.19 록페가수스        13 마리동물병원 양후지 근육통                                                                                       
2021.04.19 마룬퀸            22 마리동물병원 양전구절염                                                                                          
2021.04.19 마스터퀸          07 마리동물병원 좌전지교돌상                                                                                        
2021.04.19 마크에이스        08 마리동물병원 좌전지교돌상                                                                                        
2021.04.19 만리스타          12 마리동물병원 운동기인성 피로회복(수액처치)                                                                       
2021.04.19 만리스타          12 마리동물병원 운동기인성 피로회복(수액처치)                                                                       
2021.04.19 무적영웅          08 마리동물병원 양전지 근육통                                                                                       
2021.04.19 배다리보배        12 마리동물병원 좌후지교돌상                                                                                        
2021.04.19 버닝건            07 마리동물병원 좌전구절찰과상                                                                                      
2021.04.19 블루챔프          22 마리동물병원 양전지 근육통                                                                                       
2021.04.19 비케이킹스타      13 마리동물병원 양전지 근육통                                                                                       
2021.04.19 비케이허니        13 마리동물병원 우중수부찰과상                                                                                      
2021.04.19 뿌듯              22 마리동물병원 양전구절염                                                                                          
2021.04.19 솔릭              24 마리동물병원 귀진드기감염증                                                                                      
2021.04.19 스마티돌풍        18 마리동물병원 상순 좌상                                                                                           
2021.04.19 스트롱마인드      24 마리동물병원 양각막염                                                                                            
2021.04.19 아너퀸            22 마리동물병원 양전지 근육통                                                                                       
2021.04.19 아델스파이크      01 마리동물병원 좌후지교돌상                                                                                        
2021.04.19 아델의축제        01 마리동물병원 양전지 근육통                                                                                       
2021.04.19 애니라인          13 마리동물병원 양전구절염                                                                                          
2021.04.19 에스엘킹          07 마리동물병원 우전지교돌상                                                                                        
2021.04.19 에이스가이        13 마리동물병원 좌제3중수골골막염                                                                                   
2021.04.19 오섬킹이지        08 마리동물병원 좌후지교돌상                                                                                        
2021.04.19 운주세상          22 마리동물병원 물리치료(쇽웨이브)                                                                                  
2021.04.19 원더풀스마티      24 마리동물병원 우전지교돌상                                                                                        
2021.04.19 이츠마이럭키보이  22 마리동물병원 양전지 근육통                                                                                       
2021.04.19 장산바비          22 마리동물병원 요배통                                                                                              
2021.04.19 청마황후          12 마리동물병원 좌전구절찰과상                                                                                      
2021.04.19 쾌한황금          13 마리동물병원 좌후지 근육통                                                                                       
2021.04.19 클리어            30 마리동물병원 우전지파행                                                                                          
2021.04.19 탐라황후          12 마리동물병원 우전지교돌상                                                                                        
2021.04.19 투투미스터리      24 마리동물병원 좌전지교돌상                                                                                        
2021.04.19 파워원더풀        01 마리동물병원 양전지 근육통                                                                                       
2021.04.19 한빛영광          22 마리동물병원 물리치료(쇽웨이브)                                                                                  
2021.04.19 한센물결          13 마리동물병원 양전지파행                                                                                          
2021.04.19 함안자양산        12 마리동물병원 양후지 근육통                                                                                       
2021.04.19 헌치              30 마리동물병원 운동기인성 피로회복(수액처치)                                                                       
2021.04.19 헌치              30 마리동물병원 운동기인성 피로회복(수액처치)                                                                       
2021.04.19 힐모어            08 마리동물병원 좌전제저타박상                                                                                      
2021.04.19 타핏원더풀        21 부산부속동물 술후처치(골편적출술)                                                                                
2021.04.19 골드프린스        24 스마일 동물  양제3중수골골막염                                                                                   
2021.04.19 굿캐스팅          15 스마일 동물  좌각막찰과상                                                                                        
2021.04.19 뉴스메이커        20 스마일 동물  좌비절부찰과상                                                                                      
2021.04.19 뉴프레시          17 스마일 동물  좌전지 부종                                                                                         
2021.04.19 느닷              21 스마일 동물  우각막찰과상                                                                                        
2021.04.19 다이아몬드마린    27 스마일 동물  우각막찰과상                                                                                        
2021.04.19 달의바다          06 스마일 동물  양각막찰과상                                                                                        
2021.04.19 댄싱드래건        17 스마일 동물  우각막찰과상                                                                                        
2021.04.19 동반의시작        16 스마일 동물  좌각막찰과상                                                                                        
2021.04.19 록초이스          02 스마일 동물  좌중족부찰과상                                                                                      
2021.04.19 록하드포스        17 스마일 동물  우각막찰과상                                                                                        
2021.04.19 마이베이비걸      24 스마일 동물  양전지 근육통                                                                                       
2021.04.19 마이티즈젬        15 스마일 동물  좌각막찰과상                                                                                        
2021.04.19 매직플라잉        16 스마일 동물  좌각막찰과상                                                                                        
2021.04.19 미스펙터          21 스마일 동물  좌각막찰과상                                                                                        
2021.04.19 바벨라일락        09 스마일 동물  요배통                                                                                              
2021.04.19 바벨스타          17 스마일 동물  좌각막찰과상                                                                                        
2021.04.19 베이비라인        21 스마일 동물  좌각막찰과상                                                                                        
2021.04.19 뷰티풀킹          09 스마일 동물  요배통                                                                                              
2021.04.19 브라운파이        32 스마일 동물  우각막찰과상                                                                                        
2021.04.19 비욘드            21 스마일 동물  좌후 구절부 찰과상                                                                                  
2021.04.19 선마운틴          14 스마일 동물  좌각막찰과상                                                                                        
2021.04.19 성산불꽃          16 스마일 동물  우각막찰과상                                                                                        
2021.04.19 스마트프린스      06 스마일 동물  좌각막찰과상                                                                                        
2021.04.19 시선강탈          16 스마일 동물  좌완관절염,양전구절염                                                                               
2021.04.19 신비한바람        14 스마일 동물  우각막찰과상                                                                                        
2021.04.19 얼라이브캡틴      15 스마일 동물  좌비절후종(좌척측인대염기인성비부골척측비대)                                                        
2021.04.19 에이스데이        14 스마일 동물  우각막찰과상                                                                                        
2021.04.19 에이스솔로몬      31 스마일 동물  술후처치(거세술)                                                                                    
2021.04.19 에코러시          26 스마일 동물  운동기인성 피로회복                                                                                 
2021.04.19 에코문            04 스마일 동물  양각막찰과상                                                                                        
2021.04.19 영광의러너        04 스마일 동물  우각막찰과상                                                                                        
2021.04.19 영광의축제        02 스마일 동물  좌각막찰과상                                                                                        
2021.04.19 영도갈매기        20 스마일 동물  좌후지 근육통                                                                                       
2021.04.19 영웅루이스        33 스마일 동물  좌전구절찰과상                                                                                      
2021.04.19 용연              32 스마일 동물  좌각막찰과상                                                                                        
2021.04.19 원더풀버드        24 스마일 동물  우전제관상                                                                                          
2021.04.19 원더풀피스        24 스마일 동물  좌각막찰과상                                                                                        
2021.04.19 위너스맨          20 스마일 동물  좌각막찰과상                                                                                        
2021.04.19 위닝포스트        06 스마일 동물  진정(보정)                                                                                          
2021.04.19 장산도쿄          15 스마일 동물  우각막찰과상                                                                                        
2021.04.19 치프에이스        14 스마일 동물  양전구절염                                                                                          
2021.04.19 콘스탄틴          15 스마일 동물  우각막찰과상                                                                                        
2021.04.19 콜업더가드        21 스마일 동물  양각막찰과상                                                                                        
2021.04.19 퀸브론스키        20 스마일 동물  좌후지파행                                                                                          
2021.04.19 퀸오딘이지        15 스마일 동물  좌후지파행                                                                                          
2021.04.19 퀸오브더월드      26 스마일 동물  운동기인성 피로회복                                                                                 
2021.04.19 퀸오브스피릿      04 스마일 동물  좌각막찰과상                                                                                        
2021.04.19 킹브라더          15 스마일 동물  양각막찰과상                                                                                        
2021.04.19 톱메이트          02 스마일 동물  양각막찰과상                                                                                        
2021.04.19 투투리즈          24 스마일 동물  우각막찰과상                                                                                        
2021.04.19 투투페어리        32 스마일 동물  양각막찰과상                                                                                        
2021.04.19 트라이엄프캣      15 스마일 동물  좌각막찰과상                                                                                        
2021.04.19 파워윈디          24 스마일 동물  좌각막찰과상                                                                                        
2021.04.19 파티인디          06 스마일 동물  좌각막찰과상                                                                                        
2021.04.19 폭풍언덕          15 스마일 동물  요배통                                                                                              
2021.04.19 플래시참          31 스마일 동물  좌전지파행                                                                                          
2021.04.19 하늘울림          09 스마일 동물  좌중수부 열창                                                                                       
2021.04.19 해피요정          06 스마일 동물  외상기타                                                                                            
2021.04.19 히든보이          06 스마일 동물  우각막찰과상                                                                                        
2021.04.20 닥터스카이        01 마리동물병원 좌전지교돌상                                                                                        
2021.04.20 두바이특급        07 마리동물병원 양각막염                                                                                            
2021.04.20 리아논포인트      12 마리동물병원 양후지 근육통                                                                                       
2021.04.20 마스터퀸          07 마리동물병원 좌전구절찰과상                                                                                      
2021.04.20 마크에이스        08 마리동물병원 좌후지 부종                                                                                         
2021.04.20 배다리보배        12 마리동물병원 좌후지교돌상                                                                                        
2021.04.20 버닝건            07 마리동물병원 양전지 근육통                                                                                       
2021.04.20 블루챔프          22 마리동물병원 양전지 근육통                                                                                       
2021.04.20 뿌듯              22 마리동물병원 양전구절염                                                                                          
2021.04.20 솔릭              24 마리동물병원 귀진드기감염증                                                                                      
2021.04.20 아너퀸            22 마리동물병원 양전지 근육통                                                                                       
2021.04.20 아델의축제        01 마리동물병원 양전지 근육통                                                                                       
2021.04.20 애니라인          13 마리동물병원 양전구절염                                                                                          
2021.04.20 에스엘킹          07 마리동물병원 우전지교돌상                                                                                        
2021.04.20 운주세상          22 마리동물병원 양전지 근육통                                                                                       
2021.04.20 이츠마이럭키보이  22 마리동물병원 양전지 근육통                                                                                       
2021.04.20 장산바비          22 마리동물병원 요배통                                                                                              
2021.04.20 청마황후          12 마리동물병원 좌전구절찰과상                                                                                      
2021.04.20 클리어            30 마리동물병원 우전지파행                                                                                          
2021.04.20 파워원더풀        01 마리동물병원 양전지 근육통                                                                                       
2021.04.20 한빛영광          22 마리동물병원 양전지 근육통                                                                                       
2021.04.20 함안자양산        12 마리동물병원 양후지 근육통                                                                                       
2021.04.20 골드프린스        24 스마일 동물  양제3중수골골막염                                                                                   
2021.04.20 굿캐스팅          15 스마일 동물  좌각막찰과상                                                                                        
2021.04.20 뉴프레시          17 스마일 동물  좌전지 부종                                                                                         
2021.04.20 느닷              21 스마일 동물  우각막찰과상                                                                                        
2021.04.20 달의바다          06 스마일 동물  양각막찰과상                                                                                        
2021.04.20 댄싱드래건        17 스마일 동물  우각막찰과상                                                                                        
2021.04.20 동반의시작        16 스마일 동물  좌각막찰과상                                                                                        
2021.04.20 록하드포스        17 스마일 동물  우각막찰과상                                                                                        
2021.04.20 마이베이비걸      24 스마일 동물  양전지 근육통                                                                                       
2021.04.20 미스펙터          21 스마일 동물  좌각막찰과상                                                                                        
2021.04.20 바벨라일락        09 스마일 동물  요배통                                                                                              
2021.04.20 바벨스타          17 스마일 동물  좌각막찰과상                                                                                        
2021.04.20 베이비라인        21 스마일 동물  좌각막찰과상                                                                                        
2021.04.20 뷰티풀킹          09 스마일 동물  요배통                                                                                              
2021.04.20 성산불꽃          16 스마일 동물  우각막찰과상                                                                                        
2021.04.20 얼라이브캡틴      15 스마일 동물  좌비절후종(좌척측인대염기인성비부골척측비대)                                                        
2021.04.20 에이스솔로몬      31 스마일 동물  술후처치(거세술)                                                                                    
2021.04.20 영웅루이스        33 스마일 동물  좌전구절찰과상                                                                                      
2021.04.20 용연              32 스마일 동물  좌각막찰과상                                                                                        
2021.04.20 원더풀버드        24 스마일 동물  우전제관상                                                                                          
2021.04.20 원더풀피스        24 스마일 동물  좌각막찰과상                                                                                        
2021.04.20 치프에이스        14 스마일 동물  양전구절염                                                                                          
2021.04.20 캡틴스텔스        27 스마일 동물  술후처치(거세술)                                                                                    
2021.04.20 퀸오딘이지        15 스마일 동물  좌후지파행                                                                                          
2021.04.20 타핏원더풀        21 스마일 동물  술후처치(골편적출술)                                                                                
2021.04.20 파티인디          06 스마일 동물  좌각막찰과상                                                                                        
2021.04.20 폭풍언덕          15 스마일 동물  요배통                                                                                              
2021.04.20 플래시참          31 스마일 동물  좌전지파행                                                                                          
2021.04.21 대암장군          08 마리동물병원 우전열제                                                                                            
2021.04.21 리아논포인트      12 마리동물병원 진정(장제),양후지 근육통                                                                            
2021.04.21 마크에이스        08 마리동물병원 좌후지 부종                                                                                         
2021.04.21 미라클선          07 마리동물병원 거세술                                                                                              
2021.04.21 버닝건            07 마리동물병원 좌전구절염                                                                                          
2021.04.21 부산미소          99 마리동물병원 정치                                                                                                
2021.04.21 솔릭              24 마리동물병원 귀진드기감염증                                                                                      
2021.04.21 스마티돌풍        18 마리동물병원 상순 좌상                                                                                           
2021.04.21 온누리강자        12 마리동물병원 양후지 근육통                                                                                       
2021.04.21 운주세상          22 마리동물병원 양전지 근육통                                                                                       
2021.04.21 캐러비언데이      07 마리동물병원 마비성근색소뇨증                                                                                    
2021.04.21 클리어            30 마리동물병원 우전지파행                                                                                          
2021.04.21 타핏원더풀        21 부산부속동물 술후처치(골편적출술)                                                                                
2021.04.21 굿캐스팅          15 스마일 동물  좌각막찰과상                                                                                        
2021.04.21 그레이트고        17 스마일 동물  좌각막찰과상                                                                                        
2021.04.21 금아미스틱        10 스마일 동물  정치                                                                                                
2021.04.21 남양승리          06 스마일 동물  요배통                                                                                              
2021.04.21 라온더블루        33 스마일 동물  좌각막찰과상                                                                                        
2021.04.21 마이베이비걸      24 스마일 동물  양전지 근육통                                                                                       
2021.04.21 마크스타          33 스마일 동물  우후지 부종                                                                                         
2021.04.21 무적찰리          10 스마일 동물  정치,발치                                                                                           
2021.04.21 바벨라일락        09 스마일 동물  요배통                                                                                              
2021.04.21 범이내려온다      09 스마일 동물  양후지 근육통                                                                                       
2021.04.21 베이비라인        21 스마일 동물  좌각막찰과상                                                                                        
2021.04.21 뷰티풀킹          09 스마일 동물  요배통                                                                                              
2021.04.21 블랙퀸            99 스마일 동물  좌비절연종(좌급성활막염기인성경족관절낭 급성종창)                                                   
2021.04.21 비케이유안        02 스마일 동물  우슬부 좌상                                                                                         
2021.04.21 성산사이먼        33 스마일 동물  우각막찰과상                                                                                        
2021.04.21 스카이윈          15 스마일 동물  좌전지파행                                                                                          
2021.04.21 쏜살              31 스마일 동물  진정(장제)                                                                                          
2021.04.21 영웅루이스        33 스마일 동물  좌전구절찰과상                                                                                      
2021.04.21 울트라파워        16 스마일 동물  술후처치                                                                                            
2021.04.21 원더풀보브캣      15 스마일 동물  거세술                                                                                              
2021.04.21 원더풀페이거      15 스마일 동물  마체검사                                                                                            
2021.04.21 위너스맨          20 스마일 동물  좌각막찰과상                                                                                        
2021.04.21 진마크            14 스마일 동물  물리치료(쇽웨이브)                                                                                  
2021.04.21 챔피언시대        16 스마일 동물  좌전지파행                                                                                          
2021.04.21 캡틴스텔스        27 스마일 동물  술후처치(거세술)                                                                                    
2021.04.21 퀸오딘이지        15 스마일 동물  좌후지파행                                                                                          
2021.04.21 크라운킹스타      15 스마일 동물  물리치료(쇽웨이브)                                                                                  
2021.04.21 티즈하티드        04 스마일 동물  물리치료(쇽웨이브)                                                                                  
2021.04.21 파티인디          06 스마일 동물  요배통                                                                                              
2021.04.21 패션블레이드      14 스마일 동물  좌각막찰과상                                                                                        
2021.04.21 폭풍언덕          15 스마일 동물  요배통                                                                                              
2021.04.21 플래시참          31 스마일 동물  좌전지파행                                                                                          
2021.04.21 하늘울림          09 스마일 동물  좌중수부 열창                                                                                       
2021.04.22 그레이트킹        08 마리동물병원 운동기인성 피로회복                                                                                 
2021.04.22 대암장군          08 마리동물병원 우전제관부 좌상                                                                                     
2021.04.22 만리스타          12 마리동물병원 운동기인성 피로회복(수액처치)                                                                       
2021.04.22 만리스타          12 마리동물병원 운동기인성 피로회복(수액처치)                                                                       
2021.04.22 매직파트너        05 마리동물병원 좌완관절염                                                                                          
2021.04.22 맨오브더이어      07 마리동물병원 우경부 좌상                                                                                         
2021.04.22 무적불패          08 마리동물병원 운동기인성 피로회복                                                                                 
2021.04.22 미라클선          07 마리동물병원 술후처치(거세술)                                                                                    
2021.04.22 미스터인디        30 마리동물병원 운동기인성 피로회복(수액처치)                                                                       
2021.04.22 미스터인디        30 마리동물병원 운동기인성 피로회복(수액처치)                                                                       
2021.04.22 바람의꿈          22 마리동물병원 운동기인성 피로회복(수액처치)                                                                       
2021.04.22 바람의꿈          22 마리동물병원 운동기인성 피로회복(수액처치)                                                                       
2021.04.22 반지의전설        30 마리동물병원 운동기인성 피로회복(수액처치)                                                                       
2021.04.22 반지의전설        30 마리동물병원 운동기인성 피로회복(수액처치)                                                                       
2021.04.22 백두정기          22 마리동물병원 운동기인성 피로회복(수액처치)                                                                       
2021.04.22 백두정기          22 마리동물병원 운동기인성 피로회복(수액처치)                                                                       
2021.04.22 버닝건            07 마리동물병원 좌전구절염                                                                                          
2021.04.22 소머치고          22 마리동물병원 운동기인성 피로회복(수액처치)                                                                       
2021.04.22 소머치고          22 마리동물병원 운동기인성 피로회복(수액처치)                                                                       
2021.04.22 스마티돌풍        18 마리동물병원 상순 좌상                                                                                           
2021.04.22 스프링파이어      24 마리동물병원 우후지 부종                                                                                         
2021.04.22 에스엘킹          07 마리동물병원 물리치료(쇽웨이브)                                                                                  
2021.04.22 짱이              22 마리동물병원 운동기인성 피로회복(수액처치)                                                                       
2021.04.22 짱이              22 마리동물병원 운동기인성 피로회복(수액처치)                                                                       
2021.04.22 천년의질주        22 마리동물병원 운동기인성 피로회복(수액처치)                                                                       
2021.04.22 천년의질주        22 마리동물병원 운동기인성 피로회복(수액처치)                                                                       
2021.04.22 클리어            30 마리동물병원 우전지파행                                                                                          
2021.04.22 킹오브더매치      19 마리동물병원 마체검사                                                                                            
2021.04.22 톱스톰            30 마리동물병원 운동기인성 피로회복(수액처치)                                                                       
2021.04.22 톱스톰            30 마리동물병원 운동기인성 피로회복(수액처치)                                                                       
2021.04.22 퓨처킹            24 마리동물병원 양후지 부종                                                                                         
2021.04.22 함안자양산        12 마리동물병원 양후지 근육통                                                                                       
2021.04.22 힐모어            08 마리동물병원 좌전제저타박상                                                                                      
2021.04.22 광화문시대        07 부산부속동물 마체검사                                                                                            
