

제목 : 21년07월11일(일)  제 1경주

(부산) 제41일 1200M 국6등급별정A       경주명 : 일반                        
경주조건:  R0~0           3세이하                    날씨:맑음 주로:양호  (8%)
순위상금: 17,160천원   7,260천원   4,620천원   2,310천원   1,650천원
부가상금:      0천원       0천원       0천원
-------------------------------------------------------------------------------------------------
순위 마번    마    명         산지   성별 연령 부담중량  기수명   조교사   마주명           레이팅
-------------------------------------------------------------------------------------------------
  1    8  비제이송             한     거     3    56.0   서승운   라이스   이시돌협회            
  2    2  닥터텍사스           한     수     3    56.0   최시대   백광열   권혁희                
  3    6  동트자보이           한     수     3    56.0   정우주   김영관   김평갑                
  4   10  천마파워             한     암     3    54.0   김어수   토마스   양국만                
  5   11  케이축제             한     거     3    56.0   채상현   강병은   이성님                
  6    1  스피드마스트         한     수     3    56.0   다실바   안우성   배수한                
  7    7  해운대블루           한     암     3    54.0   김혜선   임금만   김승진                
  8    3  더프린세스           한     암     3    50.0   박종호   권승주   오영복                
  9    4  세계질주             한     수     3    56.0   김도현   양귀선   김호종                
 10    9  그레이트엘           한     수     3    56.0   조인권   김병학   김호종                
 11    5  오백장군             한(포) 수     3    56.0   송경윤   구영준   배은정                
 12   12  엘클라시코           한     암     3    54.0   정도윤   강은석   변완수                
-------------------------------------------------------------------------------------------------
순위 마번    마      명       마 체 중  기 록  도 착 차  (S1F-S8F-G6F-G4F-G3F-G2F-G1F)
-------------------------------------------------------------------------------------------------
  1    8  비제이송             495( -1) 1:14.9            1-  -  - 1- 1- 2- 1
  2    2  닥터텍사스           479( -3) 1:15.1  1         4-  -  - 4- 4- 3- 3
  3    6  동트자보이           505( +2) 1:15.2  ½        3-  -  - 2- 2- 1- 2
  4   10  천마파워             494( +6) 1:16.6  8        11-  -  -11-11- 9- 6
  5   11  케이축제             457( -3) 1:16.7  ½        7-  -  - 6- 5- 5- 4
  6    1  스피드마스트         471( +0) 1:17.1  2½      10-  -  - 8- 8- 7- 8
  7    7  해운대블루           445( +7) 1:17.5  2         5-  -  - 5- 6- 6- 7
  8    3  더프린세스           478(-12) 1:17.6  1         9-  -  - 9- 9-10- 9
  9    4  세계질주             499( +2) 1:18.0  2½       8-  -  -10-10-11-10
 10    9  그레이트엘           455( +1) 1:18.2  1         2-  -  - 3- 3- 4- 5
 11    5  오백장군             490( -2) 1:20.0  10       12-  -  -12-12-12-12
 12   12  엘클라시코           438(-12) 1:20.3  2         6-  -  - 7- 7- 8-11
-------------------------------------------------------------------------------------------------
순위 마번 G-3F S-1F    400      400     400     400     G-2F    G-1F    단승식 연승식
-------------------------------------------------------------------------------------------------
  1    8  38.8  0:13.6                  0:24.3  0:23.2  0:27.4  0:14.0    14.3    3.1
  2    2  38.5  0:13.8                  0:24.8  0:22.8  0:27.5  0:13.7     2.6    1.3
  3    6  38.9  0:13.7                  0:24.5  0:23.0  0:27.7  0:13.9     1.8    1.2
  4   10  38.6  0:14.4                  0:25.8  0:23.3  0:27.5  0:13.9   174.2   15.7
  5   11  40.0  0:14.0                  0:24.9  0:23.1  0:28.7  0:14.7     6.6    2.1
  6    1  39.4  0:14.3                  0:25.5  0:23.4  0:28.2  0:14.3    27.8    2.5
  7    7  40.6  0:13.8                  0:24.9  0:23.4  0:29.2  0:14.7   118.1    6.6
  8    3  39.8  0:14.2                  0:25.6  0:23.7  0:28.3  0:14.2   349.9   56.2
  9    4  40.2  0:14.1                  0:25.6  0:23.7  0:28.7  0:14.4   323.2   10.4
 10    9  41.8  0:13.6                  0:24.6  0:23.2  0:30.4  0:15.6    74.2    3.7
 11    5  40.1  0:15.0                  0:27.2  0:24.4  0:28.4  0:14.2    40.7    3.4
 12   12  43.0  0:13.9                  0:25.1  0:23.8  0:31.4  0:16.3   224.4   38.1
-------------------------------------------------------------------------------------------------
(복승식 배당률)
  1- 2    25.8  2- 9    42.7  4- 5   887.0  5-15     0.0  8- 9   164.6 11-12  1147.0
  1- 3  1891.9  2-10   211.6  4- 6    74.4  5-16     0.0  8-10   335.2 11-13     0.0
  1- 4   684.1  2-11     8.1  4- 7  1310.2  6- 7    52.5  8-11    23.5 11-14     0.0
  1- 5   103.0  2-12   475.7  4- 8   518.1  6- 8     7.8  8-12  1178.1 11-15     0.0
  1- 6    14.5  2-13     0.0  4- 9  1086.9  6- 9    28.6  8-13     0.0 11-16     0.0
  1- 7   345.8  2-14     0.0  4-10  1228.9  6-10   171.5  8-14     0.0 12-13     0.0
  1- 8   113.6  2-15     0.0  4-11   492.4  6-11     5.1  8-15     0.0 12-14     0.0
  1- 9   130.1  2-16     0.0  4-12  3280.1  6-12   267.9  8-16     0.0 12-15     0.0
  1-10   954.8  3- 4  1723.8  4-13     0.0  6-13     0.0  9-10  1436.0 12-16     0.0
  1-11    56.5  3- 5  1605.4  4-14     0.0  6-14     0.0  9-11    80.4 13-14     0.0
  1-12  1377.5  3- 6   419.8  4-15     0.0  6-15     0.0  9-12  3101.6 13-15     0.0
  1-13     0.0  3- 7  9911.7  4-16     0.0  6-16     0.0  9-13     0.0 13-16     0.0
  1-14     0.0  3- 8  1915.7  5- 6    14.0  7- 8   374.0  9-14     0.0 14-15     0.0
  1-15     0.0  3- 9  7124.0  5- 7   339.9  7- 9   551.0  9-15     0.0 14-16     0.0
  1-16     0.0  3-10  7237.1  5- 8   118.7  7-10  1820.1  9-16     0.0 15-16     0.0
  2- 3   907.3  3-11  1076.6  5- 9   259.6  7-11   162.5 10-11   431.6  0- 0     0.0
  2- 4   177.4  3-12  2491.5  5-10   741.4  7-12  2285.4 10-12  3964.7  0- 0     0.0
  2- 5    37.3  3-13     0.0  5-11    45.9  7-13     0.0 10-13     0.0  0- 0     0.0
  2- 6     2.8  3-14     0.0  5-12  2053.8  7-14     0.0 10-14     0.0  0- 0     0.0
  2- 7    94.8  3-15     0.0  5-13     0.0  7-15     0.0 10-15     0.0  0- 0     0.0
  2- 8    19.6  3-16     0.0  5-14     0.0  7-16     0.0 10-16     0.0  0- 0     0.0
-------------------------------------------------------------------------------------------------
매출액 단식:      4,767,800    연식:      8,952,500      복식:    124,914,500
       복연:     26,352,500    쌍식:     49,353,500      삼복:    135,475,200
       삼쌍:     96,675,700    합계:    446,491,700
-------------------------------------------------------------------------------------------------
배당률 단: ⑧14.3       연: ⑧3.1 ②1.3 ⑥1.2          복: ⑧②19.6      4F:50.6
                                                                         3F:38.8
                        쌍: ⑧②54.5
     복연: ⑧②5.7 ⑧⑥4.3 ②⑥1.4
     삼복: ⑧②⑥8.4 
     삼쌍: ⑧②⑥127.9 
-------------------------------------------------------------------------------------------------
펄 롱:13.6 10.7 11.8   11.4   13.4   14.0   
통과M:  200  400  600    800    1000   1200
통과T:13.6 24.3 36.1 0:47.5 1:00.9 1:14.9 
-------------------------------------------------------------------------------------------------
통과순위 S1F : (6,8,9),(2,7,12),(4,11),(1,3),10-5      
         G8F :                                         
         G6F :                                         
         G4F : 8,(6,9),(2,7,11),12-(1,3,4),10=5        
         G3F : 8,(6,9),(2,11),7-12-(1,3,4),10≡5        
         G2F : (2,6,8),9,11,7-(1,12),10,(3,4)≡5        
         G1F : 8-(2,6)-11-(10,9),(7,1)-3,4-12≡5        
-------------------------------------------------------------------------------------------------
구분 출전번호  대상명            처분종류     처분내용                     세부내용
-------------------------------------------------------------------------------------------------
기수   10      김어수            견책                                      결승선 전방 약 400m 지점 바깥으로 진로변경, 3번 주행방해
기수    8      서승운            견책                                      3코너 진입지점 안으로 진로변경, 2번 주행방해      
말      1      스피드마스트      출발심사                                  진입 및 출발자세불량                              
말     12      엘클라시코        주행심사                                  경주능력부진(1위마와 31.0마신 차)                 
말      6      동트자보이        주의                                      전 구간 안으로 기댐                               
-------------------------------------------------------------------------------------------------


제목 : 21년07월11일(일)  제 2경주

(부산) 제41일 1400M 국6등급별정A       경주명 : 일반                        
경주조건:  R0~0           연령오픈                   날씨:맑음 주로:양호  (8%)
순위상금: 11,440천원   4,840천원   3,080천원   1,540천원   1,100천원
부가상금:      0천원       0천원       0천원
-------------------------------------------------------------------------------------------------
순위 마번    마    명         산지   성별 연령 부담중량  기수명   조교사   마주명           레이팅
-------------------------------------------------------------------------------------------------
  1   12  미스인디             한     암     3    54.0   이성재   울즐리   범한산업              
  2    3  비케이킹스타         한     거     3    54.0   모준호   강병은   함승원                
  3    7  스파이시칸           한     거     3    56.0   채상현   김재섭   조영철                
  4    2  블루오크             한     암     4    51.0   김태현   강형곤   이혜란                
  5    5  트리플질주           한(포) 수     3    56.0   최시대   권승주   오영복                
  6    4  허니스타             한     거     3    56.0   다실바   토마스   류화영                
  7    9  타임포인트           한     암     3    54.0   조창욱   이상영   임석수                
  8   11  우리좋은날           한     암     4    54.0   유광희   이정표   안호석                
  9    6  연승글로리           한     거     3    52.0   박종호   이정표   성중희                
 10    1  로열캐슬             한     수     4    56.0   김태경   조용배   김흥보                
 11   10  그랜드축제           한     수     3    56.0   송경윤   문제복   양호규                
 12    8  골드오브하트         한     수     4    56.0   정우주   윤영훈   김경태                
-------------------------------------------------------------------------------------------------
순위 마번    마      명       마 체 중  기 록  도 착 차  (S1F-S8F-G6F-G4F-G3F-G2F-G1F)
-------------------------------------------------------------------------------------------------
  1   12  미스인디             516(+10) 1:28.0            1-  -  - 1- 1- 1- 1
  2    3  비케이킹스타         452( -2) 1:29.1  6         3-  -  - 4- 3- 3- 2
  3    7  스파이시칸           477( +4) 1:29.1  머리     12-  -  - 8- 8- 6- 4
  4    2  블루오크             478( -3) 1:29.4  1¾       5-  -  - 5- 5- 4- 5
  5    5  트리플질주           472( +4) 1:29.5  ½        2-  -  - 2- 2- 2- 3
  6    4  허니스타             481( +1) 1:30.2  4         6-  -  - 6- 6- 7- 6
  7    9  타임포인트           471( -4) 1:30.2  ½        9-  -  - 7- 7- 9- 8
  8   11  우리좋은날           469( +3) 1:30.2  머리      7-  -  -10-10- 8- 7
  9    6  연승글로리           448( +6) 1:30.3  ½       11-  -  -11-11-10-10
 10    1  로열캐슬             471( +1) 1:31.1  5         4-  -  - 3- 4- 5- 9
 11   10  그랜드축제           476( -5) 1:32.3  7        10-  -  - 9- 9-11-11
 12    8  골드오브하트         567( +9) 1:36.1  22        8-  -  -12-12-12-12
-------------------------------------------------------------------------------------------------
순위 마번 G-3F S-1F    400      400     400     400     G-2F    G-1F    단승식 연승식
-------------------------------------------------------------------------------------------------
  1   12  39.3  0:13.8                  0:22.7  0:23.5  0:28.0  0:14.1     1.4    1.0
  2    3  39.8  0:14.1                  0:22.6  0:23.9  0:28.5  0:14.3     5.7    1.6
  3    7  39.1  0:14.9                  0:22.4  0:24.2  0:27.6  0:13.8    43.9    4.8
  4    2  39.6  0:14.2                  0:22.8  0:24.0  0:28.4  0:13.9    17.8    3.2
  5    5  40.7  0:14.0                  0:22.5  0:23.8  0:29.2  0:14.7     7.0    1.7
  6    4  40.4  0:14.4                  0:22.7  0:24.4  0:28.7  0:14.5    10.1    2.2
  7    9  40.3  0:14.7                  0:22.5  0:24.7  0:28.3  0:14.1   406.1   66.5
  8   11  40.0  0:14.5                  0:22.9  0:24.5  0:28.3  0:14.2   423.0   22.0
  9    6  39.9  0:14.8                  0:22.9  0:24.4  0:28.2  0:13.8    69.9    7.4
 10    1  41.5  0:14.2                  0:22.5  0:24.7  0:29.7  0:14.7   164.6   23.8
 11   10  42.2  0:14.7                  0:22.6  0:24.9  0:30.1  0:15.5    79.9   14.1
 12    8  45.4  0:14.6                  0:23.2  0:25.0  0:33.3  0:17.4   149.3   34.7
-------------------------------------------------------------------------------------------------
(복승식 배당률)
  1- 2   409.7  2- 9   826.0  4- 5    31.7  5-15     0.0  8- 9  3003.2 11-12   101.8
  1- 3   427.6  2-10   652.2  4- 6   512.9  5-16     0.0  8-10  2427.6 11-13     0.0
  1- 4   717.5  2-11   396.0  4- 7   122.3  6- 7   776.8  8-11   956.2 11-14     0.0
  1- 5   590.1  2-12     5.8  4- 8   904.7  6- 8  3055.7  8-12   140.8 11-15     0.0
  1- 6  3045.1  2-13     0.0  4- 9   958.3  6- 9  2765.6  8-13     0.0 11-16     0.0
  1- 7  1330.2  2-14     0.0  4-10   459.0  6-10   886.4  8-14     0.0 12-13     0.0
  1- 8  4673.5  2-15     0.0  4-11   367.8  6-11  1828.3  8-15     0.0 12-14     0.0
  1- 9  3310.4  2-16     0.0  4-12     7.1  6-12    59.6  8-16     0.0 12-15     0.0
  1-10  2218.1  3- 4    22.3  4-13     0.0  6-13     0.0  9-10  1574.7 12-16     0.0
  1-11   910.4  3- 5    17.2  4-14     0.0  6-14     0.0  9-11  1418.7 13-14     0.0
  1-12   112.7  3- 6   204.2  4-15     0.0  6-15     0.0  9-12   133.2 13-15     0.0
  1-13     0.0  3- 7    72.8  4-16     0.0  6-16     0.0  9-13     0.0 13-16     0.0
  1-14     0.0  3- 8   378.5  5- 6   266.8  7- 8  1027.0  9-14     0.0 14-15     0.0
  1-15     0.0  3- 9   380.0  5- 7    97.8  7- 9  1538.6  9-15     0.0 14-16     0.0
  1-16     0.0  3-10   225.4  5- 8   386.7  7-10   657.6  9-16     0.0 15-16     0.0
  2- 3    24.4  3-11   239.1  5- 9   793.1  7-11  1114.7 10-11  1107.7  0- 0     0.0
  2- 4    41.6  3-12     2.6  5-10   233.7  7-12    16.2 10-12    57.3  0- 0     0.0
  2- 5    48.6  3-13     0.0  5-11   285.4  7-13     0.0 10-13     0.0  0- 0     0.0
  2- 6   407.6  3-14     0.0  5-12     4.7  7-14     0.0 10-14     0.0  0- 0     0.0
  2- 7   167.4  3-15     0.0  5-13     0.0  7-15     0.0 10-15     0.0  0- 0     0.0
  2- 8  1064.5  3-16     0.0  5-14     0.0  7-16     0.0 10-16     0.0  0- 0     0.0
-------------------------------------------------------------------------------------------------
매출액 단식:      3,807,000    연식:     11,349,700      복식:    119,718,200
       복연:     28,794,300    쌍식:     54,398,400      삼복:    145,966,100
       삼쌍:    115,032,800    합계:    479,066,500
-------------------------------------------------------------------------------------------------
배당률 단: ⑫1.4        연: ⑫1.0 ③1.6 ⑦4.8          복: ⑫③2.6       4F:51.5
                                                                         3F:39.3
                        쌍: ⑫③3.7
     복연: ⑫③1.5 ⑫⑦4.5 ③⑦12.9
     삼복: ⑫③⑦14.8 
     삼쌍: ⑫③⑦32.5 
-------------------------------------------------------------------------------------------------
펄 롱:13.8 10.9 11.8   12.2   11.3   13.9   14.1   
통과M:  200  400  600    800    1000   1200   1400
통과T:13.8 24.7 36.5 0:48.7 1:00.0 1:13.9 1:28.0 
-------------------------------------------------------------------------------------------------
통과순위 S1F : 12,(3,5),(1,2),(4,11),(8,9,10),(7,6)    
         G8F :                                         
         G6F :                                         
         G4F : (12,5),(1,3),(2,4),(7,9,10),11,(6,8)    
         G3F : (^12,5)-3,1,(2,4,9),(7,10),11,6,8       
         G2F : 12,5,3-2-(7,4,1)-(11,9),(6,10)-8        
         G1F : 12=(3,5)-7,2,4,(11,9),(6,1),10≡8        
-------------------------------------------------------------------------------------------------
구분 출전번호  대상명            처분종류     처분내용                     세부내용
-------------------------------------------------------------------------------------------------
특 
이 
사 
항
-------------------------------------------------------------------------------------------------


제목 : 21년07월11일(일)  제 3경주

(부산) 제41일 1400M 국5등급핸디캡      경주명 : 일반                        
경주조건:  R1~35          연령오픈                   날씨:맑음 주로:양호  (6%)
순위상금: 17,160천원   7,260천원   4,620천원   2,310천원   1,650천원
부가상금:      0천원       0천원       0천원
-------------------------------------------------------------------------------------------------
순위 마번    마    명         산지   성별 연령 부담중량  기수명   조교사   마주명           레이팅
-------------------------------------------------------------------------------------------------
  1    5  플랫베이브           한(포) 암     3    52.5   유현명   민장기   김종업              29
  2    8  해남해머             한     암     3    54.5   조인권   안우성   임한용              33
  3    4  에코피아             한     암     3    53.0   조창욱   강형곤   이혜란              30
  4    1  인디언파티           한     수     4    53.0   김혜선   김병학   배은정              26
  5    7  힐모어               한(포) 수     3    55.5   서승운   토마스   허정완              31
  6   12  서부퀸               한     암     3    52.0   다실바   토마스   부건영              27
  7   11  더퍼스트팩터         한(포) 암     3    53.5   정동철   양귀선   김갑수              31
  8    2  투투페어리           한     암     4    54.5   채상현   임동창   강용익              33
  9    9  아델스마트           한     수     3    56.0   정도윤   백광열   이종훈              32
 10   10  에코굿               한     암     4    54.0   송경윤   김영관   류주영              32
 11    3  보령환호             한     암     5    55.0   김어수   조용배   백영일              34
       6  천년의약속           한     수     5    55.5   최시대   임금만   류주영              31
-------------------------------------------------------------------------------------------------
순위 마번    마      명       마 체 중  기 록  도 착 차  (S1F-S8F-G6F-G4F-G3F-G2F-G1F)
-------------------------------------------------------------------------------------------------
  1    5  플랫베이브           487( +0) 1:26.8            4-  -  - 3- 2- 2- 1
  2    8  해남해머             468( +2) 1:27.0  1         1-  -  - 1- 1- 1- 2
  3    4  에코피아             483( +1) 1:27.2  1         2-  -  - 2- 4- 3- 3
  4    1  인디언파티           468( -5) 1:27.7  3         9-  -  - 5- 6- 6- 6
  5    7  힐모어               459( -7) 1:27.8  ½       10-  -  - 8- 8- 7- 7
  6   12  서부퀸               443( -4) 1:28.0  1         5-  -  - 6- 5- 4- 4
  7   11  더퍼스트팩터         496( -7) 1:28.1  ¾        3-  -  - 4- 3- 5- 5
  8    2  투투페어리           468( +0) 1:28.6  3        11-  -  -11-10- 8- 8
  9    9  아델스마트           487( +2) 1:29.3  4         7-  -  - 9-11-11- 9
 10   10  에코굿               495( -2) 1:30.8  9         8-  -  -10- 9- 9-10
 11    3  보령환호             436( -4) 1:31.0  1¼       6-  -  - 7- 7-10-11
       6  천년의약속           536( +2) 0:00.0  출전제외   -  -  -  -  -  -  
-------------------------------------------------------------------------------------------------
순위 마번 G-3F S-1F    400      400     400     400     G-2F    G-1F    단승식 연승식
-------------------------------------------------------------------------------------------------
  1    5  36.6  0:14.5                  0:23.0  0:23.4  0:25.9  0:12.9     5.0    1.3
  2    8  36.9  0:14.3                  0:23.0  0:23.6  0:26.1  0:12.9     2.4    1.3
  3    4  36.8  0:14.4                  0:23.1  0:23.7  0:26.0  0:12.9     6.0    1.7
  4    1  37.0  0:14.7                  0:23.0  0:24.3  0:25.7  0:12.7    13.0    3.9
  5    7  36.8  0:14.7                  0:23.4  0:24.0  0:25.7  0:12.5     5.5    1.7
  6   12  37.6  0:14.5                  0:23.2  0:23.6  0:26.7  0:13.4    45.8   12.7
  7   11  37.9  0:14.4                  0:23.1  0:23.8  0:26.8  0:13.4    25.4    7.2
  8    2  37.6  0:15.0                  0:23.5  0:23.6  0:26.5  0:13.3    59.2    7.2
  9    9  38.2  0:14.6                  0:23.6  0:24.3  0:26.8  0:13.5    14.8    6.5
 10   10  39.8  0:14.6                  0:23.6  0:24.2  0:28.4  0:14.3    22.4    5.7
 11    3  40.1  0:14.6                  0:23.4  0:24.5  0:28.5  0:14.2    91.6   33.7
       6                                                                             
-------------------------------------------------------------------------------------------------
(복승식 배당률)
  1- 2   150.3  2- 9   345.6  4- 5    11.5  5-15     0.0  8- 9    22.7 11-12   432.0
  1- 3   530.4  2-10   403.5  4- 6     0.0  5-16     0.0  8-10    26.9 11-13     0.0
  1- 4    29.0  2-11   294.2  4- 7    14.6  6- 7     0.0  8-11    21.3 11-14     0.0
  1- 5    23.2  2-12  1287.3  4- 8     7.6  6- 8     0.0  8-12    80.9 11-15     0.0
  1- 6     0.0  2-13     0.0  4- 9    46.8  6- 9     0.0  8-13     0.0 11-16     0.0
  1- 7    29.1  2-14     0.0  4-10    57.2  6-10     0.0  8-14     0.0 12-13     0.0
  1- 8    15.9  2-15     0.0  4-11    56.3  6-11     0.0  8-15     0.0 12-14     0.0
  1- 9   117.9  2-16     0.0  4-12   235.2  6-12     0.0  8-16     0.0 12-15     0.0
  1-10   111.5  3- 4   292.8  4-13     0.0  6-13     0.0  9-10   172.7 12-16     0.0
  1-11   110.8  3- 5   379.3  4-14     0.0  6-14     0.0  9-11   127.8 13-14     0.0
  1-12   370.1  3- 6     0.0  4-15     0.0  6-15     0.0  9-12   431.0 13-15     0.0
  1-13     0.0  3- 7   469.1  4-16     0.0  6-16     0.0  9-13     0.0 13-16     0.0
  1-14     0.0  3- 8   338.5  5- 6     0.0  7- 8     6.2  9-14     0.0 14-15     0.0
  1-15     0.0  3- 9   850.4  5- 7    11.1  7- 9    46.8  9-15     0.0 14-16     0.0
  1-16     0.0  3-10   769.5  5- 8     5.7  7-10    54.3  9-16     0.0 15-16     0.0
  2- 3  1052.3  3-11   666.4  5- 9    41.6  7-11    52.2 10-11   169.7  0- 0     0.0
  2- 4   168.8  3-12  1046.2  5-10    35.8  7-12   198.5 10-12   506.7  0- 0     0.0
  2- 5    94.6  3-13     0.0  5-11    40.7  7-13     0.0 10-13     0.0  0- 0     0.0
  2- 6     0.0  3-14     0.0  5-12   156.5  7-14     0.0 10-14     0.0  0- 0     0.0
  2- 7    96.1  3-15     0.0  5-13     0.0  7-15     0.0 10-15     0.0  0- 0     0.0
  2- 8    63.2  3-16     0.0  5-14     0.0  7-16     0.0 10-16     0.0  0- 0     0.0
-------------------------------------------------------------------------------------------------
매출액 단식:      5,863,000    연식:     15,043,300      복식:    172,987,000
       복연:     35,142,500    쌍식:     59,486,100      삼복:    189,790,500
       삼쌍:    110,486,100    합계:    588,798,500
-------------------------------------------------------------------------------------------------
배당률 단: ⑤5.0        연: ⑤1.3 ⑧1.3 ④1.7          복: ⑤⑧5.7       4F:49.5
                                                                         3F:36.7
                        쌍: ⑤⑧12.5
     복연: ⑤⑧2.7 ⑤④4.9 ⑧④2.8
     삼복: ⑤⑧④9.8 
     삼쌍: ⑤⑧④60.2 
-------------------------------------------------------------------------------------------------
펄 롱:14.3 11.1 11.9   12.8   10.8   13.0   12.9   
통과M:  200  400  600    800    1000   1200   1400
통과T:14.3 25.4 37.3 0:50.1 1:00.9 1:13.9 1:26.8 
-------------------------------------------------------------------------------------------------
통과순위 S1F : (4,^8,11),(3,5,9,10,12),(1,7),2         
         G8F :                                         
         G6F :                                         
         G4F : 8,(4,5,11),(1,12),(7,3),(9,10),2        
         G3F : (^8,5,11),(4,12),1,(7,3,10,2),9         
         G2F : (8,5),(4,12,11)-(7,1,2),(3,10,9)        
         G1F : 5,8,4,(12,11),1,(7,2)-9-10,3            
-------------------------------------------------------------------------------------------------
구분 출전번호  대상명            처분종류     처분내용                     세부내용
-------------------------------------------------------------------------------------------------
말      6      천년의약속        출전제외                                  마체이상                                          
-------------------------------------------------------------------------------------------------


제목 : 21년07월11일(일)  제 4경주

(부산) 제41일 1600M 혼4등급별정B       경주명 : 일반                        
경주조건:  R1~50          연령오픈                   날씨:맑음 주로:양호  (6%)
순위상금: 23,400천원   9,900천원   6,300천원   3,150천원   2,250천원
부가상금:      0천원       0천원       0천원
-------------------------------------------------------------------------------------------------
순위 마번    마    명         산지   성별 연령 부담중량  기수명   조교사   마주명           레이팅
-------------------------------------------------------------------------------------------------
  1    7  폭풍언덕             미     수     4    58.0   최시대   안우성   이성인              48
  2    5  덩컨                 미     수     3    56.0   페로비치 울즐리   박희상              44
  3    8  클린샷               미     수     3    54.0   김철호   강은석   박희준              36
  4    9  태극보이             미     거     4    54.0   요아니스 김영관   김종업              37
  5   12  워리어클래스         미     수     4    54.0   정우주   강은석   김중길              36
  6   10  신비한여인           한     암     5    55.0   임성실   윤영훈   이동헌              47
  7    6  티즈비               한     암     5    54.0   채상현   라이스   죠셉달라오          42
  8    3  투투리즈             미     암     4    53.0   이성재   김길중   강용익              41
  9    4  매직플라잉           한     수     5    55.0   서승운   김재섭   이원재              41
 10   11  상승대한             한     거     6    56.0   유광희   문제복   장석노              42
 11    1  펑키                 한     암     5    52.0   송경윤   문제복   정광화              36
 12    2  하디찰리             미     수     3    54.0   정도윤   방동석   박병현              36
-------------------------------------------------------------------------------------------------
순위 마번    마      명       마 체 중  기 록  도 착 차  (S1F-S8F-G6F-G4F-G3F-G2F-G1F)
-------------------------------------------------------------------------------------------------
  1    7  폭풍언덕             492( +8) 1:39.9            9-  -10-10- 7- 7- 1
  2    5  덩컨                 499( -1) 1:40.2  1¾       3-  - 2- 2- 1- 1- 2
  3    8  클린샷               458( -3) 1:40.8  3        11-  -11-11-11-11- 6
  4    9  태극보이             515( -7) 1:41.7  5         1-  - 4- 6- 6- 6- 4
  5   12  워리어클래스         526( +4) 1:41.7  코        6-  - 6- 3- 4- 4- 3
  6   10  신비한여인           482( +4) 1:41.8  ½        7-  - 7- 8- 9- 9- 7
  7    6  티즈비               459( +1) 1:42.0  ¾        4-  - 3- 5- 3- 5- 5
  8    3  투투리즈             500( +5) 1:42.2  1¼      12-  -12-12-12-12-12
  9    4  매직플라잉           531( -1) 1:42.6  2½       5-  - 5- 4- 5- 3- 8
 10   11  상승대한             489( +3) 1:42.9  1¾       8-  - 9- 9-10-10-10
 11    1  펑키                 468( +2) 1:42.9  머리     10-  - 8- 7- 8- 8-11
 12    2  하디찰리             525( +1) 1:43.4  2½       2-  - 1- 1- 2- 2- 9
-------------------------------------------------------------------------------------------------
순위 마번 G-3F S-1F    400      400     400     400     G-2F    G-1F    단승식 연승식
-------------------------------------------------------------------------------------------------
  1    7  38.8  0:14.2          0:25.7  0:23.0  0:24.0  0:27.2  0:13.5     4.4    2.2
  2    5  39.6  0:13.8          0:24.9  0:22.8  0:24.4  0:28.1  0:13.7     2.3    1.4
  3    8  39.0  0:14.5          0:26.1  0:23.2  0:24.3  0:27.2  0:13.5    51.0   10.2
  4    9  40.7  0:13.7          0:24.9  0:23.4  0:24.4  0:29.0  0:14.6    17.6    2.9
  5   12  40.8  0:13.9          0:25.2  0:22.8  0:24.6  0:29.1  0:14.6     9.0    2.9
  6   10  40.4  0:14.0          0:25.5  0:23.2  0:24.6  0:28.5  0:14.3    20.0    2.9
  7    6  41.2  0:13.8          0:24.9  0:23.2  0:24.5  0:29.4  0:14.8    30.4    3.5
  8    3  39.4  0:15.2          0:27.1  0:23.2  0:23.7  0:28.2  0:13.9     9.3    3.5
  9    4  41.6  0:13.9          0:25.1  0:23.0  0:24.5  0:30.0  0:15.0     6.6    1.7
 10   11  41.4  0:14.1          0:25.6  0:23.1  0:24.8  0:29.4  0:14.7    32.0    8.8
 11    1  41.6  0:14.5          0:25.6  0:22.8  0:24.7  0:29.8  0:14.6   132.1   11.4
 12    2  42.7  0:13.8          0:24.9  0:22.8  0:24.6  0:31.1  0:15.5    50.1   11.8
-------------------------------------------------------------------------------------------------
(복승식 배당률)
  1- 2   313.2  2- 9   304.5  4- 5     5.9  5-15     0.0  8- 9   270.8 11-12   182.5
  1- 3   188.7  2-10   337.4  4- 6    63.2  5-16     0.0  8-10   410.0 11-13     0.0
  1- 4    80.1  2-11  1322.7  4- 7    12.3  6- 7    52.5  8-11   374.6 11-14     0.0
  1- 5    47.8  2-12   195.1  4- 8   161.9  6- 8   591.9  8-12   206.3 11-15     0.0
  1- 6   641.5  2-13     0.0  4- 9    37.2  6- 9   128.7  8-13     0.0 11-16     0.0
  1- 7   116.2  2-14     0.0  4-10    39.6  6-10   243.1  8-14     0.0 12-13     0.0
  1- 8   544.1  2-15     0.0  4-11    88.1  6-11   467.8  8-15     0.0 12-14     0.0
  1- 9   520.6  2-16     0.0  4-12    27.4  6-12    93.1  8-16     0.0 12-15     0.0
  1-10   194.8  3- 4    32.8  4-13     0.0  6-13     0.0  9-10   115.1 12-16     0.0
  1-11   557.0  3- 5    15.5  4-14     0.0  6-14     0.0  9-11   281.2 13-14     0.0
  1-12   236.8  3- 6   132.9  4-15     0.0  6-15     0.0  9-12    65.9 13-15     0.0
  1-13     0.0  3- 7    36.0  4-16     0.0  6-16     0.0  9-13     0.0 13-16     0.0
  1-14     0.0  3- 8   334.1  5- 6    23.4  7- 8   173.5  9-14     0.0 14-15     0.0
  1-15     0.0  3- 9   140.3  5- 7     5.8  7- 9    42.3  9-15     0.0 14-16     0.0
  1-16     0.0  3-10    97.3  5- 8    56.4  7-10    47.3  9-16     0.0 15-16     0.0
  2- 3   241.6  3-11   212.0  5- 9    17.1  7-11   101.5 10-11   221.2  0- 0     0.0
  2- 4   116.9  3-12    76.5  5-10    21.0  7-12    25.5 10-12    46.1  0- 0     0.0
  2- 5    48.6  3-13     0.0  5-11    38.0  7-13     0.0 10-13     0.0  0- 0     0.0
  2- 6   377.4  3-14     0.0  5-12     8.3  7-14     0.0 10-14     0.0  0- 0     0.0
  2- 7   143.7  3-15     0.0  5-13     0.0  7-15     0.0 10-15     0.0  0- 0     0.0
  2- 8   406.9  3-16     0.0  5-14     0.0  7-16     0.0 10-16     0.0  0- 0     0.0
-------------------------------------------------------------------------------------------------
매출액 단식:      5,812,700    연식:     13,404,300      복식:    166,871,800
       복연:     33,394,400    쌍식:     56,660,500      삼복:    183,837,000
       삼쌍:    108,190,300    합계:    568,171,000
-------------------------------------------------------------------------------------------------
배당률 단: ⑦4.4        연: ⑦2.2 ⑤1.4 ⑧10.2         복: ⑦⑤5.8       4F:52.2
                                                                         3F:39.3
                        쌍: ⑦⑤11.8
     복연: ⑦⑤2.5 ⑦⑧38.4 ⑤⑧19.1
     삼복: ⑦⑤⑧81.5 
     삼쌍: ⑦⑤⑧298.7 
-------------------------------------------------------------------------------------------------
펄 롱:13.7 11.2 11.0   11.8   12.9   11.5   14.4   13.4   
통과M:  200  400  600    800    1000   1200   1400   1600       
통과T:13.7 24.9 35.9 0:47.7 1:00.6 1:12.1 1:26.5 1:39.9 
-------------------------------------------------------------------------------------------------
통과순위 S1F : (2,5,6,^9),(4,10,12),(7,11),(1,8)-3     
         G8F :                                         
         G6F : (2,5,6,9),(4,12),(1,10,11),7-8=3        
         G4F : (2,5),(12,4,6),(1,9),(10,11,7)-8=3      
         G3F : (2,^5),(12,6),(4,9,7),(1,10),11,8=3     
         G2F : 5,2,(4,12,6,9,7)-1,10,(11,8)-3          
         G1F : (5,^7)-(12,6,9),8,(4,10),2,(1,3,11)     
-------------------------------------------------------------------------------------------------
구분 출전번호  대상명            처분종류     처분내용                     세부내용
-------------------------------------------------------------------------------------------------
특 
이 
사 
항
-------------------------------------------------------------------------------------------------


제목 : 21년07월11일(일)  제 5경주

(부산) 제41일 1200M 국4등급핸디캡      경주명 : 일반                        
경주조건:  R1~50          연령오픈                   날씨:맑음 주로:양호  (6%)
순위상금: 23,400천원   9,900천원   6,300천원   3,150천원   2,250천원
부가상금:      0천원       0천원       0천원
-------------------------------------------------------------------------------------------------
순위 마번    마    명         산지   성별 연령 부담중량  기수명   조교사   마주명           레이팅
-------------------------------------------------------------------------------------------------
  1   11  에이스데이           한     거     4    53.0   페로비치 윤영훈   고정수              38
  2    1  해피위치             한     암     3    52.0   서승운   울즐리   변수정              39
  3    7  버닝플라이           한     암     4    55.0   김혜선   구영준   배은정              46
  4   10  아침빛               한     암     4    51.0   정우주   권승주   고희종              36
  5    3  해피여걸             한     암     4    51.0   김태현   민장기   변수정              43
  6    2  달기                 한     암     5    52.0   요아니스 유병복   김봉겸              36
  7    5  알파어게인           한     수     3    57.0   정동철   백광열   이성영              46
  8   12  티즈파워             한(포) 암     6    52.0   송경윤   김길중   허필도              40
  9    4  최강드래곤           한     암     4    52.0   조인권   강은석   김호균              36
 10    6  유로공주             한     암     6    52.0   최시대   최기홍   이경희              36
 11    8  크라운펑키           한     암     4    52.0   채상현   김재섭   허용권              39
 12    9  달래                 한     암     4    51.5   정도윤   임동창   최종하              39
-------------------------------------------------------------------------------------------------
순위 마번    마      명       마 체 중  기 록  도 착 차  (S1F-S8F-G6F-G4F-G3F-G2F-G1F)
-------------------------------------------------------------------------------------------------
  1   11  에이스데이           477(-12) 1:12.5            1-  -  - 1- 1- 1- 1
  2    1  해피위치             447( +4) 1:13.1  4         7-  -  - 6- 5- 3- 3
  3    7  버닝플라이           466( -3) 1:13.5  2½       2-  -  - 2- 2- 2- 2
  4   10  아침빛               422( +0) 1:14.1  3         6-  -  - 8- 6- 6- 4
  5    3  해피여걸             461( +8) 1:14.6  3         5-  -  - 3- 4- 4- 5
  6    2  달기                 462(+10) 1:14.6  코       11-  -  -11-11-11- 6
  7    5  알파어게인           504( +6) 1:14.9  1¾       9-  -  - 9- 9- 9- 7
  8   12  티즈파워             516( +6) 1:15.0  ½       10-  -  -10-10-10-11
  9    4  최강드래곤           456( +6) 1:15.1  ¾        8-  -  - 7- 8- 7- 8
 10    6  유로공주             463( +6) 1:15.3  ¾       12-  -  -12-12-12-10
 11    8  크라운펑키           471( -3) 1:15.3  ½        3-  -  - 5- 7- 8- 9
 12    9  달래                 474( -1) 1:17.1  10        4-  -  - 4- 3- 5-12
-------------------------------------------------------------------------------------------------
순위 마번 G-3F S-1F    400      400     400     400     G-2F    G-1F    단승식 연승식
-------------------------------------------------------------------------------------------------
  1   11  36.8  0:13.2                  0:23.8  0:22.6  0:26.1  0:13.2     3.2    1.4
  2    1  36.8  0:13.6                  0:24.4  0:22.7  0:26.0  0:12.9     2.7    1.3
  3    7  37.7  0:13.4                  0:24.0  0:22.5  0:27.0  0:13.7     6.0    1.9
  4   10  37.7  0:13.5                  0:24.6  0:22.8  0:26.7  0:13.5    18.2    3.5
  5    3  38.4  0:13.5                  0:24.2  0:23.0  0:27.4  0:13.7    38.9    7.8
  6    2  36.9  0:14.5                  0:25.9  0:22.4  0:26.3  0:13.3    94.6   17.7
  7    5  37.9  0:13.7                  0:24.9  0:23.2  0:26.8  0:13.5    11.7    2.7
  8   12  37.6  0:14.4                  0:25.5  0:22.7  0:26.8  0:13.2   119.8   35.0
  9    4  38.4  0:13.6                  0:24.6  0:23.2  0:27.3  0:13.6    21.4    7.3
 10    6  37.6  0:14.6                  0:26.0  0:22.4  0:26.9  0:13.7   146.3   17.9
 11    8  38.9  0:13.4                  0:24.3  0:23.5  0:27.5  0:13.7     9.8    2.3
 12    9  41.0  0:13.4                  0:24.2  0:23.2  0:29.7  0:15.2    18.3    4.4
-------------------------------------------------------------------------------------------------
(복승식 배당률)
  1- 2    95.9  2- 9  1492.0  4- 5   125.6  5-15     0.0  8- 9   103.8 11-12   200.2
  1- 3    77.6  2-10  1198.9  4- 6   713.6  5-16     0.0  8-10    34.9 11-13     0.0
  1- 4    25.2  2-11   190.8  4- 7    66.0  6- 7   402.5  8-11    13.2 11-14     0.0
  1- 5    14.2  2-12  1897.0  4- 8   128.3  6- 8   802.8  8-12   627.9 11-15     0.0
  1- 6   183.3  2-13     0.0  4- 9   271.1  6- 9  1181.1  8-13     0.0 11-16     0.0
  1- 7     7.4  2-14     0.0  4-10   204.3  6-10  1015.6  8-14     0.0 12-13     0.0
  1- 8    10.9  2-15     0.0  4-11    44.5  6-11   177.7  8-15     0.0 12-14     0.0
  1- 9    39.0  2-16     0.0  4-12  2686.8  6-12  2179.0  8-16     0.0 12-15     0.0
  1-10    21.2  3- 4   561.5  4-13     0.0  6-13     0.0  9-10   124.4 12-16     0.0
  1-11     3.8  3- 5   353.1  4-14     0.0  6-14     0.0  9-11    40.2 13-14     0.0
  1-12   286.9  3- 6  1642.9  4-15     0.0  6-15     0.0  9-12  1211.8 13-15     0.0
  1-13     0.0  3- 7   202.0  4-16     0.0  6-16     0.0  9-13     0.0 13-16     0.0
  1-14     0.0  3- 8   247.1  5- 6   653.5  7- 8    19.3  9-14     0.0 14-15     0.0
  1-15     0.0  3- 9   507.1  5- 7    37.4  7- 9    64.9  9-15     0.0 14-16     0.0
  1-16     0.0  3-10   448.0  5- 8    50.2  7-10    39.8  9-16     0.0 15-16     0.0
  2- 3   913.2  3-11    81.6  5- 9   205.3  7-11     9.1 10-11    19.8  0- 0     0.0
  2- 4  1024.9  3-12  2140.9  5-10    56.2  7-12   642.0 10-12   825.4  0- 0     0.0
  2- 5   425.9  3-13     0.0  5-11    18.1  7-13     0.0 10-13     0.0  0- 0     0.0
  2- 6  2564.2  3-14     0.0  5-12   625.9  7-14     0.0 10-14     0.0  0- 0     0.0
  2- 7   245.6  3-15     0.0  5-13     0.0  7-15     0.0 10-15     0.0  0- 0     0.0
  2- 8   528.5  3-16     0.0  5-14     0.0  7-16     0.0 10-16     0.0  0- 0     0.0
-------------------------------------------------------------------------------------------------
매출액 단식:      6,693,900    연식:     16,857,200      복식:    184,764,600
       복연:     34,672,000    쌍식:     65,035,200      삼복:    200,708,000
       삼쌍:    118,964,000    합계:    627,694,900
-------------------------------------------------------------------------------------------------
배당률 단: ⑪3.2        연: ⑪1.4 ①1.3 ⑦1.9          복: ⑪①3.8       4F:48.7
                                                                         3F:36.8
                        쌍: ⑪①8.2
     복연: ⑪①1.7 ⑪⑦3.8 ①⑦3.0
     삼복: ⑪①⑦6.7 
     삼쌍: ⑪①⑦28.0 
-------------------------------------------------------------------------------------------------
펄 롱:13.2 10.6 11.9   10.7   12.9   13.2   
통과M:  200  400  600    800    1000   1200
통과T:13.2 23.8 35.7 0:46.4 0:59.3 1:12.5 
-------------------------------------------------------------------------------------------------
통과순위 S1F : 11,(3,7,8,9,10),(1,4,5)-(2,12),6        
         G8F :                                         
         G6F :                                         
         G4F : 11,7,(3,8,9),1,(4,10),5-12-(2,6)        
         G3F : (^11,7),(3,9),(1,10,8),4,5-12,(2,6)     
         G2F : (^11,7)-(1,3),(9,10)-(4,8),(12,5),(2,6) 
         G1F : 11-7-1-10,3-(5,2),(4,8,6),(12,9)        
-------------------------------------------------------------------------------------------------
구분 출전번호  대상명            처분종류     처분내용                     세부내용
-------------------------------------------------------------------------------------------------
말      4      최강드래곤        주행심사                                  폐출혈 발생 통산 1회                              
말      4      최강드래곤        출전정지     1개월(2021.07.12~2021.08.11) 폐출혈 발생 통산 1회                              
말      9      달래              출발심사                                  출발자세불량                                      
-------------------------------------------------------------------------------------------------


제목 : 21년07월11일(일)  제 6경주

(부산) 제41일 1200M 혼3등급핸디캡      경주명 : 일반                        
경주조건:  R1~65          연령오픈                   날씨:맑음 주로:양호  (6%)
순위상금: 31,200천원  13,200천원   8,400천원   4,200천원   3,000천원
부가상금:      0천원       0천원       0천원
-------------------------------------------------------------------------------------------------
순위 마번    마    명         산지   성별 연령 부담중량  기수명   조교사   마주명           레이팅
-------------------------------------------------------------------------------------------------
  1    1  에이커스드림         미     수     4    54.5   페로비치 김영관   정경목              58
  2    4  로키스카이           미     거     4    52.0   다실바   토마스   이성인              53
  3    7  아라로즈             미     암     4    52.0   모준호   구영준   고재완              61
  4   11  나이스원             한     거     5    52.5   유광희   민장기   고경민              54
  5    8  아델스파이크         한(포) 암     4    52.0   서승운   백광열   이장현              55
  6   12  장산바비             미     거     5    54.5   요아니스 라이스   김병진              58
  7    9  동트자데이           한     수     4    53.5   이성재   강은석   김태권              56
  8    6  장산도쿄             미     암     5    52.0   정도윤   안우성   김병진              51
  9    5  선더레인             한     거     5    55.5   송경윤   김길중   허필도              60
 10    3  짜잔                 미     거     5    52.0   조인권   방동석   민병욱              51
 11    2  재도약의반석         한     거     7    53.5   김혜선   유병복   윤지중              56
 12   10  킹삭스               한     수     5    57.5   유현명   김영관   김창식              64
-------------------------------------------------------------------------------------------------
순위 마번    마      명       마 체 중  기 록  도 착 차  (S1F-S8F-G6F-G4F-G3F-G2F-G1F)
-------------------------------------------------------------------------------------------------
  1    1  에이커스드림         456( +1) 1:12.5            4-  -  - 3- 4- 1- 2
  2    4  로키스카이           459( +1) 1:12.7  1¼       5-  -  - 5- 3- 4- 1
  3    7  아라로즈             523(+12) 1:12.9  1¼       6-  -  - 8- 8- 6- 5
  4   11  나이스원             476( +6) 1:13.4  2½       7-  -  - 6- 5- 5- 4
  5    8  아델스파이크         501( +5) 1:13.5  ½        1-  -  - 1- 1- 2- 3
  6   12  장산바비             489( +3) 1:13.6  ¾        8-  -  - 7- 7- 7- 6
  7    9  동트자데이           450( -6) 1:14.0  2        12-  -  -12-11-10- 8
  8    6  장산도쿄             444( -1) 1:14.1  ½       10-  -  -10-10-11- 9
  9    5  선더레인             477( +0) 1:14.4  2         9-  -  - 9- 9- 9-10
 10    3  짜잔                 474( -5) 1:15.3  5         3-  -  - 4- 6- 8-12
 11    2  재도약의반석         480( -1) 1:15.6  1¼      11-  -  -11-12-12-11
 12   10  킹삭스               486( +8) 1:15.9  1¾       2-  -  - 2- 2- 3- 7
-------------------------------------------------------------------------------------------------
순위 마번 G-3F S-1F    400      400     400     400     G-2F    G-1F    단승식 연승식
-------------------------------------------------------------------------------------------------
  1    1  36.9  0:13.5                  0:24.0  0:21.9  0:26.6  0:13.4     6.5    1.7
  2    4  37.2  0:13.5                  0:24.1  0:22.2  0:26.4  0:13.7     8.3    1.8
  3    7  36.4  0:13.8                  0:24.6  0:22.5  0:25.8  0:12.8     5.6    2.2
  4   11  37.3  0:13.8                  0:24.5  0:22.2  0:26.7  0:13.5    61.3    4.1
  5    8  38.3  0:13.3                  0:23.7  0:22.2  0:27.6  0:14.0     9.2    2.2
  6   12  37.4  0:13.8                  0:24.5  0:22.7  0:26.4  0:13.2   159.3   23.1
  7    9  36.9  0:14.7                  0:25.7  0:21.9  0:26.4  0:13.4    74.6   16.7
  8    6  37.4  0:14.6                  0:25.4  0:22.2  0:26.5  0:13.4    62.7    5.4
  9    5  37.7  0:14.1                  0:25.0  0:22.5  0:26.9  0:13.6   210.1   37.1
 10    3  39.2  0:13.4                  0:24.1  0:23.3  0:27.9  0:13.8    24.8    7.6
 11    2  38.4  0:14.7                  0:25.5  0:22.2  0:27.9  0:14.1   146.9   12.6
 12   10  40.7  0:13.3                  0:23.7  0:22.5  0:29.7  0:15.4     1.7    1.1
-------------------------------------------------------------------------------------------------
(복승식 배당률)
  1- 2   150.4  2- 9  1866.8  4- 5   378.1  5-15     0.0  8- 9   324.8 11-12   639.2
  1- 3   115.3  2-10   134.9  4- 6   117.0  5-16     0.0  8-10     8.8 11-13     0.0
  1- 4    11.1  2-11   633.8  4- 7    17.2  6- 7    93.9  8-11    92.1 11-14     0.0
  1- 5   342.4  2-12  2847.3  4- 8    32.0  6- 8   137.6  8-12   465.5 11-15     0.0
  1- 6    60.3  2-13     0.0  4- 9   476.1  6- 9  1574.7  8-13     0.0 11-16     0.0
  1- 7    11.5  2-14     0.0  4-10     6.3  6-10    41.3  8-14     0.0 12-13     0.0
  1- 8    19.6  2-15     0.0  4-11    70.1  6-11   284.3  8-15     0.0 12-14     0.0
  1- 9   373.5  2-16     0.0  4-12   592.8  6-12  1775.6  8-16     0.0 12-15     0.0
  1-10     3.9  3- 4   165.8  4-13     0.0  6-13     0.0  9-10   144.4 12-16     0.0
  1-11    45.8  3- 5  1501.4  4-14     0.0  6-14     0.0  9-11  1148.2 13-14     0.0
  1-12   347.0  3- 6   580.3  4-15     0.0  6-15     0.0  9-12  3613.8 13-15     0.0
  1-13     0.0  3- 7   231.3  4-16     0.0  6-16     0.0  9-13     0.0 13-16     0.0
  1-14     0.0  3- 8   294.8  5- 6  1026.9  7- 8    27.3  9-14     0.0 14-15     0.0
  1-15     0.0  3- 9  1421.8  5- 7   529.4  7- 9   391.8  9-15     0.0 14-16     0.0
  1-16     0.0  3-10    74.1  5- 8   311.0  7-10     5.6  9-16     0.0 15-16     0.0
  2- 3   508.4  3-11   752.7  5- 9  2653.0  7-11    69.2 10-11    20.2  0- 0     0.0
  2- 4   221.2  3-12  2825.9  5-10   153.6  7-12   515.8 10-12   151.1  0- 0     0.0
  2- 5  3316.2  3-13     0.0  5-11  1423.6  7-13     0.0 10-13     0.0  0- 0     0.0
  2- 6   641.7  3-14     0.0  5-12  7776.0  7-14     0.0 10-14     0.0  0- 0     0.0
  2- 7   264.0  3-15     0.0  5-13     0.0  7-15     0.0 10-15     0.0  0- 0     0.0
  2- 8   315.7  3-16     0.0  5-14     0.0  7-16     0.0 10-16     0.0  0- 0     0.0
-------------------------------------------------------------------------------------------------
매출액 단식:      6,591,700    연식:     11,991,800      복식:    154,454,900
       복연:     29,334,500    쌍식:     65,876,000      삼복:    175,699,100
       삼쌍:    121,612,300    합계:    565,560,300
-------------------------------------------------------------------------------------------------
배당률 단: ①6.5        연: ①1.7 ④1.8 ⑦2.2          복: ①④11.1      4F:48.8
                                                                         3F:37.3
                        쌍: ①④21.6
     복연: ①④3.5 ①⑦3.6 ④⑦6.9
     삼복: ①④⑦16.3 
     삼쌍: ①④⑦77.4 
-------------------------------------------------------------------------------------------------
펄 롱:13.3 10.4 11.5   10.7   13.1   13.5   
통과M:  200  400  600    800    1000   1200
통과T:13.3 23.7 35.2 0:45.9 0:59.0 1:12.5 
-------------------------------------------------------------------------------------------------
통과순위 S1F : (3,8,10),(1,4),(7,11,12),5-(2,6,9)      
         G8F :                                         
         G6F :                                         
         G4F : (8,10),(1,3,4)-(7,11,12)-5-(2,6),9      
         G3F : (8,10),(1,4)-(11,3,12),7,(5,6)-(2,9)    
         G2F : (1,8),(10,4)-11-(7,12),(3,5),(2,9,6)    
         G1F : (1,^4)-8-11,7,(10,12),(9,6),5-(2,3)     
-------------------------------------------------------------------------------------------------
구분 출전번호  대상명            처분종류     처분내용                     세부내용
-------------------------------------------------------------------------------------------------
기수    4      다실바            과태금       50,000원                     결승선 전방 약 300m 지점 채찍놓침                 
-------------------------------------------------------------------------------------------------


제목 : 21년07월11일(일)  제 7경주

(부산) 제41일 2000M 1등급  핸디캡      경주명 : 일반                        
경주조건:  R1~140         연령오픈                   날씨:맑음 주로:양호  (6%)
순위상금: 46,800천원  19,800천원  12,600천원   6,300천원   4,500천원
부가상금:      0천원       0천원       0천원
-------------------------------------------------------------------------------------------------
순위 마번    마    명         산지   성별 연령 부담중량  기수명   조교사   마주명           레이팅
-------------------------------------------------------------------------------------------------
  1    1  헌치                 미     거     4    52.0   페로비치 울즐리   박희상              76
  2    3  히든챔프             한     거     6    51.0   최시대   백광열   이장현              77
  3    2  스피드퓨리           한     거     6    51.0   정동철   김재섭   김지열              85
  4   10  알파킹이지           미     거     5    51.0   김혜선   토마스   춘강                82
  5    6  파샤                 미     수     6    52.0   서승운   울즐리   박희상              94
  6    8  동방대로             미     수     9    52.0   정도윤   강형곤   정광화              88
  7    4  스마트프린스         일     수     6    52.0   김태경   구영준   김갑수              98
  8    7  그레이트킹           미     수     7    55.5   모준호   토마스   양정두             122
  9    9  뉴욕망치             미     거     6    53.5   다실바   김영관   (주)나스카         114
       5  삭스고               미     거     4    52.0   요아니스 김영관   김창식              86
-------------------------------------------------------------------------------------------------
순위 마번    마      명       마 체 중  기 록  도 착 차  (S1F-S8F-G6F-G4F-G3F-G2F-G1F)
-------------------------------------------------------------------------------------------------
  1    1  헌치                 502( -5) 2:06.8            2- 1- 1- 1- 1- 1- 1
  2    3  히든챔프             515( -8) 2:07.8  6         6- 6- 5- 5- 5- 3- 2
  3    2  스피드퓨리           498( -8) 2:08.0  1¼       4- 4- 4- 6- 6- 7- 6
  4   10  알파킹이지           529( +4) 2:08.3  1½       7- 8- 8- 8- 9- 8- 5
  5    6  파샤                 482( -3) 2:08.5  1¼       3- 3- 2- 4- 2- 2- 3
  6    8  동방대로             505( +3) 2:08.7  1¼       9- 9- 9- 9- 8- 6- 8
  7    4  스마트프린스         495( -9) 2:08.8  목        5- 5- 6- 3- 4- 4- 4
  8    7  그레이트킹           526( -5) 2:09.2  2½       1- 2- 3- 2- 3- 5- 7
  9    9  뉴욕망치             489( +3) 2:10.4  7         8- 7- 7- 7- 7- 9- 9
       5  삭스고               473( +3) 0:00.0  주행중지 10-10-10-  -  -  -  
-------------------------------------------------------------------------------------------------
순위 마번 G-3F S-1F    400      400     400     400     G-2F    G-1F    단승식 연승식
-------------------------------------------------------------------------------------------------
  1    1  38.0  0:13.9  0:24.9  0:25.9  0:25.6  0:23.4  0:27.0  0:13.6     2.4    1.4
  2    3  38.5  0:14.5  0:25.9  0:25.4  0:25.5  0:23.5  0:27.5  0:13.7    25.7    4.8
  3    2  38.4  0:14.1  0:25.2  0:25.9  0:25.9  0:24.1  0:26.9  0:13.3    32.9    8.8
  4   10  38.3  0:14.5  0:26.2  0:25.5  0:25.6  0:23.9  0:27.1  0:13.6    24.7    6.1
  5    6  39.6  0:13.9  0:25.0  0:25.9  0:25.7  0:23.6  0:28.3  0:14.3    17.4    8.2
  6    8  38.7  0:14.9  0:26.6  0:25.3  0:25.5  0:23.7  0:27.6  0:13.6   103.0    5.2
  7    4  39.9  0:14.1  0:25.4  0:25.9  0:25.2  0:23.9  0:28.4  0:14.4     4.0    1.6
  8    7  40.3  0:13.8  0:24.9  0:26.1  0:25.5  0:24.0  0:28.7  0:14.5    11.4    3.7
  9    9  40.5  0:14.6  0:26.0  0:25.3  0:25.8  0:24.4  0:28.9  0:14.4     7.9    1.6
       5        0:16.3  0:28.4  0:26.3                                     5.2    1.4
-------------------------------------------------------------------------------------------------
(복승식 배당률)
  1- 2    42.9  2- 9   126.8  4- 5     7.9  5-15     0.0  8- 9   188.1 11-12     0.0
  1- 3    37.2  2-10   362.5  4- 6    54.3  5-16     0.0  8-10   641.6 11-13     0.0
  1- 4     4.5  2-11     0.0  4- 7    21.8  6- 7   140.1  8-11     0.0 11-14     0.0
  1- 5     7.0  2-12     0.0  4- 8   212.1  6- 8   659.9  8-12     0.0 11-15     0.0
  1- 6    23.9  2-13     0.0  4- 9     9.7  6- 9    50.4  8-13     0.0 11-16     0.0
  1- 7    16.0  2-14     0.0  4-10    41.1  6-10   277.4  8-14     0.0 12-13     0.0
  1- 8   107.3  2-15     0.0  4-11     0.0  6-11     0.0  8-15     0.0 12-14     0.0
  1- 9     5.3  2-16     0.0  4-12     0.0  6-12     0.0  8-16     0.0 12-15     0.0
  1-10    33.1  3- 4    61.7  4-13     0.0  6-13     0.0  9-10    75.9 12-16     0.0
  1-11     0.0  3- 5    95.3  4-14     0.0  6-14     0.0  9-11     0.0 13-14     0.0
  1-12     0.0  3- 6   371.5  4-15     0.0  6-15     0.0  9-12     0.0 13-15     0.0
  1-13     0.0  3- 7   253.3  4-16     0.0  6-16     0.0  9-13     0.0 13-16     0.0
  1-14     0.0  3- 8   568.1  5- 6    73.8  7- 8   457.8  9-14     0.0 14-15     0.0
  1-15     0.0  3- 9   116.7  5- 7    42.6  7- 9    28.6  9-15     0.0 14-16     0.0
  1-16     0.0  3-10   340.8  5- 8   289.8  7-10   210.3  9-16     0.0 15-16     0.0
  2- 3   312.6  3-11     0.0  5- 9    15.7  7-11     0.0 10-11     0.0  0- 0     0.0
  2- 4    77.0  3-12     0.0  5-10    77.2  7-12     0.0 10-12     0.0  0- 0     0.0
  2- 5   118.1  3-13     0.0  5-11     0.0  7-13     0.0 10-13     0.0  0- 0     0.0
  2- 6   348.0  3-14     0.0  5-12     0.0  7-14     0.0 10-14     0.0  0- 0     0.0
  2- 7   314.1  3-15     0.0  5-13     0.0  7-15     0.0 10-15     0.0  0- 0     0.0
  2- 8   610.7  3-16     0.0  5-14     0.0  7-16     0.0 10-16     0.0  0- 0     0.0
-------------------------------------------------------------------------------------------------
매출액 단식:      5,445,200    연식:     10,271,500      복식:    174,010,000
       복연:     29,266,500    쌍식:     65,962,800      삼복:    181,201,000
       삼쌍:    114,650,300    합계:    580,807,300
-------------------------------------------------------------------------------------------------
배당률 단: ①2.4        연: ①1.4 ③4.8 ②8.8          복: ①③37.2      4F:50.4
                                                                         3F:38.0
                        쌍: ①③54.0
     복연: ①③8.1 ①②10.2 ③②60.1
     삼복: ①③②136.8 
     삼쌍: ①③②568.2 
-------------------------------------------------------------------------------------------------
펄 롱:13.8 11.1 12.2   13.7   13.0   12.6   12.4   11.0   13.4   13.6   
통과M:  200  400  600    800    1000   1200   1400   1600   1800   2000
통과T:13.8 24.9 37.1 0:50.8 1:03.8 1:16.4 1:28.8 1:39.8 1:53.2 2:06.8 
-------------------------------------------------------------------------------------------------
통과순위 S1F : (1,6,^7),(2,4)-(3,9,10),8=5             
         G8F : (1,6,7),2,4-(3,9),10-8≡5                
         G6F : (^1,6),(2,7),(3,4,9)-10,8≡5             
         G4F : (^1,7,4),6,3,(2,9),(8,10) ·5            
         G3F : (^1,6,7,4)-3,2,(8,10,9) ·5              
         G2F : 1-(3,6),(7,4)-(8,10,2),9 ·5             
         G1F : 1=(3,6),4,(10,2,7)-8=9 ·5               
-------------------------------------------------------------------------------------------------
구분 출전번호  대상명            처분종류     처분내용                     세부내용
-------------------------------------------------------------------------------------------------
말      1      헌치              출발심사                                  출발자세불량                                      
말      5      삭스고            주행중지                                  결승선 건너편 직선주로 주행중지                   
말      5      삭스고            출발심사                                  출발불량                                          
-------------------------------------------------------------------------------------------------
