

제목 : 21년 5월14일 (금)   제19차 주행심사성적  제 1경주

날    씨 : 흐림                             주로상태 : 양호 (6%)
--------------------------------------------------------------------------------
   순위  마번  마    명         산지  성  연령   부  담  기수명    조교사명
--------------------------------------------------------------------------------
     1     3   컴플리트밸류      한   수    2    53      임기원     박재우   
     2     5   퍼스트로드        한   암    3    53+1.0  박상우     박대흥   
     3     4   정성대로          한   암    3    53+1.0  이혁      최용건   
     4     1   텐배거            한   수    2    53+2.0  장추열     강성오   
     5     2   파라곤캐슬        한   암    4    54      하정훈     심승태   
     6     7   피엔에스루체      한   암    3    53      김옥성     유재길   
     7     6   허니퀸            한   암    3    53      김용근     최영주   
    93     8   문학슬루          미   수    3    54      김정준     김윤섭   
--------------------------------------------------------------------------------
   순위 마번  마    명        마체중 기  록  도착차    판정 불합격사유   검사사유
--------------------------------------------------------------------------------
     1   3   컴플리트밸류      502  1:03.9            유   진입불량   주행미합(신)
     2   5   퍼스트로드        448  1:04.1   1½      합              주행미합(신)
     3   4   정성대로          496  1:05.4   7        유   진입불량   주행미합(신)
     4   1   텐배거            447  1:05.9   2½      합              주행미합(신)
     5   2   파라곤캐슬        467  1:06.0   ¾       합              주행미합(신)
     6   7   피엔에스루체      430  1:06.8   5        불   출발자세불량 주행미합(신)
     7   6   허니퀸            526  1:09.6   16       불   능력미달   주행미합(신)
    93   8   문학슬루          476  0:00.0   심사제외 불   진입불량   주행지정(재)
--------------------------------------------------------------------------------
   순위  마번    G-3Ｆ    S-1F   ３코너   ４코너     G-1F  S1F-1C-2C-3C-4C-G1F
--------------------------------------------------------------------------------
     1     3     37.5   0:14.9   0:14.9   0:32.8     12.7   5-  -  - 5- 3- 2
     2     5     38.1   0:14.5   0:14.5   0:32.5     12.9   2-  -  - 2- 1- 1
     3     4     38.9   0:15.1   0:15.1   0:33.2     13.5   6-  -  - 6- 5- 4
     4     1     39.0   0:15.3   0:15.3   0:33.3     13.6   7-  -  - 7- 6- 5
     5     2     40.0   0:14.3   0:14.3   0:32.6     14.3   1-  -  - 1- 2- 3
     6     7     40.6   0:14.6   0:14.6   0:32.8     14.4   4-  -  - 4- 4- 6
     7     6     43.3   0:14.6   0:14.6   0:33.4     15.0   3-  -  - 3- 7- 7
    93     8                                                 -  -  -  -  -  
--------------------------------------------------------------------------------
      4펄롱 :  0:49.6     3펄롱 :  0:37.9
--------------------------------------------------------------------------------


제목 : 21년 5월14일 (금)   제19차 주행심사성적  제 2경주

날    씨 : 흐림                             주로상태 : 양호 (6%)
--------------------------------------------------------------------------------
   순위  마번  마    명         산지  성  연령   부  담  기수명    조교사명
--------------------------------------------------------------------------------
     1     4   글로벌영웅        한   수    3    54      이혁      최상식   
     2     7   해피데이          한   암    3    53      김용근     안병기   
     3     8   마이티웰          미   수    3    54      임기원     서홍수   
     4     6   비엔토            한   암    3    53+2.0  부민호     심승태   
     5     5   블랙카            한   암    3    53+2.0  장추열     배대선   
     6     3   그랜드캐슬        한   수    3    54      박태종     김점오   
    95     1   뉴파티            한   암    3    53      하정훈     심승태   
    95     2   신매직            한   암    3    53      박상우     박대흥   
--------------------------------------------------------------------------------
   순위 마번  마    명        마체중 기  록  도착차    판정 불합격사유   검사사유
--------------------------------------------------------------------------------
     1   4   글로벌영웅        479  1:01.4            합              주행지정(재)
     2   7   해피데이          535  1:01.5   ½       합              장기휴양(재)
     3   8   마이티웰          501  1:01.9   2        연              연습주행    
     4   6   비엔토            445  1:02.4   2½      합              장기휴양(재)
     5   5   블랙카            573  1:02.5   ½       합              장기휴양(재)
     6   3   그랜드캐슬        481  1:03.3   5        합              주행지정(재)
    95   1   뉴파티              0  0:00.0   출전취소      조교불충분 주행미합(신)
    95   2   신매직              0  0:00.0   출전취소      조교불충분 주행미합(신)
--------------------------------------------------------------------------------
   순위  마번    G-3Ｆ    S-1F   ３코너   ４코너     G-1F  S1F-1C-2C-3C-4C-G1F
--------------------------------------------------------------------------------
     1     4     36.4   0:13.9   0:13.9   0:31.0     12.7   4-  -  - 4- 4- 2
     2     7     37.0   0:13.7   0:13.7   0:30.4     12.9   2-  -  - 2- 2- 1
     3     8     36.5   0:14.5   0:14.5   0:31.4     12.9   6-  -  - 6- 6- 4
     4     6     37.5   0:13.9   0:13.9   0:30.9     13.3   5-  -  - 5- 3- 5
     5     5     38.1   0:13.6   0:13.6   0:30.4     13.8   1-  -  - 1- 1- 3
     6     3     38.3   0:13.9   0:13.9   0:31.1     13.4   3-  -  - 3- 5- 6
    95     1                                                 -  -  -  -  -  
    95     2                                                 -  -  -  -  -  
--------------------------------------------------------------------------------
      4펄롱 :  0:47.8     3펄롱 :  0:37.0
--------------------------------------------------------------------------------


제목 : 21년 5월14일 (금)   제19차 주행심사성적  제 3경주

날    씨 : 흐림                             주로상태 : 양호 (6%)
--------------------------------------------------------------------------------
   순위  마번  마    명         산지  성  연령   부  담  기수명    조교사명
--------------------------------------------------------------------------------
     1     3   바램              미   암    5    55      장추열     박대흥   
     2     4   어마무시          미   거    4    56      정정희     안병기   
     3     7   새내황제          한   거    3    54+1.0  이용호     홍대유   
     4     5   플라잉빅터        한   수    3    54      송재철     강성오   
     5     2   남산꽃            한   암    3    53+1.0  박상우     박대흥   
     6     8   신의축복          한   암    5    55      부민호     심승태   
     7     1   천둥캣            한   암    3    53      하정훈     심승태   
     8     9   러브위드미        한   암    4    54      김효정     배대선   
     9     6   럭셔리돌풍        한   수    3    54      이기회     김동균   
--------------------------------------------------------------------------------
   순위 마번  마    명        마체중 기  록  도착차    판정 불합격사유   검사사유
--------------------------------------------------------------------------------
     1   3   바램              506  1:01.8            합              주행지정(재)
     2   4   어마무시          518  1:01.9   ½       합              장기휴양(재)
     3   7   새내황제          443  1:02.5   4        합              장기휴양도래(재)
     4   5   플라잉빅터        471  1:02.8   1¼      합              장기휴양(재)
     5   2   남산꽃            436  1:03.7   5        합              주행미합(신)
     6   8   신의축복          486  1:04.1   2        합              장기휴양도래(재)
     7   1   천둥캣            472  1:04.4   2        합              주행미합(신)
     8   9   러브위드미        484  1:04.5   ½       합              장기휴양도래(재)
     9   6   럭셔리돌풍        514  1:06.4   11       불   출발자세불량 장기휴양(재)
--------------------------------------------------------------------------------
   순위  마번    G-3Ｆ    S-1F   ３코너   ４코너     G-1F  S1F-1C-2C-3C-4C-G1F
--------------------------------------------------------------------------------
     1     3     36.1   0:14.3   0:14.3   0:31.9     12.3   4-  -  - 4- 5- 4
     2     4     37.6   0:13.6   0:13.6   0:30.3     13.3   1-  -  - 1- 1- 1
     3     7     37.9   0:13.8   0:13.8   0:30.8     13.2   3-  -  - 3- 3- 2
     4     5     37.4   0:14.3   0:14.3   0:31.5     13.1   5-  -  - 5- 4- 5
     5     2     37.7   0:14.6   0:14.6   0:32.2     13.2   6-  -  - 6- 6- 6
     6     8     39.6   0:13.7   0:13.7   0:30.6     14.6   2-  -  - 2- 2- 3
     7     1     37.6   0:14.6   0:14.6   0:33.6     12.0   8-  -  - 8- 9- 9
     8     9     38.5   0:14.6   0:14.6   0:32.2     13.7   7-  -  - 7- 7- 7
     9     6     40.0   0:14.7   0:14.7   0:32.8     14.4   9-  -  - 9- 8- 8
--------------------------------------------------------------------------------
      4펄롱 :  0:48.2     3펄롱 :  0:37.5
--------------------------------------------------------------------------------
