

제목 : 21.01.20(수) 훈련현황

  ※기승자범례(조:조교사, 보:조교보, 기:기수, 후:기수후보생, 승:조교승인)
  ※비고(금:금주출전예정마, 차:차주출전예정마, 특:특대상경주출전예정마)
  ※금주, 차주 또는 특별 대상경주 출전예상마는 출전신청 결과 및
  조교사의 의사에 따라 변동될 수 있는 미확정된 자료이오니 참고하시기 바랍니다.
━━━━━━━━━━━━━━━━━━━━━━━━━━━━━━━━━━━━━━━
  순 소속조 - 조번 마명              기승자 입장시각  퇴장시각  훈련시간 비고
━━━━━━━━━━━━━━━━━━━━━━━━━━━━━━━━━━━━━━━
  1  1조(백광열)15 닥터그레이          승   08:53     09:09       0:16   차
  2  1조(백광열)17 닥터맥스            승   07:22     07:42       0:20   차
  3  1조(백광열)28 닥터미미            승   07:22     07:42       0:20   금
  4  1조(백광열) 3 닥터시애틀          승   06:01     06:16       0:15   차
  5  1조(백광열)23 닥터시크            승   07:28     07:43       0:15   차
  6  1조(백광열)11 닥터위크            기   08:55     09:03       0:08   금
  7  1조(백광열)35 닥터자이언츠        승   08:53     09:10       0:17   차
  8  1조(백광열)27 닥터카슨            기   07:14     07:28       0:14   차
  9  1조(백광열) 5 닥터칸              기   06:24     06:39       0:15   금
 10  1조(백광열)18 닥터탱고            승   08:52     09:08       0:16   차
 11  1조(백광열) 6 닥터파피아누        기   06:28     06:41       0:13   금
 12  1조(백광열)12 두무산              기   06:24     06:34       0:10   금
 13  1조(백광열)21 부미스타            승   06:46     07:00       0:14   차
 14  1조(백광열)14 선알파              승   06:41     07:01       0:20   차
 15  1조(백광열)36 아델스마트          승   06:46     07:00       0:14   차
 16  1조(백광열) 4 아델스파이크        기   06:52     07:05       0:13   차
 17  1조(백광열)37 아델의축제          승   06:28     06:41       0:13   금
 18  1조(백광열)33 아델크라운          기   08:22     08:33       0:11   차
 19  1조(백광열)16 연승브라보          승   06:24     06:36       0:12   금
 20  1조(백광열) 7 영원파워            승   06:01     06:20       0:19   차
 21  1조(백광열)22 영천어벤저          승   07:53     08:06       0:13   차
 22  1조(백광열) 2 영천질주            승   07:14     07:36       0:22   차
 23  1조(백광열)10 최강선더            승   06:00     06:16       0:16   금
 24  1조(백광열) 9 킹그레이스          승   06:01     06:17       0:16   차
 25  1조(백광열)20 킹스턴하버          승   08:53     09:09       0:16   차
 26  1조(백광열)32 트루워리어          기   06:24     06:39       0:15   금
 27  1조(백광열) 1 파인의꿈            기   06:44     07:02       0:18   금
 28  1조(백광열)13 파인트럼펫          승   08:19     08:32       0:13   금
 29  2조(강형곤)22 레이디솔저          승   07:23     07:46       0:23   차
 30  2조(강형곤) 9 록초이스            승   08:15     08:34       0:19   차
 31  2조(강형곤) 2 배다리글래머        기   06:58     07:09       0:11   금
 32  2조(강형곤)18 베스트해피          기   06:38     06:51       0:13   금
 33  2조(강형곤)32 뷰티풀갤럽          승   07:22     07:35       0:13   차
 34  2조(강형곤)24 블루오크            기   08:20     08:34       0:14   차
 35  2조(강형곤)26 비케이룩스          기   07:26     07:38       0:12   금
 36  2조(강형곤) 7 비케이빅터          승   06:26     06:41       0:15   차
 37  2조(강형곤)30 비케이파워          기   06:18     06:30       0:12   금
 38  2조(강형곤)19 스위트밴드          승   06:25     06:35       0:10   차
 39  2조(강형곤) 6 스타레이크          승   06:49     07:04       0:15   금
 40  2조(강형곤)21 스타오름            승   06:51     07:08       0:17   차
 41  2조(강형곤)29 애니키튼            기   06:48     07:00       0:12   금
 42  2조(강형곤) 8 어플리트영          기   06:46     06:56       0:10   금
 43  2조(강형곤) 3 엘리트패밀리        승   07:22     07:42       0:20   차
 44  2조(강형곤)33 장미공주            승   07:57     08:10       0:13   차
 45  2조(강형곤) 5 최강쏜살            기   07:05     07:16       0:11   차
 46  2조(강형곤)14 케이비아너          승   06:48     07:02       0:14   차
 47  2조(강형곤)28 톱메이트            승   06:00     06:13       0:13   차
 48  2조(강형곤) 1 투투그레이트        기   06:46     06:56       0:10   차
 49  2조(강형곤)38 투투라임            승   07:53     08:06       0:13   차
 50  2조(강형곤)20 투투칼턴            승   06:00     06:13       0:13   차
 51  2조(강형곤)34 팀스카이            기   07:30     07:41       0:11   금
 52  2조(강형곤)16 파이널파티          승   07:45     08:03       0:18   차
 53  2조(강형곤) 4 해피시크릿          승   06:25     06:35       0:10   차
 54  2조(강형곤)35 행복시대            승   06:00     06:14       0:14   차
 55  4조(임금만)12 래피드게임          승   06:03     06:14       0:11   금
 56  4조(임금만)24 모노폴리            승   06:37     06:52       0:15   금
 57  4조(임금만)13 문화시그니쳐        승   06:08     06:18       0:10   금
 58  4조(임금만) 4 바람의약속          승   08:09     08:21       0:12   차
 59  4조(임금만)28 샤이닝힐            보   07:09     07:19       0:10   차
 60  4조(임금만)18 스마트밸류          기   07:46     08:03       0:17   차
 61  4조(임금만)19 에코문              보   09:06     09:15       0:09   금
 62  4조(임금만)27 에코선              보   07:39     07:52       0:13   차
 63  4조(임금만)22 영광의러너          승   08:40     08:53       0:13   차
 64  4조(임금만)20 영광의로드          보   06:03     06:14       0:11   금
 65  4조(임금만) 1 영광의세이브        기   07:25     07:35       0:10   금
 66  4조(임금만)29 영광의스타트        승   07:44     07:55       0:11   금
 67  4조(임금만)15 영광의위너          승   07:05     07:18       0:13   차
 68  4조(임금만)11 영광의특급          기   07:07     07:16       0:09   금
 69  4조(임금만)31 영광의파워          기   07:07     07:16       0:09   금
 70  4조(임금만) 7 영광의포스          보   08:39     08:50       0:11   차
 71  4조(임금만)33 장산도끼            승   06:34     06:47       0:13   차
 72  4조(임금만)23 장산프라이드        승   08:13     08:23       0:10   금
 73  4조(임금만)26 천년의약속          승   09:20     09:36       0:16   차
 74  4조(임금만)17 청담파이어          승   07:35     07:49       0:14   차
 75  4조(임금만) 6 컬린판타지          기   07:26     07:35       0:09   금
 76  4조(임금만) 2 퀸오브스피릿        기   06:04     06:14       0:10   금
 77  4조(임금만)30 톱럭키              기   07:25     07:33       0:08   금
 78  4조(임금만) 5 티즈하티드          보   08:09     08:23       0:14   차
 79  4조(임금만)34 파이트매직          보   06:36     06:49       0:13   차
 80  4조(임금만) 3 판타스틱리더        승   08:43     08:55       0:12   차
 81  4조(임금만)32 해피송              승   09:06     09:14       0:08   금
 82  4조(임금만) 8 허니라이언          승   07:09     07:19       0:10   차
 83  5조(유병복)16 강자의청춘          승   07:54     08:09       0:15   차
 84  5조(유병복)17 낭만전사            승   06:22     06:35       0:13   차
 85  5조(유병복)22 늘푸른드래곤        승   06:45     06:56       0:11   금
 86  5조(유병복) 2 달기                승   07:08     07:21       0:13   차
 87  5조(유병복)19 뜨거운만남          승   08:30     08:44       0:14   차
 88  5조(유병복)23 럭키런              승   07:30     07:43       0:13   차
 89  5조(유병복)20 로열골드            승   08:22     08:33       0:11   차
 90  5조(유병복)28 로열티켓            승   06:00     06:18       0:18   차
 91  5조(유병복)11 사키사키            승   09:03     09:15       0:12   차
 92  5조(유병복)15 스파클              승   07:04     07:20       0:16   차
 93  5조(유병복)13 신진강호            승   06:44     06:55       0:11   차
 94  5조(유병복)27 영봉산              승   06:00     06:12       0:12   차
 95  5조(유병복) 4 오피서세상          승   07:30     07:43       0:13   차
 96  5조(유병복) 1 제마포춘            승   06:24     06:39       0:15   금
 97  5조(유병복) 7 케이팝댄서          승   07:54     08:21       0:27   차
 98  5조(유병복)26 피닉스              승   08:43     08:55       0:12   차
 99  6조(구영준) 3 강한질주            기   06:25     06:40       0:15   차
100  6조(구영준)13 달의바다            보   06:40     06:54       0:14   차
101  6조(구영준) 8 대호마              승   06:52     07:05       0:13   차
102  6조(구영준)16 드래곤나인          보   06:05     06:22       0:17   차
103  6조(구영준) 4 로킹스타            승   07:45     08:08       0:23   차
104  6조(구영준) 7 리얼리칸            보   08:32     08:52       0:20   차
105  6조(구영준) 2 무패찰리            조   08:29     08:45       0:16   차
106  6조(구영준)19 버닝플라이          보   07:15     07:31       0:16   차
107  6조(구영준)22 영광의라이더        보   07:45     08:04       0:19   차
108  6조(구영준)28 영광의팩터          기   06:48     06:58       0:10   금
109  6조(구영준)23 유로신화            보   07:58     08:18       0:20   차
110  6조(구영준)17 최강라이거          승   06:34     06:43       0:09   금
111  6조(구영준)20 최강질주            승   07:20     07:31       0:11   차
112  6조(구영준)15 파티인디            보   06:40     06:53       0:13   차
113  6조(구영준)11 풀머니              조   07:12     07:30       0:18   차
114  7조(김병학)18 그레이트엘          승   08:14     08:41       0:27   차
115  7조(김병학) 3 넓은고을            승   06:13     06:28       0:15   차
116  7조(김병학)30 눈꽃여왕            기   06:51     07:05       0:14   금
117  7조(김병학)15 뉴글로리데이        승   08:14     08:41       0:27   차
118  7조(김병학)22 단숨에              승   08:14     08:38       0:24   금
119  7조(김병학)14 미라클선            기   06:51     07:05       0:14   금
120  7조(김병학)13 백두퀸              기   07:10     07:24       0:14   금
121  7조(김병학)31 버닝건              승   07:25     07:45       0:20   차
122  7조(김병학) 8 베스트코리아        승   07:25     07:48       0:23   차
123  7조(김병학)23 브라이언파크        승   06:24     06:35       0:11   금
124  7조(김병학)16 아이언걸            승   07:25     07:48       0:23   차
125  7조(김병학)11 오션피닉스          승   08:10     08:31       0:21   차
126  7조(김병학)12 와이즈걸            승   06:19     06:36       0:17   차
127  7조(김병학)26 인디언파티          승   06:48     07:02       0:14   차
128  7조(김병학) 4 킹스랜딩            승   06:50     07:09       0:19   차
129  7조(김병학)21 킹오브조이          승   07:37     07:47       0:10   금
130  7조(김병학) 7 호크킹              승   06:18     06:33       0:15   차
131  8조(토마스)12 굿탱크              승   07:25     07:49       0:24   차
132  8조(토마스) 5 그레이트굿          기   06:00     06:10       0:10   금
133  8조(토마스)20 대암장군            보   07:59     08:20       0:21   차
134  8조(토마스) 3 로키스카이          승   06:02     06:13       0:11   금
135  8조(토마스)31 마크에이스          승   06:27     06:39       0:12   차
136  8조(토마스) 6 무적불패            보   08:02     08:17       0:15   차
137  8조(토마스)15 무적영웅            보   06:54     07:06       0:12   차
138  8조(토마스)43 미드나이트퀸        기   06:00     06:08       0:08   금
139  8조(토마스) 8 서부굿              보   07:26     07:44       0:18   차
140  8조(토마스)14 서부퀸              승   06:51     07:02       0:11   차
141  8조(토마스)18 서부탑              보   07:26     07:42       0:16   차
142  8조(토마스)37 에이스잭팟          기   06:23     06:35       0:12   금
143  8조(토마스)19 영광의파이트        보   06:02     06:14       0:12   금
144  8조(토마스) 4 오섬킹이지          승   06:03     06:13       0:10   금
145  8조(토마스)35 오아시스걸          보   06:27     06:37       0:10   금
146  8조(토마스)38 이기다              승   08:02     08:16       0:14   차
147  8조(토마스)10 전설의보스          승   08:02     08:16       0:14   차
148  8조(토마스)40 전설의파이트        승   06:51     07:04       0:13   차
149  8조(토마스)11 천년의울림          승   07:25     07:38       0:13   차
150  8조(토마스)22 천마파워            승   08:02     08:16       0:14   차
151  8조(토마스)23 코리아프린스        승   06:27     06:37       0:10   금
152  8조(토마스)34 태풍이              보   06:27     06:37       0:10   차
153  8조(토마스) 2 톱파이어            승   06:52     07:04       0:12   차
154  8조(토마스)25 파워트레인          보   06:52     07:03       0:11   차
155  8조(토마스) 1 파티어게인          기   06:01     06:10       0:09   금
156  8조(토마스) 9 패션키              기   06:00     06:09       0:09   금
157  8조(토마스)36 해피우먼            보   06:02     06:13       0:11   금
158  8조(토마스)42 힐모어              기   06:00     06:10       0:10   금
159  9조(양귀선) 8 골드매직            승   06:56     07:13       0:17   차
160  9조(양귀선)25 금빛행진            승   06:38     06:57       0:19   차
161  9조(양귀선)12 담양제왕            보   06:19     06:34       0:15   금
162  9조(양귀선)32 담양태양            승   06:33     06:40       0:07   금
163  9조(양귀선)34 당대블루            기   06:40     06:55       0:15   차
164  9조(양귀선)15 더퍼스트팩터        기   06:22     06:33       0:11   금
165  9조(양귀선)35 디바인축제          승   06:11     06:35       0:24   차
166  9조(양귀선)22 룩스캣              승   06:07     06:25       0:18   차
167  9조(양귀선) 2 바벨라일락          승   06:46     07:06       0:20   차
168  9조(양귀선)36 바벨히트            승   08:06     08:22       0:16   차
169  9조(양귀선) 1 블랙퀸              승   07:46     08:09       0:23   차
170  9조(양귀선)39 선더베가스          승   06:11     06:29       0:18   차
171  9조(양귀선)24 선더플라이          보   06:54     07:15       0:21   차
172  9조(양귀선) 6 성산파워            기   06:00     06:09       0:09   금
173  9조(양귀선)14 승리대로            보   07:46     08:18       0:32   차
174  9조(양귀선)28 우승강자            승   06:54     07:08       0:14   금
175  9조(양귀선)27 우승지킴이          승   07:11     07:36       0:25   차
176  9조(양귀선)20 운봉산              승   07:20     07:39       0:19   차
177  9조(양귀선)40 원더풀킹            승   06:26     06:35       0:09   금
178  9조(양귀선) 7 이글엔젤            승   07:06     07:19       0:13   금
179  9조(양귀선)16 이터널히어로        승   06:00     06:19       0:19   차
180  9조(양귀선) 4 자이언트파워        기   06:00     06:09       0:09   금
181  9조(양귀선)26 파워울프            기   07:46     08:12       0:26   차
182  9조(양귀선)13 페르디도패션        보   06:00     06:13       0:13   차
183  9조(양귀선) 5 하늘울림            승   07:19     07:44       0:25   차
184 10조(김남중)18 금아굿포인트        기   07:34     07:48       0:14   금
185 10조(김남중)22 금아미스틱          기   08:12     08:29       0:17   차
186 10조(김남중)21 금아신스틸러        승   08:06     08:23       0:17   차
187 10조(김남중)14 라스트가디언        기   07:08     07:21       0:13   금
188 10조(김남중)13 라피도퀸            기   08:00     08:16       0:16   차
189 10조(김남중)15 럭키매직            승   07:06     07:24       0:18   차
190 10조(김남중) 7 미스터카이저        승   06:31     06:41       0:10   금
191 10조(김남중)19 위닝리스트          기   06:23     06:36       0:13   차
192 10조(김남중)27 젠틀몬스터          승   07:08     07:21       0:13   차
193 10조(김남중)20 천년의강            승   08:43     08:58       0:15   차
194 10조(김남중) 9 최강큐피드          기   08:06     08:23       0:17   금
195 10조(김남중) 8 트루킹              기   07:08     07:23       0:15   차
196 10조(김남중) 2 페더럴스타          승   07:56     08:14       0:18   차
197 10조(김남중) 1 해피매직            승   06:35     06:50       0:15   차
198 11조(김영민) 5 글로리킹            승   09:31     09:46       0:15   차
199 11조(김영민)12 기적의적토마        승   06:05     06:17       0:12   차
200 11조(김영민)19 뉴파이어            승   09:33     09:46       0:13   차
201 11조(김영민) 7 도미네이션          승   07:22     07:34       0:12   금
202 11조(김영민)27 리턴오브섭서디      승   08:36     08:48       0:12   금
203 11조(김영민)26 말리부태양          승   09:32     09:46       0:14   차
204 11조(김영민)13 미스펙터            승   08:40     08:52       0:12   차
205 11조(김영민)24 뷰티풀마린          승   09:06     09:15       0:09   차
206 11조(김영민) 3 뿌듯                승   06:29     06:46       0:17   차
207 11조(김영민)15 아델퓨펄            승   06:50     07:04       0:14   차
208 11조(김영민)20 에이스킬러          승   08:37     08:50       0:13   차
209 11조(김영민)23 엔젤윈드            승   08:39     08:51       0:12   차
210 11조(김영민)21 엘클라시코          승   06:50     07:04       0:14   차
211 11조(김영민)17 예술의경지          승   07:22     07:37       0:15   차
212 11조(김영민)22 윈드하푼            승   06:12     06:30       0:18   차
213 11조(김영민) 8 이스트벨            기   06:36     06:48       0:12   차
214 11조(김영민) 9 인투마린            승   06:50     07:04       0:14   차
215 11조(김영민) 1 짜잔                승   08:36     08:48       0:12   차
216 11조(김영민)14 캐치더빅토리        승   06:00     06:12       0:12   차
217 11조(김영민) 4 한빛영광            승   07:21     07:35       0:14   금
218 11조(김영민)18 해운대바다          기   06:19     06:32       0:13   차
219 11조(김영민)25 해운대블루          승   06:12     06:31       0:19   차
220 11조(김영민) 6 해피요정            승   07:20     07:32       0:12   차
221 12조(조용배)15 가락공원            기   06:52     07:03       0:11   금
222 12조(조용배)25 가오                기   07:28     07:38       0:10   금
223 12조(조용배)28 더선오브갓          승   07:40     07:49       0:09   금
224 12조(조용배) 8 디바인퀸            조   07:02     07:18       0:16   금
225 12조(조용배)12 리아논포인트        승   08:40     09:04       0:24   차
226 12조(조용배)24 만리스타            조   08:01     08:22       0:21   금
227 12조(조용배) 7 배다리보배          기   07:07     07:18       0:11   금
228 12조(조용배) 4 배다리선샤인        승   06:03     06:19       0:16   금
229 12조(조용배)14 배다리케이퍼        승   06:33     06:47       0:14   금
230 12조(조용배)16 베스트윈드          승   07:04     07:19       0:15   금
231 12조(조용배)23 솔트라이트          승   06:03     06:15       0:12   금
232 12조(조용배)21 스마트모드          조   07:34     07:47       0:13   금
233 12조(조용배)11 스마트영웅          승   07:57     08:17       0:20   차
234 12조(조용배)20 스타티세            승   08:09     08:23       0:14   금
235 12조(조용배)22 신의전사            승   07:02     07:18       0:16   금
236 12조(조용배)17 어나더레전드        기   06:00     06:22       0:22   차
237 12조(조용배) 5 온누리강자          기   06:35     06:48       0:13   금
238 12조(조용배)31 워너비스타          승   09:21     09:43       0:22   차
239 12조(조용배)32 청마영웅            조   08:40     09:04       0:24   차
240 12조(조용배)26 청마황후            승   07:37     07:52       0:15   차
241 12조(조용배) 1 컬러풀인디          승   08:40     08:58       0:18   차
242 12조(조용배)10 퍼스트윈드          승   06:29     06:46       0:17   차
243 12조(조용배) 9 한라황후            조   06:29     06:46       0:17   금
244 12조(조용배)18 해피피버            승   09:10     09:27       0:17   차
245 13조(강병은)23 달려라볼포니        승   06:47     06:58       0:11   차
246 13조(강병은) 8 드래곤천하          승   06:25     06:39       0:14   금
247 13조(강병은)18 로즈스타            승   08:21     08:40       0:19   차
248 13조(강병은) 1 마리아주            승   06:52     07:01       0:09   차
249 13조(강병은)16 백전불패            승   07:44     07:59       0:15   차
250 13조(강병은) 5 베가선더            기   06:34     06:43       0:09   금
251 13조(강병은)21 블루카슨            승   07:09     07:27       0:18   금
252 13조(강병은)20 비케이루프톱        승   07:09     07:27       0:18   금
253 13조(강병은)19 비케이킹스타        승   06:17     06:36       0:19   금
254 13조(강병은) 7 비케이허니          기   06:21     06:30       0:09   금
255 13조(강병은) 3 새만금의비전        기   06:21     06:30       0:09   금
256 13조(강병은)10 새물결의파도        승   07:48     08:08       0:20   차
257 13조(강병은)17 새아침의햇살        승   07:12     07:22       0:10   차
258 13조(강병은)22 애니라인            기   06:03     06:16       0:13   금
259 13조(강병은)28 에이스가이          승   07:32     07:42       0:10   차
260 13조(강병은) 9 차지파워            승   08:37     08:52       0:15   차
261 13조(강병은)13 케이축제            승   08:21     08:39       0:18   차
262 13조(강병은)14 퀸업                기   07:20     07:32       0:12   금
263 13조(강병은)11 킹비드              승   06:22     06:34       0:12   차
264 13조(강병은)15 킹파티              기   07:48     08:02       0:14   차
265 13조(강병은) 6 한센물결            기   08:10     08:22       0:12   금
266 14조(윤영훈) 6 록햄프턴            보   07:58     08:13       0:15   차
267 14조(윤영훈)12 마루짱              승   08:13     08:31       0:18   금
268 14조(윤영훈) 3 베라데이            기   06:40     06:53       0:13   금
269 14조(윤영훈) 1 서귀포에이스        보   06:32     06:48       0:16   금
270 14조(윤영훈)18 선마운틴            승   07:34     07:54       0:20   차
271 14조(윤영훈)16 신비한바람          승   06:32     06:52       0:20   금
272 14조(윤영훈) 9 신비한여인          보   07:35     07:50       0:15   차
273 14조(윤영훈) 5 진마크              승   07:11     07:39       0:28   차
274 14조(윤영훈)15 청담드라이브        승   06:11     06:24       0:13   금
275 14조(윤영훈)11 청담시티            기   09:03     09:12       0:09   차
276 14조(윤영훈) 4 치프에이스          보   09:14     09:25       0:11   차
277 14조(윤영훈)19 칼마크              기   08:16     08:35       0:19   금
278 14조(윤영훈)21 패션블레이드        기   08:43     08:55       0:12   차
279 14조(윤영훈)23 해피게이트          승   06:58     07:21       0:23   금
280 15조(안우성)18 갤런트워리어        승   06:03     06:21       0:18   차
281 15조(안우성)21 골든카이저          승   06:03     06:18       0:15   금
282 15조(안우성)19 굿캐스팅            승   08:01     08:23       0:22   차
283 15조(안우성)35 그레이트댄스        승   07:17     07:33       0:16   차
284 15조(안우성)29 뉴잭스윙            승   08:14     08:33       0:19   차
285 15조(안우성)32 더윈                승   06:03     06:18       0:15   차
286 15조(안우성) 8 드롭더비트          승   07:29     07:45       0:16   금
287 15조(안우성)28 마이티즈젬          승   08:20     08:25       0:05   금
288 15조(안우성) 4 무비브라더          승   06:30     06:44       0:14   금
289 15조(안우성)15 무한열정            승   08:40     08:56       0:16   차
290 15조(안우성)23 밀리언메이커        승   08:27     08:51       0:24   차
291 15조(안우성)37 버닝스타            기   06:00     06:11       0:11   금
292 15조(안우성)34 스카이윈            승   06:40     06:57       0:17   차
293 15조(안우성)38 스피드마스트        기   07:48     08:07       0:19   차
294 15조(안우성)30 아람나래            기   07:22     07:33       0:11   금
295 15조(안우성)33 어플리트타핏        기   06:26     06:39       0:13   차
296 15조(안우성)22 얼라이브스타        승   06:43     06:58       0:15   차
297 15조(안우성)31 얼라이브캡틴        승   06:35     06:45       0:10   금
298 15조(안우성)14 얼라이브퀸          승   07:48     08:06       0:18   차
299 15조(안우성) 2 예스파워            기   06:26     06:39       0:13   차
300 15조(안우성) 6 원더풀보브캣        기   06:26     06:39       0:13   금
301 15조(안우성)11 원더풀페이거        승   07:54     08:08       0:14   차
302 15조(안우성)36 위너버드            기   06:01     06:15       0:14   차
303 15조(안우성)25 장산도쿄            승   09:11     09:31       0:20   차
304 15조(안우성) 9 저스트윈            승   06:03     06:17       0:14   금
305 15조(안우성)16 점보블레이드        승   06:56     07:12       0:16   차
306 15조(안우성) 7 퀸오딘이지          승   07:27     07:46       0:19   차
307 15조(안우성)26 타이틀코드          기   07:11     07:24       0:13   차
308 15조(안우성)27 탱이바이트          승   09:10     09:21       0:11   차
309 15조(안우성)10 폭풍언덕            승   07:27     07:38       0:11   금
310 15조(안우성)39 폭풍질주            승   08:41     08:56       0:15   차
311 15조(안우성)13 해남해머            승   07:01     07:14       0:13   차
312 16조(김재섭) 5 갑오데이            승   08:28     08:42       0:14   차
313 16조(김재섭)16 고블린              기   07:39     07:51       0:12   금
314 16조(김재섭) 7 레인킬러            승   06:26     06:43       0:17   차
315 16조(김재섭) 6 로즈불릿            승   08:15     08:31       0:16   차
316 16조(김재섭)21 리버스스윕          승   08:02     08:18       0:16   차
317 16조(김재섭)13 서부원더풀          승   08:40     09:02       0:22   차
318 16조(김재섭)24 성산불꽃            기   07:18     07:30       0:12   금
319 16조(김재섭)36 성산히어로          승   07:18     07:30       0:12   금
320 16조(김재섭)20 스피드퓨리          기   07:03     07:16       0:13   금
321 16조(김재섭)34 에코시              승   08:40     09:02       0:22   차
322 16조(김재섭) 2 울트라파워          승   06:54     07:02       0:08   차
323 16조(김재섭)11 울트라피닉스        승   06:39     06:56       0:17   차
324 16조(김재섭)35 원더풀데이즈        기   07:15     07:29       0:14   금
325 16조(김재섭)14 월드리멤버          기   06:26     06:38       0:12   금
326 16조(김재섭)30 유로공주            승   06:42     06:55       0:13   차
327 16조(김재섭)15 제너럴앤            승   07:18     07:30       0:12   금
328 16조(김재섭) 3 창조대로            기   07:25     07:37       0:12   차
329 16조(김재섭) 8 챔피언시대          승   07:48     07:59       0:11   차
330 16조(김재섭)22 치트키              승   06:34     06:47       0:13   차
331 16조(김재섭)32 캡스톤              기   07:40     07:50       0:10   금
332 17조(장세한) 6 국민스타            기   08:30     08:42       0:12   금
333 17조(장세한)28 군주의길            기   07:03     07:25       0:22   차
334 17조(장세한)24 그레이트고          보   06:33     06:45       0:12   차
335 17조(장세한)20 뉴프레시            기   07:56     08:09       0:13   금
336 17조(장세한)23 다이아포스          승   07:57     08:14       0:17   차
337 17조(장세한) 8 댄싱드래건          기   06:29     06:50       0:21   차
338 17조(장세한) 5 드림댄서            기   06:45     06:59       0:14   금
339 17조(장세한)17 런앤드건            기   06:55     07:11       0:16   금
340 17조(장세한)19 루카스선            기   06:55     07:11       0:16   금
341 17조(장세한) 1 바벨드리머          보   08:28     08:44       0:16   차
342 17조(장세한) 7 바벨스타            기   06:37     06:48       0:11   차
343 17조(장세한)25 쉬저스트퀸덤        승   08:52     09:23       0:31   차
344 17조(장세한)31 스트레이트란        기   07:35     07:54       0:19   차
345 17조(장세한) 2 영광의시크릿        승   08:40     08:56       0:16   차
346 17조(장세한)12 와칸다              기   06:00     06:12       0:12   금
347 17조(장세한) 3 전설의파티          승   07:56     08:20       0:24   차
348 17조(장세한)11 플라잉킹즈          보   07:43     07:56       0:13   금
349 18조(이정표)20 노던라이츠          승   06:33     06:46       0:13   금
350 18조(이정표)23 다이나믹헌터        보   07:37     07:57       0:20   금
351 18조(이정표)22 로열산다이도        승   06:57     07:18       0:21   금
352 18조(이정표) 9 사이먼탑건          승   06:57     07:17       0:20   차
353 18조(이정표) 2 슈거비치            승   07:32     07:49       0:17   차
354 18조(이정표)19 스마티돌풍          승   07:37     08:05       0:28   차
355 18조(이정표) 8 에이스로드          승   06:07     06:19       0:12   금
356 18조(이정표)26 에이원스            승   08:17     08:34       0:17   금
357 18조(이정표) 5 역전의태양          승   06:06     06:23       0:17   차
358 18조(이정표) 6 오메가걸            승   06:30     06:40       0:10   금
359 18조(이정표)24 코리아헌터          보   08:22     08:36       0:14   금
360 18조(이정표) 7 코코윈              보   06:39     06:52       0:13   금
361 18조(이정표)21 트리플스톰          기   07:56     08:06       0:10   금
362 18조(이정표)12 할리우드퀸          기   08:17     08:34       0:17   금
363 19조(김영관)33 고수의파워          승   09:33     09:46       0:13   차
364 19조(김영관)28 굿삭스              승   08:56     09:13       0:17   차
365 19조(김영관)40 금아니피            승   08:28     08:41       0:13   차
366 19조(김영관)20 금아마이아          승   06:57     07:17       0:20   차
367 19조(김영관)26 금아사이킥          승   09:06     09:23       0:17   차
368 19조(김영관)45 금아카이로스        기   08:21     08:40       0:19   금
369 19조(김영관)22 금아캐벌리          승   08:42     08:55       0:13   차
370 19조(김영관)29 나이스월드          승   08:01     08:22       0:21   차
371 19조(김영관)32 넘버원스타          승   09:46     09:54       0:08   차
372 19조(김영관)13 논스톱송            승   07:29     07:52       0:23   차
373 19조(김영관)25 라피도맨            기   09:15     09:25       0:10   금
374 19조(김영관)38 럭키넘버원          기   06:47     06:58       0:11   금
375 19조(김영관) 5 레이더              승   07:28     07:52       0:24   차
376 19조(김영관)43 로사                승   06:11     06:23       0:12   차
377 19조(김영관) 9 백문백답            승   09:48     10:03       0:15   차
378 19조(김영관)42 손아도르            승   06:30     06:48       0:18   차
379 19조(김영관)34 스카이모어          기   08:15     08:32       0:17   금
380 19조(김영관)31 스타아이            기   08:30     08:42       0:12   금
381 19조(김영관)39 스피드매치          승   09:30     09:43       0:13   차
382 19조(김영관)35 시드니망치          승   08:43     08:56       0:13   차
383 19조(김영관)12 실버레이디          승   08:28     08:42       0:14   차
384 19조(김영관)21 에코굿              승   06:30     06:45       0:15   차
385 19조(김영관) 1 원더풀리젠트        승   08:02     08:21       0:19   차
386 19조(김영관)37 월드파워            승   09:14     09:31       0:17   차
387 19조(김영관) 3 크로너스            기   07:53     08:13       0:20   금
388 19조(김영관) 2 톱스카이            승   06:07     06:20       0:13   차
389 19조(김영관)19 투데이              기   08:50     09:03       0:13   금
390 19조(김영관)14 티즈모어            승   06:57     07:17       0:20   차
391 20조(최기홍) 6 그레이트데이        승   06:41     06:55       0:14   차
392 20조(최기홍) 8 난산무적            승   06:33     06:46       0:13   차
393 20조(최기홍) 5 뉴스메이커          승   06:13     06:26       0:13   금
394 20조(최기홍)27 딥러닝              승   07:46     08:12       0:26   차
395 20조(최기홍)14 버닝파티            기   06:40     06:55       0:15   금
396 20조(최기홍)20 삼색조              승   07:46     08:12       0:26   차
397 20조(최기홍)11 스윕위닝            기   07:05     07:25       0:20   차
398 20조(최기홍)13 슬림퀸              승   07:46     08:06       0:20   차
399 20조(최기홍)22 영도갈매기          승   06:00     06:12       0:12   금
400 20조(최기홍) 4 영성빅토리          승   07:11     07:23       0:12   차
401 20조(최기홍)18 영천스타            승   07:15     07:28       0:13   차
402 20조(최기홍) 7 좋은해              승   06:15     06:29       0:14   차
403 20조(최기홍)12 텍사스어게인        기   06:00     06:12       0:12   금
404 20조(최기홍)21 함안아라왕궁        승   06:43     06:58       0:15   차
405 20조(최기홍)16 함안악양루          승   06:57     07:10       0:13   차
406 21조(민장기)38 굿트렌드            승   07:38     07:57       0:19   차
407 21조(민장기)25 나이스원            승   07:36     07:56       0:20   차
408 21조(민장기) 8 돌아온포경선        보   06:20     06:35       0:15   금
409 21조(민장기)39 록하드스톤          기   07:19     07:36       0:17   차
410 21조(민장기)40 말리부별            보   06:51     07:10       0:19   차
411 21조(민장기)18 미녀봉              승   07:30     07:49       0:19   차
412 21조(민장기)13 바람공주            승   06:22     06:42       0:20   금
413 21조(민장기)10 베이비라인          기   07:57     08:09       0:12   금
414 21조(민장기)31 블루치퍼            승   08:30     08:53       0:23   차
415 21조(민장기)41 석세스동방          승   07:02     07:22       0:20   차
416 21조(민장기)42 석세스마초          승   08:25     08:45       0:20   차
417 21조(민장기)27 와일드블루          승   06:15     06:32       0:17   차
418 21조(민장기)26 원더풀월드          기   06:54     07:09       0:15   금
419 21조(민장기) 2 원러시              승   07:02     07:22       0:20   차
420 21조(민장기) 5 월드톱              기   07:26     07:41       0:15   금
421 21조(민장기)33 위닝댄서            보   07:34     07:48       0:14   금
422 21조(민장기)20 제라게              기   08:03     08:20       0:17   차
423 21조(민장기) 1 질주마녀            승   06:55     07:10       0:15   차
424 21조(민장기)32 쭈욱                승   06:21     06:41       0:20   차
425 21조(민장기)43 퀵윈드              승   08:25     08:45       0:20   차
426 21조(민장기)22 클린히트            승   06:18     06:28       0:10   금
427 21조(민장기)34 태풍소리            승   08:10     08:26       0:16   차
428 21조(민장기)21 테이크아델          기   07:30     07:47       0:17   금
429 21조(민장기)15 파이널프런트        보   08:11     08:26       0:15   금
430 21조(민장기) 3 페르디도로켓        기   06:47     06:59       0:12   차
431 21조(민장기)12 프리덤나이트        승   06:51     07:09       0:18   차
432 21조(민장기)14 해피어게인          기   06:29     06:46       0:17   금
433 22조(강은석) 8 뉴럭스              기   07:46     08:03       0:17   차
434 22조(강은석) 6 달이뜨니            기   09:24     09:34       0:10   차
435 22조(강은석)35 마룬퀸              승   07:06     07:22       0:16   차
436 22조(강은석)12 모닝대로            보   06:01     06:13       0:12   차
437 22조(강은석)34 바람의꿈            보   06:43     06:58       0:15   차
438 22조(강은석)19 백두정기            승   08:22     08:35       0:13   차
439 22조(강은석)17 아너퀸              기   06:01     06:11       0:10   차
440 22조(강은석)21 영광의타임          승   06:23     06:36       0:13   차
441 22조(강은석)29 예싸퀸              승   07:57     08:14       0:17   차
442 22조(강은석) 3 운주의별            보   06:20     06:32       0:12   차
443 22조(강은석) 7 이너프              기   09:09     09:18       0:09   차
444 22조(강은석) 5 이츠마이럭키보이    승   06:02     06:16       0:14   차
445 22조(강은석)23 장산바비            보   07:42     07:54       0:12   차
446 22조(강은석)28 짱이                기   08:50     09:02       0:12   차
447 22조(강은석)32 챔프라인            보   09:01     09:18       0:17   차
448 22조(강은석)31 캐치더스카이        승   07:57     08:14       0:17   차
449 22조(강은석)22 크루스델수르        승   06:43     06:58       0:15   차
450 22조(강은석)36 클린샷              보   07:25     07:36       0:11   차
451 22조(강은석)10 파워풀레전드        승   07:32     07:48       0:16   차
452 22조(강은석)30 퍼스트체인저        보   07:06     07:18       0:12   차
453 23조(손병직)12 가디스문            조   08:24     08:51       0:27   차
454 23조(손병직) 4 글로벌톱            승   06:18     06:32       0:14   금
455 23조(손병직) 1 닥터콘스            조   07:36     07:46       0:10   금
456 23조(손병직)14 대호아라            조   06:51     06:58       0:07   금
457 23조(손병직)10 새터데이퀸          보   08:11     08:29       0:18   차
458 23조(손병직) 6 수소엔진            승   09:13     09:21       0:08   차
459 23조(손병직)16 아델스타            보   08:58     09:18       0:20   차
460 23조(손병직)13 에이커스드림        승   08:25     08:44       0:19   차
461 23조(손병직)17 유아어보스          승   06:45     07:00       0:15   차
462 23조(손병직)23 최강번쩍            승   07:30     07:46       0:16   차
463 23조(손병직) 7 최강헌터            조   06:18     06:30       0:12   금
464 24조(김길중)27 갤럭시로드          승   07:39     07:56       0:17   차
465 24조(김길중)20 대동기상            승   07:13     07:24       0:11   차
466 24조(김길중) 9 블루파워            승   07:39     07:54       0:15   차
467 24조(김길중)24 스타라이트          승   06:46     06:58       0:12   차
468 24조(김길중)34 스타오브킹          승   07:48     08:02       0:14   차
469 24조(김길중) 4 스페셜킹이지        승   06:15     06:26       0:11   차
470 24조(김길중)14 아이스레그          승   06:11     06:25       0:14   차
471 24조(김길중)30 원더풀버드          승   07:37     07:46       0:09   차
472 24조(김길중)25 원더풀스마티        승   07:07     07:18       0:11   차
473 24조(김길중) 2 원더풀피스          승   06:17     06:27       0:10   차
474 24조(김길중) 6 원픽                기   07:07     07:21       0:14   차
475 24조(김길중) 1 진주사랑            승   06:16     06:29       0:13   차
476 24조(김길중) 3 초동대장            승   07:17     07:34       0:17   차
477 24조(김길중)11 퀸아더              기   06:04     06:17       0:13   차
478 24조(김길중)28 투투리즈            승   07:13     07:22       0:09   차
479 24조(김길중)33 투투셀럽            승   07:07     07:21       0:14   차
480 24조(김길중)17 파워윈디            승   07:38     07:55       0:17   차
481 24조(김길중)26 퓨처킹              승   06:46     06:56       0:10   차
482 24조(김길중)15 필승이지            승   06:44     06:59       0:15   차
483 26조(방동석)27 굿선더              승   06:13     06:23       0:10   금
484 26조(방동석)32 글로벌캔디          승   08:00     08:13       0:13   차
485 26조(방동석) 5 마이퀸              기   07:15     07:29       0:14   금
486 26조(방동석)31 바베어리언          승   08:56     09:12       0:16   차
487 26조(방동석)36 백년시대            승   06:45     06:57       0:12   차
488 26조(방동석)34 보고있나            승   08:37     08:52       0:15   차
489 26조(방동석)33 비바브라보          승   08:47     08:57       0:10   차
490 26조(방동석)10 사랑의기적          승   09:01     09:14       0:13   금
491 26조(방동석)22 에코러시            기   07:47     08:03       0:16   금
492 26조(방동석)17 영성특급            승   08:17     08:29       0:12   차
493 26조(방동석)38 오버더힐            승   06:44     06:55       0:11   차
494 26조(방동석) 9 원더러너            승   06:12     06:24       0:12   차
495 26조(방동석)16 원더풀라이언        기   07:34     07:52       0:18   금
496 26조(방동석)37 원더풀수파          기   08:36     08:45       0:09   금
497 26조(방동석)19 원더풀윙스          승   08:12     08:24       0:12   차
498 26조(방동석) 7 원더풀플래시        승   07:27     07:46       0:19   금
499 26조(방동석) 6 위너스타임          승   06:45     06:57       0:12   차
500 26조(방동석)26 인디언추장          승   06:13     06:25       0:12   금
501 26조(방동석) 1 자이언트칼          승   07:26     07:40       0:14   금
502 26조(방동석) 8 창공                승   07:18     07:30       0:12   금
503 26조(방동석)23 터보스피드          승   06:13     06:25       0:12   금
504 26조(방동석) 4 톱오브코리아        기   08:17     08:30       0:13   금
505 26조(방동석) 3 판타스틱맨          기   08:04     08:15       0:11   금
506 26조(방동석) 2 하바나골드          승   07:27     07:45       0:18   차
507 27조(이상영)17 다이아몬드마린      기   08:13     08:35       0:22   차
508 27조(이상영)21 당대거함            승   06:11     06:21       0:10   차
509 27조(이상영)18 머제스틱글로리      승   06:45     06:58       0:13   차
510 27조(이상영) 8 변화의시작          승   08:13     08:41       0:28   차
511 27조(이상영)31 부경천사            승   06:19     06:30       0:11   금
512 27조(이상영)11 에코피아            기   07:47     08:00       0:13   차
513 27조(이상영)23 엑톤스텔스          승   06:14     06:27       0:13   차
514 27조(이상영)13 오션글로리          승   06:45     06:58       0:13   차
515 27조(이상영) 2 전설의불꽃          승   08:20     08:33       0:13   차
516 27조(이상영)22 퀸할리              승   07:42     07:53       0:11   차
517 27조(이상영)27 트래픽마린          승   07:48     07:59       0:11   금
518 27조(이상영)26 판타스틱로드        승   06:45     06:58       0:13   차
519 27조(이상영)28 패션오브마린        승   07:13     07:30       0:17   차
520 28조(하무선) 6 드림질주            승   08:34     08:50       0:16   차
521 28조(하무선) 8 모닝선              승   07:39     08:03       0:24   차
522 28조(하무선) 5 부산미소            기   06:43     06:57       0:14   금
523 28조(하무선) 9 부산볼트            승   08:13     08:25       0:12   금
524 28조(하무선) 1 빅풋                승   06:36     06:47       0:11   차
525 28조(하무선) 4 엄지척              승   07:18     07:30       0:12   차
526 28조(하무선) 3 월드슬램            승   06:55     07:08       0:13   금
527 28조(하무선) 2 크롬매직            기   08:25     08:38       0:13   차
528 29조(문제복)18 그랜드축제          승   07:21     07:51       0:30   차
529 29조(문제복)24 그레이트송          보   06:46     07:04       0:18   차
530 29조(문제복)22 남양사랑            보   07:21     07:51       0:30   차
531 29조(문제복) 4 내가새강자          보   08:44     09:03       0:19   차
532 29조(문제복)28 돌아온신세대        기   07:12     07:28       0:16   금
533 29조(문제복)10 드래건킹            기   07:59     08:15       0:16   금
534 29조(문제복)19 매직힐              승   09:25     09:59       0:34   차
535 29조(문제복) 9 모닝캣              보   09:24     09:59       0:35   차
536 29조(문제복)14 보니나라            기   08:14     08:25       0:11   금
537 29조(문제복)20 상승대한            보   08:08     08:27       0:19   금
538 29조(문제복) 8 스톰골드            승   08:04     08:24       0:20   차
539 29조(문제복)25 위스퍼위시          보   06:15     06:32       0:17   차
540 29조(문제복) 7 진짜강자            승   06:52     07:03       0:11   차
541 29조(문제복)11 치프타임            기   06:27     06:38       0:11   차
542 29조(문제복)13 토함스트롱          승   06:28     06:35       0:07   차
543 29조(문제복)17 펑키                승   08:42     09:03       0:21   차
544 29조(문제복) 1 한혈마              기   07:01     07:14       0:13   금
545 30조(울즐리)16 갤럭시오브          승   07:36     07:53       0:17   차
546 30조(울즐리) 3 골드럭              기   06:59     07:13       0:14   차
547 30조(울즐리)39 뉴프로스펙트        승   06:28     06:43       0:15   금
548 30조(울즐리)35 더세이버            승   08:05     08:19       0:14   차
549 30조(울즐리) 6 덩컨                승   06:36     06:52       0:16   금
550 30조(울즐리) 4 라이징보이          보   07:08     07:24       0:16   차
551 30조(울즐리)28 로열페넌트          보   07:39     07:55       0:16   차
552 30조(울즐리) 7 로켓고              보   09:10     09:17       0:07   차
553 30조(울즐리)38 메이플클래식        승   06:59     07:18       0:19   차
554 30조(울즐리)25 미스터밸러          기   06:28     06:43       0:15   차
555 30조(울즐리)13 미스터어플릿        기   06:25     06:40       0:15   차
556 30조(울즐리)26 미스터인디          승   07:34     07:49       0:15   차
557 30조(울즐리) 2 반지의전설          승   09:09     09:19       0:10   차
558 30조(울즐리)17 별이뜨네            승   08:41     08:54       0:13   차
559 30조(울즐리) 9 비제이스텀스        승   07:40     07:54       0:14   차
560 30조(울즐리) 1 스키터              보   08:39     08:51       0:12   차
561 30조(울즐리)14 시크릿레거시        승   06:02     06:13       0:11   차
562 30조(울즐리) 8 신라의전설          기   06:01     06:11       0:10   금
563 30조(울즐리)29 아티스갈            승   08:37     08:53       0:16   금
564 30조(울즐리)19 애프터쇼크          보   09:39     09:56       0:17   차
565 30조(울즐리)23 에이스코리아        승   07:09     07:29       0:20   차
566 30조(울즐리)11 와일드비전          승   09:10     09:23       0:13   차
567 30조(울즐리)40 원더풀레이디        승   09:39     09:56       0:17   차
568 30조(울즐리)37 원더풀벤처          승   08:37     08:49       0:12   금
569 30조(울즐리)24 자이언츠하트        보   08:11     08:23       0:12   차
570 30조(울즐리)21 전설의펀치          승   06:59     07:15       0:16   차
571 30조(울즐리)22 카피댓              승   06:04     06:18       0:14   금
572 30조(울즐리)10 클리어              기   06:02     06:20       0:18   차
573 30조(울즐리)33 킹오브글로리        승   06:29     06:43       0:14   차
574 30조(울즐리)36 톱베스트            승   09:29     09:46       0:17   차
575 30조(울즐리)30 톱스톰              승   09:11     09:23       0:12   차
576 30조(울즐리)27 트루밸러            기   06:25     06:40       0:15   금
577 30조(울즐리) 5 파샤                승   08:09     08:25       0:16   차
578 30조(울즐리)20 프로칸설            보   06:36     06:52       0:16   차
579 30조(울즐리)12 프리깃버드          보   06:06     06:18       0:12   차
580 30조(울즐리)15 헌치                승   08:08     08:19       0:11   차
581 31조(라이스) 9 기적의명성          승   07:02     07:14       0:12   금
582 31조(라이스)15 러닝삭스            기   06:00     06:09       0:09   차
583 31조(라이스)19 메이저포스          기   07:57     08:13       0:16   금
584 31조(라이스)38 미라쿨룸            승   06:00     06:10       0:10   차
585 31조(라이스)17 미스터퓨전          승   06:59     07:11       0:12   금
586 31조(라이스)11 블랙올리브          승   07:37     07:58       0:21   차
587 31조(라이스)23 비스틀리            승   08:39     08:50       0:11   차
588 31조(라이스)28 비제이킹            기   06:01     06:11       0:10   금
589 31조(라이스)29 스틸하트            기   06:00     06:09       0:09   차
590 31조(라이스)31 승리글로리          기   06:00     06:11       0:11   차
591 31조(라이스)21 쏜살                승   06:24     06:39       0:15   금
592 31조(라이스) 2 알파브이            승   07:02     07:14       0:12   차
593 31조(라이스)26 에이스솔로몬        승   08:35     08:50       0:15   차
594 31조(라이스)14 와일드인디          승   07:40     08:01       0:21   차
595 31조(라이스) 5 원더풀테일          승   06:32     06:39       0:07   금
596 31조(라이스)37 체리뱅키시          승   08:36     08:48       0:12   차
597 31조(라이스)27 쿨가이              승   07:01     07:14       0:13   차
598 31조(라이스) 1 퀸마블이지          승   06:00     06:08       0:08   금
599 31조(라이스)25 크리스털싱킹        승   08:04     08:19       0:15   차
600 31조(라이스)33 파극천              승   06:31     06:40       0:09   차
601 31조(라이스)30 파던스타            승   07:40     07:58       0:18   차
602 31조(라이스)16 퍼스트스타          기   06:00     06:10       0:10   금
603 31조(라이스)12 퓨전퀸              승   09:05     09:19       0:14   차
604 31조(라이스)36 픽처재스퍼          승   09:05     09:19       0:14   차
605 31조(라이스)40 허니드래건          기   07:43     08:01       0:18   금
606 31조(라이스)20 환희의반석          승   06:33     06:42       0:09   차
607 31조(라이스)32 히든스타            승   07:34     07:45       0:11   차
608 32조(임동창)17 글로벌여왕          승   06:23     06:35       0:12   차
609 32조(임동창)10 달래                승   06:42     06:59       0:17   차
610 32조(임동창)24 매직호스            승   07:04     07:21       0:17   차
611 32조(임동창)19 보령환호            승   07:24     07:40       0:16   차
612 32조(임동창)13 브라운파이          승   06:51     07:08       0:17   차
613 32조(임동창) 3 성실사랑            승   08:08     08:26       0:18   차
614 32조(임동창) 6 성실소녀            승   06:06     06:17       0:11   금
615 32조(임동창) 1 성실으뜸            승   06:33     06:45       0:12   금
616 32조(임동창)11 용연                기   07:47     07:58       0:11   차
617 32조(임동창)15 함안성산            승   07:27     07:41       0:14   차
618 32조(임동창) 4 희망여전사          승   07:55     08:14       0:19   차
619 33조(권승주)35 갤럽보이            승   08:41     08:53       0:12   차
620 33조(권승주)34 대로공주            승   07:16     07:29       0:13   금
621 33조(권승주)15 라온더보스          승   07:31     07:44       0:13   차
622 33조(권승주) 1 라온더블루          승   07:55     08:10       0:15   차
623 33조(권승주)29 라온더스타          승   07:03     07:20       0:17   금
624 33조(권승주)25 라온더캡틴          승   08:04     08:18       0:14   차
625 33조(권승주)13 라온더파워          기   06:16     06:29       0:13   금
626 33조(권승주)10 라온스카이맨        승   06:37     06:54       0:17   금
627 33조(권승주)32 블랙로맨스          기   07:35     07:45       0:10   차
628 33조(권승주)33 선라이트보이        승   08:24     08:36       0:12   차
629 33조(권승주) 2 성산사이먼          승   06:48     07:05       0:17   금
630 33조(권승주)17 센텀토르            승   07:46     07:57       0:11   차
631 33조(권승주)23 알파하트            승   08:35     08:48       0:13   차
632 33조(권승주)19 어메이징풋          승   07:20     07:48       0:28   차
633 33조(권승주)18 에이스의환희        승   08:05     08:18       0:13   차
634 33조(권승주)22 여수토네이도        보   08:35     08:51       0:16   차
635 33조(권승주)12 영웅루이스          기   07:05     07:24       0:19   금
636 33조(권승주)31 요정여왕            승   08:07     08:22       0:15   차
637 33조(권승주)24 일념통천            기   06:30     06:44       0:14   금
638 33조(권승주) 5 천년의퀸            승   06:34     06:50       0:16   차
639 33조(권승주)27 케이케이원          승   06:41     06:57       0:16   금
640 33조(권승주)16 퀸플라잉            승   08:08     08:19       0:11   금
641 33조(권승주) 4 트리플질주          승   07:20     07:48       0:28   차
642 33조(권승주) 7 해변의뮤직          승   07:21     07:51       0:30   차
643 33조(권승주) 3 행복코리아          기   07:12     07:24       0:12   차
644 33조(권승주)28 화이트갤로퍼        기   06:23     06:36       0:13   금
━━━━━━━━━━━━━━━━━━━━━━━━━━━━━━━━━━━━━━━
                                                      출력일자 : 2021. 1.20

