

제목 : 21.04.12(월) 훈련현황

  ※기승자범례(조:조교사, 보:조교보, 기:기수, 후:기수후보생, 승:조교승인)
  ※비고(금:금주출전예정마, 차:차주출전예정마, 특:특대상경주출전예정마)
  ※금주, 차주 또는 특별 대상경주 출전예상마는 출전신청 결과 및
  조교사의 의사에 따라 변동될 수 있는 미확정된 자료이오니 참고하시기 바랍니다.
━━━━━━━━━━━━━━━━━━━━━━━━━━━━━━━━━━━━━━━
  순 소속조 - 조번 마명              기승자 입장시각  퇴장시각  훈련시간 비고
━━━━━━━━━━━━━━━━━━━━━━━━━━━━━━━━━━━━━━━
  1  1조(박종곤) 6 대마지풍            기   06:36     06:47       0:11   금
  2  1조(박종곤) 1 라온다이아          기   06:21     06:33       0:12   금
  3  1조(박종곤)27 라온더파이터        기   06:38     06:47       0:09   금
  4  1조(박종곤)32 라온스페셜          기   06:23     06:32       0:09   금
  5  1조(박종곤)40 문학시바            기   07:21     07:34       0:13   금
  6  1조(박종곤)25 문학아리아리        기   07:34     07:48       0:14   금
  7  1조(박종곤) 9 문학파로아          승   07:23     07:33       0:10   금
  8  1조(박종곤)18 콜윈                승   07:59     08:18       0:19   금
  9  1조(박종곤)20 트라이선더          기   06:40     06:49       0:09   금
 10  2조(손영표)12 로스트워            기   07:45     07:57       0:12   금
 11  2조(손영표)26 미르스카이          기   08:30     08:42       0:12   차
 12  2조(손영표)31 오섬스프링스        승   07:52     08:01       0:09   금
 13  2조(손영표)33 퀵실버키튼          기   07:45     07:57       0:12   차
 14  2조(손영표)22 피어나다            기   07:50     08:03       0:13   금
 15  3조(최영주)22 고웰                기   06:19     06:27       0:08   금
 16  3조(최영주)24 랭크가드            기   07:28     07:37       0:09   차
 17  3조(최영주)20 멋진가이            승   06:52     07:05       0:13   금
 18  3조(최영주)34 샤이니퀸            승   07:35     07:50       0:15   금
 19  3조(최영주)13 서울달빛            기   07:15     07:26       0:11   금
 20  3조(최영주)30 오로라로드          기   07:45     07:59       0:14   금
 21  3조(최영주)26 윈드스카이          승   06:19     06:27       0:08   금
 22  4조(박윤규)18 걸작우먼            기   07:30     07:42       0:12   금
 23  4조(박윤규) 2 광양으뜸            승   08:39     08:56       0:17   차
 24  4조(박윤규)25 굿필승              승   06:11     06:30       0:19   차
 25  4조(박윤규)16 드림머니            승   06:13     06:24       0:11   차
 26  4조(박윤규)33 리틀보이플래시      승   06:25     06:35       0:10   차
 27  4조(박윤규)20 제주의보석          승   07:30     07:39       0:09   차
 28  4조(박윤규) 3 티파니블루          승   08:38     08:59       0:21   차
 29  4조(박윤규) 7 팔팔빅토리          승   07:47     07:57       0:10   금
 30  4조(박윤규)22 해피하와이          승   08:06     08:19       0:13   금
 31  5조(우창구) 2 금로열              승   06:32     06:41       0:09   금
 32  5조(우창구)17 금아인빈서블        승   07:43     07:55       0:12   차
 33  5조(우창구)34 금아제니스          기   08:02     08:11       0:09   차
 34  5조(우창구)13 선더타임            기   06:32     06:41       0:09   금
 35  5조(우창구)32 해랑                기   06:56     07:05       0:09   금
 36  6조(홍대유)10 그린짱              기   06:40     06:49       0:09   금
 37  6조(홍대유)12 그린필스타          기   06:31     06:42       0:11   금
 38  6조(홍대유) 7 럭키전사            승   06:31     06:42       0:11   금
 39  6조(홍대유)15 문학문              기   07:44     07:57       0:13   금
 40  6조(홍대유) 5 새내아이린          승   07:45     08:00       0:15   금
 41  6조(홍대유) 8 새내윈              기   07:45     07:59       0:14   금
 42  6조(홍대유)36 안양호랑이          기   07:06     07:14       0:08   금
 43  6조(홍대유)38 어플리트마린        기   07:32     07:39       0:07   금
 44  7조(구자흥) 3 달려라광산          기   07:37     07:43       0:06   금
 45  7조(구자흥) 8 디케이마루          기   07:37     07:45       0:08   금
 46  7조(구자흥)21 천향국색            승   07:36     07:47       0:11   금
 47  7조(구자흥)31 컬러즈온리          승   08:10     08:22       0:12   금
 48  8조(최용구)28 대군불패            승   07:23     07:33       0:10   차
 49  8조(최용구)21 더블블랙            기   06:55     07:05       0:10   금
 50  8조(최용구)34 블루마리아          승   09:09     09:23       0:14   차
 51  8조(최용구)14 비크레이지          승   06:41     06:55       0:14   차
 52  8조(최용구)15 스피돔              승   06:54     07:05       0:11   차
 53  8조(최용구) 8 카우보이킹          승   09:08     09:23       0:15   차
 54  8조(최용구)35 콜백                승   06:34     06:46       0:12   차
 55  8조(최용구)20 트리운포            승   07:26     07:38       0:12   차
 56  8조(최용구)32 하바나찰리          승   08:05     08:20       0:15   차
 57  9조(강성오)40 노르웨이서드        승   06:16     06:26       0:10   차
 58  9조(강성오)13 로열태리            승   06:27     06:40       0:13   차
 59  9조(강성오) 6 베스퍼              기   08:15     08:26       0:11   금
 60  9조(강성오)31 영앤리치            승   07:03     07:15       0:12   차
 61  9조(강성오)27 옥룡                기   06:41     06:53       0:12   금
 62  9조(강성오)16 온포인트            승   07:26     07:37       0:11   차
 63  9조(강성오)12 정조의꿈            승   08:54     09:06       0:12   금
 64  9조(강성오) 5 캣츠미라클          승   07:46     07:58       0:12   차
 65 10조(정호익)22 대명                기   07:07     07:20       0:13   차
 66 10조(정호익)23 두손장군            기   06:17     06:25       0:08   금
 67 10조(정호익)37 마이멤버            기   07:36     07:48       0:12   금
 68 10조(정호익) 5 마이호크            기   06:36     06:48       0:12   금
 69 10조(정호익)31 문학에카티          기   07:14     07:26       0:12   금
 70 10조(정호익)15 문학엠파이어        승   07:14     07:28       0:14   금
 71 10조(정호익)20 블루카이저          기   06:32     06:45       0:13   차
 72 10조(정호익)26 승부사              기   07:06     07:17       0:11   차
 73 10조(정호익)39 알찬누리            승   07:42     07:52       0:10   금
 74 10조(정호익)38 이스트챔프          승   06:14     06:27       0:13   금
 75 10조(정호익)33 이스트킹덤          승   08:16     08:30       0:14   금
 76 10조(정호익)35 정상스타            승   06:38     06:49       0:11   금
 77 10조(정호익) 8 트리플런            기   06:13     06:20       0:07   차
 78 10조(정호익)36 티케이보이          기   07:39     07:51       0:12   금
 79 11조(조현수)34 골디락스            승   07:16     07:28       0:12   금
 80 11조(조현수)28 메니스피드          보   06:54     07:06       0:12   금
 81 11조(조현수) 1 일향달마            승   06:36     06:48       0:12   금
 82 11조(조현수)24 적벽신화            승   06:47     06:58       0:11   금
 83 11조(조현수)11 제마특급            승   06:54     07:06       0:12   금
 84 11조(조현수)20 컴플리트챔프        승   07:38     07:50       0:12   차
 85 11조(조현수) 5 킹오브룰즈          승   07:14     07:28       0:14   금
 86 11조(조현수)38 파이널에이스        보   07:51     08:02       0:11   금
 87 11조(조현수)33 퍼지퀸              승   06:36     06:48       0:12   금
 88 11조(조현수)13 폴카                승   07:28     07:40       0:12   금
 89 12조(서범석)19 고고고              기   08:01     08:13       0:12   금
 90 12조(서범석)17 선붐                기   07:15     07:23       0:08   금
 91 12조(서범석)31 선위너              승   06:29     06:43       0:14   금
 92 12조(서범석)13 선파이팅            기   08:19     08:29       0:10   금
 93 12조(서범석)27 스트라이드업        기   07:48     08:00       0:12   금
 94 12조(서범석)11 스트롱러너          승   06:28     06:43       0:15   금
 95 12조(서범석)15 에이피파텍          기   08:29     08:43       0:14   금
 96 12조(서범석)33 큐피드비상          기   08:00     08:11       0:11   금
 97 13조(이희영)16 굿바우              기   07:23     07:37       0:14   금
 98 13조(이희영) 6 달려라존            기   06:57     07:10       0:13   차
 99 13조(이희영) 4 드림여왕            기   07:11     07:29       0:18   차
100 13조(이희영) 2 베스트라인          승   06:57     07:09       0:12   금
101 14조(이신영)17 거센불패            기   07:45     07:55       0:10   금
102 14조(이신영)25 금아로버스트        기   07:28     07:41       0:13   금
103 14조(이신영) 8 금아플로러스        승   07:12     07:21       0:09   차
104 14조(이신영)38 더스파이커          기   07:45     07:59       0:14   금
105 14조(이신영)24 델피니              기   07:30     07:39       0:09   금
106 14조(이신영)29 말리부진저          기   06:12     06:20       0:08   금
107 14조(이신영)31 블랙킹              승   07:12     07:20       0:08   금
108 14조(이신영)23 이글아이            승   07:38     07:51       0:13   차
109 14조(이신영)35 플로리다파워        기   06:12     06:20       0:08   금
110 15조(박희철) 4 마에스트로          기   07:19     07:29       0:10   금
111 15조(박희철)16 서울데이            승   06:15     06:24       0:09   금
112 15조(박희철)23 파티파워            승   06:43     06:52       0:09   금
113 16조(최봉주)35 돌격앞으로          기   06:11     06:22       0:11   금
114 16조(최봉주) 1 로렐챔프            기   07:44     07:58       0:14   차
115 16조(최봉주)27 마하걸              승   06:59     07:09       0:10   금
116 16조(최봉주)33 영화즈플라잉        조   06:35     06:55       0:20   금
117 16조(최봉주)17 워리어선더          조   08:07     08:20       0:13   금
118 16조(최봉주) 5 원더풀니키야        조   07:04     07:15       0:11   금
119 16조(최봉주)29 원더풀딕시          승   06:47     06:56       0:09   금
120 16조(최봉주)19 천마                조   07:46     07:57       0:11   금
121 16조(최봉주)37 천총                승   07:10     07:20       0:10   금
122 16조(최봉주)22 호크아리랑          기   08:08     08:19       0:11   금
123 16조(최봉주)24 호크의영광          조   07:27     07:37       0:10   금
124 17조(김점오)18 명품히어로          승   06:17     06:31       0:14   금
125 17조(김점오) 7 스피드흑룡          승   06:12     06:22       0:10   차
126 17조(김점오)25 어메이징퀸          기   07:10     07:19       0:09   금
127 17조(김점오)22 이스머스            기   07:22     07:32       0:10   금
128 18조(박대흥)39 선더소니아          승   06:26     06:34       0:08   차
129 18조(박대흥)40 알파독              기   06:26     06:34       0:08   금
130 18조(박대흥) 2 왕탱이              승   08:36     08:46       0:10   금
131 18조(박대흥) 3 위너콰드릴          기   07:28     07:42       0:14   금
132 18조(박대흥) 6 참일호              기   07:40     07:55       0:15   금
133 18조(박대흥) 1 최강퀸              기   07:31     07:43       0:12   금
134 18조(박대흥)17 케이엔특급          승   07:29     07:42       0:13   금
135 18조(박대흥)18 케이엔파크          승   08:17     08:31       0:14   차
136 18조(박대흥)32 퍼스트로드          승   08:16     08:36       0:20   차
137 18조(박대흥)12 피닉스선            기   07:14     07:25       0:11   금
138 19조(곽영효) 1 레스카              승   06:50     07:11       0:21   차
139 19조(곽영효)14 미소가득            승   08:02     08:16       0:14   차
140 19조(곽영효)25 쇠와꽃              승   06:23     06:30       0:07   차
141 19조(곽영효) 8 스피드댄서          기   07:44     07:57       0:13   금
142 19조(곽영효)24 우정의향기          기   07:19     07:31       0:12   금
143 19조(곽영효) 5 원더풀화성          기   07:10     07:18       0:08   금
144 19조(곽영효)15 콜조이              승   06:11     06:21       0:10   차
145 19조(곽영효)26 통일질주            승   07:07     07:14       0:07   차
146 20조(배대선)33 금아임패커블        승   06:54     07:02       0:08   금
147 20조(배대선)11 농본바다            승   07:52     08:03       0:11   차
148 20조(배대선)12 대완구              기   07:20     07:27       0:07   차
149 20조(배대선)34 머니강자            승   06:41     06:51       0:10   금
150 20조(배대선)26 머니실크            승   08:03     08:14       0:11   차
151 20조(배대선)21 베가킹              기   06:52     07:01       0:09   금
152 20조(배대선)24 삼애락              기   06:39     06:50       0:11   금
153 20조(배대선)20 알짜                기   07:53     08:04       0:11   금
154 20조(배대선)40 원더풀케이          기   07:52     08:04       0:12   금
155 20조(배대선)25 천사박              기   07:09     07:18       0:09   차
156 20조(배대선)31 탭패션드            기   07:31     07:39       0:08   차
157 21조(임봉춘)32 공작왕              기   07:45     07:55       0:10   금
158 21조(임봉춘)14 대용왕              기   06:41     06:50       0:09   금
159 21조(임봉춘)25 드림맥스            승   06:18     06:31       0:13   차
160 21조(임봉춘)38 보리보리            기   06:44     06:54       0:10   금
161 21조(임봉춘) 8 비바레이디          승   07:41     07:55       0:14   차
162 21조(임봉춘) 7 비바챔피언          승   08:43     08:57       0:14   차
163 21조(임봉춘)12 센아이              승   06:38     06:50       0:12   차
164 21조(임봉춘) 1 찰리스타일          기   06:13     06:25       0:12   금
165 21조(임봉춘)37 퀸즈투어            기   06:53     07:03       0:10   금
166 21조(임봉춘)15 파워프라이드        기   06:53     07:04       0:11   금
167 21조(임봉춘)26 황금파워            기   06:42     06:54       0:12   금
168 22조(안병기)26 다이아마이트        승   07:49     08:04       0:15   차
169 22조(안병기)12 메니챔프            기   06:59     07:10       0:11   금
170 22조(안병기)37 봄날의기억          승   07:40     07:55       0:15   차
171 22조(안병기)14 선더호스            승   08:26     08:34       0:08   금
172 22조(안병기)19 신의열매            기   07:48     07:59       0:11   금
173 22조(안병기)24 에피파니            조   06:22     06:30       0:08   차
174 22조(안병기)15 와일들리로맨틱      기   06:58     07:10       0:12   금
175 22조(안병기)34 울트라애니          승   08:25     08:39       0:14   금
176 22조(안병기)35 울트라챔피언        기   08:22     08:30       0:08   금
177 22조(안병기)17 원더풀조이          기   07:15     07:26       0:11   금
178 22조(안병기)27 원지                기   07:15     07:26       0:11   금
179 23조(유재길)16 부케팔로스          승   06:42     06:49       0:07   금
180 23조(유재길)14 빛나는질주          기   07:15     07:23       0:08   차
181 23조(유재길) 1 스피어건            기   07:24     07:33       0:09   금
182 23조(유재길)22 에이원킹            기   06:42     06:56       0:14   금
183 23조(유재길) 3 예상백승            승   07:53     08:11       0:18   금
184 23조(유재길)29 와니케이            기   06:55     07:01       0:06   금
185 23조(유재길) 8 특급한류            승   07:53     08:08       0:15   차
186 24조(서홍수) 9 럭키선더            승   08:11     08:23       0:12   차
187 24조(서홍수) 3 마스터선샤인        승   08:13     08:23       0:10   차
188 24조(서홍수)10 마이티고            기   06:29     06:40       0:11   차
189 24조(서홍수)13 마이티럭            승   07:35     07:50       0:15   금
190 24조(서홍수) 1 마이티붐            승   07:48     08:00       0:12   차
191 24조(서홍수)28 마이티웰            승   08:42     08:53       0:11   차
192 24조(서홍수) 8 마이티칩            기   06:14     06:25       0:11   금
193 24조(서홍수)25 마칼루파워          기   08:41     08:50       0:09   차
194 24조(서홍수)24 스트롱퀸            승   07:10     07:23       0:13   금
195 24조(서홍수)37 원더풀타이쿤        기   08:41     08:53       0:12   차
196 24조(서홍수)30 탑뮤직              기   07:35     07:50       0:15   금
197 24조(서홍수) 7 팬시팬츠            기   07:10     07:23       0:13   금
198 25조(전승규) 4 강태풍              기   08:09     08:18       0:09   차
199 25조(전승규)33 드림펠라            기   06:41     06:51       0:10   금
200 25조(전승규) 8 라이드럭키          기   07:43     07:58       0:15   금
201 25조(전승규)36 마크스토리          기   06:28     06:38       0:10   금
202 25조(전승규) 9 명진데이            승   07:49     07:58       0:09   금
203 25조(전승규)32 미스양호            기   06:51     07:00       0:09   금
204 25조(전승규)16 불의고리            승   08:56     09:06       0:10   차
205 25조(전승규)29 블루파이어          기   07:09     07:16       0:07   금
206 25조(전승규)12 스마트오피서        승   07:51     08:11       0:20   금
207 25조(전승규)40 원더풀인디언        기   06:53     07:02       0:09   금
208 25조(전승규)30 위너이즈웰          승   08:29     08:45       0:16   금
209 25조(전승규)37 파워요트            승   09:01     09:19       0:18   차
210 25조(전승규)35 팰리스퀸            기   08:44     08:54       0:10   차
211 25조(전승규) 1 허쉬대보            기   06:28     06:38       0:10   차
212 26조(안해양)25 더블테이크          기   06:53     07:02       0:09   금
213 26조(안해양) 4 런던액티브          기   07:29     07:41       0:12   금
214 26조(안해양)16 런던타이거          기   06:24     06:32       0:08   금
215 26조(안해양)34 런던파워            기   06:53     07:05       0:12   금
216 26조(안해양) 2 런던히트            승   08:19     08:27       0:08   차
217 26조(안해양)30 레이디켈리          승   07:57     08:09       0:12   금
218 26조(안해양) 9 에너자이저          기   07:31     07:43       0:12   금
219 26조(안해양) 5 우대륭              승   07:36     07:48       0:12   금
220 27조(박병일)24 구름왕자            승   06:53     07:03       0:10   금
221 27조(박병일) 8 금세다              기   06:13     06:24       0:11   금
222 27조(박병일)15 더불어숲            승   07:54     08:05       0:11   금
223 27조(박병일) 5 드림패션            기   06:35     06:44       0:09   금
224 27조(박병일)37 로열천지            승   06:12     06:24       0:12   금
225 27조(박병일)16 문학선              기   08:16     08:26       0:10   금
226 27조(박병일)27 인천스피드          승   06:21     06:30       0:09   금
227 27조(박병일) 2 청춘비바            승   08:06     08:17       0:11   금
228 27조(박병일)39 컨트리로드          승   07:04     07:16       0:12   차
229 27조(박병일)36 타우러스            기   07:43     07:55       0:12   금
230 27조(박병일)14 파란왕자            기   07:51     08:07       0:16   금
231 27조(박병일)10 하루온              기   08:04     08:14       0:10   금
232 27조(박병일)13 헤시안              기   06:42     06:52       0:10   금
233 28조(최상식)21 글로벌선더          승   06:28     06:38       0:10   차
234 28조(최상식)11 글로벌스톰          기   08:00     08:12       0:12   금
235 28조(최상식) 8 글로벌영웅          기   08:16     08:24       0:08   금
236 28조(최상식) 9 글로벌천하          승   06:13     06:23       0:10   차
237 28조(최상식)28 일여하여            기   07:16     07:29       0:13   금
238 28조(최상식)17 퍼펙트파워          기   06:13     06:24       0:11   금
239 29조(배휴준)13 골든찬스            기   07:06     07:17       0:11   금
240 29조(배휴준)14 빅리치              승   07:41     07:53       0:12   금
241 29조(배휴준)33 선포레              기   08:31     08:41       0:10   금
242 29조(배휴준)23 소중한기억          기   06:38     06:47       0:09   금
243 29조(배휴준)28 언비튼가이          승   07:51     08:07       0:16   차
244 29조(배휴준)27 에버더챔프          승   08:34     08:46       0:12   금
245 29조(배휴준) 6 와와여장부          승   07:41     07:53       0:12   금
246 29조(배휴준)31 와일드킹덤          기   06:37     06:48       0:11   금
247 29조(배휴준) 3 천존                승   08:52     09:05       0:13   차
248 29조(배휴준)29 킹오브선데이        기   07:07     07:16       0:09   금
249 30조(토니  )17 교룡운우            조   06:23     06:36       0:13   차
250 30조(토니  )14 남산초콜릿          승   07:00     07:14       0:14   금
251 30조(토니  )16 최강장산            기   06:56     07:09       0:13   차
252 30조(토니  ) 8 케이블레이드        조   06:56     07:10       0:14   금
253 30조(토니  )15 트루팀버            기   06:23     06:35       0:12   금
254 30조(토니  ) 4 파이트투데이        승   06:23     06:32       0:09   금
255 31조(강환민)15 논스톱데릭          승   08:12     08:20       0:08   차
256 31조(강환민)13 블루해머            기   08:11     08:21       0:10   차
257 31조(강환민)28 빅트리플            기   06:14     06:23       0:09   금
258 31조(강환민) 1 스피드가이          기   06:40     06:48       0:08   금
259 31조(강환민)10 원더풀하트          기   06:26     06:34       0:08   금
260 31조(강환민) 9 유아넘버텐          기   08:22     08:32       0:10   차
261 31조(강환민) 4 장산가드            승   07:23     07:31       0:08   차
262 31조(강환민)19 장산미사일          기   06:13     06:23       0:10   금
263 31조(강환민)31 정상여신            기   08:02     08:11       0:09   차
264 31조(강환민) 3 천비성              승   07:41     07:46       0:05   차
265 31조(강환민)32 최강블레이드        기   06:26     06:34       0:08   금
266 31조(강환민)40 티케이플렉스        승   07:01     07:15       0:14   차
267 31조(강환민)17 해피삭스            기   06:40     06:48       0:08   금
268 32조(김윤섭) 5 럭키마이더스        승   06:53     07:03       0:10   금
269 32조(김윤섭)12 해피스마티          승   07:09     07:21       0:12   금
270 32조(김윤섭)18 호프킹덤            기   06:54     07:06       0:12   금
271 33조(서인석)29 굴참나무숲          기   08:04     08:17       0:13   금
272 33조(서인석)12 누비고              승   08:13     08:25       0:12   차
273 33조(서인석)26 땡큐마더            기   06:36     06:45       0:09   금
274 33조(서인석)19 매직조이            조   06:29     06:43       0:14   금
275 33조(서인석)36 매치퀸              승   06:14     06:34       0:20   금
276 33조(서인석)11 모스트스피드        기   07:50     08:03       0:13   차
277 33조(서인석)22 빅리버              승   07:52     08:03       0:11   차
278 33조(서인석)20 센토사              기   06:14     06:24       0:10   금
279 33조(서인석)31 스토미              기   07:04     07:13       0:09   금
280 33조(서인석)28 에스테이크          기   06:13     06:23       0:10   금
281 33조(서인석) 7 이글이글            기   06:15     06:35       0:20   금
282 33조(서인석)18 이스트트로스        기   07:25     07:35       0:10   금
283 33조(서인석) 3 천마여제            기   07:25     07:35       0:10   금
284 33조(서인석)33 킹칸모르            기   07:48     07:55       0:07   금
285 33조(서인석) 4 티즈에너지          기   07:12     07:23       0:11   금
286 33조(서인석) 2 패션피플            승   07:04     07:17       0:13   금
287 34조(리카디) 3 남산열매            승   07:38     07:49       0:11   차
288 34조(리카디)12 리멤버웬            승   08:39     08:52       0:13   금
289 34조(리카디)25 마이티지            승   08:12     08:23       0:11   금
290 34조(리카디)14 마이티후            기   08:25     08:32       0:07   차
291 34조(리카디) 1 맘마로마            기   08:41     09:00       0:19   금
292 34조(리카디)22 벌말대장            기   07:27     07:36       0:09   차
293 34조(리카디)23 어나더초이스        승   07:38     07:49       0:11   차
294 34조(리카디)13 에스삭스            승   06:46     06:56       0:10   차
295 34조(리카디)10 에코빌              기   07:12     07:23       0:11   금
296 34조(리카디) 9 장산카우보이        승   08:20     08:28       0:08   차
297 34조(리카디)15 최강매직            기   06:40     06:52       0:12   금
298 34조(리카디)29 퀀텀점프            승   07:12     07:23       0:11   차
299 35조(임채덕) 6 댄싱블레이드        기   07:05     07:11       0:06   금
300 35조(임채덕) 3 라이드맨            기   06:43     06:52       0:09   금
301 35조(임채덕) 2 라이드머니          승   06:19     06:27       0:08   금
302 35조(임채덕) 7 럭키바우            승   07:33     07:47       0:14   금
303 35조(임채덕) 9 레드블레이드        승   07:50     07:58       0:08   금
304 35조(임채덕)13 미스캠프            승   08:14     08:32       0:18   금
305 35조(임채덕)10 스마일레이디        기   07:33     07:47       0:14   차
306 35조(임채덕)16 원더풀캣            기   07:15     07:22       0:07   금
307 35조(임채덕)19 하니                승   08:12     08:24       0:12   금
308 37조(심승태) 4 선우럭키            승   06:57     07:09       0:12   금
309 37조(심승태)11 퍼스트슈            기   07:17     07:26       0:09   차
310 40조(송문길)13 고스트빌리지        승   07:25     07:42       0:17   차
311 40조(송문길)36 글라디아토레에이    기   06:25     06:35       0:10   금
312 40조(송문길)18 녹리총              기   06:27     06:36       0:09   금
313 40조(송문길)25 다이아로드          승   07:54     08:07       0:13   차
314 40조(송문길)15 독도사랑            기   06:26     06:36       0:10   금
315 40조(송문길) 4 라피도아레스        기   06:12     06:22       0:10   금
316 40조(송문길) 3 메디치글로리        승   07:27     07:39       0:12   차
317 40조(송문길) 6 비평                기   06:13     06:23       0:10   금
318 40조(송문길)30 스마트전사          기   07:10     07:20       0:10   금
319 40조(송문길)34 제다이              기   06:24     06:32       0:08   금
320 40조(송문길)11 큐피드코리아        기   07:11     07:22       0:11   금
321 41조(신삼영)36 굿원더              승   08:23     08:32       0:09   차
322 41조(신삼영)13 논스톱기상          기   07:39     07:47       0:08   금
323 41조(신삼영)12 논스톱리워드        승   07:46     08:02       0:16   금
324 41조(신삼영)18 베스트투어          기   07:48     07:59       0:11   금
325 41조(신삼영)22 세명나래            기   07:00     07:09       0:09   금
326 41조(신삼영) 8 유로퀸              승   07:00     07:08       0:08   차
327 41조(신삼영)37 좋은관계            승   08:34     08:49       0:15   차
328 41조(신삼영)19 좋은사이            기   07:38     07:50       0:12   금
329 41조(신삼영)40 헤리티지            승   08:52     09:05       0:13   금
330 42조(이관호)33 대박행진            기   07:19     07:26       0:07   금
331 42조(이관호) 8 더퀸저스티스        기   06:56     07:08       0:12   금
332 42조(이관호)39 라이징삭스          기   07:00     07:11       0:11   금
333 42조(이관호)20 로열함성            승   07:59     08:11       0:12   차
334 42조(이관호)16 백랑                기   07:05     07:15       0:10   금
335 42조(이관호)30 베스트마루          기   07:59     08:12       0:13   차
336 42조(이관호) 6 빅에너지            승   06:13     06:27       0:14   차
337 42조(이관호)15 서브에이스          기   07:05     07:15       0:10   금
338 42조(이관호)24 서울크라운          기   06:18     06:28       0:10   금
339 42조(이관호)37 아이스펀치          승   08:35     08:47       0:12   차
340 42조(이관호)10 전정사금            기   06:18     06:28       0:10   금
341 42조(이관호)35 티나                기   06:57     07:07       0:10   금
342 42조(이관호)14 해피드림            기   08:23     08:35       0:12   차
343 43조(서정하)18 강철다리            승   06:34     06:47       0:13   금
344 43조(서정하)13 고어헤드            승   07:40     07:55       0:15   금
345 43조(서정하)27 비봉마루            승   07:01     07:14       0:13   금
346 43조(서정하)14 세명햇살            기   06:22     06:33       0:11   금
347 43조(서정하) 3 아르폰스            기   06:25     06:50       0:25   금
348 43조(서정하)10 킬라타스            승   07:21     07:31       0:10   차
349 48조(김대근) 4 더드림              기   06:50     07:10       0:20   금
350 48조(김대근)10 슈룹                보   06:20     06:36       0:16   금
351 48조(김대근) 1 쏘아라바바          보   07:21     07:43       0:22   금
352 48조(김대근)13 쏘아라보아          승   06:37     06:52       0:15   금
353 48조(김대근) 5 천지울림            기   06:18     06:36       0:18   금
354 48조(김대근) 2 흥록대부            기   07:22     07:41       0:19   금
355 48조(김대근)17 흥바라기            보   06:52     07:08       0:16   금
356 49조(지용철)32 겅호우              기   06:57     07:09       0:12   차
357 49조(지용철)27 교룡득수            기   08:02     08:14       0:12   금
358 49조(지용철)34 구름타고            기   06:31     06:37       0:06   차
359 49조(지용철)33 다이아삭스          승   08:27     08:39       0:12   차
360 49조(지용철)15 달리는빛깔          승   07:24     07:38       0:14   차
361 49조(지용철)36 대변화              기   08:36     08:51       0:15   금
362 49조(지용철)35 라스트보스          기   08:00     08:12       0:12   금
363 49조(지용철)17 방탄마              기   06:42     06:52       0:10   금
364 49조(지용철)10 상승행진            기   07:30     07:42       0:12   차
365 49조(지용철)18 온천하              승   06:55     07:10       0:15   차
366 49조(지용철) 9 원모어카드          기   06:15     06:26       0:11   금
367 49조(지용철)40 원앤온리            기   07:04     07:18       0:14   차
368 49조(지용철)24 인듀어런스          기   06:40     06:54       0:14   금
369 49조(지용철)31 절예                기   06:30     06:42       0:12   차
370 49조(지용철) 4 호크퀸              기   06:15     06:26       0:11   금
371 50조(박재우)33 금성세계            기   07:33     07:42       0:09   차
372 50조(박재우) 4 금성차밍            기   07:15     07:28       0:13   금
373 50조(박재우) 5 다시두손            승   07:57     08:10       0:13   금
374 50조(박재우) 3 댄싱위드유          승   08:31     08:38       0:07   금
375 50조(박재우)11 럭키재산            기   06:33     06:45       0:12   금
376 50조(박재우)12 문학럭키            승   08:31     08:38       0:07   금
377 50조(박재우)22 밀레니엄파워        승   07:58     08:10       0:12   금
378 50조(박재우)40 베스트빅뱅          승   06:18     06:26       0:08   금
379 50조(박재우) 1 신부                승   07:16     07:27       0:11   금
380 50조(박재우) 9 야호골든캣          승   07:06     07:18       0:12   금
381 50조(박재우)28 컴플리트찬스        승   06:19     06:26       0:07   금
382 50조(박재우) 8 컴플리트킹덤        승   07:06     07:18       0:12   차
383 50조(박재우) 2 케이톱킹            승   06:33     06:45       0:12   금
384 50조(박재우)15 트리플킹덤          승   08:50     09:12       0:22   차
385 50조(박재우) 7 화이트퀸            승   08:57     09:05       0:08   금
386 51조(최용건)18 마하지존            기   07:29     07:37       0:08   금
387 51조(최용건)12 메디치퀸            승   08:17     08:30       0:13   금
388 51조(최용건)31 명진플라이          승   07:07     07:18       0:11   금
389 51조(최용건)20 송암레이서          기   07:09     07:20       0:11   차
390 51조(최용건)33 스마트하이          승   06:14     06:28       0:14   차
391 51조(최용건)10 스마티트렘          기   07:21     07:34       0:13   금
392 51조(최용건)16 인빅터스            기   06:22     06:33       0:11   금
393 51조(최용건) 1 장산골드            보   08:20     08:42       0:22   차
394 51조(최용건) 5 천둥여울            기   07:24     07:36       0:12   금
395 51조(최용건)21 천상성              승   07:04     07:16       0:12   차
396 51조(최용건)26 플래티넘유로        승   07:39     07:50       0:11   차
397 51조(최용건) 6 함박미소            승   06:43     06:56       0:13   금
398 51조(최용건)17 히어로스피드        기   06:12     06:21       0:09   금
399 52조(김동균)18 메니히어로          기   07:51     08:00       0:09   금
400 52조(김동균)19 스팟플래터          기   06:48     06:57       0:09   금
401 52조(김동균)14 자이언트걸          기   07:18     07:26       0:08   금
402 52조(김동균)12 천지여걸            기   07:18     07:26       0:08   금
403 52조(김동균)30 퀴클리선            기   07:32     07:43       0:11   금
404 53조(김동철)10 로맨스참            승   06:24     06:40       0:16   금
405 53조(김동철) 9 미스스피드          승   07:03     07:14       0:11   금
406 53조(김동철)31 위닝질주            기   07:03     07:14       0:11   금
407 53조(김동철)23 은혜파도            기   07:03     07:14       0:11   금
408 54조(박천서)40 댄스머신            기   07:38     07:50       0:12   금
409 54조(박천서)16 블루참              승   08:00     08:08       0:08   차
410 54조(박천서)19 월드특급            승   08:37     08:50       0:13   금
411 54조(박천서)28 티아고터치          기   06:24     06:37       0:13   금
412 54조(박천서)17 판타스틱콤비        기   08:24     08:40       0:16   금
━━━━━━━━━━━━━━━━━━━━━━━━━━━━━━━━━━━━━━━
                                                      출력일자 : 2021. 4.12

