

제목 : 21.03.22(월) 훈련현황

  ※기승자범례(조:조교사, 보:조교보, 기:기수, 후:기수후보생, 승:조교승인)
  ※비고(금:금주출전예정마, 차:차주출전예정마, 특:특대상경주출전예정마)
  ※금주, 차주 또는 특별 대상경주 출전예상마는 출전신청 결과 및
  조교사의 의사에 따라 변동될 수 있는 미확정된 자료이오니 참고하시기 바랍니다.
━━━━━━━━━━━━━━━━━━━━━━━━━━━━━━━━━━━━━━━
  순 소속조 - 조번 마명              기승자 입장시각  퇴장시각  훈련시간 비고
━━━━━━━━━━━━━━━━━━━━━━━━━━━━━━━━━━━━━━━
  1  1조(박종곤)28 만석지기            기   06:30     06:42       0:12   금
  2  1조(박종곤)33 문학드림            기   06:58     07:07       0:09   금
  3  1조(박종곤)11 문학보스            기   06:31     06:40       0:09   금
  4  1조(박종곤) 9 문학파로아          승   07:11     07:22       0:11   차
  5  1조(박종곤)16 탑퀄리티            기   06:43     06:56       0:13   금
  6  1조(박종곤) 8 파이팅나우          기   06:43     06:57       0:14   금
  7  1조(박종곤)15 포에버원            기   07:15     07:28       0:13   금
  8  2조(손영표) 9 불의가속            기   08:06     08:18       0:12   금
  9  2조(손영표) 8 옥동공주            기   06:26     06:38       0:12   금
 10  2조(손영표)29 원더풀파워          기   06:26     06:37       0:11   금
 11  2조(손영표)33 퀵실버키튼          승   08:06     08:24       0:18   차
 12  3조(최영주) 4 골든제이            승   06:58     07:10       0:12   차
 13  3조(최영주)12 매직그라운드        승   06:43     06:56       0:13   차
 14  3조(최영주) 9 위너브라운          기   07:00     07:10       0:10   금
 15  3조(최영주)32 초동로켓            기   08:01     08:14       0:13   금
 16  3조(최영주)11 퓨처파이어          승   08:01     08:14       0:13   금
 17  4조(박윤규)10 리드머니            기   07:01     07:13       0:12   금
 18  4조(박윤규)33 리틀보이플래시      승   06:38     06:52       0:14   금
 19  4조(박윤규)31 멋진왕자            승   06:11     06:25       0:14   금
 20  4조(박윤규)11 빅페이스            승   07:58     08:08       0:10   금
 21  4조(박윤규) 9 케이프렌지          기   07:27     07:40       0:13   금
 22  4조(박윤규)37 행복왕자            기   07:31     07:45       0:14   금
 23  5조(우창구)18 금국화              기   07:53     08:08       0:15   금
 24  5조(우창구)19 동행                승   07:53     08:08       0:15   차
 25  5조(우창구) 9 러블리케이          기   06:43     06:56       0:13   금
 26  5조(우창구)13 선더타임            승   07:20     07:32       0:12   차
 27  5조(우창구) 8 예상백승            기   06:43     06:56       0:13   금
 28  5조(우창구)28 용마루구            기   07:22     07:28       0:06   금
 29  5조(우창구)20 원더케이            보   07:53     08:06       0:13   금
 30  5조(우창구)31 원더플레이스        보   07:19     07:40       0:21   금
 31  5조(우창구) 3 퍼펙트라이트        보   08:14     08:23       0:09   금
 32  5조(우창구)39 화씨벽              승   08:29     08:39       0:10   차
 33  6조(홍대유)34 그린와트            기   06:43     06:53       0:10   금
 34  6조(홍대유)24 그린최강            보   07:27     07:40       0:13   금
 35  6조(홍대유)18 루비콘              기   07:46     08:00       0:14   금
 36  6조(홍대유)38 어플리트마린        승   07:47     08:00       0:13   차
 37  6조(홍대유)25 정문서미트          기   07:13     07:26       0:13   금
 38  6조(홍대유)10 정문스타            기   07:27     07:40       0:13   금
 39  6조(홍대유) 7 초강국              기   06:23     06:35       0:12   금
 40  6조(홍대유) 4 화려한강산          승   06:23     06:35       0:12   금
 41  7조(구자흥)25 럭키밸리            기   06:12     06:20       0:08   금
 42  7조(구자흥) 6 빅포스원            승   07:10     07:20       0:10   금
 43  7조(구자흥)18 사려니위너          기   07:10     07:25       0:15   금
 44  7조(구자흥)19 안양옥센            승   07:38     07:45       0:07   금
 45  7조(구자흥) 4 엔에스미래          기   06:59     07:08       0:09   금
 46  7조(구자흥)31 컬러즈온리          승   06:39     06:51       0:12   금
 47  8조(최용구)40 그레이돌            승   07:19     07:27       0:08   차
 48  8조(최용구)25 돌아온뽀빠이        승   07:30     07:43       0:13   차
 49  8조(최용구) 9 땡큐보스            기   06:30     06:40       0:10   금
 50  8조(최용구)37 로드블랙            기   06:30     06:40       0:10   금
 51  8조(최용구) 2 루킹퍼스트          승   06:58     07:03       0:05   차
 52  8조(최용구) 4 발베니              승   07:42     07:50       0:08   차
 53  8조(최용구) 1 와일드우즈          기   06:29     06:34       0:05   금
 54  8조(최용구) 8 카우보이킹          승   08:10     08:24       0:14   차
 55  8조(최용구) 7 킹스맨              승   07:58     08:14       0:16   차
 56  8조(최용구)22 투어링라니          승   06:46     06:54       0:08   차
 57  8조(최용구)29 파인로드            기   06:12     06:22       0:10   차
 58  9조(강성오)17 가온매직            승   07:29     07:35       0:06   차
 59  9조(강성오)25 대지의여걸          승   06:56     07:06       0:10   금
 60  9조(강성오)32 대지의여인          승   07:37     07:45       0:08   차
 61  9조(강성오)22 런투골              기   06:48     06:57       0:09   금
 62  9조(강성오) 2 매직페인터          승   06:32     06:46       0:14   금
 63  9조(강성오)27 옥룡                승   06:12     06:20       0:08   차
 64  9조(강성오)37 찬기참              승   06:55     07:05       0:10   금
 65  9조(강성오)20 캐치참              승   06:27     06:39       0:12   차
 66  9조(강성오)36 킹심바              승   08:37     08:47       0:10   차
 67  9조(강성오) 9 허리케인삭스        승   08:07     08:17       0:10   금
 68 10조(정호익)14 글로벌캡틴          승   06:13     06:48       0:35   금
 69 10조(정호익)34 두손멍군            승   06:48     06:57       0:09   금
 70 10조(정호익)27 레전드스톰          승   08:13     08:35       0:22   차
 71 10조(정호익)40 마이리더            기   06:10     06:22       0:12   금
 72 10조(정호익)31 문학앙코르          승   07:27     07:35       0:08   금
 73 10조(정호익)20 블루카이저          기   06:31     06:41       0:10   금
 74 10조(정호익) 3 하이하이            승   06:19     06:27       0:08   금
 75 10조(정호익)17 화이트코멧          승   07:35     07:47       0:12   차
 76 11조(조현수)25 골드필드            승   07:32     07:44       0:12   금
 77 11조(조현수)39 보디가드            승   06:34     06:48       0:14   금
 78 11조(조현수) 8 사이먼스톰          승   07:32     07:43       0:11   차
 79 11조(조현수) 6 에치드프라임        승   06:34     06:48       0:14   금
 80 11조(조현수) 3 위닝메이커          승   07:31     07:43       0:12   금
 81 11조(조현수)12 컴플리트스윕        기   07:00     07:11       0:11   금
 82 11조(조현수)37 킹오브이글          승   06:53     07:16       0:23   차
 83 11조(조현수) 4 해후                승   07:01     07:12       0:11   금
 84 12조(서범석)20 런런런              승   06:44     06:59       0:15   차
 85 12조(서범석)18 블레싱로드          승   07:23     07:39       0:16   금
 86 12조(서범석) 2 사우스반            승   06:44     06:57       0:13   차
 87 12조(서범석)13 선파이팅            승   07:25     07:38       0:13   금
 88 12조(서범석)29 스트롱벌처          승   06:28     06:43       0:15   금
 89 13조(이희영)17 당찬바람            기   06:53     07:07       0:14   금
 90 13조(이희영) 9 럭키플랜            기   07:07     07:20       0:13   금
 91 13조(이희영) 2 베스트라인          기   07:52     08:05       0:13   차
 92 13조(이희영)23 샤크짱              기   07:25     07:39       0:14   금
 93 14조(이신영)26 거센질주            승   08:48     08:57       0:09   금
 94 14조(이신영)33 금아마이티          승   06:58     07:08       0:10   차
 95 14조(이신영)13 금아키튼            기   06:35     06:45       0:10   금
 96 14조(이신영)36 금아홀섬            승   08:21     08:36       0:15   금
 97 14조(이신영)34 레인                승   06:34     06:45       0:11   금
 98 14조(이신영) 6 록의제왕            기   07:46     07:59       0:13   금
 99 14조(이신영) 7 바이킹하트          승   07:55     08:08       0:13   차
100 14조(이신영)12 아리안왕자          기   07:55     08:07       0:12   금
101 14조(이신영)37 엉클벨              승   06:47     06:57       0:10   금
102 14조(이신영) 5 엉클오              기   06:44     06:53       0:09   금
103 15조(박희철) 1 대세만세            기   07:54     08:01       0:07   금
104 15조(박희철) 5 아침함성            기   07:54     08:03       0:09   금
105 15조(박희철)23 파티파워            승   06:11     06:24       0:13   차
106 16조(최봉주)14 김천영웅            조   08:08     08:26       0:18   금
107 16조(최봉주)30 러닝복스            승   06:12     06:22       0:10   금
108 16조(최봉주) 4 로렐파워            기   06:33     06:43       0:10   차
109 16조(최봉주) 9 본투글로리          승   08:09     08:22       0:13   금
110 16조(최봉주)38 빅포켓              조   07:15     07:30       0:15   금
111 16조(최봉주)25 에이스프린스        기   07:15     07:33       0:18   금
112 16조(최봉주) 5 원더풀니키야        승   08:09     08:25       0:16   금
113 16조(최봉주)19 천마                승   08:53     09:08       0:15   금
114 17조(김점오)29 극기상진            보   06:24     06:36       0:12   금
115 17조(김점오)26 미스터터너          승   07:12     07:21       0:09   금
116 17조(김점오)30 불굴의러너          승   06:23     06:44       0:21   금
117 17조(김점오)15 스테디챔피언        승   06:28     06:35       0:07   금
118 18조(박대흥)30 개나리송            기   07:19     07:31       0:12   금
119 18조(박대흥) 4 다이나믹커밍        승   08:38     08:45       0:07   금
120 18조(박대흥)39 블로마인드          승   06:19     06:33       0:14   차
121 18조(박대흥)26 선더케이            승   08:11     08:20       0:09   차
122 18조(박대흥)31 스톰워리어          승   08:41     08:51       0:10   금
123 18조(박대흥)40 액티몬              기   07:32     07:45       0:13   금
124 18조(박대흥) 5 위너템플러          기   07:36     07:45       0:09   금
125 18조(박대흥)13 챔피언가문          승   06:19     06:34       0:15   금
126 18조(박대흥) 6 청담지니            기   07:19     07:31       0:12   금
127 18조(박대흥) 1 최강퀸              승   08:11     08:22       0:11   차
128 18조(박대흥)35 케이엔메니퀸        기   07:02     07:15       0:13   금
129 18조(박대흥)34 타라타라타라        승   07:02     07:14       0:12   금
130 18조(박대흥)22 판타스틱            승   07:33     07:47       0:14   금
131 19조(곽영효)10 레드파인            기   06:15     06:28       0:13   금
132 19조(곽영효) 7 발바투              기   06:14     06:28       0:14   금
133 19조(곽영효)28 브라이트캣          승   06:10     06:22       0:12   차
134 19조(곽영효) 3 빅토리샘            승   06:23     06:34       0:11   차
135 19조(곽영효) 5 원더풀화성          기   07:30     07:41       0:11   차
136 19조(곽영효)16 클라우터            기   08:15     08:25       0:10   금
137 19조(곽영효)29 토루크막토          승   07:31     07:43       0:12   금
138 19조(곽영효)23 파워뮤직            기   06:10     06:21       0:11   금
139 20조(배대선) 2 다이아키            기   08:16     08:26       0:10   금
140 20조(배대선)14 돌콩                승   07:11     07:19       0:08   차
141 20조(배대선)23 러닝넘버원          기   07:38     07:46       0:08   차
142 20조(배대선)39 머니가락            승   08:29     08:37       0:08   차
143 20조(배대선)17 머니시장            기   07:52     07:59       0:07   차
144 20조(배대선)16 비뢰킹              승   07:38     07:46       0:08   차
145 20조(배대선)27 우승특기            승   08:06     08:14       0:08   차
146 20조(배대선)37 원더풀오렌지        승   08:15     08:26       0:11   금
147 20조(배대선) 1 인동샘              기   08:29     08:37       0:08   차
148 20조(배대선)29 짱콩                승   07:52     08:04       0:12   금
149 20조(배대선)22 천년의고도          승   07:23     07:35       0:12   차
150 20조(배대선) 4 천둥기세            기   07:24     07:35       0:11   금
151 20조(배대선)10 천마투데이          기   06:58     07:09       0:11   금
152 20조(배대선)28 크레이지위키        기   07:10     07:16       0:06   차
153 21조(임봉춘)11 럭셔리골드          승   06:17     06:29       0:12   차
154 21조(임봉춘) 3 만세                기   07:10     07:21       0:11   금
155 21조(임봉춘) 8 명진볼트            승   08:40     08:55       0:15   차
156 21조(임봉춘)29 바디스타            기   07:05     07:16       0:11   금
157 21조(임봉춘)15 베스트실버          기   06:57     07:08       0:11   금
158 21조(임봉춘)30 블루울프            승   07:50     08:07       0:17   금
159 21조(임봉춘) 6 삼상                기   06:56     07:02       0:06   금
160 21조(임봉춘)12 센아이              승   08:40     08:53       0:13   차
161 21조(임봉춘) 7 실버드래곤          기   07:24     07:35       0:11   금
162 21조(임봉춘)35 아마로네            기   06:22     06:29       0:07   금
163 21조(임봉춘)36 조우니가            기   06:17     06:22       0:05   금
164 21조(임봉춘)23 천년의바람          승   06:37     06:50       0:13   차
165 21조(임봉춘)34 테이크하트          기   06:56     07:03       0:07   금
166 21조(임봉춘)21 프리맥스            기   06:28     06:36       0:08   금
167 21조(임봉춘)19 황금럭키            승   07:49     08:08       0:19   차
168 22조(안병기)25 라온제임스          기   07:17     07:28       0:11   금
169 22조(안병기) 8 리드보컬            승   08:31     08:45       0:14   금
170 22조(안병기)40 모든날함께해        승   07:28     07:40       0:12   차
171 22조(안병기) 9 볼드샤이닝          기   06:52     07:08       0:16   차
172 22조(안병기)11 산뜻한스침          승   06:52     07:07       0:15   금
173 22조(안병기)24 소우주              기   07:19     07:32       0:13   차
174 22조(안병기) 5 소울메리트          기   07:16     07:31       0:15   금
175 22조(안병기) 2 스프링백            기   07:48     08:02       0:14   차
176 22조(안병기)10 울트라펀치          기   08:03     08:25       0:22   금
177 22조(안병기)20 티즈파이팅          기   06:54     07:07       0:13   금
178 23조(유재길)15 그린트리서밋        승   07:38     07:50       0:12   금
179 23조(유재길)34 기로                기   06:10     06:21       0:11   금
180 23조(유재길)19 멜로디킹            승   06:52     07:05       0:13   금
181 23조(유재길) 1 스피어건            기   06:52     07:05       0:13   금
182 23조(유재길)29 와니케이            기   07:09     07:27       0:18   금
183 23조(유재길)13 홀리데이참          기   06:40     06:51       0:11   금
184 24조(서홍수)26 그레이캣            기   06:16     06:27       0:11   금
185 24조(서홍수)16 그린마운틴          승   06:55     07:08       0:13   금
186 24조(서홍수) 4 마이티뉴            기   06:28     06:36       0:08   금
187 24조(서홍수) 5 마이티수            기   07:42     07:51       0:09   금
188 24조(서홍수)12 왕인행차            승   07:18     07:32       0:14   금
189 24조(서홍수) 6 원더풀데블          기   08:10     08:25       0:15   차
190 24조(서홍수)37 원더풀타이쿤        기   08:08     08:27       0:19   차
191 24조(서홍수)38 찐이야              승   07:42     07:51       0:09   금
192 25조(전승규)22 럭키스카이          승   07:27     07:39       0:12   차
193 25조(전승규)38 럭키훈              승   07:29     07:36       0:07   금
194 25조(전승규)25 루킹굿              승   08:10     08:24       0:14   차
195 25조(전승규)15 모닝동자            기   08:11     08:20       0:09   금
196 25조(전승규)12 스마트오피서        승   07:27     07:38       0:11   차
197 26조(안해양)14 낭만스타            승   07:13     07:23       0:10   금
198 26조(안해양)19 런던스피드          기   06:15     06:26       0:11   금
199 26조(안해양)40 런던아이            승   06:35     06:47       0:12   차
200 26조(안해양)33 런던퀸              기   06:11     06:22       0:11   금
201 26조(안해양) 2 런던히트            승   07:55     08:06       0:11   금
202 26조(안해양)21 버킷풀골드          승   07:00     07:14       0:14   차
203 26조(안해양)20 예스아이캔          승   08:09     08:18       0:09   차
204 26조(안해양)24 올댓코리아          승   07:35     07:56       0:21   차
205 26조(안해양)18 정성스타            승   08:22     08:31       0:09   차
206 26조(안해양)15 팍스나노            승   07:25     07:37       0:12   금
207 27조(박병일)24 구름왕자            승   07:08     07:21       0:13   금
208 27조(박병일)21 더비스트            기   07:30     07:38       0:08   금
209 27조(박병일)16 문학선              승   08:18     08:41       0:23   차
210 27조(박병일) 9 사만다치타          승   06:48     07:00       0:12   차
211 27조(박병일)32 상감마마            승   07:23     07:35       0:12   차
212 27조(박병일)29 스틸더패션          기   06:34     06:46       0:12   금
213 27조(박병일)26 은혜가득            기   06:13     06:26       0:13   금
214 27조(박병일) 4 최강파티            승   07:43     07:55       0:12   차
215 27조(박병일)11 톱시드              승   06:11     06:26       0:15   차
216 28조(최상식)13 글로벌신화          승   07:09     07:25       0:16   차
217 28조(최상식) 6 글로벌천사          기   07:06     07:15       0:09   차
218 28조(최상식)22 글로벌파티          승   06:14     06:29       0:15   차
219 28조(최상식)16 록파이터            승   07:00     07:12       0:12   차
220 28조(최상식) 1 베스트럭키          승   07:48     08:01       0:13   금
221 28조(최상식)27 인디라이트          승   06:42     06:56       0:14   특
222 29조(배휴준)18 데스크탑            기   08:32     08:43       0:11   금
223 29조(배휴준)37 독보천하            조   06:54     07:16       0:22   금
224 29조(배휴준)14 빅리치              기   08:33     08:43       0:10   금
225 29조(배휴준)16 온리의꿈            기   07:54     08:06       0:12   금
226 29조(배휴준) 6 와와여장부          승   07:15     07:30       0:15   금
227 29조(배휴준)20 원더풀루비          보   07:06     07:28       0:22   금
228 29조(배휴준) 2 천구클래스          승   07:46     07:59       0:13   차
229 29조(배휴준) 4 천문                기   08:13     08:23       0:10   금
230 29조(배휴준)21 클레이위너          기   08:13     08:23       0:10   금
231 30조(토니  )14 남산초콜릿          조   06:16     06:26       0:10   금
232 30조(토니  )19 반야동행            승   06:44     06:55       0:11   금
233 30조(토니  )13 청담탱크            기   06:44     06:53       0:09   금
234 30조(토니  )15 트루팀버            승   06:18     06:27       0:09   금
235 30조(토니  ) 4 파이트투데이        조   06:44     06:52       0:08   금
236 31조(강환민) 2 블루비치            기   07:50     07:58       0:08   금
237 31조(강환민)24 선더블레이드        기   07:05     07:15       0:10   차
238 31조(강환민) 5 수리수리마          기   06:44     06:55       0:11   금
239 31조(강환민)33 슈퍼엑톤            승   08:35     08:48       0:13   차
240 31조(강환민) 4 장산가드            기   06:24     06:36       0:12   차
241 31조(강환민)38 조이풀케이          승   08:01     08:09       0:08   차
242 31조(강환민) 6 천괴성              승   07:32     07:43       0:11   차
243 31조(강환민)37 켄터키망치          기   06:44     06:53       0:09   금
244 31조(강환민)30 큐피드딕션          기   06:44     06:55       0:11   차
245 32조(김윤섭) 5 럭키마이더스        기   06:44     06:57       0:13   금
246 32조(김윤섭)20 송암공주            승   07:36     07:44       0:08   차
247 32조(김윤섭) 6 정안킹덤            승   06:44     06:57       0:13   금
248 32조(김윤섭)12 해피스마티          승   06:58     07:15       0:17   금
249 33조(서인석)29 강화총각            기   07:26     07:37       0:11   금
250 33조(서인석)26 뇌성벽력            기   07:08     07:17       0:09   금
251 33조(서인석)10 라이오넷            승   07:57     08:07       0:10   금
252 33조(서인석)28 마이더스캠프        기   07:06     07:18       0:12   금
253 33조(서인석) 9 모닝힐              기   06:54     07:08       0:14   차
254 33조(서인석)17 빅토리고고          기   06:59     07:12       0:13   금
255 33조(서인석)31 삼정타퍼즈          승   07:55     08:08       0:13   차
256 33조(서인석)23 소울리마제스틱      기   07:43     07:53       0:10   금
257 33조(서인석) 7 이스트제트          기   07:57     08:08       0:11   금
258 33조(서인석)20 천지폭풍            기   06:16     06:25       0:09   금
259 33조(서인석) 2 티즈시티            기   06:14     06:25       0:11   차
260 33조(서인석)33 포트스원            기   06:11     06:25       0:14   금
261 33조(서인석)36 프리마니케          기   07:26     07:37       0:11   금
262 33조(서인석)38 피렌체캐슬          승   06:59     07:12       0:13   차
263 34조(리카디)16 남산러브            승   07:07     07:14       0:07   금
264 34조(리카디) 3 남산열매            승   07:53     08:03       0:10   차
265 34조(리카디) 5 남산의별            기   07:53     08:05       0:12   금
266 34조(리카디)14 마이티후            승   07:27     07:37       0:10   금
267 34조(리카디)19 매직레코드          기   08:29     08:37       0:08   금
268 34조(리카디)11 슈퍼삭스            승   08:33     08:46       0:13   차
269 34조(리카디)23 어나더초이스        기   07:23     07:31       0:08   차
270 34조(리카디)13 에스삭스            승   08:30     08:42       0:12   금
271 34조(리카디)15 최강매직            기   06:37     06:49       0:12   금
272 34조(리카디)27 최강블랙            기   06:38     06:50       0:12   금
273 34조(리카디)35 최고캠프            승   08:12     08:20       0:08   금
274 34조(리카디)29 퀀텀점프            기   06:17     06:25       0:08   금
275 35조(임채덕) 6 댄싱블레이드        승   06:33     06:43       0:10   금
276 35조(임채덕) 2 라이드머니          승   06:13     06:25       0:12   금
277 35조(임채덕) 9 레드블레이드        승   07:00     07:16       0:16   금
278 37조(심승태)24 레이디대로          기   06:48     06:58       0:10   금
279 37조(심승태) 6 베스트포스          기   07:16     07:30       0:14   금
280 37조(심승태) 5 비엔토              기   07:01     07:13       0:12   금
281 37조(심승태) 7 샤인뮤직            승   07:26     07:38       0:12   금
282 37조(심승태)14 이천쌀              기   07:37     07:43       0:06   금
283 40조(송문길)26 골드해머            승   08:28     08:40       0:12   차
284 40조(송문길)25 베오울프            승   07:22     07:43       0:21   차
285 40조(송문길)32 블루케이            보   07:19     07:38       0:19   차
286 40조(송문길)12 빅이어              승   07:59     08:19       0:20   차
287 40조(송문길)18 쇼메이커            기   07:59     08:12       0:13   금
288 40조(송문길)38 스카이돌풍          기   06:12     06:21       0:09   차
289 40조(송문길)23 실버울프            보   08:38     08:57       0:19   차
290 40조(송문길)15 아델나래            기   06:24     06:34       0:10   금
291 40조(송문길) 7 어마어마            기   06:15     06:25       0:10   금
292 40조(송문길)28 오케이퀸            기   06:12     06:21       0:09   금
293 40조(송문길) 6 온리위너            기   07:45     07:56       0:11   금
294 40조(송문길)30 큐피드불릿          기   07:55     08:04       0:09   금
295 40조(송문길)11 터치마이아델        기   06:10     06:22       0:12   금
296 40조(송문길)40 파이어로드          기   06:24     06:34       0:10   금
297 41조(신삼영) 6 광마힐              승   06:57     07:07       0:10   금
298 41조(신삼영)33 루미너스퀸          승   07:28     07:39       0:11   차
299 41조(신삼영) 7 블레이드스톰        승   08:03     08:19       0:16   차
300 41조(신삼영) 1 세명기상            승   08:05     08:19       0:14   차
301 41조(신삼영)24 원더풀금성          승   06:57     07:07       0:10   금
302 41조(신삼영)27 히비키              승   07:30     07:43       0:13   차
303 42조(이관호)39 금아스위프트        기   06:34     06:44       0:10   금
304 42조(이관호) 9 마이로미오          승   08:00     08:09       0:09   차
305 42조(이관호)23 매직의함성          기   07:34     07:44       0:10   차
306 42조(이관호)20 맥스런              승   06:12     06:23       0:11   금
307 42조(이관호)27 메인오브킹          승   08:04     08:17       0:13   차
308 42조(이관호)24 서울크라운          기   06:51     07:04       0:13   차
309 42조(이관호)40 아이스스타          기   06:34     06:44       0:10   금
310 42조(이관호)32 에모리삭스          기   06:16     06:26       0:10   금
311 42조(이관호)21 천군                승   07:51     08:01       0:10   차
312 42조(이관호)13 청산강호            기   07:01     07:12       0:11   금
313 42조(이관호)38 프로함성            승   07:49     08:01       0:12   차
314 42조(이관호)14 해피드림            기   07:01     07:12       0:11   금
315 42조(이관호)19 화기                승   06:26     06:38       0:12   차
316 42조(이관호)35 화려                기   07:16     07:26       0:10   금
317 42조(이관호)36 히든돌풍            승   08:52     09:02       0:10   차
318 43조(서정하)12 대한챔프            승   07:03     07:18       0:15   차
319 43조(서정하)26 영주스톤            기   06:16     06:28       0:12   차
320 43조(서정하)16 케미블루            승   07:15     07:26       0:11   금
321 48조(김대근)15 디에코              승   06:20     06:40       0:20   차
322 48조(김대근)19 블루마카롱          승   06:59     07:14       0:15   금
323 48조(김대근) 6 쏘아라가즈          승   07:05     07:23       0:18   차
324 48조(김대근)23 철심장              기   07:14     07:32       0:18   차
325 48조(김대근) 7 흥과기쁨            기   06:59     07:16       0:17   금
326 48조(김대근)20 흥복드림            승   06:20     06:39       0:19   차
327 48조(김대근)14 흥애디              기   06:44     07:02       0:18   금
328 48조(김대근) 8 흥행질주            기   06:20     06:39       0:19   금
329 49조(지용철)15 달리는빛깔          기   08:16     08:26       0:10   금
330 49조(지용철)21 밀키셰리            승   07:19     07:28       0:09   금
331 49조(지용철)25 삼단가속            기   06:24     06:37       0:13   금
332 49조(지용철)10 상승행진            기   06:51     07:02       0:11   금
333 49조(지용철)18 온천하              승   06:50     07:05       0:15   차
334 49조(지용철)16 페더럴아이          승   07:51     08:03       0:12   금
335 49조(지용철) 2 페더럴캣            기   06:23     06:31       0:08   금
336 49조(지용철) 4 호크퀸              승   06:21     06:36       0:15   금
337 50조(박재우) 5 럭키상운            승   07:50     08:04       0:14   금
338 50조(박재우)16 럭키석포            기   06:54     07:00       0:06   차
339 50조(박재우)29 문학킹              승   06:19     06:31       0:12   금
340 50조(박재우)22 야호스마트캣        승   06:22     06:34       0:12   금
341 50조(박재우) 4 영광의미소          기   06:20     06:31       0:11   금
342 50조(박재우)25 옥스퍼드킹          승   08:02     08:14       0:12   금
343 50조(박재우)12 올드스페셜          승   07:35     07:47       0:12   금
344 50조(박재우) 9 와이헤케천사        승   07:35     07:48       0:13   금
345 50조(박재우)37 이터널메모리        승   06:22     06:34       0:12   금
346 50조(박재우)28 장산파워            기   07:27     07:36       0:09   금
347 50조(박재우)20 장수나봄            승   06:36     06:47       0:11   차
348 50조(박재우)14 컴플리트아너        승   07:50     08:04       0:14   금
349 50조(박재우)17 회두령              승   06:22     06:35       0:13   금
350 51조(최용건)15 다울사랑            기   07:55     08:07       0:12   금
351 51조(최용건)33 스마트하이          승   06:37     06:50       0:13   차
352 51조(최용건) 2 올드블레이드        승   07:24     07:34       0:10   금
353 51조(최용건)11 젊은영웅            승   06:28     06:45       0:17   금
354 51조(최용건)34 정성대로            승   08:16     08:24       0:08   차
355 51조(최용건)21 천상성              기   07:24     07:34       0:10   금
356 51조(최용건)24 킹크러시            승   08:15     08:22       0:07   차
357 51조(최용건) 8 텔로스              승   07:06     07:19       0:13   차
358 52조(김동균)35 리치모어리치        기   07:18     07:28       0:10   금
359 52조(김동균)26 블랙머스크          기   06:35     06:47       0:12   금
360 52조(김동균)28 빅터문              기   07:01     07:08       0:07   금
361 52조(김동균)29 빅토리맵            승   08:02     08:13       0:11   차
362 52조(김동균) 1 엠제이파워          승   06:11     06:24       0:13   차
363 52조(김동균)16 영광의행진          승   06:59     07:05       0:06   금
364 52조(김동균) 7 천둥세자            승   06:58     07:10       0:12   금
365 52조(김동균)22 퀸오브베스트        승   07:49     08:01       0:12   금
366 52조(김동균)39 클린업보드          승   06:13     06:25       0:12   금
367 52조(김동균) 3 파노라마선          승   07:29     07:38       0:09   차
368 53조(김동철)39 럭셔리킹            승   07:20     07:34       0:14   금
369 53조(김동철)40 새남의별            승   07:59     08:12       0:13   금
370 53조(김동철)36 서울의별            승   08:37     08:45       0:08   금
371 53조(김동철)11 텐스타              승   07:20     07:34       0:14   금
372 54조(박천서)40 댄스머신            기   07:29     07:40       0:11   차
373 54조(박천서) 6 르루아블랑          승   08:44     09:06       0:22   금
374 54조(박천서)22 베스트천상          기   07:34     07:47       0:13   금
375 54조(박천서)36 브이퀸              기   08:01     08:14       0:13   금
376 54조(박천서)10 아미고라로          보   08:01     08:14       0:13   금
377 54조(박천서) 9 큐피드가이          기   07:28     07:38       0:10   금
━━━━━━━━━━━━━━━━━━━━━━━━━━━━━━━━━━━━━━━
                                                      출력일자 : 2021. 3.22

