

제목 : 21년05월30일(일)  제 1경주

(부산) 제29일 1300M 국6등급별정A       경주명 : 일반                        
경주조건:  R0~0           연령오픈                   날씨:맑음 주로:양호  (7%)
순위상금:  8,800천원   5,500천원   3,740천원   2,420천원   1,540천원
부가상금:      0천원       0천원       0천원
-------------------------------------------------------------------------------------------------
순위 마번    마    명         산지   성별 연령 부담중량  기수명   조교사   마주명           레이팅
-------------------------------------------------------------------------------------------------
  1   11  미스인디             한     암     3    54.0   이성재   울즐리   범한산업              
  2    4  동반의시작           한     암     3    54.0   정동철   김재섭   배은정                
  3    2  에이프릴퀸           한     암     3    54.0   정도윤   문제복   양호규                
  4    3  퍼스트파크           한     암     3    54.0   송경윤   김남중   곽희원                
  5    9  원더풀레이디         한     암     3    51.0   모준호   울즐리   정형철                
  6    8  퀸할리               한     암     3    54.0   최시대   이상영   이경희                
  7   12  인디댄서             한     암     3    54.0   김혜선   임금만   류화영                
  8    5  새물결의파도         한(포) 암     4    54.0   김태훈   강병은   새만금                
  9   10  리아논포인트         한     암     3    54.0   정우주   조용배   김근영                
 10    7  월드플라워           한     암     3    54.0   이효식   최기홍   김평갑                
 11    1  해변의뮤직           한     암     3    50.0   박종호   권승주   고희종                
 12    6  마이월드             한     암     3    54.0   채상현   라이스   류주영                
 13   14  퀸오딘이지           한     암     3    54.0   김철호   안우성   춘강                  
 14   13  블랙피스             한     암     4    54.0   조인권   윤영훈   김경태                
-------------------------------------------------------------------------------------------------
순위 마번    마      명       마 체 중  기 록  도 착 차  (S1F-S8F-G6F-G4F-G3F-G2F-G1F)
-------------------------------------------------------------------------------------------------
  1   11  미스인디             506( -4) 1:21.7            2-  - 4- 1- 1- 1- 1
  2    4  동반의시작           440( +2) 1:21.9  1         3-  - 2- 3- 2- 3- 3
  3    2  에이프릴퀸           501( -5) 1:21.9  목        1-  - 1- 2- 3- 2- 2
  4    3  퍼스트파크           459( -4) 1:22.6  4         5-  - 5- 7- 7- 7- 5
  5    9  원더풀레이디         433( -1) 1:23.2  3        13-  -12-13-13-11- 7
  6    8  퀸할리               458( +4) 1:23.4  1¼      10-  -10-11-11-12- 8
  7   12  인디댄서             474( +2) 1:23.6  1½       8-  - 6- 6- 6- 6- 6
  8    5  새물결의파도         453( -1) 1:23.7  ¾        4-  - 3- 4- 4- 4- 4
  9   10  리아논포인트         494(+12) 1:24.4  4        14-  -13-14-14-13-13
 10    7  월드플라워           443( -7) 1:24.8  2½      12-  -14- 9- 9- 9-10
 11    1  해변의뮤직           482( -9) 1:25.0  1         9-  - 8-10-10-10-12
 12    6  마이월드             448( -1) 1:25.2  ¾        7-  - 9- 8- 8- 8-11
 13   14  퀸오딘이지           433( -4) 1:25.8  4        11-  -11-12-12-14-14
 14   13  블랙피스             516(+24) 1:27.0  7         6-  - 7- 5- 5- 5- 9
-------------------------------------------------------------------------------------------------
순위 마번 G-3F S-1F    400      400     400     400     G-2F    G-1F    단승식 연승식
-------------------------------------------------------------------------------------------------
  1   11  38.5  0:13.9          0:08.6  0:21.9  0:23.7  0:27.5  0:13.9     3.5    1.4
  2    4  38.5  0:14.0          0:08.6  0:22.1  0:24.0  0:27.2  0:13.5     3.5    1.7
  3    2  38.4  0:13.9          0:08.6  0:22.1  0:24.0  0:27.2  0:13.6     5.4    1.7
  4    3  38.2  0:14.2          0:08.7  0:22.8  0:24.2  0:26.9  0:13.1   333.7   18.0
  5    9  38.2  0:14.9          0:09.1  0:23.2  0:24.1  0:26.8  0:13.3    22.5    8.9
  6    8  38.6  0:14.6          0:09.0  0:23.0  0:24.4  0:27.0  0:13.4    11.6    3.4
  7   12  39.6  0:14.3          0:08.7  0:22.6  0:24.2  0:28.1  0:14.1   147.0   12.8
  8    5  40.1  0:14.0          0:08.6  0:22.3  0:24.2  0:28.6  0:14.5     8.6    2.9
  9   10  39.3  0:15.1          0:09.3  0:23.1  0:24.2  0:27.8  0:13.6   232.2   34.3
 10    7  40.3  0:14.9          0:09.4  0:22.3  0:24.2  0:28.9  0:14.7    18.7    2.8
 11    1  40.2  0:14.4          0:08.8  0:23.1  0:24.5  0:28.6  0:14.3    26.1   67.0
 12    6  40.7  0:14.3          0:08.8  0:22.7  0:24.3  0:29.4  0:14.9    99.8   18.3
 13   14  41.0  0:14.7          0:09.0  0:23.1  0:24.5  0:29.2  0:14.9    69.3   20.0
 14   13  43.1  0:14.2          0:08.7  0:22.4  0:24.2  0:31.7  0:16.9     8.2    2.1
-------------------------------------------------------------------------------------------------
(복승식 배당률)
  1- 2  1214.7  2- 9    66.9  4- 5    37.7  5-15     0.0  8- 9    72.5 11-12   202.8
  1- 3  9388.0  2-10   529.5  4- 6   532.5  5-16     0.0  8-10   668.5 11-13     6.5
  1- 4   837.1  2-11     7.7  4- 7    42.2  6- 7   651.3  8-11     9.9 11-14   272.3
  1- 5  1036.5  2-12   480.7  4- 8    30.7  6- 8   222.2  8-12   649.4 11-15     0.0
  1- 6  6506.5  2-13    29.9  4- 9    62.8  6- 9   726.1  8-13    18.5 11-16     0.0
  1- 7  1025.2  2-14  1698.1  4-10   533.4  6-10  1676.4  8-14   718.2 12-13   669.2
  1- 8  1338.4  2-15     0.0  4-11     7.0  6-11    95.9  8-15     0.0 12-14  9127.2
  1- 9  1341.1  2-16     0.0  4-12   593.6  6-12  2784.6  8-16     0.0 12-15     0.0
  1-10  5174.5  3- 4   712.8  4-13    21.3  6-13   570.9  9-10  1080.9 12-16     0.0
  1-11   211.0  3- 5  1244.6  4-14   985.2  6-14  3776.8  9-11    23.0 13-14   793.7
  1-12  4532.1  3- 6  2920.7  4-15     0.0  6-15     0.0  9-12   514.6 13-15     0.0
  1-13   852.3  3- 7   911.5  4-16     0.0  6-16     0.0  9-13    59.7 13-16     0.0
  1-14  9999.9  3- 8  1159.0  5- 6   625.3  7- 8    74.0  9-14  1985.4 14-15     0.0
  1-15     0.0  3- 9  1084.4  5- 7    79.6  7- 9   126.9  9-15     0.0 14-16     0.0
  1-16     0.0  3-10  2557.0  5- 8    53.4  7-10   533.8  9-16     0.0 15-16     0.0
  2- 3   327.1  3-11   213.2  5- 9   133.2  7-11    11.7 10-11   123.6  0- 0     0.0
  2- 4    22.9  3-12  5569.2  5-10   376.6  7-12   925.6 10-12  2235.2  0- 0     0.0
  2- 5    53.7  3-13   490.4  5-11     8.7  7-13    52.0 10-13   464.1  0- 0     0.0
  2- 6   330.4  3-14  2313.9  5-12   936.1  7-14  1702.5 10-14  8646.8  0- 0     0.0
  2- 7    47.8  3-15     0.0  5-13    31.4  7-15     0.0 10-15     0.0  0- 0     0.0
  2- 8    43.8  3-16     0.0  5-14  3733.9  7-16     0.0 10-16     0.0  0- 0     0.0
-------------------------------------------------------------------------------------------------
매출액 단식:      4,004,700    연식:      5,151,200      복식:     90,021,900
       복연:     17,866,400    쌍식:     29,646,000      삼복:     95,671,600
       삼쌍:     60,093,300    합계:    302,455,100
-------------------------------------------------------------------------------------------------
배당률 단: ⑪3.5        연: ⑪1.4 ④1.7 ②1.7          복: ⑪④7.0       4F:51.2
                                                                         3F:38.5
                        쌍: ⑪④9.6
     복연: ⑪④3.0 ⑪②4.1 ④②4.5
     삼복: ⑪④②12.7 
     삼쌍: ⑪④②47.0 
-------------------------------------------------------------------------------------------------
펄 롱:8.6 10.4 11.5   12.7   11.0   13.6   13.9   
통과M:  100  300  500    700    9000   1100   1300
통과T:08.6 19.0 30.5 0:43.2 0:54.2 1:07.8 1:21.7 
-------------------------------------------------------------------------------------------------
통과순위 S1F : (2,4,5,11),(3,6,12,13),1,(8,14),(7,9),10
         G8F :                                         
         G6F : (2,3,4,5,11,12,13),(1,6),(8,9,14),(7,10)
         G4F : 11,(2,4),5,13,12,(3,6),7,(1,8),14,(10,9)
         G3F : 11,(2,4),5,(13,12)-(3,6,7),(1,8,14),(10,9)
         G2F : 11-(2,4)-5,13,12,(3,6),7-(1,9,8),(10,14)
         G1F : 11-(2,4)=5,(3,12)-(9,8),(13,7),6-(1,10),14
-------------------------------------------------------------------------------------------------
구분 출전번호  대상명            처분종류     처분내용                     세부내용
-------------------------------------------------------------------------------------------------
말     13      블랙피스          경주부적격마                              왼 앞다리 질병(좌중수부 계인대 단열)              
말      4      동반의시작        출발심사                                  진입 및 출발자세불량                              
말      8      퀸할리            출발심사                                  진입불량                                          
-------------------------------------------------------------------------------------------------


제목 : 21년05월30일(일)  제 2경주

(부산) 제29일 1400M 국6등급별정A       경주명 : 일반                        
경주조건:  R0~0           연령오픈                   날씨:맑음 주로:양호  (6%)
순위상금:  8,800천원   5,500천원   3,740천원   2,420천원   1,540천원
부가상금:      0천원       0천원       0천원
-------------------------------------------------------------------------------------------------
순위 마번    마    명         산지   성별 연령 부담중량  기수명   조교사   마주명           레이팅
-------------------------------------------------------------------------------------------------
  1    3  골드파운틴           한     거     3    56.0   정도윤   김영관   유연욱                
  2    6  런파이터             한     거     3    56.0   김태경   장세한   김갑수                
  3    9  폭풍질주             한     수     3    56.0   조인권   안우성   이성인                
  4    8  트리플스톰           한     수     4    56.0   김어수   이정표   백진희                
  5    2  제라게               한     수     4    52.0   김태현   민장기   고경민                
  6   11  골드매직             한(포) 거     4    56.0   김도현   양귀선   김갑수                
  7    5  스타티세             한     암     3    54.0   송경윤   조용배   김근영                
  8   10  하바나골드           한     수     4    56.0   서승운   방동석   박병현                
  9    7  함안백이산           한     수     3    56.0   다실바   강형곤   함안군                
 10   12  갤럽보이             한     수     3    56.0   정우주   권승주   고희종                
 11    1  연승미소             한     암     3    54.0   최시대   양귀선   한정협                
 12    4  배다리글래머         한     암     3    54.0   조창욱   강형곤   송한우                
-------------------------------------------------------------------------------------------------
순위 마번    마      명       마 체 중  기 록  도 착 차  (S1F-S8F-G6F-G4F-G3F-G2F-G1F)
-------------------------------------------------------------------------------------------------
  1    3  골드파운틴           532(+12) 1:27.9            6-  -  - 6- 6- 5- 1
  2    6  런파이터             445( -5) 1:28.8  5         5-  -  - 7- 7- 4- 2
  3    9  폭풍질주             501( +0) 1:29.3  3         9-  -  - 9- 9- 8- 5
  4    8  트리플스톰           487( +0) 1:29.5  1¼      11-  -  - 8- 8- 6- 3
  5    2  제라게               527( -9) 1:29.8  1¾       7-  -  - 5- 5- 9- 7
  6   11  골드매직             442( +2) 1:30.0  1¼       8-  -  -10-10-11-10
  7    5  스타티세             479( -8) 1:30.1  ½        3-  -  - 2- 2- 2- 4
  8   10  하바나골드           475( +2) 1:30.2  ¾       10-  -  -11-12-12-11
  9    7  함안백이산           492( +0) 1:30.7  2½      12-  -  -12-11-10- 9
 10   12  갤럽보이             481( +0) 1:30.7  목        4-  -  - 4- 3- 3- 8
 11    1  연승미소             457( +4) 1:31.2  3         1-  -  - 1- 1- 1- 6
 12    4  배다리글래머         489( +3) 1:32.0  5         2-  -  - 3- 4- 7-12
-------------------------------------------------------------------------------------------------
순위 마번 G-3F S-1F    400      400     400     400     G-2F    G-1F    단승식 연승식
-------------------------------------------------------------------------------------------------
  1    3  37.4  0:14.8                  0:22.8  0:24.3  0:26.0  0:13.1     3.6    1.4
  2    6  38.2  0:14.6                  0:23.3  0:24.0  0:26.9  0:13.4     3.5    1.0
  3    9  38.4  0:15.0                  0:23.1  0:24.2  0:27.0  0:13.3     4.8    2.5
  4    8  38.6  0:15.2                  0:22.8  0:24.0  0:27.5  0:13.7    11.7    3.0
  5    2  39.3  0:14.9                  0:22.6  0:24.9  0:27.4  0:13.6     9.7    3.1
  6   11  38.9  0:14.9                  0:23.3  0:24.6  0:27.2  0:13.5    82.8   15.7
  7    5  40.2  0:14.4                  0:22.7  0:24.2  0:28.8  0:14.3    58.0   11.9
  8   10  38.8  0:15.0                  0:23.6  0:24.6  0:27.0  0:13.3    87.8   19.6
  9    7  39.4  0:15.5                  0:23.2  0:24.0  0:28.0  0:14.2    36.4    6.2
 10   12  40.5  0:14.4                  0:23.0  0:24.5  0:28.8  0:14.4    84.4    7.8
 11    1  41.3  0:14.2                  0:22.9  0:24.1  0:30.0  0:15.1     5.3    2.7
 12    4  41.7  0:14.4                  0:23.0  0:24.7  0:29.9  0:15.0    53.9   13.7
-------------------------------------------------------------------------------------------------
(복승식 배당률)
  1- 2    37.5  2- 9    21.3  4- 5   705.5  5-15     0.0  8- 9    26.4 11-12  2239.6
  1- 3    10.5  2-10   167.0  4- 6   188.5  5-16     0.0  8-10   117.4 11-13     0.0
  1- 4   248.0  2-11   315.8  4- 7  1038.8  6- 7    59.8  8-11   257.1 11-14     0.0
  1- 5   170.4  2-12   359.0  4- 8   257.0  6- 8    14.6  8-12   313.9 11-15     0.0
  1- 6    17.8  2-13     0.0  4- 9   219.1  6- 9    10.3  8-13     0.0 11-16     0.0
  1- 7   119.6  2-14     0.0  4-10   946.8  6-10    79.8  8-14     0.0 12-13     0.0
  1- 8    26.2  2-15     0.0  4-11   894.9  6-11   289.6  8-15     0.0 12-14     0.0
  1- 9    27.8  2-16     0.0  4-12   731.5  6-12   215.8  8-16     0.0 12-15     0.0
  1-10   120.7  3- 4   129.8  4-13     0.0  6-13     0.0  9-10   151.8 12-16     0.0
  1-11   371.4  3- 5    56.3  4-14     0.0  6-14     0.0  9-11   266.2 13-14     0.0
  1-12   282.3  3- 6     5.4  4-15     0.0  6-15     0.0  9-12   326.5 13-15     0.0
  1-13     0.0  3- 7    49.5  4-16     0.0  6-16     0.0  9-13     0.0 13-16     0.0
  1-14     0.0  3- 8    11.2  5- 6   137.6  7- 8   126.8  9-14     0.0 14-15     0.0
  1-15     0.0  3- 9     6.3  5- 7   771.4  7- 9   127.4  9-15     0.0 14-16     0.0
  1-16     0.0  3-10    76.6  5- 8   222.8  7-10   479.1  9-16     0.0 15-16     0.0
  2- 3    11.9  3-11   163.2  5- 9   181.5  7-11  1003.8 10-11  1124.4  0- 0     0.0
  2- 4   183.0  3-12   147.6  5-10   921.6  7-12   740.6 10-12  1443.9  0- 0     0.0
  2- 5   228.2  3-13     0.0  5-11  1316.2  7-13     0.0 10-13     0.0  0- 0     0.0
  2- 6    19.1  3-14     0.0  5-12  1361.3  7-14     0.0 10-14     0.0  0- 0     0.0
  2- 7   147.3  3-15     0.0  5-13     0.0  7-15     0.0 10-15     0.0  0- 0     0.0
  2- 8    29.6  3-16     0.0  5-14     0.0  7-16     0.0 10-16     0.0  0- 0     0.0
-------------------------------------------------------------------------------------------------
매출액 단식:      3,786,600    연식:      5,889,700      복식:    114,129,300
       복연:     20,085,800    쌍식:     35,678,100      삼복:    119,682,900
       삼쌍:     74,677,700    합계:    373,930,100
-------------------------------------------------------------------------------------------------
배당률 단: ③3.6        연: ③1.4 ⑥1.0 ⑨2.5          복: ③⑥5.4       4F:50.8
                                                                         3F:38.0
                        쌍: ③⑥9.6
     복연: ③⑥2.7 ③⑨2.8 ⑥⑨3.4
     삼복: ③⑥⑨7.4 
     삼쌍: ③⑥⑨26.6 
-------------------------------------------------------------------------------------------------
펄 롱:14.2 11.1 11.8   12.8   11.3   13.6   13.1   
통과M:  200  400  600    800    1000   1200   1400
통과T:14.2 25.3 37.1 0:49.9 1:01.2 1:14.8 1:27.9 
-------------------------------------------------------------------------------------------------
통과순위 S1F : 1,(4,5,12),6,(2,3,11),(9,10),8,7        
         G8F :                                         
         G6F :                                         
         G4F : (1,5),(2,4,12),3,(8,6),(9,11)-(7,10)    
         G3F : (1,5),(4,12),(2,6,3),(8,9),11,(7,10)    
         G2F : (^1,5)-(8,12,6,3),4,(2,9),(7,11)-10     
         G1F : 3-6-(8,5),(1,9),(12,2),(7,11)-(4,10)    
-------------------------------------------------------------------------------------------------
구분 출전번호  대상명            처분종류     처분내용                     세부내용
-------------------------------------------------------------------------------------------------
기수    2      김태현            과태금       100,000원                    전검량 대비 후검량 500g 초과                      
-------------------------------------------------------------------------------------------------


제목 : 21년05월30일(일)  제 3경주

(부산) 제29일 1200M 국5등급핸디캡      경주명 : 일반                        
경주조건:  R1~35          연령오픈                   날씨:맑음 주로:양호  (6%)
순위상금: 11,200천원   7,000천원   4,760천원   3,080천원   1,960천원
부가상금:      0천원       0천원       0천원
-------------------------------------------------------------------------------------------------
순위 마번    마    명         산지   성별 연령 부담중량  기수명   조교사   마주명           레이팅
-------------------------------------------------------------------------------------------------
  1    3  쿨가이               한     수     3    55.5   다실바   라이스   송승규              32
  2    9  한라누리             한     암     4    52.0   박재이   토마스   나종용              29
  3    4  한혈마               한     암     4    52.5   서승운   문제복   김진영a             30
  4    5  바람의꿈             한     암     5    53.5   진겸     강은석   류화영              32
  5    6  랩터맨               한     거     4    54.0   김혜선   문제복   박평양              29
  6   10  에코문               한     암     4    52.0   조인권   임금만   류주영              28
  7    1  원더풀윙스           한     암     5    51.0   유현명   방동석   지성배              26
  8    8  대왕봉               미     거     7    52.0   김태경   이정표   이광열              21
  9   12  월드슬램             한(포) 거     5    52.0   정동철   하무선   김진영a             21
 10    2  베스트해피           한     암     4    51.0   정우주   강형곤   박정재              23
 11   11  톱스톰               한(포) 암     4    53.5   페로비치 울즐리   류화영              32
 12    7  이글스타             한     거     4    53.5   요아니스 유병복   부수선              28
-------------------------------------------------------------------------------------------------
순위 마번    마      명       마 체 중  기 록  도 착 차  (S1F-S8F-G6F-G4F-G3F-G2F-G1F)
-------------------------------------------------------------------------------------------------
  1    3  쿨가이               526( -3) 1:13.9            3-  -  - 2- 2- 2- 1
  2    9  한라누리             450( +2) 1:14.5  3         4-  -  - 4- 5- 5- 2
  3    4  한혈마               476( -4) 1:15.0  2½       5-  -  - 6- 6- 6- 4
  4    5  바람의꿈             443( -5) 1:15.0  ½        6-  -  - 5- 4- 4- 3
  5    6  랩터맨               517( -6) 1:15.7  4         7-  -  - 8- 9- 9- 8
  6   10  에코문               458( -6) 1:15.8  ¾        9-  -  - 7- 7- 7- 7
  7    1  원더풀윙스           460( -6) 1:15.9  목        2-  -  - 3- 3- 3- 6
  8    8  대왕봉               473( -5) 1:15.9  머리     11-  -  -11-10-10-10
  9   12  월드슬램             461( -2) 1:16.0  ¾       12-  -  -12-11-11-11
 10    2  베스트해피           429( +7) 1:16.2  1        10-  -  - 9- 8- 8- 9
 11   11  톱스톰               464( +2) 1:16.9  4         1-  -  - 1- 1- 1- 5
 12    7  이글스타             472( +5) 1:19.8  17        8-  -  -10-12-12-12
-------------------------------------------------------------------------------------------------
순위 마번 G-3F S-1F    400      400     400     400     G-2F    G-1F    단승식 연승식
-------------------------------------------------------------------------------------------------
  1    3  37.6  0:13.6                  0:24.4  0:22.8  0:26.7  0:13.3     1.5    1.0
  2    9  37.6  0:13.6                  0:24.8  0:23.1  0:26.6  0:13.4    24.0    3.3
  3    4  37.7  0:13.7                  0:25.1  0:23.1  0:26.8  0:13.4    17.4    2.3
  4    5  38.1  0:14.0                  0:25.0  0:22.8  0:27.2  0:13.5    29.5    4.2
  5    6  37.8  0:14.0                  0:25.4  0:23.5  0:26.8  0:13.2    23.6    5.4
  6   10  38.5  0:14.2                  0:25.2  0:23.1  0:27.5  0:14.0    10.1    3.0
  7    1  39.5  0:13.6                  0:24.5  0:23.0  0:28.4  0:14.1    15.6    3.3
  8    8  37.9  0:14.5                  0:25.9  0:23.3  0:26.7  0:13.2   243.2   15.4
  9   12  37.3  0:15.1                  0:26.5  0:23.2  0:26.3  0:13.1    67.9   20.1
 10    2  38.3  0:14.3                  0:25.7  0:23.2  0:27.3  0:13.6    60.8   20.3
 11   11  40.6  0:13.5                  0:24.2  0:23.0  0:29.7  0:15.2     5.1    1.8
 12    7  40.7  0:14.0                  0:25.8  0:26.2  0:27.8  0:13.5    56.5    4.4
-------------------------------------------------------------------------------------------------
(복승식 배당률)
  1- 2   883.0  2- 9   608.4  4- 5   117.8  5-15     0.0  8- 9  2594.3 11-12   321.8
  1- 3     8.0  2-10   822.8  4- 6   267.4  5-16     0.0  8-10  2325.3 11-13     0.0
  1- 4   121.3  2-11   410.6  4- 7   337.7  6- 7   551.7  8-11   703.8 11-14     0.0
  1- 5   195.5  2-12   790.7  4- 8  2893.2  6- 8  2615.9  8-12  3203.2 11-15     0.0
  1- 6   209.8  2-13     0.0  4- 9   127.6  6- 9   250.5  8-13     0.0 11-16     0.0
  1- 7   560.6  2-14     0.0  4-10   153.3  6-10   336.1  8-14     0.0 12-13     0.0
  1- 8  1226.2  2-15     0.0  4-11    51.6  6-11   109.5  8-15     0.0 12-14     0.0
  1- 9   170.3  2-16     0.0  4-12   864.8  6-12   820.7  8-16     0.0 12-15     0.0
  1-10   166.6  3- 4     6.9  4-13     0.0  6-13     0.0  9-10    97.6 12-16     0.0
  1-11    61.1  3- 5     9.5  4-14     0.0  6-14     0.0  9-11    45.4 13-14     0.0
  1-12   566.6  3- 6    13.4  4-15     0.0  6-15     0.0  9-12   603.7 13-15     0.0
  1-13     0.0  3- 7    13.7  4-16     0.0  6-16     0.0  9-13     0.0 13-16     0.0
  1-14     0.0  3- 8   139.9  5- 6   370.8  7- 8  3828.2  9-14     0.0 14-15     0.0
  1-15     0.0  3- 9     7.7  5- 7   220.8  7- 9   259.2  9-15     0.0 14-16     0.0
  1-16     0.0  3-10     6.9  5- 8   880.5  7-10   400.9  9-16     0.0 15-16     0.0
  2- 3    86.7  3-11     3.5  5- 9   154.9  7-11   122.1 10-11    48.8  0- 0     0.0
  2- 4  1158.3  3-12    64.3  5-10   150.2  7-12  1825.1 10-12   836.0  0- 0     0.0
  2- 5  1347.2  3-13     0.0  5-11    54.9  7-13     0.0 10-13     0.0  0- 0     0.0
  2- 6  1141.5  3-14     0.0  5-12   855.3  7-14     0.0 10-14     0.0  0- 0     0.0
  2- 7  2308.2  3-15     0.0  5-13     0.0  7-15     0.0 10-15     0.0  0- 0     0.0
  2- 8  3693.0  3-16     0.0  5-14     0.0  7-16     0.0 10-16     0.0  0- 0     0.0
-------------------------------------------------------------------------------------------------
매출액 단식:      2,887,800    연식:      4,895,700      복식:     86,002,500
       복연:     21,141,600    쌍식:     37,843,800      삼복:    103,532,500
       삼쌍:     78,672,900    합계:    334,976,800
-------------------------------------------------------------------------------------------------
배당률 단: ③1.5        연: ③1.0 ⑨3.3 ④2.3          복: ③⑨7.7       4F:49.7
                                                                         3F:37.6
                        쌍: ③⑨9.6
     복연: ③⑨4.1 ③④2.8 ⑨④16.2
     삼복: ③⑨④27.0 
     삼쌍: ③⑨④65.8 
-------------------------------------------------------------------------------------------------
펄 롱:13.6 10.6 12.1   10.9   13.4   13.3   
통과M:  200  400  600    800    1000   1200
통과T:13.6 24.2 36.3 0:47.2 1:00.6 1:13.9 
-------------------------------------------------------------------------------------------------
통과순위 S1F : (1,3,9,^11),4,(5,6,7),(2,10),8-12       
         G8F :                                         
         G6F :                                         
         G4F : 11,(1,3),9,(5,4),10,6,(2,7),8-12        
         G3F : (1,11,3)-(5,9)-(4,10)-(2,6,8)-12-7      
         G2F : (11,3),1,(5,9),(4,10)-(2,6),8-12≡7      
         G1F : 3-9-(5,4),(1,11,10)-(2,6),8,12≡7        
-------------------------------------------------------------------------------------------------
구분 출전번호  대상명            처분종류     처분내용                     세부내용
-------------------------------------------------------------------------------------------------
기수    9      박재이            과태금       50,000원                     결승선 전방 약 150m 지점 채찍 놓침                
말      7      이글스타          주행심사                                  경주능력부진(1위마와 33.8마신 차)                 
-------------------------------------------------------------------------------------------------


제목 : 21년05월30일(일)  제 4경주

(부산) 제29일 1200M 혼4등급핸디캡      경주명 : 일반                        
경주조건:  R1~50          연령오픈                   날씨:맑음 주로:양호  (6%)
순위상금: 14,000천원   8,750천원   5,950천원   3,850천원   2,450천원
부가상금:      0천원       0천원       0천원
-------------------------------------------------------------------------------------------------
순위 마번    마    명         산지   성별 연령 부담중량  기수명   조교사   마주명           레이팅
-------------------------------------------------------------------------------------------------
  1    6  위닝댄서             한     거     4    52.5   박재이   민장기   송문관              38
  2    8  온누리질주           한     수     3    56.5   유현명   양귀선   강성호              46
  3    4  에이스데이           한     거     4    52.0   최시대   윤영훈   고정수              37
  4    7  검은쏜살             미     거     4    52.5   다실바   라이스   홍경표              38
  5   13  비케이존             한(포) 거     5    53.0   김태현   강형곤   함승원              47
  6    5  워리어클래스         미     수     4    52.0   정우주   강은석   김중길              37
  7    3  드래건킹             미     수     3    52.0   유광희   문제복   장석노              36
  8    2  월드시카고           미     거     4    52.5   페로비치 김영관   김평갑              38
  9   12  크라운펑키           한     암     4    51.0   모준호   김재섭   허용권              39
 10    9  하디찰리             미     수     3    52.0   진겸     방동석   박병현              37
 11   11  스타레이크           미     암     3    52.0   요아니스 강형곤   권주순              36
 12   10  클러치히터           호     암     4    52.0   이효식   민장기   최병부              37
 13    1  넓은고을             한     거     6    51.5   박종호   김병학   허도행              44
 14   14  슈퍼갤러리           미     수     3    52.5   이성재   권승주   배은정              38
-------------------------------------------------------------------------------------------------
순위 마번    마      명       마 체 중  기 록  도 착 차  (S1F-S8F-G6F-G4F-G3F-G2F-G1F)
-------------------------------------------------------------------------------------------------
  1    6  위닝댄서             483( -5) 1:13.0            4-  -  - 3- 3- 4- 3
  2    8  온누리질주           452( -4) 1:13.2  ¾        2-  -  - 2- 2- 2- 1
  3    4  에이스데이           489( -1) 1:13.5  2         1-  -  - 1- 1- 1- 2
  4    7  검은쏜살             462(-12) 1:13.9  2         5-  -  - 4- 4- 3- 4
  5   13  비케이존             453(+11) 1:13.9  머리     12-  -  -12-13-13- 7
  6    5  워리어클래스         522( +0) 1:14.1  1        11-  -  -10-10-10- 6
  7    3  드래건킹             520(-10) 1:14.4  1¾      10-  -  - 9- 9- 8- 5
  8    2  월드시카고           499( +7) 1:15.1  4        13-  -  -13-11-11-10
  9   12  크라운펑키           480( +7) 1:15.2  ½        3-  -  - 5- 5- 6- 8
 10    9  하디찰리             524( +5) 1:15.4  1¾       7-  -  - 7- 7- 5- 9
 11   11  스타레이크           505(-10) 1:15.8  1¾      14-  -  -14-14-14-14
 12   10  클러치히터           460( +0) 1:16.0  1¼       8-  -  - 8- 6- 7-11
 13    1  넓은고을             488( -5) 1:16.0  목        9-  -  -11-12-12-13
 14   14  슈퍼갤러리           484( -1) 1:16.6  3         6-  -  - 6- 8- 9-12
-------------------------------------------------------------------------------------------------
순위 마번 G-3F S-1F    400      400     400     400     G-2F    G-1F    단승식 연승식
-------------------------------------------------------------------------------------------------
  1    6  36.9  0:13.8                  0:24.6  0:22.2  0:26.2  0:13.2     8.0    2.1
  2    8  37.4  0:13.7                  0:24.5  0:21.6  0:27.1  0:13.9     2.4    1.3
  3    4  37.7  0:13.6                  0:24.4  0:21.6  0:27.5  0:14.1     4.5    1.5
  4    7  37.6  0:13.8                  0:24.7  0:22.0  0:27.2  0:13.5     7.4    1.9
  5   13  36.4  0:14.1                  0:25.5  0:23.0  0:25.4  0:12.7     4.9    1.4
  6    5  36.8  0:14.0                  0:25.3  0:22.9  0:25.9  0:12.9    57.8   47.1
  7    3  37.2  0:14.0                  0:25.3  0:22.6  0:26.5  0:13.2   146.2   21.2
  8    2  37.7  0:14.4                  0:25.6  0:22.7  0:26.8  0:13.5    21.8    5.8
  9   12  38.5  0:13.7                  0:24.8  0:22.8  0:27.6  0:13.9    29.9    4.7
 10    9  38.5  0:13.9                  0:25.1  0:22.5  0:27.8  0:14.0    87.9   13.9
 11   11  37.2  0:14.7                  0:26.4  0:23.0  0:26.4  0:12.9   189.2   36.2
 12   10  39.2  0:13.9                  0:25.1  0:22.6  0:28.3  0:14.3   143.7   57.6
 13    1  38.5  0:14.0                  0:25.4  0:23.0  0:27.6  0:13.7   152.2   34.2
 14   14  39.7  0:13.8                  0:24.9  0:23.3  0:28.4  0:14.5   125.0  104.6
-------------------------------------------------------------------------------------------------
(복승식 배당률)
  1- 2   649.9  2- 9   794.0  4- 5   464.2  5-15     0.0  8- 9   137.3 11-12  3004.3
  1- 3  6120.7  2-10  1344.6  4- 6    13.9  5-16     0.0  8-10   233.7 11-13   939.5
  1- 4   195.3  2-11  1175.0  4- 7    12.7  6- 7    15.4  8-11   414.9 11-14  4121.5
  1- 5  5431.6  2-12   182.8  4- 8     4.8  6- 8     7.9  8-12    24.5 11-15     0.0
  1- 6   353.4  2-13    79.9  4- 9   326.5  6- 9   291.7  8-13     5.4 11-16     0.0
  1- 7   602.2  2-14  2939.7  4-10   406.8  6-10   551.2  8-14   673.4 12-13    77.5
  1- 8   131.0  2-15     0.0  4-11   851.7  6-11  1244.6  8-15     0.0 12-14  2448.3
  1- 9  3015.4  2-16     0.0  4-12    49.1  6-12    66.5  8-16     0.0 12-15     0.0
  1-10  4686.7  3- 4   656.1  4-13    12.8  6-13    14.3  9-10  3475.3 12-16     0.0
  1-11  8369.2  3- 5  9999.9  4-14  1186.9  6-14  1156.8  9-11  6030.7 13-14  1431.4
  1-12   611.2  3- 6   896.4  4-15     0.0  6-15     0.0  9-12   925.7 13-15     0.0
  1-13   357.5  3- 7  1650.3  4-16     0.0  6-16     0.0  9-13   191.1 13-16     0.0
  1-14  3814.8  3- 8   372.0  5- 6   677.3  7- 8     8.6  9-14  9999.9 14-15     0.0
  1-15     0.0  3- 9  4660.1  5- 7   857.0  7- 9   495.0  9-15     0.0 14-16     0.0
  1-16     0.0  3-10  3868.8  5- 8   262.2  7-10   414.9  9-16     0.0 15-16     0.0
  2- 3  3613.1  3-11  9999.9  5- 9  9999.9  7-11   797.8 10-11  3677.9  0- 0     0.0
  2- 4    34.2  3-12  3535.3  5-10  4607.7  7-12    83.7 10-12  1524.5  0- 0     0.0
  2- 5  1344.6  3-13  1112.9  5-11  7665.2  7-13    25.3 10-13   600.9  0- 0     0.0
  2- 6    47.6  3-14  9999.9  5-12  3015.4  7-14  2087.0 10-14  4607.7  0- 0     0.0
  2- 7    49.2  3-15     0.0  5-13   885.7  7-15     0.0 10-15     0.0  0- 0     0.0
  2- 8    21.6  3-16     0.0  5-14  7524.6  7-16     0.0 10-16     0.0  0- 0     0.0
-------------------------------------------------------------------------------------------------
매출액 단식:      5,154,900    연식:      7,256,700      복식:    112,353,200
       복연:     20,579,400    쌍식:     41,084,400      삼복:    112,244,300
       삼쌍:     72,602,400    합계:    371,275,300
-------------------------------------------------------------------------------------------------
배당률 단: ⑥8.0        연: ⑥2.1 ⑧1.3 ④1.5          복: ⑥⑧7.9       4F:48.6
                                                                         3F:37.2
                        쌍: ⑥⑧20.0
     복연: ⑥⑧3.3 ⑥④5.7 ⑧④1.7
     삼복: ⑥⑧④9.4 
     삼쌍: ⑥⑧④84.2 
-------------------------------------------------------------------------------------------------
펄 롱:13.6 10.8 11.4   10.2   13.3   13.7   
통과M:  200  400  600    800    1000   1200
통과T:13.6 24.4 35.8 0:46.0 0:59.3 1:13.0 
-------------------------------------------------------------------------------------------------
통과순위 S1F : (^4,8,12),(6,7,9,10,14),(1,3,5,13),2,11 
         G8F :                                         
         G6F :                                         
         G4F : (^4,8),(6,7),(12,14),(9,10),(1,3,5),(2,13)=11
         G3F : (4,8),6,7-(10,12),(9,14),(3,5),(1,2,13)=11
         G2F : (^4,8)-(7,6)=(9,10,12),3,(2,14,5),(1,13)=11
         G1F : (4,^8)-6-7=(3,12,5,13),9,(10,2)-14,1-11 
-------------------------------------------------------------------------------------------------
구분 출전번호  대상명            처분종류     처분내용                     세부내용
-------------------------------------------------------------------------------------------------
특 
이 
사 
항
-------------------------------------------------------------------------------------------------


제목 : 21년05월30일(일)  제 5경주

(부산) 제29일 1800M 혼3등급핸디캡      경주명 : 일반                        
경주조건:  R1~65          연령오픈                   날씨:맑음 주로:건조  (5%)
순위상금: 16,800천원  10,500천원   7,140천원   4,620천원   2,940천원
부가상금:      0천원       0천원       0천원
-------------------------------------------------------------------------------------------------
순위 마번    마    명         산지   성별 연령 부담중량  기수명   조교사   마주명           레이팅
-------------------------------------------------------------------------------------------------
  1    6  장산도끼             미     거     5    55.5   페로비치 임금만   김병진              60
  2    1  성산파워             한     암     5    52.0   진겸     양귀선   최원호              53
  3    2  기적의적토마         한     거     6    56.5   박재이   임동창   임용근              62
  4    3  말리부별             미     수     5    57.0   유현명   민장기   최동호              63
  5    4  마이티즈젬           미     암     4    52.0   정도윤   안우성   이성기              56
  6    5  트루밸러             한     수     5    52.5   모준호   울즐리   이시돌협회          60
  7   10  트루킹               한     수     5    52.0   채상현   김남중   양호규              52
  8    9  바벨히트             미     거     4    52.5   이성재   양귀선   김명환              54
  9    8  아델의신             한     거     6    51.0   정동철   백광열   이종훈              36
 10    7  낭만전사             한     거     6    54.0   김태훈   유병복   정광화              57
 11   11  바람의약속           미     암     5    51.0   김혜선   임금만   류화영              53
-------------------------------------------------------------------------------------------------
순위 마번    마      명       마 체 중  기 록  도 착 차  (S1F-S8F-G6F-G4F-G3F-G2F-G1F)
-------------------------------------------------------------------------------------------------
  1    6  장산도끼             499( -9) 1:54.8            2-  - 3- 5- 4- 3- 1
  2    1  성산파워             456( +0) 1:55.8  6         1-  - 1- 2- 2- 2- 2
  3    2  기적의적토마         488( -4) 1:55.9  ½        5-  - 4- 8- 7- 6- 4
  4    3  말리부별             528( +4) 1:56.0  ½        8-  - 7- 7- 6- 8- 7
  5    4  마이티즈젬           455( +7) 1:56.0  목        4-  - 5- 6- 8- 7- 5
  6    5  트루밸러             483( +1) 1:56.1  ¾        9-  - 8- 1- 1- 1- 3
  7   10  트루킹               494( -4) 1:56.5  2         3-  - 2- 3- 5- 4- 6
  8    9  바벨히트             463( -5) 1:56.7  1         7-  - 6- 4- 3- 5- 8
  9    8  아델의신             508( -8) 1:56.9  1        11-  -11- 9- 9- 9- 9
 10    7  낭만전사             497( +2) 1:56.9  코        6-  - 9-10-10-10-10
 11   11  바람의약속           479( -3) 1:57.6  4        10-  -10-11-11-11-11
-------------------------------------------------------------------------------------------------
순위 마번 G-3F S-1F    400      400     400     400     G-2F    G-1F    단승식 연승식
-------------------------------------------------------------------------------------------------
  1    6  37.3  0:13.5          0:25.2  0:25.8  0:24.7  0:25.6  0:12.4     3.1    1.2
  2    1  38.6  0:13.4          0:25.1  0:25.8  0:24.8  0:26.7  0:13.3     9.3    1.8
  3    2  37.9  0:13.8          0:25.2  0:25.9  0:24.6  0:26.4  0:12.9    54.9    4.2
  4    3  38.1  0:14.0          0:25.2  0:25.6  0:25.0  0:26.2  0:12.9     4.6    2.2
  5    4  38.0  0:13.7          0:25.3  0:25.6  0:25.0  0:26.4  0:13.0     2.5    1.9
  6    5  39.2  0:14.0          0:25.2  0:24.8  0:24.8  0:27.3  0:13.4    16.4    1.9
  7   10  39.0  0:13.5          0:25.1  0:25.7  0:25.0  0:27.2  0:13.4   100.6   29.7
  8    9  39.4  0:13.9          0:25.1  0:25.3  0:25.0  0:27.4  0:13.4    30.2    5.7
  9    8  38.5  0:14.4          0:25.3  0:25.5  0:24.8  0:26.9  0:13.3    79.6   32.6
 10    7  38.2  0:13.9          0:25.6  0:25.7  0:25.5  0:26.2  0:12.9   132.6  127.5
 11   11  38.9  0:14.0          0:25.6  0:25.6  0:25.5  0:26.9  0:13.5    20.4    2.9
-------------------------------------------------------------------------------------------------
(복승식 배당률)
  1- 2   212.9  2- 9   427.5  4- 5     9.0  5-15     0.0  8- 9  1572.4 11-12     0.0
  1- 3    24.8  2-10  1687.6  4- 6     3.8  5-16     0.0  8-10  2459.3 11-13     0.0
  1- 4    10.2  2-11   318.6  4- 7   632.2  6- 7   298.1  8-11  1015.9 11-14     0.0
  1- 5    23.8  2-12     0.0  4- 8   337.9  6- 8   205.6  8-12     0.0 11-15     0.0
  1- 6     9.3  2-13     0.0  4- 9    31.4  6- 9    30.5  8-13     0.0 11-16     0.0
  1- 7   911.5  2-14     0.0  4-10   360.1  6-10   268.0  8-14     0.0 12-13     0.0
  1- 8   810.7  2-15     0.0  4-11    30.6  6-11    29.4  8-15     0.0 12-14     0.0
  1- 9    88.5  2-16     0.0  4-12     0.0  6-12     0.0  8-16     0.0 12-15     0.0
  1-10   765.3  3- 4    10.2  4-13     0.0  6-13     0.0  9-10   954.6 12-16     0.0
  1-11    74.0  3- 5    21.1  4-14     0.0  6-14     0.0  9-11   133.5 13-14     0.0
  1-12     0.0  3- 6     6.2  4-15     0.0  6-15     0.0  9-12     0.0 13-15     0.0
  1-13     0.0  3- 7   567.3  4-16     0.0  6-16     0.0  9-13     0.0 13-16     0.0
  1-14     0.0  3- 8   406.8  5- 6    12.4  7- 8  3841.2  9-14     0.0 14-15     0.0
  1-15     0.0  3- 9    41.1  5- 7  1252.6  7- 9  1280.4  9-15     0.0 14-16     0.0
  1-16     0.0  3-10   508.3  5- 8   578.2  7-10  2210.0  9-16     0.0 15-16     0.0
  2- 3   204.2  3-11    32.9  5- 9    78.6  7-11   897.3 10-11   800.3  0- 0     0.0
  2- 4   145.8  3-12     0.0  5-10   432.3  7-12     0.0 10-12     0.0  0- 0     0.0
  2- 5   228.6  3-13     0.0  5-11    71.6  7-13     0.0 10-13     0.0  0- 0     0.0
  2- 6   105.3  3-14     0.0  5-12     0.0  7-14     0.0 10-14     0.0  0- 0     0.0
  2- 7  2001.6  3-15     0.0  5-13     0.0  7-15     0.0 10-15     0.0  0- 0     0.0
  2- 8  1461.3  3-16     0.0  5-14     0.0  7-16     0.0 10-16     0.0  0- 0     0.0
-------------------------------------------------------------------------------------------------
매출액 단식:      4,227,000    연식:      4,398,500      복식:    110,501,000
       복연:     20,449,800    쌍식:     38,022,300      삼복:    116,390,200
       삼쌍:     74,071,700    합계:    368,060,500
-------------------------------------------------------------------------------------------------
배당률 단: ⑥3.1        연: ⑥1.2 ①1.8 ②4.2          복: ⑥①9.3       4F:50.8
                                                                         3F:37.9
                        쌍: ⑥①21.0
     복연: ⑥①3.8 ⑥②15.7 ①②15.8
     삼복: ⑥①②159.6 
     삼쌍: ⑥①②584.6 
-------------------------------------------------------------------------------------------------
펄 롱:13.4 12.3 12.8   13.2   12.3   12.9   11.9   13.6   12.4   
통과M:  200  400  600    800    1000   1200   1400   1600   1800
통과T:13.4 25.7 38.5 0:51.7 1:04.0 1:16.9 1:28.8 1:42.4 1:54.8 
-------------------------------------------------------------------------------------------------
통과순위 S1F : (^1,6,10),(2,4),(3,5,7,9,11)-8          
         G8F :                                         
         G6F : (^1,10),6,(2,4,9),(3,5),(7,11),8        
         G4F : 5,(1,10,9),(6,4),(2,3),(8,7,11)         
         G3F : 5,(1,9),(6,10)-(2,4,3)-8,(7,11)         
         G2F : 5,(6,1),(10,9),(2,4),3,8-(7,11)         
         G1F : (^6,1),5,(2,4,10,3),9,8-(7,11)          
-------------------------------------------------------------------------------------------------
구분 출전번호  대상명            처분종류     처분내용                     세부내용
-------------------------------------------------------------------------------------------------
특 
이 
사 
항
-------------------------------------------------------------------------------------------------


제목 : 21년05월30일(일)  제 6경주

(부산) 제29일 1600M 1등급  핸디캡      경주명 : 일반                        
경주조건:  R1~140         연령오픈                   날씨:맑음 주로:건조  (5%)
순위상금: 24,000천원  15,000천원  10,200천원   6,600천원   4,200천원
부가상금:      0천원       0천원       0천원
-------------------------------------------------------------------------------------------------
순위 마번    마    명         산지   성별 연령 부담중량  기수명   조교사   마주명           레이팅
-------------------------------------------------------------------------------------------------
  1    2  킹오브글로리         미     거     6    58.0   페로비치 울즐리   신우철             116
  2   13  프로칸설             미     수     5    52.0   서승운   울즐리   박희상              98
  3    8  두바이특급           호     거     7    52.0   진겸     김병학   남지수              81
  4    3  히든챔프             한     거     6    51.0   정동철   백광열   이장현              77
  5    5  굿캐스팅             미     수     7    58.0   정도윤   안우성   최동윤             116
  6    4  라피도맨             한     거     5    51.0   김혜선   김영관   우만식              83
  7   12  러닝삭스             미     거     6    52.0   채상현   라이스   김창식              84
  8    7  스피드퓨리           한     거     6    52.0   다실바   김재섭   김지열              86
  9   10  뿌듯                 미     수     7    52.0   요아니스 강은석   민병욱              97
 10   14  아이스마린           한     암     7    52.0   이효식   최기홍   이경희              92
 11    9  메이저알파           한     수     6    51.0   최시대   권승주   이성영              89
 12   11  오섬킹이지           미     거     6    51.0   정우주   토마스   춘강                86
 13    1  닥터선더             한     암     5    52.0   이성재   백광열   권혁희              81
       6  어퓨어굿맨           한     수     6    52.0   조인권   방동석   이성인              90
-------------------------------------------------------------------------------------------------
순위 마번    마      명       마 체 중  기 록  도 착 차  (S1F-S8F-G6F-G4F-G3F-G2F-G1F)
-------------------------------------------------------------------------------------------------
  1    2  킹오브글로리         516( +4) 1:38.2            1-  - 3- 1- 1- 1- 1
  2   13  프로칸설             509( -2) 1:39.2  6         5-  - 2- 3- 3- 3- 4
  3    8  두바이특급           477( +4) 1:39.4  ¾        4-  - 4- 4- 4- 4- 3
  4    3  히든챔프             523( -4) 1:39.5  ½       12-  -12-12-11- 7- 6
  5    5  굿캐스팅             508( -6) 1:39.6  ¾        3-  - 5- 5- 6- 6- 5
  6    4  라피도맨             514( +5) 1:39.6  코        2-  - 1- 2- 2- 2- 2
  7   12  러닝삭스             467(-15) 1:39.9  1¾      13-  -13-13-13-12-10
  8    7  스피드퓨리           506( +3) 1:39.9  코       11-  - 9- 6- 5- 5- 7
  9   10  뿌듯                 485( -6) 1:40.4  2½       9-  -11- 8- 9- 8- 8
 10   14  아이스마린           541( +0) 1:41.3  5        10-  -10-10- 7-10- 9
 11    9  메이저알파           480( -1) 1:42.1  5         7-  - 6- 7- 8- 9-11
 12   11  오섬킹이지           483( +0) 1:42.9  4         8-  - 7- 9-10-11-12
 13    1  닥터선더             461( -8) 1:44.1  7         6-  - 8-11-12-13-13
       6  어퓨어굿맨             0( +0) 0:00.0  출전취소   -  -  -  -  -  -  
-------------------------------------------------------------------------------------------------
순위 마번 G-3F S-1F    400      400     400     400     G-2F    G-1F    단승식 연승식
-------------------------------------------------------------------------------------------------
  1    2  38.2  0:13.9          0:25.2  0:22.5  0:23.2  0:27.3  0:13.5     3.4    2.0
  2   13  39.0  0:14.0          0:25.1  0:22.8  0:23.5  0:27.8  0:13.7     2.3    1.1
  3    8  38.8  0:14.0          0:25.3  0:22.8  0:23.6  0:27.7  0:13.9     7.0    2.9
  4    3  37.7  0:14.6          0:26.4  0:23.1  0:23.1  0:26.9  0:13.5    25.4    4.7
  5    5  38.8  0:14.0          0:25.5  0:22.8  0:23.7  0:27.6  0:13.7    16.4    3.1
  6    4  39.5  0:13.9          0:25.1  0:22.6  0:23.3  0:28.6  0:14.4    11.2    2.6
  7   12  37.3  0:14.9          0:26.9  0:23.1  0:23.7  0:26.2  0:13.0   572.6   45.4
  8    7  39.1  0:14.5          0:25.8  0:22.6  0:23.5  0:28.0  0:13.8     7.2    2.2
  9   10  38.9  0:14.3          0:26.0  0:23.2  0:23.4  0:27.8  0:14.1    71.4    4.8
 10   14  39.9  0:14.3          0:25.8  0:23.4  0:23.6  0:28.5  0:14.6   252.6    5.7
 11    9  40.6  0:14.2          0:25.7  0:23.0  0:24.0  0:29.4  0:14.8   184.1   19.9
 12   11  41.3  0:14.2          0:25.7  0:23.5  0:24.0  0:29.7  0:15.3   177.7   26.3
 13    1  41.7  0:14.1          0:25.8  0:23.5  0:24.9  0:29.9  0:15.1    48.2   11.3
       6                                                                             
-------------------------------------------------------------------------------------------------
(복승식 배당률)
  1- 2    95.8  2- 9   262.4  4- 5    60.1  5-15     0.0  8- 9   506.6 11-12  3480.8
  1- 3   456.8  2-10    55.4  4- 6     0.0  5-16     0.0  8-10   102.1 11-13   245.3
  1- 4   242.5  2-11   329.1  4- 7    37.6  6- 7     0.0  8-11  1038.2 11-14  4169.5
  1- 5   378.3  2-12   207.6  4- 8    62.4  6- 8     0.0  8-12   332.5 11-15     0.0
  1- 6     0.0  2-13     4.6  4- 9   563.4  6- 9     0.0  8-13     8.7 11-16     0.0
  1- 7   222.8  2-14   153.7  4-10   193.0  6-10     0.0  8-14   561.3 12-13   142.8
  1- 8   275.2  2-15     0.0  4-11   898.3  6-11     0.0  8-15     0.0 12-14  3010.4
  1- 9  1531.8  2-16     0.0  4-12   518.1  6-12     0.0  8-16     0.0 12-15     0.0
  1-10   639.6  3- 4   134.2  4-13    12.4  6-13     0.0  9-10   995.8 12-16     0.0
  1-11  1081.4  3- 5   116.5  4-14   590.7  6-14     0.0  9-11  3169.5 13-14    78.5
  1-12  2293.2  3- 6     0.0  4-15     0.0  6-15     0.0  9-12  2887.8 13-15     0.0
  1-13    89.1  3- 7    79.5  4-16     0.0  6-16     0.0  9-13   129.0 13-16     0.0
  1-14  1865.3  3- 8   108.8  5- 6     0.0  7- 8    25.1  9-14  2068.2 14-15     0.0
  1-15     0.0  3- 9   728.0  5- 7    55.6  7- 9   275.2  9-15     0.0 14-16     0.0
  1-16     0.0  3-10   651.9  5- 8    35.8  7-10    74.8  9-16     0.0 15-16     0.0
  2- 3    37.0  3-11  1944.4  5- 9   598.4  7-11   442.3 10-11  1732.7  0- 0     0.0
  2- 4    21.7  3-12  1059.4  5-10   164.3  7-12   357.5 10-12  1113.9  0- 0     0.0
  2- 5    14.8  3-13    35.3  5-11  1214.5  7-13     6.3 10-13    26.2  0- 0     0.0
  2- 6     0.0  3-14  1134.9  5-12   867.3  7-14   266.0 10-14  1353.7  0- 0     0.0
  2- 7    14.1  3-15     0.0  5-13    13.4  7-15     0.0 10-15     0.0  0- 0     0.0
  2- 8    13.5  3-16     0.0  5-14   762.2  7-16     0.0 10-16     0.0  0- 0     0.0
-------------------------------------------------------------------------------------------------
매출액 단식:      3,221,000    연식:      5,103,500      복식:    106,808,900
       복연:     18,240,100    쌍식:     30,653,300      삼복:    103,780,300
       삼쌍:     63,288,000    합계:    331,095,100
-------------------------------------------------------------------------------------------------
배당률 단: ②3.4        연: ②2.0 ⑬1.1 ⑧2.9          복: ②⑬4.6       4F:50.5
                                                                         3F:38.2
                        쌍: ②⑬8.8
     복연: ②⑬2.6 ②⑧6.0 ⑬⑧4.0
     삼복: ②⑬⑧11.5 
     삼쌍: ②⑬⑧60.0 
-------------------------------------------------------------------------------------------------
펄 롱:13.9 11.2 10.8   11.8   12.3   10.9   13.8   13.5   
통과M:  200  400  600    800    1000   1200   1400   1600       
통과T:13.9 25.1 35.9 0:47.7 1:00.0 1:10.9 1:24.7 1:38.2 
-------------------------------------------------------------------------------------------------
통과순위 S1F : (2,4,5,8,13),(1,9,11),(10,14),(3,7),12  
         G8F :                                         
         G6F : (2,4,13),8,5,(1,7,9,11,14),10-3-12      
         G4F : (2,4),13,8,(7,5),9-(1,10,11,14),3-12    
         G3F : (^2,4),13-8,(7,5)-(9,10,14),11,3-1,12   
         G2F : (^2,4)-13,8,(7,5)-(9,3,10),14-11-12-1   
         G1F : 2-4,(8,13)-(3,5),7,10-14,12-9,11=1      
-------------------------------------------------------------------------------------------------
구분 출전번호  대상명            처분종류     처분내용                     세부내용
-------------------------------------------------------------------------------------------------
말      1      닥터선더          출전정지     1개월(2021.05.31~2021.06.29) 경주능력부진(1위마와 33.3마신 차)                 
말      6      어퓨어굿맨        출전취소                                  오른 앞다리 절음                                  
-------------------------------------------------------------------------------------------------
