

제목 : 21.09.10(금) 조교현황

  ※기승자범례(조:조교사, 보:조교보, 기:기수, 후:기수후보생, 승:조교승인)
  ※비고(금:금주출전예정마, 차:차주출전예정마, 특:특대상경주출전예정마)
  ※금주, 차주 또는 특별 대상경주 출전예상마는 출전신청 결과 및
  조교사의 의사에 따라 변동될 수 있는 미확정된 자료이오니 참고하시기 바랍니다.
━━━━━━━━━━━━━━━━━━━━━━━━━━━━━━━━━━━━━━━
  순 소속조 - 조번 마명              기승자 입장시각  퇴장시각  조교시간 비고
━━━━━━━━━━━━━━━━━━━━━━━━━━━━━━━━━━━━━━━
  1  1조(박종곤)22 라온더골드          승   07:21     07:42       0:21   차
  2  1조(박종곤)37 라온더스파크        승   07:20     07:31       0:11   금
  3  1조(박종곤)38 라온더아리아        승   08:44     08:58       0:14   차
  4  1조(박종곤)39 라온더위켄드        승   08:56     09:12       0:16   차
  5  1조(박종곤)10 라온더축제          승   07:21     07:42       0:21   차
  6  1조(박종곤)27 라온더파이터        기   06:44     06:57       0:13   차
  7  1조(박종곤)24 문학스트롱          승   08:23     08:39       0:16   차
  8  1조(박종곤) 5 문학젠야타          승   08:12     08:23       0:11   차
  9  1조(박종곤) 9 문학파로아          승   07:07     07:20       0:13   금
 10  1조(박종곤) 8 파이팅나우          승   07:40     07:55       0:15   차
 11  2조(손영표) 3 다모아트리플        기   06:48     06:57       0:09   금
 12  2조(손영표)23 디바인파워          승   06:24     06:31       0:07   금
 13  2조(손영표)10 떠오르다            승   07:55     08:16       0:21   차
 14  2조(손영표)32 러브아치            승   08:48     09:08       0:20   차
 15  2조(손영표)21 마루캐슬            승   06:27     06:45       0:18   차
 16  2조(손영표)24 보스베이비          기   07:10     07:19       0:09   금
 17  2조(손영표) 9 불의가속            승   07:14     07:38       0:24   차
 18  2조(손영표)19 애국자달려          승   07:31     07:52       0:21   차
 19  2조(손영표) 4 제이에스파워        승   08:05     08:19       0:14   차
 20  2조(손영표)30 카미노              승   07:55     08:13       0:18   차
 21  2조(손영표)33 퀵실버키튼          승   08:17     08:37       0:20   차
 22  2조(손영표)27 트레비트            기   07:31     07:48       0:17   차
 23  3조(최영주) 1 골드윙              승   06:22     06:32       0:10   금
 24  3조(최영주)33 대지여걸            승   06:22     06:32       0:10   차
 25  3조(최영주)10 러너몬스터          기   06:30     06:46       0:16   차
 26  3조(최영주)20 멋진가이            승   06:33     06:43       0:10   금
 27  3조(최영주) 3 슈발도리앙          승   06:30     06:44       0:14   차
 28  3조(최영주)22 특급여왕            승   06:10     06:21       0:11   금
 29  4조(박윤규)15 걸작드림            기   08:11     08:19       0:08   차
 30  4조(박윤규)19 걸작맨              승   06:34     06:51       0:17   차
 31  4조(박윤규)25 굿필승              기   07:54     08:05       0:11   차
 32  4조(박윤규) 1 멋진기록            승   07:45     07:55       0:10   금
 33  4조(박윤규) 6 성실머니            기   07:00     07:20       0:20   금
 34  4조(박윤규)20 제주의보석          승   06:32     06:43       0:11   차
 35  4조(박윤규) 5 천지광풍            승   06:32     06:43       0:11   차
 36  4조(박윤규)11 푸른나래            기   07:46     08:00       0:14   차
 37  4조(박윤규)29 해피먼스            승   07:46     08:04       0:18   차
 38  5조(우창구) 2 금로열              승   07:28     07:40       0:12   차
 39  5조(우창구)16 몬스터케이          보   06:56     07:15       0:19   차
 40  5조(우창구) 6 미라클호프          승   08:20     08:32       0:12   차
 41  5조(우창구)15 역전의우승          보   06:21     06:31       0:10   차
 42  5조(우창구)38 운외창천            보   07:35     07:47       0:12   차
 43  5조(우창구)33 이글스그리프터      승   06:16     06:30       0:14   차
 44  5조(우창구)10 초원의기적          보   07:38     07:54       0:16   차
 45  5조(우창구)14 초원의힘            승   07:38     07:56       0:18   차
 46  5조(우창구)12 티즈블랙            승   06:56     07:15       0:19   차
 47  6조(홍대유) 6 그레이스퀸          기   06:47     07:00       0:13   금
 48  6조(홍대유)28 그린폭주            기   07:32     07:40       0:08   금
 49  6조(홍대유)37 내길의축복          기   07:45     07:54       0:09   금
 50  6조(홍대유)18 루비콘              승   06:11     06:24       0:13   차
 51  6조(홍대유)30 문학서브            승   07:15     07:27       0:12   차
 52  6조(홍대유)35 배다리캔디          승   08:27     08:40       0:13   차
 53  6조(홍대유)16 새내선              기   07:01     07:11       0:10   금
 54  6조(홍대유) 5 새내아이린          승   07:04     07:19       0:15   차
 55  6조(홍대유)10 새내윈              승   07:37     07:50       0:13   차
 56  6조(홍대유)14 새내초이스          기   07:35     07:45       0:10   금
 57  6조(홍대유)26 서던맨              승   07:04     07:19       0:15   차
 58  6조(홍대유)23 섬싱익스펙트        승   08:26     08:40       0:14   차
 59  6조(홍대유)36 안양호랑이          승   06:24     06:39       0:15   차
 60  6조(홍대유) 7 이겨주마            승   06:44     07:00       0:16   차
 61  6조(홍대유)31 정문볼트            보   07:54     08:08       0:14   차
 62  6조(홍대유)17 정문사이            보   07:21     07:38       0:17   차
 63  6조(홍대유)32 정문에이스          승   06:12     06:22       0:10   금
 64  6조(홍대유)40 정문지존            보   07:01     07:11       0:10   금
 65  7조(구자흥) 8 다나은로즈          승   08:08     08:27       0:19   차
 66  7조(구자흥)11 대군의창            승   06:40     06:53       0:13   차
 67  7조(구자흥)13 대군파워            승   07:24     07:37       0:13   차
 68  7조(구자흥)27 디케이나린          승   07:02     07:15       0:13   차
 69  7조(구자흥)28 로드란              승   06:32     06:47       0:15   차
 70  7조(구자흥)15 사려니퀸            승   06:38     06:58       0:20   차
 71  7조(구자흥) 7 시크릿힐            기   07:50     07:59       0:09   금
 72  7조(구자흥)12 제로백파이브        승   06:21     06:35       0:14   차
 73  7조(구자흥) 3 쿠키몬스터          승   07:34     07:49       0:15   차
 74  8조(최용구) 4 발베니              승   07:19     07:28       0:09   차
 75  8조(최용구) 3 스위트캠프          승   08:11     08:24       0:13   차
 76  8조(최용구)20 어나더초이스        승   07:52     08:00       0:08   차
 77  8조(최용구) 1 와일드우즈          승   07:10     07:27       0:17   차
 78  8조(최용구)18 위시미              승   09:02     09:21       0:19   차
 79  8조(최용구)10 유니콘알파          승   07:43     08:03       0:20   차
 80  8조(최용구) 8 카우보이킹          승   06:50     06:59       0:09   차
 81  8조(최용구)22 투어링라니          기   07:34     07:48       0:14   금
 82  8조(최용구)29 파인로드            승   07:19     07:28       0:09   차
 83  8조(최용구)17 퍼지데이            승   08:37     08:49       0:12   차
 84  8조(최용구)32 하바나찰리          승   06:10     06:22       0:12   금
 85  9조(강성오) 5 강서돌풍            승   07:23     07:43       0:20   차
 86  9조(강성오)24 나의나라            승   07:23     07:43       0:20   차
 87  9조(강성오)25 대지의여걸          승   06:16     06:25       0:09   차
 88  9조(강성오)22 런투골              기   06:45     06:56       0:11   금
 89  9조(강성오) 7 마이공주            승   07:56     08:11       0:15   차
 90  9조(강성오)31 영앤리치            승   07:56     08:08       0:12   차
 91  9조(강성오) 3 옥추마              승   07:54     08:13       0:19   금
 92  9조(강성오)34 일격필살            기   07:51     08:00       0:09   차
 93  9조(강성오)37 찬기참              승   08:16     08:31       0:15   금
 94  9조(강성오)35 최고레이스          기   07:00     07:12       0:12   차
 95  9조(강성오)15 커리어하이          승   06:10     06:22       0:12   차
 96  9조(강성오)39 퀴클리런            승   07:23     07:43       0:20   차
 97  9조(강성오) 9 허리케인삭스        승   08:17     08:30       0:13   차
 98 10조(정호익)20 글로리칸            기   07:26     07:38       0:12   차
 99 10조(정호익) 4 노스몰선            승   08:02     08:15       0:13   차
100 10조(정호익) 1 동쪽글로리          승   06:11     06:24       0:13   차
101 10조(정호익)25 록뉴스              기   06:13     06:26       0:13   금
102 10조(정호익)21 마이호크            기   07:09     07:21       0:12   차
103 10조(정호익)19 문학스톰            승   06:42     06:56       0:14   차
104 10조(정호익)28 문학엠파이어        기   06:57     07:09       0:12   금
105 10조(정호익)10 문학치프            승   08:07     08:19       0:12   차
106 10조(정호익)34 셋더페이스          승   07:15     07:26       0:11   차
107 10조(정호익) 5 알찬누리            기   07:54     08:01       0:07   차
108 10조(정호익)12 유롱스타            승   06:17     06:31       0:14   차
109 10조(정호익)22 터프가이            기   06:42     06:56       0:14   금
110 10조(정호익) 8 트리플런            승   06:38     07:00       0:22   차
111 10조(정호익) 3 하이하이            승   07:23     07:34       0:11   차
112 10조(정호익)16 해들뫼              기   06:28     06:39       0:11   금
113 10조(정호익)40 화이트코멧          승   06:15     06:31       0:16   차
114 10조(정호익)24 흥드림              승   07:09     07:31       0:22   차
115 11조(조현수)10 그레이트한센        승   08:04     08:23       0:19   차
116 11조(조현수)15 도깨비              보   06:30     06:44       0:14   차
117 11조(조현수)39 보디가드            승   06:49     07:03       0:14   금
118 11조(조현수)17 브라이트해피        승   07:30     07:39       0:09   차
119 11조(조현수)23 비플라워            승   08:31     08:48       0:17   차
120 11조(조현수) 5 스마트별            승   07:14     07:29       0:15   차
121 11조(조현수)31 시선집중            승   06:49     07:05       0:16   금
122 11조(조현수)11 신주류              보   07:42     07:59       0:17   차
123 11조(조현수) 6 에치드프라임        승   07:47     07:55       0:08   금
124 11조(조현수) 3 위닝메이커          승   06:38     06:56       0:18   금
125 11조(조현수)24 적벽신화            승   06:33     06:52       0:19   차
126 11조(조현수)32 트루                승   07:37     07:49       0:12   금
127 11조(조현수)13 폴카                승   06:33     06:48       0:15   금
128 11조(조현수) 9 프린세스데이        승   07:14     07:33       0:19   차
129 11조(조현수)22 휘파람              승   07:14     07:29       0:15   차
130 12조(서범석)35 디터미네이션        기   07:17     07:25       0:08   금
131 12조(서범석) 7 라피어반            승   07:40     07:54       0:14   차
132 12조(서범석)20 런런런              승   07:40     07:54       0:14   차
133 12조(서범석) 8 브레인스피더        기   07:55     08:11       0:16   금
134 12조(서범석) 5 브리가디어제너럴    승   06:36     06:46       0:10   차
135 12조(서범석) 2 사우스반            승   07:40     07:54       0:14   차
136 12조(서범석)11 스트롱러너          승   07:05     07:23       0:18   차
137 12조(서범석)29 스트롱벌처          승   06:47     07:01       0:14   차
138 12조(서범석)10 스트롱캡틴          승   07:05     07:23       0:18   금
139 12조(서범석) 3 원더풀데퓨티        승   08:19     08:34       0:15   차
140 12조(서범석)28 이스트반            승   06:38     06:50       0:12   차
141 12조(서범석)32 일마레              승   08:10     08:27       0:17   차
142 12조(서범석)25 제주의흑선          기   07:45     07:55       0:10   금
143 12조(서범석)33 큐피드비상          승   06:38     06:50       0:12   차
144 13조(이희영)27 논스톱알리          승   07:20     07:32       0:12   차
145 13조(이희영)22 모던베스트          승   06:32     06:44       0:12   차
146 13조(이희영) 8 바다의꿈            기   07:54     08:12       0:18   차
147 13조(이희영)19 베스트야            기   08:13     08:25       0:12   차
148 13조(이희영)23 샤크짱              승   07:05     07:19       0:14   차
149 13조(이희영)20 인천캡틴            승   06:17     06:31       0:14   금
150 13조(이희영)17 캐시백              기   07:35     07:49       0:14   차
151 13조(이희영) 3 쿨게이트            기   06:57     07:12       0:15   차
152 13조(이희영) 7 화이팅랭퍼          승   06:51     07:04       0:13   금
153 14조(이신영) 3 거센질풍            승   07:27     07:38       0:11   차
154 14조(이신영)19 라게르타            기   06:36     06:48       0:12   차
155 14조(이신영) 1 선샤인특급          기   07:02     07:13       0:11   금
156 14조(이신영)10 아그리워            승   06:50     06:58       0:08   차
157 14조(이신영)37 엉클벨              승   06:59     07:10       0:11   차
158 14조(이신영)28 유레카              기   06:12     06:24       0:12   차
159 14조(이신영) 2 조이풀피스          기   06:29     06:39       0:10   금
160 14조(이신영)20 타이탄삭스          승   07:55     08:05       0:10   차
161 14조(이신영)39 플라잉팰리스        승   07:21     07:31       0:10   차
162 15조(박희철) 1 대세만세            승   07:15     07:44       0:29   차
163 15조(박희철)16 서울데이            보   06:27     06:41       0:14   금
164 15조(박희철) 5 아침함성            승   07:47     07:59       0:12   차
165 15조(박희철) 2 정상만세            승   06:16     06:25       0:09   금
166 15조(박희철)11 젤로스              기   06:15     06:30       0:15   차
167 16조(최봉주)18 네버워크얼론        승   06:44     06:59       0:15   차
168 16조(최봉주) 8 대천얼짱            조   06:41     06:53       0:12   차
169 16조(최봉주)30 러닝복스            승   07:03     07:15       0:12   금
170 16조(최봉주) 9 본투글로리          승   08:15     08:27       0:12   차
171 16조(최봉주)34 부스터로켓          조   06:12     06:26       0:14   금
172 16조(최봉주)26 서클댄서            승   06:17     06:32       0:15   차
173 16조(최봉주)17 워리어선더          승   07:18     07:31       0:13   금
174 16조(최봉주)29 원더풀딕시          승   06:20     06:30       0:10   차
175 16조(최봉주)16 제주의요정          기   06:34     06:46       0:12   금
176 16조(최봉주)14 차이밍보이          승   08:17     08:36       0:19   차
177 16조(최봉주)27 파워타워            승   06:44     06:59       0:15   차
178 16조(최봉주)21 파이팅대디          승   07:36     07:48       0:12   차
179 16조(최봉주)13 플라이제니          조   07:12     07:32       0:20   차
180 16조(최봉주)24 호크의영광          승   07:41     07:53       0:12   차
181 16조(최봉주)28 호크행진곡          승   07:15     07:29       0:14   차
182 17조(김점오) 2 명품축제            기   07:15     07:23       0:08   금
183 17조(김점오)18 명품히어로          승   06:41     06:55       0:14   차
184 17조(김점오) 8 스타룰러            승   07:02     07:18       0:16   차
185 17조(김점오)15 스테디챔피언        승   06:12     06:38       0:26   차
186 17조(김점오) 6 스피드황룡          승   07:25     07:54       0:29   차
187 17조(김점오) 7 스피드흑룡          승   06:18     06:38       0:20   차
188 17조(김점오)19 통일전사            기   06:32     06:57       0:25   차
189 18조(박대흥)25 골드케이            승   09:02     09:10       0:08   차
190 18조(박대흥)18 뉴에이원            승   06:11     06:24       0:13   차
191 18조(박대흥) 4 메니골드            승   08:58     09:05       0:07   차
192 18조(박대흥)11 별나라질주          기   07:50     08:03       0:13   차
193 18조(박대흥) 5 스톰워리어          승   06:50     07:03       0:13   차
194 18조(박대흥)10 알파독              기   07:50     08:03       0:13   차
195 18조(박대흥)33 어나더클래스        승   06:11     06:24       0:13   차
196 18조(박대흥)12 왕벚꽃              기   07:04     07:20       0:16   금
197 18조(박대흥)28 질주의꿈            기   07:24     07:35       0:11   차
198 18조(박대흥) 3 질풍백광            승   06:13     06:27       0:14   차
199 18조(박대흥)24 참일호              기   07:58     08:14       0:16   금
200 18조(박대흥)26 챔피언가문          승   06:32     06:44       0:12   차
201 18조(박대흥)15 치프인디            승   08:22     08:40       0:18   차
202 18조(박대흥) 7 케이엔매직          기   07:36     07:44       0:08   금
203 18조(박대흥)22 타라타라타라        승   07:36     07:44       0:08   금
204 18조(박대흥)35 퍼스트로드          기   08:05     08:23       0:18   금
205 18조(박대흥) 9 피닉스선            승   08:41     08:53       0:12   차
206 19조(곽영효)24 남촌의강호          승   07:50     08:06       0:16   차
207 19조(곽영효)19 리빙스턴            기   06:43     06:53       0:10   차
208 19조(곽영효)18 싱그러운타임        승   06:59     07:13       0:14   차
209 19조(곽영효)22 옥천최강            승   07:11     07:29       0:18   차
210 19조(곽영효)15 콜조이              승   07:34     07:47       0:13   차
211 19조(곽영효)29 토루크막토          기   06:40     06:53       0:13   금
212 19조(곽영효)13 한강보스            승   07:11     07:31       0:20   차
213 19조(곽영효)12 한강챔프            승   07:11     07:29       0:18   차
214 20조(배대선) 7 농본락              승   08:04     08:14       0:10   차
215 20조(배대선)17 머니시장            기   07:18     07:31       0:13   차
216 20조(배대선)28 머니신              승   07:52     08:14       0:22   차
217 20조(배대선)13 백색광채            승   07:34     07:47       0:13   차
218 20조(배대선) 9 블랙카              기   07:32     07:47       0:15   차
219 20조(배대선)15 빛의대륙            승   07:34     07:47       0:13   차
220 20조(배대선)22 우주의봄            기   07:52     08:14       0:22   차
221 20조(배대선)37 원더풀오렌지        승   08:15     08:28       0:13   차
222 20조(배대선)24 큐피드코리아        기   07:07     07:23       0:16   차
223 20조(배대선)35 킹코트              기   07:32     07:46       0:14   차
224 21조(임봉춘)34 대용왕              승   06:30     06:44       0:14   차
225 21조(임봉춘)32 마파람              승   07:05     07:21       0:16   차
226 21조(임봉춘) 9 미르베스트          승   07:55     08:05       0:10   차
227 21조(임봉춘)39 베스트타임          승   06:10     06:20       0:10   차
228 21조(임봉춘) 1 선더플래시          승   07:04     07:23       0:19   차
229 21조(임봉춘)29 스타프린세스        승   06:27     06:41       0:14   차
230 21조(임봉춘)28 스피드벨            승   08:04     08:15       0:11   차
231 21조(임봉춘)33 원더풀마리아        승   07:22     07:31       0:09   금
232 21조(임봉춘) 3 천년의비            승   07:34     07:45       0:11   차
233 21조(임봉춘)12 패밀리캡틴          기   06:52     07:11       0:19   금
234 21조(임봉춘)11 하이파크            승   06:27     06:41       0:14   차
235 21조(임봉춘)19 황금럭키            기   06:25     06:39       0:14   금
236 22조(안병기)18 다이아마이트        기   06:51     07:06       0:15   차
237 22조(안병기)32 따뜻한빛            승   07:17     07:27       0:10   금
238 22조(안병기)22 로열로드            기   07:40     07:51       0:11   금
239 22조(안병기)12 메니챔프            승   06:47     07:00       0:13   차
240 22조(안병기)29 바람을그리다        기   07:08     07:22       0:14   차
241 22조(안병기)37 봄날의기억          조   06:18     06:32       0:14   차
242 22조(안병기)24 사람이라는별        승   06:33     06:48       0:15   차
243 22조(안병기)25 센스쟁이            승   07:21     07:32       0:11   금
244 22조(안병기)15 야무진갤러퍼        승   07:03     07:14       0:11   금
245 22조(안병기)31 어느멋진날          기   07:57     08:13       0:16   차
246 22조(안병기)39 어마무시            기   07:50     08:02       0:12   차
247 22조(안병기)16 울트라킹            승   07:47     08:00       0:13   차
248 22조(안병기)10 울트라펀치          승   08:18     08:33       0:15   금
249 22조(안병기)26 원지                기   07:36     07:48       0:12   차
250 22조(안병기)20 챔프스타일          기   07:40     07:48       0:08   금
251 23조(유재길)12 경부도령            승   06:36     06:53       0:17   차
252 23조(유재길)10 기적의힘            승   07:55     08:05       0:10   차
253 23조(유재길) 2 더트서퍼            기   07:00     07:12       0:12   금
254 23조(유재길) 1 스피어건            승   07:08     07:20       0:12   차
255 23조(유재길)22 에이원킹            승   07:08     07:20       0:12   차
256 23조(유재길) 9 엘리트파워          승   07:14     07:29       0:15   차
257 23조(유재길) 3 예상백승            승   07:42     08:02       0:20   차
258 23조(유재길)19 큐피드보우          승   06:12     06:28       0:16   차
259 23조(유재길) 4 피엔에스루체        승   06:47     06:56       0:09   차
260 23조(유재길)15 피엔에스빌          승   06:12     06:28       0:16   차
261 24조(서홍수)10 마이티고            기   06:44     06:57       0:13   금
262 24조(서홍수)28 마이티웰            승   07:37     07:55       0:18   차
263 24조(서홍수)17 마이티윙            승   07:45     07:58       0:13   차
264 24조(서홍수)32 마이티지            기   07:02     07:15       0:13   금
265 24조(서홍수) 8 마이티칩            승   06:57     07:20       0:23   금
266 24조(서홍수)19 마이티후            승   06:16     06:36       0:20   금
267 24조(서홍수)38 미르파워            승   08:54     09:07       0:13   차
268 24조(서홍수)40 시크릿보스          승   07:26     07:39       0:13   차
269 24조(서홍수)13 아치참              기   08:54     09:19       0:25   차
270 24조(서홍수)39 엠제이돌풍          승   08:04     08:16       0:12   차
271 24조(서홍수)12 왕인행차            승   06:54     07:04       0:10   차
272 24조(서홍수) 6 원더풀데블          기   08:04     08:16       0:12   차
273 24조(서홍수)22 질주대로            승   06:23     06:32       0:09   차
274 24조(서홍수)36 코리안펄            승   06:15     06:30       0:15   차
275 24조(서홍수) 7 팬시팬츠            승   06:52     07:01       0:09   차
276 25조(전승규)15 모닝동자            승   06:24     06:32       0:08   차
277 25조(전승규)14 송암티즈            기   08:16     08:25       0:09   금
278 25조(전승규) 3 이스트라이크        승   08:06     08:15       0:09   차
279 25조(전승규) 6 초토마              승   06:24     06:35       0:11   차
280 25조(전승규)10 킹에이스            승   08:20     08:30       0:10   차
281 25조(전승규) 2 테스고대보          승   07:38     07:52       0:14   차
282 25조(전승규)23 피버디니            조   06:24     06:34       0:10   차
283 25조(전승규)19 핑크번개            승   08:29     08:40       0:11   차
284 26조(안해양)21 가나파크            승   07:19     07:31       0:12   차
285 26조(안해양)28 구억마알            보   06:32     06:43       0:11   차
286 26조(안해양)23 럭키인디            승   06:50     07:04       0:14   차
287 26조(안해양)16 런던명가            승   06:14     06:30       0:16   차
288 26조(안해양)31 빅토리카            승   07:19     07:38       0:19   금
289 26조(안해양)26 송암캣              승   07:52     08:08       0:16   차
290 26조(안해양) 3 시선주마            기   07:03     07:15       0:12   금
291 26조(안해양)17 시선평정            승   06:28     06:50       0:22   차
292 26조(안해양)35 아킬리온            승   07:13     07:30       0:17   금
293 26조(안해양) 1 큐피드점보          승   06:14     06:30       0:16   차
294 27조(박병일)18 금자유              기   06:50     07:04       0:14   차
295 27조(박병일)38 더파이팅            기   07:27     07:38       0:11   차
296 27조(박병일) 5 드림패션            승   06:17     06:33       0:16   차
297 27조(박병일)16 문학선              승   07:47     07:58       0:11   차
298 27조(박병일)24 문학의전사          승   06:29     06:46       0:17   차
299 27조(박병일) 6 문학태핏            승   06:15     06:27       0:12   차
300 27조(박병일)19 스마티대세          승   07:01     07:13       0:12   차
301 27조(박병일)29 스틸더패션          승   07:36     07:46       0:10   차
302 27조(박병일) 1 올드스타트          기   08:07     08:16       0:09   차
303 27조(박병일)28 은혜드림            승   07:38     07:57       0:19   차
304 27조(박병일)32 은혜서브            승   07:38     07:57       0:19   차
305 27조(박병일) 3 은혜충만            승   06:51     07:04       0:13   차
306 27조(박병일)39 컨트리로드          승   06:15     06:38       0:23   차
307 27조(박병일)11 톱시드              기   07:15     07:26       0:11   금
308 27조(박병일)10 하루온              기   07:14     07:26       0:12   차
309 27조(박병일)13 헤시안              기   06:13     06:28       0:15   차
310 28조(최상식) 4 거센돌풍            기   07:19     07:32       0:13   금
311 28조(최상식) 2 글로벌매직          기   07:21     07:35       0:14   차
312 28조(최상식)13 글로벌신화          기   07:04     07:18       0:14   차
313 28조(최상식) 3 글로벌에이스        승   07:02     07:17       0:15   차
314 28조(최상식) 8 글로벌영웅          승   07:14     07:31       0:17   차
315 28조(최상식) 5 바람살              기   06:26     06:39       0:13   차
316 28조(최상식) 7 카우보이탱고        기   06:12     06:25       0:13   차
317 28조(최상식)17 퍼펙트파워          승   06:12     06:22       0:10   금
318 29조(배휴준)13 골든찬스            조   07:37     07:56       0:19   차
319 29조(배휴준)18 데스크탑            보   06:39     06:48       0:09   차
320 29조(배휴준) 5 세명엠파이어        승   06:59     07:15       0:16   차
321 29조(배휴준)23 소중한기억          승   06:22     06:32       0:10   금
322 29조(배휴준)26 소중한당신          보   07:11     07:28       0:17   차
323 29조(배휴준) 7 아라크투윈          승   08:03     08:14       0:11   차
324 29조(배휴준)28 언비튼가이          조   06:27     06:45       0:18   차
325 29조(배휴준) 6 와와여장부          승   06:47     06:55       0:08   금
326 29조(배휴준)21 천리총              보   07:46     07:55       0:09   차
327 29조(배휴준)10 피엔에스땅콩        기   07:17     07:27       0:10   금
328 29조(배휴준)17 피엔에스아이        승   06:59     07:16       0:17   차
329 30조(토니  )27 강서프린세스        기   06:11     06:25       0:14   차
330 30조(토니  )14 남산초콜릿          승   07:21     07:30       0:09   금
331 30조(토니  )20 님의향기            승   06:11     06:25       0:14   차
332 30조(토니  )29 당대로얄            기   08:01     08:15       0:14   차
333 30조(토니  ) 2 더검푸              조   09:08     09:21       0:13   차
334 30조(토니  )11 더리퍼              조   08:36     08:46       0:10   금
335 30조(토니  )19 반야동행            조   06:47     07:01       0:14   금
336 30조(토니  ) 6 벚꽃블레이드        기   08:36     08:50       0:14   차
337 30조(토니  ) 3 베리블레이드        승   08:01     08:14       0:13   차
338 30조(토니  )22 불패소녀            승   07:24     07:38       0:14   차
339 30조(토니  )24 삼정타퍼즈          기   07:24     07:38       0:14   차
340 30조(토니  )25 스타블레이드        승   09:08     09:21       0:13   차
341 30조(토니  )12 스프링킹            기   06:11     06:25       0:14   차
342 30조(토니  )17 아마존킹            승   08:36     08:50       0:14   차
343 30조(토니  ) 7 에이스샤인          보   06:47     07:01       0:14   차
344 30조(토니  ) 1 우청륭              기   08:36     08:50       0:14   차
345 30조(토니  ) 9 장산바다            기   06:47     07:01       0:14   차
346 30조(토니  )15 장산플라이          조   07:24     07:38       0:14   차
347 30조(토니  )18 청담제왕            조   08:01     08:14       0:13   금
348 30조(토니  )13 청담탱크            조   06:11     06:25       0:14   차
349 30조(토니  ) 8 케이블레이드        보   09:08     09:21       0:13   차
350 30조(토니  ) 4 파이트투데이        승   06:46     07:01       0:15   금
351 30조(토니  )23 헤라블레이드        승   08:01     08:14       0:13   차
352 31조(강환민)31 국제공항            승   06:16     06:32       0:16   차
353 31조(강환민)36 그레이트칸          기   07:36     07:49       0:13   차
354 31조(강환민)23 롤러블레이드        승   06:29     06:36       0:07   차
355 31조(강환민)27 매드블레이드        승   08:08     08:17       0:09   차
356 31조(강환민)10 머스탱파워          기   06:49     07:02       0:13   차
357 31조(강환민)34 무적장산            승   07:35     07:49       0:14   차
358 31조(강환민) 2 블루인디            승   06:16     06:28       0:12   차
359 31조(강환민)28 빅트리플            기   06:21     06:31       0:10   금
360 31조(강환민) 9 유아넘버텐          승   07:36     07:50       0:14   차
361 31조(강환민)19 장산미사일          기   06:28     06:36       0:08   금
362 31조(강환민) 6 정상파워            승   08:42     08:52       0:10   차
363 31조(강환민) 3 천비성              기   06:17     06:32       0:15   금
364 31조(강환민) 1 큐피드와우          승   07:40     07:50       0:10   차
365 31조(강환민)26 파크삭스            승   06:54     07:02       0:08   차
366 31조(강환민)22 패스트트랙          기   08:15     08:23       0:08   금
367 31조(강환민)11 핵삭스              승   06:52     07:01       0:09   차
368 32조(김윤섭)16 고고비              기   06:39     06:56       0:17   차
369 32조(김윤섭)17 멋진승부            승   06:33     06:42       0:09   금
370 32조(김윤섭) 7 송암누리            승   08:24     08:39       0:15   차
371 32조(김윤섭) 8 슈퍼플랜            승   07:24     07:34       0:10   차
372 32조(김윤섭)29 야스                기   08:03     08:21       0:18   차
373 32조(김윤섭) 3 파워플랜            승   08:24     08:39       0:15   차
374 32조(김윤섭)26 헬로금성            승   06:32     06:42       0:10   금
375 33조(서인석)22 강화처녀            승   06:15     06:30       0:15   차
376 33조(서인석) 5 금성에이스          기   06:11     06:22       0:11   차
377 33조(서인석)38 노던타임            기   06:12     06:24       0:12   금
378 33조(서인석) 3 누비강자            승   07:00     07:13       0:13   차
379 33조(서인석)34 마성투혼            승   07:26     07:43       0:17   차
380 33조(서인석)26 마성혼신            승   06:45     07:02       0:17   차
381 33조(서인석)24 마이더스캠프        승   07:00     07:14       0:14   금
382 33조(서인석)12 세인트루카          승   07:13     07:30       0:17   차
383 33조(서인석)15 원더풀러커스        기   06:44     07:00       0:16   차
384 33조(서인석)36 월드메니피          승   06:38     06:48       0:10   차
385 33조(서인석) 2 유정챔프            기   06:51     07:02       0:11   금
386 33조(서인석)18 천마비상            기   07:13     07:30       0:17   차
387 33조(서인석) 4 티즈에너지          기   06:28     06:40       0:12   금
388 33조(서인석) 7 포트스원            기   06:32     06:42       0:10   차
389 33조(서인석)16 피렌체캐슬          기   06:36     06:48       0:12   차
390 34조(리카디)17 가로수길            승   07:31     07:45       0:14   차
391 34조(리카디)16 남산러브            승   08:14     08:22       0:08   금
392 34조(리카디) 5 남산의별            기   07:16     07:30       0:14   금
393 34조(리카디) 8 댄싱블레이드        승   08:39     08:50       0:11   차
394 34조(리카디)21 드림스피드          기   06:12     06:24       0:12   차
395 34조(리카디)15 라이징호크          승   07:39     07:48       0:09   차
396 34조(리카디)38 레드블레이드        승   08:35     08:48       0:13   차
397 34조(리카디)12 리멤버웬            승   08:02     08:12       0:10   차
398 34조(리카디)19 매직레코드          기   07:33     07:45       0:12   차
399 34조(리카디)22 벌말대장            기   06:31     06:45       0:14   차
400 34조(리카디) 1 비제이스톰          승   07:58     08:08       0:10   차
401 34조(리카디)37 비제이플래시        승   07:22     07:34       0:12   금
402 34조(리카디)36 선더윈드            승   06:58     07:11       0:13   금
403 34조(리카디)14 스피드갤럽          승   07:04     07:20       0:16   차
404 34조(리카디)18 안목항              승   08:50     08:59       0:09   차
405 34조(리카디) 4 장산포에버          승   07:43     07:51       0:08   금
406 34조(리카디)27 최강블랙            기   06:16     06:29       0:13   차
407 34조(리카디)35 최고캠프            승   06:51     07:05       0:14   차
408 34조(리카디) 6 홈커밍              승   08:35     08:43       0:08   차
409 34조(리카디) 2 희망가득            기   06:46     06:59       0:13   차
410 35조(임채덕) 9 감곡선샤인          기   08:16     08:30       0:14   차
411 35조(임채덕)15 김천영웅            승   06:20     06:32       0:12   차
412 35조(임채덕)18 로렐파워            조   07:56     08:09       0:13   차
413 35조(임채덕) 4 이터널선샤인        조   08:16     08:31       0:15   차
414 35조(임채덕)12 인디로켓            승   08:16     08:30       0:14   차
415 35조(임채덕)17 제왕의별            조   07:07     07:18       0:11   차
416 35조(임채덕)19 하니                조   06:20     06:31       0:11   차
417 37조(심승태)15 뉴스마트            기   06:30     06:49       0:19   차
418 37조(심승태) 5 비엔토              승   07:56     08:20       0:24   차
419 37조(심승태) 3 새로운보배          기   07:45     07:57       0:12   금
420 37조(심승태)25 새로운파이터        승   08:08     08:35       0:27   차
421 37조(심승태)17 소베라니아          승   07:33     07:52       0:19   차
422 37조(심승태)21 스타크레이지        승   08:49     09:09       0:20   차
423 37조(심승태) 8 주얼리베스트        승   08:08     08:31       0:23   차
424 37조(심승태)10 천둥캣              기   07:24     07:36       0:12   차
425 37조(심승태)11 퍼스트슈            승   08:49     09:09       0:20   차
426 37조(심승태)40 플라잉카라          승   07:20     07:35       0:15   차
427 40조(송문길)33 고스트빌리지        승   06:13     06:37       0:24   차
428 40조(송문길)31 나의전설            기   06:23     06:34       0:11   금
429 40조(송문길)25 다이아로드          승   07:11     07:30       0:19   차
430 40조(송문길)38 스마트전사          기   06:11     06:23       0:12   차
431 40조(송문길) 7 어마어마            기   06:14     06:34       0:20   금
432 40조(송문길) 5 위즈모멘트          승   06:42     06:53       0:11   차
433 40조(송문길)32 제다이              기   06:50     07:00       0:10   차
434 40조(송문길) 6 제이이글            기   08:31     08:44       0:13   차
435 40조(송문길)27 제이트로스          기   06:24     06:36       0:12   차
436 40조(송문길) 4 터치마이아델        승   07:08     07:21       0:13   금
437 40조(송문길) 8 파워돌풍            승   07:08     07:19       0:11   차
438 40조(송문길)37 파워박스            기   06:37     06:48       0:11   금
439 41조(신삼영)30 강한여전사          승   07:32     07:47       0:15   금
440 41조(신삼영)11 과천신세계          승   07:37     07:47       0:10   금
441 41조(신삼영)28 돌아온날리          승   06:11     06:32       0:21   차
442 41조(신삼영)16 섀도우퀸            승   07:36     07:46       0:10   차
443 41조(신삼영)15 알사이먼            승   06:50     07:10       0:20   차
444 41조(신삼영) 7 올포유어드림        기   06:58     07:07       0:09   차
445 41조(신삼영)14 큐피드베이브        승   06:12     06:22       0:10   금
446 41조(신삼영) 2 피렌체힐            승   06:50     07:03       0:13   차
447 42조(이관호)23 골든스쿠프          기   06:42     06:55       0:13   차
448 42조(이관호)15 무도                승   07:08     07:20       0:12   차
449 42조(이관호)38 베스트마루          기   06:25     06:35       0:10   차
450 42조(이관호) 6 빅에너지            기   06:19     06:31       0:12   차
451 42조(이관호)34 승리여전사          기   06:37     06:50       0:13   금
452 42조(이관호)33 아로마              승   06:10     06:22       0:12   차
453 42조(이관호) 4 어나더스마트원      기   08:04     08:16       0:12   금
454 42조(이관호) 9 에이스함성          기   07:45     07:58       0:13   차
455 42조(이관호)16 와일드삭스          승   09:08     09:20       0:12   차
456 42조(이관호)40 지산군              기   07:36     07:48       0:12   금
457 42조(이관호)18 지스타              기   06:56     07:05       0:09   금
458 42조(이관호)30 챔피언함성          승   06:34     06:45       0:11   차
459 42조(이관호) 5 천군                기   07:51     08:02       0:11   금
460 42조(이관호)28 청산영웅            기   06:42     06:58       0:16   차
461 42조(이관호)12 태양마              승   06:19     06:31       0:12   차
462 42조(이관호) 2 톱포지션            승   08:23     08:41       0:18   차
463 42조(이관호)21 티케이존            승   08:58     09:13       0:15   차
464 42조(이관호)35 프로함성            승   06:10     06:24       0:14   차
465 42조(이관호)36 히든돌풍            승   07:35     07:45       0:10   차
466 42조(이관호)11 히트에이스          기   08:16     08:24       0:08   금
467 43조(서정하)12 대한챔프            승   06:12     06:26       0:14   금
468 43조(서정하) 2 룰브레이커          승   06:29     06:38       0:09   금
469 43조(서정하)27 비봉마루            승   06:28     06:38       0:10   금
470 43조(서정하) 3 아르폰스            승   07:09     07:28       0:19   차
471 48조(이준철) 7 도쿄블레이드        승   06:38     06:55       0:17   차
472 48조(이준철)15 디에코              조   07:33     07:48       0:15   차
473 48조(이준철)19 블루마카롱          보   07:33     07:45       0:12   차
474 48조(이준철)11 쏘아라대로          기   06:38     06:55       0:17   차
475 48조(이준철)21 오래함께하자        보   07:54     08:08       0:14   차
476 48조(이준철)18 좋은걸              보   06:21     06:39       0:18   차
477 48조(이준철)12 참좋은친구          조   06:21     06:39       0:18   차
478 48조(이준철) 2 흥록대부            조   07:00     07:13       0:13   차
479 48조(이준철)17 흥바라기            보   06:54     07:07       0:13   금
480 48조(이준철)20 흥복드림            기   07:05     07:18       0:13   금
481 49조(지용철)34 구름타고            기   08:25     08:35       0:10   금
482 49조(지용철)29 그레이트아이        기   07:05     07:19       0:14   차
483 49조(지용철) 4 내맘의강물          기   07:20     07:35       0:15   차
484 49조(지용철)36 대변화              기   06:48     07:05       0:17   차
485 49조(지용철)35 라스트보스          기   06:44     07:00       0:16   금
486 49조(지용철)22 러닝킹              기   08:05     08:17       0:12   차
487 49조(지용철)38 리마커블            기   07:05     07:19       0:14   차
488 49조(지용철)10 상승행진            기   06:31     06:40       0:09   금
489 49조(지용철)13 스타로즈            기   06:27     06:38       0:11   차
490 49조(지용철)30 심장의고동          승   07:41     07:50       0:09   차
491 49조(지용철)18 온천하              기   07:05     07:19       0:14   차
492 49조(지용철) 5 청산가세            기   06:13     06:26       0:13   차
493 49조(지용철)28 태양타고            기   08:32     08:43       0:11   차
494 49조(지용철) 2 페더럴캣            승   06:17     06:26       0:09   차
495 49조(지용철)37 페더럴킹            기   06:31     06:40       0:09   금
496 49조(지용철)14 포사포사            기   06:50     07:01       0:11   금
497 50조(박재우) 8 가가나              승   06:19     06:45       0:26   차
498 50조(박재우)13 그랜드스타          승   06:14     06:30       0:16   차
499 50조(박재우)10 금성차밍            기   06:14     06:31       0:17   금
500 50조(박재우)14 동작                승   08:17     08:30       0:13   차
501 50조(박재우)24 럭키석포            승   07:26     07:36       0:10   금
502 50조(박재우) 3 별빛마루            기   07:25     07:40       0:15   차
503 50조(박재우) 1 신부                승   07:17     07:30       0:13   금
504 50조(박재우)20 영광의미소          승   08:45     08:57       0:12   차
505 50조(박재우)25 옥스퍼드킹          승   08:02     08:15       0:13   차
506 50조(박재우)17 유쾌한선택          기   06:29     06:43       0:14   금
507 50조(박재우) 9 이스트임팩트        기   07:14     07:24       0:10   금
508 50조(박재우)28 컴플리트스타        승   07:55     08:07       0:12   차
509 50조(박재우)38 컴플리트아너        승   08:10     08:29       0:19   차
510 50조(박재우) 5 컴플리트캡틴        승   07:08     07:21       0:13   차
511 50조(박재우)39 클린업벨라          승   08:07     08:31       0:24   차
512 50조(박재우)22 킹즈스텝            승   06:19     06:28       0:09   차
513 50조(박재우)26 파인팜              승   07:26     07:35       0:09   차
514 51조(최용건)37 경부대검            승   07:39     07:49       0:10   차
515 51조(최용건)28 그레이트선더        승   06:22     06:37       0:15   금
516 51조(최용건)15 나올에이스          승   08:17     08:31       0:14   차
517 51조(최용건)14 다울퀸              보   06:13     06:33       0:20   차
518 51조(최용건)31 명진플라이          승   07:15     07:27       0:12   금
519 51조(최용건)25 봄꽃                보   07:56     08:14       0:18   차
520 51조(최용건) 7 실버스타            승   07:16     07:32       0:16   금
521 51조(최용건)16 인빅터스            조   06:21     06:35       0:14   차
522 51조(최용건) 3 장산탱크            승   06:16     06:31       0:15   금
523 51조(최용건)34 정성대로            승   06:22     06:37       0:15   금
524 51조(최용건)21 천상성              조   06:51     07:16       0:25   차
525 51조(최용건)24 킹크러시            승   06:54     07:13       0:19   차
526 51조(최용건) 8 텔로스              보   07:03     07:18       0:15   금
527 51조(최용건) 9 패션드패션          승   07:10     07:21       0:11   차
528 52조(김동균)16 글로리뷰            승   06:17     06:30       0:13   차
529 52조(김동균)23 대디글로리          승   07:44     07:53       0:09   금
530 52조(김동균)31 머니챔프            승   06:51     07:01       0:10   금
531 52조(김동균) 4 메니원더풀          보   06:10     06:19       0:09   차
532 52조(김동균)20 베스트군황          기   06:58     07:14       0:16   차
533 52조(김동균)17 볼트맨              기   07:19     07:33       0:14   금
534 52조(김동균)28 빅터문              기   06:36     06:49       0:13   차
535 52조(김동균)19 스팟플래터          기   07:29     07:39       0:10   차
536 52조(김동균) 6 엠제이스톰          기   07:11     07:23       0:12   금
537 52조(김동균) 7 우승환희            보   07:21     07:29       0:08   차
538 52조(김동균)39 천둥세자            승   08:14     08:26       0:12   차
539 52조(김동균)30 퀴클리선            승   06:56     07:05       0:09   차
540 52조(김동균) 9 허밍버드            승   08:01     08:17       0:16   차
541 53조(김동철)25 갑오사랑해          승   07:26     07:36       0:10   차
542 53조(김동철)19 금석돌파            승   08:32     08:44       0:12   차
543 53조(김동철) 6 달빛타고            기   08:02     08:11       0:09   금
544 53조(김동철)22 대박스타            승   07:54     08:05       0:11   금
545 53조(김동철)34 러피언파크          승   08:13     08:27       0:14   차
546 53조(김동철)39 럭셔리킹            기   06:25     06:36       0:11   금
547 53조(김동철)38 럭키어필            승   06:33     06:43       0:10   금
548 53조(김동철)15 로드에이스          기   07:11     07:23       0:12   차
549 53조(김동철)14 루비로드            승   08:43     08:56       0:13   차
550 53조(김동철) 8 미르스톰            승   06:25     06:38       0:13   차
551 53조(김동철) 7 브라운              승   08:27     08:47       0:20   차
552 53조(김동철)28 스마트핑크          승   07:22     07:40       0:18   차
553 53조(김동철)11 에코존              승   08:27     08:57       0:30   차
554 53조(김동철)24 영블러드            승   07:22     07:40       0:18   차
555 53조(김동철)31 차밍붐              기   07:40     07:52       0:12   금
556 53조(김동철)12 최강돌진            승   06:28     06:47       0:19   금
557 53조(김동철)21 퀸엔젤              승   06:37     06:47       0:10   차
558 53조(김동철)18 티케이데이          승   07:00     07:12       0:12   차
559 54조(박천서)21 골든스피드          기   07:19     07:35       0:16   차
560 54조(박천서)38 기타리스트          기   07:00     07:19       0:19   차
561 54조(박천서)15 뉴킹맨              보   06:19     06:33       0:14   차
562 54조(박천서)31 바로퀸              기   07:03     07:13       0:10   차
563 54조(박천서)16 블루참              기   07:21     07:29       0:08   금
564 54조(박천서)29 선봉골드            기   07:25     07:38       0:13   차
565 54조(박천서)24 아라비아해          기   06:55     07:05       0:10   차
566 54조(박천서)20 적토성산            기   07:06     07:23       0:17   차
567 54조(박천서)26 해제반도            보   07:21     07:37       0:16   차
━━━━━━━━━━━━━━━━━━━━━━━━━━━━━━━━━━━━━━━
                                                      출력일자 : 2021. 9.10

